<?xml version="1.0" encoding="UTF-8"?>

<!-- generated on Thu Oct 31 13:36:11 2013 by SUMO sumo Version 0.18.0
<?xml version="1.0" encoding="UTF-8"?>

<configuration xmlns:xsi="http://www.w3.org/2001/XMLSchema-instance" xsi:noNamespaceSchemaLocation="http://sumo.sf.net/xsd/sumoConfiguration.xsd">

    <input>
        <net-file value="test.net.xml"/>
        <route-files value="test.rou.xml"/>
        <additional-files value="test.rerouter.xml"/>
    </input>

    <output>
        <fcd-output value="test-15.fcd.xml"/>
        <save-state.prefix value="state"/>
    </output>

    <time>
        <begin value="0"/>
        <end value="800"/>
    </time>

    <gui_only>
        <gui-settings-file value="test.settings.xml"/>
    </gui_only>

</configuration>
-->

<fcd-export>
    <timestep time="0.00">
        <vehicle id="0" x="409.85" y="398.35" angle="90.00" type="DEFAULT_VEHTYPE" speed="0.00" pos="5.10" lane="2/2to3/2_0" slope="0.00"/>
    </timestep>
    <timestep time="1.00">
        <vehicle id="0" x="411.29" y="398.35" angle="90.00" type="DEFAULT_VEHTYPE" speed="1.44" pos="6.54" lane="2/2to3/2_0" slope="0.00"/>
        <vehicle id="1" x="590.15" y="601.65" angle="-90.00" type="DEFAULT_VEHTYPE" speed="0.00" pos="5.10" lane="3/3to2/3_0" slope="0.00"/>
    </timestep>
    <timestep time="2.00">
        <vehicle id="0" x="414.41" y="398.35" angle="90.00" type="DEFAULT_VEHTYPE" speed="3.12" pos="9.66" lane="2/2to3/2_0" slope="0.00"/>
        <vehicle id="1" x="587.61" y="601.65" angle="-90.00" type="DEFAULT_VEHTYPE" speed="2.54" pos="7.64" lane="3/3to2/3_0" slope="0.00"/>
        <vehicle id="2" x="609.85" y="198.35" angle="90.00" type="DEFAULT_VEHTYPE" speed="0.00" pos="5.10" lane="3/1to4/1_0" slope="0.00"/>
    </timestep>
    <timestep time="3.00">
        <vehicle id="0" x="419.48" y="398.35" angle="90.00" type="DEFAULT_VEHTYPE" speed="5.08" pos="14.73" lane="2/2to3/2_0" slope="0.00"/>
        <vehicle id="1" x="583.24" y="601.65" angle="-90.00" type="DEFAULT_VEHTYPE" speed="4.37" pos="12.01" lane="3/3to2/3_0" slope="0.00"/>
        <vehicle id="2" x="612.39" y="198.35" angle="90.00" type="DEFAULT_VEHTYPE" speed="2.54" pos="7.64" lane="3/1to4/1_0" slope="0.00"/>
        <vehicle id="3" x="598.35" y="390.15" angle="0.00" type="DEFAULT_VEHTYPE" speed="0.00" pos="5.10" lane="3/2to3/1_0" slope="0.00"/>
    </timestep>
    <timestep time="4.00">
        <vehicle id="0" x="426.19" y="398.35" angle="90.00" type="DEFAULT_VEHTYPE" speed="6.71" pos="21.44" lane="2/2to3/2_0" slope="0.00"/>
        <vehicle id="1" x="576.58" y="601.65" angle="-90.00" type="DEFAULT_VEHTYPE" speed="6.65" pos="18.67" lane="3/3to2/3_0" slope="0.00"/>
        <vehicle id="2" x="616.83" y="198.35" angle="90.00" type="DEFAULT_VEHTYPE" speed="4.43" pos="12.08" lane="3/1to4/1_0" slope="0.00"/>
        <vehicle id="3" x="598.35" y="388.52" angle="0.00" type="DEFAULT_VEHTYPE" speed="1.63" pos="6.73" lane="3/2to3/1_0" slope="0.00"/>
        <vehicle id="4" x="794.90" y="401.65" angle="-90.00" type="DEFAULT_VEHTYPE" speed="0.00" pos="5.10" lane="4/2to3/2_0" slope="0.00"/>
    </timestep>
    <timestep time="5.00">
        <vehicle id="0" x="435.50" y="398.35" angle="90.00" type="DEFAULT_VEHTYPE" speed="9.30" pos="30.75" lane="2/2to3/2_0" slope="0.00"/>
        <vehicle id="1" x="568.21" y="601.65" angle="-90.00" type="DEFAULT_VEHTYPE" speed="8.38" pos="27.04" lane="3/3to2/3_0" slope="0.00"/>
        <vehicle id="2" x="623.26" y="198.35" angle="90.00" type="DEFAULT_VEHTYPE" speed="6.43" pos="18.51" lane="3/1to4/1_0" slope="0.00"/>
        <vehicle id="3" x="598.35" y="384.88" angle="0.00" type="DEFAULT_VEHTYPE" speed="3.64" pos="10.37" lane="3/2to3/1_0" slope="0.00"/>
        <vehicle id="4" x="793.04" y="401.65" angle="-90.00" type="DEFAULT_VEHTYPE" speed="1.86" pos="6.96" lane="4/2to3/2_0" slope="0.00"/>
        <vehicle id="5" x="390.15" y="601.65" angle="-90.00" type="DEFAULT_VEHTYPE" speed="0.00" pos="5.10" lane="2/3to1/3_0" slope="0.00"/>
    </timestep>
    <timestep time="6.00">
        <vehicle id="0" x="447.06" y="398.35" angle="90.00" type="DEFAULT_VEHTYPE" speed="11.56" pos="42.31" lane="2/2to3/2_0" slope="0.00"/>
        <vehicle id="1" x="557.31" y="601.65" angle="-90.00" type="DEFAULT_VEHTYPE" speed="10.90" pos="37.94" lane="3/3to2/3_0" slope="0.00"/>
        <vehicle id="2" x="631.15" y="198.35" angle="90.00" type="DEFAULT_VEHTYPE" speed="7.89" pos="26.40" lane="3/1to4/1_0" slope="0.00"/>
        <vehicle id="3" x="598.35" y="379.05" angle="0.00" type="DEFAULT_VEHTYPE" speed="5.83" pos="16.20" lane="3/2to3/1_0" slope="0.00"/>
        <vehicle id="4" x="789.46" y="401.65" angle="-90.00" type="DEFAULT_VEHTYPE" speed="3.58" pos="10.54" lane="4/2to3/2_0" slope="0.00"/>
        <vehicle id="5" x="387.61" y="601.65" angle="-90.00" type="DEFAULT_VEHTYPE" speed="2.54" pos="7.64" lane="2/3to1/3_0" slope="0.00"/>
        <vehicle id="6" x="601.65" y="609.85" angle="180.00" type="DEFAULT_VEHTYPE" speed="0.00" pos="5.10" lane="3/3to3/4_0" slope="0.00"/>
    </timestep>
    <timestep time="7.00">
        <vehicle id="0" x="460.29" y="398.35" angle="90.00" type="DEFAULT_VEHTYPE" speed="13.23" pos="55.54" lane="2/2to3/2_0" slope="0.00"/>
        <vehicle id="1" x="544.21" y="601.65" angle="-90.00" type="DEFAULT_VEHTYPE" speed="13.10" pos="51.04" lane="3/3to2/3_0" slope="0.00"/>
        <vehicle id="2" x="640.81" y="198.35" angle="90.00" type="DEFAULT_VEHTYPE" speed="9.67" pos="36.06" lane="3/1to4/1_0" slope="0.00"/>
        <vehicle id="3" x="598.35" y="371.85" angle="0.00" type="DEFAULT_VEHTYPE" speed="7.20" pos="23.40" lane="3/2to3/1_0" slope="0.00"/>
        <vehicle id="4" x="784.36" y="401.65" angle="-90.00" type="DEFAULT_VEHTYPE" speed="5.10" pos="15.64" lane="4/2to3/2_0" slope="0.00"/>
        <vehicle id="5" x="383.62" y="601.65" angle="-90.00" type="DEFAULT_VEHTYPE" speed="3.99" pos="11.63" lane="2/3to1/3_0" slope="0.00"/>
        <vehicle id="6" x="601.65" y="611.93" angle="180.00" type="DEFAULT_VEHTYPE" speed="2.08" pos="7.18" lane="3/3to3/4_0" slope="0.00"/>
        <vehicle id="7" x="5.10" y="398.35" angle="90.00" type="DEFAULT_VEHTYPE" speed="0.00" pos="5.10" lane="0/2to1/2_0" slope="0.00"/>
    </timestep>
    <timestep time="8.00">
        <vehicle id="0" x="473.48" y="398.35" angle="90.00" type="DEFAULT_VEHTYPE" speed="13.19" pos="68.73" lane="2/2to3/2_0" slope="0.00"/>
        <vehicle id="1" x="530.61" y="601.65" angle="-90.00" type="DEFAULT_VEHTYPE" speed="13.59" pos="64.64" lane="3/3to2/3_0" slope="0.00"/>
        <vehicle id="2" x="653.04" y="198.35" angle="90.00" type="DEFAULT_VEHTYPE" speed="12.22" pos="48.29" lane="3/1to4/1_0" slope="0.00"/>
        <vehicle id="3" x="598.35" y="362.43" angle="0.00" type="DEFAULT_VEHTYPE" speed="9.41" pos="32.82" lane="3/2to3/1_0" slope="0.00"/>
        <vehicle id="4" x="777.65" y="401.65" angle="-90.00" type="DEFAULT_VEHTYPE" speed="6.71" pos="22.35" lane="4/2to3/2_0" slope="0.00"/>
        <vehicle id="5" x="377.24" y="601.65" angle="-90.00" type="DEFAULT_VEHTYPE" speed="6.38" pos="18.01" lane="2/3to1/3_0" slope="0.00"/>
        <vehicle id="6" x="601.65" y="615.38" angle="180.00" type="DEFAULT_VEHTYPE" speed="3.44" pos="10.63" lane="3/3to3/4_0" slope="0.00"/>
        <vehicle id="7" x="7.66" y="398.35" angle="90.00" type="DEFAULT_VEHTYPE" speed="2.56" pos="7.66" lane="0/2to1/2_0" slope="0.00"/>
        <vehicle id="8" x="201.65" y="209.85" angle="180.00" type="DEFAULT_VEHTYPE" speed="0.00" pos="5.10" lane="1/1to1/2_0" slope="0.00"/>
    </timestep>
    <timestep time="9.00">
        <vehicle id="0" x="486.49" y="398.35" angle="90.00" type="DEFAULT_VEHTYPE" speed="13.01" pos="81.74" lane="2/2to3/2_0" slope="0.00"/>
        <vehicle id="1" x="517.15" y="601.65" angle="-90.00" type="DEFAULT_VEHTYPE" speed="13.47" pos="78.10" lane="3/3to2/3_0" slope="0.00"/>
        <vehicle id="2" x="666.77" y="198.35" angle="90.00" type="DEFAULT_VEHTYPE" speed="13.73" pos="62.02" lane="3/1to4/1_0" slope="0.00"/>
        <vehicle id="3" x="598.35" y="350.58" angle="0.00" type="DEFAULT_VEHTYPE" speed="11.85" pos="44.67" lane="3/2to3/1_0" slope="0.00"/>
        <vehicle id="4" x="768.87" y="401.65" angle="-90.00" type="DEFAULT_VEHTYPE" speed="8.77" pos="31.13" lane="4/2to3/2_0" slope="0.00"/>
        <vehicle id="5" x="369.52" y="601.65" angle="-90.00" type="DEFAULT_VEHTYPE" speed="7.73" pos="25.73" lane="2/3to1/3_0" slope="0.00"/>
        <vehicle id="6" x="601.65" y="621.07" angle="180.00" type="DEFAULT_VEHTYPE" speed="5.70" pos="16.32" lane="3/3to3/4_0" slope="0.00"/>
        <vehicle id="7" x="12.53" y="398.35" angle="90.00" type="DEFAULT_VEHTYPE" speed="4.87" pos="12.53" lane="0/2to1/2_0" slope="0.00"/>
        <vehicle id="8" x="201.65" y="212.23" angle="180.00" type="DEFAULT_VEHTYPE" speed="2.38" pos="7.48" lane="1/1to1/2_0" slope="0.00"/>
        <vehicle id="9" x="590.15" y="601.65" angle="-90.00" type="DEFAULT_VEHTYPE" speed="0.00" pos="5.10" lane="3/3to2/3_0" slope="0.00"/>
    </timestep>
    <timestep time="10.00">
        <vehicle id="0" x="499.65" y="398.35" angle="90.00" type="DEFAULT_VEHTYPE" speed="13.16" pos="94.90" lane="2/2to3/2_0" slope="0.00"/>
        <vehicle id="1" x="504.30" y="601.65" angle="-90.00" type="DEFAULT_VEHTYPE" speed="12.84" pos="90.95" lane="3/3to2/3_0" slope="0.00"/>
        <vehicle id="10" x="398.35" y="390.15" angle="0.00" type="DEFAULT_VEHTYPE" speed="0.00" pos="5.10" lane="2/2to2/1_0" slope="0.00"/>
        <vehicle id="2" x="680.55" y="198.35" angle="90.00" type="DEFAULT_VEHTYPE" speed="13.78" pos="75.80" lane="3/1to4/1_0" slope="0.00"/>
        <vehicle id="3" x="598.35" y="337.55" angle="0.00" type="DEFAULT_VEHTYPE" speed="13.03" pos="57.70" lane="3/2to3/1_0" slope="0.00"/>
        <vehicle id="4" x="758.43" y="401.65" angle="-90.00" type="DEFAULT_VEHTYPE" speed="10.44" pos="41.57" lane="4/2to3/2_0" slope="0.00"/>
        <vehicle id="5" x="359.97" y="601.65" angle="-90.00" type="DEFAULT_VEHTYPE" speed="9.55" pos="35.28" lane="2/3to1/3_0" slope="0.00"/>
        <vehicle id="6" x="601.65" y="628.47" angle="180.00" type="DEFAULT_VEHTYPE" speed="7.40" pos="23.72" lane="3/3to3/4_0" slope="0.00"/>
        <vehicle id="7" x="18.79" y="398.35" angle="90.00" type="DEFAULT_VEHTYPE" speed="6.26" pos="18.79" lane="0/2to1/2_0" slope="0.00"/>
        <vehicle id="8" x="201.65" y="215.97" angle="180.00" type="DEFAULT_VEHTYPE" speed="3.73" pos="11.22" lane="1/1to1/2_0" slope="0.00"/>
        <vehicle id="9" x="587.86" y="601.65" angle="-90.00" type="DEFAULT_VEHTYPE" speed="2.29" pos="7.39" lane="3/3to2/3_0" slope="0.00"/>
    </timestep>
    <timestep time="11.00">
        <vehicle id="0" x="513.15" y="398.35" angle="90.00" type="DEFAULT_VEHTYPE" speed="13.50" pos="108.40" lane="2/2to3/2_0" slope="0.00"/>
        <vehicle id="1" x="491.15" y="601.65" angle="-90.00" type="DEFAULT_VEHTYPE" speed="13.15" pos="104.10" lane="3/3to2/3_0" slope="0.00"/>
        <vehicle id="10" x="398.35" y="388.26" angle="0.00" type="DEFAULT_VEHTYPE" speed="1.89" pos="6.99" lane="2/2to2/1_0" slope="0.00"/>
        <vehicle id="11" x="398.35" y="190.15" angle="0.00" type="DEFAULT_VEHTYPE" speed="0.00" pos="5.10" lane="2/1to2/0_0" slope="0.00"/>
        <vehicle id="2" x="694.23" y="198.35" angle="90.00" type="DEFAULT_VEHTYPE" speed="13.68" pos="89.48" lane="3/1to4/1_0" slope="0.00"/>
        <vehicle id="3" x="598.35" y="324.89" angle="0.00" type="DEFAULT_VEHTYPE" speed="12.66" pos="70.36" lane="3/2to3/1_0" slope="0.00"/>
        <vehicle id="4" x="745.62" y="401.65" angle="-90.00" type="DEFAULT_VEHTYPE" speed="12.81" pos="54.38" lane="4/2to3/2_0" slope="0.00"/>
        <vehicle id="5" x="348.65" y="601.65" angle="-90.00" type="DEFAULT_VEHTYPE" speed="11.32" pos="46.60" lane="2/3to1/3_0" slope="0.00"/>
        <vehicle id="6" x="601.65" y="638.27" angle="180.00" type="DEFAULT_VEHTYPE" speed="9.80" pos="33.52" lane="3/3to3/4_0" slope="0.00"/>
        <vehicle id="7" x="27.61" y="398.35" angle="90.00" type="DEFAULT_VEHTYPE" speed="8.82" pos="27.61" lane="0/2to1/2_0" slope="0.00"/>
        <vehicle id="8" x="201.65" y="221.94" angle="180.00" type="DEFAULT_VEHTYPE" speed="5.97" pos="17.19" lane="1/1to1/2_0" slope="0.00"/>
        <vehicle id="9" x="583.62" y="601.65" angle="-90.00" type="DEFAULT_VEHTYPE" speed="4.25" pos="11.63" lane="3/3to2/3_0" slope="0.00"/>
    </timestep>
    <timestep time="12.00">
        <vehicle id="0" x="525.84" y="398.35" angle="90.00" type="DEFAULT_VEHTYPE" speed="12.69" pos="121.09" lane="2/2to3/2_0" slope="0.00"/>
        <vehicle id="1" x="477.49" y="601.65" angle="-90.00" type="DEFAULT_VEHTYPE" speed="13.67" pos="117.76" lane="3/3to2/3_0" slope="0.00"/>
        <vehicle id="10" x="398.35" y="383.83" angle="0.00" type="DEFAULT_VEHTYPE" speed="4.43" pos="11.42" lane="2/2to2/1_0" slope="0.00"/>
        <vehicle id="11" x="398.35" y="187.65" angle="0.00" type="DEFAULT_VEHTYPE" speed="2.50" pos="7.60" lane="2/1to2/0_0" slope="0.00"/>
        <vehicle id="12" x="609.85" y="398.35" angle="90.00" type="DEFAULT_VEHTYPE" speed="0.00" pos="5.10" lane="3/2to4/2_0" slope="0.00"/>
        <vehicle id="2" x="706.84" y="198.35" angle="90.00" type="DEFAULT_VEHTYPE" speed="12.61" pos="102.09" lane="3/1to4/1_0" slope="0.00"/>
        <vehicle id="3" x="598.35" y="311.40" angle="0.00" type="DEFAULT_VEHTYPE" speed="13.49" pos="83.85" lane="3/2to3/1_0" slope="0.00"/>
        <vehicle id="4" x="732.16" y="401.65" angle="-90.00" type="DEFAULT_VEHTYPE" speed="13.46" pos="67.84" lane="4/2to3/2_0" slope="0.00"/>
        <vehicle id="5" x="334.87" y="601.65" angle="-90.00" type="DEFAULT_VEHTYPE" speed="13.79" pos="60.38" lane="2/3to1/3_0" slope="0.00"/>
        <vehicle id="6" x="601.65" y="649.94" angle="180.00" type="DEFAULT_VEHTYPE" speed="11.66" pos="45.19" lane="3/3to3/4_0" slope="0.00"/>
        <vehicle id="7" x="38.76" y="398.35" angle="90.00" type="DEFAULT_VEHTYPE" speed="11.15" pos="38.76" lane="0/2to1/2_0" slope="0.00"/>
        <vehicle id="8" x="201.65" y="230.27" angle="180.00" type="DEFAULT_VEHTYPE" speed="8.34" pos="25.52" lane="1/1to1/2_0" slope="0.00"/>
        <vehicle id="9" x="576.86" y="601.65" angle="-90.00" type="DEFAULT_VEHTYPE" speed="6.76" pos="18.39" lane="3/3to2/3_0" slope="0.00"/>
    </timestep>
    <timestep time="13.00">
        <vehicle id="0" x="538.80" y="398.35" angle="90.00" type="DEFAULT_VEHTYPE" speed="12.96" pos="134.05" lane="2/2to3/2_0" slope="0.00"/>
        <vehicle id="1" x="463.96" y="601.65" angle="-90.00" type="DEFAULT_VEHTYPE" speed="13.52" pos="131.29" lane="3/3to2/3_0" slope="0.00"/>
        <vehicle id="10" x="398.35" y="377.56" angle="0.00" type="DEFAULT_VEHTYPE" speed="6.27" pos="17.69" lane="2/2to2/1_0" slope="0.00"/>
        <vehicle id="11" x="398.35" y="183.10" angle="0.00" type="DEFAULT_VEHTYPE" speed="4.55" pos="12.15" lane="2/1to2/0_0" slope="0.00"/>
        <vehicle id="12" x="611.98" y="398.35" angle="90.00" type="DEFAULT_VEHTYPE" speed="2.13" pos="7.23" lane="3/2to4/2_0" slope="0.00"/>
        <vehicle id="2" x="720.47" y="198.35" angle="90.00" type="DEFAULT_VEHTYPE" speed="13.62" pos="115.72" lane="3/1to4/1_0" slope="0.00"/>
        <vehicle id="3" x="598.35" y="298.38" angle="0.00" type="DEFAULT_VEHTYPE" speed="13.02" pos="96.87" lane="3/2to3/1_0" slope="0.00"/>
        <vehicle id="4" x="718.81" y="401.65" angle="-90.00" type="DEFAULT_VEHTYPE" speed="13.35" pos="81.19" lane="4/2to3/2_0" slope="0.00"/>
        <vehicle id="5" x="321.76" y="601.65" angle="-90.00" type="DEFAULT_VEHTYPE" speed="13.10" pos="73.49" lane="2/3to1/3_0" slope="0.00"/>
        <vehicle id="6" x="601.65" y="663.33" angle="180.00" type="DEFAULT_VEHTYPE" speed="13.39" pos="58.58" lane="3/3to3/4_0" slope="0.00"/>
        <vehicle id="7" x="51.84" y="398.35" angle="90.00" type="DEFAULT_VEHTYPE" speed="13.08" pos="51.84" lane="0/2to1/2_0" slope="0.00"/>
        <vehicle id="8" x="201.65" y="240.14" angle="180.00" type="DEFAULT_VEHTYPE" speed="9.86" pos="35.39" lane="1/1to1/2_0" slope="0.00"/>
        <vehicle id="9" x="567.96" y="601.65" angle="-90.00" type="DEFAULT_VEHTYPE" speed="8.90" pos="27.29" lane="3/3to2/3_0" slope="0.00"/>
    </timestep>
    <timestep time="14.00">
        <vehicle id="0" x="551.43" y="398.35" angle="90.00" type="DEFAULT_VEHTYPE" speed="12.63" pos="146.68" lane="2/2to3/2_0" slope="0.00"/>
        <vehicle id="1" x="450.46" y="601.65" angle="-90.00" type="DEFAULT_VEHTYPE" speed="13.51" pos="144.79" lane="3/3to2/3_0" slope="0.00"/>
        <vehicle id="10" x="398.35" y="369.29" angle="0.00" type="DEFAULT_VEHTYPE" speed="8.28" pos="25.96" lane="2/2to2/1_0" slope="0.00"/>
        <vehicle id="11" x="398.35" y="177.08" angle="0.00" type="DEFAULT_VEHTYPE" speed="6.02" pos="18.17" lane="2/1to2/0_0" slope="0.00"/>
        <vehicle id="12" x="615.95" y="398.35" angle="90.00" type="DEFAULT_VEHTYPE" speed="3.98" pos="11.20" lane="3/2to4/2_0" slope="0.00"/>
        <vehicle id="14" x="601.65" y="409.85" angle="180.00" type="DEFAULT_VEHTYPE" speed="0.00" pos="5.10" lane="3/2to3/3_0" slope="0.00"/>
        <vehicle id="2" x="734.23" y="198.35" angle="90.00" type="DEFAULT_VEHTYPE" speed="13.76" pos="129.48" lane="3/1to4/1_0" slope="0.00"/>
        <vehicle id="3" x="598.35" y="285.62" angle="0.00" type="DEFAULT_VEHTYPE" speed="12.76" pos="109.63" lane="3/2to3/1_0" slope="0.00"/>
        <vehicle id="4" x="705.73" y="401.65" angle="-90.00" type="DEFAULT_VEHTYPE" speed="13.09" pos="94.27" lane="4/2to3/2_0" slope="0.00"/>
        <vehicle id="5" x="309.07" y="601.65" angle="-90.00" type="DEFAULT_VEHTYPE" speed="12.70" pos="86.18" lane="2/3to1/3_0" slope="0.00"/>
        <vehicle id="6" x="601.65" y="676.59" angle="180.00" type="DEFAULT_VEHTYPE" speed="13.26" pos="71.84" lane="3/3to3/4_0" slope="0.00"/>
        <vehicle id="7" x="65.19" y="398.35" angle="90.00" type="DEFAULT_VEHTYPE" speed="13.35" pos="65.19" lane="0/2to1/2_0" slope="0.00"/>
        <vehicle id="8" x="201.65" y="251.68" angle="180.00" type="DEFAULT_VEHTYPE" speed="11.54" pos="46.93" lane="1/1to1/2_0" slope="0.00"/>
        <vehicle id="9" x="556.49" y="601.65" angle="-90.00" type="DEFAULT_VEHTYPE" speed="11.47" pos="38.76" lane="3/3to2/3_0" slope="0.00"/>
    </timestep>
    <timestep time="15.00">
        <vehicle id="0" x="564.07" y="398.35" angle="90.00" type="DEFAULT_VEHTYPE" speed="12.64" pos="159.32" lane="2/2to3/2_0" slope="0.00"/>
        <vehicle id="1" x="437.09" y="601.65" angle="-90.00" type="DEFAULT_VEHTYPE" speed="13.37" pos="158.16" lane="3/3to2/3_0" slope="0.00"/>
        <vehicle id="10" x="398.35" y="359.34" angle="0.00" type="DEFAULT_VEHTYPE" speed="9.95" pos="35.91" lane="2/2to2/1_0" slope="0.00"/>
        <vehicle id="11" x="398.35" y="168.63" angle="0.00" type="DEFAULT_VEHTYPE" speed="8.46" pos="26.62" lane="2/1to2/0_0" slope="0.00"/>
        <vehicle id="12" x="621.61" y="398.35" angle="90.00" type="DEFAULT_VEHTYPE" speed="5.65" pos="16.86" lane="3/2to4/2_0" slope="0.00"/>
        <vehicle id="13" x="609.85" y="398.35" angle="90.00" type="DEFAULT_VEHTYPE" speed="0.00" pos="5.10" lane="3/2to4/2_0" slope="0.00"/>
        <vehicle id="14" x="601.65" y="412.27" angle="180.00" type="DEFAULT_VEHTYPE" speed="2.42" pos="7.52" lane="3/2to3/3_0" slope="0.00"/>
        <vehicle id="2" x="747.69" y="198.35" angle="90.00" type="DEFAULT_VEHTYPE" speed="13.45" pos="142.94" lane="3/1to4/1_0" slope="0.00"/>
        <vehicle id="3" x="598.35" y="272.63" angle="0.00" type="DEFAULT_VEHTYPE" speed="12.99" pos="122.62" lane="3/2to3/1_0" slope="0.00"/>
        <vehicle id="4" x="691.96" y="401.65" angle="-90.00" type="DEFAULT_VEHTYPE" speed="13.77" pos="108.04" lane="4/2to3/2_0" slope="0.00"/>
        <vehicle id="5" x="295.77" y="601.65" angle="-90.00" type="DEFAULT_VEHTYPE" speed="13.29" pos="99.48" lane="2/3to1/3_0" slope="0.00"/>
        <vehicle id="6" x="601.65" y="689.63" angle="180.00" type="DEFAULT_VEHTYPE" speed="13.04" pos="84.88" lane="3/3to3/4_0" slope="0.00"/>
        <vehicle id="7" x="78.07" y="398.35" angle="90.00" type="DEFAULT_VEHTYPE" speed="12.88" pos="78.07" lane="0/2to1/2_0" slope="0.00"/>
        <vehicle id="8" x="201.65" y="265.21" angle="180.00" type="DEFAULT_VEHTYPE" speed="13.53" pos="60.46" lane="1/1to1/2_0" slope="0.00"/>
        <vehicle id="9" x="542.97" y="601.65" angle="-90.00" type="DEFAULT_VEHTYPE" speed="13.51" pos="52.28" lane="3/3to2/3_0" slope="0.00"/>
    </timestep>
    <timestep time="16.00">
        <vehicle id="0" x="576.82" y="398.35" angle="90.00" type="DEFAULT_VEHTYPE" speed="12.75" pos="172.07" lane="2/2to3/2_0" slope="0.00"/>
        <vehicle id="1" x="425.22" y="601.65" angle="-90.00" type="DEFAULT_VEHTYPE" speed="11.87" pos="170.03" lane="3/3to2/3_0" slope="0.00"/>
        <vehicle id="10" x="398.35" y="347.24" angle="0.00" type="DEFAULT_VEHTYPE" speed="12.10" pos="48.01" lane="2/2to2/1_0" slope="0.00"/>
        <vehicle id="11" x="398.35" y="158.43" angle="0.00" type="DEFAULT_VEHTYPE" speed="10.19" pos="36.82" lane="2/1to2/0_0" slope="0.00"/>
        <vehicle id="12" x="629.09" y="398.35" angle="90.00" type="DEFAULT_VEHTYPE" speed="7.49" pos="24.34" lane="3/2to4/2_0" slope="0.00"/>
        <vehicle id="13" x="611.89" y="398.35" angle="90.00" type="DEFAULT_VEHTYPE" speed="2.04" pos="7.14" lane="3/2to4/2_0" slope="0.00"/>
        <vehicle id="14" x="601.65" y="416.92" angle="180.00" type="DEFAULT_VEHTYPE" speed="4.66" pos="12.17" lane="3/2to3/3_0" slope="0.00"/>
        <vehicle id="2" x="761.53" y="198.35" angle="90.00" type="DEFAULT_VEHTYPE" speed="13.84" pos="156.78" lane="3/1to4/1_0" slope="0.00"/>
        <vehicle id="3" x="598.35" y="259.24" angle="0.00" type="DEFAULT_VEHTYPE" speed="13.39" pos="136.01" lane="3/2to3/1_0" slope="0.00"/>
        <vehicle id="4" x="678.94" y="401.65" angle="-90.00" type="DEFAULT_VEHTYPE" speed="13.02" pos="121.06" lane="4/2to3/2_0" slope="0.00"/>
        <vehicle id="5" x="283.15" y="601.65" angle="-90.00" type="DEFAULT_VEHTYPE" speed="12.63" pos="112.10" lane="2/3to1/3_0" slope="0.00"/>
        <vehicle id="6" x="601.65" y="702.43" angle="180.00" type="DEFAULT_VEHTYPE" speed="12.80" pos="97.68" lane="3/3to3/4_0" slope="0.00"/>
        <vehicle id="7" x="91.77" y="398.35" angle="90.00" type="DEFAULT_VEHTYPE" speed="13.70" pos="91.77" lane="0/2to1/2_0" slope="0.00"/>
        <vehicle id="8" x="201.65" y="277.93" angle="180.00" type="DEFAULT_VEHTYPE" speed="12.72" pos="73.18" lane="1/1to1/2_0" slope="0.00"/>
        <vehicle id="9" x="529.56" y="601.65" angle="-90.00" type="DEFAULT_VEHTYPE" speed="13.42" pos="65.69" lane="3/3to2/3_0" slope="0.00"/>
    </timestep>
    <timestep time="17.00">
        <vehicle id="0" x="590.23" y="398.35" angle="90.00" type="DEFAULT_VEHTYPE" speed="13.41" pos="185.48" lane="2/2to3/2_0" slope="0.00"/>
        <vehicle id="1" x="417.00" y="601.65" angle="-90.00" type="DEFAULT_VEHTYPE" speed="8.22" pos="178.25" lane="3/3to2/3_0" slope="0.00"/>
        <vehicle id="10" x="398.35" y="333.36" angle="0.00" type="DEFAULT_VEHTYPE" speed="13.88" pos="61.89" lane="2/2to2/1_0" slope="0.00"/>
        <vehicle id="11" x="398.35" y="146.91" angle="0.00" type="DEFAULT_VEHTYPE" speed="11.52" pos="48.34" lane="2/1to2/0_0" slope="0.00"/>
        <vehicle id="12" x="638.55" y="398.35" angle="90.00" type="DEFAULT_VEHTYPE" speed="9.46" pos="33.80" lane="3/2to4/2_0" slope="0.00"/>
        <vehicle id="13" x="615.38" y="398.35" angle="90.00" type="DEFAULT_VEHTYPE" speed="3.49" pos="10.63" lane="3/2to4/2_0" slope="0.00"/>
        <vehicle id="14" x="601.65" y="423.00" angle="180.00" type="DEFAULT_VEHTYPE" speed="6.08" pos="18.25" lane="3/2to3/3_0" slope="0.00"/>
        <vehicle id="2" x="774.69" y="198.35" angle="90.00" type="DEFAULT_VEHTYPE" speed="13.15" pos="169.94" lane="3/1to4/1_0" slope="0.00"/>
        <vehicle id="3" x="598.35" y="245.47" angle="0.00" type="DEFAULT_VEHTYPE" speed="13.77" pos="149.78" lane="3/2to3/1_0" slope="0.00"/>
        <vehicle id="4" x="666.15" y="401.65" angle="-90.00" type="DEFAULT_VEHTYPE" speed="12.79" pos="133.85" lane="4/2to3/2_0" slope="0.00"/>
        <vehicle id="5" x="270.08" y="601.65" angle="-90.00" type="DEFAULT_VEHTYPE" speed="13.07" pos="125.17" lane="2/3to1/3_0" slope="0.00"/>
        <vehicle id="6" x="601.65" y="715.26" angle="180.00" type="DEFAULT_VEHTYPE" speed="12.83" pos="110.51" lane="3/3to3/4_0" slope="0.00"/>
        <vehicle id="7" x="104.45" y="398.35" angle="90.00" type="DEFAULT_VEHTYPE" speed="12.67" pos="104.45" lane="0/2to1/2_0" slope="0.00"/>
        <vehicle id="8" x="201.65" y="291.12" angle="180.00" type="DEFAULT_VEHTYPE" speed="13.19" pos="86.37" lane="1/1to1/2_0" slope="0.00"/>
        <vehicle id="9" x="516.54" y="601.65" angle="-90.00" type="DEFAULT_VEHTYPE" speed="13.01" pos="78.71" lane="3/3to2/3_0" slope="0.00"/>
    </timestep>
    <timestep time="18.00">
        <vehicle id="1" x="412.15" y="601.65" angle="-90.00" type="DEFAULT_VEHTYPE" speed="4.86" pos="183.10" lane="3/3to2/3_0" slope="0.00"/>
        <vehicle id="10" x="398.35" y="320.64" angle="0.00" type="DEFAULT_VEHTYPE" speed="12.72" pos="74.61" lane="2/2to2/1_0" slope="0.00"/>
        <vehicle id="11" x="398.35" y="133.55" angle="0.00" type="DEFAULT_VEHTYPE" speed="13.36" pos="61.70" lane="2/1to2/0_0" slope="0.00"/>
        <vehicle id="12" x="649.50" y="398.35" angle="90.00" type="DEFAULT_VEHTYPE" speed="10.95" pos="44.75" lane="3/2to4/2_0" slope="0.00"/>
        <vehicle id="13" x="621.31" y="398.35" angle="90.00" type="DEFAULT_VEHTYPE" speed="5.94" pos="16.56" lane="3/2to4/2_0" slope="0.00"/>
        <vehicle id="14" x="601.65" y="430.62" angle="180.00" type="DEFAULT_VEHTYPE" speed="7.62" pos="25.87" lane="3/2to3/3_0" slope="0.00"/>
        <vehicle id="2" x="787.97" y="198.35" angle="90.00" type="DEFAULT_VEHTYPE" speed="13.29" pos="183.22" lane="3/1to4/1_0" slope="0.00"/>
        <vehicle id="3" x="598.35" y="232.01" angle="0.00" type="DEFAULT_VEHTYPE" speed="13.46" pos="163.24" lane="3/2to3/1_0" slope="0.00"/>
        <vehicle id="4" x="652.25" y="401.65" angle="-90.00" type="DEFAULT_VEHTYPE" speed="13.90" pos="147.75" lane="4/2to3/2_0" slope="0.00"/>
        <vehicle id="5" x="257.03" y="601.65" angle="-90.00" type="DEFAULT_VEHTYPE" speed="13.04" pos="138.22" lane="2/3to1/3_0" slope="0.00"/>
        <vehicle id="6" x="601.65" y="727.97" angle="180.00" type="DEFAULT_VEHTYPE" speed="12.71" pos="123.22" lane="3/3to3/4_0" slope="0.00"/>
        <vehicle id="7" x="118.33" y="398.35" angle="90.00" type="DEFAULT_VEHTYPE" speed="13.88" pos="118.33" lane="0/2to1/2_0" slope="0.00"/>
        <vehicle id="8" x="201.65" y="304.39" angle="180.00" type="DEFAULT_VEHTYPE" speed="13.27" pos="99.64" lane="1/1to1/2_0" slope="0.00"/>
        <vehicle id="9" x="503.09" y="601.65" angle="-90.00" type="DEFAULT_VEHTYPE" speed="13.45" pos="92.16" lane="3/3to2/3_0" slope="0.00"/>
    </timestep>
    <timestep time="19.00">
        <vehicle id="1" x="409.92" y="601.65" angle="-90.00" type="DEFAULT_VEHTYPE" speed="2.22" pos="185.33" lane="3/3to2/3_0" slope="0.00"/>
        <vehicle id="10" x="398.35" y="306.94" angle="0.00" type="DEFAULT_VEHTYPE" speed="13.70" pos="88.31" lane="2/2to2/1_0" slope="0.00"/>
        <vehicle id="11" x="398.35" y="120.23" angle="0.00" type="DEFAULT_VEHTYPE" speed="13.32" pos="75.02" lane="2/1to2/0_0" slope="0.00"/>
        <vehicle id="12" x="662.12" y="398.35" angle="90.00" type="DEFAULT_VEHTYPE" speed="12.61" pos="57.37" lane="3/2to4/2_0" slope="0.00"/>
        <vehicle id="13" x="629.43" y="398.35" angle="90.00" type="DEFAULT_VEHTYPE" speed="8.12" pos="24.68" lane="3/2to4/2_0" slope="0.00"/>
        <vehicle id="14" x="601.65" y="440.26" angle="180.00" type="DEFAULT_VEHTYPE" speed="9.64" pos="35.51" lane="3/2to3/3_0" slope="0.00"/>
        <vehicle id="2" x="801.04" y="199.03" angle="98.13" type="DEFAULT_VEHTYPE" speed="13.27" pos="1.24" lane=":4/1_0_0" slope="0.00"/>
        <vehicle id="3" x="598.35" y="219.33" angle="0.00" type="DEFAULT_VEHTYPE" speed="12.68" pos="175.92" lane="3/2to3/1_0" slope="0.00"/>
        <vehicle id="4" x="639.37" y="401.65" angle="-90.00" type="DEFAULT_VEHTYPE" speed="12.88" pos="160.63" lane="4/2to3/2_0" slope="0.00"/>
        <vehicle id="5" x="243.74" y="601.65" angle="-90.00" type="DEFAULT_VEHTYPE" speed="13.30" pos="151.51" lane="2/3to1/3_0" slope="0.00"/>
        <vehicle id="6" x="601.65" y="740.77" angle="180.00" type="DEFAULT_VEHTYPE" speed="12.80" pos="136.02" lane="3/3to3/4_0" slope="0.00"/>
        <vehicle id="7" x="131.80" y="398.35" angle="90.00" type="DEFAULT_VEHTYPE" speed="13.47" pos="131.80" lane="0/2to1/2_0" slope="0.00"/>
        <vehicle id="8" x="201.65" y="318.02" angle="180.00" type="DEFAULT_VEHTYPE" speed="13.63" pos="113.27" lane="1/1to1/2_0" slope="0.00"/>
        <vehicle id="9" x="489.70" y="601.65" angle="-90.00" type="DEFAULT_VEHTYPE" speed="13.39" pos="105.55" lane="3/3to2/3_0" slope="0.00"/>
    </timestep>
    <timestep time="20.00">
        <vehicle id="1" x="406.14" y="601.65" angle="-90.00" type="DEFAULT_VEHTYPE" speed="3.78" pos="189.11" lane="3/3to2/3_0" slope="0.00"/>
        <vehicle id="10" x="398.35" y="293.33" angle="0.00" type="DEFAULT_VEHTYPE" speed="13.61" pos="101.92" lane="2/2to2/1_0" slope="0.00"/>
        <vehicle id="11" x="398.35" y="106.63" angle="0.00" type="DEFAULT_VEHTYPE" speed="13.60" pos="88.62" lane="2/1to2/0_0" slope="0.00"/>
        <vehicle id="12" x="674.82" y="398.35" angle="90.00" type="DEFAULT_VEHTYPE" speed="12.70" pos="70.07" lane="3/2to4/2_0" slope="0.00"/>
        <vehicle id="13" x="639.90" y="398.35" angle="90.00" type="DEFAULT_VEHTYPE" speed="10.46" pos="35.15" lane="3/2to4/2_0" slope="0.00"/>
        <vehicle id="14" x="601.65" y="452.08" angle="180.00" type="DEFAULT_VEHTYPE" speed="11.82" pos="47.33" lane="3/2to3/3_0" slope="0.00"/>
        <vehicle id="2" x="790.00" y="201.65" angle="-90.00" type="DEFAULT_VEHTYPE" speed="13.57" pos="10.00" lane="4/1to3/1_0" slope="0.00"/>
        <vehicle id="3" x="598.35" y="205.64" angle="0.00" type="DEFAULT_VEHTYPE" speed="13.70" pos="189.61" lane="3/2to3/1_0" slope="0.00"/>
        <vehicle id="4" x="627.04" y="401.65" angle="-90.00" type="DEFAULT_VEHTYPE" speed="12.33" pos="172.96" lane="4/2to3/2_0" slope="0.00"/>
        <vehicle id="5" x="230.00" y="601.65" angle="-90.00" type="DEFAULT_VEHTYPE" speed="13.73" pos="165.25" lane="2/3to1/3_0" slope="0.00"/>
        <vehicle id="6" x="601.65" y="753.64" angle="180.00" type="DEFAULT_VEHTYPE" speed="12.87" pos="148.89" lane="3/3to3/4_0" slope="0.00"/>
        <vehicle id="7" x="145.55" y="398.35" angle="90.00" type="DEFAULT_VEHTYPE" speed="13.75" pos="145.55" lane="0/2to1/2_0" slope="0.00"/>
        <vehicle id="8" x="201.65" y="331.79" angle="180.00" type="DEFAULT_VEHTYPE" speed="13.77" pos="127.04" lane="1/1to1/2_0" slope="0.00"/>
        <vehicle id="9" x="476.28" y="601.65" angle="-90.00" type="DEFAULT_VEHTYPE" speed="13.42" pos="118.97" lane="3/3to2/3_0" slope="0.00"/>
    </timestep>
    <timestep time="21.00">
        <vehicle id="1" x="400.36" y="601.65" angle="-90.00" type="DEFAULT_VEHTYPE" speed="5.78" pos="4.39" lane=":2/3_5_0" slope="0.00"/>
        <vehicle id="10" x="398.35" y="280.46" angle="0.00" type="DEFAULT_VEHTYPE" speed="12.87" pos="114.79" lane="2/2to2/1_0" slope="0.00"/>
        <vehicle id="11" x="398.35" y="93.25" angle="0.00" type="DEFAULT_VEHTYPE" speed="13.38" pos="102.00" lane="2/1to2/0_0" slope="0.00"/>
        <vehicle id="12" x="687.98" y="398.35" angle="90.00" type="DEFAULT_VEHTYPE" speed="13.16" pos="83.23" lane="3/2to4/2_0" slope="0.00"/>
        <vehicle id="13" x="652.85" y="398.35" angle="90.00" type="DEFAULT_VEHTYPE" speed="12.95" pos="48.10" lane="3/2to4/2_0" slope="0.00"/>
        <vehicle id="14" x="601.65" y="465.94" angle="180.00" type="DEFAULT_VEHTYPE" speed="13.85" pos="61.19" lane="3/2to3/3_0" slope="0.00"/>
        <vehicle id="2" x="777.08" y="201.65" angle="-90.00" type="DEFAULT_VEHTYPE" speed="12.93" pos="22.92" lane="4/1to3/1_0" slope="0.00"/>
        <vehicle id="3" x="587.48" y="201.65" angle="-90.00" type="DEFAULT_VEHTYPE" speed="13.65" pos="7.77" lane="3/1to2/1_0" slope="0.00"/>
        <vehicle id="4" x="617.76" y="401.65" angle="-90.00" type="DEFAULT_VEHTYPE" speed="9.27" pos="182.24" lane="4/2to3/2_0" slope="0.00"/>
        <vehicle id="5" x="220.73" y="601.65" angle="-90.00" type="DEFAULT_VEHTYPE" speed="9.28" pos="174.52" lane="2/3to1/3_0" slope="0.00"/>
        <vehicle id="6" x="601.65" y="767.26" angle="180.00" type="DEFAULT_VEHTYPE" speed="13.61" pos="162.51" lane="3/3to3/4_0" slope="0.00"/>
        <vehicle id="7" x="158.25" y="398.35" angle="90.00" type="DEFAULT_VEHTYPE" speed="12.71" pos="158.25" lane="0/2to1/2_0" slope="0.00"/>
        <vehicle id="8" x="201.65" y="344.95" angle="180.00" type="DEFAULT_VEHTYPE" speed="13.16" pos="140.20" lane="1/1to1/2_0" slope="0.00"/>
        <vehicle id="9" x="463.48" y="601.65" angle="-90.00" type="DEFAULT_VEHTYPE" speed="12.79" pos="131.77" lane="3/3to2/3_0" slope="0.00"/>
    </timestep>
    <timestep time="22.00">
        <vehicle id="1" x="393.27" y="601.65" angle="-90.00" type="DEFAULT_VEHTYPE" speed="7.10" pos="1.98" lane="2/3to1/3_0" slope="0.00"/>
        <vehicle id="10" x="398.35" y="266.67" angle="0.00" type="DEFAULT_VEHTYPE" speed="13.79" pos="128.58" lane="2/2to2/1_0" slope="0.00"/>
        <vehicle id="11" x="398.35" y="79.91" angle="0.00" type="DEFAULT_VEHTYPE" speed="13.34" pos="115.34" lane="2/1to2/0_0" slope="0.00"/>
        <vehicle id="12" x="700.92" y="398.35" angle="90.00" type="DEFAULT_VEHTYPE" speed="12.94" pos="96.17" lane="3/2to4/2_0" slope="0.00"/>
        <vehicle id="13" x="665.72" y="398.35" angle="90.00" type="DEFAULT_VEHTYPE" speed="12.87" pos="60.97" lane="3/2to4/2_0" slope="0.00"/>
        <vehicle id="14" x="601.65" y="479.05" angle="180.00" type="DEFAULT_VEHTYPE" speed="13.11" pos="74.30" lane="3/2to3/3_0" slope="0.00"/>
        <vehicle id="2" x="763.43" y="201.65" angle="-90.00" type="DEFAULT_VEHTYPE" speed="13.65" pos="36.57" lane="4/1to3/1_0" slope="0.00"/>
        <vehicle id="3" x="574.10" y="201.65" angle="-90.00" type="DEFAULT_VEHTYPE" speed="13.39" pos="21.15" lane="3/1to2/1_0" slope="0.00"/>
        <vehicle id="4" x="612.41" y="401.65" angle="-90.00" type="DEFAULT_VEHTYPE" speed="5.35" pos="187.59" lane="4/2to3/2_0" slope="0.00"/>
        <vehicle id="5" x="213.48" y="601.65" angle="-90.00" type="DEFAULT_VEHTYPE" speed="7.24" pos="181.77" lane="2/3to1/3_0" slope="0.00"/>
        <vehicle id="6" x="601.65" y="780.57" angle="180.00" type="DEFAULT_VEHTYPE" speed="13.31" pos="175.82" lane="3/3to3/4_0" slope="0.00"/>
        <vehicle id="7" x="171.93" y="398.35" angle="90.00" type="DEFAULT_VEHTYPE" speed="13.68" pos="171.93" lane="0/2to1/2_0" slope="0.00"/>
        <vehicle id="8" x="201.65" y="358.09" angle="180.00" type="DEFAULT_VEHTYPE" speed="13.14" pos="153.34" lane="1/1to1/2_0" slope="0.00"/>
        <vehicle id="9" x="450.55" y="601.65" angle="-90.00" type="DEFAULT_VEHTYPE" speed="12.94" pos="144.70" lane="3/3to2/3_0" slope="0.00"/>
    </timestep>
    <timestep time="23.00">
        <vehicle id="1" x="383.58" y="601.65" angle="-90.00" type="DEFAULT_VEHTYPE" speed="9.68" pos="11.67" lane="2/3to1/3_0" slope="0.00"/>
        <vehicle id="10" x="398.35" y="253.95" angle="0.00" type="DEFAULT_VEHTYPE" speed="12.72" pos="141.30" lane="2/2to2/1_0" slope="0.00"/>
        <vehicle id="11" x="398.35" y="66.30" angle="0.00" type="DEFAULT_VEHTYPE" speed="13.61" pos="128.95" lane="2/1to2/0_0" slope="0.00"/>
        <vehicle id="12" x="714.52" y="398.35" angle="90.00" type="DEFAULT_VEHTYPE" speed="13.60" pos="109.77" lane="3/2to4/2_0" slope="0.00"/>
        <vehicle id="13" x="678.43" y="398.35" angle="90.00" type="DEFAULT_VEHTYPE" speed="12.71" pos="73.68" lane="3/2to4/2_0" slope="0.00"/>
        <vehicle id="14" x="601.65" y="492.71" angle="180.00" type="DEFAULT_VEHTYPE" speed="13.66" pos="87.96" lane="3/2to3/3_0" slope="0.00"/>
        <vehicle id="2" x="749.98" y="201.65" angle="-90.00" type="DEFAULT_VEHTYPE" speed="13.45" pos="50.02" lane="4/1to3/1_0" slope="0.00"/>
        <vehicle id="3" x="560.54" y="201.65" angle="-90.00" type="DEFAULT_VEHTYPE" speed="13.56" pos="34.71" lane="3/1to2/1_0" slope="0.00"/>
        <vehicle id="4" x="609.43" y="401.65" angle="-90.00" type="DEFAULT_VEHTYPE" speed="2.98" pos="190.57" lane="4/2to3/2_0" slope="0.00"/>
        <vehicle id="5" x="210.00" y="601.65" angle="-90.00" type="DEFAULT_VEHTYPE" speed="3.49" pos="185.25" lane="2/3to1/3_0" slope="0.00"/>
        <vehicle id="6" x="601.65" y="794.17" angle="180.00" type="DEFAULT_VEHTYPE" speed="13.60" pos="189.42" lane="3/3to3/4_0" slope="0.00"/>
        <vehicle id="7" x="181.13" y="398.35" angle="90.00" type="DEFAULT_VEHTYPE" speed="9.20" pos="181.13" lane="0/2to1/2_0" slope="0.00"/>
        <vehicle id="8" x="201.65" y="370.59" angle="180.00" type="DEFAULT_VEHTYPE" speed="12.50" pos="165.84" lane="1/1to1/2_0" slope="0.00"/>
        <vehicle id="9" x="436.79" y="601.65" angle="-90.00" type="DEFAULT_VEHTYPE" speed="13.76" pos="158.46" lane="3/3to2/3_0" slope="0.00"/>
    </timestep>
    <timestep time="24.00">
        <vehicle id="1" x="372.29" y="601.65" angle="-90.00" type="DEFAULT_VEHTYPE" speed="11.29" pos="22.96" lane="2/3to1/3_0" slope="0.00"/>
        <vehicle id="10" x="398.35" y="240.07" angle="0.00" type="DEFAULT_VEHTYPE" speed="13.88" pos="155.18" lane="2/2to2/1_0" slope="0.00"/>
        <vehicle id="11" x="398.35" y="52.67" angle="0.00" type="DEFAULT_VEHTYPE" speed="13.62" pos="142.58" lane="2/1to2/0_0" slope="0.00"/>
        <vehicle id="12" x="728.36" y="398.35" angle="90.00" type="DEFAULT_VEHTYPE" speed="13.84" pos="123.61" lane="3/2to4/2_0" slope="0.00"/>
        <vehicle id="13" x="691.58" y="398.35" angle="90.00" type="DEFAULT_VEHTYPE" speed="13.15" pos="86.83" lane="3/2to4/2_0" slope="0.00"/>
        <vehicle id="14" x="601.65" y="506.56" angle="180.00" type="DEFAULT_VEHTYPE" speed="13.86" pos="101.81" lane="3/2to3/3_0" slope="0.00"/>
        <vehicle id="2" x="736.12" y="201.65" angle="-90.00" type="DEFAULT_VEHTYPE" speed="13.86" pos="63.88" lane="4/1to3/1_0" slope="0.00"/>
        <vehicle id="3" x="547.83" y="201.65" angle="-90.00" type="DEFAULT_VEHTYPE" speed="12.71" pos="47.42" lane="3/1to2/1_0" slope="0.00"/>
        <vehicle id="4" x="604.24" y="401.65" angle="-90.00" type="DEFAULT_VEHTYPE" speed="5.19" pos="0.51" lane=":3/2_5_0" slope="0.00"/>
        <vehicle id="5" x="204.99" y="601.65" angle="-90.00" type="DEFAULT_VEHTYPE" speed="5.01" pos="190.26" lane="2/3to1/3_0" slope="0.00"/>
        <vehicle id="6" x="598.35" y="797.16" angle="-17.98" type="DEFAULT_VEHTYPE" speed="13.50" pos="2.84" lane="3/4to3/3_0" slope="0.00"/>
        <vehicle id="7" x="186.58" y="398.35" angle="90.00" type="DEFAULT_VEHTYPE" speed="5.45" pos="186.58" lane="0/2to1/2_0" slope="0.00"/>
        <vehicle id="8" x="201.65" y="380.44" angle="180.00" type="DEFAULT_VEHTYPE" speed="9.85" pos="175.69" lane="1/1to1/2_0" slope="0.00"/>
        <vehicle id="9" x="424.96" y="601.65" angle="-90.00" type="DEFAULT_VEHTYPE" speed="11.83" pos="170.29" lane="3/3to2/3_0" slope="0.00"/>
    </timestep>
    <timestep time="25.00">
        <vehicle id="1" x="358.84" y="601.65" angle="-90.00" type="DEFAULT_VEHTYPE" speed="13.45" pos="36.41" lane="2/3to1/3_0" slope="0.00"/>
        <vehicle id="10" x="398.35" y="227.51" angle="0.00" type="DEFAULT_VEHTYPE" speed="12.56" pos="167.74" lane="2/2to2/1_0" slope="0.00"/>
        <vehicle id="11" x="398.35" y="39.53" angle="0.00" type="DEFAULT_VEHTYPE" speed="13.14" pos="155.72" lane="2/1to2/0_0" slope="0.00"/>
        <vehicle id="12" x="741.64" y="398.35" angle="90.00" type="DEFAULT_VEHTYPE" speed="13.28" pos="136.89" lane="3/2to4/2_0" slope="0.00"/>
        <vehicle id="13" x="704.82" y="398.35" angle="90.00" type="DEFAULT_VEHTYPE" speed="13.24" pos="100.07" lane="3/2to4/2_0" slope="0.00"/>
        <vehicle id="14" x="601.65" y="519.55" angle="180.00" type="DEFAULT_VEHTYPE" speed="12.98" pos="114.80" lane="3/2to3/3_0" slope="0.00"/>
        <vehicle id="2" x="723.25" y="201.65" angle="-90.00" type="DEFAULT_VEHTYPE" speed="12.86" pos="76.75" lane="4/1to3/1_0" slope="0.00"/>
        <vehicle id="3" x="534.56" y="201.65" angle="-90.00" type="DEFAULT_VEHTYPE" speed="13.28" pos="60.69" lane="3/1to2/1_0" slope="0.00"/>
        <vehicle id="4" x="596.96" y="401.65" angle="-90.00" type="DEFAULT_VEHTYPE" speed="7.29" pos="7.79" lane=":3/2_5_0" slope="0.00"/>
        <vehicle id="5" x="199.00" y="598.47" angle="-52.47" type="DEFAULT_VEHTYPE" speed="7.24" pos="7.00" lane=":1/3_6_0" slope="0.00"/>
        <vehicle id="6" x="598.35" y="783.70" angle="0.00" type="DEFAULT_VEHTYPE" speed="13.46" pos="16.30" lane="3/4to3/3_0" slope="0.00"/>
        <vehicle id="7" x="190.74" y="398.35" angle="90.00" type="DEFAULT_VEHTYPE" speed="4.15" pos="190.74" lane="0/2to1/2_0" slope="0.00"/>
        <vehicle id="8" x="201.65" y="386.35" angle="180.00" type="DEFAULT_VEHTYPE" speed="5.92" pos="181.60" lane="1/1to1/2_0" slope="0.00"/>
        <vehicle id="9" x="416.32" y="601.65" angle="-90.00" type="DEFAULT_VEHTYPE" speed="8.64" pos="178.93" lane="3/3to2/3_0" slope="0.00"/>
    </timestep>
    <timestep time="26.00">
        <vehicle id="1" x="345.32" y="601.65" angle="-90.00" type="DEFAULT_VEHTYPE" speed="13.52" pos="49.93" lane="2/3to1/3_0" slope="0.00"/>
        <vehicle id="10" x="398.35" y="218.19" angle="0.00" type="DEFAULT_VEHTYPE" speed="9.32" pos="177.06" lane="2/2to2/1_0" slope="0.00"/>
        <vehicle id="11" x="398.35" y="26.48" angle="0.00" type="DEFAULT_VEHTYPE" speed="13.05" pos="168.77" lane="2/1to2/0_0" slope="0.00"/>
        <vehicle id="12" x="754.24" y="398.35" angle="90.00" type="DEFAULT_VEHTYPE" speed="12.61" pos="149.49" lane="3/2to4/2_0" slope="0.00"/>
        <vehicle id="13" x="718.41" y="398.35" angle="90.00" type="DEFAULT_VEHTYPE" speed="13.59" pos="113.66" lane="3/2to4/2_0" slope="0.00"/>
        <vehicle id="14" x="601.65" y="532.29" angle="180.00" type="DEFAULT_VEHTYPE" speed="12.74" pos="127.54" lane="3/2to3/3_0" slope="0.00"/>
        <vehicle id="2" x="710.21" y="201.65" angle="-90.00" type="DEFAULT_VEHTYPE" speed="13.05" pos="89.79" lane="4/1to3/1_0" slope="0.00"/>
        <vehicle id="3" x="520.72" y="201.65" angle="-90.00" type="DEFAULT_VEHTYPE" speed="13.84" pos="74.53" lane="3/1to2/1_0" slope="0.00"/>
        <vehicle id="4" x="588.26" y="401.65" angle="-90.00" type="DEFAULT_VEHTYPE" speed="8.69" pos="6.99" lane="3/2to2/2_0" slope="0.00"/>
        <vehicle id="5" x="198.35" y="589.93" angle="0.00" type="DEFAULT_VEHTYPE" speed="8.64" pos="5.32" lane="1/3to1/2_0" slope="0.00"/>
        <vehicle id="6" x="598.35" y="770.26" angle="0.00" type="DEFAULT_VEHTYPE" speed="13.44" pos="29.74" lane="3/4to3/3_0" slope="0.00"/>
        <vehicle id="7" x="197.27" y="398.64" angle="93.31" type="DEFAULT_VEHTYPE" speed="6.55" pos="2.04" lane=":1/2_14_0" slope="0.00"/>
        <vehicle id="8" x="201.65" y="390.39" angle="180.00" type="DEFAULT_VEHTYPE" speed="4.04" pos="185.64" lane="1/1to1/2_0" slope="0.00"/>
        <vehicle id="9" x="411.88" y="601.65" angle="-90.00" type="DEFAULT_VEHTYPE" speed="4.44" pos="183.37" lane="3/3to2/3_0" slope="0.00"/>
    </timestep>
    <timestep time="27.00">
        <vehicle id="1" x="332.38" y="601.65" angle="-90.00" type="DEFAULT_VEHTYPE" speed="12.94" pos="62.87" lane="2/3to1/3_0" slope="0.00"/>
        <vehicle id="10" x="398.35" y="211.83" angle="0.00" type="DEFAULT_VEHTYPE" speed="6.36" pos="183.42" lane="2/2to2/1_0" slope="0.00"/>
        <vehicle id="11" x="398.35" y="13.33" angle="0.00" type="DEFAULT_VEHTYPE" speed="13.15" pos="181.92" lane="2/1to2/0_0" slope="0.00"/>
        <vehicle id="12" x="767.63" y="398.35" angle="90.00" type="DEFAULT_VEHTYPE" speed="13.38" pos="162.88" lane="3/2to4/2_0" slope="0.00"/>
        <vehicle id="13" x="731.70" y="398.35" angle="90.00" type="DEFAULT_VEHTYPE" speed="13.29" pos="126.95" lane="3/2to4/2_0" slope="0.00"/>
        <vehicle id="14" x="601.65" y="545.95" angle="180.00" type="DEFAULT_VEHTYPE" speed="13.66" pos="141.20" lane="3/2to3/3_0" slope="0.00"/>
        <vehicle id="2" x="696.99" y="201.65" angle="-90.00" type="DEFAULT_VEHTYPE" speed="13.21" pos="103.01" lane="4/1to3/1_0" slope="0.00"/>
        <vehicle id="3" x="507.92" y="201.65" angle="-90.00" type="DEFAULT_VEHTYPE" speed="12.80" pos="87.33" lane="3/1to2/1_0" slope="0.00"/>
        <vehicle id="4" x="577.28" y="401.65" angle="-90.00" type="DEFAULT_VEHTYPE" speed="10.98" pos="17.97" lane="3/2to2/2_0" slope="0.00"/>
        <vehicle id="5" x="198.35" y="579.85" angle="0.00" type="DEFAULT_VEHTYPE" speed="10.08" pos="15.40" lane="1/3to1/2_0" slope="0.00"/>
        <vehicle id="6" x="598.35" y="757.21" angle="0.00" type="DEFAULT_VEHTYPE" speed="13.06" pos="42.79" lane="3/4to3/3_0" slope="0.00"/>
        <vehicle id="7" x="201.60" y="404.42" angle="159.52" type="DEFAULT_VEHTYPE" speed="7.95" pos="9.99" lane=":1/2_14_0" slope="0.00"/>
        <vehicle id="8" x="201.24" y="395.87" angle="-175.17" type="DEFAULT_VEHTYPE" speed="5.60" pos="0.75" lane=":1/2_11_0" slope="0.00"/>
        <vehicle id="9" x="409.52" y="601.65" angle="-90.00" type="DEFAULT_VEHTYPE" speed="2.36" pos="185.73" lane="3/3to2/3_0" slope="0.00"/>
    </timestep>
    <timestep time="28.00">
        <vehicle id="1" x="319.01" y="601.65" angle="-90.00" type="DEFAULT_VEHTYPE" speed="13.37" pos="76.24" lane="2/3to1/3_0" slope="0.00"/>
        <vehicle id="10" x="398.35" y="208.88" angle="0.00" type="DEFAULT_VEHTYPE" speed="2.95" pos="186.37" lane="2/2to2/1_0" slope="0.00"/>
        <vehicle id="11" x="398.35" y="0.60" angle="0.00" type="DEFAULT_VEHTYPE" speed="12.73" pos="194.65" lane="2/1to2/0_0" slope="0.00"/>
        <vehicle id="12" x="780.63" y="398.35" angle="90.00" type="DEFAULT_VEHTYPE" speed="13.00" pos="175.88" lane="3/2to4/2_0" slope="0.00"/>
        <vehicle id="13" x="744.36" y="398.35" angle="90.00" type="DEFAULT_VEHTYPE" speed="12.66" pos="139.61" lane="3/2to4/2_0" slope="0.00"/>
        <vehicle id="14" x="601.65" y="559.11" angle="180.00" type="DEFAULT_VEHTYPE" speed="13.16" pos="154.36" lane="3/2to3/3_0" slope="0.00"/>
        <vehicle id="2" x="683.52" y="201.65" angle="-90.00" type="DEFAULT_VEHTYPE" speed="13.47" pos="116.48" lane="4/1to3/1_0" slope="0.00"/>
        <vehicle id="3" x="495.28" y="201.65" angle="-90.00" type="DEFAULT_VEHTYPE" speed="12.63" pos="99.97" lane="3/1to2/1_0" slope="0.00"/>
        <vehicle id="4" x="564.25" y="401.65" angle="-90.00" type="DEFAULT_VEHTYPE" speed="13.03" pos="31.00" lane="3/2to2/2_0" slope="0.00"/>
        <vehicle id="5" x="198.35" y="568.41" angle="0.00" type="DEFAULT_VEHTYPE" speed="11.43" pos="26.84" lane="1/3to1/2_0" slope="0.00"/>
        <vehicle id="6" x="598.35" y="744.49" angle="0.00" type="DEFAULT_VEHTYPE" speed="12.72" pos="55.51" lane="3/4to3/3_0" slope="0.00"/>
        <vehicle id="7" x="201.65" y="413.94" angle="180.00" type="DEFAULT_VEHTYPE" speed="9.52" pos="9.19" lane="1/2to1/3_0" slope="0.00"/>
        <vehicle id="8" x="198.35" y="392.28" angle="-16.36" type="DEFAULT_VEHTYPE" speed="7.05" pos="2.97" lane="1/2to1/1_0" slope="0.00"/>
        <vehicle id="9" x="405.21" y="601.65" angle="-90.00" type="DEFAULT_VEHTYPE" speed="4.30" pos="190.04" lane="3/3to2/3_0" slope="0.00"/>
    </timestep>
    <timestep time="29.00">
        <vehicle id="1" x="305.21" y="601.65" angle="-90.00" type="DEFAULT_VEHTYPE" speed="13.80" pos="90.04" lane="2/3to1/3_0" slope="0.00"/>
        <vehicle id="10" x="398.39" y="204.45" angle="0.49" type="DEFAULT_VEHTYPE" speed="4.44" pos="0.30" lane=":2/1_2_0" slope="0.00"/>
        <vehicle id="11" x="401.65" y="8.02" angle="180.00" type="DEFAULT_VEHTYPE" speed="13.45" pos="8.02" lane="2/0to2/1_0" slope="0.00"/>
        <vehicle id="12" x="793.24" y="398.35" angle="90.00" type="DEFAULT_VEHTYPE" speed="12.61" pos="188.49" lane="3/2to4/2_0" slope="0.00"/>
        <vehicle id="13" x="758.25" y="398.35" angle="90.00" type="DEFAULT_VEHTYPE" speed="13.89" pos="153.50" lane="3/2to4/2_0" slope="0.00"/>
        <vehicle id="14" x="601.65" y="571.47" angle="180.00" type="DEFAULT_VEHTYPE" speed="12.36" pos="166.72" lane="3/2to3/3_0" slope="0.00"/>
        <vehicle id="2" x="669.81" y="201.65" angle="-90.00" type="DEFAULT_VEHTYPE" speed="13.71" pos="130.19" lane="4/1to3/1_0" slope="0.00"/>
        <vehicle id="3" x="481.46" y="201.65" angle="-90.00" type="DEFAULT_VEHTYPE" speed="13.83" pos="113.79" lane="3/1to2/1_0" slope="0.00"/>
        <vehicle id="4" x="550.68" y="401.65" angle="-90.00" type="DEFAULT_VEHTYPE" speed="13.58" pos="44.57" lane="3/2to2/2_0" slope="0.00"/>
        <vehicle id="5" x="198.35" y="554.57" angle="0.00" type="DEFAULT_VEHTYPE" speed="13.84" pos="40.68" lane="1/3to1/2_0" slope="0.00"/>
        <vehicle id="6" x="598.35" y="730.67" angle="0.00" type="DEFAULT_VEHTYPE" speed="13.82" pos="69.33" lane="3/4to3/3_0" slope="0.00"/>
        <vehicle id="7" x="201.65" y="425.36" angle="180.00" type="DEFAULT_VEHTYPE" speed="11.42" pos="20.61" lane="1/2to1/3_0" slope="0.00"/>
        <vehicle id="8" x="198.35" y="383.52" angle="0.00" type="DEFAULT_VEHTYPE" speed="8.76" pos="11.73" lane="1/2to1/1_0" slope="0.00"/>
        <vehicle id="9" x="399.51" y="599.31" angle="-62.60" type="DEFAULT_VEHTYPE" speed="6.49" pos="6.02" lane=":2/3_6_0" slope="0.00"/>
    </timestep>
    <timestep time="30.00">
        <vehicle id="1" x="292.23" y="601.65" angle="-90.00" type="DEFAULT_VEHTYPE" speed="12.98" pos="103.02" lane="2/3to1/3_0" slope="0.00"/>
        <vehicle id="10" x="401.73" y="198.88" angle="39.97" type="DEFAULT_VEHTYPE" speed="6.93" pos="0.09" lane=":2/1_16_0" slope="0.00"/>
        <vehicle id="11" x="401.65" y="21.82" angle="180.00" type="DEFAULT_VEHTYPE" speed="13.79" pos="21.82" lane="2/0to2/1_0" slope="0.00"/>
        <vehicle id="12" x="797.96" y="401.65" angle="-122.01" type="DEFAULT_VEHTYPE" speed="13.61" pos="2.04" lane="4/2to3/2_0" slope="0.00"/>
        <vehicle id="13" x="770.99" y="398.35" angle="90.00" type="DEFAULT_VEHTYPE" speed="12.74" pos="166.24" lane="3/2to4/2_0" slope="0.00"/>
        <vehicle id="14" x="601.65" y="580.53" angle="180.00" type="DEFAULT_VEHTYPE" speed="9.06" pos="175.78" lane="3/2to3/3_0" slope="0.00"/>
        <vehicle id="2" x="657.08" y="201.65" angle="-90.00" type="DEFAULT_VEHTYPE" speed="12.73" pos="142.92" lane="4/1to3/1_0" slope="0.00"/>
        <vehicle id="3" x="468.33" y="201.65" angle="-90.00" type="DEFAULT_VEHTYPE" speed="13.13" pos="126.92" lane="3/1to2/1_0" slope="0.00"/>
        <vehicle id="4" x="537.66" y="401.65" angle="-90.00" type="DEFAULT_VEHTYPE" speed="13.02" pos="57.59" lane="3/2to2/2_0" slope="0.00"/>
        <vehicle id="5" x="198.35" y="541.17" angle="0.00" type="DEFAULT_VEHTYPE" speed="13.41" pos="54.08" lane="1/3to1/2_0" slope="0.00"/>
        <vehicle id="6" x="598.35" y="717.11" angle="0.00" type="DEFAULT_VEHTYPE" speed="13.56" pos="82.89" lane="3/4to3/3_0" slope="0.00"/>
        <vehicle id="7" x="201.65" y="438.20" angle="180.00" type="DEFAULT_VEHTYPE" speed="12.84" pos="33.45" lane="1/2to1/3_0" slope="0.00"/>
        <vehicle id="8" x="198.35" y="372.35" angle="0.00" type="DEFAULT_VEHTYPE" speed="11.16" pos="22.90" lane="1/2to1/1_0" slope="0.00"/>
        <vehicle id="9" x="398.35" y="590.82" angle="-0.93" type="DEFAULT_VEHTYPE" speed="8.73" pos="4.43" lane="2/3to2/2_0" slope="0.00"/>
    </timestep>
    <timestep time="31.00">
        <vehicle id="1" x="278.59" y="601.65" angle="-90.00" type="DEFAULT_VEHTYPE" speed="13.64" pos="116.66" lane="2/3to1/3_0" slope="0.00"/>
        <vehicle id="10" x="410.63" y="198.35" angle="90.00" type="DEFAULT_VEHTYPE" speed="8.97" pos="5.88" lane="2/1to3/1_0" slope="0.00"/>
        <vehicle id="11" x="401.65" y="35.25" angle="180.00" type="DEFAULT_VEHTYPE" speed="13.43" pos="35.25" lane="2/0to2/1_0" slope="0.00"/>
        <vehicle id="12" x="785.18" y="401.65" angle="-90.00" type="DEFAULT_VEHTYPE" speed="12.79" pos="14.82" lane="4/2to3/2_0" slope="0.00"/>
        <vehicle id="13" x="783.80" y="398.35" angle="90.00" type="DEFAULT_VEHTYPE" speed="12.81" pos="179.05" lane="3/2to4/2_0" slope="0.00"/>
        <vehicle id="14" x="601.65" y="586.89" angle="180.00" type="DEFAULT_VEHTYPE" speed="6.36" pos="182.14" lane="3/2to3/3_0" slope="0.00"/>
        <vehicle id="2" x="644.35" y="201.65" angle="-90.00" type="DEFAULT_VEHTYPE" speed="12.73" pos="155.65" lane="4/1to3/1_0" slope="0.00"/>
        <vehicle id="3" x="455.70" y="201.65" angle="-90.00" type="DEFAULT_VEHTYPE" speed="12.63" pos="139.55" lane="3/1to2/1_0" slope="0.00"/>
        <vehicle id="4" x="524.91" y="401.65" angle="-90.00" type="DEFAULT_VEHTYPE" speed="12.75" pos="70.34" lane="3/2to2/2_0" slope="0.00"/>
        <vehicle id="5" x="198.35" y="527.95" angle="0.00" type="DEFAULT_VEHTYPE" speed="13.21" pos="67.30" lane="1/3to1/2_0" slope="0.00"/>
        <vehicle id="6" x="598.35" y="703.29" angle="0.00" type="DEFAULT_VEHTYPE" speed="13.82" pos="96.71" lane="3/4to3/3_0" slope="0.00"/>
        <vehicle id="7" x="201.65" y="451.94" angle="180.00" type="DEFAULT_VEHTYPE" speed="13.74" pos="47.19" lane="1/2to1/3_0" slope="0.00"/>
        <vehicle id="8" x="198.35" y="359.27" angle="0.00" type="DEFAULT_VEHTYPE" speed="13.09" pos="35.98" lane="1/2to1/1_0" slope="0.00"/>
        <vehicle id="9" x="398.35" y="579.84" angle="0.00" type="DEFAULT_VEHTYPE" speed="10.98" pos="15.41" lane="2/3to2/2_0" slope="0.00"/>
    </timestep>
    <timestep time="32.00">
        <vehicle id="1" x="265.91" y="601.65" angle="-90.00" type="DEFAULT_VEHTYPE" speed="12.68" pos="129.34" lane="2/3to1/3_0" slope="0.00"/>
        <vehicle id="10" x="421.11" y="198.35" angle="90.00" type="DEFAULT_VEHTYPE" speed="10.47" pos="16.36" lane="2/1to3/1_0" slope="0.00"/>
        <vehicle id="11" x="401.65" y="48.02" angle="180.00" type="DEFAULT_VEHTYPE" speed="12.77" pos="48.02" lane="2/0to2/1_0" slope="0.00"/>
        <vehicle id="12" x="772.23" y="401.65" angle="-90.00" type="DEFAULT_VEHTYPE" speed="12.95" pos="27.77" lane="4/2to3/2_0" slope="0.00"/>
        <vehicle id="13" x="796.44" y="398.35" angle="90.00" type="DEFAULT_VEHTYPE" speed="12.64" pos="191.69" lane="3/2to4/2_0" slope="0.00"/>
        <vehicle id="14" x="601.65" y="590.15" angle="180.00" type="DEFAULT_VEHTYPE" speed="3.26" pos="185.40" lane="3/2to3/3_0" slope="0.00"/>
        <vehicle id="2" x="631.56" y="201.65" angle="-90.00" type="DEFAULT_VEHTYPE" speed="12.79" pos="168.44" lane="4/1to3/1_0" slope="0.00"/>
        <vehicle id="3" x="443.09" y="201.65" angle="-90.00" type="DEFAULT_VEHTYPE" speed="12.61" pos="152.16" lane="3/1to2/1_0" slope="0.00"/>
        <vehicle id="4" x="511.68" y="401.65" angle="-90.00" type="DEFAULT_VEHTYPE" speed="13.23" pos="83.57" lane="3/2to2/2_0" slope="0.00"/>
        <vehicle id="5" x="198.35" y="514.86" angle="0.00" type="DEFAULT_VEHTYPE" speed="13.10" pos="80.39" lane="1/3to1/2_0" slope="0.00"/>
        <vehicle id="6" x="598.35" y="690.22" angle="0.00" type="DEFAULT_VEHTYPE" speed="13.07" pos="109.78" lane="3/4to3/3_0" slope="0.00"/>
        <vehicle id="7" x="201.65" y="465.83" angle="180.00" type="DEFAULT_VEHTYPE" speed="13.89" pos="61.08" lane="1/2to1/3_0" slope="0.00"/>
        <vehicle id="8" x="198.35" y="346.07" angle="0.00" type="DEFAULT_VEHTYPE" speed="13.20" pos="49.18" lane="1/2to1/1_0" slope="0.00"/>
        <vehicle id="9" x="398.35" y="566.69" angle="0.00" type="DEFAULT_VEHTYPE" speed="13.15" pos="28.56" lane="2/3to2/2_0" slope="0.00"/>
    </timestep>
    <timestep time="33.00">
        <vehicle id="1" x="252.20" y="601.65" angle="-90.00" type="DEFAULT_VEHTYPE" speed="13.71" pos="143.05" lane="2/3to1/3_0" slope="0.00"/>
        <vehicle id="10" x="433.20" y="198.35" angle="90.00" type="DEFAULT_VEHTYPE" speed="12.10" pos="28.45" lane="2/1to3/1_0" slope="0.00"/>
        <vehicle id="11" x="401.65" y="60.68" angle="180.00" type="DEFAULT_VEHTYPE" speed="12.66" pos="60.68" lane="2/0to2/1_0" slope="0.00"/>
        <vehicle id="12" x="759.17" y="401.65" angle="-90.00" type="DEFAULT_VEHTYPE" speed="13.06" pos="40.83" lane="4/2to3/2_0" slope="0.00"/>
        <vehicle id="13" x="795.22" y="401.65" angle="-91.45" type="DEFAULT_VEHTYPE" speed="13.16" pos="4.78" lane="4/2to3/2_0" slope="0.00"/>
        <vehicle id="14" x="601.55" y="595.98" angle="-178.80" type="DEFAULT_VEHTYPE" speed="5.84" pos="0.74" lane=":3/3_10_0" slope="0.00"/>
        <vehicle id="2" x="617.82" y="201.65" angle="-90.00" type="DEFAULT_VEHTYPE" speed="13.74" pos="182.18" lane="4/1to3/1_0" slope="0.00"/>
        <vehicle id="3" x="430.18" y="201.65" angle="-90.00" type="DEFAULT_VEHTYPE" speed="12.91" pos="165.07" lane="3/1to2/1_0" slope="0.00"/>
        <vehicle id="4" x="497.83" y="401.65" angle="-90.00" type="DEFAULT_VEHTYPE" speed="13.85" pos="97.42" lane="3/2to2/2_0" slope="0.00"/>
        <vehicle id="5" x="198.35" y="501.14" angle="0.00" type="DEFAULT_VEHTYPE" speed="13.72" pos="94.11" lane="1/3to1/2_0" slope="0.00"/>
        <vehicle id="6" x="598.35" y="677.37" angle="0.00" type="DEFAULT_VEHTYPE" speed="12.84" pos="122.63" lane="3/4to3/3_0" slope="0.00"/>
        <vehicle id="7" x="201.65" y="479.67" angle="180.00" type="DEFAULT_VEHTYPE" speed="13.83" pos="74.92" lane="1/2to1/3_0" slope="0.00"/>
        <vehicle id="8" x="198.35" y="333.43" angle="0.00" type="DEFAULT_VEHTYPE" speed="12.64" pos="61.82" lane="1/2to1/1_0" slope="0.00"/>
        <vehicle id="9" x="398.35" y="553.66" angle="0.00" type="DEFAULT_VEHTYPE" speed="13.02" pos="41.59" lane="2/3to2/2_0" slope="0.00"/>
    </timestep>
    <timestep time="34.00">
        <vehicle id="1" x="238.99" y="601.65" angle="-90.00" type="DEFAULT_VEHTYPE" speed="13.21" pos="156.26" lane="2/3to1/3_0" slope="0.00"/>
        <vehicle id="10" x="445.81" y="198.35" angle="90.00" type="DEFAULT_VEHTYPE" speed="12.61" pos="41.06" lane="2/1to3/1_0" slope="0.00"/>
        <vehicle id="11" x="401.65" y="73.88" angle="180.00" type="DEFAULT_VEHTYPE" speed="13.19" pos="73.88" lane="2/0to2/1_0" slope="0.00"/>
        <vehicle id="12" x="745.82" y="401.65" angle="-90.00" type="DEFAULT_VEHTYPE" speed="13.35" pos="54.18" lane="4/2to3/2_0" slope="0.00"/>
        <vehicle id="13" x="781.52" y="401.65" angle="-90.00" type="DEFAULT_VEHTYPE" speed="13.70" pos="18.48" lane="4/2to3/2_0" slope="0.00"/>
        <vehicle id="14" x="596.49" y="601.47" angle="-119.75" type="DEFAULT_VEHTYPE" speed="8.33" pos="1.93" lane=":3/3_18_0" slope="0.00"/>
        <vehicle id="3" x="420.65" y="201.65" angle="-90.00" type="DEFAULT_VEHTYPE" speed="9.53" pos="174.60" lane="3/1to2/1_0" slope="0.00"/>
        <vehicle id="4" x="484.48" y="401.65" angle="-90.00" type="DEFAULT_VEHTYPE" speed="13.35" pos="110.77" lane="3/2to2/2_0" slope="0.00"/>
        <vehicle id="5" x="198.35" y="487.79" angle="0.00" type="DEFAULT_VEHTYPE" speed="13.34" pos="107.46" lane="1/3to1/2_0" slope="0.00"/>
        <vehicle id="6" x="598.35" y="664.53" angle="0.00" type="DEFAULT_VEHTYPE" speed="12.84" pos="135.47" lane="3/4to3/3_0" slope="0.00"/>
        <vehicle id="7" x="201.65" y="492.89" angle="180.00" type="DEFAULT_VEHTYPE" speed="13.23" pos="88.14" lane="1/2to1/3_0" slope="0.00"/>
        <vehicle id="8" x="198.35" y="320.21" angle="0.00" type="DEFAULT_VEHTYPE" speed="13.22" pos="75.04" lane="1/2to1/1_0" slope="0.00"/>
        <vehicle id="9" x="398.35" y="540.49" angle="0.00" type="DEFAULT_VEHTYPE" speed="13.18" pos="54.76" lane="2/3to2/2_0" slope="0.00"/>
    </timestep>
    <timestep time="35.00">
        <vehicle id="1" x="226.33" y="601.65" angle="-90.00" type="DEFAULT_VEHTYPE" speed="12.65" pos="168.92" lane="2/3to1/3_0" slope="0.00"/>
        <vehicle id="10" x="458.59" y="198.35" angle="90.00" type="DEFAULT_VEHTYPE" speed="12.78" pos="53.84" lane="2/1to3/1_0" slope="0.00"/>
        <vehicle id="11" x="401.65" y="87.69" angle="180.00" type="DEFAULT_VEHTYPE" speed="13.81" pos="87.69" lane="2/0to2/1_0" slope="0.00"/>
        <vehicle id="12" x="732.97" y="401.65" angle="-90.00" type="DEFAULT_VEHTYPE" speed="12.85" pos="67.03" lane="4/2to3/2_0" slope="0.00"/>
        <vehicle id="13" x="768.00" y="401.65" angle="-90.00" type="DEFAULT_VEHTYPE" speed="13.52" pos="32.00" lane="4/2to3/2_0" slope="0.00"/>
        <vehicle id="14" x="585.94" y="601.65" angle="-90.00" type="DEFAULT_VEHTYPE" speed="10.56" pos="9.31" lane="3/3to2/3_0" slope="0.00"/>
        <vehicle id="3" x="413.44" y="201.65" angle="-90.00" type="DEFAULT_VEHTYPE" speed="7.21" pos="181.81" lane="3/1to2/1_0" slope="0.00"/>
        <vehicle id="4" x="471.80" y="401.65" angle="-90.00" type="DEFAULT_VEHTYPE" speed="12.68" pos="123.45" lane="3/2to2/2_0" slope="0.00"/>
        <vehicle id="5" x="198.35" y="474.06" angle="0.00" type="DEFAULT_VEHTYPE" speed="13.73" pos="121.19" lane="1/3to1/2_0" slope="0.00"/>
        <vehicle id="6" x="598.35" y="651.83" angle="0.00" type="DEFAULT_VEHTYPE" speed="12.69" pos="148.17" lane="3/4to3/3_0" slope="0.00"/>
        <vehicle id="7" x="201.65" y="505.99" angle="180.00" type="DEFAULT_VEHTYPE" speed="13.10" pos="101.24" lane="1/2to1/3_0" slope="0.00"/>
        <vehicle id="8" x="198.35" y="306.54" angle="0.00" type="DEFAULT_VEHTYPE" speed="13.67" pos="88.71" lane="1/2to1/1_0" slope="0.00"/>
        <vehicle id="9" x="398.35" y="526.73" angle="0.00" type="DEFAULT_VEHTYPE" speed="13.76" pos="68.52" lane="2/3to2/2_0" slope="0.00"/>
    </timestep>
    <timestep time="36.00">
        <vehicle id="1" x="217.22" y="601.65" angle="-90.00" type="DEFAULT_VEHTYPE" speed="9.11" pos="178.03" lane="2/3to1/3_0" slope="0.00"/>
        <vehicle id="10" x="471.95" y="198.35" angle="90.00" type="DEFAULT_VEHTYPE" speed="13.36" pos="67.20" lane="2/1to3/1_0" slope="0.00"/>
        <vehicle id="11" x="401.65" y="101.15" angle="180.00" type="DEFAULT_VEHTYPE" speed="13.47" pos="101.15" lane="2/0to2/1_0" slope="0.00"/>
        <vehicle id="12" x="720.21" y="401.65" angle="-90.00" type="DEFAULT_VEHTYPE" speed="12.77" pos="79.79" lane="4/2to3/2_0" slope="0.00"/>
        <vehicle id="13" x="755.31" y="401.65" angle="-90.00" type="DEFAULT_VEHTYPE" speed="12.70" pos="44.69" lane="4/2to3/2_0" slope="0.00"/>
        <vehicle id="14" x="573.97" y="601.65" angle="-90.00" type="DEFAULT_VEHTYPE" speed="11.96" pos="21.28" lane="3/3to2/3_0" slope="0.00"/>
        <vehicle id="3" x="409.54" y="201.65" angle="-90.00" type="DEFAULT_VEHTYPE" speed="3.89" pos="185.71" lane="3/1to2/1_0" slope="0.00"/>
        <vehicle id="4" x="459.03" y="401.65" angle="-90.00" type="DEFAULT_VEHTYPE" speed="12.77" pos="136.22" lane="3/2to2/2_0" slope="0.00"/>
        <vehicle id="5" x="198.35" y="461.37" angle="0.00" type="DEFAULT_VEHTYPE" speed="12.69" pos="133.88" lane="1/3to1/2_0" slope="0.00"/>
        <vehicle id="6" x="598.35" y="639.18" angle="0.00" type="DEFAULT_VEHTYPE" speed="12.66" pos="160.82" lane="3/4to3/3_0" slope="0.00"/>
        <vehicle id="7" x="201.65" y="519.39" angle="180.00" type="DEFAULT_VEHTYPE" speed="13.39" pos="114.64" lane="1/2to1/3_0" slope="0.00"/>
        <vehicle id="8" x="198.35" y="293.57" angle="0.00" type="DEFAULT_VEHTYPE" speed="12.97" pos="101.68" lane="1/2to1/1_0" slope="0.00"/>
        <vehicle id="9" x="398.35" y="513.70" angle="0.00" type="DEFAULT_VEHTYPE" speed="13.03" pos="81.55" lane="2/3to2/2_0" slope="0.00"/>
    </timestep>
    <timestep time="37.00">
        <vehicle id="1" x="211.97" y="601.65" angle="-90.00" type="DEFAULT_VEHTYPE" speed="5.26" pos="183.28" lane="2/3to1/3_0" slope="0.00"/>
        <vehicle id="10" x="485.08" y="198.35" angle="90.00" type="DEFAULT_VEHTYPE" speed="13.14" pos="80.33" lane="2/1to3/1_0" slope="0.00"/>
        <vehicle id="11" x="401.65" y="113.78" angle="180.00" type="DEFAULT_VEHTYPE" speed="12.62" pos="113.78" lane="2/0to2/1_0" slope="0.00"/>
        <vehicle id="12" x="706.52" y="401.65" angle="-90.00" type="DEFAULT_VEHTYPE" speed="13.69" pos="93.48" lane="4/2to3/2_0" slope="0.00"/>
        <vehicle id="13" x="741.71" y="401.65" angle="-90.00" type="DEFAULT_VEHTYPE" speed="13.60" pos="58.29" lane="4/2to3/2_0" slope="0.00"/>
        <vehicle id="14" x="560.47" y="601.65" angle="-90.00" type="DEFAULT_VEHTYPE" speed="13.50" pos="34.78" lane="3/3to2/3_0" slope="0.00"/>
        <vehicle id="3" x="404.30" y="201.65" angle="-90.00" type="DEFAULT_VEHTYPE" speed="5.24" pos="0.45" lane=":2/1_5_0" slope="0.00"/>
        <vehicle id="4" x="445.38" y="401.65" angle="-90.00" type="DEFAULT_VEHTYPE" speed="13.65" pos="149.87" lane="3/2to2/2_0" slope="0.00"/>
        <vehicle id="5" x="198.35" y="447.85" angle="0.00" type="DEFAULT_VEHTYPE" speed="13.52" pos="147.40" lane="1/3to1/2_0" slope="0.00"/>
        <vehicle id="6" x="598.35" y="625.38" angle="0.00" type="DEFAULT_VEHTYPE" speed="13.79" pos="174.62" lane="3/4to3/3_0" slope="0.00"/>
        <vehicle id="7" x="201.65" y="532.27" angle="180.00" type="DEFAULT_VEHTYPE" speed="12.89" pos="127.52" lane="1/2to1/3_0" slope="0.00"/>
        <vehicle id="8" x="198.35" y="280.22" angle="0.00" type="DEFAULT_VEHTYPE" speed="13.35" pos="115.03" lane="1/2to1/1_0" slope="0.00"/>
        <vehicle id="9" x="398.35" y="500.37" angle="0.00" type="DEFAULT_VEHTYPE" speed="13.32" pos="94.88" lane="2/3to2/2_0" slope="0.00"/>
    </timestep>
    <timestep time="38.00">
        <vehicle id="1" x="209.18" y="601.65" angle="-90.00" type="DEFAULT_VEHTYPE" speed="2.78" pos="186.07" lane="2/3to1/3_0" slope="0.00"/>
        <vehicle id="10" x="498.32" y="198.35" angle="90.00" type="DEFAULT_VEHTYPE" speed="13.24" pos="93.57" lane="2/1to3/1_0" slope="0.00"/>
        <vehicle id="11" x="401.65" y="126.55" angle="180.00" type="DEFAULT_VEHTYPE" speed="12.78" pos="126.55" lane="2/0to2/1_0" slope="0.00"/>
        <vehicle id="12" x="693.06" y="401.65" angle="-90.00" type="DEFAULT_VEHTYPE" speed="13.46" pos="106.94" lane="4/2to3/2_0" slope="0.00"/>
        <vehicle id="13" x="728.94" y="401.65" angle="-90.00" type="DEFAULT_VEHTYPE" speed="12.77" pos="71.06" lane="4/2to3/2_0" slope="0.00"/>
        <vehicle id="14" x="546.83" y="601.65" angle="-90.00" type="DEFAULT_VEHTYPE" speed="13.64" pos="48.42" lane="3/3to2/3_0" slope="0.00"/>
        <vehicle id="3" x="396.49" y="201.65" angle="-90.00" type="DEFAULT_VEHTYPE" speed="7.81" pos="8.26" lane=":2/1_5_0" slope="0.00"/>
        <vehicle id="4" x="432.53" y="401.65" angle="-90.00" type="DEFAULT_VEHTYPE" speed="12.85" pos="162.72" lane="3/2to2/2_0" slope="0.00"/>
        <vehicle id="5" x="198.35" y="434.72" angle="0.00" type="DEFAULT_VEHTYPE" speed="13.13" pos="160.53" lane="1/3to1/2_0" slope="0.00"/>
        <vehicle id="6" x="598.35" y="611.78" angle="0.00" type="DEFAULT_VEHTYPE" speed="13.60" pos="188.22" lane="3/4to3/3_0" slope="0.00"/>
        <vehicle id="7" x="201.65" y="545.50" angle="180.00" type="DEFAULT_VEHTYPE" speed="13.22" pos="140.75" lane="1/2to1/3_0" slope="0.00"/>
        <vehicle id="8" x="198.35" y="266.83" angle="0.00" type="DEFAULT_VEHTYPE" speed="13.38" pos="128.42" lane="1/2to1/1_0" slope="0.00"/>
        <vehicle id="9" x="398.35" y="487.43" angle="0.00" type="DEFAULT_VEHTYPE" speed="12.95" pos="107.82" lane="2/3to2/2_0" slope="0.00"/>
    </timestep>
    <timestep time="39.00">
        <vehicle id="1" x="204.88" y="601.65" angle="-90.00" type="DEFAULT_VEHTYPE" speed="4.30" pos="190.37" lane="2/3to1/3_0" slope="0.00"/>
        <vehicle id="10" x="511.32" y="198.35" angle="90.00" type="DEFAULT_VEHTYPE" speed="13.00" pos="106.57" lane="2/1to3/1_0" slope="0.00"/>
        <vehicle id="11" x="401.65" y="140.21" angle="180.00" type="DEFAULT_VEHTYPE" speed="13.66" pos="140.21" lane="2/0to2/1_0" slope="0.00"/>
        <vehicle id="12" x="679.99" y="401.65" angle="-90.00" type="DEFAULT_VEHTYPE" speed="13.07" pos="120.01" lane="4/2to3/2_0" slope="0.00"/>
        <vehicle id="13" x="715.77" y="401.65" angle="-90.00" type="DEFAULT_VEHTYPE" speed="13.17" pos="84.23" lane="4/2to3/2_0" slope="0.00"/>
        <vehicle id="14" x="533.11" y="601.65" angle="-90.00" type="DEFAULT_VEHTYPE" speed="13.72" pos="62.14" lane="3/3to2/3_0" slope="0.00"/>
        <vehicle id="3" x="386.84" y="201.65" angle="-90.00" type="DEFAULT_VEHTYPE" speed="9.66" pos="8.41" lane="2/1to1/1_0" slope="0.00"/>
        <vehicle id="4" x="422.06" y="401.65" angle="-90.00" type="DEFAULT_VEHTYPE" speed="10.47" pos="173.19" lane="3/2to2/2_0" slope="0.00"/>
        <vehicle id="5" x="198.35" y="421.41" angle="0.00" type="DEFAULT_VEHTYPE" speed="13.31" pos="173.84" lane="1/3to1/2_0" slope="0.00"/>
        <vehicle id="6" x="594.05" y="601.65" angle="-65.21" type="DEFAULT_VEHTYPE" speed="13.24" pos="1.20" lane="3/3to2/3_0" slope="0.00"/>
        <vehicle id="7" x="201.65" y="558.30" angle="180.00" type="DEFAULT_VEHTYPE" speed="12.80" pos="153.55" lane="1/2to1/3_0" slope="0.00"/>
        <vehicle id="8" x="198.35" y="253.29" angle="0.00" type="DEFAULT_VEHTYPE" speed="13.55" pos="141.96" lane="1/2to1/1_0" slope="0.00"/>
        <vehicle id="9" x="398.35" y="473.99" angle="0.00" type="DEFAULT_VEHTYPE" speed="13.44" pos="121.26" lane="2/3to2/2_0" slope="0.00"/>
    </timestep>
    <timestep time="40.00">
        <vehicle id="1" x="199.60" y="599.46" angle="-64.37" type="DEFAULT_VEHTYPE" speed="5.98" pos="5.85" lane=":1/3_6_0" slope="0.00"/>
        <vehicle id="10" x="523.98" y="198.35" angle="90.00" type="DEFAULT_VEHTYPE" speed="12.65" pos="119.23" lane="2/1to3/1_0" slope="0.00"/>
        <vehicle id="11" x="401.65" y="154.01" angle="180.00" type="DEFAULT_VEHTYPE" speed="13.81" pos="154.01" lane="2/0to2/1_0" slope="0.00"/>
        <vehicle id="12" x="666.97" y="401.65" angle="-90.00" type="DEFAULT_VEHTYPE" speed="13.02" pos="133.03" lane="4/2to3/2_0" slope="0.00"/>
        <vehicle id="13" x="702.03" y="401.65" angle="-90.00" type="DEFAULT_VEHTYPE" speed="13.73" pos="97.97" lane="4/2to3/2_0" slope="0.00"/>
        <vehicle id="14" x="520.13" y="601.65" angle="-90.00" type="DEFAULT_VEHTYPE" speed="12.99" pos="75.12" lane="3/3to2/3_0" slope="0.00"/>
        <vehicle id="3" x="375.81" y="201.65" angle="-90.00" type="DEFAULT_VEHTYPE" speed="11.03" pos="19.44" lane="2/1to1/1_0" slope="0.00"/>
        <vehicle id="4" x="414.99" y="401.65" angle="-90.00" type="DEFAULT_VEHTYPE" speed="7.07" pos="180.26" lane="3/2to2/2_0" slope="0.00"/>
        <vehicle id="5" x="198.35" y="407.74" angle="0.00" type="DEFAULT_VEHTYPE" speed="13.67" pos="187.51" lane="1/3to1/2_0" slope="0.00"/>
        <vehicle id="6" x="581.21" y="601.65" angle="-90.00" type="DEFAULT_VEHTYPE" speed="12.84" pos="14.04" lane="3/3to2/3_0" slope="0.00"/>
        <vehicle id="7" x="201.65" y="571.14" angle="180.00" type="DEFAULT_VEHTYPE" speed="12.83" pos="166.39" lane="1/2to1/3_0" slope="0.00"/>
        <vehicle id="8" x="198.35" y="240.53" angle="0.00" type="DEFAULT_VEHTYPE" speed="12.76" pos="154.72" lane="1/2to1/1_0" slope="0.00"/>
        <vehicle id="9" x="398.35" y="461.28" angle="0.00" type="DEFAULT_VEHTYPE" speed="12.71" pos="133.97" lane="2/3to2/2_0" slope="0.00"/>
    </timestep>
    <timestep time="41.00">
        <vehicle id="1" x="198.35" y="591.35" angle="-1.78" type="DEFAULT_VEHTYPE" speed="8.38" pos="3.90" lane="1/3to1/2_0" slope="0.00"/>
        <vehicle id="10" x="537.84" y="198.35" angle="90.00" type="DEFAULT_VEHTYPE" speed="13.86" pos="133.09" lane="2/1to3/1_0" slope="0.00"/>
        <vehicle id="11" x="401.65" y="166.64" angle="180.00" type="DEFAULT_VEHTYPE" speed="12.62" pos="166.64" lane="2/0to2/1_0" slope="0.00"/>
        <vehicle id="12" x="653.56" y="401.65" angle="-90.00" type="DEFAULT_VEHTYPE" speed="13.41" pos="146.44" lane="4/2to3/2_0" slope="0.00"/>
        <vehicle id="13" x="688.85" y="401.65" angle="-90.00" type="DEFAULT_VEHTYPE" speed="13.19" pos="111.15" lane="4/2to3/2_0" slope="0.00"/>
        <vehicle id="14" x="506.49" y="601.65" angle="-90.00" type="DEFAULT_VEHTYPE" speed="13.63" pos="88.76" lane="3/3to2/3_0" slope="0.00"/>
        <vehicle id="3" x="363.46" y="201.65" angle="-90.00" type="DEFAULT_VEHTYPE" speed="12.35" pos="31.79" lane="2/1to1/1_0" slope="0.00"/>
        <vehicle id="4" x="410.03" y="401.65" angle="-90.00" type="DEFAULT_VEHTYPE" speed="4.96" pos="185.22" lane="3/2to2/2_0" slope="0.00"/>
        <vehicle id="5" x="198.35" y="394.65" angle="0.00" type="DEFAULT_VEHTYPE" speed="13.10" pos="0.60" lane="1/2to1/1_0" slope="0.00"/>
        <vehicle id="6" x="568.21" y="601.65" angle="-90.00" type="DEFAULT_VEHTYPE" speed="13.00" pos="27.04" lane="3/3to2/3_0" slope="0.00"/>
        <vehicle id="7" x="201.65" y="583.91" angle="180.00" type="DEFAULT_VEHTYPE" speed="12.77" pos="179.16" lane="1/2to1/3_0" slope="0.00"/>
        <vehicle id="8" x="198.35" y="228.21" angle="0.00" type="DEFAULT_VEHTYPE" speed="12.32" pos="167.04" lane="1/2to1/1_0" slope="0.00"/>
        <vehicle id="9" x="398.35" y="448.56" angle="0.00" type="DEFAULT_VEHTYPE" speed="12.72" pos="146.69" lane="2/3to2/2_0" slope="0.00"/>
    </timestep>
    <timestep time="42.00">
        <vehicle id="1" x="198.35" y="581.30" angle="0.00" type="DEFAULT_VEHTYPE" speed="10.05" pos="13.95" lane="1/3to1/2_0" slope="0.00"/>
        <vehicle id="10" x="551.69" y="198.35" angle="90.00" type="DEFAULT_VEHTYPE" speed="13.86" pos="146.94" lane="2/1to3/1_0" slope="0.00"/>
        <vehicle id="11" x="401.65" y="179.87" angle="180.00" type="DEFAULT_VEHTYPE" speed="13.24" pos="179.87" lane="2/0to2/1_0" slope="0.00"/>
        <vehicle id="12" x="640.50" y="401.65" angle="-90.00" type="DEFAULT_VEHTYPE" speed="13.06" pos="159.50" lane="4/2to3/2_0" slope="0.00"/>
        <vehicle id="13" x="675.46" y="401.65" angle="-90.00" type="DEFAULT_VEHTYPE" speed="13.38" pos="124.54" lane="4/2to3/2_0" slope="0.00"/>
        <vehicle id="14" x="492.76" y="601.65" angle="-90.00" type="DEFAULT_VEHTYPE" speed="13.73" pos="102.49" lane="3/3to2/3_0" slope="0.00"/>
        <vehicle id="3" x="349.73" y="201.65" angle="-90.00" type="DEFAULT_VEHTYPE" speed="13.73" pos="45.52" lane="2/1to1/1_0" slope="0.00"/>
        <vehicle id="4" x="408.72" y="401.65" angle="-90.00" type="DEFAULT_VEHTYPE" speed="1.31" pos="186.53" lane="3/2to2/2_0" slope="0.00"/>
        <vehicle id="5" x="198.35" y="381.89" angle="0.00" type="DEFAULT_VEHTYPE" speed="12.76" pos="13.36" lane="1/2to1/1_0" slope="0.00"/>
        <vehicle id="6" x="554.34" y="601.65" angle="-90.00" type="DEFAULT_VEHTYPE" speed="13.87" pos="40.91" lane="3/3to2/3_0" slope="0.00"/>
        <vehicle id="7" x="202.01" y="596.88" angle="175.87" type="DEFAULT_VEHTYPE" speed="13.04" pos="1.69" lane=":1/3_8_0" slope="0.00"/>
        <vehicle id="8" x="198.35" y="218.46" angle="0.00" type="DEFAULT_VEHTYPE" speed="9.74" pos="176.79" lane="1/2to1/1_0" slope="0.00"/>
        <vehicle id="9" x="398.35" y="435.82" angle="0.00" type="DEFAULT_VEHTYPE" speed="12.74" pos="159.43" lane="2/3to2/2_0" slope="0.00"/>
    </timestep>
    <timestep time="43.00">
        <vehicle id="1" x="198.35" y="568.67" angle="0.00" type="DEFAULT_VEHTYPE" speed="12.63" pos="26.58" lane="1/3to1/2_0" slope="0.00"/>
        <vehicle id="10" x="564.67" y="198.35" angle="90.00" type="DEFAULT_VEHTYPE" speed="12.98" pos="159.92" lane="2/1to3/1_0" slope="0.00"/>
        <vehicle id="11" x="401.65" y="193.16" angle="180.00" type="DEFAULT_VEHTYPE" speed="13.29" pos="193.16" lane="2/0to2/1_0" slope="0.00"/>
        <vehicle id="12" x="627.27" y="401.65" angle="-90.00" type="DEFAULT_VEHTYPE" speed="13.23" pos="172.73" lane="4/2to3/2_0" slope="0.00"/>
        <vehicle id="13" x="662.36" y="401.65" angle="-90.00" type="DEFAULT_VEHTYPE" speed="13.10" pos="137.64" lane="4/2to3/2_0" slope="0.00"/>
        <vehicle id="14" x="479.04" y="601.65" angle="-90.00" type="DEFAULT_VEHTYPE" speed="13.72" pos="116.21" lane="3/3to2/3_0" slope="0.00"/>
        <vehicle id="3" x="336.58" y="201.65" angle="-90.00" type="DEFAULT_VEHTYPE" speed="13.15" pos="58.67" lane="2/1to1/1_0" slope="0.00"/>
        <vehicle id="4" x="407.92" y="401.65" angle="-90.00" type="DEFAULT_VEHTYPE" speed="0.80" pos="187.33" lane="3/2to2/2_0" slope="0.00"/>
        <vehicle id="5" x="198.35" y="369.28" angle="0.00" type="DEFAULT_VEHTYPE" speed="12.61" pos="25.97" lane="1/2to1/1_0" slope="0.00"/>
        <vehicle id="6" x="540.75" y="601.65" angle="-90.00" type="DEFAULT_VEHTYPE" speed="13.59" pos="54.50" lane="3/3to2/3_0" slope="0.00"/>
        <vehicle id="7" x="214.43" y="598.35" angle="90.00" type="DEFAULT_VEHTYPE" speed="12.98" pos="9.68" lane="1/3to2/3_0" slope="0.00"/>
        <vehicle id="8" x="198.35" y="212.93" angle="0.00" type="DEFAULT_VEHTYPE" speed="5.54" pos="182.32" lane="1/2to1/1_0" slope="0.00"/>
        <vehicle id="9" x="398.35" y="422.40" angle="0.00" type="DEFAULT_VEHTYPE" speed="13.42" pos="172.85" lane="2/3to2/2_0" slope="0.00"/>
    </timestep>
    <timestep time="44.00">
        <vehicle id="1" x="198.35" y="554.96" angle="0.00" type="DEFAULT_VEHTYPE" speed="13.71" pos="40.29" lane="1/3to1/2_0" slope="0.00"/>
        <vehicle id="10" x="576.41" y="198.35" angle="90.00" type="DEFAULT_VEHTYPE" speed="11.74" pos="171.66" lane="2/1to3/1_0" slope="0.00"/>
        <vehicle id="11" x="401.65" y="206.88" angle="180.00" type="DEFAULT_VEHTYPE" speed="13.71" pos="2.13" lane="2/1to2/2_0" slope="0.00"/>
        <vehicle id="12" x="618.40" y="401.65" angle="-90.00" type="DEFAULT_VEHTYPE" speed="8.87" pos="181.60" lane="4/2to3/2_0" slope="0.00"/>
        <vehicle id="13" x="649.05" y="401.65" angle="-90.00" type="DEFAULT_VEHTYPE" speed="13.31" pos="150.95" lane="4/2to3/2_0" slope="0.00"/>
        <vehicle id="14" x="466.08" y="601.65" angle="-90.00" type="DEFAULT_VEHTYPE" speed="12.96" pos="129.17" lane="3/3to2/3_0" slope="0.00"/>
        <vehicle id="3" x="322.81" y="201.65" angle="-90.00" type="DEFAULT_VEHTYPE" speed="13.77" pos="72.44" lane="2/1to1/1_0" slope="0.00"/>
        <vehicle id="4" x="407.44" y="401.65" angle="-90.00" type="DEFAULT_VEHTYPE" speed="0.49" pos="187.81" lane="3/2to2/2_0" slope="0.00"/>
        <vehicle id="5" x="198.35" y="356.38" angle="0.00" type="DEFAULT_VEHTYPE" speed="12.90" pos="38.87" lane="1/2to1/1_0" slope="0.00"/>
        <vehicle id="6" x="527.81" y="601.65" angle="-90.00" type="DEFAULT_VEHTYPE" speed="12.95" pos="67.44" lane="3/3to2/3_0" slope="0.00"/>
        <vehicle id="7" x="227.08" y="598.35" angle="90.00" type="DEFAULT_VEHTYPE" speed="12.65" pos="22.33" lane="1/3to2/3_0" slope="0.00"/>
        <vehicle id="8" x="198.35" y="209.50" angle="0.00" type="DEFAULT_VEHTYPE" speed="3.42" pos="185.75" lane="1/2to1/1_0" slope="0.00"/>
        <vehicle id="9" x="398.35" y="408.85" angle="0.00" type="DEFAULT_VEHTYPE" speed="13.55" pos="186.40" lane="2/3to2/2_0" slope="0.00"/>
    </timestep>
    <timestep time="45.00">
        <vehicle id="1" x="198.35" y="541.78" angle="0.00" type="DEFAULT_VEHTYPE" speed="13.18" pos="53.47" lane="1/3to1/2_0" slope="0.00"/>
        <vehicle id="10" x="584.16" y="198.35" angle="90.00" type="DEFAULT_VEHTYPE" speed="7.75" pos="179.41" lane="2/1to3/1_0" slope="0.00"/>
        <vehicle id="11" x="401.65" y="219.88" angle="180.00" type="DEFAULT_VEHTYPE" speed="13.01" pos="15.13" lane="2/1to2/2_0" slope="0.00"/>
        <vehicle id="12" x="613.19" y="401.65" angle="-90.00" type="DEFAULT_VEHTYPE" speed="5.20" pos="186.81" lane="4/2to3/2_0" slope="0.00"/>
        <vehicle id="13" x="636.19" y="401.65" angle="-90.00" type="DEFAULT_VEHTYPE" speed="12.86" pos="163.81" lane="4/2to3/2_0" slope="0.00"/>
        <vehicle id="14" x="453.16" y="601.65" angle="-90.00" type="DEFAULT_VEHTYPE" speed="12.92" pos="142.09" lane="3/3to2/3_0" slope="0.00"/>
        <vehicle id="3" x="309.14" y="201.65" angle="-90.00" type="DEFAULT_VEHTYPE" speed="13.67" pos="86.11" lane="2/1to1/1_0" slope="0.00"/>
        <vehicle id="4" x="407.27" y="401.65" angle="-90.00" type="DEFAULT_VEHTYPE" speed="0.16" pos="187.98" lane="3/2to2/2_0" slope="0.00"/>
        <vehicle id="5" x="198.35" y="343.38" angle="0.00" type="DEFAULT_VEHTYPE" speed="12.99" pos="51.87" lane="1/2to1/1_0" slope="0.00"/>
        <vehicle id="6" x="514.62" y="601.65" angle="-90.00" type="DEFAULT_VEHTYPE" speed="13.19" pos="80.63" lane="3/3to2/3_0" slope="0.00"/>
        <vehicle id="7" x="240.24" y="598.35" angle="90.00" type="DEFAULT_VEHTYPE" speed="13.16" pos="35.49" lane="1/3to2/3_0" slope="0.00"/>
        <vehicle id="8" x="198.49" y="203.77" angle="1.61" type="DEFAULT_VEHTYPE" speed="5.75" pos="0.99" lane=":1/1_2_0" slope="0.00"/>
        <vehicle id="9" x="390.76" y="401.65" angle="-89.18" type="DEFAULT_VEHTYPE" speed="13.59" pos="4.49" lane="2/2to1/2_0" slope="0.00"/>
    </timestep>
    <timestep time="46.00">
        <vehicle id="1" x="198.35" y="528.70" angle="0.00" type="DEFAULT_VEHTYPE" speed="13.08" pos="66.55" lane="1/3to1/2_0" slope="0.00"/>
        <vehicle id="10" x="589.10" y="198.35" angle="90.00" type="DEFAULT_VEHTYPE" speed="4.94" pos="184.35" lane="2/1to3/1_0" slope="0.00"/>
        <vehicle id="11" x="401.65" y="232.83" angle="180.00" type="DEFAULT_VEHTYPE" speed="12.94" pos="28.08" lane="2/1to2/2_0" slope="0.00"/>
        <vehicle id="12" x="609.86" y="401.65" angle="-90.00" type="DEFAULT_VEHTYPE" speed="3.33" pos="190.14" lane="4/2to3/2_0" slope="0.00"/>
        <vehicle id="13" x="627.00" y="401.65" angle="-90.00" type="DEFAULT_VEHTYPE" speed="9.19" pos="173.00" lane="4/2to3/2_0" slope="0.00"/>
        <vehicle id="14" x="439.86" y="601.65" angle="-90.00" type="DEFAULT_VEHTYPE" speed="13.30" pos="155.39" lane="3/3to2/3_0" slope="0.00"/>
        <vehicle id="3" x="295.98" y="201.65" angle="-90.00" type="DEFAULT_VEHTYPE" speed="13.16" pos="99.27" lane="2/1to1/1_0" slope="0.00"/>
        <vehicle id="4" x="407.26" y="401.65" angle="-90.00" type="DEFAULT_VEHTYPE" speed="0.01" pos="187.99" lane="3/2to2/2_0" slope="0.00"/>
        <vehicle id="5" x="198.35" y="329.59" angle="0.00" type="DEFAULT_VEHTYPE" speed="13.80" pos="65.66" lane="1/2to1/1_0" slope="0.00"/>
        <vehicle id="6" x="500.95" y="601.65" angle="-90.00" type="DEFAULT_VEHTYPE" speed="13.67" pos="94.30" lane="3/3to2/3_0" slope="0.00"/>
        <vehicle id="7" x="253.96" y="598.35" angle="90.00" type="DEFAULT_VEHTYPE" speed="13.72" pos="49.21" lane="1/3to2/3_0" slope="0.00"/>
        <vehicle id="8" x="203.39" y="198.54" angle="58.91" type="DEFAULT_VEHTYPE" speed="7.95" pos="1.80" lane=":1/1_16_0" slope="0.00"/>
        <vehicle id="9" x="378.08" y="401.65" angle="-90.00" type="DEFAULT_VEHTYPE" speed="12.69" pos="17.17" lane="2/2to1/2_0" slope="0.00"/>
    </timestep>
    <timestep time="47.00">
        <vehicle id="1" x="198.35" y="515.29" angle="0.00" type="DEFAULT_VEHTYPE" speed="13.41" pos="79.96" lane="1/3to1/2_0" slope="0.00"/>
        <vehicle id="10" x="595.60" y="198.35" angle="90.00" type="DEFAULT_VEHTYPE" speed="6.50" pos="0.35" lane=":3/1_13_0" slope="0.00"/>
        <vehicle id="11" x="401.65" y="246.65" angle="180.00" type="DEFAULT_VEHTYPE" speed="13.83" pos="41.90" lane="2/1to2/2_0" slope="0.00"/>
        <vehicle id="12" x="604.58" y="401.65" angle="-90.00" type="DEFAULT_VEHTYPE" speed="5.27" pos="0.17" lane=":3/2_5_0" slope="0.00"/>
        <vehicle id="13" x="622.31" y="401.65" angle="-90.00" type="DEFAULT_VEHTYPE" speed="4.69" pos="177.69" lane="4/2to3/2_0" slope="0.00"/>
        <vehicle id="14" x="427.06" y="601.65" angle="-90.00" type="DEFAULT_VEHTYPE" speed="12.81" pos="168.19" lane="3/3to2/3_0" slope="0.00"/>
        <vehicle id="3" x="282.70" y="201.65" angle="-90.00" type="DEFAULT_VEHTYPE" speed="13.28" pos="112.55" lane="2/1to1/1_0" slope="0.00"/>
        <vehicle id="4" x="405.17" y="401.65" angle="-90.00" type="DEFAULT_VEHTYPE" speed="2.09" pos="190.08" lane="3/2to2/2_0" slope="0.00"/>
        <vehicle id="5" x="198.35" y="316.65" angle="0.00" type="DEFAULT_VEHTYPE" speed="12.94" pos="78.60" lane="1/2to1/1_0" slope="0.00"/>
        <vehicle id="6" x="487.67" y="601.65" angle="-90.00" type="DEFAULT_VEHTYPE" speed="13.29" pos="107.58" lane="3/3to2/3_0" slope="0.00"/>
        <vehicle id="7" x="267.39" y="598.35" angle="90.00" type="DEFAULT_VEHTYPE" speed="13.43" pos="62.64" lane="1/3to2/3_0" slope="0.00"/>
        <vehicle id="8" x="212.67" y="198.35" angle="90.00" type="DEFAULT_VEHTYPE" speed="9.30" pos="7.92" lane="1/1to2/1_0" slope="0.00"/>
        <vehicle id="9" x="365.16" y="401.65" angle="-90.00" type="DEFAULT_VEHTYPE" speed="12.91" pos="30.09" lane="2/2to1/2_0" slope="0.00"/>
    </timestep>
    <timestep time="48.00">
        <vehicle id="1" x="198.35" y="502.05" angle="0.00" type="DEFAULT_VEHTYPE" speed="13.24" pos="93.20" lane="1/3to1/2_0" slope="0.00"/>
        <vehicle id="10" x="604.16" y="198.35" angle="90.00" type="DEFAULT_VEHTYPE" speed="8.56" pos="8.91" lane=":3/1_13_0" slope="0.00"/>
        <vehicle id="11" x="401.65" y="259.56" angle="180.00" type="DEFAULT_VEHTYPE" speed="12.90" pos="54.81" lane="2/1to2/2_0" slope="0.00"/>
        <vehicle id="12" x="597.09" y="401.65" angle="-90.00" type="DEFAULT_VEHTYPE" speed="7.50" pos="7.66" lane=":3/2_5_0" slope="0.00"/>
        <vehicle id="13" x="616.30" y="401.65" angle="-90.00" type="DEFAULT_VEHTYPE" speed="6.01" pos="183.70" lane="4/2to3/2_0" slope="0.00"/>
        <vehicle id="14" x="417.50" y="601.65" angle="-90.00" type="DEFAULT_VEHTYPE" speed="9.56" pos="177.75" lane="3/3to2/3_0" slope="0.00"/>
        <vehicle id="3" x="269.77" y="201.65" angle="-90.00" type="DEFAULT_VEHTYPE" speed="12.93" pos="125.48" lane="2/1to1/1_0" slope="0.00"/>
        <vehicle id="4" x="401.21" y="401.65" angle="-90.00" type="DEFAULT_VEHTYPE" speed="3.96" pos="3.54" lane=":2/2_5_0" slope="0.00"/>
        <vehicle id="5" x="198.35" y="303.24" angle="0.00" type="DEFAULT_VEHTYPE" speed="13.41" pos="92.01" lane="1/2to1/1_0" slope="0.00"/>
        <vehicle id="6" x="474.45" y="601.65" angle="-90.00" type="DEFAULT_VEHTYPE" speed="13.22" pos="120.80" lane="3/3to2/3_0" slope="0.00"/>
        <vehicle id="7" x="280.16" y="598.35" angle="90.00" type="DEFAULT_VEHTYPE" speed="12.77" pos="75.41" lane="1/3to2/3_0" slope="0.00"/>
        <vehicle id="8" x="223.53" y="198.35" angle="90.00" type="DEFAULT_VEHTYPE" speed="10.86" pos="18.78" lane="1/1to2/1_0" slope="0.00"/>
        <vehicle id="9" x="351.65" y="401.65" angle="-90.00" type="DEFAULT_VEHTYPE" speed="13.51" pos="43.60" lane="2/2to1/2_0" slope="0.00"/>
    </timestep>
    <timestep time="49.00">
        <vehicle id="1" x="198.35" y="489.44" angle="0.00" type="DEFAULT_VEHTYPE" speed="12.61" pos="105.81" lane="1/3to1/2_0" slope="0.00"/>
        <vehicle id="10" x="614.88" y="198.35" angle="90.00" type="DEFAULT_VEHTYPE" speed="10.72" pos="10.13" lane="3/1to4/1_0" slope="0.00"/>
        <vehicle id="11" x="401.65" y="272.23" angle="180.00" type="DEFAULT_VEHTYPE" speed="12.67" pos="67.48" lane="2/1to2/2_0" slope="0.00"/>
        <vehicle id="12" x="588.17" y="401.65" angle="-90.00" type="DEFAULT_VEHTYPE" speed="8.92" pos="7.08" lane="3/2to2/2_0" slope="0.00"/>
        <vehicle id="13" x="611.03" y="401.65" angle="-90.00" type="DEFAULT_VEHTYPE" speed="5.27" pos="188.97" lane="4/2to3/2_0" slope="0.00"/>
        <vehicle id="14" x="412.44" y="601.65" angle="-90.00" type="DEFAULT_VEHTYPE" speed="5.06" pos="182.81" lane="3/3to2/3_0" slope="0.00"/>
        <vehicle id="3" x="257.05" y="201.65" angle="-90.00" type="DEFAULT_VEHTYPE" speed="12.72" pos="138.20" lane="2/1to1/1_0" slope="0.00"/>
        <vehicle id="4" x="395.31" y="401.65" angle="-90.00" type="DEFAULT_VEHTYPE" speed="5.91" pos="9.44" lane=":2/2_5_0" slope="0.00"/>
        <vehicle id="5" x="198.35" y="289.70" angle="0.00" type="DEFAULT_VEHTYPE" speed="13.54" pos="105.55" lane="1/2to1/1_0" slope="0.00"/>
        <vehicle id="6" x="460.70" y="601.65" angle="-90.00" type="DEFAULT_VEHTYPE" speed="13.75" pos="134.55" lane="3/3to2/3_0" slope="0.00"/>
        <vehicle id="7" x="293.15" y="598.35" angle="90.00" type="DEFAULT_VEHTYPE" speed="12.99" pos="88.40" lane="1/3to2/3_0" slope="0.00"/>
        <vehicle id="8" x="235.77" y="198.35" angle="90.00" type="DEFAULT_VEHTYPE" speed="12.23" pos="31.02" lane="1/1to2/1_0" slope="0.00"/>
        <vehicle id="9" x="339.04" y="401.65" angle="-90.00" type="DEFAULT_VEHTYPE" speed="12.61" pos="56.21" lane="2/2to1/2_0" slope="0.00"/>
    </timestep>
    <timestep time="50.00">
        <vehicle id="1" x="198.35" y="475.71" angle="0.00" type="DEFAULT_VEHTYPE" speed="13.73" pos="119.54" lane="1/3to1/2_0" slope="0.00"/>
        <vehicle id="10" x="627.34" y="198.35" angle="90.00" type="DEFAULT_VEHTYPE" speed="12.45" pos="22.59" lane="3/1to4/1_0" slope="0.00"/>
        <vehicle id="11" x="401.65" y="285.85" angle="180.00" type="DEFAULT_VEHTYPE" speed="13.62" pos="81.10" lane="2/1to2/2_0" slope="0.00"/>
        <vehicle id="12" x="576.69" y="401.65" angle="-90.00" type="DEFAULT_VEHTYPE" speed="11.49" pos="18.56" lane="3/2to2/2_0" slope="0.00"/>
        <vehicle id="13" x="603.20" y="401.65" angle="-90.00" type="DEFAULT_VEHTYPE" speed="7.83" pos="1.55" lane=":3/2_5_0" slope="0.00"/>
        <vehicle id="14" x="408.84" y="601.65" angle="-90.00" type="DEFAULT_VEHTYPE" speed="3.60" pos="186.41" lane="3/3to2/3_0" slope="0.00"/>
        <vehicle id="3" x="243.18" y="201.65" angle="-90.00" type="DEFAULT_VEHTYPE" speed="13.87" pos="152.07" lane="2/1to1/1_0" slope="0.00"/>
        <vehicle id="4" x="387.26" y="401.65" angle="-90.00" type="DEFAULT_VEHTYPE" speed="8.05" pos="7.99" lane="2/2to1/2_0" slope="0.00"/>
        <vehicle id="5" x="198.35" y="277.06" angle="0.00" type="DEFAULT_VEHTYPE" speed="12.65" pos="118.19" lane="1/2to1/1_0" slope="0.00"/>
        <vehicle id="6" x="447.92" y="601.65" angle="-90.00" type="DEFAULT_VEHTYPE" speed="12.78" pos="147.33" lane="3/3to2/3_0" slope="0.00"/>
        <vehicle id="7" x="305.82" y="598.35" angle="90.00" type="DEFAULT_VEHTYPE" speed="12.67" pos="101.07" lane="1/3to2/3_0" slope="0.00"/>
        <vehicle id="8" x="248.92" y="198.35" angle="90.00" type="DEFAULT_VEHTYPE" speed="13.16" pos="44.17" lane="1/1to2/1_0" slope="0.00"/>
        <vehicle id="9" x="325.27" y="401.65" angle="-90.00" type="DEFAULT_VEHTYPE" speed="13.77" pos="69.98" lane="2/2to1/2_0" slope="0.00"/>
    </timestep>
    <timestep time="51.00">
        <vehicle id="1" x="198.35" y="463.04" angle="0.00" type="DEFAULT_VEHTYPE" speed="12.67" pos="132.21" lane="1/3to1/2_0" slope="0.00"/>
        <vehicle id="10" x="640.45" y="198.35" angle="90.00" type="DEFAULT_VEHTYPE" speed="13.11" pos="35.70" lane="3/1to4/1_0" slope="0.00"/>
        <vehicle id="11" x="401.65" y="299.47" angle="180.00" type="DEFAULT_VEHTYPE" speed="13.62" pos="94.72" lane="2/1to2/2_0" slope="0.00"/>
        <vehicle id="12" x="563.94" y="401.65" angle="-90.00" type="DEFAULT_VEHTYPE" speed="12.75" pos="31.31" lane="3/2to2/2_0" slope="0.00"/>
        <vehicle id="13" x="593.39" y="401.65" angle="-90.00" type="DEFAULT_VEHTYPE" speed="9.81" pos="1.86" lane="3/2to2/2_0" slope="0.00"/>
        <vehicle id="14" x="403.21" y="601.65" angle="-90.00" type="DEFAULT_VEHTYPE" speed="5.63" pos="1.54" lane=":2/3_5_0" slope="0.00"/>
        <vehicle id="3" x="230.30" y="201.65" angle="-90.00" type="DEFAULT_VEHTYPE" speed="12.88" pos="164.95" lane="2/1to1/1_0" slope="0.00"/>
        <vehicle id="4" x="377.50" y="401.65" angle="-90.00" type="DEFAULT_VEHTYPE" speed="9.76" pos="17.75" lane="2/2to1/2_0" slope="0.00"/>
        <vehicle id="5" x="198.35" y="263.64" angle="0.00" type="DEFAULT_VEHTYPE" speed="13.42" pos="131.61" lane="1/2to1/1_0" slope="0.00"/>
        <vehicle id="6" x="435.32" y="601.65" angle="-90.00" type="DEFAULT_VEHTYPE" speed="12.60" pos="159.93" lane="3/3to2/3_0" slope="0.00"/>
        <vehicle id="7" x="318.70" y="598.35" angle="90.00" type="DEFAULT_VEHTYPE" speed="12.87" pos="113.95" lane="1/3to2/3_0" slope="0.00"/>
        <vehicle id="8" x="262.51" y="198.35" angle="90.00" type="DEFAULT_VEHTYPE" speed="13.58" pos="57.76" lane="1/1to2/1_0" slope="0.00"/>
        <vehicle id="9" x="311.44" y="401.65" angle="-90.00" type="DEFAULT_VEHTYPE" speed="13.83" pos="83.81" lane="2/2to1/2_0" slope="0.00"/>
    </timestep>
    <timestep time="52.00">
        <vehicle id="1" x="198.35" y="450.41" angle="0.00" type="DEFAULT_VEHTYPE" speed="12.63" pos="144.84" lane="1/3to1/2_0" slope="0.00"/>
        <vehicle id="10" x="653.57" y="198.35" angle="90.00" type="DEFAULT_VEHTYPE" speed="13.12" pos="48.82" lane="3/1to4/1_0" slope="0.00"/>
        <vehicle id="11" x="401.65" y="313.09" angle="180.00" type="DEFAULT_VEHTYPE" speed="13.62" pos="108.34" lane="2/1to2/2_0" slope="0.00"/>
        <vehicle id="12" x="550.98" y="401.65" angle="-90.00" type="DEFAULT_VEHTYPE" speed="12.95" pos="44.27" lane="3/2to2/2_0" slope="0.00"/>
        <vehicle id="13" x="582.03" y="401.65" angle="-90.00" type="DEFAULT_VEHTYPE" speed="11.35" pos="13.22" lane="3/2to2/2_0" slope="0.00"/>
        <vehicle id="14" x="396.12" y="601.65" angle="-90.00" type="DEFAULT_VEHTYPE" speed="7.09" pos="8.63" lane=":2/3_5_0" slope="0.00"/>
        <vehicle id="3" x="220.20" y="201.65" angle="-90.00" type="DEFAULT_VEHTYPE" speed="10.10" pos="175.05" lane="2/1to1/1_0" slope="0.00"/>
        <vehicle id="4" x="366.14" y="401.65" angle="-90.00" type="DEFAULT_VEHTYPE" speed="11.35" pos="29.11" lane="2/2to1/2_0" slope="0.00"/>
        <vehicle id="5" x="198.35" y="250.82" angle="0.00" type="DEFAULT_VEHTYPE" speed="12.82" pos="144.43" lane="1/2to1/1_0" slope="0.00"/>
        <vehicle id="6" x="423.71" y="601.65" angle="-90.00" type="DEFAULT_VEHTYPE" speed="11.61" pos="171.54" lane="3/3to2/3_0" slope="0.00"/>
        <vehicle id="7" x="331.46" y="598.35" angle="90.00" type="DEFAULT_VEHTYPE" speed="12.76" pos="126.71" lane="1/3to2/3_0" slope="0.00"/>
        <vehicle id="8" x="276.23" y="198.35" angle="90.00" type="DEFAULT_VEHTYPE" speed="13.72" pos="71.48" lane="1/1to2/1_0" slope="0.00"/>
        <vehicle id="9" x="298.07" y="401.65" angle="-90.00" type="DEFAULT_VEHTYPE" speed="13.37" pos="97.18" lane="2/2to1/2_0" slope="0.00"/>
    </timestep>
    <timestep time="53.00">
        <vehicle id="1" x="198.35" y="436.99" angle="0.00" type="DEFAULT_VEHTYPE" speed="13.42" pos="158.26" lane="1/3to1/2_0" slope="0.00"/>
        <vehicle id="10" x="667.30" y="198.35" angle="90.00" type="DEFAULT_VEHTYPE" speed="13.73" pos="62.55" lane="3/1to4/1_0" slope="0.00"/>
        <vehicle id="11" x="401.65" y="325.72" angle="180.00" type="DEFAULT_VEHTYPE" speed="12.63" pos="120.97" lane="2/1to2/2_0" slope="0.00"/>
        <vehicle id="12" x="538.02" y="401.65" angle="-90.00" type="DEFAULT_VEHTYPE" speed="12.96" pos="57.23" lane="3/2to2/2_0" slope="0.00"/>
        <vehicle id="13" x="569.03" y="401.65" angle="-90.00" type="DEFAULT_VEHTYPE" speed="13.00" pos="26.22" lane="3/2to2/2_0" slope="0.00"/>
        <vehicle id="14" x="386.52" y="601.65" angle="-90.00" type="DEFAULT_VEHTYPE" speed="9.60" pos="8.73" lane="2/3to1/3_0" slope="0.00"/>
        <vehicle id="3" x="213.95" y="201.65" angle="-90.00" type="DEFAULT_VEHTYPE" speed="6.25" pos="181.30" lane="2/1to1/1_0" slope="0.00"/>
        <vehicle id="4" x="352.93" y="401.65" angle="-90.00" type="DEFAULT_VEHTYPE" speed="13.21" pos="42.32" lane="2/2to1/2_0" slope="0.00"/>
        <vehicle id="5" x="198.35" y="238.12" angle="0.00" type="DEFAULT_VEHTYPE" speed="12.70" pos="157.13" lane="1/2to1/1_0" slope="0.00"/>
        <vehicle id="6" x="415.52" y="601.65" angle="-90.00" type="DEFAULT_VEHTYPE" speed="8.19" pos="179.73" lane="3/3to2/3_0" slope="0.00"/>
        <vehicle id="7" x="345.15" y="598.35" angle="90.00" type="DEFAULT_VEHTYPE" speed="13.69" pos="140.40" lane="1/3to2/3_0" slope="0.00"/>
        <vehicle id="8" x="289.70" y="198.35" angle="90.00" type="DEFAULT_VEHTYPE" speed="13.47" pos="84.95" lane="1/1to2/1_0" slope="0.00"/>
        <vehicle id="9" x="284.65" y="401.65" angle="-90.00" type="DEFAULT_VEHTYPE" speed="13.43" pos="110.60" lane="2/2to1/2_0" slope="0.00"/>
    </timestep>
    <timestep time="54.00">
        <vehicle id="1" x="198.35" y="425.60" angle="0.00" type="DEFAULT_VEHTYPE" speed="11.39" pos="169.65" lane="1/3to1/2_0" slope="0.00"/>
        <vehicle id="10" x="680.66" y="198.35" angle="90.00" type="DEFAULT_VEHTYPE" speed="13.37" pos="75.91" lane="3/1to4/1_0" slope="0.00"/>
        <vehicle id="11" x="401.65" y="339.41" angle="180.00" type="DEFAULT_VEHTYPE" speed="13.69" pos="134.66" lane="2/1to2/2_0" slope="0.00"/>
        <vehicle id="12" x="525.40" y="401.65" angle="-90.00" type="DEFAULT_VEHTYPE" speed="12.62" pos="69.85" lane="3/2to2/2_0" slope="0.00"/>
        <vehicle id="13" x="555.18" y="401.65" angle="-90.00" type="DEFAULT_VEHTYPE" speed="13.85" pos="40.07" lane="3/2to2/2_0" slope="0.00"/>
        <vehicle id="14" x="375.02" y="601.65" angle="-90.00" type="DEFAULT_VEHTYPE" speed="11.50" pos="20.23" lane="2/3to1/3_0" slope="0.00"/>
        <vehicle id="3" x="209.92" y="201.65" angle="-90.00" type="DEFAULT_VEHTYPE" speed="4.03" pos="185.33" lane="2/1to1/1_0" slope="0.00"/>
        <vehicle id="4" x="339.14" y="401.65" angle="-90.00" type="DEFAULT_VEHTYPE" speed="13.79" pos="56.11" lane="2/2to1/2_0" slope="0.00"/>
        <vehicle id="5" x="198.35" y="226.40" angle="0.00" type="DEFAULT_VEHTYPE" speed="11.72" pos="168.85" lane="1/2to1/1_0" slope="0.00"/>
        <vehicle id="6" x="411.06" y="601.65" angle="-90.00" type="DEFAULT_VEHTYPE" speed="4.46" pos="184.19" lane="3/3to2/3_0" slope="0.00"/>
        <vehicle id="7" x="358.35" y="598.35" angle="90.00" type="DEFAULT_VEHTYPE" speed="13.20" pos="153.60" lane="1/3to2/3_0" slope="0.00"/>
        <vehicle id="8" x="303.08" y="198.35" angle="90.00" type="DEFAULT_VEHTYPE" speed="13.38" pos="98.33" lane="1/1to2/1_0" slope="0.00"/>
        <vehicle id="9" x="271.07" y="401.65" angle="-90.00" type="DEFAULT_VEHTYPE" speed="13.57" pos="124.18" lane="2/2to1/2_0" slope="0.00"/>
    </timestep>
    <timestep time="55.00">
        <vehicle id="1" x="198.35" y="417.61" angle="0.00" type="DEFAULT_VEHTYPE" speed="7.99" pos="177.64" lane="1/3to1/2_0" slope="0.00"/>
        <vehicle id="10" x="693.52" y="198.35" angle="90.00" type="DEFAULT_VEHTYPE" speed="12.86" pos="88.77" lane="3/1to4/1_0" slope="0.00"/>
        <vehicle id="11" x="401.65" y="352.78" angle="180.00" type="DEFAULT_VEHTYPE" speed="13.37" pos="148.03" lane="2/1to2/2_0" slope="0.00"/>
        <vehicle id="12" x="512.03" y="401.65" angle="-90.00" type="DEFAULT_VEHTYPE" speed="13.37" pos="83.22" lane="3/2to2/2_0" slope="0.00"/>
        <vehicle id="13" x="542.29" y="401.65" angle="-90.00" type="DEFAULT_VEHTYPE" speed="12.89" pos="52.96" lane="3/2to2/2_0" slope="0.00"/>
        <vehicle id="14" x="361.57" y="601.65" angle="-90.00" type="DEFAULT_VEHTYPE" speed="13.45" pos="33.68" lane="2/3to1/3_0" slope="0.00"/>
        <vehicle id="3" x="204.40" y="201.70" angle="-90.57" type="DEFAULT_VEHTYPE" speed="5.53" pos="0.36" lane=":1/1_4_0" slope="0.00"/>
        <vehicle id="4" x="326.35" y="401.65" angle="-90.00" type="DEFAULT_VEHTYPE" speed="12.79" pos="68.90" lane="2/2to1/2_0" slope="0.00"/>
        <vehicle id="5" x="198.35" y="218.15" angle="0.00" type="DEFAULT_VEHTYPE" speed="8.25" pos="177.10" lane="1/2to1/1_0" slope="0.00"/>
        <vehicle id="6" x="404.09" y="601.56" angle="-88.91" type="DEFAULT_VEHTYPE" speed="6.98" pos="0.67" lane=":2/3_6_0" slope="0.00"/>
        <vehicle id="7" x="370.80" y="598.35" angle="90.00" type="DEFAULT_VEHTYPE" speed="12.45" pos="166.05" lane="1/3to2/3_0" slope="0.00"/>
        <vehicle id="8" x="316.80" y="198.35" angle="90.00" type="DEFAULT_VEHTYPE" speed="13.72" pos="112.05" lane="1/1to2/1_0" slope="0.00"/>
        <vehicle id="9" x="258.06" y="401.65" angle="-90.00" type="DEFAULT_VEHTYPE" speed="13.01" pos="137.19" lane="2/2to1/2_0" slope="0.00"/>
    </timestep>
    <timestep time="56.00">
        <vehicle id="1" x="198.35" y="412.26" angle="0.00" type="DEFAULT_VEHTYPE" speed="5.34" pos="182.99" lane="1/3to1/2_0" slope="0.00"/>
        <vehicle id="10" x="706.96" y="198.35" angle="90.00" type="DEFAULT_VEHTYPE" speed="13.43" pos="102.21" lane="3/1to4/1_0" slope="0.00"/>
        <vehicle id="11" x="401.65" y="365.91" angle="180.00" type="DEFAULT_VEHTYPE" speed="13.14" pos="161.16" lane="2/1to2/2_0" slope="0.00"/>
        <vehicle id="12" x="498.41" y="401.65" angle="-90.00" type="DEFAULT_VEHTYPE" speed="13.62" pos="96.84" lane="3/2to2/2_0" slope="0.00"/>
        <vehicle id="13" x="529.35" y="401.65" angle="-90.00" type="DEFAULT_VEHTYPE" speed="12.94" pos="65.90" lane="3/2to2/2_0" slope="0.00"/>
        <vehicle id="14" x="348.25" y="601.65" angle="-90.00" type="DEFAULT_VEHTYPE" speed="13.32" pos="47.00" lane="2/3to1/3_0" slope="0.00"/>
        <vehicle id="3" x="201.65" y="208.08" angle="-176.01" type="DEFAULT_VEHTYPE" speed="7.97" pos="3.33" lane="1/1to1/2_0" slope="0.00"/>
        <vehicle id="4" x="313.08" y="401.65" angle="-90.00" type="DEFAULT_VEHTYPE" speed="13.28" pos="82.17" lane="2/2to1/2_0" slope="0.00"/>
        <vehicle id="5" x="198.35" y="211.87" angle="0.00" type="DEFAULT_VEHTYPE" speed="6.28" pos="183.38" lane="1/2to1/1_0" slope="0.00"/>
        <vehicle id="6" x="398.45" y="595.98" angle="-24.50" type="DEFAULT_VEHTYPE" speed="8.92" pos="9.58" lane=":2/3_6_0" slope="0.00"/>
        <vehicle id="7" x="380.83" y="598.35" angle="90.00" type="DEFAULT_VEHTYPE" speed="10.03" pos="176.08" lane="1/3to2/3_0" slope="0.00"/>
        <vehicle id="8" x="330.61" y="198.35" angle="90.00" type="DEFAULT_VEHTYPE" speed="13.81" pos="125.86" lane="1/1to2/1_0" slope="0.00"/>
        <vehicle id="9" x="244.48" y="401.65" angle="-90.00" type="DEFAULT_VEHTYPE" speed="13.58" pos="150.77" lane="2/2to1/2_0" slope="0.00"/>
    </timestep>
    <timestep time="57.00">
        <vehicle id="1" x="198.35" y="409.94" angle="0.00" type="DEFAULT_VEHTYPE" speed="2.32" pos="185.31" lane="1/3to1/2_0" slope="0.00"/>
        <vehicle id="10" x="720.35" y="198.35" angle="90.00" type="DEFAULT_VEHTYPE" speed="13.39" pos="115.60" lane="3/1to4/1_0" slope="0.00"/>
        <vehicle id="11" x="401.65" y="379.10" angle="180.00" type="DEFAULT_VEHTYPE" speed="13.18" pos="174.35" lane="2/1to2/2_0" slope="0.00"/>
        <vehicle id="12" x="485.24" y="401.65" angle="-90.00" type="DEFAULT_VEHTYPE" speed="13.17" pos="110.01" lane="3/2to2/2_0" slope="0.00"/>
        <vehicle id="13" x="515.79" y="401.65" angle="-90.00" type="DEFAULT_VEHTYPE" speed="13.56" pos="79.46" lane="3/2to2/2_0" slope="0.00"/>
        <vehicle id="14" x="334.99" y="601.65" angle="-90.00" type="DEFAULT_VEHTYPE" speed="13.26" pos="60.26" lane="2/3to1/3_0" slope="0.00"/>
        <vehicle id="3" x="201.65" y="218.11" angle="180.00" type="DEFAULT_VEHTYPE" speed="10.03" pos="13.36" lane="1/1to1/2_0" slope="0.00"/>
        <vehicle id="4" x="299.83" y="401.65" angle="-90.00" type="DEFAULT_VEHTYPE" speed="13.24" pos="95.42" lane="2/2to1/2_0" slope="0.00"/>
        <vehicle id="5" x="198.35" y="209.53" angle="0.00" type="DEFAULT_VEHTYPE" speed="2.34" pos="185.72" lane="1/2to1/1_0" slope="0.00"/>
        <vehicle id="6" x="398.35" y="585.45" angle="0.00" type="DEFAULT_VEHTYPE" speed="10.54" pos="9.80" lane="2/3to2/2_0" slope="0.00"/>
        <vehicle id="7" x="386.39" y="598.35" angle="90.00" type="DEFAULT_VEHTYPE" speed="5.56" pos="181.64" lane="1/3to2/3_0" slope="0.00"/>
        <vehicle id="8" x="344.21" y="198.35" angle="90.00" type="DEFAULT_VEHTYPE" speed="13.60" pos="139.46" lane="1/1to2/1_0" slope="0.00"/>
        <vehicle id="9" x="231.26" y="401.65" angle="-90.00" type="DEFAULT_VEHTYPE" speed="13.22" pos="163.99" lane="2/2to1/2_0" slope="0.00"/>
    </timestep>
    <timestep time="58.00">
        <vehicle id="1" x="198.35" y="405.23" angle="0.00" type="DEFAULT_VEHTYPE" speed="4.71" pos="190.02" lane="1/3to1/2_0" slope="0.00"/>
        <vehicle id="10" x="733.16" y="198.35" angle="90.00" type="DEFAULT_VEHTYPE" speed="12.81" pos="128.41" lane="3/1to4/1_0" slope="0.00"/>
        <vehicle id="11" x="401.65" y="391.99" angle="180.00" type="DEFAULT_VEHTYPE" speed="12.89" pos="187.24" lane="2/1to2/2_0" slope="0.00"/>
        <vehicle id="12" x="471.56" y="401.65" angle="-90.00" type="DEFAULT_VEHTYPE" speed="13.68" pos="123.69" lane="3/2to2/2_0" slope="0.00"/>
        <vehicle id="13" x="502.36" y="401.65" angle="-90.00" type="DEFAULT_VEHTYPE" speed="13.43" pos="92.89" lane="3/2to2/2_0" slope="0.00"/>
        <vehicle id="14" x="321.67" y="601.65" angle="-90.00" type="DEFAULT_VEHTYPE" speed="13.32" pos="73.58" lane="2/3to1/3_0" slope="0.00"/>
        <vehicle id="3" x="201.65" y="229.65" angle="180.00" type="DEFAULT_VEHTYPE" speed="11.55" pos="24.90" lane="1/1to1/2_0" slope="0.00"/>
        <vehicle id="4" x="286.56" y="401.65" angle="-90.00" type="DEFAULT_VEHTYPE" speed="13.28" pos="108.69" lane="2/2to1/2_0" slope="0.00"/>
        <vehicle id="5" x="198.35" y="205.88" angle="0.00" type="DEFAULT_VEHTYPE" speed="3.65" pos="189.37" lane="1/2to1/1_0" slope="0.00"/>
        <vehicle id="6" x="398.35" y="572.42" angle="0.00" type="DEFAULT_VEHTYPE" speed="13.03" pos="22.83" lane="2/3to2/2_0" slope="0.00"/>
        <vehicle id="7" x="390.63" y="598.35" angle="90.00" type="DEFAULT_VEHTYPE" speed="4.24" pos="185.88" lane="1/3to2/3_0" slope="0.00"/>
        <vehicle id="8" x="357.31" y="198.35" angle="90.00" type="DEFAULT_VEHTYPE" speed="13.09" pos="152.56" lane="1/1to2/1_0" slope="0.00"/>
        <vehicle id="9" x="221.19" y="401.65" angle="-90.00" type="DEFAULT_VEHTYPE" speed="10.07" pos="174.06" lane="2/2to1/2_0" slope="0.00"/>
    </timestep>
    <timestep time="59.00">
        <vehicle id="1" x="200.96" y="399.35" angle="30.59" type="DEFAULT_VEHTYPE" speed="6.81" pos="6.33" lane=":1/2_2_0" slope="0.00"/>
        <vehicle id="10" x="746.83" y="198.35" angle="90.00" type="DEFAULT_VEHTYPE" speed="13.66" pos="142.08" lane="3/1to4/1_0" slope="0.00"/>
        <vehicle id="11" x="409.65" y="398.35" angle="90.17" type="DEFAULT_VEHTYPE" speed="13.16" pos="4.90" lane="2/2to3/2_0" slope="0.00"/>
        <vehicle id="12" x="458.67" y="401.65" angle="-90.00" type="DEFAULT_VEHTYPE" speed="12.89" pos="136.58" lane="3/2to2/2_0" slope="0.00"/>
        <vehicle id="13" x="489.04" y="401.65" angle="-90.00" type="DEFAULT_VEHTYPE" speed="13.32" pos="106.21" lane="3/2to2/2_0" slope="0.00"/>
        <vehicle id="14" x="308.46" y="601.65" angle="-90.00" type="DEFAULT_VEHTYPE" speed="13.22" pos="86.79" lane="2/3to1/3_0" slope="0.00"/>
        <vehicle id="3" x="201.65" y="242.34" angle="180.00" type="DEFAULT_VEHTYPE" speed="12.68" pos="37.59" lane="1/1to1/2_0" slope="0.00"/>
        <vehicle id="4" x="273.28" y="401.65" angle="-90.00" type="DEFAULT_VEHTYPE" speed="13.28" pos="121.97" lane="2/2to1/2_0" slope="0.00"/>
        <vehicle id="5" x="199.62" y="200.50" angle="15.01" type="DEFAULT_VEHTYPE" speed="5.64" pos="4.52" lane=":1/1_2_0" slope="0.00"/>
        <vehicle id="6" x="398.35" y="558.75" angle="0.00" type="DEFAULT_VEHTYPE" speed="13.68" pos="36.50" lane="2/3to2/2_0" slope="0.00"/>
        <vehicle id="7" x="396.37" y="598.51" angle="91.84" type="DEFAULT_VEHTYPE" speed="5.75" pos="1.13" lane=":2/3_14_0" slope="0.00"/>
        <vehicle id="8" x="371.12" y="198.35" angle="90.00" type="DEFAULT_VEHTYPE" speed="13.81" pos="166.37" lane="1/1to2/1_0" slope="0.00"/>
        <vehicle id="9" x="214.84" y="401.65" angle="-90.00" type="DEFAULT_VEHTYPE" speed="6.35" pos="180.41" lane="2/2to1/2_0" slope="0.00"/>
    </timestep>
    <timestep time="60.00">
        <vehicle id="1" x="209.39" y="398.35" angle="89.41" type="DEFAULT_VEHTYPE" speed="8.63" pos="4.64" lane="1/2to2/2_0" slope="0.00"/>
        <vehicle id="10" x="760.64" y="198.35" angle="90.00" type="DEFAULT_VEHTYPE" speed="13.81" pos="155.89" lane="3/1to4/1_0" slope="0.00"/>
        <vehicle id="11" x="422.35" y="398.35" angle="90.00" type="DEFAULT_VEHTYPE" speed="12.70" pos="17.60" lane="2/2to3/2_0" slope="0.00"/>
        <vehicle id="12" x="445.23" y="401.65" angle="-90.00" type="DEFAULT_VEHTYPE" speed="13.44" pos="150.02" lane="3/2to2/2_0" slope="0.00"/>
        <vehicle id="13" x="475.75" y="401.65" angle="-90.00" type="DEFAULT_VEHTYPE" speed="13.28" pos="119.50" lane="3/2to2/2_0" slope="0.00"/>
        <vehicle id="14" x="294.87" y="601.65" angle="-90.00" type="DEFAULT_VEHTYPE" speed="13.59" pos="100.38" lane="2/3to1/3_0" slope="0.00"/>
        <vehicle id="3" x="201.65" y="255.70" angle="180.00" type="DEFAULT_VEHTYPE" speed="13.37" pos="50.95" lane="1/1to1/2_0" slope="0.00"/>
        <vehicle id="4" x="259.48" y="401.65" angle="-90.00" type="DEFAULT_VEHTYPE" speed="13.80" pos="135.77" lane="2/2to1/2_0" slope="0.00"/>
        <vehicle id="5" x="206.96" y="198.35" angle="85.47" type="DEFAULT_VEHTYPE" speed="8.02" pos="2.21" lane="1/1to2/1_0" slope="0.00"/>
        <vehicle id="6" x="398.35" y="545.41" angle="0.00" type="DEFAULT_VEHTYPE" speed="13.34" pos="49.84" lane="2/3to2/2_0" slope="0.00"/>
        <vehicle id="7" x="401.53" y="603.91" angle="154.35" type="DEFAULT_VEHTYPE" speed="8.34" pos="9.47" lane=":2/3_14_0" slope="0.00"/>
        <vehicle id="8" x="380.44" y="198.35" angle="90.00" type="DEFAULT_VEHTYPE" speed="9.31" pos="175.69" lane="1/1to2/1_0" slope="0.00"/>
        <vehicle id="9" x="211.00" y="401.65" angle="-90.00" type="DEFAULT_VEHTYPE" speed="3.84" pos="184.25" lane="2/2to1/2_0" slope="0.00"/>
    </timestep>
    <timestep time="61.00">
        <vehicle id="1" x="219.77" y="398.35" angle="90.00" type="DEFAULT_VEHTYPE" speed="10.38" pos="15.02" lane="1/2to2/2_0" slope="0.00"/>
        <vehicle id="10" x="774.47" y="198.35" angle="90.00" type="DEFAULT_VEHTYPE" speed="13.83" pos="169.72" lane="3/1to4/1_0" slope="0.00"/>
        <vehicle id="11" x="435.09" y="398.35" angle="90.00" type="DEFAULT_VEHTYPE" speed="12.75" pos="30.34" lane="2/2to3/2_0" slope="0.00"/>
        <vehicle id="12" x="431.88" y="401.65" angle="-90.00" type="DEFAULT_VEHTYPE" speed="13.34" pos="163.37" lane="3/2to2/2_0" slope="0.00"/>
        <vehicle id="13" x="462.49" y="401.65" angle="-90.00" type="DEFAULT_VEHTYPE" speed="13.27" pos="132.76" lane="3/2to2/2_0" slope="0.00"/>
        <vehicle id="14" x="281.29" y="601.65" angle="-90.00" type="DEFAULT_VEHTYPE" speed="13.58" pos="113.96" lane="2/3to1/3_0" slope="0.00"/>
        <vehicle id="3" x="201.65" y="269.46" angle="180.00" type="DEFAULT_VEHTYPE" speed="13.75" pos="64.71" lane="1/1to1/2_0" slope="0.00"/>
        <vehicle id="4" x="246.59" y="401.65" angle="-90.00" type="DEFAULT_VEHTYPE" speed="12.89" pos="148.66" lane="2/2to1/2_0" slope="0.00"/>
        <vehicle id="5" x="217.13" y="198.35" angle="90.00" type="DEFAULT_VEHTYPE" speed="10.17" pos="12.38" lane="1/1to2/1_0" slope="0.00"/>
        <vehicle id="6" x="398.35" y="531.87" angle="0.00" type="DEFAULT_VEHTYPE" speed="13.54" pos="63.38" lane="2/3to2/2_0" slope="0.00"/>
        <vehicle id="7" x="401.65" y="613.61" angle="180.00" type="DEFAULT_VEHTYPE" speed="9.71" pos="8.86" lane="2/3to2/4_0" slope="0.00"/>
        <vehicle id="8" x="386.52" y="198.35" angle="90.00" type="DEFAULT_VEHTYPE" speed="6.08" pos="181.77" lane="1/1to2/1_0" slope="0.00"/>
        <vehicle id="9" x="204.91" y="401.65" angle="-90.00" type="DEFAULT_VEHTYPE" speed="6.09" pos="190.34" lane="2/2to1/2_0" slope="0.00"/>
    </timestep>
    <timestep time="62.00">
        <vehicle id="1" x="231.68" y="398.35" angle="90.00" type="DEFAULT_VEHTYPE" speed="11.91" pos="26.93" lane="1/2to2/2_0" slope="0.00"/>
        <vehicle id="10" x="787.69" y="198.35" angle="90.00" type="DEFAULT_VEHTYPE" speed="13.22" pos="182.94" lane="3/1to4/1_0" slope="0.00"/>
        <vehicle id="11" x="448.91" y="398.35" angle="90.00" type="DEFAULT_VEHTYPE" speed="13.82" pos="44.16" lane="2/2to3/2_0" slope="0.00"/>
        <vehicle id="12" x="421.49" y="401.65" angle="-90.00" type="DEFAULT_VEHTYPE" speed="10.39" pos="173.76" lane="3/2to2/2_0" slope="0.00"/>
        <vehicle id="13" x="449.09" y="401.65" angle="-90.00" type="DEFAULT_VEHTYPE" speed="13.40" pos="146.16" lane="3/2to2/2_0" slope="0.00"/>
        <vehicle id="14" x="267.85" y="601.65" angle="-90.00" type="DEFAULT_VEHTYPE" speed="13.44" pos="127.40" lane="2/3to1/3_0" slope="0.00"/>
        <vehicle id="3" x="201.65" y="282.96" angle="180.00" type="DEFAULT_VEHTYPE" speed="13.51" pos="78.21" lane="1/1to1/2_0" slope="0.00"/>
        <vehicle id="4" x="232.93" y="401.65" angle="-90.00" type="DEFAULT_VEHTYPE" speed="13.66" pos="162.32" lane="2/2to1/2_0" slope="0.00"/>
        <vehicle id="5" x="228.83" y="198.35" angle="90.00" type="DEFAULT_VEHTYPE" speed="11.70" pos="24.08" lane="1/1to2/1_0" slope="0.00"/>
        <vehicle id="6" x="398.35" y="519.17" angle="0.00" type="DEFAULT_VEHTYPE" speed="12.70" pos="76.08" lane="2/3to2/2_0" slope="0.00"/>
        <vehicle id="7" x="401.65" y="625.74" angle="180.00" type="DEFAULT_VEHTYPE" speed="12.12" pos="20.99" lane="2/3to2/4_0" slope="0.00"/>
        <vehicle id="8" x="389.63" y="198.35" angle="90.00" type="DEFAULT_VEHTYPE" speed="3.11" pos="184.88" lane="1/1to2/1_0" slope="0.00"/>
        <vehicle id="9" x="197.26" y="401.65" angle="-90.00" type="DEFAULT_VEHTYPE" speed="7.65" pos="7.49" lane=":1/2_5_0" slope="0.00"/>
    </timestep>
    <timestep time="63.00">
        <vehicle id="1" x="244.42" y="398.35" angle="90.00" type="DEFAULT_VEHTYPE" speed="12.74" pos="39.67" lane="1/2to2/2_0" slope="0.00"/>
        <vehicle id="10" x="800.58" y="198.73" angle="94.45" type="DEFAULT_VEHTYPE" speed="13.00" pos="0.69" lane=":4/1_0_0" slope="0.00"/>
        <vehicle id="11" x="462.42" y="398.35" angle="90.00" type="DEFAULT_VEHTYPE" speed="13.51" pos="57.67" lane="2/2to3/2_0" slope="0.00"/>
        <vehicle id="12" x="413.93" y="401.65" angle="-90.00" type="DEFAULT_VEHTYPE" speed="7.56" pos="181.32" lane="3/2to2/2_0" slope="0.00"/>
        <vehicle id="13" x="436.96" y="401.65" angle="-90.00" type="DEFAULT_VEHTYPE" speed="12.13" pos="158.29" lane="3/2to2/2_0" slope="0.00"/>
        <vehicle id="14" x="254.63" y="601.65" angle="-90.00" type="DEFAULT_VEHTYPE" speed="13.22" pos="140.62" lane="2/3to1/3_0" slope="0.00"/>
        <vehicle id="3" x="201.65" y="296.30" angle="180.00" type="DEFAULT_VEHTYPE" speed="13.33" pos="91.55" lane="1/1to1/2_0" slope="0.00"/>
        <vehicle id="4" x="222.13" y="401.65" angle="-90.00" type="DEFAULT_VEHTYPE" speed="10.80" pos="173.12" lane="2/2to1/2_0" slope="0.00"/>
        <vehicle id="5" x="241.75" y="198.35" angle="90.00" type="DEFAULT_VEHTYPE" speed="12.93" pos="37.00" lane="1/1to2/1_0" slope="0.00"/>
        <vehicle id="6" x="398.35" y="506.31" angle="0.00" type="DEFAULT_VEHTYPE" speed="12.87" pos="88.94" lane="2/3to2/2_0" slope="0.00"/>
        <vehicle id="7" x="401.65" y="638.60" angle="180.00" type="DEFAULT_VEHTYPE" speed="12.87" pos="33.85" lane="2/3to2/4_0" slope="0.00"/>
        <vehicle id="8" x="394.42" y="198.35" angle="90.00" type="DEFAULT_VEHTYPE" speed="4.80" pos="189.67" lane="1/1to2/1_0" slope="0.00"/>
        <vehicle id="9" x="187.40" y="401.65" angle="-90.00" type="DEFAULT_VEHTYPE" speed="9.86" pos="7.85" lane="1/2to0/2_0" slope="0.00"/>
    </timestep>
    <timestep time="64.00">
        <vehicle id="1" x="257.26" y="398.35" angle="90.00" type="DEFAULT_VEHTYPE" speed="12.84" pos="52.51" lane="1/2to2/2_0" slope="0.00"/>
        <vehicle id="10" x="790.60" y="201.65" angle="-90.00" type="DEFAULT_VEHTYPE" speed="13.53" pos="9.40" lane="4/1to3/1_0" slope="0.00"/>
        <vehicle id="11" x="475.72" y="398.35" angle="90.00" type="DEFAULT_VEHTYPE" speed="13.30" pos="70.97" lane="2/2to3/2_0" slope="0.00"/>
        <vehicle id="12" x="409.70" y="401.65" angle="-90.00" type="DEFAULT_VEHTYPE" speed="4.23" pos="185.55" lane="3/2to2/2_0" slope="0.00"/>
        <vehicle id="13" x="426.65" y="401.65" angle="-90.00" type="DEFAULT_VEHTYPE" speed="10.31" pos="168.60" lane="3/2to2/2_0" slope="0.00"/>
        <vehicle id="14" x="240.94" y="601.65" angle="-90.00" type="DEFAULT_VEHTYPE" speed="13.69" pos="154.31" lane="2/3to1/3_0" slope="0.00"/>
        <vehicle id="3" x="201.65" y="309.44" angle="180.00" type="DEFAULT_VEHTYPE" speed="13.14" pos="104.69" lane="1/1to1/2_0" slope="0.00"/>
        <vehicle id="4" x="215.22" y="401.65" angle="-90.00" type="DEFAULT_VEHTYPE" speed="6.90" pos="180.03" lane="2/2to1/2_0" slope="0.00"/>
        <vehicle id="5" x="254.87" y="198.35" angle="90.00" type="DEFAULT_VEHTYPE" speed="13.11" pos="50.12" lane="1/1to2/1_0" slope="0.00"/>
        <vehicle id="6" x="398.35" y="492.87" angle="0.00" type="DEFAULT_VEHTYPE" speed="13.44" pos="102.38" lane="2/3to2/2_0" slope="0.00"/>
        <vehicle id="7" x="401.65" y="652.43" angle="180.00" type="DEFAULT_VEHTYPE" speed="13.83" pos="47.68" lane="2/3to2/4_0" slope="0.00"/>
        <vehicle id="8" x="400.81" y="198.35" angle="90.00" type="DEFAULT_VEHTYPE" speed="6.39" pos="5.56" lane=":2/1_13_0" slope="0.00"/>
        <vehicle id="9" x="175.04" y="401.65" angle="-90.00" type="DEFAULT_VEHTYPE" speed="12.36" pos="20.21" lane="1/2to0/2_0" slope="0.00"/>
    </timestep>
    <timestep time="65.00">
        <vehicle id="1" x="270.92" y="398.35" angle="90.00" type="DEFAULT_VEHTYPE" speed="13.66" pos="66.17" lane="1/2to2/2_0" slope="0.00"/>
        <vehicle id="10" x="777.81" y="201.65" angle="-90.00" type="DEFAULT_VEHTYPE" speed="12.79" pos="22.19" lane="4/1to3/1_0" slope="0.00"/>
        <vehicle id="11" x="489.62" y="398.35" angle="90.00" type="DEFAULT_VEHTYPE" speed="13.89" pos="84.87" lane="2/2to3/2_0" slope="0.00"/>
        <vehicle id="12" x="403.85" y="401.52" angle="-88.52" type="DEFAULT_VEHTYPE" speed="5.86" pos="0.91" lane=":2/2_6_0" slope="0.00"/>
        <vehicle id="13" x="420.84" y="401.65" angle="-90.00" type="DEFAULT_VEHTYPE" speed="5.81" pos="174.41" lane="3/2to2/2_0" slope="0.00"/>
        <vehicle id="14" x="228.48" y="601.65" angle="-90.00" type="DEFAULT_VEHTYPE" speed="12.47" pos="166.77" lane="2/3to1/3_0" slope="0.00"/>
        <vehicle id="3" x="201.65" y="322.09" angle="180.00" type="DEFAULT_VEHTYPE" speed="12.65" pos="117.34" lane="1/1to1/2_0" slope="0.00"/>
        <vehicle id="4" x="210.27" y="401.65" angle="-90.00" type="DEFAULT_VEHTYPE" speed="4.96" pos="184.98" lane="2/2to1/2_0" slope="0.00"/>
        <vehicle id="5" x="267.77" y="198.35" angle="90.00" type="DEFAULT_VEHTYPE" speed="12.90" pos="63.02" lane="1/1to2/1_0" slope="0.00"/>
        <vehicle id="6" x="398.35" y="479.98" angle="0.00" type="DEFAULT_VEHTYPE" speed="12.89" pos="115.27" lane="2/3to2/2_0" slope="0.00"/>
        <vehicle id="7" x="401.65" y="665.76" angle="180.00" type="DEFAULT_VEHTYPE" speed="13.32" pos="61.01" lane="2/3to2/4_0" slope="0.00"/>
        <vehicle id="8" x="409.79" y="198.35" angle="90.00" type="DEFAULT_VEHTYPE" speed="8.98" pos="5.04" lane="2/1to3/1_0" slope="0.00"/>
        <vehicle id="9" x="161.57" y="401.65" angle="-90.00" type="DEFAULT_VEHTYPE" speed="13.47" pos="33.68" lane="1/2to0/2_0" slope="0.00"/>
    </timestep>
    <timestep time="66.00">
        <vehicle id="1" x="283.74" y="398.35" angle="90.00" type="DEFAULT_VEHTYPE" speed="12.82" pos="78.99" lane="1/2to2/2_0" slope="0.00"/>
        <vehicle id="10" x="765.17" y="201.65" angle="-90.00" type="DEFAULT_VEHTYPE" speed="12.64" pos="34.83" lane="4/1to3/1_0" slope="0.00"/>
        <vehicle id="11" x="503.35" y="398.35" angle="90.00" type="DEFAULT_VEHTYPE" speed="13.73" pos="98.60" lane="2/2to3/2_0" slope="0.00"/>
        <vehicle id="12" x="398.54" y="396.57" angle="-30.67" type="DEFAULT_VEHTYPE" speed="8.07" pos="8.98" lane=":2/2_6_0" slope="0.00"/>
        <vehicle id="13" x="414.02" y="401.65" angle="-90.00" type="DEFAULT_VEHTYPE" speed="6.82" pos="181.23" lane="3/2to2/2_0" slope="0.00"/>
        <vehicle id="14" x="218.95" y="601.65" angle="-90.00" type="DEFAULT_VEHTYPE" speed="9.53" pos="176.30" lane="2/3to1/3_0" slope="0.00"/>
        <vehicle id="3" x="201.65" y="335.22" angle="180.00" type="DEFAULT_VEHTYPE" speed="13.13" pos="130.47" lane="1/1to1/2_0" slope="0.00"/>
        <vehicle id="4" x="203.31" y="401.44" angle="-87.64" type="DEFAULT_VEHTYPE" speed="6.97" pos="1.45" lane=":1/2_6_0" slope="0.00"/>
        <vehicle id="5" x="281.45" y="198.35" angle="90.00" type="DEFAULT_VEHTYPE" speed="13.68" pos="76.70" lane="1/1to2/1_0" slope="0.00"/>
        <vehicle id="6" x="398.35" y="467.05" angle="0.00" type="DEFAULT_VEHTYPE" speed="12.93" pos="128.20" lane="2/3to2/2_0" slope="0.00"/>
        <vehicle id="7" x="401.65" y="679.36" angle="180.00" type="DEFAULT_VEHTYPE" speed="13.60" pos="74.61" lane="2/3to2/4_0" slope="0.00"/>
        <vehicle id="8" x="420.59" y="198.35" angle="90.00" type="DEFAULT_VEHTYPE" speed="10.80" pos="15.84" lane="2/1to3/1_0" slope="0.00"/>
        <vehicle id="9" x="147.78" y="401.65" angle="-90.00" type="DEFAULT_VEHTYPE" speed="13.79" pos="47.47" lane="1/2to0/2_0" slope="0.00"/>
    </timestep>
    <timestep time="67.00">
        <vehicle id="1" x="296.72" y="398.35" angle="90.00" type="DEFAULT_VEHTYPE" speed="12.98" pos="91.97" lane="1/2to2/2_0" slope="0.00"/>
        <vehicle id="10" x="752.46" y="201.65" angle="-90.00" type="DEFAULT_VEHTYPE" speed="12.72" pos="47.54" lane="4/1to3/1_0" slope="0.00"/>
        <vehicle id="11" x="516.41" y="398.35" angle="90.00" type="DEFAULT_VEHTYPE" speed="13.06" pos="111.66" lane="2/2to3/2_0" slope="0.00"/>
        <vehicle id="12" x="398.35" y="385.92" angle="0.00" type="DEFAULT_VEHTYPE" speed="10.67" pos="9.33" lane="2/2to2/1_0" slope="0.00"/>
        <vehicle id="13" x="409.52" y="401.65" angle="-90.00" type="DEFAULT_VEHTYPE" speed="4.50" pos="185.73" lane="3/2to2/2_0" slope="0.00"/>
        <vehicle id="14" x="212.48" y="601.65" angle="-90.00" type="DEFAULT_VEHTYPE" speed="6.47" pos="182.77" lane="2/3to1/3_0" slope="0.00"/>
        <vehicle id="3" x="201.65" y="348.98" angle="180.00" type="DEFAULT_VEHTYPE" speed="13.76" pos="144.23" lane="1/1to1/2_0" slope="0.00"/>
        <vehicle id="4" x="198.39" y="395.55" angle="-20.20" type="DEFAULT_VEHTYPE" speed="8.56" pos="10.01" lane=":1/2_6_0" slope="0.00"/>
        <vehicle id="5" x="294.34" y="198.35" angle="90.00" type="DEFAULT_VEHTYPE" speed="12.89" pos="89.59" lane="1/1to2/1_0" slope="0.00"/>
        <vehicle id="6" x="398.35" y="453.81" angle="0.00" type="DEFAULT_VEHTYPE" speed="13.24" pos="141.44" lane="2/3to2/2_0" slope="0.00"/>
        <vehicle id="7" x="401.65" y="692.14" angle="180.00" type="DEFAULT_VEHTYPE" speed="12.78" pos="87.39" lane="2/3to2/4_0" slope="0.00"/>
        <vehicle id="8" x="433.07" y="198.35" angle="90.00" type="DEFAULT_VEHTYPE" speed="12.48" pos="28.32" lane="2/1to3/1_0" slope="0.00"/>
        <vehicle id="9" x="134.48" y="401.65" angle="-90.00" type="DEFAULT_VEHTYPE" speed="13.30" pos="60.77" lane="1/2to0/2_0" slope="0.00"/>
    </timestep>
    <timestep time="68.00">
        <vehicle id="1" x="309.71" y="398.35" angle="90.00" type="DEFAULT_VEHTYPE" speed="12.99" pos="104.96" lane="1/2to2/2_0" slope="0.00"/>
        <vehicle id="10" x="739.66" y="201.65" angle="-90.00" type="DEFAULT_VEHTYPE" speed="12.79" pos="60.34" lane="4/1to3/1_0" slope="0.00"/>
        <vehicle id="11" x="530.06" y="398.35" angle="90.00" type="DEFAULT_VEHTYPE" speed="13.65" pos="125.31" lane="2/2to3/2_0" slope="0.00"/>
        <vehicle id="12" x="398.35" y="373.48" angle="0.00" type="DEFAULT_VEHTYPE" speed="12.44" pos="21.77" lane="2/2to2/1_0" slope="0.00"/>
        <vehicle id="13" x="403.16" y="401.42" angle="-87.40" type="DEFAULT_VEHTYPE" speed="6.38" pos="1.60" lane=":2/2_6_0" slope="0.00"/>
        <vehicle id="14" x="209.64" y="601.65" angle="-90.00" type="DEFAULT_VEHTYPE" speed="2.84" pos="185.61" lane="2/3to1/3_0" slope="0.00"/>
        <vehicle id="3" x="201.65" y="362.07" angle="180.00" type="DEFAULT_VEHTYPE" speed="13.09" pos="157.32" lane="1/1to1/2_0" slope="0.00"/>
        <vehicle id="4" x="198.35" y="384.95" angle="0.00" type="DEFAULT_VEHTYPE" speed="10.61" pos="10.30" lane="1/2to1/1_0" slope="0.00"/>
        <vehicle id="5" x="307.46" y="198.35" angle="90.00" type="DEFAULT_VEHTYPE" speed="13.13" pos="102.71" lane="1/1to2/1_0" slope="0.00"/>
        <vehicle id="6" x="398.35" y="439.92" angle="0.00" type="DEFAULT_VEHTYPE" speed="13.89" pos="155.33" lane="2/3to2/2_0" slope="0.00"/>
        <vehicle id="7" x="401.65" y="705.19" angle="180.00" type="DEFAULT_VEHTYPE" speed="13.05" pos="100.44" lane="2/3to2/4_0" slope="0.00"/>
        <vehicle id="8" x="446.09" y="198.35" angle="90.00" type="DEFAULT_VEHTYPE" speed="13.01" pos="41.34" lane="2/1to3/1_0" slope="0.00"/>
        <vehicle id="9" x="121.13" y="401.65" angle="-90.00" type="DEFAULT_VEHTYPE" speed="13.35" pos="74.12" lane="1/2to0/2_0" slope="0.00"/>
    </timestep>
    <timestep time="69.00">
        <vehicle id="1" x="323.35" y="398.35" angle="90.00" type="DEFAULT_VEHTYPE" speed="13.64" pos="118.60" lane="1/2to2/2_0" slope="0.00"/>
        <vehicle id="10" x="726.32" y="201.65" angle="-90.00" type="DEFAULT_VEHTYPE" speed="13.35" pos="73.68" lane="4/1to3/1_0" slope="0.00"/>
        <vehicle id="11" x="543.21" y="398.35" angle="90.00" type="DEFAULT_VEHTYPE" speed="13.15" pos="138.46" lane="2/2to3/2_0" slope="0.00"/>
        <vehicle id="12" x="398.35" y="359.96" angle="0.00" type="DEFAULT_VEHTYPE" speed="13.52" pos="35.29" lane="2/2to2/1_0" slope="0.00"/>
        <vehicle id="13" x="398.42" y="395.77" angle="-22.36" type="DEFAULT_VEHTYPE" speed="8.19" pos="9.80" lane=":2/2_6_0" slope="0.00"/>
        <vehicle id="14" x="205.16" y="601.65" angle="-90.00" type="DEFAULT_VEHTYPE" speed="4.48" pos="190.09" lane="2/3to1/3_0" slope="0.00"/>
        <vehicle id="3" x="201.65" y="375.42" angle="180.00" type="DEFAULT_VEHTYPE" speed="13.35" pos="170.67" lane="1/1to1/2_0" slope="0.00"/>
        <vehicle id="4" x="198.35" y="373.01" angle="0.00" type="DEFAULT_VEHTYPE" speed="11.94" pos="22.24" lane="1/2to1/1_0" slope="0.00"/>
        <vehicle id="5" x="320.53" y="198.35" angle="90.00" type="DEFAULT_VEHTYPE" speed="13.07" pos="115.78" lane="1/1to2/1_0" slope="0.00"/>
        <vehicle id="6" x="398.35" y="426.26" angle="0.00" type="DEFAULT_VEHTYPE" speed="13.66" pos="168.99" lane="2/3to2/2_0" slope="0.00"/>
        <vehicle id="7" x="401.65" y="718.33" angle="180.00" type="DEFAULT_VEHTYPE" speed="13.14" pos="113.58" lane="2/3to2/4_0" slope="0.00"/>
        <vehicle id="8" x="459.44" y="198.35" angle="90.00" type="DEFAULT_VEHTYPE" speed="13.35" pos="54.69" lane="2/1to3/1_0" slope="0.00"/>
        <vehicle id="9" x="107.63" y="401.65" angle="-90.00" type="DEFAULT_VEHTYPE" speed="13.50" pos="87.62" lane="1/2to0/2_0" slope="0.00"/>
    </timestep>
    <timestep time="70.00">
        <vehicle id="1" x="337.22" y="398.35" angle="90.00" type="DEFAULT_VEHTYPE" speed="13.88" pos="132.47" lane="1/2to2/2_0" slope="0.00"/>
        <vehicle id="10" x="713.65" y="201.65" angle="-90.00" type="DEFAULT_VEHTYPE" speed="12.66" pos="86.35" lane="4/1to3/1_0" slope="0.00"/>
        <vehicle id="11" x="556.37" y="398.35" angle="90.00" type="DEFAULT_VEHTYPE" speed="13.17" pos="151.62" lane="2/2to3/2_0" slope="0.00"/>
        <vehicle id="12" x="398.35" y="346.63" angle="0.00" type="DEFAULT_VEHTYPE" speed="13.33" pos="48.62" lane="2/2to2/1_0" slope="0.00"/>
        <vehicle id="13" x="398.35" y="385.92" angle="0.00" type="DEFAULT_VEHTYPE" speed="9.85" pos="9.33" lane="2/2to2/1_0" slope="0.00"/>
        <vehicle id="14" x="199.37" y="599.08" angle="-59.79" type="DEFAULT_VEHTYPE" speed="6.71" pos="6.29" lane=":1/3_6_0" slope="0.00"/>
        <vehicle id="3" x="201.65" y="388.83" angle="180.00" type="DEFAULT_VEHTYPE" speed="13.41" pos="184.08" lane="1/1to1/2_0" slope="0.00"/>
        <vehicle id="4" x="198.35" y="359.84" angle="0.00" type="DEFAULT_VEHTYPE" speed="13.16" pos="35.41" lane="1/2to1/1_0" slope="0.00"/>
        <vehicle id="5" x="333.92" y="198.35" angle="90.00" type="DEFAULT_VEHTYPE" speed="13.39" pos="129.17" lane="1/1to2/1_0" slope="0.00"/>
        <vehicle id="6" x="398.35" y="414.14" angle="0.00" type="DEFAULT_VEHTYPE" speed="12.12" pos="181.11" lane="2/3to2/2_0" slope="0.00"/>
        <vehicle id="7" x="401.65" y="731.87" angle="180.00" type="DEFAULT_VEHTYPE" speed="13.54" pos="127.12" lane="2/3to2/4_0" slope="0.00"/>
        <vehicle id="8" x="473.17" y="198.35" angle="90.00" type="DEFAULT_VEHTYPE" speed="13.73" pos="68.42" lane="2/1to3/1_0" slope="0.00"/>
        <vehicle id="9" x="94.65" y="401.65" angle="-90.00" type="DEFAULT_VEHTYPE" speed="12.97" pos="100.60" lane="1/2to0/2_0" slope="0.00"/>
    </timestep>
    <timestep time="71.00">
        <vehicle id="1" x="350.71" y="398.35" angle="90.00" type="DEFAULT_VEHTYPE" speed="13.49" pos="145.96" lane="1/2to2/2_0" slope="0.00"/>
        <vehicle id="10" x="700.24" y="201.65" angle="-90.00" type="DEFAULT_VEHTYPE" speed="13.41" pos="99.76" lane="4/1to3/1_0" slope="0.00"/>
        <vehicle id="11" x="569.00" y="398.35" angle="90.00" type="DEFAULT_VEHTYPE" speed="12.63" pos="164.25" lane="2/2to3/2_0" slope="0.00"/>
        <vehicle id="12" x="398.35" y="333.48" angle="0.00" type="DEFAULT_VEHTYPE" speed="13.15" pos="61.77" lane="2/2to2/1_0" slope="0.00"/>
        <vehicle id="13" x="398.35" y="374.27" angle="0.00" type="DEFAULT_VEHTYPE" speed="11.66" pos="20.98" lane="2/2to2/1_0" slope="0.00"/>
        <vehicle id="14" x="198.35" y="590.60" angle="-0.57" type="DEFAULT_VEHTYPE" speed="8.67" pos="4.65" lane="1/3to1/2_0" slope="0.00"/>
        <vehicle id="3" x="201.65" y="401.89" angle="180.00" type="DEFAULT_VEHTYPE" speed="13.06" pos="6.64" lane=":1/2_9_0" slope="0.00"/>
        <vehicle id="4" x="198.35" y="346.11" angle="0.00" type="DEFAULT_VEHTYPE" speed="13.73" pos="49.14" lane="1/2to1/1_0" slope="0.00"/>
        <vehicle id="5" x="347.62" y="198.35" angle="90.00" type="DEFAULT_VEHTYPE" speed="13.70" pos="142.87" lane="1/1to2/1_0" slope="0.00"/>
        <vehicle id="6" x="398.35" y="400.95" angle="0.00" type="DEFAULT_VEHTYPE" speed="13.18" pos="3.80" lane=":2/2_1_0" slope="0.00"/>
        <vehicle id="7" x="401.65" y="744.57" angle="180.00" type="DEFAULT_VEHTYPE" speed="12.71" pos="139.82" lane="2/3to2/4_0" slope="0.00"/>
        <vehicle id="8" x="486.09" y="198.35" angle="90.00" type="DEFAULT_VEHTYPE" speed="12.92" pos="81.34" lane="2/1to3/1_0" slope="0.00"/>
        <vehicle id="9" x="80.84" y="401.65" angle="-90.00" type="DEFAULT_VEHTYPE" speed="13.82" pos="114.41" lane="1/2to0/2_0" slope="0.00"/>
    </timestep>
    <timestep time="72.00">
        <vehicle id="1" x="363.85" y="398.35" angle="90.00" type="DEFAULT_VEHTYPE" speed="13.14" pos="159.10" lane="1/2to2/2_0" slope="0.00"/>
        <vehicle id="10" x="687.39" y="201.65" angle="-90.00" type="DEFAULT_VEHTYPE" speed="12.85" pos="112.61" lane="4/1to3/1_0" slope="0.00"/>
        <vehicle id="11" x="579.25" y="398.35" angle="90.00" type="DEFAULT_VEHTYPE" speed="10.25" pos="174.50" lane="2/2to3/2_0" slope="0.00"/>
        <vehicle id="12" x="398.35" y="320.44" angle="0.00" type="DEFAULT_VEHTYPE" speed="13.05" pos="74.81" lane="2/2to2/1_0" slope="0.00"/>
        <vehicle id="13" x="398.35" y="361.06" angle="0.00" type="DEFAULT_VEHTYPE" speed="13.20" pos="34.19" lane="2/2to2/1_0" slope="0.00"/>
        <vehicle id="14" x="198.35" y="580.47" angle="0.00" type="DEFAULT_VEHTYPE" speed="10.14" pos="14.78" lane="1/3to1/2_0" slope="0.00"/>
        <vehicle id="3" x="201.65" y="415.27" angle="180.00" type="DEFAULT_VEHTYPE" speed="13.38" pos="10.52" lane="1/2to1/3_0" slope="0.00"/>
        <vehicle id="4" x="198.35" y="333.11" angle="0.00" type="DEFAULT_VEHTYPE" speed="13.00" pos="62.14" lane="1/2to1/1_0" slope="0.00"/>
        <vehicle id="5" x="360.56" y="198.35" angle="90.00" type="DEFAULT_VEHTYPE" speed="12.95" pos="155.81" lane="1/1to2/1_0" slope="0.00"/>
        <vehicle id="6" x="398.35" y="387.34" angle="0.00" type="DEFAULT_VEHTYPE" speed="13.61" pos="7.91" lane="2/2to2/1_0" slope="0.00"/>
        <vehicle id="7" x="401.65" y="758.32" angle="180.00" type="DEFAULT_VEHTYPE" speed="13.74" pos="153.57" lane="2/3to2/4_0" slope="0.00"/>
        <vehicle id="8" x="499.03" y="198.35" angle="90.00" type="DEFAULT_VEHTYPE" speed="12.94" pos="94.28" lane="2/1to3/1_0" slope="0.00"/>
        <vehicle id="9" x="67.48" y="401.65" angle="-90.00" type="DEFAULT_VEHTYPE" speed="13.36" pos="127.77" lane="1/2to0/2_0" slope="0.00"/>
    </timestep>
    <timestep time="73.00">
        <vehicle id="1" x="377.48" y="398.35" angle="90.00" type="DEFAULT_VEHTYPE" speed="13.63" pos="172.73" lane="1/2to2/2_0" slope="0.00"/>
        <vehicle id="10" x="673.55" y="201.65" angle="-90.00" type="DEFAULT_VEHTYPE" speed="13.84" pos="126.45" lane="4/1to3/1_0" slope="0.00"/>
        <vehicle id="11" x="586.16" y="398.35" angle="90.00" type="DEFAULT_VEHTYPE" speed="6.91" pos="181.41" lane="2/2to3/2_0" slope="0.00"/>
        <vehicle id="12" x="398.35" y="307.81" angle="0.00" type="DEFAULT_VEHTYPE" speed="12.62" pos="87.44" lane="2/2to2/1_0" slope="0.00"/>
        <vehicle id="13" x="398.35" y="347.90" angle="0.00" type="DEFAULT_VEHTYPE" speed="13.17" pos="47.35" lane="2/2to2/1_0" slope="0.00"/>
        <vehicle id="14" x="198.35" y="568.17" angle="0.00" type="DEFAULT_VEHTYPE" speed="12.30" pos="27.08" lane="1/3to1/2_0" slope="0.00"/>
        <vehicle id="3" x="201.65" y="428.63" angle="180.00" type="DEFAULT_VEHTYPE" speed="13.36" pos="23.88" lane="1/2to1/3_0" slope="0.00"/>
        <vehicle id="4" x="198.35" y="319.68" angle="0.00" type="DEFAULT_VEHTYPE" speed="13.44" pos="75.57" lane="1/2to1/1_0" slope="0.00"/>
        <vehicle id="5" x="373.51" y="198.35" angle="90.00" type="DEFAULT_VEHTYPE" speed="12.95" pos="168.76" lane="1/1to2/1_0" slope="0.00"/>
        <vehicle id="6" x="398.35" y="374.12" angle="0.00" type="DEFAULT_VEHTYPE" speed="13.22" pos="21.13" lane="2/2to2/1_0" slope="0.00"/>
        <vehicle id="7" x="401.65" y="771.66" angle="180.00" type="DEFAULT_VEHTYPE" speed="13.34" pos="166.91" lane="2/3to2/4_0" slope="0.00"/>
        <vehicle id="8" x="512.19" y="198.35" angle="90.00" type="DEFAULT_VEHTYPE" speed="13.16" pos="107.44" lane="2/1to3/1_0" slope="0.00"/>
        <vehicle id="9" x="53.74" y="401.65" angle="-90.00" type="DEFAULT_VEHTYPE" speed="13.74" pos="141.51" lane="1/2to0/2_0" slope="0.00"/>
    </timestep>
    <timestep time="74.00">
        <vehicle id="1" x="391.01" y="398.35" angle="90.00" type="DEFAULT_VEHTYPE" speed="13.53" pos="186.26" lane="1/2to2/2_0" slope="0.00"/>
        <vehicle id="10" x="659.72" y="201.65" angle="-90.00" type="DEFAULT_VEHTYPE" speed="13.83" pos="140.28" lane="4/1to3/1_0" slope="0.00"/>
        <vehicle id="11" x="590.01" y="398.35" angle="90.00" type="DEFAULT_VEHTYPE" speed="3.85" pos="185.26" lane="2/2to3/2_0" slope="0.00"/>
        <vehicle id="12" x="398.35" y="293.93" angle="0.00" type="DEFAULT_VEHTYPE" speed="13.89" pos="101.32" lane="2/2to2/1_0" slope="0.00"/>
        <vehicle id="13" x="398.35" y="335.25" angle="0.00" type="DEFAULT_VEHTYPE" speed="12.64" pos="60.00" lane="2/2to2/1_0" slope="0.00"/>
        <vehicle id="14" x="198.35" y="554.36" angle="0.00" type="DEFAULT_VEHTYPE" speed="13.80" pos="40.89" lane="1/3to1/2_0" slope="0.00"/>
        <vehicle id="3" x="201.65" y="442.42" angle="180.00" type="DEFAULT_VEHTYPE" speed="13.79" pos="37.67" lane="1/2to1/3_0" slope="0.00"/>
        <vehicle id="4" x="198.35" y="306.07" angle="0.00" type="DEFAULT_VEHTYPE" speed="13.61" pos="89.18" lane="1/2to1/1_0" slope="0.00"/>
        <vehicle id="5" x="381.96" y="198.35" angle="90.00" type="DEFAULT_VEHTYPE" speed="8.45" pos="177.21" lane="1/1to2/1_0" slope="0.00"/>
        <vehicle id="6" x="398.35" y="361.41" angle="0.00" type="DEFAULT_VEHTYPE" speed="12.71" pos="33.84" lane="2/2to2/1_0" slope="0.00"/>
        <vehicle id="7" x="401.65" y="785.18" angle="180.00" type="DEFAULT_VEHTYPE" speed="13.52" pos="180.43" lane="2/3to2/4_0" slope="0.00"/>
        <vehicle id="8" x="524.93" y="198.35" angle="90.00" type="DEFAULT_VEHTYPE" speed="12.74" pos="120.18" lane="2/1to3/1_0" slope="0.00"/>
        <vehicle id="9" x="40.70" y="401.65" angle="-90.00" type="DEFAULT_VEHTYPE" speed="13.04" pos="154.55" lane="1/2to0/2_0" slope="0.00"/>
    </timestep>
    <timestep time="75.00">
        <vehicle id="10" x="645.85" y="201.65" angle="-90.00" type="DEFAULT_VEHTYPE" speed="13.88" pos="154.15" lane="4/1to3/1_0" slope="0.00"/>
        <vehicle id="11" x="596.31" y="398.20" angle="88.31" type="DEFAULT_VEHTYPE" speed="6.30" pos="1.06" lane=":3/2_12_0" slope="0.00"/>
        <vehicle id="12" x="398.35" y="280.54" angle="0.00" type="DEFAULT_VEHTYPE" speed="13.39" pos="114.71" lane="2/2to2/1_0" slope="0.00"/>
        <vehicle id="13" x="398.35" y="322.55" angle="0.00" type="DEFAULT_VEHTYPE" speed="12.70" pos="72.70" lane="2/2to2/1_0" slope="0.00"/>
        <vehicle id="14" x="198.35" y="541.16" angle="0.00" type="DEFAULT_VEHTYPE" speed="13.20" pos="54.09" lane="1/3to1/2_0" slope="0.00"/>
        <vehicle id="3" x="201.65" y="455.95" angle="180.00" type="DEFAULT_VEHTYPE" speed="13.52" pos="51.20" lane="1/2to1/3_0" slope="0.00"/>
        <vehicle id="4" x="198.35" y="293.29" angle="0.00" type="DEFAULT_VEHTYPE" speed="12.77" pos="101.96" lane="1/2to1/1_0" slope="0.00"/>
        <vehicle id="5" x="387.27" y="198.35" angle="90.00" type="DEFAULT_VEHTYPE" speed="5.31" pos="182.52" lane="1/1to2/1_0" slope="0.00"/>
        <vehicle id="6" x="398.35" y="348.60" angle="0.00" type="DEFAULT_VEHTYPE" speed="12.81" pos="46.65" lane="2/2to2/1_0" slope="0.00"/>
        <vehicle id="7" x="401.65" y="798.66" angle="180.00" type="DEFAULT_VEHTYPE" speed="13.48" pos="193.91" lane="2/3to2/4_0" slope="0.00"/>
        <vehicle id="8" x="537.91" y="198.35" angle="90.00" type="DEFAULT_VEHTYPE" speed="12.98" pos="133.16" lane="2/1to3/1_0" slope="0.00"/>
        <vehicle id="9" x="27.53" y="401.65" angle="-90.00" type="DEFAULT_VEHTYPE" speed="13.17" pos="167.72" lane="1/2to0/2_0" slope="0.00"/>
    </timestep>
    <timestep time="76.00">
        <vehicle id="10" x="632.13" y="201.65" angle="-90.00" type="DEFAULT_VEHTYPE" speed="13.71" pos="167.87" lane="4/1to3/1_0" slope="0.00"/>
        <vehicle id="11" x="598.35" y="390.88" angle="1.00" type="DEFAULT_VEHTYPE" speed="8.31" pos="4.37" lane="3/2to3/1_0" slope="0.00"/>
        <vehicle id="12" x="398.35" y="267.73" angle="0.00" type="DEFAULT_VEHTYPE" speed="12.81" pos="127.52" lane="2/2to2/1_0" slope="0.00"/>
        <vehicle id="13" x="398.35" y="308.96" angle="0.00" type="DEFAULT_VEHTYPE" speed="13.59" pos="86.29" lane="2/2to2/1_0" slope="0.00"/>
        <vehicle id="14" x="198.35" y="528.15" angle="0.00" type="DEFAULT_VEHTYPE" speed="13.01" pos="67.10" lane="1/3to1/2_0" slope="0.00"/>
        <vehicle id="3" x="201.65" y="469.59" angle="180.00" type="DEFAULT_VEHTYPE" speed="13.64" pos="64.84" lane="1/2to1/3_0" slope="0.00"/>
        <vehicle id="4" x="198.35" y="280.50" angle="0.00" type="DEFAULT_VEHTYPE" speed="12.79" pos="114.75" lane="1/2to1/1_0" slope="0.00"/>
        <vehicle id="5" x="390.61" y="198.35" angle="90.00" type="DEFAULT_VEHTYPE" speed="3.34" pos="185.86" lane="1/1to2/1_0" slope="0.00"/>
        <vehicle id="6" x="398.35" y="335.75" angle="0.00" type="DEFAULT_VEHTYPE" speed="12.85" pos="59.50" lane="2/2to2/1_0" slope="0.00"/>
        <vehicle id="7" x="398.35" y="793.42" angle="0.00" type="DEFAULT_VEHTYPE" speed="12.73" pos="6.58" lane="2/4to2/3_0" slope="0.00"/>
        <vehicle id="8" x="551.28" y="198.35" angle="90.00" type="DEFAULT_VEHTYPE" speed="13.37" pos="146.53" lane="2/1to3/1_0" slope="0.00"/>
        <vehicle id="9" x="14.67" y="401.65" angle="-90.00" type="DEFAULT_VEHTYPE" speed="12.86" pos="180.58" lane="1/2to0/2_0" slope="0.00"/>
    </timestep>
    <timestep time="77.00">
        <vehicle id="10" x="622.28" y="201.65" angle="-90.00" type="DEFAULT_VEHTYPE" speed="9.85" pos="177.72" lane="4/1to3/1_0" slope="0.00"/>
        <vehicle id="11" x="598.35" y="380.81" angle="0.00" type="DEFAULT_VEHTYPE" speed="10.07" pos="14.44" lane="3/2to3/1_0" slope="0.00"/>
        <vehicle id="12" x="398.35" y="254.30" angle="0.00" type="DEFAULT_VEHTYPE" speed="13.43" pos="140.95" lane="2/2to2/1_0" slope="0.00"/>
        <vehicle id="13" x="398.35" y="295.81" angle="0.00" type="DEFAULT_VEHTYPE" speed="13.15" pos="99.44" lane="2/2to2/1_0" slope="0.00"/>
        <vehicle id="14" x="198.35" y="514.92" angle="0.00" type="DEFAULT_VEHTYPE" speed="13.24" pos="80.33" lane="1/3to1/2_0" slope="0.00"/>
        <vehicle id="3" x="201.65" y="482.86" angle="180.00" type="DEFAULT_VEHTYPE" speed="13.27" pos="78.11" lane="1/2to1/3_0" slope="0.00"/>
        <vehicle id="4" x="198.35" y="266.85" angle="0.00" type="DEFAULT_VEHTYPE" speed="13.65" pos="128.40" lane="1/2to1/1_0" slope="0.00"/>
        <vehicle id="5" x="395.60" y="198.35" angle="90.00" type="DEFAULT_VEHTYPE" speed="4.99" pos="0.35" lane=":2/1_13_0" slope="0.00"/>
        <vehicle id="6" x="398.35" y="322.67" angle="0.00" type="DEFAULT_VEHTYPE" speed="13.08" pos="72.58" lane="2/2to2/1_0" slope="0.00"/>
        <vehicle id="7" x="398.35" y="780.08" angle="0.00" type="DEFAULT_VEHTYPE" speed="13.35" pos="19.92" lane="2/4to2/3_0" slope="0.00"/>
        <vehicle id="8" x="565.01" y="198.35" angle="90.00" type="DEFAULT_VEHTYPE" speed="13.73" pos="160.26" lane="2/1to3/1_0" slope="0.00"/>
        <vehicle id="9" x="0.80" y="401.65" angle="-90.00" type="DEFAULT_VEHTYPE" speed="13.87" pos="194.45" lane="1/2to0/2_0" slope="0.00"/>
    </timestep>
    <timestep time="78.00">
        <vehicle id="10" x="614.37" y="201.65" angle="-90.00" type="DEFAULT_VEHTYPE" speed="7.91" pos="185.63" lane="4/1to3/1_0" slope="0.00"/>
        <vehicle id="11" x="598.35" y="369.23" angle="0.00" type="DEFAULT_VEHTYPE" speed="11.58" pos="26.02" lane="3/2to3/1_0" slope="0.00"/>
        <vehicle id="12" x="398.35" y="240.51" angle="0.00" type="DEFAULT_VEHTYPE" speed="13.79" pos="154.74" lane="2/2to2/1_0" slope="0.00"/>
        <vehicle id="13" x="398.35" y="282.06" angle="0.00" type="DEFAULT_VEHTYPE" speed="13.75" pos="113.19" lane="2/2to2/1_0" slope="0.00"/>
        <vehicle id="14" x="198.35" y="501.10" angle="0.00" type="DEFAULT_VEHTYPE" speed="13.82" pos="94.15" lane="1/3to1/2_0" slope="0.00"/>
        <vehicle id="3" x="201.65" y="495.84" angle="180.00" type="DEFAULT_VEHTYPE" speed="12.99" pos="91.09" lane="1/2to1/3_0" slope="0.00"/>
        <vehicle id="4" x="198.35" y="254.12" angle="0.00" type="DEFAULT_VEHTYPE" speed="12.73" pos="141.13" lane="1/2to1/1_0" slope="0.00"/>
        <vehicle id="5" x="402.41" y="198.35" angle="90.00" type="DEFAULT_VEHTYPE" speed="6.81" pos="7.16" lane=":2/1_13_0" slope="0.00"/>
        <vehicle id="6" x="398.35" y="309.92" angle="0.00" type="DEFAULT_VEHTYPE" speed="12.75" pos="85.33" lane="2/2to2/1_0" slope="0.00"/>
        <vehicle id="7" x="398.35" y="767.06" angle="0.00" type="DEFAULT_VEHTYPE" speed="13.02" pos="32.94" lane="2/4to2/3_0" slope="0.00"/>
        <vehicle id="8" x="576.32" y="198.35" angle="90.00" type="DEFAULT_VEHTYPE" speed="11.31" pos="171.57" lane="2/1to3/1_0" slope="0.00"/>
        <vehicle id="9" x="7.26" y="398.35" angle="90.00" type="DEFAULT_VEHTYPE" speed="12.88" pos="7.26" lane="0/2to1/2_0" slope="0.00"/>
    </timestep>
    <timestep time="79.00">
        <vehicle id="10" x="609.74" y="201.65" angle="-90.00" type="DEFAULT_VEHTYPE" speed="4.63" pos="190.26" lane="4/1to3/1_0" slope="0.00"/>
        <vehicle id="11" x="598.35" y="356.13" angle="0.00" type="DEFAULT_VEHTYPE" speed="13.09" pos="39.12" lane="3/2to3/1_0" slope="0.00"/>
        <vehicle id="12" x="398.35" y="226.63" angle="0.00" type="DEFAULT_VEHTYPE" speed="13.89" pos="168.62" lane="2/2to2/1_0" slope="0.00"/>
        <vehicle id="13" x="398.35" y="268.19" angle="0.00" type="DEFAULT_VEHTYPE" speed="13.88" pos="127.06" lane="2/2to2/1_0" slope="0.00"/>
        <vehicle id="14" x="198.35" y="488.41" angle="0.00" type="DEFAULT_VEHTYPE" speed="12.68" pos="106.84" lane="1/3to1/2_0" slope="0.00"/>
        <vehicle id="3" x="201.65" y="509.67" angle="180.00" type="DEFAULT_VEHTYPE" speed="13.83" pos="104.92" lane="1/2to1/3_0" slope="0.00"/>
        <vehicle id="4" x="198.35" y="241.00" angle="0.00" type="DEFAULT_VEHTYPE" speed="13.12" pos="154.25" lane="1/2to1/1_0" slope="0.00"/>
        <vehicle id="5" x="410.84" y="198.35" angle="90.00" type="DEFAULT_VEHTYPE" speed="8.43" pos="6.09" lane="2/1to3/1_0" slope="0.00"/>
        <vehicle id="6" x="398.35" y="297.22" angle="0.00" type="DEFAULT_VEHTYPE" speed="12.70" pos="98.03" lane="2/2to2/1_0" slope="0.00"/>
        <vehicle id="7" x="398.35" y="754.12" angle="0.00" type="DEFAULT_VEHTYPE" speed="12.93" pos="45.88" lane="2/4to2/3_0" slope="0.00"/>
        <vehicle id="8" x="584.65" y="198.35" angle="90.00" type="DEFAULT_VEHTYPE" speed="8.33" pos="179.90" lane="2/1to3/1_0" slope="0.00"/>
        <vehicle id="9" x="19.88" y="398.35" angle="90.00" type="DEFAULT_VEHTYPE" speed="12.62" pos="19.88" lane="0/2to1/2_0" slope="0.00"/>
    </timestep>
    <timestep time="80.00">
        <vehicle id="10" x="603.56" y="201.82" angle="-91.90" type="DEFAULT_VEHTYPE" speed="6.19" pos="1.20" lane=":3/1_4_0" slope="0.00"/>
        <vehicle id="11" x="598.35" y="342.46" angle="0.00" type="DEFAULT_VEHTYPE" speed="13.67" pos="52.79" lane="3/2to3/1_0" slope="0.00"/>
        <vehicle id="12" x="398.35" y="212.88" angle="0.00" type="DEFAULT_VEHTYPE" speed="13.75" pos="182.37" lane="2/2to2/1_0" slope="0.00"/>
        <vehicle id="13" x="398.35" y="255.00" angle="0.00" type="DEFAULT_VEHTYPE" speed="13.18" pos="140.25" lane="2/2to2/1_0" slope="0.00"/>
        <vehicle id="14" x="198.35" y="475.39" angle="0.00" type="DEFAULT_VEHTYPE" speed="13.02" pos="119.86" lane="1/3to1/2_0" slope="0.00"/>
        <vehicle id="3" x="201.65" y="523.34" angle="180.00" type="DEFAULT_VEHTYPE" speed="13.67" pos="118.59" lane="1/2to1/3_0" slope="0.00"/>
        <vehicle id="4" x="198.35" y="227.62" angle="0.00" type="DEFAULT_VEHTYPE" speed="13.38" pos="167.63" lane="1/2to1/1_0" slope="0.00"/>
        <vehicle id="5" x="421.02" y="198.35" angle="90.00" type="DEFAULT_VEHTYPE" speed="10.18" pos="16.27" lane="2/1to3/1_0" slope="0.00"/>
        <vehicle id="6" x="398.35" y="283.61" angle="0.00" type="DEFAULT_VEHTYPE" speed="13.62" pos="111.64" lane="2/2to2/1_0" slope="0.00"/>
        <vehicle id="7" x="398.35" y="741.20" angle="0.00" type="DEFAULT_VEHTYPE" speed="12.92" pos="58.80" lane="2/4to2/3_0" slope="0.00"/>
        <vehicle id="8" x="589.36" y="198.35" angle="90.00" type="DEFAULT_VEHTYPE" speed="4.71" pos="184.61" lane="2/1to3/1_0" slope="0.00"/>
        <vehicle id="9" x="32.53" y="398.35" angle="90.00" type="DEFAULT_VEHTYPE" speed="12.65" pos="32.53" lane="0/2to1/2_0" slope="0.00"/>
    </timestep>
    <timestep time="81.00">
        <vehicle id="10" x="601.65" y="209.11" angle="-178.98" type="DEFAULT_VEHTYPE" speed="8.16" pos="4.36" lane="3/1to3/2_0" slope="0.00"/>
        <vehicle id="11" x="598.35" y="329.20" angle="0.00" type="DEFAULT_VEHTYPE" speed="13.26" pos="66.05" lane="3/2to3/1_0" slope="0.00"/>
        <vehicle id="12" x="398.35" y="200.18" angle="0.00" type="DEFAULT_VEHTYPE" speed="12.70" pos="4.57" lane=":2/1_1_0" slope="0.00"/>
        <vehicle id="13" x="398.35" y="241.46" angle="0.00" type="DEFAULT_VEHTYPE" speed="13.54" pos="153.79" lane="2/2to2/1_0" slope="0.00"/>
        <vehicle id="14" x="198.35" y="461.82" angle="0.00" type="DEFAULT_VEHTYPE" speed="13.57" pos="133.43" lane="1/3to1/2_0" slope="0.00"/>
        <vehicle id="3" x="201.65" y="536.25" angle="180.00" type="DEFAULT_VEHTYPE" speed="12.90" pos="131.50" lane="1/2to1/3_0" slope="0.00"/>
        <vehicle id="4" x="198.35" y="214.40" angle="0.00" type="DEFAULT_VEHTYPE" speed="13.22" pos="180.85" lane="1/2to1/1_0" slope="0.00"/>
        <vehicle id="5" x="433.38" y="198.35" angle="90.00" type="DEFAULT_VEHTYPE" speed="12.36" pos="28.63" lane="2/1to3/1_0" slope="0.00"/>
        <vehicle id="6" x="398.35" y="270.67" angle="0.00" type="DEFAULT_VEHTYPE" speed="12.94" pos="124.58" lane="2/2to2/1_0" slope="0.00"/>
        <vehicle id="7" x="398.35" y="727.60" angle="0.00" type="DEFAULT_VEHTYPE" speed="13.60" pos="72.40" lane="2/4to2/3_0" slope="0.00"/>
        <vehicle id="8" x="593.97" y="198.35" angle="90.00" type="DEFAULT_VEHTYPE" speed="4.61" pos="189.22" lane="2/1to3/1_0" slope="0.00"/>
        <vehicle id="9" x="46.15" y="398.35" angle="90.00" type="DEFAULT_VEHTYPE" speed="13.62" pos="46.15" lane="0/2to1/2_0" slope="0.00"/>
    </timestep>
    <timestep time="82.00">
        <vehicle id="10" x="601.65" y="219.38" angle="180.00" type="DEFAULT_VEHTYPE" speed="10.27" pos="14.63" lane="3/1to3/2_0" slope="0.00"/>
        <vehicle id="11" x="598.35" y="316.39" angle="0.00" type="DEFAULT_VEHTYPE" speed="12.81" pos="78.86" lane="3/2to3/1_0" slope="0.00"/>
        <vehicle id="12" x="398.35" y="187.01" angle="0.00" type="DEFAULT_VEHTYPE" speed="13.17" pos="8.24" lane="2/1to2/0_0" slope="0.00"/>
        <vehicle id="13" x="398.35" y="228.35" angle="0.00" type="DEFAULT_VEHTYPE" speed="13.11" pos="166.90" lane="2/2to2/1_0" slope="0.00"/>
        <vehicle id="14" x="198.35" y="448.69" angle="0.00" type="DEFAULT_VEHTYPE" speed="13.13" pos="146.56" lane="1/3to1/2_0" slope="0.00"/>
        <vehicle id="3" x="201.65" y="548.93" angle="180.00" type="DEFAULT_VEHTYPE" speed="12.69" pos="144.18" lane="1/2to1/3_0" slope="0.00"/>
        <vehicle id="4" x="196.95" y="202.04" angle="-17.42" type="DEFAULT_VEHTYPE" speed="12.89" pos="3.24" lane=":1/1_0_0" slope="0.00"/>
        <vehicle id="5" x="447.02" y="198.35" angle="90.00" type="DEFAULT_VEHTYPE" speed="13.64" pos="42.27" lane="2/1to3/1_0" slope="0.00"/>
        <vehicle id="6" x="398.35" y="257.13" angle="0.00" type="DEFAULT_VEHTYPE" speed="13.54" pos="138.12" lane="2/2to2/1_0" slope="0.00"/>
        <vehicle id="7" x="398.35" y="714.95" angle="0.00" type="DEFAULT_VEHTYPE" speed="12.65" pos="85.05" lane="2/4to2/3_0" slope="0.00"/>
        <vehicle id="8" x="600.34" y="200.44" angle="114.44" type="DEFAULT_VEHTYPE" speed="7.01" pos="5.73" lane=":3/1_14_0" slope="0.00"/>
        <vehicle id="9" x="59.92" y="398.35" angle="90.00" type="DEFAULT_VEHTYPE" speed="13.76" pos="59.92" lane="0/2to1/2_0" slope="0.00"/>
    </timestep>
    <timestep time="83.00">
        <vehicle id="10" x="601.65" y="230.95" angle="180.00" type="DEFAULT_VEHTYPE" speed="11.57" pos="26.20" lane="3/1to3/2_0" slope="0.00"/>
        <vehicle id="11" x="598.35" y="303.39" angle="0.00" type="DEFAULT_VEHTYPE" speed="13.00" pos="91.86" lane="3/2to3/1_0" slope="0.00"/>
        <vehicle id="12" x="398.35" y="173.42" angle="0.00" type="DEFAULT_VEHTYPE" speed="13.58" pos="21.83" lane="2/1to2/0_0" slope="0.00"/>
        <vehicle id="13" x="398.35" y="215.07" angle="0.00" type="DEFAULT_VEHTYPE" speed="13.28" pos="180.18" lane="2/2to2/1_0" slope="0.00"/>
        <vehicle id="14" x="198.35" y="434.94" angle="0.00" type="DEFAULT_VEHTYPE" speed="13.75" pos="160.31" lane="1/3to1/2_0" slope="0.00"/>
        <vehicle id="3" x="201.65" y="562.41" angle="180.00" type="DEFAULT_VEHTYPE" speed="13.48" pos="157.66" lane="1/2to1/3_0" slope="0.00"/>
        <vehicle id="4" x="183.38" y="201.65" angle="-90.00" type="DEFAULT_VEHTYPE" speed="13.63" pos="11.87" lane="1/1to0/1_0" slope="0.00"/>
        <vehicle id="5" x="460.15" y="198.35" angle="90.00" type="DEFAULT_VEHTYPE" speed="13.12" pos="55.40" lane="2/1to3/1_0" slope="0.00"/>
        <vehicle id="6" x="398.35" y="243.55" angle="0.00" type="DEFAULT_VEHTYPE" speed="13.58" pos="151.70" lane="2/2to2/1_0" slope="0.00"/>
        <vehicle id="7" x="398.35" y="701.44" angle="0.00" type="DEFAULT_VEHTYPE" speed="13.51" pos="98.56" lane="2/4to2/3_0" slope="0.00"/>
        <vehicle id="8" x="601.65" y="209.69" angle="179.91" type="DEFAULT_VEHTYPE" speed="9.53" pos="4.94" lane="3/1to3/2_0" slope="0.00"/>
        <vehicle id="9" x="73.19" y="398.35" angle="90.00" type="DEFAULT_VEHTYPE" speed="13.28" pos="73.19" lane="0/2to1/2_0" slope="0.00"/>
    </timestep>
    <timestep time="84.00">
        <vehicle id="10" x="601.65" y="244.17" angle="180.00" type="DEFAULT_VEHTYPE" speed="13.22" pos="39.42" lane="3/1to3/2_0" slope="0.00"/>
        <vehicle id="11" x="598.35" y="290.53" angle="0.00" type="DEFAULT_VEHTYPE" speed="12.86" pos="104.72" lane="3/2to3/1_0" slope="0.00"/>
        <vehicle id="12" x="398.35" y="160.39" angle="0.00" type="DEFAULT_VEHTYPE" speed="13.03" pos="34.86" lane="2/1to2/0_0" slope="0.00"/>
        <vehicle id="13" x="398.35" y="202.06" angle="0.00" type="DEFAULT_VEHTYPE" speed="13.01" pos="2.69" lane=":2/1_1_0" slope="0.00"/>
        <vehicle id="14" x="198.35" y="421.44" angle="0.00" type="DEFAULT_VEHTYPE" speed="13.50" pos="173.81" lane="1/3to1/2_0" slope="0.00"/>
        <vehicle id="3" x="201.65" y="576.30" angle="180.00" type="DEFAULT_VEHTYPE" speed="13.90" pos="171.55" lane="1/2to1/3_0" slope="0.00"/>
        <vehicle id="4" x="170.31" y="201.65" angle="-90.00" type="DEFAULT_VEHTYPE" speed="13.07" pos="24.94" lane="1/1to0/1_0" slope="0.00"/>
        <vehicle id="5" x="472.90" y="198.35" angle="90.00" type="DEFAULT_VEHTYPE" speed="12.75" pos="68.15" lane="2/1to3/1_0" slope="0.00"/>
        <vehicle id="6" x="398.35" y="230.54" angle="0.00" type="DEFAULT_VEHTYPE" speed="13.01" pos="164.71" lane="2/2to2/1_0" slope="0.00"/>
        <vehicle id="7" x="398.35" y="688.25" angle="0.00" type="DEFAULT_VEHTYPE" speed="13.18" pos="111.75" lane="2/4to2/3_0" slope="0.00"/>
        <vehicle id="8" x="601.65" y="220.88" angle="180.00" type="DEFAULT_VEHTYPE" speed="11.19" pos="16.13" lane="3/1to3/2_0" slope="0.00"/>
        <vehicle id="9" x="86.26" y="398.35" angle="90.00" type="DEFAULT_VEHTYPE" speed="13.07" pos="86.26" lane="0/2to1/2_0" slope="0.00"/>
    </timestep>
    <timestep time="85.00">
        <vehicle id="10" x="601.65" y="257.31" angle="180.00" type="DEFAULT_VEHTYPE" speed="13.13" pos="52.56" lane="3/1to3/2_0" slope="0.00"/>
        <vehicle id="11" x="598.35" y="277.82" angle="0.00" type="DEFAULT_VEHTYPE" speed="12.71" pos="117.43" lane="3/2to3/1_0" slope="0.00"/>
        <vehicle id="12" x="398.35" y="147.15" angle="0.00" type="DEFAULT_VEHTYPE" speed="13.24" pos="48.10" lane="2/1to2/0_0" slope="0.00"/>
        <vehicle id="13" x="398.35" y="188.43" angle="0.00" type="DEFAULT_VEHTYPE" speed="13.64" pos="6.82" lane="2/1to2/0_0" slope="0.00"/>
        <vehicle id="14" x="198.35" y="408.43" angle="0.00" type="DEFAULT_VEHTYPE" speed="13.01" pos="186.82" lane="1/3to1/2_0" slope="0.00"/>
        <vehicle id="3" x="201.65" y="589.32" angle="180.00" type="DEFAULT_VEHTYPE" speed="13.02" pos="184.57" lane="1/2to1/3_0" slope="0.00"/>
        <vehicle id="4" x="157.33" y="201.65" angle="-90.00" type="DEFAULT_VEHTYPE" speed="12.98" pos="37.92" lane="1/1to0/1_0" slope="0.00"/>
        <vehicle id="5" x="486.16" y="198.35" angle="90.00" type="DEFAULT_VEHTYPE" speed="13.26" pos="81.41" lane="2/1to3/1_0" slope="0.00"/>
        <vehicle id="6" x="398.35" y="217.16" angle="0.00" type="DEFAULT_VEHTYPE" speed="13.38" pos="178.09" lane="2/2to2/1_0" slope="0.00"/>
        <vehicle id="7" x="398.35" y="675.47" angle="0.00" type="DEFAULT_VEHTYPE" speed="12.78" pos="124.53" lane="2/4to2/3_0" slope="0.00"/>
        <vehicle id="8" x="601.65" y="233.57" angle="180.00" type="DEFAULT_VEHTYPE" speed="12.69" pos="28.82" lane="3/1to3/2_0" slope="0.00"/>
        <vehicle id="9" x="100.04" y="398.35" angle="90.00" type="DEFAULT_VEHTYPE" speed="13.77" pos="100.04" lane="0/2to1/2_0" slope="0.00"/>
    </timestep>
    <timestep time="86.00">
        <vehicle id="10" x="601.65" y="269.97" angle="180.00" type="DEFAULT_VEHTYPE" speed="12.66" pos="65.22" lane="3/1to3/2_0" slope="0.00"/>
        <vehicle id="11" x="598.35" y="264.05" angle="0.00" type="DEFAULT_VEHTYPE" speed="13.77" pos="131.20" lane="3/2to3/1_0" slope="0.00"/>
        <vehicle id="12" x="398.35" y="134.40" angle="0.00" type="DEFAULT_VEHTYPE" speed="12.76" pos="60.85" lane="2/1to2/0_0" slope="0.00"/>
        <vehicle id="13" x="398.35" y="174.53" angle="0.00" type="DEFAULT_VEHTYPE" speed="13.90" pos="20.72" lane="2/1to2/0_0" slope="0.00"/>
        <vehicle id="14" x="198.35" y="395.25" angle="0.00" type="DEFAULT_VEHTYPE" speed="13.19" pos="0.00" lane="1/2to1/1_0" slope="0.00"/>
        <vehicle id="3" x="206.75" y="598.35" angle="104.71" type="DEFAULT_VEHTYPE" speed="12.93" pos="2.00" lane="1/3to2/3_0" slope="0.00"/>
        <vehicle id="4" x="144.17" y="201.65" angle="-90.00" type="DEFAULT_VEHTYPE" speed="13.16" pos="51.08" lane="1/1to0/1_0" slope="0.00"/>
        <vehicle id="5" x="499.59" y="198.35" angle="90.00" type="DEFAULT_VEHTYPE" speed="13.44" pos="94.84" lane="2/1to3/1_0" slope="0.00"/>
        <vehicle id="6" x="398.31" y="204.45" angle="-0.48" type="DEFAULT_VEHTYPE" speed="12.71" pos="0.30" lane=":2/1_0_0" slope="0.00"/>
        <vehicle id="7" x="398.35" y="662.32" angle="0.00" type="DEFAULT_VEHTYPE" speed="13.15" pos="137.68" lane="2/4to2/3_0" slope="0.00"/>
        <vehicle id="8" x="601.65" y="246.52" angle="180.00" type="DEFAULT_VEHTYPE" speed="12.95" pos="41.77" lane="3/1to3/2_0" slope="0.00"/>
        <vehicle id="9" x="112.89" y="398.35" angle="90.00" type="DEFAULT_VEHTYPE" speed="12.85" pos="112.89" lane="0/2to1/2_0" slope="0.00"/>
    </timestep>
    <timestep time="87.00">
        <vehicle id="10" x="601.65" y="283.37" angle="180.00" type="DEFAULT_VEHTYPE" speed="13.40" pos="78.62" lane="3/1to3/2_0" slope="0.00"/>
        <vehicle id="11" x="598.35" y="250.20" angle="0.00" type="DEFAULT_VEHTYPE" speed="13.85" pos="145.05" lane="3/2to3/1_0" slope="0.00"/>
        <vehicle id="12" x="398.35" y="120.57" angle="0.00" type="DEFAULT_VEHTYPE" speed="13.83" pos="74.68" lane="2/1to2/0_0" slope="0.00"/>
        <vehicle id="13" x="398.35" y="161.42" angle="0.00" type="DEFAULT_VEHTYPE" speed="13.11" pos="33.83" lane="2/1to2/0_0" slope="0.00"/>
        <vehicle id="14" x="198.35" y="381.99" angle="0.00" type="DEFAULT_VEHTYPE" speed="13.25" pos="13.26" lane="1/2to1/1_0" slope="0.00"/>
        <vehicle id="3" x="219.88" y="598.35" angle="90.00" type="DEFAULT_VEHTYPE" speed="13.13" pos="15.13" lane="1/3to2/3_0" slope="0.00"/>
        <vehicle id="4" x="131.49" y="201.65" angle="-90.00" type="DEFAULT_VEHTYPE" speed="12.68" pos="63.76" lane="1/1to0/1_0" slope="0.00"/>
        <vehicle id="5" x="513.46" y="198.35" angle="90.00" type="DEFAULT_VEHTYPE" speed="13.86" pos="108.71" lane="2/1to3/1_0" slope="0.00"/>
        <vehicle id="6" x="387.29" y="201.65" angle="-90.00" type="DEFAULT_VEHTYPE" speed="12.66" pos="7.96" lane="2/1to1/1_0" slope="0.00"/>
        <vehicle id="7" x="398.35" y="649.05" angle="0.00" type="DEFAULT_VEHTYPE" speed="13.27" pos="150.95" lane="2/4to2/3_0" slope="0.00"/>
        <vehicle id="8" x="601.65" y="259.47" angle="180.00" type="DEFAULT_VEHTYPE" speed="12.95" pos="54.72" lane="3/1to3/2_0" slope="0.00"/>
        <vehicle id="9" x="126.29" y="398.35" angle="90.00" type="DEFAULT_VEHTYPE" speed="13.40" pos="126.29" lane="0/2to1/2_0" slope="0.00"/>
    </timestep>
    <timestep time="88.00">
        <vehicle id="10" x="601.65" y="296.15" angle="180.00" type="DEFAULT_VEHTYPE" speed="12.78" pos="91.40" lane="3/1to3/2_0" slope="0.00"/>
        <vehicle id="11" x="598.35" y="236.73" angle="0.00" type="DEFAULT_VEHTYPE" speed="13.48" pos="158.52" lane="3/2to3/1_0" slope="0.00"/>
        <vehicle id="12" x="398.35" y="107.34" angle="0.00" type="DEFAULT_VEHTYPE" speed="13.23" pos="87.91" lane="2/1to2/0_0" slope="0.00"/>
        <vehicle id="13" x="398.35" y="147.93" angle="0.00" type="DEFAULT_VEHTYPE" speed="13.49" pos="47.32" lane="2/1to2/0_0" slope="0.00"/>
        <vehicle id="14" x="198.35" y="369.09" angle="0.00" type="DEFAULT_VEHTYPE" speed="12.90" pos="26.16" lane="1/2to1/1_0" slope="0.00"/>
        <vehicle id="3" x="233.25" y="598.35" angle="90.00" type="DEFAULT_VEHTYPE" speed="13.36" pos="28.50" lane="1/3to2/3_0" slope="0.00"/>
        <vehicle id="4" x="118.24" y="201.65" angle="-90.00" type="DEFAULT_VEHTYPE" speed="13.25" pos="77.01" lane="1/1to0/1_0" slope="0.00"/>
        <vehicle id="5" x="526.27" y="198.35" angle="90.00" type="DEFAULT_VEHTYPE" speed="12.81" pos="121.52" lane="2/1to3/1_0" slope="0.00"/>
        <vehicle id="6" x="374.69" y="201.65" angle="-90.00" type="DEFAULT_VEHTYPE" speed="12.60" pos="20.56" lane="2/1to1/1_0" slope="0.00"/>
        <vehicle id="7" x="398.35" y="635.98" angle="0.00" type="DEFAULT_VEHTYPE" speed="13.07" pos="164.02" lane="2/4to2/3_0" slope="0.00"/>
        <vehicle id="8" x="601.65" y="272.87" angle="180.00" type="DEFAULT_VEHTYPE" speed="13.40" pos="68.12" lane="3/1to3/2_0" slope="0.00"/>
        <vehicle id="9" x="140.09" y="398.35" angle="90.00" type="DEFAULT_VEHTYPE" speed="13.80" pos="140.09" lane="0/2to1/2_0" slope="0.00"/>
    </timestep>
    <timestep time="89.00">
        <vehicle id="10" x="601.65" y="309.70" angle="180.00" type="DEFAULT_VEHTYPE" speed="13.55" pos="104.95" lane="3/1to3/2_0" slope="0.00"/>
        <vehicle id="11" x="598.35" y="224.02" angle="0.00" type="DEFAULT_VEHTYPE" speed="12.70" pos="171.23" lane="3/2to3/1_0" slope="0.00"/>
        <vehicle id="12" x="398.35" y="94.55" angle="0.00" type="DEFAULT_VEHTYPE" speed="12.80" pos="100.70" lane="2/1to2/0_0" slope="0.00"/>
        <vehicle id="13" x="398.35" y="135.15" angle="0.00" type="DEFAULT_VEHTYPE" speed="12.78" pos="60.10" lane="2/1to2/0_0" slope="0.00"/>
        <vehicle id="14" x="198.35" y="355.99" angle="0.00" type="DEFAULT_VEHTYPE" speed="13.10" pos="39.26" lane="1/2to1/1_0" slope="0.00"/>
        <vehicle id="3" x="246.09" y="598.35" angle="90.00" type="DEFAULT_VEHTYPE" speed="12.85" pos="41.34" lane="1/3to2/3_0" slope="0.00"/>
        <vehicle id="4" x="105.37" y="201.65" angle="-90.00" type="DEFAULT_VEHTYPE" speed="12.87" pos="89.88" lane="1/1to0/1_0" slope="0.00"/>
        <vehicle id="5" x="538.88" y="198.35" angle="90.00" type="DEFAULT_VEHTYPE" speed="12.60" pos="134.13" lane="2/1to3/1_0" slope="0.00"/>
        <vehicle id="6" x="361.64" y="201.65" angle="-90.00" type="DEFAULT_VEHTYPE" speed="13.05" pos="33.61" lane="2/1to1/1_0" slope="0.00"/>
        <vehicle id="7" x="398.35" y="623.21" angle="0.00" type="DEFAULT_VEHTYPE" speed="12.77" pos="176.79" lane="2/4to2/3_0" slope="0.00"/>
        <vehicle id="8" x="601.65" y="286.34" angle="180.00" type="DEFAULT_VEHTYPE" speed="13.47" pos="81.59" lane="3/1to3/2_0" slope="0.00"/>
        <vehicle id="9" x="153.50" y="398.35" angle="90.00" type="DEFAULT_VEHTYPE" speed="13.40" pos="153.50" lane="0/2to1/2_0" slope="0.00"/>
    </timestep>
    <timestep time="90.00">
        <vehicle id="10" x="601.65" y="323.46" angle="180.00" type="DEFAULT_VEHTYPE" speed="13.75" pos="118.71" lane="3/1to3/2_0" slope="0.00"/>
        <vehicle id="11" x="598.35" y="211.32" angle="0.00" type="DEFAULT_VEHTYPE" speed="12.70" pos="183.93" lane="3/2to3/1_0" slope="0.00"/>
        <vehicle id="12" x="398.35" y="80.92" angle="0.00" type="DEFAULT_VEHTYPE" speed="13.63" pos="114.33" lane="2/1to2/0_0" slope="0.00"/>
        <vehicle id="13" x="398.35" y="121.48" angle="0.00" type="DEFAULT_VEHTYPE" speed="13.66" pos="73.77" lane="2/1to2/0_0" slope="0.00"/>
        <vehicle id="14" x="198.35" y="343.07" angle="0.00" type="DEFAULT_VEHTYPE" speed="12.92" pos="52.18" lane="1/2to1/1_0" slope="0.00"/>
        <vehicle id="3" x="259.88" y="598.35" angle="90.00" type="DEFAULT_VEHTYPE" speed="13.79" pos="55.13" lane="1/3to2/3_0" slope="0.00"/>
        <vehicle id="4" x="92.25" y="201.65" angle="-90.00" type="DEFAULT_VEHTYPE" speed="13.13" pos="103.00" lane="1/1to0/1_0" slope="0.00"/>
        <vehicle id="5" x="552.61" y="198.35" angle="90.00" type="DEFAULT_VEHTYPE" speed="13.73" pos="147.86" lane="2/1to3/1_0" slope="0.00"/>
        <vehicle id="6" x="348.93" y="201.65" angle="-90.00" type="DEFAULT_VEHTYPE" speed="12.71" pos="46.32" lane="2/1to1/1_0" slope="0.00"/>
        <vehicle id="7" x="398.35" y="609.71" angle="0.00" type="DEFAULT_VEHTYPE" speed="13.50" pos="190.29" lane="2/4to2/3_0" slope="0.00"/>
        <vehicle id="8" x="601.65" y="299.35" angle="180.00" type="DEFAULT_VEHTYPE" speed="13.00" pos="94.60" lane="3/1to3/2_0" slope="0.00"/>
        <vehicle id="9" x="166.15" y="398.35" angle="90.00" type="DEFAULT_VEHTYPE" speed="12.65" pos="166.15" lane="0/2to1/2_0" slope="0.00"/>
    </timestep>
    <timestep time="91.00">
        <vehicle id="10" x="601.65" y="337.08" angle="180.00" type="DEFAULT_VEHTYPE" speed="13.63" pos="132.33" lane="3/1to3/2_0" slope="0.00"/>
        <vehicle id="12" x="398.35" y="68.11" angle="0.00" type="DEFAULT_VEHTYPE" speed="12.81" pos="127.14" lane="2/1to2/0_0" slope="0.00"/>
        <vehicle id="13" x="398.35" y="108.79" angle="0.00" type="DEFAULT_VEHTYPE" speed="12.70" pos="86.46" lane="2/1to2/0_0" slope="0.00"/>
        <vehicle id="14" x="198.35" y="330.34" angle="0.00" type="DEFAULT_VEHTYPE" speed="12.73" pos="64.91" lane="1/2to1/1_0" slope="0.00"/>
        <vehicle id="3" x="273.47" y="598.35" angle="90.00" type="DEFAULT_VEHTYPE" speed="13.59" pos="68.72" lane="1/3to2/3_0" slope="0.00"/>
        <vehicle id="4" x="79.03" y="201.65" angle="-90.00" type="DEFAULT_VEHTYPE" speed="13.22" pos="116.22" lane="1/1to0/1_0" slope="0.00"/>
        <vehicle id="5" x="566.19" y="198.35" angle="90.00" type="DEFAULT_VEHTYPE" speed="13.59" pos="161.44" lane="2/1to3/1_0" slope="0.00"/>
        <vehicle id="6" x="335.88" y="201.65" angle="-90.00" type="DEFAULT_VEHTYPE" speed="13.05" pos="59.37" lane="2/1to1/1_0" slope="0.00"/>
        <vehicle id="7" x="398.35" y="595.96" angle="0.00" type="DEFAULT_VEHTYPE" speed="13.74" pos="8.79" lane=":2/3_1_0" slope="0.00"/>
        <vehicle id="8" x="601.65" y="311.99" angle="180.00" type="DEFAULT_VEHTYPE" speed="12.64" pos="107.24" lane="3/1to3/2_0" slope="0.00"/>
        <vehicle id="9" x="177.63" y="398.35" angle="90.00" type="DEFAULT_VEHTYPE" speed="11.48" pos="177.63" lane="0/2to1/2_0" slope="0.00"/>
    </timestep>
    <timestep time="92.00">
        <vehicle id="10" x="601.65" y="350.88" angle="180.00" type="DEFAULT_VEHTYPE" speed="13.80" pos="146.13" lane="3/1to3/2_0" slope="0.00"/>
        <vehicle id="12" x="398.35" y="55.30" angle="0.00" type="DEFAULT_VEHTYPE" speed="12.81" pos="139.95" lane="2/1to2/0_0" slope="0.00"/>
        <vehicle id="13" x="398.35" y="95.90" angle="0.00" type="DEFAULT_VEHTYPE" speed="12.89" pos="99.35" lane="2/1to2/0_0" slope="0.00"/>
        <vehicle id="14" x="198.35" y="316.60" angle="0.00" type="DEFAULT_VEHTYPE" speed="13.74" pos="78.65" lane="1/2to1/1_0" slope="0.00"/>
        <vehicle id="3" x="287.16" y="598.35" angle="90.00" type="DEFAULT_VEHTYPE" speed="13.69" pos="82.41" lane="1/3to2/3_0" slope="0.00"/>
        <vehicle id="4" x="65.58" y="201.65" angle="-90.00" type="DEFAULT_VEHTYPE" speed="13.45" pos="129.67" lane="1/1to0/1_0" slope="0.00"/>
        <vehicle id="5" x="576.87" y="198.35" angle="90.00" type="DEFAULT_VEHTYPE" speed="10.68" pos="172.12" lane="2/1to3/1_0" slope="0.00"/>
        <vehicle id="6" x="323.17" y="201.65" angle="-90.00" type="DEFAULT_VEHTYPE" speed="12.71" pos="72.08" lane="2/1to1/1_0" slope="0.00"/>
        <vehicle id="7" x="398.35" y="583.19" angle="0.00" type="DEFAULT_VEHTYPE" speed="12.77" pos="12.06" lane="2/3to2/2_0" slope="0.00"/>
        <vehicle id="8" x="601.65" y="325.67" angle="180.00" type="DEFAULT_VEHTYPE" speed="13.68" pos="120.92" lane="3/1to3/2_0" slope="0.00"/>
        <vehicle id="9" x="184.61" y="398.35" angle="90.00" type="DEFAULT_VEHTYPE" speed="6.98" pos="184.61" lane="0/2to1/2_0" slope="0.00"/>
    </timestep>
    <timestep time="93.00">
        <vehicle id="10" x="601.65" y="363.97" angle="180.00" type="DEFAULT_VEHTYPE" speed="13.09" pos="159.22" lane="3/1to3/2_0" slope="0.00"/>
        <vehicle id="12" x="398.35" y="42.07" angle="0.00" type="DEFAULT_VEHTYPE" speed="13.23" pos="153.18" lane="2/1to2/0_0" slope="0.00"/>
        <vehicle id="13" x="398.35" y="82.62" angle="0.00" type="DEFAULT_VEHTYPE" speed="13.28" pos="112.63" lane="2/1to2/0_0" slope="0.00"/>
        <vehicle id="14" x="198.35" y="303.04" angle="0.00" type="DEFAULT_VEHTYPE" speed="13.56" pos="92.21" lane="1/2to1/1_0" slope="0.00"/>
        <vehicle id="3" x="300.47" y="598.35" angle="90.00" type="DEFAULT_VEHTYPE" speed="13.31" pos="95.72" lane="1/3to2/3_0" slope="0.00"/>
        <vehicle id="4" x="52.34" y="201.65" angle="-90.00" type="DEFAULT_VEHTYPE" speed="13.24" pos="142.91" lane="1/1to0/1_0" slope="0.00"/>
        <vehicle id="5" x="583.91" y="198.35" angle="90.00" type="DEFAULT_VEHTYPE" speed="7.03" pos="179.16" lane="2/1to3/1_0" slope="0.00"/>
        <vehicle id="6" x="310.51" y="201.65" angle="-90.00" type="DEFAULT_VEHTYPE" speed="12.66" pos="84.74" lane="2/1to1/1_0" slope="0.00"/>
        <vehicle id="7" x="398.35" y="569.80" angle="0.00" type="DEFAULT_VEHTYPE" speed="13.39" pos="25.45" lane="2/3to2/2_0" slope="0.00"/>
        <vehicle id="8" x="601.65" y="339.24" angle="180.00" type="DEFAULT_VEHTYPE" speed="13.58" pos="134.49" lane="3/1to3/2_0" slope="0.00"/>
        <vehicle id="9" x="188.51" y="398.35" angle="90.00" type="DEFAULT_VEHTYPE" speed="3.90" pos="188.51" lane="0/2to1/2_0" slope="0.00"/>
    </timestep>
    <timestep time="94.00">
        <vehicle id="10" x="601.65" y="375.55" angle="180.00" type="DEFAULT_VEHTYPE" speed="11.58" pos="170.80" lane="3/1to3/2_0" slope="0.00"/>
        <vehicle id="12" x="398.35" y="29.10" angle="0.00" type="DEFAULT_VEHTYPE" speed="12.96" pos="166.15" lane="2/1to2/0_0" slope="0.00"/>
        <vehicle id="13" x="398.35" y="69.86" angle="0.00" type="DEFAULT_VEHTYPE" speed="12.76" pos="125.39" lane="2/1to2/0_0" slope="0.00"/>
        <vehicle id="14" x="198.35" y="289.81" angle="0.00" type="DEFAULT_VEHTYPE" speed="13.23" pos="105.44" lane="1/2to1/1_0" slope="0.00"/>
        <vehicle id="3" x="313.62" y="598.35" angle="90.00" type="DEFAULT_VEHTYPE" speed="13.15" pos="108.87" lane="1/3to2/3_0" slope="0.00"/>
        <vehicle id="4" x="38.63" y="201.65" angle="-90.00" type="DEFAULT_VEHTYPE" speed="13.71" pos="156.62" lane="1/1to0/1_0" slope="0.00"/>
        <vehicle id="5" x="588.64" y="198.35" angle="90.00" type="DEFAULT_VEHTYPE" speed="4.73" pos="183.89" lane="2/1to3/1_0" slope="0.00"/>
        <vehicle id="6" x="296.90" y="201.65" angle="-90.00" type="DEFAULT_VEHTYPE" speed="13.61" pos="98.35" lane="2/1to1/1_0" slope="0.00"/>
        <vehicle id="7" x="398.35" y="556.76" angle="0.00" type="DEFAULT_VEHTYPE" speed="13.04" pos="38.49" lane="2/3to2/2_0" slope="0.00"/>
        <vehicle id="8" x="601.65" y="352.65" angle="180.00" type="DEFAULT_VEHTYPE" speed="13.41" pos="147.90" lane="3/1to3/2_0" slope="0.00"/>
        <vehicle id="9" x="194.70" y="398.35" angle="90.00" type="DEFAULT_VEHTYPE" speed="6.19" pos="194.70" lane="0/2to1/2_0" slope="0.00"/>
    </timestep>
    <timestep time="95.00">
        <vehicle id="10" x="601.65" y="383.82" angle="180.00" type="DEFAULT_VEHTYPE" speed="8.27" pos="179.07" lane="3/1to3/2_0" slope="0.00"/>
        <vehicle id="12" x="398.35" y="15.45" angle="0.00" type="DEFAULT_VEHTYPE" speed="13.66" pos="179.80" lane="2/1to2/0_0" slope="0.00"/>
        <vehicle id="13" x="398.35" y="56.85" angle="0.00" type="DEFAULT_VEHTYPE" speed="13.01" pos="138.40" lane="2/1to2/0_0" slope="0.00"/>
        <vehicle id="14" x="198.35" y="277.04" angle="0.00" type="DEFAULT_VEHTYPE" speed="12.77" pos="118.21" lane="1/2to1/1_0" slope="0.00"/>
        <vehicle id="3" x="326.95" y="598.35" angle="90.00" type="DEFAULT_VEHTYPE" speed="13.33" pos="122.20" lane="1/3to2/3_0" slope="0.00"/>
        <vehicle id="4" x="25.71" y="201.65" angle="-90.00" type="DEFAULT_VEHTYPE" speed="12.92" pos="169.54" lane="1/1to0/1_0" slope="0.00"/>
        <vehicle id="5" x="595.19" y="198.35" angle="90.00" type="DEFAULT_VEHTYPE" speed="6.55" pos="190.44" lane="2/1to3/1_0" slope="0.00"/>
        <vehicle id="6" x="283.70" y="201.65" angle="-90.00" type="DEFAULT_VEHTYPE" speed="13.20" pos="111.55" lane="2/1to1/1_0" slope="0.00"/>
        <vehicle id="7" x="398.35" y="543.56" angle="0.00" type="DEFAULT_VEHTYPE" speed="13.21" pos="51.69" lane="2/3to2/2_0" slope="0.00"/>
        <vehicle id="8" x="601.65" y="364.89" angle="180.00" type="DEFAULT_VEHTYPE" speed="12.24" pos="160.14" lane="3/1to3/2_0" slope="0.00"/>
        <vehicle id="9" x="201.33" y="402.52" angle="139.87" type="DEFAULT_VEHTYPE" speed="8.62" pos="8.07" lane=":1/2_14_0" slope="0.00"/>
    </timestep>
    <timestep time="96.00">
        <vehicle id="10" x="601.65" y="389.11" angle="180.00" type="DEFAULT_VEHTYPE" speed="5.29" pos="184.36" lane="3/1to3/2_0" slope="0.00"/>
        <vehicle id="12" x="398.35" y="2.54" angle="0.00" type="DEFAULT_VEHTYPE" speed="12.91" pos="192.71" lane="2/1to2/0_0" slope="0.00"/>
        <vehicle id="13" x="398.35" y="44.06" angle="0.00" type="DEFAULT_VEHTYPE" speed="12.79" pos="151.19" lane="2/1to2/0_0" slope="0.00"/>
        <vehicle id="14" x="198.35" y="264.01" angle="0.00" type="DEFAULT_VEHTYPE" speed="13.02" pos="131.24" lane="1/2to1/1_0" slope="0.00"/>
        <vehicle id="3" x="340.15" y="598.35" angle="90.00" type="DEFAULT_VEHTYPE" speed="13.21" pos="135.40" lane="1/3to2/3_0" slope="0.00"/>
        <vehicle id="4" x="12.99" y="201.65" angle="-90.00" type="DEFAULT_VEHTYPE" speed="12.71" pos="182.26" lane="1/1to0/1_0" slope="0.00"/>
        <vehicle id="5" x="603.96" y="198.35" angle="90.00" type="DEFAULT_VEHTYPE" speed="8.77" pos="8.71" lane=":3/1_13_0" slope="0.00"/>
        <vehicle id="6" x="270.84" y="201.65" angle="-90.00" type="DEFAULT_VEHTYPE" speed="12.86" pos="124.41" lane="2/1to1/1_0" slope="0.00"/>
        <vehicle id="7" x="398.35" y="529.67" angle="0.00" type="DEFAULT_VEHTYPE" speed="13.89" pos="65.58" lane="2/3to2/2_0" slope="0.00"/>
        <vehicle id="8" x="601.65" y="373.12" angle="180.00" type="DEFAULT_VEHTYPE" speed="8.23" pos="168.37" lane="3/1to3/2_0" slope="0.00"/>
        <vehicle id="9" x="201.65" y="413.51" angle="180.00" type="DEFAULT_VEHTYPE" speed="11.01" pos="8.76" lane="1/2to1/3_0" slope="0.00"/>
    </timestep>
    <timestep time="97.00">
        <vehicle id="10" x="601.57" y="395.78" angle="-179.14" type="DEFAULT_VEHTYPE" speed="6.68" pos="0.53" lane=":3/2_10_0" slope="0.00"/>
        <vehicle id="12" x="401.65" y="6.47" angle="180.00" type="DEFAULT_VEHTYPE" speed="13.83" pos="6.47" lane="2/0to2/1_0" slope="0.00"/>
        <vehicle id="13" x="398.35" y="30.69" angle="0.00" type="DEFAULT_VEHTYPE" speed="13.38" pos="164.56" lane="2/1to2/0_0" slope="0.00"/>
        <vehicle id="14" x="198.35" y="250.35" angle="0.00" type="DEFAULT_VEHTYPE" speed="13.67" pos="144.90" lane="1/2to1/1_0" slope="0.00"/>
        <vehicle id="3" x="353.58" y="598.35" angle="90.00" type="DEFAULT_VEHTYPE" speed="13.43" pos="148.83" lane="1/3to2/3_0" slope="0.00"/>
        <vehicle id="4" x="0.19" y="201.65" angle="-90.00" type="DEFAULT_VEHTYPE" speed="12.80" pos="195.06" lane="1/1to0/1_0" slope="0.00"/>
        <vehicle id="5" x="614.68" y="198.35" angle="90.00" type="DEFAULT_VEHTYPE" speed="10.73" pos="9.93" lane="3/1to4/1_0" slope="0.00"/>
        <vehicle id="6" x="257.51" y="201.65" angle="-90.00" type="DEFAULT_VEHTYPE" speed="13.33" pos="137.74" lane="2/1to1/1_0" slope="0.00"/>
        <vehicle id="7" x="398.35" y="516.83" angle="0.00" type="DEFAULT_VEHTYPE" speed="12.84" pos="78.42" lane="2/3to2/2_0" slope="0.00"/>
        <vehicle id="8" x="601.65" y="379.09" angle="180.00" type="DEFAULT_VEHTYPE" speed="5.97" pos="174.34" lane="3/1to3/2_0" slope="0.00"/>
        <vehicle id="9" x="201.65" y="426.27" angle="180.00" type="DEFAULT_VEHTYPE" speed="12.76" pos="21.52" lane="1/2to1/3_0" slope="0.00"/>
    </timestep>
    <timestep time="98.00">
        <vehicle id="10" x="596.72" y="401.44" angle="-122.17" type="DEFAULT_VEHTYPE" speed="8.30" pos="1.70" lane=":3/2_18_0" slope="0.00"/>
        <vehicle id="12" x="401.65" y="20.06" angle="180.00" type="DEFAULT_VEHTYPE" speed="13.59" pos="20.06" lane="2/0to2/1_0" slope="0.00"/>
        <vehicle id="13" x="398.35" y="17.55" angle="0.00" type="DEFAULT_VEHTYPE" speed="13.14" pos="177.70" lane="2/1to2/0_0" slope="0.00"/>
        <vehicle id="14" x="198.35" y="236.76" angle="0.00" type="DEFAULT_VEHTYPE" speed="13.59" pos="158.49" lane="1/2to1/1_0" slope="0.00"/>
        <vehicle id="3" x="367.24" y="598.35" angle="90.00" type="DEFAULT_VEHTYPE" speed="13.66" pos="162.49" lane="1/3to2/3_0" slope="0.00"/>
        <vehicle id="4" x="8.81" y="198.35" angle="90.00" type="DEFAULT_VEHTYPE" speed="13.83" pos="8.81" lane="0/1to1/1_0" slope="0.00"/>
        <vehicle id="5" x="627.20" y="198.35" angle="90.00" type="DEFAULT_VEHTYPE" speed="12.52" pos="22.45" lane="3/1to4/1_0" slope="0.00"/>
        <vehicle id="6" x="243.66" y="201.65" angle="-90.00" type="DEFAULT_VEHTYPE" speed="13.85" pos="151.59" lane="2/1to1/1_0" slope="0.00"/>
        <vehicle id="7" x="398.35" y="503.44" angle="0.00" type="DEFAULT_VEHTYPE" speed="13.39" pos="91.81" lane="2/3to2/2_0" slope="0.00"/>
        <vehicle id="8" x="601.65" y="386.45" angle="180.00" type="DEFAULT_VEHTYPE" speed="7.36" pos="181.70" lane="3/1to3/2_0" slope="0.00"/>
        <vehicle id="9" x="201.65" y="439.31" angle="180.00" type="DEFAULT_VEHTYPE" speed="13.05" pos="34.56" lane="1/2to1/3_0" slope="0.00"/>
    </timestep>
    <timestep time="99.00">
        <vehicle id="10" x="586.81" y="401.65" angle="-90.00" type="DEFAULT_VEHTYPE" speed="9.93" pos="8.44" lane="3/2to2/2_0" slope="0.00"/>
        <vehicle id="12" x="401.65" y="32.92" angle="180.00" type="DEFAULT_VEHTYPE" speed="12.85" pos="32.92" lane="2/0to2/1_0" slope="0.00"/>
        <vehicle id="13" x="398.35" y="4.12" angle="0.00" type="DEFAULT_VEHTYPE" speed="13.43" pos="191.13" lane="2/1to2/0_0" slope="0.00"/>
        <vehicle id="14" x="198.35" y="223.44" angle="0.00" type="DEFAULT_VEHTYPE" speed="13.32" pos="171.81" lane="1/2to1/1_0" slope="0.00"/>
        <vehicle id="3" x="378.07" y="598.35" angle="90.00" type="DEFAULT_VEHTYPE" speed="10.83" pos="173.32" lane="1/3to2/3_0" slope="0.00"/>
        <vehicle id="4" x="22.43" y="198.35" angle="90.00" type="DEFAULT_VEHTYPE" speed="13.62" pos="22.43" lane="0/1to1/1_0" slope="0.00"/>
        <vehicle id="5" x="640.59" y="198.35" angle="90.00" type="DEFAULT_VEHTYPE" speed="13.39" pos="35.84" lane="3/1to4/1_0" slope="0.00"/>
        <vehicle id="6" x="230.41" y="201.65" angle="-90.00" type="DEFAULT_VEHTYPE" speed="13.25" pos="164.84" lane="2/1to1/1_0" slope="0.00"/>
        <vehicle id="7" x="398.35" y="489.76" angle="0.00" type="DEFAULT_VEHTYPE" speed="13.68" pos="105.49" lane="2/3to2/2_0" slope="0.00"/>
        <vehicle id="8" x="601.65" y="395.98" angle="180.00" type="DEFAULT_VEHTYPE" speed="9.53" pos="0.73" lane=":3/2_9_0" slope="0.00"/>
        <vehicle id="9" x="201.65" y="453.13" angle="180.00" type="DEFAULT_VEHTYPE" speed="13.82" pos="48.38" lane="1/2to1/3_0" slope="0.00"/>
    </timestep>
    <timestep time="100.00">
        <vehicle id="10" x="575.52" y="401.65" angle="-90.00" type="DEFAULT_VEHTYPE" speed="11.29" pos="19.73" lane="3/2to2/2_0" slope="0.00"/>
        <vehicle id="12" x="401.65" y="45.82" angle="180.00" type="DEFAULT_VEHTYPE" speed="12.90" pos="45.82" lane="2/0to2/1_0" slope="0.00"/>
        <vehicle id="13" x="401.65" y="4.24" angle="175.01" type="DEFAULT_VEHTYPE" speed="13.18" pos="4.24" lane="2/0to2/1_0" slope="0.00"/>
        <vehicle id="14" x="198.35" y="209.58" angle="0.00" type="DEFAULT_VEHTYPE" speed="13.86" pos="185.67" lane="1/2to1/1_0" slope="0.00"/>
        <vehicle id="3" x="385.00" y="598.35" angle="90.00" type="DEFAULT_VEHTYPE" speed="6.93" pos="180.25" lane="1/3to2/3_0" slope="0.00"/>
        <vehicle id="4" x="35.73" y="198.35" angle="90.00" type="DEFAULT_VEHTYPE" speed="13.30" pos="35.73" lane="0/1to1/1_0" slope="0.00"/>
        <vehicle id="5" x="654.25" y="198.35" angle="90.00" type="DEFAULT_VEHTYPE" speed="13.66" pos="49.50" lane="3/1to4/1_0" slope="0.00"/>
        <vehicle id="6" x="220.30" y="201.65" angle="-90.00" type="DEFAULT_VEHTYPE" speed="10.11" pos="174.95" lane="2/1to1/1_0" slope="0.00"/>
        <vehicle id="7" x="398.35" y="476.64" angle="0.00" type="DEFAULT_VEHTYPE" speed="13.12" pos="118.61" lane="2/3to2/2_0" slope="0.00"/>
        <vehicle id="8" x="601.65" y="407.90" angle="180.00" type="DEFAULT_VEHTYPE" speed="11.92" pos="3.15" lane="3/2to3/3_0" slope="0.00"/>
        <vehicle id="9" x="201.65" y="466.30" angle="180.00" type="DEFAULT_VEHTYPE" speed="13.18" pos="61.55" lane="1/2to1/3_0" slope="0.00"/>
    </timestep>
    <timestep time="101.00">
        <vehicle id="10" x="562.24" y="401.65" angle="-90.00" type="DEFAULT_VEHTYPE" speed="13.28" pos="33.01" lane="3/2to2/2_0" slope="0.00"/>
        <vehicle id="12" x="401.65" y="58.86" angle="180.00" type="DEFAULT_VEHTYPE" speed="13.05" pos="58.86" lane="2/0to2/1_0" slope="0.00"/>
        <vehicle id="13" x="401.65" y="17.68" angle="180.00" type="DEFAULT_VEHTYPE" speed="13.44" pos="17.68" lane="2/0to2/1_0" slope="0.00"/>
        <vehicle id="14" x="198.35" y="195.70" angle="0.00" type="DEFAULT_VEHTYPE" speed="13.88" pos="9.05" lane=":1/1_1_0" slope="0.00"/>
        <vehicle id="3" x="389.44" y="598.35" angle="90.00" type="DEFAULT_VEHTYPE" speed="4.44" pos="184.69" lane="1/3to2/3_0" slope="0.00"/>
        <vehicle id="4" x="49.42" y="198.35" angle="90.00" type="DEFAULT_VEHTYPE" speed="13.69" pos="49.42" lane="0/1to1/1_0" slope="0.00"/>
        <vehicle id="5" x="667.34" y="198.35" angle="90.00" type="DEFAULT_VEHTYPE" speed="13.08" pos="62.59" lane="3/1to4/1_0" slope="0.00"/>
        <vehicle id="6" x="214.36" y="201.65" angle="-90.00" type="DEFAULT_VEHTYPE" speed="5.95" pos="180.89" lane="2/1to1/1_0" slope="0.00"/>
        <vehicle id="7" x="398.35" y="463.64" angle="0.00" type="DEFAULT_VEHTYPE" speed="13.00" pos="131.61" lane="2/3to2/2_0" slope="0.00"/>
        <vehicle id="8" x="601.65" y="421.32" angle="180.00" type="DEFAULT_VEHTYPE" speed="13.41" pos="16.57" lane="3/2to3/3_0" slope="0.00"/>
        <vehicle id="9" x="201.65" y="479.96" angle="180.00" type="DEFAULT_VEHTYPE" speed="13.66" pos="75.21" lane="1/2to1/3_0" slope="0.00"/>
    </timestep>
    <timestep time="102.00">
        <vehicle id="10" x="548.46" y="401.65" angle="-90.00" type="DEFAULT_VEHTYPE" speed="13.77" pos="46.79" lane="3/2to2/2_0" slope="0.00"/>
        <vehicle id="12" x="401.65" y="71.71" angle="180.00" type="DEFAULT_VEHTYPE" speed="12.85" pos="71.71" lane="2/0to2/1_0" slope="0.00"/>
        <vehicle id="13" x="401.65" y="30.80" angle="180.00" type="DEFAULT_VEHTYPE" speed="13.12" pos="30.80" lane="2/0to2/1_0" slope="0.00"/>
        <vehicle id="14" x="198.35" y="182.10" angle="0.00" type="DEFAULT_VEHTYPE" speed="13.60" pos="13.15" lane="1/1to1/0_0" slope="0.00"/>
        <vehicle id="3" x="395.59" y="598.40" angle="90.55" type="DEFAULT_VEHTYPE" speed="6.15" pos="0.34" lane=":2/3_14_0" slope="0.00"/>
        <vehicle id="4" x="62.05" y="198.35" angle="90.00" type="DEFAULT_VEHTYPE" speed="12.63" pos="62.05" lane="0/1to1/1_0" slope="0.00"/>
        <vehicle id="5" x="680.03" y="198.35" angle="90.00" type="DEFAULT_VEHTYPE" speed="12.69" pos="75.28" lane="3/1to4/1_0" slope="0.00"/>
        <vehicle id="6" x="210.82" y="201.65" angle="-90.00" type="DEFAULT_VEHTYPE" speed="3.54" pos="184.43" lane="2/1to1/1_0" slope="0.00"/>
        <vehicle id="7" x="398.35" y="450.53" angle="0.00" type="DEFAULT_VEHTYPE" speed="13.11" pos="144.72" lane="2/3to2/2_0" slope="0.00"/>
        <vehicle id="8" x="601.65" y="434.26" angle="180.00" type="DEFAULT_VEHTYPE" speed="12.94" pos="29.51" lane="3/2to3/3_0" slope="0.00"/>
        <vehicle id="9" x="201.65" y="492.71" angle="180.00" type="DEFAULT_VEHTYPE" speed="12.75" pos="87.96" lane="1/2to1/3_0" slope="0.00"/>
    </timestep>
    <timestep time="103.00">
        <vehicle id="10" x="535.31" y="401.65" angle="-90.00" type="DEFAULT_VEHTYPE" speed="13.15" pos="59.94" lane="3/2to2/2_0" slope="0.00"/>
        <vehicle id="12" x="401.65" y="85.08" angle="180.00" type="DEFAULT_VEHTYPE" speed="13.37" pos="85.08" lane="2/0to2/1_0" slope="0.00"/>
        <vehicle id="13" x="401.65" y="44.47" angle="180.00" type="DEFAULT_VEHTYPE" speed="13.68" pos="44.47" lane="2/0to2/1_0" slope="0.00"/>
        <vehicle id="14" x="198.35" y="168.43" angle="0.00" type="DEFAULT_VEHTYPE" speed="13.67" pos="26.82" lane="1/1to1/0_0" slope="0.00"/>
        <vehicle id="3" x="401.36" y="602.73" angle="142.01" type="DEFAULT_VEHTYPE" speed="7.94" pos="8.28" lane=":2/3_14_0" slope="0.00"/>
        <vehicle id="4" x="75.51" y="198.35" angle="90.00" type="DEFAULT_VEHTYPE" speed="13.45" pos="75.51" lane="0/1to1/1_0" slope="0.00"/>
        <vehicle id="5" x="693.83" y="198.35" angle="90.00" type="DEFAULT_VEHTYPE" speed="13.80" pos="89.08" lane="3/1to4/1_0" slope="0.00"/>
        <vehicle id="6" x="205.86" y="201.65" angle="-90.00" type="DEFAULT_VEHTYPE" speed="4.96" pos="189.39" lane="2/1to1/1_0" slope="0.00"/>
        <vehicle id="7" x="398.35" y="437.14" angle="0.00" type="DEFAULT_VEHTYPE" speed="13.39" pos="158.11" lane="2/3to2/2_0" slope="0.00"/>
        <vehicle id="8" x="601.65" y="447.09" angle="180.00" type="DEFAULT_VEHTYPE" speed="12.83" pos="42.34" lane="3/2to3/3_0" slope="0.00"/>
        <vehicle id="9" x="201.65" y="506.57" angle="180.00" type="DEFAULT_VEHTYPE" speed="13.86" pos="101.82" lane="1/2to1/3_0" slope="0.00"/>
    </timestep>
    <timestep time="104.00">
        <vehicle id="10" x="521.98" y="401.65" angle="-90.00" type="DEFAULT_VEHTYPE" speed="13.33" pos="73.27" lane="3/2to2/2_0" slope="0.00"/>
        <vehicle id="12" x="401.65" y="98.41" angle="180.00" type="DEFAULT_VEHTYPE" speed="13.33" pos="98.41" lane="2/0to2/1_0" slope="0.00"/>
        <vehicle id="13" x="401.65" y="57.86" angle="180.00" type="DEFAULT_VEHTYPE" speed="13.38" pos="57.86" lane="2/0to2/1_0" slope="0.00"/>
        <vehicle id="14" x="198.35" y="155.77" angle="0.00" type="DEFAULT_VEHTYPE" speed="12.67" pos="39.48" lane="1/1to1/0_0" slope="0.00"/>
        <vehicle id="3" x="401.65" y="612.60" angle="180.00" type="DEFAULT_VEHTYPE" speed="9.90" pos="7.85" lane="2/3to2/4_0" slope="0.00"/>
        <vehicle id="4" x="88.22" y="198.35" angle="90.00" type="DEFAULT_VEHTYPE" speed="12.71" pos="88.22" lane="0/1to1/1_0" slope="0.00"/>
        <vehicle id="5" x="706.61" y="198.35" angle="90.00" type="DEFAULT_VEHTYPE" speed="12.78" pos="101.86" lane="3/1to4/1_0" slope="0.00"/>
        <vehicle id="6" x="201.65" y="205.24" angle="-143.49" type="DEFAULT_VEHTYPE" speed="6.60" pos="0.49" lane="1/1to1/2_0" slope="0.00"/>
        <vehicle id="7" x="398.35" y="423.55" angle="0.00" type="DEFAULT_VEHTYPE" speed="13.59" pos="171.70" lane="2/3to2/2_0" slope="0.00"/>
        <vehicle id="8" x="601.65" y="460.19" angle="180.00" type="DEFAULT_VEHTYPE" speed="13.10" pos="55.44" lane="3/2to3/3_0" slope="0.00"/>
        <vehicle id="9" x="201.65" y="520.46" angle="180.00" type="DEFAULT_VEHTYPE" speed="13.89" pos="115.71" lane="1/2to1/3_0" slope="0.00"/>
    </timestep>
    <timestep time="105.00">
        <vehicle id="10" x="508.84" y="401.65" angle="-90.00" type="DEFAULT_VEHTYPE" speed="13.14" pos="86.41" lane="3/2to2/2_0" slope="0.00"/>
        <vehicle id="12" x="401.65" y="111.67" angle="180.00" type="DEFAULT_VEHTYPE" speed="13.26" pos="111.67" lane="2/0to2/1_0" slope="0.00"/>
        <vehicle id="13" x="401.65" y="71.41" angle="180.00" type="DEFAULT_VEHTYPE" speed="13.55" pos="71.41" lane="2/0to2/1_0" slope="0.00"/>
        <vehicle id="14" x="198.35" y="142.18" angle="0.00" type="DEFAULT_VEHTYPE" speed="13.58" pos="53.07" lane="1/1to1/0_0" slope="0.00"/>
        <vehicle id="3" x="401.65" y="623.84" angle="180.00" type="DEFAULT_VEHTYPE" speed="11.23" pos="19.09" lane="2/3to2/4_0" slope="0.00"/>
        <vehicle id="4" x="100.94" y="198.35" angle="90.00" type="DEFAULT_VEHTYPE" speed="12.72" pos="100.94" lane="0/1to1/1_0" slope="0.00"/>
        <vehicle id="5" x="719.94" y="198.35" angle="90.00" type="DEFAULT_VEHTYPE" speed="13.33" pos="115.19" lane="3/1to4/1_0" slope="0.00"/>
        <vehicle id="6" x="201.65" y="214.23" angle="180.00" type="DEFAULT_VEHTYPE" speed="8.99" pos="9.48" lane="1/1to1/2_0" slope="0.00"/>
        <vehicle id="7" x="398.35" y="410.40" angle="0.00" type="DEFAULT_VEHTYPE" speed="13.15" pos="184.85" lane="2/3to2/2_0" slope="0.00"/>
        <vehicle id="8" x="601.65" y="472.93" angle="180.00" type="DEFAULT_VEHTYPE" speed="12.74" pos="68.18" lane="3/2to3/3_0" slope="0.00"/>
        <vehicle id="9" x="201.65" y="533.49" angle="180.00" type="DEFAULT_VEHTYPE" speed="13.03" pos="128.74" lane="1/2to1/3_0" slope="0.00"/>
    </timestep>
    <timestep time="106.00">
        <vehicle id="10" x="495.46" y="401.65" angle="-90.00" type="DEFAULT_VEHTYPE" speed="13.38" pos="99.79" lane="3/2to2/2_0" slope="0.00"/>
        <vehicle id="12" x="401.65" y="125.13" angle="180.00" type="DEFAULT_VEHTYPE" speed="13.45" pos="125.13" lane="2/0to2/1_0" slope="0.00"/>
        <vehicle id="13" x="401.65" y="84.42" angle="180.00" type="DEFAULT_VEHTYPE" speed="13.01" pos="84.42" lane="2/0to2/1_0" slope="0.00"/>
        <vehicle id="14" x="198.35" y="129.42" angle="0.00" type="DEFAULT_VEHTYPE" speed="12.76" pos="65.83" lane="1/1to1/0_0" slope="0.00"/>
        <vehicle id="3" x="401.65" y="637.62" angle="180.00" type="DEFAULT_VEHTYPE" speed="13.78" pos="32.87" lane="2/3to2/4_0" slope="0.00"/>
        <vehicle id="4" x="114.07" y="198.35" angle="90.00" type="DEFAULT_VEHTYPE" speed="13.14" pos="114.07" lane="0/1to1/1_0" slope="0.00"/>
        <vehicle id="5" x="733.03" y="198.35" angle="90.00" type="DEFAULT_VEHTYPE" speed="13.09" pos="128.28" lane="3/1to4/1_0" slope="0.00"/>
        <vehicle id="6" x="201.65" y="225.18" angle="180.00" type="DEFAULT_VEHTYPE" speed="10.94" pos="20.43" lane="1/1to1/2_0" slope="0.00"/>
        <vehicle id="7" x="398.35" y="397.39" angle="0.00" type="DEFAULT_VEHTYPE" speed="13.01" pos="7.36" lane=":2/2_1_0" slope="0.00"/>
        <vehicle id="8" x="601.65" y="486.33" angle="180.00" type="DEFAULT_VEHTYPE" speed="13.40" pos="81.58" lane="3/2to3/3_0" slope="0.00"/>
        <vehicle id="9" x="201.65" y="546.87" angle="180.00" type="DEFAULT_VEHTYPE" speed="13.38" pos="142.12" lane="1/2to1/3_0" slope="0.00"/>
    </timestep>
    <timestep time="107.00">
        <vehicle id="10" x="482.52" y="401.65" angle="-90.00" type="DEFAULT_VEHTYPE" speed="12.94" pos="112.73" lane="3/2to2/2_0" slope="0.00"/>
        <vehicle id="12" x="401.65" y="138.16" angle="180.00" type="DEFAULT_VEHTYPE" speed="13.03" pos="138.16" lane="2/0to2/1_0" slope="0.00"/>
        <vehicle id="13" x="401.65" y="98.18" angle="180.00" type="DEFAULT_VEHTYPE" speed="13.76" pos="98.18" lane="2/0to2/1_0" slope="0.00"/>
        <vehicle id="14" x="198.35" y="116.33" angle="0.00" type="DEFAULT_VEHTYPE" speed="13.09" pos="78.92" lane="1/1to1/0_0" slope="0.00"/>
        <vehicle id="3" x="401.65" y="650.32" angle="180.00" type="DEFAULT_VEHTYPE" speed="12.70" pos="45.57" lane="2/3to2/4_0" slope="0.00"/>
        <vehicle id="4" x="127.76" y="198.35" angle="90.00" type="DEFAULT_VEHTYPE" speed="13.68" pos="127.76" lane="0/1to1/1_0" slope="0.00"/>
        <vehicle id="5" x="746.80" y="198.35" angle="90.00" type="DEFAULT_VEHTYPE" speed="13.77" pos="142.05" lane="3/1to4/1_0" slope="0.00"/>
        <vehicle id="6" x="201.65" y="238.06" angle="180.00" type="DEFAULT_VEHTYPE" speed="12.88" pos="33.31" lane="1/1to1/2_0" slope="0.00"/>
        <vehicle id="7" x="398.35" y="383.95" angle="0.00" type="DEFAULT_VEHTYPE" speed="13.44" pos="11.30" lane="2/2to2/1_0" slope="0.00"/>
        <vehicle id="8" x="601.65" y="499.62" angle="180.00" type="DEFAULT_VEHTYPE" speed="13.29" pos="94.87" lane="3/2to3/3_0" slope="0.00"/>
        <vehicle id="9" x="201.65" y="560.60" angle="180.00" type="DEFAULT_VEHTYPE" speed="13.73" pos="155.85" lane="1/2to1/3_0" slope="0.00"/>
    </timestep>
    <timestep time="108.00">
        <vehicle id="10" x="469.43" y="401.65" angle="-90.00" type="DEFAULT_VEHTYPE" speed="13.10" pos="125.82" lane="3/2to2/2_0" slope="0.00"/>
        <vehicle id="12" x="401.65" y="151.59" angle="180.00" type="DEFAULT_VEHTYPE" speed="13.43" pos="151.59" lane="2/0to2/1_0" slope="0.00"/>
        <vehicle id="13" x="401.65" y="111.70" angle="180.00" type="DEFAULT_VEHTYPE" speed="13.53" pos="111.70" lane="2/0to2/1_0" slope="0.00"/>
        <vehicle id="14" x="198.35" y="102.91" angle="0.00" type="DEFAULT_VEHTYPE" speed="13.42" pos="92.34" lane="1/1to1/0_0" slope="0.00"/>
        <vehicle id="3" x="401.65" y="664.18" angle="180.00" type="DEFAULT_VEHTYPE" speed="13.86" pos="59.43" lane="2/3to2/4_0" slope="0.00"/>
        <vehicle id="4" x="141.03" y="198.35" angle="90.00" type="DEFAULT_VEHTYPE" speed="13.28" pos="141.03" lane="0/1to1/1_0" slope="0.00"/>
        <vehicle id="5" x="759.73" y="198.35" angle="90.00" type="DEFAULT_VEHTYPE" speed="12.93" pos="154.98" lane="3/1to4/1_0" slope="0.00"/>
        <vehicle id="6" x="201.65" y="251.86" angle="180.00" type="DEFAULT_VEHTYPE" speed="13.80" pos="47.11" lane="1/1to1/2_0" slope="0.00"/>
        <vehicle id="7" x="398.35" y="370.06" angle="0.00" type="DEFAULT_VEHTYPE" speed="13.89" pos="25.19" lane="2/2to2/1_0" slope="0.00"/>
        <vehicle id="8" x="601.65" y="512.45" angle="180.00" type="DEFAULT_VEHTYPE" speed="12.83" pos="107.70" lane="3/2to3/3_0" slope="0.00"/>
        <vehicle id="9" x="201.65" y="574.28" angle="180.00" type="DEFAULT_VEHTYPE" speed="13.68" pos="169.53" lane="1/2to1/3_0" slope="0.00"/>
    </timestep>
    <timestep time="109.00">
        <vehicle id="10" x="456.12" y="401.65" angle="-90.00" type="DEFAULT_VEHTYPE" speed="13.31" pos="139.13" lane="3/2to2/2_0" slope="0.00"/>
        <vehicle id="12" x="401.65" y="164.34" angle="180.00" type="DEFAULT_VEHTYPE" speed="12.75" pos="164.34" lane="2/0to2/1_0" slope="0.00"/>
        <vehicle id="13" x="401.65" y="124.88" angle="180.00" type="DEFAULT_VEHTYPE" speed="13.17" pos="124.88" lane="2/0to2/1_0" slope="0.00"/>
        <vehicle id="14" x="198.35" y="90.18" angle="0.00" type="DEFAULT_VEHTYPE" speed="12.74" pos="105.07" lane="1/1to1/0_0" slope="0.00"/>
        <vehicle id="3" x="401.65" y="677.05" angle="180.00" type="DEFAULT_VEHTYPE" speed="12.87" pos="72.30" lane="2/3to2/4_0" slope="0.00"/>
        <vehicle id="4" x="153.91" y="198.35" angle="90.00" type="DEFAULT_VEHTYPE" speed="12.87" pos="153.91" lane="0/1to1/1_0" slope="0.00"/>
        <vehicle id="5" x="772.45" y="198.35" angle="90.00" type="DEFAULT_VEHTYPE" speed="12.72" pos="167.70" lane="3/1to4/1_0" slope="0.00"/>
        <vehicle id="6" x="201.65" y="264.80" angle="180.00" type="DEFAULT_VEHTYPE" speed="12.93" pos="60.05" lane="1/1to1/2_0" slope="0.00"/>
        <vehicle id="7" x="398.35" y="356.66" angle="0.00" type="DEFAULT_VEHTYPE" speed="13.41" pos="38.59" lane="2/2to2/1_0" slope="0.00"/>
        <vehicle id="8" x="601.65" y="525.69" angle="180.00" type="DEFAULT_VEHTYPE" speed="13.25" pos="120.94" lane="3/2to3/3_0" slope="0.00"/>
        <vehicle id="9" x="201.65" y="587.33" angle="180.00" type="DEFAULT_VEHTYPE" speed="13.06" pos="182.58" lane="1/2to1/3_0" slope="0.00"/>
    </timestep>
    <timestep time="110.00">
        <vehicle id="10" x="443.00" y="401.65" angle="-90.00" type="DEFAULT_VEHTYPE" speed="13.12" pos="152.25" lane="3/2to2/2_0" slope="0.00"/>
        <vehicle id="12" x="401.65" y="177.32" angle="180.00" type="DEFAULT_VEHTYPE" speed="12.98" pos="177.32" lane="2/0to2/1_0" slope="0.00"/>
        <vehicle id="13" x="401.65" y="138.65" angle="180.00" type="DEFAULT_VEHTYPE" speed="13.78" pos="138.65" lane="2/0to2/1_0" slope="0.00"/>
        <vehicle id="14" x="198.35" y="76.43" angle="0.00" type="DEFAULT_VEHTYPE" speed="13.75" pos="118.82" lane="1/1to1/0_0" slope="0.00"/>
        <vehicle id="3" x="401.65" y="690.82" angle="180.00" type="DEFAULT_VEHTYPE" speed="13.78" pos="86.07" lane="2/3to2/4_0" slope="0.00"/>
        <vehicle id="4" x="167.16" y="198.35" angle="90.00" type="DEFAULT_VEHTYPE" speed="13.25" pos="167.16" lane="0/1to1/1_0" slope="0.00"/>
        <vehicle id="5" x="785.10" y="198.35" angle="90.00" type="DEFAULT_VEHTYPE" speed="12.65" pos="180.35" lane="3/1to4/1_0" slope="0.00"/>
        <vehicle id="6" x="201.65" y="278.44" angle="180.00" type="DEFAULT_VEHTYPE" speed="13.64" pos="73.69" lane="1/1to1/2_0" slope="0.00"/>
        <vehicle id="7" x="398.35" y="343.42" angle="0.00" type="DEFAULT_VEHTYPE" speed="13.24" pos="51.83" lane="2/2to2/1_0" slope="0.00"/>
        <vehicle id="8" x="601.65" y="539.50" angle="180.00" type="DEFAULT_VEHTYPE" speed="13.80" pos="134.75" lane="3/2to3/3_0" slope="0.00"/>
        <vehicle id="9" x="205.53" y="598.35" angle="121.71" type="DEFAULT_VEHTYPE" speed="13.69" pos="0.78" lane="1/3to2/3_0" slope="0.00"/>
    </timestep>
    <timestep time="111.00">
        <vehicle id="10" x="429.57" y="401.65" angle="-90.00" type="DEFAULT_VEHTYPE" speed="13.43" pos="165.68" lane="3/2to2/2_0" slope="0.00"/>
        <vehicle id="12" x="401.65" y="190.52" angle="180.00" type="DEFAULT_VEHTYPE" speed="13.19" pos="190.52" lane="2/0to2/1_0" slope="0.00"/>
        <vehicle id="13" x="401.65" y="151.61" angle="180.00" type="DEFAULT_VEHTYPE" speed="12.96" pos="151.61" lane="2/0to2/1_0" slope="0.00"/>
        <vehicle id="14" x="198.35" y="62.85" angle="0.00" type="DEFAULT_VEHTYPE" speed="13.58" pos="132.40" lane="1/1to1/0_0" slope="0.00"/>
        <vehicle id="3" x="401.65" y="704.27" angle="180.00" type="DEFAULT_VEHTYPE" speed="13.45" pos="99.52" lane="2/3to2/4_0" slope="0.00"/>
        <vehicle id="4" x="177.77" y="198.35" angle="90.00" type="DEFAULT_VEHTYPE" speed="10.62" pos="177.77" lane="0/1to1/1_0" slope="0.00"/>
        <vehicle id="5" x="798.22" y="198.35" angle="90.00" type="DEFAULT_VEHTYPE" speed="13.12" pos="193.47" lane="3/1to4/1_0" slope="0.00"/>
        <vehicle id="6" x="201.65" y="291.78" angle="180.00" type="DEFAULT_VEHTYPE" speed="13.34" pos="87.03" lane="1/1to1/2_0" slope="0.00"/>
        <vehicle id="7" x="398.35" y="330.00" angle="0.00" type="DEFAULT_VEHTYPE" speed="13.42" pos="65.25" lane="2/2to2/1_0" slope="0.00"/>
        <vehicle id="8" x="601.65" y="552.53" angle="180.00" type="DEFAULT_VEHTYPE" speed="13.03" pos="147.78" lane="3/2to3/3_0" slope="0.00"/>
        <vehicle id="9" x="218.50" y="598.35" angle="90.00" type="DEFAULT_VEHTYPE" speed="12.97" pos="13.75" lane="1/3to2/3_0" slope="0.00"/>
    </timestep>
    <timestep time="112.00">
        <vehicle id="10" x="420.11" y="401.65" angle="-90.00" type="DEFAULT_VEHTYPE" speed="9.46" pos="175.14" lane="3/2to2/2_0" slope="0.00"/>
        <vehicle id="12" x="408.59" y="198.35" angle="91.85" type="DEFAULT_VEHTYPE" speed="13.58" pos="3.84" lane="2/1to3/1_0" slope="0.00"/>
        <vehicle id="13" x="401.65" y="165.12" angle="180.00" type="DEFAULT_VEHTYPE" speed="13.51" pos="165.12" lane="2/0to2/1_0" slope="0.00"/>
        <vehicle id="14" x="198.35" y="49.06" angle="0.00" type="DEFAULT_VEHTYPE" speed="13.79" pos="146.19" lane="1/1to1/0_0" slope="0.00"/>
        <vehicle id="3" x="401.65" y="717.51" angle="180.00" type="DEFAULT_VEHTYPE" speed="13.24" pos="112.76" lane="2/3to2/4_0" slope="0.00"/>
        <vehicle id="4" x="185.36" y="198.35" angle="90.00" type="DEFAULT_VEHTYPE" speed="7.59" pos="185.36" lane="0/1to1/1_0" slope="0.00"/>
        <vehicle id="5" x="793.40" y="201.65" angle="-90.00" type="DEFAULT_VEHTYPE" speed="13.20" pos="6.60" lane="4/1to3/1_0" slope="0.00"/>
        <vehicle id="6" x="201.65" y="305.61" angle="180.00" type="DEFAULT_VEHTYPE" speed="13.83" pos="100.86" lane="1/1to1/2_0" slope="0.00"/>
        <vehicle id="7" x="398.35" y="316.86" angle="0.00" type="DEFAULT_VEHTYPE" speed="13.13" pos="78.39" lane="2/2to2/1_0" slope="0.00"/>
        <vehicle id="8" x="601.65" y="565.35" angle="180.00" type="DEFAULT_VEHTYPE" speed="12.82" pos="160.60" lane="3/2to3/3_0" slope="0.00"/>
        <vehicle id="9" x="231.46" y="598.35" angle="90.00" type="DEFAULT_VEHTYPE" speed="12.96" pos="26.71" lane="1/3to2/3_0" slope="0.00"/>
    </timestep>
    <timestep time="113.00">
        <vehicle id="10" x="412.99" y="401.65" angle="-90.00" type="DEFAULT_VEHTYPE" speed="7.12" pos="182.26" lane="3/2to2/2_0" slope="0.00"/>
        <vehicle id="12" x="421.81" y="198.35" angle="90.00" type="DEFAULT_VEHTYPE" speed="13.21" pos="17.06" lane="2/1to3/1_0" slope="0.00"/>
        <vehicle id="13" x="401.65" y="178.61" angle="180.00" type="DEFAULT_VEHTYPE" speed="13.50" pos="178.61" lane="2/0to2/1_0" slope="0.00"/>
        <vehicle id="14" x="198.35" y="35.99" angle="0.00" type="DEFAULT_VEHTYPE" speed="13.07" pos="159.26" lane="1/1to1/0_0" slope="0.00"/>
        <vehicle id="3" x="401.65" y="731.24" angle="180.00" type="DEFAULT_VEHTYPE" speed="13.74" pos="126.49" lane="2/3to2/4_0" slope="0.00"/>
        <vehicle id="4" x="189.93" y="198.35" angle="90.00" type="DEFAULT_VEHTYPE" speed="4.56" pos="189.93" lane="0/1to1/1_0" slope="0.00"/>
        <vehicle id="5" x="779.85" y="201.65" angle="-90.00" type="DEFAULT_VEHTYPE" speed="13.56" pos="20.15" lane="4/1to3/1_0" slope="0.00"/>
        <vehicle id="6" x="201.65" y="318.97" angle="180.00" type="DEFAULT_VEHTYPE" speed="13.37" pos="114.22" lane="1/1to1/2_0" slope="0.00"/>
        <vehicle id="7" x="398.35" y="303.22" angle="0.00" type="DEFAULT_VEHTYPE" speed="13.64" pos="92.03" lane="2/2to2/1_0" slope="0.00"/>
        <vehicle id="8" x="601.65" y="578.90" angle="180.00" type="DEFAULT_VEHTYPE" speed="13.55" pos="174.15" lane="3/2to3/3_0" slope="0.00"/>
        <vehicle id="9" x="244.23" y="598.35" angle="90.00" type="DEFAULT_VEHTYPE" speed="12.77" pos="39.48" lane="1/3to2/3_0" slope="0.00"/>
    </timestep>
    <timestep time="114.00">
        <vehicle id="10" x="410.20" y="401.65" angle="-90.00" type="DEFAULT_VEHTYPE" speed="2.78" pos="185.05" lane="3/2to2/2_0" slope="0.00"/>
        <vehicle id="12" x="435.12" y="198.35" angle="90.00" type="DEFAULT_VEHTYPE" speed="13.31" pos="30.37" lane="2/1to3/1_0" slope="0.00"/>
        <vehicle id="13" x="401.65" y="191.90" angle="180.00" type="DEFAULT_VEHTYPE" speed="13.29" pos="191.90" lane="2/0to2/1_0" slope="0.00"/>
        <vehicle id="14" x="198.35" y="22.90" angle="0.00" type="DEFAULT_VEHTYPE" speed="13.09" pos="172.35" lane="1/1to1/0_0" slope="0.00"/>
        <vehicle id="3" x="401.65" y="744.59" angle="180.00" type="DEFAULT_VEHTYPE" speed="13.34" pos="139.84" lane="2/3to2/4_0" slope="0.00"/>
        <vehicle id="4" x="196.93" y="197.97" angle="85.55" type="DEFAULT_VEHTYPE" speed="7.07" pos="1.75" lane=":1/1_12_0" slope="0.00"/>
        <vehicle id="5" x="767.23" y="201.65" angle="-90.00" type="DEFAULT_VEHTYPE" speed="12.61" pos="32.77" lane="4/1to3/1_0" slope="0.00"/>
        <vehicle id="6" x="201.65" y="332.80" angle="180.00" type="DEFAULT_VEHTYPE" speed="13.82" pos="128.05" lane="1/1to1/2_0" slope="0.00"/>
        <vehicle id="7" x="398.35" y="289.40" angle="0.00" type="DEFAULT_VEHTYPE" speed="13.82" pos="105.85" lane="2/2to2/1_0" slope="0.00"/>
        <vehicle id="8" x="601.65" y="592.50" angle="180.00" type="DEFAULT_VEHTYPE" speed="13.60" pos="187.75" lane="3/2to3/3_0" slope="0.00"/>
        <vehicle id="9" x="257.29" y="598.35" angle="90.00" type="DEFAULT_VEHTYPE" speed="13.07" pos="52.54" lane="1/3to2/3_0" slope="0.00"/>
    </timestep>
    <timestep time="115.00">
        <vehicle id="10" x="404.91" y="401.65" angle="-90.00" type="DEFAULT_VEHTYPE" speed="5.30" pos="190.34" lane="3/2to2/2_0" slope="0.00"/>
        <vehicle id="12" x="448.86" y="198.35" angle="90.00" type="DEFAULT_VEHTYPE" speed="13.74" pos="44.11" lane="2/1to3/1_0" slope="0.00"/>
        <vehicle id="13" x="409.56" y="198.35" angle="90.31" type="DEFAULT_VEHTYPE" speed="13.16" pos="4.81" lane="2/1to3/1_0" slope="0.00"/>
        <vehicle id="14" x="198.35" y="10.07" angle="0.00" type="DEFAULT_VEHTYPE" speed="12.83" pos="185.18" lane="1/1to1/0_0" slope="0.00"/>
        <vehicle id="3" x="401.65" y="757.85" angle="180.00" type="DEFAULT_VEHTYPE" speed="13.26" pos="153.10" lane="2/3to2/4_0" slope="0.00"/>
        <vehicle id="4" x="198.35" y="188.86" angle="0.00" type="DEFAULT_VEHTYPE" speed="9.65" pos="6.39" lane="1/1to1/0_0" slope="0.00"/>
        <vehicle id="5" x="753.63" y="201.65" angle="-90.00" type="DEFAULT_VEHTYPE" speed="13.60" pos="46.37" lane="4/1to3/1_0" slope="0.00"/>
        <vehicle id="6" x="201.65" y="346.65" angle="180.00" type="DEFAULT_VEHTYPE" speed="13.85" pos="141.90" lane="1/1to1/2_0" slope="0.00"/>
        <vehicle id="7" x="398.35" y="275.91" angle="0.00" type="DEFAULT_VEHTYPE" speed="13.50" pos="119.34" lane="2/2to2/1_0" slope="0.00"/>
        <vehicle id="8" x="610.53" y="598.35" angle="90.00" type="DEFAULT_VEHTYPE" speed="13.53" pos="5.78" lane="3/3to4/3_0" slope="0.00"/>
        <vehicle id="9" x="270.23" y="598.35" angle="90.00" type="DEFAULT_VEHTYPE" speed="12.93" pos="65.48" lane="1/3to2/3_0" slope="0.00"/>
    </timestep>
    <timestep time="116.00">
        <vehicle id="10" x="398.74" y="397.96" angle="-46.17" type="DEFAULT_VEHTYPE" speed="7.74" pos="7.58" lane=":2/2_6_0" slope="0.00"/>
        <vehicle id="12" x="462.50" y="198.35" angle="90.00" type="DEFAULT_VEHTYPE" speed="13.64" pos="57.75" lane="2/1to3/1_0" slope="0.00"/>
        <vehicle id="13" x="422.69" y="198.35" angle="90.00" type="DEFAULT_VEHTYPE" speed="13.13" pos="17.94" lane="2/1to3/1_0" slope="0.00"/>
        <vehicle id="3" x="401.65" y="771.22" angle="180.00" type="DEFAULT_VEHTYPE" speed="13.37" pos="166.47" lane="2/3to2/4_0" slope="0.00"/>
        <vehicle id="4" x="198.35" y="177.74" angle="0.00" type="DEFAULT_VEHTYPE" speed="11.12" pos="17.51" lane="1/1to1/0_0" slope="0.00"/>
        <vehicle id="5" x="740.03" y="201.65" angle="-90.00" type="DEFAULT_VEHTYPE" speed="13.60" pos="59.97" lane="4/1to3/1_0" slope="0.00"/>
        <vehicle id="6" x="201.65" y="359.73" angle="180.00" type="DEFAULT_VEHTYPE" speed="13.08" pos="154.98" lane="1/1to1/2_0" slope="0.00"/>
        <vehicle id="7" x="398.35" y="262.33" angle="0.00" type="DEFAULT_VEHTYPE" speed="13.58" pos="132.92" lane="2/2to2/1_0" slope="0.00"/>
        <vehicle id="8" x="623.45" y="598.35" angle="90.00" type="DEFAULT_VEHTYPE" speed="12.93" pos="18.70" lane="3/3to4/3_0" slope="0.00"/>
        <vehicle id="9" x="283.57" y="598.35" angle="90.00" type="DEFAULT_VEHTYPE" speed="13.35" pos="78.82" lane="1/3to2/3_0" slope="0.00"/>
    </timestep>
    <timestep time="117.00">
        <vehicle id="10" x="398.35" y="388.43" angle="0.00" type="DEFAULT_VEHTYPE" speed="9.56" pos="6.82" lane="2/2to2/1_0" slope="0.00"/>
        <vehicle id="12" x="475.48" y="198.35" angle="90.00" type="DEFAULT_VEHTYPE" speed="12.97" pos="70.73" lane="2/1to3/1_0" slope="0.00"/>
        <vehicle id="13" x="435.70" y="198.35" angle="90.00" type="DEFAULT_VEHTYPE" speed="13.01" pos="30.95" lane="2/1to3/1_0" slope="0.00"/>
        <vehicle id="3" x="401.65" y="785.11" angle="180.00" type="DEFAULT_VEHTYPE" speed="13.89" pos="180.36" lane="2/3to2/4_0" slope="0.00"/>
        <vehicle id="4" x="198.35" y="165.26" angle="0.00" type="DEFAULT_VEHTYPE" speed="12.48" pos="29.99" lane="1/1to1/0_0" slope="0.00"/>
        <vehicle id="5" x="727.08" y="201.65" angle="-90.00" type="DEFAULT_VEHTYPE" speed="12.95" pos="72.92" lane="4/1to3/1_0" slope="0.00"/>
        <vehicle id="6" x="201.65" y="372.39" angle="180.00" type="DEFAULT_VEHTYPE" speed="12.66" pos="167.64" lane="1/1to1/2_0" slope="0.00"/>
        <vehicle id="7" x="398.35" y="249.29" angle="0.00" type="DEFAULT_VEHTYPE" speed="13.03" pos="145.96" lane="2/2to2/1_0" slope="0.00"/>
        <vehicle id="8" x="636.64" y="598.35" angle="90.00" type="DEFAULT_VEHTYPE" speed="13.19" pos="31.89" lane="3/3to4/3_0" slope="0.00"/>
        <vehicle id="9" x="297.44" y="598.35" angle="90.00" type="DEFAULT_VEHTYPE" speed="13.86" pos="92.69" lane="1/3to2/3_0" slope="0.00"/>
    </timestep>
    <timestep time="118.00">
        <vehicle id="10" x="398.35" y="377.50" angle="0.00" type="DEFAULT_VEHTYPE" speed="10.92" pos="17.75" lane="2/2to2/1_0" slope="0.00"/>
        <vehicle id="12" x="489.12" y="198.35" angle="90.00" type="DEFAULT_VEHTYPE" speed="13.65" pos="84.37" lane="2/1to3/1_0" slope="0.00"/>
        <vehicle id="13" x="448.38" y="198.35" angle="90.00" type="DEFAULT_VEHTYPE" speed="12.68" pos="43.63" lane="2/1to3/1_0" slope="0.00"/>
        <vehicle id="3" x="401.65" y="797.84" angle="180.00" type="DEFAULT_VEHTYPE" speed="12.73" pos="193.09" lane="2/3to2/4_0" slope="0.00"/>
        <vehicle id="4" x="198.35" y="152.18" angle="0.00" type="DEFAULT_VEHTYPE" speed="13.07" pos="43.07" lane="1/1to1/0_0" slope="0.00"/>
        <vehicle id="5" x="714.07" y="201.65" angle="-90.00" type="DEFAULT_VEHTYPE" speed="13.01" pos="85.93" lane="4/1to3/1_0" slope="0.00"/>
        <vehicle id="6" x="201.65" y="386.14" angle="180.00" type="DEFAULT_VEHTYPE" speed="13.74" pos="181.39" lane="1/1to1/2_0" slope="0.00"/>
        <vehicle id="7" x="398.35" y="235.77" angle="0.00" type="DEFAULT_VEHTYPE" speed="13.53" pos="159.48" lane="2/2to2/1_0" slope="0.00"/>
        <vehicle id="8" x="649.25" y="598.35" angle="90.00" type="DEFAULT_VEHTYPE" speed="12.60" pos="44.50" lane="3/3to4/3_0" slope="0.00"/>
        <vehicle id="9" x="310.55" y="598.35" angle="90.00" type="DEFAULT_VEHTYPE" speed="13.11" pos="105.80" lane="1/3to2/3_0" slope="0.00"/>
    </timestep>
    <timestep time="119.00">
        <vehicle id="10" x="398.35" y="364.58" angle="0.00" type="DEFAULT_VEHTYPE" speed="12.92" pos="30.67" lane="2/2to2/1_0" slope="0.00"/>
        <vehicle id="12" x="502.18" y="198.35" angle="90.00" type="DEFAULT_VEHTYPE" speed="13.06" pos="97.43" lane="2/1to3/1_0" slope="0.00"/>
        <vehicle id="13" x="461.15" y="198.35" angle="90.00" type="DEFAULT_VEHTYPE" speed="12.77" pos="56.40" lane="2/1to3/1_0" slope="0.00"/>
        <vehicle id="3" x="398.35" y="793.35" angle="0.00" type="DEFAULT_VEHTYPE" speed="13.63" pos="6.65" lane="2/4to2/3_0" slope="0.00"/>
        <vehicle id="4" x="198.35" y="138.98" angle="0.00" type="DEFAULT_VEHTYPE" speed="13.20" pos="56.27" lane="1/1to1/0_0" slope="0.00"/>
        <vehicle id="5" x="700.69" y="201.65" angle="-90.00" type="DEFAULT_VEHTYPE" speed="13.38" pos="99.31" lane="4/1to3/1_0" slope="0.00"/>
        <vehicle id="6" x="201.65" y="399.27" angle="180.00" type="DEFAULT_VEHTYPE" speed="13.13" pos="4.02" lane=":1/2_9_0" slope="0.00"/>
        <vehicle id="7" x="398.35" y="222.15" angle="0.00" type="DEFAULT_VEHTYPE" speed="13.62" pos="173.10" lane="2/2to2/1_0" slope="0.00"/>
        <vehicle id="8" x="662.58" y="598.35" angle="90.00" type="DEFAULT_VEHTYPE" speed="13.33" pos="57.83" lane="3/3to4/3_0" slope="0.00"/>
        <vehicle id="9" x="323.80" y="598.35" angle="90.00" type="DEFAULT_VEHTYPE" speed="13.25" pos="119.05" lane="1/3to2/3_0" slope="0.00"/>
    </timestep>
    <timestep time="120.00">
        <vehicle id="10" x="398.35" y="351.06" angle="0.00" type="DEFAULT_VEHTYPE" speed="13.52" pos="44.19" lane="2/2to2/1_0" slope="0.00"/>
        <vehicle id="12" x="515.33" y="198.35" angle="90.00" type="DEFAULT_VEHTYPE" speed="13.14" pos="110.58" lane="2/1to3/1_0" slope="0.00"/>
        <vehicle id="13" x="474.64" y="198.35" angle="90.00" type="DEFAULT_VEHTYPE" speed="13.49" pos="69.89" lane="2/1to3/1_0" slope="0.00"/>
        <vehicle id="3" x="398.35" y="780.49" angle="0.00" type="DEFAULT_VEHTYPE" speed="12.86" pos="19.51" lane="2/4to2/3_0" slope="0.00"/>
        <vehicle id="4" x="198.35" y="126.03" angle="0.00" type="DEFAULT_VEHTYPE" speed="12.95" pos="69.22" lane="1/1to1/0_0" slope="0.00"/>
        <vehicle id="5" x="686.96" y="201.65" angle="-90.00" type="DEFAULT_VEHTYPE" speed="13.73" pos="113.04" lane="4/1to3/1_0" slope="0.00"/>
        <vehicle id="6" x="201.65" y="411.96" angle="180.00" type="DEFAULT_VEHTYPE" speed="12.69" pos="7.21" lane="1/2to1/3_0" slope="0.00"/>
        <vehicle id="7" x="398.35" y="209.41" angle="0.00" type="DEFAULT_VEHTYPE" speed="12.74" pos="185.84" lane="2/2to2/1_0" slope="0.00"/>
        <vehicle id="8" x="676.27" y="598.35" angle="90.00" type="DEFAULT_VEHTYPE" speed="13.69" pos="71.52" lane="3/3to4/3_0" slope="0.00"/>
        <vehicle id="9" x="337.33" y="598.35" angle="90.00" type="DEFAULT_VEHTYPE" speed="13.54" pos="132.58" lane="1/3to2/3_0" slope="0.00"/>
    </timestep>
    <timestep time="121.00">
        <vehicle id="10" x="398.35" y="337.51" angle="0.00" type="DEFAULT_VEHTYPE" speed="13.55" pos="57.74" lane="2/2to2/1_0" slope="0.00"/>
        <vehicle id="12" x="528.51" y="198.35" angle="90.00" type="DEFAULT_VEHTYPE" speed="13.18" pos="123.76" lane="2/1to3/1_0" slope="0.00"/>
        <vehicle id="13" x="487.70" y="198.35" angle="90.00" type="DEFAULT_VEHTYPE" speed="13.07" pos="82.95" lane="2/1to3/1_0" slope="0.00"/>
        <vehicle id="3" x="398.35" y="766.76" angle="0.00" type="DEFAULT_VEHTYPE" speed="13.73" pos="33.24" lane="2/4to2/3_0" slope="0.00"/>
        <vehicle id="4" x="198.35" y="113.36" angle="0.00" type="DEFAULT_VEHTYPE" speed="12.67" pos="81.89" lane="1/1to1/0_0" slope="0.00"/>
        <vehicle id="5" x="674.34" y="201.65" angle="-90.00" type="DEFAULT_VEHTYPE" speed="12.62" pos="125.66" lane="4/1to3/1_0" slope="0.00"/>
        <vehicle id="6" x="201.65" y="425.61" angle="180.00" type="DEFAULT_VEHTYPE" speed="13.65" pos="20.86" lane="1/2to1/3_0" slope="0.00"/>
        <vehicle id="7" x="391.94" y="201.65" angle="-85.90" type="DEFAULT_VEHTYPE" speed="12.97" pos="3.31" lane="2/1to1/1_0" slope="0.00"/>
        <vehicle id="8" x="689.75" y="598.35" angle="90.00" type="DEFAULT_VEHTYPE" speed="13.49" pos="85.00" lane="3/3to4/3_0" slope="0.00"/>
        <vehicle id="9" x="350.28" y="598.35" angle="90.00" type="DEFAULT_VEHTYPE" speed="12.95" pos="145.53" lane="1/3to2/3_0" slope="0.00"/>
    </timestep>
    <timestep time="122.00">
        <vehicle id="10" x="398.35" y="324.87" angle="0.00" type="DEFAULT_VEHTYPE" speed="12.64" pos="70.38" lane="2/2to2/1_0" slope="0.00"/>
        <vehicle id="12" x="542.10" y="198.35" angle="90.00" type="DEFAULT_VEHTYPE" speed="13.59" pos="137.35" lane="2/1to3/1_0" slope="0.00"/>
        <vehicle id="13" x="501.56" y="198.35" angle="90.00" type="DEFAULT_VEHTYPE" speed="13.86" pos="96.81" lane="2/1to3/1_0" slope="0.00"/>
        <vehicle id="3" x="398.35" y="753.91" angle="0.00" type="DEFAULT_VEHTYPE" speed="12.85" pos="46.09" lane="2/4to2/3_0" slope="0.00"/>
        <vehicle id="4" x="198.35" y="100.62" angle="0.00" type="DEFAULT_VEHTYPE" speed="12.75" pos="94.63" lane="1/1to1/0_0" slope="0.00"/>
        <vehicle id="5" x="660.95" y="201.65" angle="-90.00" type="DEFAULT_VEHTYPE" speed="13.40" pos="139.05" lane="4/1to3/1_0" slope="0.00"/>
        <vehicle id="6" x="201.65" y="438.76" angle="180.00" type="DEFAULT_VEHTYPE" speed="13.15" pos="34.01" lane="1/2to1/3_0" slope="0.00"/>
        <vehicle id="7" x="379.27" y="201.65" angle="-90.00" type="DEFAULT_VEHTYPE" speed="12.66" pos="15.98" lane="2/1to1/1_0" slope="0.00"/>
        <vehicle id="8" x="703.31" y="598.35" angle="90.00" type="DEFAULT_VEHTYPE" speed="13.56" pos="98.56" lane="3/3to4/3_0" slope="0.00"/>
        <vehicle id="9" x="363.97" y="598.35" angle="90.00" type="DEFAULT_VEHTYPE" speed="13.69" pos="159.22" lane="1/3to2/3_0" slope="0.00"/>
    </timestep>
    <timestep time="123.00">
        <vehicle id="10" x="398.35" y="311.16" angle="0.00" type="DEFAULT_VEHTYPE" speed="13.71" pos="84.09" lane="2/2to2/1_0" slope="0.00"/>
        <vehicle id="12" x="555.44" y="198.35" angle="90.00" type="DEFAULT_VEHTYPE" speed="13.34" pos="150.69" lane="2/1to3/1_0" slope="0.00"/>
        <vehicle id="13" x="515.41" y="198.35" angle="90.00" type="DEFAULT_VEHTYPE" speed="13.85" pos="110.66" lane="2/1to3/1_0" slope="0.00"/>
        <vehicle id="3" x="398.35" y="740.63" angle="0.00" type="DEFAULT_VEHTYPE" speed="13.27" pos="59.37" lane="2/4to2/3_0" slope="0.00"/>
        <vehicle id="4" x="198.35" y="87.84" angle="0.00" type="DEFAULT_VEHTYPE" speed="12.77" pos="107.41" lane="1/1to1/0_0" slope="0.00"/>
        <vehicle id="5" x="647.64" y="201.65" angle="-90.00" type="DEFAULT_VEHTYPE" speed="13.30" pos="152.36" lane="4/1to3/1_0" slope="0.00"/>
        <vehicle id="6" x="201.65" y="452.56" angle="180.00" type="DEFAULT_VEHTYPE" speed="13.80" pos="47.81" lane="1/2to1/3_0" slope="0.00"/>
        <vehicle id="7" x="365.50" y="201.65" angle="-90.00" type="DEFAULT_VEHTYPE" speed="13.78" pos="29.75" lane="2/1to1/1_0" slope="0.00"/>
        <vehicle id="8" x="717.13" y="598.35" angle="90.00" type="DEFAULT_VEHTYPE" speed="13.82" pos="112.38" lane="3/3to4/3_0" slope="0.00"/>
        <vehicle id="9" x="376.15" y="598.35" angle="90.00" type="DEFAULT_VEHTYPE" speed="12.17" pos="171.40" lane="1/3to2/3_0" slope="0.00"/>
    </timestep>
    <timestep time="124.00">
        <vehicle id="10" x="398.35" y="297.60" angle="0.00" type="DEFAULT_VEHTYPE" speed="13.56" pos="97.65" lane="2/2to2/1_0" slope="0.00"/>
        <vehicle id="12" x="569.26" y="198.35" angle="90.00" type="DEFAULT_VEHTYPE" speed="13.82" pos="164.51" lane="2/1to3/1_0" slope="0.00"/>
        <vehicle id="13" x="528.85" y="198.35" angle="90.00" type="DEFAULT_VEHTYPE" speed="13.44" pos="124.10" lane="2/1to3/1_0" slope="0.00"/>
        <vehicle id="3" x="398.35" y="726.85" angle="0.00" type="DEFAULT_VEHTYPE" speed="13.78" pos="73.15" lane="2/4to2/3_0" slope="0.00"/>
        <vehicle id="4" x="198.35" y="75.09" angle="0.00" type="DEFAULT_VEHTYPE" speed="12.75" pos="120.16" lane="1/1to1/0_0" slope="0.00"/>
        <vehicle id="5" x="634.07" y="201.65" angle="-90.00" type="DEFAULT_VEHTYPE" speed="13.58" pos="165.93" lane="4/1to3/1_0" slope="0.00"/>
        <vehicle id="6" x="201.65" y="466.32" angle="180.00" type="DEFAULT_VEHTYPE" speed="13.76" pos="61.57" lane="1/2to1/3_0" slope="0.00"/>
        <vehicle id="7" x="352.34" y="201.65" angle="-90.00" type="DEFAULT_VEHTYPE" speed="13.16" pos="42.91" lane="2/1to1/1_0" slope="0.00"/>
        <vehicle id="8" x="730.75" y="598.35" angle="90.00" type="DEFAULT_VEHTYPE" speed="13.61" pos="126.00" lane="3/3to4/3_0" slope="0.00"/>
        <vehicle id="9" x="383.96" y="598.35" angle="90.00" type="DEFAULT_VEHTYPE" speed="7.81" pos="179.21" lane="1/3to2/3_0" slope="0.00"/>
    </timestep>
    <timestep time="125.00">
        <vehicle id="10" x="398.35" y="284.07" angle="0.00" type="DEFAULT_VEHTYPE" speed="13.53" pos="111.18" lane="2/2to2/1_0" slope="0.00"/>
        <vehicle id="12" x="579.15" y="198.35" angle="90.00" type="DEFAULT_VEHTYPE" speed="9.88" pos="174.40" lane="2/1to3/1_0" slope="0.00"/>
        <vehicle id="13" x="542.37" y="198.35" angle="90.00" type="DEFAULT_VEHTYPE" speed="13.52" pos="137.62" lane="2/1to3/1_0" slope="0.00"/>
        <vehicle id="3" x="398.35" y="713.68" angle="0.00" type="DEFAULT_VEHTYPE" speed="13.17" pos="86.32" lane="2/4to2/3_0" slope="0.00"/>
        <vehicle id="4" x="198.35" y="61.60" angle="0.00" type="DEFAULT_VEHTYPE" speed="13.49" pos="133.65" lane="1/1to1/0_0" slope="0.00"/>
        <vehicle id="5" x="623.20" y="201.65" angle="-90.00" type="DEFAULT_VEHTYPE" speed="10.87" pos="176.80" lane="4/1to3/1_0" slope="0.00"/>
        <vehicle id="6" x="201.65" y="479.95" angle="180.00" type="DEFAULT_VEHTYPE" speed="13.63" pos="75.20" lane="1/2to1/3_0" slope="0.00"/>
        <vehicle id="7" x="339.20" y="201.65" angle="-90.00" type="DEFAULT_VEHTYPE" speed="13.14" pos="56.05" lane="2/1to1/1_0" slope="0.00"/>
        <vehicle id="8" x="744.00" y="598.35" angle="90.00" type="DEFAULT_VEHTYPE" speed="13.25" pos="139.25" lane="3/3to4/3_0" slope="0.00"/>
        <vehicle id="9" x="388.61" y="598.35" angle="90.00" type="DEFAULT_VEHTYPE" speed="4.65" pos="183.86" lane="1/3to2/3_0" slope="0.00"/>
    </timestep>
    <timestep time="126.00">
        <vehicle id="10" x="398.35" y="270.52" angle="0.00" type="DEFAULT_VEHTYPE" speed="13.55" pos="124.73" lane="2/2to2/1_0" slope="0.00"/>
        <vehicle id="12" x="585.52" y="198.35" angle="90.00" type="DEFAULT_VEHTYPE" speed="6.38" pos="180.77" lane="2/1to3/1_0" slope="0.00"/>
        <vehicle id="13" x="555.03" y="198.35" angle="90.00" type="DEFAULT_VEHTYPE" speed="12.66" pos="150.28" lane="2/1to3/1_0" slope="0.00"/>
        <vehicle id="3" x="398.35" y="699.96" angle="0.00" type="DEFAULT_VEHTYPE" speed="13.72" pos="100.04" lane="2/4to2/3_0" slope="0.00"/>
        <vehicle id="4" x="198.35" y="48.06" angle="0.00" type="DEFAULT_VEHTYPE" speed="13.54" pos="147.19" lane="1/1to1/0_0" slope="0.00"/>
        <vehicle id="5" x="615.09" y="201.65" angle="-90.00" type="DEFAULT_VEHTYPE" speed="8.11" pos="184.91" lane="4/1to3/1_0" slope="0.00"/>
        <vehicle id="6" x="201.65" y="493.62" angle="180.00" type="DEFAULT_VEHTYPE" speed="13.67" pos="88.87" lane="1/2to1/3_0" slope="0.00"/>
        <vehicle id="7" x="325.81" y="201.65" angle="-90.00" type="DEFAULT_VEHTYPE" speed="13.39" pos="69.44" lane="2/1to1/1_0" slope="0.00"/>
        <vehicle id="8" x="757.09" y="598.35" angle="90.00" type="DEFAULT_VEHTYPE" speed="13.09" pos="152.34" lane="3/3to4/3_0" slope="0.00"/>
        <vehicle id="9" x="394.84" y="598.35" angle="90.00" type="DEFAULT_VEHTYPE" speed="6.22" pos="190.09" lane="1/3to2/3_0" slope="0.00"/>
    </timestep>
    <timestep time="127.00">
        <vehicle id="10" x="398.35" y="257.38" angle="0.00" type="DEFAULT_VEHTYPE" speed="13.13" pos="137.87" lane="2/2to2/1_0" slope="0.00"/>
        <vehicle id="12" x="589.47" y="198.35" angle="90.00" type="DEFAULT_VEHTYPE" speed="3.95" pos="184.72" lane="2/1to3/1_0" slope="0.00"/>
        <vehicle id="13" x="567.56" y="198.35" angle="90.00" type="DEFAULT_VEHTYPE" speed="12.53" pos="162.81" lane="2/1to3/1_0" slope="0.00"/>
        <vehicle id="3" x="398.35" y="686.14" angle="0.00" type="DEFAULT_VEHTYPE" speed="13.83" pos="113.86" lane="2/4to2/3_0" slope="0.00"/>
        <vehicle id="4" x="198.35" y="34.18" angle="0.00" type="DEFAULT_VEHTYPE" speed="13.88" pos="161.07" lane="1/1to1/0_0" slope="0.00"/>
        <vehicle id="5" x="610.47" y="201.65" angle="-90.00" type="DEFAULT_VEHTYPE" speed="4.62" pos="189.53" lane="4/1to3/1_0" slope="0.00"/>
        <vehicle id="6" x="201.65" y="506.86" angle="180.00" type="DEFAULT_VEHTYPE" speed="13.24" pos="102.11" lane="1/2to1/3_0" slope="0.00"/>
        <vehicle id="7" x="311.95" y="201.65" angle="-90.00" type="DEFAULT_VEHTYPE" speed="13.86" pos="83.30" lane="2/1to1/1_0" slope="0.00"/>
        <vehicle id="8" x="769.77" y="598.35" angle="90.00" type="DEFAULT_VEHTYPE" speed="12.68" pos="165.02" lane="3/3to4/3_0" slope="0.00"/>
        <vehicle id="9" x="401.12" y="601.73" angle="129.95" type="DEFAULT_VEHTYPE" speed="7.65" pos="7.23" lane=":2/3_14_0" slope="0.00"/>
    </timestep>
    <timestep time="128.00">
        <vehicle id="10" x="398.35" y="243.73" angle="0.00" type="DEFAULT_VEHTYPE" speed="13.66" pos="151.52" lane="2/2to2/1_0" slope="0.00"/>
        <vehicle id="12" x="595.52" y="198.35" angle="90.00" type="DEFAULT_VEHTYPE" speed="6.05" pos="0.27" lane=":3/1_13_0" slope="0.00"/>
        <vehicle id="13" x="575.59" y="198.35" angle="90.00" type="DEFAULT_VEHTYPE" speed="8.03" pos="170.84" lane="2/1to3/1_0" slope="0.00"/>
        <vehicle id="3" x="398.35" y="673.47" angle="0.00" type="DEFAULT_VEHTYPE" speed="12.67" pos="126.53" lane="2/4to2/3_0" slope="0.00"/>
        <vehicle id="4" x="198.35" y="20.55" angle="0.00" type="DEFAULT_VEHTYPE" speed="13.63" pos="174.70" lane="1/1to1/0_0" slope="0.00"/>
        <vehicle id="5" x="604.42" y="201.70" angle="-90.53" type="DEFAULT_VEHTYPE" speed="6.05" pos="0.33" lane=":3/1_4_0" slope="0.00"/>
        <vehicle id="6" x="201.65" y="520.63" angle="180.00" type="DEFAULT_VEHTYPE" speed="13.77" pos="115.88" lane="1/2to1/3_0" slope="0.00"/>
        <vehicle id="7" x="298.55" y="201.65" angle="-90.00" type="DEFAULT_VEHTYPE" speed="13.40" pos="96.70" lane="2/1to1/1_0" slope="0.00"/>
        <vehicle id="8" x="782.37" y="598.35" angle="90.00" type="DEFAULT_VEHTYPE" speed="12.60" pos="177.62" lane="3/3to4/3_0" slope="0.00"/>
        <vehicle id="9" x="401.65" y="611.89" angle="180.00" type="DEFAULT_VEHTYPE" speed="10.22" pos="7.14" lane="2/3to2/4_0" slope="0.00"/>
    </timestep>
    <timestep time="129.00">
        <vehicle id="10" x="398.35" y="230.21" angle="0.00" type="DEFAULT_VEHTYPE" speed="13.51" pos="165.04" lane="2/2to2/1_0" slope="0.00"/>
        <vehicle id="12" x="603.18" y="198.35" angle="90.00" type="DEFAULT_VEHTYPE" speed="7.66" pos="7.93" lane=":3/1_13_0" slope="0.00"/>
        <vehicle id="13" x="583.05" y="198.35" angle="90.00" type="DEFAULT_VEHTYPE" speed="7.46" pos="178.30" lane="2/1to3/1_0" slope="0.00"/>
        <vehicle id="3" x="398.35" y="659.86" angle="0.00" type="DEFAULT_VEHTYPE" speed="13.61" pos="140.14" lane="2/4to2/3_0" slope="0.00"/>
        <vehicle id="4" x="198.35" y="7.48" angle="0.00" type="DEFAULT_VEHTYPE" speed="13.07" pos="187.77" lane="1/1to1/0_0" slope="0.00"/>
        <vehicle id="5" x="601.65" y="207.87" angle="-174.75" type="DEFAULT_VEHTYPE" speed="7.79" pos="3.12" lane="3/1to3/2_0" slope="0.00"/>
        <vehicle id="6" x="201.65" y="533.32" angle="180.00" type="DEFAULT_VEHTYPE" speed="12.69" pos="128.57" lane="1/2to1/3_0" slope="0.00"/>
        <vehicle id="7" x="285.35" y="201.65" angle="-90.00" type="DEFAULT_VEHTYPE" speed="13.20" pos="109.90" lane="2/1to1/1_0" slope="0.00"/>
        <vehicle id="8" x="796.21" y="598.35" angle="90.00" type="DEFAULT_VEHTYPE" speed="13.84" pos="191.46" lane="3/3to4/3_0" slope="0.00"/>
        <vehicle id="9" x="401.65" y="624.07" angle="180.00" type="DEFAULT_VEHTYPE" speed="12.18" pos="19.32" lane="2/3to2/4_0" slope="0.00"/>
    </timestep>
    <timestep time="130.00">
        <vehicle id="10" x="398.35" y="217.03" angle="0.00" type="DEFAULT_VEHTYPE" speed="13.18" pos="178.22" lane="2/2to2/1_0" slope="0.00"/>
        <vehicle id="12" x="612.35" y="198.35" angle="90.00" type="DEFAULT_VEHTYPE" speed="9.17" pos="7.60" lane="3/1to4/1_0" slope="0.00"/>
        <vehicle id="13" x="588.44" y="198.35" angle="90.00" type="DEFAULT_VEHTYPE" speed="5.39" pos="183.69" lane="2/1to3/1_0" slope="0.00"/>
        <vehicle id="3" x="398.35" y="646.01" angle="0.00" type="DEFAULT_VEHTYPE" speed="13.85" pos="153.99" lane="2/4to2/3_0" slope="0.00"/>
        <vehicle id="4" x="201.65" y="1.19" angle="126.68" type="DEFAULT_VEHTYPE" speed="13.49" pos="1.19" lane="1/0to1/1_0" slope="0.00"/>
        <vehicle id="5" x="601.65" y="217.63" angle="180.00" type="DEFAULT_VEHTYPE" speed="9.75" pos="12.88" lane="3/1to3/2_0" slope="0.00"/>
        <vehicle id="6" x="201.65" y="546.74" angle="180.00" type="DEFAULT_VEHTYPE" speed="13.42" pos="141.99" lane="1/2to1/3_0" slope="0.00"/>
        <vehicle id="7" x="272.50" y="201.65" angle="-90.00" type="DEFAULT_VEHTYPE" speed="12.85" pos="122.75" lane="2/1to1/1_0" slope="0.00"/>
        <vehicle id="8" x="795.52" y="601.65" angle="-93.37" type="DEFAULT_VEHTYPE" speed="13.08" pos="4.48" lane="4/3to3/3_0" slope="0.00"/>
        <vehicle id="9" x="401.65" y="637.90" angle="180.00" type="DEFAULT_VEHTYPE" speed="13.84" pos="33.15" lane="2/3to2/4_0" slope="0.00"/>
    </timestep>
    <timestep time="131.00">
        <vehicle id="10" x="398.35" y="203.83" angle="0.00" type="DEFAULT_VEHTYPE" speed="13.20" pos="0.92" lane=":2/1_1_0" slope="0.00"/>
        <vehicle id="12" x="623.33" y="198.35" angle="90.00" type="DEFAULT_VEHTYPE" speed="10.99" pos="18.58" lane="3/1to4/1_0" slope="0.00"/>
        <vehicle id="13" x="595.19" y="198.35" angle="90.00" type="DEFAULT_VEHTYPE" speed="6.75" pos="190.44" lane="2/1to3/1_0" slope="0.00"/>
        <vehicle id="3" x="398.35" y="632.71" angle="0.00" type="DEFAULT_VEHTYPE" speed="13.30" pos="167.29" lane="2/4to2/3_0" slope="0.00"/>
        <vehicle id="4" x="201.65" y="13.92" angle="180.00" type="DEFAULT_VEHTYPE" speed="12.73" pos="13.92" lane="1/0to1/1_0" slope="0.00"/>
        <vehicle id="5" x="601.65" y="229.84" angle="180.00" type="DEFAULT_VEHTYPE" speed="12.22" pos="25.09" lane="3/1to3/2_0" slope="0.00"/>
        <vehicle id="6" x="201.65" y="559.54" angle="180.00" type="DEFAULT_VEHTYPE" speed="12.80" pos="154.79" lane="1/2to1/3_0" slope="0.00"/>
        <vehicle id="7" x="259.60" y="201.65" angle="-90.00" type="DEFAULT_VEHTYPE" speed="12.89" pos="135.65" lane="2/1to1/1_0" slope="0.00"/>
        <vehicle id="8" x="781.86" y="601.65" angle="-90.00" type="DEFAULT_VEHTYPE" speed="13.67" pos="18.14" lane="4/3to3/3_0" slope="0.00"/>
        <vehicle id="9" x="401.65" y="651.56" angle="180.00" type="DEFAULT_VEHTYPE" speed="13.65" pos="46.81" lane="2/3to2/4_0" slope="0.00"/>
    </timestep>
    <timestep time="132.00">
        <vehicle id="10" x="398.35" y="190.04" angle="0.00" type="DEFAULT_VEHTYPE" speed="13.80" pos="5.21" lane="2/1to2/0_0" slope="0.00"/>
        <vehicle id="12" x="636.47" y="198.35" angle="90.00" type="DEFAULT_VEHTYPE" speed="13.14" pos="31.72" lane="3/1to4/1_0" slope="0.00"/>
        <vehicle id="13" x="603.90" y="198.35" angle="90.00" type="DEFAULT_VEHTYPE" speed="8.71" pos="8.65" lane=":3/1_13_0" slope="0.00"/>
        <vehicle id="3" x="398.35" y="619.80" angle="0.00" type="DEFAULT_VEHTYPE" speed="12.91" pos="180.20" lane="2/4to2/3_0" slope="0.00"/>
        <vehicle id="4" x="201.65" y="27.32" angle="180.00" type="DEFAULT_VEHTYPE" speed="13.40" pos="27.32" lane="1/0to1/1_0" slope="0.00"/>
        <vehicle id="5" x="601.65" y="243.01" angle="180.00" type="DEFAULT_VEHTYPE" speed="13.17" pos="38.26" lane="3/1to3/2_0" slope="0.00"/>
        <vehicle id="6" x="201.65" y="573.18" angle="180.00" type="DEFAULT_VEHTYPE" speed="13.64" pos="168.43" lane="1/2to1/3_0" slope="0.00"/>
        <vehicle id="7" x="246.38" y="201.65" angle="-90.00" type="DEFAULT_VEHTYPE" speed="13.22" pos="148.87" lane="2/1to1/1_0" slope="0.00"/>
        <vehicle id="8" x="768.58" y="601.65" angle="-90.00" type="DEFAULT_VEHTYPE" speed="13.28" pos="31.42" lane="4/3to3/3_0" slope="0.00"/>
        <vehicle id="9" x="401.65" y="664.94" angle="180.00" type="DEFAULT_VEHTYPE" speed="13.39" pos="60.19" lane="2/3to2/4_0" slope="0.00"/>
    </timestep>
    <timestep time="133.00">
        <vehicle id="10" x="398.35" y="176.78" angle="0.00" type="DEFAULT_VEHTYPE" speed="13.26" pos="18.47" lane="2/1to2/0_0" slope="0.00"/>
        <vehicle id="12" x="650.10" y="198.35" angle="90.00" type="DEFAULT_VEHTYPE" speed="13.62" pos="45.35" lane="3/1to4/1_0" slope="0.00"/>
        <vehicle id="13" x="614.71" y="198.35" angle="90.00" type="DEFAULT_VEHTYPE" speed="10.81" pos="9.96" lane="3/1to4/1_0" slope="0.00"/>
        <vehicle id="3" x="398.35" y="606.42" angle="0.00" type="DEFAULT_VEHTYPE" speed="13.38" pos="193.58" lane="2/4to2/3_0" slope="0.00"/>
        <vehicle id="4" x="201.65" y="40.19" angle="180.00" type="DEFAULT_VEHTYPE" speed="12.87" pos="40.19" lane="1/0to1/1_0" slope="0.00"/>
        <vehicle id="5" x="601.65" y="256.00" angle="180.00" type="DEFAULT_VEHTYPE" speed="13.00" pos="51.25" lane="3/1to3/2_0" slope="0.00"/>
        <vehicle id="6" x="201.65" y="585.87" angle="180.00" type="DEFAULT_VEHTYPE" speed="12.68" pos="181.12" lane="1/2to1/3_0" slope="0.00"/>
        <vehicle id="7" x="232.62" y="201.65" angle="-90.00" type="DEFAULT_VEHTYPE" speed="13.76" pos="162.63" lane="2/1to1/1_0" slope="0.00"/>
        <vehicle id="8" x="755.97" y="601.65" angle="-90.00" type="DEFAULT_VEHTYPE" speed="12.61" pos="44.03" lane="4/3to3/3_0" slope="0.00"/>
        <vehicle id="9" x="401.65" y="677.92" angle="180.00" type="DEFAULT_VEHTYPE" speed="12.97" pos="73.17" lane="2/3to2/4_0" slope="0.00"/>
    </timestep>
    <timestep time="134.00">
        <vehicle id="10" x="398.35" y="163.08" angle="0.00" type="DEFAULT_VEHTYPE" speed="13.69" pos="32.17" lane="2/1to2/0_0" slope="0.00"/>
        <vehicle id="12" x="663.57" y="198.35" angle="90.00" type="DEFAULT_VEHTYPE" speed="13.47" pos="58.82" lane="3/1to4/1_0" slope="0.00"/>
        <vehicle id="13" x="627.58" y="198.35" angle="90.00" type="DEFAULT_VEHTYPE" speed="12.86" pos="22.83" lane="3/1to4/1_0" slope="0.00"/>
        <vehicle id="3" x="398.35" y="592.64" angle="0.00" type="DEFAULT_VEHTYPE" speed="13.78" pos="2.61" lane="2/3to2/2_0" slope="0.00"/>
        <vehicle id="4" x="201.65" y="53.81" angle="180.00" type="DEFAULT_VEHTYPE" speed="13.62" pos="53.81" lane="1/0to1/1_0" slope="0.00"/>
        <vehicle id="5" x="601.65" y="269.74" angle="180.00" type="DEFAULT_VEHTYPE" speed="13.74" pos="64.99" lane="3/1to3/2_0" slope="0.00"/>
        <vehicle id="6" x="203.39" y="598.16" angle="157.84" type="DEFAULT_VEHTYPE" speed="13.02" pos="3.63" lane=":1/3_8_0" slope="0.00"/>
        <vehicle id="7" x="221.56" y="201.65" angle="-90.00" type="DEFAULT_VEHTYPE" speed="11.06" pos="173.69" lane="2/1to1/1_0" slope="0.00"/>
        <vehicle id="8" x="742.48" y="601.65" angle="-90.00" type="DEFAULT_VEHTYPE" speed="13.49" pos="57.52" lane="4/3to3/3_0" slope="0.00"/>
        <vehicle id="9" x="401.65" y="691.17" angle="180.00" type="DEFAULT_VEHTYPE" speed="13.25" pos="86.42" lane="2/3to2/4_0" slope="0.00"/>
    </timestep>
    <timestep time="135.00">
        <vehicle id="10" x="398.35" y="150.02" angle="0.00" type="DEFAULT_VEHTYPE" speed="13.06" pos="45.23" lane="2/1to2/0_0" slope="0.00"/>
        <vehicle id="12" x="676.46" y="198.35" angle="90.00" type="DEFAULT_VEHTYPE" speed="12.89" pos="71.71" lane="3/1to4/1_0" slope="0.00"/>
        <vehicle id="13" x="641.16" y="198.35" angle="90.00" type="DEFAULT_VEHTYPE" speed="13.59" pos="36.41" lane="3/1to4/1_0" slope="0.00"/>
        <vehicle id="3" x="398.35" y="579.02" angle="0.00" type="DEFAULT_VEHTYPE" speed="13.62" pos="16.23" lane="2/3to2/2_0" slope="0.00"/>
        <vehicle id="4" x="201.65" y="66.50" angle="180.00" type="DEFAULT_VEHTYPE" speed="12.69" pos="66.50" lane="1/0to1/1_0" slope="0.00"/>
        <vehicle id="5" x="601.65" y="282.92" angle="180.00" type="DEFAULT_VEHTYPE" speed="13.18" pos="78.17" lane="3/1to3/2_0" slope="0.00"/>
        <vehicle id="6" x="216.58" y="598.35" angle="90.00" type="DEFAULT_VEHTYPE" speed="13.20" pos="11.83" lane="1/3to2/3_0" slope="0.00"/>
        <vehicle id="7" x="214.88" y="201.65" angle="-90.00" type="DEFAULT_VEHTYPE" speed="6.68" pos="180.37" lane="2/1to1/1_0" slope="0.00"/>
        <vehicle id="8" x="729.62" y="601.65" angle="-90.00" type="DEFAULT_VEHTYPE" speed="12.85" pos="70.38" lane="4/3to3/3_0" slope="0.00"/>
        <vehicle id="9" x="401.65" y="705.00" angle="180.00" type="DEFAULT_VEHTYPE" speed="13.83" pos="100.25" lane="2/3to2/4_0" slope="0.00"/>
    </timestep>
    <timestep time="136.00">
        <vehicle id="10" x="398.35" y="136.58" angle="0.00" type="DEFAULT_VEHTYPE" speed="13.44" pos="58.67" lane="2/1to2/0_0" slope="0.00"/>
        <vehicle id="12" x="690.26" y="198.35" angle="90.00" type="DEFAULT_VEHTYPE" speed="13.79" pos="85.51" lane="3/1to4/1_0" slope="0.00"/>
        <vehicle id="13" x="654.10" y="198.35" angle="90.00" type="DEFAULT_VEHTYPE" speed="12.93" pos="49.35" lane="3/1to4/1_0" slope="0.00"/>
        <vehicle id="3" x="398.35" y="565.31" angle="0.00" type="DEFAULT_VEHTYPE" speed="13.70" pos="29.94" lane="2/3to2/2_0" slope="0.00"/>
        <vehicle id="4" x="201.65" y="79.24" angle="180.00" type="DEFAULT_VEHTYPE" speed="12.74" pos="79.24" lane="1/0to1/1_0" slope="0.00"/>
        <vehicle id="5" x="601.65" y="296.27" angle="180.00" type="DEFAULT_VEHTYPE" speed="13.35" pos="91.52" lane="3/1to3/2_0" slope="0.00"/>
        <vehicle id="6" x="229.62" y="598.35" angle="90.00" type="DEFAULT_VEHTYPE" speed="13.04" pos="24.87" lane="1/3to2/3_0" slope="0.00"/>
        <vehicle id="7" x="210.80" y="201.65" angle="-90.00" type="DEFAULT_VEHTYPE" speed="4.08" pos="184.45" lane="2/1to1/1_0" slope="0.00"/>
        <vehicle id="8" x="717.00" y="601.65" angle="-90.00" type="DEFAULT_VEHTYPE" speed="12.62" pos="83.00" lane="4/3to3/3_0" slope="0.00"/>
        <vehicle id="9" x="401.65" y="717.85" angle="180.00" type="DEFAULT_VEHTYPE" speed="12.84" pos="113.10" lane="2/3to2/4_0" slope="0.00"/>
    </timestep>
    <timestep time="137.00">
        <vehicle id="10" x="398.35" y="123.23" angle="0.00" type="DEFAULT_VEHTYPE" speed="13.35" pos="72.02" lane="2/1to2/0_0" slope="0.00"/>
        <vehicle id="12" x="703.31" y="198.35" angle="90.00" type="DEFAULT_VEHTYPE" speed="13.05" pos="98.56" lane="3/1to4/1_0" slope="0.00"/>
        <vehicle id="13" x="666.94" y="198.35" angle="90.00" type="DEFAULT_VEHTYPE" speed="12.84" pos="62.19" lane="3/1to4/1_0" slope="0.00"/>
        <vehicle id="3" x="398.35" y="552.69" angle="0.00" type="DEFAULT_VEHTYPE" speed="12.62" pos="42.56" lane="2/3to2/2_0" slope="0.00"/>
        <vehicle id="4" x="201.65" y="92.47" angle="180.00" type="DEFAULT_VEHTYPE" speed="13.23" pos="92.47" lane="1/0to1/1_0" slope="0.00"/>
        <vehicle id="5" x="601.65" y="308.89" angle="180.00" type="DEFAULT_VEHTYPE" speed="12.62" pos="104.14" lane="3/1to3/2_0" slope="0.00"/>
        <vehicle id="6" x="242.97" y="598.35" angle="90.00" type="DEFAULT_VEHTYPE" speed="13.35" pos="38.22" lane="1/3to2/3_0" slope="0.00"/>
        <vehicle id="7" x="204.96" y="201.65" angle="-90.00" type="DEFAULT_VEHTYPE" speed="5.85" pos="190.29" lane="2/1to1/1_0" slope="0.00"/>
        <vehicle id="8" x="703.42" y="601.65" angle="-90.00" type="DEFAULT_VEHTYPE" speed="13.58" pos="96.58" lane="4/3to3/3_0" slope="0.00"/>
        <vehicle id="9" x="401.65" y="731.23" angle="180.00" type="DEFAULT_VEHTYPE" speed="13.38" pos="126.48" lane="2/3to2/4_0" slope="0.00"/>
    </timestep>
    <timestep time="138.00">
        <vehicle id="10" x="398.35" y="110.17" angle="0.00" type="DEFAULT_VEHTYPE" speed="13.06" pos="85.08" lane="2/1to2/0_0" slope="0.00"/>
        <vehicle id="12" x="717.12" y="198.35" angle="90.00" type="DEFAULT_VEHTYPE" speed="13.81" pos="112.37" lane="3/1to4/1_0" slope="0.00"/>
        <vehicle id="13" x="679.90" y="198.35" angle="90.00" type="DEFAULT_VEHTYPE" speed="12.97" pos="75.15" lane="3/1to4/1_0" slope="0.00"/>
        <vehicle id="3" x="398.35" y="540.00" angle="0.00" type="DEFAULT_VEHTYPE" speed="12.69" pos="55.25" lane="2/3to2/2_0" slope="0.00"/>
        <vehicle id="4" x="201.65" y="105.28" angle="180.00" type="DEFAULT_VEHTYPE" speed="12.81" pos="105.28" lane="1/0to1/1_0" slope="0.00"/>
        <vehicle id="5" x="601.65" y="322.03" angle="180.00" type="DEFAULT_VEHTYPE" speed="13.14" pos="117.28" lane="3/1to3/2_0" slope="0.00"/>
        <vehicle id="6" x="256.12" y="598.35" angle="90.00" type="DEFAULT_VEHTYPE" speed="13.15" pos="51.37" lane="1/3to2/3_0" slope="0.00"/>
        <vehicle id="7" x="201.65" y="207.53" angle="-172.61" type="DEFAULT_VEHTYPE" speed="7.98" pos="2.78" lane="1/1to1/2_0" slope="0.00"/>
        <vehicle id="8" x="690.81" y="601.65" angle="-90.00" type="DEFAULT_VEHTYPE" speed="12.61" pos="109.19" lane="4/3to3/3_0" slope="0.00"/>
        <vehicle id="9" x="401.65" y="744.33" angle="180.00" type="DEFAULT_VEHTYPE" speed="13.10" pos="139.58" lane="2/3to2/4_0" slope="0.00"/>
    </timestep>
    <timestep time="139.00">
        <vehicle id="10" x="398.35" y="96.71" angle="0.00" type="DEFAULT_VEHTYPE" speed="13.47" pos="98.54" lane="2/1to2/0_0" slope="0.00"/>
        <vehicle id="12" x="729.89" y="198.35" angle="90.00" type="DEFAULT_VEHTYPE" speed="12.77" pos="125.14" lane="3/1to4/1_0" slope="0.00"/>
        <vehicle id="13" x="692.86" y="198.35" angle="90.00" type="DEFAULT_VEHTYPE" speed="12.96" pos="88.11" lane="3/1to4/1_0" slope="0.00"/>
        <vehicle id="3" x="398.35" y="526.85" angle="0.00" type="DEFAULT_VEHTYPE" speed="13.15" pos="68.40" lane="2/3to2/2_0" slope="0.00"/>
        <vehicle id="4" x="201.65" y="118.00" angle="180.00" type="DEFAULT_VEHTYPE" speed="12.72" pos="118.00" lane="1/0to1/1_0" slope="0.00"/>
        <vehicle id="5" x="601.65" y="335.77" angle="180.00" type="DEFAULT_VEHTYPE" speed="13.75" pos="131.02" lane="3/1to3/2_0" slope="0.00"/>
        <vehicle id="6" x="269.07" y="598.35" angle="90.00" type="DEFAULT_VEHTYPE" speed="12.95" pos="64.32" lane="1/3to2/3_0" slope="0.00"/>
        <vehicle id="7" x="201.65" y="217.92" angle="180.00" type="DEFAULT_VEHTYPE" speed="10.40" pos="13.17" lane="1/1to1/2_0" slope="0.00"/>
        <vehicle id="8" x="677.86" y="601.65" angle="-90.00" type="DEFAULT_VEHTYPE" speed="12.95" pos="122.14" lane="4/3to3/3_0" slope="0.00"/>
        <vehicle id="9" x="401.65" y="757.43" angle="180.00" type="DEFAULT_VEHTYPE" speed="13.10" pos="152.68" lane="2/3to2/4_0" slope="0.00"/>
    </timestep>
    <timestep time="140.00">
        <vehicle id="10" x="398.35" y="83.21" angle="0.00" type="DEFAULT_VEHTYPE" speed="13.50" pos="112.04" lane="2/1to2/0_0" slope="0.00"/>
        <vehicle id="12" x="743.10" y="198.35" angle="90.00" type="DEFAULT_VEHTYPE" speed="13.21" pos="138.35" lane="3/1to4/1_0" slope="0.00"/>
        <vehicle id="13" x="705.86" y="198.35" angle="90.00" type="DEFAULT_VEHTYPE" speed="13.00" pos="101.11" lane="3/1to4/1_0" slope="0.00"/>
        <vehicle id="3" x="398.35" y="514.19" angle="0.00" type="DEFAULT_VEHTYPE" speed="12.66" pos="81.06" lane="2/3to2/2_0" slope="0.00"/>
        <vehicle id="4" x="201.65" y="130.96" angle="180.00" type="DEFAULT_VEHTYPE" speed="12.96" pos="130.96" lane="1/0to1/1_0" slope="0.00"/>
        <vehicle id="5" x="601.65" y="349.48" angle="180.00" type="DEFAULT_VEHTYPE" speed="13.70" pos="144.73" lane="3/1to3/2_0" slope="0.00"/>
        <vehicle id="6" x="282.45" y="598.35" angle="90.00" type="DEFAULT_VEHTYPE" speed="13.39" pos="77.70" lane="1/3to2/3_0" slope="0.00"/>
        <vehicle id="7" x="201.65" y="230.22" angle="180.00" type="DEFAULT_VEHTYPE" speed="12.29" pos="25.47" lane="1/1to1/2_0" slope="0.00"/>
        <vehicle id="8" x="664.42" y="601.65" angle="-90.00" type="DEFAULT_VEHTYPE" speed="13.44" pos="135.58" lane="4/3to3/3_0" slope="0.00"/>
        <vehicle id="9" x="401.65" y="770.84" angle="180.00" type="DEFAULT_VEHTYPE" speed="13.41" pos="166.09" lane="2/3to2/4_0" slope="0.00"/>
    </timestep>
    <timestep time="141.00">
        <vehicle id="10" x="398.35" y="69.82" angle="0.00" type="DEFAULT_VEHTYPE" speed="13.39" pos="125.43" lane="2/1to2/0_0" slope="0.00"/>
        <vehicle id="12" x="755.99" y="198.35" angle="90.00" type="DEFAULT_VEHTYPE" speed="12.89" pos="151.24" lane="3/1to4/1_0" slope="0.00"/>
        <vehicle id="13" x="718.77" y="198.35" angle="90.00" type="DEFAULT_VEHTYPE" speed="12.91" pos="114.02" lane="3/1to4/1_0" slope="0.00"/>
        <vehicle id="3" x="398.35" y="500.99" angle="0.00" type="DEFAULT_VEHTYPE" speed="13.20" pos="94.26" lane="2/3to2/2_0" slope="0.00"/>
        <vehicle id="4" x="201.65" y="144.61" angle="180.00" type="DEFAULT_VEHTYPE" speed="13.64" pos="144.61" lane="1/0to1/1_0" slope="0.00"/>
        <vehicle id="5" x="601.65" y="362.69" angle="180.00" type="DEFAULT_VEHTYPE" speed="13.22" pos="157.94" lane="3/1to3/2_0" slope="0.00"/>
        <vehicle id="6" x="296.05" y="598.35" angle="90.00" type="DEFAULT_VEHTYPE" speed="13.60" pos="91.30" lane="1/3to2/3_0" slope="0.00"/>
        <vehicle id="7" x="201.65" y="243.96" angle="180.00" type="DEFAULT_VEHTYPE" speed="13.74" pos="39.21" lane="1/1to1/2_0" slope="0.00"/>
        <vehicle id="8" x="651.69" y="601.65" angle="-90.00" type="DEFAULT_VEHTYPE" speed="12.73" pos="148.31" lane="4/3to3/3_0" slope="0.00"/>
        <vehicle id="9" x="401.65" y="784.05" angle="180.00" type="DEFAULT_VEHTYPE" speed="13.20" pos="179.30" lane="2/3to2/4_0" slope="0.00"/>
    </timestep>
    <timestep time="142.00">
        <vehicle id="10" x="398.35" y="56.39" angle="0.00" type="DEFAULT_VEHTYPE" speed="13.42" pos="138.86" lane="2/1to2/0_0" slope="0.00"/>
        <vehicle id="12" x="768.66" y="198.35" angle="90.00" type="DEFAULT_VEHTYPE" speed="12.68" pos="163.91" lane="3/1to4/1_0" slope="0.00"/>
        <vehicle id="13" x="731.66" y="198.35" angle="90.00" type="DEFAULT_VEHTYPE" speed="12.89" pos="126.91" lane="3/1to4/1_0" slope="0.00"/>
        <vehicle id="3" x="398.35" y="487.33" angle="0.00" type="DEFAULT_VEHTYPE" speed="13.66" pos="107.92" lane="2/3to2/2_0" slope="0.00"/>
        <vehicle id="4" x="201.65" y="158.19" angle="180.00" type="DEFAULT_VEHTYPE" speed="13.59" pos="158.19" lane="1/0to1/1_0" slope="0.00"/>
        <vehicle id="5" x="601.65" y="375.24" angle="180.00" type="DEFAULT_VEHTYPE" speed="12.55" pos="170.49" lane="3/1to3/2_0" slope="0.00"/>
        <vehicle id="6" x="309.78" y="598.35" angle="90.00" type="DEFAULT_VEHTYPE" speed="13.73" pos="105.03" lane="1/3to2/3_0" slope="0.00"/>
        <vehicle id="7" x="201.65" y="257.78" angle="180.00" type="DEFAULT_VEHTYPE" speed="13.82" pos="53.03" lane="1/1to1/2_0" slope="0.00"/>
        <vehicle id="8" x="638.41" y="601.65" angle="-90.00" type="DEFAULT_VEHTYPE" speed="13.28" pos="161.59" lane="4/3to3/3_0" slope="0.00"/>
        <vehicle id="9" x="401.65" y="796.80" angle="180.00" type="DEFAULT_VEHTYPE" speed="12.75" pos="192.05" lane="2/3to2/4_0" slope="0.00"/>
    </timestep>
    <timestep time="143.00">
        <vehicle id="10" x="398.35" y="43.46" angle="0.00" type="DEFAULT_VEHTYPE" speed="12.94" pos="151.79" lane="2/1to2/0_0" slope="0.00"/>
        <vehicle id="12" x="782.00" y="198.35" angle="90.00" type="DEFAULT_VEHTYPE" speed="13.34" pos="177.25" lane="3/1to4/1_0" slope="0.00"/>
        <vehicle id="13" x="745.20" y="198.35" angle="90.00" type="DEFAULT_VEHTYPE" speed="13.53" pos="140.45" lane="3/1to4/1_0" slope="0.00"/>
        <vehicle id="3" x="398.35" y="474.59" angle="0.00" type="DEFAULT_VEHTYPE" speed="12.73" pos="120.66" lane="2/3to2/2_0" slope="0.00"/>
        <vehicle id="4" x="201.65" y="171.58" angle="180.00" type="DEFAULT_VEHTYPE" speed="13.39" pos="171.58" lane="1/0to1/1_0" slope="0.00"/>
        <vehicle id="5" x="601.65" y="383.29" angle="180.00" type="DEFAULT_VEHTYPE" speed="8.05" pos="178.54" lane="3/1to3/2_0" slope="0.00"/>
        <vehicle id="6" x="322.56" y="598.35" angle="90.00" type="DEFAULT_VEHTYPE" speed="12.78" pos="117.81" lane="1/3to2/3_0" slope="0.00"/>
        <vehicle id="7" x="201.65" y="271.42" angle="180.00" type="DEFAULT_VEHTYPE" speed="13.64" pos="66.67" lane="1/1to1/2_0" slope="0.00"/>
        <vehicle id="8" x="626.46" y="601.65" angle="-90.00" type="DEFAULT_VEHTYPE" speed="11.95" pos="173.54" lane="4/3to3/3_0" slope="0.00"/>
        <vehicle id="9" x="398.35" y="794.84" angle="0.00" type="DEFAULT_VEHTYPE" speed="13.18" pos="5.16" lane="2/4to2/3_0" slope="0.00"/>
    </timestep>
    <timestep time="144.00">
        <vehicle id="10" x="398.35" y="30.64" angle="0.00" type="DEFAULT_VEHTYPE" speed="12.82" pos="164.61" lane="2/1to2/0_0" slope="0.00"/>
        <vehicle id="12" x="795.56" y="198.35" angle="90.00" type="DEFAULT_VEHTYPE" speed="13.55" pos="190.81" lane="3/1to4/1_0" slope="0.00"/>
        <vehicle id="13" x="759.08" y="198.35" angle="90.00" type="DEFAULT_VEHTYPE" speed="13.89" pos="154.33" lane="3/1to4/1_0" slope="0.00"/>
        <vehicle id="3" x="398.35" y="461.75" angle="0.00" type="DEFAULT_VEHTYPE" speed="12.84" pos="133.50" lane="2/3to2/2_0" slope="0.00"/>
        <vehicle id="4" x="201.65" y="185.15" angle="180.00" type="DEFAULT_VEHTYPE" speed="13.57" pos="185.15" lane="1/0to1/1_0" slope="0.00"/>
        <vehicle id="5" x="601.65" y="388.14" angle="180.00" type="DEFAULT_VEHTYPE" speed="4.85" pos="183.39" lane="3/1to3/2_0" slope="0.00"/>
        <vehicle id="6" x="336.32" y="598.35" angle="90.00" type="DEFAULT_VEHTYPE" speed="13.75" pos="131.57" lane="1/3to2/3_0" slope="0.00"/>
        <vehicle id="7" x="201.65" y="284.10" angle="180.00" type="DEFAULT_VEHTYPE" speed="12.68" pos="79.35" lane="1/1to1/2_0" slope="0.00"/>
        <vehicle id="8" x="617.81" y="601.65" angle="-90.00" type="DEFAULT_VEHTYPE" speed="8.66" pos="182.19" lane="4/3to3/3_0" slope="0.00"/>
        <vehicle id="9" x="398.35" y="781.41" angle="0.00" type="DEFAULT_VEHTYPE" speed="13.43" pos="18.59" lane="2/4to2/3_0" slope="0.00"/>
    </timestep>
    <timestep time="145.00">
        <vehicle id="10" x="398.35" y="17.21" angle="0.00" type="DEFAULT_VEHTYPE" speed="13.42" pos="178.04" lane="2/1to2/0_0" slope="0.00"/>
        <vehicle id="12" x="796.63" y="201.65" angle="-101.53" type="DEFAULT_VEHTYPE" speed="12.63" pos="3.37" lane="4/1to3/1_0" slope="0.00"/>
        <vehicle id="13" x="772.80" y="198.35" angle="90.00" type="DEFAULT_VEHTYPE" speed="13.71" pos="168.05" lane="3/1to4/1_0" slope="0.00"/>
        <vehicle id="3" x="398.35" y="448.40" angle="0.00" type="DEFAULT_VEHTYPE" speed="13.35" pos="146.85" lane="2/3to2/2_0" slope="0.00"/>
        <vehicle id="4" x="203.38" y="198.15" angle="158.02" type="DEFAULT_VEHTYPE" speed="13.72" pos="3.62" lane=":1/1_8_0" slope="0.00"/>
        <vehicle id="5" x="601.65" y="391.35" angle="180.00" type="DEFAULT_VEHTYPE" speed="3.21" pos="186.60" lane="3/1to3/2_0" slope="0.00"/>
        <vehicle id="6" x="349.16" y="598.35" angle="90.00" type="DEFAULT_VEHTYPE" speed="12.84" pos="144.41" lane="1/3to2/3_0" slope="0.00"/>
        <vehicle id="7" x="201.65" y="297.79" angle="180.00" type="DEFAULT_VEHTYPE" speed="13.69" pos="93.04" lane="1/1to1/2_0" slope="0.00"/>
        <vehicle id="8" x="611.84" y="601.65" angle="-90.00" type="DEFAULT_VEHTYPE" speed="5.97" pos="188.16" lane="4/3to3/3_0" slope="0.00"/>
        <vehicle id="9" x="398.35" y="768.37" angle="0.00" type="DEFAULT_VEHTYPE" speed="13.04" pos="31.63" lane="2/4to2/3_0" slope="0.00"/>
    </timestep>
    <timestep time="146.00">
        <vehicle id="10" x="398.35" y="3.37" angle="0.00" type="DEFAULT_VEHTYPE" speed="13.84" pos="191.88" lane="2/1to2/0_0" slope="0.00"/>
        <vehicle id="12" x="783.36" y="201.65" angle="-90.00" type="DEFAULT_VEHTYPE" speed="13.27" pos="16.64" lane="4/1to3/1_0" slope="0.00"/>
        <vehicle id="13" x="785.77" y="198.35" angle="90.00" type="DEFAULT_VEHTYPE" speed="12.97" pos="181.02" lane="3/1to4/1_0" slope="0.00"/>
        <vehicle id="3" x="398.35" y="434.63" angle="0.00" type="DEFAULT_VEHTYPE" speed="13.77" pos="160.62" lane="2/3to2/2_0" slope="0.00"/>
        <vehicle id="4" x="215.99" y="198.35" angle="90.00" type="DEFAULT_VEHTYPE" speed="12.62" pos="11.24" lane="1/1to2/1_0" slope="0.00"/>
        <vehicle id="5" x="601.39" y="397.09" angle="-176.98" type="DEFAULT_VEHTYPE" speed="5.75" pos="1.86" lane=":3/2_10_0" slope="0.00"/>
        <vehicle id="6" x="362.52" y="598.35" angle="90.00" type="DEFAULT_VEHTYPE" speed="13.36" pos="157.77" lane="1/3to2/3_0" slope="0.00"/>
        <vehicle id="7" x="201.65" y="310.88" angle="180.00" type="DEFAULT_VEHTYPE" speed="13.09" pos="106.13" lane="1/1to1/2_0" slope="0.00"/>
        <vehicle id="8" x="608.57" y="601.65" angle="-90.00" type="DEFAULT_VEHTYPE" speed="3.26" pos="191.43" lane="4/3to3/3_0" slope="0.00"/>
        <vehicle id="9" x="398.35" y="754.97" angle="0.00" type="DEFAULT_VEHTYPE" speed="13.40" pos="45.03" lane="2/4to2/3_0" slope="0.00"/>
    </timestep>
    <timestep time="147.00">
        <vehicle id="10" x="401.65" y="5.32" angle="180.00" type="DEFAULT_VEHTYPE" speed="13.51" pos="5.32" lane="2/0to2/1_0" slope="0.00"/>
        <vehicle id="12" x="769.53" y="201.65" angle="-90.00" type="DEFAULT_VEHTYPE" speed="13.84" pos="30.47" lane="4/1to3/1_0" slope="0.00"/>
        <vehicle id="13" x="798.81" y="198.35" angle="90.00" type="DEFAULT_VEHTYPE" speed="13.05" pos="194.06" lane="3/1to4/1_0" slope="0.00"/>
        <vehicle id="3" x="398.35" y="421.60" angle="0.00" type="DEFAULT_VEHTYPE" speed="13.03" pos="173.65" lane="2/3to2/2_0" slope="0.00"/>
        <vehicle id="4" x="229.51" y="198.35" angle="90.00" type="DEFAULT_VEHTYPE" speed="13.52" pos="24.76" lane="1/1to2/1_0" slope="0.00"/>
        <vehicle id="5" x="596.45" y="401.48" angle="-119.42" type="DEFAULT_VEHTYPE" speed="7.25" pos="1.96" lane=":3/2_18_0" slope="0.00"/>
        <vehicle id="6" x="374.98" y="598.35" angle="90.00" type="DEFAULT_VEHTYPE" speed="12.46" pos="170.23" lane="1/3to2/3_0" slope="0.00"/>
        <vehicle id="7" x="201.65" y="324.39" angle="180.00" type="DEFAULT_VEHTYPE" speed="13.51" pos="119.64" lane="1/1to1/2_0" slope="0.00"/>
        <vehicle id="8" x="602.92" y="601.39" angle="-87.00" type="DEFAULT_VEHTYPE" speed="5.67" pos="1.84" lane=":3/3_6_0" slope="0.00"/>
        <vehicle id="9" x="398.35" y="741.94" angle="0.00" type="DEFAULT_VEHTYPE" speed="13.03" pos="58.06" lane="2/4to2/3_0" slope="0.00"/>
    </timestep>
    <timestep time="148.00">
        <vehicle id="10" x="401.65" y="18.51" angle="180.00" type="DEFAULT_VEHTYPE" speed="13.19" pos="18.51" lane="2/0to2/1_0" slope="0.00"/>
        <vehicle id="12" x="756.84" y="201.65" angle="-90.00" type="DEFAULT_VEHTYPE" speed="12.69" pos="43.16" lane="4/1to3/1_0" slope="0.00"/>
        <vehicle id="13" x="792.85" y="201.65" angle="-90.00" type="DEFAULT_VEHTYPE" speed="13.16" pos="7.15" lane="4/1to3/1_0" slope="0.00"/>
        <vehicle id="3" x="398.35" y="407.99" angle="0.00" type="DEFAULT_VEHTYPE" speed="13.62" pos="187.26" lane="2/3to2/2_0" slope="0.00"/>
        <vehicle id="4" x="242.60" y="198.35" angle="90.00" type="DEFAULT_VEHTYPE" speed="13.10" pos="37.85" lane="1/1to2/1_0" slope="0.00"/>
        <vehicle id="5" x="587.41" y="401.65" angle="-90.00" type="DEFAULT_VEHTYPE" speed="9.06" pos="7.84" lane="3/2to2/2_0" slope="0.00"/>
        <vehicle id="6" x="383.78" y="598.35" angle="90.00" type="DEFAULT_VEHTYPE" speed="8.80" pos="179.03" lane="1/3to2/3_0" slope="0.00"/>
        <vehicle id="7" x="201.65" y="338.25" angle="180.00" type="DEFAULT_VEHTYPE" speed="13.87" pos="133.50" lane="1/1to1/2_0" slope="0.00"/>
        <vehicle id="8" x="598.47" y="596.08" angle="-25.49" type="DEFAULT_VEHTYPE" speed="7.64" pos="9.49" lane=":3/3_6_0" slope="0.00"/>
        <vehicle id="9" x="398.35" y="728.33" angle="0.00" type="DEFAULT_VEHTYPE" speed="13.61" pos="71.67" lane="2/4to2/3_0" slope="0.00"/>
    </timestep>
    <timestep time="149.00">
        <vehicle id="10" x="401.65" y="32.40" angle="180.00" type="DEFAULT_VEHTYPE" speed="13.89" pos="32.40" lane="2/0to2/1_0" slope="0.00"/>
        <vehicle id="12" x="744.20" y="201.65" angle="-90.00" type="DEFAULT_VEHTYPE" speed="12.64" pos="55.80" lane="4/1to3/1_0" slope="0.00"/>
        <vehicle id="13" x="779.04" y="201.65" angle="-90.00" type="DEFAULT_VEHTYPE" speed="13.81" pos="20.96" lane="4/1to3/1_0" slope="0.00"/>
        <vehicle id="3" x="398.35" y="394.26" angle="0.00" type="DEFAULT_VEHTYPE" speed="13.72" pos="0.99" lane="2/2to2/1_0" slope="0.00"/>
        <vehicle id="4" x="256.42" y="198.35" angle="90.00" type="DEFAULT_VEHTYPE" speed="13.82" pos="51.67" lane="1/1to2/1_0" slope="0.00"/>
        <vehicle id="5" x="576.80" y="401.65" angle="-90.00" type="DEFAULT_VEHTYPE" speed="10.61" pos="18.45" lane="3/2to2/2_0" slope="0.00"/>
        <vehicle id="6" x="388.16" y="598.35" angle="90.00" type="DEFAULT_VEHTYPE" speed="4.39" pos="183.41" lane="1/3to2/3_0" slope="0.00"/>
        <vehicle id="7" x="201.65" y="351.82" angle="180.00" type="DEFAULT_VEHTYPE" speed="13.56" pos="147.07" lane="1/1to1/2_0" slope="0.00"/>
        <vehicle id="8" x="598.35" y="586.46" angle="0.00" type="DEFAULT_VEHTYPE" speed="9.63" pos="8.79" lane="3/3to3/2_0" slope="0.00"/>
        <vehicle id="9" x="398.35" y="714.47" angle="0.00" type="DEFAULT_VEHTYPE" speed="13.86" pos="85.53" lane="2/4to2/3_0" slope="0.00"/>
    </timestep>
    <timestep time="150.00">
        <vehicle id="10" x="401.65" y="46.20" angle="180.00" type="DEFAULT_VEHTYPE" speed="13.80" pos="46.20" lane="2/0to2/1_0" slope="0.00"/>
        <vehicle id="12" x="730.77" y="201.65" angle="-90.00" type="DEFAULT_VEHTYPE" speed="13.43" pos="69.23" lane="4/1to3/1_0" slope="0.00"/>
        <vehicle id="13" x="765.23" y="201.65" angle="-90.00" type="DEFAULT_VEHTYPE" speed="13.81" pos="34.77" lane="4/1to3/1_0" slope="0.00"/>
        <vehicle id="3" x="398.35" y="381.64" angle="0.00" type="DEFAULT_VEHTYPE" speed="12.62" pos="13.61" lane="2/2to2/1_0" slope="0.00"/>
        <vehicle id="4" x="269.13" y="198.35" angle="90.00" type="DEFAULT_VEHTYPE" speed="12.71" pos="64.38" lane="1/1to2/1_0" slope="0.00"/>
        <vehicle id="5" x="564.32" y="401.65" angle="-90.00" type="DEFAULT_VEHTYPE" speed="12.48" pos="30.93" lane="3/2to2/2_0" slope="0.00"/>
        <vehicle id="6" x="390.47" y="598.35" angle="90.00" type="DEFAULT_VEHTYPE" speed="2.31" pos="185.72" lane="1/3to2/3_0" slope="0.00"/>
        <vehicle id="7" x="201.65" y="364.87" angle="180.00" type="DEFAULT_VEHTYPE" speed="13.05" pos="160.12" lane="1/1to1/2_0" slope="0.00"/>
        <vehicle id="8" x="598.35" y="574.24" angle="0.00" type="DEFAULT_VEHTYPE" speed="12.21" pos="21.01" lane="3/3to3/2_0" slope="0.00"/>
        <vehicle id="9" x="398.35" y="701.56" angle="0.00" type="DEFAULT_VEHTYPE" speed="12.92" pos="98.44" lane="2/4to2/3_0" slope="0.00"/>
    </timestep>
    <timestep time="151.00">
        <vehicle id="10" x="401.65" y="59.21" angle="180.00" type="DEFAULT_VEHTYPE" speed="13.01" pos="59.21" lane="2/0to2/1_0" slope="0.00"/>
        <vehicle id="12" x="717.55" y="201.65" angle="-90.00" type="DEFAULT_VEHTYPE" speed="13.22" pos="82.45" lane="4/1to3/1_0" slope="0.00"/>
        <vehicle id="13" x="752.37" y="201.65" angle="-90.00" type="DEFAULT_VEHTYPE" speed="12.86" pos="47.63" lane="4/1to3/1_0" slope="0.00"/>
        <vehicle id="3" x="398.35" y="367.94" angle="0.00" type="DEFAULT_VEHTYPE" speed="13.70" pos="27.31" lane="2/2to2/1_0" slope="0.00"/>
        <vehicle id="4" x="282.61" y="198.35" angle="90.00" type="DEFAULT_VEHTYPE" speed="13.49" pos="77.86" lane="1/1to2/1_0" slope="0.00"/>
        <vehicle id="5" x="551.14" y="401.65" angle="-90.00" type="DEFAULT_VEHTYPE" speed="13.18" pos="44.11" lane="3/2to2/2_0" slope="0.00"/>
        <vehicle id="6" x="394.94" y="598.35" angle="90.00" type="DEFAULT_VEHTYPE" speed="4.47" pos="190.19" lane="1/3to2/3_0" slope="0.00"/>
        <vehicle id="7" x="201.65" y="377.89" angle="180.00" type="DEFAULT_VEHTYPE" speed="13.02" pos="173.14" lane="1/1to1/2_0" slope="0.00"/>
        <vehicle id="8" x="598.35" y="560.72" angle="0.00" type="DEFAULT_VEHTYPE" speed="13.53" pos="34.53" lane="3/3to3/2_0" slope="0.00"/>
        <vehicle id="9" x="398.35" y="688.65" angle="0.00" type="DEFAULT_VEHTYPE" speed="12.91" pos="111.35" lane="2/4to2/3_0" slope="0.00"/>
    </timestep>
    <timestep time="152.00">
        <vehicle id="10" x="401.65" y="73.10" angle="180.00" type="DEFAULT_VEHTYPE" speed="13.88" pos="73.10" lane="2/0to2/1_0" slope="0.00"/>
        <vehicle id="12" x="704.17" y="201.65" angle="-90.00" type="DEFAULT_VEHTYPE" speed="13.38" pos="95.83" lane="4/1to3/1_0" slope="0.00"/>
        <vehicle id="13" x="739.20" y="201.65" angle="-90.00" type="DEFAULT_VEHTYPE" speed="13.17" pos="60.80" lane="4/1to3/1_0" slope="0.00"/>
        <vehicle id="3" x="398.35" y="355.16" angle="0.00" type="DEFAULT_VEHTYPE" speed="12.78" pos="40.09" lane="2/2to2/1_0" slope="0.00"/>
        <vehicle id="4" x="295.69" y="198.35" angle="90.00" type="DEFAULT_VEHTYPE" speed="13.08" pos="90.94" lane="1/1to2/1_0" slope="0.00"/>
        <vehicle id="5" x="537.36" y="401.65" angle="-90.00" type="DEFAULT_VEHTYPE" speed="13.78" pos="57.89" lane="3/2to2/2_0" slope="0.00"/>
        <vehicle id="6" x="400.41" y="600.55" angle="115.73" type="DEFAULT_VEHTYPE" speed="6.17" pos="5.86" lane=":2/3_14_0" slope="0.00"/>
        <vehicle id="7" x="201.65" y="391.04" angle="180.00" type="DEFAULT_VEHTYPE" speed="13.15" pos="186.29" lane="1/1to1/2_0" slope="0.00"/>
        <vehicle id="8" x="598.35" y="547.67" angle="0.00" type="DEFAULT_VEHTYPE" speed="13.04" pos="47.58" lane="3/3to3/2_0" slope="0.00"/>
        <vehicle id="9" x="398.35" y="675.50" angle="0.00" type="DEFAULT_VEHTYPE" speed="13.15" pos="124.50" lane="2/4to2/3_0" slope="0.00"/>
    </timestep>
    <timestep time="153.00">
        <vehicle id="10" x="401.65" y="86.21" angle="180.00" type="DEFAULT_VEHTYPE" speed="13.11" pos="86.21" lane="2/0to2/1_0" slope="0.00"/>
        <vehicle id="12" x="691.57" y="201.65" angle="-90.00" type="DEFAULT_VEHTYPE" speed="12.60" pos="108.43" lane="4/1to3/1_0" slope="0.00"/>
        <vehicle id="13" x="726.50" y="201.65" angle="-90.00" type="DEFAULT_VEHTYPE" speed="12.70" pos="73.50" lane="4/1to3/1_0" slope="0.00"/>
        <vehicle id="3" x="398.35" y="342.32" angle="0.00" type="DEFAULT_VEHTYPE" speed="12.84" pos="52.93" lane="2/2to2/1_0" slope="0.00"/>
        <vehicle id="4" x="309.39" y="198.35" angle="90.00" type="DEFAULT_VEHTYPE" speed="13.70" pos="104.64" lane="1/1to2/1_0" slope="0.00"/>
        <vehicle id="5" x="524.66" y="401.65" angle="-90.00" type="DEFAULT_VEHTYPE" speed="12.70" pos="70.59" lane="3/2to2/2_0" slope="0.00"/>
        <vehicle id="6" x="401.65" y="608.46" angle="177.91" type="DEFAULT_VEHTYPE" speed="8.17" pos="3.71" lane="2/3to2/4_0" slope="0.00"/>
        <vehicle id="7" x="201.65" y="404.83" angle="180.00" type="DEFAULT_VEHTYPE" speed="13.80" pos="0.08" lane="1/2to1/3_0" slope="0.00"/>
        <vehicle id="8" x="598.35" y="534.50" angle="0.00" type="DEFAULT_VEHTYPE" speed="13.17" pos="60.75" lane="3/3to3/2_0" slope="0.00"/>
        <vehicle id="9" x="398.35" y="661.93" angle="0.00" type="DEFAULT_VEHTYPE" speed="13.57" pos="138.07" lane="2/4to2/3_0" slope="0.00"/>
    </timestep>
    <timestep time="154.00">
        <vehicle id="10" x="401.65" y="99.78" angle="180.00" type="DEFAULT_VEHTYPE" speed="13.57" pos="99.78" lane="2/0to2/1_0" slope="0.00"/>
        <vehicle id="12" x="677.88" y="201.65" angle="-90.00" type="DEFAULT_VEHTYPE" speed="13.68" pos="122.12" lane="4/1to3/1_0" slope="0.00"/>
        <vehicle id="13" x="713.13" y="201.65" angle="-90.00" type="DEFAULT_VEHTYPE" speed="13.38" pos="86.87" lane="4/1to3/1_0" slope="0.00"/>
        <vehicle id="3" x="398.35" y="329.25" angle="0.00" type="DEFAULT_VEHTYPE" speed="13.08" pos="66.00" lane="2/2to2/1_0" slope="0.00"/>
        <vehicle id="4" x="322.89" y="198.35" angle="90.00" type="DEFAULT_VEHTYPE" speed="13.50" pos="118.14" lane="1/1to2/1_0" slope="0.00"/>
        <vehicle id="5" x="511.87" y="401.65" angle="-90.00" type="DEFAULT_VEHTYPE" speed="12.79" pos="83.38" lane="3/2to2/2_0" slope="0.00"/>
        <vehicle id="6" x="401.65" y="618.32" angle="180.00" type="DEFAULT_VEHTYPE" speed="9.86" pos="13.57" lane="2/3to2/4_0" slope="0.00"/>
        <vehicle id="7" x="201.65" y="418.22" angle="180.00" type="DEFAULT_VEHTYPE" speed="13.39" pos="13.47" lane="1/2to1/3_0" slope="0.00"/>
        <vehicle id="8" x="598.35" y="520.80" angle="0.00" type="DEFAULT_VEHTYPE" speed="13.70" pos="74.45" lane="3/3to3/2_0" slope="0.00"/>
        <vehicle id="9" x="398.35" y="648.39" angle="0.00" type="DEFAULT_VEHTYPE" speed="13.54" pos="151.61" lane="2/4to2/3_0" slope="0.00"/>
    </timestep>
    <timestep time="155.00">
        <vehicle id="10" x="401.65" y="113.07" angle="180.00" type="DEFAULT_VEHTYPE" speed="13.30" pos="113.07" lane="2/0to2/1_0" slope="0.00"/>
        <vehicle id="12" x="664.56" y="201.65" angle="-90.00" type="DEFAULT_VEHTYPE" speed="13.32" pos="135.44" lane="4/1to3/1_0" slope="0.00"/>
        <vehicle id="13" x="699.73" y="201.65" angle="-90.00" type="DEFAULT_VEHTYPE" speed="13.40" pos="100.27" lane="4/1to3/1_0" slope="0.00"/>
        <vehicle id="3" x="398.35" y="315.92" angle="0.00" type="DEFAULT_VEHTYPE" speed="13.32" pos="79.33" lane="2/2to2/1_0" slope="0.00"/>
        <vehicle id="4" x="335.96" y="198.35" angle="90.00" type="DEFAULT_VEHTYPE" speed="13.07" pos="131.21" lane="1/1to2/1_0" slope="0.00"/>
        <vehicle id="5" x="498.14" y="401.65" angle="-90.00" type="DEFAULT_VEHTYPE" speed="13.74" pos="97.11" lane="3/2to2/2_0" slope="0.00"/>
        <vehicle id="6" x="401.65" y="630.57" angle="180.00" type="DEFAULT_VEHTYPE" speed="12.25" pos="25.82" lane="2/3to2/4_0" slope="0.00"/>
        <vehicle id="7" x="201.65" y="431.64" angle="180.00" type="DEFAULT_VEHTYPE" speed="13.42" pos="26.89" lane="1/2to1/3_0" slope="0.00"/>
        <vehicle id="8" x="598.35" y="508.02" angle="0.00" type="DEFAULT_VEHTYPE" speed="12.78" pos="87.23" lane="3/3to3/2_0" slope="0.00"/>
        <vehicle id="9" x="398.35" y="635.39" angle="0.00" type="DEFAULT_VEHTYPE" speed="13.00" pos="164.61" lane="2/4to2/3_0" slope="0.00"/>
    </timestep>
    <timestep time="156.00">
        <vehicle id="10" x="401.65" y="126.40" angle="180.00" type="DEFAULT_VEHTYPE" speed="13.33" pos="126.40" lane="2/0to2/1_0" slope="0.00"/>
        <vehicle id="12" x="651.61" y="201.65" angle="-90.00" type="DEFAULT_VEHTYPE" speed="12.95" pos="148.39" lane="4/1to3/1_0" slope="0.00"/>
        <vehicle id="13" x="686.69" y="201.65" angle="-90.00" type="DEFAULT_VEHTYPE" speed="13.04" pos="113.31" lane="4/1to3/1_0" slope="0.00"/>
        <vehicle id="3" x="398.35" y="302.37" angle="0.00" type="DEFAULT_VEHTYPE" speed="13.55" pos="92.88" lane="2/2to2/1_0" slope="0.00"/>
        <vehicle id="4" x="349.78" y="198.35" angle="90.00" type="DEFAULT_VEHTYPE" speed="13.82" pos="145.03" lane="1/1to2/1_0" slope="0.00"/>
        <vehicle id="5" x="484.80" y="401.65" angle="-90.00" type="DEFAULT_VEHTYPE" speed="13.33" pos="110.45" lane="3/2to2/2_0" slope="0.00"/>
        <vehicle id="6" x="401.65" y="643.44" angle="180.00" type="DEFAULT_VEHTYPE" speed="12.87" pos="38.69" lane="2/3to2/4_0" slope="0.00"/>
        <vehicle id="7" x="201.65" y="444.51" angle="180.00" type="DEFAULT_VEHTYPE" speed="12.87" pos="39.76" lane="1/2to1/3_0" slope="0.00"/>
        <vehicle id="8" x="598.35" y="495.14" angle="0.00" type="DEFAULT_VEHTYPE" speed="12.88" pos="100.11" lane="3/3to3/2_0" slope="0.00"/>
        <vehicle id="9" x="398.35" y="621.66" angle="0.00" type="DEFAULT_VEHTYPE" speed="13.73" pos="178.34" lane="2/4to2/3_0" slope="0.00"/>
    </timestep>
    <timestep time="157.00">
        <vehicle id="10" x="401.65" y="139.60" angle="180.00" type="DEFAULT_VEHTYPE" speed="13.20" pos="139.60" lane="2/0to2/1_0" slope="0.00"/>
        <vehicle id="12" x="638.39" y="201.65" angle="-90.00" type="DEFAULT_VEHTYPE" speed="13.22" pos="161.61" lane="4/1to3/1_0" slope="0.00"/>
        <vehicle id="13" x="672.79" y="201.65" angle="-90.00" type="DEFAULT_VEHTYPE" speed="13.89" pos="127.21" lane="4/1to3/1_0" slope="0.00"/>
        <vehicle id="3" x="398.35" y="289.41" angle="0.00" type="DEFAULT_VEHTYPE" speed="12.96" pos="105.84" lane="2/2to2/1_0" slope="0.00"/>
        <vehicle id="4" x="362.79" y="198.35" angle="90.00" type="DEFAULT_VEHTYPE" speed="13.01" pos="158.04" lane="1/1to2/1_0" slope="0.00"/>
        <vehicle id="5" x="471.81" y="401.65" angle="-90.00" type="DEFAULT_VEHTYPE" speed="12.99" pos="123.44" lane="3/2to2/2_0" slope="0.00"/>
        <vehicle id="6" x="401.65" y="657.26" angle="180.00" type="DEFAULT_VEHTYPE" speed="13.81" pos="52.51" lane="2/3to2/4_0" slope="0.00"/>
        <vehicle id="7" x="201.65" y="458.18" angle="180.00" type="DEFAULT_VEHTYPE" speed="13.67" pos="53.43" lane="1/2to1/3_0" slope="0.00"/>
        <vehicle id="8" x="598.35" y="481.91" angle="0.00" type="DEFAULT_VEHTYPE" speed="13.24" pos="113.34" lane="3/3to3/2_0" slope="0.00"/>
        <vehicle id="9" x="398.35" y="608.65" angle="0.00" type="DEFAULT_VEHTYPE" speed="13.01" pos="191.35" lane="2/4to2/3_0" slope="0.00"/>
    </timestep>
    <timestep time="158.00">
        <vehicle id="10" x="401.65" y="152.67" angle="180.00" type="DEFAULT_VEHTYPE" speed="13.06" pos="152.67" lane="2/0to2/1_0" slope="0.00"/>
        <vehicle id="12" x="625.63" y="201.65" angle="-90.00" type="DEFAULT_VEHTYPE" speed="12.76" pos="174.37" lane="4/1to3/1_0" slope="0.00"/>
        <vehicle id="13" x="660.18" y="201.65" angle="-90.00" type="DEFAULT_VEHTYPE" speed="12.61" pos="139.82" lane="4/1to3/1_0" slope="0.00"/>
        <vehicle id="3" x="398.35" y="275.66" angle="0.00" type="DEFAULT_VEHTYPE" speed="13.76" pos="119.59" lane="2/2to2/1_0" slope="0.00"/>
        <vehicle id="4" x="375.21" y="198.35" angle="90.00" type="DEFAULT_VEHTYPE" speed="12.42" pos="170.46" lane="1/1to2/1_0" slope="0.00"/>
        <vehicle id="5" x="458.18" y="401.65" angle="-90.00" type="DEFAULT_VEHTYPE" speed="13.64" pos="137.07" lane="3/2to2/2_0" slope="0.00"/>
        <vehicle id="6" x="401.65" y="670.74" angle="180.00" type="DEFAULT_VEHTYPE" speed="13.49" pos="65.99" lane="2/3to2/4_0" slope="0.00"/>
        <vehicle id="7" x="201.65" y="471.00" angle="180.00" type="DEFAULT_VEHTYPE" speed="12.82" pos="66.25" lane="1/2to1/3_0" slope="0.00"/>
        <vehicle id="8" x="598.35" y="468.52" angle="0.00" type="DEFAULT_VEHTYPE" speed="13.38" pos="126.73" lane="3/3to3/2_0" slope="0.00"/>
        <vehicle id="9" x="398.35" y="595.34" angle="0.00" type="DEFAULT_VEHTYPE" speed="13.31" pos="9.41" lane=":2/3_1_0" slope="0.00"/>
    </timestep>
    <timestep time="159.00">
        <vehicle id="10" x="401.65" y="165.89" angle="180.00" type="DEFAULT_VEHTYPE" speed="13.22" pos="165.89" lane="2/0to2/1_0" slope="0.00"/>
        <vehicle id="12" x="617.14" y="201.65" angle="-90.00" type="DEFAULT_VEHTYPE" speed="8.49" pos="182.86" lane="4/1to3/1_0" slope="0.00"/>
        <vehicle id="13" x="646.31" y="201.65" angle="-90.00" type="DEFAULT_VEHTYPE" speed="13.87" pos="153.69" lane="4/1to3/1_0" slope="0.00"/>
        <vehicle id="3" x="398.35" y="262.37" angle="0.00" type="DEFAULT_VEHTYPE" speed="13.28" pos="132.88" lane="2/2to2/1_0" slope="0.00"/>
        <vehicle id="4" x="384.06" y="198.35" angle="90.00" type="DEFAULT_VEHTYPE" speed="8.84" pos="179.31" lane="1/1to2/1_0" slope="0.00"/>
        <vehicle id="5" x="444.39" y="401.65" angle="-90.00" type="DEFAULT_VEHTYPE" speed="13.78" pos="150.86" lane="3/2to2/2_0" slope="0.00"/>
        <vehicle id="6" x="401.65" y="684.26" angle="180.00" type="DEFAULT_VEHTYPE" speed="13.52" pos="79.51" lane="2/3to2/4_0" slope="0.00"/>
        <vehicle id="7" x="201.65" y="483.85" angle="180.00" type="DEFAULT_VEHTYPE" speed="12.85" pos="79.10" lane="1/2to1/3_0" slope="0.00"/>
        <vehicle id="8" x="598.35" y="455.71" angle="0.00" type="DEFAULT_VEHTYPE" speed="12.81" pos="139.54" lane="3/3to3/2_0" slope="0.00"/>
        <vehicle id="9" x="398.35" y="581.93" angle="0.00" type="DEFAULT_VEHTYPE" speed="13.42" pos="13.32" lane="2/3to2/2_0" slope="0.00"/>
    </timestep>
    <timestep time="160.00">
        <vehicle id="10" x="401.65" y="178.50" angle="180.00" type="DEFAULT_VEHTYPE" speed="12.60" pos="178.50" lane="2/0to2/1_0" slope="0.00"/>
        <vehicle id="12" x="612.24" y="201.65" angle="-90.00" type="DEFAULT_VEHTYPE" speed="4.90" pos="187.76" lane="4/1to3/1_0" slope="0.00"/>
        <vehicle id="13" x="633.76" y="201.65" angle="-90.00" type="DEFAULT_VEHTYPE" speed="12.55" pos="166.24" lane="4/1to3/1_0" slope="0.00"/>
        <vehicle id="3" x="398.35" y="249.26" angle="0.00" type="DEFAULT_VEHTYPE" speed="13.11" pos="145.99" lane="2/2to2/1_0" slope="0.00"/>
        <vehicle id="4" x="388.80" y="198.35" angle="90.00" type="DEFAULT_VEHTYPE" speed="4.75" pos="184.05" lane="1/1to2/1_0" slope="0.00"/>
        <vehicle id="5" x="431.42" y="401.65" angle="-90.00" type="DEFAULT_VEHTYPE" speed="12.98" pos="163.83" lane="3/2to2/2_0" slope="0.00"/>
        <vehicle id="6" x="401.65" y="697.18" angle="180.00" type="DEFAULT_VEHTYPE" speed="12.92" pos="92.43" lane="2/3to2/4_0" slope="0.00"/>
        <vehicle id="7" x="201.65" y="496.82" angle="180.00" type="DEFAULT_VEHTYPE" speed="12.97" pos="92.07" lane="1/2to1/3_0" slope="0.00"/>
        <vehicle id="8" x="598.35" y="443.08" angle="0.00" type="DEFAULT_VEHTYPE" speed="12.63" pos="152.17" lane="3/3to3/2_0" slope="0.00"/>
        <vehicle id="9" x="398.35" y="568.49" angle="0.00" type="DEFAULT_VEHTYPE" speed="13.44" pos="26.76" lane="2/3to2/2_0" slope="0.00"/>
    </timestep>
    <timestep time="161.00">
        <vehicle id="10" x="401.65" y="192.09" angle="180.00" type="DEFAULT_VEHTYPE" speed="13.59" pos="192.09" lane="2/0to2/1_0" slope="0.00"/>
        <vehicle id="12" x="609.70" y="201.65" angle="-90.00" type="DEFAULT_VEHTYPE" speed="2.54" pos="190.30" lane="4/1to3/1_0" slope="0.00"/>
        <vehicle id="13" x="624.73" y="201.65" angle="-90.00" type="DEFAULT_VEHTYPE" speed="9.03" pos="175.27" lane="4/1to3/1_0" slope="0.00"/>
        <vehicle id="3" x="398.35" y="236.29" angle="0.00" type="DEFAULT_VEHTYPE" speed="12.97" pos="158.96" lane="2/2to2/1_0" slope="0.00"/>
        <vehicle id="4" x="391.11" y="198.35" angle="90.00" type="DEFAULT_VEHTYPE" speed="2.30" pos="186.36" lane="1/1to2/1_0" slope="0.00"/>
        <vehicle id="5" x="420.60" y="401.65" angle="-90.00" type="DEFAULT_VEHTYPE" speed="10.82" pos="174.65" lane="3/2to2/2_0" slope="0.00"/>
        <vehicle id="6" x="401.65" y="710.29" angle="180.00" type="DEFAULT_VEHTYPE" speed="13.11" pos="105.54" lane="2/3to2/4_0" slope="0.00"/>
        <vehicle id="7" x="201.65" y="509.96" angle="180.00" type="DEFAULT_VEHTYPE" speed="13.15" pos="105.21" lane="1/2to1/3_0" slope="0.00"/>
        <vehicle id="8" x="598.35" y="429.84" angle="0.00" type="DEFAULT_VEHTYPE" speed="13.24" pos="165.41" lane="3/3to3/2_0" slope="0.00"/>
        <vehicle id="9" x="398.35" y="554.92" angle="0.00" type="DEFAULT_VEHTYPE" speed="13.57" pos="40.33" lane="2/3to2/2_0" slope="0.00"/>
    </timestep>
    <timestep time="162.00">
        <vehicle id="10" x="409.87" y="198.35" angle="90.00" type="DEFAULT_VEHTYPE" speed="13.29" pos="5.12" lane="2/1to3/1_0" slope="0.00"/>
        <vehicle id="12" x="605.25" y="201.65" angle="-90.00" type="DEFAULT_VEHTYPE" speed="4.45" pos="194.75" lane="4/1to3/1_0" slope="0.00"/>
        <vehicle id="13" x="620.20" y="201.65" angle="-90.00" type="DEFAULT_VEHTYPE" speed="4.53" pos="179.80" lane="4/1to3/1_0" slope="0.00"/>
        <vehicle id="3" x="398.35" y="222.50" angle="0.00" type="DEFAULT_VEHTYPE" speed="13.80" pos="172.75" lane="2/2to2/1_0" slope="0.00"/>
        <vehicle id="4" x="391.91" y="198.35" angle="90.00" type="DEFAULT_VEHTYPE" speed="0.80" pos="187.16" lane="1/1to2/1_0" slope="0.00"/>
        <vehicle id="5" x="414.10" y="401.65" angle="-90.00" type="DEFAULT_VEHTYPE" speed="6.50" pos="181.15" lane="3/2to2/2_0" slope="0.00"/>
        <vehicle id="6" x="401.65" y="723.14" angle="180.00" type="DEFAULT_VEHTYPE" speed="12.84" pos="118.39" lane="2/3to2/4_0" slope="0.00"/>
        <vehicle id="7" x="201.65" y="522.63" angle="180.00" type="DEFAULT_VEHTYPE" speed="12.67" pos="117.88" lane="1/2to1/3_0" slope="0.00"/>
        <vehicle id="8" x="598.35" y="417.01" angle="0.00" type="DEFAULT_VEHTYPE" speed="12.83" pos="178.24" lane="3/3to3/2_0" slope="0.00"/>
        <vehicle id="9" x="398.35" y="541.75" angle="0.00" type="DEFAULT_VEHTYPE" speed="13.17" pos="53.50" lane="2/3to2/2_0" slope="0.00"/>
    </timestep>
    <timestep time="163.00">
        <vehicle id="10" x="423.25" y="198.35" angle="90.00" type="DEFAULT_VEHTYPE" speed="13.37" pos="18.50" lane="2/1to3/1_0" slope="0.00"/>
        <vehicle id="12" x="601.65" y="205.38" angle="-145.80" type="DEFAULT_VEHTYPE" speed="6.13" pos="0.63" lane="3/1to3/2_0" slope="0.00"/>
        <vehicle id="13" x="615.77" y="201.65" angle="-90.00" type="DEFAULT_VEHTYPE" speed="4.42" pos="184.23" lane="4/1to3/1_0" slope="0.00"/>
        <vehicle id="3" x="398.35" y="209.10" angle="0.00" type="DEFAULT_VEHTYPE" speed="13.40" pos="186.15" lane="2/2to2/1_0" slope="0.00"/>
        <vehicle id="4" x="392.41" y="198.35" angle="90.00" type="DEFAULT_VEHTYPE" speed="0.51" pos="187.66" lane="1/1to2/1_0" slope="0.00"/>
        <vehicle id="5" x="409.87" y="401.65" angle="-90.00" type="DEFAULT_VEHTYPE" speed="4.23" pos="185.38" lane="3/2to2/2_0" slope="0.00"/>
        <vehicle id="6" x="401.65" y="736.61" angle="180.00" type="DEFAULT_VEHTYPE" speed="13.47" pos="131.86" lane="2/3to2/4_0" slope="0.00"/>
        <vehicle id="7" x="201.65" y="536.49" angle="180.00" type="DEFAULT_VEHTYPE" speed="13.86" pos="131.74" lane="1/2to1/3_0" slope="0.00"/>
        <vehicle id="8" x="598.22" y="403.79" angle="-1.54" type="DEFAULT_VEHTYPE" speed="13.22" pos="0.97" lane=":3/2_0_0" slope="0.00"/>
        <vehicle id="9" x="398.35" y="528.60" angle="0.00" type="DEFAULT_VEHTYPE" speed="13.15" pos="66.65" lane="2/3to2/2_0" slope="0.00"/>
    </timestep>
    <timestep time="164.00">
        <vehicle id="10" x="436.44" y="198.35" angle="90.00" type="DEFAULT_VEHTYPE" speed="13.19" pos="31.69" lane="2/1to3/1_0" slope="0.00"/>
        <vehicle id="12" x="601.65" y="213.97" angle="180.00" type="DEFAULT_VEHTYPE" speed="8.59" pos="9.22" lane="3/1to3/2_0" slope="0.00"/>
        <vehicle id="13" x="611.73" y="201.65" angle="-90.00" type="DEFAULT_VEHTYPE" speed="4.05" pos="188.27" lane="4/1to3/1_0" slope="0.00"/>
        <vehicle id="3" x="391.43" y="201.65" angle="-88.12" type="DEFAULT_VEHTYPE" speed="13.17" pos="3.82" lane="2/1to1/1_0" slope="0.00"/>
        <vehicle id="4" x="394.73" y="198.35" angle="90.00" type="DEFAULT_VEHTYPE" speed="2.32" pos="189.98" lane="1/1to2/1_0" slope="0.00"/>
        <vehicle id="5" x="404.30" y="401.59" angle="-89.26" type="DEFAULT_VEHTYPE" speed="5.58" pos="0.46" lane=":2/2_6_0" slope="0.00"/>
        <vehicle id="6" x="401.65" y="750.34" angle="180.00" type="DEFAULT_VEHTYPE" speed="13.73" pos="145.59" lane="2/3to2/4_0" slope="0.00"/>
        <vehicle id="7" x="201.65" y="549.55" angle="180.00" type="DEFAULT_VEHTYPE" speed="13.07" pos="144.80" lane="1/2to1/3_0" slope="0.00"/>
        <vehicle id="8" x="585.49" y="401.65" angle="-90.00" type="DEFAULT_VEHTYPE" speed="13.79" pos="9.76" lane="3/2to2/2_0" slope="0.00"/>
        <vehicle id="9" x="398.35" y="514.83" angle="0.00" type="DEFAULT_VEHTYPE" speed="13.77" pos="80.42" lane="2/3to2/2_0" slope="0.00"/>
    </timestep>
    <timestep time="165.00">
        <vehicle id="10" x="449.91" y="198.35" angle="90.00" type="DEFAULT_VEHTYPE" speed="13.47" pos="45.16" lane="2/1to3/1_0" slope="0.00"/>
        <vehicle id="12" x="601.65" y="224.92" angle="180.00" type="DEFAULT_VEHTYPE" speed="10.95" pos="20.17" lane="3/1to3/2_0" slope="0.00"/>
        <vehicle id="13" x="606.32" y="201.65" angle="-90.00" type="DEFAULT_VEHTYPE" speed="5.40" pos="193.68" lane="4/1to3/1_0" slope="0.00"/>
        <vehicle id="3" x="378.48" y="201.65" angle="-90.00" type="DEFAULT_VEHTYPE" speed="12.95" pos="16.77" lane="2/1to1/1_0" slope="0.00"/>
        <vehicle id="4" x="398.98" y="198.35" angle="90.00" type="DEFAULT_VEHTYPE" speed="4.24" pos="3.73" lane=":2/1_13_0" slope="0.00"/>
        <vehicle id="5" x="398.81" y="398.15" angle="-48.56" type="DEFAULT_VEHTYPE" speed="6.92" pos="7.38" lane=":2/2_6_0" slope="0.00"/>
        <vehicle id="6" x="401.65" y="763.41" angle="180.00" type="DEFAULT_VEHTYPE" speed="13.06" pos="158.66" lane="2/3to2/4_0" slope="0.00"/>
        <vehicle id="7" x="201.65" y="562.79" angle="180.00" type="DEFAULT_VEHTYPE" speed="13.24" pos="158.04" lane="1/2to1/3_0" slope="0.00"/>
        <vehicle id="8" x="572.25" y="401.65" angle="-90.00" type="DEFAULT_VEHTYPE" speed="13.24" pos="23.00" lane="3/2to2/2_0" slope="0.00"/>
        <vehicle id="9" x="398.35" y="502.10" angle="0.00" type="DEFAULT_VEHTYPE" speed="12.73" pos="93.15" lane="2/3to2/2_0" slope="0.00"/>
    </timestep>
    <timestep time="166.00">
        <vehicle id="10" x="463.75" y="198.35" angle="90.00" type="DEFAULT_VEHTYPE" speed="13.85" pos="59.00" lane="2/1to3/1_0" slope="0.00"/>
        <vehicle id="12" x="601.65" y="238.04" angle="180.00" type="DEFAULT_VEHTYPE" speed="13.11" pos="33.29" lane="3/1to3/2_0" slope="0.00"/>
        <vehicle id="13" x="601.65" y="205.25" angle="-143.61" type="DEFAULT_VEHTYPE" speed="7.07" pos="0.50" lane="3/1to3/2_0" slope="0.00"/>
        <vehicle id="3" x="365.52" y="201.65" angle="-90.00" type="DEFAULT_VEHTYPE" speed="12.96" pos="29.73" lane="2/1to1/1_0" slope="0.00"/>
        <vehicle id="4" x="404.67" y="198.35" angle="90.00" type="DEFAULT_VEHTYPE" speed="5.69" pos="9.42" lane=":2/1_13_0" slope="0.00"/>
        <vehicle id="5" x="398.35" y="389.70" angle="0.00" type="DEFAULT_VEHTYPE" speed="8.49" pos="5.55" lane="2/2to2/1_0" slope="0.00"/>
        <vehicle id="6" x="401.65" y="777.27" angle="180.00" type="DEFAULT_VEHTYPE" speed="13.86" pos="172.52" lane="2/3to2/4_0" slope="0.00"/>
        <vehicle id="7" x="201.65" y="575.71" angle="180.00" type="DEFAULT_VEHTYPE" speed="12.92" pos="170.96" lane="1/2to1/3_0" slope="0.00"/>
        <vehicle id="8" x="559.22" y="401.65" angle="-90.00" type="DEFAULT_VEHTYPE" speed="13.03" pos="36.03" lane="3/2to2/2_0" slope="0.00"/>
        <vehicle id="9" x="398.35" y="488.73" angle="0.00" type="DEFAULT_VEHTYPE" speed="13.37" pos="106.52" lane="2/3to2/2_0" slope="0.00"/>
    </timestep>
    <timestep time="167.00">
        <vehicle id="10" x="477.24" y="198.35" angle="90.00" type="DEFAULT_VEHTYPE" speed="13.49" pos="72.49" lane="2/1to3/1_0" slope="0.00"/>
        <vehicle id="12" x="601.65" y="251.36" angle="180.00" type="DEFAULT_VEHTYPE" speed="13.33" pos="46.61" lane="3/1to3/2_0" slope="0.00"/>
        <vehicle id="13" x="601.65" y="214.07" angle="180.00" type="DEFAULT_VEHTYPE" speed="8.82" pos="9.32" lane="3/1to3/2_0" slope="0.00"/>
        <vehicle id="3" x="351.75" y="201.65" angle="-90.00" type="DEFAULT_VEHTYPE" speed="13.77" pos="43.50" lane="2/1to1/1_0" slope="0.00"/>
        <vehicle id="4" x="412.58" y="198.35" angle="90.00" type="DEFAULT_VEHTYPE" speed="7.92" pos="7.83" lane="2/1to3/1_0" slope="0.00"/>
        <vehicle id="5" x="398.35" y="379.22" angle="0.00" type="DEFAULT_VEHTYPE" speed="10.47" pos="16.03" lane="2/2to2/1_0" slope="0.00"/>
        <vehicle id="6" x="401.65" y="789.98" angle="180.00" type="DEFAULT_VEHTYPE" speed="12.71" pos="185.23" lane="2/3to2/4_0" slope="0.00"/>
        <vehicle id="7" x="201.65" y="588.45" angle="180.00" type="DEFAULT_VEHTYPE" speed="12.74" pos="183.70" lane="1/2to1/3_0" slope="0.00"/>
        <vehicle id="8" x="546.32" y="401.65" angle="-90.00" type="DEFAULT_VEHTYPE" speed="12.90" pos="48.93" lane="3/2to2/2_0" slope="0.00"/>
        <vehicle id="9" x="398.35" y="475.39" angle="0.00" type="DEFAULT_VEHTYPE" speed="13.34" pos="119.86" lane="2/3to2/2_0" slope="0.00"/>
    </timestep>
    <timestep time="168.00">
        <vehicle id="10" x="490.12" y="198.35" angle="90.00" type="DEFAULT_VEHTYPE" speed="12.87" pos="85.37" lane="2/1to3/1_0" slope="0.00"/>
        <vehicle id="12" x="601.65" y="264.68" angle="180.00" type="DEFAULT_VEHTYPE" speed="13.31" pos="59.93" lane="3/1to3/2_0" slope="0.00"/>
        <vehicle id="13" x="601.65" y="225.45" angle="180.00" type="DEFAULT_VEHTYPE" speed="11.38" pos="20.70" lane="3/1to3/2_0" slope="0.00"/>
        <vehicle id="3" x="338.30" y="201.65" angle="-90.00" type="DEFAULT_VEHTYPE" speed="13.45" pos="56.95" lane="2/1to1/1_0" slope="0.00"/>
        <vehicle id="4" x="422.29" y="198.35" angle="90.00" type="DEFAULT_VEHTYPE" speed="9.70" pos="17.54" lane="2/1to3/1_0" slope="0.00"/>
        <vehicle id="5" x="398.35" y="367.16" angle="0.00" type="DEFAULT_VEHTYPE" speed="12.07" pos="28.09" lane="2/2to2/1_0" slope="0.00"/>
        <vehicle id="6" x="399.08" y="801.10" angle="-135.30" type="DEFAULT_VEHTYPE" speed="13.52" pos="3.50" lane=":2/4_0_0" slope="0.00"/>
        <vehicle id="7" x="206.83" y="598.35" angle="103.82" type="DEFAULT_VEHTYPE" speed="13.88" pos="2.08" lane="1/3to2/3_0" slope="0.00"/>
        <vehicle id="8" x="532.52" y="401.65" angle="-90.00" type="DEFAULT_VEHTYPE" speed="13.80" pos="62.73" lane="3/2to2/2_0" slope="0.00"/>
        <vehicle id="9" x="398.35" y="461.81" angle="0.00" type="DEFAULT_VEHTYPE" speed="13.58" pos="133.44" lane="2/3to2/2_0" slope="0.00"/>
    </timestep>
    <timestep time="169.00">
        <vehicle id="10" x="503.69" y="198.35" angle="90.00" type="DEFAULT_VEHTYPE" speed="13.57" pos="98.94" lane="2/1to3/1_0" slope="0.00"/>
        <vehicle id="12" x="601.65" y="278.29" angle="180.00" type="DEFAULT_VEHTYPE" speed="13.61" pos="73.54" lane="3/1to3/2_0" slope="0.00"/>
        <vehicle id="13" x="601.65" y="239.18" angle="180.00" type="DEFAULT_VEHTYPE" speed="13.73" pos="34.43" lane="3/1to3/2_0" slope="0.00"/>
        <vehicle id="3" x="325.31" y="201.65" angle="-90.00" type="DEFAULT_VEHTYPE" speed="13.00" pos="69.94" lane="2/1to1/1_0" slope="0.00"/>
        <vehicle id="4" x="433.32" y="198.35" angle="90.00" type="DEFAULT_VEHTYPE" speed="11.04" pos="28.57" lane="2/1to3/1_0" slope="0.00"/>
        <vehicle id="5" x="398.35" y="354.22" angle="0.00" type="DEFAULT_VEHTYPE" speed="12.94" pos="41.03" lane="2/2to2/1_0" slope="0.00"/>
        <vehicle id="6" x="398.35" y="787.61" angle="0.00" type="DEFAULT_VEHTYPE" speed="13.71" pos="12.39" lane="2/4to2/3_0" slope="0.00"/>
        <vehicle id="7" x="220.50" y="598.35" angle="90.00" type="DEFAULT_VEHTYPE" speed="13.67" pos="15.75" lane="1/3to2/3_0" slope="0.00"/>
        <vehicle id="8" x="519.08" y="401.65" angle="-90.00" type="DEFAULT_VEHTYPE" speed="13.44" pos="76.17" lane="3/2to2/2_0" slope="0.00"/>
        <vehicle id="9" x="398.35" y="448.76" angle="0.00" type="DEFAULT_VEHTYPE" speed="13.04" pos="146.49" lane="2/3to2/2_0" slope="0.00"/>
    </timestep>
    <timestep time="170.00">
        <vehicle id="10" x="517.45" y="198.35" angle="90.00" type="DEFAULT_VEHTYPE" speed="13.76" pos="112.70" lane="2/1to3/1_0" slope="0.00"/>
        <vehicle id="12" x="601.65" y="290.95" angle="180.00" type="DEFAULT_VEHTYPE" speed="12.66" pos="86.20" lane="3/1to3/2_0" slope="0.00"/>
        <vehicle id="13" x="601.65" y="252.81" angle="180.00" type="DEFAULT_VEHTYPE" speed="13.63" pos="48.06" lane="3/1to3/2_0" slope="0.00"/>
        <vehicle id="3" x="312.19" y="201.65" angle="-90.00" type="DEFAULT_VEHTYPE" speed="13.11" pos="83.06" lane="2/1to1/1_0" slope="0.00"/>
        <vehicle id="4" x="446.07" y="198.35" angle="90.00" type="DEFAULT_VEHTYPE" speed="12.75" pos="41.32" lane="2/1to3/1_0" slope="0.00"/>
        <vehicle id="5" x="398.35" y="340.39" angle="0.00" type="DEFAULT_VEHTYPE" speed="13.83" pos="54.86" lane="2/2to2/1_0" slope="0.00"/>
        <vehicle id="6" x="398.35" y="774.72" angle="0.00" type="DEFAULT_VEHTYPE" speed="12.89" pos="25.28" lane="2/4to2/3_0" slope="0.00"/>
        <vehicle id="7" x="234.01" y="598.35" angle="90.00" type="DEFAULT_VEHTYPE" speed="13.51" pos="29.26" lane="1/3to2/3_0" slope="0.00"/>
        <vehicle id="8" x="505.18" y="401.65" angle="-90.00" type="DEFAULT_VEHTYPE" speed="13.90" pos="90.07" lane="3/2to2/2_0" slope="0.00"/>
        <vehicle id="9" x="398.35" y="435.52" angle="0.00" type="DEFAULT_VEHTYPE" speed="13.24" pos="159.73" lane="2/3to2/2_0" slope="0.00"/>
    </timestep>
    <timestep time="171.00">
        <vehicle id="10" x="530.54" y="198.35" angle="90.00" type="DEFAULT_VEHTYPE" speed="13.09" pos="125.79" lane="2/1to3/1_0" slope="0.00"/>
        <vehicle id="12" x="601.65" y="304.51" angle="180.00" type="DEFAULT_VEHTYPE" speed="13.57" pos="99.76" lane="3/1to3/2_0" slope="0.00"/>
        <vehicle id="13" x="601.65" y="266.48" angle="180.00" type="DEFAULT_VEHTYPE" speed="13.67" pos="61.73" lane="3/1to3/2_0" slope="0.00"/>
        <vehicle id="3" x="299.49" y="201.65" angle="-90.00" type="DEFAULT_VEHTYPE" speed="12.70" pos="95.76" lane="2/1to1/1_0" slope="0.00"/>
        <vehicle id="4" x="459.40" y="198.35" angle="90.00" type="DEFAULT_VEHTYPE" speed="13.33" pos="54.65" lane="2/1to3/1_0" slope="0.00"/>
        <vehicle id="5" x="398.35" y="327.70" angle="0.00" type="DEFAULT_VEHTYPE" speed="12.69" pos="67.55" lane="2/2to2/1_0" slope="0.00"/>
        <vehicle id="6" x="398.35" y="761.49" angle="0.00" type="DEFAULT_VEHTYPE" speed="13.24" pos="38.51" lane="2/4to2/3_0" slope="0.00"/>
        <vehicle id="7" x="247.00" y="598.35" angle="90.00" type="DEFAULT_VEHTYPE" speed="12.99" pos="42.25" lane="1/3to2/3_0" slope="0.00"/>
        <vehicle id="8" x="492.35" y="401.65" angle="-90.00" type="DEFAULT_VEHTYPE" speed="12.83" pos="102.90" lane="3/2to2/2_0" slope="0.00"/>
        <vehicle id="9" x="398.35" y="422.87" angle="0.00" type="DEFAULT_VEHTYPE" speed="12.66" pos="172.38" lane="2/3to2/2_0" slope="0.00"/>
    </timestep>
    <timestep time="172.00">
        <vehicle id="10" x="543.62" y="198.35" angle="90.00" type="DEFAULT_VEHTYPE" speed="13.08" pos="138.87" lane="2/1to3/1_0" slope="0.00"/>
        <vehicle id="12" x="601.65" y="318.19" angle="180.00" type="DEFAULT_VEHTYPE" speed="13.67" pos="113.44" lane="3/1to3/2_0" slope="0.00"/>
        <vehicle id="13" x="601.65" y="279.47" angle="180.00" type="DEFAULT_VEHTYPE" speed="12.99" pos="74.72" lane="3/1to3/2_0" slope="0.00"/>
        <vehicle id="3" x="286.53" y="201.65" angle="-90.00" type="DEFAULT_VEHTYPE" speed="12.97" pos="108.72" lane="2/1to1/1_0" slope="0.00"/>
        <vehicle id="4" x="473.24" y="198.35" angle="90.00" type="DEFAULT_VEHTYPE" speed="13.83" pos="68.49" lane="2/1to3/1_0" slope="0.00"/>
        <vehicle id="5" x="398.35" y="314.44" angle="0.00" type="DEFAULT_VEHTYPE" speed="13.26" pos="80.81" lane="2/2to2/1_0" slope="0.00"/>
        <vehicle id="6" x="398.35" y="748.79" angle="0.00" type="DEFAULT_VEHTYPE" speed="12.70" pos="51.21" lane="2/4to2/3_0" slope="0.00"/>
        <vehicle id="7" x="260.01" y="598.35" angle="90.00" type="DEFAULT_VEHTYPE" speed="13.01" pos="55.26" lane="1/3to2/3_0" slope="0.00"/>
        <vehicle id="8" x="479.31" y="401.65" angle="-90.00" type="DEFAULT_VEHTYPE" speed="13.04" pos="115.94" lane="3/2to2/2_0" slope="0.00"/>
        <vehicle id="9" x="398.35" y="410.20" angle="0.00" type="DEFAULT_VEHTYPE" speed="12.67" pos="185.05" lane="2/3to2/2_0" slope="0.00"/>
    </timestep>
    <timestep time="173.00">
        <vehicle id="10" x="556.99" y="198.35" angle="90.00" type="DEFAULT_VEHTYPE" speed="13.37" pos="152.24" lane="2/1to3/1_0" slope="0.00"/>
        <vehicle id="12" x="601.65" y="331.54" angle="180.00" type="DEFAULT_VEHTYPE" speed="13.36" pos="126.79" lane="3/1to3/2_0" slope="0.00"/>
        <vehicle id="13" x="601.65" y="293.31" angle="180.00" type="DEFAULT_VEHTYPE" speed="13.84" pos="88.56" lane="3/1to3/2_0" slope="0.00"/>
        <vehicle id="3" x="273.42" y="201.65" angle="-90.00" type="DEFAULT_VEHTYPE" speed="13.11" pos="121.83" lane="2/1to1/1_0" slope="0.00"/>
        <vehicle id="4" x="485.90" y="198.35" angle="90.00" type="DEFAULT_VEHTYPE" speed="12.66" pos="81.15" lane="2/1to3/1_0" slope="0.00"/>
        <vehicle id="5" x="398.35" y="301.50" angle="0.00" type="DEFAULT_VEHTYPE" speed="12.94" pos="93.75" lane="2/2to2/1_0" slope="0.00"/>
        <vehicle id="6" x="398.35" y="735.58" angle="0.00" type="DEFAULT_VEHTYPE" speed="13.20" pos="64.42" lane="2/4to2/3_0" slope="0.00"/>
        <vehicle id="7" x="273.43" y="598.35" angle="90.00" type="DEFAULT_VEHTYPE" speed="13.42" pos="68.68" lane="1/3to2/3_0" slope="0.00"/>
        <vehicle id="8" x="466.56" y="401.65" angle="-90.00" type="DEFAULT_VEHTYPE" speed="12.75" pos="128.69" lane="3/2to2/2_0" slope="0.00"/>
        <vehicle id="9" x="398.35" y="397.20" angle="0.00" type="DEFAULT_VEHTYPE" speed="13.00" pos="7.55" lane=":2/2_1_0" slope="0.00"/>
    </timestep>
    <timestep time="174.00">
        <vehicle id="10" x="570.76" y="198.35" angle="90.00" type="DEFAULT_VEHTYPE" speed="13.77" pos="166.01" lane="2/1to3/1_0" slope="0.00"/>
        <vehicle id="12" x="601.65" y="345.05" angle="180.00" type="DEFAULT_VEHTYPE" speed="13.51" pos="140.30" lane="3/1to3/2_0" slope="0.00"/>
        <vehicle id="13" x="601.65" y="306.24" angle="180.00" type="DEFAULT_VEHTYPE" speed="12.93" pos="101.49" lane="3/1to3/2_0" slope="0.00"/>
        <vehicle id="3" x="260.57" y="201.65" angle="-90.00" type="DEFAULT_VEHTYPE" speed="12.85" pos="134.68" lane="2/1to1/1_0" slope="0.00"/>
        <vehicle id="4" x="499.72" y="198.35" angle="90.00" type="DEFAULT_VEHTYPE" speed="13.82" pos="94.97" lane="2/1to3/1_0" slope="0.00"/>
        <vehicle id="5" x="398.35" y="288.44" angle="0.00" type="DEFAULT_VEHTYPE" speed="13.06" pos="106.81" lane="2/2to2/1_0" slope="0.00"/>
        <vehicle id="6" x="398.35" y="721.84" angle="0.00" type="DEFAULT_VEHTYPE" speed="13.75" pos="78.16" lane="2/4to2/3_0" slope="0.00"/>
        <vehicle id="7" x="287.25" y="598.35" angle="90.00" type="DEFAULT_VEHTYPE" speed="13.82" pos="82.50" lane="1/3to2/3_0" slope="0.00"/>
        <vehicle id="8" x="452.71" y="401.65" angle="-90.00" type="DEFAULT_VEHTYPE" speed="13.85" pos="142.54" lane="3/2to2/2_0" slope="0.00"/>
        <vehicle id="9" x="398.35" y="383.65" angle="0.00" type="DEFAULT_VEHTYPE" speed="13.55" pos="11.60" lane="2/2to2/1_0" slope="0.00"/>
    </timestep>
    <timestep time="175.00">
        <vehicle id="10" x="580.03" y="198.35" angle="90.00" type="DEFAULT_VEHTYPE" speed="9.27" pos="175.28" lane="2/1to3/1_0" slope="0.00"/>
        <vehicle id="12" x="601.65" y="358.60" angle="180.00" type="DEFAULT_VEHTYPE" speed="13.55" pos="153.85" lane="3/1to3/2_0" slope="0.00"/>
        <vehicle id="13" x="601.65" y="319.38" angle="180.00" type="DEFAULT_VEHTYPE" speed="13.14" pos="114.63" lane="3/1to3/2_0" slope="0.00"/>
        <vehicle id="3" x="247.17" y="201.65" angle="-90.00" type="DEFAULT_VEHTYPE" speed="13.40" pos="148.08" lane="2/1to1/1_0" slope="0.00"/>
        <vehicle id="4" x="512.73" y="198.35" angle="90.00" type="DEFAULT_VEHTYPE" speed="13.01" pos="107.98" lane="2/1to3/1_0" slope="0.00"/>
        <vehicle id="5" x="398.35" y="274.62" angle="0.00" type="DEFAULT_VEHTYPE" speed="13.82" pos="120.63" lane="2/2to2/1_0" slope="0.00"/>
        <vehicle id="6" x="398.35" y="709.00" angle="0.00" type="DEFAULT_VEHTYPE" speed="12.84" pos="91.00" lane="2/4to2/3_0" slope="0.00"/>
        <vehicle id="7" x="301.11" y="598.35" angle="90.00" type="DEFAULT_VEHTYPE" speed="13.86" pos="96.36" lane="1/3to2/3_0" slope="0.00"/>
        <vehicle id="8" x="439.84" y="401.65" angle="-90.00" type="DEFAULT_VEHTYPE" speed="12.87" pos="155.41" lane="3/2to2/2_0" slope="0.00"/>
        <vehicle id="9" x="398.35" y="370.43" angle="0.00" type="DEFAULT_VEHTYPE" speed="13.22" pos="24.82" lane="2/2to2/1_0" slope="0.00"/>
    </timestep>
    <timestep time="176.00">
        <vehicle id="10" x="586.05" y="198.35" angle="90.00" type="DEFAULT_VEHTYPE" speed="6.02" pos="181.30" lane="2/1to3/1_0" slope="0.00"/>
        <vehicle id="12" x="601.65" y="371.69" angle="180.00" type="DEFAULT_VEHTYPE" speed="13.09" pos="166.94" lane="3/1to3/2_0" slope="0.00"/>
        <vehicle id="13" x="601.65" y="333.07" angle="180.00" type="DEFAULT_VEHTYPE" speed="13.69" pos="128.32" lane="3/1to3/2_0" slope="0.00"/>
        <vehicle id="3" x="233.89" y="201.65" angle="-90.00" type="DEFAULT_VEHTYPE" speed="13.28" pos="161.36" lane="2/1to1/1_0" slope="0.00"/>
        <vehicle id="4" x="526.43" y="198.35" angle="90.00" type="DEFAULT_VEHTYPE" speed="13.70" pos="121.68" lane="2/1to3/1_0" slope="0.00"/>
        <vehicle id="5" x="398.35" y="261.48" angle="0.00" type="DEFAULT_VEHTYPE" speed="13.14" pos="133.77" lane="2/2to2/1_0" slope="0.00"/>
        <vehicle id="6" x="398.35" y="695.75" angle="0.00" type="DEFAULT_VEHTYPE" speed="13.24" pos="104.25" lane="2/4to2/3_0" slope="0.00"/>
        <vehicle id="7" x="314.62" y="598.35" angle="90.00" type="DEFAULT_VEHTYPE" speed="13.51" pos="109.87" lane="1/3to2/3_0" slope="0.00"/>
        <vehicle id="8" x="427.07" y="401.65" angle="-90.00" type="DEFAULT_VEHTYPE" speed="12.78" pos="168.18" lane="3/2to2/2_0" slope="0.00"/>
        <vehicle id="9" x="398.35" y="357.74" angle="0.00" type="DEFAULT_VEHTYPE" speed="12.68" pos="37.51" lane="2/2to2/1_0" slope="0.00"/>
    </timestep>
    <timestep time="177.00">
        <vehicle id="10" x="590.01" y="198.35" angle="90.00" type="DEFAULT_VEHTYPE" speed="3.96" pos="185.26" lane="2/1to3/1_0" slope="0.00"/>
        <vehicle id="12" x="601.65" y="381.40" angle="180.00" type="DEFAULT_VEHTYPE" speed="9.71" pos="176.65" lane="3/1to3/2_0" slope="0.00"/>
        <vehicle id="13" x="601.65" y="346.38" angle="180.00" type="DEFAULT_VEHTYPE" speed="13.30" pos="141.63" lane="3/1to3/2_0" slope="0.00"/>
        <vehicle id="3" x="223.10" y="201.65" angle="-90.00" type="DEFAULT_VEHTYPE" speed="10.78" pos="172.15" lane="2/1to1/1_0" slope="0.00"/>
        <vehicle id="4" x="539.15" y="198.35" angle="90.00" type="DEFAULT_VEHTYPE" speed="12.72" pos="134.40" lane="2/1to3/1_0" slope="0.00"/>
        <vehicle id="5" x="398.35" y="248.15" angle="0.00" type="DEFAULT_VEHTYPE" speed="13.34" pos="147.10" lane="2/2to2/1_0" slope="0.00"/>
        <vehicle id="6" x="398.35" y="682.81" angle="0.00" type="DEFAULT_VEHTYPE" speed="12.94" pos="117.19" lane="2/4to2/3_0" slope="0.00"/>
        <vehicle id="7" x="327.91" y="598.35" angle="90.00" type="DEFAULT_VEHTYPE" speed="13.29" pos="123.16" lane="1/3to2/3_0" slope="0.00"/>
        <vehicle id="8" x="418.21" y="401.65" angle="-90.00" type="DEFAULT_VEHTYPE" speed="8.86" pos="177.04" lane="3/2to2/2_0" slope="0.00"/>
        <vehicle id="9" x="398.35" y="344.84" angle="0.00" type="DEFAULT_VEHTYPE" speed="12.90" pos="50.41" lane="2/2to2/1_0" slope="0.00"/>
    </timestep>
    <timestep time="178.00">
        <vehicle id="10" x="596.50" y="198.35" angle="90.00" type="DEFAULT_VEHTYPE" speed="6.50" pos="1.25" lane=":3/1_13_0" slope="0.00"/>
        <vehicle id="12" x="601.65" y="387.38" angle="180.00" type="DEFAULT_VEHTYPE" speed="5.97" pos="182.63" lane="3/1to3/2_0" slope="0.00"/>
        <vehicle id="13" x="601.65" y="359.81" angle="180.00" type="DEFAULT_VEHTYPE" speed="13.44" pos="155.06" lane="3/1to3/2_0" slope="0.00"/>
        <vehicle id="3" x="215.06" y="201.65" angle="-90.00" type="DEFAULT_VEHTYPE" speed="8.04" pos="180.19" lane="2/1to1/1_0" slope="0.00"/>
        <vehicle id="4" x="551.89" y="198.35" angle="90.00" type="DEFAULT_VEHTYPE" speed="12.74" pos="147.14" lane="2/1to3/1_0" slope="0.00"/>
        <vehicle id="5" x="398.35" y="234.69" angle="0.00" type="DEFAULT_VEHTYPE" speed="13.46" pos="160.56" lane="2/2to2/1_0" slope="0.00"/>
        <vehicle id="6" x="398.35" y="669.94" angle="0.00" type="DEFAULT_VEHTYPE" speed="12.88" pos="130.06" lane="2/4to2/3_0" slope="0.00"/>
        <vehicle id="7" x="340.64" y="598.35" angle="90.00" type="DEFAULT_VEHTYPE" speed="12.73" pos="135.89" lane="1/3to2/3_0" slope="0.00"/>
        <vehicle id="8" x="412.45" y="401.65" angle="-90.00" type="DEFAULT_VEHTYPE" speed="5.76" pos="182.80" lane="3/2to2/2_0" slope="0.00"/>
        <vehicle id="9" x="398.35" y="332.14" angle="0.00" type="DEFAULT_VEHTYPE" speed="12.70" pos="63.11" lane="2/2to2/1_0" slope="0.00"/>
    </timestep>
    <timestep time="179.00">
        <vehicle id="10" x="605.28" y="198.35" angle="90.00" type="DEFAULT_VEHTYPE" speed="8.78" pos="0.53" lane="3/1to4/1_0" slope="0.00"/>
        <vehicle id="12" x="601.65" y="391.09" angle="180.00" type="DEFAULT_VEHTYPE" speed="3.72" pos="186.34" lane="3/1to3/2_0" slope="0.00"/>
        <vehicle id="13" x="601.65" y="370.81" angle="180.00" type="DEFAULT_VEHTYPE" speed="11.00" pos="166.06" lane="3/1to3/2_0" slope="0.00"/>
        <vehicle id="3" x="210.17" y="201.65" angle="-90.00" type="DEFAULT_VEHTYPE" speed="4.89" pos="185.08" lane="2/1to1/1_0" slope="0.00"/>
        <vehicle id="4" x="565.60" y="198.35" angle="90.00" type="DEFAULT_VEHTYPE" speed="13.72" pos="160.85" lane="2/1to3/1_0" slope="0.00"/>
        <vehicle id="5" x="398.35" y="222.00" angle="0.00" type="DEFAULT_VEHTYPE" speed="12.69" pos="173.25" lane="2/2to2/1_0" slope="0.00"/>
        <vehicle id="6" x="398.35" y="656.54" angle="0.00" type="DEFAULT_VEHTYPE" speed="13.40" pos="143.46" lane="2/4to2/3_0" slope="0.00"/>
        <vehicle id="7" x="353.92" y="598.35" angle="90.00" type="DEFAULT_VEHTYPE" speed="13.28" pos="149.17" lane="1/3to2/3_0" slope="0.00"/>
        <vehicle id="8" x="409.06" y="401.65" angle="-90.00" type="DEFAULT_VEHTYPE" speed="3.39" pos="186.19" lane="3/2to2/2_0" slope="0.00"/>
        <vehicle id="9" x="398.35" y="318.97" angle="0.00" type="DEFAULT_VEHTYPE" speed="13.17" pos="76.28" lane="2/2to2/1_0" slope="0.00"/>
    </timestep>
    <timestep time="180.00">
        <vehicle id="10" x="616.62" y="198.35" angle="90.00" type="DEFAULT_VEHTYPE" speed="11.34" pos="11.87" lane="3/1to4/1_0" slope="0.00"/>
        <vehicle id="12" x="601.48" y="396.47" angle="-178.00" type="DEFAULT_VEHTYPE" speed="5.39" pos="1.23" lane=":3/2_10_0" slope="0.00"/>
        <vehicle id="13" x="601.65" y="377.31" angle="180.00" type="DEFAULT_VEHTYPE" speed="6.50" pos="172.56" lane="3/1to3/2_0" slope="0.00"/>
        <vehicle id="3" x="202.83" y="202.18" angle="-96.18" type="DEFAULT_VEHTYPE" speed="7.45" pos="2.03" lane=":1/1_4_0" slope="0.00"/>
        <vehicle id="4" x="576.95" y="198.35" angle="90.00" type="DEFAULT_VEHTYPE" speed="11.34" pos="172.20" lane="2/1to3/1_0" slope="0.00"/>
        <vehicle id="5" x="398.35" y="208.65" angle="0.00" type="DEFAULT_VEHTYPE" speed="13.35" pos="186.60" lane="2/2to2/1_0" slope="0.00"/>
        <vehicle id="6" x="398.35" y="643.47" angle="0.00" type="DEFAULT_VEHTYPE" speed="13.07" pos="156.53" lane="2/4to2/3_0" slope="0.00"/>
        <vehicle id="7" x="367.78" y="598.35" angle="90.00" type="DEFAULT_VEHTYPE" speed="13.86" pos="163.03" lane="1/3to2/3_0" slope="0.00"/>
        <vehicle id="8" x="403.72" y="401.65" angle="-90.00" type="DEFAULT_VEHTYPE" speed="5.34" pos="1.03" lane=":2/2_5_0" slope="0.00"/>
        <vehicle id="9" x="398.35" y="305.70" angle="0.00" type="DEFAULT_VEHTYPE" speed="13.28" pos="89.55" lane="2/2to2/1_0" slope="0.00"/>
    </timestep>
    <timestep time="181.00">
        <vehicle id="10" x="629.50" y="198.35" angle="90.00" type="DEFAULT_VEHTYPE" speed="12.88" pos="24.75" lane="3/1to4/1_0" slope="0.00"/>
        <vehicle id="12" x="596.64" y="401.45" angle="-121.41" type="DEFAULT_VEHTYPE" speed="7.68" pos="1.77" lane=":3/2_18_0" slope="0.00"/>
        <vehicle id="13" x="601.65" y="384.24" angle="180.00" type="DEFAULT_VEHTYPE" speed="6.92" pos="179.49" lane="3/1to3/2_0" slope="0.00"/>
        <vehicle id="3" x="201.65" y="211.34" angle="180.00" type="DEFAULT_VEHTYPE" speed="9.57" pos="6.59" lane="1/1to1/2_0" slope="0.00"/>
        <vehicle id="4" x="584.03" y="198.35" angle="90.00" type="DEFAULT_VEHTYPE" speed="7.08" pos="179.28" lane="2/1to3/1_0" slope="0.00"/>
        <vehicle id="5" x="398.35" y="195.68" angle="0.00" type="DEFAULT_VEHTYPE" speed="12.97" pos="9.07" lane=":2/1_1_0" slope="0.00"/>
        <vehicle id="6" x="398.35" y="629.76" angle="0.00" type="DEFAULT_VEHTYPE" speed="13.71" pos="170.24" lane="2/4to2/3_0" slope="0.00"/>
        <vehicle id="7" x="377.81" y="598.35" angle="90.00" type="DEFAULT_VEHTYPE" speed="10.03" pos="173.06" lane="1/3to2/3_0" slope="0.00"/>
        <vehicle id="8" x="395.79" y="401.65" angle="-90.00" type="DEFAULT_VEHTYPE" speed="7.93" pos="8.96" lane=":2/2_5_0" slope="0.00"/>
        <vehicle id="9" x="398.35" y="292.01" angle="0.00" type="DEFAULT_VEHTYPE" speed="13.69" pos="103.24" lane="2/2to2/1_0" slope="0.00"/>
    </timestep>
    <timestep time="182.00">
        <vehicle id="10" x="642.71" y="198.35" angle="90.00" type="DEFAULT_VEHTYPE" speed="13.21" pos="37.96" lane="3/1to4/1_0" slope="0.00"/>
        <vehicle id="12" x="586.96" y="401.65" angle="-90.00" type="DEFAULT_VEHTYPE" speed="9.70" pos="8.29" lane="3/2to2/2_0" slope="0.00"/>
        <vehicle id="13" x="601.65" y="388.68" angle="180.00" type="DEFAULT_VEHTYPE" speed="4.44" pos="183.93" lane="3/1to3/2_0" slope="0.00"/>
        <vehicle id="3" x="201.65" y="223.13" angle="180.00" type="DEFAULT_VEHTYPE" speed="11.78" pos="18.38" lane="1/1to1/2_0" slope="0.00"/>
        <vehicle id="4" x="589.29" y="198.35" angle="90.00" type="DEFAULT_VEHTYPE" speed="5.26" pos="184.54" lane="2/1to3/1_0" slope="0.00"/>
        <vehicle id="5" x="398.35" y="182.75" angle="0.00" type="DEFAULT_VEHTYPE" speed="12.93" pos="12.50" lane="2/1to2/0_0" slope="0.00"/>
        <vehicle id="6" x="398.35" y="616.26" angle="0.00" type="DEFAULT_VEHTYPE" speed="13.49" pos="183.74" lane="2/4to2/3_0" slope="0.00"/>
        <vehicle id="7" x="384.99" y="598.35" angle="90.00" type="DEFAULT_VEHTYPE" speed="7.18" pos="180.24" lane="1/3to2/3_0" slope="0.00"/>
        <vehicle id="8" x="385.37" y="401.65" angle="-90.00" type="DEFAULT_VEHTYPE" speed="10.42" pos="9.88" lane="2/2to1/2_0" slope="0.00"/>
        <vehicle id="9" x="398.35" y="278.16" angle="0.00" type="DEFAULT_VEHTYPE" speed="13.85" pos="117.09" lane="2/2to2/1_0" slope="0.00"/>
    </timestep>
    <timestep time="183.00">
        <vehicle id="10" x="656.19" y="198.35" angle="90.00" type="DEFAULT_VEHTYPE" speed="13.48" pos="51.44" lane="3/1to4/1_0" slope="0.00"/>
        <vehicle id="12" x="575.17" y="401.65" angle="-90.00" type="DEFAULT_VEHTYPE" speed="11.79" pos="20.08" lane="3/2to2/2_0" slope="0.00"/>
        <vehicle id="13" x="601.65" y="394.88" angle="180.00" type="DEFAULT_VEHTYPE" speed="6.20" pos="190.13" lane="3/1to3/2_0" slope="0.00"/>
        <vehicle id="3" x="201.65" y="236.23" angle="180.00" type="DEFAULT_VEHTYPE" speed="13.11" pos="31.48" lane="1/1to1/2_0" slope="0.00"/>
        <vehicle id="4" x="595.92" y="198.45" angle="91.10" type="DEFAULT_VEHTYPE" speed="6.64" pos="0.68" lane=":3/1_14_0" slope="0.00"/>
        <vehicle id="5" x="398.35" y="169.30" angle="0.00" type="DEFAULT_VEHTYPE" speed="13.45" pos="25.95" lane="2/1to2/0_0" slope="0.00"/>
        <vehicle id="6" x="398.35" y="603.08" angle="0.00" type="DEFAULT_VEHTYPE" speed="13.18" pos="1.67" lane=":2/3_1_0" slope="0.00"/>
        <vehicle id="7" x="389.85" y="598.35" angle="90.00" type="DEFAULT_VEHTYPE" speed="4.87" pos="185.10" lane="1/3to2/3_0" slope="0.00"/>
        <vehicle id="8" x="373.33" y="401.65" angle="-90.00" type="DEFAULT_VEHTYPE" speed="12.04" pos="21.92" lane="2/2to1/2_0" slope="0.00"/>
        <vehicle id="9" x="398.35" y="264.73" angle="0.00" type="DEFAULT_VEHTYPE" speed="13.43" pos="130.52" lane="2/2to2/1_0" slope="0.00"/>
    </timestep>
    <timestep time="184.00">
        <vehicle id="10" x="669.18" y="198.35" angle="90.00" type="DEFAULT_VEHTYPE" speed="12.99" pos="64.43" lane="3/1to4/1_0" slope="0.00"/>
        <vehicle id="12" x="562.06" y="401.65" angle="-90.00" type="DEFAULT_VEHTYPE" speed="13.11" pos="33.19" lane="3/2to2/2_0" slope="0.00"/>
        <vehicle id="13" x="597.61" y="401.31" angle="-131.46" type="DEFAULT_VEHTYPE" speed="8.31" pos="0.80" lane=":3/2_18_0" slope="0.00"/>
        <vehicle id="3" x="201.65" y="249.50" angle="180.00" type="DEFAULT_VEHTYPE" speed="13.27" pos="44.75" lane="1/1to1/2_0" slope="0.00"/>
        <vehicle id="4" x="601.56" y="204.15" angle="156.78" type="DEFAULT_VEHTYPE" speed="9.03" pos="9.71" lane=":3/1_14_0" slope="0.00"/>
        <vehicle id="5" x="398.35" y="156.15" angle="0.00" type="DEFAULT_VEHTYPE" speed="13.15" pos="39.10" lane="2/1to2/0_0" slope="0.00"/>
        <vehicle id="6" x="398.35" y="590.28" angle="0.00" type="DEFAULT_VEHTYPE" speed="12.80" pos="4.97" lane="2/3to2/2_0" slope="0.00"/>
        <vehicle id="7" x="397.23" y="598.63" angle="93.25" type="DEFAULT_VEHTYPE" speed="7.40" pos="2.00" lane=":2/3_14_0" slope="0.00"/>
        <vehicle id="8" x="360.46" y="401.65" angle="-90.00" type="DEFAULT_VEHTYPE" speed="12.88" pos="34.79" lane="2/2to1/2_0" slope="0.00"/>
        <vehicle id="9" x="398.35" y="251.13" angle="0.00" type="DEFAULT_VEHTYPE" speed="13.60" pos="144.12" lane="2/2to2/1_0" slope="0.00"/>
    </timestep>
    <timestep time="185.00">
        <vehicle id="10" x="682.19" y="198.35" angle="90.00" type="DEFAULT_VEHTYPE" speed="13.01" pos="77.44" lane="3/1to4/1_0" slope="0.00"/>
        <vehicle id="12" x="548.26" y="401.65" angle="-90.00" type="DEFAULT_VEHTYPE" speed="13.80" pos="46.99" lane="3/2to2/2_0" slope="0.00"/>
        <vehicle id="13" x="587.56" y="401.65" angle="-90.00" type="DEFAULT_VEHTYPE" speed="10.07" pos="7.69" lane="3/2to2/2_0" slope="0.00"/>
        <vehicle id="3" x="201.65" y="263.06" angle="180.00" type="DEFAULT_VEHTYPE" speed="13.56" pos="58.31" lane="1/1to1/2_0" slope="0.00"/>
        <vehicle id="4" x="601.65" y="215.10" angle="180.00" type="DEFAULT_VEHTYPE" speed="10.96" pos="10.35" lane="3/1to3/2_0" slope="0.00"/>
        <vehicle id="5" x="398.35" y="143.14" angle="0.00" type="DEFAULT_VEHTYPE" speed="13.01" pos="52.11" lane="2/1to2/0_0" slope="0.00"/>
        <vehicle id="6" x="398.35" y="577.08" angle="0.00" type="DEFAULT_VEHTYPE" speed="13.19" pos="18.17" lane="2/3to2/2_0" slope="0.00"/>
        <vehicle id="7" x="401.65" y="606.14" angle="170.59" type="DEFAULT_VEHTYPE" speed="9.71" pos="1.39" lane="2/3to2/4_0" slope="0.00"/>
        <vehicle id="8" x="347.14" y="401.65" angle="-90.00" type="DEFAULT_VEHTYPE" speed="13.32" pos="48.11" lane="2/2to1/2_0" slope="0.00"/>
        <vehicle id="9" x="398.35" y="237.60" angle="0.00" type="DEFAULT_VEHTYPE" speed="13.53" pos="157.65" lane="2/2to2/1_0" slope="0.00"/>
    </timestep>
    <timestep time="186.00">
        <vehicle id="10" x="695.15" y="198.35" angle="90.00" type="DEFAULT_VEHTYPE" speed="12.96" pos="90.40" lane="3/1to4/1_0" slope="0.00"/>
        <vehicle id="12" x="534.68" y="401.65" angle="-90.00" type="DEFAULT_VEHTYPE" speed="13.57" pos="60.57" lane="3/2to2/2_0" slope="0.00"/>
        <vehicle id="13" x="574.91" y="401.65" angle="-90.00" type="DEFAULT_VEHTYPE" speed="12.65" pos="20.34" lane="3/2to2/2_0" slope="0.00"/>
        <vehicle id="3" x="201.65" y="276.07" angle="180.00" type="DEFAULT_VEHTYPE" speed="13.01" pos="71.32" lane="1/1to1/2_0" slope="0.00"/>
        <vehicle id="4" x="601.65" y="227.70" angle="180.00" type="DEFAULT_VEHTYPE" speed="12.60" pos="22.95" lane="3/1to3/2_0" slope="0.00"/>
        <vehicle id="5" x="398.35" y="129.66" angle="0.00" type="DEFAULT_VEHTYPE" speed="13.47" pos="65.59" lane="2/1to2/0_0" slope="0.00"/>
        <vehicle id="6" x="398.35" y="564.47" angle="0.00" type="DEFAULT_VEHTYPE" speed="12.61" pos="30.78" lane="2/3to2/2_0" slope="0.00"/>
        <vehicle id="7" x="401.65" y="618.01" angle="180.00" type="DEFAULT_VEHTYPE" speed="11.87" pos="13.26" lane="2/3to2/4_0" slope="0.00"/>
        <vehicle id="8" x="334.29" y="401.65" angle="-90.00" type="DEFAULT_VEHTYPE" speed="12.85" pos="60.96" lane="2/2to1/2_0" slope="0.00"/>
        <vehicle id="9" x="398.35" y="224.54" angle="0.00" type="DEFAULT_VEHTYPE" speed="13.06" pos="170.71" lane="2/2to2/1_0" slope="0.00"/>
    </timestep>
    <timestep time="187.00">
        <vehicle id="10" x="708.54" y="198.35" angle="90.00" type="DEFAULT_VEHTYPE" speed="13.39" pos="103.79" lane="3/1to4/1_0" slope="0.00"/>
        <vehicle id="12" x="522.04" y="401.65" angle="-90.00" type="DEFAULT_VEHTYPE" speed="12.64" pos="73.21" lane="3/2to2/2_0" slope="0.00"/>
        <vehicle id="13" x="562.21" y="401.65" angle="-90.00" type="DEFAULT_VEHTYPE" speed="12.70" pos="33.04" lane="3/2to2/2_0" slope="0.00"/>
        <vehicle id="3" x="201.65" y="289.23" angle="180.00" type="DEFAULT_VEHTYPE" speed="13.16" pos="84.48" lane="1/1to1/2_0" slope="0.00"/>
        <vehicle id="4" x="601.65" y="240.41" angle="180.00" type="DEFAULT_VEHTYPE" speed="12.71" pos="35.66" lane="3/1to3/2_0" slope="0.00"/>
        <vehicle id="5" x="398.35" y="115.92" angle="0.00" type="DEFAULT_VEHTYPE" speed="13.74" pos="79.33" lane="2/1to2/0_0" slope="0.00"/>
        <vehicle id="6" x="398.35" y="551.18" angle="0.00" type="DEFAULT_VEHTYPE" speed="13.29" pos="44.07" lane="2/3to2/2_0" slope="0.00"/>
        <vehicle id="7" x="401.65" y="631.25" angle="180.00" type="DEFAULT_VEHTYPE" speed="13.24" pos="26.50" lane="2/3to2/4_0" slope="0.00"/>
        <vehicle id="8" x="320.96" y="401.65" angle="-90.00" type="DEFAULT_VEHTYPE" speed="13.32" pos="74.29" lane="2/2to1/2_0" slope="0.00"/>
        <vehicle id="9" x="398.35" y="211.08" angle="0.00" type="DEFAULT_VEHTYPE" speed="13.46" pos="184.17" lane="2/2to2/1_0" slope="0.00"/>
    </timestep>
    <timestep time="188.00">
        <vehicle id="10" x="721.25" y="198.35" angle="90.00" type="DEFAULT_VEHTYPE" speed="12.71" pos="116.50" lane="3/1to4/1_0" slope="0.00"/>
        <vehicle id="12" x="509.40" y="401.65" angle="-90.00" type="DEFAULT_VEHTYPE" speed="12.64" pos="85.85" lane="3/2to2/2_0" slope="0.00"/>
        <vehicle id="13" x="548.64" y="401.65" angle="-90.00" type="DEFAULT_VEHTYPE" speed="13.57" pos="46.61" lane="3/2to2/2_0" slope="0.00"/>
        <vehicle id="3" x="201.65" y="303.05" angle="180.00" type="DEFAULT_VEHTYPE" speed="13.83" pos="98.30" lane="1/1to1/2_0" slope="0.00"/>
        <vehicle id="4" x="601.65" y="254.29" angle="180.00" type="DEFAULT_VEHTYPE" speed="13.88" pos="49.54" lane="3/1to3/2_0" slope="0.00"/>
        <vehicle id="5" x="398.35" y="103.28" angle="0.00" type="DEFAULT_VEHTYPE" speed="12.64" pos="91.97" lane="2/1to2/0_0" slope="0.00"/>
        <vehicle id="6" x="398.35" y="537.93" angle="0.00" type="DEFAULT_VEHTYPE" speed="13.24" pos="57.32" lane="2/3to2/2_0" slope="0.00"/>
        <vehicle id="7" x="401.65" y="644.01" angle="180.00" type="DEFAULT_VEHTYPE" speed="12.76" pos="39.26" lane="2/3to2/4_0" slope="0.00"/>
        <vehicle id="8" x="307.64" y="401.65" angle="-90.00" type="DEFAULT_VEHTYPE" speed="13.33" pos="87.61" lane="2/2to1/2_0" slope="0.00"/>
        <vehicle id="9" x="393.85" y="201.65" angle="-68.21" type="DEFAULT_VEHTYPE" speed="12.72" pos="1.40" lane="2/1to1/1_0" slope="0.00"/>
    </timestep>
    <timestep time="189.00">
        <vehicle id="10" x="734.92" y="198.35" angle="90.00" type="DEFAULT_VEHTYPE" speed="13.66" pos="130.17" lane="3/1to4/1_0" slope="0.00"/>
        <vehicle id="12" x="496.62" y="401.65" angle="-90.00" type="DEFAULT_VEHTYPE" speed="12.78" pos="98.63" lane="3/2to2/2_0" slope="0.00"/>
        <vehicle id="13" x="535.44" y="401.65" angle="-90.00" type="DEFAULT_VEHTYPE" speed="13.20" pos="59.81" lane="3/2to2/2_0" slope="0.00"/>
        <vehicle id="3" x="201.65" y="316.95" angle="180.00" type="DEFAULT_VEHTYPE" speed="13.89" pos="112.20" lane="1/1to1/2_0" slope="0.00"/>
        <vehicle id="4" x="601.65" y="268.15" angle="180.00" type="DEFAULT_VEHTYPE" speed="13.86" pos="63.40" lane="3/1to3/2_0" slope="0.00"/>
        <vehicle id="5" x="398.35" y="89.93" angle="0.00" type="DEFAULT_VEHTYPE" speed="13.35" pos="105.32" lane="2/1to2/0_0" slope="0.00"/>
        <vehicle id="6" x="398.35" y="525.06" angle="0.00" type="DEFAULT_VEHTYPE" speed="12.88" pos="70.19" lane="2/3to2/2_0" slope="0.00"/>
        <vehicle id="7" x="401.65" y="656.83" angle="180.00" type="DEFAULT_VEHTYPE" speed="12.82" pos="52.08" lane="2/3to2/4_0" slope="0.00"/>
        <vehicle id="8" x="294.63" y="401.65" angle="-90.00" type="DEFAULT_VEHTYPE" speed="13.01" pos="100.62" lane="2/2to1/2_0" slope="0.00"/>
        <vehicle id="9" x="381.18" y="201.65" angle="-90.00" type="DEFAULT_VEHTYPE" speed="12.67" pos="14.07" lane="2/1to1/1_0" slope="0.00"/>
    </timestep>
    <timestep time="190.00">
        <vehicle id="10" x="747.72" y="198.35" angle="90.00" type="DEFAULT_VEHTYPE" speed="12.81" pos="142.97" lane="3/1to4/1_0" slope="0.00"/>
        <vehicle id="12" x="483.56" y="401.65" angle="-90.00" type="DEFAULT_VEHTYPE" speed="13.06" pos="111.69" lane="3/2to2/2_0" slope="0.00"/>
        <vehicle id="13" x="521.82" y="401.65" angle="-90.00" type="DEFAULT_VEHTYPE" speed="13.62" pos="73.43" lane="3/2to2/2_0" slope="0.00"/>
        <vehicle id="3" x="201.65" y="329.98" angle="180.00" type="DEFAULT_VEHTYPE" speed="13.04" pos="125.23" lane="1/1to1/2_0" slope="0.00"/>
        <vehicle id="4" x="601.65" y="281.40" angle="180.00" type="DEFAULT_VEHTYPE" speed="13.25" pos="76.65" lane="3/1to3/2_0" slope="0.00"/>
        <vehicle id="5" x="398.35" y="76.68" angle="0.00" type="DEFAULT_VEHTYPE" speed="13.25" pos="118.57" lane="2/1to2/0_0" slope="0.00"/>
        <vehicle id="6" x="398.35" y="511.97" angle="0.00" type="DEFAULT_VEHTYPE" speed="13.08" pos="83.28" lane="2/3to2/2_0" slope="0.00"/>
        <vehicle id="7" x="401.65" y="669.80" angle="180.00" type="DEFAULT_VEHTYPE" speed="12.97" pos="65.05" lane="2/3to2/4_0" slope="0.00"/>
        <vehicle id="8" x="281.49" y="401.65" angle="-90.00" type="DEFAULT_VEHTYPE" speed="13.14" pos="113.76" lane="2/2to1/2_0" slope="0.00"/>
        <vehicle id="9" x="367.97" y="201.65" angle="-90.00" type="DEFAULT_VEHTYPE" speed="13.21" pos="27.28" lane="2/1to1/1_0" slope="0.00"/>
    </timestep>
    <timestep time="191.00">
        <vehicle id="10" x="760.49" y="198.35" angle="90.00" type="DEFAULT_VEHTYPE" speed="12.76" pos="155.74" lane="3/1to4/1_0" slope="0.00"/>
        <vehicle id="12" x="469.85" y="401.65" angle="-90.00" type="DEFAULT_VEHTYPE" speed="13.71" pos="125.40" lane="3/2to2/2_0" slope="0.00"/>
        <vehicle id="13" x="508.23" y="401.65" angle="-90.00" type="DEFAULT_VEHTYPE" speed="13.58" pos="87.02" lane="3/2to2/2_0" slope="0.00"/>
        <vehicle id="3" x="201.65" y="343.43" angle="180.00" type="DEFAULT_VEHTYPE" speed="13.45" pos="138.68" lane="1/1to1/2_0" slope="0.00"/>
        <vehicle id="4" x="601.65" y="294.00" angle="180.00" type="DEFAULT_VEHTYPE" speed="12.60" pos="89.25" lane="3/1to3/2_0" slope="0.00"/>
        <vehicle id="5" x="398.35" y="63.69" angle="0.00" type="DEFAULT_VEHTYPE" speed="12.99" pos="131.56" lane="2/1to2/0_0" slope="0.00"/>
        <vehicle id="6" x="398.35" y="499.27" angle="0.00" type="DEFAULT_VEHTYPE" speed="12.70" pos="95.98" lane="2/3to2/2_0" slope="0.00"/>
        <vehicle id="7" x="401.65" y="682.76" angle="180.00" type="DEFAULT_VEHTYPE" speed="12.96" pos="78.01" lane="2/3to2/4_0" slope="0.00"/>
        <vehicle id="8" x="268.21" y="401.65" angle="-90.00" type="DEFAULT_VEHTYPE" speed="13.28" pos="127.04" lane="2/2to1/2_0" slope="0.00"/>
        <vehicle id="9" x="354.09" y="201.65" angle="-90.00" type="DEFAULT_VEHTYPE" speed="13.88" pos="41.16" lane="2/1to1/1_0" slope="0.00"/>
    </timestep>
    <timestep time="192.00">
        <vehicle id="10" x="773.67" y="198.35" angle="90.00" type="DEFAULT_VEHTYPE" speed="13.19" pos="168.92" lane="3/1to4/1_0" slope="0.00"/>
        <vehicle id="12" x="457.00" y="401.65" angle="-90.00" type="DEFAULT_VEHTYPE" speed="12.85" pos="138.25" lane="3/2to2/2_0" slope="0.00"/>
        <vehicle id="13" x="494.95" y="401.65" angle="-90.00" type="DEFAULT_VEHTYPE" speed="13.28" pos="100.30" lane="3/2to2/2_0" slope="0.00"/>
        <vehicle id="3" x="201.65" y="356.26" angle="180.00" type="DEFAULT_VEHTYPE" speed="12.83" pos="151.51" lane="1/1to1/2_0" slope="0.00"/>
        <vehicle id="4" x="601.65" y="306.70" angle="180.00" type="DEFAULT_VEHTYPE" speed="12.70" pos="101.95" lane="3/1to3/2_0" slope="0.00"/>
        <vehicle id="5" x="398.35" y="50.40" angle="0.00" type="DEFAULT_VEHTYPE" speed="13.29" pos="144.85" lane="2/1to2/0_0" slope="0.00"/>
        <vehicle id="6" x="398.35" y="486.56" angle="0.00" type="DEFAULT_VEHTYPE" speed="12.71" pos="108.69" lane="2/3to2/2_0" slope="0.00"/>
        <vehicle id="7" x="401.65" y="695.59" angle="180.00" type="DEFAULT_VEHTYPE" speed="12.82" pos="90.84" lane="2/3to2/4_0" slope="0.00"/>
        <vehicle id="8" x="254.70" y="401.65" angle="-90.00" type="DEFAULT_VEHTYPE" speed="13.51" pos="140.55" lane="2/2to1/2_0" slope="0.00"/>
        <vehicle id="9" x="341.34" y="201.65" angle="-90.00" type="DEFAULT_VEHTYPE" speed="12.75" pos="53.91" lane="2/1to1/1_0" slope="0.00"/>
    </timestep>
    <timestep time="193.00">
        <vehicle id="10" x="786.39" y="198.35" angle="90.00" type="DEFAULT_VEHTYPE" speed="12.72" pos="181.64" lane="3/1to4/1_0" slope="0.00"/>
        <vehicle id="12" x="443.26" y="401.65" angle="-90.00" type="DEFAULT_VEHTYPE" speed="13.74" pos="151.99" lane="3/2to2/2_0" slope="0.00"/>
        <vehicle id="13" x="482.14" y="401.65" angle="-90.00" type="DEFAULT_VEHTYPE" speed="12.81" pos="113.11" lane="3/2to2/2_0" slope="0.00"/>
        <vehicle id="3" x="201.65" y="369.80" angle="180.00" type="DEFAULT_VEHTYPE" speed="13.54" pos="165.05" lane="1/1to1/2_0" slope="0.00"/>
        <vehicle id="4" x="601.65" y="320.41" angle="180.00" type="DEFAULT_VEHTYPE" speed="13.71" pos="115.66" lane="3/1to3/2_0" slope="0.00"/>
        <vehicle id="5" x="398.35" y="36.53" angle="0.00" type="DEFAULT_VEHTYPE" speed="13.87" pos="158.72" lane="2/1to2/0_0" slope="0.00"/>
        <vehicle id="6" x="398.35" y="473.22" angle="0.00" type="DEFAULT_VEHTYPE" speed="13.34" pos="122.03" lane="2/3to2/2_0" slope="0.00"/>
        <vehicle id="7" x="401.65" y="709.26" angle="180.00" type="DEFAULT_VEHTYPE" speed="13.67" pos="104.51" lane="2/3to2/4_0" slope="0.00"/>
        <vehicle id="8" x="240.85" y="401.65" angle="-90.00" type="DEFAULT_VEHTYPE" speed="13.85" pos="154.40" lane="2/2to1/2_0" slope="0.00"/>
        <vehicle id="9" x="328.64" y="201.65" angle="-90.00" type="DEFAULT_VEHTYPE" speed="12.70" pos="66.61" lane="2/1to1/1_0" slope="0.00"/>
    </timestep>
    <timestep time="194.00">
        <vehicle id="10" x="799.23" y="198.35" angle="90.00" type="DEFAULT_VEHTYPE" speed="12.84" pos="194.48" lane="3/1to4/1_0" slope="0.00"/>
        <vehicle id="12" x="429.51" y="401.65" angle="-90.00" type="DEFAULT_VEHTYPE" speed="13.75" pos="165.74" lane="3/2to2/2_0" slope="0.00"/>
        <vehicle id="13" x="469.13" y="401.65" angle="-90.00" type="DEFAULT_VEHTYPE" speed="13.01" pos="126.12" lane="3/2to2/2_0" slope="0.00"/>
        <vehicle id="3" x="201.65" y="383.45" angle="180.00" type="DEFAULT_VEHTYPE" speed="13.65" pos="178.70" lane="1/1to1/2_0" slope="0.00"/>
        <vehicle id="4" x="601.65" y="334.21" angle="180.00" type="DEFAULT_VEHTYPE" speed="13.81" pos="129.46" lane="3/1to3/2_0" slope="0.00"/>
        <vehicle id="5" x="398.35" y="23.70" angle="0.00" type="DEFAULT_VEHTYPE" speed="12.83" pos="171.55" lane="2/1to2/0_0" slope="0.00"/>
        <vehicle id="6" x="398.35" y="460.33" angle="0.00" type="DEFAULT_VEHTYPE" speed="12.89" pos="134.92" lane="2/3to2/2_0" slope="0.00"/>
        <vehicle id="7" x="401.65" y="722.16" angle="180.00" type="DEFAULT_VEHTYPE" speed="12.90" pos="117.41" lane="2/3to2/4_0" slope="0.00"/>
        <vehicle id="8" x="227.98" y="401.65" angle="-90.00" type="DEFAULT_VEHTYPE" speed="12.87" pos="167.27" lane="2/2to1/2_0" slope="0.00"/>
        <vehicle id="9" x="315.01" y="201.65" angle="-90.00" type="DEFAULT_VEHTYPE" speed="13.62" pos="80.24" lane="2/1to1/1_0" slope="0.00"/>
    </timestep>
    <timestep time="195.00">
        <vehicle id="10" x="791.80" y="201.65" angle="-90.00" type="DEFAULT_VEHTYPE" speed="13.79" pos="8.20" lane="4/1to3/1_0" slope="0.00"/>
        <vehicle id="12" x="420.19" y="401.65" angle="-90.00" type="DEFAULT_VEHTYPE" speed="9.32" pos="175.06" lane="3/2to2/2_0" slope="0.00"/>
        <vehicle id="13" x="456.00" y="401.65" angle="-90.00" type="DEFAULT_VEHTYPE" speed="13.13" pos="139.25" lane="3/2to2/2_0" slope="0.00"/>
        <vehicle id="3" x="201.65" y="396.76" angle="180.00" type="DEFAULT_VEHTYPE" speed="13.31" pos="1.51" lane=":1/2_9_0" slope="0.00"/>
        <vehicle id="4" x="601.65" y="348.07" angle="180.00" type="DEFAULT_VEHTYPE" speed="13.86" pos="143.32" lane="3/1to3/2_0" slope="0.00"/>
        <vehicle id="5" x="398.35" y="9.94" angle="0.00" type="DEFAULT_VEHTYPE" speed="13.76" pos="185.31" lane="2/1to2/0_0" slope="0.00"/>
        <vehicle id="6" x="398.35" y="447.65" angle="0.00" type="DEFAULT_VEHTYPE" speed="12.68" pos="147.60" lane="2/3to2/2_0" slope="0.00"/>
        <vehicle id="7" x="401.65" y="735.65" angle="180.00" type="DEFAULT_VEHTYPE" speed="13.49" pos="130.90" lane="2/3to2/4_0" slope="0.00"/>
        <vehicle id="8" x="219.01" y="401.65" angle="-90.00" type="DEFAULT_VEHTYPE" speed="8.97" pos="176.24" lane="2/2to1/2_0" slope="0.00"/>
        <vehicle id="9" x="301.17" y="201.65" angle="-90.00" type="DEFAULT_VEHTYPE" speed="13.84" pos="94.08" lane="2/1to1/1_0" slope="0.00"/>
    </timestep>
    <timestep time="196.00">
        <vehicle id="10" x="778.50" y="201.65" angle="-90.00" type="DEFAULT_VEHTYPE" speed="13.30" pos="21.50" lane="4/1to3/1_0" slope="0.00"/>
        <vehicle id="12" x="413.87" y="401.65" angle="-90.00" type="DEFAULT_VEHTYPE" speed="6.32" pos="181.38" lane="3/2to2/2_0" slope="0.00"/>
        <vehicle id="13" x="442.30" y="401.65" angle="-90.00" type="DEFAULT_VEHTYPE" speed="13.70" pos="152.95" lane="3/2to2/2_0" slope="0.00"/>
        <vehicle id="3" x="201.65" y="410.59" angle="180.00" type="DEFAULT_VEHTYPE" speed="13.83" pos="5.84" lane="1/2to1/3_0" slope="0.00"/>
        <vehicle id="4" x="601.65" y="360.82" angle="180.00" type="DEFAULT_VEHTYPE" speed="12.75" pos="156.07" lane="3/1to3/2_0" slope="0.00"/>
        <vehicle id="5" x="400.68" y="-1.31" angle="36.60" type="DEFAULT_VEHTYPE" speed="13.11" pos="3.17" lane=":2/0_0_0" slope="0.00"/>
        <vehicle id="6" x="398.35" y="434.05" angle="0.00" type="DEFAULT_VEHTYPE" speed="13.60" pos="161.20" lane="2/3to2/2_0" slope="0.00"/>
        <vehicle id="7" x="401.65" y="749.37" angle="180.00" type="DEFAULT_VEHTYPE" speed="13.73" pos="144.62" lane="2/3to2/4_0" slope="0.00"/>
        <vehicle id="8" x="212.67" y="401.65" angle="-90.00" type="DEFAULT_VEHTYPE" speed="6.34" pos="182.58" lane="2/2to1/2_0" slope="0.00"/>
        <vehicle id="9" x="288.22" y="201.65" angle="-90.00" type="DEFAULT_VEHTYPE" speed="12.96" pos="107.03" lane="2/1to1/1_0" slope="0.00"/>
    </timestep>
    <timestep time="197.00">
        <vehicle id="10" x="765.73" y="201.65" angle="-90.00" type="DEFAULT_VEHTYPE" speed="12.76" pos="34.27" lane="4/1to3/1_0" slope="0.00"/>
        <vehicle id="12" x="410.02" y="401.65" angle="-90.00" type="DEFAULT_VEHTYPE" speed="3.86" pos="185.23" lane="3/2to2/2_0" slope="0.00"/>
        <vehicle id="13" x="430.92" y="401.65" angle="-90.00" type="DEFAULT_VEHTYPE" speed="11.38" pos="164.33" lane="3/2to2/2_0" slope="0.00"/>
        <vehicle id="3" x="201.65" y="423.39" angle="180.00" type="DEFAULT_VEHTYPE" speed="12.80" pos="18.64" lane="1/2to1/3_0" slope="0.00"/>
        <vehicle id="4" x="601.65" y="373.83" angle="180.00" type="DEFAULT_VEHTYPE" speed="13.01" pos="169.08" lane="3/1to3/2_0" slope="0.00"/>
        <vehicle id="5" x="401.65" y="11.00" angle="180.00" type="DEFAULT_VEHTYPE" speed="12.65" pos="11.00" lane="2/0to2/1_0" slope="0.00"/>
        <vehicle id="6" x="398.35" y="420.67" angle="0.00" type="DEFAULT_VEHTYPE" speed="13.37" pos="174.58" lane="2/3to2/2_0" slope="0.00"/>
        <vehicle id="7" x="401.65" y="763.18" angle="180.00" type="DEFAULT_VEHTYPE" speed="13.80" pos="158.43" lane="2/3to2/4_0" slope="0.00"/>
        <vehicle id="8" x="209.55" y="401.65" angle="-90.00" type="DEFAULT_VEHTYPE" speed="3.11" pos="185.70" lane="2/2to1/2_0" slope="0.00"/>
        <vehicle id="9" x="275.25" y="201.65" angle="-90.00" type="DEFAULT_VEHTYPE" speed="12.97" pos="120.00" lane="2/1to1/1_0" slope="0.00"/>
    </timestep>
    <timestep time="198.00">
        <vehicle id="10" x="751.92" y="201.65" angle="-90.00" type="DEFAULT_VEHTYPE" speed="13.81" pos="48.08" lane="4/1to3/1_0" slope="0.00"/>
        <vehicle id="12" x="408.76" y="401.65" angle="-90.00" type="DEFAULT_VEHTYPE" speed="1.25" pos="186.49" lane="3/2to2/2_0" slope="0.00"/>
        <vehicle id="13" x="423.65" y="401.65" angle="-90.00" type="DEFAULT_VEHTYPE" speed="7.26" pos="171.60" lane="3/2to2/2_0" slope="0.00"/>
        <vehicle id="3" x="201.65" y="437.26" angle="180.00" type="DEFAULT_VEHTYPE" speed="13.87" pos="32.51" lane="1/2to1/3_0" slope="0.00"/>
        <vehicle id="4" x="601.65" y="386.63" angle="180.00" type="DEFAULT_VEHTYPE" speed="12.81" pos="181.88" lane="3/1to3/2_0" slope="0.00"/>
        <vehicle id="5" x="401.65" y="23.95" angle="180.00" type="DEFAULT_VEHTYPE" speed="12.95" pos="23.95" lane="2/0to2/1_0" slope="0.00"/>
        <vehicle id="6" x="398.35" y="407.99" angle="0.00" type="DEFAULT_VEHTYPE" speed="12.68" pos="187.26" lane="2/3to2/2_0" slope="0.00"/>
        <vehicle id="7" x="401.65" y="776.46" angle="180.00" type="DEFAULT_VEHTYPE" speed="13.29" pos="171.71" lane="2/3to2/4_0" slope="0.00"/>
        <vehicle id="8" x="204.80" y="401.65" angle="-90.00" type="DEFAULT_VEHTYPE" speed="4.75" pos="190.45" lane="2/2to1/2_0" slope="0.00"/>
        <vehicle id="9" x="261.46" y="201.65" angle="-90.00" type="DEFAULT_VEHTYPE" speed="13.79" pos="133.79" lane="2/1to1/1_0" slope="0.00"/>
    </timestep>
    <timestep time="199.00">
        <vehicle id="10" x="738.56" y="201.65" angle="-90.00" type="DEFAULT_VEHTYPE" speed="13.36" pos="61.44" lane="4/1to3/1_0" slope="0.00"/>
        <vehicle id="12" x="407.72" y="401.65" angle="-90.00" type="DEFAULT_VEHTYPE" speed="1.04" pos="187.53" lane="3/2to2/2_0" slope="0.00"/>
        <vehicle id="13" x="419.58" y="401.65" angle="-90.00" type="DEFAULT_VEHTYPE" speed="4.08" pos="175.67" lane="3/2to2/2_0" slope="0.00"/>
        <vehicle id="3" x="201.65" y="450.55" angle="180.00" type="DEFAULT_VEHTYPE" speed="13.29" pos="45.80" lane="1/2to1/3_0" slope="0.00"/>
        <vehicle id="4" x="601.65" y="399.99" angle="180.00" type="DEFAULT_VEHTYPE" speed="13.36" pos="4.74" lane=":3/2_9_0" slope="0.00"/>
        <vehicle id="5" x="401.65" y="37.61" angle="180.00" type="DEFAULT_VEHTYPE" speed="13.65" pos="37.61" lane="2/0to2/1_0" slope="0.00"/>
        <vehicle id="6" x="398.35" y="394.99" angle="0.00" type="DEFAULT_VEHTYPE" speed="13.00" pos="0.26" lane="2/2to2/1_0" slope="0.00"/>
        <vehicle id="7" x="401.65" y="789.78" angle="180.00" type="DEFAULT_VEHTYPE" speed="13.31" pos="185.03" lane="2/3to2/4_0" slope="0.00"/>
        <vehicle id="8" x="198.88" y="398.27" angle="-49.99" type="DEFAULT_VEHTYPE" speed="7.29" pos="7.24" lane=":1/2_6_0" slope="0.00"/>
        <vehicle id="9" x="248.65" y="201.65" angle="-90.00" type="DEFAULT_VEHTYPE" speed="12.81" pos="146.60" lane="2/1to1/1_0" slope="0.00"/>
    </timestep>
    <timestep time="200.00">
        <vehicle id="10" x="725.14" y="201.65" angle="-90.00" type="DEFAULT_VEHTYPE" speed="13.42" pos="74.86" lane="4/1to3/1_0" slope="0.00"/>
        <vehicle id="12" x="404.74" y="401.65" angle="-90.00" type="DEFAULT_VEHTYPE" speed="2.98" pos="0.01" lane=":2/2_5_0" slope="0.00"/>
        <vehicle id="13" x="416.87" y="401.65" angle="-90.00" type="DEFAULT_VEHTYPE" speed="2.71" pos="178.38" lane="3/2to2/2_0" slope="0.00"/>
        <vehicle id="3" x="201.65" y="463.63" angle="180.00" type="DEFAULT_VEHTYPE" speed="13.08" pos="58.88" lane="1/2to1/3_0" slope="0.00"/>
        <vehicle id="4" x="601.65" y="413.42" angle="180.00" type="DEFAULT_VEHTYPE" speed="13.43" pos="8.67" lane="3/2to3/3_0" slope="0.00"/>
        <vehicle id="5" x="401.65" y="50.26" angle="180.00" type="DEFAULT_VEHTYPE" speed="12.65" pos="50.26" lane="2/0to2/1_0" slope="0.00"/>
        <vehicle id="6" x="398.35" y="381.91" angle="0.00" type="DEFAULT_VEHTYPE" speed="13.08" pos="13.34" lane="2/2to2/1_0" slope="0.00"/>
        <vehicle id="7" x="399.59" y="801.45" angle="-150.11" type="DEFAULT_VEHTYPE" speed="13.09" pos="2.87" lane=":2/4_0_0" slope="0.00"/>
        <vehicle id="8" x="198.35" y="388.91" angle="0.00" type="DEFAULT_VEHTYPE" speed="9.42" pos="6.34" lane="1/2to1/1_0" slope="0.00"/>
        <vehicle id="9" x="234.84" y="201.65" angle="-90.00" type="DEFAULT_VEHTYPE" speed="13.81" pos="160.41" lane="2/1to1/1_0" slope="0.00"/>
    </timestep>
    <timestep time="201.00">
        <vehicle id="10" x="711.48" y="201.65" angle="-90.00" type="DEFAULT_VEHTYPE" speed="13.66" pos="88.52" lane="4/1to3/1_0" slope="0.00"/>
        <vehicle id="12" x="399.96" y="401.65" angle="-90.00" type="DEFAULT_VEHTYPE" speed="4.78" pos="4.79" lane=":2/2_5_0" slope="0.00"/>
        <vehicle id="13" x="414.78" y="401.65" angle="-90.00" type="DEFAULT_VEHTYPE" speed="2.09" pos="180.47" lane="3/2to2/2_0" slope="0.00"/>
        <vehicle id="3" x="201.65" y="476.40" angle="180.00" type="DEFAULT_VEHTYPE" speed="12.77" pos="71.65" lane="1/2to1/3_0" slope="0.00"/>
        <vehicle id="4" x="601.65" y="427.15" angle="180.00" type="DEFAULT_VEHTYPE" speed="13.73" pos="22.40" lane="3/2to3/3_0" slope="0.00"/>
        <vehicle id="5" x="401.65" y="63.79" angle="180.00" type="DEFAULT_VEHTYPE" speed="13.54" pos="63.79" lane="2/0to2/1_0" slope="0.00"/>
        <vehicle id="6" x="398.35" y="369.06" angle="0.00" type="DEFAULT_VEHTYPE" speed="12.85" pos="26.19" lane="2/2to2/1_0" slope="0.00"/>
        <vehicle id="7" x="398.35" y="789.04" angle="0.00" type="DEFAULT_VEHTYPE" speed="12.92" pos="10.96" lane="2/4to2/3_0" slope="0.00"/>
        <vehicle id="8" x="198.35" y="377.72" angle="0.00" type="DEFAULT_VEHTYPE" speed="11.19" pos="17.53" lane="1/2to1/1_0" slope="0.00"/>
        <vehicle id="9" x="223.98" y="201.65" angle="-90.00" type="DEFAULT_VEHTYPE" speed="10.85" pos="171.27" lane="2/1to1/1_0" slope="0.00"/>
    </timestep>
    <timestep time="202.00">
        <vehicle id="10" x="698.85" y="201.65" angle="-90.00" type="DEFAULT_VEHTYPE" speed="12.63" pos="101.15" lane="4/1to3/1_0" slope="0.00"/>
        <vehicle id="12" x="392.74" y="401.65" angle="-90.00" type="DEFAULT_VEHTYPE" speed="7.22" pos="2.51" lane="2/2to1/2_0" slope="0.00"/>
        <vehicle id="13" x="410.56" y="401.65" angle="-90.00" type="DEFAULT_VEHTYPE" speed="4.22" pos="184.69" lane="3/2to2/2_0" slope="0.00"/>
        <vehicle id="3" x="201.65" y="489.05" angle="180.00" type="DEFAULT_VEHTYPE" speed="12.65" pos="84.30" lane="1/2to1/3_0" slope="0.00"/>
        <vehicle id="4" x="601.65" y="440.89" angle="180.00" type="DEFAULT_VEHTYPE" speed="13.74" pos="36.14" lane="3/2to3/3_0" slope="0.00"/>
        <vehicle id="5" x="401.65" y="76.99" angle="180.00" type="DEFAULT_VEHTYPE" speed="13.20" pos="76.99" lane="2/0to2/1_0" slope="0.00"/>
        <vehicle id="6" x="398.35" y="355.72" angle="0.00" type="DEFAULT_VEHTYPE" speed="13.34" pos="39.53" lane="2/2to2/1_0" slope="0.00"/>
        <vehicle id="7" x="398.35" y="775.84" angle="0.00" type="DEFAULT_VEHTYPE" speed="13.20" pos="24.16" lane="2/4to2/3_0" slope="0.00"/>
        <vehicle id="8" x="198.35" y="364.31" angle="0.00" type="DEFAULT_VEHTYPE" speed="13.40" pos="30.94" lane="1/2to1/1_0" slope="0.00"/>
        <vehicle id="9" x="216.02" y="201.65" angle="-90.00" type="DEFAULT_VEHTYPE" speed="7.97" pos="179.23" lane="2/1to1/1_0" slope="0.00"/>
    </timestep>
    <timestep time="203.00">
        <vehicle id="10" x="686.03" y="201.65" angle="-90.00" type="DEFAULT_VEHTYPE" speed="12.82" pos="113.97" lane="4/1to3/1_0" slope="0.00"/>
        <vehicle id="12" x="383.87" y="401.65" angle="-90.00" type="DEFAULT_VEHTYPE" speed="8.87" pos="11.38" lane="2/2to1/2_0" slope="0.00"/>
        <vehicle id="13" x="404.36" y="401.65" angle="-90.00" type="DEFAULT_VEHTYPE" speed="6.20" pos="0.39" lane=":2/2_5_0" slope="0.00"/>
        <vehicle id="3" x="201.65" y="502.89" angle="180.00" type="DEFAULT_VEHTYPE" speed="13.84" pos="98.14" lane="1/2to1/3_0" slope="0.00"/>
        <vehicle id="4" x="601.65" y="454.12" angle="180.00" type="DEFAULT_VEHTYPE" speed="13.23" pos="49.37" lane="3/2to3/3_0" slope="0.00"/>
        <vehicle id="5" x="401.65" y="89.89" angle="180.00" type="DEFAULT_VEHTYPE" speed="12.90" pos="89.89" lane="2/0to2/1_0" slope="0.00"/>
        <vehicle id="6" x="398.35" y="342.18" angle="0.00" type="DEFAULT_VEHTYPE" speed="13.53" pos="53.07" lane="2/2to2/1_0" slope="0.00"/>
        <vehicle id="7" x="398.35" y="762.24" angle="0.00" type="DEFAULT_VEHTYPE" speed="13.60" pos="37.76" lane="2/4to2/3_0" slope="0.00"/>
        <vehicle id="8" x="198.35" y="350.44" angle="0.00" type="DEFAULT_VEHTYPE" speed="13.87" pos="44.81" lane="1/2to1/1_0" slope="0.00"/>
        <vehicle id="9" x="211.01" y="201.65" angle="-90.00" type="DEFAULT_VEHTYPE" speed="5.01" pos="184.24" lane="2/1to1/1_0" slope="0.00"/>
    </timestep>
    <timestep time="204.00">
        <vehicle id="10" x="672.23" y="201.65" angle="-90.00" type="DEFAULT_VEHTYPE" speed="13.80" pos="127.77" lane="4/1to3/1_0" slope="0.00"/>
        <vehicle id="12" x="373.33" y="401.65" angle="-90.00" type="DEFAULT_VEHTYPE" speed="10.54" pos="21.92" lane="2/2to1/2_0" slope="0.00"/>
        <vehicle id="13" x="396.65" y="401.65" angle="-90.00" type="DEFAULT_VEHTYPE" speed="7.71" pos="8.10" lane=":2/2_5_0" slope="0.00"/>
        <vehicle id="3" x="201.65" y="516.02" angle="180.00" type="DEFAULT_VEHTYPE" speed="13.13" pos="111.27" lane="1/2to1/3_0" slope="0.00"/>
        <vehicle id="4" x="601.65" y="467.33" angle="180.00" type="DEFAULT_VEHTYPE" speed="13.21" pos="62.58" lane="3/2to3/3_0" slope="0.00"/>
        <vehicle id="5" x="401.65" y="102.80" angle="180.00" type="DEFAULT_VEHTYPE" speed="12.91" pos="102.80" lane="2/0to2/1_0" slope="0.00"/>
        <vehicle id="6" x="398.35" y="329.48" angle="0.00" type="DEFAULT_VEHTYPE" speed="12.70" pos="65.77" lane="2/2to2/1_0" slope="0.00"/>
        <vehicle id="7" x="398.35" y="749.51" angle="0.00" type="DEFAULT_VEHTYPE" speed="12.73" pos="50.49" lane="2/4to2/3_0" slope="0.00"/>
        <vehicle id="8" x="198.35" y="337.04" angle="0.00" type="DEFAULT_VEHTYPE" speed="13.40" pos="58.21" lane="1/2to1/1_0" slope="0.00"/>
        <vehicle id="9" x="203.90" y="201.77" angle="-91.37" type="DEFAULT_VEHTYPE" speed="7.12" pos="0.86" lane=":1/1_4_0" slope="0.00"/>
    </timestep>
    <timestep time="205.00">
        <vehicle id="10" x="658.61" y="201.65" angle="-90.00" type="DEFAULT_VEHTYPE" speed="13.62" pos="141.39" lane="4/1to3/1_0" slope="0.00"/>
        <vehicle id="12" x="360.64" y="401.65" angle="-90.00" type="DEFAULT_VEHTYPE" speed="12.69" pos="34.61" lane="2/2to1/2_0" slope="0.00"/>
        <vehicle id="13" x="387.51" y="401.65" angle="-90.00" type="DEFAULT_VEHTYPE" speed="9.14" pos="7.74" lane="2/2to1/2_0" slope="0.00"/>
        <vehicle id="3" x="201.65" y="528.95" angle="180.00" type="DEFAULT_VEHTYPE" speed="12.93" pos="124.20" lane="1/2to1/3_0" slope="0.00"/>
        <vehicle id="4" x="601.65" y="480.49" angle="180.00" type="DEFAULT_VEHTYPE" speed="13.16" pos="75.74" lane="3/2to3/3_0" slope="0.00"/>
        <vehicle id="5" x="401.65" y="116.49" angle="180.00" type="DEFAULT_VEHTYPE" speed="13.69" pos="116.49" lane="2/0to2/1_0" slope="0.00"/>
        <vehicle id="6" x="398.35" y="316.80" angle="0.00" type="DEFAULT_VEHTYPE" speed="12.68" pos="78.45" lane="2/2to2/1_0" slope="0.00"/>
        <vehicle id="7" x="398.35" y="735.81" angle="0.00" type="DEFAULT_VEHTYPE" speed="13.70" pos="64.19" lane="2/4to2/3_0" slope="0.00"/>
        <vehicle id="8" x="198.35" y="324.28" angle="0.00" type="DEFAULT_VEHTYPE" speed="12.76" pos="70.97" lane="1/2to1/1_0" slope="0.00"/>
        <vehicle id="9" x="201.65" y="209.29" angle="-179.27" type="DEFAULT_VEHTYPE" speed="8.68" pos="4.54" lane="1/1to1/2_0" slope="0.00"/>
    </timestep>
    <timestep time="206.00">
        <vehicle id="10" x="645.68" y="201.65" angle="-90.00" type="DEFAULT_VEHTYPE" speed="12.94" pos="154.32" lane="4/1to3/1_0" slope="0.00"/>
        <vehicle id="12" x="347.34" y="401.65" angle="-90.00" type="DEFAULT_VEHTYPE" speed="13.31" pos="47.91" lane="2/2to1/2_0" slope="0.00"/>
        <vehicle id="13" x="376.17" y="401.65" angle="-90.00" type="DEFAULT_VEHTYPE" speed="11.33" pos="19.08" lane="2/2to1/2_0" slope="0.00"/>
        <vehicle id="3" x="201.65" y="542.12" angle="180.00" type="DEFAULT_VEHTYPE" speed="13.17" pos="137.37" lane="1/2to1/3_0" slope="0.00"/>
        <vehicle id="4" x="601.65" y="494.08" angle="180.00" type="DEFAULT_VEHTYPE" speed="13.59" pos="89.33" lane="3/2to3/3_0" slope="0.00"/>
        <vehicle id="5" x="401.65" y="130.24" angle="180.00" type="DEFAULT_VEHTYPE" speed="13.75" pos="130.24" lane="2/0to2/1_0" slope="0.00"/>
        <vehicle id="6" x="398.35" y="303.23" angle="0.00" type="DEFAULT_VEHTYPE" speed="13.57" pos="92.02" lane="2/2to2/1_0" slope="0.00"/>
        <vehicle id="7" x="398.35" y="722.75" angle="0.00" type="DEFAULT_VEHTYPE" speed="13.06" pos="77.25" lane="2/4to2/3_0" slope="0.00"/>
        <vehicle id="8" x="198.35" y="310.62" angle="0.00" type="DEFAULT_VEHTYPE" speed="13.66" pos="84.63" lane="1/2to1/1_0" slope="0.00"/>
        <vehicle id="9" x="201.65" y="220.48" angle="180.00" type="DEFAULT_VEHTYPE" speed="11.19" pos="15.73" lane="1/1to1/2_0" slope="0.00"/>
    </timestep>
    <timestep time="207.00">
        <vehicle id="10" x="632.64" y="201.65" angle="-90.00" type="DEFAULT_VEHTYPE" speed="13.03" pos="167.36" lane="4/1to3/1_0" slope="0.00"/>
        <vehicle id="12" x="333.46" y="401.65" angle="-90.00" type="DEFAULT_VEHTYPE" speed="13.87" pos="61.79" lane="2/2to1/2_0" slope="0.00"/>
        <vehicle id="13" x="362.47" y="401.65" angle="-90.00" type="DEFAULT_VEHTYPE" speed="13.71" pos="32.78" lane="2/2to1/2_0" slope="0.00"/>
        <vehicle id="3" x="201.65" y="555.88" angle="180.00" type="DEFAULT_VEHTYPE" speed="13.76" pos="151.13" lane="1/2to1/3_0" slope="0.00"/>
        <vehicle id="4" x="601.65" y="507.41" angle="180.00" type="DEFAULT_VEHTYPE" speed="13.33" pos="102.66" lane="3/2to3/3_0" slope="0.00"/>
        <vehicle id="5" x="401.65" y="144.12" angle="180.00" type="DEFAULT_VEHTYPE" speed="13.87" pos="144.12" lane="2/0to2/1_0" slope="0.00"/>
        <vehicle id="6" x="398.35" y="290.36" angle="0.00" type="DEFAULT_VEHTYPE" speed="12.87" pos="104.89" lane="2/2to2/1_0" slope="0.00"/>
        <vehicle id="7" x="398.35" y="709.91" angle="0.00" type="DEFAULT_VEHTYPE" speed="12.84" pos="90.09" lane="2/4to2/3_0" slope="0.00"/>
        <vehicle id="8" x="198.35" y="297.87" angle="0.00" type="DEFAULT_VEHTYPE" speed="12.75" pos="97.38" lane="1/2to1/1_0" slope="0.00"/>
        <vehicle id="9" x="201.65" y="233.27" angle="180.00" type="DEFAULT_VEHTYPE" speed="12.79" pos="28.52" lane="1/1to1/2_0" slope="0.00"/>
    </timestep>
    <timestep time="208.00">
        <vehicle id="10" x="621.57" y="201.65" angle="-90.00" type="DEFAULT_VEHTYPE" speed="11.07" pos="178.43" lane="4/1to3/1_0" slope="0.00"/>
        <vehicle id="12" x="320.15" y="401.65" angle="-90.00" type="DEFAULT_VEHTYPE" speed="13.31" pos="75.10" lane="2/2to1/2_0" slope="0.00"/>
        <vehicle id="13" x="349.07" y="401.65" angle="-90.00" type="DEFAULT_VEHTYPE" speed="13.40" pos="46.18" lane="2/2to1/2_0" slope="0.00"/>
        <vehicle id="3" x="201.65" y="568.64" angle="180.00" type="DEFAULT_VEHTYPE" speed="12.76" pos="163.89" lane="1/2to1/3_0" slope="0.00"/>
        <vehicle id="4" x="601.65" y="520.60" angle="180.00" type="DEFAULT_VEHTYPE" speed="13.19" pos="115.85" lane="3/2to3/3_0" slope="0.00"/>
        <vehicle id="5" x="401.65" y="157.97" angle="180.00" type="DEFAULT_VEHTYPE" speed="13.85" pos="157.97" lane="2/0to2/1_0" slope="0.00"/>
        <vehicle id="6" x="398.35" y="277.66" angle="0.00" type="DEFAULT_VEHTYPE" speed="12.70" pos="117.59" lane="2/2to2/1_0" slope="0.00"/>
        <vehicle id="7" x="398.35" y="696.95" angle="0.00" type="DEFAULT_VEHTYPE" speed="12.96" pos="103.05" lane="2/4to2/3_0" slope="0.00"/>
        <vehicle id="8" x="198.35" y="285.15" angle="0.00" type="DEFAULT_VEHTYPE" speed="12.72" pos="110.10" lane="1/2to1/1_0" slope="0.00"/>
        <vehicle id="9" x="201.65" y="246.71" angle="180.00" type="DEFAULT_VEHTYPE" speed="13.44" pos="41.96" lane="1/1to1/2_0" slope="0.00"/>
    </timestep>
    <timestep time="209.00">
        <vehicle id="10" x="614.90" y="201.65" angle="-90.00" type="DEFAULT_VEHTYPE" speed="6.67" pos="185.10" lane="4/1to3/1_0" slope="0.00"/>
        <vehicle id="12" x="307.50" y="401.65" angle="-90.00" type="DEFAULT_VEHTYPE" speed="12.66" pos="87.75" lane="2/2to1/2_0" slope="0.00"/>
        <vehicle id="13" x="335.47" y="401.65" angle="-90.00" type="DEFAULT_VEHTYPE" speed="13.60" pos="59.78" lane="2/2to1/2_0" slope="0.00"/>
        <vehicle id="3" x="201.65" y="581.31" angle="180.00" type="DEFAULT_VEHTYPE" speed="12.67" pos="176.56" lane="1/2to1/3_0" slope="0.00"/>
        <vehicle id="4" x="601.65" y="533.72" angle="180.00" type="DEFAULT_VEHTYPE" speed="13.12" pos="128.97" lane="3/2to3/3_0" slope="0.00"/>
        <vehicle id="5" x="401.65" y="171.42" angle="180.00" type="DEFAULT_VEHTYPE" speed="13.45" pos="171.42" lane="2/0to2/1_0" slope="0.00"/>
        <vehicle id="6" x="398.35" y="263.81" angle="0.00" type="DEFAULT_VEHTYPE" speed="13.84" pos="131.44" lane="2/2to2/1_0" slope="0.00"/>
        <vehicle id="7" x="398.35" y="683.63" angle="0.00" type="DEFAULT_VEHTYPE" speed="13.32" pos="116.37" lane="2/4to2/3_0" slope="0.00"/>
        <vehicle id="8" x="198.35" y="272.40" angle="0.00" type="DEFAULT_VEHTYPE" speed="12.74" pos="122.85" lane="1/2to1/1_0" slope="0.00"/>
        <vehicle id="9" x="201.65" y="260.25" angle="180.00" type="DEFAULT_VEHTYPE" speed="13.54" pos="55.50" lane="1/1to1/2_0" slope="0.00"/>
    </timestep>
    <timestep time="210.00">
        <vehicle id="10" x="610.30" y="201.65" angle="-90.00" type="DEFAULT_VEHTYPE" speed="4.60" pos="189.70" lane="4/1to3/1_0" slope="0.00"/>
        <vehicle id="12" x="294.85" y="401.65" angle="-90.00" type="DEFAULT_VEHTYPE" speed="12.65" pos="100.40" lane="2/2to1/2_0" slope="0.00"/>
        <vehicle id="13" x="322.33" y="401.65" angle="-90.00" type="DEFAULT_VEHTYPE" speed="13.13" pos="72.92" lane="2/2to1/2_0" slope="0.00"/>
        <vehicle id="3" x="201.65" y="594.79" angle="180.00" type="DEFAULT_VEHTYPE" speed="13.48" pos="190.04" lane="1/2to1/3_0" slope="0.00"/>
        <vehicle id="4" x="601.65" y="547.36" angle="180.00" type="DEFAULT_VEHTYPE" speed="13.63" pos="142.61" lane="3/2to3/3_0" slope="0.00"/>
        <vehicle id="5" x="401.65" y="184.94" angle="180.00" type="DEFAULT_VEHTYPE" speed="13.51" pos="184.94" lane="2/0to2/1_0" slope="0.00"/>
        <vehicle id="6" x="398.35" y="251.09" angle="0.00" type="DEFAULT_VEHTYPE" speed="12.72" pos="144.16" lane="2/2to2/1_0" slope="0.00"/>
        <vehicle id="7" x="398.35" y="670.04" angle="0.00" type="DEFAULT_VEHTYPE" speed="13.59" pos="129.96" lane="2/4to2/3_0" slope="0.00"/>
        <vehicle id="8" x="198.35" y="259.10" angle="0.00" type="DEFAULT_VEHTYPE" speed="13.30" pos="136.15" lane="1/2to1/1_0" slope="0.00"/>
        <vehicle id="9" x="201.65" y="272.91" angle="180.00" type="DEFAULT_VEHTYPE" speed="12.66" pos="68.16" lane="1/1to1/2_0" slope="0.00"/>
    </timestep>
    <timestep time="211.00">
        <vehicle id="10" x="603.72" y="201.79" angle="-91.64" type="DEFAULT_VEHTYPE" speed="6.59" pos="1.03" lane=":3/1_4_0" slope="0.00"/>
        <vehicle id="12" x="281.51" y="401.65" angle="-90.00" type="DEFAULT_VEHTYPE" speed="13.34" pos="113.74" lane="2/2to1/2_0" slope="0.00"/>
        <vehicle id="13" x="308.83" y="401.65" angle="-90.00" type="DEFAULT_VEHTYPE" speed="13.50" pos="86.42" lane="2/2to1/2_0" slope="0.00"/>
        <vehicle id="3" x="213.09" y="598.35" angle="90.00" type="DEFAULT_VEHTYPE" speed="13.80" pos="8.34" lane="1/3to2/3_0" slope="0.00"/>
        <vehicle id="4" x="601.65" y="560.73" angle="180.00" type="DEFAULT_VEHTYPE" speed="13.37" pos="155.98" lane="3/2to3/3_0" slope="0.00"/>
        <vehicle id="5" x="402.32" y="197.42" angle="172.12" type="DEFAULT_VEHTYPE" speed="12.63" pos="2.31" lane=":2/1_8_0" slope="0.00"/>
        <vehicle id="6" x="398.35" y="237.37" angle="0.00" type="DEFAULT_VEHTYPE" speed="13.73" pos="157.88" lane="2/2to2/1_0" slope="0.00"/>
        <vehicle id="7" x="398.35" y="656.53" angle="0.00" type="DEFAULT_VEHTYPE" speed="13.50" pos="143.47" lane="2/4to2/3_0" slope="0.00"/>
        <vehicle id="8" x="198.35" y="246.39" angle="0.00" type="DEFAULT_VEHTYPE" speed="12.72" pos="148.86" lane="1/2to1/1_0" slope="0.00"/>
        <vehicle id="9" x="201.65" y="286.69" angle="180.00" type="DEFAULT_VEHTYPE" speed="13.78" pos="81.94" lane="1/1to1/2_0" slope="0.00"/>
    </timestep>
    <timestep time="212.00">
        <vehicle id="10" x="601.65" y="209.35" angle="-179.37" type="DEFAULT_VEHTYPE" speed="8.57" pos="4.60" lane="3/1to3/2_0" slope="0.00"/>
        <vehicle id="12" x="268.71" y="401.65" angle="-90.00" type="DEFAULT_VEHTYPE" speed="12.80" pos="126.54" lane="2/2to1/2_0" slope="0.00"/>
        <vehicle id="13" x="295.32" y="401.65" angle="-90.00" type="DEFAULT_VEHTYPE" speed="13.51" pos="99.93" lane="2/2to1/2_0" slope="0.00"/>
        <vehicle id="3" x="226.56" y="598.35" angle="90.00" type="DEFAULT_VEHTYPE" speed="13.47" pos="21.81" lane="1/3to2/3_0" slope="0.00"/>
        <vehicle id="4" x="601.65" y="574.41" angle="180.00" type="DEFAULT_VEHTYPE" speed="13.69" pos="169.66" lane="3/2to3/3_0" slope="0.00"/>
        <vehicle id="5" x="415.43" y="198.35" angle="90.00" type="DEFAULT_VEHTYPE" speed="13.37" pos="10.68" lane="2/1to3/1_0" slope="0.00"/>
        <vehicle id="6" x="398.35" y="224.14" angle="0.00" type="DEFAULT_VEHTYPE" speed="13.23" pos="171.11" lane="2/2to2/1_0" slope="0.00"/>
        <vehicle id="7" x="398.35" y="643.45" angle="0.00" type="DEFAULT_VEHTYPE" speed="13.08" pos="156.55" lane="2/4to2/3_0" slope="0.00"/>
        <vehicle id="8" x="198.35" y="232.86" angle="0.00" type="DEFAULT_VEHTYPE" speed="13.53" pos="162.39" lane="1/2to1/1_0" slope="0.00"/>
        <vehicle id="9" x="201.65" y="299.44" angle="180.00" type="DEFAULT_VEHTYPE" speed="12.75" pos="94.69" lane="1/1to1/2_0" slope="0.00"/>
    </timestep>
    <timestep time="213.00">
        <vehicle id="10" x="601.65" y="219.65" angle="180.00" type="DEFAULT_VEHTYPE" speed="10.30" pos="14.90" lane="3/1to3/2_0" slope="0.00"/>
        <vehicle id="12" x="255.72" y="401.65" angle="-90.00" type="DEFAULT_VEHTYPE" speed="12.98" pos="139.53" lane="2/2to1/2_0" slope="0.00"/>
        <vehicle id="13" x="282.27" y="401.65" angle="-90.00" type="DEFAULT_VEHTYPE" speed="13.05" pos="112.98" lane="2/2to1/2_0" slope="0.00"/>
        <vehicle id="3" x="240.40" y="598.35" angle="90.00" type="DEFAULT_VEHTYPE" speed="13.84" pos="35.65" lane="1/3to2/3_0" slope="0.00"/>
        <vehicle id="4" x="601.65" y="587.08" angle="180.00" type="DEFAULT_VEHTYPE" speed="12.67" pos="182.33" lane="3/2to3/3_0" slope="0.00"/>
        <vehicle id="5" x="429.13" y="198.35" angle="90.00" type="DEFAULT_VEHTYPE" speed="13.70" pos="24.38" lane="2/1to3/1_0" slope="0.00"/>
        <vehicle id="6" x="398.35" y="211.11" angle="0.00" type="DEFAULT_VEHTYPE" speed="13.03" pos="184.14" lane="2/2to2/1_0" slope="0.00"/>
        <vehicle id="7" x="398.35" y="629.82" angle="0.00" type="DEFAULT_VEHTYPE" speed="13.63" pos="170.18" lane="2/4to2/3_0" slope="0.00"/>
        <vehicle id="8" x="198.35" y="219.22" angle="0.00" type="DEFAULT_VEHTYPE" speed="13.64" pos="176.03" lane="1/2to1/1_0" slope="0.00"/>
        <vehicle id="9" x="201.65" y="312.92" angle="180.00" type="DEFAULT_VEHTYPE" speed="13.48" pos="108.17" lane="1/1to1/2_0" slope="0.00"/>
    </timestep>
    <timestep time="214.00">
        <vehicle id="10" x="601.65" y="231.92" angle="180.00" type="DEFAULT_VEHTYPE" speed="12.27" pos="27.17" lane="3/1to3/2_0" slope="0.00"/>
        <vehicle id="12" x="242.30" y="401.65" angle="-90.00" type="DEFAULT_VEHTYPE" speed="13.42" pos="152.95" lane="2/2to1/2_0" slope="0.00"/>
        <vehicle id="13" x="268.75" y="401.65" angle="-90.00" type="DEFAULT_VEHTYPE" speed="13.52" pos="126.50" lane="2/2to1/2_0" slope="0.00"/>
        <vehicle id="3" x="254.26" y="598.35" angle="90.00" type="DEFAULT_VEHTYPE" speed="13.86" pos="49.51" lane="1/3to2/3_0" slope="0.00"/>
        <vehicle id="4" x="604.30" y="598.29" angle="142.93" type="DEFAULT_VEHTYPE" speed="12.71" pos="4.54" lane=":3/3_8_0" slope="0.00"/>
        <vehicle id="5" x="441.74" y="198.35" angle="90.00" type="DEFAULT_VEHTYPE" speed="12.61" pos="36.99" lane="2/1to3/1_0" slope="0.00"/>
        <vehicle id="6" x="393.99" y="201.65" angle="-66.20" type="DEFAULT_VEHTYPE" speed="12.62" pos="1.26" lane="2/1to1/1_0" slope="0.00"/>
        <vehicle id="7" x="398.35" y="616.65" angle="0.00" type="DEFAULT_VEHTYPE" speed="13.17" pos="183.35" lane="2/4to2/3_0" slope="0.00"/>
        <vehicle id="8" x="198.35" y="205.75" angle="0.00" type="DEFAULT_VEHTYPE" speed="13.47" pos="189.50" lane="1/2to1/1_0" slope="0.00"/>
        <vehicle id="9" x="201.65" y="325.93" angle="180.00" type="DEFAULT_VEHTYPE" speed="13.01" pos="121.18" lane="1/1to1/2_0" slope="0.00"/>
    </timestep>
    <timestep time="215.00">
        <vehicle id="10" x="601.65" y="244.69" angle="180.00" type="DEFAULT_VEHTYPE" speed="12.77" pos="39.94" lane="3/1to3/2_0" slope="0.00"/>
        <vehicle id="12" x="229.57" y="401.65" angle="-90.00" type="DEFAULT_VEHTYPE" speed="12.74" pos="165.68" lane="2/2to1/2_0" slope="0.00"/>
        <vehicle id="13" x="255.02" y="401.65" angle="-90.00" type="DEFAULT_VEHTYPE" speed="13.73" pos="140.23" lane="2/2to1/2_0" slope="0.00"/>
        <vehicle id="3" x="266.99" y="598.35" angle="90.00" type="DEFAULT_VEHTYPE" speed="12.73" pos="62.24" lane="1/3to2/3_0" slope="0.00"/>
        <vehicle id="4" x="617.52" y="598.35" angle="90.00" type="DEFAULT_VEHTYPE" speed="13.23" pos="12.77" lane="3/3to4/3_0" slope="0.00"/>
        <vehicle id="5" x="455.35" y="198.35" angle="90.00" type="DEFAULT_VEHTYPE" speed="13.61" pos="50.60" lane="2/1to3/1_0" slope="0.00"/>
        <vehicle id="6" x="380.55" y="201.65" angle="-90.00" type="DEFAULT_VEHTYPE" speed="13.44" pos="14.70" lane="2/1to1/1_0" slope="0.00"/>
        <vehicle id="7" x="398.35" y="603.18" angle="0.00" type="DEFAULT_VEHTYPE" speed="13.47" pos="1.57" lane=":2/3_1_0" slope="0.00"/>
        <vehicle id="8" x="187.57" y="201.65" angle="-90.00" type="DEFAULT_VEHTYPE" speed="13.69" pos="7.68" lane="1/1to0/1_0" slope="0.00"/>
        <vehicle id="9" x="201.65" y="339.76" angle="180.00" type="DEFAULT_VEHTYPE" speed="13.83" pos="135.01" lane="1/1to1/2_0" slope="0.00"/>
    </timestep>
    <timestep time="216.00">
        <vehicle id="10" x="601.65" y="257.38" angle="180.00" type="DEFAULT_VEHTYPE" speed="12.70" pos="52.63" lane="3/1to3/2_0" slope="0.00"/>
        <vehicle id="12" x="219.66" y="401.65" angle="-90.00" type="DEFAULT_VEHTYPE" speed="9.90" pos="175.59" lane="2/2to1/2_0" slope="0.00"/>
        <vehicle id="13" x="241.15" y="401.65" angle="-90.00" type="DEFAULT_VEHTYPE" speed="13.87" pos="154.10" lane="2/2to1/2_0" slope="0.00"/>
        <vehicle id="3" x="279.76" y="598.35" angle="90.00" type="DEFAULT_VEHTYPE" speed="12.77" pos="75.01" lane="1/3to2/3_0" slope="0.00"/>
        <vehicle id="4" x="630.21" y="598.35" angle="90.00" type="DEFAULT_VEHTYPE" speed="12.69" pos="25.46" lane="3/3to4/3_0" slope="0.00"/>
        <vehicle id="5" x="468.88" y="198.35" angle="90.00" type="DEFAULT_VEHTYPE" speed="13.53" pos="64.13" lane="2/1to3/1_0" slope="0.00"/>
        <vehicle id="6" x="367.59" y="201.65" angle="-90.00" type="DEFAULT_VEHTYPE" speed="12.96" pos="27.66" lane="2/1to1/1_0" slope="0.00"/>
        <vehicle id="7" x="398.35" y="589.59" angle="0.00" type="DEFAULT_VEHTYPE" speed="13.59" pos="5.66" lane="2/3to2/2_0" slope="0.00"/>
        <vehicle id="8" x="173.67" y="201.65" angle="-90.00" type="DEFAULT_VEHTYPE" speed="13.89" pos="21.58" lane="1/1to0/1_0" slope="0.00"/>
        <vehicle id="9" x="201.65" y="352.71" angle="180.00" type="DEFAULT_VEHTYPE" speed="12.95" pos="147.96" lane="1/1to1/2_0" slope="0.00"/>
    </timestep>
    <timestep time="217.00">
        <vehicle id="10" x="601.65" y="270.48" angle="180.00" type="DEFAULT_VEHTYPE" speed="13.10" pos="65.73" lane="3/1to3/2_0" slope="0.00"/>
        <vehicle id="12" x="213.20" y="401.65" angle="-90.00" type="DEFAULT_VEHTYPE" speed="6.46" pos="182.05" lane="2/2to1/2_0" slope="0.00"/>
        <vehicle id="13" x="231.08" y="401.65" angle="-90.00" type="DEFAULT_VEHTYPE" speed="10.07" pos="164.17" lane="2/2to1/2_0" slope="0.00"/>
        <vehicle id="3" x="292.57" y="598.35" angle="90.00" type="DEFAULT_VEHTYPE" speed="12.81" pos="87.82" lane="1/3to2/3_0" slope="0.00"/>
        <vehicle id="4" x="642.83" y="598.35" angle="90.00" type="DEFAULT_VEHTYPE" speed="12.62" pos="38.08" lane="3/3to4/3_0" slope="0.00"/>
        <vehicle id="5" x="482.01" y="198.35" angle="90.00" type="DEFAULT_VEHTYPE" speed="13.12" pos="77.26" lane="2/1to3/1_0" slope="0.00"/>
        <vehicle id="6" x="354.97" y="201.65" angle="-90.00" type="DEFAULT_VEHTYPE" speed="12.62" pos="40.28" lane="2/1to1/1_0" slope="0.00"/>
        <vehicle id="7" x="398.35" y="576.64" angle="0.00" type="DEFAULT_VEHTYPE" speed="12.95" pos="18.61" lane="2/3to2/2_0" slope="0.00"/>
        <vehicle id="8" x="160.55" y="201.65" angle="-90.00" type="DEFAULT_VEHTYPE" speed="13.13" pos="34.70" lane="1/1to0/1_0" slope="0.00"/>
        <vehicle id="9" x="201.65" y="365.74" angle="180.00" type="DEFAULT_VEHTYPE" speed="13.03" pos="160.99" lane="1/1to1/2_0" slope="0.00"/>
    </timestep>
    <timestep time="218.00">
        <vehicle id="10" x="601.65" y="283.14" angle="180.00" type="DEFAULT_VEHTYPE" speed="12.66" pos="78.39" lane="3/1to3/2_0" slope="0.00"/>
        <vehicle id="12" x="209.70" y="401.65" angle="-90.00" type="DEFAULT_VEHTYPE" speed="3.50" pos="185.55" lane="2/2to1/2_0" slope="0.00"/>
        <vehicle id="13" x="224.01" y="401.65" angle="-90.00" type="DEFAULT_VEHTYPE" speed="7.06" pos="171.24" lane="2/2to1/2_0" slope="0.00"/>
        <vehicle id="3" x="306.10" y="598.35" angle="90.00" type="DEFAULT_VEHTYPE" speed="13.53" pos="101.35" lane="1/3to2/3_0" slope="0.00"/>
        <vehicle id="4" x="656.03" y="598.35" angle="90.00" type="DEFAULT_VEHTYPE" speed="13.20" pos="51.28" lane="3/3to4/3_0" slope="0.00"/>
        <vehicle id="5" x="495.27" y="198.35" angle="90.00" type="DEFAULT_VEHTYPE" speed="13.27" pos="90.52" lane="2/1to3/1_0" slope="0.00"/>
        <vehicle id="6" x="341.16" y="201.65" angle="-90.00" type="DEFAULT_VEHTYPE" speed="13.82" pos="54.09" lane="2/1to1/1_0" slope="0.00"/>
        <vehicle id="7" x="398.35" y="563.98" angle="0.00" type="DEFAULT_VEHTYPE" speed="12.65" pos="31.27" lane="2/3to2/2_0" slope="0.00"/>
        <vehicle id="8" x="146.99" y="201.65" angle="-90.00" type="DEFAULT_VEHTYPE" speed="13.55" pos="48.26" lane="1/1to0/1_0" slope="0.00"/>
        <vehicle id="9" x="201.65" y="379.11" angle="180.00" type="DEFAULT_VEHTYPE" speed="13.37" pos="174.36" lane="1/1to1/2_0" slope="0.00"/>
    </timestep>
    <timestep time="219.00">
        <vehicle id="10" x="601.65" y="296.51" angle="180.00" type="DEFAULT_VEHTYPE" speed="13.36" pos="91.76" lane="3/1to3/2_0" slope="0.00"/>
        <vehicle id="12" x="207.99" y="401.65" angle="-90.00" type="DEFAULT_VEHTYPE" speed="1.70" pos="187.26" lane="2/2to1/2_0" slope="0.00"/>
        <vehicle id="13" x="219.67" y="401.65" angle="-90.00" type="DEFAULT_VEHTYPE" speed="4.34" pos="175.58" lane="2/2to1/2_0" slope="0.00"/>
        <vehicle id="3" x="318.89" y="598.35" angle="90.00" type="DEFAULT_VEHTYPE" speed="12.79" pos="114.14" lane="1/3to2/3_0" slope="0.00"/>
        <vehicle id="4" x="669.51" y="598.35" angle="90.00" type="DEFAULT_VEHTYPE" speed="13.48" pos="64.76" lane="3/3to4/3_0" slope="0.00"/>
        <vehicle id="5" x="508.36" y="198.35" angle="90.00" type="DEFAULT_VEHTYPE" speed="13.09" pos="103.61" lane="2/1to3/1_0" slope="0.00"/>
        <vehicle id="6" x="327.64" y="201.65" angle="-90.00" type="DEFAULT_VEHTYPE" speed="13.51" pos="67.61" lane="2/1to1/1_0" slope="0.00"/>
        <vehicle id="7" x="398.35" y="551.28" angle="0.00" type="DEFAULT_VEHTYPE" speed="12.71" pos="43.97" lane="2/3to2/2_0" slope="0.00"/>
        <vehicle id="8" x="134.24" y="201.65" angle="-90.00" type="DEFAULT_VEHTYPE" speed="12.76" pos="61.01" lane="1/1to0/1_0" slope="0.00"/>
        <vehicle id="9" x="201.65" y="392.70" angle="180.00" type="DEFAULT_VEHTYPE" speed="13.59" pos="187.95" lane="1/1to1/2_0" slope="0.00"/>
    </timestep>
    <timestep time="220.00">
        <vehicle id="10" x="601.65" y="309.92" angle="180.00" type="DEFAULT_VEHTYPE" speed="13.42" pos="105.17" lane="3/1to3/2_0" slope="0.00"/>
        <vehicle id="12" x="207.44" y="401.65" angle="-90.00" type="DEFAULT_VEHTYPE" speed="0.55" pos="187.81" lane="2/2to1/2_0" slope="0.00"/>
        <vehicle id="13" x="217.52" y="401.65" angle="-90.00" type="DEFAULT_VEHTYPE" speed="2.15" pos="177.73" lane="2/2to1/2_0" slope="0.00"/>
        <vehicle id="3" x="332.62" y="598.35" angle="90.00" type="DEFAULT_VEHTYPE" speed="13.73" pos="127.87" lane="1/3to2/3_0" slope="0.00"/>
        <vehicle id="4" x="682.58" y="598.35" angle="90.00" type="DEFAULT_VEHTYPE" speed="13.07" pos="77.83" lane="3/3to4/3_0" slope="0.00"/>
        <vehicle id="5" x="521.18" y="198.35" angle="90.00" type="DEFAULT_VEHTYPE" speed="12.82" pos="116.43" lane="2/1to3/1_0" slope="0.00"/>
        <vehicle id="6" x="314.46" y="201.65" angle="-90.00" type="DEFAULT_VEHTYPE" speed="13.19" pos="80.79" lane="2/1to1/1_0" slope="0.00"/>
        <vehicle id="7" x="398.35" y="538.07" angle="0.00" type="DEFAULT_VEHTYPE" speed="13.21" pos="57.18" lane="2/3to2/2_0" slope="0.00"/>
        <vehicle id="8" x="121.22" y="201.65" angle="-90.00" type="DEFAULT_VEHTYPE" speed="13.02" pos="74.03" lane="1/1to0/1_0" slope="0.00"/>
        <vehicle id="9" x="201.65" y="405.87" angle="180.00" type="DEFAULT_VEHTYPE" speed="13.17" pos="1.12" lane="1/2to1/3_0" slope="0.00"/>
    </timestep>
    <timestep time="221.00">
        <vehicle id="10" x="601.65" y="323.63" angle="180.00" type="DEFAULT_VEHTYPE" speed="13.71" pos="118.88" lane="3/1to3/2_0" slope="0.00"/>
        <vehicle id="12" x="204.86" y="401.65" angle="-90.00" type="DEFAULT_VEHTYPE" speed="2.58" pos="190.39" lane="2/2to1/2_0" slope="0.00"/>
        <vehicle id="13" x="215.73" y="401.65" angle="-90.00" type="DEFAULT_VEHTYPE" speed="1.80" pos="179.52" lane="2/2to1/2_0" slope="0.00"/>
        <vehicle id="3" x="345.47" y="598.35" angle="90.00" type="DEFAULT_VEHTYPE" speed="12.85" pos="140.72" lane="1/3to2/3_0" slope="0.00"/>
        <vehicle id="4" x="696.32" y="598.35" angle="90.00" type="DEFAULT_VEHTYPE" speed="13.74" pos="91.57" lane="3/3to4/3_0" slope="0.00"/>
        <vehicle id="5" x="533.92" y="198.35" angle="90.00" type="DEFAULT_VEHTYPE" speed="12.74" pos="129.17" lane="2/1to3/1_0" slope="0.00"/>
        <vehicle id="6" x="300.64" y="201.65" angle="-90.00" type="DEFAULT_VEHTYPE" speed="13.82" pos="94.61" lane="2/1to1/1_0" slope="0.00"/>
        <vehicle id="7" x="398.35" y="524.63" angle="0.00" type="DEFAULT_VEHTYPE" speed="13.44" pos="70.62" lane="2/3to2/2_0" slope="0.00"/>
        <vehicle id="8" x="108.52" y="201.65" angle="-90.00" type="DEFAULT_VEHTYPE" speed="12.70" pos="86.73" lane="1/1to0/1_0" slope="0.00"/>
        <vehicle id="9" x="201.65" y="419.39" angle="180.00" type="DEFAULT_VEHTYPE" speed="13.52" pos="14.64" lane="1/2to1/3_0" slope="0.00"/>
    </timestep>
    <timestep time="222.00">
        <vehicle id="10" x="601.65" y="336.71" angle="180.00" type="DEFAULT_VEHTYPE" speed="13.08" pos="131.96" lane="3/1to3/2_0" slope="0.00"/>
        <vehicle id="12" x="201.11" y="400.74" angle="-79.39" type="DEFAULT_VEHTYPE" speed="3.92" pos="3.81" lane=":1/2_6_0" slope="0.00"/>
        <vehicle id="13" x="214.33" y="401.65" angle="-90.00" type="DEFAULT_VEHTYPE" speed="1.40" pos="180.92" lane="2/2to1/2_0" slope="0.00"/>
        <vehicle id="3" x="358.91" y="598.35" angle="90.00" type="DEFAULT_VEHTYPE" speed="13.44" pos="154.16" lane="1/3to2/3_0" slope="0.00"/>
        <vehicle id="4" x="709.28" y="598.35" angle="90.00" type="DEFAULT_VEHTYPE" speed="12.95" pos="104.53" lane="3/3to4/3_0" slope="0.00"/>
        <vehicle id="5" x="547.05" y="198.35" angle="90.00" type="DEFAULT_VEHTYPE" speed="13.13" pos="142.30" lane="2/1to3/1_0" slope="0.00"/>
        <vehicle id="6" x="287.87" y="201.65" angle="-90.00" type="DEFAULT_VEHTYPE" speed="12.77" pos="107.38" lane="2/1to1/1_0" slope="0.00"/>
        <vehicle id="7" x="398.35" y="510.79" angle="0.00" type="DEFAULT_VEHTYPE" speed="13.84" pos="84.46" lane="2/3to2/2_0" slope="0.00"/>
        <vehicle id="8" x="95.24" y="201.65" angle="-90.00" type="DEFAULT_VEHTYPE" speed="13.27" pos="100.01" lane="1/1to0/1_0" slope="0.00"/>
        <vehicle id="9" x="201.65" y="432.28" angle="180.00" type="DEFAULT_VEHTYPE" speed="12.89" pos="27.53" lane="1/2to1/3_0" slope="0.00"/>
    </timestep>
    <timestep time="223.00">
        <vehicle id="10" x="601.65" y="350.26" angle="180.00" type="DEFAULT_VEHTYPE" speed="13.54" pos="145.51" lane="3/1to3/2_0" slope="0.00"/>
        <vehicle id="12" x="198.49" y="396.23" angle="-27.05" type="DEFAULT_VEHTYPE" speed="5.52" pos="9.33" lane=":1/2_6_0" slope="0.00"/>
        <vehicle id="13" x="211.26" y="401.65" angle="-90.00" type="DEFAULT_VEHTYPE" speed="3.07" pos="183.99" lane="2/2to1/2_0" slope="0.00"/>
        <vehicle id="3" x="371.31" y="598.35" angle="90.00" type="DEFAULT_VEHTYPE" speed="12.40" pos="166.56" lane="1/3to2/3_0" slope="0.00"/>
        <vehicle id="4" x="722.69" y="598.35" angle="90.00" type="DEFAULT_VEHTYPE" speed="13.41" pos="117.94" lane="3/3to4/3_0" slope="0.00"/>
        <vehicle id="5" x="560.86" y="198.35" angle="90.00" type="DEFAULT_VEHTYPE" speed="13.80" pos="156.11" lane="2/1to3/1_0" slope="0.00"/>
        <vehicle id="6" x="274.18" y="201.65" angle="-90.00" type="DEFAULT_VEHTYPE" speed="13.68" pos="121.07" lane="2/1to1/1_0" slope="0.00"/>
        <vehicle id="7" x="398.35" y="497.72" angle="0.00" type="DEFAULT_VEHTYPE" speed="13.07" pos="97.53" lane="2/3to2/2_0" slope="0.00"/>
        <vehicle id="8" x="81.81" y="201.65" angle="-90.00" type="DEFAULT_VEHTYPE" speed="13.43" pos="113.44" lane="1/1to0/1_0" slope="0.00"/>
        <vehicle id="9" x="201.65" y="445.53" angle="180.00" type="DEFAULT_VEHTYPE" speed="13.25" pos="40.78" lane="1/2to1/3_0" slope="0.00"/>
    </timestep>
    <timestep time="224.00">
        <vehicle id="10" x="601.65" y="363.95" angle="180.00" type="DEFAULT_VEHTYPE" speed="13.69" pos="159.20" lane="3/1to3/2_0" slope="0.00"/>
        <vehicle id="12" x="198.35" y="388.76" angle="0.00" type="DEFAULT_VEHTYPE" speed="7.48" pos="6.49" lane="1/2to1/1_0" slope="0.00"/>
        <vehicle id="13" x="206.28" y="401.65" angle="-90.00" type="DEFAULT_VEHTYPE" speed="4.97" pos="188.97" lane="2/2to1/2_0" slope="0.00"/>
        <vehicle id="3" x="380.55" y="598.35" angle="90.00" type="DEFAULT_VEHTYPE" speed="9.24" pos="175.80" lane="1/3to2/3_0" slope="0.00"/>
        <vehicle id="4" x="735.44" y="598.35" angle="90.00" type="DEFAULT_VEHTYPE" speed="12.76" pos="130.69" lane="3/3to4/3_0" slope="0.00"/>
        <vehicle id="5" x="573.13" y="198.35" angle="90.00" type="DEFAULT_VEHTYPE" speed="12.27" pos="168.38" lane="2/1to3/1_0" slope="0.00"/>
        <vehicle id="6" x="261.15" y="201.65" angle="-90.00" type="DEFAULT_VEHTYPE" speed="13.03" pos="134.10" lane="2/1to1/1_0" slope="0.00"/>
        <vehicle id="7" x="398.35" y="484.93" angle="0.00" type="DEFAULT_VEHTYPE" speed="12.79" pos="110.32" lane="2/3to2/2_0" slope="0.00"/>
        <vehicle id="8" x="68.05" y="201.65" angle="-90.00" type="DEFAULT_VEHTYPE" speed="13.76" pos="127.20" lane="1/1to0/1_0" slope="0.00"/>
        <vehicle id="9" x="201.65" y="458.83" angle="180.00" type="DEFAULT_VEHTYPE" speed="13.30" pos="54.08" lane="1/2to1/3_0" slope="0.00"/>
    </timestep>
    <timestep time="225.00">
        <vehicle id="10" x="601.65" y="375.64" angle="180.00" type="DEFAULT_VEHTYPE" speed="11.70" pos="170.89" lane="3/1to3/2_0" slope="0.00"/>
        <vehicle id="12" x="198.35" y="378.87" angle="0.00" type="DEFAULT_VEHTYPE" speed="9.89" pos="16.38" lane="1/2to1/1_0" slope="0.00"/>
        <vehicle id="13" x="199.79" y="399.79" angle="-68.24" type="DEFAULT_VEHTYPE" speed="7.00" pos="5.46" lane=":1/2_6_0" slope="0.00"/>
        <vehicle id="3" x="386.30" y="598.35" angle="90.00" type="DEFAULT_VEHTYPE" speed="5.75" pos="181.55" lane="1/3to2/3_0" slope="0.00"/>
        <vehicle id="4" x="749.03" y="598.35" angle="90.00" type="DEFAULT_VEHTYPE" speed="13.59" pos="144.28" lane="3/3to4/3_0" slope="0.00"/>
        <vehicle id="5" x="582.46" y="198.35" angle="90.00" type="DEFAULT_VEHTYPE" speed="9.33" pos="177.71" lane="2/1to3/1_0" slope="0.00"/>
        <vehicle id="6" x="248.51" y="201.65" angle="-90.00" type="DEFAULT_VEHTYPE" speed="12.64" pos="146.74" lane="2/1to1/1_0" slope="0.00"/>
        <vehicle id="7" x="398.35" y="471.57" angle="0.00" type="DEFAULT_VEHTYPE" speed="13.36" pos="123.68" lane="2/3to2/2_0" slope="0.00"/>
        <vehicle id="8" x="55.15" y="201.65" angle="-90.00" type="DEFAULT_VEHTYPE" speed="12.90" pos="140.10" lane="1/1to0/1_0" slope="0.00"/>
        <vehicle id="9" x="201.65" y="472.21" angle="180.00" type="DEFAULT_VEHTYPE" speed="13.38" pos="67.46" lane="1/2to1/3_0" slope="0.00"/>
    </timestep>
    <timestep time="226.00">
        <vehicle id="10" x="601.65" y="383.44" angle="180.00" type="DEFAULT_VEHTYPE" speed="7.80" pos="178.69" lane="3/1to3/2_0" slope="0.00"/>
        <vehicle id="12" x="198.35" y="367.19" angle="0.00" type="DEFAULT_VEHTYPE" speed="11.68" pos="28.06" lane="1/2to1/1_0" slope="0.00"/>
        <vehicle id="13" x="198.35" y="391.66" angle="-2.30" type="DEFAULT_VEHTYPE" speed="8.44" pos="3.59" lane="1/2to1/1_0" slope="0.00"/>
        <vehicle id="3" x="390.44" y="598.35" angle="90.00" type="DEFAULT_VEHTYPE" speed="4.14" pos="185.69" lane="1/3to2/3_0" slope="0.00"/>
        <vehicle id="4" x="762.63" y="598.35" angle="90.00" type="DEFAULT_VEHTYPE" speed="13.60" pos="157.88" lane="3/3to4/3_0" slope="0.00"/>
        <vehicle id="5" x="588.09" y="198.35" angle="90.00" type="DEFAULT_VEHTYPE" speed="5.63" pos="183.34" lane="2/1to3/1_0" slope="0.00"/>
        <vehicle id="6" x="235.45" y="201.65" angle="-90.00" type="DEFAULT_VEHTYPE" speed="13.06" pos="159.80" lane="2/1to1/1_0" slope="0.00"/>
        <vehicle id="7" x="398.35" y="457.87" angle="0.00" type="DEFAULT_VEHTYPE" speed="13.70" pos="137.38" lane="2/3to2/2_0" slope="0.00"/>
        <vehicle id="8" x="41.80" y="201.65" angle="-90.00" type="DEFAULT_VEHTYPE" speed="13.35" pos="153.45" lane="1/1to0/1_0" slope="0.00"/>
        <vehicle id="9" x="201.65" y="485.74" angle="180.00" type="DEFAULT_VEHTYPE" speed="13.53" pos="80.99" lane="1/2to1/3_0" slope="0.00"/>
    </timestep>
    <timestep time="227.00">
        <vehicle id="10" x="601.65" y="388.40" angle="180.00" type="DEFAULT_VEHTYPE" speed="4.96" pos="183.65" lane="3/1to3/2_0" slope="0.00"/>
        <vehicle id="12" x="198.35" y="354.57" angle="0.00" type="DEFAULT_VEHTYPE" speed="12.63" pos="40.68" lane="1/2to1/1_0" slope="0.00"/>
        <vehicle id="13" x="198.35" y="381.03" angle="0.00" type="DEFAULT_VEHTYPE" speed="10.63" pos="14.22" lane="1/2to1/1_0" slope="0.00"/>
        <vehicle id="3" x="396.03" y="598.46" angle="91.28" type="DEFAULT_VEHTYPE" speed="5.60" pos="0.79" lane=":2/3_14_0" slope="0.00"/>
        <vehicle id="4" x="775.92" y="598.35" angle="90.00" type="DEFAULT_VEHTYPE" speed="13.29" pos="171.17" lane="3/3to4/3_0" slope="0.00"/>
        <vehicle id="5" x="591.06" y="198.35" angle="90.00" type="DEFAULT_VEHTYPE" speed="2.96" pos="186.31" lane="2/1to3/1_0" slope="0.00"/>
        <vehicle id="6" x="224.27" y="201.65" angle="-90.00" type="DEFAULT_VEHTYPE" speed="11.18" pos="170.98" lane="2/1to1/1_0" slope="0.00"/>
        <vehicle id="7" x="398.35" y="444.87" angle="0.00" type="DEFAULT_VEHTYPE" speed="13.00" pos="150.38" lane="2/3to2/2_0" slope="0.00"/>
        <vehicle id="8" x="27.94" y="201.65" angle="-90.00" type="DEFAULT_VEHTYPE" speed="13.86" pos="167.31" lane="1/1to0/1_0" slope="0.00"/>
        <vehicle id="9" x="201.65" y="499.48" angle="180.00" type="DEFAULT_VEHTYPE" speed="13.73" pos="94.73" lane="1/2to1/3_0" slope="0.00"/>
    </timestep>
    <timestep time="228.00">
        <vehicle id="10" x="601.57" y="395.81" angle="-179.08" type="DEFAULT_VEHTYPE" speed="7.42" pos="0.57" lane=":3/2_10_0" slope="0.00"/>
        <vehicle id="12" x="198.35" y="341.33" angle="0.00" type="DEFAULT_VEHTYPE" speed="13.24" pos="53.92" lane="1/2to1/1_0" slope="0.00"/>
        <vehicle id="13" x="198.35" y="368.69" angle="0.00" type="DEFAULT_VEHTYPE" speed="12.34" pos="26.56" lane="1/2to1/1_0" slope="0.00"/>
        <vehicle id="3" x="401.33" y="602.54" angle="140.04" type="DEFAULT_VEHTYPE" speed="7.30" pos="8.09" lane=":2/3_14_0" slope="0.00"/>
        <vehicle id="4" x="789.13" y="598.35" angle="90.00" type="DEFAULT_VEHTYPE" speed="13.20" pos="184.38" lane="3/3to4/3_0" slope="0.00"/>
        <vehicle id="5" x="596.43" y="198.35" angle="90.00" type="DEFAULT_VEHTYPE" speed="5.37" pos="1.18" lane=":3/1_13_0" slope="0.00"/>
        <vehicle id="6" x="215.96" y="201.65" angle="-90.00" type="DEFAULT_VEHTYPE" speed="8.31" pos="179.29" lane="2/1to1/1_0" slope="0.00"/>
        <vehicle id="7" x="398.35" y="431.26" angle="0.00" type="DEFAULT_VEHTYPE" speed="13.61" pos="163.99" lane="2/3to2/2_0" slope="0.00"/>
        <vehicle id="8" x="14.72" y="201.65" angle="-90.00" type="DEFAULT_VEHTYPE" speed="13.22" pos="180.53" lane="1/1to0/1_0" slope="0.00"/>
        <vehicle id="9" x="201.65" y="512.46" angle="180.00" type="DEFAULT_VEHTYPE" speed="12.99" pos="107.71" lane="1/2to1/3_0" slope="0.00"/>
    </timestep>
    <timestep time="229.00">
        <vehicle id="10" x="595.13" y="401.65" angle="-107.29" type="DEFAULT_VEHTYPE" speed="9.87" pos="0.12" lane="3/2to2/2_0" slope="0.00"/>
        <vehicle id="12" x="198.35" y="327.88" angle="0.00" type="DEFAULT_VEHTYPE" speed="13.45" pos="67.37" lane="1/2to1/1_0" slope="0.00"/>
        <vehicle id="13" x="198.35" y="355.83" angle="0.00" type="DEFAULT_VEHTYPE" speed="12.86" pos="39.42" lane="1/2to1/1_0" slope="0.00"/>
        <vehicle id="3" x="401.65" y="612.14" angle="180.00" type="DEFAULT_VEHTYPE" speed="9.63" pos="7.39" lane="2/3to2/4_0" slope="0.00"/>
        <vehicle id="4" x="801.35" y="599.40" angle="102.76" type="DEFAULT_VEHTYPE" speed="12.61" pos="1.73" lane=":4/3_0_0" slope="0.00"/>
        <vehicle id="5" x="603.77" y="198.35" angle="90.00" type="DEFAULT_VEHTYPE" speed="7.34" pos="8.52" lane=":3/1_13_0" slope="0.00"/>
        <vehicle id="6" x="211.68" y="201.65" angle="-90.00" type="DEFAULT_VEHTYPE" speed="4.28" pos="183.57" lane="2/1to1/1_0" slope="0.00"/>
        <vehicle id="7" x="398.35" y="418.40" angle="0.00" type="DEFAULT_VEHTYPE" speed="12.86" pos="176.85" lane="2/3to2/2_0" slope="0.00"/>
        <vehicle id="8" x="1.78" y="201.65" angle="-90.00" type="DEFAULT_VEHTYPE" speed="12.94" pos="193.47" lane="1/1to0/1_0" slope="0.00"/>
        <vehicle id="9" x="201.65" y="525.20" angle="180.00" type="DEFAULT_VEHTYPE" speed="12.74" pos="120.45" lane="1/2to1/3_0" slope="0.00"/>
    </timestep>
    <timestep time="230.00">
        <vehicle id="10" x="583.14" y="401.65" angle="-90.00" type="DEFAULT_VEHTYPE" speed="11.99" pos="12.11" lane="3/2to2/2_0" slope="0.00"/>
        <vehicle id="12" x="198.35" y="314.18" angle="0.00" type="DEFAULT_VEHTYPE" speed="13.70" pos="81.07" lane="1/2to1/1_0" slope="0.00"/>
        <vehicle id="13" x="198.35" y="342.30" angle="0.00" type="DEFAULT_VEHTYPE" speed="13.53" pos="52.95" lane="1/2to1/1_0" slope="0.00"/>
        <vehicle id="3" x="401.65" y="623.75" angle="180.00" type="DEFAULT_VEHTYPE" speed="11.60" pos="19.00" lane="2/3to2/4_0" slope="0.00"/>
        <vehicle id="4" x="789.84" y="601.65" angle="-90.00" type="DEFAULT_VEHTYPE" speed="13.24" pos="10.16" lane="4/3to3/3_0" slope="0.00"/>
        <vehicle id="5" x="613.21" y="198.35" angle="90.00" type="DEFAULT_VEHTYPE" speed="9.44" pos="8.46" lane="3/1to4/1_0" slope="0.00"/>
        <vehicle id="6" x="204.99" y="201.65" angle="-90.00" type="DEFAULT_VEHTYPE" speed="6.69" pos="190.26" lane="2/1to1/1_0" slope="0.00"/>
        <vehicle id="7" x="398.35" y="404.84" angle="0.00" type="DEFAULT_VEHTYPE" speed="13.56" pos="190.41" lane="2/3to2/2_0" slope="0.00"/>
        <vehicle id="8" x="6.59" y="198.35" angle="90.00" type="DEFAULT_VEHTYPE" speed="13.19" pos="6.59" lane="0/1to1/1_0" slope="0.00"/>
        <vehicle id="9" x="201.65" y="538.80" angle="180.00" type="DEFAULT_VEHTYPE" speed="13.61" pos="134.05" lane="1/2to1/3_0" slope="0.00"/>
    </timestep>
    <timestep time="231.00">
        <vehicle id="10" x="569.59" y="401.65" angle="-90.00" type="DEFAULT_VEHTYPE" speed="13.55" pos="25.66" lane="3/2to2/2_0" slope="0.00"/>
        <vehicle id="12" x="198.35" y="301.05" angle="0.00" type="DEFAULT_VEHTYPE" speed="13.12" pos="94.20" lane="1/2to1/1_0" slope="0.00"/>
        <vehicle id="13" x="198.35" y="329.21" angle="0.00" type="DEFAULT_VEHTYPE" speed="13.09" pos="66.04" lane="1/2to1/1_0" slope="0.00"/>
        <vehicle id="3" x="401.65" y="636.39" angle="180.00" type="DEFAULT_VEHTYPE" speed="12.65" pos="31.64" lane="2/3to2/4_0" slope="0.00"/>
        <vehicle id="4" x="776.48" y="601.65" angle="-90.00" type="DEFAULT_VEHTYPE" speed="13.36" pos="23.52" lane="4/3to3/3_0" slope="0.00"/>
        <vehicle id="5" x="624.62" y="198.35" angle="90.00" type="DEFAULT_VEHTYPE" speed="11.41" pos="19.87" lane="3/1to4/1_0" slope="0.00"/>
        <vehicle id="6" x="201.65" y="208.14" angle="-176.40" type="DEFAULT_VEHTYPE" speed="8.63" pos="3.39" lane="1/1to1/2_0" slope="0.00"/>
        <vehicle id="7" x="387.32" y="401.65" angle="-90.00" type="DEFAULT_VEHTYPE" speed="13.02" pos="7.93" lane="2/2to1/2_0" slope="0.00"/>
        <vehicle id="8" x="19.87" y="198.35" angle="90.00" type="DEFAULT_VEHTYPE" speed="13.28" pos="19.87" lane="0/1to1/1_0" slope="0.00"/>
        <vehicle id="9" x="201.65" y="552.49" angle="180.00" type="DEFAULT_VEHTYPE" speed="13.69" pos="147.74" lane="1/2to1/3_0" slope="0.00"/>
    </timestep>
    <timestep time="232.00">
        <vehicle id="10" x="555.83" y="401.65" angle="-90.00" type="DEFAULT_VEHTYPE" speed="13.76" pos="39.42" lane="3/2to2/2_0" slope="0.00"/>
        <vehicle id="12" x="198.35" y="287.28" angle="0.00" type="DEFAULT_VEHTYPE" speed="13.77" pos="107.97" lane="1/2to1/1_0" slope="0.00"/>
        <vehicle id="13" x="198.35" y="316.36" angle="0.00" type="DEFAULT_VEHTYPE" speed="12.85" pos="78.89" lane="1/2to1/1_0" slope="0.00"/>
        <vehicle id="3" x="401.65" y="649.44" angle="180.00" type="DEFAULT_VEHTYPE" speed="13.05" pos="44.69" lane="2/3to2/4_0" slope="0.00"/>
        <vehicle id="4" x="763.34" y="601.65" angle="-90.00" type="DEFAULT_VEHTYPE" speed="13.14" pos="36.66" lane="4/3to3/3_0" slope="0.00"/>
        <vehicle id="5" x="638.21" y="198.35" angle="90.00" type="DEFAULT_VEHTYPE" speed="13.58" pos="33.46" lane="3/1to4/1_0" slope="0.00"/>
        <vehicle id="6" x="201.65" y="218.35" angle="180.00" type="DEFAULT_VEHTYPE" speed="10.21" pos="13.60" lane="1/1to1/2_0" slope="0.00"/>
        <vehicle id="7" x="373.87" y="401.65" angle="-90.00" type="DEFAULT_VEHTYPE" speed="13.45" pos="21.38" lane="2/2to1/2_0" slope="0.00"/>
        <vehicle id="8" x="33.58" y="198.35" angle="90.00" type="DEFAULT_VEHTYPE" speed="13.71" pos="33.58" lane="0/1to1/1_0" slope="0.00"/>
        <vehicle id="9" x="201.65" y="565.47" angle="180.00" type="DEFAULT_VEHTYPE" speed="12.98" pos="160.72" lane="1/2to1/3_0" slope="0.00"/>
    </timestep>
    <timestep time="233.00">
        <vehicle id="10" x="543.09" y="401.65" angle="-90.00" type="DEFAULT_VEHTYPE" speed="12.74" pos="52.16" lane="3/2to2/2_0" slope="0.00"/>
        <vehicle id="12" x="198.35" y="274.63" angle="0.00" type="DEFAULT_VEHTYPE" speed="12.65" pos="120.62" lane="1/2to1/1_0" slope="0.00"/>
        <vehicle id="13" x="198.35" y="303.68" angle="0.00" type="DEFAULT_VEHTYPE" speed="12.68" pos="91.57" lane="1/2to1/1_0" slope="0.00"/>
        <vehicle id="3" x="401.65" y="663.14" angle="180.00" type="DEFAULT_VEHTYPE" speed="13.70" pos="58.39" lane="2/3to2/4_0" slope="0.00"/>
        <vehicle id="4" x="749.63" y="601.65" angle="-90.00" type="DEFAULT_VEHTYPE" speed="13.70" pos="50.37" lane="4/3to3/3_0" slope="0.00"/>
        <vehicle id="5" x="651.67" y="198.35" angle="90.00" type="DEFAULT_VEHTYPE" speed="13.47" pos="46.92" lane="3/1to4/1_0" slope="0.00"/>
        <vehicle id="6" x="201.65" y="230.70" angle="180.00" type="DEFAULT_VEHTYPE" speed="12.35" pos="25.95" lane="1/1to1/2_0" slope="0.00"/>
        <vehicle id="7" x="360.31" y="401.65" angle="-90.00" type="DEFAULT_VEHTYPE" speed="13.55" pos="34.94" lane="2/2to1/2_0" slope="0.00"/>
        <vehicle id="8" x="46.88" y="198.35" angle="90.00" type="DEFAULT_VEHTYPE" speed="13.30" pos="46.88" lane="0/1to1/1_0" slope="0.00"/>
        <vehicle id="9" x="201.65" y="579.34" angle="180.00" type="DEFAULT_VEHTYPE" speed="13.86" pos="174.59" lane="1/2to1/3_0" slope="0.00"/>
    </timestep>
    <timestep time="234.00">
        <vehicle id="10" x="530.12" y="401.65" angle="-90.00" type="DEFAULT_VEHTYPE" speed="12.97" pos="65.13" lane="3/2to2/2_0" slope="0.00"/>
        <vehicle id="12" x="198.35" y="261.45" angle="0.00" type="DEFAULT_VEHTYPE" speed="13.19" pos="133.80" lane="1/2to1/1_0" slope="0.00"/>
        <vehicle id="13" x="198.35" y="290.31" angle="0.00" type="DEFAULT_VEHTYPE" speed="13.37" pos="104.94" lane="1/2to1/1_0" slope="0.00"/>
        <vehicle id="3" x="401.65" y="676.02" angle="180.00" type="DEFAULT_VEHTYPE" speed="12.88" pos="71.27" lane="2/3to2/4_0" slope="0.00"/>
        <vehicle id="4" x="736.98" y="601.65" angle="-90.00" type="DEFAULT_VEHTYPE" speed="12.65" pos="63.02" lane="4/3to3/3_0" slope="0.00"/>
        <vehicle id="5" x="664.86" y="198.35" angle="90.00" type="DEFAULT_VEHTYPE" speed="13.18" pos="60.11" lane="3/1to4/1_0" slope="0.00"/>
        <vehicle id="6" x="201.65" y="244.16" angle="180.00" type="DEFAULT_VEHTYPE" speed="13.45" pos="39.41" lane="1/1to1/2_0" slope="0.00"/>
        <vehicle id="7" x="347.11" y="401.65" angle="-90.00" type="DEFAULT_VEHTYPE" speed="13.20" pos="48.14" lane="2/2to1/2_0" slope="0.00"/>
        <vehicle id="8" x="60.10" y="198.35" angle="90.00" type="DEFAULT_VEHTYPE" speed="13.22" pos="60.10" lane="0/1to1/1_0" slope="0.00"/>
        <vehicle id="9" x="201.65" y="592.86" angle="180.00" type="DEFAULT_VEHTYPE" speed="13.53" pos="188.11" lane="1/2to1/3_0" slope="0.00"/>
    </timestep>
    <timestep time="235.00">
        <vehicle id="10" x="516.65" y="401.65" angle="-90.00" type="DEFAULT_VEHTYPE" speed="13.48" pos="78.60" lane="3/2to2/2_0" slope="0.00"/>
        <vehicle id="12" x="198.35" y="247.58" angle="0.00" type="DEFAULT_VEHTYPE" speed="13.86" pos="147.67" lane="1/2to1/1_0" slope="0.00"/>
        <vehicle id="13" x="198.35" y="276.50" angle="0.00" type="DEFAULT_VEHTYPE" speed="13.81" pos="118.75" lane="1/2to1/1_0" slope="0.00"/>
        <vehicle id="3" x="401.65" y="688.95" angle="180.00" type="DEFAULT_VEHTYPE" speed="12.93" pos="84.20" lane="2/3to2/4_0" slope="0.00"/>
        <vehicle id="4" x="723.94" y="601.65" angle="-90.00" type="DEFAULT_VEHTYPE" speed="13.04" pos="76.06" lane="4/3to3/3_0" slope="0.00"/>
        <vehicle id="5" x="678.18" y="198.35" angle="90.00" type="DEFAULT_VEHTYPE" speed="13.33" pos="73.43" lane="3/1to4/1_0" slope="0.00"/>
        <vehicle id="6" x="201.65" y="257.11" angle="180.00" type="DEFAULT_VEHTYPE" speed="12.96" pos="52.36" lane="1/1to1/2_0" slope="0.00"/>
        <vehicle id="7" x="334.28" y="401.65" angle="-90.00" type="DEFAULT_VEHTYPE" speed="12.84" pos="60.97" lane="2/2to1/2_0" slope="0.00"/>
        <vehicle id="8" x="73.76" y="198.35" angle="90.00" type="DEFAULT_VEHTYPE" speed="13.67" pos="73.76" lane="0/1to1/1_0" slope="0.00"/>
        <vehicle id="9" x="210.91" y="598.35" angle="90.00" type="DEFAULT_VEHTYPE" speed="13.55" pos="6.16" lane="1/3to2/3_0" slope="0.00"/>
    </timestep>
    <timestep time="236.00">
        <vehicle id="10" x="503.78" y="401.65" angle="-90.00" type="DEFAULT_VEHTYPE" speed="12.87" pos="91.47" lane="3/2to2/2_0" slope="0.00"/>
        <vehicle id="12" x="198.35" y="234.51" angle="0.00" type="DEFAULT_VEHTYPE" speed="13.07" pos="160.74" lane="1/2to1/1_0" slope="0.00"/>
        <vehicle id="13" x="198.35" y="263.83" angle="0.00" type="DEFAULT_VEHTYPE" speed="12.67" pos="131.42" lane="1/2to1/1_0" slope="0.00"/>
        <vehicle id="3" x="401.65" y="702.17" angle="180.00" type="DEFAULT_VEHTYPE" speed="13.23" pos="97.42" lane="2/3to2/4_0" slope="0.00"/>
        <vehicle id="4" x="710.06" y="601.65" angle="-90.00" type="DEFAULT_VEHTYPE" speed="13.88" pos="89.94" lane="4/3to3/3_0" slope="0.00"/>
        <vehicle id="5" x="691.13" y="198.35" angle="90.00" type="DEFAULT_VEHTYPE" speed="12.94" pos="86.38" lane="3/1to4/1_0" slope="0.00"/>
        <vehicle id="6" x="201.65" y="270.73" angle="180.00" type="DEFAULT_VEHTYPE" speed="13.61" pos="65.98" lane="1/1to1/2_0" slope="0.00"/>
        <vehicle id="7" x="321.56" y="401.65" angle="-90.00" type="DEFAULT_VEHTYPE" speed="12.72" pos="73.69" lane="2/2to1/2_0" slope="0.00"/>
        <vehicle id="8" x="86.45" y="198.35" angle="90.00" type="DEFAULT_VEHTYPE" speed="12.68" pos="86.45" lane="0/1to1/1_0" slope="0.00"/>
        <vehicle id="9" x="223.85" y="598.35" angle="90.00" type="DEFAULT_VEHTYPE" speed="12.94" pos="19.10" lane="1/3to2/3_0" slope="0.00"/>
    </timestep>
    <timestep time="237.00">
        <vehicle id="10" x="490.92" y="401.65" angle="-90.00" type="DEFAULT_VEHTYPE" speed="12.86" pos="104.33" lane="3/2to2/2_0" slope="0.00"/>
        <vehicle id="12" x="198.35" y="220.98" angle="0.00" type="DEFAULT_VEHTYPE" speed="13.53" pos="174.27" lane="1/2to1/1_0" slope="0.00"/>
        <vehicle id="13" x="198.35" y="251.22" angle="0.00" type="DEFAULT_VEHTYPE" speed="12.61" pos="144.03" lane="1/2to1/1_0" slope="0.00"/>
        <vehicle id="3" x="401.65" y="716.04" angle="180.00" type="DEFAULT_VEHTYPE" speed="13.87" pos="111.29" lane="2/3to2/4_0" slope="0.00"/>
        <vehicle id="4" x="696.17" y="601.65" angle="-90.00" type="DEFAULT_VEHTYPE" speed="13.89" pos="103.83" lane="4/3to3/3_0" slope="0.00"/>
        <vehicle id="5" x="704.04" y="198.35" angle="90.00" type="DEFAULT_VEHTYPE" speed="12.91" pos="99.29" lane="3/1to4/1_0" slope="0.00"/>
        <vehicle id="6" x="201.65" y="283.73" angle="180.00" type="DEFAULT_VEHTYPE" speed="13.00" pos="78.98" lane="1/1to1/2_0" slope="0.00"/>
        <vehicle id="7" x="308.55" y="401.65" angle="-90.00" type="DEFAULT_VEHTYPE" speed="13.01" pos="86.70" lane="2/2to1/2_0" slope="0.00"/>
        <vehicle id="8" x="99.46" y="198.35" angle="90.00" type="DEFAULT_VEHTYPE" speed="13.01" pos="99.46" lane="0/1to1/1_0" slope="0.00"/>
        <vehicle id="9" x="236.84" y="598.35" angle="90.00" type="DEFAULT_VEHTYPE" speed="12.99" pos="32.09" lane="1/3to2/3_0" slope="0.00"/>
    </timestep>
    <timestep time="238.00">
        <vehicle id="10" x="477.39" y="401.65" angle="-90.00" type="DEFAULT_VEHTYPE" speed="13.53" pos="117.86" lane="3/2to2/2_0" slope="0.00"/>
        <vehicle id="12" x="198.35" y="207.56" angle="0.00" type="DEFAULT_VEHTYPE" speed="13.42" pos="187.69" lane="1/2to1/1_0" slope="0.00"/>
        <vehicle id="13" x="198.35" y="238.28" angle="0.00" type="DEFAULT_VEHTYPE" speed="12.93" pos="156.97" lane="1/2to1/1_0" slope="0.00"/>
        <vehicle id="3" x="401.65" y="728.93" angle="180.00" type="DEFAULT_VEHTYPE" speed="12.89" pos="124.18" lane="2/3to2/4_0" slope="0.00"/>
        <vehicle id="4" x="682.98" y="601.65" angle="-90.00" type="DEFAULT_VEHTYPE" speed="13.19" pos="117.02" lane="4/3to3/3_0" slope="0.00"/>
        <vehicle id="5" x="717.26" y="198.35" angle="90.00" type="DEFAULT_VEHTYPE" speed="13.22" pos="112.51" lane="3/1to4/1_0" slope="0.00"/>
        <vehicle id="6" x="201.65" y="297.59" angle="180.00" type="DEFAULT_VEHTYPE" speed="13.86" pos="92.84" lane="1/1to1/2_0" slope="0.00"/>
        <vehicle id="7" x="295.10" y="401.65" angle="-90.00" type="DEFAULT_VEHTYPE" speed="13.45" pos="100.15" lane="2/2to1/2_0" slope="0.00"/>
        <vehicle id="8" x="112.11" y="198.35" angle="90.00" type="DEFAULT_VEHTYPE" speed="12.65" pos="112.11" lane="0/1to1/1_0" slope="0.00"/>
        <vehicle id="9" x="250.30" y="598.35" angle="90.00" type="DEFAULT_VEHTYPE" speed="13.46" pos="45.55" lane="1/3to2/3_0" slope="0.00"/>
    </timestep>
    <timestep time="239.00">
        <vehicle id="10" x="464.17" y="401.65" angle="-90.00" type="DEFAULT_VEHTYPE" speed="13.22" pos="131.08" lane="3/2to2/2_0" slope="0.00"/>
        <vehicle id="12" x="190.33" y="201.65" angle="-89.87" type="DEFAULT_VEHTYPE" speed="12.73" pos="4.92" lane="1/1to0/1_0" slope="0.00"/>
        <vehicle id="13" x="198.35" y="224.70" angle="0.00" type="DEFAULT_VEHTYPE" speed="13.58" pos="170.55" lane="1/2to1/1_0" slope="0.00"/>
        <vehicle id="3" x="401.65" y="742.50" angle="180.00" type="DEFAULT_VEHTYPE" speed="13.57" pos="137.75" lane="2/3to2/4_0" slope="0.00"/>
        <vehicle id="4" x="669.28" y="601.65" angle="-90.00" type="DEFAULT_VEHTYPE" speed="13.71" pos="130.72" lane="4/3to3/3_0" slope="0.00"/>
        <vehicle id="5" x="730.04" y="198.35" angle="90.00" type="DEFAULT_VEHTYPE" speed="12.78" pos="125.29" lane="3/1to4/1_0" slope="0.00"/>
        <vehicle id="6" x="201.65" y="310.41" angle="180.00" type="DEFAULT_VEHTYPE" speed="12.82" pos="105.66" lane="1/1to1/2_0" slope="0.00"/>
        <vehicle id="7" x="281.99" y="401.65" angle="-90.00" type="DEFAULT_VEHTYPE" speed="13.11" pos="113.26" lane="2/2to1/2_0" slope="0.00"/>
        <vehicle id="8" x="125.66" y="198.35" angle="90.00" type="DEFAULT_VEHTYPE" speed="13.55" pos="125.66" lane="0/1to1/1_0" slope="0.00"/>
        <vehicle id="9" x="263.72" y="598.35" angle="90.00" type="DEFAULT_VEHTYPE" speed="13.41" pos="58.97" lane="1/3to2/3_0" slope="0.00"/>
    </timestep>
    <timestep time="240.00">
        <vehicle id="10" x="450.96" y="401.65" angle="-90.00" type="DEFAULT_VEHTYPE" speed="13.22" pos="144.29" lane="3/2to2/2_0" slope="0.00"/>
        <vehicle id="12" x="177.40" y="201.65" angle="-90.00" type="DEFAULT_VEHTYPE" speed="12.93" pos="17.85" lane="1/1to0/1_0" slope="0.00"/>
        <vehicle id="13" x="198.35" y="211.21" angle="0.00" type="DEFAULT_VEHTYPE" speed="13.49" pos="184.04" lane="1/2to1/1_0" slope="0.00"/>
        <vehicle id="3" x="401.65" y="756.39" angle="180.00" type="DEFAULT_VEHTYPE" speed="13.89" pos="151.64" lane="2/3to2/4_0" slope="0.00"/>
        <vehicle id="4" x="656.31" y="601.65" angle="-90.00" type="DEFAULT_VEHTYPE" speed="12.96" pos="143.69" lane="4/3to3/3_0" slope="0.00"/>
        <vehicle id="5" x="743.69" y="198.35" angle="90.00" type="DEFAULT_VEHTYPE" speed="13.65" pos="138.94" lane="3/1to4/1_0" slope="0.00"/>
        <vehicle id="6" x="201.65" y="323.68" angle="180.00" type="DEFAULT_VEHTYPE" speed="13.27" pos="118.93" lane="1/1to1/2_0" slope="0.00"/>
        <vehicle id="7" x="268.32" y="401.65" angle="-90.00" type="DEFAULT_VEHTYPE" speed="13.67" pos="126.93" lane="2/2to1/2_0" slope="0.00"/>
        <vehicle id="8" x="138.94" y="198.35" angle="90.00" type="DEFAULT_VEHTYPE" speed="13.28" pos="138.94" lane="0/1to1/1_0" slope="0.00"/>
        <vehicle id="9" x="277.46" y="598.35" angle="90.00" type="DEFAULT_VEHTYPE" speed="13.75" pos="72.71" lane="1/3to2/3_0" slope="0.00"/>
    </timestep>
    <timestep time="241.00">
        <vehicle id="10" x="437.55" y="401.65" angle="-90.00" type="DEFAULT_VEHTYPE" speed="13.41" pos="157.70" lane="3/2to2/2_0" slope="0.00"/>
        <vehicle id="12" x="164.03" y="201.65" angle="-90.00" type="DEFAULT_VEHTYPE" speed="13.37" pos="31.22" lane="1/1to0/1_0" slope="0.00"/>
        <vehicle id="13" x="193.88" y="201.65" angle="-67.88" type="DEFAULT_VEHTYPE" speed="12.83" pos="1.37" lane="1/1to0/1_0" slope="0.00"/>
        <vehicle id="3" x="401.65" y="769.51" angle="180.00" type="DEFAULT_VEHTYPE" speed="13.12" pos="164.76" lane="2/3to2/4_0" slope="0.00"/>
        <vehicle id="4" x="643.68" y="601.65" angle="-90.00" type="DEFAULT_VEHTYPE" speed="12.64" pos="156.32" lane="4/3to3/3_0" slope="0.00"/>
        <vehicle id="5" x="756.45" y="198.35" angle="90.00" type="DEFAULT_VEHTYPE" speed="12.76" pos="151.70" lane="3/1to4/1_0" slope="0.00"/>
        <vehicle id="6" x="201.65" y="337.27" angle="180.00" type="DEFAULT_VEHTYPE" speed="13.59" pos="132.52" lane="1/1to1/2_0" slope="0.00"/>
        <vehicle id="7" x="254.92" y="401.65" angle="-90.00" type="DEFAULT_VEHTYPE" speed="13.40" pos="140.33" lane="2/2to1/2_0" slope="0.00"/>
        <vehicle id="8" x="152.71" y="198.35" angle="90.00" type="DEFAULT_VEHTYPE" speed="13.77" pos="152.71" lane="0/1to1/1_0" slope="0.00"/>
        <vehicle id="9" x="290.30" y="598.35" angle="90.00" type="DEFAULT_VEHTYPE" speed="12.84" pos="85.55" lane="1/3to2/3_0" slope="0.00"/>
    </timestep>
    <timestep time="242.00">
        <vehicle id="10" x="425.30" y="401.65" angle="-90.00" type="DEFAULT_VEHTYPE" speed="12.25" pos="169.95" lane="3/2to2/2_0" slope="0.00"/>
        <vehicle id="12" x="151.35" y="201.65" angle="-90.00" type="DEFAULT_VEHTYPE" speed="12.68" pos="43.90" lane="1/1to0/1_0" slope="0.00"/>
        <vehicle id="13" x="180.99" y="201.65" angle="-90.00" type="DEFAULT_VEHTYPE" speed="12.88" pos="14.26" lane="1/1to0/1_0" slope="0.00"/>
        <vehicle id="3" x="401.65" y="782.78" angle="180.00" type="DEFAULT_VEHTYPE" speed="13.26" pos="178.03" lane="2/3to2/4_0" slope="0.00"/>
        <vehicle id="4" x="630.32" y="601.65" angle="-90.00" type="DEFAULT_VEHTYPE" speed="13.36" pos="169.68" lane="4/3to3/3_0" slope="0.00"/>
        <vehicle id="5" x="770.11" y="198.35" angle="90.00" type="DEFAULT_VEHTYPE" speed="13.66" pos="165.36" lane="3/1to4/1_0" slope="0.00"/>
        <vehicle id="6" x="201.65" y="350.02" angle="180.00" type="DEFAULT_VEHTYPE" speed="12.75" pos="145.27" lane="1/1to1/2_0" slope="0.00"/>
        <vehicle id="7" x="241.77" y="401.65" angle="-90.00" type="DEFAULT_VEHTYPE" speed="13.15" pos="153.48" lane="2/2to1/2_0" slope="0.00"/>
        <vehicle id="8" x="165.77" y="198.35" angle="90.00" type="DEFAULT_VEHTYPE" speed="13.06" pos="165.77" lane="0/1to1/1_0" slope="0.00"/>
        <vehicle id="9" x="303.91" y="598.35" angle="90.00" type="DEFAULT_VEHTYPE" speed="13.60" pos="99.16" lane="1/3to2/3_0" slope="0.00"/>
    </timestep>
    <timestep time="243.00">
        <vehicle id="10" x="416.41" y="401.65" angle="-90.00" type="DEFAULT_VEHTYPE" speed="8.89" pos="178.84" lane="3/2to2/2_0" slope="0.00"/>
        <vehicle id="12" x="138.07" y="201.65" angle="-90.00" type="DEFAULT_VEHTYPE" speed="13.27" pos="57.18" lane="1/1to0/1_0" slope="0.00"/>
        <vehicle id="13" x="167.28" y="201.65" angle="-90.00" type="DEFAULT_VEHTYPE" speed="13.72" pos="27.97" lane="1/1to0/1_0" slope="0.00"/>
        <vehicle id="3" x="401.65" y="795.51" angle="180.00" type="DEFAULT_VEHTYPE" speed="12.74" pos="190.76" lane="2/3to2/4_0" slope="0.00"/>
        <vehicle id="4" x="620.72" y="601.65" angle="-90.00" type="DEFAULT_VEHTYPE" speed="9.60" pos="179.28" lane="4/3to3/3_0" slope="0.00"/>
        <vehicle id="5" x="783.46" y="198.35" angle="90.00" type="DEFAULT_VEHTYPE" speed="13.35" pos="178.71" lane="3/1to4/1_0" slope="0.00"/>
        <vehicle id="6" x="201.65" y="363.12" angle="180.00" type="DEFAULT_VEHTYPE" speed="13.10" pos="158.37" lane="1/1to1/2_0" slope="0.00"/>
        <vehicle id="7" x="228.67" y="401.65" angle="-90.00" type="DEFAULT_VEHTYPE" speed="13.10" pos="166.58" lane="2/2to1/2_0" slope="0.00"/>
        <vehicle id="8" x="177.14" y="198.35" angle="90.00" type="DEFAULT_VEHTYPE" speed="11.37" pos="177.14" lane="0/1to1/1_0" slope="0.00"/>
        <vehicle id="9" x="317.38" y="598.35" angle="90.00" type="DEFAULT_VEHTYPE" speed="13.48" pos="112.63" lane="1/3to2/3_0" slope="0.00"/>
    </timestep>
    <timestep time="244.00">
        <vehicle id="10" x="411.61" y="401.65" angle="-90.00" type="DEFAULT_VEHTYPE" speed="4.79" pos="183.64" lane="3/2to2/2_0" slope="0.00"/>
        <vehicle id="12" x="124.67" y="201.65" angle="-90.00" type="DEFAULT_VEHTYPE" speed="13.40" pos="70.58" lane="1/1to0/1_0" slope="0.00"/>
        <vehicle id="13" x="154.09" y="201.65" angle="-90.00" type="DEFAULT_VEHTYPE" speed="13.19" pos="41.16" lane="1/1to0/1_0" slope="0.00"/>
        <vehicle id="3" x="398.35" y="796.51" angle="-10.08" type="DEFAULT_VEHTYPE" speed="12.80" pos="3.49" lane="2/4to2/3_0" slope="0.00"/>
        <vehicle id="4" x="614.44" y="601.65" angle="-90.00" type="DEFAULT_VEHTYPE" speed="6.28" pos="185.56" lane="4/3to3/3_0" slope="0.00"/>
        <vehicle id="5" x="797.32" y="198.35" angle="90.00" type="DEFAULT_VEHTYPE" speed="13.86" pos="192.57" lane="3/1to4/1_0" slope="0.00"/>
        <vehicle id="6" x="201.65" y="376.51" angle="180.00" type="DEFAULT_VEHTYPE" speed="13.39" pos="171.76" lane="1/1to1/2_0" slope="0.00"/>
        <vehicle id="7" x="218.68" y="401.65" angle="-90.00" type="DEFAULT_VEHTYPE" speed="9.99" pos="176.57" lane="2/2to1/2_0" slope="0.00"/>
        <vehicle id="8" x="184.66" y="198.35" angle="90.00" type="DEFAULT_VEHTYPE" speed="7.53" pos="184.66" lane="0/1to1/1_0" slope="0.00"/>
        <vehicle id="9" x="331.01" y="598.35" angle="90.00" type="DEFAULT_VEHTYPE" speed="13.63" pos="126.26" lane="1/3to2/3_0" slope="0.00"/>
    </timestep>
    <timestep time="245.00">
        <vehicle id="10" x="404.83" y="401.65" angle="-90.00" type="DEFAULT_VEHTYPE" speed="6.78" pos="190.42" lane="3/2to2/2_0" slope="0.00"/>
        <vehicle id="12" x="111.20" y="201.65" angle="-90.00" type="DEFAULT_VEHTYPE" speed="13.48" pos="84.05" lane="1/1to0/1_0" slope="0.00"/>
        <vehicle id="13" x="141.40" y="201.65" angle="-90.00" type="DEFAULT_VEHTYPE" speed="12.69" pos="53.85" lane="1/1to0/1_0" slope="0.00"/>
        <vehicle id="3" x="398.35" y="783.85" angle="0.00" type="DEFAULT_VEHTYPE" speed="12.65" pos="16.15" lane="2/4to2/3_0" slope="0.00"/>
        <vehicle id="4" x="609.85" y="601.65" angle="-90.00" type="DEFAULT_VEHTYPE" speed="4.59" pos="190.15" lane="4/3to3/3_0" slope="0.00"/>
        <vehicle id="5" x="793.91" y="201.65" angle="-90.00" type="DEFAULT_VEHTYPE" speed="13.60" pos="6.09" lane="4/1to3/1_0" slope="0.00"/>
        <vehicle id="6" x="201.65" y="389.82" angle="180.00" type="DEFAULT_VEHTYPE" speed="13.31" pos="185.07" lane="1/1to1/2_0" slope="0.00"/>
        <vehicle id="7" x="212.89" y="401.65" angle="-90.00" type="DEFAULT_VEHTYPE" speed="5.79" pos="182.36" lane="2/2to1/2_0" slope="0.00"/>
        <vehicle id="8" x="189.63" y="198.35" angle="90.00" type="DEFAULT_VEHTYPE" speed="4.96" pos="189.63" lane="0/1to1/1_0" slope="0.00"/>
        <vehicle id="9" x="344.10" y="598.35" angle="90.00" type="DEFAULT_VEHTYPE" speed="13.09" pos="139.35" lane="1/3to2/3_0" slope="0.00"/>
    </timestep>
    <timestep time="246.00">
        <vehicle id="10" x="398.57" y="396.82" angle="-33.26" type="DEFAULT_VEHTYPE" speed="8.82" pos="8.73" lane=":2/2_6_0" slope="0.00"/>
        <vehicle id="12" x="98.53" y="201.65" angle="-90.00" type="DEFAULT_VEHTYPE" speed="12.67" pos="96.72" lane="1/1to0/1_0" slope="0.00"/>
        <vehicle id="13" x="127.77" y="201.65" angle="-90.00" type="DEFAULT_VEHTYPE" speed="13.63" pos="67.48" lane="1/1to0/1_0" slope="0.00"/>
        <vehicle id="3" x="398.35" y="770.85" angle="0.00" type="DEFAULT_VEHTYPE" speed="13.00" pos="29.15" lane="2/4to2/3_0" slope="0.00"/>
        <vehicle id="4" x="603.14" y="601.42" angle="-87.36" type="DEFAULT_VEHTYPE" speed="6.72" pos="1.63" lane=":3/3_6_0" slope="0.00"/>
        <vehicle id="5" x="780.75" y="201.65" angle="-90.00" type="DEFAULT_VEHTYPE" speed="13.15" pos="19.25" lane="4/1to3/1_0" slope="0.00"/>
        <vehicle id="6" x="201.65" y="403.15" angle="180.00" type="DEFAULT_VEHTYPE" speed="13.34" pos="7.90" lane=":1/2_9_0" slope="0.00"/>
        <vehicle id="7" x="209.85" y="401.65" angle="-90.00" type="DEFAULT_VEHTYPE" speed="3.04" pos="185.40" lane="2/2to1/2_0" slope="0.00"/>
        <vehicle id="8" x="196.29" y="198.21" angle="88.34" type="DEFAULT_VEHTYPE" speed="6.67" pos="1.05" lane=":1/1_12_0" slope="0.00"/>
        <vehicle id="9" x="358.00" y="598.35" angle="90.00" type="DEFAULT_VEHTYPE" speed="13.90" pos="153.25" lane="1/3to2/3_0" slope="0.00"/>
    </timestep>
    <timestep time="247.00">
        <vehicle id="10" x="398.35" y="386.56" angle="0.00" type="DEFAULT_VEHTYPE" speed="10.28" pos="8.69" lane="2/2to2/1_0" slope="0.00"/>
        <vehicle id="12" x="85.08" y="201.65" angle="-90.00" type="DEFAULT_VEHTYPE" speed="13.45" pos="110.17" lane="1/1to0/1_0" slope="0.00"/>
        <vehicle id="13" x="115.11" y="201.65" angle="-90.00" type="DEFAULT_VEHTYPE" speed="12.66" pos="80.14" lane="1/1to0/1_0" slope="0.00"/>
        <vehicle id="3" x="398.35" y="757.96" angle="0.00" type="DEFAULT_VEHTYPE" speed="12.89" pos="42.04" lane="2/4to2/3_0" slope="0.00"/>
        <vehicle id="4" x="598.43" y="595.83" angle="-22.95" type="DEFAULT_VEHTYPE" speed="8.11" pos="9.74" lane=":3/3_6_0" slope="0.00"/>
        <vehicle id="5" x="767.27" y="201.65" angle="-90.00" type="DEFAULT_VEHTYPE" speed="13.49" pos="32.73" lane="4/1to3/1_0" slope="0.00"/>
        <vehicle id="6" x="201.65" y="416.87" angle="180.00" type="DEFAULT_VEHTYPE" speed="13.72" pos="12.12" lane="1/2to1/3_0" slope="0.00"/>
        <vehicle id="7" x="204.96" y="401.65" angle="-90.00" type="DEFAULT_VEHTYPE" speed="4.90" pos="190.29" lane="2/2to1/2_0" slope="0.00"/>
        <vehicle id="8" x="198.35" y="190.69" angle="0.70" type="DEFAULT_VEHTYPE" speed="8.52" pos="4.56" lane="1/1to1/0_0" slope="0.00"/>
        <vehicle id="9" x="370.97" y="598.35" angle="90.00" type="DEFAULT_VEHTYPE" speed="12.98" pos="166.22" lane="1/3to2/3_0" slope="0.00"/>
    </timestep>
    <timestep time="248.00">
        <vehicle id="10" x="398.35" y="374.14" angle="0.00" type="DEFAULT_VEHTYPE" speed="12.42" pos="21.11" lane="2/2to2/1_0" slope="0.00"/>
        <vehicle id="12" x="72.11" y="201.65" angle="-90.00" type="DEFAULT_VEHTYPE" speed="12.97" pos="123.14" lane="1/1to0/1_0" slope="0.00"/>
        <vehicle id="13" x="101.46" y="201.65" angle="-90.00" type="DEFAULT_VEHTYPE" speed="13.66" pos="93.79" lane="1/1to0/1_0" slope="0.00"/>
        <vehicle id="3" x="398.35" y="744.31" angle="0.00" type="DEFAULT_VEHTYPE" speed="13.66" pos="55.69" lane="2/4to2/3_0" slope="0.00"/>
        <vehicle id="4" x="598.35" y="586.25" angle="0.00" type="DEFAULT_VEHTYPE" speed="9.58" pos="9.00" lane="3/3to3/2_0" slope="0.00"/>
        <vehicle id="5" x="754.26" y="201.65" angle="-90.00" type="DEFAULT_VEHTYPE" speed="13.01" pos="45.74" lane="4/1to3/1_0" slope="0.00"/>
        <vehicle id="6" x="201.65" y="430.29" angle="180.00" type="DEFAULT_VEHTYPE" speed="13.42" pos="25.54" lane="1/2to1/3_0" slope="0.00"/>
        <vehicle id="7" x="198.08" y="401.65" angle="-90.00" type="DEFAULT_VEHTYPE" speed="6.88" pos="6.67" lane=":1/2_5_0" slope="0.00"/>
        <vehicle id="8" x="198.35" y="179.90" angle="0.00" type="DEFAULT_VEHTYPE" speed="10.79" pos="15.35" lane="1/1to1/0_0" slope="0.00"/>
        <vehicle id="9" x="379.89" y="598.35" angle="90.00" type="DEFAULT_VEHTYPE" speed="8.92" pos="175.14" lane="1/3to2/3_0" slope="0.00"/>
    </timestep>
    <timestep time="249.00">
        <vehicle id="10" x="398.35" y="360.66" angle="0.00" type="DEFAULT_VEHTYPE" speed="13.48" pos="34.59" lane="2/2to2/1_0" slope="0.00"/>
        <vehicle id="12" x="58.28" y="201.65" angle="-90.00" type="DEFAULT_VEHTYPE" speed="13.83" pos="136.97" lane="1/1to0/1_0" slope="0.00"/>
        <vehicle id="13" x="88.58" y="201.65" angle="-90.00" type="DEFAULT_VEHTYPE" speed="12.87" pos="106.67" lane="1/1to0/1_0" slope="0.00"/>
        <vehicle id="3" x="398.35" y="731.47" angle="0.00" type="DEFAULT_VEHTYPE" speed="12.84" pos="68.53" lane="2/4to2/3_0" slope="0.00"/>
        <vehicle id="4" x="598.35" y="575.36" angle="0.00" type="DEFAULT_VEHTYPE" speed="10.89" pos="19.89" lane="3/3to3/2_0" slope="0.00"/>
        <vehicle id="5" x="740.80" y="201.65" angle="-90.00" type="DEFAULT_VEHTYPE" speed="13.45" pos="59.20" lane="4/1to3/1_0" slope="0.00"/>
        <vehicle id="6" x="201.65" y="443.72" angle="180.00" type="DEFAULT_VEHTYPE" speed="13.43" pos="38.97" lane="1/2to1/3_0" slope="0.00"/>
        <vehicle id="7" x="188.90" y="401.65" angle="-90.00" type="DEFAULT_VEHTYPE" speed="9.18" pos="6.35" lane="1/2to0/2_0" slope="0.00"/>
        <vehicle id="8" x="198.35" y="167.12" angle="0.00" type="DEFAULT_VEHTYPE" speed="12.78" pos="28.13" lane="1/1to1/0_0" slope="0.00"/>
        <vehicle id="9" x="386.83" y="598.35" angle="90.00" type="DEFAULT_VEHTYPE" speed="6.94" pos="182.08" lane="1/3to2/3_0" slope="0.00"/>
    </timestep>
    <timestep time="250.00">
        <vehicle id="10" x="398.35" y="347.00" angle="0.00" type="DEFAULT_VEHTYPE" speed="13.66" pos="48.25" lane="2/2to2/1_0" slope="0.00"/>
        <vehicle id="12" x="44.98" y="201.65" angle="-90.00" type="DEFAULT_VEHTYPE" speed="13.30" pos="150.27" lane="1/1to0/1_0" slope="0.00"/>
        <vehicle id="13" x="75.37" y="201.65" angle="-90.00" type="DEFAULT_VEHTYPE" speed="13.21" pos="119.88" lane="1/1to0/1_0" slope="0.00"/>
        <vehicle id="3" x="398.35" y="718.30" angle="0.00" type="DEFAULT_VEHTYPE" speed="13.17" pos="81.70" lane="2/4to2/3_0" slope="0.00"/>
        <vehicle id="4" x="598.35" y="562.17" angle="0.00" type="DEFAULT_VEHTYPE" speed="13.19" pos="33.08" lane="3/3to3/2_0" slope="0.00"/>
        <vehicle id="5" x="727.31" y="201.65" angle="-90.00" type="DEFAULT_VEHTYPE" speed="13.49" pos="72.69" lane="4/1to3/1_0" slope="0.00"/>
        <vehicle id="6" x="201.65" y="456.97" angle="180.00" type="DEFAULT_VEHTYPE" speed="13.25" pos="52.22" lane="1/2to1/3_0" slope="0.00"/>
        <vehicle id="7" x="177.74" y="401.65" angle="-90.00" type="DEFAULT_VEHTYPE" speed="11.16" pos="17.51" lane="1/2to0/2_0" slope="0.00"/>
        <vehicle id="8" x="198.35" y="153.27" angle="0.00" type="DEFAULT_VEHTYPE" speed="13.85" pos="41.98" lane="1/1to1/0_0" slope="0.00"/>
        <vehicle id="9" x="390.28" y="598.35" angle="90.00" type="DEFAULT_VEHTYPE" speed="3.44" pos="185.53" lane="1/3to2/3_0" slope="0.00"/>
    </timestep>
    <timestep time="251.00">
        <vehicle id="10" x="398.35" y="334.32" angle="0.00" type="DEFAULT_VEHTYPE" speed="12.68" pos="60.93" lane="2/2to2/1_0" slope="0.00"/>
        <vehicle id="12" x="31.81" y="201.65" angle="-90.00" type="DEFAULT_VEHTYPE" speed="13.17" pos="163.44" lane="1/1to0/1_0" slope="0.00"/>
        <vehicle id="13" x="61.68" y="201.65" angle="-90.00" type="DEFAULT_VEHTYPE" speed="13.69" pos="133.57" lane="1/1to0/1_0" slope="0.00"/>
        <vehicle id="3" x="398.35" y="705.15" angle="0.00" type="DEFAULT_VEHTYPE" speed="13.15" pos="94.85" lane="2/4to2/3_0" slope="0.00"/>
        <vehicle id="4" x="598.35" y="549.10" angle="0.00" type="DEFAULT_VEHTYPE" speed="13.07" pos="46.15" lane="3/3to3/2_0" slope="0.00"/>
        <vehicle id="5" x="713.96" y="201.65" angle="-90.00" type="DEFAULT_VEHTYPE" speed="13.35" pos="86.04" lane="4/1to3/1_0" slope="0.00"/>
        <vehicle id="6" x="201.65" y="470.27" angle="180.00" type="DEFAULT_VEHTYPE" speed="13.30" pos="65.52" lane="1/2to1/3_0" slope="0.00"/>
        <vehicle id="7" x="164.82" y="401.65" angle="-90.00" type="DEFAULT_VEHTYPE" speed="12.92" pos="30.43" lane="1/2to0/2_0" slope="0.00"/>
        <vehicle id="8" x="198.35" y="139.61" angle="0.00" type="DEFAULT_VEHTYPE" speed="13.65" pos="55.64" lane="1/1to1/0_0" slope="0.00"/>
        <vehicle id="9" x="395.03" y="598.35" angle="90.00" type="DEFAULT_VEHTYPE" speed="4.76" pos="190.28" lane="1/3to2/3_0" slope="0.00"/>
    </timestep>
    <timestep time="252.00">
        <vehicle id="10" x="398.35" y="321.69" angle="0.00" type="DEFAULT_VEHTYPE" speed="12.64" pos="73.56" lane="2/2to2/1_0" slope="0.00"/>
        <vehicle id="12" x="19.06" y="201.65" angle="-90.00" type="DEFAULT_VEHTYPE" speed="12.75" pos="176.19" lane="1/1to0/1_0" slope="0.00"/>
        <vehicle id="13" x="48.69" y="201.65" angle="-90.00" type="DEFAULT_VEHTYPE" speed="12.99" pos="146.56" lane="1/1to0/1_0" slope="0.00"/>
        <vehicle id="3" x="398.35" y="691.36" angle="0.00" type="DEFAULT_VEHTYPE" speed="13.79" pos="108.64" lane="2/4to2/3_0" slope="0.00"/>
        <vehicle id="4" x="598.35" y="536.02" angle="0.00" type="DEFAULT_VEHTYPE" speed="13.08" pos="59.23" lane="3/3to3/2_0" slope="0.00"/>
        <vehicle id="5" x="700.91" y="201.65" angle="-90.00" type="DEFAULT_VEHTYPE" speed="13.05" pos="99.09" lane="4/1to3/1_0" slope="0.00"/>
        <vehicle id="6" x="201.65" y="484.02" angle="180.00" type="DEFAULT_VEHTYPE" speed="13.75" pos="79.27" lane="1/2to1/3_0" slope="0.00"/>
        <vehicle id="7" x="151.90" y="401.65" angle="-90.00" type="DEFAULT_VEHTYPE" speed="12.92" pos="43.35" lane="1/2to0/2_0" slope="0.00"/>
        <vehicle id="8" x="198.35" y="126.54" angle="0.00" type="DEFAULT_VEHTYPE" speed="13.07" pos="68.71" lane="1/1to1/0_0" slope="0.00"/>
        <vehicle id="9" x="400.62" y="600.91" angle="120.02" type="DEFAULT_VEHTYPE" speed="6.49" pos="6.28" lane=":2/3_14_0" slope="0.00"/>
    </timestep>
    <timestep time="253.00">
        <vehicle id="10" x="398.35" y="308.75" angle="0.00" type="DEFAULT_VEHTYPE" speed="12.93" pos="86.50" lane="2/2to2/1_0" slope="0.00"/>
        <vehicle id="12" x="5.93" y="201.65" angle="-90.00" type="DEFAULT_VEHTYPE" speed="13.13" pos="189.32" lane="1/1to0/1_0" slope="0.00"/>
        <vehicle id="13" x="35.13" y="201.65" angle="-90.00" type="DEFAULT_VEHTYPE" speed="13.56" pos="160.12" lane="1/1to0/1_0" slope="0.00"/>
        <vehicle id="3" x="398.35" y="678.59" angle="0.00" type="DEFAULT_VEHTYPE" speed="12.77" pos="121.41" lane="2/4to2/3_0" slope="0.00"/>
        <vehicle id="4" x="598.35" y="522.74" angle="0.00" type="DEFAULT_VEHTYPE" speed="13.28" pos="72.51" lane="3/3to3/2_0" slope="0.00"/>
        <vehicle id="5" x="687.07" y="201.65" angle="-90.00" type="DEFAULT_VEHTYPE" speed="13.84" pos="112.93" lane="4/1to3/1_0" slope="0.00"/>
        <vehicle id="6" x="201.65" y="496.98" angle="180.00" type="DEFAULT_VEHTYPE" speed="12.96" pos="92.23" lane="1/2to1/3_0" slope="0.00"/>
        <vehicle id="7" x="138.64" y="401.65" angle="-90.00" type="DEFAULT_VEHTYPE" speed="13.26" pos="56.61" lane="1/2to0/2_0" slope="0.00"/>
        <vehicle id="8" x="198.35" y="113.36" angle="0.00" type="DEFAULT_VEHTYPE" speed="13.18" pos="81.89" lane="1/1to1/0_0" slope="0.00"/>
        <vehicle id="9" x="401.65" y="609.30" angle="179.26" type="DEFAULT_VEHTYPE" speed="8.59" pos="4.55" lane="2/3to2/4_0" slope="0.00"/>
    </timestep>
    <timestep time="254.00">
        <vehicle id="10" x="398.35" y="296.12" angle="0.00" type="DEFAULT_VEHTYPE" speed="12.64" pos="99.13" lane="2/2to2/1_0" slope="0.00"/>
        <vehicle id="12" x="1.95" y="198.35" angle="56.23" type="DEFAULT_VEHTYPE" speed="12.71" pos="1.95" lane="0/1to1/1_0" slope="0.00"/>
        <vehicle id="13" x="22.02" y="201.65" angle="-90.00" type="DEFAULT_VEHTYPE" speed="13.11" pos="173.23" lane="1/1to0/1_0" slope="0.00"/>
        <vehicle id="3" x="398.35" y="665.24" angle="0.00" type="DEFAULT_VEHTYPE" speed="13.35" pos="134.76" lane="2/4to2/3_0" slope="0.00"/>
        <vehicle id="4" x="598.35" y="509.02" angle="0.00" type="DEFAULT_VEHTYPE" speed="13.72" pos="86.23" lane="3/3to3/2_0" slope="0.00"/>
        <vehicle id="5" x="673.37" y="201.65" angle="-90.00" type="DEFAULT_VEHTYPE" speed="13.70" pos="126.63" lane="4/1to3/1_0" slope="0.00"/>
        <vehicle id="6" x="201.65" y="510.63" angle="180.00" type="DEFAULT_VEHTYPE" speed="13.65" pos="105.88" lane="1/2to1/3_0" slope="0.00"/>
        <vehicle id="7" x="125.55" y="401.65" angle="-90.00" type="DEFAULT_VEHTYPE" speed="13.09" pos="69.70" lane="1/2to0/2_0" slope="0.00"/>
        <vehicle id="8" x="198.35" y="100.25" angle="0.00" type="DEFAULT_VEHTYPE" speed="13.11" pos="95.00" lane="1/1to1/0_0" slope="0.00"/>
        <vehicle id="9" x="401.65" y="619.89" angle="180.00" type="DEFAULT_VEHTYPE" speed="10.59" pos="15.14" lane="2/3to2/4_0" slope="0.00"/>
    </timestep>
    <timestep time="255.00">
        <vehicle id="10" x="398.35" y="282.44" angle="0.00" type="DEFAULT_VEHTYPE" speed="13.67" pos="112.81" lane="2/2to2/1_0" slope="0.00"/>
        <vehicle id="12" x="15.09" y="198.35" angle="90.00" type="DEFAULT_VEHTYPE" speed="13.14" pos="15.09" lane="0/1to1/1_0" slope="0.00"/>
        <vehicle id="13" x="9.11" y="201.65" angle="-90.00" type="DEFAULT_VEHTYPE" speed="12.91" pos="186.14" lane="1/1to0/1_0" slope="0.00"/>
        <vehicle id="3" x="398.35" y="651.51" angle="0.00" type="DEFAULT_VEHTYPE" speed="13.72" pos="148.49" lane="2/4to2/3_0" slope="0.00"/>
        <vehicle id="4" x="598.35" y="495.24" angle="0.00" type="DEFAULT_VEHTYPE" speed="13.78" pos="100.01" lane="3/3to3/2_0" slope="0.00"/>
        <vehicle id="5" x="659.49" y="201.65" angle="-90.00" type="DEFAULT_VEHTYPE" speed="13.87" pos="140.51" lane="4/1to3/1_0" slope="0.00"/>
        <vehicle id="6" x="201.65" y="523.69" angle="180.00" type="DEFAULT_VEHTYPE" speed="13.06" pos="118.94" lane="1/2to1/3_0" slope="0.00"/>
        <vehicle id="7" x="111.89" y="401.65" angle="-90.00" type="DEFAULT_VEHTYPE" speed="13.67" pos="83.36" lane="1/2to0/2_0" slope="0.00"/>
        <vehicle id="8" x="198.35" y="86.96" angle="0.00" type="DEFAULT_VEHTYPE" speed="13.29" pos="108.29" lane="1/1to1/0_0" slope="0.00"/>
        <vehicle id="9" x="401.65" y="632.41" angle="180.00" type="DEFAULT_VEHTYPE" speed="12.52" pos="27.66" lane="2/3to2/4_0" slope="0.00"/>
    </timestep>
    <timestep time="256.00">
        <vehicle id="10" x="398.35" y="269.13" angle="0.00" type="DEFAULT_VEHTYPE" speed="13.31" pos="126.12" lane="2/2to2/1_0" slope="0.00"/>
        <vehicle id="12" x="28.82" y="198.35" angle="90.00" type="DEFAULT_VEHTYPE" speed="13.72" pos="28.82" lane="0/1to1/1_0" slope="0.00"/>
        <vehicle id="13" x="-0.06" y="198.39" angle="-5.31" type="DEFAULT_VEHTYPE" speed="13.87" pos="4.75" lane=":0/1_0_0" slope="0.00"/>
        <vehicle id="3" x="398.35" y="638.05" angle="0.00" type="DEFAULT_VEHTYPE" speed="13.46" pos="161.95" lane="2/4to2/3_0" slope="0.00"/>
        <vehicle id="4" x="598.35" y="482.56" angle="0.00" type="DEFAULT_VEHTYPE" speed="12.68" pos="112.69" lane="3/3to3/2_0" slope="0.00"/>
        <vehicle id="5" x="646.51" y="201.65" angle="-90.00" type="DEFAULT_VEHTYPE" speed="12.98" pos="153.49" lane="4/1to3/1_0" slope="0.00"/>
        <vehicle id="6" x="201.65" y="537.24" angle="180.00" type="DEFAULT_VEHTYPE" speed="13.55" pos="132.49" lane="1/2to1/3_0" slope="0.00"/>
        <vehicle id="7" x="99.23" y="401.65" angle="-90.00" type="DEFAULT_VEHTYPE" speed="12.66" pos="96.02" lane="1/2to0/2_0" slope="0.00"/>
        <vehicle id="8" x="198.35" y="73.75" angle="0.00" type="DEFAULT_VEHTYPE" speed="13.21" pos="121.50" lane="1/1to1/0_0" slope="0.00"/>
        <vehicle id="9" x="401.65" y="645.13" angle="180.00" type="DEFAULT_VEHTYPE" speed="12.72" pos="40.38" lane="2/3to2/4_0" slope="0.00"/>
    </timestep>
    <timestep time="257.00">
        <vehicle id="10" x="398.35" y="255.69" angle="0.00" type="DEFAULT_VEHTYPE" speed="13.44" pos="139.56" lane="2/2to2/1_0" slope="0.00"/>
        <vehicle id="12" x="41.88" y="198.35" angle="90.00" type="DEFAULT_VEHTYPE" speed="13.07" pos="41.88" lane="0/1to1/1_0" slope="0.00"/>
        <vehicle id="13" x="13.52" y="198.35" angle="90.00" type="DEFAULT_VEHTYPE" speed="13.59" pos="13.52" lane="0/1to1/1_0" slope="0.00"/>
        <vehicle id="3" x="398.35" y="624.58" angle="0.00" type="DEFAULT_VEHTYPE" speed="13.47" pos="175.42" lane="2/4to2/3_0" slope="0.00"/>
        <vehicle id="4" x="598.35" y="468.92" angle="0.00" type="DEFAULT_VEHTYPE" speed="13.63" pos="126.33" lane="3/3to3/2_0" slope="0.00"/>
        <vehicle id="5" x="633.25" y="201.65" angle="-90.00" type="DEFAULT_VEHTYPE" speed="13.26" pos="166.75" lane="4/1to3/1_0" slope="0.00"/>
        <vehicle id="6" x="201.65" y="549.99" angle="180.00" type="DEFAULT_VEHTYPE" speed="12.74" pos="145.24" lane="1/2to1/3_0" slope="0.00"/>
        <vehicle id="7" x="85.43" y="401.65" angle="-90.00" type="DEFAULT_VEHTYPE" speed="13.80" pos="109.82" lane="1/2to0/2_0" slope="0.00"/>
        <vehicle id="8" x="198.35" y="60.56" angle="0.00" type="DEFAULT_VEHTYPE" speed="13.19" pos="134.69" lane="1/1to1/0_0" slope="0.00"/>
        <vehicle id="9" x="401.65" y="658.90" angle="180.00" type="DEFAULT_VEHTYPE" speed="13.77" pos="54.15" lane="2/3to2/4_0" slope="0.00"/>
    </timestep>
    <timestep time="258.00">
        <vehicle id="10" x="398.35" y="242.97" angle="0.00" type="DEFAULT_VEHTYPE" speed="12.72" pos="152.28" lane="2/2to2/1_0" slope="0.00"/>
        <vehicle id="12" x="55.70" y="198.35" angle="90.00" type="DEFAULT_VEHTYPE" speed="13.82" pos="55.70" lane="0/1to1/1_0" slope="0.00"/>
        <vehicle id="13" x="27.19" y="198.35" angle="90.00" type="DEFAULT_VEHTYPE" speed="13.67" pos="27.19" lane="0/1to1/1_0" slope="0.00"/>
        <vehicle id="3" x="398.35" y="611.16" angle="0.00" type="DEFAULT_VEHTYPE" speed="13.42" pos="188.84" lane="2/4to2/3_0" slope="0.00"/>
        <vehicle id="4" x="598.35" y="455.88" angle="0.00" type="DEFAULT_VEHTYPE" speed="13.04" pos="139.37" lane="3/3to3/2_0" slope="0.00"/>
        <vehicle id="5" x="622.64" y="201.65" angle="-90.00" type="DEFAULT_VEHTYPE" speed="10.61" pos="177.36" lane="4/1to3/1_0" slope="0.00"/>
        <vehicle id="6" x="201.65" y="563.18" angle="180.00" type="DEFAULT_VEHTYPE" speed="13.19" pos="158.43" lane="1/2to1/3_0" slope="0.00"/>
        <vehicle id="7" x="72.70" y="401.65" angle="-90.00" type="DEFAULT_VEHTYPE" speed="12.73" pos="122.55" lane="1/2to0/2_0" slope="0.00"/>
        <vehicle id="8" x="198.35" y="47.26" angle="0.00" type="DEFAULT_VEHTYPE" speed="13.30" pos="147.99" lane="1/1to1/0_0" slope="0.00"/>
        <vehicle id="9" x="401.65" y="671.76" angle="180.00" type="DEFAULT_VEHTYPE" speed="12.86" pos="67.01" lane="2/3to2/4_0" slope="0.00"/>
    </timestep>
    <timestep time="259.00">
        <vehicle id="10" x="398.35" y="229.96" angle="0.00" type="DEFAULT_VEHTYPE" speed="13.01" pos="165.29" lane="2/2to2/1_0" slope="0.00"/>
        <vehicle id="12" x="69.60" y="198.35" angle="90.00" type="DEFAULT_VEHTYPE" speed="13.89" pos="69.60" lane="0/1to1/1_0" slope="0.00"/>
        <vehicle id="13" x="40.25" y="198.35" angle="90.00" type="DEFAULT_VEHTYPE" speed="13.06" pos="40.25" lane="0/1to1/1_0" slope="0.00"/>
        <vehicle id="3" x="398.35" y="597.85" angle="0.00" type="DEFAULT_VEHTYPE" speed="13.32" pos="6.90" lane=":2/3_1_0" slope="0.00"/>
        <vehicle id="4" x="598.35" y="442.90" angle="0.00" type="DEFAULT_VEHTYPE" speed="12.98" pos="152.35" lane="3/3to3/2_0" slope="0.00"/>
        <vehicle id="5" x="615.51" y="201.65" angle="-90.00" type="DEFAULT_VEHTYPE" speed="7.12" pos="184.49" lane="4/1to3/1_0" slope="0.00"/>
        <vehicle id="6" x="201.65" y="575.80" angle="180.00" type="DEFAULT_VEHTYPE" speed="12.62" pos="171.05" lane="1/2to1/3_0" slope="0.00"/>
        <vehicle id="7" x="59.72" y="401.65" angle="-90.00" type="DEFAULT_VEHTYPE" speed="12.97" pos="135.53" lane="1/2to0/2_0" slope="0.00"/>
        <vehicle id="8" x="198.35" y="33.69" angle="0.00" type="DEFAULT_VEHTYPE" speed="13.57" pos="161.56" lane="1/1to1/0_0" slope="0.00"/>
        <vehicle id="9" x="401.65" y="685.65" angle="180.00" type="DEFAULT_VEHTYPE" speed="13.88" pos="80.90" lane="2/3to2/4_0" slope="0.00"/>
    </timestep>
    <timestep time="260.00">
        <vehicle id="10" x="398.35" y="216.53" angle="0.00" type="DEFAULT_VEHTYPE" speed="13.43" pos="178.72" lane="2/2to2/1_0" slope="0.00"/>
        <vehicle id="12" x="83.20" y="198.35" angle="90.00" type="DEFAULT_VEHTYPE" speed="13.60" pos="83.20" lane="0/1to1/1_0" slope="0.00"/>
        <vehicle id="13" x="53.56" y="198.35" angle="90.00" type="DEFAULT_VEHTYPE" speed="13.31" pos="53.56" lane="0/1to1/1_0" slope="0.00"/>
        <vehicle id="3" x="398.35" y="584.69" angle="0.00" type="DEFAULT_VEHTYPE" speed="13.15" pos="10.56" lane="2/3to2/2_0" slope="0.00"/>
        <vehicle id="4" x="598.35" y="429.32" angle="0.00" type="DEFAULT_VEHTYPE" speed="13.58" pos="165.93" lane="3/3to3/2_0" slope="0.00"/>
        <vehicle id="5" x="610.65" y="201.65" angle="-90.00" type="DEFAULT_VEHTYPE" speed="4.86" pos="189.35" lane="4/1to3/1_0" slope="0.00"/>
        <vehicle id="6" x="201.65" y="589.05" angle="180.00" type="DEFAULT_VEHTYPE" speed="13.25" pos="184.30" lane="1/2to1/3_0" slope="0.00"/>
        <vehicle id="7" x="46.43" y="401.65" angle="-90.00" type="DEFAULT_VEHTYPE" speed="13.30" pos="148.82" lane="1/2to0/2_0" slope="0.00"/>
        <vehicle id="8" x="198.35" y="20.90" angle="0.00" type="DEFAULT_VEHTYPE" speed="12.79" pos="174.35" lane="1/1to1/0_0" slope="0.00"/>
        <vehicle id="9" x="401.65" y="699.41" angle="180.00" type="DEFAULT_VEHTYPE" speed="13.76" pos="94.66" lane="2/3to2/4_0" slope="0.00"/>
    </timestep>
    <timestep time="261.00">
        <vehicle id="10" x="398.35" y="202.66" angle="0.00" type="DEFAULT_VEHTYPE" speed="13.87" pos="2.09" lane=":2/1_1_0" slope="0.00"/>
        <vehicle id="12" x="96.91" y="198.35" angle="90.00" type="DEFAULT_VEHTYPE" speed="13.71" pos="96.91" lane="0/1to1/1_0" slope="0.00"/>
        <vehicle id="13" x="66.23" y="198.35" angle="90.00" type="DEFAULT_VEHTYPE" speed="12.67" pos="66.23" lane="0/1to1/1_0" slope="0.00"/>
        <vehicle id="3" x="398.35" y="570.84" angle="0.00" type="DEFAULT_VEHTYPE" speed="13.85" pos="24.41" lane="2/3to2/2_0" slope="0.00"/>
        <vehicle id="4" x="598.35" y="416.32" angle="0.00" type="DEFAULT_VEHTYPE" speed="13.00" pos="178.93" lane="3/3to3/2_0" slope="0.00"/>
        <vehicle id="5" x="603.38" y="201.85" angle="-92.27" type="DEFAULT_VEHTYPE" speed="7.29" pos="1.39" lane=":3/1_4_0" slope="0.00"/>
        <vehicle id="6" x="207.20" y="598.35" angle="99.69" type="DEFAULT_VEHTYPE" speed="13.65" pos="2.45" lane="1/3to2/3_0" slope="0.00"/>
        <vehicle id="7" x="32.86" y="401.65" angle="-90.00" type="DEFAULT_VEHTYPE" speed="13.57" pos="162.39" lane="1/2to0/2_0" slope="0.00"/>
        <vehicle id="8" x="198.35" y="8.13" angle="0.00" type="DEFAULT_VEHTYPE" speed="12.77" pos="187.12" lane="1/1to1/0_0" slope="0.00"/>
        <vehicle id="9" x="401.65" y="712.19" angle="180.00" type="DEFAULT_VEHTYPE" speed="12.78" pos="107.44" lane="2/3to2/4_0" slope="0.00"/>
    </timestep>
    <timestep time="262.00">
        <vehicle id="10" x="398.35" y="189.18" angle="0.00" type="DEFAULT_VEHTYPE" speed="13.49" pos="6.07" lane="2/1to2/0_0" slope="0.00"/>
        <vehicle id="12" x="109.58" y="198.35" angle="90.00" type="DEFAULT_VEHTYPE" speed="12.68" pos="109.58" lane="0/1to1/1_0" slope="0.00"/>
        <vehicle id="13" x="79.14" y="198.35" angle="90.00" type="DEFAULT_VEHTYPE" speed="12.91" pos="79.14" lane="0/1to1/1_0" slope="0.00"/>
        <vehicle id="3" x="398.35" y="557.87" angle="0.00" type="DEFAULT_VEHTYPE" speed="12.97" pos="37.38" lane="2/3to2/2_0" slope="0.00"/>
        <vehicle id="4" x="597.94" y="403.02" angle="-4.77" type="DEFAULT_VEHTYPE" speed="13.37" pos="1.80" lane=":3/2_0_0" slope="0.00"/>
        <vehicle id="5" x="601.65" y="210.60" angle="180.00" type="DEFAULT_VEHTYPE" speed="9.47" pos="5.85" lane="3/1to3/2_0" slope="0.00"/>
        <vehicle id="6" x="220.29" y="598.35" angle="90.00" type="DEFAULT_VEHTYPE" speed="13.09" pos="15.54" lane="1/3to2/3_0" slope="0.00"/>
        <vehicle id="7" x="19.84" y="401.65" angle="-90.00" type="DEFAULT_VEHTYPE" speed="13.02" pos="175.41" lane="1/2to0/2_0" slope="0.00"/>
        <vehicle id="8" x="201.65" y="-0.00" angle="86.81" type="DEFAULT_VEHTYPE" speed="12.95" pos="4.82" lane=":1/0_0_0" slope="0.00"/>
        <vehicle id="9" x="401.65" y="725.64" angle="180.00" type="DEFAULT_VEHTYPE" speed="13.45" pos="120.89" lane="2/3to2/4_0" slope="0.00"/>
    </timestep>
    <timestep time="263.00">
        <vehicle id="10" x="398.35" y="176.21" angle="0.00" type="DEFAULT_VEHTYPE" speed="12.97" pos="19.04" lane="2/1to2/0_0" slope="0.00"/>
        <vehicle id="12" x="123.17" y="198.35" angle="90.00" type="DEFAULT_VEHTYPE" speed="13.58" pos="123.17" lane="0/1to1/1_0" slope="0.00"/>
        <vehicle id="13" x="91.84" y="198.35" angle="90.00" type="DEFAULT_VEHTYPE" speed="12.71" pos="91.84" lane="0/1to1/1_0" slope="0.00"/>
        <vehicle id="3" x="398.35" y="544.17" angle="0.00" type="DEFAULT_VEHTYPE" speed="13.70" pos="51.08" lane="2/3to2/2_0" slope="0.00"/>
        <vehicle id="4" x="585.30" y="401.65" angle="-90.00" type="DEFAULT_VEHTYPE" speed="13.15" pos="9.95" lane="3/2to2/2_0" slope="0.00"/>
        <vehicle id="5" x="601.65" y="222.17" angle="180.00" type="DEFAULT_VEHTYPE" speed="11.57" pos="17.42" lane="3/1to3/2_0" slope="0.00"/>
        <vehicle id="6" x="233.74" y="598.35" angle="90.00" type="DEFAULT_VEHTYPE" speed="13.45" pos="28.99" lane="1/3to2/3_0" slope="0.00"/>
        <vehicle id="7" x="6.59" y="401.65" angle="-90.00" type="DEFAULT_VEHTYPE" speed="13.25" pos="188.66" lane="1/2to0/2_0" slope="0.00"/>
        <vehicle id="8" x="201.65" y="13.40" angle="180.00" type="DEFAULT_VEHTYPE" speed="13.40" pos="13.40" lane="1/0to1/1_0" slope="0.00"/>
        <vehicle id="9" x="401.65" y="738.66" angle="180.00" type="DEFAULT_VEHTYPE" speed="13.02" pos="133.91" lane="2/3to2/4_0" slope="0.00"/>
    </timestep>
    <timestep time="264.00">
        <vehicle id="10" x="398.35" y="162.87" angle="0.00" type="DEFAULT_VEHTYPE" speed="13.34" pos="32.38" lane="2/1to2/0_0" slope="0.00"/>
        <vehicle id="12" x="136.48" y="198.35" angle="90.00" type="DEFAULT_VEHTYPE" speed="13.31" pos="136.48" lane="0/1to1/1_0" slope="0.00"/>
        <vehicle id="13" x="105.41" y="198.35" angle="90.00" type="DEFAULT_VEHTYPE" speed="13.57" pos="105.41" lane="0/1to1/1_0" slope="0.00"/>
        <vehicle id="3" x="398.35" y="531.03" angle="0.00" type="DEFAULT_VEHTYPE" speed="13.15" pos="64.22" lane="2/3to2/2_0" slope="0.00"/>
        <vehicle id="4" x="572.47" y="401.65" angle="-90.00" type="DEFAULT_VEHTYPE" speed="12.83" pos="22.78" lane="3/2to2/2_0" slope="0.00"/>
        <vehicle id="5" x="601.65" y="235.97" angle="180.00" type="DEFAULT_VEHTYPE" speed="13.80" pos="31.22" lane="3/1to3/2_0" slope="0.00"/>
        <vehicle id="6" x="246.93" y="598.35" angle="90.00" type="DEFAULT_VEHTYPE" speed="13.19" pos="42.18" lane="1/3to2/3_0" slope="0.00"/>
        <vehicle id="7" x="2.45" y="398.35" angle="66.19" type="DEFAULT_VEHTYPE" speed="13.85" pos="2.45" lane="0/2to1/2_0" slope="0.00"/>
        <vehicle id="8" x="201.65" y="26.94" angle="180.00" type="DEFAULT_VEHTYPE" speed="13.54" pos="26.94" lane="1/0to1/1_0" slope="0.00"/>
        <vehicle id="9" x="401.65" y="752.07" angle="180.00" type="DEFAULT_VEHTYPE" speed="13.41" pos="147.32" lane="2/3to2/4_0" slope="0.00"/>
    </timestep>
    <timestep time="265.00">
        <vehicle id="10" x="398.35" y="149.27" angle="0.00" type="DEFAULT_VEHTYPE" speed="13.59" pos="45.98" lane="2/1to2/0_0" slope="0.00"/>
        <vehicle id="12" x="150.37" y="198.35" angle="90.00" type="DEFAULT_VEHTYPE" speed="13.89" pos="150.37" lane="0/1to1/1_0" slope="0.00"/>
        <vehicle id="13" x="119.08" y="198.35" angle="90.00" type="DEFAULT_VEHTYPE" speed="13.67" pos="119.08" lane="0/1to1/1_0" slope="0.00"/>
        <vehicle id="3" x="398.35" y="518.23" angle="0.00" type="DEFAULT_VEHTYPE" speed="12.79" pos="77.02" lane="2/3to2/2_0" slope="0.00"/>
        <vehicle id="4" x="559.52" y="401.65" angle="-90.00" type="DEFAULT_VEHTYPE" speed="12.95" pos="35.73" lane="3/2to2/2_0" slope="0.00"/>
        <vehicle id="5" x="601.65" y="248.76" angle="180.00" type="DEFAULT_VEHTYPE" speed="12.79" pos="44.01" lane="3/1to3/2_0" slope="0.00"/>
        <vehicle id="6" x="260.55" y="598.35" angle="90.00" type="DEFAULT_VEHTYPE" speed="13.62" pos="55.80" lane="1/3to2/3_0" slope="0.00"/>
        <vehicle id="7" x="16.06" y="398.35" angle="90.00" type="DEFAULT_VEHTYPE" speed="13.62" pos="16.06" lane="0/2to1/2_0" slope="0.00"/>
        <vehicle id="8" x="201.65" y="40.33" angle="180.00" type="DEFAULT_VEHTYPE" speed="13.38" pos="40.33" lane="1/0to1/1_0" slope="0.00"/>
        <vehicle id="9" x="401.65" y="765.07" angle="180.00" type="DEFAULT_VEHTYPE" speed="13.00" pos="160.32" lane="2/3to2/4_0" slope="0.00"/>
    </timestep>
    <timestep time="266.00">
        <vehicle id="10" x="398.35" y="136.18" angle="0.00" type="DEFAULT_VEHTYPE" speed="13.09" pos="59.07" lane="2/1to2/0_0" slope="0.00"/>
        <vehicle id="12" x="163.30" y="198.35" angle="90.00" type="DEFAULT_VEHTYPE" speed="12.93" pos="163.30" lane="0/1to1/1_0" slope="0.00"/>
        <vehicle id="13" x="132.01" y="198.35" angle="90.00" type="DEFAULT_VEHTYPE" speed="12.93" pos="132.01" lane="0/1to1/1_0" slope="0.00"/>
        <vehicle id="3" x="398.35" y="505.10" angle="0.00" type="DEFAULT_VEHTYPE" speed="13.13" pos="90.15" lane="2/3to2/2_0" slope="0.00"/>
        <vehicle id="4" x="546.61" y="401.65" angle="-90.00" type="DEFAULT_VEHTYPE" speed="12.91" pos="48.64" lane="3/2to2/2_0" slope="0.00"/>
        <vehicle id="5" x="601.65" y="262.62" angle="180.00" type="DEFAULT_VEHTYPE" speed="13.86" pos="57.87" lane="3/1to3/2_0" slope="0.00"/>
        <vehicle id="6" x="273.65" y="598.35" angle="90.00" type="DEFAULT_VEHTYPE" speed="13.10" pos="68.90" lane="1/3to2/3_0" slope="0.00"/>
        <vehicle id="7" x="29.04" y="398.35" angle="90.00" type="DEFAULT_VEHTYPE" speed="12.97" pos="29.04" lane="0/2to1/2_0" slope="0.00"/>
        <vehicle id="8" x="201.65" y="53.83" angle="180.00" type="DEFAULT_VEHTYPE" speed="13.50" pos="53.83" lane="1/0to1/1_0" slope="0.00"/>
        <vehicle id="9" x="401.65" y="778.38" angle="180.00" type="DEFAULT_VEHTYPE" speed="13.31" pos="173.63" lane="2/3to2/4_0" slope="0.00"/>
    </timestep>
    <timestep time="267.00">
        <vehicle id="10" x="398.35" y="123.04" angle="0.00" type="DEFAULT_VEHTYPE" speed="13.14" pos="72.21" lane="2/1to2/0_0" slope="0.00"/>
        <vehicle id="12" x="174.75" y="198.35" angle="90.00" type="DEFAULT_VEHTYPE" speed="11.45" pos="174.75" lane="0/1to1/1_0" slope="0.00"/>
        <vehicle id="13" x="145.65" y="198.35" angle="90.00" type="DEFAULT_VEHTYPE" speed="13.64" pos="145.65" lane="0/1to1/1_0" slope="0.00"/>
        <vehicle id="3" x="398.35" y="491.33" angle="0.00" type="DEFAULT_VEHTYPE" speed="13.77" pos="103.92" lane="2/3to2/2_0" slope="0.00"/>
        <vehicle id="4" x="533.38" y="401.65" angle="-90.00" type="DEFAULT_VEHTYPE" speed="13.22" pos="61.87" lane="3/2to2/2_0" slope="0.00"/>
        <vehicle id="5" x="601.65" y="275.93" angle="180.00" type="DEFAULT_VEHTYPE" speed="13.31" pos="71.18" lane="3/1to3/2_0" slope="0.00"/>
        <vehicle id="6" x="286.72" y="598.35" angle="90.00" type="DEFAULT_VEHTYPE" speed="13.07" pos="81.97" lane="1/3to2/3_0" slope="0.00"/>
        <vehicle id="7" x="41.90" y="398.35" angle="90.00" type="DEFAULT_VEHTYPE" speed="12.86" pos="41.90" lane="0/2to1/2_0" slope="0.00"/>
        <vehicle id="8" x="201.65" y="67.08" angle="180.00" type="DEFAULT_VEHTYPE" speed="13.25" pos="67.08" lane="1/0to1/1_0" slope="0.00"/>
        <vehicle id="9" x="401.65" y="791.85" angle="180.00" type="DEFAULT_VEHTYPE" speed="13.48" pos="187.10" lane="2/3to2/4_0" slope="0.00"/>
    </timestep>
    <timestep time="268.00">
        <vehicle id="10" x="398.35" y="109.30" angle="0.00" type="DEFAULT_VEHTYPE" speed="13.74" pos="85.95" lane="2/1to2/0_0" slope="0.00"/>
        <vehicle id="12" x="183.39" y="198.35" angle="90.00" type="DEFAULT_VEHTYPE" speed="8.64" pos="183.39" lane="0/1to1/1_0" slope="0.00"/>
        <vehicle id="13" x="159.41" y="198.35" angle="90.00" type="DEFAULT_VEHTYPE" speed="13.75" pos="159.41" lane="0/1to1/1_0" slope="0.00"/>
        <vehicle id="3" x="398.35" y="478.09" angle="0.00" type="DEFAULT_VEHTYPE" speed="13.24" pos="117.16" lane="2/3to2/2_0" slope="0.00"/>
        <vehicle id="4" x="519.93" y="401.65" angle="-90.00" type="DEFAULT_VEHTYPE" speed="13.45" pos="75.32" lane="3/2to2/2_0" slope="0.00"/>
        <vehicle id="5" x="601.65" y="289.71" angle="180.00" type="DEFAULT_VEHTYPE" speed="13.78" pos="84.96" lane="3/1to3/2_0" slope="0.00"/>
        <vehicle id="6" x="300.44" y="598.35" angle="90.00" type="DEFAULT_VEHTYPE" speed="13.72" pos="95.69" lane="1/3to2/3_0" slope="0.00"/>
        <vehicle id="7" x="55.41" y="398.35" angle="90.00" type="DEFAULT_VEHTYPE" speed="13.51" pos="55.41" lane="0/2to1/2_0" slope="0.00"/>
        <vehicle id="8" x="201.65" y="80.91" angle="180.00" type="DEFAULT_VEHTYPE" speed="13.83" pos="80.91" lane="1/0to1/1_0" slope="0.00"/>
        <vehicle id="9" x="398.35" y="799.85" angle="-87.91" type="DEFAULT_VEHTYPE" speed="13.12" pos="0.15" lane="2/4to2/3_0" slope="0.00"/>
    </timestep>
    <timestep time="269.00">
        <vehicle id="10" x="398.35" y="96.24" angle="0.00" type="DEFAULT_VEHTYPE" speed="13.07" pos="99.01" lane="2/1to2/0_0" slope="0.00"/>
        <vehicle id="12" x="188.33" y="198.35" angle="90.00" type="DEFAULT_VEHTYPE" speed="4.94" pos="188.33" lane="0/1to1/1_0" slope="0.00"/>
        <vehicle id="13" x="170.59" y="198.35" angle="90.00" type="DEFAULT_VEHTYPE" speed="11.18" pos="170.59" lane="0/1to1/1_0" slope="0.00"/>
        <vehicle id="3" x="398.35" y="464.59" angle="0.00" type="DEFAULT_VEHTYPE" speed="13.50" pos="130.66" lane="2/3to2/2_0" slope="0.00"/>
        <vehicle id="4" x="507.05" y="401.65" angle="-90.00" type="DEFAULT_VEHTYPE" speed="12.88" pos="88.20" lane="3/2to2/2_0" slope="0.00"/>
        <vehicle id="5" x="601.65" y="302.80" angle="180.00" type="DEFAULT_VEHTYPE" speed="13.09" pos="98.05" lane="3/1to3/2_0" slope="0.00"/>
        <vehicle id="6" x="313.86" y="598.35" angle="90.00" type="DEFAULT_VEHTYPE" speed="13.42" pos="109.11" lane="1/3to2/3_0" slope="0.00"/>
        <vehicle id="7" x="69.03" y="398.35" angle="90.00" type="DEFAULT_VEHTYPE" speed="13.61" pos="69.03" lane="0/2to1/2_0" slope="0.00"/>
        <vehicle id="8" x="201.65" y="94.18" angle="180.00" type="DEFAULT_VEHTYPE" speed="13.27" pos="94.18" lane="1/0to1/1_0" slope="0.00"/>
        <vehicle id="9" x="398.35" y="786.78" angle="0.00" type="DEFAULT_VEHTYPE" speed="13.07" pos="13.22" lane="2/4to2/3_0" slope="0.00"/>
    </timestep>
    <timestep time="270.00">
        <vehicle id="10" x="398.35" y="82.46" angle="0.00" type="DEFAULT_VEHTYPE" speed="13.78" pos="112.79" lane="2/1to2/0_0" slope="0.00"/>
        <vehicle id="12" x="195.27" y="198.35" angle="89.97" type="DEFAULT_VEHTYPE" speed="6.94" pos="0.02" lane=":1/1_12_0" slope="0.00"/>
        <vehicle id="13" x="177.27" y="198.35" angle="90.00" type="DEFAULT_VEHTYPE" speed="6.68" pos="177.27" lane="0/1to1/1_0" slope="0.00"/>
        <vehicle id="3" x="398.35" y="451.00" angle="0.00" type="DEFAULT_VEHTYPE" speed="13.59" pos="144.25" lane="2/3to2/2_0" slope="0.00"/>
        <vehicle id="4" x="493.77" y="401.65" angle="-90.00" type="DEFAULT_VEHTYPE" speed="13.28" pos="101.48" lane="3/2to2/2_0" slope="0.00"/>
        <vehicle id="5" x="601.65" y="316.09" angle="180.00" type="DEFAULT_VEHTYPE" speed="13.29" pos="111.34" lane="3/1to3/2_0" slope="0.00"/>
        <vehicle id="6" x="326.52" y="598.35" angle="90.00" type="DEFAULT_VEHTYPE" speed="12.65" pos="121.77" lane="1/3to2/3_0" slope="0.00"/>
        <vehicle id="7" x="82.70" y="398.35" angle="90.00" type="DEFAULT_VEHTYPE" speed="13.67" pos="82.70" lane="0/2to1/2_0" slope="0.00"/>
        <vehicle id="8" x="201.65" y="107.98" angle="180.00" type="DEFAULT_VEHTYPE" speed="13.80" pos="107.98" lane="1/0to1/1_0" slope="0.00"/>
        <vehicle id="9" x="398.35" y="773.26" angle="0.00" type="DEFAULT_VEHTYPE" speed="13.52" pos="26.74" lane="2/4to2/3_0" slope="0.00"/>
    </timestep>
    <timestep time="271.00">
        <vehicle id="10" x="398.35" y="69.13" angle="0.00" type="DEFAULT_VEHTYPE" speed="13.33" pos="126.12" lane="2/1to2/0_0" slope="0.00"/>
        <vehicle id="12" x="198.35" y="191.14" angle="1.42" type="DEFAULT_VEHTYPE" speed="9.09" pos="4.11" lane="1/1to1/0_0" slope="0.00"/>
        <vehicle id="13" x="184.34" y="198.35" angle="90.00" type="DEFAULT_VEHTYPE" speed="7.07" pos="184.34" lane="0/1to1/1_0" slope="0.00"/>
        <vehicle id="3" x="398.35" y="437.78" angle="0.00" type="DEFAULT_VEHTYPE" speed="13.22" pos="157.47" lane="2/3to2/2_0" slope="0.00"/>
        <vehicle id="4" x="480.69" y="401.65" angle="-90.00" type="DEFAULT_VEHTYPE" speed="13.08" pos="114.56" lane="3/2to2/2_0" slope="0.00"/>
        <vehicle id="5" x="601.65" y="329.01" angle="180.00" type="DEFAULT_VEHTYPE" speed="12.91" pos="124.26" lane="3/1to3/2_0" slope="0.00"/>
        <vehicle id="6" x="339.37" y="598.35" angle="90.00" type="DEFAULT_VEHTYPE" speed="12.85" pos="134.62" lane="1/3to2/3_0" slope="0.00"/>
        <vehicle id="7" x="96.48" y="398.35" angle="90.00" type="DEFAULT_VEHTYPE" speed="13.78" pos="96.48" lane="0/2to1/2_0" slope="0.00"/>
        <vehicle id="8" x="201.65" y="120.99" angle="180.00" type="DEFAULT_VEHTYPE" speed="13.01" pos="120.99" lane="1/0to1/1_0" slope="0.00"/>
        <vehicle id="9" x="398.35" y="759.57" angle="0.00" type="DEFAULT_VEHTYPE" speed="13.68" pos="40.43" lane="2/4to2/3_0" slope="0.00"/>
    </timestep>
    <timestep time="272.00">
        <vehicle id="10" x="398.35" y="55.71" angle="0.00" type="DEFAULT_VEHTYPE" speed="13.42" pos="139.54" lane="2/1to2/0_0" slope="0.00"/>
        <vehicle id="12" x="198.35" y="180.01" angle="0.00" type="DEFAULT_VEHTYPE" speed="11.12" pos="15.24" lane="1/1to1/0_0" slope="0.00"/>
        <vehicle id="13" x="189.46" y="198.35" angle="90.00" type="DEFAULT_VEHTYPE" speed="5.12" pos="189.46" lane="0/1to1/1_0" slope="0.00"/>
        <vehicle id="3" x="398.35" y="424.44" angle="0.00" type="DEFAULT_VEHTYPE" speed="13.34" pos="170.81" lane="2/3to2/2_0" slope="0.00"/>
        <vehicle id="4" x="467.21" y="401.65" angle="-90.00" type="DEFAULT_VEHTYPE" speed="13.48" pos="128.04" lane="3/2to2/2_0" slope="0.00"/>
        <vehicle id="5" x="601.65" y="342.01" angle="180.00" type="DEFAULT_VEHTYPE" speed="13.00" pos="137.26" lane="3/1to3/2_0" slope="0.00"/>
        <vehicle id="6" x="352.45" y="598.35" angle="90.00" type="DEFAULT_VEHTYPE" speed="13.08" pos="147.70" lane="1/3to2/3_0" slope="0.00"/>
        <vehicle id="7" x="109.46" y="398.35" angle="90.00" type="DEFAULT_VEHTYPE" speed="12.98" pos="109.46" lane="0/2to1/2_0" slope="0.00"/>
        <vehicle id="8" x="201.65" y="134.77" angle="180.00" type="DEFAULT_VEHTYPE" speed="13.78" pos="134.77" lane="1/0to1/1_0" slope="0.00"/>
        <vehicle id="9" x="398.35" y="746.93" angle="0.00" type="DEFAULT_VEHTYPE" speed="12.65" pos="53.07" lane="2/4to2/3_0" slope="0.00"/>
    </timestep>
    <timestep time="273.00">
        <vehicle id="10" x="398.35" y="42.47" angle="0.00" type="DEFAULT_VEHTYPE" speed="13.24" pos="152.78" lane="2/1to2/0_0" slope="0.00"/>
        <vehicle id="12" x="198.35" y="167.28" angle="0.00" type="DEFAULT_VEHTYPE" speed="12.74" pos="27.97" lane="1/1to1/0_0" slope="0.00"/>
        <vehicle id="13" x="196.68" y="198.12" angle="87.30" type="DEFAULT_VEHTYPE" speed="7.25" pos="1.46" lane=":1/1_12_0" slope="0.00"/>
        <vehicle id="3" x="398.35" y="410.89" angle="0.00" type="DEFAULT_VEHTYPE" speed="13.55" pos="184.36" lane="2/3to2/2_0" slope="0.00"/>
        <vehicle id="4" x="454.08" y="401.65" angle="-90.00" type="DEFAULT_VEHTYPE" speed="13.13" pos="141.17" lane="3/2to2/2_0" slope="0.00"/>
        <vehicle id="5" x="601.65" y="355.17" angle="180.00" type="DEFAULT_VEHTYPE" speed="13.16" pos="150.42" lane="3/1to3/2_0" slope="0.00"/>
        <vehicle id="6" x="365.09" y="598.35" angle="90.00" type="DEFAULT_VEHTYPE" speed="12.64" pos="160.34" lane="1/3to2/3_0" slope="0.00"/>
        <vehicle id="7" x="123.36" y="398.35" angle="90.00" type="DEFAULT_VEHTYPE" speed="13.90" pos="123.36" lane="0/2to1/2_0" slope="0.00"/>
        <vehicle id="8" x="201.65" y="148.27" angle="180.00" type="DEFAULT_VEHTYPE" speed="13.49" pos="148.27" lane="1/0to1/1_0" slope="0.00"/>
        <vehicle id="9" x="398.35" y="733.62" angle="0.00" type="DEFAULT_VEHTYPE" speed="13.31" pos="66.38" lane="2/4to2/3_0" slope="0.00"/>
    </timestep>
    <timestep time="274.00">
        <vehicle id="10" x="398.35" y="29.81" angle="0.00" type="DEFAULT_VEHTYPE" speed="12.66" pos="165.44" lane="2/1to2/0_0" slope="0.00"/>
        <vehicle id="12" x="198.35" y="153.98" angle="0.00" type="DEFAULT_VEHTYPE" speed="13.30" pos="41.27" lane="1/1to1/0_0" slope="0.00"/>
        <vehicle id="13" x="198.35" y="189.93" angle="0.00" type="DEFAULT_VEHTYPE" speed="8.86" pos="5.32" lane="1/1to1/0_0" slope="0.00"/>
        <vehicle id="3" x="393.56" y="401.65" angle="-71.67" type="DEFAULT_VEHTYPE" speed="12.83" pos="1.69" lane="2/2to1/2_0" slope="0.00"/>
        <vehicle id="4" x="440.90" y="401.65" angle="-90.00" type="DEFAULT_VEHTYPE" speed="13.18" pos="154.35" lane="3/2to2/2_0" slope="0.00"/>
        <vehicle id="5" x="601.65" y="368.03" angle="180.00" type="DEFAULT_VEHTYPE" speed="12.87" pos="163.28" lane="3/1to3/2_0" slope="0.00"/>
        <vehicle id="6" x="376.67" y="598.35" angle="90.00" type="DEFAULT_VEHTYPE" speed="11.58" pos="171.92" lane="1/3to2/3_0" slope="0.00"/>
        <vehicle id="7" x="136.72" y="398.35" angle="90.00" type="DEFAULT_VEHTYPE" speed="13.36" pos="136.72" lane="0/2to1/2_0" slope="0.00"/>
        <vehicle id="8" x="201.65" y="161.62" angle="180.00" type="DEFAULT_VEHTYPE" speed="13.35" pos="161.62" lane="1/0to1/1_0" slope="0.00"/>
        <vehicle id="9" x="398.35" y="720.69" angle="0.00" type="DEFAULT_VEHTYPE" speed="12.92" pos="79.31" lane="2/4to2/3_0" slope="0.00"/>
    </timestep>
    <timestep time="275.00">
        <vehicle id="10" x="398.35" y="16.72" angle="0.00" type="DEFAULT_VEHTYPE" speed="13.09" pos="178.53" lane="2/1to2/0_0" slope="0.00"/>
        <vehicle id="12" x="198.35" y="140.84" angle="0.00" type="DEFAULT_VEHTYPE" speed="13.14" pos="54.41" lane="1/1to1/0_0" slope="0.00"/>
        <vehicle id="13" x="198.35" y="179.04" angle="0.00" type="DEFAULT_VEHTYPE" speed="10.89" pos="16.21" lane="1/1to1/0_0" slope="0.00"/>
        <vehicle id="3" x="380.72" y="401.65" angle="-90.00" type="DEFAULT_VEHTYPE" speed="12.84" pos="14.53" lane="2/2to1/2_0" slope="0.00"/>
        <vehicle id="4" x="427.77" y="401.65" angle="-90.00" type="DEFAULT_VEHTYPE" speed="13.13" pos="167.48" lane="3/2to2/2_0" slope="0.00"/>
        <vehicle id="5" x="601.65" y="378.53" angle="180.00" type="DEFAULT_VEHTYPE" speed="10.50" pos="173.78" lane="3/1to3/2_0" slope="0.00"/>
        <vehicle id="6" x="384.62" y="598.35" angle="90.00" type="DEFAULT_VEHTYPE" speed="7.95" pos="179.87" lane="1/3to2/3_0" slope="0.00"/>
        <vehicle id="7" x="149.50" y="398.35" angle="90.00" type="DEFAULT_VEHTYPE" speed="12.78" pos="149.50" lane="0/2to1/2_0" slope="0.00"/>
        <vehicle id="8" x="201.65" y="175.17" angle="180.00" type="DEFAULT_VEHTYPE" speed="13.55" pos="175.17" lane="1/0to1/1_0" slope="0.00"/>
        <vehicle id="9" x="398.35" y="707.03" angle="0.00" type="DEFAULT_VEHTYPE" speed="13.67" pos="92.97" lane="2/4to2/3_0" slope="0.00"/>
    </timestep>
    <timestep time="276.00">
        <vehicle id="10" x="398.35" y="3.96" angle="0.00" type="DEFAULT_VEHTYPE" speed="12.75" pos="191.29" lane="2/1to2/0_0" slope="0.00"/>
        <vehicle id="12" x="198.35" y="127.09" angle="0.00" type="DEFAULT_VEHTYPE" speed="13.75" pos="68.16" lane="1/1to1/0_0" slope="0.00"/>
        <vehicle id="13" x="198.35" y="165.79" angle="0.00" type="DEFAULT_VEHTYPE" speed="13.24" pos="29.46" lane="1/1to1/0_0" slope="0.00"/>
        <vehicle id="3" x="366.94" y="401.65" angle="-90.00" type="DEFAULT_VEHTYPE" speed="13.78" pos="28.31" lane="2/2to1/2_0" slope="0.00"/>
        <vehicle id="4" x="418.13" y="401.65" angle="-90.00" type="DEFAULT_VEHTYPE" speed="9.64" pos="177.12" lane="3/2to2/2_0" slope="0.00"/>
        <vehicle id="5" x="601.65" y="385.27" angle="180.00" type="DEFAULT_VEHTYPE" speed="6.73" pos="180.52" lane="3/1to3/2_0" slope="0.00"/>
        <vehicle id="6" x="388.56" y="598.35" angle="90.00" type="DEFAULT_VEHTYPE" speed="3.94" pos="183.81" lane="1/3to2/3_0" slope="0.00"/>
        <vehicle id="7" x="163.31" y="398.35" angle="90.00" type="DEFAULT_VEHTYPE" speed="13.81" pos="163.31" lane="0/2to1/2_0" slope="0.00"/>
        <vehicle id="8" x="201.65" y="188.30" angle="180.00" type="DEFAULT_VEHTYPE" speed="13.13" pos="188.30" lane="1/0to1/1_0" slope="0.00"/>
        <vehicle id="9" x="398.35" y="694.08" angle="0.00" type="DEFAULT_VEHTYPE" speed="12.94" pos="105.92" lane="2/4to2/3_0" slope="0.00"/>
    </timestep>
    <timestep time="277.00">
        <vehicle id="10" x="401.65" y="5.04" angle="180.00" type="DEFAULT_VEHTYPE" speed="13.83" pos="5.04" lane="2/0to2/1_0" slope="0.00"/>
        <vehicle id="12" x="198.35" y="114.34" angle="0.00" type="DEFAULT_VEHTYPE" speed="12.75" pos="80.91" lane="1/1to1/0_0" slope="0.00"/>
        <vehicle id="13" x="198.35" y="153.06" angle="0.00" type="DEFAULT_VEHTYPE" speed="12.73" pos="42.19" lane="1/1to1/0_0" slope="0.00"/>
        <vehicle id="3" x="353.16" y="401.65" angle="-90.00" type="DEFAULT_VEHTYPE" speed="13.78" pos="42.09" lane="2/2to1/2_0" slope="0.00"/>
        <vehicle id="4" x="412.35" y="401.65" angle="-90.00" type="DEFAULT_VEHTYPE" speed="5.79" pos="182.90" lane="3/2to2/2_0" slope="0.00"/>
        <vehicle id="5" x="601.65" y="389.64" angle="180.00" type="DEFAULT_VEHTYPE" speed="4.37" pos="184.89" lane="3/1to3/2_0" slope="0.00"/>
        <vehicle id="6" x="394.53" y="598.35" angle="90.00" type="DEFAULT_VEHTYPE" speed="5.97" pos="189.78" lane="1/3to2/3_0" slope="0.00"/>
        <vehicle id="7" x="175.54" y="398.35" angle="90.00" type="DEFAULT_VEHTYPE" speed="12.24" pos="175.54" lane="0/2to1/2_0" slope="0.00"/>
        <vehicle id="8" x="206.52" y="198.35" angle="107.35" type="DEFAULT_VEHTYPE" speed="13.72" pos="1.77" lane="1/1to2/1_0" slope="0.00"/>
        <vehicle id="9" x="398.35" y="680.35" angle="0.00" type="DEFAULT_VEHTYPE" speed="13.74" pos="119.65" lane="2/4to2/3_0" slope="0.00"/>
    </timestep>
    <timestep time="278.00">
        <vehicle id="10" x="401.65" y="18.41" angle="180.00" type="DEFAULT_VEHTYPE" speed="13.36" pos="18.41" lane="2/0to2/1_0" slope="0.00"/>
        <vehicle id="12" x="198.35" y="100.88" angle="0.00" type="DEFAULT_VEHTYPE" speed="13.46" pos="94.37" lane="1/1to1/0_0" slope="0.00"/>
        <vehicle id="13" x="198.35" y="139.57" angle="0.00" type="DEFAULT_VEHTYPE" speed="13.49" pos="55.68" lane="1/1to1/0_0" slope="0.00"/>
        <vehicle id="3" x="340.09" y="401.65" angle="-90.00" type="DEFAULT_VEHTYPE" speed="13.07" pos="55.16" lane="2/2to1/2_0" slope="0.00"/>
        <vehicle id="4" x="408.78" y="401.65" angle="-90.00" type="DEFAULT_VEHTYPE" speed="3.57" pos="186.47" lane="3/2to2/2_0" slope="0.00"/>
        <vehicle id="5" x="601.57" y="395.79" angle="-179.12" type="DEFAULT_VEHTYPE" speed="6.15" pos="0.54" lane=":3/2_10_0" slope="0.00"/>
        <vehicle id="6" x="401.00" y="601.54" angle="127.64" type="DEFAULT_VEHTYPE" speed="7.73" pos="7.01" lane=":2/3_14_0" slope="0.00"/>
        <vehicle id="7" x="183.80" y="398.35" angle="90.00" type="DEFAULT_VEHTYPE" speed="8.26" pos="183.80" lane="0/2to1/2_0" slope="0.00"/>
        <vehicle id="8" x="219.60" y="198.35" angle="90.00" type="DEFAULT_VEHTYPE" speed="13.07" pos="14.85" lane="1/1to2/1_0" slope="0.00"/>
        <vehicle id="9" x="398.35" y="666.57" angle="0.00" type="DEFAULT_VEHTYPE" speed="13.78" pos="133.43" lane="2/4to2/3_0" slope="0.00"/>
    </timestep>
    <timestep time="279.00">
        <vehicle id="10" x="401.65" y="31.22" angle="180.00" type="DEFAULT_VEHTYPE" speed="12.81" pos="31.22" lane="2/0to2/1_0" slope="0.00"/>
        <vehicle id="12" x="198.35" y="88.23" angle="0.00" type="DEFAULT_VEHTYPE" speed="12.65" pos="107.02" lane="1/1to1/0_0" slope="0.00"/>
        <vehicle id="13" x="198.35" y="126.70" angle="0.00" type="DEFAULT_VEHTYPE" speed="12.87" pos="68.55" lane="1/1to1/0_0" slope="0.00"/>
        <vehicle id="3" x="326.30" y="401.65" angle="-90.00" type="DEFAULT_VEHTYPE" speed="13.80" pos="68.95" lane="2/2to1/2_0" slope="0.00"/>
        <vehicle id="4" x="403.73" y="401.50" angle="-88.32" type="DEFAULT_VEHTYPE" speed="5.06" pos="1.04" lane=":2/2_6_0" slope="0.00"/>
        <vehicle id="5" x="596.42" y="401.48" angle="-119.04" type="DEFAULT_VEHTYPE" speed="8.60" pos="2.00" lane=":3/2_18_0" slope="0.00"/>
        <vehicle id="6" x="401.65" y="611.48" angle="180.00" type="DEFAULT_VEHTYPE" speed="10.04" pos="6.73" lane="2/3to2/4_0" slope="0.00"/>
        <vehicle id="7" x="188.24" y="398.35" angle="90.00" type="DEFAULT_VEHTYPE" speed="4.44" pos="188.24" lane="0/2to1/2_0" slope="0.00"/>
        <vehicle id="8" x="233.30" y="198.35" angle="90.00" type="DEFAULT_VEHTYPE" speed="13.71" pos="28.55" lane="1/1to2/1_0" slope="0.00"/>
        <vehicle id="9" x="398.35" y="653.92" angle="0.00" type="DEFAULT_VEHTYPE" speed="12.66" pos="146.08" lane="2/4to2/3_0" slope="0.00"/>
    </timestep>
    <timestep time="280.00">
        <vehicle id="10" x="401.65" y="44.86" angle="180.00" type="DEFAULT_VEHTYPE" speed="13.64" pos="44.86" lane="2/0to2/1_0" slope="0.00"/>
        <vehicle id="12" x="198.35" y="74.39" angle="0.00" type="DEFAULT_VEHTYPE" speed="13.84" pos="120.86" lane="1/1to1/0_0" slope="0.00"/>
        <vehicle id="13" x="198.35" y="113.35" angle="0.00" type="DEFAULT_VEHTYPE" speed="13.35" pos="81.90" lane="1/1to1/0_0" slope="0.00"/>
        <vehicle id="3" x="312.97" y="401.65" angle="-90.00" type="DEFAULT_VEHTYPE" speed="13.33" pos="82.28" lane="2/2to1/2_0" slope="0.00"/>
        <vehicle id="4" x="398.67" y="397.49" angle="-40.21" type="DEFAULT_VEHTYPE" speed="7.03" pos="8.06" lane=":2/2_6_0" slope="0.00"/>
        <vehicle id="5" x="585.42" y="401.65" angle="-90.00" type="DEFAULT_VEHTYPE" speed="11.01" pos="9.83" lane="3/2to2/2_0" slope="0.00"/>
        <vehicle id="6" x="401.65" y="623.86" angle="180.00" type="DEFAULT_VEHTYPE" speed="12.39" pos="19.11" lane="2/3to2/4_0" slope="0.00"/>
        <vehicle id="7" x="190.63" y="398.35" angle="90.00" type="DEFAULT_VEHTYPE" speed="2.38" pos="190.63" lane="0/2to1/2_0" slope="0.00"/>
        <vehicle id="8" x="247.11" y="198.35" angle="90.00" type="DEFAULT_VEHTYPE" speed="13.80" pos="42.36" lane="1/1to2/1_0" slope="0.00"/>
        <vehicle id="9" x="398.35" y="640.63" angle="0.00" type="DEFAULT_VEHTYPE" speed="13.28" pos="159.37" lane="2/4to2/3_0" slope="0.00"/>
    </timestep>
    <timestep time="281.00">
        <vehicle id="10" x="401.65" y="58.17" angle="180.00" type="DEFAULT_VEHTYPE" speed="13.31" pos="58.17" lane="2/0to2/1_0" slope="0.00"/>
        <vehicle id="12" x="198.35" y="61.47" angle="0.00" type="DEFAULT_VEHTYPE" speed="12.92" pos="133.78" lane="1/1to1/0_0" slope="0.00"/>
        <vehicle id="13" x="198.35" y="100.57" angle="0.00" type="DEFAULT_VEHTYPE" speed="12.78" pos="94.68" lane="1/1to1/0_0" slope="0.00"/>
        <vehicle id="3" x="299.57" y="401.65" angle="-90.00" type="DEFAULT_VEHTYPE" speed="13.40" pos="95.68" lane="2/2to1/2_0" slope="0.00"/>
        <vehicle id="4" x="398.35" y="388.40" angle="0.00" type="DEFAULT_VEHTYPE" speed="9.11" pos="6.85" lane="2/2to2/1_0" slope="0.00"/>
        <vehicle id="5" x="572.81" y="401.65" angle="-90.00" type="DEFAULT_VEHTYPE" speed="12.61" pos="22.44" lane="3/2to2/2_0" slope="0.00"/>
        <vehicle id="6" x="401.65" y="637.65" angle="180.00" type="DEFAULT_VEHTYPE" speed="13.79" pos="32.90" lane="2/3to2/4_0" slope="0.00"/>
        <vehicle id="7" x="194.91" y="398.35" angle="90.00" type="DEFAULT_VEHTYPE" speed="4.28" pos="194.91" lane="0/2to1/2_0" slope="0.00"/>
        <vehicle id="8" x="261.00" y="198.35" angle="90.00" type="DEFAULT_VEHTYPE" speed="13.89" pos="56.25" lane="1/1to2/1_0" slope="0.00"/>
        <vehicle id="9" x="398.35" y="627.86" angle="0.00" type="DEFAULT_VEHTYPE" speed="12.77" pos="172.14" lane="2/4to2/3_0" slope="0.00"/>
    </timestep>
    <timestep time="282.00">
        <vehicle id="10" x="401.65" y="72.01" angle="180.00" type="DEFAULT_VEHTYPE" speed="13.84" pos="72.01" lane="2/0to2/1_0" slope="0.00"/>
        <vehicle id="12" x="198.35" y="47.98" angle="0.00" type="DEFAULT_VEHTYPE" speed="13.49" pos="147.27" lane="1/1to1/0_0" slope="0.00"/>
        <vehicle id="13" x="198.35" y="87.70" angle="0.00" type="DEFAULT_VEHTYPE" speed="12.87" pos="107.55" lane="1/1to1/0_0" slope="0.00"/>
        <vehicle id="3" x="286.89" y="401.65" angle="-90.00" type="DEFAULT_VEHTYPE" speed="12.68" pos="108.36" lane="2/2to1/2_0" slope="0.00"/>
        <vehicle id="4" x="398.35" y="377.93" angle="0.00" type="DEFAULT_VEHTYPE" speed="10.46" pos="17.32" lane="2/2to2/1_0" slope="0.00"/>
        <vehicle id="5" x="559.46" y="401.65" angle="-90.00" type="DEFAULT_VEHTYPE" speed="13.35" pos="35.79" lane="3/2to2/2_0" slope="0.00"/>
        <vehicle id="6" x="401.65" y="651.17" angle="180.00" type="DEFAULT_VEHTYPE" speed="13.52" pos="46.42" lane="2/3to2/4_0" slope="0.00"/>
        <vehicle id="7" x="200.74" y="401.10" angle="122.39" type="DEFAULT_VEHTYPE" speed="6.85" pos="6.50" lane=":1/2_14_0" slope="0.00"/>
        <vehicle id="8" x="274.78" y="198.35" angle="90.00" type="DEFAULT_VEHTYPE" speed="13.78" pos="70.03" lane="1/1to2/1_0" slope="0.00"/>
        <vehicle id="9" x="398.35" y="614.66" angle="0.00" type="DEFAULT_VEHTYPE" speed="13.20" pos="185.34" lane="2/4to2/3_0" slope="0.00"/>
    </timestep>
    <timestep time="283.00">
        <vehicle id="10" x="401.65" y="85.53" angle="180.00" type="DEFAULT_VEHTYPE" speed="13.53" pos="85.53" lane="2/0to2/1_0" slope="0.00"/>
        <vehicle id="12" x="198.35" y="34.54" angle="0.00" type="DEFAULT_VEHTYPE" speed="13.44" pos="160.71" lane="1/1to1/0_0" slope="0.00"/>
        <vehicle id="13" x="198.35" y="74.65" angle="0.00" type="DEFAULT_VEHTYPE" speed="13.05" pos="120.60" lane="1/1to1/0_0" slope="0.00"/>
        <vehicle id="3" x="273.09" y="401.65" angle="-90.00" type="DEFAULT_VEHTYPE" speed="13.80" pos="122.16" lane="2/2to1/2_0" slope="0.00"/>
        <vehicle id="4" x="398.35" y="365.76" angle="0.00" type="DEFAULT_VEHTYPE" speed="12.18" pos="29.49" lane="2/2to2/1_0" slope="0.00"/>
        <vehicle id="5" x="546.52" y="401.65" angle="-90.00" type="DEFAULT_VEHTYPE" speed="12.94" pos="48.73" lane="3/2to2/2_0" slope="0.00"/>
        <vehicle id="6" x="401.65" y="663.99" angle="180.00" type="DEFAULT_VEHTYPE" speed="12.83" pos="59.24" lane="2/3to2/4_0" slope="0.00"/>
        <vehicle id="7" x="201.65" y="410.29" angle="180.00" type="DEFAULT_VEHTYPE" speed="9.36" pos="5.54" lane="1/2to1/3_0" slope="0.00"/>
        <vehicle id="8" x="287.79" y="198.35" angle="90.00" type="DEFAULT_VEHTYPE" speed="13.01" pos="83.04" lane="1/1to2/1_0" slope="0.00"/>
        <vehicle id="9" x="398.35" y="601.75" angle="0.00" type="DEFAULT_VEHTYPE" speed="12.91" pos="3.00" lane=":2/3_1_0" slope="0.00"/>
    </timestep>
    <timestep time="284.00">
        <vehicle id="10" x="401.65" y="98.21" angle="180.00" type="DEFAULT_VEHTYPE" speed="12.68" pos="98.21" lane="2/0to2/1_0" slope="0.00"/>
        <vehicle id="12" x="198.35" y="21.18" angle="0.00" type="DEFAULT_VEHTYPE" speed="13.36" pos="174.07" lane="1/1to1/0_0" slope="0.00"/>
        <vehicle id="13" x="198.35" y="61.19" angle="0.00" type="DEFAULT_VEHTYPE" speed="13.46" pos="134.06" lane="1/1to1/0_0" slope="0.00"/>
        <vehicle id="3" x="259.22" y="401.65" angle="-90.00" type="DEFAULT_VEHTYPE" speed="13.87" pos="136.03" lane="2/2to1/2_0" slope="0.00"/>
        <vehicle id="4" x="398.35" y="352.71" angle="0.00" type="DEFAULT_VEHTYPE" speed="13.05" pos="42.54" lane="2/2to2/1_0" slope="0.00"/>
        <vehicle id="5" x="533.71" y="401.65" angle="-90.00" type="DEFAULT_VEHTYPE" speed="12.81" pos="61.54" lane="3/2to2/2_0" slope="0.00"/>
        <vehicle id="6" x="401.65" y="677.82" angle="180.00" type="DEFAULT_VEHTYPE" speed="13.83" pos="73.07" lane="2/3to2/4_0" slope="0.00"/>
        <vehicle id="7" x="201.65" y="421.98" angle="180.00" type="DEFAULT_VEHTYPE" speed="11.69" pos="17.23" lane="1/2to1/3_0" slope="0.00"/>
        <vehicle id="8" x="300.52" y="198.35" angle="90.00" type="DEFAULT_VEHTYPE" speed="12.73" pos="95.77" lane="1/1to2/1_0" slope="0.00"/>
        <vehicle id="9" x="398.35" y="589.03" angle="0.00" type="DEFAULT_VEHTYPE" speed="12.72" pos="6.22" lane="2/3to2/2_0" slope="0.00"/>
    </timestep>
    <timestep time="285.00">
        <vehicle id="10" x="401.65" y="111.75" angle="180.00" type="DEFAULT_VEHTYPE" speed="13.53" pos="111.75" lane="2/0to2/1_0" slope="0.00"/>
        <vehicle id="12" x="198.35" y="8.42" angle="0.00" type="DEFAULT_VEHTYPE" speed="12.76" pos="186.83" lane="1/1to1/0_0" slope="0.00"/>
        <vehicle id="13" x="198.35" y="47.78" angle="0.00" type="DEFAULT_VEHTYPE" speed="13.41" pos="147.47" lane="1/1to1/0_0" slope="0.00"/>
        <vehicle id="3" x="246.34" y="401.65" angle="-90.00" type="DEFAULT_VEHTYPE" speed="12.88" pos="148.91" lane="2/2to1/2_0" slope="0.00"/>
        <vehicle id="4" x="398.35" y="338.93" angle="0.00" type="DEFAULT_VEHTYPE" speed="13.78" pos="56.32" lane="2/2to2/1_0" slope="0.00"/>
        <vehicle id="5" x="520.66" y="401.65" angle="-90.00" type="DEFAULT_VEHTYPE" speed="13.05" pos="74.59" lane="3/2to2/2_0" slope="0.00"/>
        <vehicle id="6" x="401.65" y="691.48" angle="180.00" type="DEFAULT_VEHTYPE" speed="13.65" pos="86.73" lane="2/3to2/4_0" slope="0.00"/>
        <vehicle id="7" x="201.65" y="434.58" angle="180.00" type="DEFAULT_VEHTYPE" speed="12.60" pos="29.83" lane="1/2to1/3_0" slope="0.00"/>
        <vehicle id="8" x="313.12" y="198.35" angle="90.00" type="DEFAULT_VEHTYPE" speed="12.60" pos="108.37" lane="1/1to2/1_0" slope="0.00"/>
        <vehicle id="9" x="398.35" y="575.29" angle="0.00" type="DEFAULT_VEHTYPE" speed="13.74" pos="19.96" lane="2/3to2/2_0" slope="0.00"/>
    </timestep>
    <timestep time="286.00">
        <vehicle id="10" x="401.65" y="124.99" angle="180.00" type="DEFAULT_VEHTYPE" speed="13.25" pos="124.99" lane="2/0to2/1_0" slope="0.00"/>
        <vehicle id="12" x="201.47" y="-0.27" angle="76.17" type="DEFAULT_VEHTYPE" speed="12.92" pos="4.50" lane=":1/0_0_0" slope="0.00"/>
        <vehicle id="13" x="198.35" y="34.76" angle="0.00" type="DEFAULT_VEHTYPE" speed="13.02" pos="160.49" lane="1/1to1/0_0" slope="0.00"/>
        <vehicle id="3" x="233.53" y="401.65" angle="-90.00" type="DEFAULT_VEHTYPE" speed="12.81" pos="161.72" lane="2/2to1/2_0" slope="0.00"/>
        <vehicle id="4" x="398.35" y="325.63" angle="0.00" type="DEFAULT_VEHTYPE" speed="13.30" pos="69.62" lane="2/2to2/1_0" slope="0.00"/>
        <vehicle id="5" x="507.67" y="401.65" angle="-90.00" type="DEFAULT_VEHTYPE" speed="12.99" pos="87.58" lane="3/2to2/2_0" slope="0.00"/>
        <vehicle id="6" x="401.65" y="705.05" angle="180.00" type="DEFAULT_VEHTYPE" speed="13.58" pos="100.30" lane="2/3to2/4_0" slope="0.00"/>
        <vehicle id="7" x="201.65" y="448.14" angle="180.00" type="DEFAULT_VEHTYPE" speed="13.55" pos="43.39" lane="1/2to1/3_0" slope="0.00"/>
        <vehicle id="8" x="326.47" y="198.35" angle="90.00" type="DEFAULT_VEHTYPE" speed="13.35" pos="121.72" lane="1/1to2/1_0" slope="0.00"/>
        <vehicle id="9" x="398.35" y="562.33" angle="0.00" type="DEFAULT_VEHTYPE" speed="12.96" pos="32.92" lane="2/3to2/2_0" slope="0.00"/>
    </timestep>
    <timestep time="287.00">
        <vehicle id="10" x="401.65" y="137.90" angle="180.00" type="DEFAULT_VEHTYPE" speed="12.91" pos="137.90" lane="2/0to2/1_0" slope="0.00"/>
        <vehicle id="12" x="201.65" y="13.18" angle="180.00" type="DEFAULT_VEHTYPE" speed="13.50" pos="13.18" lane="1/0to1/1_0" slope="0.00"/>
        <vehicle id="13" x="198.35" y="22.07" angle="0.00" type="DEFAULT_VEHTYPE" speed="12.69" pos="173.18" lane="1/1to1/0_0" slope="0.00"/>
        <vehicle id="3" x="222.51" y="401.65" angle="-90.00" type="DEFAULT_VEHTYPE" speed="11.02" pos="172.74" lane="2/2to1/2_0" slope="0.00"/>
        <vehicle id="4" x="398.35" y="312.05" angle="0.00" type="DEFAULT_VEHTYPE" speed="13.58" pos="83.20" lane="2/2to2/1_0" slope="0.00"/>
        <vehicle id="5" x="494.32" y="401.65" angle="-90.00" type="DEFAULT_VEHTYPE" speed="13.35" pos="100.93" lane="3/2to2/2_0" slope="0.00"/>
        <vehicle id="6" x="401.65" y="718.07" angle="180.00" type="DEFAULT_VEHTYPE" speed="13.02" pos="113.32" lane="2/3to2/4_0" slope="0.00"/>
        <vehicle id="7" x="201.65" y="461.51" angle="180.00" type="DEFAULT_VEHTYPE" speed="13.37" pos="56.76" lane="1/2to1/3_0" slope="0.00"/>
        <vehicle id="8" x="339.64" y="198.35" angle="90.00" type="DEFAULT_VEHTYPE" speed="13.17" pos="134.89" lane="1/1to2/1_0" slope="0.00"/>
        <vehicle id="9" x="398.35" y="549.21" angle="0.00" type="DEFAULT_VEHTYPE" speed="13.12" pos="46.04" lane="2/3to2/2_0" slope="0.00"/>
    </timestep>
    <timestep time="288.00">
        <vehicle id="10" x="401.65" y="151.17" angle="180.00" type="DEFAULT_VEHTYPE" speed="13.27" pos="151.17" lane="2/0to2/1_0" slope="0.00"/>
        <vehicle id="12" x="201.65" y="26.48" angle="180.00" type="DEFAULT_VEHTYPE" speed="13.30" pos="26.48" lane="1/0to1/1_0" slope="0.00"/>
        <vehicle id="13" x="198.35" y="9.31" angle="0.00" type="DEFAULT_VEHTYPE" speed="12.76" pos="185.94" lane="1/1to1/0_0" slope="0.00"/>
        <vehicle id="3" x="214.52" y="401.65" angle="-90.00" type="DEFAULT_VEHTYPE" speed="8.00" pos="180.73" lane="2/2to1/2_0" slope="0.00"/>
        <vehicle id="4" x="398.35" y="299.22" angle="0.00" type="DEFAULT_VEHTYPE" speed="12.83" pos="96.03" lane="2/2to2/1_0" slope="0.00"/>
        <vehicle id="5" x="481.38" y="401.65" angle="-90.00" type="DEFAULT_VEHTYPE" speed="12.94" pos="113.87" lane="3/2to2/2_0" slope="0.00"/>
        <vehicle id="6" x="401.65" y="731.95" angle="180.00" type="DEFAULT_VEHTYPE" speed="13.88" pos="127.20" lane="2/3to2/4_0" slope="0.00"/>
        <vehicle id="7" x="201.65" y="475.13" angle="180.00" type="DEFAULT_VEHTYPE" speed="13.62" pos="70.38" lane="1/2to1/3_0" slope="0.00"/>
        <vehicle id="8" x="352.43" y="198.35" angle="90.00" type="DEFAULT_VEHTYPE" speed="12.79" pos="147.68" lane="1/1to2/1_0" slope="0.00"/>
        <vehicle id="9" x="398.35" y="535.59" angle="0.00" type="DEFAULT_VEHTYPE" speed="13.62" pos="59.66" lane="2/3to2/2_0" slope="0.00"/>
    </timestep>
    <timestep time="289.00">
        <vehicle id="10" x="401.65" y="163.87" angle="180.00" type="DEFAULT_VEHTYPE" speed="12.70" pos="163.87" lane="2/0to2/1_0" slope="0.00"/>
        <vehicle id="12" x="201.65" y="40.16" angle="180.00" type="DEFAULT_VEHTYPE" speed="13.68" pos="40.16" lane="1/0to1/1_0" slope="0.00"/>
        <vehicle id="13" x="200.79" y="-1.25" angle="39.49" type="DEFAULT_VEHTYPE" speed="12.60" pos="3.30" lane=":1/0_0_0" slope="0.00"/>
        <vehicle id="3" x="210.75" y="401.65" angle="-90.00" type="DEFAULT_VEHTYPE" speed="3.77" pos="184.50" lane="2/2to1/2_0" slope="0.00"/>
        <vehicle id="4" x="398.35" y="285.54" angle="0.00" type="DEFAULT_VEHTYPE" speed="13.68" pos="109.71" lane="2/2to2/1_0" slope="0.00"/>
        <vehicle id="5" x="467.52" y="401.65" angle="-90.00" type="DEFAULT_VEHTYPE" speed="13.86" pos="127.73" lane="3/2to2/2_0" slope="0.00"/>
        <vehicle id="6" x="401.65" y="744.55" angle="180.00" type="DEFAULT_VEHTYPE" speed="12.60" pos="139.80" lane="2/3to2/4_0" slope="0.00"/>
        <vehicle id="7" x="201.65" y="488.13" angle="180.00" type="DEFAULT_VEHTYPE" speed="13.00" pos="83.38" lane="1/2to1/3_0" slope="0.00"/>
        <vehicle id="8" x="365.62" y="198.35" angle="90.00" type="DEFAULT_VEHTYPE" speed="13.19" pos="160.87" lane="1/1to2/1_0" slope="0.00"/>
        <vehicle id="9" x="398.35" y="522.71" angle="0.00" type="DEFAULT_VEHTYPE" speed="12.88" pos="72.54" lane="2/3to2/2_0" slope="0.00"/>
    </timestep>
    <timestep time="290.00">
        <vehicle id="10" x="401.65" y="176.60" angle="180.00" type="DEFAULT_VEHTYPE" speed="12.72" pos="176.60" lane="2/0to2/1_0" slope="0.00"/>
        <vehicle id="12" x="201.65" y="53.58" angle="180.00" type="DEFAULT_VEHTYPE" speed="13.43" pos="53.58" lane="1/0to1/1_0" slope="0.00"/>
        <vehicle id="13" x="201.65" y="11.97" angle="180.00" type="DEFAULT_VEHTYPE" speed="13.49" pos="11.97" lane="1/0to1/1_0" slope="0.00"/>
        <vehicle id="3" x="205.49" y="401.65" angle="-90.00" type="DEFAULT_VEHTYPE" speed="5.26" pos="189.76" lane="2/2to1/2_0" slope="0.00"/>
        <vehicle id="4" x="398.35" y="272.19" angle="0.00" type="DEFAULT_VEHTYPE" speed="13.35" pos="123.06" lane="2/2to2/1_0" slope="0.00"/>
        <vehicle id="5" x="454.83" y="401.65" angle="-90.00" type="DEFAULT_VEHTYPE" speed="12.68" pos="140.42" lane="3/2to2/2_0" slope="0.00"/>
        <vehicle id="6" x="401.65" y="758.07" angle="180.00" type="DEFAULT_VEHTYPE" speed="13.51" pos="153.32" lane="2/3to2/4_0" slope="0.00"/>
        <vehicle id="7" x="201.65" y="501.48" angle="180.00" type="DEFAULT_VEHTYPE" speed="13.35" pos="96.73" lane="1/2to1/3_0" slope="0.00"/>
        <vehicle id="8" x="376.94" y="198.35" angle="90.00" type="DEFAULT_VEHTYPE" speed="11.32" pos="172.19" lane="1/1to2/1_0" slope="0.00"/>
        <vehicle id="9" x="398.35" y="508.82" angle="0.00" type="DEFAULT_VEHTYPE" speed="13.89" pos="86.43" lane="2/3to2/2_0" slope="0.00"/>
    </timestep>
    <timestep time="291.00">
        <vehicle id="10" x="401.65" y="190.12" angle="180.00" type="DEFAULT_VEHTYPE" speed="13.52" pos="190.12" lane="2/0to2/1_0" slope="0.00"/>
        <vehicle id="12" x="201.65" y="67.07" angle="180.00" type="DEFAULT_VEHTYPE" speed="13.49" pos="67.07" lane="1/0to1/1_0" slope="0.00"/>
        <vehicle id="13" x="201.65" y="25.16" angle="180.00" type="DEFAULT_VEHTYPE" speed="13.20" pos="25.16" lane="1/0to1/1_0" slope="0.00"/>
        <vehicle id="3" x="197.75" y="401.65" angle="-90.00" type="DEFAULT_VEHTYPE" speed="7.74" pos="7.00" lane=":1/2_5_0" slope="0.00"/>
        <vehicle id="4" x="398.35" y="258.98" angle="0.00" type="DEFAULT_VEHTYPE" speed="13.21" pos="136.27" lane="2/2to2/1_0" slope="0.00"/>
        <vehicle id="5" x="441.78" y="401.65" angle="-90.00" type="DEFAULT_VEHTYPE" speed="13.06" pos="153.47" lane="3/2to2/2_0" slope="0.00"/>
        <vehicle id="6" x="401.65" y="771.03" angle="180.00" type="DEFAULT_VEHTYPE" speed="12.96" pos="166.28" lane="2/3to2/4_0" slope="0.00"/>
        <vehicle id="7" x="201.65" y="514.84" angle="180.00" type="DEFAULT_VEHTYPE" speed="13.36" pos="110.09" lane="1/2to1/3_0" slope="0.00"/>
        <vehicle id="8" x="384.56" y="198.35" angle="90.00" type="DEFAULT_VEHTYPE" speed="7.62" pos="179.81" lane="1/1to2/1_0" slope="0.00"/>
        <vehicle id="9" x="398.35" y="495.37" angle="0.00" type="DEFAULT_VEHTYPE" speed="13.44" pos="99.88" lane="2/3to2/2_0" slope="0.00"/>
    </timestep>
    <timestep time="292.00">
        <vehicle id="10" x="408.22" y="198.35" angle="93.15" type="DEFAULT_VEHTYPE" speed="13.60" pos="3.47" lane="2/1to3/1_0" slope="0.00"/>
        <vehicle id="12" x="201.65" y="80.83" angle="180.00" type="DEFAULT_VEHTYPE" speed="13.76" pos="80.83" lane="1/0to1/1_0" slope="0.00"/>
        <vehicle id="13" x="201.65" y="38.17" angle="180.00" type="DEFAULT_VEHTYPE" speed="13.01" pos="38.17" lane="1/0to1/1_0" slope="0.00"/>
        <vehicle id="3" x="187.83" y="401.65" angle="-90.00" type="DEFAULT_VEHTYPE" speed="9.92" pos="7.42" lane="1/2to0/2_0" slope="0.00"/>
        <vehicle id="4" x="398.35" y="246.03" angle="0.00" type="DEFAULT_VEHTYPE" speed="12.94" pos="149.22" lane="2/2to2/1_0" slope="0.00"/>
        <vehicle id="5" x="428.49" y="401.65" angle="-90.00" type="DEFAULT_VEHTYPE" speed="13.29" pos="166.76" lane="3/2to2/2_0" slope="0.00"/>
        <vehicle id="6" x="401.65" y="784.35" angle="180.00" type="DEFAULT_VEHTYPE" speed="13.33" pos="179.60" lane="2/3to2/4_0" slope="0.00"/>
        <vehicle id="7" x="201.65" y="528.03" angle="180.00" type="DEFAULT_VEHTYPE" speed="13.19" pos="123.28" lane="1/2to1/3_0" slope="0.00"/>
        <vehicle id="8" x="388.60" y="198.35" angle="90.00" type="DEFAULT_VEHTYPE" speed="4.03" pos="183.85" lane="1/1to2/1_0" slope="0.00"/>
        <vehicle id="9" x="398.35" y="482.45" angle="0.00" type="DEFAULT_VEHTYPE" speed="12.93" pos="112.80" lane="2/3to2/2_0" slope="0.00"/>
    </timestep>
    <timestep time="293.00">
        <vehicle id="10" x="421.20" y="198.35" angle="90.00" type="DEFAULT_VEHTYPE" speed="12.97" pos="16.45" lane="2/1to3/1_0" slope="0.00"/>
        <vehicle id="12" x="201.65" y="94.46" angle="180.00" type="DEFAULT_VEHTYPE" speed="13.63" pos="94.46" lane="1/0to1/1_0" slope="0.00"/>
        <vehicle id="13" x="201.65" y="51.85" angle="180.00" type="DEFAULT_VEHTYPE" speed="13.68" pos="51.85" lane="1/0to1/1_0" slope="0.00"/>
        <vehicle id="3" x="176.10" y="401.65" angle="-90.00" type="DEFAULT_VEHTYPE" speed="11.73" pos="19.15" lane="1/2to0/2_0" slope="0.00"/>
        <vehicle id="4" x="398.35" y="232.45" angle="0.00" type="DEFAULT_VEHTYPE" speed="13.58" pos="162.80" lane="2/2to2/1_0" slope="0.00"/>
        <vehicle id="5" x="418.59" y="401.65" angle="-90.00" type="DEFAULT_VEHTYPE" speed="9.89" pos="176.66" lane="3/2to2/2_0" slope="0.00"/>
        <vehicle id="6" x="401.65" y="797.91" angle="180.00" type="DEFAULT_VEHTYPE" speed="13.56" pos="193.16" lane="2/3to2/4_0" slope="0.00"/>
        <vehicle id="7" x="201.65" y="541.02" angle="180.00" type="DEFAULT_VEHTYPE" speed="12.99" pos="136.27" lane="1/2to1/3_0" slope="0.00"/>
        <vehicle id="8" x="391.01" y="198.35" angle="90.00" type="DEFAULT_VEHTYPE" speed="2.42" pos="186.26" lane="1/1to2/1_0" slope="0.00"/>
        <vehicle id="9" x="398.35" y="469.21" angle="0.00" type="DEFAULT_VEHTYPE" speed="13.24" pos="126.04" lane="2/3to2/2_0" slope="0.00"/>
    </timestep>
    <timestep time="294.00">
        <vehicle id="10" x="434.65" y="198.35" angle="90.00" type="DEFAULT_VEHTYPE" speed="13.46" pos="29.90" lane="2/1to3/1_0" slope="0.00"/>
        <vehicle id="12" x="201.65" y="108.06" angle="180.00" type="DEFAULT_VEHTYPE" speed="13.60" pos="108.06" lane="1/0to1/1_0" slope="0.00"/>
        <vehicle id="13" x="201.65" y="65.07" angle="180.00" type="DEFAULT_VEHTYPE" speed="13.22" pos="65.07" lane="1/0to1/1_0" slope="0.00"/>
        <vehicle id="3" x="162.77" y="401.65" angle="-90.00" type="DEFAULT_VEHTYPE" speed="13.33" pos="32.48" lane="1/2to0/2_0" slope="0.00"/>
        <vehicle id="4" x="398.35" y="218.69" angle="0.00" type="DEFAULT_VEHTYPE" speed="13.76" pos="176.56" lane="2/2to2/1_0" slope="0.00"/>
        <vehicle id="5" x="412.67" y="401.65" angle="-90.00" type="DEFAULT_VEHTYPE" speed="5.93" pos="182.58" lane="3/2to2/2_0" slope="0.00"/>
        <vehicle id="6" x="398.35" y="794.06" angle="0.00" type="DEFAULT_VEHTYPE" speed="12.85" pos="5.94" lane="2/4to2/3_0" slope="0.00"/>
        <vehicle id="7" x="201.65" y="553.74" angle="180.00" type="DEFAULT_VEHTYPE" speed="12.72" pos="148.99" lane="1/2to1/3_0" slope="0.00"/>
        <vehicle id="8" x="392.23" y="198.35" angle="90.00" type="DEFAULT_VEHTYPE" speed="1.22" pos="187.48" lane="1/1to2/1_0" slope="0.00"/>
        <vehicle id="9" x="398.35" y="455.34" angle="0.00" type="DEFAULT_VEHTYPE" speed="13.87" pos="139.91" lane="2/3to2/2_0" slope="0.00"/>
    </timestep>
    <timestep time="295.00">
        <vehicle id="10" x="448.16" y="198.35" angle="90.00" type="DEFAULT_VEHTYPE" speed="13.51" pos="43.41" lane="2/1to3/1_0" slope="0.00"/>
        <vehicle id="12" x="201.65" y="121.13" angle="180.00" type="DEFAULT_VEHTYPE" speed="13.07" pos="121.13" lane="1/0to1/1_0" slope="0.00"/>
        <vehicle id="13" x="201.65" y="78.85" angle="180.00" type="DEFAULT_VEHTYPE" speed="13.78" pos="78.85" lane="1/0to1/1_0" slope="0.00"/>
        <vehicle id="3" x="148.94" y="401.65" angle="-90.00" type="DEFAULT_VEHTYPE" speed="13.83" pos="46.31" lane="1/2to0/2_0" slope="0.00"/>
        <vehicle id="4" x="398.35" y="205.10" angle="0.00" type="DEFAULT_VEHTYPE" speed="13.60" pos="190.15" lane="2/2to2/1_0" slope="0.00"/>
        <vehicle id="5" x="409.66" y="401.65" angle="-90.00" type="DEFAULT_VEHTYPE" speed="3.00" pos="185.59" lane="3/2to2/2_0" slope="0.00"/>
        <vehicle id="6" x="398.35" y="780.44" angle="0.00" type="DEFAULT_VEHTYPE" speed="13.62" pos="19.56" lane="2/4to2/3_0" slope="0.00"/>
        <vehicle id="7" x="201.65" y="566.59" angle="180.00" type="DEFAULT_VEHTYPE" speed="12.86" pos="161.84" lane="1/2to1/3_0" slope="0.00"/>
        <vehicle id="8" x="392.72" y="198.35" angle="90.00" type="DEFAULT_VEHTYPE" speed="0.49" pos="187.97" lane="1/1to2/1_0" slope="0.00"/>
        <vehicle id="9" x="398.35" y="442.19" angle="0.00" type="DEFAULT_VEHTYPE" speed="13.15" pos="153.06" lane="2/3to2/2_0" slope="0.00"/>
    </timestep>
    <timestep time="296.00">
        <vehicle id="10" x="460.81" y="198.35" angle="90.00" type="DEFAULT_VEHTYPE" speed="12.64" pos="56.06" lane="2/1to3/1_0" slope="0.00"/>
        <vehicle id="12" x="201.65" y="134.27" angle="180.00" type="DEFAULT_VEHTYPE" speed="13.14" pos="134.27" lane="1/0to1/1_0" slope="0.00"/>
        <vehicle id="13" x="201.65" y="92.68" angle="180.00" type="DEFAULT_VEHTYPE" speed="13.83" pos="92.68" lane="1/0to1/1_0" slope="0.00"/>
        <vehicle id="3" x="135.26" y="401.65" angle="-90.00" type="DEFAULT_VEHTYPE" speed="13.68" pos="59.99" lane="1/2to0/2_0" slope="0.00"/>
        <vehicle id="4" x="398.35" y="191.42" angle="0.00" type="DEFAULT_VEHTYPE" speed="13.68" pos="3.83" lane="2/1to2/0_0" slope="0.00"/>
        <vehicle id="5" x="404.25" y="401.58" angle="-89.18" type="DEFAULT_VEHTYPE" speed="5.42" pos="0.51" lane=":2/2_6_0" slope="0.00"/>
        <vehicle id="6" x="398.35" y="767.26" angle="0.00" type="DEFAULT_VEHTYPE" speed="13.18" pos="32.74" lane="2/4to2/3_0" slope="0.00"/>
        <vehicle id="7" x="201.65" y="579.89" angle="180.00" type="DEFAULT_VEHTYPE" speed="13.29" pos="175.14" lane="1/2to1/3_0" slope="0.00"/>
        <vehicle id="8" x="392.75" y="198.35" angle="90.00" type="DEFAULT_VEHTYPE" speed="0.03" pos="188.00" lane="1/1to2/1_0" slope="0.00"/>
        <vehicle id="9" x="398.35" y="429.13" angle="0.00" type="DEFAULT_VEHTYPE" speed="13.06" pos="166.12" lane="2/3to2/2_0" slope="0.00"/>
    </timestep>
    <timestep time="297.00">
        <vehicle id="10" x="473.87" y="198.35" angle="90.00" type="DEFAULT_VEHTYPE" speed="13.07" pos="69.12" lane="2/1to3/1_0" slope="0.00"/>
        <vehicle id="12" x="201.65" y="147.36" angle="180.00" type="DEFAULT_VEHTYPE" speed="13.09" pos="147.36" lane="1/0to1/1_0" slope="0.00"/>
        <vehicle id="13" x="201.65" y="105.29" angle="180.00" type="DEFAULT_VEHTYPE" speed="12.61" pos="105.29" lane="1/0to1/1_0" slope="0.00"/>
        <vehicle id="3" x="122.34" y="401.65" angle="-90.00" type="DEFAULT_VEHTYPE" speed="12.92" pos="72.91" lane="1/2to0/2_0" slope="0.00"/>
        <vehicle id="4" x="398.35" y="178.70" angle="0.00" type="DEFAULT_VEHTYPE" speed="12.72" pos="16.55" lane="2/1to2/0_0" slope="0.00"/>
        <vehicle id="5" x="398.66" y="397.44" angle="-39.76" type="DEFAULT_VEHTYPE" speed="7.60" pos="8.11" lane=":2/2_6_0" slope="0.00"/>
        <vehicle id="6" x="398.35" y="753.77" angle="0.00" type="DEFAULT_VEHTYPE" speed="13.49" pos="46.23" lane="2/4to2/3_0" slope="0.00"/>
        <vehicle id="7" x="201.65" y="593.38" angle="180.00" type="DEFAULT_VEHTYPE" speed="13.50" pos="188.63" lane="1/2to1/3_0" slope="0.00"/>
        <vehicle id="8" x="394.74" y="198.35" angle="90.00" type="DEFAULT_VEHTYPE" speed="1.99" pos="189.99" lane="1/1to2/1_0" slope="0.00"/>
        <vehicle id="9" x="398.35" y="415.79" angle="0.00" type="DEFAULT_VEHTYPE" speed="13.33" pos="179.46" lane="2/3to2/2_0" slope="0.00"/>
    </timestep>
    <timestep time="298.00">
        <vehicle id="10" x="486.64" y="198.35" angle="90.00" type="DEFAULT_VEHTYPE" speed="12.77" pos="81.89" lane="2/1to3/1_0" slope="0.00"/>
        <vehicle id="12" x="201.65" y="160.01" angle="180.00" type="DEFAULT_VEHTYPE" speed="12.65" pos="160.01" lane="1/0to1/1_0" slope="0.00"/>
        <vehicle id="13" x="201.65" y="118.21" angle="180.00" type="DEFAULT_VEHTYPE" speed="12.92" pos="118.21" lane="1/0to1/1_0" slope="0.00"/>
        <vehicle id="3" x="108.51" y="401.65" angle="-90.00" type="DEFAULT_VEHTYPE" speed="13.83" pos="86.74" lane="1/2to0/2_0" slope="0.00"/>
        <vehicle id="4" x="398.35" y="166.10" angle="0.00" type="DEFAULT_VEHTYPE" speed="12.61" pos="29.15" lane="2/1to2/0_0" slope="0.00"/>
        <vehicle id="5" x="398.35" y="387.63" angle="0.00" type="DEFAULT_VEHTYPE" speed="9.83" pos="7.62" lane="2/2to2/1_0" slope="0.00"/>
        <vehicle id="6" x="398.35" y="741.05" angle="0.00" type="DEFAULT_VEHTYPE" speed="12.72" pos="58.95" lane="2/4to2/3_0" slope="0.00"/>
        <vehicle id="7" x="211.77" y="598.35" angle="90.00" type="DEFAULT_VEHTYPE" speed="13.89" pos="7.02" lane="1/3to2/3_0" slope="0.00"/>
        <vehicle id="8" x="399.30" y="198.35" angle="90.00" type="DEFAULT_VEHTYPE" speed="4.56" pos="4.05" lane=":2/1_13_0" slope="0.00"/>
        <vehicle id="9" x="397.28" y="402.24" angle="-12.88" type="DEFAULT_VEHTYPE" speed="13.89" pos="2.85" lane=":2/2_0_0" slope="0.00"/>
    </timestep>
    <timestep time="299.00">
        <vehicle id="10" x="499.98" y="198.35" angle="90.00" type="DEFAULT_VEHTYPE" speed="13.34" pos="95.23" lane="2/1to3/1_0" slope="0.00"/>
        <vehicle id="12" x="201.65" y="172.89" angle="180.00" type="DEFAULT_VEHTYPE" speed="12.88" pos="172.89" lane="1/0to1/1_0" slope="0.00"/>
        <vehicle id="13" x="201.65" y="130.86" angle="180.00" type="DEFAULT_VEHTYPE" speed="12.65" pos="130.86" lane="1/0to1/1_0" slope="0.00"/>
        <vehicle id="3" x="95.36" y="401.65" angle="-90.00" type="DEFAULT_VEHTYPE" speed="13.15" pos="99.89" lane="1/2to0/2_0" slope="0.00"/>
        <vehicle id="4" x="398.35" y="152.26" angle="0.00" type="DEFAULT_VEHTYPE" speed="13.84" pos="42.99" lane="2/1to2/0_0" slope="0.00"/>
        <vehicle id="5" x="398.35" y="375.38" angle="0.00" type="DEFAULT_VEHTYPE" speed="12.25" pos="19.87" lane="2/2to2/1_0" slope="0.00"/>
        <vehicle id="6" x="398.35" y="727.35" angle="0.00" type="DEFAULT_VEHTYPE" speed="13.70" pos="72.65" lane="2/4to2/3_0" slope="0.00"/>
        <vehicle id="7" x="224.57" y="598.35" angle="90.00" type="DEFAULT_VEHTYPE" speed="12.80" pos="19.82" lane="1/3to2/3_0" slope="0.00"/>
        <vehicle id="8" x="405.88" y="198.35" angle="90.00" type="DEFAULT_VEHTYPE" speed="6.58" pos="1.13" lane="2/1to3/1_0" slope="0.00"/>
        <vehicle id="9" x="384.76" y="401.65" angle="-90.00" type="DEFAULT_VEHTYPE" speed="12.65" pos="10.49" lane="2/2to1/2_0" slope="0.00"/>
    </timestep>
    <timestep time="300.00">
        <vehicle id="10" x="512.72" y="198.35" angle="90.00" type="DEFAULT_VEHTYPE" speed="12.74" pos="107.97" lane="2/1to3/1_0" slope="0.00"/>
        <vehicle id="12" x="201.65" y="186.40" angle="180.00" type="DEFAULT_VEHTYPE" speed="13.51" pos="186.40" lane="1/0to1/1_0" slope="0.00"/>
        <vehicle id="13" x="201.65" y="144.22" angle="180.00" type="DEFAULT_VEHTYPE" speed="13.35" pos="144.22" lane="1/0to1/1_0" slope="0.00"/>
        <vehicle id="3" x="81.63" y="401.65" angle="-90.00" type="DEFAULT_VEHTYPE" speed="13.73" pos="113.62" lane="1/2to0/2_0" slope="0.00"/>
        <vehicle id="4" x="398.35" y="139.60" angle="0.00" type="DEFAULT_VEHTYPE" speed="12.66" pos="55.65" lane="2/1to2/0_0" slope="0.00"/>
        <vehicle id="5" x="398.35" y="362.55" angle="0.00" type="DEFAULT_VEHTYPE" speed="12.84" pos="32.70" lane="2/2to2/1_0" slope="0.00"/>
        <vehicle id="6" x="398.35" y="713.73" angle="0.00" type="DEFAULT_VEHTYPE" speed="13.62" pos="86.27" lane="2/4to2/3_0" slope="0.00"/>
        <vehicle id="7" x="238.23" y="598.35" angle="90.00" type="DEFAULT_VEHTYPE" speed="13.66" pos="33.48" lane="1/3to2/3_0" slope="0.00"/>
        <vehicle id="8" x="414.46" y="198.35" angle="90.00" type="DEFAULT_VEHTYPE" speed="8.57" pos="9.71" lane="2/1to3/1_0" slope="0.00"/>
        <vehicle id="9" x="371.07" y="401.65" angle="-90.00" type="DEFAULT_VEHTYPE" speed="13.68" pos="24.18" lane="2/2to1/2_0" slope="0.00"/>
    </timestep>
    <timestep time="301.00">
        <vehicle id="10" x="525.68" y="198.35" angle="90.00" type="DEFAULT_VEHTYPE" speed="12.96" pos="120.93" lane="2/1to3/1_0" slope="0.00"/>
        <vehicle id="12" x="203.99" y="198.24" angle="148.09" type="DEFAULT_VEHTYPE" speed="13.08" pos="4.24" lane=":1/1_8_0" slope="0.00"/>
        <vehicle id="13" x="201.65" y="157.87" angle="180.00" type="DEFAULT_VEHTYPE" speed="13.66" pos="157.87" lane="1/0to1/1_0" slope="0.00"/>
        <vehicle id="3" x="67.96" y="401.65" angle="-90.00" type="DEFAULT_VEHTYPE" speed="13.67" pos="127.29" lane="1/2to0/2_0" slope="0.00"/>
        <vehicle id="4" x="398.35" y="126.68" angle="0.00" type="DEFAULT_VEHTYPE" speed="12.91" pos="68.57" lane="2/1to2/0_0" slope="0.00"/>
        <vehicle id="5" x="398.35" y="349.36" angle="0.00" type="DEFAULT_VEHTYPE" speed="13.18" pos="45.89" lane="2/2to2/1_0" slope="0.00"/>
        <vehicle id="6" x="398.35" y="700.20" angle="0.00" type="DEFAULT_VEHTYPE" speed="13.53" pos="99.80" lane="2/4to2/3_0" slope="0.00"/>
        <vehicle id="7" x="251.59" y="598.35" angle="90.00" type="DEFAULT_VEHTYPE" speed="13.37" pos="46.84" lane="1/3to2/3_0" slope="0.00"/>
        <vehicle id="8" x="425.28" y="198.35" angle="90.00" type="DEFAULT_VEHTYPE" speed="10.83" pos="20.53" lane="2/1to3/1_0" slope="0.00"/>
        <vehicle id="9" x="358.05" y="401.65" angle="-90.00" type="DEFAULT_VEHTYPE" speed="13.02" pos="37.20" lane="2/2to1/2_0" slope="0.00"/>
    </timestep>
    <timestep time="302.00">
        <vehicle id="10" x="539.31" y="198.35" angle="90.00" type="DEFAULT_VEHTYPE" speed="13.63" pos="134.56" lane="2/1to3/1_0" slope="0.00"/>
        <vehicle id="12" x="217.83" y="198.35" angle="90.00" type="DEFAULT_VEHTYPE" speed="13.84" pos="13.08" lane="1/1to2/1_0" slope="0.00"/>
        <vehicle id="13" x="201.65" y="171.71" angle="180.00" type="DEFAULT_VEHTYPE" speed="13.84" pos="171.71" lane="1/0to1/1_0" slope="0.00"/>
        <vehicle id="3" x="54.49" y="401.65" angle="-90.00" type="DEFAULT_VEHTYPE" speed="13.47" pos="140.76" lane="1/2to0/2_0" slope="0.00"/>
        <vehicle id="4" x="398.35" y="113.44" angle="0.00" type="DEFAULT_VEHTYPE" speed="13.25" pos="81.81" lane="2/1to2/0_0" slope="0.00"/>
        <vehicle id="5" x="398.35" y="336.37" angle="0.00" type="DEFAULT_VEHTYPE" speed="12.99" pos="58.88" lane="2/2to2/1_0" slope="0.00"/>
        <vehicle id="6" x="398.35" y="687.20" angle="0.00" type="DEFAULT_VEHTYPE" speed="13.00" pos="112.80" lane="2/4to2/3_0" slope="0.00"/>
        <vehicle id="7" x="264.47" y="598.35" angle="90.00" type="DEFAULT_VEHTYPE" speed="12.88" pos="59.72" lane="1/3to2/3_0" slope="0.00"/>
        <vehicle id="8" x="438.29" y="198.35" angle="90.00" type="DEFAULT_VEHTYPE" speed="13.01" pos="33.54" lane="2/1to3/1_0" slope="0.00"/>
        <vehicle id="9" x="344.97" y="401.65" angle="-90.00" type="DEFAULT_VEHTYPE" speed="13.08" pos="50.28" lane="2/2to1/2_0" slope="0.00"/>
    </timestep>
    <timestep time="303.00">
        <vehicle id="10" x="553.06" y="198.35" angle="90.00" type="DEFAULT_VEHTYPE" speed="13.75" pos="148.31" lane="2/1to3/1_0" slope="0.00"/>
        <vehicle id="12" x="230.96" y="198.35" angle="90.00" type="DEFAULT_VEHTYPE" speed="13.13" pos="26.21" lane="1/1to2/1_0" slope="0.00"/>
        <vehicle id="13" x="201.65" y="185.41" angle="180.00" type="DEFAULT_VEHTYPE" speed="13.69" pos="185.41" lane="1/0to1/1_0" slope="0.00"/>
        <vehicle id="3" x="40.61" y="401.65" angle="-90.00" type="DEFAULT_VEHTYPE" speed="13.88" pos="154.64" lane="1/2to0/2_0" slope="0.00"/>
        <vehicle id="4" x="398.35" y="100.59" angle="0.00" type="DEFAULT_VEHTYPE" speed="12.84" pos="94.66" lane="2/1to2/0_0" slope="0.00"/>
        <vehicle id="5" x="398.35" y="322.71" angle="0.00" type="DEFAULT_VEHTYPE" speed="13.66" pos="72.54" lane="2/2to2/1_0" slope="0.00"/>
        <vehicle id="6" x="398.35" y="674.40" angle="0.00" type="DEFAULT_VEHTYPE" speed="12.81" pos="125.60" lane="2/4to2/3_0" slope="0.00"/>
        <vehicle id="7" x="277.34" y="598.35" angle="90.00" type="DEFAULT_VEHTYPE" speed="12.87" pos="72.59" lane="1/3to2/3_0" slope="0.00"/>
        <vehicle id="8" x="451.34" y="198.35" angle="90.00" type="DEFAULT_VEHTYPE" speed="13.04" pos="46.59" lane="2/1to3/1_0" slope="0.00"/>
        <vehicle id="9" x="331.86" y="401.65" angle="-90.00" type="DEFAULT_VEHTYPE" speed="13.12" pos="63.39" lane="2/2to1/2_0" slope="0.00"/>
    </timestep>
    <timestep time="304.00">
        <vehicle id="10" x="565.91" y="198.35" angle="90.00" type="DEFAULT_VEHTYPE" speed="12.85" pos="161.16" lane="2/1to3/1_0" slope="0.00"/>
        <vehicle id="12" x="244.38" y="198.35" angle="90.00" type="DEFAULT_VEHTYPE" speed="13.42" pos="39.63" lane="1/1to2/1_0" slope="0.00"/>
        <vehicle id="13" x="202.66" y="197.72" angle="167.85" type="DEFAULT_VEHTYPE" speed="12.62" pos="2.78" lane=":1/1_8_0" slope="0.00"/>
        <vehicle id="3" x="27.85" y="401.65" angle="-90.00" type="DEFAULT_VEHTYPE" speed="12.76" pos="167.40" lane="1/2to0/2_0" slope="0.00"/>
        <vehicle id="4" x="398.35" y="86.92" angle="0.00" type="DEFAULT_VEHTYPE" speed="13.68" pos="108.33" lane="2/1to2/0_0" slope="0.00"/>
        <vehicle id="5" x="398.35" y="309.30" angle="0.00" type="DEFAULT_VEHTYPE" speed="13.41" pos="85.95" lane="2/2to2/1_0" slope="0.00"/>
        <vehicle id="6" x="398.35" y="661.67" angle="0.00" type="DEFAULT_VEHTYPE" speed="12.72" pos="138.33" lane="2/4to2/3_0" slope="0.00"/>
        <vehicle id="7" x="290.36" y="598.35" angle="90.00" type="DEFAULT_VEHTYPE" speed="13.02" pos="85.61" lane="1/3to2/3_0" slope="0.00"/>
        <vehicle id="8" x="464.16" y="198.35" angle="90.00" type="DEFAULT_VEHTYPE" speed="12.82" pos="59.41" lane="2/1to3/1_0" slope="0.00"/>
        <vehicle id="9" x="319.16" y="401.65" angle="-90.00" type="DEFAULT_VEHTYPE" speed="12.70" pos="76.09" lane="2/2to1/2_0" slope="0.00"/>
    </timestep>
    <timestep time="305.00">
        <vehicle id="10" x="576.82" y="198.35" angle="90.00" type="DEFAULT_VEHTYPE" speed="10.91" pos="172.07" lane="2/1to3/1_0" slope="0.00"/>
        <vehicle id="12" x="257.41" y="198.35" angle="90.00" type="DEFAULT_VEHTYPE" speed="13.03" pos="52.66" lane="1/1to2/1_0" slope="0.00"/>
        <vehicle id="13" x="215.73" y="198.35" angle="90.00" type="DEFAULT_VEHTYPE" speed="13.20" pos="10.98" lane="1/1to2/1_0" slope="0.00"/>
        <vehicle id="3" x="13.98" y="401.65" angle="-90.00" type="DEFAULT_VEHTYPE" speed="13.87" pos="181.27" lane="1/2to0/2_0" slope="0.00"/>
        <vehicle id="4" x="398.35" y="74.30" angle="0.00" type="DEFAULT_VEHTYPE" speed="12.62" pos="120.95" lane="2/1to2/0_0" slope="0.00"/>
        <vehicle id="5" x="398.35" y="295.41" angle="0.00" type="DEFAULT_VEHTYPE" speed="13.89" pos="99.84" lane="2/2to2/1_0" slope="0.00"/>
        <vehicle id="6" x="398.35" y="648.81" angle="0.00" type="DEFAULT_VEHTYPE" speed="12.86" pos="151.19" lane="2/4to2/3_0" slope="0.00"/>
        <vehicle id="7" x="302.98" y="598.35" angle="90.00" type="DEFAULT_VEHTYPE" speed="12.61" pos="98.23" lane="1/3to2/3_0" slope="0.00"/>
        <vehicle id="8" x="477.01" y="198.35" angle="90.00" type="DEFAULT_VEHTYPE" speed="12.85" pos="72.26" lane="2/1to3/1_0" slope="0.00"/>
        <vehicle id="9" x="306.50" y="401.65" angle="-90.00" type="DEFAULT_VEHTYPE" speed="12.65" pos="88.75" lane="2/2to1/2_0" slope="0.00"/>
    </timestep>
    <timestep time="306.00">
        <vehicle id="10" x="583.98" y="198.35" angle="90.00" type="DEFAULT_VEHTYPE" speed="7.16" pos="179.23" lane="2/1to3/1_0" slope="0.00"/>
        <vehicle id="12" x="271.29" y="198.35" angle="90.00" type="DEFAULT_VEHTYPE" speed="13.88" pos="66.54" lane="1/1to2/1_0" slope="0.00"/>
        <vehicle id="13" x="229.02" y="198.35" angle="90.00" type="DEFAULT_VEHTYPE" speed="13.29" pos="24.27" lane="1/1to2/1_0" slope="0.00"/>
        <vehicle id="3" x="0.27" y="401.65" angle="-90.00" type="DEFAULT_VEHTYPE" speed="13.71" pos="194.98" lane="1/2to0/2_0" slope="0.00"/>
        <vehicle id="4" x="398.35" y="60.74" angle="0.00" type="DEFAULT_VEHTYPE" speed="13.56" pos="134.51" lane="2/1to2/0_0" slope="0.00"/>
        <vehicle id="5" x="398.35" y="282.71" angle="0.00" type="DEFAULT_VEHTYPE" speed="12.70" pos="112.54" lane="2/2to2/1_0" slope="0.00"/>
        <vehicle id="6" x="398.35" y="635.66" angle="0.00" type="DEFAULT_VEHTYPE" speed="13.15" pos="164.34" lane="2/4to2/3_0" slope="0.00"/>
        <vehicle id="7" x="316.22" y="598.35" angle="90.00" type="DEFAULT_VEHTYPE" speed="13.24" pos="111.47" lane="1/3to2/3_0" slope="0.00"/>
        <vehicle id="8" x="490.30" y="198.35" angle="90.00" type="DEFAULT_VEHTYPE" speed="13.29" pos="85.55" lane="2/1to3/1_0" slope="0.00"/>
        <vehicle id="9" x="293.00" y="401.65" angle="-90.00" type="DEFAULT_VEHTYPE" speed="13.50" pos="102.25" lane="2/2to1/2_0" slope="0.00"/>
    </timestep>
    <timestep time="307.00">
        <vehicle id="10" x="589.22" y="198.35" angle="90.00" type="DEFAULT_VEHTYPE" speed="5.24" pos="184.47" lane="2/1to3/1_0" slope="0.00"/>
        <vehicle id="12" x="284.98" y="198.35" angle="90.00" type="DEFAULT_VEHTYPE" speed="13.69" pos="80.23" lane="1/1to2/1_0" slope="0.00"/>
        <vehicle id="13" x="242.15" y="198.35" angle="90.00" type="DEFAULT_VEHTYPE" speed="13.14" pos="37.40" lane="1/1to2/1_0" slope="0.00"/>
        <vehicle id="3" x="7.58" y="398.35" angle="90.00" type="DEFAULT_VEHTYPE" speed="12.67" pos="7.58" lane="0/2to1/2_0" slope="0.00"/>
        <vehicle id="4" x="398.35" y="47.45" angle="0.00" type="DEFAULT_VEHTYPE" speed="13.28" pos="147.80" lane="2/1to2/0_0" slope="0.00"/>
        <vehicle id="5" x="398.35" y="269.08" angle="0.00" type="DEFAULT_VEHTYPE" speed="13.62" pos="126.17" lane="2/2to2/1_0" slope="0.00"/>
        <vehicle id="6" x="398.35" y="622.25" angle="0.00" type="DEFAULT_VEHTYPE" speed="13.41" pos="177.75" lane="2/4to2/3_0" slope="0.00"/>
        <vehicle id="7" x="329.42" y="598.35" angle="90.00" type="DEFAULT_VEHTYPE" speed="13.20" pos="124.67" lane="1/3to2/3_0" slope="0.00"/>
        <vehicle id="8" x="504.11" y="198.35" angle="90.00" type="DEFAULT_VEHTYPE" speed="13.81" pos="99.36" lane="2/1to3/1_0" slope="0.00"/>
        <vehicle id="9" x="279.41" y="401.65" angle="-90.00" type="DEFAULT_VEHTYPE" speed="13.59" pos="115.84" lane="2/2to1/2_0" slope="0.00"/>
    </timestep>
    <timestep time="308.00">
        <vehicle id="10" x="596.39" y="198.51" angle="91.87" type="DEFAULT_VEHTYPE" speed="7.18" pos="1.15" lane=":3/1_14_0" slope="0.00"/>
        <vehicle id="12" x="298.06" y="198.35" angle="90.00" type="DEFAULT_VEHTYPE" speed="13.08" pos="93.31" lane="1/1to2/1_0" slope="0.00"/>
        <vehicle id="13" x="255.03" y="198.35" angle="90.00" type="DEFAULT_VEHTYPE" speed="12.88" pos="50.28" lane="1/1to2/1_0" slope="0.00"/>
        <vehicle id="3" x="20.70" y="398.35" angle="90.00" type="DEFAULT_VEHTYPE" speed="13.12" pos="20.70" lane="0/2to1/2_0" slope="0.00"/>
        <vehicle id="4" x="398.35" y="34.41" angle="0.00" type="DEFAULT_VEHTYPE" speed="13.05" pos="160.84" lane="2/1to2/0_0" slope="0.00"/>
        <vehicle id="5" x="398.35" y="255.69" angle="0.00" type="DEFAULT_VEHTYPE" speed="13.39" pos="139.56" lane="2/2to2/1_0" slope="0.00"/>
        <vehicle id="6" x="398.35" y="608.77" angle="0.00" type="DEFAULT_VEHTYPE" speed="13.47" pos="191.23" lane="2/4to2/3_0" slope="0.00"/>
        <vehicle id="7" x="342.92" y="598.35" angle="90.00" type="DEFAULT_VEHTYPE" speed="13.50" pos="138.17" lane="1/3to2/3_0" slope="0.00"/>
        <vehicle id="8" x="517.45" y="198.35" angle="90.00" type="DEFAULT_VEHTYPE" speed="13.34" pos="112.70" lane="2/1to3/1_0" slope="0.00"/>
        <vehicle id="9" x="266.36" y="401.65" angle="-90.00" type="DEFAULT_VEHTYPE" speed="13.05" pos="128.89" lane="2/2to1/2_0" slope="0.00"/>
    </timestep>
    <timestep time="309.00">
        <vehicle id="10" x="601.65" y="204.86" angle="162.63" type="DEFAULT_VEHTYPE" speed="9.28" pos="0.11" lane="3/1to3/2_0" slope="0.00"/>
        <vehicle id="12" x="311.91" y="198.35" angle="90.00" type="DEFAULT_VEHTYPE" speed="13.85" pos="107.16" lane="1/1to2/1_0" slope="0.00"/>
        <vehicle id="13" x="268.54" y="198.35" angle="90.00" type="DEFAULT_VEHTYPE" speed="13.52" pos="63.79" lane="1/1to2/1_0" slope="0.00"/>
        <vehicle id="3" x="34.26" y="398.35" angle="90.00" type="DEFAULT_VEHTYPE" speed="13.56" pos="34.26" lane="0/2to1/2_0" slope="0.00"/>
        <vehicle id="4" x="398.35" y="20.55" angle="0.00" type="DEFAULT_VEHTYPE" speed="13.86" pos="174.70" lane="2/1to2/0_0" slope="0.00"/>
        <vehicle id="5" x="398.35" y="241.82" angle="0.00" type="DEFAULT_VEHTYPE" speed="13.88" pos="153.43" lane="2/2to2/1_0" slope="0.00"/>
        <vehicle id="6" x="398.35" y="594.91" angle="0.00" type="DEFAULT_VEHTYPE" speed="13.87" pos="0.34" lane="2/3to2/2_0" slope="0.00"/>
        <vehicle id="7" x="356.12" y="598.35" angle="90.00" type="DEFAULT_VEHTYPE" speed="13.20" pos="151.37" lane="1/3to2/3_0" slope="0.00"/>
        <vehicle id="8" x="530.15" y="198.35" angle="90.00" type="DEFAULT_VEHTYPE" speed="12.70" pos="125.40" lane="2/1to3/1_0" slope="0.00"/>
        <vehicle id="9" x="253.46" y="401.65" angle="-90.00" type="DEFAULT_VEHTYPE" speed="12.90" pos="141.79" lane="2/2to1/2_0" slope="0.00"/>
    </timestep>
    <timestep time="310.00">
        <vehicle id="10" x="601.65" y="216.59" angle="180.00" type="DEFAULT_VEHTYPE" speed="11.73" pos="11.84" lane="3/1to3/2_0" slope="0.00"/>
        <vehicle id="12" x="325.39" y="198.35" angle="90.00" type="DEFAULT_VEHTYPE" speed="13.48" pos="120.64" lane="1/1to2/1_0" slope="0.00"/>
        <vehicle id="13" x="281.65" y="198.35" angle="90.00" type="DEFAULT_VEHTYPE" speed="13.10" pos="76.90" lane="1/1to2/1_0" slope="0.00"/>
        <vehicle id="3" x="47.37" y="398.35" angle="90.00" type="DEFAULT_VEHTYPE" speed="13.11" pos="47.37" lane="0/2to1/2_0" slope="0.00"/>
        <vehicle id="4" x="398.35" y="7.30" angle="0.00" type="DEFAULT_VEHTYPE" speed="13.25" pos="187.95" lane="2/1to2/0_0" slope="0.00"/>
        <vehicle id="5" x="398.35" y="228.54" angle="0.00" type="DEFAULT_VEHTYPE" speed="13.28" pos="166.71" lane="2/2to2/1_0" slope="0.00"/>
        <vehicle id="6" x="398.35" y="581.80" angle="0.00" type="DEFAULT_VEHTYPE" speed="13.11" pos="13.45" lane="2/3to2/2_0" slope="0.00"/>
        <vehicle id="7" x="368.99" y="598.35" angle="90.00" type="DEFAULT_VEHTYPE" speed="12.87" pos="164.24" lane="1/3to2/3_0" slope="0.00"/>
        <vehicle id="8" x="543.23" y="198.35" angle="90.00" type="DEFAULT_VEHTYPE" speed="13.08" pos="138.48" lane="2/1to3/1_0" slope="0.00"/>
        <vehicle id="9" x="240.75" y="401.65" angle="-90.00" type="DEFAULT_VEHTYPE" speed="12.71" pos="154.50" lane="2/2to1/2_0" slope="0.00"/>
    </timestep>
    <timestep time="311.00">
        <vehicle id="10" x="601.65" y="230.03" angle="180.00" type="DEFAULT_VEHTYPE" speed="13.44" pos="25.28" lane="3/1to3/2_0" slope="0.00"/>
        <vehicle id="12" x="338.53" y="198.35" angle="90.00" type="DEFAULT_VEHTYPE" speed="13.13" pos="133.78" lane="1/1to2/1_0" slope="0.00"/>
        <vehicle id="13" x="295.39" y="198.35" angle="90.00" type="DEFAULT_VEHTYPE" speed="13.74" pos="90.64" lane="1/1to2/1_0" slope="0.00"/>
        <vehicle id="3" x="60.23" y="398.35" angle="90.00" type="DEFAULT_VEHTYPE" speed="12.86" pos="60.23" lane="0/2to1/2_0" slope="0.00"/>
        <vehicle id="4" x="401.65" y="0.80" angle="113.90" type="DEFAULT_VEHTYPE" speed="12.92" pos="0.80" lane="2/0to2/1_0" slope="0.00"/>
        <vehicle id="5" x="398.35" y="215.91" angle="0.00" type="DEFAULT_VEHTYPE" speed="12.63" pos="179.34" lane="2/2to2/1_0" slope="0.00"/>
        <vehicle id="6" x="398.35" y="569.11" angle="0.00" type="DEFAULT_VEHTYPE" speed="12.70" pos="26.14" lane="2/3to2/2_0" slope="0.00"/>
        <vehicle id="7" x="379.74" y="598.35" angle="90.00" type="DEFAULT_VEHTYPE" speed="10.75" pos="174.99" lane="1/3to2/3_0" slope="0.00"/>
        <vehicle id="8" x="556.65" y="198.35" angle="90.00" type="DEFAULT_VEHTYPE" speed="13.42" pos="151.90" lane="2/1to3/1_0" slope="0.00"/>
        <vehicle id="9" x="227.81" y="401.65" angle="-90.00" type="DEFAULT_VEHTYPE" speed="12.94" pos="167.44" lane="2/2to1/2_0" slope="0.00"/>
    </timestep>
    <timestep time="312.00">
        <vehicle id="10" x="601.65" y="242.89" angle="180.00" type="DEFAULT_VEHTYPE" speed="12.85" pos="38.14" lane="3/1to3/2_0" slope="0.00"/>
        <vehicle id="12" x="351.92" y="198.35" angle="90.00" type="DEFAULT_VEHTYPE" speed="13.39" pos="147.17" lane="1/1to2/1_0" slope="0.00"/>
        <vehicle id="13" x="308.83" y="198.35" angle="90.00" type="DEFAULT_VEHTYPE" speed="13.44" pos="104.08" lane="1/1to2/1_0" slope="0.00"/>
        <vehicle id="3" x="73.88" y="398.35" angle="90.00" type="DEFAULT_VEHTYPE" speed="13.65" pos="73.88" lane="0/2to1/2_0" slope="0.00"/>
        <vehicle id="4" x="401.65" y="13.59" angle="180.00" type="DEFAULT_VEHTYPE" speed="12.80" pos="13.59" lane="2/0to2/1_0" slope="0.00"/>
        <vehicle id="5" x="398.35" y="202.39" angle="0.00" type="DEFAULT_VEHTYPE" speed="13.52" pos="2.36" lane=":2/1_1_0" slope="0.00"/>
        <vehicle id="6" x="398.35" y="555.31" angle="0.00" type="DEFAULT_VEHTYPE" speed="13.79" pos="39.94" lane="2/3to2/2_0" slope="0.00"/>
        <vehicle id="7" x="386.19" y="598.35" angle="90.00" type="DEFAULT_VEHTYPE" speed="6.45" pos="181.44" lane="1/3to2/3_0" slope="0.00"/>
        <vehicle id="8" x="569.62" y="198.35" angle="90.00" type="DEFAULT_VEHTYPE" speed="12.97" pos="164.87" lane="2/1to3/1_0" slope="0.00"/>
        <vehicle id="9" x="218.15" y="401.65" angle="-90.00" type="DEFAULT_VEHTYPE" speed="9.66" pos="177.10" lane="2/2to1/2_0" slope="0.00"/>
    </timestep>
    <timestep time="313.00">
        <vehicle id="10" x="601.65" y="256.50" angle="180.00" type="DEFAULT_VEHTYPE" speed="13.61" pos="51.75" lane="3/1to3/2_0" slope="0.00"/>
        <vehicle id="12" x="364.88" y="198.35" angle="90.00" type="DEFAULT_VEHTYPE" speed="12.96" pos="160.13" lane="1/1to2/1_0" slope="0.00"/>
        <vehicle id="13" x="322.67" y="198.35" angle="90.00" type="DEFAULT_VEHTYPE" speed="13.84" pos="117.92" lane="1/1to2/1_0" slope="0.00"/>
        <vehicle id="3" x="87.04" y="398.35" angle="90.00" type="DEFAULT_VEHTYPE" speed="13.16" pos="87.04" lane="0/2to1/2_0" slope="0.00"/>
        <vehicle id="4" x="401.65" y="27.08" angle="180.00" type="DEFAULT_VEHTYPE" speed="13.49" pos="27.08" lane="2/0to2/1_0" slope="0.00"/>
        <vehicle id="5" x="398.35" y="189.30" angle="0.00" type="DEFAULT_VEHTYPE" speed="13.09" pos="5.95" lane="2/1to2/0_0" slope="0.00"/>
        <vehicle id="6" x="398.35" y="542.68" angle="0.00" type="DEFAULT_VEHTYPE" speed="12.63" pos="52.57" lane="2/3to2/2_0" slope="0.00"/>
        <vehicle id="7" x="390.19" y="598.35" angle="90.00" type="DEFAULT_VEHTYPE" speed="4.00" pos="185.44" lane="1/3to2/3_0" slope="0.00"/>
        <vehicle id="8" x="579.62" y="198.35" angle="90.00" type="DEFAULT_VEHTYPE" speed="10.00" pos="174.87" lane="2/1to3/1_0" slope="0.00"/>
        <vehicle id="9" x="212.78" y="401.65" angle="-90.00" type="DEFAULT_VEHTYPE" speed="5.37" pos="182.47" lane="2/2to1/2_0" slope="0.00"/>
    </timestep>
    <timestep time="314.00">
        <vehicle id="10" x="601.65" y="269.27" angle="180.00" type="DEFAULT_VEHTYPE" speed="12.78" pos="64.52" lane="3/1to3/2_0" slope="0.00"/>
        <vehicle id="12" x="375.57" y="198.35" angle="90.00" type="DEFAULT_VEHTYPE" speed="10.69" pos="170.82" lane="1/1to2/1_0" slope="0.00"/>
        <vehicle id="13" x="336.33" y="198.35" angle="90.00" type="DEFAULT_VEHTYPE" speed="13.66" pos="131.58" lane="1/1to2/1_0" slope="0.00"/>
        <vehicle id="3" x="99.95" y="398.35" angle="90.00" type="DEFAULT_VEHTYPE" speed="12.91" pos="99.95" lane="0/2to1/2_0" slope="0.00"/>
        <vehicle id="4" x="401.65" y="40.17" angle="180.00" type="DEFAULT_VEHTYPE" speed="13.09" pos="40.17" lane="2/0to2/1_0" slope="0.00"/>
        <vehicle id="5" x="398.35" y="176.42" angle="0.00" type="DEFAULT_VEHTYPE" speed="12.88" pos="18.83" lane="2/1to2/0_0" slope="0.00"/>
        <vehicle id="6" x="398.35" y="529.85" angle="0.00" type="DEFAULT_VEHTYPE" speed="12.83" pos="65.40" lane="2/3to2/2_0" slope="0.00"/>
        <vehicle id="7" x="395.66" y="598.41" angle="90.68" type="DEFAULT_VEHTYPE" speed="5.48" pos="0.42" lane=":2/3_14_0" slope="0.00"/>
        <vehicle id="8" x="586.36" y="198.35" angle="90.00" type="DEFAULT_VEHTYPE" speed="6.74" pos="181.61" lane="2/1to3/1_0" slope="0.00"/>
        <vehicle id="9" x="208.94" y="401.65" angle="-90.00" type="DEFAULT_VEHTYPE" speed="3.84" pos="186.31" lane="2/2to1/2_0" slope="0.00"/>
    </timestep>
    <timestep time="315.00">
        <vehicle id="10" x="601.65" y="283.16" angle="180.00" type="DEFAULT_VEHTYPE" speed="13.88" pos="78.41" lane="3/1to3/2_0" slope="0.00"/>
        <vehicle id="12" x="383.94" y="198.35" angle="90.00" type="DEFAULT_VEHTYPE" speed="8.37" pos="179.19" lane="1/1to2/1_0" slope="0.00"/>
        <vehicle id="13" x="349.33" y="198.35" angle="90.00" type="DEFAULT_VEHTYPE" speed="13.01" pos="144.58" lane="1/1to2/1_0" slope="0.00"/>
        <vehicle id="3" x="113.83" y="398.35" angle="90.00" type="DEFAULT_VEHTYPE" speed="13.88" pos="113.83" lane="0/2to1/2_0" slope="0.00"/>
        <vehicle id="4" x="401.65" y="53.57" angle="180.00" type="DEFAULT_VEHTYPE" speed="13.40" pos="53.57" lane="2/0to2/1_0" slope="0.00"/>
        <vehicle id="5" x="398.35" y="162.55" angle="0.00" type="DEFAULT_VEHTYPE" speed="13.87" pos="32.70" lane="2/1to2/0_0" slope="0.00"/>
        <vehicle id="6" x="398.35" y="516.22" angle="0.00" type="DEFAULT_VEHTYPE" speed="13.63" pos="79.03" lane="2/3to2/2_0" slope="0.00"/>
        <vehicle id="7" x="401.32" y="602.41" angle="138.70" type="DEFAULT_VEHTYPE" speed="7.54" pos="7.96" lane=":2/3_14_0" slope="0.00"/>
        <vehicle id="8" x="589.51" y="198.35" angle="90.00" type="DEFAULT_VEHTYPE" speed="3.15" pos="184.76" lane="2/1to3/1_0" slope="0.00"/>
        <vehicle id="9" x="203.04" y="401.65" angle="-90.00" type="DEFAULT_VEHTYPE" speed="5.91" pos="1.71" lane=":1/2_5_0" slope="0.00"/>
    </timestep>
    <timestep time="316.00">
        <vehicle id="10" x="601.65" y="296.66" angle="180.00" type="DEFAULT_VEHTYPE" speed="13.50" pos="91.91" lane="3/1to3/2_0" slope="0.00"/>
        <vehicle id="12" x="388.18" y="198.35" angle="90.00" type="DEFAULT_VEHTYPE" speed="4.23" pos="183.43" lane="1/1to2/1_0" slope="0.00"/>
        <vehicle id="13" x="363.04" y="198.35" angle="90.00" type="DEFAULT_VEHTYPE" speed="13.71" pos="158.29" lane="1/1to2/1_0" slope="0.00"/>
        <vehicle id="3" x="126.64" y="398.35" angle="90.00" type="DEFAULT_VEHTYPE" speed="12.81" pos="126.64" lane="0/2to1/2_0" slope="0.00"/>
        <vehicle id="4" x="401.65" y="66.20" angle="180.00" type="DEFAULT_VEHTYPE" speed="12.63" pos="66.20" lane="2/0to2/1_0" slope="0.00"/>
        <vehicle id="5" x="398.35" y="149.44" angle="0.00" type="DEFAULT_VEHTYPE" speed="13.11" pos="45.81" lane="2/1to2/0_0" slope="0.00"/>
        <vehicle id="6" x="398.35" y="503.38" angle="0.00" type="DEFAULT_VEHTYPE" speed="12.84" pos="91.87" lane="2/3to2/2_0" slope="0.00"/>
        <vehicle id="7" x="401.65" y="612.47" angle="180.00" type="DEFAULT_VEHTYPE" speed="10.09" pos="7.72" lane="2/3to2/4_0" slope="0.00"/>
        <vehicle id="8" x="594.55" y="198.35" angle="90.00" type="DEFAULT_VEHTYPE" speed="5.04" pos="189.80" lane="2/1to3/1_0" slope="0.00"/>
        <vehicle id="9" x="194.69" y="401.65" angle="-90.00" type="DEFAULT_VEHTYPE" speed="8.34" pos="0.56" lane="1/2to0/2_0" slope="0.00"/>
    </timestep>
    <timestep time="317.00">
        <vehicle id="10" x="601.65" y="309.87" angle="180.00" type="DEFAULT_VEHTYPE" speed="13.21" pos="105.12" lane="3/1to3/2_0" slope="0.00"/>
        <vehicle id="12" x="390.42" y="198.35" angle="90.00" type="DEFAULT_VEHTYPE" speed="2.25" pos="185.67" lane="1/1to2/1_0" slope="0.00"/>
        <vehicle id="13" x="372.25" y="198.35" angle="90.00" type="DEFAULT_VEHTYPE" speed="9.21" pos="167.50" lane="1/1to2/1_0" slope="0.00"/>
        <vehicle id="3" x="139.29" y="398.35" angle="90.00" type="DEFAULT_VEHTYPE" speed="12.65" pos="139.29" lane="0/2to1/2_0" slope="0.00"/>
        <vehicle id="4" x="401.65" y="79.18" angle="180.00" type="DEFAULT_VEHTYPE" speed="12.98" pos="79.18" lane="2/0to2/1_0" slope="0.00"/>
        <vehicle id="5" x="398.35" y="135.96" angle="0.00" type="DEFAULT_VEHTYPE" speed="13.49" pos="59.29" lane="2/1to2/0_0" slope="0.00"/>
        <vehicle id="6" x="398.35" y="489.53" angle="0.00" type="DEFAULT_VEHTYPE" speed="13.85" pos="105.72" lane="2/3to2/2_0" slope="0.00"/>
        <vehicle id="7" x="401.65" y="625.00" angle="180.00" type="DEFAULT_VEHTYPE" speed="12.53" pos="20.25" lane="2/3to2/4_0" slope="0.00"/>
        <vehicle id="8" x="600.69" y="201.01" angle="121.32" type="DEFAULT_VEHTYPE" speed="7.10" pos="6.40" lane=":3/1_14_0" slope="0.00"/>
        <vehicle id="9" x="184.30" y="401.65" angle="-90.00" type="DEFAULT_VEHTYPE" speed="10.39" pos="10.95" lane="1/2to0/2_0" slope="0.00"/>
    </timestep>
    <timestep time="318.00">
        <vehicle id="10" x="601.65" y="323.16" angle="180.00" type="DEFAULT_VEHTYPE" speed="13.29" pos="118.41" lane="3/1to3/2_0" slope="0.00"/>
        <vehicle id="12" x="394.35" y="198.35" angle="90.00" type="DEFAULT_VEHTYPE" speed="3.93" pos="189.60" lane="1/1to2/1_0" slope="0.00"/>
        <vehicle id="13" x="378.22" y="198.35" angle="90.00" type="DEFAULT_VEHTYPE" speed="5.97" pos="173.47" lane="1/1to2/1_0" slope="0.00"/>
        <vehicle id="3" x="152.32" y="398.35" angle="90.00" type="DEFAULT_VEHTYPE" speed="13.03" pos="152.32" lane="0/2to1/2_0" slope="0.00"/>
        <vehicle id="4" x="401.65" y="92.26" angle="180.00" type="DEFAULT_VEHTYPE" speed="13.09" pos="92.26" lane="2/0to2/1_0" slope="0.00"/>
        <vehicle id="5" x="398.35" y="122.32" angle="0.00" type="DEFAULT_VEHTYPE" speed="13.64" pos="72.93" lane="2/1to2/0_0" slope="0.00"/>
        <vehicle id="6" x="398.35" y="476.73" angle="0.00" type="DEFAULT_VEHTYPE" speed="12.80" pos="118.52" lane="2/3to2/2_0" slope="0.00"/>
        <vehicle id="7" x="401.65" y="637.91" angle="180.00" type="DEFAULT_VEHTYPE" speed="12.90" pos="33.16" lane="2/3to2/4_0" slope="0.00"/>
        <vehicle id="8" x="601.65" y="209.57" angle="179.71" type="DEFAULT_VEHTYPE" speed="8.74" pos="4.82" lane="3/1to3/2_0" slope="0.00"/>
        <vehicle id="9" x="171.81" y="401.65" angle="-90.00" type="DEFAULT_VEHTYPE" speed="12.48" pos="23.44" lane="1/2to0/2_0" slope="0.00"/>
    </timestep>
    <timestep time="319.00">
        <vehicle id="10" x="601.65" y="335.93" angle="180.00" type="DEFAULT_VEHTYPE" speed="12.77" pos="131.18" lane="3/1to3/2_0" slope="0.00"/>
        <vehicle id="12" x="400.07" y="198.35" angle="90.00" type="DEFAULT_VEHTYPE" speed="5.72" pos="4.82" lane=":2/1_13_0" slope="0.00"/>
        <vehicle id="13" x="382.49" y="198.35" angle="90.00" type="DEFAULT_VEHTYPE" speed="4.27" pos="177.74" lane="1/1to2/1_0" slope="0.00"/>
        <vehicle id="3" x="165.68" y="398.35" angle="90.00" type="DEFAULT_VEHTYPE" speed="13.36" pos="165.68" lane="0/2to1/2_0" slope="0.00"/>
        <vehicle id="4" x="401.65" y="106.09" angle="180.00" type="DEFAULT_VEHTYPE" speed="13.83" pos="106.09" lane="2/0to2/1_0" slope="0.00"/>
        <vehicle id="5" x="398.35" y="109.57" angle="0.00" type="DEFAULT_VEHTYPE" speed="12.74" pos="85.68" lane="2/1to2/0_0" slope="0.00"/>
        <vehicle id="6" x="398.35" y="462.94" angle="0.00" type="DEFAULT_VEHTYPE" speed="13.79" pos="132.31" lane="2/3to2/2_0" slope="0.00"/>
        <vehicle id="7" x="401.65" y="651.42" angle="180.00" type="DEFAULT_VEHTYPE" speed="13.52" pos="46.67" lane="2/3to2/4_0" slope="0.00"/>
        <vehicle id="8" x="601.65" y="219.71" angle="180.00" type="DEFAULT_VEHTYPE" speed="10.14" pos="14.96" lane="3/1to3/2_0" slope="0.00"/>
        <vehicle id="9" x="158.42" y="401.65" angle="-90.00" type="DEFAULT_VEHTYPE" speed="13.39" pos="36.83" lane="1/2to0/2_0" slope="0.00"/>
    </timestep>
    <timestep time="320.00">
        <vehicle id="10" x="601.65" y="348.61" angle="180.00" type="DEFAULT_VEHTYPE" speed="12.68" pos="143.86" lane="3/1to3/2_0" slope="0.00"/>
        <vehicle id="12" x="407.91" y="198.35" angle="90.00" type="DEFAULT_VEHTYPE" speed="7.84" pos="3.16" lane="2/1to3/1_0" slope="0.00"/>
        <vehicle id="13" x="387.51" y="198.35" angle="90.00" type="DEFAULT_VEHTYPE" speed="5.02" pos="182.76" lane="1/1to2/1_0" slope="0.00"/>
        <vehicle id="3" x="176.85" y="398.35" angle="90.00" type="DEFAULT_VEHTYPE" speed="11.17" pos="176.85" lane="0/2to1/2_0" slope="0.00"/>
        <vehicle id="4" x="401.65" y="119.30" angle="180.00" type="DEFAULT_VEHTYPE" speed="13.21" pos="119.30" lane="2/0to2/1_0" slope="0.00"/>
        <vehicle id="5" x="398.35" y="96.57" angle="0.00" type="DEFAULT_VEHTYPE" speed="13.00" pos="98.68" lane="2/1to2/0_0" slope="0.00"/>
        <vehicle id="6" x="398.35" y="449.48" angle="0.00" type="DEFAULT_VEHTYPE" speed="13.46" pos="145.77" lane="2/3to2/2_0" slope="0.00"/>
        <vehicle id="7" x="401.65" y="665.08" angle="180.00" type="DEFAULT_VEHTYPE" speed="13.66" pos="60.33" lane="2/3to2/4_0" slope="0.00"/>
        <vehicle id="8" x="601.65" y="231.78" angle="180.00" type="DEFAULT_VEHTYPE" speed="12.07" pos="27.03" lane="3/1to3/2_0" slope="0.00"/>
        <vehicle id="9" x="145.21" y="401.65" angle="-90.00" type="DEFAULT_VEHTYPE" speed="13.21" pos="50.04" lane="1/2to0/2_0" slope="0.00"/>
    </timestep>
    <timestep time="321.00">
        <vehicle id="10" x="601.65" y="361.78" angle="180.00" type="DEFAULT_VEHTYPE" speed="13.17" pos="157.03" lane="3/1to3/2_0" slope="0.00"/>
        <vehicle id="12" x="418.32" y="198.35" angle="90.00" type="DEFAULT_VEHTYPE" speed="10.41" pos="13.57" lane="2/1to3/1_0" slope="0.00"/>
        <vehicle id="13" x="390.24" y="198.35" angle="90.00" type="DEFAULT_VEHTYPE" speed="2.73" pos="185.49" lane="1/1to2/1_0" slope="0.00"/>
        <vehicle id="3" x="185.05" y="398.35" angle="90.00" type="DEFAULT_VEHTYPE" speed="8.20" pos="185.05" lane="0/2to1/2_0" slope="0.00"/>
        <vehicle id="4" x="401.65" y="132.98" angle="180.00" type="DEFAULT_VEHTYPE" speed="13.68" pos="132.98" lane="2/0to2/1_0" slope="0.00"/>
        <vehicle id="5" x="398.35" y="83.70" angle="0.00" type="DEFAULT_VEHTYPE" speed="12.87" pos="111.55" lane="2/1to2/0_0" slope="0.00"/>
        <vehicle id="6" x="398.35" y="436.86" angle="0.00" type="DEFAULT_VEHTYPE" speed="12.62" pos="158.39" lane="2/3to2/2_0" slope="0.00"/>
        <vehicle id="7" x="401.65" y="678.21" angle="180.00" type="DEFAULT_VEHTYPE" speed="13.14" pos="73.46" lane="2/3to2/4_0" slope="0.00"/>
        <vehicle id="8" x="601.65" y="245.50" angle="180.00" type="DEFAULT_VEHTYPE" speed="13.72" pos="40.75" lane="3/1to3/2_0" slope="0.00"/>
        <vehicle id="9" x="131.32" y="401.65" angle="-90.00" type="DEFAULT_VEHTYPE" speed="13.89" pos="63.93" lane="1/2to0/2_0" slope="0.00"/>
    </timestep>
    <timestep time="322.00">
        <vehicle id="10" x="601.65" y="375.51" angle="180.00" type="DEFAULT_VEHTYPE" speed="13.73" pos="170.76" lane="3/1to3/2_0" slope="0.00"/>
        <vehicle id="12" x="431.31" y="198.35" angle="90.00" type="DEFAULT_VEHTYPE" speed="12.99" pos="26.56" lane="2/1to3/1_0" slope="0.00"/>
        <vehicle id="13" x="395.21" y="198.35" angle="90.00" type="DEFAULT_VEHTYPE" speed="4.97" pos="190.46" lane="1/1to2/1_0" slope="0.00"/>
        <vehicle id="3" x="189.38" y="398.35" angle="90.00" type="DEFAULT_VEHTYPE" speed="4.33" pos="189.38" lane="0/2to1/2_0" slope="0.00"/>
        <vehicle id="4" x="401.65" y="145.80" angle="180.00" type="DEFAULT_VEHTYPE" speed="12.81" pos="145.80" lane="2/0to2/1_0" slope="0.00"/>
        <vehicle id="5" x="398.35" y="70.95" angle="0.00" type="DEFAULT_VEHTYPE" speed="12.76" pos="124.30" lane="2/1to2/0_0" slope="0.00"/>
        <vehicle id="6" x="398.35" y="423.71" angle="0.00" type="DEFAULT_VEHTYPE" speed="13.15" pos="171.54" lane="2/3to2/2_0" slope="0.00"/>
        <vehicle id="7" x="401.65" y="691.54" angle="180.00" type="DEFAULT_VEHTYPE" speed="13.33" pos="86.79" lane="2/3to2/4_0" slope="0.00"/>
        <vehicle id="8" x="601.65" y="258.11" angle="180.00" type="DEFAULT_VEHTYPE" speed="12.61" pos="53.36" lane="3/1to3/2_0" slope="0.00"/>
        <vehicle id="9" x="118.03" y="401.65" angle="-90.00" type="DEFAULT_VEHTYPE" speed="13.29" pos="77.22" lane="1/2to0/2_0" slope="0.00"/>
    </timestep>
    <timestep time="323.00">
        <vehicle id="10" x="601.65" y="388.70" angle="180.00" type="DEFAULT_VEHTYPE" speed="13.20" pos="183.95" lane="3/1to3/2_0" slope="0.00"/>
        <vehicle id="12" x="444.31" y="198.35" angle="90.00" type="DEFAULT_VEHTYPE" speed="13.01" pos="39.56" lane="2/1to3/1_0" slope="0.00"/>
        <vehicle id="13" x="401.57" y="198.35" angle="90.00" type="DEFAULT_VEHTYPE" speed="6.37" pos="6.32" lane=":2/1_13_0" slope="0.00"/>
        <vehicle id="3" x="195.04" y="398.35" angle="90.00" type="DEFAULT_VEHTYPE" speed="5.66" pos="195.04" lane="0/2to1/2_0" slope="0.00"/>
        <vehicle id="4" x="401.65" y="159.10" angle="180.00" type="DEFAULT_VEHTYPE" speed="13.30" pos="159.10" lane="2/0to2/1_0" slope="0.00"/>
        <vehicle id="5" x="398.35" y="57.94" angle="0.00" type="DEFAULT_VEHTYPE" speed="13.01" pos="137.31" lane="2/1to2/0_0" slope="0.00"/>
        <vehicle id="6" x="398.35" y="410.24" angle="0.00" type="DEFAULT_VEHTYPE" speed="13.47" pos="185.01" lane="2/3to2/2_0" slope="0.00"/>
        <vehicle id="7" x="401.65" y="704.67" angle="180.00" type="DEFAULT_VEHTYPE" speed="13.12" pos="99.92" lane="2/3to2/4_0" slope="0.00"/>
        <vehicle id="8" x="601.65" y="270.94" angle="180.00" type="DEFAULT_VEHTYPE" speed="12.83" pos="66.19" lane="3/1to3/2_0" slope="0.00"/>
        <vehicle id="9" x="104.41" y="401.65" angle="-90.00" type="DEFAULT_VEHTYPE" speed="13.62" pos="90.84" lane="1/2to0/2_0" slope="0.00"/>
    </timestep>
    <timestep time="324.00">
        <vehicle id="10" x="601.65" y="402.29" angle="180.00" type="DEFAULT_VEHTYPE" speed="13.59" pos="7.04" lane=":3/2_9_0" slope="0.00"/>
        <vehicle id="12" x="456.94" y="198.35" angle="90.00" type="DEFAULT_VEHTYPE" speed="12.62" pos="52.19" lane="2/1to3/1_0" slope="0.00"/>
        <vehicle id="13" x="409.68" y="198.35" angle="90.00" type="DEFAULT_VEHTYPE" speed="8.11" pos="4.93" lane="2/1to3/1_0" slope="0.00"/>
        <vehicle id="3" x="201.30" y="402.30" angle="137.53" type="DEFAULT_VEHTYPE" speed="8.05" pos="7.84" lane=":1/2_14_0" slope="0.00"/>
        <vehicle id="4" x="401.65" y="172.03" angle="180.00" type="DEFAULT_VEHTYPE" speed="12.93" pos="172.03" lane="2/0to2/1_0" slope="0.00"/>
        <vehicle id="5" x="398.35" y="44.88" angle="0.00" type="DEFAULT_VEHTYPE" speed="13.06" pos="150.37" lane="2/1to2/0_0" slope="0.00"/>
        <vehicle id="6" x="398.35" y="396.46" angle="0.00" type="DEFAULT_VEHTYPE" speed="13.78" pos="8.29" lane=":2/2_1_0" slope="0.00"/>
        <vehicle id="7" x="401.65" y="718.43" angle="180.00" type="DEFAULT_VEHTYPE" speed="13.77" pos="113.68" lane="2/3to2/4_0" slope="0.00"/>
        <vehicle id="8" x="601.65" y="284.34" angle="180.00" type="DEFAULT_VEHTYPE" speed="13.40" pos="79.59" lane="3/1to3/2_0" slope="0.00"/>
        <vehicle id="9" x="90.65" y="401.65" angle="-90.00" type="DEFAULT_VEHTYPE" speed="13.75" pos="104.60" lane="1/2to0/2_0" slope="0.00"/>
    </timestep>
    <timestep time="325.00">
        <vehicle id="10" x="601.65" y="415.72" angle="180.00" type="DEFAULT_VEHTYPE" speed="13.43" pos="10.97" lane="3/2to3/3_0" slope="0.00"/>
        <vehicle id="12" x="470.20" y="198.35" angle="90.00" type="DEFAULT_VEHTYPE" speed="13.26" pos="65.45" lane="2/1to3/1_0" slope="0.00"/>
        <vehicle id="13" x="419.38" y="198.35" angle="90.00" type="DEFAULT_VEHTYPE" speed="9.70" pos="14.63" lane="2/1to3/1_0" slope="0.00"/>
        <vehicle id="3" x="201.65" y="412.83" angle="180.00" type="DEFAULT_VEHTYPE" speed="10.56" pos="8.08" lane="1/2to1/3_0" slope="0.00"/>
        <vehicle id="4" x="401.65" y="185.07" angle="180.00" type="DEFAULT_VEHTYPE" speed="13.04" pos="185.07" lane="2/0to2/1_0" slope="0.00"/>
        <vehicle id="5" x="398.35" y="31.15" angle="0.00" type="DEFAULT_VEHTYPE" speed="13.73" pos="164.10" lane="2/1to2/0_0" slope="0.00"/>
        <vehicle id="6" x="398.35" y="383.39" angle="0.00" type="DEFAULT_VEHTYPE" speed="13.07" pos="11.86" lane="2/2to2/1_0" slope="0.00"/>
        <vehicle id="7" x="401.65" y="731.39" angle="180.00" type="DEFAULT_VEHTYPE" speed="12.95" pos="126.64" lane="2/3to2/4_0" slope="0.00"/>
        <vehicle id="8" x="601.65" y="296.95" angle="180.00" type="DEFAULT_VEHTYPE" speed="12.62" pos="92.20" lane="3/1to3/2_0" slope="0.00"/>
        <vehicle id="9" x="77.37" y="401.65" angle="-90.00" type="DEFAULT_VEHTYPE" speed="13.28" pos="117.88" lane="1/2to0/2_0" slope="0.00"/>
    </timestep>
    <timestep time="326.00">
        <vehicle id="10" x="601.65" y="428.78" angle="180.00" type="DEFAULT_VEHTYPE" speed="13.06" pos="24.03" lane="3/2to3/3_0" slope="0.00"/>
        <vehicle id="12" x="483.18" y="198.35" angle="90.00" type="DEFAULT_VEHTYPE" speed="12.98" pos="78.43" lane="2/1to3/1_0" slope="0.00"/>
        <vehicle id="13" x="430.89" y="198.35" angle="90.00" type="DEFAULT_VEHTYPE" speed="11.51" pos="26.14" lane="2/1to3/1_0" slope="0.00"/>
        <vehicle id="3" x="201.65" y="424.77" angle="180.00" type="DEFAULT_VEHTYPE" speed="11.94" pos="20.02" lane="1/2to1/3_0" slope="0.00"/>
        <vehicle id="4" x="402.30" y="197.38" angle="172.41" type="DEFAULT_VEHTYPE" speed="12.45" pos="2.26" lane=":2/1_8_0" slope="0.00"/>
        <vehicle id="5" x="398.35" y="17.72" angle="0.00" type="DEFAULT_VEHTYPE" speed="13.43" pos="177.53" lane="2/1to2/0_0" slope="0.00"/>
        <vehicle id="6" x="398.35" y="370.06" angle="0.00" type="DEFAULT_VEHTYPE" speed="13.33" pos="25.19" lane="2/2to2/1_0" slope="0.00"/>
        <vehicle id="7" x="401.65" y="745.06" angle="180.00" type="DEFAULT_VEHTYPE" speed="13.68" pos="140.31" lane="2/3to2/4_0" slope="0.00"/>
        <vehicle id="8" x="601.65" y="310.43" angle="180.00" type="DEFAULT_VEHTYPE" speed="13.47" pos="105.68" lane="3/1to3/2_0" slope="0.00"/>
        <vehicle id="9" x="63.79" y="401.65" angle="-90.00" type="DEFAULT_VEHTYPE" speed="13.58" pos="131.46" lane="1/2to0/2_0" slope="0.00"/>
    </timestep>
    <timestep time="327.00">
        <vehicle id="10" x="601.65" y="442.01" angle="180.00" type="DEFAULT_VEHTYPE" speed="13.23" pos="37.26" lane="3/2to3/3_0" slope="0.00"/>
        <vehicle id="12" x="495.88" y="198.35" angle="90.00" type="DEFAULT_VEHTYPE" speed="12.70" pos="91.13" lane="2/1to3/1_0" slope="0.00"/>
        <vehicle id="13" x="443.56" y="198.35" angle="90.00" type="DEFAULT_VEHTYPE" speed="12.67" pos="38.81" lane="2/1to3/1_0" slope="0.00"/>
        <vehicle id="3" x="201.65" y="438.45" angle="180.00" type="DEFAULT_VEHTYPE" speed="13.68" pos="33.70" lane="1/2to1/3_0" slope="0.00"/>
        <vehicle id="4" x="414.76" y="198.35" angle="90.00" type="DEFAULT_VEHTYPE" speed="12.74" pos="10.01" lane="2/1to3/1_0" slope="0.00"/>
        <vehicle id="5" x="398.35" y="5.00" angle="0.00" type="DEFAULT_VEHTYPE" speed="12.72" pos="190.25" lane="2/1to2/0_0" slope="0.00"/>
        <vehicle id="6" x="398.35" y="356.37" angle="0.00" type="DEFAULT_VEHTYPE" speed="13.69" pos="38.88" lane="2/2to2/1_0" slope="0.00"/>
        <vehicle id="7" x="401.65" y="758.83" angle="180.00" type="DEFAULT_VEHTYPE" speed="13.76" pos="154.08" lane="2/3to2/4_0" slope="0.00"/>
        <vehicle id="8" x="601.65" y="324.14" angle="180.00" type="DEFAULT_VEHTYPE" speed="13.71" pos="119.39" lane="3/1to3/2_0" slope="0.00"/>
        <vehicle id="9" x="50.79" y="401.65" angle="-90.00" type="DEFAULT_VEHTYPE" speed="13.00" pos="144.46" lane="1/2to0/2_0" slope="0.00"/>
    </timestep>
    <timestep time="328.00">
        <vehicle id="10" x="601.65" y="454.79" angle="180.00" type="DEFAULT_VEHTYPE" speed="12.78" pos="50.04" lane="3/2to3/3_0" slope="0.00"/>
        <vehicle id="12" x="509.00" y="198.35" angle="90.00" type="DEFAULT_VEHTYPE" speed="13.11" pos="104.25" lane="2/1to3/1_0" slope="0.00"/>
        <vehicle id="13" x="457.45" y="198.35" angle="90.00" type="DEFAULT_VEHTYPE" speed="13.88" pos="52.70" lane="2/1to3/1_0" slope="0.00"/>
        <vehicle id="3" x="201.65" y="451.77" angle="180.00" type="DEFAULT_VEHTYPE" speed="13.33" pos="47.02" lane="1/2to1/3_0" slope="0.00"/>
        <vehicle id="4" x="427.59" y="198.35" angle="90.00" type="DEFAULT_VEHTYPE" speed="12.83" pos="22.84" lane="2/1to3/1_0" slope="0.00"/>
        <vehicle id="5" x="401.65" y="3.54" angle="170.32" type="DEFAULT_VEHTYPE" speed="13.36" pos="3.54" lane="2/0to2/1_0" slope="0.00"/>
        <vehicle id="6" x="398.35" y="342.48" angle="0.00" type="DEFAULT_VEHTYPE" speed="13.89" pos="52.77" lane="2/2to2/1_0" slope="0.00"/>
        <vehicle id="7" x="401.65" y="771.67" angle="180.00" type="DEFAULT_VEHTYPE" speed="12.84" pos="166.92" lane="2/3to2/4_0" slope="0.00"/>
        <vehicle id="8" x="601.65" y="337.36" angle="180.00" type="DEFAULT_VEHTYPE" speed="13.22" pos="132.61" lane="3/1to3/2_0" slope="0.00"/>
        <vehicle id="9" x="37.68" y="401.65" angle="-90.00" type="DEFAULT_VEHTYPE" speed="13.11" pos="157.57" lane="1/2to0/2_0" slope="0.00"/>
    </timestep>
    <timestep time="329.00">
        <vehicle id="10" x="601.65" y="468.37" angle="180.00" type="DEFAULT_VEHTYPE" speed="13.59" pos="63.62" lane="3/2to3/3_0" slope="0.00"/>
        <vehicle id="12" x="521.90" y="198.35" angle="90.00" type="DEFAULT_VEHTYPE" speed="12.90" pos="117.15" lane="2/1to3/1_0" slope="0.00"/>
        <vehicle id="13" x="470.37" y="198.35" angle="90.00" type="DEFAULT_VEHTYPE" speed="12.92" pos="65.62" lane="2/1to3/1_0" slope="0.00"/>
        <vehicle id="3" x="201.65" y="465.15" angle="180.00" type="DEFAULT_VEHTYPE" speed="13.38" pos="60.40" lane="1/2to1/3_0" slope="0.00"/>
        <vehicle id="4" x="440.20" y="198.35" angle="90.00" type="DEFAULT_VEHTYPE" speed="12.61" pos="35.45" lane="2/1to3/1_0" slope="0.00"/>
        <vehicle id="5" x="401.65" y="16.20" angle="180.00" type="DEFAULT_VEHTYPE" speed="12.65" pos="16.20" lane="2/0to2/1_0" slope="0.00"/>
        <vehicle id="6" x="398.35" y="329.54" angle="0.00" type="DEFAULT_VEHTYPE" speed="12.94" pos="65.71" lane="2/2to2/1_0" slope="0.00"/>
        <vehicle id="7" x="401.65" y="784.86" angle="180.00" type="DEFAULT_VEHTYPE" speed="13.19" pos="180.11" lane="2/3to2/4_0" slope="0.00"/>
        <vehicle id="8" x="601.65" y="350.50" angle="180.00" type="DEFAULT_VEHTYPE" speed="13.14" pos="145.75" lane="3/1to3/2_0" slope="0.00"/>
        <vehicle id="9" x="24.29" y="401.65" angle="-90.00" type="DEFAULT_VEHTYPE" speed="13.39" pos="170.96" lane="1/2to0/2_0" slope="0.00"/>
    </timestep>
    <timestep time="330.00">
        <vehicle id="10" x="601.65" y="481.77" angle="180.00" type="DEFAULT_VEHTYPE" speed="13.39" pos="77.02" lane="3/2to3/3_0" slope="0.00"/>
        <vehicle id="12" x="535.76" y="198.35" angle="90.00" type="DEFAULT_VEHTYPE" speed="13.86" pos="131.01" lane="2/1to3/1_0" slope="0.00"/>
        <vehicle id="13" x="483.69" y="198.35" angle="90.00" type="DEFAULT_VEHTYPE" speed="13.32" pos="78.94" lane="2/1to3/1_0" slope="0.00"/>
        <vehicle id="3" x="201.65" y="478.76" angle="180.00" type="DEFAULT_VEHTYPE" speed="13.60" pos="74.01" lane="1/2to1/3_0" slope="0.00"/>
        <vehicle id="4" x="452.99" y="198.35" angle="90.00" type="DEFAULT_VEHTYPE" speed="12.78" pos="48.24" lane="2/1to3/1_0" slope="0.00"/>
        <vehicle id="5" x="401.65" y="29.62" angle="180.00" type="DEFAULT_VEHTYPE" speed="13.43" pos="29.62" lane="2/0to2/1_0" slope="0.00"/>
        <vehicle id="6" x="398.35" y="316.04" angle="0.00" type="DEFAULT_VEHTYPE" speed="13.51" pos="79.21" lane="2/2to2/1_0" slope="0.00"/>
        <vehicle id="7" x="401.65" y="798.28" angle="180.00" type="DEFAULT_VEHTYPE" speed="13.42" pos="193.53" lane="2/3to2/4_0" slope="0.00"/>
        <vehicle id="8" x="601.65" y="363.66" angle="180.00" type="DEFAULT_VEHTYPE" speed="13.16" pos="158.91" lane="3/1to3/2_0" slope="0.00"/>
        <vehicle id="9" x="11.41" y="401.65" angle="-90.00" type="DEFAULT_VEHTYPE" speed="12.88" pos="183.84" lane="1/2to0/2_0" slope="0.00"/>
    </timestep>
    <timestep time="331.00">
        <vehicle id="10" x="601.65" y="495.19" angle="180.00" type="DEFAULT_VEHTYPE" speed="13.43" pos="90.44" lane="3/2to3/3_0" slope="0.00"/>
        <vehicle id="12" x="549.55" y="198.35" angle="90.00" type="DEFAULT_VEHTYPE" speed="13.79" pos="144.80" lane="2/1to3/1_0" slope="0.00"/>
        <vehicle id="13" x="497.44" y="198.35" angle="90.00" type="DEFAULT_VEHTYPE" speed="13.74" pos="92.69" lane="2/1to3/1_0" slope="0.00"/>
        <vehicle id="3" x="201.65" y="492.61" angle="180.00" type="DEFAULT_VEHTYPE" speed="13.85" pos="87.86" lane="1/2to1/3_0" slope="0.00"/>
        <vehicle id="4" x="466.76" y="198.35" angle="90.00" type="DEFAULT_VEHTYPE" speed="13.77" pos="62.01" lane="2/1to3/1_0" slope="0.00"/>
        <vehicle id="5" x="401.65" y="42.69" angle="180.00" type="DEFAULT_VEHTYPE" speed="13.07" pos="42.69" lane="2/0to2/1_0" slope="0.00"/>
        <vehicle id="6" x="398.35" y="302.78" angle="0.00" type="DEFAULT_VEHTYPE" speed="13.26" pos="92.47" lane="2/2to2/1_0" slope="0.00"/>
        <vehicle id="7" x="398.35" y="793.35" angle="0.00" type="DEFAULT_VEHTYPE" speed="13.19" pos="6.65" lane="2/4to2/3_0" slope="0.00"/>
        <vehicle id="8" x="601.65" y="377.06" angle="180.00" type="DEFAULT_VEHTYPE" speed="13.41" pos="172.31" lane="3/1to3/2_0" slope="0.00"/>
        <vehicle id="9" x="-1.29" y="400.73" angle="-78.91" type="DEFAULT_VEHTYPE" speed="13.00" pos="1.60" lane=":0/2_0_0" slope="0.00"/>
    </timestep>
    <timestep time="332.00">
        <vehicle id="10" x="601.65" y="508.46" angle="180.00" type="DEFAULT_VEHTYPE" speed="13.27" pos="103.71" lane="3/2to3/3_0" slope="0.00"/>
        <vehicle id="12" x="562.24" y="198.35" angle="90.00" type="DEFAULT_VEHTYPE" speed="12.70" pos="157.49" lane="2/1to3/1_0" slope="0.00"/>
        <vehicle id="13" x="510.57" y="198.35" angle="90.00" type="DEFAULT_VEHTYPE" speed="13.13" pos="105.82" lane="2/1to3/1_0" slope="0.00"/>
        <vehicle id="3" x="201.65" y="505.75" angle="180.00" type="DEFAULT_VEHTYPE" speed="13.15" pos="101.00" lane="1/2to1/3_0" slope="0.00"/>
        <vehicle id="4" x="479.50" y="198.35" angle="90.00" type="DEFAULT_VEHTYPE" speed="12.75" pos="74.75" lane="2/1to3/1_0" slope="0.00"/>
        <vehicle id="5" x="401.65" y="56.12" angle="180.00" type="DEFAULT_VEHTYPE" speed="13.42" pos="56.12" lane="2/0to2/1_0" slope="0.00"/>
        <vehicle id="6" x="398.35" y="289.50" angle="0.00" type="DEFAULT_VEHTYPE" speed="13.28" pos="105.75" lane="2/2to2/1_0" slope="0.00"/>
        <vehicle id="7" x="398.35" y="779.92" angle="0.00" type="DEFAULT_VEHTYPE" speed="13.42" pos="20.08" lane="2/4to2/3_0" slope="0.00"/>
        <vehicle id="8" x="601.65" y="389.72" angle="180.00" type="DEFAULT_VEHTYPE" speed="12.65" pos="184.97" lane="3/1to3/2_0" slope="0.00"/>
        <vehicle id="9" x="9.84" y="398.35" angle="90.00" type="DEFAULT_VEHTYPE" speed="13.07" pos="9.84" lane="0/2to1/2_0" slope="0.00"/>
    </timestep>
    <timestep time="333.00">
        <vehicle id="10" x="601.65" y="521.07" angle="180.00" type="DEFAULT_VEHTYPE" speed="12.61" pos="116.32" lane="3/2to3/3_0" slope="0.00"/>
        <vehicle id="12" x="573.72" y="198.35" angle="90.00" type="DEFAULT_VEHTYPE" speed="11.48" pos="168.97" lane="2/1to3/1_0" slope="0.00"/>
        <vehicle id="13" x="523.56" y="198.35" angle="90.00" type="DEFAULT_VEHTYPE" speed="12.99" pos="118.81" lane="2/1to3/1_0" slope="0.00"/>
        <vehicle id="3" x="201.65" y="519.46" angle="180.00" type="DEFAULT_VEHTYPE" speed="13.70" pos="114.71" lane="1/2to1/3_0" slope="0.00"/>
        <vehicle id="4" x="492.80" y="198.35" angle="90.00" type="DEFAULT_VEHTYPE" speed="13.30" pos="88.05" lane="2/1to3/1_0" slope="0.00"/>
        <vehicle id="5" x="401.65" y="70.01" angle="180.00" type="DEFAULT_VEHTYPE" speed="13.89" pos="70.01" lane="2/0to2/1_0" slope="0.00"/>
        <vehicle id="6" x="398.35" y="275.95" angle="0.00" type="DEFAULT_VEHTYPE" speed="13.54" pos="119.30" lane="2/2to2/1_0" slope="0.00"/>
        <vehicle id="7" x="398.35" y="766.77" angle="0.00" type="DEFAULT_VEHTYPE" speed="13.16" pos="33.23" lane="2/4to2/3_0" slope="0.00"/>
        <vehicle id="8" x="601.65" y="403.15" angle="180.00" type="DEFAULT_VEHTYPE" speed="13.43" pos="7.90" lane=":3/2_9_0" slope="0.00"/>
        <vehicle id="9" x="23.47" y="398.35" angle="90.00" type="DEFAULT_VEHTYPE" speed="13.62" pos="23.47" lane="0/2to1/2_0" slope="0.00"/>
    </timestep>
    <timestep time="334.00">
        <vehicle id="10" x="601.65" y="534.31" angle="180.00" type="DEFAULT_VEHTYPE" speed="13.23" pos="129.56" lane="3/2to3/3_0" slope="0.00"/>
        <vehicle id="12" x="581.91" y="198.35" angle="90.00" type="DEFAULT_VEHTYPE" speed="8.19" pos="177.16" lane="2/1to3/1_0" slope="0.00"/>
        <vehicle id="13" x="536.68" y="198.35" angle="90.00" type="DEFAULT_VEHTYPE" speed="13.13" pos="131.93" lane="2/1to3/1_0" slope="0.00"/>
        <vehicle id="3" x="201.65" y="532.55" angle="180.00" type="DEFAULT_VEHTYPE" speed="13.10" pos="127.80" lane="1/2to1/3_0" slope="0.00"/>
        <vehicle id="4" x="505.94" y="198.35" angle="90.00" type="DEFAULT_VEHTYPE" speed="13.14" pos="101.19" lane="2/1to3/1_0" slope="0.00"/>
        <vehicle id="5" x="401.65" y="82.70" angle="180.00" type="DEFAULT_VEHTYPE" speed="12.69" pos="82.70" lane="2/0to2/1_0" slope="0.00"/>
        <vehicle id="6" x="398.35" y="262.68" angle="0.00" type="DEFAULT_VEHTYPE" speed="13.27" pos="132.57" lane="2/2to2/1_0" slope="0.00"/>
        <vehicle id="7" x="398.35" y="754.13" angle="0.00" type="DEFAULT_VEHTYPE" speed="12.64" pos="45.87" lane="2/4to2/3_0" slope="0.00"/>
        <vehicle id="8" x="601.65" y="415.92" angle="180.00" type="DEFAULT_VEHTYPE" speed="12.77" pos="11.17" lane="3/2to3/3_0" slope="0.00"/>
        <vehicle id="9" x="37.24" y="398.35" angle="90.00" type="DEFAULT_VEHTYPE" speed="13.77" pos="37.24" lane="0/2to1/2_0" slope="0.00"/>
    </timestep>
    <timestep time="335.00">
        <vehicle id="10" x="601.65" y="548.09" angle="180.00" type="DEFAULT_VEHTYPE" speed="13.78" pos="143.34" lane="3/2to3/3_0" slope="0.00"/>
        <vehicle id="12" x="587.16" y="198.35" angle="90.00" type="DEFAULT_VEHTYPE" speed="5.25" pos="182.41" lane="2/1to3/1_0" slope="0.00"/>
        <vehicle id="13" x="549.80" y="198.35" angle="90.00" type="DEFAULT_VEHTYPE" speed="13.11" pos="145.05" lane="2/1to3/1_0" slope="0.00"/>
        <vehicle id="3" x="201.65" y="545.52" angle="180.00" type="DEFAULT_VEHTYPE" speed="12.97" pos="140.77" lane="1/2to1/3_0" slope="0.00"/>
        <vehicle id="4" x="518.80" y="198.35" angle="90.00" type="DEFAULT_VEHTYPE" speed="12.86" pos="114.05" lane="2/1to3/1_0" slope="0.00"/>
        <vehicle id="5" x="401.65" y="96.34" angle="180.00" type="DEFAULT_VEHTYPE" speed="13.64" pos="96.34" lane="2/0to2/1_0" slope="0.00"/>
        <vehicle id="6" x="398.35" y="248.99" angle="0.00" type="DEFAULT_VEHTYPE" speed="13.69" pos="146.26" lane="2/2to2/1_0" slope="0.00"/>
        <vehicle id="7" x="398.35" y="741.18" angle="0.00" type="DEFAULT_VEHTYPE" speed="12.95" pos="58.82" lane="2/4to2/3_0" slope="0.00"/>
        <vehicle id="8" x="601.65" y="429.80" angle="180.00" type="DEFAULT_VEHTYPE" speed="13.88" pos="25.05" lane="3/2to3/3_0" slope="0.00"/>
        <vehicle id="9" x="50.46" y="398.35" angle="90.00" type="DEFAULT_VEHTYPE" speed="13.22" pos="50.46" lane="0/2to1/2_0" slope="0.00"/>
    </timestep>
    <timestep time="336.00">
        <vehicle id="10" x="601.65" y="561.93" angle="180.00" type="DEFAULT_VEHTYPE" speed="13.84" pos="157.18" lane="3/2to3/3_0" slope="0.00"/>
        <vehicle id="12" x="590.51" y="198.35" angle="90.00" type="DEFAULT_VEHTYPE" speed="3.35" pos="185.76" lane="2/1to3/1_0" slope="0.00"/>
        <vehicle id="13" x="563.44" y="198.35" angle="90.00" type="DEFAULT_VEHTYPE" speed="13.64" pos="158.69" lane="2/1to3/1_0" slope="0.00"/>
        <vehicle id="3" x="201.65" y="558.78" angle="180.00" type="DEFAULT_VEHTYPE" speed="13.26" pos="154.03" lane="1/2to1/3_0" slope="0.00"/>
        <vehicle id="4" x="532.27" y="198.35" angle="90.00" type="DEFAULT_VEHTYPE" speed="13.47" pos="127.52" lane="2/1to3/1_0" slope="0.00"/>
        <vehicle id="5" x="401.65" y="109.23" angle="180.00" type="DEFAULT_VEHTYPE" speed="12.89" pos="109.23" lane="2/0to2/1_0" slope="0.00"/>
        <vehicle id="6" x="398.35" y="235.75" angle="0.00" type="DEFAULT_VEHTYPE" speed="13.24" pos="159.50" lane="2/2to2/1_0" slope="0.00"/>
        <vehicle id="7" x="398.35" y="727.36" angle="0.00" type="DEFAULT_VEHTYPE" speed="13.82" pos="72.64" lane="2/4to2/3_0" slope="0.00"/>
        <vehicle id="8" x="601.65" y="443.36" angle="180.00" type="DEFAULT_VEHTYPE" speed="13.56" pos="38.61" lane="3/2to3/3_0" slope="0.00"/>
        <vehicle id="9" x="64.11" y="398.35" angle="90.00" type="DEFAULT_VEHTYPE" speed="13.65" pos="64.11" lane="0/2to1/2_0" slope="0.00"/>
    </timestep>
    <timestep time="337.00">
        <vehicle id="10" x="601.65" y="575.62" angle="180.00" type="DEFAULT_VEHTYPE" speed="13.69" pos="170.87" lane="3/2to3/3_0" slope="0.00"/>
        <vehicle id="12" x="595.42" y="198.37" angle="90.28" type="DEFAULT_VEHTYPE" speed="4.91" pos="0.17" lane=":3/1_14_0" slope="0.00"/>
        <vehicle id="13" x="572.58" y="198.35" angle="90.00" type="DEFAULT_VEHTYPE" speed="9.14" pos="167.83" lane="2/1to3/1_0" slope="0.00"/>
        <vehicle id="3" x="201.65" y="571.82" angle="180.00" type="DEFAULT_VEHTYPE" speed="13.03" pos="167.07" lane="1/2to1/3_0" slope="0.00"/>
        <vehicle id="4" x="545.96" y="198.35" angle="90.00" type="DEFAULT_VEHTYPE" speed="13.69" pos="141.21" lane="2/1to3/1_0" slope="0.00"/>
        <vehicle id="5" x="401.65" y="122.08" angle="180.00" type="DEFAULT_VEHTYPE" speed="12.85" pos="122.08" lane="2/0to2/1_0" slope="0.00"/>
        <vehicle id="6" x="398.35" y="222.25" angle="0.00" type="DEFAULT_VEHTYPE" speed="13.50" pos="173.00" lane="2/2to2/1_0" slope="0.00"/>
        <vehicle id="7" x="398.35" y="713.90" angle="0.00" type="DEFAULT_VEHTYPE" speed="13.46" pos="86.10" lane="2/4to2/3_0" slope="0.00"/>
        <vehicle id="8" x="601.65" y="456.05" angle="180.00" type="DEFAULT_VEHTYPE" speed="12.69" pos="51.30" lane="3/2to3/3_0" slope="0.00"/>
        <vehicle id="9" x="76.92" y="398.35" angle="90.00" type="DEFAULT_VEHTYPE" speed="12.82" pos="76.92" lane="0/2to1/2_0" slope="0.00"/>
    </timestep>
    <timestep time="338.00">
        <vehicle id="10" x="601.65" y="588.61" angle="180.00" type="DEFAULT_VEHTYPE" speed="12.99" pos="183.86" lane="3/2to3/3_0" slope="0.00"/>
        <vehicle id="12" x="600.91" y="201.38" angle="125.71" type="DEFAULT_VEHTYPE" speed="6.65" pos="6.82" lane=":3/1_14_0" slope="0.00"/>
        <vehicle id="13" x="581.67" y="198.35" angle="90.00" type="DEFAULT_VEHTYPE" speed="9.09" pos="176.92" lane="2/1to3/1_0" slope="0.00"/>
        <vehicle id="3" x="201.65" y="584.53" angle="180.00" type="DEFAULT_VEHTYPE" speed="12.71" pos="179.78" lane="1/2to1/3_0" slope="0.00"/>
        <vehicle id="4" x="558.30" y="198.35" angle="90.00" type="DEFAULT_VEHTYPE" speed="12.34" pos="153.55" lane="2/1to3/1_0" slope="0.00"/>
        <vehicle id="5" x="401.65" y="134.89" angle="180.00" type="DEFAULT_VEHTYPE" speed="12.81" pos="134.89" lane="2/0to2/1_0" slope="0.00"/>
        <vehicle id="6" x="398.35" y="208.59" angle="0.00" type="DEFAULT_VEHTYPE" speed="13.65" pos="186.66" lane="2/2to2/1_0" slope="0.00"/>
        <vehicle id="7" x="398.35" y="700.98" angle="0.00" type="DEFAULT_VEHTYPE" speed="12.92" pos="99.02" lane="2/4to2/3_0" slope="0.00"/>
        <vehicle id="8" x="601.65" y="468.86" angle="180.00" type="DEFAULT_VEHTYPE" speed="12.81" pos="64.11" lane="3/2to3/3_0" slope="0.00"/>
        <vehicle id="9" x="89.85" y="398.35" angle="90.00" type="DEFAULT_VEHTYPE" speed="12.93" pos="89.85" lane="0/2to1/2_0" slope="0.00"/>
    </timestep>
    <timestep time="339.00">
        <vehicle id="10" x="606.77" y="598.35" angle="104.41" type="DEFAULT_VEHTYPE" speed="13.66" pos="2.02" lane="3/3to4/3_0" slope="0.00"/>
        <vehicle id="12" x="601.65" y="210.11" angle="180.00" type="DEFAULT_VEHTYPE" speed="8.86" pos="5.36" lane="3/1to3/2_0" slope="0.00"/>
        <vehicle id="13" x="588.06" y="198.35" angle="90.00" type="DEFAULT_VEHTYPE" speed="6.39" pos="183.31" lane="2/1to3/1_0" slope="0.00"/>
        <vehicle id="3" x="202.52" y="597.63" angle="169.71" type="DEFAULT_VEHTYPE" speed="13.33" pos="2.61" lane=":1/3_8_0" slope="0.00"/>
        <vehicle id="4" x="568.79" y="198.35" angle="90.00" type="DEFAULT_VEHTYPE" speed="10.49" pos="164.04" lane="2/1to3/1_0" slope="0.00"/>
        <vehicle id="5" x="401.65" y="147.97" angle="180.00" type="DEFAULT_VEHTYPE" speed="13.08" pos="147.97" lane="2/0to2/1_0" slope="0.00"/>
        <vehicle id="6" x="391.14" y="201.65" angle="-88.58" type="DEFAULT_VEHTYPE" speed="12.96" pos="4.11" lane="2/1to1/1_0" slope="0.00"/>
        <vehicle id="7" x="398.35" y="688.28" angle="0.00" type="DEFAULT_VEHTYPE" speed="12.70" pos="111.72" lane="2/4to2/3_0" slope="0.00"/>
        <vehicle id="8" x="601.65" y="482.43" angle="180.00" type="DEFAULT_VEHTYPE" speed="13.58" pos="77.68" lane="3/2to3/3_0" slope="0.00"/>
        <vehicle id="9" x="102.82" y="398.35" angle="90.00" type="DEFAULT_VEHTYPE" speed="12.97" pos="102.82" lane="0/2to1/2_0" slope="0.00"/>
    </timestep>
    <timestep time="340.00">
        <vehicle id="10" x="619.76" y="598.35" angle="90.00" type="DEFAULT_VEHTYPE" speed="12.99" pos="15.01" lane="3/3to4/3_0" slope="0.00"/>
        <vehicle id="12" x="601.65" y="221.40" angle="180.00" type="DEFAULT_VEHTYPE" speed="11.29" pos="16.65" lane="3/1to3/2_0" slope="0.00"/>
        <vehicle id="13" x="590.58" y="198.35" angle="90.00" type="DEFAULT_VEHTYPE" speed="2.52" pos="185.83" lane="2/1to3/1_0" slope="0.00"/>
        <vehicle id="3" x="215.00" y="598.35" angle="90.00" type="DEFAULT_VEHTYPE" speed="12.64" pos="10.25" lane="1/3to2/3_0" slope="0.00"/>
        <vehicle id="4" x="576.48" y="198.35" angle="90.00" type="DEFAULT_VEHTYPE" speed="7.70" pos="171.73" lane="2/1to3/1_0" slope="0.00"/>
        <vehicle id="5" x="401.65" y="161.18" angle="180.00" type="DEFAULT_VEHTYPE" speed="13.22" pos="161.18" lane="2/0to2/1_0" slope="0.00"/>
        <vehicle id="6" x="377.75" y="201.65" angle="-90.00" type="DEFAULT_VEHTYPE" speed="13.39" pos="17.50" lane="2/1to1/1_0" slope="0.00"/>
        <vehicle id="7" x="398.35" y="674.57" angle="0.00" type="DEFAULT_VEHTYPE" speed="13.71" pos="125.43" lane="2/4to2/3_0" slope="0.00"/>
        <vehicle id="8" x="601.65" y="496.24" angle="180.00" type="DEFAULT_VEHTYPE" speed="13.80" pos="91.49" lane="3/2to3/3_0" slope="0.00"/>
        <vehicle id="9" x="115.63" y="398.35" angle="90.00" type="DEFAULT_VEHTYPE" speed="12.81" pos="115.63" lane="0/2to1/2_0" slope="0.00"/>
    </timestep>
    <timestep time="341.00">
        <vehicle id="10" x="633.66" y="598.35" angle="90.00" type="DEFAULT_VEHTYPE" speed="13.90" pos="28.91" lane="3/3to4/3_0" slope="0.00"/>
        <vehicle id="12" x="601.65" y="234.84" angle="180.00" type="DEFAULT_VEHTYPE" speed="13.43" pos="30.09" lane="3/1to3/2_0" slope="0.00"/>
        <vehicle id="13" x="594.89" y="198.35" angle="90.00" type="DEFAULT_VEHTYPE" speed="4.32" pos="190.14" lane="2/1to3/1_0" slope="0.00"/>
        <vehicle id="3" x="227.78" y="598.35" angle="90.00" type="DEFAULT_VEHTYPE" speed="12.78" pos="23.03" lane="1/3to2/3_0" slope="0.00"/>
        <vehicle id="4" x="580.58" y="198.35" angle="90.00" type="DEFAULT_VEHTYPE" speed="4.09" pos="175.83" lane="2/1to3/1_0" slope="0.00"/>
        <vehicle id="5" x="401.65" y="173.84" angle="180.00" type="DEFAULT_VEHTYPE" speed="12.66" pos="173.84" lane="2/0to2/1_0" slope="0.00"/>
        <vehicle id="6" x="364.02" y="201.65" angle="-90.00" type="DEFAULT_VEHTYPE" speed="13.73" pos="31.23" lane="2/1to1/1_0" slope="0.00"/>
        <vehicle id="7" x="398.35" y="661.91" angle="0.00" type="DEFAULT_VEHTYPE" speed="12.66" pos="138.09" lane="2/4to2/3_0" slope="0.00"/>
        <vehicle id="8" x="601.65" y="508.94" angle="180.00" type="DEFAULT_VEHTYPE" speed="12.71" pos="104.19" lane="3/2to3/3_0" slope="0.00"/>
        <vehicle id="9" x="128.95" y="398.35" angle="90.00" type="DEFAULT_VEHTYPE" speed="13.32" pos="128.95" lane="0/2to1/2_0" slope="0.00"/>
    </timestep>
    <timestep time="342.00">
        <vehicle id="10" x="647.16" y="598.35" angle="90.00" type="DEFAULT_VEHTYPE" speed="13.50" pos="42.41" lane="3/3to4/3_0" slope="0.00"/>
        <vehicle id="12" x="601.65" y="247.88" angle="180.00" type="DEFAULT_VEHTYPE" speed="13.05" pos="43.13" lane="3/1to3/2_0" slope="0.00"/>
        <vehicle id="13" x="600.70" y="201.03" angle="121.53" type="DEFAULT_VEHTYPE" speed="6.78" pos="6.42" lane=":3/1_14_0" slope="0.00"/>
        <vehicle id="3" x="240.72" y="598.35" angle="90.00" type="DEFAULT_VEHTYPE" speed="12.93" pos="35.97" lane="1/3to2/3_0" slope="0.00"/>
        <vehicle id="4" x="585.09" y="198.35" angle="90.00" type="DEFAULT_VEHTYPE" speed="4.51" pos="180.34" lane="2/1to3/1_0" slope="0.00"/>
        <vehicle id="5" x="401.65" y="186.86" angle="180.00" type="DEFAULT_VEHTYPE" speed="13.01" pos="186.86" lane="2/0to2/1_0" slope="0.00"/>
        <vehicle id="6" x="350.79" y="201.65" angle="-90.00" type="DEFAULT_VEHTYPE" speed="13.23" pos="44.46" lane="2/1to1/1_0" slope="0.00"/>
        <vehicle id="7" x="398.35" y="649.01" angle="0.00" type="DEFAULT_VEHTYPE" speed="12.90" pos="150.99" lane="2/4to2/3_0" slope="0.00"/>
        <vehicle id="8" x="601.65" y="522.57" angle="180.00" type="DEFAULT_VEHTYPE" speed="13.63" pos="117.82" lane="3/2to3/3_0" slope="0.00"/>
        <vehicle id="9" x="142.43" y="398.35" angle="90.00" type="DEFAULT_VEHTYPE" speed="13.48" pos="142.43" lane="0/2to1/2_0" slope="0.00"/>
    </timestep>
    <timestep time="343.00">
        <vehicle id="10" x="660.12" y="598.35" angle="90.00" type="DEFAULT_VEHTYPE" speed="12.96" pos="55.37" lane="3/3to4/3_0" slope="0.00"/>
        <vehicle id="12" x="601.65" y="261.52" angle="180.00" type="DEFAULT_VEHTYPE" speed="13.63" pos="56.77" lane="3/1to3/2_0" slope="0.00"/>
        <vehicle id="13" x="601.65" y="209.03" angle="178.83" type="DEFAULT_VEHTYPE" speed="8.18" pos="4.28" lane="3/1to3/2_0" slope="0.00"/>
        <vehicle id="3" x="254.58" y="598.35" angle="90.00" type="DEFAULT_VEHTYPE" speed="13.86" pos="49.83" lane="1/3to2/3_0" slope="0.00"/>
        <vehicle id="4" x="589.33" y="198.35" angle="90.00" type="DEFAULT_VEHTYPE" speed="4.24" pos="184.58" lane="2/1to3/1_0" slope="0.00"/>
        <vehicle id="5" x="404.88" y="198.35" angle="132.77" type="DEFAULT_VEHTYPE" speed="13.52" pos="0.13" lane="2/1to3/1_0" slope="0.00"/>
        <vehicle id="6" x="337.79" y="201.65" angle="-90.00" type="DEFAULT_VEHTYPE" speed="13.00" pos="57.46" lane="2/1to1/1_0" slope="0.00"/>
        <vehicle id="7" x="398.35" y="635.54" angle="0.00" type="DEFAULT_VEHTYPE" speed="13.48" pos="164.46" lane="2/4to2/3_0" slope="0.00"/>
        <vehicle id="8" x="601.65" y="535.80" angle="180.00" type="DEFAULT_VEHTYPE" speed="13.22" pos="131.05" lane="3/2to3/3_0" slope="0.00"/>
        <vehicle id="9" x="156.11" y="398.35" angle="90.00" type="DEFAULT_VEHTYPE" speed="13.68" pos="156.11" lane="0/2to1/2_0" slope="0.00"/>
    </timestep>
    <timestep time="344.00">
        <vehicle id="10" x="672.77" y="598.35" angle="90.00" type="DEFAULT_VEHTYPE" speed="12.65" pos="68.02" lane="3/3to4/3_0" slope="0.00"/>
        <vehicle id="12" x="601.65" y="275.10" angle="180.00" type="DEFAULT_VEHTYPE" speed="13.58" pos="70.35" lane="3/1to3/2_0" slope="0.00"/>
        <vehicle id="13" x="601.65" y="219.14" angle="180.00" type="DEFAULT_VEHTYPE" speed="10.11" pos="14.39" lane="3/1to3/2_0" slope="0.00"/>
        <vehicle id="3" x="267.50" y="598.35" angle="90.00" type="DEFAULT_VEHTYPE" speed="12.92" pos="62.75" lane="1/3to2/3_0" slope="0.00"/>
        <vehicle id="4" x="594.95" y="198.35" angle="90.00" type="DEFAULT_VEHTYPE" speed="5.62" pos="190.20" lane="2/1to3/1_0" slope="0.00"/>
        <vehicle id="5" x="417.64" y="198.35" angle="90.00" type="DEFAULT_VEHTYPE" speed="12.76" pos="12.89" lane="2/1to3/1_0" slope="0.00"/>
        <vehicle id="6" x="324.58" y="201.65" angle="-90.00" type="DEFAULT_VEHTYPE" speed="13.22" pos="70.67" lane="2/1to1/1_0" slope="0.00"/>
        <vehicle id="7" x="398.35" y="621.89" angle="0.00" type="DEFAULT_VEHTYPE" speed="13.65" pos="178.11" lane="2/4to2/3_0" slope="0.00"/>
        <vehicle id="8" x="601.65" y="549.20" angle="180.00" type="DEFAULT_VEHTYPE" speed="13.40" pos="144.45" lane="3/2to3/3_0" slope="0.00"/>
        <vehicle id="9" x="169.05" y="398.35" angle="90.00" type="DEFAULT_VEHTYPE" speed="12.94" pos="169.05" lane="0/2to1/2_0" slope="0.00"/>
    </timestep>
    <timestep time="345.00">
        <vehicle id="10" x="685.49" y="598.35" angle="90.00" type="DEFAULT_VEHTYPE" speed="12.72" pos="80.74" lane="3/3to4/3_0" slope="0.00"/>
        <vehicle id="12" x="601.65" y="288.11" angle="180.00" type="DEFAULT_VEHTYPE" speed="13.01" pos="83.36" lane="3/1to3/2_0" slope="0.00"/>
        <vehicle id="13" x="601.65" y="231.09" angle="180.00" type="DEFAULT_VEHTYPE" speed="11.95" pos="26.34" lane="3/1to3/2_0" slope="0.00"/>
        <vehicle id="3" x="280.66" y="598.35" angle="90.00" type="DEFAULT_VEHTYPE" speed="13.15" pos="75.91" lane="1/3to2/3_0" slope="0.00"/>
        <vehicle id="4" x="601.95" y="198.35" angle="90.00" type="DEFAULT_VEHTYPE" speed="7.00" pos="6.70" lane=":3/1_13_0" slope="0.00"/>
        <vehicle id="5" x="431.28" y="198.35" angle="90.00" type="DEFAULT_VEHTYPE" speed="13.64" pos="26.53" lane="2/1to3/1_0" slope="0.00"/>
        <vehicle id="6" x="311.06" y="201.65" angle="-90.00" type="DEFAULT_VEHTYPE" speed="13.52" pos="84.19" lane="2/1to1/1_0" slope="0.00"/>
        <vehicle id="7" x="398.35" y="609.03" angle="0.00" type="DEFAULT_VEHTYPE" speed="12.87" pos="190.97" lane="2/4to2/3_0" slope="0.00"/>
        <vehicle id="8" x="601.65" y="562.51" angle="180.00" type="DEFAULT_VEHTYPE" speed="13.31" pos="157.76" lane="3/2to3/3_0" slope="0.00"/>
        <vehicle id="9" x="179.78" y="398.35" angle="90.00" type="DEFAULT_VEHTYPE" speed="10.73" pos="179.78" lane="0/2to1/2_0" slope="0.00"/>
    </timestep>
    <timestep time="346.00">
        <vehicle id="10" x="698.09" y="598.35" angle="90.00" type="DEFAULT_VEHTYPE" speed="12.60" pos="93.34" lane="3/3to4/3_0" slope="0.00"/>
        <vehicle id="12" x="601.65" y="300.99" angle="180.00" type="DEFAULT_VEHTYPE" speed="12.89" pos="96.24" lane="3/1to3/2_0" slope="0.00"/>
        <vehicle id="13" x="601.65" y="244.86" angle="180.00" type="DEFAULT_VEHTYPE" speed="13.77" pos="40.11" lane="3/1to3/2_0" slope="0.00"/>
        <vehicle id="3" x="294.02" y="598.35" angle="90.00" type="DEFAULT_VEHTYPE" speed="13.37" pos="89.27" lane="1/3to2/3_0" slope="0.00"/>
        <vehicle id="4" x="610.89" y="198.35" angle="90.00" type="DEFAULT_VEHTYPE" speed="8.93" pos="6.14" lane="3/1to4/1_0" slope="0.00"/>
        <vehicle id="5" x="444.97" y="198.35" angle="90.00" type="DEFAULT_VEHTYPE" speed="13.69" pos="40.22" lane="2/1to3/1_0" slope="0.00"/>
        <vehicle id="6" x="297.33" y="201.65" angle="-90.00" type="DEFAULT_VEHTYPE" speed="13.73" pos="97.92" lane="2/1to1/1_0" slope="0.00"/>
        <vehicle id="7" x="398.35" y="595.39" angle="0.00" type="DEFAULT_VEHTYPE" speed="13.63" pos="9.36" lane=":2/3_1_0" slope="0.00"/>
        <vehicle id="8" x="601.65" y="575.77" angle="180.00" type="DEFAULT_VEHTYPE" speed="13.26" pos="171.02" lane="3/2to3/3_0" slope="0.00"/>
        <vehicle id="9" x="186.90" y="398.35" angle="90.00" type="DEFAULT_VEHTYPE" speed="7.12" pos="186.90" lane="0/2to1/2_0" slope="0.00"/>
    </timestep>
    <timestep time="347.00">
        <vehicle id="10" x="711.75" y="598.35" angle="90.00" type="DEFAULT_VEHTYPE" speed="13.66" pos="107.00" lane="3/3to4/3_0" slope="0.00"/>
        <vehicle id="12" x="601.65" y="313.71" angle="180.00" type="DEFAULT_VEHTYPE" speed="12.72" pos="108.96" lane="3/1to3/2_0" slope="0.00"/>
        <vehicle id="13" x="601.65" y="258.04" angle="180.00" type="DEFAULT_VEHTYPE" speed="13.18" pos="53.29" lane="3/1to3/2_0" slope="0.00"/>
        <vehicle id="3" x="307.75" y="598.35" angle="90.00" type="DEFAULT_VEHTYPE" speed="13.73" pos="103.00" lane="1/3to2/3_0" slope="0.00"/>
        <vehicle id="4" x="621.92" y="198.35" angle="90.00" type="DEFAULT_VEHTYPE" speed="11.03" pos="17.17" lane="3/1to4/1_0" slope="0.00"/>
        <vehicle id="5" x="458.51" y="198.35" angle="90.00" type="DEFAULT_VEHTYPE" speed="13.54" pos="53.76" lane="2/1to3/1_0" slope="0.00"/>
        <vehicle id="6" x="284.47" y="201.65" angle="-90.00" type="DEFAULT_VEHTYPE" speed="12.86" pos="110.78" lane="2/1to1/1_0" slope="0.00"/>
        <vehicle id="7" x="398.35" y="582.74" angle="0.00" type="DEFAULT_VEHTYPE" speed="12.66" pos="12.51" lane="2/3to2/2_0" slope="0.00"/>
        <vehicle id="8" x="601.65" y="588.54" angle="180.00" type="DEFAULT_VEHTYPE" speed="12.77" pos="183.79" lane="3/2to3/3_0" slope="0.00"/>
        <vehicle id="9" x="189.82" y="398.35" angle="90.00" type="DEFAULT_VEHTYPE" speed="2.92" pos="189.82" lane="0/2to1/2_0" slope="0.00"/>
    </timestep>
    <timestep time="348.00">
        <vehicle id="10" x="725.25" y="598.35" angle="90.00" type="DEFAULT_VEHTYPE" speed="13.49" pos="120.50" lane="3/3to4/3_0" slope="0.00"/>
        <vehicle id="12" x="601.65" y="326.54" angle="180.00" type="DEFAULT_VEHTYPE" speed="12.83" pos="121.79" lane="3/1to3/2_0" slope="0.00"/>
        <vehicle id="13" x="601.65" y="271.81" angle="180.00" type="DEFAULT_VEHTYPE" speed="13.77" pos="67.06" lane="3/1to3/2_0" slope="0.00"/>
        <vehicle id="3" x="320.64" y="598.35" angle="90.00" type="DEFAULT_VEHTYPE" speed="12.89" pos="115.89" lane="1/3to2/3_0" slope="0.00"/>
        <vehicle id="4" x="634.64" y="198.35" angle="90.00" type="DEFAULT_VEHTYPE" speed="12.72" pos="29.89" lane="3/1to4/1_0" slope="0.00"/>
        <vehicle id="5" x="471.91" y="198.35" angle="90.00" type="DEFAULT_VEHTYPE" speed="13.40" pos="67.16" lane="2/1to3/1_0" slope="0.00"/>
        <vehicle id="6" x="271.69" y="201.65" angle="-90.00" type="DEFAULT_VEHTYPE" speed="12.78" pos="123.56" lane="2/1to1/1_0" slope="0.00"/>
        <vehicle id="7" x="398.35" y="570.03" angle="0.00" type="DEFAULT_VEHTYPE" speed="12.71" pos="25.22" lane="2/3to2/2_0" slope="0.00"/>
        <vehicle id="8" x="606.10" y="598.35" angle="112.44" type="DEFAULT_VEHTYPE" speed="13.06" pos="1.35" lane="3/3to4/3_0" slope="0.00"/>
        <vehicle id="9" x="194.36" y="398.35" angle="90.00" type="DEFAULT_VEHTYPE" speed="4.53" pos="194.36" lane="0/2to1/2_0" slope="0.00"/>
    </timestep>
    <timestep time="349.00">
        <vehicle id="10" x="738.83" y="598.35" angle="90.00" type="DEFAULT_VEHTYPE" speed="13.58" pos="134.08" lane="3/3to4/3_0" slope="0.00"/>
        <vehicle id="12" x="601.65" y="340.05" angle="180.00" type="DEFAULT_VEHTYPE" speed="13.50" pos="135.30" lane="3/1to3/2_0" slope="0.00"/>
        <vehicle id="13" x="601.65" y="284.45" angle="180.00" type="DEFAULT_VEHTYPE" speed="12.64" pos="79.70" lane="3/1to3/2_0" slope="0.00"/>
        <vehicle id="3" x="333.54" y="598.35" angle="90.00" type="DEFAULT_VEHTYPE" speed="12.90" pos="128.79" lane="1/3to2/3_0" slope="0.00"/>
        <vehicle id="4" x="647.71" y="198.35" angle="90.00" type="DEFAULT_VEHTYPE" speed="13.07" pos="42.96" lane="3/1to4/1_0" slope="0.00"/>
        <vehicle id="5" x="484.70" y="198.35" angle="90.00" type="DEFAULT_VEHTYPE" speed="12.78" pos="79.95" lane="2/1to3/1_0" slope="0.00"/>
        <vehicle id="6" x="258.50" y="201.65" angle="-90.00" type="DEFAULT_VEHTYPE" speed="13.20" pos="136.75" lane="2/1to1/1_0" slope="0.00"/>
        <vehicle id="7" x="398.35" y="557.40" angle="0.00" type="DEFAULT_VEHTYPE" speed="12.62" pos="37.85" lane="2/3to2/2_0" slope="0.00"/>
        <vehicle id="8" x="619.31" y="598.35" angle="90.00" type="DEFAULT_VEHTYPE" speed="13.21" pos="14.56" lane="3/3to4/3_0" slope="0.00"/>
        <vehicle id="9" x="200.60" y="400.86" angle="119.49" type="DEFAULT_VEHTYPE" speed="7.12" pos="6.22" lane=":1/2_14_0" slope="0.00"/>
    </timestep>
    <timestep time="350.00">
        <vehicle id="10" x="752.32" y="598.35" angle="90.00" type="DEFAULT_VEHTYPE" speed="13.49" pos="147.57" lane="3/3to4/3_0" slope="0.00"/>
        <vehicle id="12" x="601.65" y="353.59" angle="180.00" type="DEFAULT_VEHTYPE" speed="13.54" pos="148.84" lane="3/1to3/2_0" slope="0.00"/>
        <vehicle id="13" x="601.65" y="298.04" angle="180.00" type="DEFAULT_VEHTYPE" speed="13.59" pos="93.29" lane="3/1to3/2_0" slope="0.00"/>
        <vehicle id="3" x="346.29" y="598.35" angle="90.00" type="DEFAULT_VEHTYPE" speed="12.76" pos="141.54" lane="1/3to2/3_0" slope="0.00"/>
        <vehicle id="4" x="661.60" y="198.35" angle="90.00" type="DEFAULT_VEHTYPE" speed="13.89" pos="56.85" lane="3/1to4/1_0" slope="0.00"/>
        <vehicle id="5" x="498.22" y="198.35" angle="90.00" type="DEFAULT_VEHTYPE" speed="13.53" pos="93.47" lane="2/1to3/1_0" slope="0.00"/>
        <vehicle id="6" x="245.59" y="201.65" angle="-90.00" type="DEFAULT_VEHTYPE" speed="12.90" pos="149.66" lane="2/1to1/1_0" slope="0.00"/>
        <vehicle id="7" x="398.35" y="543.53" angle="0.00" type="DEFAULT_VEHTYPE" speed="13.87" pos="51.72" lane="2/3to2/2_0" slope="0.00"/>
        <vehicle id="8" x="632.48" y="598.35" angle="90.00" type="DEFAULT_VEHTYPE" speed="13.16" pos="27.73" lane="3/3to4/3_0" slope="0.00"/>
        <vehicle id="9" x="201.65" y="409.94" angle="180.00" type="DEFAULT_VEHTYPE" speed="9.28" pos="5.19" lane="1/2to1/3_0" slope="0.00"/>
    </timestep>
    <timestep time="351.00">
        <vehicle id="10" x="765.27" y="598.35" angle="90.00" type="DEFAULT_VEHTYPE" speed="12.96" pos="160.52" lane="3/3to4/3_0" slope="0.00"/>
        <vehicle id="12" x="601.65" y="366.76" angle="180.00" type="DEFAULT_VEHTYPE" speed="13.17" pos="162.01" lane="3/1to3/2_0" slope="0.00"/>
        <vehicle id="13" x="601.65" y="311.44" angle="180.00" type="DEFAULT_VEHTYPE" speed="13.40" pos="106.69" lane="3/1to3/2_0" slope="0.00"/>
        <vehicle id="3" x="358.92" y="598.35" angle="90.00" type="DEFAULT_VEHTYPE" speed="12.62" pos="154.17" lane="1/3to2/3_0" slope="0.00"/>
        <vehicle id="4" x="674.50" y="198.35" angle="90.00" type="DEFAULT_VEHTYPE" speed="12.90" pos="69.75" lane="3/1to4/1_0" slope="0.00"/>
        <vehicle id="5" x="511.76" y="198.35" angle="90.00" type="DEFAULT_VEHTYPE" speed="13.54" pos="107.01" lane="2/1to3/1_0" slope="0.00"/>
        <vehicle id="6" x="232.79" y="201.65" angle="-90.00" type="DEFAULT_VEHTYPE" speed="12.81" pos="162.46" lane="2/1to1/1_0" slope="0.00"/>
        <vehicle id="7" x="398.35" y="530.82" angle="0.00" type="DEFAULT_VEHTYPE" speed="12.71" pos="64.43" lane="2/3to2/2_0" slope="0.00"/>
        <vehicle id="8" x="645.30" y="598.35" angle="90.00" type="DEFAULT_VEHTYPE" speed="12.82" pos="40.55" lane="3/3to4/3_0" slope="0.00"/>
        <vehicle id="9" x="201.65" y="421.17" angle="180.00" type="DEFAULT_VEHTYPE" speed="11.23" pos="16.42" lane="1/2to1/3_0" slope="0.00"/>
    </timestep>
    <timestep time="352.00">
        <vehicle id="10" x="778.05" y="598.35" angle="90.00" type="DEFAULT_VEHTYPE" speed="12.78" pos="173.30" lane="3/3to4/3_0" slope="0.00"/>
        <vehicle id="12" x="601.65" y="379.45" angle="180.00" type="DEFAULT_VEHTYPE" speed="12.69" pos="174.70" lane="3/1to3/2_0" slope="0.00"/>
        <vehicle id="13" x="601.65" y="324.39" angle="180.00" type="DEFAULT_VEHTYPE" speed="12.96" pos="119.64" lane="3/1to3/2_0" slope="0.00"/>
        <vehicle id="3" x="371.33" y="598.35" angle="90.00" type="DEFAULT_VEHTYPE" speed="12.42" pos="166.58" lane="1/3to2/3_0" slope="0.00"/>
        <vehicle id="4" x="687.95" y="198.35" angle="90.00" type="DEFAULT_VEHTYPE" speed="13.45" pos="83.20" lane="3/1to4/1_0" slope="0.00"/>
        <vehicle id="5" x="524.77" y="198.35" angle="90.00" type="DEFAULT_VEHTYPE" speed="13.01" pos="120.02" lane="2/1to3/1_0" slope="0.00"/>
        <vehicle id="6" x="222.37" y="201.65" angle="-90.00" type="DEFAULT_VEHTYPE" speed="10.42" pos="172.88" lane="2/1to1/1_0" slope="0.00"/>
        <vehicle id="7" x="398.35" y="517.88" angle="0.00" type="DEFAULT_VEHTYPE" speed="12.94" pos="77.37" lane="2/3to2/2_0" slope="0.00"/>
        <vehicle id="8" x="658.94" y="598.35" angle="90.00" type="DEFAULT_VEHTYPE" speed="13.64" pos="54.19" lane="3/3to4/3_0" slope="0.00"/>
        <vehicle id="9" x="201.65" y="433.75" angle="180.00" type="DEFAULT_VEHTYPE" speed="12.58" pos="29.00" lane="1/2to1/3_0" slope="0.00"/>
    </timestep>
    <timestep time="353.00">
        <vehicle id="10" x="791.83" y="598.35" angle="90.00" type="DEFAULT_VEHTYPE" speed="13.78" pos="187.08" lane="3/3to4/3_0" slope="0.00"/>
        <vehicle id="12" x="601.65" y="392.98" angle="180.00" type="DEFAULT_VEHTYPE" speed="13.53" pos="188.23" lane="3/1to3/2_0" slope="0.00"/>
        <vehicle id="13" x="601.65" y="337.00" angle="180.00" type="DEFAULT_VEHTYPE" speed="12.60" pos="132.25" lane="3/1to3/2_0" slope="0.00"/>
        <vehicle id="3" x="380.76" y="598.35" angle="90.00" type="DEFAULT_VEHTYPE" speed="9.42" pos="176.01" lane="1/3to2/3_0" slope="0.00"/>
        <vehicle id="4" x="700.89" y="198.35" angle="90.00" type="DEFAULT_VEHTYPE" speed="12.94" pos="96.14" lane="3/1to4/1_0" slope="0.00"/>
        <vehicle id="5" x="538.12" y="198.35" angle="90.00" type="DEFAULT_VEHTYPE" speed="13.35" pos="133.37" lane="2/1to3/1_0" slope="0.00"/>
        <vehicle id="6" x="214.68" y="201.65" angle="-90.00" type="DEFAULT_VEHTYPE" speed="7.69" pos="180.57" lane="2/1to1/1_0" slope="0.00"/>
        <vehicle id="7" x="398.35" y="504.41" angle="0.00" type="DEFAULT_VEHTYPE" speed="13.47" pos="90.84" lane="2/3to2/2_0" slope="0.00"/>
        <vehicle id="8" x="672.59" y="598.35" angle="90.00" type="DEFAULT_VEHTYPE" speed="13.65" pos="67.84" lane="3/3to4/3_0" slope="0.00"/>
        <vehicle id="9" x="201.65" y="447.50" angle="180.00" type="DEFAULT_VEHTYPE" speed="13.75" pos="42.75" lane="1/2to1/3_0" slope="0.00"/>
    </timestep>
    <timestep time="354.00">
        <vehicle id="10" x="800.01" y="601.65" angle="176.61" type="DEFAULT_VEHTYPE" speed="12.98" pos="4.81" lane=":4/3_0_0" slope="0.00"/>
        <vehicle id="12" x="601.65" y="405.74" angle="180.00" type="DEFAULT_VEHTYPE" speed="12.76" pos="0.99" lane="3/2to3/3_0" slope="0.00"/>
        <vehicle id="13" x="601.65" y="350.62" angle="180.00" type="DEFAULT_VEHTYPE" speed="13.63" pos="145.87" lane="3/1to3/2_0" slope="0.00"/>
        <vehicle id="3" x="387.52" y="598.35" angle="90.00" type="DEFAULT_VEHTYPE" speed="6.76" pos="182.77" lane="1/3to2/3_0" slope="0.00"/>
        <vehicle id="4" x="714.03" y="198.35" angle="90.00" type="DEFAULT_VEHTYPE" speed="13.14" pos="109.28" lane="3/1to4/1_0" slope="0.00"/>
        <vehicle id="5" x="551.63" y="198.35" angle="90.00" type="DEFAULT_VEHTYPE" speed="13.51" pos="146.88" lane="2/1to3/1_0" slope="0.00"/>
        <vehicle id="6" x="209.87" y="201.65" angle="-90.00" type="DEFAULT_VEHTYPE" speed="4.81" pos="185.38" lane="2/1to1/1_0" slope="0.00"/>
        <vehicle id="7" x="398.35" y="490.79" angle="0.00" type="DEFAULT_VEHTYPE" speed="13.62" pos="104.46" lane="2/3to2/2_0" slope="0.00"/>
        <vehicle id="8" x="686.32" y="598.35" angle="90.00" type="DEFAULT_VEHTYPE" speed="13.74" pos="81.57" lane="3/3to4/3_0" slope="0.00"/>
        <vehicle id="9" x="201.65" y="461.38" angle="180.00" type="DEFAULT_VEHTYPE" speed="13.88" pos="56.63" lane="1/2to1/3_0" slope="0.00"/>
    </timestep>
    <timestep time="355.00">
        <vehicle id="10" x="787.07" y="601.65" angle="-90.00" type="DEFAULT_VEHTYPE" speed="12.94" pos="12.93" lane="4/3to3/3_0" slope="0.00"/>
        <vehicle id="12" x="601.65" y="419.54" angle="180.00" type="DEFAULT_VEHTYPE" speed="13.80" pos="14.79" lane="3/2to3/3_0" slope="0.00"/>
        <vehicle id="13" x="601.65" y="363.58" angle="180.00" type="DEFAULT_VEHTYPE" speed="12.95" pos="158.83" lane="3/1to3/2_0" slope="0.00"/>
        <vehicle id="3" x="390.24" y="598.35" angle="90.00" type="DEFAULT_VEHTYPE" speed="2.72" pos="185.49" lane="1/3to2/3_0" slope="0.00"/>
        <vehicle id="4" x="727.04" y="198.35" angle="90.00" type="DEFAULT_VEHTYPE" speed="13.01" pos="122.29" lane="3/1to4/1_0" slope="0.00"/>
        <vehicle id="5" x="564.52" y="198.35" angle="90.00" type="DEFAULT_VEHTYPE" speed="12.89" pos="159.77" lane="2/1to3/1_0" slope="0.00"/>
        <vehicle id="6" x="202.70" y="202.26" angle="-97.11" type="DEFAULT_VEHTYPE" speed="7.30" pos="2.18" lane=":1/1_4_0" slope="0.00"/>
        <vehicle id="7" x="398.35" y="477.21" angle="0.00" type="DEFAULT_VEHTYPE" speed="13.58" pos="118.04" lane="2/3to2/2_0" slope="0.00"/>
        <vehicle id="8" x="699.01" y="598.35" angle="90.00" type="DEFAULT_VEHTYPE" speed="12.69" pos="94.26" lane="3/3to4/3_0" slope="0.00"/>
        <vehicle id="9" x="201.65" y="474.47" angle="180.00" type="DEFAULT_VEHTYPE" speed="13.09" pos="69.72" lane="1/2to1/3_0" slope="0.00"/>
    </timestep>
    <timestep time="356.00">
        <vehicle id="10" x="774.25" y="601.65" angle="-90.00" type="DEFAULT_VEHTYPE" speed="12.82" pos="25.75" lane="4/3to3/3_0" slope="0.00"/>
        <vehicle id="12" x="601.65" y="433.32" angle="180.00" type="DEFAULT_VEHTYPE" speed="13.78" pos="28.57" lane="3/2to3/3_0" slope="0.00"/>
        <vehicle id="13" x="601.65" y="377.28" angle="180.00" type="DEFAULT_VEHTYPE" speed="13.70" pos="172.53" lane="3/1to3/2_0" slope="0.00"/>
        <vehicle id="3" x="395.13" y="598.35" angle="90.00" type="DEFAULT_VEHTYPE" speed="4.89" pos="190.38" lane="1/3to2/3_0" slope="0.00"/>
        <vehicle id="4" x="740.86" y="198.35" angle="90.00" type="DEFAULT_VEHTYPE" speed="13.82" pos="136.11" lane="3/1to4/1_0" slope="0.00"/>
        <vehicle id="5" x="576.34" y="198.35" angle="90.00" type="DEFAULT_VEHTYPE" speed="11.82" pos="171.59" lane="2/1to3/1_0" slope="0.00"/>
        <vehicle id="6" x="201.65" y="211.29" angle="180.00" type="DEFAULT_VEHTYPE" speed="9.37" pos="6.54" lane="1/1to1/2_0" slope="0.00"/>
        <vehicle id="7" x="398.35" y="464.59" angle="0.00" type="DEFAULT_VEHTYPE" speed="12.62" pos="130.66" lane="2/3to2/2_0" slope="0.00"/>
        <vehicle id="8" x="712.21" y="598.35" angle="90.00" type="DEFAULT_VEHTYPE" speed="13.21" pos="107.46" lane="3/3to4/3_0" slope="0.00"/>
        <vehicle id="9" x="201.65" y="487.54" angle="180.00" type="DEFAULT_VEHTYPE" speed="13.07" pos="82.79" lane="1/2to1/3_0" slope="0.00"/>
    </timestep>
    <timestep time="357.00">
        <vehicle id="10" x="760.96" y="601.65" angle="-90.00" type="DEFAULT_VEHTYPE" speed="13.29" pos="39.04" lane="4/3to3/3_0" slope="0.00"/>
        <vehicle id="12" x="601.65" y="446.36" angle="180.00" type="DEFAULT_VEHTYPE" speed="13.03" pos="41.61" lane="3/2to3/3_0" slope="0.00"/>
        <vehicle id="13" x="601.65" y="390.76" angle="180.00" type="DEFAULT_VEHTYPE" speed="13.47" pos="186.01" lane="3/1to3/2_0" slope="0.00"/>
        <vehicle id="3" x="401.13" y="601.75" angle="130.20" type="DEFAULT_VEHTYPE" speed="7.38" pos="7.26" lane=":2/3_14_0" slope="0.00"/>
        <vehicle id="4" x="754.09" y="198.35" angle="90.00" type="DEFAULT_VEHTYPE" speed="13.24" pos="149.34" lane="3/1to4/1_0" slope="0.00"/>
        <vehicle id="5" x="584.62" y="198.35" angle="90.00" type="DEFAULT_VEHTYPE" speed="8.28" pos="179.87" lane="2/1to3/1_0" slope="0.00"/>
        <vehicle id="6" x="201.65" y="221.97" angle="180.00" type="DEFAULT_VEHTYPE" speed="10.68" pos="17.22" lane="1/1to1/2_0" slope="0.00"/>
        <vehicle id="7" x="398.35" y="451.94" angle="0.00" type="DEFAULT_VEHTYPE" speed="12.65" pos="143.31" lane="2/3to2/2_0" slope="0.00"/>
        <vehicle id="8" x="725.58" y="598.35" angle="90.00" type="DEFAULT_VEHTYPE" speed="13.37" pos="120.83" lane="3/3to4/3_0" slope="0.00"/>
        <vehicle id="9" x="201.65" y="500.86" angle="180.00" type="DEFAULT_VEHTYPE" speed="13.32" pos="96.11" lane="1/2to1/3_0" slope="0.00"/>
    </timestep>
    <timestep time="358.00">
        <vehicle id="10" x="747.50" y="601.65" angle="-90.00" type="DEFAULT_VEHTYPE" speed="13.46" pos="52.50" lane="4/3to3/3_0" slope="0.00"/>
        <vehicle id="12" x="601.65" y="459.13" angle="180.00" type="DEFAULT_VEHTYPE" speed="12.77" pos="54.38" lane="3/2to3/3_0" slope="0.00"/>
        <vehicle id="13" x="601.65" y="403.47" angle="180.00" type="DEFAULT_VEHTYPE" speed="12.72" pos="8.22" lane=":3/2_9_0" slope="0.00"/>
        <vehicle id="3" x="401.65" y="611.63" angle="180.00" type="DEFAULT_VEHTYPE" speed="9.94" pos="6.88" lane="2/3to2/4_0" slope="0.00"/>
        <vehicle id="4" x="766.85" y="198.35" angle="90.00" type="DEFAULT_VEHTYPE" speed="12.75" pos="162.10" lane="3/1to4/1_0" slope="0.00"/>
        <vehicle id="5" x="589.59" y="198.35" angle="90.00" type="DEFAULT_VEHTYPE" speed="4.97" pos="184.84" lane="2/1to3/1_0" slope="0.00"/>
        <vehicle id="6" x="201.65" y="233.98" angle="180.00" type="DEFAULT_VEHTYPE" speed="12.01" pos="29.23" lane="1/1to1/2_0" slope="0.00"/>
        <vehicle id="7" x="398.35" y="438.67" angle="0.00" type="DEFAULT_VEHTYPE" speed="13.27" pos="156.58" lane="2/3to2/2_0" slope="0.00"/>
        <vehicle id="8" x="739.40" y="598.35" angle="90.00" type="DEFAULT_VEHTYPE" speed="13.82" pos="134.65" lane="3/3to4/3_0" slope="0.00"/>
        <vehicle id="9" x="201.65" y="513.93" angle="180.00" type="DEFAULT_VEHTYPE" speed="13.07" pos="109.18" lane="1/2to1/3_0" slope="0.00"/>
    </timestep>
    <timestep time="359.00">
        <vehicle id="10" x="734.61" y="601.65" angle="-90.00" type="DEFAULT_VEHTYPE" speed="12.89" pos="65.39" lane="4/3to3/3_0" slope="0.00"/>
        <vehicle id="12" x="601.65" y="472.66" angle="180.00" type="DEFAULT_VEHTYPE" speed="13.53" pos="67.91" lane="3/2to3/3_0" slope="0.00"/>
        <vehicle id="13" x="601.65" y="416.20" angle="180.00" type="DEFAULT_VEHTYPE" speed="12.73" pos="11.45" lane="3/2to3/3_0" slope="0.00"/>
        <vehicle id="3" x="401.65" y="624.17" angle="180.00" type="DEFAULT_VEHTYPE" speed="12.54" pos="19.42" lane="2/3to2/4_0" slope="0.00"/>
        <vehicle id="4" x="780.21" y="198.35" angle="90.00" type="DEFAULT_VEHTYPE" speed="13.36" pos="175.46" lane="3/1to4/1_0" slope="0.00"/>
        <vehicle id="5" x="596.41" y="198.35" angle="90.00" type="DEFAULT_VEHTYPE" speed="6.82" pos="1.16" lane=":3/1_13_0" slope="0.00"/>
        <vehicle id="6" x="201.65" y="247.45" angle="180.00" type="DEFAULT_VEHTYPE" speed="13.47" pos="42.70" lane="1/1to1/2_0" slope="0.00"/>
        <vehicle id="7" x="398.35" y="425.79" angle="0.00" type="DEFAULT_VEHTYPE" speed="12.88" pos="169.46" lane="2/3to2/2_0" slope="0.00"/>
        <vehicle id="8" x="752.09" y="598.35" angle="90.00" type="DEFAULT_VEHTYPE" speed="12.69" pos="147.34" lane="3/3to4/3_0" slope="0.00"/>
        <vehicle id="9" x="201.65" y="527.77" angle="180.00" type="DEFAULT_VEHTYPE" speed="13.84" pos="123.02" lane="1/2to1/3_0" slope="0.00"/>
    </timestep>
    <timestep time="360.00">
        <vehicle id="10" x="720.75" y="601.65" angle="-90.00" type="DEFAULT_VEHTYPE" speed="13.86" pos="79.25" lane="4/3to3/3_0" slope="0.00"/>
        <vehicle id="12" x="601.65" y="486.38" angle="180.00" type="DEFAULT_VEHTYPE" speed="13.73" pos="81.63" lane="3/2to3/3_0" slope="0.00"/>
        <vehicle id="13" x="601.65" y="429.98" angle="180.00" type="DEFAULT_VEHTYPE" speed="13.78" pos="25.23" lane="3/2to3/3_0" slope="0.00"/>
        <vehicle id="3" x="401.65" y="637.41" angle="180.00" type="DEFAULT_VEHTYPE" speed="13.24" pos="32.66" lane="2/3to2/4_0" slope="0.00"/>
        <vehicle id="4" x="793.02" y="198.35" angle="90.00" type="DEFAULT_VEHTYPE" speed="12.81" pos="188.27" lane="3/1to4/1_0" slope="0.00"/>
        <vehicle id="5" x="604.66" y="198.35" angle="90.00" type="DEFAULT_VEHTYPE" speed="8.25" pos="9.41" lane=":3/1_13_0" slope="0.00"/>
        <vehicle id="6" x="201.65" y="260.70" angle="180.00" type="DEFAULT_VEHTYPE" speed="13.25" pos="55.95" lane="1/1to1/2_0" slope="0.00"/>
        <vehicle id="7" x="398.35" y="412.17" angle="0.00" type="DEFAULT_VEHTYPE" speed="13.62" pos="183.08" lane="2/3to2/2_0" slope="0.00"/>
        <vehicle id="8" x="765.64" y="598.35" angle="90.00" type="DEFAULT_VEHTYPE" speed="13.55" pos="160.89" lane="3/3to4/3_0" slope="0.00"/>
        <vehicle id="9" x="201.65" y="540.92" angle="180.00" type="DEFAULT_VEHTYPE" speed="13.15" pos="136.17" lane="1/2to1/3_0" slope="0.00"/>
    </timestep>
    <timestep time="361.00">
        <vehicle id="10" x="707.84" y="601.65" angle="-90.00" type="DEFAULT_VEHTYPE" speed="12.90" pos="92.16" lane="4/3to3/3_0" slope="0.00"/>
        <vehicle id="12" x="601.65" y="499.25" angle="180.00" type="DEFAULT_VEHTYPE" speed="12.86" pos="94.50" lane="3/2to3/3_0" slope="0.00"/>
        <vehicle id="13" x="601.65" y="443.79" angle="180.00" type="DEFAULT_VEHTYPE" speed="13.82" pos="39.04" lane="3/2to3/3_0" slope="0.00"/>
        <vehicle id="3" x="401.65" y="650.69" angle="180.00" type="DEFAULT_VEHTYPE" speed="13.29" pos="45.94" lane="2/3to2/4_0" slope="0.00"/>
        <vehicle id="4" x="798.69" y="201.65" angle="-139.87" type="DEFAULT_VEHTYPE" speed="13.11" pos="1.31" lane="4/1to3/1_0" slope="0.00"/>
        <vehicle id="5" x="614.26" y="198.35" angle="90.00" type="DEFAULT_VEHTYPE" speed="9.60" pos="9.51" lane="3/1to4/1_0" slope="0.00"/>
        <vehicle id="6" x="201.65" y="273.54" angle="180.00" type="DEFAULT_VEHTYPE" speed="12.85" pos="68.79" lane="1/1to1/2_0" slope="0.00"/>
        <vehicle id="7" x="394.07" y="401.65" angle="-64.88" type="DEFAULT_VEHTYPE" speed="13.60" pos="1.18" lane="2/2to1/2_0" slope="0.00"/>
        <vehicle id="8" x="779.09" y="598.35" angle="90.00" type="DEFAULT_VEHTYPE" speed="13.45" pos="174.34" lane="3/3to4/3_0" slope="0.00"/>
        <vehicle id="9" x="201.65" y="553.68" angle="180.00" type="DEFAULT_VEHTYPE" speed="12.76" pos="148.93" lane="1/2to1/3_0" slope="0.00"/>
    </timestep>
    <timestep time="362.00">
        <vehicle id="10" x="694.08" y="601.65" angle="-90.00" type="DEFAULT_VEHTYPE" speed="13.76" pos="105.92" lane="4/3to3/3_0" slope="0.00"/>
        <vehicle id="12" x="601.65" y="512.71" angle="180.00" type="DEFAULT_VEHTYPE" speed="13.46" pos="107.96" lane="3/2to3/3_0" slope="0.00"/>
        <vehicle id="13" x="601.65" y="457.14" angle="180.00" type="DEFAULT_VEHTYPE" speed="13.35" pos="52.39" lane="3/2to3/3_0" slope="0.00"/>
        <vehicle id="3" x="401.65" y="663.53" angle="180.00" type="DEFAULT_VEHTYPE" speed="12.83" pos="58.78" lane="2/3to2/4_0" slope="0.00"/>
        <vehicle id="4" x="784.96" y="201.65" angle="-90.00" type="DEFAULT_VEHTYPE" speed="13.73" pos="15.04" lane="4/1to3/1_0" slope="0.00"/>
        <vehicle id="5" x="625.18" y="198.35" angle="90.00" type="DEFAULT_VEHTYPE" speed="10.93" pos="20.43" lane="3/1to4/1_0" slope="0.00"/>
        <vehicle id="6" x="201.65" y="287.37" angle="180.00" type="DEFAULT_VEHTYPE" speed="13.83" pos="82.62" lane="1/1to1/2_0" slope="0.00"/>
        <vehicle id="7" x="380.31" y="401.65" angle="-90.00" type="DEFAULT_VEHTYPE" speed="13.76" pos="14.94" lane="2/2to1/2_0" slope="0.00"/>
        <vehicle id="8" x="792.68" y="598.35" angle="90.00" type="DEFAULT_VEHTYPE" speed="13.59" pos="187.93" lane="3/3to4/3_0" slope="0.00"/>
        <vehicle id="9" x="201.65" y="567.27" angle="180.00" type="DEFAULT_VEHTYPE" speed="13.59" pos="162.52" lane="1/2to1/3_0" slope="0.00"/>
    </timestep>
    <timestep time="363.00">
        <vehicle id="10" x="681.34" y="601.65" angle="-90.00" type="DEFAULT_VEHTYPE" speed="12.74" pos="118.66" lane="4/3to3/3_0" slope="0.00"/>
        <vehicle id="12" x="601.65" y="526.12" angle="180.00" type="DEFAULT_VEHTYPE" speed="13.41" pos="121.37" lane="3/2to3/3_0" slope="0.00"/>
        <vehicle id="13" x="601.65" y="470.99" angle="180.00" type="DEFAULT_VEHTYPE" speed="13.85" pos="66.24" lane="3/2to3/3_0" slope="0.00"/>
        <vehicle id="3" x="401.65" y="676.85" angle="180.00" type="DEFAULT_VEHTYPE" speed="13.33" pos="72.10" lane="2/3to2/4_0" slope="0.00"/>
        <vehicle id="4" x="771.78" y="201.65" angle="-90.00" type="DEFAULT_VEHTYPE" speed="13.18" pos="28.22" lane="4/1to3/1_0" slope="0.00"/>
        <vehicle id="5" x="638.59" y="198.35" angle="90.00" type="DEFAULT_VEHTYPE" speed="13.40" pos="33.84" lane="3/1to4/1_0" slope="0.00"/>
        <vehicle id="6" x="201.65" y="300.73" angle="180.00" type="DEFAULT_VEHTYPE" speed="13.36" pos="95.98" lane="1/1to1/2_0" slope="0.00"/>
        <vehicle id="7" x="366.69" y="401.65" angle="-90.00" type="DEFAULT_VEHTYPE" speed="13.62" pos="28.56" lane="2/2to1/2_0" slope="0.00"/>
        <vehicle id="8" x="799.48" y="601.65" angle="-165.50" type="DEFAULT_VEHTYPE" speed="12.66" pos="0.52" lane="4/3to3/3_0" slope="0.00"/>
        <vehicle id="9" x="201.65" y="581.06" angle="180.00" type="DEFAULT_VEHTYPE" speed="13.79" pos="176.31" lane="1/2to1/3_0" slope="0.00"/>
    </timestep>
    <timestep time="364.00">
        <vehicle id="10" x="668.11" y="601.65" angle="-90.00" type="DEFAULT_VEHTYPE" speed="13.24" pos="131.89" lane="4/3to3/3_0" slope="0.00"/>
        <vehicle id="12" x="601.65" y="539.55" angle="180.00" type="DEFAULT_VEHTYPE" speed="13.42" pos="134.80" lane="3/2to3/3_0" slope="0.00"/>
        <vehicle id="13" x="601.65" y="484.73" angle="180.00" type="DEFAULT_VEHTYPE" speed="13.74" pos="79.98" lane="3/2to3/3_0" slope="0.00"/>
        <vehicle id="3" x="401.65" y="689.94" angle="180.00" type="DEFAULT_VEHTYPE" speed="13.09" pos="85.19" lane="2/3to2/4_0" slope="0.00"/>
        <vehicle id="4" x="758.46" y="201.65" angle="-90.00" type="DEFAULT_VEHTYPE" speed="13.31" pos="41.54" lane="4/1to3/1_0" slope="0.00"/>
        <vehicle id="5" x="651.70" y="198.35" angle="90.00" type="DEFAULT_VEHTYPE" speed="13.11" pos="46.95" lane="3/1to4/1_0" slope="0.00"/>
        <vehicle id="6" x="201.65" y="313.65" angle="180.00" type="DEFAULT_VEHTYPE" speed="12.92" pos="108.90" lane="1/1to1/2_0" slope="0.00"/>
        <vehicle id="7" x="352.89" y="401.65" angle="-90.00" type="DEFAULT_VEHTYPE" speed="13.79" pos="42.36" lane="2/2to1/2_0" slope="0.00"/>
        <vehicle id="8" x="786.88" y="601.65" angle="-90.00" type="DEFAULT_VEHTYPE" speed="12.60" pos="13.12" lane="4/3to3/3_0" slope="0.00"/>
        <vehicle id="9" x="201.65" y="593.95" angle="180.00" type="DEFAULT_VEHTYPE" speed="12.90" pos="189.20" lane="1/2to1/3_0" slope="0.00"/>
    </timestep>
    <timestep time="365.00">
        <vehicle id="10" x="655.50" y="601.65" angle="-90.00" type="DEFAULT_VEHTYPE" speed="12.61" pos="144.50" lane="4/3to3/3_0" slope="0.00"/>
        <vehicle id="12" x="601.65" y="553.34" angle="180.00" type="DEFAULT_VEHTYPE" speed="13.79" pos="148.59" lane="3/2to3/3_0" slope="0.00"/>
        <vehicle id="13" x="601.65" y="498.53" angle="180.00" type="DEFAULT_VEHTYPE" speed="13.80" pos="93.78" lane="3/2to3/3_0" slope="0.00"/>
        <vehicle id="3" x="401.65" y="702.99" angle="180.00" type="DEFAULT_VEHTYPE" speed="13.05" pos="98.24" lane="2/3to2/4_0" slope="0.00"/>
        <vehicle id="4" x="745.70" y="201.65" angle="-90.00" type="DEFAULT_VEHTYPE" speed="12.77" pos="54.30" lane="4/1to3/1_0" slope="0.00"/>
        <vehicle id="5" x="664.83" y="198.35" angle="90.00" type="DEFAULT_VEHTYPE" speed="13.14" pos="60.08" lane="3/1to4/1_0" slope="0.00"/>
        <vehicle id="6" x="201.65" y="327.05" angle="180.00" type="DEFAULT_VEHTYPE" speed="13.40" pos="122.30" lane="1/1to1/2_0" slope="0.00"/>
        <vehicle id="7" x="339.16" y="401.65" angle="-90.00" type="DEFAULT_VEHTYPE" speed="13.74" pos="56.09" lane="2/2to1/2_0" slope="0.00"/>
        <vehicle id="8" x="773.70" y="601.65" angle="-90.00" type="DEFAULT_VEHTYPE" speed="13.18" pos="26.30" lane="4/3to3/3_0" slope="0.00"/>
        <vehicle id="9" x="211.18" y="598.35" angle="90.00" type="DEFAULT_VEHTYPE" speed="12.73" pos="6.43" lane="1/3to2/3_0" slope="0.00"/>
    </timestep>
    <timestep time="366.00">
        <vehicle id="10" x="642.57" y="601.65" angle="-90.00" type="DEFAULT_VEHTYPE" speed="12.92" pos="157.43" lane="4/3to3/3_0" slope="0.00"/>
        <vehicle id="12" x="601.65" y="566.35" angle="180.00" type="DEFAULT_VEHTYPE" speed="13.02" pos="161.60" lane="3/2to3/3_0" slope="0.00"/>
        <vehicle id="13" x="601.65" y="511.62" angle="180.00" type="DEFAULT_VEHTYPE" speed="13.08" pos="106.87" lane="3/2to3/3_0" slope="0.00"/>
        <vehicle id="3" x="401.65" y="716.35" angle="180.00" type="DEFAULT_VEHTYPE" speed="13.35" pos="111.60" lane="2/3to2/4_0" slope="0.00"/>
        <vehicle id="4" x="732.22" y="201.65" angle="-90.00" type="DEFAULT_VEHTYPE" speed="13.48" pos="67.78" lane="4/1to3/1_0" slope="0.00"/>
        <vehicle id="5" x="677.95" y="198.35" angle="90.00" type="DEFAULT_VEHTYPE" speed="13.11" pos="73.20" lane="3/1to4/1_0" slope="0.00"/>
        <vehicle id="6" x="201.65" y="339.91" angle="180.00" type="DEFAULT_VEHTYPE" speed="12.86" pos="135.16" lane="1/1to1/2_0" slope="0.00"/>
        <vehicle id="7" x="325.61" y="401.65" angle="-90.00" type="DEFAULT_VEHTYPE" speed="13.55" pos="69.64" lane="2/2to1/2_0" slope="0.00"/>
        <vehicle id="8" x="760.38" y="601.65" angle="-90.00" type="DEFAULT_VEHTYPE" speed="13.32" pos="39.62" lane="4/3to3/3_0" slope="0.00"/>
        <vehicle id="9" x="224.30" y="598.35" angle="90.00" type="DEFAULT_VEHTYPE" speed="13.12" pos="19.55" lane="1/3to2/3_0" slope="0.00"/>
    </timestep>
    <timestep time="367.00">
        <vehicle id="10" x="628.80" y="601.65" angle="-90.00" type="DEFAULT_VEHTYPE" speed="13.78" pos="171.20" lane="4/3to3/3_0" slope="0.00"/>
        <vehicle id="12" x="601.65" y="579.20" angle="180.00" type="DEFAULT_VEHTYPE" speed="12.85" pos="174.45" lane="3/2to3/3_0" slope="0.00"/>
        <vehicle id="13" x="601.65" y="524.46" angle="180.00" type="DEFAULT_VEHTYPE" speed="12.84" pos="119.71" lane="3/2to3/3_0" slope="0.00"/>
        <vehicle id="3" x="401.65" y="729.73" angle="180.00" type="DEFAULT_VEHTYPE" speed="13.38" pos="124.98" lane="2/3to2/4_0" slope="0.00"/>
        <vehicle id="4" x="719.29" y="201.65" angle="-90.00" type="DEFAULT_VEHTYPE" speed="12.94" pos="80.71" lane="4/1to3/1_0" slope="0.00"/>
        <vehicle id="5" x="690.98" y="198.35" angle="90.00" type="DEFAULT_VEHTYPE" speed="13.03" pos="86.23" lane="3/1to4/1_0" slope="0.00"/>
        <vehicle id="6" x="201.65" y="353.65" angle="180.00" type="DEFAULT_VEHTYPE" speed="13.73" pos="148.90" lane="1/1to1/2_0" slope="0.00"/>
        <vehicle id="7" x="312.28" y="401.65" angle="-90.00" type="DEFAULT_VEHTYPE" speed="13.33" pos="82.97" lane="2/2to1/2_0" slope="0.00"/>
        <vehicle id="8" x="746.68" y="601.65" angle="-90.00" type="DEFAULT_VEHTYPE" speed="13.70" pos="53.32" lane="4/3to3/3_0" slope="0.00"/>
        <vehicle id="9" x="237.73" y="598.35" angle="90.00" type="DEFAULT_VEHTYPE" speed="13.43" pos="32.98" lane="1/3to2/3_0" slope="0.00"/>
    </timestep>
    <timestep time="368.00">
        <vehicle id="10" x="619.01" y="601.65" angle="-90.00" type="DEFAULT_VEHTYPE" speed="9.78" pos="180.99" lane="4/3to3/3_0" slope="0.00"/>
        <vehicle id="12" x="601.65" y="591.88" angle="180.00" type="DEFAULT_VEHTYPE" speed="12.68" pos="187.13" lane="3/2to3/3_0" slope="0.00"/>
        <vehicle id="13" x="601.65" y="537.38" angle="180.00" type="DEFAULT_VEHTYPE" speed="12.92" pos="132.63" lane="3/2to3/3_0" slope="0.00"/>
        <vehicle id="3" x="401.65" y="742.39" angle="180.00" type="DEFAULT_VEHTYPE" speed="12.66" pos="137.64" lane="2/3to2/4_0" slope="0.00"/>
        <vehicle id="4" x="705.97" y="201.65" angle="-90.00" type="DEFAULT_VEHTYPE" speed="13.32" pos="94.03" lane="4/1to3/1_0" slope="0.00"/>
        <vehicle id="5" x="704.59" y="198.35" angle="90.00" type="DEFAULT_VEHTYPE" speed="13.61" pos="99.84" lane="3/1to4/1_0" slope="0.00"/>
        <vehicle id="6" x="201.65" y="367.23" angle="180.00" type="DEFAULT_VEHTYPE" speed="13.59" pos="162.48" lane="1/1to1/2_0" slope="0.00"/>
        <vehicle id="7" x="299.66" y="401.65" angle="-90.00" type="DEFAULT_VEHTYPE" speed="12.62" pos="95.59" lane="2/2to1/2_0" slope="0.00"/>
        <vehicle id="8" x="733.34" y="601.65" angle="-90.00" type="DEFAULT_VEHTYPE" speed="13.34" pos="66.66" lane="4/3to3/3_0" slope="0.00"/>
        <vehicle id="9" x="250.94" y="598.35" angle="90.00" type="DEFAULT_VEHTYPE" speed="13.20" pos="46.19" lane="1/3to2/3_0" slope="0.00"/>
    </timestep>
    <timestep time="369.00">
        <vehicle id="10" x="613.11" y="601.65" angle="-90.00" type="DEFAULT_VEHTYPE" speed="5.90" pos="186.89" lane="4/3to3/3_0" slope="0.00"/>
        <vehicle id="12" x="609.71" y="598.35" angle="90.07" type="DEFAULT_VEHTYPE" speed="13.33" pos="4.96" lane="3/3to4/3_0" slope="0.00"/>
        <vehicle id="13" x="601.65" y="550.67" angle="180.00" type="DEFAULT_VEHTYPE" speed="13.29" pos="145.92" lane="3/2to3/3_0" slope="0.00"/>
        <vehicle id="3" x="401.65" y="755.31" angle="180.00" type="DEFAULT_VEHTYPE" speed="12.92" pos="150.56" lane="2/3to2/4_0" slope="0.00"/>
        <vehicle id="4" x="692.42" y="201.65" angle="-90.00" type="DEFAULT_VEHTYPE" speed="13.55" pos="107.58" lane="4/1to3/1_0" slope="0.00"/>
        <vehicle id="5" x="717.87" y="198.35" angle="90.00" type="DEFAULT_VEHTYPE" speed="13.28" pos="113.12" lane="3/1to4/1_0" slope="0.00"/>
        <vehicle id="6" x="201.65" y="379.89" angle="180.00" type="DEFAULT_VEHTYPE" speed="12.66" pos="175.14" lane="1/1to1/2_0" slope="0.00"/>
        <vehicle id="7" x="286.79" y="401.65" angle="-90.00" type="DEFAULT_VEHTYPE" speed="12.86" pos="108.46" lane="2/2to1/2_0" slope="0.00"/>
        <vehicle id="8" x="720.60" y="601.65" angle="-90.00" type="DEFAULT_VEHTYPE" speed="12.74" pos="79.40" lane="4/3to3/3_0" slope="0.00"/>
        <vehicle id="9" x="263.67" y="598.35" angle="90.00" type="DEFAULT_VEHTYPE" speed="12.73" pos="58.92" lane="1/3to2/3_0" slope="0.00"/>
    </timestep>
    <timestep time="370.00">
        <vehicle id="10" x="609.51" y="601.65" angle="-90.00" type="DEFAULT_VEHTYPE" speed="3.60" pos="190.49" lane="4/3to3/3_0" slope="0.00"/>
        <vehicle id="12" x="623.16" y="598.35" angle="90.00" type="DEFAULT_VEHTYPE" speed="13.45" pos="18.41" lane="3/3to4/3_0" slope="0.00"/>
        <vehicle id="13" x="601.65" y="563.67" angle="180.00" type="DEFAULT_VEHTYPE" speed="13.00" pos="158.92" lane="3/2to3/3_0" slope="0.00"/>
        <vehicle id="3" x="401.65" y="769.10" angle="180.00" type="DEFAULT_VEHTYPE" speed="13.79" pos="164.35" lane="2/3to2/4_0" slope="0.00"/>
        <vehicle id="4" x="678.78" y="201.65" angle="-90.00" type="DEFAULT_VEHTYPE" speed="13.64" pos="121.22" lane="4/1to3/1_0" slope="0.00"/>
        <vehicle id="5" x="730.89" y="198.35" angle="90.00" type="DEFAULT_VEHTYPE" speed="13.03" pos="126.14" lane="3/1to4/1_0" slope="0.00"/>
        <vehicle id="6" x="201.65" y="392.93" angle="180.00" type="DEFAULT_VEHTYPE" speed="13.04" pos="188.18" lane="1/1to1/2_0" slope="0.00"/>
        <vehicle id="7" x="273.30" y="401.65" angle="-90.00" type="DEFAULT_VEHTYPE" speed="13.49" pos="121.95" lane="2/2to1/2_0" slope="0.00"/>
        <vehicle id="8" x="707.49" y="601.65" angle="-90.00" type="DEFAULT_VEHTYPE" speed="13.11" pos="92.51" lane="4/3to3/3_0" slope="0.00"/>
        <vehicle id="9" x="276.89" y="598.35" angle="90.00" type="DEFAULT_VEHTYPE" speed="13.22" pos="72.14" lane="1/3to2/3_0" slope="0.00"/>
    </timestep>
    <timestep time="371.00">
        <vehicle id="10" x="604.15" y="601.56" angle="-89.02" type="DEFAULT_VEHTYPE" speed="5.37" pos="0.60" lane=":3/3_6_0" slope="0.00"/>
        <vehicle id="12" x="635.82" y="598.35" angle="90.00" type="DEFAULT_VEHTYPE" speed="12.66" pos="31.07" lane="3/3to4/3_0" slope="0.00"/>
        <vehicle id="13" x="601.65" y="577.45" angle="180.00" type="DEFAULT_VEHTYPE" speed="13.78" pos="172.70" lane="3/2to3/3_0" slope="0.00"/>
        <vehicle id="3" x="401.65" y="781.73" angle="180.00" type="DEFAULT_VEHTYPE" speed="12.63" pos="176.98" lane="2/3to2/4_0" slope="0.00"/>
        <vehicle id="4" x="665.87" y="201.65" angle="-90.00" type="DEFAULT_VEHTYPE" speed="12.91" pos="134.13" lane="4/1to3/1_0" slope="0.00"/>
        <vehicle id="5" x="743.63" y="198.35" angle="90.00" type="DEFAULT_VEHTYPE" speed="12.73" pos="138.88" lane="3/1to4/1_0" slope="0.00"/>
        <vehicle id="6" x="201.65" y="406.67" angle="180.00" type="DEFAULT_VEHTYPE" speed="13.73" pos="1.92" lane="1/2to1/3_0" slope="0.00"/>
        <vehicle id="7" x="260.03" y="401.65" angle="-90.00" type="DEFAULT_VEHTYPE" speed="13.28" pos="135.22" lane="2/2to1/2_0" slope="0.00"/>
        <vehicle id="8" x="694.68" y="601.65" angle="-90.00" type="DEFAULT_VEHTYPE" speed="12.81" pos="105.32" lane="4/3to3/3_0" slope="0.00"/>
        <vehicle id="9" x="290.45" y="598.35" angle="90.00" type="DEFAULT_VEHTYPE" speed="13.56" pos="85.70" lane="1/3to2/3_0" slope="0.00"/>
    </timestep>
    <timestep time="372.00">
        <vehicle id="10" x="598.61" y="597.07" angle="-35.92" type="DEFAULT_VEHTYPE" speed="7.88" pos="8.48" lane=":3/3_6_0" slope="0.00"/>
        <vehicle id="12" x="649.61" y="598.35" angle="90.00" type="DEFAULT_VEHTYPE" speed="13.79" pos="44.86" lane="3/3to4/3_0" slope="0.00"/>
        <vehicle id="13" x="601.65" y="590.79" angle="180.00" type="DEFAULT_VEHTYPE" speed="13.34" pos="186.04" lane="3/2to3/3_0" slope="0.00"/>
        <vehicle id="3" x="401.65" y="795.20" angle="180.00" type="DEFAULT_VEHTYPE" speed="13.46" pos="190.45" lane="2/3to2/4_0" slope="0.00"/>
        <vehicle id="4" x="652.45" y="201.65" angle="-90.00" type="DEFAULT_VEHTYPE" speed="13.43" pos="147.55" lane="4/1to3/1_0" slope="0.00"/>
        <vehicle id="5" x="757.36" y="198.35" angle="90.00" type="DEFAULT_VEHTYPE" speed="13.74" pos="152.61" lane="3/1to4/1_0" slope="0.00"/>
        <vehicle id="6" x="201.65" y="419.37" angle="180.00" type="DEFAULT_VEHTYPE" speed="12.71" pos="14.62" lane="1/2to1/3_0" slope="0.00"/>
        <vehicle id="7" x="247.21" y="401.65" angle="-90.00" type="DEFAULT_VEHTYPE" speed="12.82" pos="148.04" lane="2/2to1/2_0" slope="0.00"/>
        <vehicle id="8" x="681.89" y="601.65" angle="-90.00" type="DEFAULT_VEHTYPE" speed="12.79" pos="118.11" lane="4/3to3/3_0" slope="0.00"/>
        <vehicle id="9" x="303.10" y="598.35" angle="90.00" type="DEFAULT_VEHTYPE" speed="12.65" pos="98.35" lane="1/3to2/3_0" slope="0.00"/>
    </timestep>
    <timestep time="373.00">
        <vehicle id="10" x="598.35" y="587.78" angle="0.00" type="DEFAULT_VEHTYPE" speed="9.31" pos="7.47" lane="3/3to3/2_0" slope="0.00"/>
        <vehicle id="12" x="662.77" y="598.35" angle="90.00" type="DEFAULT_VEHTYPE" speed="13.15" pos="58.02" lane="3/3to4/3_0" slope="0.00"/>
        <vehicle id="13" x="608.87" y="598.35" angle="91.41" type="DEFAULT_VEHTYPE" speed="13.58" pos="4.12" lane="3/3to4/3_0" slope="0.00"/>
        <vehicle id="3" x="398.35" y="796.16" angle="-7.65" type="DEFAULT_VEHTYPE" speed="13.46" pos="3.84" lane="2/4to2/3_0" slope="0.00"/>
        <vehicle id="4" x="639.73" y="201.65" angle="-90.00" type="DEFAULT_VEHTYPE" speed="12.72" pos="160.27" lane="4/1to3/1_0" slope="0.00"/>
        <vehicle id="5" x="770.34" y="198.35" angle="90.00" type="DEFAULT_VEHTYPE" speed="12.98" pos="165.59" lane="3/1to4/1_0" slope="0.00"/>
        <vehicle id="6" x="201.65" y="433.00" angle="180.00" type="DEFAULT_VEHTYPE" speed="13.63" pos="28.25" lane="1/2to1/3_0" slope="0.00"/>
        <vehicle id="7" x="233.88" y="401.65" angle="-90.00" type="DEFAULT_VEHTYPE" speed="13.33" pos="161.37" lane="2/2to1/2_0" slope="0.00"/>
        <vehicle id="8" x="668.56" y="601.65" angle="-90.00" type="DEFAULT_VEHTYPE" speed="13.33" pos="131.44" lane="4/3to3/3_0" slope="0.00"/>
        <vehicle id="9" x="316.99" y="598.35" angle="90.00" type="DEFAULT_VEHTYPE" speed="13.89" pos="112.24" lane="1/3to2/3_0" slope="0.00"/>
    </timestep>
    <timestep time="374.00">
        <vehicle id="10" x="598.35" y="576.81" angle="0.00" type="DEFAULT_VEHTYPE" speed="10.97" pos="18.44" lane="3/3to3/2_0" slope="0.00"/>
        <vehicle id="12" x="675.54" y="598.35" angle="90.00" type="DEFAULT_VEHTYPE" speed="12.77" pos="70.79" lane="3/3to4/3_0" slope="0.00"/>
        <vehicle id="13" x="622.37" y="598.35" angle="90.00" type="DEFAULT_VEHTYPE" speed="13.50" pos="17.62" lane="3/3to4/3_0" slope="0.00"/>
        <vehicle id="3" x="398.35" y="783.25" angle="0.00" type="DEFAULT_VEHTYPE" speed="12.91" pos="16.75" lane="2/4to2/3_0" slope="0.00"/>
        <vehicle id="4" x="626.75" y="201.65" angle="-90.00" type="DEFAULT_VEHTYPE" speed="12.98" pos="173.25" lane="4/1to3/1_0" slope="0.00"/>
        <vehicle id="5" x="784.16" y="198.35" angle="90.00" type="DEFAULT_VEHTYPE" speed="13.82" pos="179.41" lane="3/1to4/1_0" slope="0.00"/>
        <vehicle id="6" x="201.65" y="446.63" angle="180.00" type="DEFAULT_VEHTYPE" speed="13.63" pos="41.88" lane="1/2to1/3_0" slope="0.00"/>
        <vehicle id="7" x="223.42" y="401.65" angle="-90.00" type="DEFAULT_VEHTYPE" speed="10.46" pos="171.83" lane="2/2to1/2_0" slope="0.00"/>
        <vehicle id="8" x="654.87" y="601.65" angle="-90.00" type="DEFAULT_VEHTYPE" speed="13.69" pos="145.13" lane="4/3to3/3_0" slope="0.00"/>
        <vehicle id="9" x="330.29" y="598.35" angle="90.00" type="DEFAULT_VEHTYPE" speed="13.30" pos="125.54" lane="1/3to2/3_0" slope="0.00"/>
    </timestep>
    <timestep time="375.00">
        <vehicle id="10" x="598.35" y="564.47" angle="0.00" type="DEFAULT_VEHTYPE" speed="12.34" pos="30.78" lane="3/3to3/2_0" slope="0.00"/>
        <vehicle id="12" x="689.34" y="598.35" angle="90.00" type="DEFAULT_VEHTYPE" speed="13.80" pos="84.59" lane="3/3to4/3_0" slope="0.00"/>
        <vehicle id="13" x="634.98" y="598.35" angle="90.00" type="DEFAULT_VEHTYPE" speed="12.61" pos="30.23" lane="3/3to4/3_0" slope="0.00"/>
        <vehicle id="3" x="398.35" y="769.86" angle="0.00" type="DEFAULT_VEHTYPE" speed="13.38" pos="30.14" lane="2/4to2/3_0" slope="0.00"/>
        <vehicle id="4" x="617.77" y="201.65" angle="-90.00" type="DEFAULT_VEHTYPE" speed="8.97" pos="182.23" lane="4/1to3/1_0" slope="0.00"/>
        <vehicle id="5" x="797.41" y="198.35" angle="90.00" type="DEFAULT_VEHTYPE" speed="13.26" pos="192.66" lane="3/1to4/1_0" slope="0.00"/>
        <vehicle id="6" x="201.65" y="460.44" angle="180.00" type="DEFAULT_VEHTYPE" speed="13.81" pos="55.69" lane="1/2to1/3_0" slope="0.00"/>
        <vehicle id="7" x="215.48" y="401.65" angle="-90.00" type="DEFAULT_VEHTYPE" speed="7.94" pos="179.77" lane="2/2to1/2_0" slope="0.00"/>
        <vehicle id="8" x="641.05" y="601.65" angle="-90.00" type="DEFAULT_VEHTYPE" speed="13.83" pos="158.95" lane="4/3to3/3_0" slope="0.00"/>
        <vehicle id="9" x="343.39" y="598.35" angle="90.00" type="DEFAULT_VEHTYPE" speed="13.10" pos="138.64" lane="1/3to2/3_0" slope="0.00"/>
    </timestep>
    <timestep time="376.00">
        <vehicle id="10" x="598.35" y="551.61" angle="0.00" type="DEFAULT_VEHTYPE" speed="12.86" pos="43.64" lane="3/3to3/2_0" slope="0.00"/>
        <vehicle id="12" x="702.67" y="598.35" angle="90.00" type="DEFAULT_VEHTYPE" speed="13.33" pos="97.92" lane="3/3to4/3_0" slope="0.00"/>
        <vehicle id="13" x="647.73" y="598.35" angle="90.00" type="DEFAULT_VEHTYPE" speed="12.75" pos="42.98" lane="3/3to4/3_0" slope="0.00"/>
        <vehicle id="3" x="398.35" y="756.79" angle="0.00" type="DEFAULT_VEHTYPE" speed="13.07" pos="43.21" lane="2/4to2/3_0" slope="0.00"/>
        <vehicle id="4" x="612.68" y="201.65" angle="-90.00" type="DEFAULT_VEHTYPE" speed="5.09" pos="187.32" lane="4/1to3/1_0" slope="0.00"/>
        <vehicle id="5" x="794.78" y="201.65" angle="-90.00" type="DEFAULT_VEHTYPE" speed="12.62" pos="5.22" lane="4/1to3/1_0" slope="0.00"/>
        <vehicle id="6" x="201.65" y="474.19" angle="180.00" type="DEFAULT_VEHTYPE" speed="13.75" pos="69.44" lane="1/2to1/3_0" slope="0.00"/>
        <vehicle id="7" x="210.68" y="401.65" angle="-90.00" type="DEFAULT_VEHTYPE" speed="4.80" pos="184.57" lane="2/2to1/2_0" slope="0.00"/>
        <vehicle id="8" x="628.81" y="601.65" angle="-90.00" type="DEFAULT_VEHTYPE" speed="12.23" pos="171.19" lane="4/3to3/3_0" slope="0.00"/>
        <vehicle id="9" x="356.76" y="598.35" angle="90.00" type="DEFAULT_VEHTYPE" speed="13.36" pos="152.01" lane="1/3to2/3_0" slope="0.00"/>
    </timestep>
    <timestep time="377.00">
        <vehicle id="10" x="598.35" y="538.13" angle="0.00" type="DEFAULT_VEHTYPE" speed="13.48" pos="57.12" lane="3/3to3/2_0" slope="0.00"/>
        <vehicle id="12" x="715.48" y="598.35" angle="90.00" type="DEFAULT_VEHTYPE" speed="12.81" pos="110.73" lane="3/3to4/3_0" slope="0.00"/>
        <vehicle id="13" x="661.03" y="598.35" angle="90.00" type="DEFAULT_VEHTYPE" speed="13.30" pos="56.28" lane="3/3to4/3_0" slope="0.00"/>
        <vehicle id="3" x="398.35" y="743.73" angle="0.00" type="DEFAULT_VEHTYPE" speed="13.06" pos="56.27" lane="2/4to2/3_0" slope="0.00"/>
        <vehicle id="4" x="610.06" y="201.65" angle="-90.00" type="DEFAULT_VEHTYPE" speed="2.62" pos="189.94" lane="4/1to3/1_0" slope="0.00"/>
        <vehicle id="5" x="781.27" y="201.65" angle="-90.00" type="DEFAULT_VEHTYPE" speed="13.51" pos="18.73" lane="4/1to3/1_0" slope="0.00"/>
        <vehicle id="6" x="201.65" y="487.23" angle="180.00" type="DEFAULT_VEHTYPE" speed="13.04" pos="82.48" lane="1/2to1/3_0" slope="0.00"/>
        <vehicle id="7" x="204.27" y="401.65" angle="-90.00" type="DEFAULT_VEHTYPE" speed="6.40" pos="0.48" lane=":1/2_5_0" slope="0.00"/>
        <vehicle id="8" x="619.51" y="601.65" angle="-90.00" type="DEFAULT_VEHTYPE" speed="9.31" pos="180.49" lane="4/3to3/3_0" slope="0.00"/>
        <vehicle id="9" x="369.73" y="598.35" angle="90.00" type="DEFAULT_VEHTYPE" speed="12.97" pos="164.98" lane="1/3to2/3_0" slope="0.00"/>
    </timestep>
    <timestep time="378.00">
        <vehicle id="10" x="598.35" y="525.37" angle="0.00" type="DEFAULT_VEHTYPE" speed="12.75" pos="69.88" lane="3/3to3/2_0" slope="0.00"/>
        <vehicle id="12" x="728.53" y="598.35" angle="90.00" type="DEFAULT_VEHTYPE" speed="13.05" pos="123.78" lane="3/3to4/3_0" slope="0.00"/>
        <vehicle id="13" x="674.37" y="598.35" angle="90.00" type="DEFAULT_VEHTYPE" speed="13.34" pos="69.62" lane="3/3to4/3_0" slope="0.00"/>
        <vehicle id="3" x="398.35" y="730.82" angle="0.00" type="DEFAULT_VEHTYPE" speed="12.92" pos="69.18" lane="2/4to2/3_0" slope="0.00"/>
        <vehicle id="4" x="605.14" y="201.65" angle="-90.00" type="DEFAULT_VEHTYPE" speed="4.92" pos="194.86" lane="4/1to3/1_0" slope="0.00"/>
        <vehicle id="5" x="768.56" y="201.65" angle="-90.00" type="DEFAULT_VEHTYPE" speed="12.71" pos="31.44" lane="4/1to3/1_0" slope="0.00"/>
        <vehicle id="6" x="201.65" y="501.02" angle="180.00" type="DEFAULT_VEHTYPE" speed="13.80" pos="96.27" lane="1/2to1/3_0" slope="0.00"/>
        <vehicle id="7" x="196.16" y="401.65" angle="-90.00" type="DEFAULT_VEHTYPE" speed="8.11" pos="8.59" lane=":1/2_5_0" slope="0.00"/>
        <vehicle id="8" x="613.64" y="601.65" angle="-90.00" type="DEFAULT_VEHTYPE" speed="5.87" pos="186.36" lane="4/3to3/3_0" slope="0.00"/>
        <vehicle id="9" x="379.60" y="598.35" angle="90.00" type="DEFAULT_VEHTYPE" speed="9.87" pos="174.85" lane="1/3to2/3_0" slope="0.00"/>
    </timestep>
    <timestep time="379.00">
        <vehicle id="10" x="598.35" y="512.27" angle="0.00" type="DEFAULT_VEHTYPE" speed="13.11" pos="82.98" lane="3/3to3/2_0" slope="0.00"/>
        <vehicle id="12" x="742.09" y="598.35" angle="90.00" type="DEFAULT_VEHTYPE" speed="13.57" pos="137.34" lane="3/3to4/3_0" slope="0.00"/>
        <vehicle id="13" x="688.17" y="598.35" angle="90.00" type="DEFAULT_VEHTYPE" speed="13.80" pos="83.42" lane="3/3to4/3_0" slope="0.00"/>
        <vehicle id="3" x="398.35" y="717.14" angle="0.00" type="DEFAULT_VEHTYPE" speed="13.68" pos="82.86" lane="2/4to2/3_0" slope="0.00"/>
        <vehicle id="4" x="601.65" y="206.72" angle="-164.88" type="DEFAULT_VEHTYPE" speed="7.35" pos="1.97" lane="3/1to3/2_0" slope="0.00"/>
        <vehicle id="5" x="754.68" y="201.65" angle="-90.00" type="DEFAULT_VEHTYPE" speed="13.89" pos="45.32" lane="4/1to3/1_0" slope="0.00"/>
        <vehicle id="6" x="201.65" y="514.07" angle="180.00" type="DEFAULT_VEHTYPE" speed="13.04" pos="109.32" lane="1/2to1/3_0" slope="0.00"/>
        <vehicle id="7" x="186.61" y="401.65" angle="-90.00" type="DEFAULT_VEHTYPE" speed="9.55" pos="8.64" lane="1/2to0/2_0" slope="0.00"/>
        <vehicle id="8" x="609.59" y="601.65" angle="-90.00" type="DEFAULT_VEHTYPE" speed="4.06" pos="190.41" lane="4/3to3/3_0" slope="0.00"/>
        <vehicle id="9" x="386.06" y="598.35" angle="90.00" type="DEFAULT_VEHTYPE" speed="6.46" pos="181.31" lane="1/3to2/3_0" slope="0.00"/>
    </timestep>
    <timestep time="380.00">
        <vehicle id="10" x="598.35" y="498.74" angle="0.00" type="DEFAULT_VEHTYPE" speed="13.53" pos="96.51" lane="3/3to3/2_0" slope="0.00"/>
        <vehicle id="12" x="755.48" y="598.35" angle="90.00" type="DEFAULT_VEHTYPE" speed="13.39" pos="150.73" lane="3/3to4/3_0" slope="0.00"/>
        <vehicle id="13" x="701.92" y="598.35" angle="90.00" type="DEFAULT_VEHTYPE" speed="13.75" pos="97.17" lane="3/3to4/3_0" slope="0.00"/>
        <vehicle id="3" x="398.35" y="704.15" angle="0.00" type="DEFAULT_VEHTYPE" speed="12.98" pos="95.85" lane="2/4to2/3_0" slope="0.00"/>
        <vehicle id="4" x="601.65" y="216.52" angle="180.00" type="DEFAULT_VEHTYPE" speed="9.81" pos="11.77" lane="3/1to3/2_0" slope="0.00"/>
        <vehicle id="5" x="741.68" y="201.65" angle="-90.00" type="DEFAULT_VEHTYPE" speed="12.99" pos="58.32" lane="4/1to3/1_0" slope="0.00"/>
        <vehicle id="6" x="201.65" y="527.21" angle="180.00" type="DEFAULT_VEHTYPE" speed="13.14" pos="122.46" lane="1/2to1/3_0" slope="0.00"/>
        <vehicle id="7" x="175.57" y="401.65" angle="-90.00" type="DEFAULT_VEHTYPE" speed="11.04" pos="19.68" lane="1/2to0/2_0" slope="0.00"/>
        <vehicle id="8" x="603.94" y="601.53" angle="-88.67" type="DEFAULT_VEHTYPE" speed="5.66" pos="0.82" lane=":3/3_6_0" slope="0.00"/>
        <vehicle id="9" x="390.48" y="598.35" angle="90.00" type="DEFAULT_VEHTYPE" speed="4.41" pos="185.73" lane="1/3to2/3_0" slope="0.00"/>
    </timestep>
    <timestep time="381.00">
        <vehicle id="10" x="598.35" y="485.32" angle="0.00" type="DEFAULT_VEHTYPE" speed="13.42" pos="109.93" lane="3/3to3/2_0" slope="0.00"/>
        <vehicle id="12" x="769.06" y="598.35" angle="90.00" type="DEFAULT_VEHTYPE" speed="13.58" pos="164.31" lane="3/3to4/3_0" slope="0.00"/>
        <vehicle id="13" x="715.14" y="598.35" angle="90.00" type="DEFAULT_VEHTYPE" speed="13.22" pos="110.39" lane="3/3to4/3_0" slope="0.00"/>
        <vehicle id="3" x="398.35" y="691.36" angle="0.00" type="DEFAULT_VEHTYPE" speed="12.79" pos="108.64" lane="2/4to2/3_0" slope="0.00"/>
        <vehicle id="4" x="601.65" y="228.20" angle="180.00" type="DEFAULT_VEHTYPE" speed="11.67" pos="23.45" lane="3/1to3/2_0" slope="0.00"/>
        <vehicle id="5" x="727.82" y="201.65" angle="-90.00" type="DEFAULT_VEHTYPE" speed="13.86" pos="72.18" lane="4/1to3/1_0" slope="0.00"/>
        <vehicle id="6" x="201.65" y="540.42" angle="180.00" type="DEFAULT_VEHTYPE" speed="13.21" pos="135.67" lane="1/2to1/3_0" slope="0.00"/>
        <vehicle id="7" x="162.15" y="401.65" angle="-90.00" type="DEFAULT_VEHTYPE" speed="13.42" pos="33.10" lane="1/2to0/2_0" slope="0.00"/>
        <vehicle id="8" x="598.56" y="596.70" angle="-31.99" type="DEFAULT_VEHTYPE" speed="8.03" pos="8.86" lane=":3/3_6_0" slope="0.00"/>
        <vehicle id="9" x="396.65" y="598.55" angle="92.30" type="DEFAULT_VEHTYPE" speed="6.19" pos="1.42" lane=":2/3_14_0" slope="0.00"/>
    </timestep>
    <timestep time="382.00">
        <vehicle id="10" x="598.35" y="472.64" angle="0.00" type="DEFAULT_VEHTYPE" speed="12.68" pos="122.61" lane="3/3to3/2_0" slope="0.00"/>
        <vehicle id="12" x="782.12" y="598.35" angle="90.00" type="DEFAULT_VEHTYPE" speed="13.06" pos="177.37" lane="3/3to4/3_0" slope="0.00"/>
        <vehicle id="13" x="729.03" y="598.35" angle="90.00" type="DEFAULT_VEHTYPE" speed="13.89" pos="124.28" lane="3/3to4/3_0" slope="0.00"/>
        <vehicle id="3" x="398.35" y="677.51" angle="0.00" type="DEFAULT_VEHTYPE" speed="13.85" pos="122.49" lane="2/4to2/3_0" slope="0.00"/>
        <vehicle id="4" x="601.65" y="241.76" angle="180.00" type="DEFAULT_VEHTYPE" speed="13.57" pos="37.01" lane="3/1to3/2_0" slope="0.00"/>
        <vehicle id="5" x="715.13" y="201.65" angle="-90.00" type="DEFAULT_VEHTYPE" speed="12.69" pos="84.87" lane="4/1to3/1_0" slope="0.00"/>
        <vehicle id="6" x="201.65" y="554.22" angle="180.00" type="DEFAULT_VEHTYPE" speed="13.80" pos="149.47" lane="1/2to1/3_0" slope="0.00"/>
        <vehicle id="7" x="148.31" y="401.65" angle="-90.00" type="DEFAULT_VEHTYPE" speed="13.85" pos="46.94" lane="1/2to0/2_0" slope="0.00"/>
        <vehicle id="8" x="598.35" y="586.67" angle="0.00" type="DEFAULT_VEHTYPE" speed="10.05" pos="8.58" lane="3/3to3/2_0" slope="0.00"/>
        <vehicle id="9" x="401.55" y="604.08" angle="156.06" type="DEFAULT_VEHTYPE" speed="8.22" pos="9.64" lane=":2/3_14_0" slope="0.00"/>
    </timestep>
    <timestep time="383.00">
        <vehicle id="10" x="598.35" y="459.61" angle="0.00" type="DEFAULT_VEHTYPE" speed="13.03" pos="135.64" lane="3/3to3/2_0" slope="0.00"/>
        <vehicle id="12" x="794.79" y="598.35" angle="90.00" type="DEFAULT_VEHTYPE" speed="12.67" pos="190.04" lane="3/3to4/3_0" slope="0.00"/>
        <vehicle id="13" x="741.97" y="598.35" angle="90.00" type="DEFAULT_VEHTYPE" speed="12.94" pos="137.22" lane="3/3to4/3_0" slope="0.00"/>
        <vehicle id="3" x="398.35" y="664.75" angle="0.00" type="DEFAULT_VEHTYPE" speed="12.76" pos="135.25" lane="2/4to2/3_0" slope="0.00"/>
        <vehicle id="4" x="601.65" y="255.62" angle="180.00" type="DEFAULT_VEHTYPE" speed="13.85" pos="50.87" lane="3/1to3/2_0" slope="0.00"/>
        <vehicle id="5" x="702.33" y="201.65" angle="-90.00" type="DEFAULT_VEHTYPE" speed="12.80" pos="97.67" lane="4/1to3/1_0" slope="0.00"/>
        <vehicle id="6" x="201.65" y="567.61" angle="180.00" type="DEFAULT_VEHTYPE" speed="13.39" pos="162.86" lane="1/2to1/3_0" slope="0.00"/>
        <vehicle id="7" x="135.10" y="401.65" angle="-90.00" type="DEFAULT_VEHTYPE" speed="13.21" pos="60.15" lane="1/2to0/2_0" slope="0.00"/>
        <vehicle id="8" x="598.35" y="574.93" angle="0.00" type="DEFAULT_VEHTYPE" speed="11.74" pos="20.32" lane="3/3to3/2_0" slope="0.00"/>
        <vehicle id="9" x="401.65" y="613.61" angle="180.00" type="DEFAULT_VEHTYPE" speed="9.54" pos="8.86" lane="2/3to2/4_0" slope="0.00"/>
    </timestep>
    <timestep time="384.00">
        <vehicle id="10" x="598.35" y="446.40" angle="0.00" type="DEFAULT_VEHTYPE" speed="13.21" pos="148.85" lane="3/3to3/2_0" slope="0.00"/>
        <vehicle id="12" x="796.96" y="601.65" angle="-105.46" type="DEFAULT_VEHTYPE" speed="13.08" pos="3.04" lane="4/3to3/3_0" slope="0.00"/>
        <vehicle id="13" x="754.80" y="598.35" angle="90.00" type="DEFAULT_VEHTYPE" speed="12.83" pos="150.05" lane="3/3to4/3_0" slope="0.00"/>
        <vehicle id="3" x="398.35" y="651.39" angle="0.00" type="DEFAULT_VEHTYPE" speed="13.37" pos="148.61" lane="2/4to2/3_0" slope="0.00"/>
        <vehicle id="4" x="601.65" y="269.33" angle="180.00" type="DEFAULT_VEHTYPE" speed="13.71" pos="64.58" lane="3/1to3/2_0" slope="0.00"/>
        <vehicle id="5" x="689.63" y="201.65" angle="-90.00" type="DEFAULT_VEHTYPE" speed="12.70" pos="110.37" lane="4/1to3/1_0" slope="0.00"/>
        <vehicle id="6" x="201.65" y="580.56" angle="180.00" type="DEFAULT_VEHTYPE" speed="12.95" pos="175.81" lane="1/2to1/3_0" slope="0.00"/>
        <vehicle id="7" x="121.23" y="401.65" angle="-90.00" type="DEFAULT_VEHTYPE" speed="13.87" pos="74.02" lane="1/2to0/2_0" slope="0.00"/>
        <vehicle id="8" x="598.35" y="561.55" angle="0.00" type="DEFAULT_VEHTYPE" speed="13.38" pos="33.70" lane="3/3to3/2_0" slope="0.00"/>
        <vehicle id="9" x="401.65" y="624.56" angle="180.00" type="DEFAULT_VEHTYPE" speed="10.95" pos="19.81" lane="2/3to2/4_0" slope="0.00"/>
    </timestep>
    <timestep time="385.00">
        <vehicle id="10" x="598.35" y="433.47" angle="0.00" type="DEFAULT_VEHTYPE" speed="12.93" pos="161.78" lane="3/3to3/2_0" slope="0.00"/>
        <vehicle id="12" x="783.62" y="601.65" angle="-90.00" type="DEFAULT_VEHTYPE" speed="13.33" pos="16.38" lane="4/3to3/3_0" slope="0.00"/>
        <vehicle id="13" x="768.39" y="598.35" angle="90.00" type="DEFAULT_VEHTYPE" speed="13.60" pos="163.64" lane="3/3to4/3_0" slope="0.00"/>
        <vehicle id="3" x="398.35" y="637.52" angle="0.00" type="DEFAULT_VEHTYPE" speed="13.87" pos="162.48" lane="2/4to2/3_0" slope="0.00"/>
        <vehicle id="4" x="601.65" y="283.01" angle="180.00" type="DEFAULT_VEHTYPE" speed="13.68" pos="78.26" lane="3/1to3/2_0" slope="0.00"/>
        <vehicle id="5" x="676.93" y="201.65" angle="-90.00" type="DEFAULT_VEHTYPE" speed="12.70" pos="123.07" lane="4/1to3/1_0" slope="0.00"/>
        <vehicle id="6" x="201.65" y="594.16" angle="180.00" type="DEFAULT_VEHTYPE" speed="13.60" pos="189.41" lane="1/2to1/3_0" slope="0.00"/>
        <vehicle id="7" x="108.36" y="401.65" angle="-90.00" type="DEFAULT_VEHTYPE" speed="12.86" pos="86.89" lane="1/2to0/2_0" slope="0.00"/>
        <vehicle id="8" x="598.35" y="547.68" angle="0.00" type="DEFAULT_VEHTYPE" speed="13.87" pos="47.57" lane="3/3to3/2_0" slope="0.00"/>
        <vehicle id="9" x="401.65" y="637.78" angle="180.00" type="DEFAULT_VEHTYPE" speed="13.22" pos="33.03" lane="2/3to2/4_0" slope="0.00"/>
    </timestep>
    <timestep time="386.00">
        <vehicle id="10" x="598.35" y="419.79" angle="0.00" type="DEFAULT_VEHTYPE" speed="13.69" pos="175.46" lane="3/3to3/2_0" slope="0.00"/>
        <vehicle id="12" x="770.84" y="601.65" angle="-90.00" type="DEFAULT_VEHTYPE" speed="12.79" pos="29.16" lane="4/3to3/3_0" slope="0.00"/>
        <vehicle id="13" x="781.33" y="598.35" angle="90.00" type="DEFAULT_VEHTYPE" speed="12.93" pos="176.58" lane="3/3to4/3_0" slope="0.00"/>
        <vehicle id="3" x="398.35" y="624.77" angle="0.00" type="DEFAULT_VEHTYPE" speed="12.75" pos="175.23" lane="2/4to2/3_0" slope="0.00"/>
        <vehicle id="4" x="601.65" y="296.15" angle="180.00" type="DEFAULT_VEHTYPE" speed="13.14" pos="91.40" lane="3/1to3/2_0" slope="0.00"/>
        <vehicle id="5" x="663.30" y="201.65" angle="-90.00" type="DEFAULT_VEHTYPE" speed="13.63" pos="136.70" lane="4/1to3/1_0" slope="0.00"/>
        <vehicle id="6" x="211.30" y="598.35" angle="90.00" type="DEFAULT_VEHTYPE" speed="12.64" pos="6.55" lane="1/3to2/3_0" slope="0.00"/>
        <vehicle id="7" x="94.52" y="401.65" angle="-90.00" type="DEFAULT_VEHTYPE" speed="13.84" pos="100.73" lane="1/2to0/2_0" slope="0.00"/>
        <vehicle id="8" x="598.35" y="534.28" angle="0.00" type="DEFAULT_VEHTYPE" speed="13.40" pos="60.97" lane="3/3to3/2_0" slope="0.00"/>
        <vehicle id="9" x="401.65" y="650.96" angle="180.00" type="DEFAULT_VEHTYPE" speed="13.18" pos="46.21" lane="2/3to2/4_0" slope="0.00"/>
    </timestep>
    <timestep time="387.00">
        <vehicle id="10" x="598.35" y="407.13" angle="0.00" type="DEFAULT_VEHTYPE" speed="12.66" pos="188.12" lane="3/3to3/2_0" slope="0.00"/>
        <vehicle id="12" x="757.48" y="601.65" angle="-90.00" type="DEFAULT_VEHTYPE" speed="13.36" pos="42.52" lane="4/3to3/3_0" slope="0.00"/>
        <vehicle id="13" x="795.11" y="598.35" angle="90.00" type="DEFAULT_VEHTYPE" speed="13.78" pos="190.36" lane="3/3to4/3_0" slope="0.00"/>
        <vehicle id="3" x="398.35" y="611.22" angle="0.00" type="DEFAULT_VEHTYPE" speed="13.56" pos="188.78" lane="2/4to2/3_0" slope="0.00"/>
        <vehicle id="4" x="601.65" y="309.42" angle="180.00" type="DEFAULT_VEHTYPE" speed="13.26" pos="104.67" lane="3/1to3/2_0" slope="0.00"/>
        <vehicle id="5" x="650.69" y="201.65" angle="-90.00" type="DEFAULT_VEHTYPE" speed="12.61" pos="149.31" lane="4/1to3/1_0" slope="0.00"/>
        <vehicle id="6" x="224.88" y="598.35" angle="90.00" type="DEFAULT_VEHTYPE" speed="13.58" pos="20.13" lane="1/3to2/3_0" slope="0.00"/>
        <vehicle id="7" x="81.30" y="401.65" angle="-90.00" type="DEFAULT_VEHTYPE" speed="13.22" pos="113.95" lane="1/2to0/2_0" slope="0.00"/>
        <vehicle id="8" x="598.35" y="520.80" angle="0.00" type="DEFAULT_VEHTYPE" speed="13.48" pos="74.45" lane="3/3to3/2_0" slope="0.00"/>
        <vehicle id="9" x="401.65" y="664.30" angle="180.00" type="DEFAULT_VEHTYPE" speed="13.34" pos="59.55" lane="2/3to2/4_0" slope="0.00"/>
    </timestep>
    <timestep time="388.00">
        <vehicle id="10" x="589.40" y="401.65" angle="-90.00" type="DEFAULT_VEHTYPE" speed="13.23" pos="5.85" lane="3/2to2/2_0" slope="0.00"/>
        <vehicle id="12" x="744.53" y="601.65" angle="-90.00" type="DEFAULT_VEHTYPE" speed="12.94" pos="55.47" lane="4/3to3/3_0" slope="0.00"/>
        <vehicle id="13" x="796.69" y="601.65" angle="-102.24" type="DEFAULT_VEHTYPE" speed="13.02" pos="3.31" lane="4/3to3/3_0" slope="0.00"/>
        <vehicle id="3" x="398.35" y="598.03" angle="0.00" type="DEFAULT_VEHTYPE" speed="13.19" pos="6.72" lane=":2/3_1_0" slope="0.00"/>
        <vehicle id="4" x="601.65" y="322.13" angle="180.00" type="DEFAULT_VEHTYPE" speed="12.72" pos="117.38" lane="3/1to3/2_0" slope="0.00"/>
        <vehicle id="5" x="637.30" y="201.65" angle="-90.00" type="DEFAULT_VEHTYPE" speed="13.39" pos="162.70" lane="4/1to3/1_0" slope="0.00"/>
        <vehicle id="6" x="237.78" y="598.35" angle="90.00" type="DEFAULT_VEHTYPE" speed="12.90" pos="33.03" lane="1/3to2/3_0" slope="0.00"/>
        <vehicle id="7" x="68.22" y="401.65" angle="-90.00" type="DEFAULT_VEHTYPE" speed="13.08" pos="127.03" lane="1/2to0/2_0" slope="0.00"/>
        <vehicle id="8" x="598.35" y="507.21" angle="0.00" type="DEFAULT_VEHTYPE" speed="13.59" pos="88.04" lane="3/3to3/2_0" slope="0.00"/>
        <vehicle id="9" x="401.65" y="677.12" angle="180.00" type="DEFAULT_VEHTYPE" speed="12.82" pos="72.37" lane="2/3to2/4_0" slope="0.00"/>
    </timestep>
    <timestep time="389.00">
        <vehicle id="10" x="576.58" y="401.65" angle="-90.00" type="DEFAULT_VEHTYPE" speed="12.82" pos="18.67" lane="3/2to2/2_0" slope="0.00"/>
        <vehicle id="12" x="730.92" y="601.65" angle="-90.00" type="DEFAULT_VEHTYPE" speed="13.61" pos="69.08" lane="4/3to3/3_0" slope="0.00"/>
        <vehicle id="13" x="783.61" y="601.65" angle="-90.00" type="DEFAULT_VEHTYPE" speed="13.08" pos="16.39" lane="4/3to3/3_0" slope="0.00"/>
        <vehicle id="3" x="398.35" y="585.08" angle="0.00" type="DEFAULT_VEHTYPE" speed="12.94" pos="10.17" lane="2/3to2/2_0" slope="0.00"/>
        <vehicle id="4" x="601.65" y="335.94" angle="180.00" type="DEFAULT_VEHTYPE" speed="13.81" pos="131.19" lane="3/1to3/2_0" slope="0.00"/>
        <vehicle id="5" x="625.76" y="201.65" angle="-90.00" type="DEFAULT_VEHTYPE" speed="11.54" pos="174.24" lane="4/1to3/1_0" slope="0.00"/>
        <vehicle id="6" x="250.81" y="598.35" angle="90.00" type="DEFAULT_VEHTYPE" speed="13.03" pos="46.06" lane="1/3to2/3_0" slope="0.00"/>
        <vehicle id="7" x="55.47" y="401.65" angle="-90.00" type="DEFAULT_VEHTYPE" speed="12.75" pos="139.78" lane="1/2to0/2_0" slope="0.00"/>
        <vehicle id="8" x="598.35" y="493.45" angle="0.00" type="DEFAULT_VEHTYPE" speed="13.76" pos="101.80" lane="3/3to3/2_0" slope="0.00"/>
        <vehicle id="9" x="401.65" y="690.40" angle="180.00" type="DEFAULT_VEHTYPE" speed="13.29" pos="85.65" lane="2/3to2/4_0" slope="0.00"/>
    </timestep>
    <timestep time="390.00">
        <vehicle id="10" x="562.83" y="401.65" angle="-90.00" type="DEFAULT_VEHTYPE" speed="13.76" pos="32.42" lane="3/2to2/2_0" slope="0.00"/>
        <vehicle id="12" x="717.57" y="601.65" angle="-90.00" type="DEFAULT_VEHTYPE" speed="13.35" pos="82.43" lane="4/3to3/3_0" slope="0.00"/>
        <vehicle id="13" x="770.08" y="601.65" angle="-90.00" type="DEFAULT_VEHTYPE" speed="13.53" pos="29.92" lane="4/3to3/3_0" slope="0.00"/>
        <vehicle id="3" x="398.35" y="571.51" angle="0.00" type="DEFAULT_VEHTYPE" speed="13.58" pos="23.74" lane="2/3to2/2_0" slope="0.00"/>
        <vehicle id="4" x="601.65" y="349.51" angle="180.00" type="DEFAULT_VEHTYPE" speed="13.57" pos="144.76" lane="3/1to3/2_0" slope="0.00"/>
        <vehicle id="5" x="617.21" y="201.65" angle="-90.00" type="DEFAULT_VEHTYPE" speed="8.55" pos="182.79" lane="4/1to3/1_0" slope="0.00"/>
        <vehicle id="6" x="263.86" y="598.35" angle="90.00" type="DEFAULT_VEHTYPE" speed="13.05" pos="59.11" lane="1/3to2/3_0" slope="0.00"/>
        <vehicle id="7" x="42.18" y="401.65" angle="-90.00" type="DEFAULT_VEHTYPE" speed="13.28" pos="153.07" lane="1/2to0/2_0" slope="0.00"/>
        <vehicle id="8" x="598.35" y="480.51" angle="0.00" type="DEFAULT_VEHTYPE" speed="12.95" pos="114.74" lane="3/3to3/2_0" slope="0.00"/>
        <vehicle id="9" x="401.65" y="703.93" angle="180.00" type="DEFAULT_VEHTYPE" speed="13.53" pos="99.18" lane="2/3to2/4_0" slope="0.00"/>
    </timestep>
    <timestep time="391.00">
        <vehicle id="10" x="549.01" y="401.65" angle="-90.00" type="DEFAULT_VEHTYPE" speed="13.82" pos="46.24" lane="3/2to2/2_0" slope="0.00"/>
        <vehicle id="12" x="704.33" y="601.65" angle="-90.00" type="DEFAULT_VEHTYPE" speed="13.24" pos="95.67" lane="4/3to3/3_0" slope="0.00"/>
        <vehicle id="13" x="757.43" y="601.65" angle="-90.00" type="DEFAULT_VEHTYPE" speed="12.65" pos="42.57" lane="4/3to3/3_0" slope="0.00"/>
        <vehicle id="3" x="398.35" y="557.86" angle="0.00" type="DEFAULT_VEHTYPE" speed="13.65" pos="37.39" lane="2/3to2/2_0" slope="0.00"/>
        <vehicle id="4" x="601.65" y="362.82" angle="180.00" type="DEFAULT_VEHTYPE" speed="13.31" pos="158.07" lane="3/1to3/2_0" slope="0.00"/>
        <vehicle id="5" x="611.57" y="201.65" angle="-90.00" type="DEFAULT_VEHTYPE" speed="5.64" pos="188.43" lane="4/1to3/1_0" slope="0.00"/>
        <vehicle id="6" x="276.76" y="598.35" angle="90.00" type="DEFAULT_VEHTYPE" speed="12.90" pos="72.01" lane="1/3to2/3_0" slope="0.00"/>
        <vehicle id="7" x="28.99" y="401.65" angle="-90.00" type="DEFAULT_VEHTYPE" speed="13.19" pos="166.26" lane="1/2to0/2_0" slope="0.00"/>
        <vehicle id="8" x="598.35" y="466.64" angle="0.00" type="DEFAULT_VEHTYPE" speed="13.86" pos="128.61" lane="3/3to3/2_0" slope="0.00"/>
        <vehicle id="9" x="401.65" y="717.34" angle="180.00" type="DEFAULT_VEHTYPE" speed="13.41" pos="112.59" lane="2/3to2/4_0" slope="0.00"/>
    </timestep>
    <timestep time="392.00">
        <vehicle id="10" x="536.04" y="401.65" angle="-90.00" type="DEFAULT_VEHTYPE" speed="12.97" pos="59.21" lane="3/2to2/2_0" slope="0.00"/>
        <vehicle id="12" x="691.68" y="601.65" angle="-90.00" type="DEFAULT_VEHTYPE" speed="12.65" pos="108.32" lane="4/3to3/3_0" slope="0.00"/>
        <vehicle id="13" x="743.53" y="601.65" angle="-90.00" type="DEFAULT_VEHTYPE" speed="13.90" pos="56.47" lane="4/3to3/3_0" slope="0.00"/>
        <vehicle id="3" x="398.35" y="545.10" angle="0.00" type="DEFAULT_VEHTYPE" speed="12.76" pos="50.15" lane="2/3to2/2_0" slope="0.00"/>
        <vehicle id="4" x="601.65" y="374.85" angle="180.00" type="DEFAULT_VEHTYPE" speed="12.03" pos="170.10" lane="3/1to3/2_0" slope="0.00"/>
        <vehicle id="5" x="603.69" y="201.80" angle="-91.71" type="DEFAULT_VEHTYPE" speed="7.89" pos="1.07" lane=":3/1_4_0" slope="0.00"/>
        <vehicle id="6" x="289.64" y="598.35" angle="90.00" type="DEFAULT_VEHTYPE" speed="12.88" pos="84.89" lane="1/3to2/3_0" slope="0.00"/>
        <vehicle id="7" x="15.24" y="401.65" angle="-90.00" type="DEFAULT_VEHTYPE" speed="13.75" pos="180.01" lane="1/2to0/2_0" slope="0.00"/>
        <vehicle id="8" x="598.35" y="453.40" angle="0.00" type="DEFAULT_VEHTYPE" speed="13.24" pos="141.85" lane="3/3to3/2_0" slope="0.00"/>
        <vehicle id="9" x="401.65" y="731.16" angle="180.00" type="DEFAULT_VEHTYPE" speed="13.82" pos="126.41" lane="2/3to2/4_0" slope="0.00"/>
    </timestep>
    <timestep time="393.00">
        <vehicle id="10" x="523.08" y="401.65" angle="-90.00" type="DEFAULT_VEHTYPE" speed="12.96" pos="72.17" lane="3/2to2/2_0" slope="0.00"/>
        <vehicle id="12" x="678.50" y="601.65" angle="-90.00" type="DEFAULT_VEHTYPE" speed="13.18" pos="121.50" lane="4/3to3/3_0" slope="0.00"/>
        <vehicle id="13" x="730.76" y="601.65" angle="-90.00" type="DEFAULT_VEHTYPE" speed="12.77" pos="69.24" lane="4/3to3/3_0" slope="0.00"/>
        <vehicle id="3" x="398.35" y="532.48" angle="0.00" type="DEFAULT_VEHTYPE" speed="12.62" pos="62.77" lane="2/3to2/2_0" slope="0.00"/>
        <vehicle id="4" x="601.65" y="382.62" angle="180.00" type="DEFAULT_VEHTYPE" speed="7.77" pos="177.87" lane="3/1to3/2_0" slope="0.00"/>
        <vehicle id="5" x="601.65" y="210.43" angle="180.00" type="DEFAULT_VEHTYPE" speed="9.61" pos="5.68" lane="3/1to3/2_0" slope="0.00"/>
        <vehicle id="6" x="303.46" y="598.35" angle="90.00" type="DEFAULT_VEHTYPE" speed="13.82" pos="98.71" lane="1/3to2/3_0" slope="0.00"/>
        <vehicle id="7" x="1.67" y="401.65" angle="-90.00" type="DEFAULT_VEHTYPE" speed="13.57" pos="193.58" lane="1/2to0/2_0" slope="0.00"/>
        <vehicle id="8" x="598.35" y="439.99" angle="0.00" type="DEFAULT_VEHTYPE" speed="13.41" pos="155.26" lane="3/3to3/2_0" slope="0.00"/>
        <vehicle id="9" x="401.65" y="744.02" angle="180.00" type="DEFAULT_VEHTYPE" speed="12.86" pos="139.27" lane="2/3to2/4_0" slope="0.00"/>
    </timestep>
    <timestep time="394.00">
        <vehicle id="10" x="510.03" y="401.65" angle="-90.00" type="DEFAULT_VEHTYPE" speed="13.05" pos="85.22" lane="3/2to2/2_0" slope="0.00"/>
        <vehicle id="12" x="664.69" y="601.65" angle="-90.00" type="DEFAULT_VEHTYPE" speed="13.81" pos="135.31" lane="4/3to3/3_0" slope="0.00"/>
        <vehicle id="13" x="717.16" y="601.65" angle="-90.00" type="DEFAULT_VEHTYPE" speed="13.61" pos="82.84" lane="4/3to3/3_0" slope="0.00"/>
        <vehicle id="3" x="398.35" y="519.01" angle="0.00" type="DEFAULT_VEHTYPE" speed="13.47" pos="76.24" lane="2/3to2/2_0" slope="0.00"/>
        <vehicle id="4" x="601.65" y="387.89" angle="180.00" type="DEFAULT_VEHTYPE" speed="5.27" pos="183.14" lane="3/1to3/2_0" slope="0.00"/>
        <vehicle id="5" x="601.65" y="221.77" angle="180.00" type="DEFAULT_VEHTYPE" speed="11.33" pos="17.02" lane="3/1to3/2_0" slope="0.00"/>
        <vehicle id="6" x="317.34" y="598.35" angle="90.00" type="DEFAULT_VEHTYPE" speed="13.88" pos="112.59" lane="1/3to2/3_0" slope="0.00"/>
        <vehicle id="7" x="6.32" y="398.35" angle="90.00" type="DEFAULT_VEHTYPE" speed="12.81" pos="6.32" lane="0/2to1/2_0" slope="0.00"/>
        <vehicle id="8" x="598.35" y="426.55" angle="0.00" type="DEFAULT_VEHTYPE" speed="13.44" pos="168.70" lane="3/3to3/2_0" slope="0.00"/>
        <vehicle id="9" x="401.65" y="757.28" angle="180.00" type="DEFAULT_VEHTYPE" speed="13.26" pos="152.53" lane="2/3to2/4_0" slope="0.00"/>
    </timestep>
    <timestep time="395.00">
        <vehicle id="10" x="497.03" y="401.65" angle="-90.00" type="DEFAULT_VEHTYPE" speed="13.00" pos="98.22" lane="3/2to2/2_0" slope="0.00"/>
        <vehicle id="12" x="651.22" y="601.65" angle="-90.00" type="DEFAULT_VEHTYPE" speed="13.47" pos="148.78" lane="4/3to3/3_0" slope="0.00"/>
        <vehicle id="13" x="704.55" y="601.65" angle="-90.00" type="DEFAULT_VEHTYPE" speed="12.61" pos="95.45" lane="4/3to3/3_0" slope="0.00"/>
        <vehicle id="3" x="398.35" y="505.30" angle="0.00" type="DEFAULT_VEHTYPE" speed="13.71" pos="89.95" lane="2/3to2/2_0" slope="0.00"/>
        <vehicle id="4" x="601.65" y="390.11" angle="180.00" type="DEFAULT_VEHTYPE" speed="2.22" pos="185.36" lane="3/1to3/2_0" slope="0.00"/>
        <vehicle id="5" x="601.65" y="235.38" angle="180.00" type="DEFAULT_VEHTYPE" speed="13.61" pos="30.63" lane="3/1to3/2_0" slope="0.00"/>
        <vehicle id="6" x="331.21" y="598.35" angle="90.00" type="DEFAULT_VEHTYPE" speed="13.87" pos="126.46" lane="1/3to2/3_0" slope="0.00"/>
        <vehicle id="7" x="20.14" y="398.35" angle="90.00" type="DEFAULT_VEHTYPE" speed="13.83" pos="20.14" lane="0/2to1/2_0" slope="0.00"/>
        <vehicle id="8" x="598.35" y="413.59" angle="0.00" type="DEFAULT_VEHTYPE" speed="12.96" pos="181.66" lane="3/3to3/2_0" slope="0.00"/>
        <vehicle id="9" x="401.65" y="770.81" angle="180.00" type="DEFAULT_VEHTYPE" speed="13.53" pos="166.06" lane="2/3to2/4_0" slope="0.00"/>
    </timestep>
    <timestep time="396.00">
        <vehicle id="10" x="483.50" y="401.65" angle="-90.00" type="DEFAULT_VEHTYPE" speed="13.52" pos="111.75" lane="3/2to2/2_0" slope="0.00"/>
        <vehicle id="12" x="638.44" y="601.65" angle="-90.00" type="DEFAULT_VEHTYPE" speed="12.78" pos="161.56" lane="4/3to3/3_0" slope="0.00"/>
        <vehicle id="13" x="691.64" y="601.65" angle="-90.00" type="DEFAULT_VEHTYPE" speed="12.90" pos="108.36" lane="4/3to3/3_0" slope="0.00"/>
        <vehicle id="3" x="398.35" y="492.58" angle="0.00" type="DEFAULT_VEHTYPE" speed="12.72" pos="102.67" lane="2/3to2/2_0" slope="0.00"/>
        <vehicle id="4" x="601.65" y="394.29" angle="180.00" type="DEFAULT_VEHTYPE" speed="4.17" pos="189.54" lane="3/1to3/2_0" slope="0.00"/>
        <vehicle id="5" x="601.65" y="248.93" angle="180.00" type="DEFAULT_VEHTYPE" speed="13.55" pos="44.18" lane="3/1to3/2_0" slope="0.00"/>
        <vehicle id="6" x="344.31" y="598.35" angle="90.00" type="DEFAULT_VEHTYPE" speed="13.10" pos="139.56" lane="1/3to2/3_0" slope="0.00"/>
        <vehicle id="7" x="33.86" y="398.35" angle="90.00" type="DEFAULT_VEHTYPE" speed="13.71" pos="33.86" lane="0/2to1/2_0" slope="0.00"/>
        <vehicle id="8" x="596.45" y="401.82" angle="-24.53" type="DEFAULT_VEHTYPE" speed="12.63" pos="3.79" lane=":3/2_0_0" slope="0.00"/>
        <vehicle id="9" x="401.65" y="783.51" angle="180.00" type="DEFAULT_VEHTYPE" speed="12.69" pos="178.76" lane="2/3to2/4_0" slope="0.00"/>
    </timestep>
    <timestep time="397.00">
        <vehicle id="10" x="470.14" y="401.65" angle="-90.00" type="DEFAULT_VEHTYPE" speed="13.36" pos="125.11" lane="3/2to2/2_0" slope="0.00"/>
        <vehicle id="12" x="625.78" y="601.65" angle="-90.00" type="DEFAULT_VEHTYPE" speed="12.66" pos="174.22" lane="4/3to3/3_0" slope="0.00"/>
        <vehicle id="13" x="678.55" y="601.65" angle="-90.00" type="DEFAULT_VEHTYPE" speed="13.09" pos="121.45" lane="4/3to3/3_0" slope="0.00"/>
        <vehicle id="3" x="398.35" y="479.35" angle="0.00" type="DEFAULT_VEHTYPE" speed="13.23" pos="115.90" lane="2/3to2/2_0" slope="0.00"/>
        <vehicle id="4" x="600.09" y="399.98" angle="-161.60" type="DEFAULT_VEHTYPE" speed="6.04" pos="5.08" lane=":3/2_10_0" slope="0.00"/>
        <vehicle id="5" x="601.65" y="262.10" angle="180.00" type="DEFAULT_VEHTYPE" speed="13.17" pos="57.35" lane="3/1to3/2_0" slope="0.00"/>
        <vehicle id="6" x="357.08" y="598.35" angle="90.00" type="DEFAULT_VEHTYPE" speed="12.77" pos="152.33" lane="1/3to2/3_0" slope="0.00"/>
        <vehicle id="7" x="47.43" y="398.35" angle="90.00" type="DEFAULT_VEHTYPE" speed="13.57" pos="47.43" lane="0/2to1/2_0" slope="0.00"/>
        <vehicle id="8" x="582.78" y="401.65" angle="-90.00" type="DEFAULT_VEHTYPE" speed="13.68" pos="12.47" lane="3/2to2/2_0" slope="0.00"/>
        <vehicle id="9" x="401.65" y="796.39" angle="180.00" type="DEFAULT_VEHTYPE" speed="12.89" pos="191.64" lane="2/3to2/4_0" slope="0.00"/>
    </timestep>
    <timestep time="398.00">
        <vehicle id="10" x="457.18" y="401.65" angle="-90.00" type="DEFAULT_VEHTYPE" speed="12.96" pos="138.07" lane="3/2to2/2_0" slope="0.00"/>
        <vehicle id="12" x="617.18" y="601.65" angle="-90.00" type="DEFAULT_VEHTYPE" speed="8.59" pos="182.82" lane="4/3to3/3_0" slope="0.00"/>
        <vehicle id="13" x="665.39" y="601.65" angle="-90.00" type="DEFAULT_VEHTYPE" speed="13.16" pos="134.61" lane="4/3to3/3_0" slope="0.00"/>
        <vehicle id="3" x="398.35" y="465.86" angle="0.00" type="DEFAULT_VEHTYPE" speed="13.49" pos="129.39" lane="2/3to2/2_0" slope="0.00"/>
        <vehicle id="4" x="592.48" y="401.65" angle="-93.62" type="DEFAULT_VEHTYPE" speed="8.01" pos="2.77" lane="3/2to2/2_0" slope="0.00"/>
        <vehicle id="5" x="601.65" y="275.34" angle="180.00" type="DEFAULT_VEHTYPE" speed="13.24" pos="70.59" lane="3/1to3/2_0" slope="0.00"/>
        <vehicle id="6" x="369.74" y="598.35" angle="90.00" type="DEFAULT_VEHTYPE" speed="12.66" pos="164.99" lane="1/3to2/3_0" slope="0.00"/>
        <vehicle id="7" x="61.06" y="398.35" angle="90.00" type="DEFAULT_VEHTYPE" speed="13.63" pos="61.06" lane="0/2to1/2_0" slope="0.00"/>
        <vehicle id="8" x="569.17" y="401.65" angle="-90.00" type="DEFAULT_VEHTYPE" speed="13.61" pos="26.08" lane="3/2to2/2_0" slope="0.00"/>
        <vehicle id="9" x="398.35" y="795.53" angle="-3.41" type="DEFAULT_VEHTYPE" speed="12.90" pos="4.47" lane="2/4to2/3_0" slope="0.00"/>
    </timestep>
    <timestep time="399.00">
        <vehicle id="10" x="443.96" y="401.65" angle="-90.00" type="DEFAULT_VEHTYPE" speed="13.22" pos="151.29" lane="3/2to2/2_0" slope="0.00"/>
        <vehicle id="12" x="611.75" y="601.65" angle="-90.00" type="DEFAULT_VEHTYPE" speed="5.43" pos="188.25" lane="4/3to3/3_0" slope="0.00"/>
        <vehicle id="13" x="652.01" y="601.65" angle="-90.00" type="DEFAULT_VEHTYPE" speed="13.38" pos="147.99" lane="4/3to3/3_0" slope="0.00"/>
        <vehicle id="3" x="398.35" y="453.02" angle="0.00" type="DEFAULT_VEHTYPE" speed="12.85" pos="142.23" lane="2/3to2/2_0" slope="0.00"/>
        <vehicle id="4" x="582.81" y="401.65" angle="-90.00" type="DEFAULT_VEHTYPE" speed="9.67" pos="12.44" lane="3/2to2/2_0" slope="0.00"/>
        <vehicle id="5" x="601.65" y="288.22" angle="180.00" type="DEFAULT_VEHTYPE" speed="12.88" pos="83.47" lane="3/1to3/2_0" slope="0.00"/>
        <vehicle id="6" x="380.16" y="598.35" angle="90.00" type="DEFAULT_VEHTYPE" speed="10.42" pos="175.41" lane="1/3to2/3_0" slope="0.00"/>
        <vehicle id="7" x="74.17" y="398.35" angle="90.00" type="DEFAULT_VEHTYPE" speed="13.11" pos="74.17" lane="0/2to1/2_0" slope="0.00"/>
        <vehicle id="8" x="555.84" y="401.65" angle="-90.00" type="DEFAULT_VEHTYPE" speed="13.34" pos="39.41" lane="3/2to2/2_0" slope="0.00"/>
        <vehicle id="9" x="398.35" y="782.57" angle="0.00" type="DEFAULT_VEHTYPE" speed="12.96" pos="17.43" lane="2/4to2/3_0" slope="0.00"/>
    </timestep>
    <timestep time="400.00">
        <vehicle id="10" x="430.57" y="401.65" angle="-90.00" type="DEFAULT_VEHTYPE" speed="13.39" pos="164.68" lane="3/2to2/2_0" slope="0.00"/>
        <vehicle id="12" x="609.48" y="601.65" angle="-90.00" type="DEFAULT_VEHTYPE" speed="2.28" pos="190.52" lane="4/3to3/3_0" slope="0.00"/>
        <vehicle id="13" x="639.22" y="601.65" angle="-90.00" type="DEFAULT_VEHTYPE" speed="12.80" pos="160.78" lane="4/3to3/3_0" slope="0.00"/>
        <vehicle id="3" x="398.35" y="439.51" angle="0.00" type="DEFAULT_VEHTYPE" speed="13.51" pos="155.74" lane="2/3to2/2_0" slope="0.00"/>
        <vehicle id="4" x="570.74" y="401.65" angle="-90.00" type="DEFAULT_VEHTYPE" speed="12.07" pos="24.51" lane="3/2to2/2_0" slope="0.00"/>
        <vehicle id="5" x="601.65" y="301.01" angle="180.00" type="DEFAULT_VEHTYPE" speed="12.79" pos="96.26" lane="3/1to3/2_0" slope="0.00"/>
        <vehicle id="6" x="387.13" y="598.35" angle="90.00" type="DEFAULT_VEHTYPE" speed="6.97" pos="182.38" lane="1/3to2/3_0" slope="0.00"/>
        <vehicle id="7" x="87.94" y="398.35" angle="90.00" type="DEFAULT_VEHTYPE" speed="13.77" pos="87.94" lane="0/2to1/2_0" slope="0.00"/>
        <vehicle id="8" x="542.62" y="401.65" angle="-90.00" type="DEFAULT_VEHTYPE" speed="13.21" pos="52.63" lane="3/2to2/2_0" slope="0.00"/>
        <vehicle id="9" x="398.35" y="768.76" angle="0.00" type="DEFAULT_VEHTYPE" speed="13.81" pos="31.24" lane="2/4to2/3_0" slope="0.00"/>
    </timestep>
    <timestep time="401.00">
        <vehicle id="10" x="421.09" y="401.65" angle="-90.00" type="DEFAULT_VEHTYPE" speed="9.47" pos="174.16" lane="3/2to2/2_0" slope="0.00"/>
        <vehicle id="12" x="605.39" y="601.65" angle="-90.00" type="DEFAULT_VEHTYPE" speed="4.09" pos="194.61" lane="4/3to3/3_0" slope="0.00"/>
        <vehicle id="13" x="630.15" y="601.65" angle="-90.00" type="DEFAULT_VEHTYPE" speed="9.07" pos="169.85" lane="4/3to3/3_0" slope="0.00"/>
        <vehicle id="3" x="398.35" y="426.05" angle="0.00" type="DEFAULT_VEHTYPE" speed="13.45" pos="169.20" lane="2/3to2/2_0" slope="0.00"/>
        <vehicle id="4" x="557.97" y="401.65" angle="-90.00" type="DEFAULT_VEHTYPE" speed="12.77" pos="37.28" lane="3/2to2/2_0" slope="0.00"/>
        <vehicle id="5" x="601.65" y="313.71" angle="180.00" type="DEFAULT_VEHTYPE" speed="12.70" pos="108.96" lane="3/1to3/2_0" slope="0.00"/>
        <vehicle id="6" x="390.91" y="598.35" angle="90.00" type="DEFAULT_VEHTYPE" speed="3.77" pos="186.16" lane="1/3to2/3_0" slope="0.00"/>
        <vehicle id="7" x="101.75" y="398.35" angle="90.00" type="DEFAULT_VEHTYPE" speed="13.80" pos="101.75" lane="0/2to1/2_0" slope="0.00"/>
        <vehicle id="8" x="528.84" y="401.65" angle="-90.00" type="DEFAULT_VEHTYPE" speed="13.78" pos="66.41" lane="3/2to2/2_0" slope="0.00"/>
        <vehicle id="9" x="398.35" y="755.13" angle="0.00" type="DEFAULT_VEHTYPE" speed="13.63" pos="44.87" lane="2/4to2/3_0" slope="0.00"/>
    </timestep>
    <timestep time="402.00">
        <vehicle id="10" x="413.67" y="401.65" angle="-90.00" type="DEFAULT_VEHTYPE" speed="7.43" pos="181.58" lane="3/2to2/2_0" slope="0.00"/>
        <vehicle id="12" x="599.84" y="599.87" angle="-69.13" type="DEFAULT_VEHTYPE" speed="6.01" pos="5.38" lane=":3/3_6_0" slope="0.00"/>
        <vehicle id="13" x="621.68" y="601.65" angle="-90.00" type="DEFAULT_VEHTYPE" speed="8.47" pos="178.32" lane="4/3to3/3_0" slope="0.00"/>
        <vehicle id="3" x="398.35" y="412.48" angle="0.00" type="DEFAULT_VEHTYPE" speed="13.57" pos="182.77" lane="2/3to2/2_0" slope="0.00"/>
        <vehicle id="4" x="545.13" y="401.65" angle="-90.00" type="DEFAULT_VEHTYPE" speed="12.84" pos="50.12" lane="3/2to2/2_0" slope="0.00"/>
        <vehicle id="5" x="601.65" y="326.82" angle="180.00" type="DEFAULT_VEHTYPE" speed="13.11" pos="122.07" lane="3/1to3/2_0" slope="0.00"/>
        <vehicle id="6" x="397.01" y="598.60" angle="92.89" type="DEFAULT_VEHTYPE" speed="6.12" pos="1.78" lane=":2/3_14_0" slope="0.00"/>
        <vehicle id="7" x="114.54" y="398.35" angle="90.00" type="DEFAULT_VEHTYPE" speed="12.80" pos="114.54" lane="0/2to1/2_0" slope="0.00"/>
        <vehicle id="8" x="515.03" y="401.65" angle="-90.00" type="DEFAULT_VEHTYPE" speed="13.81" pos="80.22" lane="3/2to2/2_0" slope="0.00"/>
        <vehicle id="9" x="398.35" y="741.88" angle="0.00" type="DEFAULT_VEHTYPE" speed="13.25" pos="58.12" lane="2/4to2/3_0" slope="0.00"/>
    </timestep>
    <timestep time="403.00">
        <vehicle id="10" x="410.05" y="401.65" angle="-90.00" type="DEFAULT_VEHTYPE" speed="3.62" pos="185.20" lane="3/2to2/2_0" slope="0.00"/>
        <vehicle id="12" x="598.35" y="591.71" angle="-2.38" type="DEFAULT_VEHTYPE" speed="8.48" pos="3.54" lane="3/3to3/2_0" slope="0.00"/>
        <vehicle id="13" x="614.01" y="601.65" angle="-90.00" type="DEFAULT_VEHTYPE" speed="7.67" pos="185.99" lane="4/3to3/3_0" slope="0.00"/>
        <vehicle id="3" x="395.24" y="401.65" angle="-45.12" type="DEFAULT_VEHTYPE" speed="12.74" pos="0.01" lane="2/2to1/2_0" slope="0.00"/>
        <vehicle id="4" x="531.86" y="401.65" angle="-90.00" type="DEFAULT_VEHTYPE" speed="13.27" pos="63.39" lane="3/2to2/2_0" slope="0.00"/>
        <vehicle id="5" x="601.65" y="340.14" angle="180.00" type="DEFAULT_VEHTYPE" speed="13.32" pos="135.39" lane="3/1to3/2_0" slope="0.00"/>
        <vehicle id="6" x="401.57" y="604.22" angle="157.49" type="DEFAULT_VEHTYPE" speed="8.00" pos="9.78" lane=":2/3_14_0" slope="0.00"/>
        <vehicle id="7" x="128.28" y="398.35" angle="90.00" type="DEFAULT_VEHTYPE" speed="13.74" pos="128.28" lane="0/2to1/2_0" slope="0.00"/>
        <vehicle id="8" x="501.61" y="401.65" angle="-90.00" type="DEFAULT_VEHTYPE" speed="13.42" pos="93.64" lane="3/2to2/2_0" slope="0.00"/>
        <vehicle id="9" x="398.35" y="728.37" angle="0.00" type="DEFAULT_VEHTYPE" speed="13.51" pos="71.63" lane="2/4to2/3_0" slope="0.00"/>
    </timestep>
    <timestep time="404.00">
        <vehicle id="10" x="405.05" y="401.65" angle="-90.00" type="DEFAULT_VEHTYPE" speed="5.00" pos="190.20" lane="3/2to2/2_0" slope="0.00"/>
        <vehicle id="12" x="598.35" y="580.71" angle="0.00" type="DEFAULT_VEHTYPE" speed="11.00" pos="14.54" lane="3/3to3/2_0" slope="0.00"/>
        <vehicle id="13" x="609.57" y="601.65" angle="-90.00" type="DEFAULT_VEHTYPE" speed="4.44" pos="190.43" lane="4/3to3/3_0" slope="0.00"/>
        <vehicle id="3" x="381.66" y="401.65" angle="-90.00" type="DEFAULT_VEHTYPE" speed="13.58" pos="13.59" lane="2/2to1/2_0" slope="0.00"/>
        <vehicle id="4" x="518.04" y="401.65" angle="-90.00" type="DEFAULT_VEHTYPE" speed="13.82" pos="77.21" lane="3/2to2/2_0" slope="0.00"/>
        <vehicle id="5" x="601.65" y="353.73" angle="180.00" type="DEFAULT_VEHTYPE" speed="13.59" pos="148.98" lane="3/1to3/2_0" slope="0.00"/>
        <vehicle id="6" x="401.65" y="613.88" angle="180.00" type="DEFAULT_VEHTYPE" speed="9.67" pos="9.13" lane="2/3to2/4_0" slope="0.00"/>
        <vehicle id="7" x="141.55" y="398.35" angle="90.00" type="DEFAULT_VEHTYPE" speed="13.27" pos="141.55" lane="0/2to1/2_0" slope="0.00"/>
        <vehicle id="8" x="488.04" y="401.65" angle="-90.00" type="DEFAULT_VEHTYPE" speed="13.57" pos="107.21" lane="3/2to2/2_0" slope="0.00"/>
        <vehicle id="9" x="398.35" y="715.43" angle="0.00" type="DEFAULT_VEHTYPE" speed="12.94" pos="84.57" lane="2/4to2/3_0" slope="0.00"/>
    </timestep>
    <timestep time="405.00">
        <vehicle id="10" x="398.97" y="398.42" angle="-51.89" type="DEFAULT_VEHTYPE" speed="7.35" pos="7.05" lane=":2/2_6_0" slope="0.00"/>
        <vehicle id="12" x="598.35" y="568.38" angle="0.00" type="DEFAULT_VEHTYPE" speed="12.33" pos="26.87" lane="3/3to3/2_0" slope="0.00"/>
        <vehicle id="13" x="603.66" y="601.49" angle="-88.21" type="DEFAULT_VEHTYPE" speed="5.92" pos="1.10" lane=":3/3_6_0" slope="0.00"/>
        <vehicle id="3" x="369.06" y="401.65" angle="-90.00" type="DEFAULT_VEHTYPE" speed="12.60" pos="26.19" lane="2/2to1/2_0" slope="0.00"/>
        <vehicle id="4" x="505.39" y="401.65" angle="-90.00" type="DEFAULT_VEHTYPE" speed="12.65" pos="89.86" lane="3/2to2/2_0" slope="0.00"/>
        <vehicle id="5" x="601.65" y="366.63" angle="180.00" type="DEFAULT_VEHTYPE" speed="12.90" pos="161.88" lane="3/1to3/2_0" slope="0.00"/>
        <vehicle id="6" x="401.65" y="626.06" angle="180.00" type="DEFAULT_VEHTYPE" speed="12.18" pos="21.31" lane="2/3to2/4_0" slope="0.00"/>
        <vehicle id="7" x="154.85" y="398.35" angle="90.00" type="DEFAULT_VEHTYPE" speed="13.30" pos="154.85" lane="0/2to1/2_0" slope="0.00"/>
        <vehicle id="8" x="475.25" y="401.65" angle="-90.00" type="DEFAULT_VEHTYPE" speed="12.79" pos="120.00" lane="3/2to2/2_0" slope="0.00"/>
        <vehicle id="9" x="398.35" y="702.48" angle="0.00" type="DEFAULT_VEHTYPE" speed="12.95" pos="97.52" lane="2/4to2/3_0" slope="0.00"/>
    </timestep>
    <timestep time="406.00">
        <vehicle id="10" x="398.35" y="389.54" angle="0.00" type="DEFAULT_VEHTYPE" speed="8.97" pos="5.71" lane="2/2to2/1_0" slope="0.00"/>
        <vehicle id="12" x="598.35" y="555.13" angle="0.00" type="DEFAULT_VEHTYPE" speed="13.25" pos="40.12" lane="3/3to3/2_0" slope="0.00"/>
        <vehicle id="13" x="598.52" y="596.46" angle="-29.49" type="DEFAULT_VEHTYPE" speed="7.99" pos="9.10" lane=":3/3_6_0" slope="0.00"/>
        <vehicle id="3" x="356.02" y="401.65" angle="-90.00" type="DEFAULT_VEHTYPE" speed="13.04" pos="39.23" lane="2/2to1/2_0" slope="0.00"/>
        <vehicle id="4" x="491.82" y="401.65" angle="-90.00" type="DEFAULT_VEHTYPE" speed="13.58" pos="103.43" lane="3/2to2/2_0" slope="0.00"/>
        <vehicle id="5" x="601.65" y="377.91" angle="180.00" type="DEFAULT_VEHTYPE" speed="11.28" pos="173.16" lane="3/1to3/2_0" slope="0.00"/>
        <vehicle id="6" x="401.65" y="639.79" angle="180.00" type="DEFAULT_VEHTYPE" speed="13.72" pos="35.04" lane="2/3to2/4_0" slope="0.00"/>
        <vehicle id="7" x="167.62" y="398.35" angle="90.00" type="DEFAULT_VEHTYPE" speed="12.78" pos="167.62" lane="0/2to1/2_0" slope="0.00"/>
        <vehicle id="8" x="461.46" y="401.65" angle="-90.00" type="DEFAULT_VEHTYPE" speed="13.79" pos="133.79" lane="3/2to2/2_0" slope="0.00"/>
        <vehicle id="9" x="398.35" y="689.32" angle="0.00" type="DEFAULT_VEHTYPE" speed="13.16" pos="110.68" lane="2/4to2/3_0" slope="0.00"/>
    </timestep>
    <timestep time="407.00">
        <vehicle id="10" x="398.35" y="379.01" angle="0.00" type="DEFAULT_VEHTYPE" speed="10.53" pos="16.24" lane="2/2to2/1_0" slope="0.00"/>
        <vehicle id="12" x="598.35" y="542.44" angle="0.00" type="DEFAULT_VEHTYPE" speed="12.69" pos="52.81" lane="3/3to3/2_0" slope="0.00"/>
        <vehicle id="13" x="598.35" y="585.98" angle="0.00" type="DEFAULT_VEHTYPE" speed="10.49" pos="9.27" lane="3/3to3/2_0" slope="0.00"/>
        <vehicle id="3" x="342.46" y="401.65" angle="-90.00" type="DEFAULT_VEHTYPE" speed="13.57" pos="52.79" lane="2/2to1/2_0" slope="0.00"/>
        <vehicle id="4" x="478.42" y="401.65" angle="-90.00" type="DEFAULT_VEHTYPE" speed="13.39" pos="116.83" lane="3/2to2/2_0" slope="0.00"/>
        <vehicle id="5" x="601.65" y="384.97" angle="180.00" type="DEFAULT_VEHTYPE" speed="7.06" pos="180.22" lane="3/1to3/2_0" slope="0.00"/>
        <vehicle id="6" x="401.65" y="653.20" angle="180.00" type="DEFAULT_VEHTYPE" speed="13.41" pos="48.45" lane="2/3to2/4_0" slope="0.00"/>
        <vehicle id="7" x="177.64" y="398.35" angle="90.00" type="DEFAULT_VEHTYPE" speed="10.01" pos="177.64" lane="0/2to1/2_0" slope="0.00"/>
        <vehicle id="8" x="448.02" y="401.65" angle="-90.00" type="DEFAULT_VEHTYPE" speed="13.44" pos="147.23" lane="3/2to2/2_0" slope="0.00"/>
        <vehicle id="9" x="398.35" y="676.61" angle="0.00" type="DEFAULT_VEHTYPE" speed="12.71" pos="123.39" lane="2/4to2/3_0" slope="0.00"/>
    </timestep>
    <timestep time="408.00">
        <vehicle id="10" x="398.35" y="366.32" angle="0.00" type="DEFAULT_VEHTYPE" speed="12.69" pos="28.93" lane="2/2to2/1_0" slope="0.00"/>
        <vehicle id="12" x="598.35" y="528.83" angle="0.00" type="DEFAULT_VEHTYPE" speed="13.62" pos="66.42" lane="3/3to3/2_0" slope="0.00"/>
        <vehicle id="13" x="598.35" y="573.48" angle="0.00" type="DEFAULT_VEHTYPE" speed="12.50" pos="21.77" lane="3/3to3/2_0" slope="0.00"/>
        <vehicle id="3" x="329.73" y="401.65" angle="-90.00" type="DEFAULT_VEHTYPE" speed="12.73" pos="65.52" lane="2/2to1/2_0" slope="0.00"/>
        <vehicle id="4" x="465.75" y="401.65" angle="-90.00" type="DEFAULT_VEHTYPE" speed="12.68" pos="129.50" lane="3/2to2/2_0" slope="0.00"/>
        <vehicle id="5" x="601.65" y="389.59" angle="180.00" type="DEFAULT_VEHTYPE" speed="4.62" pos="184.84" lane="3/1to3/2_0" slope="0.00"/>
        <vehicle id="6" x="401.65" y="666.25" angle="180.00" type="DEFAULT_VEHTYPE" speed="13.05" pos="61.50" lane="2/3to2/4_0" slope="0.00"/>
        <vehicle id="7" x="184.71" y="398.35" angle="90.00" type="DEFAULT_VEHTYPE" speed="7.08" pos="184.71" lane="0/2to1/2_0" slope="0.00"/>
        <vehicle id="8" x="435.00" y="401.65" angle="-90.00" type="DEFAULT_VEHTYPE" speed="13.02" pos="160.25" lane="3/2to2/2_0" slope="0.00"/>
        <vehicle id="9" x="398.35" y="663.17" angle="0.00" type="DEFAULT_VEHTYPE" speed="13.44" pos="136.83" lane="2/4to2/3_0" slope="0.00"/>
    </timestep>
    <timestep time="409.00">
        <vehicle id="10" x="398.35" y="352.74" angle="0.00" type="DEFAULT_VEHTYPE" speed="13.57" pos="42.51" lane="2/2to2/1_0" slope="0.00"/>
        <vehicle id="12" x="598.35" y="515.11" angle="0.00" type="DEFAULT_VEHTYPE" speed="13.72" pos="80.14" lane="3/3to3/2_0" slope="0.00"/>
        <vehicle id="13" x="598.35" y="560.45" angle="0.00" type="DEFAULT_VEHTYPE" speed="13.04" pos="34.80" lane="3/3to3/2_0" slope="0.00"/>
        <vehicle id="3" x="316.85" y="401.65" angle="-90.00" type="DEFAULT_VEHTYPE" speed="12.88" pos="78.40" lane="2/2to1/2_0" slope="0.00"/>
        <vehicle id="4" x="452.97" y="401.65" angle="-90.00" type="DEFAULT_VEHTYPE" speed="12.77" pos="142.28" lane="3/2to2/2_0" slope="0.00"/>
        <vehicle id="5" x="601.46" y="396.61" angle="-177.77" type="DEFAULT_VEHTYPE" speed="7.03" pos="1.37" lane=":3/2_10_0" slope="0.00"/>
        <vehicle id="6" x="401.65" y="679.71" angle="180.00" type="DEFAULT_VEHTYPE" speed="13.46" pos="74.96" lane="2/3to2/4_0" slope="0.00"/>
        <vehicle id="7" x="189.07" y="398.35" angle="90.00" type="DEFAULT_VEHTYPE" speed="4.35" pos="189.07" lane="0/2to1/2_0" slope="0.00"/>
        <vehicle id="8" x="424.28" y="401.65" angle="-90.00" type="DEFAULT_VEHTYPE" speed="10.72" pos="170.97" lane="3/2to2/2_0" slope="0.00"/>
        <vehicle id="9" x="398.35" y="650.27" angle="0.00" type="DEFAULT_VEHTYPE" speed="12.90" pos="149.73" lane="2/4to2/3_0" slope="0.00"/>
    </timestep>
    <timestep time="410.00">
        <vehicle id="10" x="398.35" y="339.96" angle="0.00" type="DEFAULT_VEHTYPE" speed="12.78" pos="55.29" lane="2/2to2/1_0" slope="0.00"/>
        <vehicle id="12" x="598.35" y="502.22" angle="0.00" type="DEFAULT_VEHTYPE" speed="12.89" pos="93.03" lane="3/3to3/2_0" slope="0.00"/>
        <vehicle id="13" x="598.35" y="546.57" angle="0.00" type="DEFAULT_VEHTYPE" speed="13.88" pos="48.68" lane="3/3to3/2_0" slope="0.00"/>
        <vehicle id="3" x="304.21" y="401.65" angle="-90.00" type="DEFAULT_VEHTYPE" speed="12.64" pos="91.04" lane="2/2to1/2_0" slope="0.00"/>
        <vehicle id="4" x="439.96" y="401.65" angle="-90.00" type="DEFAULT_VEHTYPE" speed="13.01" pos="155.29" lane="3/2to2/2_0" slope="0.00"/>
        <vehicle id="5" x="594.67" y="401.65" angle="-104.42" type="DEFAULT_VEHTYPE" speed="9.53" pos="0.58" lane="3/2to2/2_0" slope="0.00"/>
        <vehicle id="6" x="401.65" y="692.89" angle="180.00" type="DEFAULT_VEHTYPE" speed="13.18" pos="88.14" lane="2/3to2/4_0" slope="0.00"/>
        <vehicle id="7" x="195.58" y="398.40" angle="90.54" type="DEFAULT_VEHTYPE" speed="6.52" pos="0.34" lane=":1/2_14_0" slope="0.00"/>
        <vehicle id="8" x="415.99" y="401.65" angle="-90.00" type="DEFAULT_VEHTYPE" speed="8.29" pos="179.26" lane="3/2to2/2_0" slope="0.00"/>
        <vehicle id="9" x="398.35" y="636.51" angle="0.00" type="DEFAULT_VEHTYPE" speed="13.75" pos="163.49" lane="2/4to2/3_0" slope="0.00"/>
    </timestep>
    <timestep time="411.00">
        <vehicle id="10" x="398.35" y="327.20" angle="0.00" type="DEFAULT_VEHTYPE" speed="12.76" pos="68.05" lane="2/2to2/1_0" slope="0.00"/>
        <vehicle id="12" x="598.35" y="489.18" angle="0.00" type="DEFAULT_VEHTYPE" speed="13.04" pos="106.07" lane="3/3to3/2_0" slope="0.00"/>
        <vehicle id="13" x="598.35" y="533.64" angle="0.00" type="DEFAULT_VEHTYPE" speed="12.93" pos="61.61" lane="3/3to3/2_0" slope="0.00"/>
        <vehicle id="3" x="291.47" y="401.65" angle="-90.00" type="DEFAULT_VEHTYPE" speed="12.74" pos="103.78" lane="2/2to1/2_0" slope="0.00"/>
        <vehicle id="4" x="429.69" y="401.65" angle="-90.00" type="DEFAULT_VEHTYPE" speed="10.27" pos="165.56" lane="3/2to2/2_0" slope="0.00"/>
        <vehicle id="5" x="582.99" y="401.65" angle="-90.00" type="DEFAULT_VEHTYPE" speed="11.68" pos="12.26" lane="3/2to2/2_0" slope="0.00"/>
        <vehicle id="6" x="401.65" y="706.56" angle="180.00" type="DEFAULT_VEHTYPE" speed="13.67" pos="101.81" lane="2/3to2/4_0" slope="0.00"/>
        <vehicle id="7" x="201.41" y="403.04" angle="145.24" type="DEFAULT_VEHTYPE" speed="8.25" pos="8.59" lane=":1/2_14_0" slope="0.00"/>
        <vehicle id="8" x="410.63" y="401.65" angle="-90.00" type="DEFAULT_VEHTYPE" speed="5.36" pos="184.62" lane="3/2to2/2_0" slope="0.00"/>
        <vehicle id="9" x="398.35" y="623.60" angle="0.00" type="DEFAULT_VEHTYPE" speed="12.92" pos="176.40" lane="2/4to2/3_0" slope="0.00"/>
    </timestep>
    <timestep time="412.00">
        <vehicle id="10" x="398.35" y="313.78" angle="0.00" type="DEFAULT_VEHTYPE" speed="13.42" pos="81.47" lane="2/2to2/1_0" slope="0.00"/>
        <vehicle id="12" x="598.35" y="475.48" angle="0.00" type="DEFAULT_VEHTYPE" speed="13.69" pos="119.77" lane="3/3to3/2_0" slope="0.00"/>
        <vehicle id="13" x="598.35" y="520.43" angle="0.00" type="DEFAULT_VEHTYPE" speed="13.21" pos="74.82" lane="3/3to3/2_0" slope="0.00"/>
        <vehicle id="3" x="278.84" y="401.65" angle="-90.00" type="DEFAULT_VEHTYPE" speed="12.63" pos="116.41" lane="2/2to1/2_0" slope="0.00"/>
        <vehicle id="4" x="421.77" y="401.65" angle="-90.00" type="DEFAULT_VEHTYPE" speed="7.92" pos="173.48" lane="3/2to2/2_0" slope="0.00"/>
        <vehicle id="5" x="569.63" y="401.65" angle="-90.00" type="DEFAULT_VEHTYPE" speed="13.36" pos="25.62" lane="3/2to2/2_0" slope="0.00"/>
        <vehicle id="6" x="401.65" y="719.30" angle="180.00" type="DEFAULT_VEHTYPE" speed="12.75" pos="114.55" lane="2/3to2/4_0" slope="0.00"/>
        <vehicle id="7" x="201.65" y="413.48" angle="180.00" type="DEFAULT_VEHTYPE" speed="10.46" pos="8.73" lane="1/2to1/3_0" slope="0.00"/>
        <vehicle id="8" x="402.71" y="401.65" angle="-90.00" type="DEFAULT_VEHTYPE" speed="7.92" pos="2.04" lane=":2/2_5_0" slope="0.00"/>
        <vehicle id="9" x="398.35" y="610.51" angle="0.00" type="DEFAULT_VEHTYPE" speed="13.09" pos="189.49" lane="2/4to2/3_0" slope="0.00"/>
    </timestep>
    <timestep time="413.00">
        <vehicle id="10" x="398.35" y="300.07" angle="0.00" type="DEFAULT_VEHTYPE" speed="13.71" pos="95.18" lane="2/2to2/1_0" slope="0.00"/>
        <vehicle id="12" x="598.35" y="461.99" angle="0.00" type="DEFAULT_VEHTYPE" speed="13.49" pos="133.26" lane="3/3to3/2_0" slope="0.00"/>
        <vehicle id="13" x="598.35" y="507.33" angle="0.00" type="DEFAULT_VEHTYPE" speed="13.10" pos="87.92" lane="3/3to3/2_0" slope="0.00"/>
        <vehicle id="3" x="266.02" y="401.65" angle="-90.00" type="DEFAULT_VEHTYPE" speed="12.82" pos="129.23" lane="2/2to1/2_0" slope="0.00"/>
        <vehicle id="4" x="414.90" y="401.65" angle="-90.00" type="DEFAULT_VEHTYPE" speed="6.87" pos="180.35" lane="3/2to2/2_0" slope="0.00"/>
        <vehicle id="5" x="556.53" y="401.65" angle="-90.00" type="DEFAULT_VEHTYPE" speed="13.09" pos="38.72" lane="3/2to2/2_0" slope="0.00"/>
        <vehicle id="6" x="401.65" y="733.09" angle="180.00" type="DEFAULT_VEHTYPE" speed="13.79" pos="128.34" lane="2/3to2/4_0" slope="0.00"/>
        <vehicle id="7" x="201.65" y="426.02" angle="180.00" type="DEFAULT_VEHTYPE" speed="12.55" pos="21.27" lane="1/2to1/3_0" slope="0.00"/>
        <vehicle id="8" x="393.32" y="401.65" angle="-90.00" type="DEFAULT_VEHTYPE" speed="9.39" pos="1.93" lane="2/2to1/2_0" slope="0.00"/>
        <vehicle id="9" x="398.35" y="597.55" angle="0.00" type="DEFAULT_VEHTYPE" speed="12.96" pos="7.20" lane=":2/3_1_0" slope="0.00"/>
    </timestep>
    <timestep time="414.00">
        <vehicle id="10" x="398.35" y="287.10" angle="0.00" type="DEFAULT_VEHTYPE" speed="12.97" pos="108.15" lane="2/2to2/1_0" slope="0.00"/>
        <vehicle id="12" x="598.35" y="449.09" angle="0.00" type="DEFAULT_VEHTYPE" speed="12.90" pos="146.16" lane="3/3to3/2_0" slope="0.00"/>
        <vehicle id="13" x="598.35" y="493.43" angle="0.00" type="DEFAULT_VEHTYPE" speed="13.89" pos="101.82" lane="3/3to3/2_0" slope="0.00"/>
        <vehicle id="3" x="253.33" y="401.65" angle="-90.00" type="DEFAULT_VEHTYPE" speed="12.69" pos="141.92" lane="2/2to1/2_0" slope="0.00"/>
        <vehicle id="4" x="410.30" y="401.65" angle="-90.00" type="DEFAULT_VEHTYPE" speed="4.60" pos="184.95" lane="3/2to2/2_0" slope="0.00"/>
        <vehicle id="5" x="542.88" y="401.65" angle="-90.00" type="DEFAULT_VEHTYPE" speed="13.65" pos="52.37" lane="3/2to2/2_0" slope="0.00"/>
        <vehicle id="6" x="401.65" y="746.82" angle="180.00" type="DEFAULT_VEHTYPE" speed="13.72" pos="142.07" lane="2/3to2/4_0" slope="0.00"/>
        <vehicle id="7" x="201.65" y="439.19" angle="180.00" type="DEFAULT_VEHTYPE" speed="13.17" pos="34.44" lane="1/2to1/3_0" slope="0.00"/>
        <vehicle id="8" x="381.94" y="401.65" angle="-90.00" type="DEFAULT_VEHTYPE" speed="11.38" pos="13.31" lane="2/2to1/2_0" slope="0.00"/>
        <vehicle id="9" x="398.35" y="583.76" angle="0.00" type="DEFAULT_VEHTYPE" speed="13.79" pos="11.49" lane="2/3to2/2_0" slope="0.00"/>
    </timestep>
    <timestep time="415.00">
        <vehicle id="10" x="398.35" y="274.44" angle="0.00" type="DEFAULT_VEHTYPE" speed="12.66" pos="120.81" lane="2/2to2/1_0" slope="0.00"/>
        <vehicle id="12" x="598.35" y="436.31" angle="0.00" type="DEFAULT_VEHTYPE" speed="12.79" pos="158.94" lane="3/3to3/2_0" slope="0.00"/>
        <vehicle id="13" x="598.35" y="480.50" angle="0.00" type="DEFAULT_VEHTYPE" speed="12.93" pos="114.75" lane="3/3to3/2_0" slope="0.00"/>
        <vehicle id="3" x="240.09" y="401.65" angle="-90.00" type="DEFAULT_VEHTYPE" speed="13.24" pos="155.16" lane="2/2to1/2_0" slope="0.00"/>
        <vehicle id="4" x="404.12" y="401.65" angle="-90.00" type="DEFAULT_VEHTYPE" speed="6.18" pos="0.63" lane=":2/2_5_0" slope="0.00"/>
        <vehicle id="5" x="529.96" y="401.65" angle="-90.00" type="DEFAULT_VEHTYPE" speed="12.92" pos="65.29" lane="3/2to2/2_0" slope="0.00"/>
        <vehicle id="6" x="401.65" y="759.58" angle="180.00" type="DEFAULT_VEHTYPE" speed="12.76" pos="154.83" lane="2/3to2/4_0" slope="0.00"/>
        <vehicle id="7" x="201.65" y="452.92" angle="180.00" type="DEFAULT_VEHTYPE" speed="13.73" pos="48.17" lane="1/2to1/3_0" slope="0.00"/>
        <vehicle id="8" x="368.37" y="401.65" angle="-90.00" type="DEFAULT_VEHTYPE" speed="13.57" pos="26.88" lane="2/2to1/2_0" slope="0.00"/>
        <vehicle id="9" x="398.35" y="570.00" angle="0.00" type="DEFAULT_VEHTYPE" speed="13.76" pos="25.25" lane="2/3to2/2_0" slope="0.00"/>
    </timestep>
    <timestep time="416.00">
        <vehicle id="10" x="398.35" y="261.02" angle="0.00" type="DEFAULT_VEHTYPE" speed="13.42" pos="134.23" lane="2/2to2/1_0" slope="0.00"/>
        <vehicle id="12" x="598.35" y="422.70" angle="0.00" type="DEFAULT_VEHTYPE" speed="13.61" pos="172.55" lane="3/3to3/2_0" slope="0.00"/>
        <vehicle id="13" x="598.35" y="467.46" angle="0.00" type="DEFAULT_VEHTYPE" speed="13.03" pos="127.79" lane="3/3to3/2_0" slope="0.00"/>
        <vehicle id="3" x="227.60" y="401.65" angle="-90.00" type="DEFAULT_VEHTYPE" speed="12.49" pos="167.65" lane="2/2to1/2_0" slope="0.00"/>
        <vehicle id="4" x="395.62" y="401.65" angle="-90.00" type="DEFAULT_VEHTYPE" speed="8.49" pos="9.13" lane=":2/2_5_0" slope="0.00"/>
        <vehicle id="5" x="516.27" y="401.65" angle="-90.00" type="DEFAULT_VEHTYPE" speed="13.69" pos="78.98" lane="3/2to2/2_0" slope="0.00"/>
        <vehicle id="6" x="401.65" y="773.35" angle="180.00" type="DEFAULT_VEHTYPE" speed="13.78" pos="168.60" lane="2/3to2/4_0" slope="0.00"/>
        <vehicle id="7" x="201.65" y="466.48" angle="180.00" type="DEFAULT_VEHTYPE" speed="13.57" pos="61.73" lane="1/2to1/3_0" slope="0.00"/>
        <vehicle id="8" x="355.37" y="401.65" angle="-90.00" type="DEFAULT_VEHTYPE" speed="13.00" pos="39.88" lane="2/2to1/2_0" slope="0.00"/>
        <vehicle id="9" x="398.35" y="557.16" angle="0.00" type="DEFAULT_VEHTYPE" speed="12.83" pos="38.09" lane="2/3to2/2_0" slope="0.00"/>
    </timestep>
    <timestep time="417.00">
        <vehicle id="10" x="398.35" y="247.32" angle="0.00" type="DEFAULT_VEHTYPE" speed="13.71" pos="147.93" lane="2/2to2/1_0" slope="0.00"/>
        <vehicle id="12" x="598.35" y="408.98" angle="0.00" type="DEFAULT_VEHTYPE" speed="13.72" pos="186.27" lane="3/3to3/2_0" slope="0.00"/>
        <vehicle id="13" x="598.35" y="454.63" angle="0.00" type="DEFAULT_VEHTYPE" speed="12.83" pos="140.62" lane="3/3to3/2_0" slope="0.00"/>
        <vehicle id="3" x="218.32" y="401.65" angle="-90.00" type="DEFAULT_VEHTYPE" speed="9.28" pos="176.93" lane="2/2to1/2_0" slope="0.00"/>
        <vehicle id="4" x="385.54" y="401.65" angle="-90.00" type="DEFAULT_VEHTYPE" speed="10.09" pos="9.71" lane="2/2to1/2_0" slope="0.00"/>
        <vehicle id="5" x="503.13" y="401.65" angle="-90.00" type="DEFAULT_VEHTYPE" speed="13.14" pos="92.12" lane="3/2to2/2_0" slope="0.00"/>
        <vehicle id="6" x="401.65" y="786.77" angle="180.00" type="DEFAULT_VEHTYPE" speed="13.42" pos="182.02" lane="2/3to2/4_0" slope="0.00"/>
        <vehicle id="7" x="201.65" y="480.27" angle="180.00" type="DEFAULT_VEHTYPE" speed="13.79" pos="75.52" lane="1/2to1/3_0" slope="0.00"/>
        <vehicle id="8" x="341.56" y="401.65" angle="-90.00" type="DEFAULT_VEHTYPE" speed="13.81" pos="53.69" lane="2/2to1/2_0" slope="0.00"/>
        <vehicle id="9" x="398.35" y="544.03" angle="0.00" type="DEFAULT_VEHTYPE" speed="13.13" pos="51.22" lane="2/3to2/2_0" slope="0.00"/>
    </timestep>
    <timestep time="418.00">
        <vehicle id="10" x="398.35" y="234.10" angle="0.00" type="DEFAULT_VEHTYPE" speed="13.21" pos="161.15" lane="2/2to2/1_0" slope="0.00"/>
        <vehicle id="12" x="591.20" y="401.65" angle="-88.48" type="DEFAULT_VEHTYPE" speed="13.27" pos="4.05" lane="3/2to2/2_0" slope="0.00"/>
        <vehicle id="13" x="598.35" y="441.60" angle="0.00" type="DEFAULT_VEHTYPE" speed="13.03" pos="153.65" lane="3/3to3/2_0" slope="0.00"/>
        <vehicle id="3" x="212.67" y="401.65" angle="-90.00" type="DEFAULT_VEHTYPE" speed="5.65" pos="182.58" lane="2/2to1/2_0" slope="0.00"/>
        <vehicle id="4" x="373.48" y="401.65" angle="-90.00" type="DEFAULT_VEHTYPE" speed="12.06" pos="21.77" lane="2/2to1/2_0" slope="0.00"/>
        <vehicle id="5" x="489.59" y="401.65" angle="-90.00" type="DEFAULT_VEHTYPE" speed="13.54" pos="105.66" lane="3/2to2/2_0" slope="0.00"/>
        <vehicle id="6" x="401.31" y="800.52" angle="-176.02" type="DEFAULT_VEHTYPE" speed="13.85" pos="0.62" lane=":2/4_0_0" slope="0.00"/>
        <vehicle id="7" x="201.65" y="493.81" angle="180.00" type="DEFAULT_VEHTYPE" speed="13.54" pos="89.06" lane="1/2to1/3_0" slope="0.00"/>
        <vehicle id="8" x="328.80" y="401.65" angle="-90.00" type="DEFAULT_VEHTYPE" speed="12.75" pos="66.45" lane="2/2to1/2_0" slope="0.00"/>
        <vehicle id="9" x="398.35" y="530.36" angle="0.00" type="DEFAULT_VEHTYPE" speed="13.67" pos="64.89" lane="2/3to2/2_0" slope="0.00"/>
    </timestep>
    <timestep time="419.00">
        <vehicle id="10" x="398.35" y="220.61" angle="0.00" type="DEFAULT_VEHTYPE" speed="13.49" pos="174.64" lane="2/2to2/1_0" slope="0.00"/>
        <vehicle id="12" x="578.37" y="401.65" angle="-90.00" type="DEFAULT_VEHTYPE" speed="12.83" pos="16.88" lane="3/2to2/2_0" slope="0.00"/>
        <vehicle id="13" x="598.35" y="428.26" angle="0.00" type="DEFAULT_VEHTYPE" speed="13.34" pos="166.99" lane="3/3to3/2_0" slope="0.00"/>
        <vehicle id="3" x="209.82" y="401.65" angle="-90.00" type="DEFAULT_VEHTYPE" speed="2.85" pos="185.43" lane="2/2to1/2_0" slope="0.00"/>
        <vehicle id="4" x="359.70" y="401.65" angle="-90.00" type="DEFAULT_VEHTYPE" speed="13.78" pos="35.55" lane="2/2to1/2_0" slope="0.00"/>
        <vehicle id="5" x="476.98" y="401.65" angle="-90.00" type="DEFAULT_VEHTYPE" speed="12.61" pos="118.27" lane="3/2to2/2_0" slope="0.00"/>
        <vehicle id="6" x="398.35" y="790.78" angle="0.00" type="DEFAULT_VEHTYPE" speed="13.42" pos="9.22" lane="2/4to2/3_0" slope="0.00"/>
        <vehicle id="7" x="201.65" y="507.58" angle="180.00" type="DEFAULT_VEHTYPE" speed="13.77" pos="102.83" lane="1/2to1/3_0" slope="0.00"/>
        <vehicle id="8" x="315.36" y="401.65" angle="-90.00" type="DEFAULT_VEHTYPE" speed="13.44" pos="79.89" lane="2/2to1/2_0" slope="0.00"/>
        <vehicle id="9" x="398.35" y="517.49" angle="0.00" type="DEFAULT_VEHTYPE" speed="12.87" pos="77.76" lane="2/3to2/2_0" slope="0.00"/>
    </timestep>
    <timestep time="420.00">
        <vehicle id="10" x="398.35" y="207.06" angle="0.00" type="DEFAULT_VEHTYPE" speed="13.55" pos="188.19" lane="2/2to2/1_0" slope="0.00"/>
        <vehicle id="12" x="565.56" y="401.65" angle="-90.00" type="DEFAULT_VEHTYPE" speed="12.81" pos="29.69" lane="3/2to2/2_0" slope="0.00"/>
        <vehicle id="13" x="598.35" y="415.21" angle="0.00" type="DEFAULT_VEHTYPE" speed="13.05" pos="180.04" lane="3/3to3/2_0" slope="0.00"/>
        <vehicle id="3" x="204.59" y="401.65" angle="-90.00" type="DEFAULT_VEHTYPE" speed="5.23" pos="0.16" lane=":1/2_5_0" slope="0.00"/>
        <vehicle id="4" x="346.90" y="401.65" angle="-90.00" type="DEFAULT_VEHTYPE" speed="12.79" pos="48.35" lane="2/2to1/2_0" slope="0.00"/>
        <vehicle id="5" x="464.03" y="401.65" angle="-90.00" type="DEFAULT_VEHTYPE" speed="12.95" pos="131.22" lane="3/2to2/2_0" slope="0.00"/>
        <vehicle id="6" x="398.35" y="777.64" angle="0.00" type="DEFAULT_VEHTYPE" speed="13.14" pos="22.36" lane="2/4to2/3_0" slope="0.00"/>
        <vehicle id="7" x="201.65" y="521.00" angle="180.00" type="DEFAULT_VEHTYPE" speed="13.42" pos="116.25" lane="1/2to1/3_0" slope="0.00"/>
        <vehicle id="8" x="301.99" y="401.65" angle="-90.00" type="DEFAULT_VEHTYPE" speed="13.38" pos="93.26" lane="2/2to1/2_0" slope="0.00"/>
        <vehicle id="9" x="398.35" y="504.36" angle="0.00" type="DEFAULT_VEHTYPE" speed="13.13" pos="90.89" lane="2/3to2/2_0" slope="0.00"/>
    </timestep>
    <timestep time="421.00">
        <vehicle id="10" x="398.35" y="194.28" angle="0.00" type="DEFAULT_VEHTYPE" speed="12.78" pos="0.97" lane="2/1to2/0_0" slope="0.00"/>
        <vehicle id="12" x="552.70" y="401.65" angle="-90.00" type="DEFAULT_VEHTYPE" speed="12.86" pos="42.55" lane="3/2to2/2_0" slope="0.00"/>
        <vehicle id="13" x="597.61" y="402.47" angle="-8.67" type="DEFAULT_VEHTYPE" speed="12.90" pos="2.44" lane=":3/2_0_0" slope="0.00"/>
        <vehicle id="3" x="197.67" y="401.65" angle="-90.00" type="DEFAULT_VEHTYPE" speed="6.92" pos="7.08" lane=":1/2_5_0" slope="0.00"/>
        <vehicle id="4" x="333.55" y="401.65" angle="-90.00" type="DEFAULT_VEHTYPE" speed="13.35" pos="61.70" lane="2/2to1/2_0" slope="0.00"/>
        <vehicle id="5" x="450.79" y="401.65" angle="-90.00" type="DEFAULT_VEHTYPE" speed="13.24" pos="144.46" lane="3/2to2/2_0" slope="0.00"/>
        <vehicle id="6" x="398.35" y="763.98" angle="0.00" type="DEFAULT_VEHTYPE" speed="13.66" pos="36.02" lane="2/4to2/3_0" slope="0.00"/>
        <vehicle id="7" x="201.65" y="534.71" angle="180.00" type="DEFAULT_VEHTYPE" speed="13.71" pos="129.96" lane="1/2to1/3_0" slope="0.00"/>
        <vehicle id="8" x="289.19" y="401.65" angle="-90.00" type="DEFAULT_VEHTYPE" speed="12.80" pos="106.06" lane="2/2to1/2_0" slope="0.00"/>
        <vehicle id="9" x="398.35" y="490.64" angle="0.00" type="DEFAULT_VEHTYPE" speed="13.72" pos="104.61" lane="2/3to2/2_0" slope="0.00"/>
    </timestep>
    <timestep time="422.00">
        <vehicle id="10" x="398.35" y="180.63" angle="0.00" type="DEFAULT_VEHTYPE" speed="13.65" pos="14.62" lane="2/1to2/0_0" slope="0.00"/>
        <vehicle id="12" x="539.87" y="401.65" angle="-90.00" type="DEFAULT_VEHTYPE" speed="12.83" pos="55.38" lane="3/2to2/2_0" slope="0.00"/>
        <vehicle id="13" x="584.63" y="401.65" angle="-90.00" type="DEFAULT_VEHTYPE" speed="13.18" pos="10.62" lane="3/2to2/2_0" slope="0.00"/>
        <vehicle id="3" x="188.85" y="401.65" angle="-90.00" type="DEFAULT_VEHTYPE" speed="8.82" pos="6.40" lane="1/2to0/2_0" slope="0.00"/>
        <vehicle id="4" x="320.65" y="401.65" angle="-90.00" type="DEFAULT_VEHTYPE" speed="12.91" pos="74.60" lane="2/2to1/2_0" slope="0.00"/>
        <vehicle id="5" x="437.30" y="401.65" angle="-90.00" type="DEFAULT_VEHTYPE" speed="13.49" pos="157.95" lane="3/2to2/2_0" slope="0.00"/>
        <vehicle id="6" x="398.35" y="750.23" angle="0.00" type="DEFAULT_VEHTYPE" speed="13.75" pos="49.77" lane="2/4to2/3_0" slope="0.00"/>
        <vehicle id="7" x="201.65" y="548.51" angle="180.00" type="DEFAULT_VEHTYPE" speed="13.80" pos="143.76" lane="1/2to1/3_0" slope="0.00"/>
        <vehicle id="8" x="276.04" y="401.65" angle="-90.00" type="DEFAULT_VEHTYPE" speed="13.15" pos="119.21" lane="2/2to1/2_0" slope="0.00"/>
        <vehicle id="9" x="398.35" y="477.09" angle="0.00" type="DEFAULT_VEHTYPE" speed="13.56" pos="118.16" lane="2/3to2/2_0" slope="0.00"/>
    </timestep>
    <timestep time="423.00">
        <vehicle id="10" x="398.35" y="167.66" angle="0.00" type="DEFAULT_VEHTYPE" speed="12.97" pos="27.59" lane="2/1to2/0_0" slope="0.00"/>
        <vehicle id="12" x="526.68" y="401.65" angle="-90.00" type="DEFAULT_VEHTYPE" speed="13.19" pos="68.57" lane="3/2to2/2_0" slope="0.00"/>
        <vehicle id="13" x="571.36" y="401.65" angle="-90.00" type="DEFAULT_VEHTYPE" speed="13.27" pos="23.89" lane="3/2to2/2_0" slope="0.00"/>
        <vehicle id="3" x="178.64" y="401.65" angle="-90.00" type="DEFAULT_VEHTYPE" speed="10.20" pos="16.61" lane="1/2to0/2_0" slope="0.00"/>
        <vehicle id="4" x="307.76" y="401.65" angle="-90.00" type="DEFAULT_VEHTYPE" speed="12.89" pos="87.49" lane="2/2to1/2_0" slope="0.00"/>
        <vehicle id="5" x="424.96" y="401.65" angle="-90.00" type="DEFAULT_VEHTYPE" speed="12.34" pos="170.29" lane="3/2to2/2_0" slope="0.00"/>
        <vehicle id="6" x="398.35" y="736.34" angle="0.00" type="DEFAULT_VEHTYPE" speed="13.89" pos="63.66" lane="2/4to2/3_0" slope="0.00"/>
        <vehicle id="7" x="201.65" y="562.20" angle="180.00" type="DEFAULT_VEHTYPE" speed="13.69" pos="157.45" lane="1/2to1/3_0" slope="0.00"/>
        <vehicle id="8" x="262.57" y="401.65" angle="-90.00" type="DEFAULT_VEHTYPE" speed="13.47" pos="132.68" lane="2/2to1/2_0" slope="0.00"/>
        <vehicle id="9" x="398.35" y="464.13" angle="0.00" type="DEFAULT_VEHTYPE" speed="12.96" pos="131.12" lane="2/3to2/2_0" slope="0.00"/>
    </timestep>
    <timestep time="424.00">
        <vehicle id="10" x="398.35" y="154.79" angle="0.00" type="DEFAULT_VEHTYPE" speed="12.87" pos="40.46" lane="2/1to2/0_0" slope="0.00"/>
        <vehicle id="12" x="512.98" y="401.65" angle="-90.00" type="DEFAULT_VEHTYPE" speed="13.70" pos="82.27" lane="3/2to2/2_0" slope="0.00"/>
        <vehicle id="13" x="557.70" y="401.65" angle="-90.00" type="DEFAULT_VEHTYPE" speed="13.66" pos="37.55" lane="3/2to2/2_0" slope="0.00"/>
        <vehicle id="3" x="166.11" y="401.65" angle="-90.00" type="DEFAULT_VEHTYPE" speed="12.53" pos="29.14" lane="1/2to0/2_0" slope="0.00"/>
        <vehicle id="4" x="294.44" y="401.65" angle="-90.00" type="DEFAULT_VEHTYPE" speed="13.32" pos="100.81" lane="2/2to1/2_0" slope="0.00"/>
        <vehicle id="5" x="416.78" y="401.65" angle="-90.00" type="DEFAULT_VEHTYPE" speed="8.18" pos="178.47" lane="3/2to2/2_0" slope="0.00"/>
        <vehicle id="6" x="398.35" y="723.13" angle="0.00" type="DEFAULT_VEHTYPE" speed="13.20" pos="76.87" lane="2/4to2/3_0" slope="0.00"/>
        <vehicle id="7" x="201.65" y="575.21" angle="180.00" type="DEFAULT_VEHTYPE" speed="13.01" pos="170.46" lane="1/2to1/3_0" slope="0.00"/>
        <vehicle id="8" x="248.96" y="401.65" angle="-90.00" type="DEFAULT_VEHTYPE" speed="13.61" pos="146.29" lane="2/2to1/2_0" slope="0.00"/>
        <vehicle id="9" x="398.35" y="451.46" angle="0.00" type="DEFAULT_VEHTYPE" speed="12.67" pos="143.79" lane="2/3to2/2_0" slope="0.00"/>
    </timestep>
    <timestep time="425.00">
        <vehicle id="10" x="398.35" y="142.02" angle="0.00" type="DEFAULT_VEHTYPE" speed="12.77" pos="53.23" lane="2/1to2/0_0" slope="0.00"/>
        <vehicle id="12" x="499.48" y="401.65" angle="-90.00" type="DEFAULT_VEHTYPE" speed="13.50" pos="95.77" lane="3/2to2/2_0" slope="0.00"/>
        <vehicle id="13" x="544.04" y="401.65" angle="-90.00" type="DEFAULT_VEHTYPE" speed="13.66" pos="51.21" lane="3/2to2/2_0" slope="0.00"/>
        <vehicle id="3" x="152.23" y="401.65" angle="-90.00" type="DEFAULT_VEHTYPE" speed="13.89" pos="43.02" lane="1/2to0/2_0" slope="0.00"/>
        <vehicle id="4" x="281.03" y="401.65" angle="-90.00" type="DEFAULT_VEHTYPE" speed="13.41" pos="114.22" lane="2/2to1/2_0" slope="0.00"/>
        <vehicle id="5" x="411.71" y="401.65" angle="-90.00" type="DEFAULT_VEHTYPE" speed="5.07" pos="183.54" lane="3/2to2/2_0" slope="0.00"/>
        <vehicle id="6" x="398.35" y="709.80" angle="0.00" type="DEFAULT_VEHTYPE" speed="13.34" pos="90.20" lane="2/4to2/3_0" slope="0.00"/>
        <vehicle id="7" x="201.65" y="587.83" angle="180.00" type="DEFAULT_VEHTYPE" speed="12.62" pos="183.08" lane="1/2to1/3_0" slope="0.00"/>
        <vehicle id="8" x="235.13" y="401.65" angle="-90.00" type="DEFAULT_VEHTYPE" speed="13.83" pos="160.12" lane="2/2to1/2_0" slope="0.00"/>
        <vehicle id="9" x="398.35" y="438.76" angle="0.00" type="DEFAULT_VEHTYPE" speed="12.70" pos="156.49" lane="2/3to2/2_0" slope="0.00"/>
    </timestep>
    <timestep time="426.00">
        <vehicle id="10" x="398.35" y="129.10" angle="0.00" type="DEFAULT_VEHTYPE" speed="12.92" pos="66.15" lane="2/1to2/0_0" slope="0.00"/>
        <vehicle id="12" x="486.77" y="401.65" angle="-90.00" type="DEFAULT_VEHTYPE" speed="12.71" pos="108.48" lane="3/2to2/2_0" slope="0.00"/>
        <vehicle id="13" x="530.52" y="401.65" angle="-90.00" type="DEFAULT_VEHTYPE" speed="13.52" pos="64.73" lane="3/2to2/2_0" slope="0.00"/>
        <vehicle id="3" x="138.86" y="401.65" angle="-90.00" type="DEFAULT_VEHTYPE" speed="13.37" pos="56.39" lane="1/2to0/2_0" slope="0.00"/>
        <vehicle id="4" x="267.73" y="401.65" angle="-90.00" type="DEFAULT_VEHTYPE" speed="13.30" pos="127.52" lane="2/2to1/2_0" slope="0.00"/>
        <vehicle id="5" x="408.98" y="401.65" angle="-90.00" type="DEFAULT_VEHTYPE" speed="2.73" pos="186.27" lane="3/2to2/2_0" slope="0.00"/>
        <vehicle id="6" x="398.35" y="696.05" angle="0.00" type="DEFAULT_VEHTYPE" speed="13.74" pos="103.95" lane="2/4to2/3_0" slope="0.00"/>
        <vehicle id="7" x="205.45" y="598.35" angle="123.05" type="DEFAULT_VEHTYPE" speed="13.12" pos="0.70" lane="1/3to2/3_0" slope="0.00"/>
        <vehicle id="8" x="223.55" y="401.65" angle="-90.00" type="DEFAULT_VEHTYPE" speed="11.58" pos="171.70" lane="2/2to1/2_0" slope="0.00"/>
        <vehicle id="9" x="398.35" y="425.97" angle="0.00" type="DEFAULT_VEHTYPE" speed="12.79" pos="169.28" lane="2/3to2/2_0" slope="0.00"/>
    </timestep>
    <timestep time="427.00">
        <vehicle id="10" x="398.35" y="116.19" angle="0.00" type="DEFAULT_VEHTYPE" speed="12.91" pos="79.06" lane="2/1to2/0_0" slope="0.00"/>
        <vehicle id="12" x="473.41" y="401.65" angle="-90.00" type="DEFAULT_VEHTYPE" speed="13.36" pos="121.84" lane="3/2to2/2_0" slope="0.00"/>
        <vehicle id="13" x="517.17" y="401.65" angle="-90.00" type="DEFAULT_VEHTYPE" speed="13.35" pos="78.08" lane="3/2to2/2_0" slope="0.00"/>
        <vehicle id="3" x="125.12" y="401.65" angle="-90.00" type="DEFAULT_VEHTYPE" speed="13.74" pos="70.13" lane="1/2to0/2_0" slope="0.00"/>
        <vehicle id="4" x="254.05" y="401.65" angle="-90.00" type="DEFAULT_VEHTYPE" speed="13.68" pos="141.20" lane="2/2to1/2_0" slope="0.00"/>
        <vehicle id="5" x="408.00" y="401.65" angle="-90.00" type="DEFAULT_VEHTYPE" speed="0.99" pos="187.25" lane="3/2to2/2_0" slope="0.00"/>
        <vehicle id="6" x="398.35" y="682.70" angle="0.00" type="DEFAULT_VEHTYPE" speed="13.35" pos="117.30" lane="2/4to2/3_0" slope="0.00"/>
        <vehicle id="7" x="219.13" y="598.35" angle="90.00" type="DEFAULT_VEHTYPE" speed="13.68" pos="14.38" lane="1/3to2/3_0" slope="0.00"/>
        <vehicle id="8" x="215.19" y="401.65" angle="-90.00" type="DEFAULT_VEHTYPE" speed="8.36" pos="180.06" lane="2/2to1/2_0" slope="0.00"/>
        <vehicle id="9" x="398.35" y="412.15" angle="0.00" type="DEFAULT_VEHTYPE" speed="13.82" pos="183.10" lane="2/3to2/2_0" slope="0.00"/>
    </timestep>
    <timestep time="428.00">
        <vehicle id="10" x="398.35" y="102.97" angle="0.00" type="DEFAULT_VEHTYPE" speed="13.22" pos="92.28" lane="2/1to2/0_0" slope="0.00"/>
        <vehicle id="12" x="460.64" y="401.65" angle="-90.00" type="DEFAULT_VEHTYPE" speed="12.77" pos="134.61" lane="3/2to2/2_0" slope="0.00"/>
        <vehicle id="13" x="503.79" y="401.65" angle="-90.00" type="DEFAULT_VEHTYPE" speed="13.38" pos="91.46" lane="3/2to2/2_0" slope="0.00"/>
        <vehicle id="3" x="111.57" y="401.65" angle="-90.00" type="DEFAULT_VEHTYPE" speed="13.54" pos="83.68" lane="1/2to0/2_0" slope="0.00"/>
        <vehicle id="4" x="240.45" y="401.65" angle="-90.00" type="DEFAULT_VEHTYPE" speed="13.60" pos="154.80" lane="2/2to1/2_0" slope="0.00"/>
        <vehicle id="5" x="407.42" y="401.65" angle="-90.00" type="DEFAULT_VEHTYPE" speed="0.58" pos="187.83" lane="3/2to2/2_0" slope="0.00"/>
        <vehicle id="6" x="398.35" y="669.39" angle="0.00" type="DEFAULT_VEHTYPE" speed="13.31" pos="130.61" lane="2/4to2/3_0" slope="0.00"/>
        <vehicle id="7" x="232.81" y="598.35" angle="90.00" type="DEFAULT_VEHTYPE" speed="13.69" pos="28.06" lane="1/3to2/3_0" slope="0.00"/>
        <vehicle id="8" x="210.18" y="401.65" angle="-90.00" type="DEFAULT_VEHTYPE" speed="5.01" pos="185.07" lane="2/2to1/2_0" slope="0.00"/>
        <vehicle id="9" x="398.35" y="398.66" angle="0.00" type="DEFAULT_VEHTYPE" speed="13.49" pos="6.09" lane=":2/2_1_0" slope="0.00"/>
    </timestep>
    <timestep time="429.00">
        <vehicle id="10" x="398.35" y="90.00" angle="0.00" type="DEFAULT_VEHTYPE" speed="12.97" pos="105.25" lane="2/1to2/0_0" slope="0.00"/>
        <vehicle id="12" x="447.81" y="401.65" angle="-90.00" type="DEFAULT_VEHTYPE" speed="12.83" pos="147.44" lane="3/2to2/2_0" slope="0.00"/>
        <vehicle id="13" x="490.96" y="401.65" angle="-90.00" type="DEFAULT_VEHTYPE" speed="12.83" pos="104.29" lane="3/2to2/2_0" slope="0.00"/>
        <vehicle id="3" x="98.48" y="401.65" angle="-90.00" type="DEFAULT_VEHTYPE" speed="13.09" pos="96.77" lane="1/2to0/2_0" slope="0.00"/>
        <vehicle id="4" x="228.79" y="401.65" angle="-90.00" type="DEFAULT_VEHTYPE" speed="11.65" pos="166.46" lane="2/2to1/2_0" slope="0.00"/>
        <vehicle id="5" x="407.33" y="401.65" angle="-90.00" type="DEFAULT_VEHTYPE" speed="0.09" pos="187.92" lane="3/2to2/2_0" slope="0.00"/>
        <vehicle id="6" x="398.35" y="656.26" angle="0.00" type="DEFAULT_VEHTYPE" speed="13.13" pos="143.74" lane="2/4to2/3_0" slope="0.00"/>
        <vehicle id="7" x="246.64" y="598.35" angle="90.00" type="DEFAULT_VEHTYPE" speed="13.83" pos="41.89" lane="1/3to2/3_0" slope="0.00"/>
        <vehicle id="8" x="203.83" y="401.52" angle="-88.50" type="DEFAULT_VEHTYPE" speed="6.36" pos="0.93" lane=":1/2_6_0" slope="0.00"/>
        <vehicle id="9" x="398.35" y="385.04" angle="0.00" type="DEFAULT_VEHTYPE" speed="13.62" pos="10.21" lane="2/2to2/1_0" slope="0.00"/>
    </timestep>
    <timestep time="430.00">
        <vehicle id="10" x="398.35" y="77.01" angle="0.00" type="DEFAULT_VEHTYPE" speed="12.99" pos="118.24" lane="2/1to2/0_0" slope="0.00"/>
        <vehicle id="12" x="435.02" y="401.65" angle="-90.00" type="DEFAULT_VEHTYPE" speed="12.79" pos="160.23" lane="3/2to2/2_0" slope="0.00"/>
        <vehicle id="13" x="477.66" y="401.65" angle="-90.00" type="DEFAULT_VEHTYPE" speed="13.30" pos="117.59" lane="3/2to2/2_0" slope="0.00"/>
        <vehicle id="3" x="85.33" y="401.65" angle="-90.00" type="DEFAULT_VEHTYPE" speed="13.15" pos="109.92" lane="1/2to0/2_0" slope="0.00"/>
        <vehicle id="4" x="219.85" y="401.65" angle="-90.00" type="DEFAULT_VEHTYPE" speed="8.94" pos="175.40" lane="2/2to1/2_0" slope="0.00"/>
        <vehicle id="5" x="405.81" y="401.65" angle="-90.00" type="DEFAULT_VEHTYPE" speed="1.52" pos="189.44" lane="3/2to2/2_0" slope="0.00"/>
        <vehicle id="6" x="398.35" y="643.55" angle="0.00" type="DEFAULT_VEHTYPE" speed="12.71" pos="156.45" lane="2/4to2/3_0" slope="0.00"/>
        <vehicle id="7" x="259.24" y="598.35" angle="90.00" type="DEFAULT_VEHTYPE" speed="12.60" pos="54.49" lane="1/3to2/3_0" slope="0.00"/>
        <vehicle id="8" x="198.50" y="396.32" angle="-27.99" type="DEFAULT_VEHTYPE" speed="8.32" pos="9.24" lane=":1/2_6_0" slope="0.00"/>
        <vehicle id="9" x="398.35" y="371.48" angle="0.00" type="DEFAULT_VEHTYPE" speed="13.56" pos="23.77" lane="2/2to2/1_0" slope="0.00"/>
    </timestep>
    <timestep time="431.00">
        <vehicle id="10" x="398.35" y="64.38" angle="0.00" type="DEFAULT_VEHTYPE" speed="12.63" pos="130.87" lane="2/1to2/0_0" slope="0.00"/>
        <vehicle id="12" x="425.06" y="401.65" angle="-90.00" type="DEFAULT_VEHTYPE" speed="9.96" pos="170.19" lane="3/2to2/2_0" slope="0.00"/>
        <vehicle id="13" x="464.86" y="401.65" angle="-90.00" type="DEFAULT_VEHTYPE" speed="12.81" pos="130.39" lane="3/2to2/2_0" slope="0.00"/>
        <vehicle id="3" x="71.70" y="401.65" angle="-90.00" type="DEFAULT_VEHTYPE" speed="13.63" pos="123.55" lane="1/2to0/2_0" slope="0.00"/>
        <vehicle id="4" x="213.45" y="401.65" angle="-90.00" type="DEFAULT_VEHTYPE" speed="6.41" pos="181.80" lane="2/2to1/2_0" slope="0.00"/>
        <vehicle id="5" x="402.57" y="401.65" angle="-90.00" type="DEFAULT_VEHTYPE" speed="3.25" pos="2.18" lane=":2/2_5_0" slope="0.00"/>
        <vehicle id="6" x="398.35" y="630.83" angle="0.00" type="DEFAULT_VEHTYPE" speed="12.72" pos="169.17" lane="2/4to2/3_0" slope="0.00"/>
        <vehicle id="7" x="272.00" y="598.35" angle="90.00" type="DEFAULT_VEHTYPE" speed="12.76" pos="67.25" lane="1/3to2/3_0" slope="0.00"/>
        <vehicle id="8" x="198.35" y="386.10" angle="0.00" type="DEFAULT_VEHTYPE" speed="10.23" pos="9.15" lane="1/2to1/1_0" slope="0.00"/>
        <vehicle id="9" x="398.35" y="358.32" angle="0.00" type="DEFAULT_VEHTYPE" speed="13.16" pos="36.93" lane="2/2to2/1_0" slope="0.00"/>
    </timestep>
    <timestep time="432.00">
        <vehicle id="10" x="398.35" y="51.05" angle="0.00" type="DEFAULT_VEHTYPE" speed="13.33" pos="144.20" lane="2/1to2/0_0" slope="0.00"/>
        <vehicle id="12" x="417.77" y="401.65" angle="-90.00" type="DEFAULT_VEHTYPE" speed="7.29" pos="177.48" lane="3/2to2/2_0" slope="0.00"/>
        <vehicle id="13" x="451.06" y="401.65" angle="-90.00" type="DEFAULT_VEHTYPE" speed="13.79" pos="144.19" lane="3/2to2/2_0" slope="0.00"/>
        <vehicle id="3" x="57.88" y="401.65" angle="-90.00" type="DEFAULT_VEHTYPE" speed="13.82" pos="137.37" lane="1/2to0/2_0" slope="0.00"/>
        <vehicle id="4" x="209.27" y="401.65" angle="-90.00" type="DEFAULT_VEHTYPE" speed="4.18" pos="185.98" lane="2/2to1/2_0" slope="0.00"/>
        <vehicle id="5" x="397.67" y="401.65" angle="-90.00" type="DEFAULT_VEHTYPE" speed="4.90" pos="7.08" lane=":2/2_5_0" slope="0.00"/>
        <vehicle id="6" x="398.35" y="618.11" angle="0.00" type="DEFAULT_VEHTYPE" speed="12.72" pos="181.89" lane="2/4to2/3_0" slope="0.00"/>
        <vehicle id="7" x="284.69" y="598.35" angle="90.00" type="DEFAULT_VEHTYPE" speed="12.69" pos="79.94" lane="1/3to2/3_0" slope="0.00"/>
        <vehicle id="8" x="198.35" y="373.76" angle="0.00" type="DEFAULT_VEHTYPE" speed="12.34" pos="21.49" lane="1/2to1/1_0" slope="0.00"/>
        <vehicle id="9" x="398.35" y="345.58" angle="0.00" type="DEFAULT_VEHTYPE" speed="12.74" pos="49.67" lane="2/2to2/1_0" slope="0.00"/>
    </timestep>
    <timestep time="433.00">
        <vehicle id="10" x="398.35" y="38.13" angle="0.00" type="DEFAULT_VEHTYPE" speed="12.93" pos="157.12" lane="2/1to2/0_0" slope="0.00"/>
        <vehicle id="12" x="411.97" y="401.65" angle="-90.00" type="DEFAULT_VEHTYPE" speed="5.80" pos="183.28" lane="3/2to2/2_0" slope="0.00"/>
        <vehicle id="13" x="438.70" y="401.65" angle="-90.00" type="DEFAULT_VEHTYPE" speed="12.36" pos="156.55" lane="3/2to2/2_0" slope="0.00"/>
        <vehicle id="3" x="44.96" y="401.65" angle="-90.00" type="DEFAULT_VEHTYPE" speed="12.93" pos="150.29" lane="1/2to0/2_0" slope="0.00"/>
        <vehicle id="4" x="203.14" y="401.42" angle="-87.35" type="DEFAULT_VEHTYPE" speed="6.15" pos="1.63" lane=":1/2_6_0" slope="0.00"/>
        <vehicle id="5" x="390.71" y="401.65" angle="-90.00" type="DEFAULT_VEHTYPE" speed="6.96" pos="4.54" lane="2/2to1/2_0" slope="0.00"/>
        <vehicle id="6" x="398.35" y="604.48" angle="0.00" type="DEFAULT_VEHTYPE" speed="13.63" pos="0.27" lane=":2/3_1_0" slope="0.00"/>
        <vehicle id="7" x="298.26" y="598.35" angle="90.00" type="DEFAULT_VEHTYPE" speed="13.57" pos="93.51" lane="1/3to2/3_0" slope="0.00"/>
        <vehicle id="8" x="198.35" y="359.94" angle="0.00" type="DEFAULT_VEHTYPE" speed="13.82" pos="35.31" lane="1/2to1/1_0" slope="0.00"/>
        <vehicle id="9" x="398.35" y="332.48" angle="0.00" type="DEFAULT_VEHTYPE" speed="13.09" pos="62.77" lane="2/2to2/1_0" slope="0.00"/>
    </timestep>
    <timestep time="434.00">
        <vehicle id="10" x="398.35" y="24.76" angle="0.00" type="DEFAULT_VEHTYPE" speed="13.36" pos="170.49" lane="2/1to2/0_0" slope="0.00"/>
        <vehicle id="12" x="408.77" y="401.65" angle="-90.00" type="DEFAULT_VEHTYPE" speed="3.20" pos="186.48" lane="3/2to2/2_0" slope="0.00"/>
        <vehicle id="13" x="428.02" y="401.65" angle="-90.00" type="DEFAULT_VEHTYPE" speed="10.68" pos="167.23" lane="3/2to2/2_0" slope="0.00"/>
        <vehicle id="3" x="31.16" y="401.65" angle="-90.00" type="DEFAULT_VEHTYPE" speed="13.80" pos="164.09" lane="1/2to0/2_0" slope="0.00"/>
        <vehicle id="4" x="198.51" y="396.34" angle="-28.26" type="DEFAULT_VEHTYPE" speed="7.59" pos="9.22" lane=":1/2_6_0" slope="0.00"/>
        <vehicle id="5" x="381.88" y="401.65" angle="-90.00" type="DEFAULT_VEHTYPE" speed="8.82" pos="13.37" lane="2/2to1/2_0" slope="0.00"/>
        <vehicle id="6" x="398.35" y="590.71" angle="0.00" type="DEFAULT_VEHTYPE" speed="13.77" pos="4.54" lane="2/3to2/2_0" slope="0.00"/>
        <vehicle id="7" x="311.39" y="598.35" angle="90.00" type="DEFAULT_VEHTYPE" speed="13.13" pos="106.64" lane="1/3to2/3_0" slope="0.00"/>
        <vehicle id="8" x="198.35" y="346.18" angle="0.00" type="DEFAULT_VEHTYPE" speed="13.76" pos="49.07" lane="1/2to1/1_0" slope="0.00"/>
        <vehicle id="9" x="398.35" y="319.38" angle="0.00" type="DEFAULT_VEHTYPE" speed="13.10" pos="75.87" lane="2/2to2/1_0" slope="0.00"/>
    </timestep>
    <timestep time="435.00">
        <vehicle id="10" x="398.35" y="11.05" angle="0.00" type="DEFAULT_VEHTYPE" speed="13.71" pos="184.20" lane="2/1to2/0_0" slope="0.00"/>
        <vehicle id="12" x="403.65" y="401.49" angle="-88.19" type="DEFAULT_VEHTYPE" speed="5.14" pos="1.11" lane=":2/2_6_0" slope="0.00"/>
        <vehicle id="13" x="421.83" y="401.65" angle="-90.00" type="DEFAULT_VEHTYPE" speed="6.18" pos="173.42" lane="3/2to2/2_0" slope="0.00"/>
        <vehicle id="3" x="17.65" y="401.65" angle="-90.00" type="DEFAULT_VEHTYPE" speed="13.51" pos="177.60" lane="1/2to0/2_0" slope="0.00"/>
        <vehicle id="4" x="198.35" y="386.67" angle="0.00" type="DEFAULT_VEHTYPE" speed="9.68" pos="8.58" lane="1/2to1/1_0" slope="0.00"/>
        <vehicle id="5" x="370.52" y="401.65" angle="-90.00" type="DEFAULT_VEHTYPE" speed="11.36" pos="24.73" lane="2/2to1/2_0" slope="0.00"/>
        <vehicle id="6" x="398.35" y="577.15" angle="0.00" type="DEFAULT_VEHTYPE" speed="13.56" pos="18.10" lane="2/3to2/2_0" slope="0.00"/>
        <vehicle id="7" x="325.01" y="598.35" angle="90.00" type="DEFAULT_VEHTYPE" speed="13.62" pos="120.26" lane="1/3to2/3_0" slope="0.00"/>
        <vehicle id="8" x="198.35" y="332.32" angle="0.00" type="DEFAULT_VEHTYPE" speed="13.86" pos="62.93" lane="1/2to1/1_0" slope="0.00"/>
        <vehicle id="9" x="398.35" y="305.86" angle="0.00" type="DEFAULT_VEHTYPE" speed="13.52" pos="89.39" lane="2/2to2/1_0" slope="0.00"/>
    </timestep>
    <timestep time="436.00">
        <vehicle id="10" x="399.28" y="-1.30" angle="11.25" type="DEFAULT_VEHTYPE" speed="12.66" pos="1.61" lane=":2/0_0_0" slope="0.00"/>
        <vehicle id="12" x="398.56" y="396.71" angle="-32.09" type="DEFAULT_VEHTYPE" speed="7.73" pos="8.85" lane=":2/2_6_0" slope="0.00"/>
        <vehicle id="13" x="415.00" y="401.65" angle="-90.00" type="DEFAULT_VEHTYPE" speed="6.84" pos="180.25" lane="3/2to2/2_0" slope="0.00"/>
        <vehicle id="3" x="4.22" y="401.65" angle="-90.00" type="DEFAULT_VEHTYPE" speed="13.43" pos="191.03" lane="1/2to0/2_0" slope="0.00"/>
        <vehicle id="4" x="198.35" y="374.98" angle="0.00" type="DEFAULT_VEHTYPE" speed="11.70" pos="20.27" lane="1/2to1/1_0" slope="0.00"/>
        <vehicle id="5" x="357.68" y="401.65" angle="-90.00" type="DEFAULT_VEHTYPE" speed="12.83" pos="37.57" lane="2/2to1/2_0" slope="0.00"/>
        <vehicle id="6" x="398.35" y="563.39" angle="0.00" type="DEFAULT_VEHTYPE" speed="13.77" pos="31.86" lane="2/3to2/2_0" slope="0.00"/>
        <vehicle id="7" x="338.89" y="598.35" angle="90.00" type="DEFAULT_VEHTYPE" speed="13.88" pos="134.14" lane="1/3to2/3_0" slope="0.00"/>
        <vehicle id="8" x="198.35" y="318.49" angle="0.00" type="DEFAULT_VEHTYPE" speed="13.83" pos="76.76" lane="1/2to1/1_0" slope="0.00"/>
        <vehicle id="9" x="398.35" y="292.27" angle="0.00" type="DEFAULT_VEHTYPE" speed="13.60" pos="102.98" lane="2/2to2/1_0" slope="0.00"/>
    </timestep>
    <timestep time="437.00">
        <vehicle id="10" x="401.65" y="10.00" angle="180.00" type="DEFAULT_VEHTYPE" speed="13.20" pos="10.00" lane="2/0to2/1_0" slope="0.00"/>
        <vehicle id="12" x="398.35" y="387.67" angle="0.00" type="DEFAULT_VEHTYPE" speed="9.05" pos="7.58" lane="2/2to2/1_0" slope="0.00"/>
        <vehicle id="13" x="410.45" y="401.65" angle="-90.00" type="DEFAULT_VEHTYPE" speed="4.54" pos="184.80" lane="3/2to2/2_0" slope="0.00"/>
        <vehicle id="3" x="4.17" y="398.35" angle="84.59" type="DEFAULT_VEHTYPE" speed="13.21" pos="4.17" lane="0/2to1/2_0" slope="0.00"/>
        <vehicle id="4" x="198.35" y="361.84" angle="0.00" type="DEFAULT_VEHTYPE" speed="13.14" pos="33.41" lane="1/2to1/1_0" slope="0.00"/>
        <vehicle id="5" x="344.55" y="401.65" angle="-90.00" type="DEFAULT_VEHTYPE" speed="13.14" pos="50.70" lane="2/2to1/2_0" slope="0.00"/>
        <vehicle id="6" x="398.35" y="550.25" angle="0.00" type="DEFAULT_VEHTYPE" speed="13.14" pos="45.00" lane="2/3to2/2_0" slope="0.00"/>
        <vehicle id="7" x="352.34" y="598.35" angle="90.00" type="DEFAULT_VEHTYPE" speed="13.45" pos="147.59" lane="1/3to2/3_0" slope="0.00"/>
        <vehicle id="8" x="198.35" y="305.61" angle="0.00" type="DEFAULT_VEHTYPE" speed="12.89" pos="89.64" lane="1/2to1/1_0" slope="0.00"/>
        <vehicle id="9" x="398.35" y="278.38" angle="0.00" type="DEFAULT_VEHTYPE" speed="13.89" pos="116.87" lane="2/2to2/1_0" slope="0.00"/>
    </timestep>
    <timestep time="438.00">
        <vehicle id="10" x="401.65" y="23.01" angle="180.00" type="DEFAULT_VEHTYPE" speed="13.01" pos="23.01" lane="2/0to2/1_0" slope="0.00"/>
        <vehicle id="12" x="398.35" y="377.09" angle="0.00" type="DEFAULT_VEHTYPE" speed="10.58" pos="18.16" lane="2/2to2/1_0" slope="0.00"/>
        <vehicle id="13" x="403.86" y="401.52" angle="-88.54" type="DEFAULT_VEHTYPE" speed="6.61" pos="0.90" lane=":2/2_6_0" slope="0.00"/>
        <vehicle id="3" x="17.82" y="398.35" angle="90.00" type="DEFAULT_VEHTYPE" speed="13.64" pos="17.82" lane="0/2to1/2_0" slope="0.00"/>
        <vehicle id="4" x="198.35" y="348.14" angle="0.00" type="DEFAULT_VEHTYPE" speed="13.69" pos="47.11" lane="1/2to1/1_0" slope="0.00"/>
        <vehicle id="5" x="331.60" y="401.65" angle="-90.00" type="DEFAULT_VEHTYPE" speed="12.95" pos="63.65" lane="2/2to1/2_0" slope="0.00"/>
        <vehicle id="6" x="398.35" y="537.15" angle="0.00" type="DEFAULT_VEHTYPE" speed="13.10" pos="58.10" lane="2/3to2/2_0" slope="0.00"/>
        <vehicle id="7" x="365.73" y="598.35" angle="90.00" type="DEFAULT_VEHTYPE" speed="13.39" pos="160.98" lane="1/3to2/3_0" slope="0.00"/>
        <vehicle id="8" x="198.35" y="293.00" angle="0.00" type="DEFAULT_VEHTYPE" speed="12.61" pos="102.25" lane="1/2to1/1_0" slope="0.00"/>
        <vehicle id="9" x="398.35" y="265.73" angle="0.00" type="DEFAULT_VEHTYPE" speed="12.65" pos="129.52" lane="2/2to2/1_0" slope="0.00"/>
    </timestep>
    <timestep time="439.00">
        <vehicle id="10" x="401.65" y="36.50" angle="180.00" type="DEFAULT_VEHTYPE" speed="13.49" pos="36.50" lane="2/0to2/1_0" slope="0.00"/>
        <vehicle id="12" x="398.35" y="363.93" angle="0.00" type="DEFAULT_VEHTYPE" speed="13.15" pos="31.32" lane="2/2to2/1_0" slope="0.00"/>
        <vehicle id="13" x="398.44" y="395.87" angle="-23.43" type="DEFAULT_VEHTYPE" speed="8.79" pos="9.69" lane=":2/2_6_0" slope="0.00"/>
        <vehicle id="3" x="31.19" y="398.35" angle="90.00" type="DEFAULT_VEHTYPE" speed="13.37" pos="31.19" lane="0/2to1/2_0" slope="0.00"/>
        <vehicle id="4" x="198.35" y="334.32" angle="0.00" type="DEFAULT_VEHTYPE" speed="13.83" pos="60.93" lane="1/2to1/1_0" slope="0.00"/>
        <vehicle id="5" x="318.36" y="401.65" angle="-90.00" type="DEFAULT_VEHTYPE" speed="13.24" pos="76.89" lane="2/2to1/2_0" slope="0.00"/>
        <vehicle id="6" x="398.35" y="524.09" angle="0.00" type="DEFAULT_VEHTYPE" speed="13.06" pos="71.16" lane="2/3to2/2_0" slope="0.00"/>
        <vehicle id="7" x="377.41" y="598.35" angle="90.00" type="DEFAULT_VEHTYPE" speed="11.68" pos="172.66" lane="1/3to2/3_0" slope="0.00"/>
        <vehicle id="8" x="198.35" y="279.35" angle="0.00" type="DEFAULT_VEHTYPE" speed="13.65" pos="115.90" lane="1/2to1/1_0" slope="0.00"/>
        <vehicle id="9" x="398.35" y="252.45" angle="0.00" type="DEFAULT_VEHTYPE" speed="13.27" pos="142.80" lane="2/2to2/1_0" slope="0.00"/>
    </timestep>
    <timestep time="440.00">
        <vehicle id="10" x="401.65" y="50.21" angle="180.00" type="DEFAULT_VEHTYPE" speed="13.70" pos="50.21" lane="2/0to2/1_0" slope="0.00"/>
        <vehicle id="12" x="398.35" y="351.28" angle="0.00" type="DEFAULT_VEHTYPE" speed="12.65" pos="43.97" lane="2/2to2/1_0" slope="0.00"/>
        <vehicle id="13" x="398.35" y="385.43" angle="0.00" type="DEFAULT_VEHTYPE" speed="10.45" pos="9.82" lane="2/2to2/1_0" slope="0.00"/>
        <vehicle id="3" x="45.07" y="398.35" angle="90.00" type="DEFAULT_VEHTYPE" speed="13.89" pos="45.07" lane="0/2to1/2_0" slope="0.00"/>
        <vehicle id="4" x="198.35" y="321.21" angle="0.00" type="DEFAULT_VEHTYPE" speed="13.11" pos="74.04" lane="1/2to1/1_0" slope="0.00"/>
        <vehicle id="5" x="305.59" y="401.65" angle="-90.00" type="DEFAULT_VEHTYPE" speed="12.77" pos="89.66" lane="2/2to1/2_0" slope="0.00"/>
        <vehicle id="6" x="398.35" y="510.74" angle="0.00" type="DEFAULT_VEHTYPE" speed="13.35" pos="84.51" lane="2/3to2/2_0" slope="0.00"/>
        <vehicle id="7" x="384.86" y="598.35" angle="90.00" type="DEFAULT_VEHTYPE" speed="7.45" pos="180.11" lane="1/3to2/3_0" slope="0.00"/>
        <vehicle id="8" x="198.35" y="266.12" angle="0.00" type="DEFAULT_VEHTYPE" speed="13.23" pos="129.13" lane="1/2to1/1_0" slope="0.00"/>
        <vehicle id="9" x="398.35" y="239.39" angle="0.00" type="DEFAULT_VEHTYPE" speed="13.06" pos="155.86" lane="2/2to2/1_0" slope="0.00"/>
    </timestep>
    <timestep time="441.00">
        <vehicle id="10" x="401.65" y="63.58" angle="180.00" type="DEFAULT_VEHTYPE" speed="13.37" pos="63.58" lane="2/0to2/1_0" slope="0.00"/>
        <vehicle id="12" x="398.35" y="338.65" angle="0.00" type="DEFAULT_VEHTYPE" speed="12.63" pos="56.60" lane="2/2to2/1_0" slope="0.00"/>
        <vehicle id="13" x="398.35" y="372.84" angle="0.00" type="DEFAULT_VEHTYPE" speed="12.59" pos="22.41" lane="2/2to2/1_0" slope="0.00"/>
        <vehicle id="3" x="58.84" y="398.35" angle="90.00" type="DEFAULT_VEHTYPE" speed="13.76" pos="58.84" lane="0/2to1/2_0" slope="0.00"/>
        <vehicle id="4" x="198.35" y="308.61" angle="0.00" type="DEFAULT_VEHTYPE" speed="12.60" pos="86.64" lane="1/2to1/1_0" slope="0.00"/>
        <vehicle id="5" x="292.01" y="401.65" angle="-90.00" type="DEFAULT_VEHTYPE" speed="13.58" pos="103.24" lane="2/2to1/2_0" slope="0.00"/>
        <vehicle id="6" x="398.35" y="498.08" angle="0.00" type="DEFAULT_VEHTYPE" speed="12.67" pos="97.17" lane="2/3to2/2_0" slope="0.00"/>
        <vehicle id="7" x="389.03" y="598.35" angle="90.00" type="DEFAULT_VEHTYPE" speed="4.17" pos="184.28" lane="1/3to2/3_0" slope="0.00"/>
        <vehicle id="8" x="198.35" y="252.62" angle="0.00" type="DEFAULT_VEHTYPE" speed="13.50" pos="142.63" lane="1/2to1/1_0" slope="0.00"/>
        <vehicle id="9" x="398.35" y="226.20" angle="0.00" type="DEFAULT_VEHTYPE" speed="13.19" pos="169.05" lane="2/2to2/1_0" slope="0.00"/>
    </timestep>
    <timestep time="442.00">
        <vehicle id="10" x="401.65" y="76.75" angle="180.00" type="DEFAULT_VEHTYPE" speed="13.17" pos="76.75" lane="2/0to2/1_0" slope="0.00"/>
        <vehicle id="12" x="398.35" y="325.33" angle="0.00" type="DEFAULT_VEHTYPE" speed="13.31" pos="69.92" lane="2/2to2/1_0" slope="0.00"/>
        <vehicle id="13" x="398.35" y="360.13" angle="0.00" type="DEFAULT_VEHTYPE" speed="12.72" pos="35.12" lane="2/2to2/1_0" slope="0.00"/>
        <vehicle id="3" x="72.53" y="398.35" angle="90.00" type="DEFAULT_VEHTYPE" speed="13.69" pos="72.53" lane="0/2to1/2_0" slope="0.00"/>
        <vehicle id="4" x="198.35" y="295.75" angle="0.00" type="DEFAULT_VEHTYPE" speed="12.86" pos="99.50" lane="1/2to1/1_0" slope="0.00"/>
        <vehicle id="5" x="278.86" y="401.65" angle="-90.00" type="DEFAULT_VEHTYPE" speed="13.15" pos="116.39" lane="2/2to1/2_0" slope="0.00"/>
        <vehicle id="6" x="398.35" y="484.81" angle="0.00" type="DEFAULT_VEHTYPE" speed="13.27" pos="110.44" lane="2/3to2/2_0" slope="0.00"/>
        <vehicle id="7" x="394.70" y="598.35" angle="90.00" type="DEFAULT_VEHTYPE" speed="5.67" pos="189.95" lane="1/3to2/3_0" slope="0.00"/>
        <vehicle id="8" x="198.35" y="238.73" angle="0.00" type="DEFAULT_VEHTYPE" speed="13.89" pos="156.52" lane="1/2to1/1_0" slope="0.00"/>
        <vehicle id="9" x="398.35" y="212.72" angle="0.00" type="DEFAULT_VEHTYPE" speed="13.48" pos="182.53" lane="2/2to2/1_0" slope="0.00"/>
    </timestep>
    <timestep time="443.00">
        <vehicle id="10" x="401.65" y="90.43" angle="180.00" type="DEFAULT_VEHTYPE" speed="13.69" pos="90.43" lane="2/0to2/1_0" slope="0.00"/>
        <vehicle id="12" x="398.35" y="311.49" angle="0.00" type="DEFAULT_VEHTYPE" speed="13.85" pos="83.76" lane="2/2to2/1_0" slope="0.00"/>
        <vehicle id="13" x="398.35" y="347.38" angle="0.00" type="DEFAULT_VEHTYPE" speed="12.75" pos="47.87" lane="2/2to2/1_0" slope="0.00"/>
        <vehicle id="3" x="86.11" y="398.35" angle="90.00" type="DEFAULT_VEHTYPE" speed="13.58" pos="86.11" lane="0/2to1/2_0" slope="0.00"/>
        <vehicle id="4" x="198.35" y="282.71" angle="0.00" type="DEFAULT_VEHTYPE" speed="13.03" pos="112.54" lane="1/2to1/1_0" slope="0.00"/>
        <vehicle id="5" x="265.44" y="401.65" angle="-90.00" type="DEFAULT_VEHTYPE" speed="13.42" pos="129.81" lane="2/2to1/2_0" slope="0.00"/>
        <vehicle id="6" x="398.35" y="471.85" angle="0.00" type="DEFAULT_VEHTYPE" speed="12.95" pos="123.40" lane="2/3to2/2_0" slope="0.00"/>
        <vehicle id="7" x="401.26" y="602.01" angle="133.44" type="DEFAULT_VEHTYPE" speed="8.10" pos="7.55" lane=":2/3_14_0" slope="0.00"/>
        <vehicle id="8" x="198.35" y="225.74" angle="0.00" type="DEFAULT_VEHTYPE" speed="12.99" pos="169.51" lane="1/2to1/1_0" slope="0.00"/>
        <vehicle id="9" x="395.01" y="201.65" angle="-49.20" type="DEFAULT_VEHTYPE" speed="13.21" pos="0.24" lane="2/1to1/1_0" slope="0.00"/>
    </timestep>
    <timestep time="444.00">
        <vehicle id="10" x="401.65" y="103.94" angle="180.00" type="DEFAULT_VEHTYPE" speed="13.51" pos="103.94" lane="2/0to2/1_0" slope="0.00"/>
        <vehicle id="12" x="398.35" y="298.39" angle="0.00" type="DEFAULT_VEHTYPE" speed="13.09" pos="96.86" lane="2/2to2/1_0" slope="0.00"/>
        <vehicle id="13" x="398.35" y="334.45" angle="0.00" type="DEFAULT_VEHTYPE" speed="12.92" pos="60.80" lane="2/2to2/1_0" slope="0.00"/>
        <vehicle id="3" x="98.75" y="398.35" angle="90.00" type="DEFAULT_VEHTYPE" speed="12.63" pos="98.75" lane="0/2to1/2_0" slope="0.00"/>
        <vehicle id="4" x="198.35" y="268.94" angle="0.00" type="DEFAULT_VEHTYPE" speed="13.77" pos="126.31" lane="1/2to1/1_0" slope="0.00"/>
        <vehicle id="5" x="251.75" y="401.65" angle="-90.00" type="DEFAULT_VEHTYPE" speed="13.70" pos="143.50" lane="2/2to1/2_0" slope="0.00"/>
        <vehicle id="6" x="398.35" y="458.53" angle="0.00" type="DEFAULT_VEHTYPE" speed="13.32" pos="136.72" lane="2/3to2/2_0" slope="0.00"/>
        <vehicle id="7" x="401.65" y="612.19" angle="180.00" type="DEFAULT_VEHTYPE" speed="10.21" pos="7.44" lane="2/3to2/4_0" slope="0.00"/>
        <vehicle id="8" x="198.35" y="213.09" angle="0.00" type="DEFAULT_VEHTYPE" speed="12.66" pos="182.16" lane="1/2to1/1_0" slope="0.00"/>
        <vehicle id="9" x="381.43" y="201.65" angle="-90.00" type="DEFAULT_VEHTYPE" speed="13.57" pos="13.82" lane="2/1to1/1_0" slope="0.00"/>
    </timestep>
    <timestep time="445.00">
        <vehicle id="10" x="401.65" y="116.71" angle="180.00" type="DEFAULT_VEHTYPE" speed="12.76" pos="116.71" lane="2/0to2/1_0" slope="0.00"/>
        <vehicle id="12" x="398.35" y="285.69" angle="0.00" type="DEFAULT_VEHTYPE" speed="12.70" pos="109.56" lane="2/2to2/1_0" slope="0.00"/>
        <vehicle id="13" x="398.35" y="321.03" angle="0.00" type="DEFAULT_VEHTYPE" speed="13.42" pos="74.22" lane="2/2to2/1_0" slope="0.00"/>
        <vehicle id="3" x="112.54" y="398.35" angle="90.00" type="DEFAULT_VEHTYPE" speed="13.79" pos="112.54" lane="0/2to1/2_0" slope="0.00"/>
        <vehicle id="4" x="198.35" y="255.05" angle="0.00" type="DEFAULT_VEHTYPE" speed="13.89" pos="140.20" lane="1/2to1/1_0" slope="0.00"/>
        <vehicle id="5" x="238.26" y="401.65" angle="-90.00" type="DEFAULT_VEHTYPE" speed="13.48" pos="156.99" lane="2/2to1/2_0" slope="0.00"/>
        <vehicle id="6" x="398.35" y="445.12" angle="0.00" type="DEFAULT_VEHTYPE" speed="13.41" pos="150.13" lane="2/3to2/2_0" slope="0.00"/>
        <vehicle id="7" x="401.65" y="623.73" angle="180.00" type="DEFAULT_VEHTYPE" speed="11.54" pos="18.98" lane="2/3to2/4_0" slope="0.00"/>
        <vehicle id="8" x="195.11" y="201.65" angle="-47.46" type="DEFAULT_VEHTYPE" speed="13.48" pos="0.14" lane="1/1to0/1_0" slope="0.00"/>
        <vehicle id="9" x="368.49" y="201.65" angle="-90.00" type="DEFAULT_VEHTYPE" speed="12.94" pos="26.76" lane="2/1to1/1_0" slope="0.00"/>
    </timestep>
    <timestep time="446.00">
        <vehicle id="10" x="401.65" y="129.73" angle="180.00" type="DEFAULT_VEHTYPE" speed="13.02" pos="129.73" lane="2/0to2/1_0" slope="0.00"/>
        <vehicle id="12" x="398.35" y="272.13" angle="0.00" type="DEFAULT_VEHTYPE" speed="13.56" pos="123.12" lane="2/2to2/1_0" slope="0.00"/>
        <vehicle id="13" x="398.35" y="307.97" angle="0.00" type="DEFAULT_VEHTYPE" speed="13.06" pos="87.28" lane="2/2to2/1_0" slope="0.00"/>
        <vehicle id="3" x="126.04" y="398.35" angle="90.00" type="DEFAULT_VEHTYPE" speed="13.50" pos="126.04" lane="0/2to1/2_0" slope="0.00"/>
        <vehicle id="4" x="198.35" y="241.28" angle="0.00" type="DEFAULT_VEHTYPE" speed="13.77" pos="153.97" lane="1/2to1/1_0" slope="0.00"/>
        <vehicle id="5" x="225.95" y="401.65" angle="-90.00" type="DEFAULT_VEHTYPE" speed="12.31" pos="169.30" lane="2/2to1/2_0" slope="0.00"/>
        <vehicle id="6" x="398.35" y="432.15" angle="0.00" type="DEFAULT_VEHTYPE" speed="12.96" pos="163.10" lane="2/3to2/2_0" slope="0.00"/>
        <vehicle id="7" x="401.65" y="637.01" angle="180.00" type="DEFAULT_VEHTYPE" speed="13.28" pos="32.26" lane="2/3to2/4_0" slope="0.00"/>
        <vehicle id="8" x="182.17" y="201.65" angle="-90.00" type="DEFAULT_VEHTYPE" speed="12.94" pos="13.08" lane="1/1to0/1_0" slope="0.00"/>
        <vehicle id="9" x="354.96" y="201.65" angle="-90.00" type="DEFAULT_VEHTYPE" speed="13.54" pos="40.29" lane="2/1to1/1_0" slope="0.00"/>
    </timestep>
    <timestep time="447.00">
        <vehicle id="10" x="401.65" y="143.08" angle="180.00" type="DEFAULT_VEHTYPE" speed="13.34" pos="143.08" lane="2/0to2/1_0" slope="0.00"/>
        <vehicle id="12" x="398.35" y="258.40" angle="0.00" type="DEFAULT_VEHTYPE" speed="13.73" pos="136.85" lane="2/2to2/1_0" slope="0.00"/>
        <vehicle id="13" x="398.35" y="294.97" angle="0.00" type="DEFAULT_VEHTYPE" speed="13.00" pos="100.28" lane="2/2to2/1_0" slope="0.00"/>
        <vehicle id="3" x="139.02" y="398.35" angle="90.00" type="DEFAULT_VEHTYPE" speed="12.98" pos="139.02" lane="0/2to1/2_0" slope="0.00"/>
        <vehicle id="4" x="198.35" y="228.47" angle="0.00" type="DEFAULT_VEHTYPE" speed="12.82" pos="166.78" lane="1/2to1/1_0" slope="0.00"/>
        <vehicle id="5" x="217.14" y="401.65" angle="-90.00" type="DEFAULT_VEHTYPE" speed="8.81" pos="178.11" lane="2/2to1/2_0" slope="0.00"/>
        <vehicle id="6" x="398.35" y="418.42" angle="0.00" type="DEFAULT_VEHTYPE" speed="13.74" pos="176.83" lane="2/3to2/2_0" slope="0.00"/>
        <vehicle id="7" x="401.65" y="649.89" angle="180.00" type="DEFAULT_VEHTYPE" speed="12.88" pos="45.14" lane="2/3to2/4_0" slope="0.00"/>
        <vehicle id="8" x="169.32" y="201.65" angle="-90.00" type="DEFAULT_VEHTYPE" speed="12.85" pos="25.93" lane="1/1to0/1_0" slope="0.00"/>
        <vehicle id="9" x="341.94" y="201.65" angle="-90.00" type="DEFAULT_VEHTYPE" speed="13.02" pos="53.31" lane="2/1to1/1_0" slope="0.00"/>
    </timestep>
    <timestep time="448.00">
        <vehicle id="10" x="401.65" y="156.58" angle="180.00" type="DEFAULT_VEHTYPE" speed="13.51" pos="156.58" lane="2/0to2/1_0" slope="0.00"/>
        <vehicle id="12" x="398.35" y="245.26" angle="0.00" type="DEFAULT_VEHTYPE" speed="13.14" pos="149.99" lane="2/2to2/1_0" slope="0.00"/>
        <vehicle id="13" x="398.35" y="282.30" angle="0.00" type="DEFAULT_VEHTYPE" speed="12.66" pos="112.95" lane="2/2to2/1_0" slope="0.00"/>
        <vehicle id="3" x="152.20" y="398.35" angle="90.00" type="DEFAULT_VEHTYPE" speed="13.18" pos="152.20" lane="0/2to1/2_0" slope="0.00"/>
        <vehicle id="4" x="198.35" y="214.89" angle="0.00" type="DEFAULT_VEHTYPE" speed="13.58" pos="180.36" lane="1/2to1/1_0" slope="0.00"/>
        <vehicle id="5" x="211.92" y="401.65" angle="-90.00" type="DEFAULT_VEHTYPE" speed="5.23" pos="183.33" lane="2/2to1/2_0" slope="0.00"/>
        <vehicle id="6" x="398.35" y="405.18" angle="0.00" type="DEFAULT_VEHTYPE" speed="13.23" pos="190.07" lane="2/3to2/2_0" slope="0.00"/>
        <vehicle id="7" x="401.65" y="663.51" angle="180.00" type="DEFAULT_VEHTYPE" speed="13.62" pos="58.76" lane="2/3to2/4_0" slope="0.00"/>
        <vehicle id="8" x="156.48" y="201.65" angle="-90.00" type="DEFAULT_VEHTYPE" speed="12.83" pos="38.77" lane="1/1to0/1_0" slope="0.00"/>
        <vehicle id="9" x="328.43" y="201.65" angle="-90.00" type="DEFAULT_VEHTYPE" speed="13.51" pos="66.82" lane="2/1to1/1_0" slope="0.00"/>
    </timestep>
    <timestep time="449.00">
        <vehicle id="10" x="401.65" y="169.18" angle="180.00" type="DEFAULT_VEHTYPE" speed="12.60" pos="169.18" lane="2/0to2/1_0" slope="0.00"/>
        <vehicle id="12" x="398.35" y="232.38" angle="0.00" type="DEFAULT_VEHTYPE" speed="12.88" pos="162.87" lane="2/2to2/1_0" slope="0.00"/>
        <vehicle id="13" x="398.35" y="269.45" angle="0.00" type="DEFAULT_VEHTYPE" speed="12.86" pos="125.80" lane="2/2to2/1_0" slope="0.00"/>
        <vehicle id="3" x="165.02" y="398.35" angle="90.00" type="DEFAULT_VEHTYPE" speed="12.82" pos="165.02" lane="0/2to1/2_0" slope="0.00"/>
        <vehicle id="4" x="197.42" y="202.33" angle="-11.04" type="DEFAULT_VEHTYPE" speed="12.81" pos="2.68" lane=":1/1_0_0" slope="0.00"/>
        <vehicle id="5" x="209.10" y="401.65" angle="-90.00" type="DEFAULT_VEHTYPE" speed="2.82" pos="186.15" lane="2/2to1/2_0" slope="0.00"/>
        <vehicle id="6" x="398.35" y="392.51" angle="0.00" type="DEFAULT_VEHTYPE" speed="12.67" pos="2.74" lane="2/2to2/1_0" slope="0.00"/>
        <vehicle id="7" x="401.65" y="677.31" angle="180.00" type="DEFAULT_VEHTYPE" speed="13.80" pos="72.56" lane="2/3to2/4_0" slope="0.00"/>
        <vehicle id="8" x="143.22" y="201.65" angle="-90.00" type="DEFAULT_VEHTYPE" speed="13.26" pos="52.03" lane="1/1to0/1_0" slope="0.00"/>
        <vehicle id="9" x="314.59" y="201.65" angle="-90.00" type="DEFAULT_VEHTYPE" speed="13.84" pos="80.66" lane="2/1to1/1_0" slope="0.00"/>
    </timestep>
    <timestep time="450.00">
        <vehicle id="10" x="401.65" y="182.20" angle="180.00" type="DEFAULT_VEHTYPE" speed="13.02" pos="182.20" lane="2/0to2/1_0" slope="0.00"/>
        <vehicle id="12" x="398.35" y="218.64" angle="0.00" type="DEFAULT_VEHTYPE" speed="13.74" pos="176.61" lane="2/2to2/1_0" slope="0.00"/>
        <vehicle id="13" x="398.35" y="255.65" angle="0.00" type="DEFAULT_VEHTYPE" speed="13.80" pos="139.60" lane="2/2to2/1_0" slope="0.00"/>
        <vehicle id="3" x="175.67" y="398.35" angle="90.00" type="DEFAULT_VEHTYPE" speed="10.66" pos="175.67" lane="0/2to1/2_0" slope="0.00"/>
        <vehicle id="4" x="184.58" y="201.65" angle="-90.00" type="DEFAULT_VEHTYPE" speed="12.99" pos="10.67" lane="1/1to0/1_0" slope="0.00"/>
        <vehicle id="5" x="204.28" y="401.58" angle="-89.23" type="DEFAULT_VEHTYPE" speed="4.82" pos="0.48" lane=":1/2_6_0" slope="0.00"/>
        <vehicle id="6" x="398.35" y="378.93" angle="0.00" type="DEFAULT_VEHTYPE" speed="13.58" pos="16.32" lane="2/2to2/1_0" slope="0.00"/>
        <vehicle id="7" x="401.65" y="690.77" angle="180.00" type="DEFAULT_VEHTYPE" speed="13.46" pos="86.02" lane="2/3to2/4_0" slope="0.00"/>
        <vehicle id="8" x="130.05" y="201.65" angle="-90.00" type="DEFAULT_VEHTYPE" speed="13.18" pos="65.20" lane="1/1to0/1_0" slope="0.00"/>
        <vehicle id="9" x="301.22" y="201.65" angle="-90.00" type="DEFAULT_VEHTYPE" speed="13.37" pos="94.03" lane="2/1to1/1_0" slope="0.00"/>
    </timestep>
    <timestep time="451.00">
        <vehicle id="10" x="401.71" y="195.71" angle="179.27" type="DEFAULT_VEHTYPE" speed="13.51" pos="0.46" lane=":2/1_8_0" slope="0.00"/>
        <vehicle id="12" x="398.35" y="205.35" angle="0.00" type="DEFAULT_VEHTYPE" speed="13.30" pos="189.90" lane="2/2to2/1_0" slope="0.00"/>
        <vehicle id="13" x="398.35" y="243.02" angle="0.00" type="DEFAULT_VEHTYPE" speed="12.63" pos="152.23" lane="2/2to2/1_0" slope="0.00"/>
        <vehicle id="3" x="184.14" y="398.35" angle="90.00" type="DEFAULT_VEHTYPE" speed="8.47" pos="184.14" lane="0/2to1/2_0" slope="0.00"/>
        <vehicle id="4" x="171.30" y="201.65" angle="-90.00" type="DEFAULT_VEHTYPE" speed="13.28" pos="23.95" lane="1/1to0/1_0" slope="0.00"/>
        <vehicle id="5" x="198.79" y="398.12" angle="-48.20" type="DEFAULT_VEHTYPE" speed="6.94" pos="7.42" lane=":1/2_6_0" slope="0.00"/>
        <vehicle id="6" x="398.35" y="365.03" angle="0.00" type="DEFAULT_VEHTYPE" speed="13.90" pos="30.22" lane="2/2to2/1_0" slope="0.00"/>
        <vehicle id="7" x="401.65" y="703.63" angle="180.00" type="DEFAULT_VEHTYPE" speed="12.85" pos="98.88" lane="2/3to2/4_0" slope="0.00"/>
        <vehicle id="8" x="116.36" y="201.65" angle="-90.00" type="DEFAULT_VEHTYPE" speed="13.69" pos="78.89" lane="1/1to0/1_0" slope="0.00"/>
        <vehicle id="9" x="288.53" y="201.65" angle="-90.00" type="DEFAULT_VEHTYPE" speed="12.69" pos="106.72" lane="2/1to1/1_0" slope="0.00"/>
    </timestep>
    <timestep time="452.00">
        <vehicle id="10" x="413.72" y="198.35" angle="90.00" type="DEFAULT_VEHTYPE" speed="13.51" pos="8.97" lane="2/1to3/1_0" slope="0.00"/>
        <vehicle id="12" x="398.35" y="192.07" angle="0.00" type="DEFAULT_VEHTYPE" speed="13.28" pos="3.18" lane="2/1to2/0_0" slope="0.00"/>
        <vehicle id="13" x="398.35" y="229.89" angle="0.00" type="DEFAULT_VEHTYPE" speed="13.13" pos="165.36" lane="2/2to2/1_0" slope="0.00"/>
        <vehicle id="3" x="189.05" y="398.35" angle="90.00" type="DEFAULT_VEHTYPE" speed="4.91" pos="189.05" lane="0/2to1/2_0" slope="0.00"/>
        <vehicle id="4" x="158.13" y="201.65" angle="-90.00" type="DEFAULT_VEHTYPE" speed="13.16" pos="37.12" lane="1/1to0/1_0" slope="0.00"/>
        <vehicle id="5" x="198.35" y="389.74" angle="0.00" type="DEFAULT_VEHTYPE" speed="8.41" pos="5.51" lane="1/2to1/1_0" slope="0.00"/>
        <vehicle id="6" x="398.35" y="352.18" angle="0.00" type="DEFAULT_VEHTYPE" speed="12.85" pos="43.07" lane="2/2to2/1_0" slope="0.00"/>
        <vehicle id="7" x="401.65" y="716.47" angle="180.00" type="DEFAULT_VEHTYPE" speed="12.84" pos="111.72" lane="2/3to2/4_0" slope="0.00"/>
        <vehicle id="8" x="103.50" y="201.65" angle="-90.00" type="DEFAULT_VEHTYPE" speed="12.86" pos="91.75" lane="1/1to0/1_0" slope="0.00"/>
        <vehicle id="9" x="274.97" y="201.65" angle="-90.00" type="DEFAULT_VEHTYPE" speed="13.55" pos="120.28" lane="2/1to1/1_0" slope="0.00"/>
    </timestep>
    <timestep time="453.00">
        <vehicle id="10" x="427.10" y="198.35" angle="90.00" type="DEFAULT_VEHTYPE" speed="13.38" pos="22.35" lane="2/1to3/1_0" slope="0.00"/>
        <vehicle id="12" x="398.35" y="179.34" angle="0.00" type="DEFAULT_VEHTYPE" speed="12.73" pos="15.91" lane="2/1to2/0_0" slope="0.00"/>
        <vehicle id="13" x="398.35" y="216.28" angle="0.00" type="DEFAULT_VEHTYPE" speed="13.61" pos="178.97" lane="2/2to2/1_0" slope="0.00"/>
        <vehicle id="3" x="195.51" y="398.39" angle="90.43" type="DEFAULT_VEHTYPE" speed="6.46" pos="0.26" lane=":1/2_14_0" slope="0.00"/>
        <vehicle id="4" x="145.32" y="201.65" angle="-90.00" type="DEFAULT_VEHTYPE" speed="12.82" pos="49.93" lane="1/1to0/1_0" slope="0.00"/>
        <vehicle id="5" x="198.35" y="379.57" angle="0.00" type="DEFAULT_VEHTYPE" speed="10.17" pos="15.68" lane="1/2to1/1_0" slope="0.00"/>
        <vehicle id="6" x="398.35" y="338.59" angle="0.00" type="DEFAULT_VEHTYPE" speed="13.59" pos="56.66" lane="2/2to2/1_0" slope="0.00"/>
        <vehicle id="7" x="401.65" y="729.98" angle="180.00" type="DEFAULT_VEHTYPE" speed="13.51" pos="125.23" lane="2/3to2/4_0" slope="0.00"/>
        <vehicle id="8" x="90.00" y="201.65" angle="-90.00" type="DEFAULT_VEHTYPE" speed="13.50" pos="105.25" lane="1/1to0/1_0" slope="0.00"/>
        <vehicle id="9" x="261.52" y="201.65" angle="-90.00" type="DEFAULT_VEHTYPE" speed="13.45" pos="133.73" lane="2/1to1/1_0" slope="0.00"/>
    </timestep>
    <timestep time="454.00">
        <vehicle id="10" x="440.68" y="198.35" angle="90.00" type="DEFAULT_VEHTYPE" speed="13.58" pos="35.93" lane="2/1to3/1_0" slope="0.00"/>
        <vehicle id="12" x="398.35" y="166.54" angle="0.00" type="DEFAULT_VEHTYPE" speed="12.80" pos="28.71" lane="2/1to2/0_0" slope="0.00"/>
        <vehicle id="13" x="398.35" y="203.10" angle="0.00" type="DEFAULT_VEHTYPE" speed="13.18" pos="1.65" lane=":2/1_1_0" slope="0.00"/>
        <vehicle id="3" x="201.41" y="403.09" angle="145.82" type="DEFAULT_VEHTYPE" speed="8.38" pos="8.65" lane=":1/2_14_0" slope="0.00"/>
        <vehicle id="4" x="131.66" y="201.65" angle="-90.00" type="DEFAULT_VEHTYPE" speed="13.66" pos="63.59" lane="1/1to0/1_0" slope="0.00"/>
        <vehicle id="5" x="198.35" y="367.07" angle="0.00" type="DEFAULT_VEHTYPE" speed="12.50" pos="28.18" lane="1/2to1/1_0" slope="0.00"/>
        <vehicle id="6" x="398.35" y="325.03" angle="0.00" type="DEFAULT_VEHTYPE" speed="13.57" pos="70.22" lane="2/2to2/1_0" slope="0.00"/>
        <vehicle id="7" x="401.65" y="743.46" angle="180.00" type="DEFAULT_VEHTYPE" speed="13.48" pos="138.71" lane="2/3to2/4_0" slope="0.00"/>
        <vehicle id="8" x="77.23" y="201.65" angle="-90.00" type="DEFAULT_VEHTYPE" speed="12.76" pos="118.02" lane="1/1to0/1_0" slope="0.00"/>
        <vehicle id="9" x="248.75" y="201.65" angle="-90.00" type="DEFAULT_VEHTYPE" speed="12.77" pos="146.50" lane="2/1to1/1_0" slope="0.00"/>
    </timestep>
    <timestep time="455.00">
        <vehicle id="10" x="454.47" y="198.35" angle="90.00" type="DEFAULT_VEHTYPE" speed="13.79" pos="49.72" lane="2/1to3/1_0" slope="0.00"/>
        <vehicle id="12" x="398.35" y="153.83" angle="0.00" type="DEFAULT_VEHTYPE" speed="12.71" pos="41.42" lane="2/1to2/0_0" slope="0.00"/>
        <vehicle id="13" x="398.35" y="190.28" angle="0.00" type="DEFAULT_VEHTYPE" speed="12.82" pos="4.97" lane="2/1to2/0_0" slope="0.00"/>
        <vehicle id="3" x="201.65" y="412.97" angle="180.00" type="DEFAULT_VEHTYPE" speed="9.90" pos="8.22" lane="1/2to1/3_0" slope="0.00"/>
        <vehicle id="4" x="118.72" y="201.65" angle="-90.00" type="DEFAULT_VEHTYPE" speed="12.94" pos="76.53" lane="1/1to0/1_0" slope="0.00"/>
        <vehicle id="5" x="198.35" y="354.06" angle="0.00" type="DEFAULT_VEHTYPE" speed="13.01" pos="41.19" lane="1/2to1/1_0" slope="0.00"/>
        <vehicle id="6" x="398.35" y="311.89" angle="0.00" type="DEFAULT_VEHTYPE" speed="13.14" pos="83.36" lane="2/2to2/1_0" slope="0.00"/>
        <vehicle id="7" x="401.65" y="757.13" angle="180.00" type="DEFAULT_VEHTYPE" speed="13.67" pos="152.38" lane="2/3to2/4_0" slope="0.00"/>
        <vehicle id="8" x="64.28" y="201.65" angle="-90.00" type="DEFAULT_VEHTYPE" speed="12.96" pos="130.97" lane="1/1to0/1_0" slope="0.00"/>
        <vehicle id="9" x="235.12" y="201.65" angle="-90.00" type="DEFAULT_VEHTYPE" speed="13.63" pos="160.13" lane="2/1to1/1_0" slope="0.00"/>
    </timestep>
    <timestep time="456.00">
        <vehicle id="10" x="467.58" y="198.35" angle="90.00" type="DEFAULT_VEHTYPE" speed="13.10" pos="62.83" lane="2/1to3/1_0" slope="0.00"/>
        <vehicle id="12" x="398.35" y="140.05" angle="0.00" type="DEFAULT_VEHTYPE" speed="13.78" pos="55.20" lane="2/1to2/0_0" slope="0.00"/>
        <vehicle id="13" x="398.35" y="176.70" angle="0.00" type="DEFAULT_VEHTYPE" speed="13.58" pos="18.55" lane="2/1to2/0_0" slope="0.00"/>
        <vehicle id="3" x="201.65" y="424.90" angle="180.00" type="DEFAULT_VEHTYPE" speed="11.93" pos="20.15" lane="1/2to1/3_0" slope="0.00"/>
        <vehicle id="4" x="106.00" y="201.65" angle="-90.00" type="DEFAULT_VEHTYPE" speed="12.72" pos="89.25" lane="1/1to0/1_0" slope="0.00"/>
        <vehicle id="5" x="198.35" y="341.40" angle="0.00" type="DEFAULT_VEHTYPE" speed="12.65" pos="53.85" lane="1/2to1/1_0" slope="0.00"/>
        <vehicle id="6" x="398.35" y="298.25" angle="0.00" type="DEFAULT_VEHTYPE" speed="13.63" pos="97.00" lane="2/2to2/1_0" slope="0.00"/>
        <vehicle id="7" x="401.65" y="770.62" angle="180.00" type="DEFAULT_VEHTYPE" speed="13.49" pos="165.87" lane="2/3to2/4_0" slope="0.00"/>
        <vehicle id="8" x="50.73" y="201.65" angle="-90.00" type="DEFAULT_VEHTYPE" speed="13.55" pos="144.52" lane="1/1to0/1_0" slope="0.00"/>
        <vehicle id="9" x="224.45" y="201.65" angle="-90.00" type="DEFAULT_VEHTYPE" speed="10.67" pos="170.80" lane="2/1to1/1_0" slope="0.00"/>
    </timestep>
    <timestep time="457.00">
        <vehicle id="10" x="480.70" y="198.35" angle="90.00" type="DEFAULT_VEHTYPE" speed="13.12" pos="75.95" lane="2/1to3/1_0" slope="0.00"/>
        <vehicle id="12" x="398.35" y="126.91" angle="0.00" type="DEFAULT_VEHTYPE" speed="13.14" pos="68.34" lane="2/1to2/0_0" slope="0.00"/>
        <vehicle id="13" x="398.35" y="164.01" angle="0.00" type="DEFAULT_VEHTYPE" speed="12.68" pos="31.24" lane="2/1to2/0_0" slope="0.00"/>
        <vehicle id="3" x="201.65" y="438.22" angle="180.00" type="DEFAULT_VEHTYPE" speed="13.32" pos="33.47" lane="1/2to1/3_0" slope="0.00"/>
        <vehicle id="4" x="92.54" y="201.65" angle="-90.00" type="DEFAULT_VEHTYPE" speed="13.46" pos="102.71" lane="1/1to0/1_0" slope="0.00"/>
        <vehicle id="5" x="198.35" y="328.20" angle="0.00" type="DEFAULT_VEHTYPE" speed="13.21" pos="67.05" lane="1/2to1/1_0" slope="0.00"/>
        <vehicle id="6" x="398.35" y="284.62" angle="0.00" type="DEFAULT_VEHTYPE" speed="13.64" pos="110.63" lane="2/2to2/1_0" slope="0.00"/>
        <vehicle id="7" x="401.65" y="784.34" angle="180.00" type="DEFAULT_VEHTYPE" speed="13.72" pos="179.59" lane="2/3to2/4_0" slope="0.00"/>
        <vehicle id="8" x="37.51" y="201.65" angle="-90.00" type="DEFAULT_VEHTYPE" speed="13.22" pos="157.74" lane="1/1to0/1_0" slope="0.00"/>
        <vehicle id="9" x="217.00" y="201.65" angle="-90.00" type="DEFAULT_VEHTYPE" speed="7.44" pos="178.25" lane="2/1to1/1_0" slope="0.00"/>
    </timestep>
    <timestep time="458.00">
        <vehicle id="10" x="494.21" y="198.35" angle="90.00" type="DEFAULT_VEHTYPE" speed="13.52" pos="89.46" lane="2/1to3/1_0" slope="0.00"/>
        <vehicle id="12" x="398.35" y="113.50" angle="0.00" type="DEFAULT_VEHTYPE" speed="13.41" pos="81.75" lane="2/1to2/0_0" slope="0.00"/>
        <vehicle id="13" x="398.35" y="150.50" angle="0.00" type="DEFAULT_VEHTYPE" speed="13.51" pos="44.75" lane="2/1to2/0_0" slope="0.00"/>
        <vehicle id="3" x="201.65" y="451.47" angle="180.00" type="DEFAULT_VEHTYPE" speed="13.24" pos="46.72" lane="1/2to1/3_0" slope="0.00"/>
        <vehicle id="4" x="79.70" y="201.65" angle="-90.00" type="DEFAULT_VEHTYPE" speed="12.84" pos="115.55" lane="1/1to0/1_0" slope="0.00"/>
        <vehicle id="5" x="198.35" y="314.51" angle="0.00" type="DEFAULT_VEHTYPE" speed="13.68" pos="80.74" lane="1/2to1/1_0" slope="0.00"/>
        <vehicle id="6" x="398.35" y="271.68" angle="0.00" type="DEFAULT_VEHTYPE" speed="12.94" pos="123.57" lane="2/2to2/1_0" slope="0.00"/>
        <vehicle id="7" x="401.65" y="797.92" angle="180.00" type="DEFAULT_VEHTYPE" speed="13.58" pos="193.17" lane="2/3to2/4_0" slope="0.00"/>
        <vehicle id="8" x="24.61" y="201.65" angle="-90.00" type="DEFAULT_VEHTYPE" speed="12.90" pos="170.64" lane="1/1to0/1_0" slope="0.00"/>
        <vehicle id="9" x="211.27" y="201.65" angle="-90.00" type="DEFAULT_VEHTYPE" speed="5.73" pos="183.98" lane="2/1to1/1_0" slope="0.00"/>
    </timestep>
    <timestep time="459.00">
        <vehicle id="10" x="506.99" y="198.35" angle="90.00" type="DEFAULT_VEHTYPE" speed="12.78" pos="102.24" lane="2/1to3/1_0" slope="0.00"/>
        <vehicle id="12" x="398.35" y="99.80" angle="0.00" type="DEFAULT_VEHTYPE" speed="13.69" pos="95.45" lane="2/1to2/0_0" slope="0.00"/>
        <vehicle id="13" x="398.35" y="136.89" angle="0.00" type="DEFAULT_VEHTYPE" speed="13.62" pos="58.36" lane="2/1to2/0_0" slope="0.00"/>
        <vehicle id="3" x="201.65" y="464.26" angle="180.00" type="DEFAULT_VEHTYPE" speed="12.79" pos="59.51" lane="1/2to1/3_0" slope="0.00"/>
        <vehicle id="4" x="65.89" y="201.65" angle="-90.00" type="DEFAULT_VEHTYPE" speed="13.81" pos="129.36" lane="1/1to0/1_0" slope="0.00"/>
        <vehicle id="5" x="198.35" y="301.64" angle="0.00" type="DEFAULT_VEHTYPE" speed="12.87" pos="93.61" lane="1/2to1/1_0" slope="0.00"/>
        <vehicle id="6" x="398.35" y="258.55" angle="0.00" type="DEFAULT_VEHTYPE" speed="13.13" pos="136.70" lane="2/2to2/1_0" slope="0.00"/>
        <vehicle id="7" x="398.35" y="793.72" angle="0.00" type="DEFAULT_VEHTYPE" speed="13.18" pos="6.28" lane="2/4to2/3_0" slope="0.00"/>
        <vehicle id="8" x="11.07" y="201.65" angle="-90.00" type="DEFAULT_VEHTYPE" speed="13.54" pos="184.18" lane="1/1to0/1_0" slope="0.00"/>
        <vehicle id="9" x="203.09" y="202.03" angle="-94.34" type="DEFAULT_VEHTYPE" speed="8.25" pos="1.73" lane=":1/1_4_0" slope="0.00"/>
    </timestep>
    <timestep time="460.00">
        <vehicle id="10" x="520.23" y="198.35" angle="90.00" type="DEFAULT_VEHTYPE" speed="13.24" pos="115.48" lane="2/1to3/1_0" slope="0.00"/>
        <vehicle id="12" x="398.35" y="86.66" angle="0.00" type="DEFAULT_VEHTYPE" speed="13.14" pos="108.59" lane="2/1to2/0_0" slope="0.00"/>
        <vehicle id="13" x="398.35" y="123.78" angle="0.00" type="DEFAULT_VEHTYPE" speed="13.10" pos="71.47" lane="2/1to2/0_0" slope="0.00"/>
        <vehicle id="3" x="201.65" y="478.00" angle="180.00" type="DEFAULT_VEHTYPE" speed="13.75" pos="73.25" lane="1/2to1/3_0" slope="0.00"/>
        <vehicle id="4" x="52.10" y="201.65" angle="-90.00" type="DEFAULT_VEHTYPE" speed="13.79" pos="143.15" lane="1/1to0/1_0" slope="0.00"/>
        <vehicle id="5" x="198.35" y="288.74" angle="0.00" type="DEFAULT_VEHTYPE" speed="12.91" pos="106.51" lane="1/2to1/1_0" slope="0.00"/>
        <vehicle id="6" x="398.35" y="244.81" angle="0.00" type="DEFAULT_VEHTYPE" speed="13.74" pos="150.44" lane="2/2to2/1_0" slope="0.00"/>
        <vehicle id="7" x="398.35" y="780.02" angle="0.00" type="DEFAULT_VEHTYPE" speed="13.70" pos="19.98" lane="2/4to2/3_0" slope="0.00"/>
        <vehicle id="8" x="-1.46" y="200.38" angle="-74.18" type="DEFAULT_VEHTYPE" speed="13.06" pos="1.99" lane=":0/1_0_0" slope="0.00"/>
        <vehicle id="9" x="201.65" y="212.13" angle="180.00" type="DEFAULT_VEHTYPE" speed="10.65" pos="7.38" lane="1/1to1/2_0" slope="0.00"/>
    </timestep>
    <timestep time="461.00">
        <vehicle id="10" x="533.13" y="198.35" angle="90.00" type="DEFAULT_VEHTYPE" speed="12.90" pos="128.38" lane="2/1to3/1_0" slope="0.00"/>
        <vehicle id="12" x="398.35" y="74.03" angle="0.00" type="DEFAULT_VEHTYPE" speed="12.63" pos="121.22" lane="2/1to2/0_0" slope="0.00"/>
        <vehicle id="13" x="398.35" y="111.09" angle="0.00" type="DEFAULT_VEHTYPE" speed="12.69" pos="84.16" lane="2/1to2/0_0" slope="0.00"/>
        <vehicle id="3" x="201.65" y="490.80" angle="180.00" type="DEFAULT_VEHTYPE" speed="12.80" pos="86.05" lane="1/2to1/3_0" slope="0.00"/>
        <vehicle id="4" x="38.91" y="201.65" angle="-90.00" type="DEFAULT_VEHTYPE" speed="13.19" pos="156.34" lane="1/1to0/1_0" slope="0.00"/>
        <vehicle id="5" x="198.35" y="275.29" angle="0.00" type="DEFAULT_VEHTYPE" speed="13.45" pos="119.96" lane="1/2to1/1_0" slope="0.00"/>
        <vehicle id="6" x="398.35" y="232.08" angle="0.00" type="DEFAULT_VEHTYPE" speed="12.72" pos="163.17" lane="2/2to2/1_0" slope="0.00"/>
        <vehicle id="7" x="398.35" y="766.70" angle="0.00" type="DEFAULT_VEHTYPE" speed="13.32" pos="33.30" lane="2/4to2/3_0" slope="0.00"/>
        <vehicle id="8" x="10.32" y="198.35" angle="90.00" type="DEFAULT_VEHTYPE" speed="13.15" pos="10.32" lane="0/1to1/1_0" slope="0.00"/>
        <vehicle id="9" x="201.65" y="225.27" angle="180.00" type="DEFAULT_VEHTYPE" speed="13.14" pos="20.52" lane="1/1to1/2_0" slope="0.00"/>
    </timestep>
    <timestep time="462.00">
        <vehicle id="10" x="546.59" y="198.35" angle="90.00" type="DEFAULT_VEHTYPE" speed="13.45" pos="141.84" lane="2/1to3/1_0" slope="0.00"/>
        <vehicle id="12" x="398.35" y="60.32" angle="0.00" type="DEFAULT_VEHTYPE" speed="13.71" pos="134.93" lane="2/1to2/0_0" slope="0.00"/>
        <vehicle id="13" x="398.35" y="97.41" angle="0.00" type="DEFAULT_VEHTYPE" speed="13.68" pos="97.84" lane="2/1to2/0_0" slope="0.00"/>
        <vehicle id="3" x="201.65" y="503.98" angle="180.00" type="DEFAULT_VEHTYPE" speed="13.17" pos="99.23" lane="1/2to1/3_0" slope="0.00"/>
        <vehicle id="4" x="25.45" y="201.65" angle="-90.00" type="DEFAULT_VEHTYPE" speed="13.47" pos="169.80" lane="1/1to0/1_0" slope="0.00"/>
        <vehicle id="5" x="198.35" y="262.31" angle="0.00" type="DEFAULT_VEHTYPE" speed="12.98" pos="132.94" lane="1/2to1/1_0" slope="0.00"/>
        <vehicle id="6" x="398.35" y="218.38" angle="0.00" type="DEFAULT_VEHTYPE" speed="13.70" pos="176.87" lane="2/2to2/1_0" slope="0.00"/>
        <vehicle id="7" x="398.35" y="752.93" angle="0.00" type="DEFAULT_VEHTYPE" speed="13.77" pos="47.07" lane="2/4to2/3_0" slope="0.00"/>
        <vehicle id="8" x="23.64" y="198.35" angle="90.00" type="DEFAULT_VEHTYPE" speed="13.32" pos="23.64" lane="0/1to1/1_0" slope="0.00"/>
        <vehicle id="9" x="201.65" y="238.97" angle="180.00" type="DEFAULT_VEHTYPE" speed="13.70" pos="34.22" lane="1/1to1/2_0" slope="0.00"/>
    </timestep>
    <timestep time="463.00">
        <vehicle id="10" x="560.44" y="198.35" angle="90.00" type="DEFAULT_VEHTYPE" speed="13.86" pos="155.69" lane="2/1to3/1_0" slope="0.00"/>
        <vehicle id="12" x="398.35" y="46.85" angle="0.00" type="DEFAULT_VEHTYPE" speed="13.47" pos="148.40" lane="2/1to2/0_0" slope="0.00"/>
        <vehicle id="13" x="398.35" y="83.52" angle="0.00" type="DEFAULT_VEHTYPE" speed="13.90" pos="111.73" lane="2/1to2/0_0" slope="0.00"/>
        <vehicle id="3" x="201.65" y="517.78" angle="180.00" type="DEFAULT_VEHTYPE" speed="13.81" pos="113.03" lane="1/2to1/3_0" slope="0.00"/>
        <vehicle id="4" x="12.72" y="201.65" angle="-90.00" type="DEFAULT_VEHTYPE" speed="12.73" pos="182.53" lane="1/1to0/1_0" slope="0.00"/>
        <vehicle id="5" x="198.35" y="249.44" angle="0.00" type="DEFAULT_VEHTYPE" speed="12.87" pos="145.81" lane="1/2to1/1_0" slope="0.00"/>
        <vehicle id="6" x="398.35" y="205.41" angle="0.00" type="DEFAULT_VEHTYPE" speed="12.98" pos="189.84" lane="2/2to2/1_0" slope="0.00"/>
        <vehicle id="7" x="398.35" y="740.12" angle="0.00" type="DEFAULT_VEHTYPE" speed="12.81" pos="59.88" lane="2/4to2/3_0" slope="0.00"/>
        <vehicle id="8" x="37.46" y="198.35" angle="90.00" type="DEFAULT_VEHTYPE" speed="13.82" pos="37.46" lane="0/1to1/1_0" slope="0.00"/>
        <vehicle id="9" x="201.65" y="252.27" angle="180.00" type="DEFAULT_VEHTYPE" speed="13.30" pos="47.52" lane="1/1to1/2_0" slope="0.00"/>
    </timestep>
    <timestep time="464.00">
        <vehicle id="10" x="572.92" y="198.35" angle="90.00" type="DEFAULT_VEHTYPE" speed="12.48" pos="168.17" lane="2/1to3/1_0" slope="0.00"/>
        <vehicle id="12" x="398.35" y="33.07" angle="0.00" type="DEFAULT_VEHTYPE" speed="13.78" pos="162.18" lane="2/1to2/0_0" slope="0.00"/>
        <vehicle id="13" x="398.35" y="70.84" angle="0.00" type="DEFAULT_VEHTYPE" speed="12.68" pos="124.41" lane="2/1to2/0_0" slope="0.00"/>
        <vehicle id="3" x="201.65" y="530.49" angle="180.00" type="DEFAULT_VEHTYPE" speed="12.71" pos="125.74" lane="1/2to1/3_0" slope="0.00"/>
        <vehicle id="4" x="-0.53" y="201.30" angle="-85.89" type="DEFAULT_VEHTYPE" speed="13.36" pos="0.64" lane=":0/1_0_0" slope="0.00"/>
        <vehicle id="5" x="198.35" y="236.47" angle="0.00" type="DEFAULT_VEHTYPE" speed="12.97" pos="158.78" lane="1/2to1/1_0" slope="0.00"/>
        <vehicle id="6" x="387.38" y="201.65" angle="-90.00" type="DEFAULT_VEHTYPE" speed="13.53" pos="7.87" lane="2/1to1/1_0" slope="0.00"/>
        <vehicle id="7" x="398.35" y="726.77" angle="0.00" type="DEFAULT_VEHTYPE" speed="13.35" pos="73.23" lane="2/4to2/3_0" slope="0.00"/>
        <vehicle id="8" x="51.17" y="198.35" angle="90.00" type="DEFAULT_VEHTYPE" speed="13.71" pos="51.17" lane="0/1to1/1_0" slope="0.00"/>
        <vehicle id="9" x="201.65" y="265.85" angle="180.00" type="DEFAULT_VEHTYPE" speed="13.58" pos="61.10" lane="1/1to1/2_0" slope="0.00"/>
    </timestep>
    <timestep time="465.00">
        <vehicle id="10" x="581.50" y="198.35" angle="90.00" type="DEFAULT_VEHTYPE" speed="8.58" pos="176.75" lane="2/1to3/1_0" slope="0.00"/>
        <vehicle id="12" x="398.35" y="19.66" angle="0.00" type="DEFAULT_VEHTYPE" speed="13.41" pos="175.59" lane="2/1to2/0_0" slope="0.00"/>
        <vehicle id="13" x="398.35" y="57.94" angle="0.00" type="DEFAULT_VEHTYPE" speed="12.90" pos="137.31" lane="2/1to2/0_0" slope="0.00"/>
        <vehicle id="3" x="201.65" y="543.71" angle="180.00" type="DEFAULT_VEHTYPE" speed="13.22" pos="138.96" lane="1/2to1/3_0" slope="0.00"/>
        <vehicle id="4" x="9.11" y="198.35" angle="90.00" type="DEFAULT_VEHTYPE" speed="13.30" pos="9.11" lane="0/1to1/1_0" slope="0.00"/>
        <vehicle id="5" x="198.35" y="223.56" angle="0.00" type="DEFAULT_VEHTYPE" speed="12.91" pos="171.69" lane="1/2to1/1_0" slope="0.00"/>
        <vehicle id="6" x="373.76" y="201.65" angle="-90.00" type="DEFAULT_VEHTYPE" speed="13.62" pos="21.49" lane="2/1to1/1_0" slope="0.00"/>
        <vehicle id="7" x="398.35" y="713.67" angle="0.00" type="DEFAULT_VEHTYPE" speed="13.11" pos="86.33" lane="2/4to2/3_0" slope="0.00"/>
        <vehicle id="8" x="64.73" y="198.35" angle="90.00" type="DEFAULT_VEHTYPE" speed="13.56" pos="64.73" lane="0/1to1/1_0" slope="0.00"/>
        <vehicle id="9" x="201.65" y="279.28" angle="180.00" type="DEFAULT_VEHTYPE" speed="13.43" pos="74.53" lane="1/1to1/2_0" slope="0.00"/>
    </timestep>
    <timestep time="466.00">
        <vehicle id="10" x="586.78" y="198.35" angle="90.00" type="DEFAULT_VEHTYPE" speed="5.28" pos="182.03" lane="2/1to3/1_0" slope="0.00"/>
        <vehicle id="12" x="398.35" y="6.16" angle="0.00" type="DEFAULT_VEHTYPE" speed="13.50" pos="189.09" lane="2/1to2/0_0" slope="0.00"/>
        <vehicle id="13" x="398.35" y="44.09" angle="0.00" type="DEFAULT_VEHTYPE" speed="13.85" pos="151.16" lane="2/1to2/0_0" slope="0.00"/>
        <vehicle id="3" x="201.65" y="557.45" angle="180.00" type="DEFAULT_VEHTYPE" speed="13.74" pos="152.70" lane="1/2to1/3_0" slope="0.00"/>
        <vehicle id="4" x="22.51" y="198.35" angle="90.00" type="DEFAULT_VEHTYPE" speed="13.40" pos="22.51" lane="0/1to1/1_0" slope="0.00"/>
        <vehicle id="5" x="198.35" y="210.25" angle="0.00" type="DEFAULT_VEHTYPE" speed="13.31" pos="185.00" lane="1/2to1/1_0" slope="0.00"/>
        <vehicle id="6" x="361.09" y="201.65" angle="-90.00" type="DEFAULT_VEHTYPE" speed="12.67" pos="34.16" lane="2/1to1/1_0" slope="0.00"/>
        <vehicle id="7" x="398.35" y="700.27" angle="0.00" type="DEFAULT_VEHTYPE" speed="13.39" pos="99.73" lane="2/4to2/3_0" slope="0.00"/>
        <vehicle id="8" x="78.36" y="198.35" angle="90.00" type="DEFAULT_VEHTYPE" speed="13.63" pos="78.36" lane="0/1to1/1_0" slope="0.00"/>
        <vehicle id="9" x="201.65" y="291.94" angle="180.00" type="DEFAULT_VEHTYPE" speed="12.66" pos="87.19" lane="1/1to1/2_0" slope="0.00"/>
    </timestep>
    <timestep time="467.00">
        <vehicle id="10" x="590.05" y="198.35" angle="90.00" type="DEFAULT_VEHTYPE" speed="3.27" pos="185.30" lane="2/1to3/1_0" slope="0.00"/>
        <vehicle id="12" x="401.65" y="2.18" angle="150.97" type="DEFAULT_VEHTYPE" speed="13.16" pos="2.18" lane="2/0to2/1_0" slope="0.00"/>
        <vehicle id="13" x="398.35" y="31.02" angle="0.00" type="DEFAULT_VEHTYPE" speed="13.07" pos="164.23" lane="2/1to2/0_0" slope="0.00"/>
        <vehicle id="3" x="201.65" y="571.06" angle="180.00" type="DEFAULT_VEHTYPE" speed="13.61" pos="166.31" lane="1/2to1/3_0" slope="0.00"/>
        <vehicle id="4" x="36.13" y="198.35" angle="90.00" type="DEFAULT_VEHTYPE" speed="13.62" pos="36.13" lane="0/1to1/1_0" slope="0.00"/>
        <vehicle id="5" x="192.73" y="201.65" angle="-81.02" type="DEFAULT_VEHTYPE" speed="13.02" pos="2.52" lane="1/1to0/1_0" slope="0.00"/>
        <vehicle id="6" x="348.03" y="201.65" angle="-90.00" type="DEFAULT_VEHTYPE" speed="13.06" pos="47.22" lane="2/1to1/1_0" slope="0.00"/>
        <vehicle id="7" x="398.35" y="687.08" angle="0.00" type="DEFAULT_VEHTYPE" speed="13.20" pos="112.92" lane="2/4to2/3_0" slope="0.00"/>
        <vehicle id="8" x="91.64" y="198.35" angle="90.00" type="DEFAULT_VEHTYPE" speed="13.28" pos="91.64" lane="0/1to1/1_0" slope="0.00"/>
        <vehicle id="9" x="201.65" y="305.75" angle="180.00" type="DEFAULT_VEHTYPE" speed="13.82" pos="101.00" lane="1/1to1/2_0" slope="0.00"/>
    </timestep>
    <timestep time="468.00">
        <vehicle id="10" x="595.79" y="198.43" angle="90.89" type="DEFAULT_VEHTYPE" speed="5.75" pos="0.55" lane=":3/1_14_0" slope="0.00"/>
        <vehicle id="12" x="401.65" y="15.47" angle="180.00" type="DEFAULT_VEHTYPE" speed="13.29" pos="15.47" lane="2/0to2/1_0" slope="0.00"/>
        <vehicle id="13" x="398.35" y="17.29" angle="0.00" type="DEFAULT_VEHTYPE" speed="13.73" pos="177.96" lane="2/1to2/0_0" slope="0.00"/>
        <vehicle id="3" x="201.65" y="583.92" angle="180.00" type="DEFAULT_VEHTYPE" speed="12.87" pos="179.17" lane="1/2to1/3_0" slope="0.00"/>
        <vehicle id="4" x="49.82" y="198.35" angle="90.00" type="DEFAULT_VEHTYPE" speed="13.68" pos="49.82" lane="0/1to1/1_0" slope="0.00"/>
        <vehicle id="5" x="179.95" y="201.65" angle="-90.00" type="DEFAULT_VEHTYPE" speed="12.78" pos="15.30" lane="1/1to0/1_0" slope="0.00"/>
        <vehicle id="6" x="334.68" y="201.65" angle="-90.00" type="DEFAULT_VEHTYPE" speed="13.34" pos="60.57" lane="2/1to1/1_0" slope="0.00"/>
        <vehicle id="7" x="398.35" y="674.13" angle="0.00" type="DEFAULT_VEHTYPE" speed="12.95" pos="125.87" lane="2/4to2/3_0" slope="0.00"/>
        <vehicle id="8" x="104.52" y="198.35" angle="90.00" type="DEFAULT_VEHTYPE" speed="12.88" pos="104.52" lane="0/1to1/1_0" slope="0.00"/>
        <vehicle id="9" x="201.65" y="318.98" angle="180.00" type="DEFAULT_VEHTYPE" speed="13.23" pos="114.23" lane="1/1to1/2_0" slope="0.00"/>
    </timestep>
    <timestep time="469.00">
        <vehicle id="10" x="601.39" y="202.96" angle="144.44" type="DEFAULT_VEHTYPE" speed="7.96" pos="8.51" lane=":3/1_14_0" slope="0.00"/>
        <vehicle id="12" x="401.65" y="28.79" angle="180.00" type="DEFAULT_VEHTYPE" speed="13.32" pos="28.79" lane="2/0to2/1_0" slope="0.00"/>
        <vehicle id="13" x="398.35" y="3.77" angle="0.00" type="DEFAULT_VEHTYPE" speed="13.52" pos="191.48" lane="2/1to2/0_0" slope="0.00"/>
        <vehicle id="3" x="202.04" y="596.93" angle="175.53" type="DEFAULT_VEHTYPE" speed="13.08" pos="1.75" lane=":1/3_8_0" slope="0.00"/>
        <vehicle id="4" x="62.61" y="198.35" angle="90.00" type="DEFAULT_VEHTYPE" speed="12.79" pos="62.61" lane="0/1to1/1_0" slope="0.00"/>
        <vehicle id="5" x="167.12" y="201.65" angle="-90.00" type="DEFAULT_VEHTYPE" speed="12.82" pos="28.13" lane="1/1to0/1_0" slope="0.00"/>
        <vehicle id="6" x="321.25" y="201.65" angle="-90.00" type="DEFAULT_VEHTYPE" speed="13.44" pos="74.00" lane="2/1to1/1_0" slope="0.00"/>
        <vehicle id="7" x="398.35" y="661.10" angle="0.00" type="DEFAULT_VEHTYPE" speed="13.03" pos="138.90" lane="2/4to2/3_0" slope="0.00"/>
        <vehicle id="8" x="117.46" y="198.35" angle="90.00" type="DEFAULT_VEHTYPE" speed="12.94" pos="117.46" lane="0/1to1/1_0" slope="0.00"/>
        <vehicle id="9" x="201.65" y="331.89" angle="180.00" type="DEFAULT_VEHTYPE" speed="12.90" pos="127.14" lane="1/1to1/2_0" slope="0.00"/>
    </timestep>
    <timestep time="470.00">
        <vehicle id="10" x="601.65" y="212.86" angle="180.00" type="DEFAULT_VEHTYPE" speed="9.91" pos="8.11" lane="3/1to3/2_0" slope="0.00"/>
        <vehicle id="12" x="401.65" y="42.53" angle="180.00" type="DEFAULT_VEHTYPE" speed="13.74" pos="42.53" lane="2/0to2/1_0" slope="0.00"/>
        <vehicle id="13" x="401.65" y="4.42" angle="176.21" type="DEFAULT_VEHTYPE" speed="13.01" pos="4.42" lane="2/0to2/1_0" slope="0.00"/>
        <vehicle id="3" x="214.71" y="598.35" angle="90.00" type="DEFAULT_VEHTYPE" speed="13.21" pos="9.96" lane="1/3to2/3_0" slope="0.00"/>
        <vehicle id="4" x="76.33" y="198.35" angle="90.00" type="DEFAULT_VEHTYPE" speed="13.72" pos="76.33" lane="0/1to1/1_0" slope="0.00"/>
        <vehicle id="5" x="153.82" y="201.65" angle="-90.00" type="DEFAULT_VEHTYPE" speed="13.30" pos="41.43" lane="1/1to0/1_0" slope="0.00"/>
        <vehicle id="6" x="308.13" y="201.65" angle="-90.00" type="DEFAULT_VEHTYPE" speed="13.11" pos="87.12" lane="2/1to1/1_0" slope="0.00"/>
        <vehicle id="7" x="398.35" y="648.01" angle="0.00" type="DEFAULT_VEHTYPE" speed="13.09" pos="151.99" lane="2/4to2/3_0" slope="0.00"/>
        <vehicle id="8" x="130.73" y="198.35" angle="90.00" type="DEFAULT_VEHTYPE" speed="13.27" pos="130.73" lane="0/1to1/1_0" slope="0.00"/>
        <vehicle id="9" x="201.65" y="345.29" angle="180.00" type="DEFAULT_VEHTYPE" speed="13.40" pos="140.54" lane="1/1to1/2_0" slope="0.00"/>
    </timestep>
    <timestep time="471.00">
        <vehicle id="10" x="601.65" y="225.28" angle="180.00" type="DEFAULT_VEHTYPE" speed="12.43" pos="20.53" lane="3/1to3/2_0" slope="0.00"/>
        <vehicle id="12" x="401.65" y="55.92" angle="180.00" type="DEFAULT_VEHTYPE" speed="13.39" pos="55.92" lane="2/0to2/1_0" slope="0.00"/>
        <vehicle id="13" x="401.65" y="17.32" angle="180.00" type="DEFAULT_VEHTYPE" speed="12.90" pos="17.32" lane="2/0to2/1_0" slope="0.00"/>
        <vehicle id="3" x="227.34" y="598.35" angle="90.00" type="DEFAULT_VEHTYPE" speed="12.63" pos="22.59" lane="1/3to2/3_0" slope="0.00"/>
        <vehicle id="4" x="89.79" y="198.35" angle="90.00" type="DEFAULT_VEHTYPE" speed="13.46" pos="89.79" lane="0/1to1/1_0" slope="0.00"/>
        <vehicle id="5" x="140.42" y="201.65" angle="-90.00" type="DEFAULT_VEHTYPE" speed="13.40" pos="54.83" lane="1/1to0/1_0" slope="0.00"/>
        <vehicle id="6" x="294.85" y="201.65" angle="-90.00" type="DEFAULT_VEHTYPE" speed="13.28" pos="100.40" lane="2/1to1/1_0" slope="0.00"/>
        <vehicle id="7" x="398.35" y="634.21" angle="0.00" type="DEFAULT_VEHTYPE" speed="13.80" pos="165.79" lane="2/4to2/3_0" slope="0.00"/>
        <vehicle id="8" x="144.55" y="198.35" angle="90.00" type="DEFAULT_VEHTYPE" speed="13.82" pos="144.55" lane="0/1to1/1_0" slope="0.00"/>
        <vehicle id="9" x="201.65" y="358.77" angle="180.00" type="DEFAULT_VEHTYPE" speed="13.48" pos="154.02" lane="1/1to1/2_0" slope="0.00"/>
    </timestep>
    <timestep time="472.00">
        <vehicle id="10" x="601.65" y="238.35" angle="180.00" type="DEFAULT_VEHTYPE" speed="13.07" pos="33.60" lane="3/1to3/2_0" slope="0.00"/>
        <vehicle id="12" x="401.65" y="68.58" angle="180.00" type="DEFAULT_VEHTYPE" speed="12.66" pos="68.58" lane="2/0to2/1_0" slope="0.00"/>
        <vehicle id="13" x="401.65" y="30.04" angle="180.00" type="DEFAULT_VEHTYPE" speed="12.72" pos="30.04" lane="2/0to2/1_0" slope="0.00"/>
        <vehicle id="3" x="241.21" y="598.35" angle="90.00" type="DEFAULT_VEHTYPE" speed="13.87" pos="36.46" lane="1/3to2/3_0" slope="0.00"/>
        <vehicle id="4" x="103.24" y="198.35" angle="90.00" type="DEFAULT_VEHTYPE" speed="13.45" pos="103.24" lane="0/1to1/1_0" slope="0.00"/>
        <vehicle id="5" x="127.11" y="201.65" angle="-90.00" type="DEFAULT_VEHTYPE" speed="13.31" pos="68.14" lane="1/1to0/1_0" slope="0.00"/>
        <vehicle id="6" x="281.71" y="201.65" angle="-90.00" type="DEFAULT_VEHTYPE" speed="13.14" pos="113.54" lane="2/1to1/1_0" slope="0.00"/>
        <vehicle id="7" x="398.35" y="620.75" angle="0.00" type="DEFAULT_VEHTYPE" speed="13.46" pos="179.25" lane="2/4to2/3_0" slope="0.00"/>
        <vehicle id="8" x="158.07" y="198.35" angle="90.00" type="DEFAULT_VEHTYPE" speed="13.52" pos="158.07" lane="0/1to1/1_0" slope="0.00"/>
        <vehicle id="9" x="201.65" y="372.15" angle="180.00" type="DEFAULT_VEHTYPE" speed="13.38" pos="167.40" lane="1/1to1/2_0" slope="0.00"/>
    </timestep>
    <timestep time="473.00">
        <vehicle id="10" x="601.65" y="251.81" angle="180.00" type="DEFAULT_VEHTYPE" speed="13.46" pos="47.06" lane="3/1to3/2_0" slope="0.00"/>
        <vehicle id="12" x="401.65" y="82.16" angle="180.00" type="DEFAULT_VEHTYPE" speed="13.58" pos="82.16" lane="2/0to2/1_0" slope="0.00"/>
        <vehicle id="13" x="401.65" y="43.13" angle="180.00" type="DEFAULT_VEHTYPE" speed="13.09" pos="43.13" lane="2/0to2/1_0" slope="0.00"/>
        <vehicle id="3" x="254.58" y="598.35" angle="90.00" type="DEFAULT_VEHTYPE" speed="13.37" pos="49.83" lane="1/3to2/3_0" slope="0.00"/>
        <vehicle id="4" x="116.36" y="198.35" angle="90.00" type="DEFAULT_VEHTYPE" speed="13.11" pos="116.36" lane="0/1to1/1_0" slope="0.00"/>
        <vehicle id="5" x="113.68" y="201.65" angle="-90.00" type="DEFAULT_VEHTYPE" speed="13.43" pos="81.57" lane="1/1to0/1_0" slope="0.00"/>
        <vehicle id="6" x="268.78" y="201.65" angle="-90.00" type="DEFAULT_VEHTYPE" speed="12.93" pos="126.47" lane="2/1to1/1_0" slope="0.00"/>
        <vehicle id="7" x="398.35" y="607.35" angle="0.00" type="DEFAULT_VEHTYPE" speed="13.40" pos="192.65" lane="2/4to2/3_0" slope="0.00"/>
        <vehicle id="8" x="170.55" y="198.35" angle="90.00" type="DEFAULT_VEHTYPE" speed="12.48" pos="170.55" lane="0/1to1/1_0" slope="0.00"/>
        <vehicle id="9" x="201.65" y="385.40" angle="180.00" type="DEFAULT_VEHTYPE" speed="13.26" pos="180.65" lane="1/1to1/2_0" slope="0.00"/>
    </timestep>
    <timestep time="474.00">
        <vehicle id="10" x="601.65" y="265.14" angle="180.00" type="DEFAULT_VEHTYPE" speed="13.33" pos="60.39" lane="3/1to3/2_0" slope="0.00"/>
        <vehicle id="12" x="401.65" y="94.94" angle="180.00" type="DEFAULT_VEHTYPE" speed="12.78" pos="94.94" lane="2/0to2/1_0" slope="0.00"/>
        <vehicle id="13" x="401.65" y="55.96" angle="180.00" type="DEFAULT_VEHTYPE" speed="12.84" pos="55.96" lane="2/0to2/1_0" slope="0.00"/>
        <vehicle id="3" x="268.04" y="598.35" angle="90.00" type="DEFAULT_VEHTYPE" speed="13.46" pos="63.29" lane="1/3to2/3_0" slope="0.00"/>
        <vehicle id="4" x="129.96" y="198.35" angle="90.00" type="DEFAULT_VEHTYPE" speed="13.60" pos="129.96" lane="0/1to1/1_0" slope="0.00"/>
        <vehicle id="5" x="100.34" y="201.65" angle="-90.00" type="DEFAULT_VEHTYPE" speed="13.34" pos="94.91" lane="1/1to0/1_0" slope="0.00"/>
        <vehicle id="6" x="255.70" y="201.65" angle="-90.00" type="DEFAULT_VEHTYPE" speed="13.08" pos="139.55" lane="2/1to1/1_0" slope="0.00"/>
        <vehicle id="7" x="398.35" y="593.77" angle="0.00" type="DEFAULT_VEHTYPE" speed="13.58" pos="1.48" lane="2/3to2/2_0" slope="0.00"/>
        <vehicle id="8" x="180.34" y="198.35" angle="90.00" type="DEFAULT_VEHTYPE" speed="9.79" pos="180.34" lane="0/1to1/1_0" slope="0.00"/>
        <vehicle id="9" x="201.65" y="399.22" angle="180.00" type="DEFAULT_VEHTYPE" speed="13.82" pos="3.97" lane=":1/2_9_0" slope="0.00"/>
    </timestep>
    <timestep time="475.00">
        <vehicle id="10" x="601.65" y="278.76" angle="180.00" type="DEFAULT_VEHTYPE" speed="13.62" pos="74.01" lane="3/1to3/2_0" slope="0.00"/>
        <vehicle id="12" x="401.65" y="108.44" angle="180.00" type="DEFAULT_VEHTYPE" speed="13.51" pos="108.44" lane="2/0to2/1_0" slope="0.00"/>
        <vehicle id="13" x="401.65" y="69.06" angle="180.00" type="DEFAULT_VEHTYPE" speed="13.10" pos="69.06" lane="2/0to2/1_0" slope="0.00"/>
        <vehicle id="3" x="281.75" y="598.35" angle="90.00" type="DEFAULT_VEHTYPE" speed="13.71" pos="77.00" lane="1/3to2/3_0" slope="0.00"/>
        <vehicle id="4" x="143.55" y="198.35" angle="90.00" type="DEFAULT_VEHTYPE" speed="13.59" pos="143.55" lane="0/1to1/1_0" slope="0.00"/>
        <vehicle id="5" x="86.72" y="201.65" angle="-90.00" type="DEFAULT_VEHTYPE" speed="13.62" pos="108.53" lane="1/1to0/1_0" slope="0.00"/>
        <vehicle id="6" x="242.45" y="201.65" angle="-90.00" type="DEFAULT_VEHTYPE" speed="13.25" pos="152.80" lane="2/1to1/1_0" slope="0.00"/>
        <vehicle id="7" x="398.35" y="580.02" angle="0.00" type="DEFAULT_VEHTYPE" speed="13.75" pos="15.23" lane="2/3to2/2_0" slope="0.00"/>
        <vehicle id="8" x="187.12" y="198.35" angle="90.00" type="DEFAULT_VEHTYPE" speed="6.78" pos="187.12" lane="0/1to1/1_0" slope="0.00"/>
        <vehicle id="9" x="201.65" y="412.88" angle="180.00" type="DEFAULT_VEHTYPE" speed="13.66" pos="8.13" lane="1/2to1/3_0" slope="0.00"/>
    </timestep>
    <timestep time="476.00">
        <vehicle id="10" x="601.65" y="291.78" angle="180.00" type="DEFAULT_VEHTYPE" speed="13.01" pos="87.03" lane="3/1to3/2_0" slope="0.00"/>
        <vehicle id="12" x="401.65" y="121.29" angle="180.00" type="DEFAULT_VEHTYPE" speed="12.85" pos="121.29" lane="2/0to2/1_0" slope="0.00"/>
        <vehicle id="13" x="401.65" y="82.18" angle="180.00" type="DEFAULT_VEHTYPE" speed="13.12" pos="82.18" lane="2/0to2/1_0" slope="0.00"/>
        <vehicle id="3" x="295.08" y="598.35" angle="90.00" type="DEFAULT_VEHTYPE" speed="13.33" pos="90.33" lane="1/3to2/3_0" slope="0.00"/>
        <vehicle id="4" x="157.18" y="198.35" angle="90.00" type="DEFAULT_VEHTYPE" speed="13.63" pos="157.18" lane="0/1to1/1_0" slope="0.00"/>
        <vehicle id="5" x="73.53" y="201.65" angle="-90.00" type="DEFAULT_VEHTYPE" speed="13.19" pos="121.72" lane="1/1to0/1_0" slope="0.00"/>
        <vehicle id="6" x="229.30" y="201.65" angle="-90.00" type="DEFAULT_VEHTYPE" speed="13.15" pos="165.95" lane="2/1to1/1_0" slope="0.00"/>
        <vehicle id="7" x="398.35" y="566.82" angle="0.00" type="DEFAULT_VEHTYPE" speed="13.21" pos="28.43" lane="2/3to2/2_0" slope="0.00"/>
        <vehicle id="8" x="190.11" y="198.35" angle="90.00" type="DEFAULT_VEHTYPE" speed="2.99" pos="190.11" lane="0/1to1/1_0" slope="0.00"/>
        <vehicle id="9" x="201.65" y="426.14" angle="180.00" type="DEFAULT_VEHTYPE" speed="13.25" pos="21.39" lane="1/2to1/3_0" slope="0.00"/>
    </timestep>
    <timestep time="477.00">
        <vehicle id="10" x="601.65" y="304.85" angle="180.00" type="DEFAULT_VEHTYPE" speed="13.08" pos="100.10" lane="3/1to3/2_0" slope="0.00"/>
        <vehicle id="12" x="401.65" y="134.12" angle="180.00" type="DEFAULT_VEHTYPE" speed="12.83" pos="134.12" lane="2/0to2/1_0" slope="0.00"/>
        <vehicle id="13" x="401.65" y="96.07" angle="180.00" type="DEFAULT_VEHTYPE" speed="13.89" pos="96.07" lane="2/0to2/1_0" slope="0.00"/>
        <vehicle id="3" x="308.39" y="598.35" angle="90.00" type="DEFAULT_VEHTYPE" speed="13.31" pos="103.64" lane="1/3to2/3_0" slope="0.00"/>
        <vehicle id="4" x="167.55" y="198.35" angle="90.00" type="DEFAULT_VEHTYPE" speed="10.37" pos="167.55" lane="0/1to1/1_0" slope="0.00"/>
        <vehicle id="5" x="60.04" y="201.65" angle="-90.00" type="DEFAULT_VEHTYPE" speed="13.50" pos="135.21" lane="1/1to0/1_0" slope="0.00"/>
        <vehicle id="6" x="219.32" y="201.65" angle="-90.00" type="DEFAULT_VEHTYPE" speed="9.98" pos="175.93" lane="2/1to1/1_0" slope="0.00"/>
        <vehicle id="7" x="398.35" y="553.13" angle="0.00" type="DEFAULT_VEHTYPE" speed="13.68" pos="42.12" lane="2/3to2/2_0" slope="0.00"/>
        <vehicle id="8" x="195.24" y="198.35" angle="90.00" type="DEFAULT_VEHTYPE" speed="5.13" pos="195.24" lane="0/1to1/1_0" slope="0.00"/>
        <vehicle id="9" x="201.65" y="439.80" angle="180.00" type="DEFAULT_VEHTYPE" speed="13.66" pos="35.05" lane="1/2to1/3_0" slope="0.00"/>
    </timestep>
    <timestep time="478.00">
        <vehicle id="10" x="601.65" y="317.78" angle="180.00" type="DEFAULT_VEHTYPE" speed="12.93" pos="113.03" lane="3/1to3/2_0" slope="0.00"/>
        <vehicle id="12" x="401.65" y="147.77" angle="180.00" type="DEFAULT_VEHTYPE" speed="13.65" pos="147.77" lane="2/0to2/1_0" slope="0.00"/>
        <vehicle id="13" x="401.65" y="109.96" angle="180.00" type="DEFAULT_VEHTYPE" speed="13.90" pos="109.96" lane="2/0to2/1_0" slope="0.00"/>
        <vehicle id="3" x="321.12" y="598.35" angle="90.00" type="DEFAULT_VEHTYPE" speed="12.73" pos="116.37" lane="1/3to2/3_0" slope="0.00"/>
        <vehicle id="4" x="178.11" y="198.35" angle="90.00" type="DEFAULT_VEHTYPE" speed="10.56" pos="178.11" lane="0/1to1/1_0" slope="0.00"/>
        <vehicle id="5" x="46.20" y="201.65" angle="-90.00" type="DEFAULT_VEHTYPE" speed="13.84" pos="149.05" lane="1/1to0/1_0" slope="0.00"/>
        <vehicle id="6" x="213.20" y="201.65" angle="-90.00" type="DEFAULT_VEHTYPE" speed="6.13" pos="182.05" lane="2/1to1/1_0" slope="0.00"/>
        <vehicle id="7" x="398.35" y="540.37" angle="0.00" type="DEFAULT_VEHTYPE" speed="12.77" pos="54.88" lane="2/3to2/2_0" slope="0.00"/>
        <vehicle id="8" x="198.35" y="192.80" angle="9.73" type="DEFAULT_VEHTYPE" speed="7.45" pos="2.45" lane="1/1to1/0_0" slope="0.00"/>
        <vehicle id="9" x="201.65" y="452.95" angle="180.00" type="DEFAULT_VEHTYPE" speed="13.16" pos="48.20" lane="1/2to1/3_0" slope="0.00"/>
    </timestep>
    <timestep time="479.00">
        <vehicle id="10" x="601.65" y="330.87" angle="180.00" type="DEFAULT_VEHTYPE" speed="13.08" pos="126.12" lane="3/1to3/2_0" slope="0.00"/>
        <vehicle id="12" x="401.65" y="161.37" angle="180.00" type="DEFAULT_VEHTYPE" speed="13.60" pos="161.37" lane="2/0to2/1_0" slope="0.00"/>
        <vehicle id="13" x="401.65" y="123.24" angle="180.00" type="DEFAULT_VEHTYPE" speed="13.28" pos="123.24" lane="2/0to2/1_0" slope="0.00"/>
        <vehicle id="3" x="334.14" y="598.35" angle="90.00" type="DEFAULT_VEHTYPE" speed="13.02" pos="129.39" lane="1/3to2/3_0" slope="0.00"/>
        <vehicle id="4" x="185.16" y="198.35" angle="90.00" type="DEFAULT_VEHTYPE" speed="7.05" pos="185.16" lane="0/1to1/1_0" slope="0.00"/>
        <vehicle id="5" x="32.85" y="201.65" angle="-90.00" type="DEFAULT_VEHTYPE" speed="13.34" pos="162.40" lane="1/1to0/1_0" slope="0.00"/>
        <vehicle id="6" x="209.44" y="201.65" angle="-90.00" type="DEFAULT_VEHTYPE" speed="3.76" pos="185.81" lane="2/1to1/1_0" slope="0.00"/>
        <vehicle id="7" x="398.35" y="527.01" angle="0.00" type="DEFAULT_VEHTYPE" speed="13.36" pos="68.24" lane="2/3to2/2_0" slope="0.00"/>
        <vehicle id="8" x="198.35" y="183.84" angle="0.00" type="DEFAULT_VEHTYPE" speed="8.96" pos="11.41" lane="1/1to1/0_0" slope="0.00"/>
        <vehicle id="9" x="201.65" y="466.65" angle="180.00" type="DEFAULT_VEHTYPE" speed="13.70" pos="61.90" lane="1/2to1/3_0" slope="0.00"/>
    </timestep>
    <timestep time="480.00">
        <vehicle id="10" x="601.65" y="343.65" angle="180.00" type="DEFAULT_VEHTYPE" speed="12.78" pos="138.90" lane="3/1to3/2_0" slope="0.00"/>
        <vehicle id="12" x="401.65" y="174.60" angle="180.00" type="DEFAULT_VEHTYPE" speed="13.23" pos="174.60" lane="2/0to2/1_0" slope="0.00"/>
        <vehicle id="13" x="401.65" y="136.29" angle="180.00" type="DEFAULT_VEHTYPE" speed="13.05" pos="136.29" lane="2/0to2/1_0" slope="0.00"/>
        <vehicle id="3" x="348.01" y="598.35" angle="90.00" type="DEFAULT_VEHTYPE" speed="13.87" pos="143.26" lane="1/3to2/3_0" slope="0.00"/>
        <vehicle id="4" x="189.26" y="198.35" angle="90.00" type="DEFAULT_VEHTYPE" speed="4.10" pos="189.26" lane="0/1to1/1_0" slope="0.00"/>
        <vehicle id="5" x="19.48" y="201.65" angle="-90.00" type="DEFAULT_VEHTYPE" speed="13.38" pos="175.77" lane="1/1to0/1_0" slope="0.00"/>
        <vehicle id="6" x="203.41" y="201.84" angle="-92.14" type="DEFAULT_VEHTYPE" speed="6.03" pos="1.35" lane=":1/1_4_0" slope="0.00"/>
        <vehicle id="7" x="398.35" y="513.33" angle="0.00" type="DEFAULT_VEHTYPE" speed="13.68" pos="81.92" lane="2/3to2/2_0" slope="0.00"/>
        <vehicle id="8" x="198.35" y="173.58" angle="0.00" type="DEFAULT_VEHTYPE" speed="10.27" pos="21.67" lane="1/1to1/0_0" slope="0.00"/>
        <vehicle id="9" x="201.65" y="480.37" angle="180.00" type="DEFAULT_VEHTYPE" speed="13.72" pos="75.62" lane="1/2to1/3_0" slope="0.00"/>
    </timestep>
    <timestep time="481.00">
        <vehicle id="10" x="601.65" y="356.78" angle="180.00" type="DEFAULT_VEHTYPE" speed="13.13" pos="152.03" lane="3/1to3/2_0" slope="0.00"/>
        <vehicle id="12" x="401.65" y="187.69" angle="180.00" type="DEFAULT_VEHTYPE" speed="13.09" pos="187.69" lane="2/0to2/1_0" slope="0.00"/>
        <vehicle id="13" x="401.65" y="149.93" angle="180.00" type="DEFAULT_VEHTYPE" speed="13.64" pos="149.93" lane="2/0to2/1_0" slope="0.00"/>
        <vehicle id="3" x="361.05" y="598.35" angle="90.00" type="DEFAULT_VEHTYPE" speed="13.04" pos="156.30" lane="1/3to2/3_0" slope="0.00"/>
        <vehicle id="4" x="195.62" y="198.30" angle="89.41" type="DEFAULT_VEHTYPE" speed="6.36" pos="0.37" lane=":1/1_12_0" slope="0.00"/>
        <vehicle id="5" x="6.40" y="201.65" angle="-90.00" type="DEFAULT_VEHTYPE" speed="13.08" pos="188.85" lane="1/1to0/1_0" slope="0.00"/>
        <vehicle id="6" x="201.65" y="209.46" angle="-179.54" type="DEFAULT_VEHTYPE" speed="8.36" pos="4.71" lane="1/1to1/2_0" slope="0.00"/>
        <vehicle id="7" x="398.35" y="500.65" angle="0.00" type="DEFAULT_VEHTYPE" speed="12.68" pos="94.60" lane="2/3to2/2_0" slope="0.00"/>
        <vehicle id="8" x="198.35" y="161.83" angle="0.00" type="DEFAULT_VEHTYPE" speed="11.74" pos="33.42" lane="1/1to1/0_0" slope="0.00"/>
        <vehicle id="9" x="201.65" y="494.16" angle="180.00" type="DEFAULT_VEHTYPE" speed="13.78" pos="89.41" lane="1/2to1/3_0" slope="0.00"/>
    </timestep>
    <timestep time="482.00">
        <vehicle id="10" x="601.65" y="370.56" angle="180.00" type="DEFAULT_VEHTYPE" speed="13.78" pos="165.81" lane="3/1to3/2_0" slope="0.00"/>
        <vehicle id="12" x="405.91" y="198.35" angle="115.46" type="DEFAULT_VEHTYPE" speed="13.72" pos="1.16" lane="2/1to3/1_0" slope="0.00"/>
        <vehicle id="13" x="401.65" y="163.08" angle="180.00" type="DEFAULT_VEHTYPE" speed="13.15" pos="163.08" lane="2/0to2/1_0" slope="0.00"/>
        <vehicle id="3" x="372.98" y="598.35" angle="90.00" type="DEFAULT_VEHTYPE" speed="11.93" pos="168.23" lane="1/3to2/3_0" slope="0.00"/>
        <vehicle id="4" x="198.35" y="191.55" angle="2.07" type="DEFAULT_VEHTYPE" speed="8.32" pos="3.70" lane="1/1to1/0_0" slope="0.00"/>
        <vehicle id="5" x="2.24" y="198.35" angle="62.24" type="DEFAULT_VEHTYPE" speed="13.46" pos="2.24" lane="0/1to1/1_0" slope="0.00"/>
        <vehicle id="6" x="201.65" y="219.16" angle="180.00" type="DEFAULT_VEHTYPE" speed="9.70" pos="14.41" lane="1/1to1/2_0" slope="0.00"/>
        <vehicle id="7" x="398.35" y="488.02" angle="0.00" type="DEFAULT_VEHTYPE" speed="12.62" pos="107.23" lane="2/3to2/2_0" slope="0.00"/>
        <vehicle id="8" x="198.35" y="149.19" angle="0.00" type="DEFAULT_VEHTYPE" speed="12.64" pos="46.06" lane="1/1to1/0_0" slope="0.00"/>
        <vehicle id="9" x="201.65" y="507.59" angle="180.00" type="DEFAULT_VEHTYPE" speed="13.43" pos="102.84" lane="1/2to1/3_0" slope="0.00"/>
    </timestep>
    <timestep time="483.00">
        <vehicle id="10" x="601.65" y="383.79" angle="180.00" type="DEFAULT_VEHTYPE" speed="13.24" pos="179.04" lane="3/1to3/2_0" slope="0.00"/>
        <vehicle id="12" x="418.93" y="198.35" angle="90.00" type="DEFAULT_VEHTYPE" speed="13.03" pos="14.18" lane="2/1to3/1_0" slope="0.00"/>
        <vehicle id="13" x="401.65" y="176.74" angle="180.00" type="DEFAULT_VEHTYPE" speed="13.66" pos="176.74" lane="2/0to2/1_0" slope="0.00"/>
        <vehicle id="3" x="382.47" y="598.35" angle="90.00" type="DEFAULT_VEHTYPE" speed="9.49" pos="177.72" lane="1/3to2/3_0" slope="0.00"/>
        <vehicle id="4" x="198.35" y="181.13" angle="0.00" type="DEFAULT_VEHTYPE" speed="10.42" pos="14.12" lane="1/1to1/0_0" slope="0.00"/>
        <vehicle id="5" x="15.90" y="198.35" angle="90.00" type="DEFAULT_VEHTYPE" speed="13.66" pos="15.90" lane="0/1to1/1_0" slope="0.00"/>
        <vehicle id="6" x="201.65" y="230.93" angle="180.00" type="DEFAULT_VEHTYPE" speed="11.76" pos="26.18" lane="1/1to1/2_0" slope="0.00"/>
        <vehicle id="7" x="398.35" y="475.18" angle="0.00" type="DEFAULT_VEHTYPE" speed="12.85" pos="120.07" lane="2/3to2/2_0" slope="0.00"/>
        <vehicle id="8" x="198.35" y="135.46" angle="0.00" type="DEFAULT_VEHTYPE" speed="13.73" pos="59.79" lane="1/1to1/0_0" slope="0.00"/>
        <vehicle id="9" x="201.65" y="520.73" angle="180.00" type="DEFAULT_VEHTYPE" speed="13.14" pos="115.98" lane="1/2to1/3_0" slope="0.00"/>
    </timestep>
    <timestep time="484.00">
        <vehicle id="10" x="601.65" y="397.08" angle="180.00" type="DEFAULT_VEHTYPE" speed="13.29" pos="1.83" lane=":3/2_9_0" slope="0.00"/>
        <vehicle id="12" x="431.98" y="198.35" angle="90.00" type="DEFAULT_VEHTYPE" speed="13.04" pos="27.23" lane="2/1to3/1_0" slope="0.00"/>
        <vehicle id="13" x="401.65" y="190.04" angle="180.00" type="DEFAULT_VEHTYPE" speed="13.31" pos="190.04" lane="2/0to2/1_0" slope="0.00"/>
        <vehicle id="3" x="387.69" y="598.35" angle="90.00" type="DEFAULT_VEHTYPE" speed="5.21" pos="182.94" lane="1/3to2/3_0" slope="0.00"/>
        <vehicle id="4" x="198.35" y="168.34" angle="0.00" type="DEFAULT_VEHTYPE" speed="12.79" pos="26.91" lane="1/1to1/0_0" slope="0.00"/>
        <vehicle id="5" x="28.51" y="198.35" angle="90.00" type="DEFAULT_VEHTYPE" speed="12.60" pos="28.51" lane="0/1to1/1_0" slope="0.00"/>
        <vehicle id="6" x="201.65" y="244.12" angle="180.00" type="DEFAULT_VEHTYPE" speed="13.19" pos="39.37" lane="1/1to1/2_0" slope="0.00"/>
        <vehicle id="7" x="398.35" y="462.43" angle="0.00" type="DEFAULT_VEHTYPE" speed="12.74" pos="132.82" lane="2/3to2/2_0" slope="0.00"/>
        <vehicle id="8" x="198.35" y="122.23" angle="0.00" type="DEFAULT_VEHTYPE" speed="13.24" pos="73.02" lane="1/1to1/0_0" slope="0.00"/>
        <vehicle id="9" x="201.65" y="533.33" angle="180.00" type="DEFAULT_VEHTYPE" speed="12.60" pos="128.58" lane="1/2to1/3_0" slope="0.00"/>
    </timestep>
    <timestep time="485.00">
        <vehicle id="10" x="601.65" y="410.64" angle="180.00" type="DEFAULT_VEHTYPE" speed="13.56" pos="5.89" lane="3/2to3/3_0" slope="0.00"/>
        <vehicle id="12" x="444.76" y="198.35" angle="90.00" type="DEFAULT_VEHTYPE" speed="12.78" pos="40.01" lane="2/1to3/1_0" slope="0.00"/>
        <vehicle id="13" x="407.29" y="198.35" angle="98.82" type="DEFAULT_VEHTYPE" speed="12.75" pos="2.54" lane="2/1to3/1_0" slope="0.00"/>
        <vehicle id="3" x="390.08" y="598.35" angle="90.00" type="DEFAULT_VEHTYPE" speed="2.39" pos="185.33" lane="1/3to2/3_0" slope="0.00"/>
        <vehicle id="4" x="198.35" y="154.64" angle="0.00" type="DEFAULT_VEHTYPE" speed="13.70" pos="40.61" lane="1/1to1/0_0" slope="0.00"/>
        <vehicle id="5" x="42.17" y="198.35" angle="90.00" type="DEFAULT_VEHTYPE" speed="13.67" pos="42.17" lane="0/1to1/1_0" slope="0.00"/>
        <vehicle id="6" x="201.65" y="257.83" angle="180.00" type="DEFAULT_VEHTYPE" speed="13.71" pos="53.08" lane="1/1to1/2_0" slope="0.00"/>
        <vehicle id="7" x="398.35" y="449.70" angle="0.00" type="DEFAULT_VEHTYPE" speed="12.73" pos="145.55" lane="2/3to2/2_0" slope="0.00"/>
        <vehicle id="8" x="198.35" y="109.51" angle="0.00" type="DEFAULT_VEHTYPE" speed="12.71" pos="85.74" lane="1/1to1/0_0" slope="0.00"/>
        <vehicle id="9" x="201.65" y="546.21" angle="180.00" type="DEFAULT_VEHTYPE" speed="12.88" pos="141.46" lane="1/2to1/3_0" slope="0.00"/>
    </timestep>
    <timestep time="486.00">
        <vehicle id="10" x="601.65" y="424.00" angle="180.00" type="DEFAULT_VEHTYPE" speed="13.36" pos="19.25" lane="3/2to3/3_0" slope="0.00"/>
        <vehicle id="12" x="457.83" y="198.35" angle="90.00" type="DEFAULT_VEHTYPE" speed="13.07" pos="53.08" lane="2/1to3/1_0" slope="0.00"/>
        <vehicle id="13" x="420.11" y="198.35" angle="90.00" type="DEFAULT_VEHTYPE" speed="12.82" pos="15.36" lane="2/1to3/1_0" slope="0.00"/>
        <vehicle id="3" x="394.92" y="598.35" angle="90.00" type="DEFAULT_VEHTYPE" speed="4.85" pos="190.17" lane="1/3to2/3_0" slope="0.00"/>
        <vehicle id="4" x="198.35" y="140.89" angle="0.00" type="DEFAULT_VEHTYPE" speed="13.75" pos="54.36" lane="1/1to1/0_0" slope="0.00"/>
        <vehicle id="5" x="55.93" y="198.35" angle="90.00" type="DEFAULT_VEHTYPE" speed="13.75" pos="55.93" lane="0/1to1/1_0" slope="0.00"/>
        <vehicle id="6" x="201.65" y="271.32" angle="180.00" type="DEFAULT_VEHTYPE" speed="13.50" pos="66.57" lane="1/1to1/2_0" slope="0.00"/>
        <vehicle id="7" x="398.35" y="436.55" angle="0.00" type="DEFAULT_VEHTYPE" speed="13.16" pos="158.70" lane="2/3to2/2_0" slope="0.00"/>
        <vehicle id="8" x="198.35" y="96.79" angle="0.00" type="DEFAULT_VEHTYPE" speed="12.72" pos="98.46" lane="1/1to1/0_0" slope="0.00"/>
        <vehicle id="9" x="201.65" y="559.70" angle="180.00" type="DEFAULT_VEHTYPE" speed="13.49" pos="154.95" lane="1/2to1/3_0" slope="0.00"/>
    </timestep>
    <timestep time="487.00">
        <vehicle id="10" x="601.65" y="436.71" angle="180.00" type="DEFAULT_VEHTYPE" speed="12.72" pos="31.96" lane="3/2to3/3_0" slope="0.00"/>
        <vehicle id="12" x="471.31" y="198.35" angle="90.00" type="DEFAULT_VEHTYPE" speed="13.48" pos="66.56" lane="2/1to3/1_0" slope="0.00"/>
        <vehicle id="13" x="433.74" y="198.35" angle="90.00" type="DEFAULT_VEHTYPE" speed="13.63" pos="28.99" lane="2/1to3/1_0" slope="0.00"/>
        <vehicle id="3" x="400.66" y="600.97" angle="120.76" type="DEFAULT_VEHTYPE" speed="6.67" pos="6.35" lane=":2/3_14_0" slope="0.00"/>
        <vehicle id="4" x="198.35" y="127.48" angle="0.00" type="DEFAULT_VEHTYPE" speed="13.40" pos="67.77" lane="1/1to1/0_0" slope="0.00"/>
        <vehicle id="5" x="68.99" y="198.35" angle="90.00" type="DEFAULT_VEHTYPE" speed="13.06" pos="68.99" lane="0/1to1/1_0" slope="0.00"/>
        <vehicle id="6" x="201.65" y="284.55" angle="180.00" type="DEFAULT_VEHTYPE" speed="13.23" pos="79.80" lane="1/1to1/2_0" slope="0.00"/>
        <vehicle id="7" x="398.35" y="423.39" angle="0.00" type="DEFAULT_VEHTYPE" speed="13.15" pos="171.86" lane="2/3to2/2_0" slope="0.00"/>
        <vehicle id="8" x="198.35" y="83.50" angle="0.00" type="DEFAULT_VEHTYPE" speed="13.29" pos="111.75" lane="1/1to1/0_0" slope="0.00"/>
        <vehicle id="9" x="201.65" y="572.77" angle="180.00" type="DEFAULT_VEHTYPE" speed="13.07" pos="168.02" lane="1/2to1/3_0" slope="0.00"/>
    </timestep>
    <timestep time="488.00">
        <vehicle id="10" x="601.65" y="449.37" angle="180.00" type="DEFAULT_VEHTYPE" speed="12.66" pos="44.62" lane="3/2to3/3_0" slope="0.00"/>
        <vehicle id="12" x="484.01" y="198.35" angle="90.00" type="DEFAULT_VEHTYPE" speed="12.71" pos="79.26" lane="2/1to3/1_0" slope="0.00"/>
        <vehicle id="13" x="446.74" y="198.35" angle="90.00" type="DEFAULT_VEHTYPE" speed="13.00" pos="41.99" lane="2/1to3/1_0" slope="0.00"/>
        <vehicle id="3" x="401.65" y="609.10" angle="178.94" type="DEFAULT_VEHTYPE" speed="8.32" pos="4.35" lane="2/3to2/4_0" slope="0.00"/>
        <vehicle id="4" x="198.35" y="113.88" angle="0.00" type="DEFAULT_VEHTYPE" speed="13.60" pos="81.37" lane="1/1to1/0_0" slope="0.00"/>
        <vehicle id="5" x="81.75" y="198.35" angle="90.00" type="DEFAULT_VEHTYPE" speed="12.76" pos="81.75" lane="0/1to1/1_0" slope="0.00"/>
        <vehicle id="6" x="201.65" y="297.79" angle="180.00" type="DEFAULT_VEHTYPE" speed="13.24" pos="93.04" lane="1/1to1/2_0" slope="0.00"/>
        <vehicle id="7" x="398.35" y="409.91" angle="0.00" type="DEFAULT_VEHTYPE" speed="13.49" pos="185.34" lane="2/3to2/2_0" slope="0.00"/>
        <vehicle id="8" x="198.35" y="70.26" angle="0.00" type="DEFAULT_VEHTYPE" speed="13.24" pos="124.99" lane="1/1to1/0_0" slope="0.00"/>
        <vehicle id="9" x="201.65" y="586.47" angle="180.00" type="DEFAULT_VEHTYPE" speed="13.70" pos="181.72" lane="1/2to1/3_0" slope="0.00"/>
    </timestep>
    <timestep time="489.00">
        <vehicle id="10" x="601.65" y="463.12" angle="180.00" type="DEFAULT_VEHTYPE" speed="13.75" pos="58.37" lane="3/2to3/3_0" slope="0.00"/>
        <vehicle id="12" x="496.67" y="198.35" angle="90.00" type="DEFAULT_VEHTYPE" speed="12.66" pos="91.92" lane="2/1to3/1_0" slope="0.00"/>
        <vehicle id="13" x="460.29" y="198.35" angle="90.00" type="DEFAULT_VEHTYPE" speed="13.55" pos="55.54" lane="2/1to3/1_0" slope="0.00"/>
        <vehicle id="3" x="401.65" y="619.14" angle="180.00" type="DEFAULT_VEHTYPE" speed="10.04" pos="14.39" lane="2/3to2/4_0" slope="0.00"/>
        <vehicle id="4" x="198.35" y="100.15" angle="0.00" type="DEFAULT_VEHTYPE" speed="13.72" pos="95.10" lane="1/1to1/0_0" slope="0.00"/>
        <vehicle id="5" x="94.58" y="198.35" angle="90.00" type="DEFAULT_VEHTYPE" speed="12.84" pos="94.58" lane="0/1to1/1_0" slope="0.00"/>
        <vehicle id="6" x="201.65" y="311.44" angle="180.00" type="DEFAULT_VEHTYPE" speed="13.65" pos="106.69" lane="1/1to1/2_0" slope="0.00"/>
        <vehicle id="7" x="398.35" y="397.16" angle="0.00" type="DEFAULT_VEHTYPE" speed="12.75" pos="7.59" lane=":2/2_1_0" slope="0.00"/>
        <vehicle id="8" x="198.35" y="56.60" angle="0.00" type="DEFAULT_VEHTYPE" speed="13.66" pos="138.65" lane="1/1to1/0_0" slope="0.00"/>
        <vehicle id="9" x="203.95" y="598.24" angle="148.85" type="DEFAULT_VEHTYPE" speed="12.97" pos="4.19" lane=":1/3_8_0" slope="0.00"/>
    </timestep>
    <timestep time="490.00">
        <vehicle id="10" x="601.65" y="476.63" angle="180.00" type="DEFAULT_VEHTYPE" speed="13.51" pos="71.88" lane="3/2to3/3_0" slope="0.00"/>
        <vehicle id="12" x="509.42" y="198.35" angle="90.00" type="DEFAULT_VEHTYPE" speed="12.75" pos="104.67" lane="2/1to3/1_0" slope="0.00"/>
        <vehicle id="13" x="473.87" y="198.35" angle="90.00" type="DEFAULT_VEHTYPE" speed="13.58" pos="69.12" lane="2/1to3/1_0" slope="0.00"/>
        <vehicle id="3" x="401.65" y="631.53" angle="180.00" type="DEFAULT_VEHTYPE" speed="12.39" pos="26.78" lane="2/3to2/4_0" slope="0.00"/>
        <vehicle id="4" x="198.35" y="87.02" angle="0.00" type="DEFAULT_VEHTYPE" speed="13.14" pos="108.23" lane="1/1to1/0_0" slope="0.00"/>
        <vehicle id="5" x="108.09" y="198.35" angle="90.00" type="DEFAULT_VEHTYPE" speed="13.50" pos="108.09" lane="0/1to1/1_0" slope="0.00"/>
        <vehicle id="6" x="201.65" y="325.31" angle="180.00" type="DEFAULT_VEHTYPE" speed="13.87" pos="120.56" lane="1/1to1/2_0" slope="0.00"/>
        <vehicle id="7" x="398.35" y="383.33" angle="0.00" type="DEFAULT_VEHTYPE" speed="13.83" pos="11.92" lane="2/2to2/1_0" slope="0.00"/>
        <vehicle id="8" x="198.35" y="42.75" angle="0.00" type="DEFAULT_VEHTYPE" speed="13.85" pos="152.50" lane="1/1to1/0_0" slope="0.00"/>
        <vehicle id="9" x="216.74" y="598.35" angle="90.00" type="DEFAULT_VEHTYPE" speed="12.80" pos="11.99" lane="1/3to2/3_0" slope="0.00"/>
    </timestep>
    <timestep time="491.00">
        <vehicle id="10" x="601.65" y="489.33" angle="180.00" type="DEFAULT_VEHTYPE" speed="12.70" pos="84.58" lane="3/2to3/3_0" slope="0.00"/>
        <vehicle id="12" x="522.24" y="198.35" angle="90.00" type="DEFAULT_VEHTYPE" speed="12.81" pos="117.49" lane="2/1to3/1_0" slope="0.00"/>
        <vehicle id="13" x="487.28" y="198.35" angle="90.00" type="DEFAULT_VEHTYPE" speed="13.42" pos="82.53" lane="2/1to3/1_0" slope="0.00"/>
        <vehicle id="3" x="401.65" y="644.24" angle="180.00" type="DEFAULT_VEHTYPE" speed="12.71" pos="39.49" lane="2/3to2/4_0" slope="0.00"/>
        <vehicle id="4" x="198.35" y="73.28" angle="0.00" type="DEFAULT_VEHTYPE" speed="13.74" pos="121.97" lane="1/1to1/0_0" slope="0.00"/>
        <vehicle id="5" x="120.77" y="198.35" angle="90.00" type="DEFAULT_VEHTYPE" speed="12.68" pos="120.77" lane="0/1to1/1_0" slope="0.00"/>
        <vehicle id="6" x="201.65" y="338.47" angle="180.00" type="DEFAULT_VEHTYPE" speed="13.16" pos="133.72" lane="1/1to1/2_0" slope="0.00"/>
        <vehicle id="7" x="398.35" y="369.81" angle="0.00" type="DEFAULT_VEHTYPE" speed="13.51" pos="25.44" lane="2/2to2/1_0" slope="0.00"/>
        <vehicle id="8" x="198.35" y="30.05" angle="0.00" type="DEFAULT_VEHTYPE" speed="12.70" pos="165.20" lane="1/1to1/0_0" slope="0.00"/>
        <vehicle id="9" x="230.24" y="598.35" angle="90.00" type="DEFAULT_VEHTYPE" speed="13.50" pos="25.49" lane="1/3to2/3_0" slope="0.00"/>
    </timestep>
    <timestep time="492.00">
        <vehicle id="10" x="601.65" y="503.19" angle="180.00" type="DEFAULT_VEHTYPE" speed="13.86" pos="98.44" lane="3/2to3/3_0" slope="0.00"/>
        <vehicle id="12" x="535.65" y="198.35" angle="90.00" type="DEFAULT_VEHTYPE" speed="13.42" pos="130.90" lane="2/1to3/1_0" slope="0.00"/>
        <vehicle id="13" x="500.48" y="198.35" angle="90.00" type="DEFAULT_VEHTYPE" speed="13.19" pos="95.73" lane="2/1to3/1_0" slope="0.00"/>
        <vehicle id="3" x="401.65" y="657.53" angle="180.00" type="DEFAULT_VEHTYPE" speed="13.29" pos="52.78" lane="2/3to2/4_0" slope="0.00"/>
        <vehicle id="4" x="198.35" y="60.56" angle="0.00" type="DEFAULT_VEHTYPE" speed="12.72" pos="134.69" lane="1/1to1/0_0" slope="0.00"/>
        <vehicle id="5" x="133.87" y="198.35" angle="90.00" type="DEFAULT_VEHTYPE" speed="13.10" pos="133.87" lane="0/1to1/1_0" slope="0.00"/>
        <vehicle id="6" x="201.65" y="351.51" angle="180.00" type="DEFAULT_VEHTYPE" speed="13.04" pos="146.76" lane="1/1to1/2_0" slope="0.00"/>
        <vehicle id="7" x="398.35" y="356.83" angle="0.00" type="DEFAULT_VEHTYPE" speed="12.99" pos="38.42" lane="2/2to2/1_0" slope="0.00"/>
        <vehicle id="8" x="198.35" y="16.81" angle="0.00" type="DEFAULT_VEHTYPE" speed="13.23" pos="178.44" lane="1/1to1/0_0" slope="0.00"/>
        <vehicle id="9" x="244.03" y="598.35" angle="90.00" type="DEFAULT_VEHTYPE" speed="13.79" pos="39.28" lane="1/3to2/3_0" slope="0.00"/>
    </timestep>
    <timestep time="493.00">
        <vehicle id="10" x="601.65" y="516.99" angle="180.00" type="DEFAULT_VEHTYPE" speed="13.80" pos="112.24" lane="3/2to3/3_0" slope="0.00"/>
        <vehicle id="12" x="548.30" y="198.35" angle="90.00" type="DEFAULT_VEHTYPE" speed="12.65" pos="143.55" lane="2/1to3/1_0" slope="0.00"/>
        <vehicle id="13" x="514.09" y="198.35" angle="90.00" type="DEFAULT_VEHTYPE" speed="13.61" pos="109.34" lane="2/1to3/1_0" slope="0.00"/>
        <vehicle id="3" x="401.65" y="670.27" angle="180.00" type="DEFAULT_VEHTYPE" speed="12.74" pos="65.52" lane="2/3to2/4_0" slope="0.00"/>
        <vehicle id="4" x="198.35" y="47.08" angle="0.00" type="DEFAULT_VEHTYPE" speed="13.47" pos="148.17" lane="1/1to1/0_0" slope="0.00"/>
        <vehicle id="5" x="147.20" y="198.35" angle="90.00" type="DEFAULT_VEHTYPE" speed="13.34" pos="147.20" lane="0/1to1/1_0" slope="0.00"/>
        <vehicle id="6" x="201.65" y="365.21" angle="180.00" type="DEFAULT_VEHTYPE" speed="13.70" pos="160.46" lane="1/1to1/2_0" slope="0.00"/>
        <vehicle id="7" x="398.35" y="343.69" angle="0.00" type="DEFAULT_VEHTYPE" speed="13.14" pos="51.56" lane="2/2to2/1_0" slope="0.00"/>
        <vehicle id="8" x="198.35" y="3.99" angle="0.00" type="DEFAULT_VEHTYPE" speed="12.82" pos="191.26" lane="1/1to1/0_0" slope="0.00"/>
        <vehicle id="9" x="257.45" y="598.35" angle="90.00" type="DEFAULT_VEHTYPE" speed="13.41" pos="52.70" lane="1/3to2/3_0" slope="0.00"/>
    </timestep>
    <timestep time="494.00">
        <vehicle id="10" x="601.65" y="529.93" angle="180.00" type="DEFAULT_VEHTYPE" speed="12.95" pos="125.18" lane="3/2to3/3_0" slope="0.00"/>
        <vehicle id="12" x="561.75" y="198.35" angle="90.00" type="DEFAULT_VEHTYPE" speed="13.45" pos="157.00" lane="2/1to3/1_0" slope="0.00"/>
        <vehicle id="13" x="527.65" y="198.35" angle="90.00" type="DEFAULT_VEHTYPE" speed="13.56" pos="122.90" lane="2/1to3/1_0" slope="0.00"/>
        <vehicle id="3" x="401.65" y="684.11" angle="180.00" type="DEFAULT_VEHTYPE" speed="13.84" pos="79.36" lane="2/3to2/4_0" slope="0.00"/>
        <vehicle id="4" x="198.35" y="33.60" angle="0.00" type="DEFAULT_VEHTYPE" speed="13.49" pos="161.65" lane="1/1to1/0_0" slope="0.00"/>
        <vehicle id="5" x="161.06" y="198.35" angle="90.00" type="DEFAULT_VEHTYPE" speed="13.86" pos="161.06" lane="0/1to1/1_0" slope="0.00"/>
        <vehicle id="6" x="201.65" y="378.06" angle="180.00" type="DEFAULT_VEHTYPE" speed="12.85" pos="173.31" lane="1/1to1/2_0" slope="0.00"/>
        <vehicle id="7" x="398.35" y="329.88" angle="0.00" type="DEFAULT_VEHTYPE" speed="13.81" pos="65.37" lane="2/2to2/1_0" slope="0.00"/>
        <vehicle id="8" x="201.65" y="4.65" angle="177.73" type="DEFAULT_VEHTYPE" speed="13.46" pos="4.65" lane="1/0to1/1_0" slope="0.00"/>
        <vehicle id="9" x="270.17" y="598.35" angle="90.00" type="DEFAULT_VEHTYPE" speed="12.72" pos="65.42" lane="1/3to2/3_0" slope="0.00"/>
    </timestep>
    <timestep time="495.00">
        <vehicle id="10" x="601.65" y="543.01" angle="180.00" type="DEFAULT_VEHTYPE" speed="13.07" pos="138.26" lane="3/2to3/3_0" slope="0.00"/>
        <vehicle id="12" x="574.15" y="198.35" angle="90.00" type="DEFAULT_VEHTYPE" speed="12.39" pos="169.40" lane="2/1to3/1_0" slope="0.00"/>
        <vehicle id="13" x="540.46" y="198.35" angle="90.00" type="DEFAULT_VEHTYPE" speed="12.81" pos="135.71" lane="2/1to3/1_0" slope="0.00"/>
        <vehicle id="3" x="401.65" y="697.16" angle="180.00" type="DEFAULT_VEHTYPE" speed="13.05" pos="92.41" lane="2/3to2/4_0" slope="0.00"/>
        <vehicle id="4" x="198.35" y="20.68" angle="0.00" type="DEFAULT_VEHTYPE" speed="12.92" pos="174.57" lane="1/1to1/0_0" slope="0.00"/>
        <vehicle id="5" x="173.91" y="198.35" angle="90.00" type="DEFAULT_VEHTYPE" speed="12.85" pos="173.91" lane="0/1to1/1_0" slope="0.00"/>
        <vehicle id="6" x="201.65" y="391.59" angle="180.00" type="DEFAULT_VEHTYPE" speed="13.53" pos="186.84" lane="1/1to1/2_0" slope="0.00"/>
        <vehicle id="7" x="398.35" y="316.91" angle="0.00" type="DEFAULT_VEHTYPE" speed="12.98" pos="78.34" lane="2/2to2/1_0" slope="0.00"/>
        <vehicle id="8" x="201.65" y="17.51" angle="180.00" type="DEFAULT_VEHTYPE" speed="12.86" pos="17.51" lane="1/0to1/1_0" slope="0.00"/>
        <vehicle id="9" x="283.72" y="598.35" angle="90.00" type="DEFAULT_VEHTYPE" speed="13.55" pos="78.97" lane="1/3to2/3_0" slope="0.00"/>
    </timestep>
    <timestep time="496.00">
        <vehicle id="10" x="601.65" y="555.80" angle="180.00" type="DEFAULT_VEHTYPE" speed="12.80" pos="151.05" lane="3/2to3/3_0" slope="0.00"/>
        <vehicle id="12" x="583.19" y="198.35" angle="90.00" type="DEFAULT_VEHTYPE" speed="9.04" pos="178.44" lane="2/1to3/1_0" slope="0.00"/>
        <vehicle id="13" x="554.33" y="198.35" angle="90.00" type="DEFAULT_VEHTYPE" speed="13.87" pos="149.58" lane="2/1to3/1_0" slope="0.00"/>
        <vehicle id="3" x="401.65" y="710.69" angle="180.00" type="DEFAULT_VEHTYPE" speed="13.53" pos="105.94" lane="2/3to2/4_0" slope="0.00"/>
        <vehicle id="4" x="198.35" y="6.97" angle="0.00" type="DEFAULT_VEHTYPE" speed="13.71" pos="188.28" lane="1/1to1/0_0" slope="0.00"/>
        <vehicle id="5" x="182.87" y="198.35" angle="90.00" type="DEFAULT_VEHTYPE" speed="8.96" pos="182.87" lane="0/1to1/1_0" slope="0.00"/>
        <vehicle id="6" x="201.65" y="405.47" angle="180.00" type="DEFAULT_VEHTYPE" speed="13.88" pos="0.72" lane="1/2to1/3_0" slope="0.00"/>
        <vehicle id="7" x="398.35" y="303.94" angle="0.00" type="DEFAULT_VEHTYPE" speed="12.96" pos="91.31" lane="2/2to2/1_0" slope="0.00"/>
        <vehicle id="8" x="201.65" y="31.21" angle="180.00" type="DEFAULT_VEHTYPE" speed="13.70" pos="31.21" lane="1/0to1/1_0" slope="0.00"/>
        <vehicle id="9" x="297.43" y="598.35" angle="90.00" type="DEFAULT_VEHTYPE" speed="13.71" pos="92.68" lane="1/3to2/3_0" slope="0.00"/>
    </timestep>
    <timestep time="497.00">
        <vehicle id="10" x="601.65" y="568.59" angle="180.00" type="DEFAULT_VEHTYPE" speed="12.79" pos="163.84" lane="3/2to3/3_0" slope="0.00"/>
        <vehicle id="12" x="588.29" y="198.35" angle="90.00" type="DEFAULT_VEHTYPE" speed="5.10" pos="183.54" lane="2/1to3/1_0" slope="0.00"/>
        <vehicle id="13" x="567.03" y="198.35" angle="90.00" type="DEFAULT_VEHTYPE" speed="12.70" pos="162.28" lane="2/1to3/1_0" slope="0.00"/>
        <vehicle id="3" x="401.65" y="723.73" angle="180.00" type="DEFAULT_VEHTYPE" speed="13.04" pos="118.98" lane="2/3to2/4_0" slope="0.00"/>
        <vehicle id="4" x="201.65" y="1.79" angle="142.48" type="DEFAULT_VEHTYPE" speed="13.58" pos="1.79" lane="1/0to1/1_0" slope="0.00"/>
        <vehicle id="5" x="188.76" y="198.35" angle="90.00" type="DEFAULT_VEHTYPE" speed="5.89" pos="188.76" lane="0/1to1/1_0" slope="0.00"/>
        <vehicle id="6" x="201.65" y="418.87" angle="180.00" type="DEFAULT_VEHTYPE" speed="13.39" pos="14.12" lane="1/2to1/3_0" slope="0.00"/>
        <vehicle id="7" x="398.35" y="290.80" angle="0.00" type="DEFAULT_VEHTYPE" speed="13.15" pos="104.45" lane="2/2to2/1_0" slope="0.00"/>
        <vehicle id="8" x="201.65" y="44.46" angle="180.00" type="DEFAULT_VEHTYPE" speed="13.24" pos="44.46" lane="1/0to1/1_0" slope="0.00"/>
        <vehicle id="9" x="311.31" y="598.35" angle="90.00" type="DEFAULT_VEHTYPE" speed="13.88" pos="106.56" lane="1/3to2/3_0" slope="0.00"/>
    </timestep>
    <timestep time="498.00">
        <vehicle id="10" x="601.65" y="581.60" angle="180.00" type="DEFAULT_VEHTYPE" speed="13.01" pos="176.85" lane="3/2to3/3_0" slope="0.00"/>
        <vehicle id="12" x="595.36" y="198.37" angle="90.17" type="DEFAULT_VEHTYPE" speed="7.07" pos="0.11" lane=":3/1_14_0" slope="0.00"/>
        <vehicle id="13" x="575.70" y="198.35" angle="90.00" type="DEFAULT_VEHTYPE" speed="8.67" pos="170.95" lane="2/1to3/1_0" slope="0.00"/>
        <vehicle id="3" x="401.65" y="737.43" angle="180.00" type="DEFAULT_VEHTYPE" speed="13.70" pos="132.68" lane="2/3to2/4_0" slope="0.00"/>
        <vehicle id="4" x="201.65" y="15.49" angle="180.00" type="DEFAULT_VEHTYPE" speed="13.69" pos="15.49" lane="1/0to1/1_0" slope="0.00"/>
        <vehicle id="5" x="197.01" y="197.92" angle="84.96" type="DEFAULT_VEHTYPE" speed="8.33" pos="1.84" lane=":1/1_12_0" slope="0.00"/>
        <vehicle id="6" x="201.65" y="432.14" angle="180.00" type="DEFAULT_VEHTYPE" speed="13.27" pos="27.39" lane="1/2to1/3_0" slope="0.00"/>
        <vehicle id="7" x="398.35" y="277.17" angle="0.00" type="DEFAULT_VEHTYPE" speed="13.62" pos="118.08" lane="2/2to2/1_0" slope="0.00"/>
        <vehicle id="8" x="201.65" y="58.11" angle="180.00" type="DEFAULT_VEHTYPE" speed="13.65" pos="58.11" lane="1/0to1/1_0" slope="0.00"/>
        <vehicle id="9" x="324.86" y="598.35" angle="90.00" type="DEFAULT_VEHTYPE" speed="13.54" pos="120.11" lane="1/3to2/3_0" slope="0.00"/>
    </timestep>
    <timestep time="499.00">
        <vehicle id="10" x="601.65" y="594.26" angle="180.00" type="DEFAULT_VEHTYPE" speed="12.66" pos="189.51" lane="3/2to3/3_0" slope="0.00"/>
        <vehicle id="12" x="601.55" y="204.04" angle="155.66" type="DEFAULT_VEHTYPE" speed="9.49" pos="9.60" lane=":3/1_14_0" slope="0.00"/>
        <vehicle id="13" x="583.79" y="198.35" angle="90.00" type="DEFAULT_VEHTYPE" speed="8.09" pos="179.04" lane="2/1to3/1_0" slope="0.00"/>
        <vehicle id="3" x="401.65" y="750.52" angle="180.00" type="DEFAULT_VEHTYPE" speed="13.09" pos="145.77" lane="2/3to2/4_0" slope="0.00"/>
        <vehicle id="4" x="201.65" y="28.96" angle="180.00" type="DEFAULT_VEHTYPE" speed="13.47" pos="28.96" lane="1/0to1/1_0" slope="0.00"/>
        <vehicle id="5" x="198.35" y="187.59" angle="0.00" type="DEFAULT_VEHTYPE" speed="10.82" pos="7.66" lane="1/1to1/0_0" slope="0.00"/>
        <vehicle id="6" x="201.65" y="445.04" angle="180.00" type="DEFAULT_VEHTYPE" speed="12.90" pos="40.29" lane="1/2to1/3_0" slope="0.00"/>
        <vehicle id="7" x="398.35" y="263.89" angle="0.00" type="DEFAULT_VEHTYPE" speed="13.28" pos="131.36" lane="2/2to2/1_0" slope="0.00"/>
        <vehicle id="8" x="201.65" y="71.06" angle="180.00" type="DEFAULT_VEHTYPE" speed="12.95" pos="71.06" lane="1/0to1/1_0" slope="0.00"/>
        <vehicle id="9" x="337.52" y="598.35" angle="90.00" type="DEFAULT_VEHTYPE" speed="12.67" pos="132.77" lane="1/3to2/3_0" slope="0.00"/>
    </timestep>
    <timestep time="500.00">
        <vehicle id="10" x="611.47" y="598.35" angle="90.00" type="DEFAULT_VEHTYPE" speed="12.71" pos="6.72" lane="3/3to4/3_0" slope="0.00"/>
        <vehicle id="12" x="601.65" y="215.23" angle="180.00" type="DEFAULT_VEHTYPE" speed="11.20" pos="10.48" lane="3/1to3/2_0" slope="0.00"/>
        <vehicle id="13" x="588.76" y="198.35" angle="90.00" type="DEFAULT_VEHTYPE" speed="4.98" pos="184.01" lane="2/1to3/1_0" slope="0.00"/>
        <vehicle id="3" x="401.65" y="763.55" angle="180.00" type="DEFAULT_VEHTYPE" speed="13.03" pos="158.80" lane="2/3to2/4_0" slope="0.00"/>
        <vehicle id="4" x="201.65" y="41.70" angle="180.00" type="DEFAULT_VEHTYPE" speed="12.75" pos="41.70" lane="1/0to1/1_0" slope="0.00"/>
        <vehicle id="5" x="198.35" y="174.93" angle="0.00" type="DEFAULT_VEHTYPE" speed="12.66" pos="20.32" lane="1/1to1/0_0" slope="0.00"/>
        <vehicle id="6" x="201.65" y="458.46" angle="180.00" type="DEFAULT_VEHTYPE" speed="13.43" pos="53.71" lane="1/2to1/3_0" slope="0.00"/>
        <vehicle id="7" x="398.35" y="251.25" angle="0.00" type="DEFAULT_VEHTYPE" speed="12.64" pos="144.00" lane="2/2to2/1_0" slope="0.00"/>
        <vehicle id="8" x="201.65" y="83.98" angle="180.00" type="DEFAULT_VEHTYPE" speed="12.92" pos="83.98" lane="1/0to1/1_0" slope="0.00"/>
        <vehicle id="9" x="350.68" y="598.35" angle="90.00" type="DEFAULT_VEHTYPE" speed="13.16" pos="145.93" lane="1/3to2/3_0" slope="0.00"/>
    </timestep>
    <timestep time="501.00">
        <vehicle id="10" x="624.39" y="598.35" angle="90.00" type="DEFAULT_VEHTYPE" speed="12.92" pos="19.64" lane="3/3to4/3_0" slope="0.00"/>
        <vehicle id="12" x="601.65" y="228.15" angle="180.00" type="DEFAULT_VEHTYPE" speed="12.92" pos="23.40" lane="3/1to3/2_0" slope="0.00"/>
        <vehicle id="13" x="595.44" y="198.35" angle="90.00" type="DEFAULT_VEHTYPE" speed="6.68" pos="0.19" lane=":3/1_13_0" slope="0.00"/>
        <vehicle id="3" x="401.65" y="776.52" angle="180.00" type="DEFAULT_VEHTYPE" speed="12.97" pos="171.77" lane="2/3to2/4_0" slope="0.00"/>
        <vehicle id="4" x="201.65" y="55.54" angle="180.00" type="DEFAULT_VEHTYPE" speed="13.84" pos="55.54" lane="1/0to1/1_0" slope="0.00"/>
        <vehicle id="5" x="198.35" y="161.23" angle="0.00" type="DEFAULT_VEHTYPE" speed="13.70" pos="34.02" lane="1/1to1/0_0" slope="0.00"/>
        <vehicle id="6" x="201.65" y="471.16" angle="180.00" type="DEFAULT_VEHTYPE" speed="12.69" pos="66.41" lane="1/2to1/3_0" slope="0.00"/>
        <vehicle id="7" x="398.35" y="238.50" angle="0.00" type="DEFAULT_VEHTYPE" speed="12.75" pos="156.75" lane="2/2to2/1_0" slope="0.00"/>
        <vehicle id="8" x="201.65" y="97.54" angle="180.00" type="DEFAULT_VEHTYPE" speed="13.56" pos="97.54" lane="1/0to1/1_0" slope="0.00"/>
        <vehicle id="9" x="364.51" y="598.35" angle="90.00" type="DEFAULT_VEHTYPE" speed="13.83" pos="159.76" lane="1/3to2/3_0" slope="0.00"/>
    </timestep>
    <timestep time="502.00">
        <vehicle id="10" x="637.62" y="598.35" angle="90.00" type="DEFAULT_VEHTYPE" speed="13.23" pos="32.87" lane="3/3to4/3_0" slope="0.00"/>
        <vehicle id="12" x="601.65" y="240.80" angle="180.00" type="DEFAULT_VEHTYPE" speed="12.65" pos="36.05" lane="3/1to3/2_0" slope="0.00"/>
        <vehicle id="13" x="603.90" y="198.35" angle="90.00" type="DEFAULT_VEHTYPE" speed="8.46" pos="8.65" lane=":3/1_13_0" slope="0.00"/>
        <vehicle id="3" x="401.65" y="789.29" angle="180.00" type="DEFAULT_VEHTYPE" speed="12.77" pos="184.54" lane="2/3to2/4_0" slope="0.00"/>
        <vehicle id="4" x="201.65" y="68.51" angle="180.00" type="DEFAULT_VEHTYPE" speed="12.97" pos="68.51" lane="1/0to1/1_0" slope="0.00"/>
        <vehicle id="5" x="198.35" y="148.15" angle="0.00" type="DEFAULT_VEHTYPE" speed="13.08" pos="47.10" lane="1/1to1/0_0" slope="0.00"/>
        <vehicle id="6" x="201.65" y="484.56" angle="180.00" type="DEFAULT_VEHTYPE" speed="13.40" pos="79.81" lane="1/2to1/3_0" slope="0.00"/>
        <vehicle id="7" x="398.35" y="225.43" angle="0.00" type="DEFAULT_VEHTYPE" speed="13.07" pos="169.82" lane="2/2to2/1_0" slope="0.00"/>
        <vehicle id="8" x="201.65" y="110.41" angle="180.00" type="DEFAULT_VEHTYPE" speed="12.88" pos="110.41" lane="1/0to1/1_0" slope="0.00"/>
        <vehicle id="9" x="375.73" y="598.35" angle="90.00" type="DEFAULT_VEHTYPE" speed="11.22" pos="170.98" lane="1/3to2/3_0" slope="0.00"/>
    </timestep>
    <timestep time="503.00">
        <vehicle id="10" x="651.45" y="598.35" angle="90.00" type="DEFAULT_VEHTYPE" speed="13.83" pos="46.70" lane="3/3to4/3_0" slope="0.00"/>
        <vehicle id="12" x="601.65" y="254.47" angle="180.00" type="DEFAULT_VEHTYPE" speed="13.68" pos="49.72" lane="3/1to3/2_0" slope="0.00"/>
        <vehicle id="13" x="613.72" y="198.35" angle="90.00" type="DEFAULT_VEHTYPE" speed="9.82" pos="8.97" lane="3/1to4/1_0" slope="0.00"/>
        <vehicle id="3" x="399.31" y="801.31" angle="-143.26" type="DEFAULT_VEHTYPE" speed="13.89" pos="3.18" lane=":2/4_0_0" slope="0.00"/>
        <vehicle id="4" x="201.65" y="81.92" angle="180.00" type="DEFAULT_VEHTYPE" speed="13.41" pos="81.92" lane="1/0to1/1_0" slope="0.00"/>
        <vehicle id="5" x="198.35" y="134.63" angle="0.00" type="DEFAULT_VEHTYPE" speed="13.52" pos="60.62" lane="1/1to1/0_0" slope="0.00"/>
        <vehicle id="6" x="201.65" y="498.08" angle="180.00" type="DEFAULT_VEHTYPE" speed="13.52" pos="93.33" lane="1/2to1/3_0" slope="0.00"/>
        <vehicle id="7" x="398.35" y="212.29" angle="0.00" type="DEFAULT_VEHTYPE" speed="13.14" pos="182.96" lane="2/2to2/1_0" slope="0.00"/>
        <vehicle id="8" x="201.65" y="123.38" angle="180.00" type="DEFAULT_VEHTYPE" speed="12.97" pos="123.38" lane="1/0to1/1_0" slope="0.00"/>
        <vehicle id="9" x="384.36" y="598.35" angle="90.00" type="DEFAULT_VEHTYPE" speed="8.64" pos="179.61" lane="1/3to2/3_0" slope="0.00"/>
    </timestep>
    <timestep time="504.00">
        <vehicle id="10" x="665.22" y="598.35" angle="90.00" type="DEFAULT_VEHTYPE" speed="13.77" pos="60.47" lane="3/3to4/3_0" slope="0.00"/>
        <vehicle id="12" x="601.65" y="268.32" angle="180.00" type="DEFAULT_VEHTYPE" speed="13.84" pos="63.57" lane="3/1to3/2_0" slope="0.00"/>
        <vehicle id="13" x="625.29" y="198.35" angle="90.00" type="DEFAULT_VEHTYPE" speed="11.57" pos="20.54" lane="3/1to4/1_0" slope="0.00"/>
        <vehicle id="3" x="398.35" y="788.99" angle="0.00" type="DEFAULT_VEHTYPE" speed="12.65" pos="11.01" lane="2/4to2/3_0" slope="0.00"/>
        <vehicle id="4" x="201.65" y="95.28" angle="180.00" type="DEFAULT_VEHTYPE" speed="13.36" pos="95.28" lane="1/0to1/1_0" slope="0.00"/>
        <vehicle id="5" x="198.35" y="121.40" angle="0.00" type="DEFAULT_VEHTYPE" speed="13.23" pos="73.85" lane="1/1to1/0_0" slope="0.00"/>
        <vehicle id="6" x="201.65" y="511.31" angle="180.00" type="DEFAULT_VEHTYPE" speed="13.24" pos="106.56" lane="1/2to1/3_0" slope="0.00"/>
        <vehicle id="7" x="394.74" y="201.65" angle="-53.67" type="DEFAULT_VEHTYPE" speed="13.05" pos="0.51" lane="2/1to1/1_0" slope="0.00"/>
        <vehicle id="8" x="201.65" y="136.19" angle="180.00" type="DEFAULT_VEHTYPE" speed="12.81" pos="136.19" lane="1/0to1/1_0" slope="0.00"/>
        <vehicle id="9" x="389.18" y="598.35" angle="90.00" type="DEFAULT_VEHTYPE" speed="4.82" pos="184.43" lane="1/3to2/3_0" slope="0.00"/>
    </timestep>
    <timestep time="505.00">
        <vehicle id="10" x="677.82" y="598.35" angle="90.00" type="DEFAULT_VEHTYPE" speed="12.60" pos="73.07" lane="3/3to4/3_0" slope="0.00"/>
        <vehicle id="12" x="601.65" y="281.07" angle="180.00" type="DEFAULT_VEHTYPE" speed="12.75" pos="76.32" lane="3/1to3/2_0" slope="0.00"/>
        <vehicle id="13" x="638.99" y="198.35" angle="90.00" type="DEFAULT_VEHTYPE" speed="13.69" pos="34.24" lane="3/1to4/1_0" slope="0.00"/>
        <vehicle id="3" x="398.35" y="776.15" angle="0.00" type="DEFAULT_VEHTYPE" speed="12.84" pos="23.85" lane="2/4to2/3_0" slope="0.00"/>
        <vehicle id="4" x="201.65" y="108.23" angle="180.00" type="DEFAULT_VEHTYPE" speed="12.95" pos="108.23" lane="1/0to1/1_0" slope="0.00"/>
        <vehicle id="5" x="198.35" y="107.78" angle="0.00" type="DEFAULT_VEHTYPE" speed="13.61" pos="87.47" lane="1/1to1/0_0" slope="0.00"/>
        <vehicle id="6" x="201.65" y="524.81" angle="180.00" type="DEFAULT_VEHTYPE" speed="13.49" pos="120.06" lane="1/2to1/3_0" slope="0.00"/>
        <vehicle id="7" x="381.99" y="201.65" angle="-90.00" type="DEFAULT_VEHTYPE" speed="12.76" pos="13.26" lane="2/1to1/1_0" slope="0.00"/>
        <vehicle id="8" x="201.65" y="149.49" angle="180.00" type="DEFAULT_VEHTYPE" speed="13.30" pos="149.49" lane="1/0to1/1_0" slope="0.00"/>
        <vehicle id="9" x="395.94" y="598.45" angle="91.13" type="DEFAULT_VEHTYPE" speed="6.77" pos="0.70" lane=":2/3_14_0" slope="0.00"/>
    </timestep>
    <timestep time="506.00">
        <vehicle id="10" x="690.82" y="598.35" angle="90.00" type="DEFAULT_VEHTYPE" speed="12.99" pos="86.07" lane="3/3to4/3_0" slope="0.00"/>
        <vehicle id="12" x="601.65" y="294.56" angle="180.00" type="DEFAULT_VEHTYPE" speed="13.49" pos="89.81" lane="3/1to3/2_0" slope="0.00"/>
        <vehicle id="13" x="651.85" y="198.35" angle="90.00" type="DEFAULT_VEHTYPE" speed="12.87" pos="47.10" lane="3/1to4/1_0" slope="0.00"/>
        <vehicle id="3" x="398.35" y="763.38" angle="0.00" type="DEFAULT_VEHTYPE" speed="12.77" pos="36.62" lane="2/4to2/3_0" slope="0.00"/>
        <vehicle id="4" x="201.65" y="121.59" angle="180.00" type="DEFAULT_VEHTYPE" speed="13.37" pos="121.59" lane="1/0to1/1_0" slope="0.00"/>
        <vehicle id="5" x="198.35" y="94.94" angle="0.00" type="DEFAULT_VEHTYPE" speed="12.84" pos="100.31" lane="1/1to1/0_0" slope="0.00"/>
        <vehicle id="6" x="201.65" y="538.56" angle="180.00" type="DEFAULT_VEHTYPE" speed="13.75" pos="133.81" lane="1/2to1/3_0" slope="0.00"/>
        <vehicle id="7" x="368.52" y="201.65" angle="-90.00" type="DEFAULT_VEHTYPE" speed="13.47" pos="26.73" lane="2/1to1/1_0" slope="0.00"/>
        <vehicle id="8" x="201.65" y="162.84" angle="180.00" type="DEFAULT_VEHTYPE" speed="13.35" pos="162.84" lane="1/0to1/1_0" slope="0.00"/>
        <vehicle id="9" x="401.55" y="604.02" angle="155.51" type="DEFAULT_VEHTYPE" speed="8.89" pos="9.59" lane=":2/3_14_0" slope="0.00"/>
    </timestep>
    <timestep time="507.00">
        <vehicle id="10" x="704.41" y="598.35" angle="90.00" type="DEFAULT_VEHTYPE" speed="13.60" pos="99.66" lane="3/3to4/3_0" slope="0.00"/>
        <vehicle id="12" x="601.65" y="307.43" angle="180.00" type="DEFAULT_VEHTYPE" speed="12.87" pos="102.68" lane="3/1to3/2_0" slope="0.00"/>
        <vehicle id="13" x="664.74" y="198.35" angle="90.00" type="DEFAULT_VEHTYPE" speed="12.88" pos="59.99" lane="3/1to4/1_0" slope="0.00"/>
        <vehicle id="3" x="398.35" y="750.67" angle="0.00" type="DEFAULT_VEHTYPE" speed="12.71" pos="49.33" lane="2/4to2/3_0" slope="0.00"/>
        <vehicle id="4" x="201.65" y="134.75" angle="180.00" type="DEFAULT_VEHTYPE" speed="13.15" pos="134.75" lane="1/0to1/1_0" slope="0.00"/>
        <vehicle id="5" x="198.35" y="82.24" angle="0.00" type="DEFAULT_VEHTYPE" speed="12.70" pos="113.01" lane="1/1to1/0_0" slope="0.00"/>
        <vehicle id="6" x="201.65" y="552.37" angle="180.00" type="DEFAULT_VEHTYPE" speed="13.82" pos="147.62" lane="1/2to1/3_0" slope="0.00"/>
        <vehicle id="7" x="355.04" y="201.65" angle="-90.00" type="DEFAULT_VEHTYPE" speed="13.48" pos="40.21" lane="2/1to1/1_0" slope="0.00"/>
        <vehicle id="8" x="201.65" y="175.51" angle="180.00" type="DEFAULT_VEHTYPE" speed="12.66" pos="175.51" lane="1/0to1/1_0" slope="0.00"/>
        <vehicle id="9" x="401.65" y="614.62" angle="180.00" type="DEFAULT_VEHTYPE" speed="10.60" pos="9.87" lane="2/3to2/4_0" slope="0.00"/>
    </timestep>
    <timestep time="508.00">
        <vehicle id="10" x="717.09" y="598.35" angle="90.00" type="DEFAULT_VEHTYPE" speed="12.68" pos="112.34" lane="3/3to4/3_0" slope="0.00"/>
        <vehicle id="12" x="601.65" y="320.42" angle="180.00" type="DEFAULT_VEHTYPE" speed="12.99" pos="115.67" lane="3/1to3/2_0" slope="0.00"/>
        <vehicle id="13" x="678.41" y="198.35" angle="90.00" type="DEFAULT_VEHTYPE" speed="13.68" pos="73.66" lane="3/1to4/1_0" slope="0.00"/>
        <vehicle id="3" x="398.35" y="737.83" angle="0.00" type="DEFAULT_VEHTYPE" speed="12.84" pos="62.17" lane="2/4to2/3_0" slope="0.00"/>
        <vehicle id="4" x="201.65" y="147.78" angle="180.00" type="DEFAULT_VEHTYPE" speed="13.04" pos="147.78" lane="1/0to1/1_0" slope="0.00"/>
        <vehicle id="5" x="198.35" y="68.60" angle="0.00" type="DEFAULT_VEHTYPE" speed="13.64" pos="126.65" lane="1/1to1/0_0" slope="0.00"/>
        <vehicle id="6" x="201.65" y="566.13" angle="180.00" type="DEFAULT_VEHTYPE" speed="13.75" pos="161.38" lane="1/2to1/3_0" slope="0.00"/>
        <vehicle id="7" x="342.03" y="201.65" angle="-90.00" type="DEFAULT_VEHTYPE" speed="13.01" pos="53.22" lane="2/1to1/1_0" slope="0.00"/>
        <vehicle id="8" x="201.65" y="188.51" angle="180.00" type="DEFAULT_VEHTYPE" speed="13.00" pos="188.51" lane="1/0to1/1_0" slope="0.00"/>
        <vehicle id="9" x="401.65" y="626.64" angle="180.00" type="DEFAULT_VEHTYPE" speed="12.02" pos="21.89" lane="2/3to2/4_0" slope="0.00"/>
    </timestep>
    <timestep time="509.00">
        <vehicle id="10" x="730.51" y="598.35" angle="90.00" type="DEFAULT_VEHTYPE" speed="13.42" pos="125.76" lane="3/3to4/3_0" slope="0.00"/>
        <vehicle id="12" x="601.65" y="334.06" angle="180.00" type="DEFAULT_VEHTYPE" speed="13.64" pos="129.31" lane="3/1to3/2_0" slope="0.00"/>
        <vehicle id="13" x="692.19" y="198.35" angle="90.00" type="DEFAULT_VEHTYPE" speed="13.78" pos="87.44" lane="3/1to4/1_0" slope="0.00"/>
        <vehicle id="3" x="398.35" y="724.27" angle="0.00" type="DEFAULT_VEHTYPE" speed="13.57" pos="75.73" lane="2/4to2/3_0" slope="0.00"/>
        <vehicle id="4" x="201.65" y="161.46" angle="180.00" type="DEFAULT_VEHTYPE" speed="13.68" pos="161.46" lane="1/0to1/1_0" slope="0.00"/>
        <vehicle id="5" x="198.35" y="55.77" angle="0.00" type="DEFAULT_VEHTYPE" speed="12.83" pos="139.48" lane="1/1to1/0_0" slope="0.00"/>
        <vehicle id="6" x="201.65" y="579.67" angle="180.00" type="DEFAULT_VEHTYPE" speed="13.55" pos="174.92" lane="1/2to1/3_0" slope="0.00"/>
        <vehicle id="7" x="328.60" y="201.65" angle="-90.00" type="DEFAULT_VEHTYPE" speed="13.43" pos="66.65" lane="2/1to1/1_0" slope="0.00"/>
        <vehicle id="8" x="205.93" y="198.35" angle="115.09" type="DEFAULT_VEHTYPE" speed="12.93" pos="1.18" lane="1/1to2/1_0" slope="0.00"/>
        <vehicle id="9" x="401.65" y="640.01" angle="180.00" type="DEFAULT_VEHTYPE" speed="13.38" pos="35.26" lane="2/3to2/4_0" slope="0.00"/>
    </timestep>
    <timestep time="510.00">
        <vehicle id="10" x="744.27" y="598.35" angle="90.00" type="DEFAULT_VEHTYPE" speed="13.76" pos="139.52" lane="3/3to4/3_0" slope="0.00"/>
        <vehicle id="12" x="601.65" y="347.47" angle="180.00" type="DEFAULT_VEHTYPE" speed="13.40" pos="142.72" lane="3/1to3/2_0" slope="0.00"/>
        <vehicle id="13" x="705.01" y="198.35" angle="90.00" type="DEFAULT_VEHTYPE" speed="12.81" pos="100.26" lane="3/1to4/1_0" slope="0.00"/>
        <vehicle id="3" x="398.35" y="711.54" angle="0.00" type="DEFAULT_VEHTYPE" speed="12.73" pos="88.46" lane="2/4to2/3_0" slope="0.00"/>
        <vehicle id="4" x="201.65" y="174.08" angle="180.00" type="DEFAULT_VEHTYPE" speed="12.62" pos="174.08" lane="1/0to1/1_0" slope="0.00"/>
        <vehicle id="5" x="198.35" y="41.96" angle="0.00" type="DEFAULT_VEHTYPE" speed="13.81" pos="153.29" lane="1/1to1/0_0" slope="0.00"/>
        <vehicle id="6" x="201.65" y="593.31" angle="180.00" type="DEFAULT_VEHTYPE" speed="13.63" pos="188.56" lane="1/2to1/3_0" slope="0.00"/>
        <vehicle id="7" x="315.63" y="201.65" angle="-90.00" type="DEFAULT_VEHTYPE" speed="12.97" pos="79.62" lane="2/1to1/1_0" slope="0.00"/>
        <vehicle id="8" x="219.39" y="198.35" angle="90.00" type="DEFAULT_VEHTYPE" speed="13.45" pos="14.64" lane="1/1to2/1_0" slope="0.00"/>
        <vehicle id="9" x="401.65" y="653.34" angle="180.00" type="DEFAULT_VEHTYPE" speed="13.33" pos="48.59" lane="2/3to2/4_0" slope="0.00"/>
    </timestep>
    <timestep time="511.00">
        <vehicle id="10" x="757.24" y="598.35" angle="90.00" type="DEFAULT_VEHTYPE" speed="12.97" pos="152.49" lane="3/3to4/3_0" slope="0.00"/>
        <vehicle id="12" x="601.65" y="361.03" angle="180.00" type="DEFAULT_VEHTYPE" speed="13.56" pos="156.28" lane="3/1to3/2_0" slope="0.00"/>
        <vehicle id="13" x="718.57" y="198.35" angle="90.00" type="DEFAULT_VEHTYPE" speed="13.57" pos="113.82" lane="3/1to4/1_0" slope="0.00"/>
        <vehicle id="3" x="398.35" y="698.77" angle="0.00" type="DEFAULT_VEHTYPE" speed="12.77" pos="101.23" lane="2/4to2/3_0" slope="0.00"/>
        <vehicle id="4" x="201.65" y="187.70" angle="180.00" type="DEFAULT_VEHTYPE" speed="13.62" pos="187.70" lane="1/0to1/1_0" slope="0.00"/>
        <vehicle id="5" x="198.35" y="28.64" angle="0.00" type="DEFAULT_VEHTYPE" speed="13.32" pos="166.61" lane="1/1to1/0_0" slope="0.00"/>
        <vehicle id="6" x="211.66" y="598.35" angle="90.00" type="DEFAULT_VEHTYPE" speed="13.85" pos="6.91" lane="1/3to2/3_0" slope="0.00"/>
        <vehicle id="7" x="302.21" y="201.65" angle="-90.00" type="DEFAULT_VEHTYPE" speed="13.42" pos="93.04" lane="2/1to1/1_0" slope="0.00"/>
        <vehicle id="8" x="232.44" y="198.35" angle="90.00" type="DEFAULT_VEHTYPE" speed="13.06" pos="27.69" lane="1/1to2/1_0" slope="0.00"/>
        <vehicle id="9" x="401.65" y="667.18" angle="180.00" type="DEFAULT_VEHTYPE" speed="13.84" pos="62.43" lane="2/3to2/4_0" slope="0.00"/>
    </timestep>
    <timestep time="512.00">
        <vehicle id="10" x="771.06" y="598.35" angle="90.00" type="DEFAULT_VEHTYPE" speed="13.81" pos="166.31" lane="3/3to4/3_0" slope="0.00"/>
        <vehicle id="12" x="601.65" y="373.68" angle="180.00" type="DEFAULT_VEHTYPE" speed="12.65" pos="168.93" lane="3/1to3/2_0" slope="0.00"/>
        <vehicle id="13" x="731.18" y="198.35" angle="90.00" type="DEFAULT_VEHTYPE" speed="12.60" pos="126.43" lane="3/1to4/1_0" slope="0.00"/>
        <vehicle id="3" x="398.35" y="685.97" angle="0.00" type="DEFAULT_VEHTYPE" speed="12.80" pos="114.03" lane="2/4to2/3_0" slope="0.00"/>
        <vehicle id="4" x="205.56" y="198.35" angle="121.20" type="DEFAULT_VEHTYPE" speed="13.36" pos="0.81" lane="1/1to2/1_0" slope="0.00"/>
        <vehicle id="5" x="198.35" y="15.73" angle="0.00" type="DEFAULT_VEHTYPE" speed="12.91" pos="179.52" lane="1/1to1/0_0" slope="0.00"/>
        <vehicle id="6" x="224.39" y="598.35" angle="90.00" type="DEFAULT_VEHTYPE" speed="12.73" pos="19.64" lane="1/3to2/3_0" slope="0.00"/>
        <vehicle id="7" x="288.65" y="201.65" angle="-90.00" type="DEFAULT_VEHTYPE" speed="13.56" pos="106.60" lane="2/1to1/1_0" slope="0.00"/>
        <vehicle id="8" x="245.81" y="198.35" angle="90.00" type="DEFAULT_VEHTYPE" speed="13.37" pos="41.06" lane="1/1to2/1_0" slope="0.00"/>
        <vehicle id="9" x="401.65" y="680.78" angle="180.00" type="DEFAULT_VEHTYPE" speed="13.60" pos="76.03" lane="2/3to2/4_0" slope="0.00"/>
    </timestep>
    <timestep time="513.00">
        <vehicle id="10" x="784.21" y="598.35" angle="90.00" type="DEFAULT_VEHTYPE" speed="13.16" pos="179.46" lane="3/3to4/3_0" slope="0.00"/>
        <vehicle id="12" x="601.65" y="387.21" angle="180.00" type="DEFAULT_VEHTYPE" speed="13.52" pos="182.46" lane="3/1to3/2_0" slope="0.00"/>
        <vehicle id="13" x="745.02" y="198.35" angle="90.00" type="DEFAULT_VEHTYPE" speed="13.85" pos="140.27" lane="3/1to4/1_0" slope="0.00"/>
        <vehicle id="3" x="398.35" y="672.86" angle="0.00" type="DEFAULT_VEHTYPE" speed="13.11" pos="127.14" lane="2/4to2/3_0" slope="0.00"/>
        <vehicle id="4" x="218.99" y="198.35" angle="90.00" type="DEFAULT_VEHTYPE" speed="13.43" pos="14.24" lane="1/1to2/1_0" slope="0.00"/>
        <vehicle id="5" x="198.35" y="3.09" angle="0.00" type="DEFAULT_VEHTYPE" speed="12.64" pos="192.16" lane="1/1to1/0_0" slope="0.00"/>
        <vehicle id="6" x="237.22" y="598.35" angle="90.00" type="DEFAULT_VEHTYPE" speed="12.82" pos="32.47" lane="1/3to2/3_0" slope="0.00"/>
        <vehicle id="7" x="275.57" y="201.65" angle="-90.00" type="DEFAULT_VEHTYPE" speed="13.08" pos="119.68" lane="2/1to1/1_0" slope="0.00"/>
        <vehicle id="8" x="259.49" y="198.35" angle="90.00" type="DEFAULT_VEHTYPE" speed="13.67" pos="54.74" lane="1/1to2/1_0" slope="0.00"/>
        <vehicle id="9" x="401.65" y="693.63" angle="180.00" type="DEFAULT_VEHTYPE" speed="12.85" pos="88.88" lane="2/3to2/4_0" slope="0.00"/>
    </timestep>
    <timestep time="514.00">
        <vehicle id="10" x="797.71" y="598.35" angle="90.00" type="DEFAULT_VEHTYPE" speed="13.50" pos="192.96" lane="3/3to4/3_0" slope="0.00"/>
        <vehicle id="12" x="601.65" y="400.01" angle="180.00" type="DEFAULT_VEHTYPE" speed="12.80" pos="4.76" lane=":3/2_9_0" slope="0.00"/>
        <vehicle id="13" x="758.56" y="198.35" angle="90.00" type="DEFAULT_VEHTYPE" speed="13.53" pos="153.81" lane="3/1to4/1_0" slope="0.00"/>
        <vehicle id="3" x="398.35" y="659.72" angle="0.00" type="DEFAULT_VEHTYPE" speed="13.14" pos="140.28" lane="2/4to2/3_0" slope="0.00"/>
        <vehicle id="4" x="232.60" y="198.35" angle="90.00" type="DEFAULT_VEHTYPE" speed="13.61" pos="27.85" lane="1/1to2/1_0" slope="0.00"/>
        <vehicle id="5" x="201.65" y="5.45" angle="180.00" type="DEFAULT_VEHTYPE" speed="13.36" pos="5.45" lane="1/0to1/1_0" slope="0.00"/>
        <vehicle id="6" x="250.00" y="598.35" angle="90.00" type="DEFAULT_VEHTYPE" speed="12.78" pos="45.25" lane="1/3to2/3_0" slope="0.00"/>
        <vehicle id="7" x="262.24" y="201.65" angle="-90.00" type="DEFAULT_VEHTYPE" speed="13.33" pos="133.01" lane="2/1to1/1_0" slope="0.00"/>
        <vehicle id="8" x="273.27" y="198.35" angle="90.00" type="DEFAULT_VEHTYPE" speed="13.78" pos="68.52" lane="1/1to2/1_0" slope="0.00"/>
        <vehicle id="9" x="401.65" y="706.87" angle="180.00" type="DEFAULT_VEHTYPE" speed="13.24" pos="102.12" lane="2/3to2/4_0" slope="0.00"/>
    </timestep>
    <timestep time="515.00">
        <vehicle id="10" x="794.33" y="601.65" angle="-90.00" type="DEFAULT_VEHTYPE" speed="12.77" pos="5.67" lane="4/3to3/3_0" slope="0.00"/>
        <vehicle id="12" x="601.65" y="413.48" angle="180.00" type="DEFAULT_VEHTYPE" speed="13.47" pos="8.73" lane="3/2to3/3_0" slope="0.00"/>
        <vehicle id="13" x="772.00" y="198.35" angle="90.00" type="DEFAULT_VEHTYPE" speed="13.45" pos="167.25" lane="3/1to4/1_0" slope="0.00"/>
        <vehicle id="3" x="398.35" y="646.62" angle="0.00" type="DEFAULT_VEHTYPE" speed="13.10" pos="153.38" lane="2/4to2/3_0" slope="0.00"/>
        <vehicle id="4" x="245.23" y="198.35" angle="90.00" type="DEFAULT_VEHTYPE" speed="12.64" pos="40.48" lane="1/1to2/1_0" slope="0.00"/>
        <vehicle id="5" x="201.65" y="18.17" angle="180.00" type="DEFAULT_VEHTYPE" speed="12.72" pos="18.17" lane="1/0to1/1_0" slope="0.00"/>
        <vehicle id="6" x="262.96" y="598.35" angle="90.00" type="DEFAULT_VEHTYPE" speed="12.96" pos="58.21" lane="1/3to2/3_0" slope="0.00"/>
        <vehicle id="7" x="249.11" y="201.65" angle="-90.00" type="DEFAULT_VEHTYPE" speed="13.13" pos="146.14" lane="2/1to1/1_0" slope="0.00"/>
        <vehicle id="8" x="286.69" y="198.35" angle="90.00" type="DEFAULT_VEHTYPE" speed="13.42" pos="81.94" lane="1/1to2/1_0" slope="0.00"/>
        <vehicle id="9" x="401.65" y="719.47" angle="180.00" type="DEFAULT_VEHTYPE" speed="12.60" pos="114.72" lane="2/3to2/4_0" slope="0.00"/>
    </timestep>
    <timestep time="516.00">
        <vehicle id="10" x="781.34" y="601.65" angle="-90.00" type="DEFAULT_VEHTYPE" speed="13.00" pos="18.66" lane="4/3to3/3_0" slope="0.00"/>
        <vehicle id="12" x="601.65" y="426.25" angle="180.00" type="DEFAULT_VEHTYPE" speed="12.77" pos="21.50" lane="3/2to3/3_0" slope="0.00"/>
        <vehicle id="13" x="785.65" y="198.35" angle="90.00" type="DEFAULT_VEHTYPE" speed="13.65" pos="180.90" lane="3/1to4/1_0" slope="0.00"/>
        <vehicle id="3" x="398.35" y="633.38" angle="0.00" type="DEFAULT_VEHTYPE" speed="13.24" pos="166.62" lane="2/4to2/3_0" slope="0.00"/>
        <vehicle id="4" x="257.99" y="198.35" angle="90.00" type="DEFAULT_VEHTYPE" speed="12.76" pos="53.24" lane="1/1to2/1_0" slope="0.00"/>
        <vehicle id="5" x="201.65" y="31.47" angle="180.00" type="DEFAULT_VEHTYPE" speed="13.30" pos="31.47" lane="1/0to1/1_0" slope="0.00"/>
        <vehicle id="6" x="276.09" y="598.35" angle="90.00" type="DEFAULT_VEHTYPE" speed="13.13" pos="71.34" lane="1/3to2/3_0" slope="0.00"/>
        <vehicle id="7" x="235.65" y="201.65" angle="-90.00" type="DEFAULT_VEHTYPE" speed="13.46" pos="159.60" lane="2/1to1/1_0" slope="0.00"/>
        <vehicle id="8" x="300.49" y="198.35" angle="90.00" type="DEFAULT_VEHTYPE" speed="13.80" pos="95.74" lane="1/1to2/1_0" slope="0.00"/>
        <vehicle id="9" x="401.65" y="733.24" angle="180.00" type="DEFAULT_VEHTYPE" speed="13.77" pos="128.49" lane="2/3to2/4_0" slope="0.00"/>
    </timestep>
    <timestep time="517.00">
        <vehicle id="10" x="767.76" y="601.65" angle="-90.00" type="DEFAULT_VEHTYPE" speed="13.58" pos="32.24" lane="4/3to3/3_0" slope="0.00"/>
        <vehicle id="12" x="601.65" y="438.93" angle="180.00" type="DEFAULT_VEHTYPE" speed="12.67" pos="34.18" lane="3/2to3/3_0" slope="0.00"/>
        <vehicle id="13" x="798.71" y="198.35" angle="90.00" type="DEFAULT_VEHTYPE" speed="13.06" pos="193.96" lane="3/1to4/1_0" slope="0.00"/>
        <vehicle id="3" x="398.35" y="620.45" angle="0.00" type="DEFAULT_VEHTYPE" speed="12.93" pos="179.55" lane="2/4to2/3_0" slope="0.00"/>
        <vehicle id="4" x="271.68" y="198.35" angle="90.00" type="DEFAULT_VEHTYPE" speed="13.69" pos="66.93" lane="1/1to2/1_0" slope="0.00"/>
        <vehicle id="5" x="201.65" y="44.92" angle="180.00" type="DEFAULT_VEHTYPE" speed="13.45" pos="44.92" lane="1/0to1/1_0" slope="0.00"/>
        <vehicle id="6" x="289.67" y="598.35" angle="90.00" type="DEFAULT_VEHTYPE" speed="13.58" pos="84.92" lane="1/3to2/3_0" slope="0.00"/>
        <vehicle id="7" x="223.83" y="201.65" angle="-90.00" type="DEFAULT_VEHTYPE" speed="11.82" pos="171.42" lane="2/1to1/1_0" slope="0.00"/>
        <vehicle id="8" x="313.67" y="198.35" angle="90.00" type="DEFAULT_VEHTYPE" speed="13.18" pos="108.92" lane="1/1to2/1_0" slope="0.00"/>
        <vehicle id="9" x="401.65" y="746.01" angle="180.00" type="DEFAULT_VEHTYPE" speed="12.77" pos="141.26" lane="2/3to2/4_0" slope="0.00"/>
    </timestep>
    <timestep time="518.00">
        <vehicle id="10" x="753.87" y="601.65" angle="-90.00" type="DEFAULT_VEHTYPE" speed="13.89" pos="46.13" lane="4/3to3/3_0" slope="0.00"/>
        <vehicle id="12" x="601.65" y="451.88" angle="180.00" type="DEFAULT_VEHTYPE" speed="12.96" pos="47.13" lane="3/2to3/3_0" slope="0.00"/>
        <vehicle id="13" x="792.79" y="201.65" angle="-90.00" type="DEFAULT_VEHTYPE" speed="13.32" pos="7.21" lane="4/1to3/1_0" slope="0.00"/>
        <vehicle id="3" x="398.35" y="607.29" angle="0.00" type="DEFAULT_VEHTYPE" speed="13.16" pos="192.71" lane="2/4to2/3_0" slope="0.00"/>
        <vehicle id="4" x="285.23" y="198.35" angle="90.00" type="DEFAULT_VEHTYPE" speed="13.54" pos="80.48" lane="1/1to2/1_0" slope="0.00"/>
        <vehicle id="5" x="201.65" y="57.53" angle="180.00" type="DEFAULT_VEHTYPE" speed="12.61" pos="57.53" lane="1/0to1/1_0" slope="0.00"/>
        <vehicle id="6" x="302.97" y="598.35" angle="90.00" type="DEFAULT_VEHTYPE" speed="13.31" pos="98.22" lane="1/3to2/3_0" slope="0.00"/>
        <vehicle id="7" x="216.49" y="201.65" angle="-90.00" type="DEFAULT_VEHTYPE" speed="7.33" pos="178.76" lane="2/1to1/1_0" slope="0.00"/>
        <vehicle id="8" x="326.76" y="198.35" angle="90.00" type="DEFAULT_VEHTYPE" speed="13.09" pos="122.01" lane="1/1to2/1_0" slope="0.00"/>
        <vehicle id="9" x="401.65" y="759.83" angle="180.00" type="DEFAULT_VEHTYPE" speed="13.82" pos="155.08" lane="2/3to2/4_0" slope="0.00"/>
    </timestep>
    <timestep time="519.00">
        <vehicle id="10" x="740.99" y="601.65" angle="-90.00" type="DEFAULT_VEHTYPE" speed="12.88" pos="59.01" lane="4/3to3/3_0" slope="0.00"/>
        <vehicle id="12" x="601.65" y="465.31" angle="180.00" type="DEFAULT_VEHTYPE" speed="13.42" pos="60.56" lane="3/2to3/3_0" slope="0.00"/>
        <vehicle id="13" x="779.03" y="201.65" angle="-90.00" type="DEFAULT_VEHTYPE" speed="13.76" pos="20.97" lane="4/1to3/1_0" slope="0.00"/>
        <vehicle id="3" x="398.35" y="594.43" angle="0.00" type="DEFAULT_VEHTYPE" speed="12.86" pos="0.82" lane="2/3to2/2_0" slope="0.00"/>
        <vehicle id="4" x="298.76" y="198.35" angle="90.00" type="DEFAULT_VEHTYPE" speed="13.54" pos="94.01" lane="1/1to2/1_0" slope="0.00"/>
        <vehicle id="5" x="201.65" y="70.88" angle="180.00" type="DEFAULT_VEHTYPE" speed="13.36" pos="70.88" lane="1/0to1/1_0" slope="0.00"/>
        <vehicle id="6" x="316.00" y="598.35" angle="90.00" type="DEFAULT_VEHTYPE" speed="13.03" pos="111.25" lane="1/3to2/3_0" slope="0.00"/>
        <vehicle id="7" x="211.22" y="201.65" angle="-90.00" type="DEFAULT_VEHTYPE" speed="5.28" pos="184.03" lane="2/1to1/1_0" slope="0.00"/>
        <vehicle id="8" x="339.93" y="198.35" angle="90.00" type="DEFAULT_VEHTYPE" speed="13.17" pos="135.18" lane="1/1to2/1_0" slope="0.00"/>
        <vehicle id="9" x="401.65" y="773.64" angle="180.00" type="DEFAULT_VEHTYPE" speed="13.81" pos="168.89" lane="2/3to2/4_0" slope="0.00"/>
    </timestep>
    <timestep time="520.00">
        <vehicle id="10" x="727.36" y="601.65" angle="-90.00" type="DEFAULT_VEHTYPE" speed="13.62" pos="72.64" lane="4/3to3/3_0" slope="0.00"/>
        <vehicle id="12" x="601.65" y="478.22" angle="180.00" type="DEFAULT_VEHTYPE" speed="12.91" pos="73.47" lane="3/2to3/3_0" slope="0.00"/>
        <vehicle id="13" x="766.27" y="201.65" angle="-90.00" type="DEFAULT_VEHTYPE" speed="12.76" pos="33.73" lane="4/1to3/1_0" slope="0.00"/>
        <vehicle id="3" x="398.35" y="581.31" angle="0.00" type="DEFAULT_VEHTYPE" speed="13.12" pos="13.94" lane="2/3to2/2_0" slope="0.00"/>
        <vehicle id="4" x="311.61" y="198.35" angle="90.00" type="DEFAULT_VEHTYPE" speed="12.85" pos="106.86" lane="1/1to2/1_0" slope="0.00"/>
        <vehicle id="5" x="201.65" y="84.44" angle="180.00" type="DEFAULT_VEHTYPE" speed="13.56" pos="84.44" lane="1/0to1/1_0" slope="0.00"/>
        <vehicle id="6" x="329.75" y="598.35" angle="90.00" type="DEFAULT_VEHTYPE" speed="13.75" pos="125.00" lane="1/3to2/3_0" slope="0.00"/>
        <vehicle id="7" x="203.78" y="201.79" angle="-91.56" type="DEFAULT_VEHTYPE" speed="7.45" pos="0.98" lane=":1/1_4_0" slope="0.00"/>
        <vehicle id="8" x="352.91" y="198.35" angle="90.00" type="DEFAULT_VEHTYPE" speed="12.99" pos="148.16" lane="1/1to2/1_0" slope="0.00"/>
        <vehicle id="9" x="401.65" y="787.12" angle="180.00" type="DEFAULT_VEHTYPE" speed="13.49" pos="182.37" lane="2/3to2/4_0" slope="0.00"/>
    </timestep>
    <timestep time="521.00">
        <vehicle id="10" x="713.75" y="601.65" angle="-90.00" type="DEFAULT_VEHTYPE" speed="13.61" pos="86.25" lane="4/3to3/3_0" slope="0.00"/>
        <vehicle id="12" x="601.65" y="491.86" angle="180.00" type="DEFAULT_VEHTYPE" speed="13.64" pos="87.11" lane="3/2to3/3_0" slope="0.00"/>
        <vehicle id="13" x="752.70" y="201.65" angle="-90.00" type="DEFAULT_VEHTYPE" speed="13.58" pos="47.30" lane="4/1to3/1_0" slope="0.00"/>
        <vehicle id="3" x="398.35" y="567.78" angle="0.00" type="DEFAULT_VEHTYPE" speed="13.53" pos="27.47" lane="2/3to2/2_0" slope="0.00"/>
        <vehicle id="4" x="324.30" y="198.35" angle="90.00" type="DEFAULT_VEHTYPE" speed="12.69" pos="119.55" lane="1/1to2/1_0" slope="0.00"/>
        <vehicle id="5" x="201.65" y="97.83" angle="180.00" type="DEFAULT_VEHTYPE" speed="13.39" pos="97.83" lane="1/0to1/1_0" slope="0.00"/>
        <vehicle id="6" x="343.47" y="598.35" angle="90.00" type="DEFAULT_VEHTYPE" speed="13.72" pos="138.72" lane="1/3to2/3_0" slope="0.00"/>
        <vehicle id="7" x="201.65" y="209.62" angle="-179.79" type="DEFAULT_VEHTYPE" speed="8.89" pos="4.87" lane="1/1to1/2_0" slope="0.00"/>
        <vehicle id="8" x="366.41" y="198.35" angle="90.00" type="DEFAULT_VEHTYPE" speed="13.49" pos="161.66" lane="1/1to2/1_0" slope="0.00"/>
        <vehicle id="9" x="401.45" y="800.31" angle="-177.64" type="DEFAULT_VEHTYPE" speed="13.24" pos="0.37" lane=":2/4_0_0" slope="0.00"/>
    </timestep>
    <timestep time="522.00">
        <vehicle id="10" x="701.00" y="601.65" angle="-90.00" type="DEFAULT_VEHTYPE" speed="12.75" pos="99.00" lane="4/3to3/3_0" slope="0.00"/>
        <vehicle id="12" x="601.65" y="505.06" angle="180.00" type="DEFAULT_VEHTYPE" speed="13.20" pos="100.31" lane="3/2to3/3_0" slope="0.00"/>
        <vehicle id="13" x="739.00" y="201.65" angle="-90.00" type="DEFAULT_VEHTYPE" speed="13.69" pos="61.00" lane="4/1to3/1_0" slope="0.00"/>
        <vehicle id="3" x="398.35" y="555.01" angle="0.00" type="DEFAULT_VEHTYPE" speed="12.77" pos="40.24" lane="2/3to2/2_0" slope="0.00"/>
        <vehicle id="4" x="337.77" y="198.35" angle="90.00" type="DEFAULT_VEHTYPE" speed="13.47" pos="133.02" lane="1/1to2/1_0" slope="0.00"/>
        <vehicle id="5" x="201.65" y="111.28" angle="180.00" type="DEFAULT_VEHTYPE" speed="13.44" pos="111.28" lane="1/0to1/1_0" slope="0.00"/>
        <vehicle id="6" x="356.25" y="598.35" angle="90.00" type="DEFAULT_VEHTYPE" speed="12.77" pos="151.50" lane="1/3to2/3_0" slope="0.00"/>
        <vehicle id="7" x="201.65" y="220.44" angle="180.00" type="DEFAULT_VEHTYPE" speed="10.82" pos="15.69" lane="1/1to1/2_0" slope="0.00"/>
        <vehicle id="8" x="377.71" y="198.35" angle="90.00" type="DEFAULT_VEHTYPE" speed="11.31" pos="172.96" lane="1/1to2/1_0" slope="0.00"/>
        <vehicle id="9" x="398.35" y="790.89" angle="0.00" type="DEFAULT_VEHTYPE" speed="13.56" pos="9.11" lane="2/4to2/3_0" slope="0.00"/>
    </timestep>
    <timestep time="523.00">
        <vehicle id="10" x="687.39" y="601.65" angle="-90.00" type="DEFAULT_VEHTYPE" speed="13.61" pos="112.61" lane="4/3to3/3_0" slope="0.00"/>
        <vehicle id="12" x="601.65" y="517.83" angle="180.00" type="DEFAULT_VEHTYPE" speed="12.77" pos="113.08" lane="3/2to3/3_0" slope="0.00"/>
        <vehicle id="13" x="726.01" y="201.65" angle="-90.00" type="DEFAULT_VEHTYPE" speed="13.00" pos="73.99" lane="4/1to3/1_0" slope="0.00"/>
        <vehicle id="3" x="398.35" y="541.74" angle="0.00" type="DEFAULT_VEHTYPE" speed="13.27" pos="53.51" lane="2/3to2/2_0" slope="0.00"/>
        <vehicle id="4" x="350.74" y="198.35" angle="90.00" type="DEFAULT_VEHTYPE" speed="12.97" pos="145.99" lane="1/1to2/1_0" slope="0.00"/>
        <vehicle id="5" x="201.65" y="124.92" angle="180.00" type="DEFAULT_VEHTYPE" speed="13.64" pos="124.92" lane="1/0to1/1_0" slope="0.00"/>
        <vehicle id="6" x="369.16" y="598.35" angle="90.00" type="DEFAULT_VEHTYPE" speed="12.92" pos="164.41" lane="1/3to2/3_0" slope="0.00"/>
        <vehicle id="7" x="201.65" y="232.94" angle="180.00" type="DEFAULT_VEHTYPE" speed="12.50" pos="28.19" lane="1/1to1/2_0" slope="0.00"/>
        <vehicle id="8" x="385.37" y="198.35" angle="90.00" type="DEFAULT_VEHTYPE" speed="7.66" pos="180.62" lane="1/1to2/1_0" slope="0.00"/>
        <vehicle id="9" x="398.35" y="777.28" angle="0.00" type="DEFAULT_VEHTYPE" speed="13.61" pos="22.72" lane="2/4to2/3_0" slope="0.00"/>
    </timestep>
    <timestep time="524.00">
        <vehicle id="10" x="673.50" y="601.65" angle="-90.00" type="DEFAULT_VEHTYPE" speed="13.89" pos="126.50" lane="4/3to3/3_0" slope="0.00"/>
        <vehicle id="12" x="601.65" y="531.03" angle="180.00" type="DEFAULT_VEHTYPE" speed="13.21" pos="126.28" lane="3/2to3/3_0" slope="0.00"/>
        <vehicle id="13" x="712.17" y="201.65" angle="-90.00" type="DEFAULT_VEHTYPE" speed="13.84" pos="87.83" lane="4/1to3/1_0" slope="0.00"/>
        <vehicle id="3" x="398.35" y="528.86" angle="0.00" type="DEFAULT_VEHTYPE" speed="12.88" pos="66.39" lane="2/3to2/2_0" slope="0.00"/>
        <vehicle id="4" x="363.50" y="198.35" angle="90.00" type="DEFAULT_VEHTYPE" speed="12.76" pos="158.75" lane="1/1to2/1_0" slope="0.00"/>
        <vehicle id="5" x="201.65" y="138.29" angle="180.00" type="DEFAULT_VEHTYPE" speed="13.37" pos="138.29" lane="1/0to1/1_0" slope="0.00"/>
        <vehicle id="6" x="378.63" y="598.35" angle="90.00" type="DEFAULT_VEHTYPE" speed="9.47" pos="173.88" lane="1/3to2/3_0" slope="0.00"/>
        <vehicle id="7" x="201.65" y="246.42" angle="180.00" type="DEFAULT_VEHTYPE" speed="13.48" pos="41.67" lane="1/1to1/2_0" slope="0.00"/>
        <vehicle id="8" x="388.99" y="198.35" angle="90.00" type="DEFAULT_VEHTYPE" speed="3.62" pos="184.24" lane="1/1to2/1_0" slope="0.00"/>
        <vehicle id="9" x="398.35" y="764.07" angle="0.00" type="DEFAULT_VEHTYPE" speed="13.21" pos="35.93" lane="2/4to2/3_0" slope="0.00"/>
    </timestep>
    <timestep time="525.00">
        <vehicle id="10" x="659.90" y="601.65" angle="-90.00" type="DEFAULT_VEHTYPE" speed="13.60" pos="140.10" lane="4/3to3/3_0" slope="0.00"/>
        <vehicle id="12" x="601.65" y="544.07" angle="180.00" type="DEFAULT_VEHTYPE" speed="13.04" pos="139.32" lane="3/2to3/3_0" slope="0.00"/>
        <vehicle id="13" x="698.60" y="201.65" angle="-90.00" type="DEFAULT_VEHTYPE" speed="13.57" pos="101.40" lane="4/1to3/1_0" slope="0.00"/>
        <vehicle id="3" x="398.35" y="516.10" angle="0.00" type="DEFAULT_VEHTYPE" speed="12.77" pos="79.15" lane="2/3to2/2_0" slope="0.00"/>
        <vehicle id="4" x="372.10" y="198.35" angle="90.00" type="DEFAULT_VEHTYPE" speed="8.60" pos="167.35" lane="1/1to2/1_0" slope="0.00"/>
        <vehicle id="5" x="201.65" y="151.60" angle="180.00" type="DEFAULT_VEHTYPE" speed="13.31" pos="151.60" lane="1/0to1/1_0" slope="0.00"/>
        <vehicle id="6" x="385.63" y="598.35" angle="90.00" type="DEFAULT_VEHTYPE" speed="7.00" pos="180.88" lane="1/3to2/3_0" slope="0.00"/>
        <vehicle id="7" x="201.65" y="260.02" angle="180.00" type="DEFAULT_VEHTYPE" speed="13.59" pos="55.27" lane="1/1to1/2_0" slope="0.00"/>
        <vehicle id="8" x="394.76" y="198.35" angle="90.00" type="DEFAULT_VEHTYPE" speed="5.77" pos="190.01" lane="1/1to2/1_0" slope="0.00"/>
        <vehicle id="9" x="398.35" y="751.43" angle="0.00" type="DEFAULT_VEHTYPE" speed="12.65" pos="48.57" lane="2/4to2/3_0" slope="0.00"/>
    </timestep>
    <timestep time="526.00">
        <vehicle id="10" x="646.36" y="601.65" angle="-90.00" type="DEFAULT_VEHTYPE" speed="13.54" pos="153.64" lane="4/3to3/3_0" slope="0.00"/>
        <vehicle id="12" x="601.65" y="557.63" angle="180.00" type="DEFAULT_VEHTYPE" speed="13.56" pos="152.88" lane="3/2to3/3_0" slope="0.00"/>
        <vehicle id="13" x="685.39" y="201.65" angle="-90.00" type="DEFAULT_VEHTYPE" speed="13.21" pos="114.61" lane="4/1to3/1_0" slope="0.00"/>
        <vehicle id="3" x="398.35" y="503.46" angle="0.00" type="DEFAULT_VEHTYPE" speed="12.64" pos="91.79" lane="2/3to2/2_0" slope="0.00"/>
        <vehicle id="4" x="380.98" y="198.35" angle="90.00" type="DEFAULT_VEHTYPE" speed="8.88" pos="176.23" lane="1/1to2/1_0" slope="0.00"/>
        <vehicle id="5" x="201.65" y="164.72" angle="180.00" type="DEFAULT_VEHTYPE" speed="13.12" pos="164.72" lane="1/0to1/1_0" slope="0.00"/>
        <vehicle id="6" x="389.55" y="598.35" angle="90.00" type="DEFAULT_VEHTYPE" speed="3.92" pos="184.80" lane="1/3to2/3_0" slope="0.00"/>
        <vehicle id="7" x="201.65" y="272.72" angle="180.00" type="DEFAULT_VEHTYPE" speed="12.70" pos="67.97" lane="1/1to1/2_0" slope="0.00"/>
        <vehicle id="8" x="402.94" y="198.35" angle="90.00" type="DEFAULT_VEHTYPE" speed="8.18" pos="7.69" lane=":2/1_13_0" slope="0.00"/>
        <vehicle id="9" x="398.35" y="738.57" angle="0.00" type="DEFAULT_VEHTYPE" speed="12.85" pos="61.43" lane="2/4to2/3_0" slope="0.00"/>
    </timestep>
    <timestep time="527.00">
        <vehicle id="10" x="633.71" y="601.65" angle="-90.00" type="DEFAULT_VEHTYPE" speed="12.65" pos="166.29" lane="4/3to3/3_0" slope="0.00"/>
        <vehicle id="12" x="601.65" y="570.78" angle="180.00" type="DEFAULT_VEHTYPE" speed="13.15" pos="166.03" lane="3/2to3/3_0" slope="0.00"/>
        <vehicle id="13" x="672.17" y="201.65" angle="-90.00" type="DEFAULT_VEHTYPE" speed="13.22" pos="127.83" lane="4/1to3/1_0" slope="0.00"/>
        <vehicle id="3" x="398.35" y="490.84" angle="0.00" type="DEFAULT_VEHTYPE" speed="12.62" pos="104.41" lane="2/3to2/2_0" slope="0.00"/>
        <vehicle id="4" x="387.42" y="198.35" angle="90.00" type="DEFAULT_VEHTYPE" speed="6.44" pos="182.67" lane="1/1to2/1_0" slope="0.00"/>
        <vehicle id="5" x="201.65" y="178.16" angle="180.00" type="DEFAULT_VEHTYPE" speed="13.45" pos="178.16" lane="1/0to1/1_0" slope="0.00"/>
        <vehicle id="6" x="395.26" y="598.35" angle="90.02" type="DEFAULT_VEHTYPE" speed="5.71" pos="0.01" lane=":2/3_14_0" slope="0.00"/>
        <vehicle id="7" x="201.65" y="286.06" angle="180.00" type="DEFAULT_VEHTYPE" speed="13.35" pos="81.31" lane="1/1to1/2_0" slope="0.00"/>
        <vehicle id="8" x="413.61" y="198.35" angle="90.00" type="DEFAULT_VEHTYPE" speed="10.67" pos="8.86" lane="2/1to3/1_0" slope="0.00"/>
        <vehicle id="9" x="398.35" y="724.81" angle="0.00" type="DEFAULT_VEHTYPE" speed="13.76" pos="75.19" lane="2/4to2/3_0" slope="0.00"/>
    </timestep>
    <timestep time="528.00">
        <vehicle id="10" x="622.74" y="601.65" angle="-90.00" type="DEFAULT_VEHTYPE" speed="10.97" pos="177.26" lane="4/3to3/3_0" slope="0.00"/>
        <vehicle id="12" x="601.65" y="583.97" angle="180.00" type="DEFAULT_VEHTYPE" speed="13.19" pos="179.22" lane="3/2to3/3_0" slope="0.00"/>
        <vehicle id="13" x="659.39" y="201.65" angle="-90.00" type="DEFAULT_VEHTYPE" speed="12.78" pos="140.61" lane="4/1to3/1_0" slope="0.00"/>
        <vehicle id="3" x="398.35" y="477.61" angle="0.00" type="DEFAULT_VEHTYPE" speed="13.23" pos="117.64" lane="2/3to2/2_0" slope="0.00"/>
        <vehicle id="4" x="390.83" y="198.35" angle="90.00" type="DEFAULT_VEHTYPE" speed="3.41" pos="186.08" lane="1/1to2/1_0" slope="0.00"/>
        <vehicle id="5" x="201.65" y="191.10" angle="180.00" type="DEFAULT_VEHTYPE" speed="12.94" pos="191.10" lane="1/0to1/1_0" slope="0.00"/>
        <vehicle id="6" x="401.23" y="601.92" angle="132.26" type="DEFAULT_VEHTYPE" speed="7.45" pos="7.46" lane=":2/3_14_0" slope="0.00"/>
        <vehicle id="7" x="201.65" y="299.27" angle="180.00" type="DEFAULT_VEHTYPE" speed="13.21" pos="94.52" lane="1/1to1/2_0" slope="0.00"/>
        <vehicle id="8" x="426.01" y="198.35" angle="90.00" type="DEFAULT_VEHTYPE" speed="12.40" pos="21.26" lane="2/1to3/1_0" slope="0.00"/>
        <vehicle id="9" x="398.35" y="711.56" angle="0.00" type="DEFAULT_VEHTYPE" speed="13.25" pos="88.44" lane="2/4to2/3_0" slope="0.00"/>
    </timestep>
    <timestep time="529.00">
        <vehicle id="10" x="615.56" y="601.65" angle="-90.00" type="DEFAULT_VEHTYPE" speed="7.18" pos="184.44" lane="4/3to3/3_0" slope="0.00"/>
        <vehicle id="12" x="602.09" y="597.03" angle="174.91" type="DEFAULT_VEHTYPE" speed="13.14" pos="1.86" lane=":3/3_8_0" slope="0.00"/>
        <vehicle id="13" x="646.02" y="201.65" angle="-90.00" type="DEFAULT_VEHTYPE" speed="13.37" pos="153.98" lane="4/1to3/1_0" slope="0.00"/>
        <vehicle id="3" x="398.35" y="464.64" angle="0.00" type="DEFAULT_VEHTYPE" speed="12.96" pos="130.61" lane="2/3to2/2_0" slope="0.00"/>
        <vehicle id="4" x="395.95" y="198.35" angle="90.00" type="DEFAULT_VEHTYPE" speed="5.12" pos="0.70" lane=":2/1_13_0" slope="0.00"/>
        <vehicle id="5" x="209.04" y="198.35" angle="91.14" type="DEFAULT_VEHTYPE" speed="13.43" pos="4.29" lane="1/1to2/1_0" slope="0.00"/>
        <vehicle id="6" x="401.65" y="611.78" angle="180.00" type="DEFAULT_VEHTYPE" speed="9.89" pos="7.03" lane="2/3to2/4_0" slope="0.00"/>
        <vehicle id="7" x="201.65" y="312.17" angle="180.00" type="DEFAULT_VEHTYPE" speed="12.90" pos="107.42" lane="1/1to1/2_0" slope="0.00"/>
        <vehicle id="8" x="439.05" y="198.35" angle="90.00" type="DEFAULT_VEHTYPE" speed="13.04" pos="34.30" lane="2/1to3/1_0" slope="0.00"/>
        <vehicle id="9" x="398.35" y="697.82" angle="0.00" type="DEFAULT_VEHTYPE" speed="13.74" pos="102.18" lane="2/4to2/3_0" slope="0.00"/>
    </timestep>
    <timestep time="530.00">
        <vehicle id="10" x="611.02" y="601.65" angle="-90.00" type="DEFAULT_VEHTYPE" speed="4.54" pos="188.98" lane="4/3to3/3_0" slope="0.00"/>
        <vehicle id="12" x="614.99" y="598.35" angle="90.00" type="DEFAULT_VEHTYPE" speed="13.39" pos="10.24" lane="3/3to4/3_0" slope="0.00"/>
        <vehicle id="13" x="633.28" y="201.65" angle="-90.00" type="DEFAULT_VEHTYPE" speed="12.74" pos="166.72" lane="4/1to3/1_0" slope="0.00"/>
        <vehicle id="3" x="398.35" y="451.19" angle="0.00" type="DEFAULT_VEHTYPE" speed="13.45" pos="144.06" lane="2/3to2/2_0" slope="0.00"/>
        <vehicle id="4" x="403.09" y="198.35" angle="90.00" type="DEFAULT_VEHTYPE" speed="7.13" pos="7.84" lane=":2/1_13_0" slope="0.00"/>
        <vehicle id="5" x="221.71" y="198.35" angle="90.00" type="DEFAULT_VEHTYPE" speed="12.67" pos="16.96" lane="1/1to2/1_0" slope="0.00"/>
        <vehicle id="6" x="401.65" y="623.48" angle="180.00" type="DEFAULT_VEHTYPE" speed="11.70" pos="18.73" lane="2/3to2/4_0" slope="0.00"/>
        <vehicle id="7" x="201.65" y="325.55" angle="180.00" type="DEFAULT_VEHTYPE" speed="13.38" pos="120.80" lane="1/1to1/2_0" slope="0.00"/>
        <vehicle id="8" x="451.73" y="198.35" angle="90.00" type="DEFAULT_VEHTYPE" speed="12.68" pos="46.98" lane="2/1to3/1_0" slope="0.00"/>
        <vehicle id="9" x="398.35" y="685.09" angle="0.00" type="DEFAULT_VEHTYPE" speed="12.73" pos="114.91" lane="2/4to2/3_0" slope="0.00"/>
    </timestep>
    <timestep time="531.00">
        <vehicle id="10" x="604.28" y="601.58" angle="-89.23" type="DEFAULT_VEHTYPE" speed="6.75" pos="0.47" lane=":3/3_6_0" slope="0.00"/>
        <vehicle id="12" x="628.89" y="598.35" angle="90.00" type="DEFAULT_VEHTYPE" speed="13.90" pos="24.14" lane="3/3to4/3_0" slope="0.00"/>
        <vehicle id="13" x="622.71" y="201.65" angle="-90.00" type="DEFAULT_VEHTYPE" speed="10.57" pos="177.29" lane="4/1to3/1_0" slope="0.00"/>
        <vehicle id="3" x="398.35" y="438.58" angle="0.00" type="DEFAULT_VEHTYPE" speed="12.61" pos="156.67" lane="2/3to2/2_0" slope="0.00"/>
        <vehicle id="4" x="411.87" y="198.35" angle="90.00" type="DEFAULT_VEHTYPE" speed="8.79" pos="7.12" lane="2/1to3/1_0" slope="0.00"/>
        <vehicle id="5" x="234.91" y="198.35" angle="90.00" type="DEFAULT_VEHTYPE" speed="13.20" pos="30.16" lane="1/1to2/1_0" slope="0.00"/>
        <vehicle id="6" x="401.65" y="637.01" angle="180.00" type="DEFAULT_VEHTYPE" speed="13.53" pos="32.26" lane="2/3to2/4_0" slope="0.00"/>
        <vehicle id="7" x="201.65" y="339.29" angle="180.00" type="DEFAULT_VEHTYPE" speed="13.74" pos="134.54" lane="1/1to1/2_0" slope="0.00"/>
        <vehicle id="8" x="464.80" y="198.35" angle="90.00" type="DEFAULT_VEHTYPE" speed="13.06" pos="60.05" lane="2/1to3/1_0" slope="0.00"/>
        <vehicle id="9" x="398.35" y="671.45" angle="0.00" type="DEFAULT_VEHTYPE" speed="13.64" pos="128.55" lane="2/4to2/3_0" slope="0.00"/>
    </timestep>
    <timestep time="532.00">
        <vehicle id="10" x="598.50" y="596.32" angle="-28.03" type="DEFAULT_VEHTYPE" speed="8.77" pos="9.24" lane=":3/3_6_0" slope="0.00"/>
        <vehicle id="12" x="641.98" y="598.35" angle="90.00" type="DEFAULT_VEHTYPE" speed="13.09" pos="37.23" lane="3/3to4/3_0" slope="0.00"/>
        <vehicle id="13" x="615.22" y="201.65" angle="-90.00" type="DEFAULT_VEHTYPE" speed="7.50" pos="184.78" lane="4/1to3/1_0" slope="0.00"/>
        <vehicle id="3" x="398.35" y="425.67" angle="0.00" type="DEFAULT_VEHTYPE" speed="12.91" pos="169.58" lane="2/3to2/2_0" slope="0.00"/>
        <vehicle id="4" x="422.78" y="198.35" angle="90.00" type="DEFAULT_VEHTYPE" speed="10.91" pos="18.03" lane="2/1to3/1_0" slope="0.00"/>
        <vehicle id="5" x="248.34" y="198.35" angle="90.00" type="DEFAULT_VEHTYPE" speed="13.43" pos="43.59" lane="1/1to2/1_0" slope="0.00"/>
        <vehicle id="6" x="401.65" y="649.84" angle="180.00" type="DEFAULT_VEHTYPE" speed="12.84" pos="45.09" lane="2/3to2/4_0" slope="0.00"/>
        <vehicle id="7" x="201.65" y="352.47" angle="180.00" type="DEFAULT_VEHTYPE" speed="13.18" pos="147.72" lane="1/1to1/2_0" slope="0.00"/>
        <vehicle id="8" x="478.42" y="198.35" angle="90.00" type="DEFAULT_VEHTYPE" speed="13.62" pos="73.67" lane="2/1to3/1_0" slope="0.00"/>
        <vehicle id="9" x="398.35" y="657.96" angle="0.00" type="DEFAULT_VEHTYPE" speed="13.49" pos="142.04" lane="2/4to2/3_0" slope="0.00"/>
    </timestep>
    <timestep time="533.00">
        <vehicle id="10" x="598.35" y="585.62" angle="0.00" type="DEFAULT_VEHTYPE" speed="10.71" pos="9.63" lane="3/3to3/2_0" slope="0.00"/>
        <vehicle id="12" x="655.32" y="598.35" angle="90.00" type="DEFAULT_VEHTYPE" speed="13.34" pos="50.57" lane="3/3to4/3_0" slope="0.00"/>
        <vehicle id="13" x="610.80" y="201.65" angle="-90.00" type="DEFAULT_VEHTYPE" speed="4.42" pos="189.20" lane="4/1to3/1_0" slope="0.00"/>
        <vehicle id="3" x="398.35" y="412.30" angle="0.00" type="DEFAULT_VEHTYPE" speed="13.37" pos="182.95" lane="2/3to2/2_0" slope="0.00"/>
        <vehicle id="4" x="435.73" y="198.35" angle="90.00" type="DEFAULT_VEHTYPE" speed="12.95" pos="30.98" lane="2/1to3/1_0" slope="0.00"/>
        <vehicle id="5" x="261.77" y="198.35" angle="90.00" type="DEFAULT_VEHTYPE" speed="13.43" pos="57.02" lane="1/1to2/1_0" slope="0.00"/>
        <vehicle id="6" x="401.65" y="663.49" angle="180.00" type="DEFAULT_VEHTYPE" speed="13.65" pos="58.74" lane="2/3to2/4_0" slope="0.00"/>
        <vehicle id="7" x="201.65" y="366.19" angle="180.00" type="DEFAULT_VEHTYPE" speed="13.72" pos="161.44" lane="1/1to1/2_0" slope="0.00"/>
        <vehicle id="8" x="492.16" y="198.35" angle="90.00" type="DEFAULT_VEHTYPE" speed="13.74" pos="87.41" lane="2/1to3/1_0" slope="0.00"/>
        <vehicle id="9" x="398.35" y="644.63" angle="0.00" type="DEFAULT_VEHTYPE" speed="13.33" pos="155.37" lane="2/4to2/3_0" slope="0.00"/>
    </timestep>
    <timestep time="534.00">
        <vehicle id="10" x="598.35" y="572.95" angle="0.00" type="DEFAULT_VEHTYPE" speed="12.66" pos="22.30" lane="3/3to3/2_0" slope="0.00"/>
        <vehicle id="12" x="668.18" y="598.35" angle="90.00" type="DEFAULT_VEHTYPE" speed="12.86" pos="63.43" lane="3/3to4/3_0" slope="0.00"/>
        <vehicle id="13" x="604.38" y="201.70" angle="-90.60" type="DEFAULT_VEHTYPE" speed="6.42" pos="0.38" lane=":3/1_4_0" slope="0.00"/>
        <vehicle id="3" x="398.35" y="399.29" angle="0.00" type="DEFAULT_VEHTYPE" speed="13.01" pos="5.46" lane=":2/2_1_0" slope="0.00"/>
        <vehicle id="4" x="448.52" y="198.35" angle="90.00" type="DEFAULT_VEHTYPE" speed="12.80" pos="43.77" lane="2/1to3/1_0" slope="0.00"/>
        <vehicle id="5" x="275.61" y="198.35" angle="90.00" type="DEFAULT_VEHTYPE" speed="13.84" pos="70.86" lane="1/1to2/1_0" slope="0.00"/>
        <vehicle id="6" x="401.65" y="677.35" angle="180.00" type="DEFAULT_VEHTYPE" speed="13.86" pos="72.60" lane="2/3to2/4_0" slope="0.00"/>
        <vehicle id="7" x="201.65" y="379.83" angle="180.00" type="DEFAULT_VEHTYPE" speed="13.64" pos="175.08" lane="1/1to1/2_0" slope="0.00"/>
        <vehicle id="8" x="505.53" y="198.35" angle="90.00" type="DEFAULT_VEHTYPE" speed="13.37" pos="100.78" lane="2/1to3/1_0" slope="0.00"/>
        <vehicle id="9" x="398.35" y="631.36" angle="0.00" type="DEFAULT_VEHTYPE" speed="13.27" pos="168.64" lane="2/4to2/3_0" slope="0.00"/>
    </timestep>
    <timestep time="535.00">
        <vehicle id="10" x="598.35" y="560.10" angle="0.00" type="DEFAULT_VEHTYPE" speed="12.86" pos="35.15" lane="3/3to3/2_0" slope="0.00"/>
        <vehicle id="12" x="681.59" y="598.35" angle="90.00" type="DEFAULT_VEHTYPE" speed="13.41" pos="76.84" lane="3/3to4/3_0" slope="0.00"/>
        <vehicle id="13" x="601.65" y="208.77" angle="-178.43" type="DEFAULT_VEHTYPE" speed="8.64" pos="4.02" lane="3/1to3/2_0" slope="0.00"/>
        <vehicle id="3" x="398.35" y="385.58" angle="0.00" type="DEFAULT_VEHTYPE" speed="13.71" pos="9.67" lane="2/2to2/1_0" slope="0.00"/>
        <vehicle id="4" x="461.48" y="198.35" angle="90.00" type="DEFAULT_VEHTYPE" speed="12.95" pos="56.73" lane="2/1to3/1_0" slope="0.00"/>
        <vehicle id="5" x="289.07" y="198.35" angle="90.00" type="DEFAULT_VEHTYPE" speed="13.45" pos="84.32" lane="1/1to2/1_0" slope="0.00"/>
        <vehicle id="6" x="401.65" y="690.89" angle="180.00" type="DEFAULT_VEHTYPE" speed="13.53" pos="86.14" lane="2/3to2/4_0" slope="0.00"/>
        <vehicle id="7" x="201.65" y="393.39" angle="180.00" type="DEFAULT_VEHTYPE" speed="13.56" pos="188.64" lane="1/1to1/2_0" slope="0.00"/>
        <vehicle id="8" x="519.02" y="198.35" angle="90.00" type="DEFAULT_VEHTYPE" speed="13.49" pos="114.27" lane="2/1to3/1_0" slope="0.00"/>
        <vehicle id="9" x="398.35" y="618.69" angle="0.00" type="DEFAULT_VEHTYPE" speed="12.67" pos="181.31" lane="2/4to2/3_0" slope="0.00"/>
    </timestep>
    <timestep time="536.00">
        <vehicle id="10" x="598.35" y="547.39" angle="0.00" type="DEFAULT_VEHTYPE" speed="12.71" pos="47.86" lane="3/3to3/2_0" slope="0.00"/>
        <vehicle id="12" x="694.91" y="598.35" angle="90.00" type="DEFAULT_VEHTYPE" speed="13.32" pos="90.16" lane="3/3to4/3_0" slope="0.00"/>
        <vehicle id="13" x="601.65" y="219.02" angle="180.00" type="DEFAULT_VEHTYPE" speed="10.25" pos="14.27" lane="3/1to3/2_0" slope="0.00"/>
        <vehicle id="3" x="398.35" y="372.69" angle="0.00" type="DEFAULT_VEHTYPE" speed="12.89" pos="22.56" lane="2/2to2/1_0" slope="0.00"/>
        <vehicle id="4" x="474.57" y="198.35" angle="90.00" type="DEFAULT_VEHTYPE" speed="13.10" pos="69.82" lane="2/1to3/1_0" slope="0.00"/>
        <vehicle id="5" x="302.84" y="198.35" angle="90.00" type="DEFAULT_VEHTYPE" speed="13.78" pos="98.09" lane="1/1to2/1_0" slope="0.00"/>
        <vehicle id="6" x="401.65" y="704.16" angle="180.00" type="DEFAULT_VEHTYPE" speed="13.28" pos="99.41" lane="2/3to2/4_0" slope="0.00"/>
        <vehicle id="7" x="201.65" y="407.11" angle="180.00" type="DEFAULT_VEHTYPE" speed="13.72" pos="2.36" lane="1/2to1/3_0" slope="0.00"/>
        <vehicle id="8" x="532.03" y="198.35" angle="90.00" type="DEFAULT_VEHTYPE" speed="13.01" pos="127.28" lane="2/1to3/1_0" slope="0.00"/>
        <vehicle id="9" x="398.35" y="604.84" angle="0.00" type="DEFAULT_VEHTYPE" speed="13.84" pos="195.16" lane="2/4to2/3_0" slope="0.00"/>
    </timestep>
    <timestep time="537.00">
        <vehicle id="10" x="598.35" y="534.44" angle="0.00" type="DEFAULT_VEHTYPE" speed="12.94" pos="60.81" lane="3/3to3/2_0" slope="0.00"/>
        <vehicle id="12" x="707.97" y="598.35" angle="90.00" type="DEFAULT_VEHTYPE" speed="13.06" pos="103.22" lane="3/3to4/3_0" slope="0.00"/>
        <vehicle id="13" x="601.65" y="230.67" angle="180.00" type="DEFAULT_VEHTYPE" speed="11.65" pos="25.92" lane="3/1to3/2_0" slope="0.00"/>
        <vehicle id="3" x="398.35" y="359.10" angle="0.00" type="DEFAULT_VEHTYPE" speed="13.59" pos="36.15" lane="2/2to2/1_0" slope="0.00"/>
        <vehicle id="4" x="487.63" y="198.35" angle="90.00" type="DEFAULT_VEHTYPE" speed="13.06" pos="82.88" lane="2/1to3/1_0" slope="0.00"/>
        <vehicle id="5" x="315.86" y="198.35" angle="90.00" type="DEFAULT_VEHTYPE" speed="13.02" pos="111.11" lane="1/1to2/1_0" slope="0.00"/>
        <vehicle id="6" x="401.65" y="717.56" angle="180.00" type="DEFAULT_VEHTYPE" speed="13.40" pos="112.81" lane="2/3to2/4_0" slope="0.00"/>
        <vehicle id="7" x="201.65" y="420.21" angle="180.00" type="DEFAULT_VEHTYPE" speed="13.10" pos="15.46" lane="1/2to1/3_0" slope="0.00"/>
        <vehicle id="8" x="545.65" y="198.35" angle="90.00" type="DEFAULT_VEHTYPE" speed="13.61" pos="140.90" lane="2/1to3/1_0" slope="0.00"/>
        <vehicle id="9" x="398.35" y="591.85" angle="0.00" type="DEFAULT_VEHTYPE" speed="12.99" pos="3.40" lane="2/3to2/2_0" slope="0.00"/>
    </timestep>
    <timestep time="538.00">
        <vehicle id="10" x="598.35" y="520.80" angle="0.00" type="DEFAULT_VEHTYPE" speed="13.64" pos="74.45" lane="3/3to3/2_0" slope="0.00"/>
        <vehicle id="12" x="720.72" y="598.35" angle="90.00" type="DEFAULT_VEHTYPE" speed="12.75" pos="115.97" lane="3/3to4/3_0" slope="0.00"/>
        <vehicle id="13" x="601.65" y="244.56" angle="180.00" type="DEFAULT_VEHTYPE" speed="13.88" pos="39.81" lane="3/1to3/2_0" slope="0.00"/>
        <vehicle id="3" x="398.35" y="345.39" angle="0.00" type="DEFAULT_VEHTYPE" speed="13.71" pos="49.86" lane="2/2to2/1_0" slope="0.00"/>
        <vehicle id="4" x="500.51" y="198.35" angle="90.00" type="DEFAULT_VEHTYPE" speed="12.88" pos="95.76" lane="2/1to3/1_0" slope="0.00"/>
        <vehicle id="5" x="328.81" y="198.35" angle="90.00" type="DEFAULT_VEHTYPE" speed="12.94" pos="124.06" lane="1/1to2/1_0" slope="0.00"/>
        <vehicle id="6" x="401.65" y="730.27" angle="180.00" type="DEFAULT_VEHTYPE" speed="12.70" pos="125.52" lane="2/3to2/4_0" slope="0.00"/>
        <vehicle id="7" x="201.65" y="433.38" angle="180.00" type="DEFAULT_VEHTYPE" speed="13.17" pos="28.63" lane="1/2to1/3_0" slope="0.00"/>
        <vehicle id="8" x="558.31" y="198.35" angle="90.00" type="DEFAULT_VEHTYPE" speed="12.66" pos="153.56" lane="2/1to3/1_0" slope="0.00"/>
        <vehicle id="9" x="398.35" y="579.01" angle="0.00" type="DEFAULT_VEHTYPE" speed="12.84" pos="16.24" lane="2/3to2/2_0" slope="0.00"/>
    </timestep>
    <timestep time="539.00">
        <vehicle id="10" x="598.35" y="508.08" angle="0.00" type="DEFAULT_VEHTYPE" speed="12.72" pos="87.17" lane="3/3to3/2_0" slope="0.00"/>
        <vehicle id="12" x="734.45" y="598.35" angle="90.00" type="DEFAULT_VEHTYPE" speed="13.74" pos="129.70" lane="3/3to4/3_0" slope="0.00"/>
        <vehicle id="13" x="601.65" y="258.11" angle="180.00" type="DEFAULT_VEHTYPE" speed="13.56" pos="53.36" lane="3/1to3/2_0" slope="0.00"/>
        <vehicle id="3" x="398.35" y="331.85" angle="0.00" type="DEFAULT_VEHTYPE" speed="13.55" pos="63.40" lane="2/2to2/1_0" slope="0.00"/>
        <vehicle id="4" x="514.14" y="198.35" angle="90.00" type="DEFAULT_VEHTYPE" speed="13.63" pos="109.39" lane="2/1to3/1_0" slope="0.00"/>
        <vehicle id="5" x="341.96" y="198.35" angle="90.00" type="DEFAULT_VEHTYPE" speed="13.15" pos="137.21" lane="1/1to2/1_0" slope="0.00"/>
        <vehicle id="6" x="401.65" y="743.07" angle="180.00" type="DEFAULT_VEHTYPE" speed="12.80" pos="138.32" lane="2/3to2/4_0" slope="0.00"/>
        <vehicle id="7" x="201.65" y="446.30" angle="180.00" type="DEFAULT_VEHTYPE" speed="12.91" pos="41.55" lane="1/2to1/3_0" slope="0.00"/>
        <vehicle id="8" x="571.76" y="198.35" angle="90.00" type="DEFAULT_VEHTYPE" speed="13.46" pos="167.01" lane="2/1to3/1_0" slope="0.00"/>
        <vehicle id="9" x="398.35" y="565.42" angle="0.00" type="DEFAULT_VEHTYPE" speed="13.59" pos="29.83" lane="2/3to2/2_0" slope="0.00"/>
    </timestep>
    <timestep time="540.00">
        <vehicle id="10" x="598.35" y="495.27" angle="0.00" type="DEFAULT_VEHTYPE" speed="12.81" pos="99.98" lane="3/3to3/2_0" slope="0.00"/>
        <vehicle id="12" x="747.66" y="598.35" angle="90.00" type="DEFAULT_VEHTYPE" speed="13.21" pos="142.91" lane="3/3to4/3_0" slope="0.00"/>
        <vehicle id="13" x="601.65" y="271.44" angle="180.00" type="DEFAULT_VEHTYPE" speed="13.32" pos="66.69" lane="3/1to3/2_0" slope="0.00"/>
        <vehicle id="3" x="398.35" y="318.58" angle="0.00" type="DEFAULT_VEHTYPE" speed="13.27" pos="76.67" lane="2/2to2/1_0" slope="0.00"/>
        <vehicle id="4" x="528.04" y="198.35" angle="90.00" type="DEFAULT_VEHTYPE" speed="13.90" pos="123.29" lane="2/1to3/1_0" slope="0.00"/>
        <vehicle id="5" x="355.66" y="198.35" angle="90.00" type="DEFAULT_VEHTYPE" speed="13.70" pos="150.91" lane="1/1to2/1_0" slope="0.00"/>
        <vehicle id="6" x="401.65" y="755.82" angle="180.00" type="DEFAULT_VEHTYPE" speed="12.75" pos="151.07" lane="2/3to2/4_0" slope="0.00"/>
        <vehicle id="7" x="201.65" y="459.05" angle="180.00" type="DEFAULT_VEHTYPE" speed="12.75" pos="54.30" lane="1/2to1/3_0" slope="0.00"/>
        <vehicle id="8" x="580.72" y="198.35" angle="90.00" type="DEFAULT_VEHTYPE" speed="8.96" pos="175.97" lane="2/1to3/1_0" slope="0.00"/>
        <vehicle id="9" x="398.35" y="552.06" angle="0.00" type="DEFAULT_VEHTYPE" speed="13.37" pos="43.19" lane="2/3to2/2_0" slope="0.00"/>
    </timestep>
    <timestep time="541.00">
        <vehicle id="10" x="598.35" y="482.41" angle="0.00" type="DEFAULT_VEHTYPE" speed="12.86" pos="112.84" lane="3/3to3/2_0" slope="0.00"/>
        <vehicle id="12" x="760.54" y="598.35" angle="90.00" type="DEFAULT_VEHTYPE" speed="12.88" pos="155.79" lane="3/3to4/3_0" slope="0.00"/>
        <vehicle id="13" x="601.65" y="285.33" angle="180.00" type="DEFAULT_VEHTYPE" speed="13.90" pos="80.58" lane="3/1to3/2_0" slope="0.00"/>
        <vehicle id="3" x="398.35" y="305.12" angle="0.00" type="DEFAULT_VEHTYPE" speed="13.46" pos="90.13" lane="2/2to2/1_0" slope="0.00"/>
        <vehicle id="4" x="541.53" y="198.35" angle="90.00" type="DEFAULT_VEHTYPE" speed="13.49" pos="136.78" lane="2/1to3/1_0" slope="0.00"/>
        <vehicle id="5" x="368.74" y="198.35" angle="90.00" type="DEFAULT_VEHTYPE" speed="13.09" pos="163.99" lane="1/1to2/1_0" slope="0.00"/>
        <vehicle id="6" x="401.65" y="769.00" angle="180.00" type="DEFAULT_VEHTYPE" speed="13.18" pos="164.25" lane="2/3to2/4_0" slope="0.00"/>
        <vehicle id="7" x="201.65" y="471.96" angle="180.00" type="DEFAULT_VEHTYPE" speed="12.90" pos="67.21" lane="1/2to1/3_0" slope="0.00"/>
        <vehicle id="8" x="587.12" y="198.35" angle="90.00" type="DEFAULT_VEHTYPE" speed="6.40" pos="182.37" lane="2/1to3/1_0" slope="0.00"/>
        <vehicle id="9" x="398.35" y="538.57" angle="0.00" type="DEFAULT_VEHTYPE" speed="13.49" pos="56.68" lane="2/3to2/2_0" slope="0.00"/>
    </timestep>
    <timestep time="542.00">
        <vehicle id="10" x="598.35" y="469.11" angle="0.00" type="DEFAULT_VEHTYPE" speed="13.30" pos="126.14" lane="3/3to3/2_0" slope="0.00"/>
        <vehicle id="12" x="773.43" y="598.35" angle="90.00" type="DEFAULT_VEHTYPE" speed="12.90" pos="168.68" lane="3/3to4/3_0" slope="0.00"/>
        <vehicle id="13" x="601.65" y="298.92" angle="180.00" type="DEFAULT_VEHTYPE" speed="13.59" pos="94.17" lane="3/1to3/2_0" slope="0.00"/>
        <vehicle id="3" x="398.35" y="292.03" angle="0.00" type="DEFAULT_VEHTYPE" speed="13.08" pos="103.22" lane="2/2to2/1_0" slope="0.00"/>
        <vehicle id="4" x="554.41" y="198.35" angle="90.00" type="DEFAULT_VEHTYPE" speed="12.89" pos="149.66" lane="2/1to3/1_0" slope="0.00"/>
        <vehicle id="5" x="378.96" y="198.35" angle="90.00" type="DEFAULT_VEHTYPE" speed="10.21" pos="174.21" lane="1/1to2/1_0" slope="0.00"/>
        <vehicle id="6" x="401.65" y="782.18" angle="180.00" type="DEFAULT_VEHTYPE" speed="13.19" pos="177.43" lane="2/3to2/4_0" slope="0.00"/>
        <vehicle id="7" x="201.65" y="485.47" angle="180.00" type="DEFAULT_VEHTYPE" speed="13.51" pos="80.72" lane="1/2to1/3_0" slope="0.00"/>
        <vehicle id="8" x="590.76" y="198.35" angle="90.00" type="DEFAULT_VEHTYPE" speed="3.63" pos="186.01" lane="2/1to3/1_0" slope="0.00"/>
        <vehicle id="9" x="398.35" y="525.05" angle="0.00" type="DEFAULT_VEHTYPE" speed="13.51" pos="70.20" lane="2/3to2/2_0" slope="0.00"/>
    </timestep>
    <timestep time="543.00">
        <vehicle id="10" x="598.35" y="455.59" angle="0.00" type="DEFAULT_VEHTYPE" speed="13.52" pos="139.66" lane="3/3to3/2_0" slope="0.00"/>
        <vehicle id="12" x="787.15" y="598.35" angle="90.00" type="DEFAULT_VEHTYPE" speed="13.71" pos="182.40" lane="3/3to4/3_0" slope="0.00"/>
        <vehicle id="13" x="601.65" y="312.36" angle="180.00" type="DEFAULT_VEHTYPE" speed="13.44" pos="107.61" lane="3/1to3/2_0" slope="0.00"/>
        <vehicle id="3" x="398.35" y="279.06" angle="0.00" type="DEFAULT_VEHTYPE" speed="12.97" pos="116.19" lane="2/2to2/1_0" slope="0.00"/>
        <vehicle id="4" x="566.44" y="198.35" angle="90.00" type="DEFAULT_VEHTYPE" speed="12.03" pos="161.69" lane="2/1to3/1_0" slope="0.00"/>
        <vehicle id="5" x="386.36" y="198.35" angle="90.00" type="DEFAULT_VEHTYPE" speed="7.40" pos="181.61" lane="1/1to2/1_0" slope="0.00"/>
        <vehicle id="6" x="401.65" y="795.63" angle="180.00" type="DEFAULT_VEHTYPE" speed="13.45" pos="190.88" lane="2/3to2/4_0" slope="0.00"/>
        <vehicle id="7" x="201.65" y="499.34" angle="180.00" type="DEFAULT_VEHTYPE" speed="13.87" pos="94.59" lane="1/2to1/3_0" slope="0.00"/>
        <vehicle id="8" x="596.51" y="198.35" angle="90.00" type="DEFAULT_VEHTYPE" speed="5.75" pos="1.26" lane=":3/1_13_0" slope="0.00"/>
        <vehicle id="9" x="398.35" y="512.30" angle="0.00" type="DEFAULT_VEHTYPE" speed="12.75" pos="82.95" lane="2/3to2/2_0" slope="0.00"/>
    </timestep>
    <timestep time="544.00">
        <vehicle id="10" x="598.35" y="442.46" angle="0.00" type="DEFAULT_VEHTYPE" speed="13.13" pos="152.79" lane="3/3to3/2_0" slope="0.00"/>
        <vehicle id="12" x="800.65" y="598.78" angle="95.07" type="DEFAULT_VEHTYPE" speed="13.63" pos="0.78" lane=":4/3_0_0" slope="0.00"/>
        <vehicle id="13" x="601.65" y="325.35" angle="180.00" type="DEFAULT_VEHTYPE" speed="12.99" pos="120.60" lane="3/1to3/2_0" slope="0.00"/>
        <vehicle id="3" x="398.35" y="265.24" angle="0.00" type="DEFAULT_VEHTYPE" speed="13.82" pos="130.01" lane="2/2to2/1_0" slope="0.00"/>
        <vehicle id="4" x="577.68" y="198.35" angle="90.00" type="DEFAULT_VEHTYPE" speed="11.24" pos="172.93" lane="2/1to3/1_0" slope="0.00"/>
        <vehicle id="5" x="389.63" y="198.35" angle="90.00" type="DEFAULT_VEHTYPE" speed="3.27" pos="184.88" lane="1/1to2/1_0" slope="0.00"/>
        <vehicle id="6" x="398.35" y="795.59" angle="-3.85" type="DEFAULT_VEHTYPE" speed="13.60" pos="4.41" lane="2/4to2/3_0" slope="0.00"/>
        <vehicle id="7" x="201.65" y="513.08" angle="180.00" type="DEFAULT_VEHTYPE" speed="13.74" pos="108.33" lane="1/2to1/3_0" slope="0.00"/>
        <vehicle id="8" x="603.80" y="198.35" angle="90.00" type="DEFAULT_VEHTYPE" speed="7.30" pos="8.55" lane=":3/1_13_0" slope="0.00"/>
        <vehicle id="9" x="398.35" y="498.42" angle="0.00" type="DEFAULT_VEHTYPE" speed="13.88" pos="96.83" lane="2/3to2/2_0" slope="0.00"/>
    </timestep>
    <timestep time="545.00">
        <vehicle id="10" x="598.35" y="428.57" angle="0.00" type="DEFAULT_VEHTYPE" speed="13.90" pos="166.68" lane="3/3to3/2_0" slope="0.00"/>
        <vehicle id="12" x="790.54" y="601.65" angle="-90.00" type="DEFAULT_VEHTYPE" speed="13.51" pos="9.46" lane="4/3to3/3_0" slope="0.00"/>
        <vehicle id="13" x="601.65" y="339.14" angle="180.00" type="DEFAULT_VEHTYPE" speed="13.79" pos="134.39" lane="3/1to3/2_0" slope="0.00"/>
        <vehicle id="3" x="398.35" y="252.54" angle="0.00" type="DEFAULT_VEHTYPE" speed="12.70" pos="142.71" lane="2/2to2/1_0" slope="0.00"/>
        <vehicle id="4" x="584.48" y="198.35" angle="90.00" type="DEFAULT_VEHTYPE" speed="6.80" pos="179.73" lane="2/1to3/1_0" slope="0.00"/>
        <vehicle id="5" x="394.20" y="198.35" angle="90.00" type="DEFAULT_VEHTYPE" speed="4.58" pos="189.45" lane="1/1to2/1_0" slope="0.00"/>
        <vehicle id="6" x="398.35" y="782.28" angle="0.00" type="DEFAULT_VEHTYPE" speed="13.31" pos="17.72" lane="2/4to2/3_0" slope="0.00"/>
        <vehicle id="7" x="201.65" y="526.69" angle="180.00" type="DEFAULT_VEHTYPE" speed="13.61" pos="121.94" lane="1/2to1/3_0" slope="0.00"/>
        <vehicle id="8" x="613.14" y="198.35" angle="90.00" type="DEFAULT_VEHTYPE" speed="9.34" pos="8.39" lane="3/1to4/1_0" slope="0.00"/>
        <vehicle id="9" x="398.35" y="485.71" angle="0.00" type="DEFAULT_VEHTYPE" speed="12.72" pos="109.54" lane="2/3to2/2_0" slope="0.00"/>
    </timestep>
    <timestep time="546.00">
        <vehicle id="10" x="598.35" y="415.33" angle="0.00" type="DEFAULT_VEHTYPE" speed="13.24" pos="179.92" lane="3/3to3/2_0" slope="0.00"/>
        <vehicle id="12" x="777.03" y="601.65" angle="-90.00" type="DEFAULT_VEHTYPE" speed="13.50" pos="22.97" lane="4/3to3/3_0" slope="0.00"/>
        <vehicle id="13" x="601.65" y="352.10" angle="180.00" type="DEFAULT_VEHTYPE" speed="12.96" pos="147.35" lane="3/1to3/2_0" slope="0.00"/>
        <vehicle id="3" x="398.35" y="238.79" angle="0.00" type="DEFAULT_VEHTYPE" speed="13.76" pos="156.46" lane="2/2to2/1_0" slope="0.00"/>
        <vehicle id="4" x="588.86" y="198.35" angle="90.00" type="DEFAULT_VEHTYPE" speed="4.38" pos="184.11" lane="2/1to3/1_0" slope="0.00"/>
        <vehicle id="5" x="400.66" y="198.35" angle="90.00" type="DEFAULT_VEHTYPE" speed="6.46" pos="5.41" lane=":2/1_13_0" slope="0.00"/>
        <vehicle id="6" x="398.35" y="768.75" angle="0.00" type="DEFAULT_VEHTYPE" speed="13.53" pos="31.25" lane="2/4to2/3_0" slope="0.00"/>
        <vehicle id="7" x="201.65" y="539.52" angle="180.00" type="DEFAULT_VEHTYPE" speed="12.83" pos="134.77" lane="1/2to1/3_0" slope="0.00"/>
        <vehicle id="8" x="624.60" y="198.35" angle="90.00" type="DEFAULT_VEHTYPE" speed="11.46" pos="19.85" lane="3/1to4/1_0" slope="0.00"/>
        <vehicle id="9" x="398.35" y="472.69" angle="0.00" type="DEFAULT_VEHTYPE" speed="13.02" pos="122.56" lane="2/3to2/2_0" slope="0.00"/>
    </timestep>
    <timestep time="547.00">
        <vehicle id="10" x="597.09" y="402.13" angle="-15.39" type="DEFAULT_VEHTYPE" speed="13.65" pos="3.07" lane=":3/2_0_0" slope="0.00"/>
        <vehicle id="12" x="763.57" y="601.65" angle="-90.00" type="DEFAULT_VEHTYPE" speed="13.46" pos="36.43" lane="4/3to3/3_0" slope="0.00"/>
        <vehicle id="13" x="601.65" y="365.27" angle="180.00" type="DEFAULT_VEHTYPE" speed="13.17" pos="160.52" lane="3/1to3/2_0" slope="0.00"/>
        <vehicle id="3" x="398.35" y="225.82" angle="0.00" type="DEFAULT_VEHTYPE" speed="12.97" pos="169.43" lane="2/2to2/1_0" slope="0.00"/>
        <vehicle id="4" x="594.59" y="198.35" angle="90.00" type="DEFAULT_VEHTYPE" speed="5.73" pos="189.84" lane="2/1to3/1_0" slope="0.00"/>
        <vehicle id="5" x="409.26" y="198.35" angle="90.00" type="DEFAULT_VEHTYPE" speed="8.60" pos="4.51" lane="2/1to3/1_0" slope="0.00"/>
        <vehicle id="6" x="398.35" y="755.17" angle="0.00" type="DEFAULT_VEHTYPE" speed="13.58" pos="44.83" lane="2/4to2/3_0" slope="0.00"/>
        <vehicle id="7" x="201.65" y="552.88" angle="180.00" type="DEFAULT_VEHTYPE" speed="13.36" pos="148.13" lane="1/2to1/3_0" slope="0.00"/>
        <vehicle id="8" x="637.21" y="198.35" angle="90.00" type="DEFAULT_VEHTYPE" speed="12.61" pos="32.46" lane="3/1to4/1_0" slope="0.00"/>
        <vehicle id="9" x="398.35" y="458.85" angle="0.00" type="DEFAULT_VEHTYPE" speed="13.83" pos="136.40" lane="2/3to2/2_0" slope="0.00"/>
    </timestep>
    <timestep time="548.00">
        <vehicle id="10" x="584.07" y="401.65" angle="-90.00" type="DEFAULT_VEHTYPE" speed="13.12" pos="11.18" lane="3/2to2/2_0" slope="0.00"/>
        <vehicle id="12" x="750.59" y="601.65" angle="-90.00" type="DEFAULT_VEHTYPE" speed="12.98" pos="49.41" lane="4/3to3/3_0" slope="0.00"/>
        <vehicle id="13" x="601.65" y="376.76" angle="180.00" type="DEFAULT_VEHTYPE" speed="11.50" pos="172.01" lane="3/1to3/2_0" slope="0.00"/>
        <vehicle id="3" x="398.35" y="213.20" angle="0.00" type="DEFAULT_VEHTYPE" speed="12.62" pos="182.05" lane="2/2to2/1_0" slope="0.00"/>
        <vehicle id="4" x="601.10" y="201.69" angle="129.53" type="DEFAULT_VEHTYPE" speed="7.85" pos="7.19" lane=":3/1_14_0" slope="0.00"/>
        <vehicle id="5" x="419.66" y="198.35" angle="90.00" type="DEFAULT_VEHTYPE" speed="10.40" pos="14.91" lane="2/1to3/1_0" slope="0.00"/>
        <vehicle id="6" x="398.35" y="741.42" angle="0.00" type="DEFAULT_VEHTYPE" speed="13.75" pos="58.58" lane="2/4to2/3_0" slope="0.00"/>
        <vehicle id="7" x="201.65" y="565.52" angle="180.00" type="DEFAULT_VEHTYPE" speed="12.64" pos="160.77" lane="1/2to1/3_0" slope="0.00"/>
        <vehicle id="8" x="649.83" y="198.35" angle="90.00" type="DEFAULT_VEHTYPE" speed="12.63" pos="45.08" lane="3/1to4/1_0" slope="0.00"/>
        <vehicle id="9" x="398.35" y="445.35" angle="0.00" type="DEFAULT_VEHTYPE" speed="13.50" pos="149.90" lane="2/3to2/2_0" slope="0.00"/>
    </timestep>
    <timestep time="549.00">
        <vehicle id="10" x="571.41" y="401.65" angle="-90.00" type="DEFAULT_VEHTYPE" speed="12.66" pos="23.84" lane="3/2to2/2_0" slope="0.00"/>
        <vehicle id="12" x="737.77" y="601.65" angle="-90.00" type="DEFAULT_VEHTYPE" speed="12.82" pos="62.23" lane="4/3to3/3_0" slope="0.00"/>
        <vehicle id="13" x="601.65" y="384.14" angle="180.00" type="DEFAULT_VEHTYPE" speed="7.38" pos="179.39" lane="3/1to3/2_0" slope="0.00"/>
        <vehicle id="3" x="395.79" y="201.72" angle="-35.68" type="DEFAULT_VEHTYPE" speed="12.91" pos="4.46" lane=":2/1_0_0" slope="0.00"/>
        <vehicle id="4" x="601.65" y="211.06" angle="180.00" type="DEFAULT_VEHTYPE" speed="9.43" pos="6.31" lane="3/1to3/2_0" slope="0.00"/>
        <vehicle id="5" x="431.46" y="198.35" angle="90.00" type="DEFAULT_VEHTYPE" speed="11.80" pos="26.71" lane="2/1to3/1_0" slope="0.00"/>
        <vehicle id="6" x="398.35" y="728.60" angle="0.00" type="DEFAULT_VEHTYPE" speed="12.82" pos="71.40" lane="2/4to2/3_0" slope="0.00"/>
        <vehicle id="7" x="201.65" y="578.34" angle="180.00" type="DEFAULT_VEHTYPE" speed="12.82" pos="173.59" lane="1/2to1/3_0" slope="0.00"/>
        <vehicle id="8" x="662.72" y="198.35" angle="90.00" type="DEFAULT_VEHTYPE" speed="12.89" pos="57.97" lane="3/1to4/1_0" slope="0.00"/>
        <vehicle id="9" x="398.35" y="431.65" angle="0.00" type="DEFAULT_VEHTYPE" speed="13.70" pos="163.60" lane="2/3to2/2_0" slope="0.00"/>
    </timestep>
    <timestep time="550.00">
        <vehicle id="10" x="558.17" y="401.65" angle="-90.00" type="DEFAULT_VEHTYPE" speed="13.24" pos="37.08" lane="3/2to2/2_0" slope="0.00"/>
        <vehicle id="12" x="724.92" y="601.65" angle="-90.00" type="DEFAULT_VEHTYPE" speed="12.85" pos="75.08" lane="4/3to3/3_0" slope="0.00"/>
        <vehicle id="13" x="601.65" y="388.49" angle="180.00" type="DEFAULT_VEHTYPE" speed="4.35" pos="183.74" lane="3/1to3/2_0" slope="0.00"/>
        <vehicle id="3" x="382.26" y="201.65" angle="-90.00" type="DEFAULT_VEHTYPE" speed="13.53" pos="12.99" lane="2/1to1/1_0" slope="0.00"/>
        <vehicle id="4" x="601.65" y="222.64" angle="180.00" type="DEFAULT_VEHTYPE" speed="11.59" pos="17.89" lane="3/1to3/2_0" slope="0.00"/>
        <vehicle id="5" x="445.08" y="198.35" angle="90.00" type="DEFAULT_VEHTYPE" speed="13.62" pos="40.33" lane="2/1to3/1_0" slope="0.00"/>
        <vehicle id="6" x="398.35" y="715.01" angle="0.00" type="DEFAULT_VEHTYPE" speed="13.59" pos="84.99" lane="2/4to2/3_0" slope="0.00"/>
        <vehicle id="7" x="201.65" y="591.28" angle="180.00" type="DEFAULT_VEHTYPE" speed="12.94" pos="186.53" lane="1/2to1/3_0" slope="0.00"/>
        <vehicle id="8" x="676.54" y="198.35" angle="90.00" type="DEFAULT_VEHTYPE" speed="13.82" pos="71.79" lane="3/1to4/1_0" slope="0.00"/>
        <vehicle id="9" x="398.35" y="418.47" angle="0.00" type="DEFAULT_VEHTYPE" speed="13.18" pos="176.78" lane="2/3to2/2_0" slope="0.00"/>
    </timestep>
    <timestep time="551.00">
        <vehicle id="10" x="545.03" y="401.65" angle="-90.00" type="DEFAULT_VEHTYPE" speed="13.15" pos="50.22" lane="3/2to2/2_0" slope="0.00"/>
        <vehicle id="12" x="711.94" y="601.65" angle="-90.00" type="DEFAULT_VEHTYPE" speed="12.98" pos="88.06" lane="4/3to3/3_0" slope="0.00"/>
        <vehicle id="13" x="601.62" y="395.43" angle="-179.70" type="DEFAULT_VEHTYPE" speed="6.94" pos="0.19" lane=":3/2_10_0" slope="0.00"/>
        <vehicle id="3" x="368.79" y="201.65" angle="-90.00" type="DEFAULT_VEHTYPE" speed="13.48" pos="26.46" lane="2/1to1/1_0" slope="0.00"/>
        <vehicle id="4" x="601.65" y="236.24" angle="180.00" type="DEFAULT_VEHTYPE" speed="13.60" pos="31.49" lane="3/1to3/2_0" slope="0.00"/>
        <vehicle id="5" x="457.97" y="198.35" angle="90.00" type="DEFAULT_VEHTYPE" speed="12.89" pos="53.22" lane="2/1to3/1_0" slope="0.00"/>
        <vehicle id="6" x="398.35" y="701.41" angle="0.00" type="DEFAULT_VEHTYPE" speed="13.60" pos="98.59" lane="2/4to2/3_0" slope="0.00"/>
        <vehicle id="7" x="208.98" y="598.35" angle="91.23" type="DEFAULT_VEHTYPE" speed="13.20" pos="4.23" lane="1/3to2/3_0" slope="0.00"/>
        <vehicle id="8" x="689.80" y="198.35" angle="90.00" type="DEFAULT_VEHTYPE" speed="13.26" pos="85.05" lane="3/1to4/1_0" slope="0.00"/>
        <vehicle id="9" x="398.35" y="405.38" angle="0.00" type="DEFAULT_VEHTYPE" speed="13.09" pos="189.87" lane="2/3to2/2_0" slope="0.00"/>
    </timestep>
    <timestep time="552.00">
        <vehicle id="10" x="531.43" y="401.65" angle="-90.00" type="DEFAULT_VEHTYPE" speed="13.60" pos="63.82" lane="3/2to2/2_0" slope="0.00"/>
        <vehicle id="12" x="698.95" y="601.65" angle="-90.00" type="DEFAULT_VEHTYPE" speed="12.99" pos="101.05" lane="4/3to3/3_0" slope="0.00"/>
        <vehicle id="13" x="596.91" y="401.41" angle="-124.24" type="DEFAULT_VEHTYPE" speed="8.45" pos="1.50" lane=":3/2_18_0" slope="0.00"/>
        <vehicle id="3" x="355.75" y="201.65" angle="-90.00" type="DEFAULT_VEHTYPE" speed="13.04" pos="39.50" lane="2/1to1/1_0" slope="0.00"/>
        <vehicle id="4" x="601.65" y="249.30" angle="180.00" type="DEFAULT_VEHTYPE" speed="13.06" pos="44.55" lane="3/1to3/2_0" slope="0.00"/>
        <vehicle id="5" x="471.69" y="198.35" angle="90.00" type="DEFAULT_VEHTYPE" speed="13.72" pos="66.94" lane="2/1to3/1_0" slope="0.00"/>
        <vehicle id="6" x="398.35" y="688.03" angle="0.00" type="DEFAULT_VEHTYPE" speed="13.39" pos="111.97" lane="2/4to2/3_0" slope="0.00"/>
        <vehicle id="7" x="222.39" y="598.35" angle="90.00" type="DEFAULT_VEHTYPE" speed="13.41" pos="17.64" lane="1/3to2/3_0" slope="0.00"/>
        <vehicle id="8" x="703.04" y="198.35" angle="90.00" type="DEFAULT_VEHTYPE" speed="13.24" pos="98.29" lane="3/1to4/1_0" slope="0.00"/>
        <vehicle id="9" x="398.35" y="391.71" angle="0.00" type="DEFAULT_VEHTYPE" speed="13.67" pos="3.54" lane="2/2to2/1_0" slope="0.00"/>
    </timestep>
    <timestep time="553.00">
        <vehicle id="10" x="518.40" y="401.65" angle="-90.00" type="DEFAULT_VEHTYPE" speed="13.03" pos="76.85" lane="3/2to2/2_0" slope="0.00"/>
        <vehicle id="12" x="685.36" y="601.65" angle="-90.00" type="DEFAULT_VEHTYPE" speed="13.59" pos="114.64" lane="4/3to3/3_0" slope="0.00"/>
        <vehicle id="13" x="586.28" y="401.65" angle="-90.00" type="DEFAULT_VEHTYPE" speed="10.65" pos="8.97" lane="3/2to2/2_0" slope="0.00"/>
        <vehicle id="3" x="342.07" y="201.65" angle="-90.00" type="DEFAULT_VEHTYPE" speed="13.68" pos="53.18" lane="2/1to1/1_0" slope="0.00"/>
        <vehicle id="4" x="601.65" y="262.26" angle="180.00" type="DEFAULT_VEHTYPE" speed="12.96" pos="57.51" lane="3/1to3/2_0" slope="0.00"/>
        <vehicle id="5" x="484.65" y="198.35" angle="90.00" type="DEFAULT_VEHTYPE" speed="12.96" pos="79.90" lane="2/1to3/1_0" slope="0.00"/>
        <vehicle id="6" x="398.35" y="674.29" angle="0.00" type="DEFAULT_VEHTYPE" speed="13.73" pos="125.71" lane="2/4to2/3_0" slope="0.00"/>
        <vehicle id="7" x="235.38" y="598.35" angle="90.00" type="DEFAULT_VEHTYPE" speed="12.99" pos="30.63" lane="1/3to2/3_0" slope="0.00"/>
        <vehicle id="8" x="715.78" y="198.35" angle="90.00" type="DEFAULT_VEHTYPE" speed="12.75" pos="111.03" lane="3/1to4/1_0" slope="0.00"/>
        <vehicle id="9" x="398.35" y="378.18" angle="0.00" type="DEFAULT_VEHTYPE" speed="13.53" pos="17.07" lane="2/2to2/1_0" slope="0.00"/>
    </timestep>
    <timestep time="554.00">
        <vehicle id="10" x="505.53" y="401.65" angle="-90.00" type="DEFAULT_VEHTYPE" speed="12.87" pos="89.72" lane="3/2to2/2_0" slope="0.00"/>
        <vehicle id="12" x="672.01" y="601.65" angle="-90.00" type="DEFAULT_VEHTYPE" speed="13.36" pos="127.99" lane="4/3to3/3_0" slope="0.00"/>
        <vehicle id="13" x="573.86" y="401.65" angle="-90.00" type="DEFAULT_VEHTYPE" speed="12.43" pos="21.39" lane="3/2to2/2_0" slope="0.00"/>
        <vehicle id="3" x="329.02" y="201.65" angle="-90.00" type="DEFAULT_VEHTYPE" speed="13.05" pos="66.23" lane="2/1to1/1_0" slope="0.00"/>
        <vehicle id="4" x="601.65" y="275.93" angle="180.00" type="DEFAULT_VEHTYPE" speed="13.67" pos="71.18" lane="3/1to3/2_0" slope="0.00"/>
        <vehicle id="5" x="498.34" y="198.35" angle="90.00" type="DEFAULT_VEHTYPE" speed="13.69" pos="93.59" lane="2/1to3/1_0" slope="0.00"/>
        <vehicle id="6" x="398.35" y="660.94" angle="0.00" type="DEFAULT_VEHTYPE" speed="13.35" pos="139.06" lane="2/4to2/3_0" slope="0.00"/>
        <vehicle id="7" x="248.07" y="598.35" angle="90.00" type="DEFAULT_VEHTYPE" speed="12.69" pos="43.32" lane="1/3to2/3_0" slope="0.00"/>
        <vehicle id="8" x="728.47" y="198.35" angle="90.00" type="DEFAULT_VEHTYPE" speed="12.68" pos="123.72" lane="3/1to4/1_0" slope="0.00"/>
        <vehicle id="9" x="398.35" y="364.56" angle="0.00" type="DEFAULT_VEHTYPE" speed="13.63" pos="30.69" lane="2/2to2/1_0" slope="0.00"/>
    </timestep>
    <timestep time="555.00">
        <vehicle id="10" x="491.94" y="401.65" angle="-90.00" type="DEFAULT_VEHTYPE" speed="13.59" pos="103.31" lane="3/2to2/2_0" slope="0.00"/>
        <vehicle id="12" x="658.65" y="601.65" angle="-90.00" type="DEFAULT_VEHTYPE" speed="13.36" pos="141.35" lane="4/3to3/3_0" slope="0.00"/>
        <vehicle id="13" x="560.51" y="401.65" angle="-90.00" type="DEFAULT_VEHTYPE" speed="13.34" pos="34.74" lane="3/2to2/2_0" slope="0.00"/>
        <vehicle id="3" x="315.53" y="201.65" angle="-90.00" type="DEFAULT_VEHTYPE" speed="13.49" pos="79.72" lane="2/1to1/1_0" slope="0.00"/>
        <vehicle id="4" x="601.65" y="289.78" angle="180.00" type="DEFAULT_VEHTYPE" speed="13.85" pos="85.03" lane="3/1to3/2_0" slope="0.00"/>
        <vehicle id="5" x="511.41" y="198.35" angle="90.00" type="DEFAULT_VEHTYPE" speed="13.06" pos="106.66" lane="2/1to3/1_0" slope="0.00"/>
        <vehicle id="6" x="398.35" y="647.44" angle="0.00" type="DEFAULT_VEHTYPE" speed="13.50" pos="152.56" lane="2/4to2/3_0" slope="0.00"/>
        <vehicle id="7" x="261.10" y="598.35" angle="90.00" type="DEFAULT_VEHTYPE" speed="13.04" pos="56.35" lane="1/3to2/3_0" slope="0.00"/>
        <vehicle id="8" x="742.27" y="198.35" angle="90.00" type="DEFAULT_VEHTYPE" speed="13.80" pos="137.52" lane="3/1to4/1_0" slope="0.00"/>
        <vehicle id="9" x="398.35" y="350.68" angle="0.00" type="DEFAULT_VEHTYPE" speed="13.88" pos="44.57" lane="2/2to2/1_0" slope="0.00"/>
    </timestep>
    <timestep time="556.00">
        <vehicle id="10" x="479.33" y="401.65" angle="-90.00" type="DEFAULT_VEHTYPE" speed="12.61" pos="115.92" lane="3/2to2/2_0" slope="0.00"/>
        <vehicle id="12" x="645.15" y="601.65" angle="-90.00" type="DEFAULT_VEHTYPE" speed="13.50" pos="154.85" lane="4/3to3/3_0" slope="0.00"/>
        <vehicle id="13" x="547.62" y="401.65" angle="-90.00" type="DEFAULT_VEHTYPE" speed="12.89" pos="47.63" lane="3/2to2/2_0" slope="0.00"/>
        <vehicle id="3" x="302.44" y="201.65" angle="-90.00" type="DEFAULT_VEHTYPE" speed="13.09" pos="92.81" lane="2/1to1/1_0" slope="0.00"/>
        <vehicle id="4" x="601.65" y="302.65" angle="180.00" type="DEFAULT_VEHTYPE" speed="12.87" pos="97.90" lane="3/1to3/2_0" slope="0.00"/>
        <vehicle id="5" x="524.45" y="198.35" angle="90.00" type="DEFAULT_VEHTYPE" speed="13.04" pos="119.70" lane="2/1to3/1_0" slope="0.00"/>
        <vehicle id="6" x="398.35" y="634.00" angle="0.00" type="DEFAULT_VEHTYPE" speed="13.44" pos="166.00" lane="2/4to2/3_0" slope="0.00"/>
        <vehicle id="7" x="273.79" y="598.35" angle="90.00" type="DEFAULT_VEHTYPE" speed="12.69" pos="69.04" lane="1/3to2/3_0" slope="0.00"/>
        <vehicle id="8" x="755.94" y="198.35" angle="90.00" type="DEFAULT_VEHTYPE" speed="13.68" pos="151.19" lane="3/1to4/1_0" slope="0.00"/>
        <vehicle id="9" x="398.35" y="337.95" angle="0.00" type="DEFAULT_VEHTYPE" speed="12.73" pos="57.30" lane="2/2to2/1_0" slope="0.00"/>
    </timestep>
    <timestep time="557.00">
        <vehicle id="10" x="465.93" y="401.65" angle="-90.00" type="DEFAULT_VEHTYPE" speed="13.41" pos="129.32" lane="3/2to2/2_0" slope="0.00"/>
        <vehicle id="12" x="631.46" y="601.65" angle="-90.00" type="DEFAULT_VEHTYPE" speed="13.69" pos="168.54" lane="4/3to3/3_0" slope="0.00"/>
        <vehicle id="13" x="534.61" y="401.65" angle="-90.00" type="DEFAULT_VEHTYPE" speed="13.01" pos="60.64" lane="3/2to2/2_0" slope="0.00"/>
        <vehicle id="3" x="288.67" y="201.65" angle="-90.00" type="DEFAULT_VEHTYPE" speed="13.77" pos="106.58" lane="2/1to1/1_0" slope="0.00"/>
        <vehicle id="4" x="601.65" y="316.41" angle="180.00" type="DEFAULT_VEHTYPE" speed="13.76" pos="111.66" lane="3/1to3/2_0" slope="0.00"/>
        <vehicle id="5" x="538.15" y="198.35" angle="90.00" type="DEFAULT_VEHTYPE" speed="13.70" pos="133.40" lane="2/1to3/1_0" slope="0.00"/>
        <vehicle id="6" x="398.35" y="620.33" angle="0.00" type="DEFAULT_VEHTYPE" speed="13.67" pos="179.67" lane="2/4to2/3_0" slope="0.00"/>
        <vehicle id="7" x="287.03" y="598.35" angle="90.00" type="DEFAULT_VEHTYPE" speed="13.24" pos="82.28" lane="1/3to2/3_0" slope="0.00"/>
        <vehicle id="8" x="769.36" y="198.35" angle="90.00" type="DEFAULT_VEHTYPE" speed="13.41" pos="164.61" lane="3/1to4/1_0" slope="0.00"/>
        <vehicle id="9" x="398.35" y="324.09" angle="0.00" type="DEFAULT_VEHTYPE" speed="13.87" pos="71.16" lane="2/2to2/1_0" slope="0.00"/>
    </timestep>
    <timestep time="558.00">
        <vehicle id="10" x="452.25" y="401.65" angle="-90.00" type="DEFAULT_VEHTYPE" speed="13.68" pos="143.00" lane="3/2to2/2_0" slope="0.00"/>
        <vehicle id="12" x="620.87" y="601.65" angle="-90.00" type="DEFAULT_VEHTYPE" speed="10.59" pos="179.13" lane="4/3to3/3_0" slope="0.00"/>
        <vehicle id="13" x="521.12" y="401.65" angle="-90.00" type="DEFAULT_VEHTYPE" speed="13.49" pos="74.13" lane="3/2to2/2_0" slope="0.00"/>
        <vehicle id="3" x="275.87" y="201.65" angle="-90.00" type="DEFAULT_VEHTYPE" speed="12.80" pos="119.38" lane="2/1to1/1_0" slope="0.00"/>
        <vehicle id="4" x="601.65" y="330.02" angle="180.00" type="DEFAULT_VEHTYPE" speed="13.61" pos="125.27" lane="3/1to3/2_0" slope="0.00"/>
        <vehicle id="5" x="550.84" y="198.35" angle="90.00" type="DEFAULT_VEHTYPE" speed="12.69" pos="146.09" lane="2/1to3/1_0" slope="0.00"/>
        <vehicle id="6" x="398.35" y="606.77" angle="0.00" type="DEFAULT_VEHTYPE" speed="13.56" pos="193.23" lane="2/4to2/3_0" slope="0.00"/>
        <vehicle id="7" x="299.85" y="598.35" angle="90.00" type="DEFAULT_VEHTYPE" speed="12.82" pos="95.10" lane="1/3to2/3_0" slope="0.00"/>
        <vehicle id="8" x="782.79" y="198.35" angle="90.00" type="DEFAULT_VEHTYPE" speed="13.43" pos="178.04" lane="3/1to4/1_0" slope="0.00"/>
        <vehicle id="9" x="398.35" y="310.41" angle="0.00" type="DEFAULT_VEHTYPE" speed="13.68" pos="84.84" lane="2/2to2/1_0" slope="0.00"/>
    </timestep>
    <timestep time="559.00">
        <vehicle id="10" x="438.57" y="401.65" angle="-90.00" type="DEFAULT_VEHTYPE" speed="13.68" pos="156.68" lane="3/2to2/2_0" slope="0.00"/>
        <vehicle id="12" x="614.09" y="601.65" angle="-90.00" type="DEFAULT_VEHTYPE" speed="6.78" pos="185.91" lane="4/3to3/3_0" slope="0.00"/>
        <vehicle id="13" x="507.39" y="401.65" angle="-90.00" type="DEFAULT_VEHTYPE" speed="13.73" pos="87.86" lane="3/2to2/2_0" slope="0.00"/>
        <vehicle id="3" x="262.27" y="201.65" angle="-90.00" type="DEFAULT_VEHTYPE" speed="13.60" pos="132.98" lane="2/1to1/1_0" slope="0.00"/>
        <vehicle id="4" x="601.65" y="343.85" angle="180.00" type="DEFAULT_VEHTYPE" speed="13.84" pos="139.10" lane="3/1to3/2_0" slope="0.00"/>
        <vehicle id="5" x="564.10" y="198.35" angle="90.00" type="DEFAULT_VEHTYPE" speed="13.26" pos="159.35" lane="2/1to3/1_0" slope="0.00"/>
        <vehicle id="6" x="398.35" y="593.66" angle="0.00" type="DEFAULT_VEHTYPE" speed="13.11" pos="1.59" lane="2/3to2/2_0" slope="0.00"/>
        <vehicle id="7" x="313.23" y="598.35" angle="90.00" type="DEFAULT_VEHTYPE" speed="13.38" pos="108.48" lane="1/3to2/3_0" slope="0.00"/>
        <vehicle id="8" x="795.54" y="198.35" angle="90.00" type="DEFAULT_VEHTYPE" speed="12.75" pos="190.79" lane="3/1to4/1_0" slope="0.00"/>
        <vehicle id="9" x="398.35" y="297.26" angle="0.00" type="DEFAULT_VEHTYPE" speed="13.14" pos="97.99" lane="2/2to2/1_0" slope="0.00"/>
    </timestep>
    <timestep time="560.00">
        <vehicle id="10" x="426.80" y="401.65" angle="-90.00" type="DEFAULT_VEHTYPE" speed="11.78" pos="168.45" lane="3/2to2/2_0" slope="0.00"/>
        <vehicle id="12" x="609.80" y="601.65" angle="-90.00" type="DEFAULT_VEHTYPE" speed="4.30" pos="190.20" lane="4/3to3/3_0" slope="0.00"/>
        <vehicle id="13" x="494.04" y="401.65" angle="-90.00" type="DEFAULT_VEHTYPE" speed="13.35" pos="101.21" lane="3/2to2/2_0" slope="0.00"/>
        <vehicle id="3" x="249.55" y="201.65" angle="-90.00" type="DEFAULT_VEHTYPE" speed="12.72" pos="145.70" lane="2/1to1/1_0" slope="0.00"/>
        <vehicle id="4" x="601.65" y="357.41" angle="180.00" type="DEFAULT_VEHTYPE" speed="13.56" pos="152.66" lane="3/1to3/2_0" slope="0.00"/>
        <vehicle id="5" x="576.25" y="198.35" angle="90.00" type="DEFAULT_VEHTYPE" speed="12.15" pos="171.50" lane="2/1to3/1_0" slope="0.00"/>
        <vehicle id="6" x="398.35" y="580.76" angle="0.00" type="DEFAULT_VEHTYPE" speed="12.90" pos="14.49" lane="2/3to2/2_0" slope="0.00"/>
        <vehicle id="7" x="326.06" y="598.35" angle="90.00" type="DEFAULT_VEHTYPE" speed="12.83" pos="121.31" lane="1/3to2/3_0" slope="0.00"/>
        <vehicle id="8" x="796.54" y="201.65" angle="-100.53" type="DEFAULT_VEHTYPE" speed="12.74" pos="3.46" lane="4/1to3/1_0" slope="0.00"/>
        <vehicle id="9" x="398.35" y="284.33" angle="0.00" type="DEFAULT_VEHTYPE" speed="12.93" pos="110.92" lane="2/2to2/1_0" slope="0.00"/>
    </timestep>
    <timestep time="561.00">
        <vehicle id="10" x="418.38" y="401.65" angle="-90.00" type="DEFAULT_VEHTYPE" speed="8.42" pos="176.87" lane="3/2to2/2_0" slope="0.00"/>
        <vehicle id="12" x="603.90" y="601.53" angle="-88.61" type="DEFAULT_VEHTYPE" speed="5.90" pos="0.86" lane=":3/3_6_0" slope="0.00"/>
        <vehicle id="13" x="481.42" y="401.65" angle="-90.00" type="DEFAULT_VEHTYPE" speed="12.62" pos="113.83" lane="3/2to2/2_0" slope="0.00"/>
        <vehicle id="3" x="236.32" y="201.65" angle="-90.00" type="DEFAULT_VEHTYPE" speed="13.22" pos="158.93" lane="2/1to1/1_0" slope="0.00"/>
        <vehicle id="4" x="601.65" y="370.76" angle="180.00" type="DEFAULT_VEHTYPE" speed="13.34" pos="166.01" lane="3/1to3/2_0" slope="0.00"/>
        <vehicle id="5" x="583.90" y="198.35" angle="90.00" type="DEFAULT_VEHTYPE" speed="7.65" pos="179.15" lane="2/1to3/1_0" slope="0.00"/>
        <vehicle id="6" x="398.35" y="567.97" angle="0.00" type="DEFAULT_VEHTYPE" speed="12.79" pos="27.28" lane="2/3to2/2_0" slope="0.00"/>
        <vehicle id="7" x="339.01" y="598.35" angle="90.00" type="DEFAULT_VEHTYPE" speed="12.96" pos="134.26" lane="1/3to2/3_0" slope="0.00"/>
        <vehicle id="8" x="783.49" y="201.65" angle="-90.00" type="DEFAULT_VEHTYPE" speed="13.05" pos="16.51" lane="4/1to3/1_0" slope="0.00"/>
        <vehicle id="9" x="398.35" y="270.68" angle="0.00" type="DEFAULT_VEHTYPE" speed="13.66" pos="124.57" lane="2/2to2/1_0" slope="0.00"/>
    </timestep>
    <timestep time="562.00">
        <vehicle id="10" x="411.94" y="401.65" angle="-90.00" type="DEFAULT_VEHTYPE" speed="6.43" pos="183.31" lane="3/2to2/2_0" slope="0.00"/>
        <vehicle id="12" x="598.57" y="596.81" angle="-33.12" type="DEFAULT_VEHTYPE" speed="7.89" pos="8.75" lane=":3/3_6_0" slope="0.00"/>
        <vehicle id="13" x="467.54" y="401.65" angle="-90.00" type="DEFAULT_VEHTYPE" speed="13.88" pos="127.71" lane="3/2to2/2_0" slope="0.00"/>
        <vehicle id="3" x="224.57" y="201.65" angle="-90.00" type="DEFAULT_VEHTYPE" speed="11.75" pos="170.68" lane="2/1to1/1_0" slope="0.00"/>
        <vehicle id="4" x="601.65" y="383.71" angle="180.00" type="DEFAULT_VEHTYPE" speed="12.95" pos="178.96" lane="3/1to3/2_0" slope="0.00"/>
        <vehicle id="5" x="588.64" y="198.35" angle="90.00" type="DEFAULT_VEHTYPE" speed="4.74" pos="183.89" lane="2/1to3/1_0" slope="0.00"/>
        <vehicle id="6" x="398.35" y="554.50" angle="0.00" type="DEFAULT_VEHTYPE" speed="13.47" pos="40.75" lane="2/3to2/2_0" slope="0.00"/>
        <vehicle id="7" x="351.91" y="598.35" angle="90.00" type="DEFAULT_VEHTYPE" speed="12.90" pos="147.16" lane="1/3to2/3_0" slope="0.00"/>
        <vehicle id="8" x="769.67" y="201.65" angle="-90.00" type="DEFAULT_VEHTYPE" speed="13.83" pos="30.33" lane="4/1to3/1_0" slope="0.00"/>
        <vehicle id="9" x="398.35" y="257.24" angle="0.00" type="DEFAULT_VEHTYPE" speed="13.44" pos="138.01" lane="2/2to2/1_0" slope="0.00"/>
    </timestep>
    <timestep time="563.00">
        <vehicle id="10" x="408.74" y="401.65" angle="-90.00" type="DEFAULT_VEHTYPE" speed="3.20" pos="186.51" lane="3/2to2/2_0" slope="0.00"/>
        <vehicle id="12" x="598.35" y="587.51" angle="0.00" type="DEFAULT_VEHTYPE" speed="9.31" pos="7.74" lane="3/3to3/2_0" slope="0.00"/>
        <vehicle id="13" x="453.86" y="401.65" angle="-90.00" type="DEFAULT_VEHTYPE" speed="13.68" pos="141.39" lane="3/2to2/2_0" slope="0.00"/>
        <vehicle id="3" x="216.37" y="201.65" angle="-90.00" type="DEFAULT_VEHTYPE" speed="8.20" pos="178.88" lane="2/1to1/1_0" slope="0.00"/>
        <vehicle id="4" x="601.65" y="397.47" angle="180.00" type="DEFAULT_VEHTYPE" speed="13.76" pos="2.22" lane=":3/2_9_0" slope="0.00"/>
        <vehicle id="5" x="595.76" y="198.35" angle="90.00" type="DEFAULT_VEHTYPE" speed="7.12" pos="0.51" lane=":3/1_13_0" slope="0.00"/>
        <vehicle id="6" x="398.35" y="541.77" angle="0.00" type="DEFAULT_VEHTYPE" speed="12.74" pos="53.48" lane="2/3to2/2_0" slope="0.00"/>
        <vehicle id="7" x="365.01" y="598.35" angle="90.00" type="DEFAULT_VEHTYPE" speed="13.10" pos="160.26" lane="1/3to2/3_0" slope="0.00"/>
        <vehicle id="8" x="755.96" y="201.65" angle="-90.00" type="DEFAULT_VEHTYPE" speed="13.71" pos="44.04" lane="4/1to3/1_0" slope="0.00"/>
        <vehicle id="9" x="398.35" y="243.85" angle="0.00" type="DEFAULT_VEHTYPE" speed="13.39" pos="151.40" lane="2/2to2/1_0" slope="0.00"/>
    </timestep>
    <timestep time="564.00">
        <vehicle id="10" x="403.40" y="401.46" angle="-87.78" type="DEFAULT_VEHTYPE" speed="5.36" pos="1.37" lane=":2/2_6_0" slope="0.00"/>
        <vehicle id="12" x="598.35" y="575.78" angle="0.00" type="DEFAULT_VEHTYPE" speed="11.73" pos="19.47" lane="3/3to3/2_0" slope="0.00"/>
        <vehicle id="13" x="440.69" y="401.65" angle="-90.00" type="DEFAULT_VEHTYPE" speed="13.18" pos="154.56" lane="3/2to2/2_0" slope="0.00"/>
        <vehicle id="3" x="211.92" y="201.65" angle="-90.00" type="DEFAULT_VEHTYPE" speed="4.45" pos="183.33" lane="2/1to1/1_0" slope="0.00"/>
        <vehicle id="4" x="601.65" y="410.11" angle="180.00" type="DEFAULT_VEHTYPE" speed="12.64" pos="5.36" lane="3/2to3/3_0" slope="0.00"/>
        <vehicle id="5" x="604.94" y="198.35" angle="90.00" type="DEFAULT_VEHTYPE" speed="9.18" pos="0.19" lane="3/1to4/1_0" slope="0.00"/>
        <vehicle id="6" x="398.35" y="528.39" angle="0.00" type="DEFAULT_VEHTYPE" speed="13.38" pos="66.86" lane="2/3to2/2_0" slope="0.00"/>
        <vehicle id="7" x="375.91" y="598.35" angle="90.00" type="DEFAULT_VEHTYPE" speed="10.90" pos="171.16" lane="1/3to2/3_0" slope="0.00"/>
        <vehicle id="8" x="743.34" y="201.65" angle="-90.00" type="DEFAULT_VEHTYPE" speed="12.62" pos="56.66" lane="4/1to3/1_0" slope="0.00"/>
        <vehicle id="9" x="398.35" y="230.35" angle="0.00" type="DEFAULT_VEHTYPE" speed="13.50" pos="164.90" lane="2/2to2/1_0" slope="0.00"/>
    </timestep>
    <timestep time="565.00">
        <vehicle id="10" x="398.62" y="397.17" angle="-36.90" type="DEFAULT_VEHTYPE" speed="7.02" pos="8.38" lane=":2/2_6_0" slope="0.00"/>
        <vehicle id="12" x="598.35" y="562.15" angle="0.00" type="DEFAULT_VEHTYPE" speed="13.63" pos="33.10" lane="3/3to3/2_0" slope="0.00"/>
        <vehicle id="13" x="427.71" y="401.65" angle="-90.00" type="DEFAULT_VEHTYPE" speed="12.98" pos="167.54" lane="3/2to2/2_0" slope="0.00"/>
        <vehicle id="3" x="209.17" y="201.65" angle="-90.00" type="DEFAULT_VEHTYPE" speed="2.75" pos="186.08" lane="2/1to1/1_0" slope="0.00"/>
        <vehicle id="4" x="601.65" y="422.74" angle="180.00" type="DEFAULT_VEHTYPE" speed="12.63" pos="17.99" lane="3/2to3/3_0" slope="0.00"/>
        <vehicle id="5" x="616.55" y="198.35" angle="90.00" type="DEFAULT_VEHTYPE" speed="11.61" pos="11.80" lane="3/1to4/1_0" slope="0.00"/>
        <vehicle id="6" x="398.35" y="515.08" angle="0.00" type="DEFAULT_VEHTYPE" speed="13.31" pos="80.17" lane="2/3to2/2_0" slope="0.00"/>
        <vehicle id="7" x="383.31" y="598.35" angle="90.00" type="DEFAULT_VEHTYPE" speed="7.39" pos="178.56" lane="1/3to2/3_0" slope="0.00"/>
        <vehicle id="8" x="730.31" y="201.65" angle="-90.00" type="DEFAULT_VEHTYPE" speed="13.03" pos="69.69" lane="4/1to3/1_0" slope="0.00"/>
        <vehicle id="9" x="398.35" y="217.16" angle="0.00" type="DEFAULT_VEHTYPE" speed="13.19" pos="178.09" lane="2/2to2/1_0" slope="0.00"/>
    </timestep>
    <timestep time="566.00">
        <vehicle id="10" x="398.35" y="387.97" angle="0.00" type="DEFAULT_VEHTYPE" speed="9.22" pos="7.28" lane="2/2to2/1_0" slope="0.00"/>
        <vehicle id="12" x="598.35" y="548.57" angle="0.00" type="DEFAULT_VEHTYPE" speed="13.58" pos="46.68" lane="3/3to3/2_0" slope="0.00"/>
        <vehicle id="13" x="418.90" y="401.65" angle="-90.00" type="DEFAULT_VEHTYPE" speed="8.80" pos="176.35" lane="3/2to2/2_0" slope="0.00"/>
        <vehicle id="3" x="204.35" y="201.71" angle="-90.64" type="DEFAULT_VEHTYPE" speed="4.83" pos="0.41" lane=":1/1_4_0" slope="0.00"/>
        <vehicle id="4" x="601.65" y="435.91" angle="180.00" type="DEFAULT_VEHTYPE" speed="13.17" pos="31.16" lane="3/2to3/3_0" slope="0.00"/>
        <vehicle id="5" x="629.76" y="198.35" angle="90.00" type="DEFAULT_VEHTYPE" speed="13.21" pos="25.01" lane="3/1to4/1_0" slope="0.00"/>
        <vehicle id="6" x="398.35" y="501.97" angle="0.00" type="DEFAULT_VEHTYPE" speed="13.11" pos="93.28" lane="2/3to2/2_0" slope="0.00"/>
        <vehicle id="7" x="389.06" y="598.35" angle="90.00" type="DEFAULT_VEHTYPE" speed="5.76" pos="184.31" lane="1/3to2/3_0" slope="0.00"/>
        <vehicle id="8" x="716.48" y="201.65" angle="-90.00" type="DEFAULT_VEHTYPE" speed="13.83" pos="83.52" lane="4/1to3/1_0" slope="0.00"/>
        <vehicle id="9" x="398.18" y="203.55" angle="-1.93" type="DEFAULT_VEHTYPE" speed="13.62" pos="1.21" lane=":2/1_0_0" slope="0.00"/>
    </timestep>
    <timestep time="567.00">
        <vehicle id="10" x="398.35" y="376.17" angle="0.00" type="DEFAULT_VEHTYPE" speed="11.80" pos="19.08" lane="2/2to2/1_0" slope="0.00"/>
        <vehicle id="12" x="598.35" y="535.43" angle="0.00" type="DEFAULT_VEHTYPE" speed="13.14" pos="59.82" lane="3/3to3/2_0" slope="0.00"/>
        <vehicle id="13" x="412.96" y="401.65" angle="-90.00" type="DEFAULT_VEHTYPE" speed="5.94" pos="182.29" lane="3/2to2/2_0" slope="0.00"/>
        <vehicle id="3" x="201.65" y="207.36" angle="-171.56" type="DEFAULT_VEHTYPE" speed="7.20" pos="2.61" lane="1/1to1/2_0" slope="0.00"/>
        <vehicle id="4" x="601.65" y="449.22" angle="180.00" type="DEFAULT_VEHTYPE" speed="13.31" pos="44.47" lane="3/2to3/3_0" slope="0.00"/>
        <vehicle id="5" x="642.64" y="198.35" angle="90.00" type="DEFAULT_VEHTYPE" speed="12.89" pos="37.89" lane="3/1to4/1_0" slope="0.00"/>
        <vehicle id="6" x="398.35" y="488.82" angle="0.00" type="DEFAULT_VEHTYPE" speed="13.14" pos="106.43" lane="2/3to2/2_0" slope="0.00"/>
        <vehicle id="7" x="396.80" y="598.57" angle="92.54" type="DEFAULT_VEHTYPE" speed="7.75" pos="1.56" lane=":2/3_14_0" slope="0.00"/>
        <vehicle id="8" x="703.72" y="201.65" angle="-90.00" type="DEFAULT_VEHTYPE" speed="12.77" pos="96.28" lane="4/1to3/1_0" slope="0.00"/>
        <vehicle id="9" x="385.16" y="201.65" angle="-90.00" type="DEFAULT_VEHTYPE" speed="13.88" pos="10.09" lane="2/1to1/1_0" slope="0.00"/>
    </timestep>
    <timestep time="568.00">
        <vehicle id="10" x="398.35" y="363.25" angle="0.00" type="DEFAULT_VEHTYPE" speed="12.92" pos="32.00" lane="2/2to2/1_0" slope="0.00"/>
        <vehicle id="12" x="598.35" y="522.23" angle="0.00" type="DEFAULT_VEHTYPE" speed="13.20" pos="73.02" lane="3/3to3/2_0" slope="0.00"/>
        <vehicle id="13" x="410.22" y="401.65" angle="-90.00" type="DEFAULT_VEHTYPE" speed="2.74" pos="185.03" lane="3/2to2/2_0" slope="0.00"/>
        <vehicle id="3" x="201.65" y="216.31" angle="180.00" type="DEFAULT_VEHTYPE" speed="8.95" pos="11.56" lane="1/1to1/2_0" slope="0.00"/>
        <vehicle id="4" x="601.65" y="462.21" angle="180.00" type="DEFAULT_VEHTYPE" speed="12.98" pos="57.46" lane="3/2to3/3_0" slope="0.00"/>
        <vehicle id="5" x="656.45" y="198.35" angle="90.00" type="DEFAULT_VEHTYPE" speed="13.81" pos="51.70" lane="3/1to4/1_0" slope="0.00"/>
        <vehicle id="6" x="398.35" y="476.16" angle="0.00" type="DEFAULT_VEHTYPE" speed="12.66" pos="119.09" lane="2/3to2/2_0" slope="0.00"/>
        <vehicle id="7" x="401.65" y="605.47" angle="166.43" type="DEFAULT_VEHTYPE" speed="9.47" pos="0.72" lane="2/3to2/4_0" slope="0.00"/>
        <vehicle id="8" x="690.13" y="201.65" angle="-90.00" type="DEFAULT_VEHTYPE" speed="13.58" pos="109.87" lane="4/1to3/1_0" slope="0.00"/>
        <vehicle id="9" x="372.03" y="201.65" angle="-90.00" type="DEFAULT_VEHTYPE" speed="13.13" pos="23.22" lane="2/1to1/1_0" slope="0.00"/>
    </timestep>
    <timestep time="569.00">
        <vehicle id="10" x="398.35" y="350.51" angle="0.00" type="DEFAULT_VEHTYPE" speed="12.74" pos="44.74" lane="2/2to2/1_0" slope="0.00"/>
        <vehicle id="12" x="598.35" y="509.58" angle="0.00" type="DEFAULT_VEHTYPE" speed="12.65" pos="85.67" lane="3/3to3/2_0" slope="0.00"/>
        <vehicle id="13" x="405.71" y="401.65" angle="-90.00" type="DEFAULT_VEHTYPE" speed="4.51" pos="189.54" lane="3/2to2/2_0" slope="0.00"/>
        <vehicle id="3" x="201.65" y="226.65" angle="180.00" type="DEFAULT_VEHTYPE" speed="10.34" pos="21.90" lane="1/1to1/2_0" slope="0.00"/>
        <vehicle id="4" x="601.65" y="475.95" angle="180.00" type="DEFAULT_VEHTYPE" speed="13.74" pos="71.20" lane="3/2to3/3_0" slope="0.00"/>
        <vehicle id="5" x="669.18" y="198.35" angle="90.00" type="DEFAULT_VEHTYPE" speed="12.72" pos="64.43" lane="3/1to4/1_0" slope="0.00"/>
        <vehicle id="6" x="398.35" y="463.50" angle="0.00" type="DEFAULT_VEHTYPE" speed="12.66" pos="131.75" lane="2/3to2/2_0" slope="0.00"/>
        <vehicle id="7" x="401.65" y="616.93" angle="180.00" type="DEFAULT_VEHTYPE" speed="11.47" pos="12.18" lane="2/3to2/4_0" slope="0.00"/>
        <vehicle id="8" x="677.37" y="201.65" angle="-90.00" type="DEFAULT_VEHTYPE" speed="12.76" pos="122.63" lane="4/1to3/1_0" slope="0.00"/>
        <vehicle id="9" x="359.32" y="201.65" angle="-90.00" type="DEFAULT_VEHTYPE" speed="12.71" pos="35.93" lane="2/1to1/1_0" slope="0.00"/>
    </timestep>
    <timestep time="570.00">
        <vehicle id="10" x="398.35" y="336.70" angle="0.00" type="DEFAULT_VEHTYPE" speed="13.81" pos="58.55" lane="2/2to2/1_0" slope="0.00"/>
        <vehicle id="12" x="598.35" y="496.35" angle="0.00" type="DEFAULT_VEHTYPE" speed="13.24" pos="98.90" lane="3/3to3/2_0" slope="0.00"/>
        <vehicle id="13" x="399.88" y="399.93" angle="-69.85" type="DEFAULT_VEHTYPE" speed="6.26" pos="5.30" lane=":2/2_6_0" slope="0.00"/>
        <vehicle id="3" x="201.65" y="238.32" angle="180.00" type="DEFAULT_VEHTYPE" speed="11.67" pos="33.57" lane="1/1to1/2_0" slope="0.00"/>
        <vehicle id="4" x="601.65" y="489.18" angle="180.00" type="DEFAULT_VEHTYPE" speed="13.23" pos="84.43" lane="3/2to3/3_0" slope="0.00"/>
        <vehicle id="5" x="681.88" y="198.35" angle="90.00" type="DEFAULT_VEHTYPE" speed="12.71" pos="77.13" lane="3/1to4/1_0" slope="0.00"/>
        <vehicle id="6" x="398.35" y="450.53" angle="0.00" type="DEFAULT_VEHTYPE" speed="12.97" pos="144.72" lane="2/3to2/2_0" slope="0.00"/>
        <vehicle id="7" x="401.65" y="630.46" angle="180.00" type="DEFAULT_VEHTYPE" speed="13.53" pos="25.71" lane="2/3to2/4_0" slope="0.00"/>
        <vehicle id="8" x="664.74" y="201.65" angle="-90.00" type="DEFAULT_VEHTYPE" speed="12.63" pos="135.26" lane="4/1to3/1_0" slope="0.00"/>
        <vehicle id="9" x="345.80" y="201.65" angle="-90.00" type="DEFAULT_VEHTYPE" speed="13.51" pos="49.45" lane="2/1to1/1_0" slope="0.00"/>
    </timestep>
    <timestep time="571.00">
        <vehicle id="10" x="398.35" y="323.69" angle="0.00" type="DEFAULT_VEHTYPE" speed="13.01" pos="71.56" lane="2/2to2/1_0" slope="0.00"/>
        <vehicle id="12" x="598.35" y="482.94" angle="0.00" type="DEFAULT_VEHTYPE" speed="13.41" pos="112.31" lane="3/3to3/2_0" slope="0.00"/>
        <vehicle id="13" x="398.35" y="391.61" angle="-2.20" type="DEFAULT_VEHTYPE" speed="8.66" pos="3.64" lane="2/2to2/1_0" slope="0.00"/>
        <vehicle id="3" x="201.65" y="251.73" angle="180.00" type="DEFAULT_VEHTYPE" speed="13.41" pos="46.98" lane="1/1to1/2_0" slope="0.00"/>
        <vehicle id="4" x="601.65" y="502.82" angle="180.00" type="DEFAULT_VEHTYPE" speed="13.64" pos="98.07" lane="3/2to3/3_0" slope="0.00"/>
        <vehicle id="5" x="695.72" y="198.35" angle="90.00" type="DEFAULT_VEHTYPE" speed="13.84" pos="90.97" lane="3/1to4/1_0" slope="0.00"/>
        <vehicle id="6" x="398.35" y="436.97" angle="0.00" type="DEFAULT_VEHTYPE" speed="13.57" pos="158.28" lane="2/3to2/2_0" slope="0.00"/>
        <vehicle id="7" x="401.65" y="643.49" angle="180.00" type="DEFAULT_VEHTYPE" speed="13.02" pos="38.74" lane="2/3to2/4_0" slope="0.00"/>
        <vehicle id="8" x="651.37" y="201.65" angle="-90.00" type="DEFAULT_VEHTYPE" speed="13.37" pos="148.63" lane="4/1to3/1_0" slope="0.00"/>
        <vehicle id="9" x="333.20" y="201.65" angle="-90.00" type="DEFAULT_VEHTYPE" speed="12.61" pos="62.05" lane="2/1to1/1_0" slope="0.00"/>
    </timestep>
    <timestep time="572.00">
        <vehicle id="10" x="398.35" y="309.97" angle="0.00" type="DEFAULT_VEHTYPE" speed="13.72" pos="85.28" lane="2/2to2/1_0" slope="0.00"/>
        <vehicle id="12" x="598.35" y="470.10" angle="0.00" type="DEFAULT_VEHTYPE" speed="12.84" pos="125.15" lane="3/3to3/2_0" slope="0.00"/>
        <vehicle id="13" x="398.35" y="380.36" angle="0.00" type="DEFAULT_VEHTYPE" speed="11.25" pos="14.89" lane="2/2to2/1_0" slope="0.00"/>
        <vehicle id="3" x="201.65" y="264.34" angle="180.00" type="DEFAULT_VEHTYPE" speed="12.61" pos="59.59" lane="1/1to1/2_0" slope="0.00"/>
        <vehicle id="4" x="601.65" y="515.93" angle="180.00" type="DEFAULT_VEHTYPE" speed="13.11" pos="111.18" lane="3/2to3/3_0" slope="0.00"/>
        <vehicle id="5" x="708.75" y="198.35" angle="90.00" type="DEFAULT_VEHTYPE" speed="13.03" pos="104.00" lane="3/1to4/1_0" slope="0.00"/>
        <vehicle id="6" x="398.35" y="423.95" angle="0.00" type="DEFAULT_VEHTYPE" speed="13.02" pos="171.30" lane="2/3to2/2_0" slope="0.00"/>
        <vehicle id="7" x="401.65" y="656.44" angle="180.00" type="DEFAULT_VEHTYPE" speed="12.95" pos="51.69" lane="2/3to2/4_0" slope="0.00"/>
        <vehicle id="8" x="637.74" y="201.65" angle="-90.00" type="DEFAULT_VEHTYPE" speed="13.63" pos="162.26" lane="4/1to3/1_0" slope="0.00"/>
        <vehicle id="9" x="319.91" y="201.65" angle="-90.00" type="DEFAULT_VEHTYPE" speed="13.28" pos="75.34" lane="2/1to1/1_0" slope="0.00"/>
    </timestep>
    <timestep time="573.00">
        <vehicle id="10" x="398.35" y="296.18" angle="0.00" type="DEFAULT_VEHTYPE" speed="13.79" pos="99.07" lane="2/2to2/1_0" slope="0.00"/>
        <vehicle id="12" x="598.35" y="456.78" angle="0.00" type="DEFAULT_VEHTYPE" speed="13.32" pos="138.47" lane="3/3to3/2_0" slope="0.00"/>
        <vehicle id="13" x="398.35" y="367.64" angle="0.00" type="DEFAULT_VEHTYPE" speed="12.72" pos="27.61" lane="2/2to2/1_0" slope="0.00"/>
        <vehicle id="3" x="201.65" y="277.22" angle="180.00" type="DEFAULT_VEHTYPE" speed="12.88" pos="72.47" lane="1/1to1/2_0" slope="0.00"/>
        <vehicle id="4" x="601.65" y="528.71" angle="180.00" type="DEFAULT_VEHTYPE" speed="12.78" pos="123.96" lane="3/2to3/3_0" slope="0.00"/>
        <vehicle id="5" x="721.95" y="198.35" angle="90.00" type="DEFAULT_VEHTYPE" speed="13.20" pos="117.20" lane="3/1to4/1_0" slope="0.00"/>
        <vehicle id="6" x="398.35" y="410.61" angle="0.00" type="DEFAULT_VEHTYPE" speed="13.34" pos="184.64" lane="2/3to2/2_0" slope="0.00"/>
        <vehicle id="7" x="401.65" y="669.65" angle="180.00" type="DEFAULT_VEHTYPE" speed="13.21" pos="64.90" lane="2/3to2/4_0" slope="0.00"/>
        <vehicle id="8" x="625.89" y="201.65" angle="-90.00" type="DEFAULT_VEHTYPE" speed="11.85" pos="174.11" lane="4/1to3/1_0" slope="0.00"/>
        <vehicle id="9" x="306.63" y="201.65" angle="-90.00" type="DEFAULT_VEHTYPE" speed="13.29" pos="88.62" lane="2/1to1/1_0" slope="0.00"/>
    </timestep>
    <timestep time="574.00">
        <vehicle id="10" x="398.35" y="283.58" angle="0.00" type="DEFAULT_VEHTYPE" speed="12.60" pos="111.67" lane="2/2to2/1_0" slope="0.00"/>
        <vehicle id="12" x="598.35" y="443.11" angle="0.00" type="DEFAULT_VEHTYPE" speed="13.67" pos="152.14" lane="3/3to3/2_0" slope="0.00"/>
        <vehicle id="13" x="398.35" y="354.90" angle="0.00" type="DEFAULT_VEHTYPE" speed="12.74" pos="40.35" lane="2/2to2/1_0" slope="0.00"/>
        <vehicle id="3" x="201.65" y="290.42" angle="180.00" type="DEFAULT_VEHTYPE" speed="13.19" pos="85.67" lane="1/1to1/2_0" slope="0.00"/>
        <vehicle id="4" x="601.65" y="541.68" angle="180.00" type="DEFAULT_VEHTYPE" speed="12.97" pos="136.93" lane="3/2to3/3_0" slope="0.00"/>
        <vehicle id="5" x="735.15" y="198.35" angle="90.00" type="DEFAULT_VEHTYPE" speed="13.20" pos="130.40" lane="3/1to4/1_0" slope="0.00"/>
        <vehicle id="6" x="392.93" y="401.65" angle="-78.93" type="DEFAULT_VEHTYPE" speed="13.18" pos="2.32" lane="2/2to1/2_0" slope="0.00"/>
        <vehicle id="7" x="401.65" y="683.24" angle="180.00" type="DEFAULT_VEHTYPE" speed="13.59" pos="78.49" lane="2/3to2/4_0" slope="0.00"/>
        <vehicle id="8" x="617.64" y="201.65" angle="-90.00" type="DEFAULT_VEHTYPE" speed="8.25" pos="182.36" lane="4/1to3/1_0" slope="0.00"/>
        <vehicle id="9" x="293.92" y="201.65" angle="-90.00" type="DEFAULT_VEHTYPE" speed="12.70" pos="101.33" lane="2/1to1/1_0" slope="0.00"/>
    </timestep>
    <timestep time="575.00">
        <vehicle id="10" x="398.35" y="270.93" angle="0.00" type="DEFAULT_VEHTYPE" speed="12.65" pos="124.32" lane="2/2to2/1_0" slope="0.00"/>
        <vehicle id="12" x="598.35" y="430.46" angle="0.00" type="DEFAULT_VEHTYPE" speed="12.65" pos="164.79" lane="3/3to3/2_0" slope="0.00"/>
        <vehicle id="13" x="398.35" y="341.31" angle="0.00" type="DEFAULT_VEHTYPE" speed="13.59" pos="53.94" lane="2/2to2/1_0" slope="0.00"/>
        <vehicle id="3" x="201.65" y="303.71" angle="180.00" type="DEFAULT_VEHTYPE" speed="13.29" pos="98.96" lane="1/1to1/2_0" slope="0.00"/>
        <vehicle id="4" x="601.65" y="555.05" angle="180.00" type="DEFAULT_VEHTYPE" speed="13.37" pos="150.30" lane="3/2to3/3_0" slope="0.00"/>
        <vehicle id="5" x="748.89" y="198.35" angle="90.00" type="DEFAULT_VEHTYPE" speed="13.74" pos="144.14" lane="3/1to4/1_0" slope="0.00"/>
        <vehicle id="6" x="380.01" y="401.65" angle="-90.00" type="DEFAULT_VEHTYPE" speed="12.92" pos="15.24" lane="2/2to1/2_0" slope="0.00"/>
        <vehicle id="7" x="401.65" y="696.56" angle="180.00" type="DEFAULT_VEHTYPE" speed="13.32" pos="91.81" lane="2/3to2/4_0" slope="0.00"/>
        <vehicle id="8" x="611.79" y="201.65" angle="-90.00" type="DEFAULT_VEHTYPE" speed="5.84" pos="188.21" lane="4/1to3/1_0" slope="0.00"/>
        <vehicle id="9" x="280.69" y="201.65" angle="-90.00" type="DEFAULT_VEHTYPE" speed="13.24" pos="114.56" lane="2/1to1/1_0" slope="0.00"/>
    </timestep>
    <timestep time="576.00">
        <vehicle id="10" x="398.35" y="257.43" angle="0.00" type="DEFAULT_VEHTYPE" speed="13.50" pos="137.82" lane="2/2to2/1_0" slope="0.00"/>
        <vehicle id="12" x="598.35" y="417.25" angle="0.00" type="DEFAULT_VEHTYPE" speed="13.21" pos="178.00" lane="3/3to3/2_0" slope="0.00"/>
        <vehicle id="13" x="398.35" y="328.69" angle="0.00" type="DEFAULT_VEHTYPE" speed="12.62" pos="66.56" lane="2/2to2/1_0" slope="0.00"/>
        <vehicle id="3" x="201.65" y="317.39" angle="180.00" type="DEFAULT_VEHTYPE" speed="13.68" pos="112.64" lane="1/1to1/2_0" slope="0.00"/>
        <vehicle id="4" x="601.65" y="568.47" angle="180.00" type="DEFAULT_VEHTYPE" speed="13.41" pos="163.72" lane="3/2to3/3_0" slope="0.00"/>
        <vehicle id="5" x="761.80" y="198.35" angle="90.00" type="DEFAULT_VEHTYPE" speed="12.91" pos="157.05" lane="3/1to4/1_0" slope="0.00"/>
        <vehicle id="6" x="367.31" y="401.65" angle="-90.00" type="DEFAULT_VEHTYPE" speed="12.70" pos="27.94" lane="2/2to1/2_0" slope="0.00"/>
        <vehicle id="7" x="401.65" y="709.70" angle="180.00" type="DEFAULT_VEHTYPE" speed="13.13" pos="104.95" lane="2/3to2/4_0" slope="0.00"/>
        <vehicle id="8" x="609.25" y="201.65" angle="-90.00" type="DEFAULT_VEHTYPE" speed="2.55" pos="190.75" lane="4/1to3/1_0" slope="0.00"/>
        <vehicle id="9" x="266.95" y="201.65" angle="-90.00" type="DEFAULT_VEHTYPE" speed="13.74" pos="128.30" lane="2/1to1/1_0" slope="0.00"/>
    </timestep>
    <timestep time="577.00">
        <vehicle id="10" x="398.35" y="244.67" angle="0.00" type="DEFAULT_VEHTYPE" speed="12.76" pos="150.58" lane="2/2to2/1_0" slope="0.00"/>
        <vehicle id="12" x="598.23" y="403.91" angle="-1.34" type="DEFAULT_VEHTYPE" speed="13.34" pos="0.84" lane=":3/2_0_0" slope="0.00"/>
        <vehicle id="13" x="398.35" y="315.19" angle="0.00" type="DEFAULT_VEHTYPE" speed="13.50" pos="80.06" lane="2/2to2/1_0" slope="0.00"/>
        <vehicle id="3" x="201.65" y="331.26" angle="180.00" type="DEFAULT_VEHTYPE" speed="13.86" pos="126.51" lane="1/1to1/2_0" slope="0.00"/>
        <vehicle id="4" x="601.65" y="581.35" angle="180.00" type="DEFAULT_VEHTYPE" speed="12.89" pos="176.60" lane="3/2to3/3_0" slope="0.00"/>
        <vehicle id="5" x="774.73" y="198.35" angle="90.00" type="DEFAULT_VEHTYPE" speed="12.93" pos="169.98" lane="3/1to4/1_0" slope="0.00"/>
        <vehicle id="6" x="354.63" y="401.65" angle="-90.00" type="DEFAULT_VEHTYPE" speed="12.68" pos="40.62" lane="2/2to1/2_0" slope="0.00"/>
        <vehicle id="7" x="401.65" y="723.41" angle="180.00" type="DEFAULT_VEHTYPE" speed="13.71" pos="118.66" lane="2/3to2/4_0" slope="0.00"/>
        <vehicle id="8" x="604.21" y="201.73" angle="-90.86" type="DEFAULT_VEHTYPE" speed="5.04" pos="0.54" lane=":3/1_4_0" slope="0.00"/>
        <vehicle id="9" x="253.25" y="201.65" angle="-90.00" type="DEFAULT_VEHTYPE" speed="13.70" pos="142.00" lane="2/1to1/1_0" slope="0.00"/>
    </timestep>
    <timestep time="578.00">
        <vehicle id="10" x="398.35" y="231.10" angle="0.00" type="DEFAULT_VEHTYPE" speed="13.57" pos="164.15" lane="2/2to2/1_0" slope="0.00"/>
        <vehicle id="12" x="586.17" y="401.65" angle="-90.00" type="DEFAULT_VEHTYPE" speed="13.23" pos="9.08" lane="3/2to2/2_0" slope="0.00"/>
        <vehicle id="13" x="398.35" y="302.23" angle="0.00" type="DEFAULT_VEHTYPE" speed="12.95" pos="93.02" lane="2/2to2/1_0" slope="0.00"/>
        <vehicle id="3" x="201.65" y="344.01" angle="180.00" type="DEFAULT_VEHTYPE" speed="12.75" pos="139.26" lane="1/1to1/2_0" slope="0.00"/>
        <vehicle id="4" x="601.65" y="594.78" angle="180.00" type="DEFAULT_VEHTYPE" speed="13.43" pos="190.03" lane="3/2to3/3_0" slope="0.00"/>
        <vehicle id="5" x="788.04" y="198.35" angle="90.00" type="DEFAULT_VEHTYPE" speed="13.31" pos="183.29" lane="3/1to4/1_0" slope="0.00"/>
        <vehicle id="6" x="341.60" y="401.65" angle="-90.00" type="DEFAULT_VEHTYPE" speed="13.03" pos="53.65" lane="2/2to1/2_0" slope="0.00"/>
        <vehicle id="7" x="401.65" y="736.13" angle="180.00" type="DEFAULT_VEHTYPE" speed="12.73" pos="131.38" lane="2/3to2/4_0" slope="0.00"/>
        <vehicle id="8" x="601.65" y="207.66" angle="-173.43" type="DEFAULT_VEHTYPE" speed="7.36" pos="2.91" lane="3/1to3/2_0" slope="0.00"/>
        <vehicle id="9" x="240.51" y="201.65" angle="-90.00" type="DEFAULT_VEHTYPE" speed="12.75" pos="154.74" lane="2/1to1/1_0" slope="0.00"/>
    </timestep>
    <timestep time="579.00">
        <vehicle id="10" x="398.35" y="217.97" angle="0.00" type="DEFAULT_VEHTYPE" speed="13.13" pos="177.28" lane="2/2to2/1_0" slope="0.00"/>
        <vehicle id="12" x="572.79" y="401.65" angle="-90.00" type="DEFAULT_VEHTYPE" speed="13.38" pos="22.46" lane="3/2to2/2_0" slope="0.00"/>
        <vehicle id="13" x="398.35" y="289.50" angle="0.00" type="DEFAULT_VEHTYPE" speed="12.74" pos="105.75" lane="2/2to2/1_0" slope="0.00"/>
        <vehicle id="3" x="201.65" y="357.25" angle="180.00" type="DEFAULT_VEHTYPE" speed="13.24" pos="152.50" lane="1/1to1/2_0" slope="0.00"/>
        <vehicle id="4" x="612.12" y="598.35" angle="90.00" type="DEFAULT_VEHTYPE" speed="12.84" pos="7.37" lane="3/3to4/3_0" slope="0.00"/>
        <vehicle id="5" x="801.31" y="199.32" angle="101.75" type="DEFAULT_VEHTYPE" speed="13.61" pos="1.65" lane=":4/1_0_0" slope="0.00"/>
        <vehicle id="6" x="327.93" y="401.65" angle="-90.00" type="DEFAULT_VEHTYPE" speed="13.67" pos="67.32" lane="2/2to1/2_0" slope="0.00"/>
        <vehicle id="7" x="401.65" y="749.22" angle="180.00" type="DEFAULT_VEHTYPE" speed="13.09" pos="144.47" lane="2/3to2/4_0" slope="0.00"/>
        <vehicle id="8" x="601.65" y="216.75" angle="180.00" type="DEFAULT_VEHTYPE" speed="9.09" pos="12.00" lane="3/1to3/2_0" slope="0.00"/>
        <vehicle id="9" x="227.71" y="201.65" angle="-90.00" type="DEFAULT_VEHTYPE" speed="12.79" pos="167.54" lane="2/1to1/1_0" slope="0.00"/>
    </timestep>
    <timestep time="580.00">
        <vehicle id="10" x="398.35" y="205.16" angle="0.00" type="DEFAULT_VEHTYPE" speed="12.81" pos="190.09" lane="2/2to2/1_0" slope="0.00"/>
        <vehicle id="12" x="559.75" y="401.65" angle="-90.00" type="DEFAULT_VEHTYPE" speed="13.04" pos="35.50" lane="3/2to2/2_0" slope="0.00"/>
        <vehicle id="13" x="398.35" y="276.55" angle="0.00" type="DEFAULT_VEHTYPE" speed="12.94" pos="118.70" lane="2/2to2/1_0" slope="0.00"/>
        <vehicle id="3" x="201.65" y="370.68" angle="180.00" type="DEFAULT_VEHTYPE" speed="13.43" pos="165.93" lane="1/1to1/2_0" slope="0.00"/>
        <vehicle id="4" x="625.92" y="598.35" angle="90.00" type="DEFAULT_VEHTYPE" speed="13.79" pos="21.17" lane="3/3to4/3_0" slope="0.00"/>
        <vehicle id="5" x="789.99" y="201.65" angle="-90.00" type="DEFAULT_VEHTYPE" speed="13.18" pos="10.01" lane="4/1to3/1_0" slope="0.00"/>
        <vehicle id="6" x="315.11" y="401.65" angle="-90.00" type="DEFAULT_VEHTYPE" speed="12.82" pos="80.14" lane="2/2to1/2_0" slope="0.00"/>
        <vehicle id="7" x="401.65" y="762.61" angle="180.00" type="DEFAULT_VEHTYPE" speed="13.39" pos="157.86" lane="2/3to2/4_0" slope="0.00"/>
        <vehicle id="8" x="601.65" y="227.69" angle="180.00" type="DEFAULT_VEHTYPE" speed="10.94" pos="22.94" lane="3/1to3/2_0" slope="0.00"/>
        <vehicle id="9" x="219.19" y="201.65" angle="-90.00" type="DEFAULT_VEHTYPE" speed="8.53" pos="176.06" lane="2/1to1/1_0" slope="0.00"/>
    </timestep>
    <timestep time="581.00">
        <vehicle id="10" x="398.35" y="192.53" angle="0.00" type="DEFAULT_VEHTYPE" speed="12.63" pos="2.72" lane="2/1to2/0_0" slope="0.00"/>
        <vehicle id="12" x="545.93" y="401.65" angle="-90.00" type="DEFAULT_VEHTYPE" speed="13.83" pos="49.32" lane="3/2to2/2_0" slope="0.00"/>
        <vehicle id="13" x="398.35" y="263.18" angle="0.00" type="DEFAULT_VEHTYPE" speed="13.38" pos="132.07" lane="2/2to2/1_0" slope="0.00"/>
        <vehicle id="3" x="201.65" y="384.10" angle="180.00" type="DEFAULT_VEHTYPE" speed="13.42" pos="179.35" lane="1/1to1/2_0" slope="0.00"/>
        <vehicle id="4" x="638.58" y="598.35" angle="90.00" type="DEFAULT_VEHTYPE" speed="12.66" pos="33.83" lane="3/3to4/3_0" slope="0.00"/>
        <vehicle id="5" x="777.00" y="201.65" angle="-90.00" type="DEFAULT_VEHTYPE" speed="12.99" pos="23.00" lane="4/1to3/1_0" slope="0.00"/>
        <vehicle id="6" x="302.43" y="401.65" angle="-90.00" type="DEFAULT_VEHTYPE" speed="12.68" pos="92.82" lane="2/2to1/2_0" slope="0.00"/>
        <vehicle id="7" x="401.65" y="776.42" angle="180.00" type="DEFAULT_VEHTYPE" speed="13.81" pos="171.67" lane="2/3to2/4_0" slope="0.00"/>
        <vehicle id="8" x="601.65" y="241.06" angle="180.00" type="DEFAULT_VEHTYPE" speed="13.37" pos="36.31" lane="3/1to3/2_0" slope="0.00"/>
        <vehicle id="9" x="213.63" y="201.65" angle="-90.00" type="DEFAULT_VEHTYPE" speed="5.56" pos="181.62" lane="2/1to1/1_0" slope="0.00"/>
    </timestep>
    <timestep time="582.00">
        <vehicle id="10" x="398.35" y="179.31" angle="0.00" type="DEFAULT_VEHTYPE" speed="13.23" pos="15.94" lane="2/1to2/0_0" slope="0.00"/>
        <vehicle id="12" x="532.74" y="401.65" angle="-90.00" type="DEFAULT_VEHTYPE" speed="13.19" pos="62.51" lane="3/2to2/2_0" slope="0.00"/>
        <vehicle id="13" x="398.35" y="249.72" angle="0.00" type="DEFAULT_VEHTYPE" speed="13.45" pos="145.53" lane="2/2to2/1_0" slope="0.00"/>
        <vehicle id="3" x="201.65" y="397.04" angle="180.00" type="DEFAULT_VEHTYPE" speed="12.94" pos="1.79" lane=":1/2_9_0" slope="0.00"/>
        <vehicle id="4" x="652.36" y="598.35" angle="90.00" type="DEFAULT_VEHTYPE" speed="13.78" pos="47.61" lane="3/3to4/3_0" slope="0.00"/>
        <vehicle id="5" x="763.23" y="201.65" angle="-90.00" type="DEFAULT_VEHTYPE" speed="13.77" pos="36.77" lane="4/1to3/1_0" slope="0.00"/>
        <vehicle id="6" x="288.81" y="401.65" angle="-90.00" type="DEFAULT_VEHTYPE" speed="13.62" pos="106.44" lane="2/2to1/2_0" slope="0.00"/>
        <vehicle id="7" x="401.65" y="789.28" angle="180.00" type="DEFAULT_VEHTYPE" speed="12.86" pos="184.53" lane="2/3to2/4_0" slope="0.00"/>
        <vehicle id="8" x="601.65" y="254.72" angle="180.00" type="DEFAULT_VEHTYPE" speed="13.66" pos="49.97" lane="3/1to3/2_0" slope="0.00"/>
        <vehicle id="9" x="210.20" y="201.65" angle="-90.00" type="DEFAULT_VEHTYPE" speed="3.43" pos="185.05" lane="2/1to1/1_0" slope="0.00"/>
    </timestep>
    <timestep time="583.00">
        <vehicle id="10" x="398.35" y="166.44" angle="0.00" type="DEFAULT_VEHTYPE" speed="12.87" pos="28.81" lane="2/1to2/0_0" slope="0.00"/>
        <vehicle id="12" x="519.86" y="401.65" angle="-90.00" type="DEFAULT_VEHTYPE" speed="12.88" pos="75.39" lane="3/2to2/2_0" slope="0.00"/>
        <vehicle id="13" x="398.35" y="236.60" angle="0.00" type="DEFAULT_VEHTYPE" speed="13.13" pos="158.65" lane="2/2to2/1_0" slope="0.00"/>
        <vehicle id="3" x="201.65" y="410.54" angle="180.00" type="DEFAULT_VEHTYPE" speed="13.50" pos="5.79" lane="1/2to1/3_0" slope="0.00"/>
        <vehicle id="4" x="665.83" y="598.35" angle="90.00" type="DEFAULT_VEHTYPE" speed="13.47" pos="61.08" lane="3/3to4/3_0" slope="0.00"/>
        <vehicle id="5" x="750.01" y="201.65" angle="-90.00" type="DEFAULT_VEHTYPE" speed="13.22" pos="49.99" lane="4/1to3/1_0" slope="0.00"/>
        <vehicle id="6" x="275.70" y="401.65" angle="-90.00" type="DEFAULT_VEHTYPE" speed="13.11" pos="119.55" lane="2/2to1/2_0" slope="0.00"/>
        <vehicle id="7" x="399.40" y="801.35" angle="-145.53" type="DEFAULT_VEHTYPE" speed="13.80" pos="3.08" lane=":2/4_0_0" slope="0.00"/>
        <vehicle id="8" x="601.65" y="267.38" angle="180.00" type="DEFAULT_VEHTYPE" speed="12.65" pos="62.63" lane="3/1to3/2_0" slope="0.00"/>
        <vehicle id="9" x="204.94" y="201.65" angle="-90.00" type="DEFAULT_VEHTYPE" speed="5.26" pos="190.31" lane="2/1to1/1_0" slope="0.00"/>
    </timestep>
    <timestep time="584.00">
        <vehicle id="10" x="398.35" y="153.16" angle="0.00" type="DEFAULT_VEHTYPE" speed="13.28" pos="42.09" lane="2/1to2/0_0" slope="0.00"/>
        <vehicle id="12" x="506.87" y="401.65" angle="-90.00" type="DEFAULT_VEHTYPE" speed="12.99" pos="88.38" lane="3/2to2/2_0" slope="0.00"/>
        <vehicle id="13" x="398.35" y="223.88" angle="0.00" type="DEFAULT_VEHTYPE" speed="12.72" pos="171.37" lane="2/2to2/1_0" slope="0.00"/>
        <vehicle id="3" x="201.65" y="423.69" angle="180.00" type="DEFAULT_VEHTYPE" speed="13.14" pos="18.94" lane="1/2to1/3_0" slope="0.00"/>
        <vehicle id="4" x="679.11" y="598.35" angle="90.00" type="DEFAULT_VEHTYPE" speed="13.29" pos="74.36" lane="3/3to4/3_0" slope="0.00"/>
        <vehicle id="5" x="736.14" y="201.65" angle="-90.00" type="DEFAULT_VEHTYPE" speed="13.87" pos="63.86" lane="4/1to3/1_0" slope="0.00"/>
        <vehicle id="6" x="262.78" y="401.65" angle="-90.00" type="DEFAULT_VEHTYPE" speed="12.91" pos="132.47" lane="2/2to1/2_0" slope="0.00"/>
        <vehicle id="7" x="398.35" y="788.86" angle="0.00" type="DEFAULT_VEHTYPE" speed="12.88" pos="11.14" lane="2/4to2/3_0" slope="0.00"/>
        <vehicle id="8" x="601.65" y="280.55" angle="180.00" type="DEFAULT_VEHTYPE" speed="13.18" pos="75.80" lane="3/1to3/2_0" slope="0.00"/>
        <vehicle id="9" x="201.65" y="207.07" angle="-168.87" type="DEFAULT_VEHTYPE" speed="7.51" pos="2.32" lane="1/1to1/2_0" slope="0.00"/>
    </timestep>
    <timestep time="585.00">
        <vehicle id="10" x="398.35" y="139.66" angle="0.00" type="DEFAULT_VEHTYPE" speed="13.50" pos="55.59" lane="2/1to2/0_0" slope="0.00"/>
        <vehicle id="12" x="494.19" y="401.65" angle="-90.00" type="DEFAULT_VEHTYPE" speed="12.68" pos="101.06" lane="3/2to2/2_0" slope="0.00"/>
        <vehicle id="13" x="398.35" y="211.12" angle="0.00" type="DEFAULT_VEHTYPE" speed="12.76" pos="184.13" lane="2/2to2/1_0" slope="0.00"/>
        <vehicle id="3" x="201.65" y="436.56" angle="180.00" type="DEFAULT_VEHTYPE" speed="12.88" pos="31.81" lane="1/2to1/3_0" slope="0.00"/>
        <vehicle id="4" x="692.97" y="598.35" angle="90.00" type="DEFAULT_VEHTYPE" speed="13.86" pos="88.22" lane="3/3to4/3_0" slope="0.00"/>
        <vehicle id="5" x="723.21" y="201.65" angle="-90.00" type="DEFAULT_VEHTYPE" speed="12.93" pos="76.79" lane="4/1to3/1_0" slope="0.00"/>
        <vehicle id="6" x="249.84" y="401.65" angle="-90.00" type="DEFAULT_VEHTYPE" speed="12.95" pos="145.41" lane="2/2to1/2_0" slope="0.00"/>
        <vehicle id="7" x="398.35" y="775.79" angle="0.00" type="DEFAULT_VEHTYPE" speed="13.07" pos="24.21" lane="2/4to2/3_0" slope="0.00"/>
        <vehicle id="8" x="601.65" y="293.76" angle="180.00" type="DEFAULT_VEHTYPE" speed="13.21" pos="89.01" lane="3/1to3/2_0" slope="0.00"/>
        <vehicle id="9" x="201.65" y="217.10" angle="180.00" type="DEFAULT_VEHTYPE" speed="10.03" pos="12.35" lane="1/1to1/2_0" slope="0.00"/>
    </timestep>
    <timestep time="586.00">
        <vehicle id="10" x="398.35" y="126.17" angle="0.00" type="DEFAULT_VEHTYPE" speed="13.48" pos="69.08" lane="2/1to2/0_0" slope="0.00"/>
        <vehicle id="12" x="480.48" y="401.65" angle="-90.00" type="DEFAULT_VEHTYPE" speed="13.71" pos="114.77" lane="3/2to2/2_0" slope="0.00"/>
        <vehicle id="13" x="398.35" y="197.54" angle="0.00" type="DEFAULT_VEHTYPE" speed="13.58" pos="7.21" lane=":2/1_1_0" slope="0.00"/>
        <vehicle id="3" x="201.65" y="450.46" angle="180.00" type="DEFAULT_VEHTYPE" speed="13.90" pos="45.71" lane="1/2to1/3_0" slope="0.00"/>
        <vehicle id="4" x="706.19" y="598.35" angle="90.00" type="DEFAULT_VEHTYPE" speed="13.22" pos="101.44" lane="3/3to4/3_0" slope="0.00"/>
        <vehicle id="5" x="709.66" y="201.65" angle="-90.00" type="DEFAULT_VEHTYPE" speed="13.55" pos="90.34" lane="4/1to3/1_0" slope="0.00"/>
        <vehicle id="6" x="236.14" y="401.65" angle="-90.00" type="DEFAULT_VEHTYPE" speed="13.69" pos="159.11" lane="2/2to1/2_0" slope="0.00"/>
        <vehicle id="7" x="398.35" y="762.28" angle="0.00" type="DEFAULT_VEHTYPE" speed="13.51" pos="37.72" lane="2/4to2/3_0" slope="0.00"/>
        <vehicle id="8" x="601.65" y="306.73" angle="180.00" type="DEFAULT_VEHTYPE" speed="12.97" pos="101.98" lane="3/1to3/2_0" slope="0.00"/>
        <vehicle id="9" x="201.65" y="229.69" angle="180.00" type="DEFAULT_VEHTYPE" speed="12.59" pos="24.94" lane="1/1to1/2_0" slope="0.00"/>
    </timestep>
    <timestep time="587.00">
        <vehicle id="10" x="398.35" y="112.45" angle="0.00" type="DEFAULT_VEHTYPE" speed="13.73" pos="82.80" lane="2/1to2/0_0" slope="0.00"/>
        <vehicle id="12" x="467.44" y="401.65" angle="-90.00" type="DEFAULT_VEHTYPE" speed="13.04" pos="127.81" lane="3/2to2/2_0" slope="0.00"/>
        <vehicle id="13" x="398.35" y="184.69" angle="0.00" type="DEFAULT_VEHTYPE" speed="12.85" pos="10.56" lane="2/1to2/0_0" slope="0.00"/>
        <vehicle id="3" x="201.65" y="464.02" angle="180.00" type="DEFAULT_VEHTYPE" speed="13.56" pos="59.27" lane="1/2to1/3_0" slope="0.00"/>
        <vehicle id="4" x="718.99" y="598.35" angle="90.00" type="DEFAULT_VEHTYPE" speed="12.80" pos="114.24" lane="3/3to4/3_0" slope="0.00"/>
        <vehicle id="5" x="696.71" y="201.65" angle="-90.00" type="DEFAULT_VEHTYPE" speed="12.95" pos="103.29" lane="4/1to3/1_0" slope="0.00"/>
        <vehicle id="6" x="224.10" y="401.65" angle="-90.00" type="DEFAULT_VEHTYPE" speed="12.05" pos="171.15" lane="2/2to1/2_0" slope="0.00"/>
        <vehicle id="7" x="398.35" y="749.18" angle="0.00" type="DEFAULT_VEHTYPE" speed="13.10" pos="50.82" lane="2/4to2/3_0" slope="0.00"/>
        <vehicle id="8" x="601.65" y="320.05" angle="180.00" type="DEFAULT_VEHTYPE" speed="13.32" pos="115.30" lane="3/1to3/2_0" slope="0.00"/>
        <vehicle id="9" x="201.65" y="242.48" angle="180.00" type="DEFAULT_VEHTYPE" speed="12.79" pos="37.73" lane="1/1to1/2_0" slope="0.00"/>
    </timestep>
    <timestep time="588.00">
        <vehicle id="10" x="398.35" y="99.62" angle="0.00" type="DEFAULT_VEHTYPE" speed="12.82" pos="95.63" lane="2/1to2/0_0" slope="0.00"/>
        <vehicle id="12" x="454.52" y="401.65" angle="-90.00" type="DEFAULT_VEHTYPE" speed="12.92" pos="140.73" lane="3/2to2/2_0" slope="0.00"/>
        <vehicle id="13" x="398.35" y="171.42" angle="0.00" type="DEFAULT_VEHTYPE" speed="13.28" pos="23.83" lane="2/1to2/0_0" slope="0.00"/>
        <vehicle id="3" x="201.65" y="477.68" angle="180.00" type="DEFAULT_VEHTYPE" speed="13.66" pos="72.93" lane="1/2to1/3_0" slope="0.00"/>
        <vehicle id="4" x="732.58" y="598.35" angle="90.00" type="DEFAULT_VEHTYPE" speed="13.58" pos="127.83" lane="3/3to4/3_0" slope="0.00"/>
        <vehicle id="5" x="683.86" y="201.65" angle="-90.00" type="DEFAULT_VEHTYPE" speed="12.85" pos="116.14" lane="4/1to3/1_0" slope="0.00"/>
        <vehicle id="6" x="215.67" y="401.65" angle="-90.00" type="DEFAULT_VEHTYPE" speed="8.43" pos="179.58" lane="2/2to1/2_0" slope="0.00"/>
        <vehicle id="7" x="398.35" y="736.04" angle="0.00" type="DEFAULT_VEHTYPE" speed="13.14" pos="63.96" lane="2/4to2/3_0" slope="0.00"/>
        <vehicle id="8" x="601.65" y="333.28" angle="180.00" type="DEFAULT_VEHTYPE" speed="13.23" pos="128.53" lane="3/1to3/2_0" slope="0.00"/>
        <vehicle id="9" x="201.65" y="255.74" angle="180.00" type="DEFAULT_VEHTYPE" speed="13.26" pos="50.99" lane="1/1to1/2_0" slope="0.00"/>
    </timestep>
    <timestep time="589.00">
        <vehicle id="10" x="398.35" y="86.13" angle="0.00" type="DEFAULT_VEHTYPE" speed="13.50" pos="109.12" lane="2/1to2/0_0" slope="0.00"/>
        <vehicle id="12" x="441.05" y="401.65" angle="-90.00" type="DEFAULT_VEHTYPE" speed="13.47" pos="154.20" lane="3/2to2/2_0" slope="0.00"/>
        <vehicle id="13" x="398.35" y="158.57" angle="0.00" type="DEFAULT_VEHTYPE" speed="12.85" pos="36.68" lane="2/1to2/0_0" slope="0.00"/>
        <vehicle id="3" x="201.65" y="490.39" angle="180.00" type="DEFAULT_VEHTYPE" speed="12.71" pos="85.64" lane="1/2to1/3_0" slope="0.00"/>
        <vehicle id="4" x="745.86" y="598.35" angle="90.00" type="DEFAULT_VEHTYPE" speed="13.28" pos="141.11" lane="3/3to4/3_0" slope="0.00"/>
        <vehicle id="5" x="670.48" y="201.65" angle="-90.00" type="DEFAULT_VEHTYPE" speed="13.38" pos="129.52" lane="4/1to3/1_0" slope="0.00"/>
        <vehicle id="6" x="211.34" y="401.65" angle="-90.00" type="DEFAULT_VEHTYPE" speed="4.33" pos="183.91" lane="2/2to1/2_0" slope="0.00"/>
        <vehicle id="7" x="398.35" y="723.22" angle="0.00" type="DEFAULT_VEHTYPE" speed="12.82" pos="76.78" lane="2/4to2/3_0" slope="0.00"/>
        <vehicle id="8" x="601.65" y="346.68" angle="180.00" type="DEFAULT_VEHTYPE" speed="13.40" pos="141.93" lane="3/1to3/2_0" slope="0.00"/>
        <vehicle id="9" x="201.65" y="268.40" angle="180.00" type="DEFAULT_VEHTYPE" speed="12.66" pos="63.65" lane="1/1to1/2_0" slope="0.00"/>
    </timestep>
    <timestep time="590.00">
        <vehicle id="10" x="398.35" y="72.62" angle="0.00" type="DEFAULT_VEHTYPE" speed="13.51" pos="122.63" lane="2/1to2/0_0" slope="0.00"/>
        <vehicle id="12" x="427.56" y="401.65" angle="-90.00" type="DEFAULT_VEHTYPE" speed="13.49" pos="167.69" lane="3/2to2/2_0" slope="0.00"/>
        <vehicle id="13" x="398.35" y="144.99" angle="0.00" type="DEFAULT_VEHTYPE" speed="13.58" pos="50.26" lane="2/1to2/0_0" slope="0.00"/>
        <vehicle id="3" x="201.65" y="503.99" angle="180.00" type="DEFAULT_VEHTYPE" speed="13.60" pos="99.24" lane="1/2to1/3_0" slope="0.00"/>
        <vehicle id="4" x="758.51" y="598.35" angle="90.00" type="DEFAULT_VEHTYPE" speed="12.66" pos="153.76" lane="3/3to4/3_0" slope="0.00"/>
        <vehicle id="5" x="657.48" y="201.65" angle="-90.00" type="DEFAULT_VEHTYPE" speed="13.00" pos="142.52" lane="4/1to3/1_0" slope="0.00"/>
        <vehicle id="6" x="205.68" y="401.65" angle="-90.00" type="DEFAULT_VEHTYPE" speed="5.66" pos="189.57" lane="2/2to1/2_0" slope="0.00"/>
        <vehicle id="7" x="398.35" y="709.34" angle="0.00" type="DEFAULT_VEHTYPE" speed="13.88" pos="90.66" lane="2/4to2/3_0" slope="0.00"/>
        <vehicle id="8" x="601.65" y="359.60" angle="180.00" type="DEFAULT_VEHTYPE" speed="12.92" pos="154.85" lane="3/1to3/2_0" slope="0.00"/>
        <vehicle id="9" x="201.65" y="281.16" angle="180.00" type="DEFAULT_VEHTYPE" speed="12.77" pos="76.41" lane="1/1to1/2_0" slope="0.00"/>
    </timestep>
    <timestep time="591.00">
        <vehicle id="10" x="398.35" y="59.29" angle="0.00" type="DEFAULT_VEHTYPE" speed="13.32" pos="135.96" lane="2/1to2/0_0" slope="0.00"/>
        <vehicle id="12" x="418.45" y="401.65" angle="-90.00" type="DEFAULT_VEHTYPE" speed="9.12" pos="176.80" lane="3/2to2/2_0" slope="0.00"/>
        <vehicle id="13" x="398.35" y="131.29" angle="0.00" type="DEFAULT_VEHTYPE" speed="13.70" pos="63.96" lane="2/1to2/0_0" slope="0.00"/>
        <vehicle id="3" x="201.65" y="517.37" angle="180.00" type="DEFAULT_VEHTYPE" speed="13.38" pos="112.62" lane="1/2to1/3_0" slope="0.00"/>
        <vehicle id="4" x="771.83" y="598.35" angle="90.00" type="DEFAULT_VEHTYPE" speed="13.32" pos="167.08" lane="3/3to4/3_0" slope="0.00"/>
        <vehicle id="5" x="644.40" y="201.65" angle="-90.00" type="DEFAULT_VEHTYPE" speed="13.08" pos="155.60" lane="4/1to3/1_0" slope="0.00"/>
        <vehicle id="6" x="198.54" y="401.65" angle="-90.00" type="DEFAULT_VEHTYPE" speed="7.14" pos="6.21" lane=":1/2_5_0" slope="0.00"/>
        <vehicle id="7" x="398.35" y="695.70" angle="0.00" type="DEFAULT_VEHTYPE" speed="13.64" pos="104.30" lane="2/4to2/3_0" slope="0.00"/>
        <vehicle id="8" x="601.65" y="371.81" angle="180.00" type="DEFAULT_VEHTYPE" speed="12.21" pos="167.06" lane="3/1to3/2_0" slope="0.00"/>
        <vehicle id="9" x="201.65" y="294.42" angle="180.00" type="DEFAULT_VEHTYPE" speed="13.26" pos="89.67" lane="1/1to1/2_0" slope="0.00"/>
    </timestep>
    <timestep time="592.00">
        <vehicle id="10" x="398.35" y="45.56" angle="0.00" type="DEFAULT_VEHTYPE" speed="13.73" pos="149.69" lane="2/1to2/0_0" slope="0.00"/>
        <vehicle id="12" x="412.11" y="401.65" angle="-90.00" type="DEFAULT_VEHTYPE" speed="6.34" pos="183.14" lane="3/2to2/2_0" slope="0.00"/>
        <vehicle id="13" x="398.35" y="118.60" angle="0.00" type="DEFAULT_VEHTYPE" speed="12.69" pos="76.65" lane="2/1to2/0_0" slope="0.00"/>
        <vehicle id="3" x="201.65" y="530.81" angle="180.00" type="DEFAULT_VEHTYPE" speed="13.44" pos="126.06" lane="1/2to1/3_0" slope="0.00"/>
        <vehicle id="4" x="785.04" y="598.35" angle="90.00" type="DEFAULT_VEHTYPE" speed="13.21" pos="180.29" lane="3/3to4/3_0" slope="0.00"/>
        <vehicle id="5" x="631.07" y="201.65" angle="-90.00" type="DEFAULT_VEHTYPE" speed="13.33" pos="168.93" lane="4/1to3/1_0" slope="0.00"/>
        <vehicle id="6" x="189.83" y="401.65" angle="-90.00" type="DEFAULT_VEHTYPE" speed="8.71" pos="5.42" lane="1/2to0/2_0" slope="0.00"/>
        <vehicle id="7" x="398.35" y="682.24" angle="0.00" type="DEFAULT_VEHTYPE" speed="13.46" pos="117.76" lane="2/4to2/3_0" slope="0.00"/>
        <vehicle id="8" x="601.65" y="381.70" angle="180.00" type="DEFAULT_VEHTYPE" speed="9.89" pos="176.95" lane="3/1to3/2_0" slope="0.00"/>
        <vehicle id="9" x="201.65" y="307.42" angle="180.00" type="DEFAULT_VEHTYPE" speed="13.00" pos="102.67" lane="1/1to1/2_0" slope="0.00"/>
    </timestep>
    <timestep time="593.00">
        <vehicle id="10" x="398.35" y="32.72" angle="0.00" type="DEFAULT_VEHTYPE" speed="12.84" pos="162.53" lane="2/1to2/0_0" slope="0.00"/>
        <vehicle id="12" x="409.70" y="401.65" angle="-90.00" type="DEFAULT_VEHTYPE" speed="2.41" pos="185.55" lane="3/2to2/2_0" slope="0.00"/>
        <vehicle id="13" x="398.35" y="105.23" angle="0.00" type="DEFAULT_VEHTYPE" speed="13.37" pos="90.02" lane="2/1to2/0_0" slope="0.00"/>
        <vehicle id="3" x="201.65" y="544.51" angle="180.00" type="DEFAULT_VEHTYPE" speed="13.70" pos="139.76" lane="1/2to1/3_0" slope="0.00"/>
        <vehicle id="4" x="797.75" y="598.35" angle="90.00" type="DEFAULT_VEHTYPE" speed="12.71" pos="193.00" lane="3/3to4/3_0" slope="0.00"/>
        <vehicle id="5" x="620.40" y="201.65" angle="-90.00" type="DEFAULT_VEHTYPE" speed="10.68" pos="179.60" lane="4/1to3/1_0" slope="0.00"/>
        <vehicle id="6" x="179.23" y="401.65" angle="-90.00" type="DEFAULT_VEHTYPE" speed="10.59" pos="16.02" lane="1/2to0/2_0" slope="0.00"/>
        <vehicle id="7" x="398.35" y="669.14" angle="0.00" type="DEFAULT_VEHTYPE" speed="13.10" pos="130.86" lane="2/4to2/3_0" slope="0.00"/>
        <vehicle id="8" x="601.65" y="387.17" angle="180.00" type="DEFAULT_VEHTYPE" speed="5.47" pos="182.42" lane="3/1to3/2_0" slope="0.00"/>
        <vehicle id="9" x="201.65" y="320.67" angle="180.00" type="DEFAULT_VEHTYPE" speed="13.25" pos="115.92" lane="1/1to1/2_0" slope="0.00"/>
    </timestep>
    <timestep time="594.00">
        <vehicle id="10" x="398.35" y="19.66" angle="0.00" type="DEFAULT_VEHTYPE" speed="13.06" pos="175.59" lane="2/1to2/0_0" slope="0.00"/>
        <vehicle id="12" x="405.74" y="401.65" angle="-90.00" type="DEFAULT_VEHTYPE" speed="3.96" pos="189.51" lane="3/2to2/2_0" slope="0.00"/>
        <vehicle id="13" x="398.35" y="92.08" angle="0.00" type="DEFAULT_VEHTYPE" speed="13.15" pos="103.17" lane="2/1to2/0_0" slope="0.00"/>
        <vehicle id="3" x="201.65" y="557.47" angle="180.00" type="DEFAULT_VEHTYPE" speed="12.96" pos="152.72" lane="1/2to1/3_0" slope="0.00"/>
        <vehicle id="4" x="793.73" y="601.65" angle="-90.00" type="DEFAULT_VEHTYPE" speed="13.34" pos="6.27" lane="4/3to3/3_0" slope="0.00"/>
        <vehicle id="5" x="613.75" y="201.65" angle="-90.00" type="DEFAULT_VEHTYPE" speed="6.65" pos="186.25" lane="4/1to3/1_0" slope="0.00"/>
        <vehicle id="6" x="166.38" y="401.65" angle="-90.00" type="DEFAULT_VEHTYPE" speed="12.86" pos="28.87" lane="1/2to0/2_0" slope="0.00"/>
        <vehicle id="7" x="398.35" y="656.36" angle="0.00" type="DEFAULT_VEHTYPE" speed="12.78" pos="143.64" lane="2/4to2/3_0" slope="0.00"/>
        <vehicle id="8" x="601.65" y="390.16" angle="180.00" type="DEFAULT_VEHTYPE" speed="2.99" pos="185.41" lane="3/1to3/2_0" slope="0.00"/>
        <vehicle id="9" x="201.65" y="333.93" angle="180.00" type="DEFAULT_VEHTYPE" speed="13.26" pos="129.18" lane="1/1to1/2_0" slope="0.00"/>
    </timestep>
    <timestep time="595.00">
        <vehicle id="10" x="398.35" y="6.15" angle="0.00" type="DEFAULT_VEHTYPE" speed="13.51" pos="189.10" lane="2/1to2/0_0" slope="0.00"/>
        <vehicle id="12" x="399.85" y="399.89" angle="-69.42" type="DEFAULT_VEHTYPE" speed="6.34" pos="5.35" lane=":2/2_6_0" slope="0.00"/>
        <vehicle id="13" x="398.35" y="79.15" angle="0.00" type="DEFAULT_VEHTYPE" speed="12.92" pos="116.10" lane="2/1to2/0_0" slope="0.00"/>
        <vehicle id="3" x="201.65" y="570.17" angle="180.00" type="DEFAULT_VEHTYPE" speed="12.69" pos="165.42" lane="1/2to1/3_0" slope="0.00"/>
        <vehicle id="4" x="780.02" y="601.65" angle="-90.00" type="DEFAULT_VEHTYPE" speed="13.71" pos="19.98" lane="4/3to3/3_0" slope="0.00"/>
        <vehicle id="5" x="609.43" y="201.65" angle="-90.00" type="DEFAULT_VEHTYPE" speed="4.32" pos="190.57" lane="4/1to3/1_0" slope="0.00"/>
        <vehicle id="6" x="153.53" y="401.65" angle="-90.00" type="DEFAULT_VEHTYPE" speed="12.85" pos="41.72" lane="1/2to0/2_0" slope="0.00"/>
        <vehicle id="7" x="398.35" y="643.31" angle="0.00" type="DEFAULT_VEHTYPE" speed="13.05" pos="156.69" lane="2/4to2/3_0" slope="0.00"/>
        <vehicle id="8" x="601.65" y="395.19" angle="180.00" type="DEFAULT_VEHTYPE" speed="5.04" pos="190.44" lane="3/1to3/2_0" slope="0.00"/>
        <vehicle id="9" x="201.65" y="347.32" angle="180.00" type="DEFAULT_VEHTYPE" speed="13.39" pos="142.57" lane="1/1to1/2_0" slope="0.00"/>
    </timestep>
    <timestep time="596.00">
        <vehicle id="10" x="401.65" y="2.48" angle="156.82" type="DEFAULT_VEHTYPE" speed="13.45" pos="2.48" lane="2/0to2/1_0" slope="0.00"/>
        <vehicle id="12" x="398.35" y="392.28" angle="-3.31" type="DEFAULT_VEHTYPE" speed="7.94" pos="2.97" lane="2/2to2/1_0" slope="0.00"/>
        <vehicle id="13" x="398.35" y="66.51" angle="0.00" type="DEFAULT_VEHTYPE" speed="12.64" pos="128.74" lane="2/1to2/0_0" slope="0.00"/>
        <vehicle id="3" x="201.65" y="583.52" angle="180.00" type="DEFAULT_VEHTYPE" speed="13.35" pos="178.77" lane="1/2to1/3_0" slope="0.00"/>
        <vehicle id="4" x="767.14" y="601.65" angle="-90.00" type="DEFAULT_VEHTYPE" speed="12.88" pos="32.86" lane="4/3to3/3_0" slope="0.00"/>
        <vehicle id="5" x="603.16" y="201.98" angle="-93.77" type="DEFAULT_VEHTYPE" speed="6.31" pos="1.64" lane=":3/1_4_0" slope="0.00"/>
        <vehicle id="6" x="140.54" y="401.65" angle="-90.00" type="DEFAULT_VEHTYPE" speed="12.99" pos="54.71" lane="1/2to0/2_0" slope="0.00"/>
        <vehicle id="7" x="398.35" y="629.91" angle="0.00" type="DEFAULT_VEHTYPE" speed="13.40" pos="170.09" lane="2/4to2/3_0" slope="0.00"/>
        <vehicle id="8" x="598.58" y="400.93" angle="-143.81" type="DEFAULT_VEHTYPE" speed="6.93" pos="6.87" lane=":3/2_10_0" slope="0.00"/>
        <vehicle id="9" x="201.65" y="360.68" angle="180.00" type="DEFAULT_VEHTYPE" speed="13.36" pos="155.93" lane="1/1to1/2_0" slope="0.00"/>
    </timestep>
    <timestep time="597.00">
        <vehicle id="10" x="401.65" y="16.22" angle="180.00" type="DEFAULT_VEHTYPE" speed="13.74" pos="16.22" lane="2/0to2/1_0" slope="0.00"/>
        <vehicle id="12" x="398.35" y="382.83" angle="0.00" type="DEFAULT_VEHTYPE" speed="9.45" pos="12.42" lane="2/2to2/1_0" slope="0.00"/>
        <vehicle id="13" x="398.35" y="53.37" angle="0.00" type="DEFAULT_VEHTYPE" speed="13.14" pos="141.88" lane="2/1to2/0_0" slope="0.00"/>
        <vehicle id="3" x="201.83" y="596.53" angle="177.95" type="DEFAULT_VEHTYPE" speed="13.03" pos="1.29" lane=":1/3_8_0" slope="0.00"/>
        <vehicle id="4" x="754.11" y="601.65" angle="-90.00" type="DEFAULT_VEHTYPE" speed="13.04" pos="45.89" lane="4/3to3/3_0" slope="0.00"/>
        <vehicle id="5" x="601.65" y="210.19" angle="180.00" type="DEFAULT_VEHTYPE" speed="8.80" pos="5.44" lane="3/1to3/2_0" slope="0.00"/>
        <vehicle id="6" x="126.66" y="401.65" angle="-90.00" type="DEFAULT_VEHTYPE" speed="13.88" pos="68.59" lane="1/2to0/2_0" slope="0.00"/>
        <vehicle id="7" x="398.35" y="616.12" angle="0.00" type="DEFAULT_VEHTYPE" speed="13.79" pos="183.88" lane="2/4to2/3_0" slope="0.00"/>
        <vehicle id="8" x="589.44" y="401.65" angle="-90.00" type="DEFAULT_VEHTYPE" speed="9.26" pos="5.81" lane="3/2to2/2_0" slope="0.00"/>
        <vehicle id="9" x="201.65" y="374.40" angle="180.00" type="DEFAULT_VEHTYPE" speed="13.72" pos="169.65" lane="1/1to1/2_0" slope="0.00"/>
    </timestep>
    <timestep time="598.00">
        <vehicle id="10" x="401.65" y="29.59" angle="180.00" type="DEFAULT_VEHTYPE" speed="13.37" pos="29.59" lane="2/0to2/1_0" slope="0.00"/>
        <vehicle id="12" x="398.35" y="371.98" angle="0.00" type="DEFAULT_VEHTYPE" speed="10.85" pos="23.27" lane="2/2to2/1_0" slope="0.00"/>
        <vehicle id="13" x="398.35" y="40.54" angle="0.00" type="DEFAULT_VEHTYPE" speed="12.83" pos="154.71" lane="2/1to2/0_0" slope="0.00"/>
        <vehicle id="3" x="214.69" y="598.35" angle="90.00" type="DEFAULT_VEHTYPE" speed="13.65" pos="9.94" lane="1/3to2/3_0" slope="0.00"/>
        <vehicle id="4" x="740.59" y="601.65" angle="-90.00" type="DEFAULT_VEHTYPE" speed="13.51" pos="59.41" lane="4/3to3/3_0" slope="0.00"/>
        <vehicle id="5" x="601.65" y="220.55" angle="180.00" type="DEFAULT_VEHTYPE" speed="10.36" pos="15.80" lane="3/1to3/2_0" slope="0.00"/>
        <vehicle id="6" x="113.12" y="401.65" angle="-90.00" type="DEFAULT_VEHTYPE" speed="13.54" pos="82.13" lane="1/2to0/2_0" slope="0.00"/>
        <vehicle id="7" x="398.35" y="603.08" angle="0.00" type="DEFAULT_VEHTYPE" speed="13.04" pos="1.67" lane=":2/3_1_0" slope="0.00"/>
        <vehicle id="8" x="578.46" y="401.65" angle="-90.00" type="DEFAULT_VEHTYPE" speed="10.98" pos="16.79" lane="3/2to2/2_0" slope="0.00"/>
        <vehicle id="9" x="201.65" y="388.27" angle="180.00" type="DEFAULT_VEHTYPE" speed="13.87" pos="183.52" lane="1/1to1/2_0" slope="0.00"/>
    </timestep>
    <timestep time="599.00">
        <vehicle id="10" x="401.65" y="42.34" angle="180.00" type="DEFAULT_VEHTYPE" speed="12.76" pos="42.34" lane="2/0to2/1_0" slope="0.00"/>
        <vehicle id="12" x="398.35" y="359.54" angle="0.00" type="DEFAULT_VEHTYPE" speed="12.44" pos="35.71" lane="2/2to2/1_0" slope="0.00"/>
        <vehicle id="13" x="398.35" y="27.50" angle="0.00" type="DEFAULT_VEHTYPE" speed="13.04" pos="167.75" lane="2/1to2/0_0" slope="0.00"/>
        <vehicle id="3" x="227.60" y="598.35" angle="90.00" type="DEFAULT_VEHTYPE" speed="12.91" pos="22.85" lane="1/3to2/3_0" slope="0.00"/>
        <vehicle id="4" x="727.46" y="601.65" angle="-90.00" type="DEFAULT_VEHTYPE" speed="13.13" pos="72.54" lane="4/3to3/3_0" slope="0.00"/>
        <vehicle id="5" x="601.65" y="233.44" angle="180.00" type="DEFAULT_VEHTYPE" speed="12.89" pos="28.69" lane="3/1to3/2_0" slope="0.00"/>
        <vehicle id="6" x="99.55" y="401.65" angle="-90.00" type="DEFAULT_VEHTYPE" speed="13.57" pos="95.70" lane="1/2to0/2_0" slope="0.00"/>
        <vehicle id="7" x="398.35" y="589.68" angle="0.00" type="DEFAULT_VEHTYPE" speed="13.40" pos="5.57" lane="2/3to2/2_0" slope="0.00"/>
        <vehicle id="8" x="565.86" y="401.65" angle="-90.00" type="DEFAULT_VEHTYPE" speed="12.60" pos="29.39" lane="3/2to2/2_0" slope="0.00"/>
        <vehicle id="9" x="201.65" y="401.34" angle="180.00" type="DEFAULT_VEHTYPE" speed="13.07" pos="6.09" lane=":1/2_9_0" slope="0.00"/>
    </timestep>
    <timestep time="600.00">
        <vehicle id="10" x="401.65" y="54.97" angle="180.00" type="DEFAULT_VEHTYPE" speed="12.62" pos="54.97" lane="2/0to2/1_0" slope="0.00"/>
        <vehicle id="12" x="398.35" y="345.74" angle="0.00" type="DEFAULT_VEHTYPE" speed="13.80" pos="49.51" lane="2/2to2/1_0" slope="0.00"/>
        <vehicle id="13" x="398.35" y="14.10" angle="0.00" type="DEFAULT_VEHTYPE" speed="13.40" pos="181.15" lane="2/1to2/0_0" slope="0.00"/>
        <vehicle id="3" x="240.45" y="598.35" angle="90.00" type="DEFAULT_VEHTYPE" speed="12.84" pos="35.70" lane="1/3to2/3_0" slope="0.00"/>
        <vehicle id="4" x="713.84" y="601.65" angle="-90.00" type="DEFAULT_VEHTYPE" speed="13.63" pos="86.16" lane="4/3to3/3_0" slope="0.00"/>
        <vehicle id="5" x="601.65" y="246.34" angle="180.00" type="DEFAULT_VEHTYPE" speed="12.90" pos="41.59" lane="3/1to3/2_0" slope="0.00"/>
        <vehicle id="6" x="86.64" y="401.65" angle="-90.00" type="DEFAULT_VEHTYPE" speed="12.91" pos="108.61" lane="1/2to0/2_0" slope="0.00"/>
        <vehicle id="7" x="398.35" y="575.99" angle="0.00" type="DEFAULT_VEHTYPE" speed="13.70" pos="19.26" lane="2/3to2/2_0" slope="0.00"/>
        <vehicle id="8" x="552.20" y="401.65" angle="-90.00" type="DEFAULT_VEHTYPE" speed="13.66" pos="43.05" lane="3/2to2/2_0" slope="0.00"/>
        <vehicle id="9" x="201.65" y="414.06" angle="180.00" type="DEFAULT_VEHTYPE" speed="12.72" pos="9.31" lane="1/2to1/3_0" slope="0.00"/>
    </timestep>
    <timestep time="601.00">
        <vehicle id="10" x="401.65" y="67.64" angle="180.00" type="DEFAULT_VEHTYPE" speed="12.67" pos="67.64" lane="2/0to2/1_0" slope="0.00"/>
        <vehicle id="12" x="398.35" y="332.20" angle="0.00" type="DEFAULT_VEHTYPE" speed="13.54" pos="63.05" lane="2/2to2/1_0" slope="0.00"/>
        <vehicle id="13" x="398.35" y="0.34" angle="0.00" type="DEFAULT_VEHTYPE" speed="13.76" pos="194.91" lane="2/1to2/0_0" slope="0.00"/>
        <vehicle id="3" x="254.06" y="598.35" angle="90.00" type="DEFAULT_VEHTYPE" speed="13.61" pos="49.31" lane="1/3to2/3_0" slope="0.00"/>
        <vehicle id="4" x="700.84" y="601.65" angle="-90.00" type="DEFAULT_VEHTYPE" speed="12.99" pos="99.16" lane="4/3to3/3_0" slope="0.00"/>
        <vehicle id="5" x="601.65" y="260.17" angle="180.00" type="DEFAULT_VEHTYPE" speed="13.84" pos="55.42" lane="3/1to3/2_0" slope="0.00"/>
        <vehicle id="6" x="73.20" y="401.65" angle="-90.00" type="DEFAULT_VEHTYPE" speed="13.44" pos="122.05" lane="1/2to0/2_0" slope="0.00"/>
        <vehicle id="7" x="398.35" y="563.28" angle="0.00" type="DEFAULT_VEHTYPE" speed="12.70" pos="31.97" lane="2/3to2/2_0" slope="0.00"/>
        <vehicle id="8" x="538.73" y="401.65" angle="-90.00" type="DEFAULT_VEHTYPE" speed="13.47" pos="56.52" lane="3/2to2/2_0" slope="0.00"/>
        <vehicle id="9" x="201.65" y="427.86" angle="180.00" type="DEFAULT_VEHTYPE" speed="13.80" pos="23.11" lane="1/2to1/3_0" slope="0.00"/>
    </timestep>
    <timestep time="602.00">
        <vehicle id="10" x="401.65" y="80.50" angle="180.00" type="DEFAULT_VEHTYPE" speed="12.86" pos="80.50" lane="2/0to2/1_0" slope="0.00"/>
        <vehicle id="12" x="398.35" y="319.14" angle="0.00" type="DEFAULT_VEHTYPE" speed="13.06" pos="76.11" lane="2/2to2/1_0" slope="0.00"/>
        <vehicle id="13" x="401.65" y="8.72" angle="180.00" type="DEFAULT_VEHTYPE" speed="13.87" pos="8.72" lane="2/0to2/1_0" slope="0.00"/>
        <vehicle id="3" x="266.74" y="598.35" angle="90.00" type="DEFAULT_VEHTYPE" speed="12.68" pos="61.99" lane="1/3to2/3_0" slope="0.00"/>
        <vehicle id="4" x="687.34" y="601.65" angle="-90.00" type="DEFAULT_VEHTYPE" speed="13.50" pos="112.66" lane="4/3to3/3_0" slope="0.00"/>
        <vehicle id="5" x="601.65" y="273.92" angle="180.00" type="DEFAULT_VEHTYPE" speed="13.74" pos="69.17" lane="3/1to3/2_0" slope="0.00"/>
        <vehicle id="6" x="60.11" y="401.65" angle="-90.00" type="DEFAULT_VEHTYPE" speed="13.09" pos="135.14" lane="1/2to0/2_0" slope="0.00"/>
        <vehicle id="7" x="398.35" y="550.19" angle="0.00" type="DEFAULT_VEHTYPE" speed="13.10" pos="45.06" lane="2/3to2/2_0" slope="0.00"/>
        <vehicle id="8" x="524.97" y="401.65" angle="-90.00" type="DEFAULT_VEHTYPE" speed="13.75" pos="70.28" lane="3/2to2/2_0" slope="0.00"/>
        <vehicle id="9" x="201.65" y="440.77" angle="180.00" type="DEFAULT_VEHTYPE" speed="12.92" pos="36.02" lane="1/2to1/3_0" slope="0.00"/>
    </timestep>
    <timestep time="603.00">
        <vehicle id="10" x="401.65" y="93.28" angle="180.00" type="DEFAULT_VEHTYPE" speed="12.78" pos="93.28" lane="2/0to2/1_0" slope="0.00"/>
        <vehicle id="12" x="398.35" y="306.24" angle="0.00" type="DEFAULT_VEHTYPE" speed="12.90" pos="89.01" lane="2/2to2/1_0" slope="0.00"/>
        <vehicle id="13" x="401.65" y="21.56" angle="180.00" type="DEFAULT_VEHTYPE" speed="12.85" pos="21.56" lane="2/0to2/1_0" slope="0.00"/>
        <vehicle id="3" x="279.39" y="598.35" angle="90.00" type="DEFAULT_VEHTYPE" speed="12.65" pos="74.64" lane="1/3to2/3_0" slope="0.00"/>
        <vehicle id="4" x="674.31" y="601.65" angle="-90.00" type="DEFAULT_VEHTYPE" speed="13.03" pos="125.69" lane="4/3to3/3_0" slope="0.00"/>
        <vehicle id="5" x="601.65" y="286.58" angle="180.00" type="DEFAULT_VEHTYPE" speed="12.66" pos="81.83" lane="3/1to3/2_0" slope="0.00"/>
        <vehicle id="6" x="47.08" y="401.65" angle="-90.00" type="DEFAULT_VEHTYPE" speed="13.03" pos="148.17" lane="1/2to0/2_0" slope="0.00"/>
        <vehicle id="7" x="398.35" y="536.49" angle="0.00" type="DEFAULT_VEHTYPE" speed="13.69" pos="58.76" lane="2/3to2/2_0" slope="0.00"/>
        <vehicle id="8" x="512.37" y="401.65" angle="-90.00" type="DEFAULT_VEHTYPE" speed="12.61" pos="82.88" lane="3/2to2/2_0" slope="0.00"/>
        <vehicle id="9" x="201.65" y="453.93" angle="180.00" type="DEFAULT_VEHTYPE" speed="13.16" pos="49.18" lane="1/2to1/3_0" slope="0.00"/>
    </timestep>
    <timestep time="604.00">
        <vehicle id="10" x="401.65" y="106.31" angle="180.00" type="DEFAULT_VEHTYPE" speed="13.03" pos="106.31" lane="2/0to2/1_0" slope="0.00"/>
        <vehicle id="12" x="398.35" y="292.99" angle="0.00" type="DEFAULT_VEHTYPE" speed="13.25" pos="102.26" lane="2/2to2/1_0" slope="0.00"/>
        <vehicle id="13" x="401.65" y="34.32" angle="180.00" type="DEFAULT_VEHTYPE" speed="12.76" pos="34.32" lane="2/0to2/1_0" slope="0.00"/>
        <vehicle id="3" x="292.41" y="598.35" angle="90.00" type="DEFAULT_VEHTYPE" speed="13.02" pos="87.66" lane="1/3to2/3_0" slope="0.00"/>
        <vehicle id="4" x="660.61" y="601.65" angle="-90.00" type="DEFAULT_VEHTYPE" speed="13.70" pos="139.39" lane="4/3to3/3_0" slope="0.00"/>
        <vehicle id="5" x="601.65" y="299.99" angle="180.00" type="DEFAULT_VEHTYPE" speed="13.42" pos="95.24" lane="3/1to3/2_0" slope="0.00"/>
        <vehicle id="6" x="34.06" y="401.65" angle="-90.00" type="DEFAULT_VEHTYPE" speed="13.02" pos="161.19" lane="1/2to0/2_0" slope="0.00"/>
        <vehicle id="7" x="398.35" y="523.22" angle="0.00" type="DEFAULT_VEHTYPE" speed="13.27" pos="72.03" lane="2/3to2/2_0" slope="0.00"/>
        <vehicle id="8" x="499.62" y="401.65" angle="-90.00" type="DEFAULT_VEHTYPE" speed="12.75" pos="95.63" lane="3/2to2/2_0" slope="0.00"/>
        <vehicle id="9" x="201.65" y="466.61" angle="180.00" type="DEFAULT_VEHTYPE" speed="12.67" pos="61.86" lane="1/2to1/3_0" slope="0.00"/>
    </timestep>
    <timestep time="605.00">
        <vehicle id="10" x="401.65" y="119.32" angle="180.00" type="DEFAULT_VEHTYPE" speed="13.01" pos="119.32" lane="2/0to2/1_0" slope="0.00"/>
        <vehicle id="12" x="398.35" y="279.78" angle="0.00" type="DEFAULT_VEHTYPE" speed="13.21" pos="115.47" lane="2/2to2/1_0" slope="0.00"/>
        <vehicle id="13" x="401.65" y="47.11" angle="180.00" type="DEFAULT_VEHTYPE" speed="12.79" pos="47.11" lane="2/0to2/1_0" slope="0.00"/>
        <vehicle id="3" x="305.83" y="598.35" angle="90.00" type="DEFAULT_VEHTYPE" speed="13.42" pos="101.08" lane="1/3to2/3_0" slope="0.00"/>
        <vehicle id="4" x="647.24" y="601.65" angle="-90.00" type="DEFAULT_VEHTYPE" speed="13.37" pos="152.76" lane="4/3to3/3_0" slope="0.00"/>
        <vehicle id="5" x="601.65" y="313.89" angle="180.00" type="DEFAULT_VEHTYPE" speed="13.89" pos="109.14" lane="3/1to3/2_0" slope="0.00"/>
        <vehicle id="6" x="21.31" y="401.65" angle="-90.00" type="DEFAULT_VEHTYPE" speed="12.75" pos="173.94" lane="1/2to0/2_0" slope="0.00"/>
        <vehicle id="7" x="398.35" y="510.50" angle="0.00" type="DEFAULT_VEHTYPE" speed="12.73" pos="84.75" lane="2/3to2/2_0" slope="0.00"/>
        <vehicle id="8" x="486.57" y="401.65" angle="-90.00" type="DEFAULT_VEHTYPE" speed="13.05" pos="108.68" lane="3/2to2/2_0" slope="0.00"/>
        <vehicle id="9" x="201.65" y="479.84" angle="180.00" type="DEFAULT_VEHTYPE" speed="13.23" pos="75.09" lane="1/2to1/3_0" slope="0.00"/>
    </timestep>
    <timestep time="606.00">
        <vehicle id="10" x="401.65" y="132.99" angle="180.00" type="DEFAULT_VEHTYPE" speed="13.68" pos="132.99" lane="2/0to2/1_0" slope="0.00"/>
        <vehicle id="12" x="398.35" y="266.52" angle="0.00" type="DEFAULT_VEHTYPE" speed="13.26" pos="128.73" lane="2/2to2/1_0" slope="0.00"/>
        <vehicle id="13" x="401.65" y="59.97" angle="180.00" type="DEFAULT_VEHTYPE" speed="12.86" pos="59.97" lane="2/0to2/1_0" slope="0.00"/>
        <vehicle id="3" x="319.44" y="598.35" angle="90.00" type="DEFAULT_VEHTYPE" speed="13.61" pos="114.69" lane="1/3to2/3_0" slope="0.00"/>
        <vehicle id="4" x="633.51" y="601.65" angle="-90.00" type="DEFAULT_VEHTYPE" speed="13.73" pos="166.49" lane="4/3to3/3_0" slope="0.00"/>
        <vehicle id="5" x="601.65" y="327.21" angle="180.00" type="DEFAULT_VEHTYPE" speed="13.32" pos="122.46" lane="3/1to3/2_0" slope="0.00"/>
        <vehicle id="6" x="7.97" y="401.65" angle="-90.00" type="DEFAULT_VEHTYPE" speed="13.34" pos="187.28" lane="1/2to0/2_0" slope="0.00"/>
        <vehicle id="7" x="398.35" y="496.78" angle="0.00" type="DEFAULT_VEHTYPE" speed="13.72" pos="98.47" lane="2/3to2/2_0" slope="0.00"/>
        <vehicle id="8" x="473.22" y="401.65" angle="-90.00" type="DEFAULT_VEHTYPE" speed="13.35" pos="122.03" lane="3/2to2/2_0" slope="0.00"/>
        <vehicle id="9" x="201.65" y="492.45" angle="180.00" type="DEFAULT_VEHTYPE" speed="12.61" pos="87.70" lane="1/2to1/3_0" slope="0.00"/>
    </timestep>
    <timestep time="607.00">
        <vehicle id="10" x="401.65" y="146.15" angle="180.00" type="DEFAULT_VEHTYPE" speed="13.16" pos="146.15" lane="2/0to2/1_0" slope="0.00"/>
        <vehicle id="12" x="398.35" y="253.47" angle="0.00" type="DEFAULT_VEHTYPE" speed="13.06" pos="141.78" lane="2/2to2/1_0" slope="0.00"/>
        <vehicle id="13" x="401.65" y="73.29" angle="180.00" type="DEFAULT_VEHTYPE" speed="13.33" pos="73.29" lane="2/0to2/1_0" slope="0.00"/>
        <vehicle id="3" x="332.43" y="598.35" angle="90.00" type="DEFAULT_VEHTYPE" speed="12.99" pos="127.68" lane="1/3to2/3_0" slope="0.00"/>
        <vehicle id="4" x="622.92" y="601.65" angle="-90.00" type="DEFAULT_VEHTYPE" speed="10.59" pos="177.08" lane="4/3to3/3_0" slope="0.00"/>
        <vehicle id="5" x="601.65" y="340.32" angle="180.00" type="DEFAULT_VEHTYPE" speed="13.11" pos="135.57" lane="3/1to3/2_0" slope="0.00"/>
        <vehicle id="6" x="0.74" y="398.35" angle="21.81" type="DEFAULT_VEHTYPE" speed="13.53" pos="0.74" lane="0/2to1/2_0" slope="0.00"/>
        <vehicle id="7" x="398.35" y="483.30" angle="0.00" type="DEFAULT_VEHTYPE" speed="13.48" pos="111.95" lane="2/3to2/2_0" slope="0.00"/>
        <vehicle id="8" x="459.96" y="401.65" angle="-90.00" type="DEFAULT_VEHTYPE" speed="13.26" pos="135.29" lane="3/2to2/2_0" slope="0.00"/>
        <vehicle id="9" x="201.65" y="505.85" angle="180.00" type="DEFAULT_VEHTYPE" speed="13.40" pos="101.10" lane="1/2to1/3_0" slope="0.00"/>
    </timestep>
    <timestep time="608.00">
        <vehicle id="10" x="401.65" y="160.04" angle="180.00" type="DEFAULT_VEHTYPE" speed="13.89" pos="160.04" lane="2/0to2/1_0" slope="0.00"/>
        <vehicle id="12" x="398.35" y="240.40" angle="0.00" type="DEFAULT_VEHTYPE" speed="13.07" pos="154.85" lane="2/2to2/1_0" slope="0.00"/>
        <vehicle id="13" x="401.65" y="87.16" angle="180.00" type="DEFAULT_VEHTYPE" speed="13.86" pos="87.16" lane="2/0to2/1_0" slope="0.00"/>
        <vehicle id="3" x="345.77" y="598.35" angle="90.00" type="DEFAULT_VEHTYPE" speed="13.34" pos="141.02" lane="1/3to2/3_0" slope="0.00"/>
        <vehicle id="4" x="615.72" y="601.65" angle="-90.00" type="DEFAULT_VEHTYPE" speed="7.20" pos="184.28" lane="4/3to3/3_0" slope="0.00"/>
        <vehicle id="5" x="601.65" y="354.19" angle="180.00" type="DEFAULT_VEHTYPE" speed="13.87" pos="149.44" lane="3/1to3/2_0" slope="0.00"/>
        <vehicle id="6" x="13.64" y="398.35" angle="90.00" type="DEFAULT_VEHTYPE" speed="12.90" pos="13.64" lane="0/2to1/2_0" slope="0.00"/>
        <vehicle id="7" x="398.35" y="469.71" angle="0.00" type="DEFAULT_VEHTYPE" speed="13.59" pos="125.54" lane="2/3to2/2_0" slope="0.00"/>
        <vehicle id="8" x="447.33" y="401.65" angle="-90.00" type="DEFAULT_VEHTYPE" speed="12.63" pos="147.92" lane="3/2to2/2_0" slope="0.00"/>
        <vehicle id="9" x="201.65" y="518.81" angle="180.00" type="DEFAULT_VEHTYPE" speed="12.96" pos="114.06" lane="1/2to1/3_0" slope="0.00"/>
    </timestep>
    <timestep time="609.00">
        <vehicle id="10" x="401.65" y="173.19" angle="180.00" type="DEFAULT_VEHTYPE" speed="13.15" pos="173.19" lane="2/0to2/1_0" slope="0.00"/>
        <vehicle id="12" x="398.35" y="227.41" angle="0.00" type="DEFAULT_VEHTYPE" speed="12.99" pos="167.84" lane="2/2to2/1_0" slope="0.00"/>
        <vehicle id="13" x="401.65" y="100.84" angle="180.00" type="DEFAULT_VEHTYPE" speed="13.69" pos="100.84" lane="2/0to2/1_0" slope="0.00"/>
        <vehicle id="3" x="359.63" y="598.35" angle="90.00" type="DEFAULT_VEHTYPE" speed="13.86" pos="154.88" lane="1/3to2/3_0" slope="0.00"/>
        <vehicle id="4" x="610.43" y="601.65" angle="-90.00" type="DEFAULT_VEHTYPE" speed="5.29" pos="189.57" lane="4/3to3/3_0" slope="0.00"/>
        <vehicle id="5" x="601.65" y="367.89" angle="180.00" type="DEFAULT_VEHTYPE" speed="13.70" pos="163.14" lane="3/1to3/2_0" slope="0.00"/>
        <vehicle id="6" x="26.49" y="398.35" angle="90.00" type="DEFAULT_VEHTYPE" speed="12.85" pos="26.49" lane="0/2to1/2_0" slope="0.00"/>
        <vehicle id="7" x="398.35" y="456.76" angle="0.00" type="DEFAULT_VEHTYPE" speed="12.95" pos="138.49" lane="2/3to2/2_0" slope="0.00"/>
        <vehicle id="8" x="433.90" y="401.65" angle="-90.00" type="DEFAULT_VEHTYPE" speed="13.43" pos="161.35" lane="3/2to2/2_0" slope="0.00"/>
        <vehicle id="9" x="201.65" y="532.48" angle="180.00" type="DEFAULT_VEHTYPE" speed="13.67" pos="127.73" lane="1/2to1/3_0" slope="0.00"/>
    </timestep>
    <timestep time="610.00">
        <vehicle id="10" x="401.65" y="187.08" angle="180.00" type="DEFAULT_VEHTYPE" speed="13.89" pos="187.08" lane="2/0to2/1_0" slope="0.00"/>
        <vehicle id="12" x="398.35" y="214.34" angle="0.00" type="DEFAULT_VEHTYPE" speed="13.06" pos="180.91" lane="2/2to2/1_0" slope="0.00"/>
        <vehicle id="13" x="401.65" y="113.80" angle="180.00" type="DEFAULT_VEHTYPE" speed="12.96" pos="113.80" lane="2/0to2/1_0" slope="0.00"/>
        <vehicle id="3" x="372.72" y="598.35" angle="90.00" type="DEFAULT_VEHTYPE" speed="13.09" pos="167.97" lane="1/3to2/3_0" slope="0.00"/>
        <vehicle id="4" x="602.65" y="601.35" angle="-86.55" type="DEFAULT_VEHTYPE" speed="7.81" pos="2.12" lane=":3/3_6_0" slope="0.00"/>
        <vehicle id="5" x="601.65" y="378.76" angle="180.00" type="DEFAULT_VEHTYPE" speed="10.87" pos="174.01" lane="3/1to3/2_0" slope="0.00"/>
        <vehicle id="6" x="40.34" y="398.35" angle="90.00" type="DEFAULT_VEHTYPE" speed="13.85" pos="40.34" lane="0/2to1/2_0" slope="0.00"/>
        <vehicle id="7" x="398.35" y="444.13" angle="0.00" type="DEFAULT_VEHTYPE" speed="12.63" pos="151.12" lane="2/3to2/2_0" slope="0.00"/>
        <vehicle id="8" x="422.59" y="401.65" angle="-90.00" type="DEFAULT_VEHTYPE" speed="11.32" pos="172.66" lane="3/2to2/2_0" slope="0.00"/>
        <vehicle id="9" x="201.65" y="545.29" angle="180.00" type="DEFAULT_VEHTYPE" speed="12.81" pos="140.54" lane="1/2to1/3_0" slope="0.00"/>
    </timestep>
    <timestep time="611.00">
        <vehicle id="10" x="404.90" y="198.35" angle="132.34" type="DEFAULT_VEHTYPE" speed="13.33" pos="0.15" lane="2/1to3/1_0" slope="0.00"/>
        <vehicle id="12" x="398.35" y="200.50" angle="0.00" type="DEFAULT_VEHTYPE" speed="13.85" pos="4.25" lane=":2/1_1_0" slope="0.00"/>
        <vehicle id="13" x="401.65" y="126.50" angle="180.00" type="DEFAULT_VEHTYPE" speed="12.70" pos="126.50" lane="2/0to2/1_0" slope="0.00"/>
        <vehicle id="3" x="381.30" y="598.35" angle="90.00" type="DEFAULT_VEHTYPE" speed="8.59" pos="176.55" lane="1/3to2/3_0" slope="0.00"/>
        <vehicle id="4" x="598.35" y="593.23" angle="-5.53" type="DEFAULT_VEHTYPE" speed="10.22" pos="2.02" lane="3/3to3/2_0" slope="0.00"/>
        <vehicle id="5" x="601.65" y="385.87" angle="180.00" type="DEFAULT_VEHTYPE" speed="7.11" pos="181.12" lane="3/1to3/2_0" slope="0.00"/>
        <vehicle id="6" x="54.02" y="398.35" angle="90.00" type="DEFAULT_VEHTYPE" speed="13.69" pos="54.02" lane="0/2to1/2_0" slope="0.00"/>
        <vehicle id="7" x="398.35" y="430.23" angle="0.00" type="DEFAULT_VEHTYPE" speed="13.90" pos="165.02" lane="2/3to2/2_0" slope="0.00"/>
        <vehicle id="8" x="415.77" y="401.65" angle="-90.00" type="DEFAULT_VEHTYPE" speed="6.82" pos="179.48" lane="3/2to2/2_0" slope="0.00"/>
        <vehicle id="9" x="201.65" y="557.97" angle="180.00" type="DEFAULT_VEHTYPE" speed="12.68" pos="153.22" lane="1/2to1/3_0" slope="0.00"/>
    </timestep>
    <timestep time="612.00">
        <vehicle id="10" x="418.68" y="198.35" angle="90.00" type="DEFAULT_VEHTYPE" speed="13.77" pos="13.93" lane="2/1to3/1_0" slope="0.00"/>
        <vehicle id="12" x="398.35" y="186.80" angle="0.00" type="DEFAULT_VEHTYPE" speed="13.70" pos="8.45" lane="2/1to2/0_0" slope="0.00"/>
        <vehicle id="13" x="401.65" y="140.27" angle="180.00" type="DEFAULT_VEHTYPE" speed="13.77" pos="140.27" lane="2/0to2/1_0" slope="0.00"/>
        <vehicle id="3" x="387.26" y="598.35" angle="90.00" type="DEFAULT_VEHTYPE" speed="5.96" pos="182.51" lane="1/3to2/3_0" slope="0.00"/>
        <vehicle id="4" x="598.35" y="580.50" angle="0.00" type="DEFAULT_VEHTYPE" speed="12.73" pos="14.75" lane="3/3to3/2_0" slope="0.00"/>
        <vehicle id="5" x="601.65" y="390.26" angle="180.00" type="DEFAULT_VEHTYPE" speed="4.39" pos="185.51" lane="3/1to3/2_0" slope="0.00"/>
        <vehicle id="6" x="66.63" y="398.35" angle="90.00" type="DEFAULT_VEHTYPE" speed="12.60" pos="66.63" lane="0/2to1/2_0" slope="0.00"/>
        <vehicle id="7" x="398.35" y="416.47" angle="0.00" type="DEFAULT_VEHTYPE" speed="13.76" pos="178.78" lane="2/3to2/2_0" slope="0.00"/>
        <vehicle id="8" x="411.64" y="401.65" angle="-90.00" type="DEFAULT_VEHTYPE" speed="4.13" pos="183.61" lane="3/2to2/2_0" slope="0.00"/>
        <vehicle id="9" x="201.65" y="571.85" angle="180.00" type="DEFAULT_VEHTYPE" speed="13.87" pos="167.10" lane="1/2to1/3_0" slope="0.00"/>
    </timestep>
    <timestep time="613.00">
        <vehicle id="10" x="432.03" y="198.35" angle="90.00" type="DEFAULT_VEHTYPE" speed="13.36" pos="27.28" lane="2/1to3/1_0" slope="0.00"/>
        <vehicle id="12" x="398.35" y="173.46" angle="0.00" type="DEFAULT_VEHTYPE" speed="13.34" pos="21.79" lane="2/1to2/0_0" slope="0.00"/>
        <vehicle id="13" x="401.65" y="153.74" angle="180.00" type="DEFAULT_VEHTYPE" speed="13.47" pos="153.74" lane="2/0to2/1_0" slope="0.00"/>
        <vehicle id="3" x="390.19" y="598.35" angle="90.00" type="DEFAULT_VEHTYPE" speed="2.93" pos="185.44" lane="1/3to2/3_0" slope="0.00"/>
        <vehicle id="4" x="598.35" y="567.46" angle="0.00" type="DEFAULT_VEHTYPE" speed="13.04" pos="27.79" lane="3/3to3/2_0" slope="0.00"/>
        <vehicle id="5" x="601.41" y="396.90" angle="-177.29" type="DEFAULT_VEHTYPE" speed="6.66" pos="1.67" lane=":3/2_10_0" slope="0.00"/>
        <vehicle id="6" x="79.45" y="398.35" angle="90.00" type="DEFAULT_VEHTYPE" speed="12.82" pos="79.45" lane="0/2to1/2_0" slope="0.00"/>
        <vehicle id="7" x="398.06" y="403.22" angle="-3.36" type="DEFAULT_VEHTYPE" speed="13.29" pos="1.57" lane=":2/2_0_0" slope="0.00"/>
        <vehicle id="8" x="405.53" y="401.65" angle="-90.00" type="DEFAULT_VEHTYPE" speed="6.12" pos="189.72" lane="3/2to2/2_0" slope="0.00"/>
        <vehicle id="9" x="201.65" y="584.86" angle="180.00" type="DEFAULT_VEHTYPE" speed="13.01" pos="180.11" lane="1/2to1/3_0" slope="0.00"/>
    </timestep>
    <timestep time="614.00">
        <vehicle id="10" x="445.46" y="198.35" angle="90.00" type="DEFAULT_VEHTYPE" speed="13.43" pos="40.71" lane="2/1to3/1_0" slope="0.00"/>
        <vehicle id="12" x="398.35" y="160.53" angle="0.00" type="DEFAULT_VEHTYPE" speed="12.92" pos="34.72" lane="2/1to2/0_0" slope="0.00"/>
        <vehicle id="13" x="401.65" y="167.37" angle="180.00" type="DEFAULT_VEHTYPE" speed="13.63" pos="167.37" lane="2/0to2/1_0" slope="0.00"/>
        <vehicle id="3" x="395.36" y="598.37" angle="90.19" type="DEFAULT_VEHTYPE" speed="5.18" pos="0.12" lane=":2/3_14_0" slope="0.00"/>
        <vehicle id="4" x="598.35" y="554.04" angle="0.00" type="DEFAULT_VEHTYPE" speed="13.42" pos="41.21" lane="3/3to3/2_0" slope="0.00"/>
        <vehicle id="5" x="595.37" y="401.63" angle="-108.61" type="DEFAULT_VEHTYPE" speed="8.52" pos="3.05" lane=":3/2_18_0" slope="0.00"/>
        <vehicle id="6" x="93.27" y="398.35" angle="90.00" type="DEFAULT_VEHTYPE" speed="13.82" pos="93.27" lane="0/2to1/2_0" slope="0.00"/>
        <vehicle id="7" x="384.98" y="401.65" angle="-90.00" type="DEFAULT_VEHTYPE" speed="13.70" pos="10.27" lane="2/2to1/2_0" slope="0.00"/>
        <vehicle id="8" x="399.02" y="398.50" angle="-52.77" type="DEFAULT_VEHTYPE" speed="7.75" pos="6.97" lane=":2/2_6_0" slope="0.00"/>
        <vehicle id="9" x="202.30" y="597.36" angle="172.43" type="DEFAULT_VEHTYPE" speed="12.64" pos="2.25" lane=":1/3_8_0" slope="0.00"/>
    </timestep>
    <timestep time="615.00">
        <vehicle id="10" x="459.23" y="198.35" angle="90.00" type="DEFAULT_VEHTYPE" speed="13.77" pos="54.48" lane="2/1to3/1_0" slope="0.00"/>
        <vehicle id="12" x="398.35" y="147.82" angle="0.00" type="DEFAULT_VEHTYPE" speed="12.71" pos="47.43" lane="2/1to2/0_0" slope="0.00"/>
        <vehicle id="13" x="401.65" y="180.30" angle="180.00" type="DEFAULT_VEHTYPE" speed="12.93" pos="180.30" lane="2/0to2/1_0" slope="0.00"/>
        <vehicle id="3" x="400.94" y="601.43" angle="126.31" type="DEFAULT_VEHTYPE" speed="6.77" pos="6.88" lane=":2/3_14_0" slope="0.00"/>
        <vehicle id="4" x="598.35" y="540.48" angle="0.00" type="DEFAULT_VEHTYPE" speed="13.56" pos="54.77" lane="3/3to3/2_0" slope="0.00"/>
        <vehicle id="5" x="585.34" y="401.65" angle="-90.00" type="DEFAULT_VEHTYPE" speed="10.04" pos="9.91" lane="3/2to2/2_0" slope="0.00"/>
        <vehicle id="6" x="106.89" y="398.35" angle="90.00" type="DEFAULT_VEHTYPE" speed="13.62" pos="106.89" lane="0/2to1/2_0" slope="0.00"/>
        <vehicle id="7" x="372.38" y="401.65" angle="-90.00" type="DEFAULT_VEHTYPE" speed="12.60" pos="22.87" lane="2/2to1/2_0" slope="0.00"/>
        <vehicle id="8" x="398.35" y="388.31" angle="0.00" type="DEFAULT_VEHTYPE" speed="10.29" pos="6.94" lane="2/2to2/1_0" slope="0.00"/>
        <vehicle id="9" x="215.69" y="598.35" angle="90.00" type="DEFAULT_VEHTYPE" speed="13.69" pos="10.94" lane="1/3to2/3_0" slope="0.00"/>
    </timestep>
    <timestep time="616.00">
        <vehicle id="10" x="472.19" y="198.35" angle="90.00" type="DEFAULT_VEHTYPE" speed="12.96" pos="67.44" lane="2/1to3/1_0" slope="0.00"/>
        <vehicle id="12" x="398.35" y="134.42" angle="0.00" type="DEFAULT_VEHTYPE" speed="13.40" pos="60.83" lane="2/1to2/0_0" slope="0.00"/>
        <vehicle id="13" x="401.65" y="194.15" angle="180.00" type="DEFAULT_VEHTYPE" speed="13.85" pos="194.15" lane="2/0to2/1_0" slope="0.00"/>
        <vehicle id="3" x="401.65" y="610.62" angle="180.00" type="DEFAULT_VEHTYPE" speed="9.31" pos="5.87" lane="2/3to2/4_0" slope="0.00"/>
        <vehicle id="4" x="598.35" y="527.14" angle="0.00" type="DEFAULT_VEHTYPE" speed="13.34" pos="68.11" lane="3/3to3/2_0" slope="0.00"/>
        <vehicle id="5" x="572.91" y="401.65" angle="-90.00" type="DEFAULT_VEHTYPE" speed="12.43" pos="22.34" lane="3/2to2/2_0" slope="0.00"/>
        <vehicle id="6" x="119.95" y="398.35" angle="90.00" type="DEFAULT_VEHTYPE" speed="13.06" pos="119.95" lane="0/2to1/2_0" slope="0.00"/>
        <vehicle id="7" x="358.85" y="401.65" angle="-90.00" type="DEFAULT_VEHTYPE" speed="13.52" pos="36.40" lane="2/2to1/2_0" slope="0.00"/>
        <vehicle id="8" x="398.35" y="375.53" angle="0.00" type="DEFAULT_VEHTYPE" speed="12.77" pos="19.72" lane="2/2to2/1_0" slope="0.00"/>
        <vehicle id="9" x="228.79" y="598.35" angle="90.00" type="DEFAULT_VEHTYPE" speed="13.10" pos="24.04" lane="1/3to2/3_0" slope="0.00"/>
    </timestep>
    <timestep time="617.00">
        <vehicle id="10" x="485.45" y="198.35" angle="90.00" type="DEFAULT_VEHTYPE" speed="13.26" pos="80.70" lane="2/1to3/1_0" slope="0.00"/>
        <vehicle id="12" x="398.35" y="121.22" angle="0.00" type="DEFAULT_VEHTYPE" speed="13.20" pos="74.03" lane="2/1to2/0_0" slope="0.00"/>
        <vehicle id="13" x="411.49" y="198.35" angle="90.00" type="DEFAULT_VEHTYPE" speed="12.84" pos="6.74" lane="2/1to3/1_0" slope="0.00"/>
        <vehicle id="3" x="401.65" y="622.53" angle="180.00" type="DEFAULT_VEHTYPE" speed="11.91" pos="17.78" lane="2/3to2/4_0" slope="0.00"/>
        <vehicle id="4" x="598.35" y="513.95" angle="0.00" type="DEFAULT_VEHTYPE" speed="13.19" pos="81.30" lane="3/3to3/2_0" slope="0.00"/>
        <vehicle id="5" x="559.01" y="401.65" angle="-90.00" type="DEFAULT_VEHTYPE" speed="13.90" pos="36.24" lane="3/2to2/2_0" slope="0.00"/>
        <vehicle id="6" x="133.10" y="398.35" angle="90.00" type="DEFAULT_VEHTYPE" speed="13.15" pos="133.10" lane="0/2to1/2_0" slope="0.00"/>
        <vehicle id="7" x="345.42" y="401.65" angle="-90.00" type="DEFAULT_VEHTYPE" speed="13.43" pos="49.83" lane="2/2to1/2_0" slope="0.00"/>
        <vehicle id="8" x="398.35" y="362.55" angle="0.00" type="DEFAULT_VEHTYPE" speed="12.98" pos="32.70" lane="2/2to2/1_0" slope="0.00"/>
        <vehicle id="9" x="242.11" y="598.35" angle="90.00" type="DEFAULT_VEHTYPE" speed="13.32" pos="37.36" lane="1/3to2/3_0" slope="0.00"/>
    </timestep>
    <timestep time="618.00">
        <vehicle id="10" x="498.34" y="198.35" angle="90.00" type="DEFAULT_VEHTYPE" speed="12.88" pos="93.59" lane="2/1to3/1_0" slope="0.00"/>
        <vehicle id="12" x="398.35" y="108.05" angle="0.00" type="DEFAULT_VEHTYPE" speed="13.17" pos="87.20" lane="2/1to2/0_0" slope="0.00"/>
        <vehicle id="13" x="424.58" y="198.35" angle="90.00" type="DEFAULT_VEHTYPE" speed="13.09" pos="19.83" lane="2/1to3/1_0" slope="0.00"/>
        <vehicle id="3" x="401.65" y="636.04" angle="180.00" type="DEFAULT_VEHTYPE" speed="13.50" pos="31.29" lane="2/3to2/4_0" slope="0.00"/>
        <vehicle id="4" x="598.35" y="500.80" angle="0.00" type="DEFAULT_VEHTYPE" speed="13.15" pos="94.45" lane="3/3to3/2_0" slope="0.00"/>
        <vehicle id="5" x="546.08" y="401.65" angle="-90.00" type="DEFAULT_VEHTYPE" speed="12.93" pos="49.17" lane="3/2to2/2_0" slope="0.00"/>
        <vehicle id="6" x="146.93" y="398.35" angle="90.00" type="DEFAULT_VEHTYPE" speed="13.83" pos="146.93" lane="0/2to1/2_0" slope="0.00"/>
        <vehicle id="7" x="332.27" y="401.65" angle="-90.00" type="DEFAULT_VEHTYPE" speed="13.15" pos="62.98" lane="2/2to1/2_0" slope="0.00"/>
        <vehicle id="8" x="398.35" y="349.30" angle="0.00" type="DEFAULT_VEHTYPE" speed="13.25" pos="45.95" lane="2/2to2/1_0" slope="0.00"/>
        <vehicle id="9" x="255.20" y="598.35" angle="90.00" type="DEFAULT_VEHTYPE" speed="13.09" pos="50.45" lane="1/3to2/3_0" slope="0.00"/>
    </timestep>
    <timestep time="619.00">
        <vehicle id="10" x="511.04" y="198.35" angle="90.00" type="DEFAULT_VEHTYPE" speed="12.71" pos="106.29" lane="2/1to3/1_0" slope="0.00"/>
        <vehicle id="12" x="398.35" y="94.79" angle="0.00" type="DEFAULT_VEHTYPE" speed="13.26" pos="100.46" lane="2/1to2/0_0" slope="0.00"/>
        <vehicle id="13" x="437.81" y="198.35" angle="90.00" type="DEFAULT_VEHTYPE" speed="13.23" pos="33.06" lane="2/1to3/1_0" slope="0.00"/>
        <vehicle id="3" x="401.65" y="648.75" angle="180.00" type="DEFAULT_VEHTYPE" speed="12.72" pos="44.00" lane="2/3to2/4_0" slope="0.00"/>
        <vehicle id="4" x="598.35" y="487.70" angle="0.00" type="DEFAULT_VEHTYPE" speed="13.10" pos="107.55" lane="3/3to3/2_0" slope="0.00"/>
        <vehicle id="5" x="532.64" y="401.65" angle="-90.00" type="DEFAULT_VEHTYPE" speed="13.44" pos="62.61" lane="3/2to2/2_0" slope="0.00"/>
        <vehicle id="6" x="160.16" y="398.35" angle="90.00" type="DEFAULT_VEHTYPE" speed="13.23" pos="160.16" lane="0/2to1/2_0" slope="0.00"/>
        <vehicle id="7" x="319.39" y="401.65" angle="-90.00" type="DEFAULT_VEHTYPE" speed="12.88" pos="75.86" lane="2/2to1/2_0" slope="0.00"/>
        <vehicle id="8" x="398.35" y="336.01" angle="0.00" type="DEFAULT_VEHTYPE" speed="13.29" pos="59.24" lane="2/2to2/1_0" slope="0.00"/>
        <vehicle id="9" x="268.34" y="598.35" angle="90.00" type="DEFAULT_VEHTYPE" speed="13.14" pos="63.59" lane="1/3to2/3_0" slope="0.00"/>
    </timestep>
    <timestep time="620.00">
        <vehicle id="10" x="524.61" y="198.35" angle="90.00" type="DEFAULT_VEHTYPE" speed="13.57" pos="119.86" lane="2/1to3/1_0" slope="0.00"/>
        <vehicle id="12" x="398.35" y="82.09" angle="0.00" type="DEFAULT_VEHTYPE" speed="12.69" pos="113.16" lane="2/1to2/0_0" slope="0.00"/>
        <vehicle id="13" x="450.70" y="198.35" angle="90.00" type="DEFAULT_VEHTYPE" speed="12.89" pos="45.95" lane="2/1to3/1_0" slope="0.00"/>
        <vehicle id="3" x="401.65" y="661.38" angle="180.00" type="DEFAULT_VEHTYPE" speed="12.63" pos="56.63" lane="2/3to2/4_0" slope="0.00"/>
        <vehicle id="4" x="598.35" y="474.03" angle="0.00" type="DEFAULT_VEHTYPE" speed="13.67" pos="121.22" lane="3/3to3/2_0" slope="0.00"/>
        <vehicle id="5" x="519.15" y="401.65" angle="-90.00" type="DEFAULT_VEHTYPE" speed="13.50" pos="76.10" lane="3/2to2/2_0" slope="0.00"/>
        <vehicle id="6" x="172.70" y="398.35" angle="90.00" type="DEFAULT_VEHTYPE" speed="12.54" pos="172.70" lane="0/2to1/2_0" slope="0.00"/>
        <vehicle id="7" x="305.88" y="401.65" angle="-90.00" type="DEFAULT_VEHTYPE" speed="13.52" pos="89.37" lane="2/2to1/2_0" slope="0.00"/>
        <vehicle id="8" x="398.35" y="322.13" angle="0.00" type="DEFAULT_VEHTYPE" speed="13.88" pos="73.12" lane="2/2to2/1_0" slope="0.00"/>
        <vehicle id="9" x="281.45" y="598.35" angle="90.00" type="DEFAULT_VEHTYPE" speed="13.11" pos="76.70" lane="1/3to2/3_0" slope="0.00"/>
    </timestep>
    <timestep time="621.00">
        <vehicle id="10" x="537.52" y="198.35" angle="90.00" type="DEFAULT_VEHTYPE" speed="12.91" pos="132.77" lane="2/1to3/1_0" slope="0.00"/>
        <vehicle id="12" x="398.35" y="69.43" angle="0.00" type="DEFAULT_VEHTYPE" speed="12.67" pos="125.82" lane="2/1to2/0_0" slope="0.00"/>
        <vehicle id="13" x="463.92" y="198.35" angle="90.00" type="DEFAULT_VEHTYPE" speed="13.22" pos="59.17" lane="2/1to3/1_0" slope="0.00"/>
        <vehicle id="3" x="401.65" y="674.52" angle="180.00" type="DEFAULT_VEHTYPE" speed="13.14" pos="69.77" lane="2/3to2/4_0" slope="0.00"/>
        <vehicle id="4" x="598.35" y="460.51" angle="0.00" type="DEFAULT_VEHTYPE" speed="13.52" pos="134.74" lane="3/3to3/2_0" slope="0.00"/>
        <vehicle id="5" x="505.48" y="401.65" angle="-90.00" type="DEFAULT_VEHTYPE" speed="13.66" pos="89.77" lane="3/2to2/2_0" slope="0.00"/>
        <vehicle id="6" x="181.90" y="398.35" angle="90.00" type="DEFAULT_VEHTYPE" speed="9.19" pos="181.90" lane="0/2to1/2_0" slope="0.00"/>
        <vehicle id="7" x="292.67" y="401.65" angle="-90.00" type="DEFAULT_VEHTYPE" speed="13.21" pos="102.58" lane="2/2to1/2_0" slope="0.00"/>
        <vehicle id="8" x="398.35" y="308.98" angle="0.00" type="DEFAULT_VEHTYPE" speed="13.15" pos="86.27" lane="2/2to2/1_0" slope="0.00"/>
        <vehicle id="9" x="294.21" y="598.35" angle="90.00" type="DEFAULT_VEHTYPE" speed="12.76" pos="89.46" lane="1/3to2/3_0" slope="0.00"/>
    </timestep>
    <timestep time="622.00">
        <vehicle id="10" x="550.15" y="198.35" angle="90.00" type="DEFAULT_VEHTYPE" speed="12.63" pos="145.40" lane="2/1to3/1_0" slope="0.00"/>
        <vehicle id="12" x="398.35" y="56.58" angle="0.00" type="DEFAULT_VEHTYPE" speed="12.84" pos="138.67" lane="2/1to2/0_0" slope="0.00"/>
        <vehicle id="13" x="477.31" y="198.35" angle="90.00" type="DEFAULT_VEHTYPE" speed="13.39" pos="72.56" lane="2/1to3/1_0" slope="0.00"/>
        <vehicle id="3" x="401.65" y="687.75" angle="180.00" type="DEFAULT_VEHTYPE" speed="13.23" pos="83.00" lane="2/3to2/4_0" slope="0.00"/>
        <vehicle id="4" x="598.35" y="446.89" angle="0.00" type="DEFAULT_VEHTYPE" speed="13.61" pos="148.36" lane="3/3to3/2_0" slope="0.00"/>
        <vehicle id="5" x="491.98" y="401.65" angle="-90.00" type="DEFAULT_VEHTYPE" speed="13.50" pos="103.27" lane="3/2to2/2_0" slope="0.00"/>
        <vehicle id="6" x="186.97" y="398.35" angle="90.00" type="DEFAULT_VEHTYPE" speed="5.07" pos="186.97" lane="0/2to1/2_0" slope="0.00"/>
        <vehicle id="7" x="279.94" y="401.65" angle="-90.00" type="DEFAULT_VEHTYPE" speed="12.72" pos="115.31" lane="2/2to1/2_0" slope="0.00"/>
        <vehicle id="8" x="398.35" y="296.25" angle="0.00" type="DEFAULT_VEHTYPE" speed="12.73" pos="99.00" lane="2/2to2/1_0" slope="0.00"/>
        <vehicle id="9" x="307.59" y="598.35" angle="90.00" type="DEFAULT_VEHTYPE" speed="13.38" pos="102.84" lane="1/3to2/3_0" slope="0.00"/>
    </timestep>
    <timestep time="623.00">
        <vehicle id="10" x="563.59" y="198.35" angle="90.00" type="DEFAULT_VEHTYPE" speed="13.43" pos="158.84" lane="2/1to3/1_0" slope="0.00"/>
        <vehicle id="12" x="398.35" y="42.77" angle="0.00" type="DEFAULT_VEHTYPE" speed="13.81" pos="152.48" lane="2/1to2/0_0" slope="0.00"/>
        <vehicle id="13" x="490.73" y="198.35" angle="90.00" type="DEFAULT_VEHTYPE" speed="13.41" pos="85.98" lane="2/1to3/1_0" slope="0.00"/>
        <vehicle id="3" x="401.65" y="701.27" angle="180.00" type="DEFAULT_VEHTYPE" speed="13.51" pos="96.52" lane="2/3to2/4_0" slope="0.00"/>
        <vehicle id="4" x="598.35" y="433.82" angle="0.00" type="DEFAULT_VEHTYPE" speed="13.07" pos="161.43" lane="3/3to3/2_0" slope="0.00"/>
        <vehicle id="5" x="478.46" y="401.65" angle="-90.00" type="DEFAULT_VEHTYPE" speed="13.53" pos="116.79" lane="3/2to2/2_0" slope="0.00"/>
        <vehicle id="6" x="190.64" y="398.35" angle="90.00" type="DEFAULT_VEHTYPE" speed="3.67" pos="190.64" lane="0/2to1/2_0" slope="0.00"/>
        <vehicle id="7" x="266.86" y="401.65" angle="-90.00" type="DEFAULT_VEHTYPE" speed="13.08" pos="128.39" lane="2/2to1/2_0" slope="0.00"/>
        <vehicle id="8" x="398.35" y="282.81" angle="0.00" type="DEFAULT_VEHTYPE" speed="13.44" pos="112.44" lane="2/2to2/1_0" slope="0.00"/>
        <vehicle id="9" x="320.89" y="598.35" angle="90.00" type="DEFAULT_VEHTYPE" speed="13.30" pos="116.14" lane="1/3to2/3_0" slope="0.00"/>
    </timestep>
    <timestep time="624.00">
        <vehicle id="10" x="574.98" y="198.35" angle="90.00" type="DEFAULT_VEHTYPE" speed="11.40" pos="170.23" lane="2/1to3/1_0" slope="0.00"/>
        <vehicle id="12" x="398.35" y="29.33" angle="0.00" type="DEFAULT_VEHTYPE" speed="13.44" pos="165.92" lane="2/1to2/0_0" slope="0.00"/>
        <vehicle id="13" x="503.74" y="198.35" angle="90.00" type="DEFAULT_VEHTYPE" speed="13.02" pos="98.99" lane="2/1to3/1_0" slope="0.00"/>
        <vehicle id="3" x="401.65" y="715.00" angle="180.00" type="DEFAULT_VEHTYPE" speed="13.73" pos="110.25" lane="2/3to2/4_0" slope="0.00"/>
        <vehicle id="4" x="598.35" y="420.70" angle="0.00" type="DEFAULT_VEHTYPE" speed="13.12" pos="174.55" lane="3/3to3/2_0" slope="0.00"/>
        <vehicle id="5" x="464.64" y="401.65" angle="-90.00" type="DEFAULT_VEHTYPE" speed="13.82" pos="130.61" lane="3/2to2/2_0" slope="0.00"/>
        <vehicle id="6" x="195.73" y="398.42" angle="90.79" type="DEFAULT_VEHTYPE" speed="5.09" pos="0.49" lane=":1/2_14_0" slope="0.00"/>
        <vehicle id="7" x="253.45" y="401.65" angle="-90.00" type="DEFAULT_VEHTYPE" speed="13.41" pos="141.80" lane="2/2to1/2_0" slope="0.00"/>
        <vehicle id="8" x="398.35" y="269.78" angle="0.00" type="DEFAULT_VEHTYPE" speed="13.03" pos="125.47" lane="2/2to2/1_0" slope="0.00"/>
        <vehicle id="9" x="333.71" y="598.35" angle="90.00" type="DEFAULT_VEHTYPE" speed="12.83" pos="128.96" lane="1/3to2/3_0" slope="0.00"/>
    </timestep>
    <timestep time="625.00">
        <vehicle id="10" x="582.76" y="198.35" angle="90.00" type="DEFAULT_VEHTYPE" speed="7.78" pos="178.01" lane="2/1to3/1_0" slope="0.00"/>
        <vehicle id="12" x="398.35" y="16.32" angle="0.00" type="DEFAULT_VEHTYPE" speed="13.01" pos="178.93" lane="2/1to2/0_0" slope="0.00"/>
        <vehicle id="13" x="517.01" y="198.35" angle="90.00" type="DEFAULT_VEHTYPE" speed="13.27" pos="112.26" lane="2/1to3/1_0" slope="0.00"/>
        <vehicle id="3" x="401.65" y="727.80" angle="180.00" type="DEFAULT_VEHTYPE" speed="12.80" pos="123.05" lane="2/3to2/4_0" slope="0.00"/>
        <vehicle id="4" x="598.35" y="407.54" angle="0.00" type="DEFAULT_VEHTYPE" speed="13.16" pos="187.71" lane="3/3to3/2_0" slope="0.00"/>
        <vehicle id="5" x="451.57" y="401.65" angle="-90.00" type="DEFAULT_VEHTYPE" speed="13.07" pos="143.68" lane="3/2to2/2_0" slope="0.00"/>
        <vehicle id="6" x="201.28" y="402.13" angle="135.12" type="DEFAULT_VEHTYPE" speed="7.18" pos="7.67" lane=":1/2_14_0" slope="0.00"/>
        <vehicle id="7" x="240.06" y="401.65" angle="-90.00" type="DEFAULT_VEHTYPE" speed="13.39" pos="155.19" lane="2/2to1/2_0" slope="0.00"/>
        <vehicle id="8" x="398.35" y="256.76" angle="0.00" type="DEFAULT_VEHTYPE" speed="13.02" pos="138.49" lane="2/2to2/1_0" slope="0.00"/>
        <vehicle id="9" x="346.70" y="598.35" angle="90.00" type="DEFAULT_VEHTYPE" speed="12.99" pos="141.95" lane="1/3to2/3_0" slope="0.00"/>
    </timestep>
    <timestep time="626.00">
        <vehicle id="10" x="587.97" y="198.35" angle="90.00" type="DEFAULT_VEHTYPE" speed="5.21" pos="183.22" lane="2/1to3/1_0" slope="0.00"/>
        <vehicle id="12" x="398.35" y="2.89" angle="0.00" type="DEFAULT_VEHTYPE" speed="13.43" pos="192.36" lane="2/1to2/0_0" slope="0.00"/>
        <vehicle id="13" x="529.69" y="198.35" angle="90.00" type="DEFAULT_VEHTYPE" speed="12.67" pos="124.94" lane="2/1to3/1_0" slope="0.00"/>
        <vehicle id="3" x="401.65" y="741.12" angle="180.00" type="DEFAULT_VEHTYPE" speed="13.33" pos="136.37" lane="2/3to2/4_0" slope="0.00"/>
        <vehicle id="4" x="589.52" y="401.65" angle="-90.00" type="DEFAULT_VEHTYPE" speed="13.52" pos="5.73" lane="3/2to2/2_0" slope="0.00"/>
        <vehicle id="5" x="438.34" y="401.65" angle="-90.00" type="DEFAULT_VEHTYPE" speed="13.23" pos="156.91" lane="3/2to2/2_0" slope="0.00"/>
        <vehicle id="6" x="201.65" y="410.98" angle="180.00" type="DEFAULT_VEHTYPE" speed="8.88" pos="6.23" lane="1/2to1/3_0" slope="0.00"/>
        <vehicle id="7" x="226.92" y="401.65" angle="-90.00" type="DEFAULT_VEHTYPE" speed="13.14" pos="168.33" lane="2/2to1/2_0" slope="0.00"/>
        <vehicle id="8" x="398.35" y="243.38" angle="0.00" type="DEFAULT_VEHTYPE" speed="13.38" pos="151.87" lane="2/2to2/1_0" slope="0.00"/>
        <vehicle id="9" x="360.26" y="598.35" angle="90.00" type="DEFAULT_VEHTYPE" speed="13.55" pos="155.51" lane="1/3to2/3_0" slope="0.00"/>
    </timestep>
    <timestep time="627.00">
        <vehicle id="10" x="591.07" y="198.35" angle="90.00" type="DEFAULT_VEHTYPE" speed="3.10" pos="186.32" lane="2/1to3/1_0" slope="0.00"/>
        <vehicle id="12" x="401.65" y="4.96" angle="179.71" type="DEFAULT_VEHTYPE" speed="12.67" pos="4.96" lane="2/0to2/1_0" slope="0.00"/>
        <vehicle id="13" x="543.11" y="198.35" angle="90.00" type="DEFAULT_VEHTYPE" speed="13.42" pos="138.36" lane="2/1to3/1_0" slope="0.00"/>
        <vehicle id="3" x="401.65" y="754.56" angle="180.00" type="DEFAULT_VEHTYPE" speed="13.44" pos="149.81" lane="2/3to2/4_0" slope="0.00"/>
        <vehicle id="4" x="576.21" y="401.65" angle="-90.00" type="DEFAULT_VEHTYPE" speed="13.32" pos="19.04" lane="3/2to2/2_0" slope="0.00"/>
        <vehicle id="5" x="425.55" y="401.65" angle="-90.00" type="DEFAULT_VEHTYPE" speed="12.79" pos="169.70" lane="3/2to2/2_0" slope="0.00"/>
        <vehicle id="6" x="201.65" y="421.63" angle="180.00" type="DEFAULT_VEHTYPE" speed="10.66" pos="16.88" lane="1/2to1/3_0" slope="0.00"/>
        <vehicle id="7" x="218.12" y="401.65" angle="-90.00" type="DEFAULT_VEHTYPE" speed="8.80" pos="177.13" lane="2/2to1/2_0" slope="0.00"/>
        <vehicle id="8" x="398.35" y="230.67" angle="0.00" type="DEFAULT_VEHTYPE" speed="12.71" pos="164.58" lane="2/2to2/1_0" slope="0.00"/>
        <vehicle id="9" x="372.90" y="598.35" angle="90.00" type="DEFAULT_VEHTYPE" speed="12.64" pos="168.15" lane="1/3to2/3_0" slope="0.00"/>
    </timestep>
    <timestep time="628.00">
        <vehicle id="10" x="595.98" y="198.35" angle="90.00" type="DEFAULT_VEHTYPE" speed="4.91" pos="0.73" lane=":3/1_13_0" slope="0.00"/>
        <vehicle id="12" x="401.65" y="18.05" angle="180.00" type="DEFAULT_VEHTYPE" speed="13.10" pos="18.05" lane="2/0to2/1_0" slope="0.00"/>
        <vehicle id="13" x="556.18" y="198.35" angle="90.00" type="DEFAULT_VEHTYPE" speed="13.06" pos="151.43" lane="2/1to3/1_0" slope="0.00"/>
        <vehicle id="3" x="401.65" y="767.43" angle="180.00" type="DEFAULT_VEHTYPE" speed="12.87" pos="162.68" lane="2/3to2/4_0" slope="0.00"/>
        <vehicle id="4" x="563.54" y="401.65" angle="-90.00" type="DEFAULT_VEHTYPE" speed="12.66" pos="31.71" lane="3/2to2/2_0" slope="0.00"/>
        <vehicle id="5" x="416.81" y="401.65" angle="-90.00" type="DEFAULT_VEHTYPE" speed="8.74" pos="178.44" lane="3/2to2/2_0" slope="0.00"/>
        <vehicle id="6" x="201.65" y="434.57" angle="180.00" type="DEFAULT_VEHTYPE" speed="12.94" pos="29.82" lane="1/2to1/3_0" slope="0.00"/>
        <vehicle id="7" x="212.66" y="401.65" angle="-90.00" type="DEFAULT_VEHTYPE" speed="5.46" pos="182.59" lane="2/2to1/2_0" slope="0.00"/>
        <vehicle id="8" x="398.35" y="218.03" angle="0.00" type="DEFAULT_VEHTYPE" speed="12.64" pos="177.22" lane="2/2to2/1_0" slope="0.00"/>
        <vehicle id="9" x="382.37" y="598.35" angle="90.00" type="DEFAULT_VEHTYPE" speed="9.48" pos="177.62" lane="1/3to2/3_0" slope="0.00"/>
    </timestep>
    <timestep time="629.00">
        <vehicle id="10" x="602.94" y="198.35" angle="90.00" type="DEFAULT_VEHTYPE" speed="6.96" pos="7.69" lane=":3/1_13_0" slope="0.00"/>
        <vehicle id="12" x="401.65" y="30.73" angle="180.00" type="DEFAULT_VEHTYPE" speed="12.68" pos="30.73" lane="2/0to2/1_0" slope="0.00"/>
        <vehicle id="13" x="568.90" y="198.35" angle="90.00" type="DEFAULT_VEHTYPE" speed="12.72" pos="164.15" lane="2/1to3/1_0" slope="0.00"/>
        <vehicle id="3" x="401.65" y="780.61" angle="180.00" type="DEFAULT_VEHTYPE" speed="13.18" pos="175.86" lane="2/3to2/4_0" slope="0.00"/>
        <vehicle id="4" x="549.78" y="401.65" angle="-90.00" type="DEFAULT_VEHTYPE" speed="13.76" pos="45.47" lane="3/2to2/2_0" slope="0.00"/>
        <vehicle id="5" x="411.01" y="401.65" angle="-90.00" type="DEFAULT_VEHTYPE" speed="5.80" pos="184.24" lane="3/2to2/2_0" slope="0.00"/>
        <vehicle id="6" x="201.65" y="447.82" angle="180.00" type="DEFAULT_VEHTYPE" speed="13.25" pos="43.07" lane="1/2to1/3_0" slope="0.00"/>
        <vehicle id="7" x="208.93" y="401.65" angle="-90.00" type="DEFAULT_VEHTYPE" speed="3.72" pos="186.32" lane="2/2to1/2_0" slope="0.00"/>
        <vehicle id="8" x="398.35" y="205.40" angle="0.00" type="DEFAULT_VEHTYPE" speed="12.63" pos="189.85" lane="2/2to2/1_0" slope="0.00"/>
        <vehicle id="9" x="387.35" y="598.35" angle="90.00" type="DEFAULT_VEHTYPE" speed="4.98" pos="182.60" lane="1/3to2/3_0" slope="0.00"/>
    </timestep>
    <timestep time="630.00">
        <vehicle id="10" x="611.86" y="198.35" angle="90.00" type="DEFAULT_VEHTYPE" speed="8.92" pos="7.11" lane="3/1to4/1_0" slope="0.00"/>
        <vehicle id="12" x="401.65" y="43.34" angle="180.00" type="DEFAULT_VEHTYPE" speed="12.61" pos="43.34" lane="2/0to2/1_0" slope="0.00"/>
        <vehicle id="13" x="578.46" y="198.35" angle="90.00" type="DEFAULT_VEHTYPE" speed="9.56" pos="173.71" lane="2/1to3/1_0" slope="0.00"/>
        <vehicle id="3" x="401.65" y="793.49" angle="180.00" type="DEFAULT_VEHTYPE" speed="12.88" pos="188.74" lane="2/3to2/4_0" slope="0.00"/>
        <vehicle id="4" x="536.37" y="401.65" angle="-90.00" type="DEFAULT_VEHTYPE" speed="13.41" pos="58.88" lane="3/2to2/2_0" slope="0.00"/>
        <vehicle id="5" x="403.87" y="401.65" angle="-90.00" type="DEFAULT_VEHTYPE" speed="7.14" pos="0.88" lane=":2/2_5_0" slope="0.00"/>
        <vehicle id="6" x="201.65" y="461.53" angle="180.00" type="DEFAULT_VEHTYPE" speed="13.70" pos="56.78" lane="1/2to1/3_0" slope="0.00"/>
        <vehicle id="7" x="203.13" y="401.65" angle="-90.00" type="DEFAULT_VEHTYPE" speed="5.80" pos="1.62" lane=":1/2_5_0" slope="0.00"/>
        <vehicle id="8" x="398.35" y="192.69" angle="0.00" type="DEFAULT_VEHTYPE" speed="12.71" pos="2.56" lane="2/1to2/0_0" slope="0.00"/>
        <vehicle id="9" x="390.26" y="598.35" angle="90.00" type="DEFAULT_VEHTYPE" speed="2.91" pos="185.51" lane="1/3to2/3_0" slope="0.00"/>
    </timestep>
    <timestep time="631.00">
        <vehicle id="10" x="622.36" y="198.35" angle="90.00" type="DEFAULT_VEHTYPE" speed="10.50" pos="17.61" lane="3/1to4/1_0" slope="0.00"/>
        <vehicle id="12" x="401.65" y="56.77" angle="180.00" type="DEFAULT_VEHTYPE" speed="13.43" pos="56.77" lane="2/0to2/1_0" slope="0.00"/>
        <vehicle id="13" x="585.96" y="198.35" angle="90.00" type="DEFAULT_VEHTYPE" speed="7.50" pos="181.21" lane="2/1to3/1_0" slope="0.00"/>
        <vehicle id="3" x="398.35" y="797.67" angle="-25.99" type="DEFAULT_VEHTYPE" speed="13.66" pos="2.33" lane="2/4to2/3_0" slope="0.00"/>
        <vehicle id="4" x="523.63" y="401.65" angle="-90.00" type="DEFAULT_VEHTYPE" speed="12.74" pos="71.62" lane="3/2to2/2_0" slope="0.00"/>
        <vehicle id="5" x="394.71" y="401.65" angle="-90.00" type="DEFAULT_VEHTYPE" speed="9.16" pos="0.54" lane="2/2to1/2_0" slope="0.00"/>
        <vehicle id="6" x="201.65" y="474.49" angle="180.00" type="DEFAULT_VEHTYPE" speed="12.97" pos="69.74" lane="1/2to1/3_0" slope="0.00"/>
        <vehicle id="7" x="195.74" y="401.65" angle="-90.00" type="DEFAULT_VEHTYPE" speed="7.39" pos="9.01" lane=":1/2_5_0" slope="0.00"/>
        <vehicle id="8" x="398.35" y="179.91" angle="0.00" type="DEFAULT_VEHTYPE" speed="12.79" pos="15.34" lane="2/1to2/0_0" slope="0.00"/>
        <vehicle id="9" x="394.57" y="598.35" angle="90.00" type="DEFAULT_VEHTYPE" speed="4.31" pos="189.82" lane="1/3to2/3_0" slope="0.00"/>
    </timestep>
    <timestep time="632.00">
        <vehicle id="10" x="635.38" y="198.35" angle="90.00" type="DEFAULT_VEHTYPE" speed="13.02" pos="30.63" lane="3/1to4/1_0" slope="0.00"/>
        <vehicle id="12" x="401.65" y="70.34" angle="180.00" type="DEFAULT_VEHTYPE" speed="13.57" pos="70.34" lane="2/0to2/1_0" slope="0.00"/>
        <vehicle id="13" x="589.35" y="198.35" angle="90.00" type="DEFAULT_VEHTYPE" speed="3.40" pos="184.60" lane="2/1to3/1_0" slope="0.00"/>
        <vehicle id="3" x="398.35" y="784.56" angle="0.00" type="DEFAULT_VEHTYPE" speed="13.11" pos="15.44" lane="2/4to2/3_0" slope="0.00"/>
        <vehicle id="4" x="510.66" y="401.65" angle="-90.00" type="DEFAULT_VEHTYPE" speed="12.97" pos="84.59" lane="3/2to2/2_0" slope="0.00"/>
        <vehicle id="5" x="383.33" y="401.65" angle="-90.00" type="DEFAULT_VEHTYPE" speed="11.37" pos="11.92" lane="2/2to1/2_0" slope="0.00"/>
        <vehicle id="6" x="201.65" y="487.30" angle="180.00" type="DEFAULT_VEHTYPE" speed="12.80" pos="82.55" lane="1/2to1/3_0" slope="0.00"/>
        <vehicle id="7" x="186.42" y="401.65" angle="-90.00" type="DEFAULT_VEHTYPE" speed="9.32" pos="8.83" lane="1/2to0/2_0" slope="0.00"/>
        <vehicle id="8" x="398.35" y="167.23" angle="0.00" type="DEFAULT_VEHTYPE" speed="12.67" pos="28.02" lane="2/1to2/0_0" slope="0.00"/>
        <vehicle id="9" x="400.43" y="600.59" angle="116.21" type="DEFAULT_VEHTYPE" speed="6.59" pos="5.91" lane=":2/3_14_0" slope="0.00"/>
    </timestep>
    <timestep time="633.00">
        <vehicle id="10" x="648.07" y="198.35" angle="90.00" type="DEFAULT_VEHTYPE" speed="12.70" pos="43.32" lane="3/1to4/1_0" slope="0.00"/>
        <vehicle id="12" x="401.65" y="84.19" angle="180.00" type="DEFAULT_VEHTYPE" speed="13.85" pos="84.19" lane="2/0to2/1_0" slope="0.00"/>
        <vehicle id="13" x="594.77" y="198.35" angle="90.00" type="DEFAULT_VEHTYPE" speed="5.41" pos="190.02" lane="2/1to3/1_0" slope="0.00"/>
        <vehicle id="3" x="398.35" y="771.82" angle="0.00" type="DEFAULT_VEHTYPE" speed="12.74" pos="28.18" lane="2/4to2/3_0" slope="0.00"/>
        <vehicle id="4" x="497.84" y="401.65" angle="-90.00" type="DEFAULT_VEHTYPE" speed="12.82" pos="97.41" lane="3/2to2/2_0" slope="0.00"/>
        <vehicle id="5" x="370.41" y="401.65" angle="-90.00" type="DEFAULT_VEHTYPE" speed="12.93" pos="24.84" lane="2/2to1/2_0" slope="0.00"/>
        <vehicle id="6" x="201.65" y="500.91" angle="180.00" type="DEFAULT_VEHTYPE" speed="13.62" pos="96.16" lane="1/2to1/3_0" slope="0.00"/>
        <vehicle id="7" x="174.58" y="401.65" angle="-90.00" type="DEFAULT_VEHTYPE" speed="11.84" pos="20.67" lane="1/2to0/2_0" slope="0.00"/>
        <vehicle id="8" x="398.35" y="153.47" angle="0.00" type="DEFAULT_VEHTYPE" speed="13.76" pos="41.78" lane="2/1to2/0_0" slope="0.00"/>
        <vehicle id="9" x="401.65" y="608.79" angle="178.44" type="DEFAULT_VEHTYPE" speed="8.45" pos="4.04" lane="2/3to2/4_0" slope="0.00"/>
    </timestep>
    <timestep time="634.00">
        <vehicle id="10" x="661.38" y="198.35" angle="90.00" type="DEFAULT_VEHTYPE" speed="13.30" pos="56.63" lane="3/1to4/1_0" slope="0.00"/>
        <vehicle id="12" x="401.65" y="97.51" angle="180.00" type="DEFAULT_VEHTYPE" speed="13.32" pos="97.51" lane="2/0to2/1_0" slope="0.00"/>
        <vehicle id="13" x="601.54" y="198.35" angle="90.00" type="DEFAULT_VEHTYPE" speed="6.77" pos="6.29" lane=":3/1_13_0" slope="0.00"/>
        <vehicle id="3" x="398.35" y="758.09" angle="0.00" type="DEFAULT_VEHTYPE" speed="13.74" pos="41.91" lane="2/4to2/3_0" slope="0.00"/>
        <vehicle id="4" x="484.78" y="401.65" angle="-90.00" type="DEFAULT_VEHTYPE" speed="13.06" pos="110.47" lane="3/2to2/2_0" slope="0.00"/>
        <vehicle id="5" x="357.47" y="401.65" angle="-90.00" type="DEFAULT_VEHTYPE" speed="12.94" pos="37.78" lane="2/2to1/2_0" slope="0.00"/>
        <vehicle id="6" x="201.65" y="514.17" angle="180.00" type="DEFAULT_VEHTYPE" speed="13.26" pos="109.42" lane="1/2to1/3_0" slope="0.00"/>
        <vehicle id="7" x="161.08" y="401.65" angle="-90.00" type="DEFAULT_VEHTYPE" speed="13.50" pos="34.17" lane="1/2to0/2_0" slope="0.00"/>
        <vehicle id="8" x="398.35" y="140.70" angle="0.00" type="DEFAULT_VEHTYPE" speed="12.77" pos="54.55" lane="2/1to2/0_0" slope="0.00"/>
        <vehicle id="9" x="401.65" y="619.64" angle="180.00" type="DEFAULT_VEHTYPE" speed="10.85" pos="14.89" lane="2/3to2/4_0" slope="0.00"/>
    </timestep>
    <timestep time="635.00">
        <vehicle id="10" x="674.85" y="198.35" angle="90.00" type="DEFAULT_VEHTYPE" speed="13.47" pos="70.10" lane="3/1to4/1_0" slope="0.00"/>
        <vehicle id="12" x="401.65" y="110.60" angle="180.00" type="DEFAULT_VEHTYPE" speed="13.09" pos="110.60" lane="2/0to2/1_0" slope="0.00"/>
        <vehicle id="13" x="610.51" y="198.35" angle="90.00" type="DEFAULT_VEHTYPE" speed="8.97" pos="5.76" lane="3/1to4/1_0" slope="0.00"/>
        <vehicle id="3" x="398.35" y="744.61" angle="0.00" type="DEFAULT_VEHTYPE" speed="13.48" pos="55.39" lane="2/4to2/3_0" slope="0.00"/>
        <vehicle id="4" x="471.78" y="401.65" angle="-90.00" type="DEFAULT_VEHTYPE" speed="13.00" pos="123.47" lane="3/2to2/2_0" slope="0.00"/>
        <vehicle id="5" x="344.81" y="401.65" angle="-90.00" type="DEFAULT_VEHTYPE" speed="12.66" pos="50.44" lane="2/2to1/2_0" slope="0.00"/>
        <vehicle id="6" x="201.65" y="527.00" angle="180.00" type="DEFAULT_VEHTYPE" speed="12.83" pos="122.25" lane="1/2to1/3_0" slope="0.00"/>
        <vehicle id="7" x="147.89" y="401.65" angle="-90.00" type="DEFAULT_VEHTYPE" speed="13.20" pos="47.36" lane="1/2to0/2_0" slope="0.00"/>
        <vehicle id="8" x="398.35" y="127.39" angle="0.00" type="DEFAULT_VEHTYPE" speed="13.30" pos="67.86" lane="2/1to2/0_0" slope="0.00"/>
        <vehicle id="9" x="401.65" y="632.98" angle="180.00" type="DEFAULT_VEHTYPE" speed="13.34" pos="28.23" lane="2/3to2/4_0" slope="0.00"/>
    </timestep>
    <timestep time="636.00">
        <vehicle id="10" x="688.74" y="198.35" angle="90.00" type="DEFAULT_VEHTYPE" speed="13.89" pos="83.99" lane="3/1to4/1_0" slope="0.00"/>
        <vehicle id="12" x="401.65" y="123.47" angle="180.00" type="DEFAULT_VEHTYPE" speed="12.87" pos="123.47" lane="2/0to2/1_0" slope="0.00"/>
        <vehicle id="13" x="621.22" y="198.35" angle="90.00" type="DEFAULT_VEHTYPE" speed="10.71" pos="16.47" lane="3/1to4/1_0" slope="0.00"/>
        <vehicle id="3" x="398.35" y="732.00" angle="0.00" type="DEFAULT_VEHTYPE" speed="12.60" pos="68.00" lane="2/4to2/3_0" slope="0.00"/>
        <vehicle id="4" x="458.57" y="401.65" angle="-90.00" type="DEFAULT_VEHTYPE" speed="13.21" pos="136.68" lane="3/2to2/2_0" slope="0.00"/>
        <vehicle id="5" x="331.34" y="401.65" angle="-90.00" type="DEFAULT_VEHTYPE" speed="13.48" pos="63.91" lane="2/2to1/2_0" slope="0.00"/>
        <vehicle id="6" x="201.65" y="540.00" angle="180.00" type="DEFAULT_VEHTYPE" speed="13.00" pos="135.25" lane="1/2to1/3_0" slope="0.00"/>
        <vehicle id="7" x="134.57" y="401.65" angle="-90.00" type="DEFAULT_VEHTYPE" speed="13.32" pos="60.68" lane="1/2to0/2_0" slope="0.00"/>
        <vehicle id="8" x="398.35" y="114.21" angle="0.00" type="DEFAULT_VEHTYPE" speed="13.19" pos="81.04" lane="2/1to2/0_0" slope="0.00"/>
        <vehicle id="9" x="401.65" y="646.10" angle="180.00" type="DEFAULT_VEHTYPE" speed="13.12" pos="41.35" lane="2/3to2/4_0" slope="0.00"/>
    </timestep>
    <timestep time="637.00">
        <vehicle id="10" x="702.41" y="198.35" angle="90.00" type="DEFAULT_VEHTYPE" speed="13.66" pos="97.66" lane="3/1to4/1_0" slope="0.00"/>
        <vehicle id="12" x="401.65" y="137.18" angle="180.00" type="DEFAULT_VEHTYPE" speed="13.71" pos="137.18" lane="2/0to2/1_0" slope="0.00"/>
        <vehicle id="13" x="633.35" y="198.35" angle="90.00" type="DEFAULT_VEHTYPE" speed="12.13" pos="28.60" lane="3/1to4/1_0" slope="0.00"/>
        <vehicle id="3" x="398.35" y="718.15" angle="0.00" type="DEFAULT_VEHTYPE" speed="13.85" pos="81.85" lane="2/4to2/3_0" slope="0.00"/>
        <vehicle id="4" x="445.88" y="401.65" angle="-90.00" type="DEFAULT_VEHTYPE" speed="12.69" pos="149.37" lane="3/2to2/2_0" slope="0.00"/>
        <vehicle id="5" x="318.68" y="401.65" angle="-90.00" type="DEFAULT_VEHTYPE" speed="12.65" pos="76.57" lane="2/2to1/2_0" slope="0.00"/>
        <vehicle id="6" x="201.65" y="553.77" angle="180.00" type="DEFAULT_VEHTYPE" speed="13.78" pos="149.02" lane="1/2to1/3_0" slope="0.00"/>
        <vehicle id="7" x="121.25" y="401.65" angle="-90.00" type="DEFAULT_VEHTYPE" speed="13.33" pos="74.00" lane="1/2to0/2_0" slope="0.00"/>
        <vehicle id="8" x="398.35" y="100.79" angle="0.00" type="DEFAULT_VEHTYPE" speed="13.41" pos="94.46" lane="2/1to2/0_0" slope="0.00"/>
        <vehicle id="9" x="401.65" y="658.99" angle="180.00" type="DEFAULT_VEHTYPE" speed="12.88" pos="54.24" lane="2/3to2/4_0" slope="0.00"/>
    </timestep>
    <timestep time="638.00">
        <vehicle id="10" x="715.51" y="198.35" angle="90.00" type="DEFAULT_VEHTYPE" speed="13.10" pos="110.76" lane="3/1to4/1_0" slope="0.00"/>
        <vehicle id="12" x="401.65" y="150.57" angle="180.00" type="DEFAULT_VEHTYPE" speed="13.40" pos="150.57" lane="2/0to2/1_0" slope="0.00"/>
        <vehicle id="13" x="646.25" y="198.35" angle="90.00" type="DEFAULT_VEHTYPE" speed="12.90" pos="41.50" lane="3/1to4/1_0" slope="0.00"/>
        <vehicle id="3" x="398.35" y="704.38" angle="0.00" type="DEFAULT_VEHTYPE" speed="13.78" pos="95.62" lane="2/4to2/3_0" slope="0.00"/>
        <vehicle id="4" x="432.13" y="401.65" angle="-90.00" type="DEFAULT_VEHTYPE" speed="13.75" pos="163.12" lane="3/2to2/2_0" slope="0.00"/>
        <vehicle id="5" x="305.45" y="401.65" angle="-90.00" type="DEFAULT_VEHTYPE" speed="13.23" pos="89.80" lane="2/2to1/2_0" slope="0.00"/>
        <vehicle id="6" x="201.65" y="567.66" angle="180.00" type="DEFAULT_VEHTYPE" speed="13.89" pos="162.91" lane="1/2to1/3_0" slope="0.00"/>
        <vehicle id="7" x="107.93" y="401.65" angle="-90.00" type="DEFAULT_VEHTYPE" speed="13.32" pos="87.32" lane="1/2to0/2_0" slope="0.00"/>
        <vehicle id="8" x="398.35" y="87.67" angle="0.00" type="DEFAULT_VEHTYPE" speed="13.13" pos="107.58" lane="2/1to2/0_0" slope="0.00"/>
        <vehicle id="9" x="401.65" y="671.80" angle="180.00" type="DEFAULT_VEHTYPE" speed="12.81" pos="67.05" lane="2/3to2/4_0" slope="0.00"/>
    </timestep>
    <timestep time="639.00">
        <vehicle id="10" x="728.75" y="198.35" angle="90.00" type="DEFAULT_VEHTYPE" speed="13.24" pos="124.00" lane="3/1to4/1_0" slope="0.00"/>
        <vehicle id="12" x="401.65" y="163.81" angle="180.00" type="DEFAULT_VEHTYPE" speed="13.24" pos="163.81" lane="2/0to2/1_0" slope="0.00"/>
        <vehicle id="13" x="659.69" y="198.35" angle="90.00" type="DEFAULT_VEHTYPE" speed="13.45" pos="54.94" lane="3/1to4/1_0" slope="0.00"/>
        <vehicle id="3" x="398.35" y="691.02" angle="0.00" type="DEFAULT_VEHTYPE" speed="13.36" pos="108.98" lane="2/4to2/3_0" slope="0.00"/>
        <vehicle id="4" x="421.59" y="401.65" angle="-90.00" type="DEFAULT_VEHTYPE" speed="10.54" pos="173.66" lane="3/2to2/2_0" slope="0.00"/>
        <vehicle id="5" x="292.53" y="401.65" angle="-90.00" type="DEFAULT_VEHTYPE" speed="12.92" pos="102.72" lane="2/2to1/2_0" slope="0.00"/>
        <vehicle id="6" x="201.65" y="580.33" angle="180.00" type="DEFAULT_VEHTYPE" speed="12.67" pos="175.58" lane="1/2to1/3_0" slope="0.00"/>
        <vehicle id="7" x="94.39" y="401.65" angle="-90.00" type="DEFAULT_VEHTYPE" speed="13.53" pos="100.86" lane="1/2to0/2_0" slope="0.00"/>
        <vehicle id="8" x="398.35" y="73.96" angle="0.00" type="DEFAULT_VEHTYPE" speed="13.70" pos="121.29" lane="2/1to2/0_0" slope="0.00"/>
        <vehicle id="9" x="401.65" y="684.73" angle="180.00" type="DEFAULT_VEHTYPE" speed="12.93" pos="79.98" lane="2/3to2/4_0" slope="0.00"/>
    </timestep>
    <timestep time="640.00">
        <vehicle id="10" x="742.21" y="198.35" angle="90.00" type="DEFAULT_VEHTYPE" speed="13.46" pos="137.46" lane="3/1to4/1_0" slope="0.00"/>
        <vehicle id="12" x="401.65" y="176.53" angle="180.00" type="DEFAULT_VEHTYPE" speed="12.72" pos="176.53" lane="2/0to2/1_0" slope="0.00"/>
        <vehicle id="13" x="672.92" y="198.35" angle="90.00" type="DEFAULT_VEHTYPE" speed="13.22" pos="68.17" lane="3/1to4/1_0" slope="0.00"/>
        <vehicle id="3" x="398.35" y="677.68" angle="0.00" type="DEFAULT_VEHTYPE" speed="13.34" pos="122.32" lane="2/4to2/3_0" slope="0.00"/>
        <vehicle id="4" x="414.66" y="401.65" angle="-90.00" type="DEFAULT_VEHTYPE" speed="6.93" pos="180.59" lane="3/2to2/2_0" slope="0.00"/>
        <vehicle id="5" x="279.34" y="401.65" angle="-90.00" type="DEFAULT_VEHTYPE" speed="13.19" pos="115.91" lane="2/2to1/2_0" slope="0.00"/>
        <vehicle id="6" x="201.65" y="593.43" angle="180.00" type="DEFAULT_VEHTYPE" speed="13.10" pos="188.68" lane="1/2to1/3_0" slope="0.00"/>
        <vehicle id="7" x="81.27" y="401.65" angle="-90.00" type="DEFAULT_VEHTYPE" speed="13.13" pos="113.98" lane="1/2to0/2_0" slope="0.00"/>
        <vehicle id="8" x="398.35" y="60.91" angle="0.00" type="DEFAULT_VEHTYPE" speed="13.06" pos="134.34" lane="2/1to2/0_0" slope="0.00"/>
        <vehicle id="9" x="401.65" y="697.62" angle="180.00" type="DEFAULT_VEHTYPE" speed="12.89" pos="92.87" lane="2/3to2/4_0" slope="0.00"/>
    </timestep>
    <timestep time="641.00">
        <vehicle id="10" x="755.87" y="198.35" angle="90.00" type="DEFAULT_VEHTYPE" speed="13.66" pos="151.12" lane="3/1to4/1_0" slope="0.00"/>
        <vehicle id="12" x="401.65" y="189.21" angle="180.00" type="DEFAULT_VEHTYPE" speed="12.68" pos="189.21" lane="2/0to2/1_0" slope="0.00"/>
        <vehicle id="13" x="686.44" y="198.35" angle="90.00" type="DEFAULT_VEHTYPE" speed="13.52" pos="81.69" lane="3/1to4/1_0" slope="0.00"/>
        <vehicle id="3" x="398.35" y="664.02" angle="0.00" type="DEFAULT_VEHTYPE" speed="13.66" pos="135.98" lane="2/4to2/3_0" slope="0.00"/>
        <vehicle id="4" x="410.84" y="401.65" angle="-90.00" type="DEFAULT_VEHTYPE" speed="3.82" pos="184.41" lane="3/2to2/2_0" slope="0.00"/>
        <vehicle id="5" x="266.54" y="401.65" angle="-90.00" type="DEFAULT_VEHTYPE" speed="12.80" pos="128.71" lane="2/2to1/2_0" slope="0.00"/>
        <vehicle id="6" x="211.70" y="598.35" angle="90.00" type="DEFAULT_VEHTYPE" speed="13.77" pos="6.95" lane="1/3to2/3_0" slope="0.00"/>
        <vehicle id="7" x="67.62" y="401.65" angle="-90.00" type="DEFAULT_VEHTYPE" speed="13.65" pos="127.63" lane="1/2to0/2_0" slope="0.00"/>
        <vehicle id="8" x="398.35" y="47.54" angle="0.00" type="DEFAULT_VEHTYPE" speed="13.37" pos="147.71" lane="2/1to2/0_0" slope="0.00"/>
        <vehicle id="9" x="401.65" y="710.30" angle="180.00" type="DEFAULT_VEHTYPE" speed="12.68" pos="105.55" lane="2/3to2/4_0" slope="0.00"/>
    </timestep>
    <timestep time="642.00">
        <vehicle id="10" x="768.72" y="198.35" angle="90.00" type="DEFAULT_VEHTYPE" speed="12.84" pos="163.97" lane="3/1to4/1_0" slope="0.00"/>
        <vehicle id="12" x="407.36" y="198.35" angle="98.39" type="DEFAULT_VEHTYPE" speed="13.65" pos="2.61" lane="2/1to3/1_0" slope="0.00"/>
        <vehicle id="13" x="699.57" y="198.35" angle="90.00" type="DEFAULT_VEHTYPE" speed="13.13" pos="94.82" lane="3/1to4/1_0" slope="0.00"/>
        <vehicle id="3" x="398.35" y="651.21" angle="0.00" type="DEFAULT_VEHTYPE" speed="12.81" pos="148.79" lane="2/4to2/3_0" slope="0.00"/>
        <vehicle id="4" x="404.74" y="401.65" angle="-89.99" type="DEFAULT_VEHTYPE" speed="6.09" pos="0.01" lane=":2/2_6_0" slope="0.00"/>
        <vehicle id="5" x="253.40" y="401.65" angle="-90.00" type="DEFAULT_VEHTYPE" speed="13.14" pos="141.85" lane="2/2to1/2_0" slope="0.00"/>
        <vehicle id="6" x="224.41" y="598.35" angle="90.00" type="DEFAULT_VEHTYPE" speed="12.71" pos="19.66" lane="1/3to2/3_0" slope="0.00"/>
        <vehicle id="7" x="54.59" y="401.65" angle="-90.00" type="DEFAULT_VEHTYPE" speed="13.03" pos="140.66" lane="1/2to0/2_0" slope="0.00"/>
        <vehicle id="8" x="398.35" y="34.42" angle="0.00" type="DEFAULT_VEHTYPE" speed="13.12" pos="160.83" lane="2/1to2/0_0" slope="0.00"/>
        <vehicle id="9" x="401.65" y="723.56" angle="180.00" type="DEFAULT_VEHTYPE" speed="13.26" pos="118.81" lane="2/3to2/4_0" slope="0.00"/>
    </timestep>
    <timestep time="643.00">
        <vehicle id="10" x="781.76" y="198.35" angle="90.00" type="DEFAULT_VEHTYPE" speed="13.04" pos="177.01" lane="3/1to4/1_0" slope="0.00"/>
        <vehicle id="12" x="420.59" y="198.35" angle="90.00" type="DEFAULT_VEHTYPE" speed="13.23" pos="15.84" lane="2/1to3/1_0" slope="0.00"/>
        <vehicle id="13" x="713.36" y="198.35" angle="90.00" type="DEFAULT_VEHTYPE" speed="13.79" pos="108.61" lane="3/1to4/1_0" slope="0.00"/>
        <vehicle id="3" x="398.35" y="638.54" angle="0.00" type="DEFAULT_VEHTYPE" speed="12.67" pos="161.46" lane="2/4to2/3_0" slope="0.00"/>
        <vehicle id="4" x="398.63" y="397.22" angle="-37.46" type="DEFAULT_VEHTYPE" speed="8.32" pos="8.33" lane=":2/2_6_0" slope="0.00"/>
        <vehicle id="5" x="240.44" y="401.65" angle="-90.00" type="DEFAULT_VEHTYPE" speed="12.96" pos="154.81" lane="2/2to1/2_0" slope="0.00"/>
        <vehicle id="6" x="238.25" y="598.35" angle="90.00" type="DEFAULT_VEHTYPE" speed="13.84" pos="33.50" lane="1/3to2/3_0" slope="0.00"/>
        <vehicle id="7" x="41.67" y="401.65" angle="-90.00" type="DEFAULT_VEHTYPE" speed="12.92" pos="153.58" lane="1/2to0/2_0" slope="0.00"/>
        <vehicle id="8" x="398.35" y="21.37" angle="0.00" type="DEFAULT_VEHTYPE" speed="13.05" pos="173.88" lane="2/1to2/0_0" slope="0.00"/>
        <vehicle id="9" x="401.65" y="736.97" angle="180.00" type="DEFAULT_VEHTYPE" speed="13.41" pos="132.22" lane="2/3to2/4_0" slope="0.00"/>
    </timestep>
    <timestep time="644.00">
        <vehicle id="10" x="795.41" y="198.35" angle="90.00" type="DEFAULT_VEHTYPE" speed="13.65" pos="190.66" lane="3/1to4/1_0" slope="0.00"/>
        <vehicle id="12" x="434.16" y="198.35" angle="90.00" type="DEFAULT_VEHTYPE" speed="13.57" pos="29.41" lane="2/1to3/1_0" slope="0.00"/>
        <vehicle id="13" x="726.73" y="198.35" angle="90.00" type="DEFAULT_VEHTYPE" speed="13.37" pos="121.98" lane="3/1to4/1_0" slope="0.00"/>
        <vehicle id="3" x="398.35" y="625.61" angle="0.00" type="DEFAULT_VEHTYPE" speed="12.94" pos="174.39" lane="2/4to2/3_0" slope="0.00"/>
        <vehicle id="4" x="398.35" y="387.10" angle="0.00" type="DEFAULT_VEHTYPE" speed="10.14" pos="8.15" lane="2/2to2/1_0" slope="0.00"/>
        <vehicle id="5" x="228.27" y="401.65" angle="-90.00" type="DEFAULT_VEHTYPE" speed="12.17" pos="166.98" lane="2/2to1/2_0" slope="0.00"/>
        <vehicle id="6" x="251.62" y="598.35" angle="90.00" type="DEFAULT_VEHTYPE" speed="13.36" pos="46.87" lane="1/3to2/3_0" slope="0.00"/>
        <vehicle id="7" x="28.96" y="401.65" angle="-90.00" type="DEFAULT_VEHTYPE" speed="12.72" pos="166.29" lane="1/2to0/2_0" slope="0.00"/>
        <vehicle id="8" x="398.35" y="7.54" angle="0.00" type="DEFAULT_VEHTYPE" speed="13.82" pos="187.71" lane="2/1to2/0_0" slope="0.00"/>
        <vehicle id="9" x="401.65" y="749.58" angle="180.00" type="DEFAULT_VEHTYPE" speed="12.61" pos="144.83" lane="2/3to2/4_0" slope="0.00"/>
    </timestep>
    <timestep time="645.00">
        <vehicle id="10" x="796.16" y="201.65" angle="-97.63" type="DEFAULT_VEHTYPE" speed="13.25" pos="3.84" lane="4/1to3/1_0" slope="0.00"/>
        <vehicle id="12" x="447.76" y="198.35" angle="90.00" type="DEFAULT_VEHTYPE" speed="13.61" pos="43.01" lane="2/1to3/1_0" slope="0.00"/>
        <vehicle id="13" x="739.36" y="198.35" angle="90.00" type="DEFAULT_VEHTYPE" speed="12.63" pos="134.61" lane="3/1to4/1_0" slope="0.00"/>
        <vehicle id="3" x="398.35" y="611.78" angle="0.00" type="DEFAULT_VEHTYPE" speed="13.83" pos="188.22" lane="2/4to2/3_0" slope="0.00"/>
        <vehicle id="4" x="398.35" y="375.50" angle="0.00" type="DEFAULT_VEHTYPE" speed="11.61" pos="19.75" lane="2/2to2/1_0" slope="0.00"/>
        <vehicle id="5" x="219.15" y="401.65" angle="-90.00" type="DEFAULT_VEHTYPE" speed="9.11" pos="176.10" lane="2/2to1/2_0" slope="0.00"/>
        <vehicle id="6" x="264.90" y="598.35" angle="90.00" type="DEFAULT_VEHTYPE" speed="13.28" pos="60.15" lane="1/3to2/3_0" slope="0.00"/>
        <vehicle id="7" x="15.61" y="401.65" angle="-90.00" type="DEFAULT_VEHTYPE" speed="13.34" pos="179.64" lane="1/2to0/2_0" slope="0.00"/>
        <vehicle id="8" x="401.65" y="1.02" angle="121.27" type="DEFAULT_VEHTYPE" speed="13.38" pos="1.02" lane="2/0to2/1_0" slope="0.00"/>
        <vehicle id="9" x="401.65" y="762.85" angle="180.00" type="DEFAULT_VEHTYPE" speed="13.27" pos="158.10" lane="2/3to2/4_0" slope="0.00"/>
    </timestep>
    <timestep time="646.00">
        <vehicle id="10" x="782.75" y="201.65" angle="-90.00" type="DEFAULT_VEHTYPE" speed="13.40" pos="17.25" lane="4/1to3/1_0" slope="0.00"/>
        <vehicle id="12" x="461.61" y="198.35" angle="90.00" type="DEFAULT_VEHTYPE" speed="13.85" pos="56.86" lane="2/1to3/1_0" slope="0.00"/>
        <vehicle id="13" x="753.17" y="198.35" angle="90.00" type="DEFAULT_VEHTYPE" speed="13.80" pos="148.42" lane="3/1to4/1_0" slope="0.00"/>
        <vehicle id="3" x="398.35" y="598.56" angle="0.00" type="DEFAULT_VEHTYPE" speed="13.22" pos="6.19" lane=":2/3_1_0" slope="0.00"/>
        <vehicle id="4" x="398.35" y="362.27" angle="0.00" type="DEFAULT_VEHTYPE" speed="13.23" pos="32.98" lane="2/2to2/1_0" slope="0.00"/>
        <vehicle id="5" x="212.71" y="401.65" angle="-90.00" type="DEFAULT_VEHTYPE" speed="6.45" pos="182.54" lane="2/2to1/2_0" slope="0.00"/>
        <vehicle id="6" x="277.61" y="598.35" angle="90.00" type="DEFAULT_VEHTYPE" speed="12.71" pos="72.86" lane="1/3to2/3_0" slope="0.00"/>
        <vehicle id="7" x="2.08" y="401.65" angle="-90.00" type="DEFAULT_VEHTYPE" speed="13.53" pos="193.17" lane="1/2to0/2_0" slope="0.00"/>
        <vehicle id="8" x="401.65" y="14.79" angle="180.00" type="DEFAULT_VEHTYPE" speed="13.77" pos="14.79" lane="2/0to2/1_0" slope="0.00"/>
        <vehicle id="9" x="401.65" y="775.82" angle="180.00" type="DEFAULT_VEHTYPE" speed="12.96" pos="171.07" lane="2/3to2/4_0" slope="0.00"/>
    </timestep>
    <timestep time="647.00">
        <vehicle id="10" x="769.00" y="201.65" angle="-90.00" type="DEFAULT_VEHTYPE" speed="13.75" pos="31.00" lane="4/1to3/1_0" slope="0.00"/>
        <vehicle id="12" x="474.84" y="198.35" angle="90.00" type="DEFAULT_VEHTYPE" speed="13.23" pos="70.09" lane="2/1to3/1_0" slope="0.00"/>
        <vehicle id="13" x="767.01" y="198.35" angle="90.00" type="DEFAULT_VEHTYPE" speed="13.85" pos="162.26" lane="3/1to4/1_0" slope="0.00"/>
        <vehicle id="3" x="398.35" y="585.65" angle="0.00" type="DEFAULT_VEHTYPE" speed="12.91" pos="9.60" lane="2/3to2/2_0" slope="0.00"/>
        <vehicle id="4" x="398.35" y="349.25" angle="0.00" type="DEFAULT_VEHTYPE" speed="13.02" pos="46.00" lane="2/2to2/1_0" slope="0.00"/>
        <vehicle id="5" x="208.88" y="401.65" angle="-90.00" type="DEFAULT_VEHTYPE" speed="3.83" pos="186.37" lane="2/2to1/2_0" slope="0.00"/>
        <vehicle id="6" x="290.65" y="598.35" angle="90.00" type="DEFAULT_VEHTYPE" speed="13.04" pos="85.90" lane="1/3to2/3_0" slope="0.00"/>
        <vehicle id="7" x="6.78" y="398.35" angle="90.00" type="DEFAULT_VEHTYPE" speed="13.69" pos="6.78" lane="0/2to1/2_0" slope="0.00"/>
        <vehicle id="8" x="401.65" y="28.45" angle="180.00" type="DEFAULT_VEHTYPE" speed="13.66" pos="28.45" lane="2/0to2/1_0" slope="0.00"/>
        <vehicle id="9" x="401.65" y="789.04" angle="180.00" type="DEFAULT_VEHTYPE" speed="13.22" pos="184.29" lane="2/3to2/4_0" slope="0.00"/>
    </timestep>
    <timestep time="648.00">
        <vehicle id="10" x="755.52" y="201.65" angle="-90.00" type="DEFAULT_VEHTYPE" speed="13.48" pos="44.48" lane="4/1to3/1_0" slope="0.00"/>
        <vehicle id="12" x="488.69" y="198.35" angle="90.00" type="DEFAULT_VEHTYPE" speed="13.85" pos="83.94" lane="2/1to3/1_0" slope="0.00"/>
        <vehicle id="13" x="780.67" y="198.35" angle="90.00" type="DEFAULT_VEHTYPE" speed="13.66" pos="175.92" lane="3/1to4/1_0" slope="0.00"/>
        <vehicle id="3" x="398.35" y="572.85" angle="0.00" type="DEFAULT_VEHTYPE" speed="12.80" pos="22.40" lane="2/3to2/2_0" slope="0.00"/>
        <vehicle id="4" x="398.35" y="335.47" angle="0.00" type="DEFAULT_VEHTYPE" speed="13.79" pos="59.78" lane="2/2to2/1_0" slope="0.00"/>
        <vehicle id="5" x="203.71" y="401.50" angle="-88.29" type="DEFAULT_VEHTYPE" speed="5.18" pos="1.05" lane=":1/2_6_0" slope="0.00"/>
        <vehicle id="6" x="303.64" y="598.35" angle="90.00" type="DEFAULT_VEHTYPE" speed="12.99" pos="98.89" lane="1/3to2/3_0" slope="0.00"/>
        <vehicle id="7" x="19.69" y="398.35" angle="90.00" type="DEFAULT_VEHTYPE" speed="12.90" pos="19.69" lane="0/2to1/2_0" slope="0.00"/>
        <vehicle id="8" x="401.65" y="42.09" angle="180.00" type="DEFAULT_VEHTYPE" speed="13.64" pos="42.09" lane="2/0to2/1_0" slope="0.00"/>
        <vehicle id="9" x="399.92" y="801.61" angle="-157.25" type="DEFAULT_VEHTYPE" speed="13.46" pos="2.50" lane=":2/4_0_0" slope="0.00"/>
    </timestep>
    <timestep time="649.00">
        <vehicle id="10" x="742.38" y="201.65" angle="-90.00" type="DEFAULT_VEHTYPE" speed="13.14" pos="57.62" lane="4/1to3/1_0" slope="0.00"/>
        <vehicle id="12" x="502.28" y="198.35" angle="90.00" type="DEFAULT_VEHTYPE" speed="13.59" pos="97.53" lane="2/1to3/1_0" slope="0.00"/>
        <vehicle id="13" x="793.53" y="198.35" angle="90.00" type="DEFAULT_VEHTYPE" speed="12.87" pos="188.78" lane="3/1to4/1_0" slope="0.00"/>
        <vehicle id="3" x="398.35" y="559.02" angle="0.00" type="DEFAULT_VEHTYPE" speed="13.83" pos="36.23" lane="2/3to2/2_0" slope="0.00"/>
        <vehicle id="4" x="398.35" y="322.61" angle="0.00" type="DEFAULT_VEHTYPE" speed="12.85" pos="72.64" lane="2/2to2/1_0" slope="0.00"/>
        <vehicle id="5" x="198.68" y="397.57" angle="-41.06" type="DEFAULT_VEHTYPE" speed="6.93" pos="7.98" lane=":1/2_6_0" slope="0.00"/>
        <vehicle id="6" x="316.83" y="598.35" angle="90.00" type="DEFAULT_VEHTYPE" speed="13.19" pos="112.08" lane="1/3to2/3_0" slope="0.00"/>
        <vehicle id="7" x="32.81" y="398.35" angle="90.00" type="DEFAULT_VEHTYPE" speed="13.12" pos="32.81" lane="0/2to1/2_0" slope="0.00"/>
        <vehicle id="8" x="401.65" y="55.36" angle="180.00" type="DEFAULT_VEHTYPE" speed="13.27" pos="55.36" lane="2/0to2/1_0" slope="0.00"/>
        <vehicle id="9" x="398.35" y="789.72" angle="0.00" type="DEFAULT_VEHTYPE" speed="12.61" pos="10.28" lane="2/4to2/3_0" slope="0.00"/>
    </timestep>
    <timestep time="650.00">
        <vehicle id="10" x="729.71" y="201.65" angle="-90.00" type="DEFAULT_VEHTYPE" speed="12.68" pos="70.29" lane="4/1to3/1_0" slope="0.00"/>
        <vehicle id="12" x="515.47" y="198.35" angle="90.00" type="DEFAULT_VEHTYPE" speed="13.19" pos="110.72" lane="2/1to3/1_0" slope="0.00"/>
        <vehicle id="13" x="798.60" y="201.65" angle="-137.49" type="DEFAULT_VEHTYPE" speed="12.68" pos="1.40" lane="4/1to3/1_0" slope="0.00"/>
        <vehicle id="3" x="398.35" y="545.71" angle="0.00" type="DEFAULT_VEHTYPE" speed="13.31" pos="49.54" lane="2/3to2/2_0" slope="0.00"/>
        <vehicle id="4" x="398.35" y="309.44" angle="0.00" type="DEFAULT_VEHTYPE" speed="13.17" pos="85.81" lane="2/2to2/1_0" slope="0.00"/>
        <vehicle id="5" x="198.35" y="389.01" angle="0.00" type="DEFAULT_VEHTYPE" speed="8.58" pos="6.24" lane="1/2to1/1_0" slope="0.00"/>
        <vehicle id="6" x="329.46" y="598.35" angle="90.00" type="DEFAULT_VEHTYPE" speed="12.63" pos="124.71" lane="1/3to2/3_0" slope="0.00"/>
        <vehicle id="7" x="45.77" y="398.35" angle="90.00" type="DEFAULT_VEHTYPE" speed="12.96" pos="45.77" lane="0/2to1/2_0" slope="0.00"/>
        <vehicle id="8" x="401.65" y="68.26" angle="180.00" type="DEFAULT_VEHTYPE" speed="12.90" pos="68.26" lane="2/0to2/1_0" slope="0.00"/>
        <vehicle id="9" x="398.35" y="776.63" angle="0.00" type="DEFAULT_VEHTYPE" speed="13.08" pos="23.37" lane="2/4to2/3_0" slope="0.00"/>
    </timestep>
    <timestep time="651.00">
        <vehicle id="10" x="716.22" y="201.65" angle="-90.00" type="DEFAULT_VEHTYPE" speed="13.49" pos="83.78" lane="4/1to3/1_0" slope="0.00"/>
        <vehicle id="12" x="528.71" y="198.35" angle="90.00" type="DEFAULT_VEHTYPE" speed="13.24" pos="123.96" lane="2/1to3/1_0" slope="0.00"/>
        <vehicle id="13" x="785.98" y="201.65" angle="-90.00" type="DEFAULT_VEHTYPE" speed="12.63" pos="14.02" lane="4/1to3/1_0" slope="0.00"/>
        <vehicle id="3" x="398.35" y="532.55" angle="0.00" type="DEFAULT_VEHTYPE" speed="13.16" pos="62.70" lane="2/3to2/2_0" slope="0.00"/>
        <vehicle id="4" x="398.35" y="296.53" angle="0.00" type="DEFAULT_VEHTYPE" speed="12.91" pos="98.72" lane="2/2to2/1_0" slope="0.00"/>
        <vehicle id="5" x="198.35" y="378.56" angle="0.00" type="DEFAULT_VEHTYPE" speed="10.44" pos="16.69" lane="1/2to1/1_0" slope="0.00"/>
        <vehicle id="6" x="343.09" y="598.35" angle="90.00" type="DEFAULT_VEHTYPE" speed="13.63" pos="138.34" lane="1/3to2/3_0" slope="0.00"/>
        <vehicle id="7" x="59.43" y="398.35" angle="90.00" type="DEFAULT_VEHTYPE" speed="13.66" pos="59.43" lane="0/2to1/2_0" slope="0.00"/>
        <vehicle id="8" x="401.65" y="81.10" angle="180.00" type="DEFAULT_VEHTYPE" speed="12.84" pos="81.10" lane="2/0to2/1_0" slope="0.00"/>
        <vehicle id="9" x="398.35" y="763.45" angle="0.00" type="DEFAULT_VEHTYPE" speed="13.18" pos="36.55" lane="2/4to2/3_0" slope="0.00"/>
    </timestep>
    <timestep time="652.00">
        <vehicle id="10" x="702.39" y="201.65" angle="-90.00" type="DEFAULT_VEHTYPE" speed="13.82" pos="97.61" lane="4/1to3/1_0" slope="0.00"/>
        <vehicle id="12" x="542.23" y="198.35" angle="90.00" type="DEFAULT_VEHTYPE" speed="13.52" pos="137.48" lane="2/1to3/1_0" slope="0.00"/>
        <vehicle id="13" x="772.81" y="201.65" angle="-90.00" type="DEFAULT_VEHTYPE" speed="13.17" pos="27.19" lane="4/1to3/1_0" slope="0.00"/>
        <vehicle id="3" x="398.35" y="519.77" angle="0.00" type="DEFAULT_VEHTYPE" speed="12.78" pos="75.48" lane="2/3to2/2_0" slope="0.00"/>
        <vehicle id="4" x="398.35" y="283.36" angle="0.00" type="DEFAULT_VEHTYPE" speed="13.17" pos="111.89" lane="2/2to2/1_0" slope="0.00"/>
        <vehicle id="5" x="198.35" y="366.39" angle="0.00" type="DEFAULT_VEHTYPE" speed="12.17" pos="28.86" lane="1/2to1/1_0" slope="0.00"/>
        <vehicle id="6" x="356.96" y="598.35" angle="90.00" type="DEFAULT_VEHTYPE" speed="13.87" pos="152.21" lane="1/3to2/3_0" slope="0.00"/>
        <vehicle id="7" x="73.01" y="398.35" angle="90.00" type="DEFAULT_VEHTYPE" speed="13.58" pos="73.01" lane="0/2to1/2_0" slope="0.00"/>
        <vehicle id="8" x="401.65" y="94.73" angle="180.00" type="DEFAULT_VEHTYPE" speed="13.64" pos="94.73" lane="2/0to2/1_0" slope="0.00"/>
        <vehicle id="9" x="398.35" y="750.46" angle="0.00" type="DEFAULT_VEHTYPE" speed="12.99" pos="49.54" lane="2/4to2/3_0" slope="0.00"/>
    </timestep>
    <timestep time="653.00">
        <vehicle id="10" x="688.85" y="201.65" angle="-90.00" type="DEFAULT_VEHTYPE" speed="13.54" pos="111.15" lane="4/1to3/1_0" slope="0.00"/>
        <vehicle id="12" x="555.21" y="198.35" angle="90.00" type="DEFAULT_VEHTYPE" speed="12.98" pos="150.46" lane="2/1to3/1_0" slope="0.00"/>
        <vehicle id="13" x="759.45" y="201.65" angle="-90.00" type="DEFAULT_VEHTYPE" speed="13.37" pos="40.55" lane="4/1to3/1_0" slope="0.00"/>
        <vehicle id="3" x="398.35" y="506.13" angle="0.00" type="DEFAULT_VEHTYPE" speed="13.63" pos="89.12" lane="2/3to2/2_0" slope="0.00"/>
        <vehicle id="4" x="398.35" y="270.72" angle="0.00" type="DEFAULT_VEHTYPE" speed="12.64" pos="124.53" lane="2/2to2/1_0" slope="0.00"/>
        <vehicle id="5" x="198.35" y="352.80" angle="0.00" type="DEFAULT_VEHTYPE" speed="13.60" pos="42.45" lane="1/2to1/1_0" slope="0.00"/>
        <vehicle id="6" x="369.98" y="598.35" angle="90.00" type="DEFAULT_VEHTYPE" speed="13.02" pos="165.23" lane="1/3to2/3_0" slope="0.00"/>
        <vehicle id="7" x="85.74" y="398.35" angle="90.00" type="DEFAULT_VEHTYPE" speed="12.73" pos="85.74" lane="0/2to1/2_0" slope="0.00"/>
        <vehicle id="8" x="401.65" y="107.64" angle="180.00" type="DEFAULT_VEHTYPE" speed="12.91" pos="107.64" lane="2/0to2/1_0" slope="0.00"/>
        <vehicle id="9" x="398.35" y="737.31" angle="0.00" type="DEFAULT_VEHTYPE" speed="13.16" pos="62.69" lane="2/4to2/3_0" slope="0.00"/>
    </timestep>
    <timestep time="654.00">
        <vehicle id="10" x="676.10" y="201.65" angle="-90.00" type="DEFAULT_VEHTYPE" speed="12.76" pos="123.90" lane="4/1to3/1_0" slope="0.00"/>
        <vehicle id="12" x="569.05" y="198.35" angle="90.00" type="DEFAULT_VEHTYPE" speed="13.84" pos="164.30" lane="2/1to3/1_0" slope="0.00"/>
        <vehicle id="13" x="745.67" y="201.65" angle="-90.00" type="DEFAULT_VEHTYPE" speed="13.78" pos="54.33" lane="4/1to3/1_0" slope="0.00"/>
        <vehicle id="3" x="398.35" y="493.04" angle="0.00" type="DEFAULT_VEHTYPE" speed="13.09" pos="102.21" lane="2/3to2/2_0" slope="0.00"/>
        <vehicle id="4" x="398.35" y="256.92" angle="0.00" type="DEFAULT_VEHTYPE" speed="13.80" pos="138.33" lane="2/2to2/1_0" slope="0.00"/>
        <vehicle id="5" x="198.35" y="339.28" angle="0.00" type="DEFAULT_VEHTYPE" speed="13.52" pos="55.97" lane="1/2to1/1_0" slope="0.00"/>
        <vehicle id="6" x="379.94" y="598.35" angle="90.00" type="DEFAULT_VEHTYPE" speed="9.96" pos="175.19" lane="1/3to2/3_0" slope="0.00"/>
        <vehicle id="7" x="99.33" y="398.35" angle="90.00" type="DEFAULT_VEHTYPE" speed="13.60" pos="99.33" lane="0/2to1/2_0" slope="0.00"/>
        <vehicle id="8" x="401.65" y="121.20" angle="180.00" type="DEFAULT_VEHTYPE" speed="13.56" pos="121.20" lane="2/0to2/1_0" slope="0.00"/>
        <vehicle id="9" x="398.35" y="723.63" angle="0.00" type="DEFAULT_VEHTYPE" speed="13.68" pos="76.37" lane="2/4to2/3_0" slope="0.00"/>
    </timestep>
    <timestep time="655.00">
        <vehicle id="10" x="662.27" y="201.65" angle="-90.00" type="DEFAULT_VEHTYPE" speed="13.82" pos="137.73" lane="4/1to3/1_0" slope="0.00"/>
        <vehicle id="12" x="578.99" y="198.35" angle="90.00" type="DEFAULT_VEHTYPE" speed="9.94" pos="174.24" lane="2/1to3/1_0" slope="0.00"/>
        <vehicle id="13" x="732.04" y="201.65" angle="-90.00" type="DEFAULT_VEHTYPE" speed="13.62" pos="67.96" lane="4/1to3/1_0" slope="0.00"/>
        <vehicle id="3" x="398.35" y="479.91" angle="0.00" type="DEFAULT_VEHTYPE" speed="13.13" pos="115.34" lane="2/3to2/2_0" slope="0.00"/>
        <vehicle id="4" x="398.35" y="243.30" angle="0.00" type="DEFAULT_VEHTYPE" speed="13.62" pos="151.95" lane="2/2to2/1_0" slope="0.00"/>
        <vehicle id="5" x="198.35" y="326.38" angle="0.00" type="DEFAULT_VEHTYPE" speed="12.90" pos="68.87" lane="1/2to1/1_0" slope="0.00"/>
        <vehicle id="6" x="386.07" y="598.35" angle="90.00" type="DEFAULT_VEHTYPE" speed="6.13" pos="181.32" lane="1/3to2/3_0" slope="0.00"/>
        <vehicle id="7" x="111.98" y="398.35" angle="90.00" type="DEFAULT_VEHTYPE" speed="12.65" pos="111.98" lane="0/2to1/2_0" slope="0.00"/>
        <vehicle id="8" x="401.65" y="134.67" angle="180.00" type="DEFAULT_VEHTYPE" speed="13.47" pos="134.67" lane="2/0to2/1_0" slope="0.00"/>
        <vehicle id="9" x="398.35" y="710.93" angle="0.00" type="DEFAULT_VEHTYPE" speed="12.70" pos="89.07" lane="2/4to2/3_0" slope="0.00"/>
    </timestep>
    <timestep time="656.00">
        <vehicle id="10" x="648.41" y="201.65" angle="-90.00" type="DEFAULT_VEHTYPE" speed="13.86" pos="151.59" lane="4/1to3/1_0" slope="0.00"/>
        <vehicle id="12" x="586.38" y="198.35" angle="90.00" type="DEFAULT_VEHTYPE" speed="7.39" pos="181.63" lane="2/1to3/1_0" slope="0.00"/>
        <vehicle id="13" x="718.58" y="201.65" angle="-90.00" type="DEFAULT_VEHTYPE" speed="13.46" pos="81.42" lane="4/1to3/1_0" slope="0.00"/>
        <vehicle id="3" x="398.35" y="466.31" angle="0.00" type="DEFAULT_VEHTYPE" speed="13.60" pos="128.94" lane="2/3to2/2_0" slope="0.00"/>
        <vehicle id="4" x="398.35" y="230.30" angle="0.00" type="DEFAULT_VEHTYPE" speed="13.00" pos="164.95" lane="2/2to2/1_0" slope="0.00"/>
        <vehicle id="5" x="198.35" y="313.22" angle="0.00" type="DEFAULT_VEHTYPE" speed="13.16" pos="82.03" lane="1/2to1/1_0" slope="0.00"/>
        <vehicle id="6" x="389.67" y="598.35" angle="90.00" type="DEFAULT_VEHTYPE" speed="3.60" pos="184.92" lane="1/3to2/3_0" slope="0.00"/>
        <vehicle id="7" x="125.61" y="398.35" angle="90.00" type="DEFAULT_VEHTYPE" speed="13.63" pos="125.61" lane="0/2to1/2_0" slope="0.00"/>
        <vehicle id="8" x="401.65" y="147.74" angle="180.00" type="DEFAULT_VEHTYPE" speed="13.07" pos="147.74" lane="2/0to2/1_0" slope="0.00"/>
        <vehicle id="9" x="398.35" y="697.78" angle="0.00" type="DEFAULT_VEHTYPE" speed="13.15" pos="102.22" lane="2/4to2/3_0" slope="0.00"/>
    </timestep>
    <timestep time="657.00">
        <vehicle id="10" x="635.36" y="201.65" angle="-90.00" type="DEFAULT_VEHTYPE" speed="13.05" pos="164.64" lane="4/1to3/1_0" slope="0.00"/>
        <vehicle id="12" x="590.54" y="198.35" angle="90.00" type="DEFAULT_VEHTYPE" speed="4.17" pos="185.79" lane="2/1to3/1_0" slope="0.00"/>
        <vehicle id="13" x="705.63" y="201.65" angle="-90.00" type="DEFAULT_VEHTYPE" speed="12.95" pos="94.37" lane="4/1to3/1_0" slope="0.00"/>
        <vehicle id="3" x="398.35" y="453.19" angle="0.00" type="DEFAULT_VEHTYPE" speed="13.12" pos="142.06" lane="2/3to2/2_0" slope="0.00"/>
        <vehicle id="4" x="398.35" y="216.81" angle="0.00" type="DEFAULT_VEHTYPE" speed="13.49" pos="178.44" lane="2/2to2/1_0" slope="0.00"/>
        <vehicle id="5" x="198.35" y="299.59" angle="0.00" type="DEFAULT_VEHTYPE" speed="13.63" pos="95.66" lane="1/2to1/1_0" slope="0.00"/>
        <vehicle id="6" x="394.72" y="598.35" angle="90.00" type="DEFAULT_VEHTYPE" speed="5.05" pos="189.97" lane="1/3to2/3_0" slope="0.00"/>
        <vehicle id="7" x="138.46" y="398.35" angle="90.00" type="DEFAULT_VEHTYPE" speed="12.85" pos="138.46" lane="0/2to1/2_0" slope="0.00"/>
        <vehicle id="8" x="401.65" y="160.48" angle="180.00" type="DEFAULT_VEHTYPE" speed="12.74" pos="160.48" lane="2/0to2/1_0" slope="0.00"/>
        <vehicle id="9" x="398.35" y="684.42" angle="0.00" type="DEFAULT_VEHTYPE" speed="13.36" pos="115.58" lane="2/4to2/3_0" slope="0.00"/>
    </timestep>
    <timestep time="658.00">
        <vehicle id="10" x="623.55" y="201.65" angle="-90.00" type="DEFAULT_VEHTYPE" speed="11.81" pos="176.45" lane="4/1to3/1_0" slope="0.00"/>
        <vehicle id="12" x="591.85" y="198.35" angle="90.00" type="DEFAULT_VEHTYPE" speed="1.30" pos="187.10" lane="2/1to3/1_0" slope="0.00"/>
        <vehicle id="13" x="692.73" y="201.65" angle="-90.00" type="DEFAULT_VEHTYPE" speed="12.90" pos="107.27" lane="4/1to3/1_0" slope="0.00"/>
        <vehicle id="3" x="398.35" y="439.80" angle="0.00" type="DEFAULT_VEHTYPE" speed="13.40" pos="155.45" lane="2/3to2/2_0" slope="0.00"/>
        <vehicle id="4" x="398.35" y="204.03" angle="0.00" type="DEFAULT_VEHTYPE" speed="12.78" pos="0.72" lane=":2/1_1_0" slope="0.00"/>
        <vehicle id="5" x="198.35" y="286.48" angle="0.00" type="DEFAULT_VEHTYPE" speed="13.11" pos="108.77" lane="1/2to1/1_0" slope="0.00"/>
        <vehicle id="6" x="400.98" y="601.50" angle="127.15" type="DEFAULT_VEHTYPE" speed="7.50" pos="6.96" lane=":2/3_14_0" slope="0.00"/>
        <vehicle id="7" x="152.12" y="398.35" angle="90.00" type="DEFAULT_VEHTYPE" speed="13.67" pos="152.12" lane="0/2to1/2_0" slope="0.00"/>
        <vehicle id="8" x="401.65" y="173.19" angle="180.00" type="DEFAULT_VEHTYPE" speed="12.71" pos="173.19" lane="2/0to2/1_0" slope="0.00"/>
        <vehicle id="9" x="398.35" y="670.83" angle="0.00" type="DEFAULT_VEHTYPE" speed="13.59" pos="129.17" lane="2/4to2/3_0" slope="0.00"/>
    </timestep>
    <timestep time="659.00">
        <vehicle id="10" x="615.68" y="201.65" angle="-90.00" type="DEFAULT_VEHTYPE" speed="7.87" pos="184.32" lane="4/1to3/1_0" slope="0.00"/>
        <vehicle id="12" x="592.50" y="198.35" angle="90.00" type="DEFAULT_VEHTYPE" speed="0.65" pos="187.75" lane="2/1to3/1_0" slope="0.00"/>
        <vehicle id="13" x="679.26" y="201.65" angle="-90.00" type="DEFAULT_VEHTYPE" speed="13.46" pos="120.74" lane="4/1to3/1_0" slope="0.00"/>
        <vehicle id="3" x="398.35" y="426.18" angle="0.00" type="DEFAULT_VEHTYPE" speed="13.62" pos="169.07" lane="2/3to2/2_0" slope="0.00"/>
        <vehicle id="4" x="398.35" y="190.86" angle="0.00" type="DEFAULT_VEHTYPE" speed="13.17" pos="4.39" lane="2/1to2/0_0" slope="0.00"/>
        <vehicle id="5" x="198.35" y="273.27" angle="0.00" type="DEFAULT_VEHTYPE" speed="13.21" pos="121.98" lane="1/2to1/1_0" slope="0.00"/>
        <vehicle id="6" x="401.65" y="610.58" angle="180.00" type="DEFAULT_VEHTYPE" speed="9.19" pos="5.83" lane="2/3to2/4_0" slope="0.00"/>
        <vehicle id="7" x="165.27" y="398.35" angle="90.00" type="DEFAULT_VEHTYPE" speed="13.15" pos="165.27" lane="0/2to1/2_0" slope="0.00"/>
        <vehicle id="8" x="401.65" y="186.84" angle="180.00" type="DEFAULT_VEHTYPE" speed="13.65" pos="186.84" lane="2/0to2/1_0" slope="0.00"/>
        <vehicle id="9" x="398.35" y="657.08" angle="0.00" type="DEFAULT_VEHTYPE" speed="13.75" pos="142.92" lane="2/4to2/3_0" slope="0.00"/>
    </timestep>
    <timestep time="660.00">
        <vehicle id="10" x="610.93" y="201.65" angle="-90.00" type="DEFAULT_VEHTYPE" speed="4.75" pos="189.07" lane="4/1to3/1_0" slope="0.00"/>
        <vehicle id="12" x="592.64" y="198.35" angle="90.00" type="DEFAULT_VEHTYPE" speed="0.14" pos="187.89" lane="2/1to3/1_0" slope="0.00"/>
        <vehicle id="13" x="666.16" y="201.65" angle="-90.00" type="DEFAULT_VEHTYPE" speed="13.10" pos="133.84" lane="4/1to3/1_0" slope="0.00"/>
        <vehicle id="3" x="398.35" y="413.39" angle="0.00" type="DEFAULT_VEHTYPE" speed="12.79" pos="181.86" lane="2/3to2/2_0" slope="0.00"/>
        <vehicle id="4" x="398.35" y="178.16" angle="0.00" type="DEFAULT_VEHTYPE" speed="12.70" pos="17.09" lane="2/1to2/0_0" slope="0.00"/>
        <vehicle id="5" x="198.35" y="259.51" angle="0.00" type="DEFAULT_VEHTYPE" speed="13.76" pos="135.74" lane="1/2to1/1_0" slope="0.00"/>
        <vehicle id="6" x="401.65" y="622.35" angle="180.00" type="DEFAULT_VEHTYPE" speed="11.77" pos="17.60" lane="2/3to2/4_0" slope="0.00"/>
        <vehicle id="7" x="175.93" y="398.35" angle="90.00" type="DEFAULT_VEHTYPE" speed="10.65" pos="175.93" lane="0/2to1/2_0" slope="0.00"/>
        <vehicle id="8" x="405.12" y="198.35" angle="128.65" type="DEFAULT_VEHTYPE" speed="13.78" pos="0.37" lane="2/1to3/1_0" slope="0.00"/>
        <vehicle id="9" x="398.35" y="644.14" angle="0.00" type="DEFAULT_VEHTYPE" speed="12.94" pos="155.86" lane="2/4to2/3_0" slope="0.00"/>
    </timestep>
    <timestep time="661.00">
        <vehicle id="10" x="604.09" y="201.74" angle="-91.06" type="DEFAULT_VEHTYPE" speed="6.85" pos="0.67" lane=":3/1_4_0" slope="0.00"/>
        <vehicle id="12" x="592.70" y="198.35" angle="90.00" type="DEFAULT_VEHTYPE" speed="0.06" pos="187.95" lane="2/1to3/1_0" slope="0.00"/>
        <vehicle id="13" x="653.14" y="201.65" angle="-90.00" type="DEFAULT_VEHTYPE" speed="13.02" pos="146.86" lane="4/1to3/1_0" slope="0.00"/>
        <vehicle id="3" x="398.35" y="399.52" angle="0.00" type="DEFAULT_VEHTYPE" speed="13.87" pos="5.23" lane=":2/2_1_0" slope="0.00"/>
        <vehicle id="4" x="398.35" y="164.28" angle="0.00" type="DEFAULT_VEHTYPE" speed="13.88" pos="30.97" lane="2/1to2/0_0" slope="0.00"/>
        <vehicle id="5" x="198.35" y="246.10" angle="0.00" type="DEFAULT_VEHTYPE" speed="13.42" pos="149.15" lane="1/2to1/1_0" slope="0.00"/>
        <vehicle id="6" x="401.65" y="635.13" angle="180.00" type="DEFAULT_VEHTYPE" speed="12.78" pos="30.38" lane="2/3to2/4_0" slope="0.00"/>
        <vehicle id="7" x="184.13" y="398.35" angle="90.00" type="DEFAULT_VEHTYPE" speed="8.20" pos="184.13" lane="0/2to1/2_0" slope="0.00"/>
        <vehicle id="8" x="417.85" y="198.35" angle="90.00" type="DEFAULT_VEHTYPE" speed="12.74" pos="13.10" lane="2/1to3/1_0" slope="0.00"/>
        <vehicle id="9" x="398.35" y="630.30" angle="0.00" type="DEFAULT_VEHTYPE" speed="13.84" pos="169.70" lane="2/4to2/3_0" slope="0.00"/>
    </timestep>
    <timestep time="662.00">
        <vehicle id="10" x="601.65" y="209.61" angle="-179.77" type="DEFAULT_VEHTYPE" speed="9.19" pos="4.86" lane="3/1to3/2_0" slope="0.00"/>
        <vehicle id="12" x="592.75" y="198.35" angle="90.00" type="DEFAULT_VEHTYPE" speed="0.05" pos="188.00" lane="2/1to3/1_0" slope="0.00"/>
        <vehicle id="13" x="640.38" y="201.65" angle="-90.00" type="DEFAULT_VEHTYPE" speed="12.76" pos="159.62" lane="4/1to3/1_0" slope="0.00"/>
        <vehicle id="3" x="398.35" y="386.27" angle="0.00" type="DEFAULT_VEHTYPE" speed="13.25" pos="8.98" lane="2/2to2/1_0" slope="0.00"/>
        <vehicle id="4" x="398.35" y="150.50" angle="0.00" type="DEFAULT_VEHTYPE" speed="13.78" pos="44.75" lane="2/1to2/0_0" slope="0.00"/>
        <vehicle id="5" x="198.35" y="233.42" angle="0.00" type="DEFAULT_VEHTYPE" speed="12.67" pos="161.83" lane="1/2to1/1_0" slope="0.00"/>
        <vehicle id="6" x="401.65" y="647.84" angle="180.00" type="DEFAULT_VEHTYPE" speed="12.71" pos="43.09" lane="2/3to2/4_0" slope="0.00"/>
        <vehicle id="7" x="189.48" y="398.35" angle="90.00" type="DEFAULT_VEHTYPE" speed="5.35" pos="189.48" lane="0/2to1/2_0" slope="0.00"/>
        <vehicle id="8" x="430.94" y="198.35" angle="90.00" type="DEFAULT_VEHTYPE" speed="13.09" pos="26.19" lane="2/1to3/1_0" slope="0.00"/>
        <vehicle id="9" x="398.35" y="616.43" angle="0.00" type="DEFAULT_VEHTYPE" speed="13.87" pos="183.57" lane="2/4to2/3_0" slope="0.00"/>
    </timestep>
    <timestep time="663.00">
        <vehicle id="10" x="601.65" y="221.25" angle="180.00" type="DEFAULT_VEHTYPE" speed="11.65" pos="16.50" lane="3/1to3/2_0" slope="0.00"/>
        <vehicle id="12" x="592.75" y="198.35" angle="90.00" type="DEFAULT_VEHTYPE" speed="0.00" pos="188.00" lane="2/1to3/1_0" slope="0.00"/>
        <vehicle id="13" x="627.39" y="201.65" angle="-90.00" type="DEFAULT_VEHTYPE" speed="13.00" pos="172.61" lane="4/1to3/1_0" slope="0.00"/>
        <vehicle id="3" x="398.35" y="373.29" angle="0.00" type="DEFAULT_VEHTYPE" speed="12.98" pos="21.96" lane="2/2to2/1_0" slope="0.00"/>
        <vehicle id="4" x="398.35" y="137.84" angle="0.00" type="DEFAULT_VEHTYPE" speed="12.66" pos="57.41" lane="2/1to2/0_0" slope="0.00"/>
        <vehicle id="5" x="198.35" y="220.77" angle="0.00" type="DEFAULT_VEHTYPE" speed="12.65" pos="174.48" lane="1/2to1/1_0" slope="0.00"/>
        <vehicle id="6" x="401.65" y="660.65" angle="180.00" type="DEFAULT_VEHTYPE" speed="12.81" pos="55.90" lane="2/3to2/4_0" slope="0.00"/>
        <vehicle id="7" x="196.15" y="398.48" angle="91.47" type="DEFAULT_VEHTYPE" speed="6.68" pos="0.91" lane=":1/2_14_0" slope="0.00"/>
        <vehicle id="8" x="444.52" y="198.35" angle="90.00" type="DEFAULT_VEHTYPE" speed="13.58" pos="39.77" lane="2/1to3/1_0" slope="0.00"/>
        <vehicle id="9" x="398.35" y="602.71" angle="0.00" type="DEFAULT_VEHTYPE" speed="13.72" pos="2.04" lane=":2/3_1_0" slope="0.00"/>
    </timestep>
    <timestep time="664.00">
        <vehicle id="10" x="601.65" y="234.42" angle="180.00" type="DEFAULT_VEHTYPE" speed="13.16" pos="29.67" lane="3/1to3/2_0" slope="0.00"/>
        <vehicle id="12" x="592.75" y="198.35" angle="90.00" type="DEFAULT_VEHTYPE" speed="0.00" pos="188.00" lane="2/1to3/1_0" slope="0.00"/>
        <vehicle id="13" x="618.11" y="201.65" angle="-90.00" type="DEFAULT_VEHTYPE" speed="9.28" pos="181.89" lane="4/1to3/1_0" slope="0.00"/>
        <vehicle id="3" x="398.35" y="359.62" angle="0.00" type="DEFAULT_VEHTYPE" speed="13.67" pos="35.63" lane="2/2to2/1_0" slope="0.00"/>
        <vehicle id="4" x="398.35" y="124.55" angle="0.00" type="DEFAULT_VEHTYPE" speed="13.29" pos="70.70" lane="2/1to2/0_0" slope="0.00"/>
        <vehicle id="5" x="198.35" y="207.33" angle="0.00" type="DEFAULT_VEHTYPE" speed="13.44" pos="187.92" lane="1/2to1/1_0" slope="0.00"/>
        <vehicle id="6" x="401.65" y="674.47" angle="180.00" type="DEFAULT_VEHTYPE" speed="13.81" pos="69.72" lane="2/3to2/4_0" slope="0.00"/>
        <vehicle id="7" x="201.47" y="403.51" angle="150.19" type="DEFAULT_VEHTYPE" speed="8.16" pos="9.07" lane=":1/2_14_0" slope="0.00"/>
        <vehicle id="8" x="457.95" y="198.35" angle="90.00" type="DEFAULT_VEHTYPE" speed="13.42" pos="53.20" lane="2/1to3/1_0" slope="0.00"/>
        <vehicle id="9" x="398.35" y="589.40" angle="0.00" type="DEFAULT_VEHTYPE" speed="13.31" pos="5.85" lane="2/3to2/2_0" slope="0.00"/>
    </timestep>
    <timestep time="665.00">
        <vehicle id="10" x="601.65" y="247.64" angle="180.00" type="DEFAULT_VEHTYPE" speed="13.23" pos="42.89" lane="3/1to3/2_0" slope="0.00"/>
        <vehicle id="12" x="592.75" y="198.35" angle="90.00" type="DEFAULT_VEHTYPE" speed="0.00" pos="188.00" lane="2/1to3/1_0" slope="0.00"/>
        <vehicle id="13" x="612.22" y="201.65" angle="-90.00" type="DEFAULT_VEHTYPE" speed="5.89" pos="187.78" lane="4/1to3/1_0" slope="0.00"/>
        <vehicle id="3" x="398.35" y="346.76" angle="0.00" type="DEFAULT_VEHTYPE" speed="12.86" pos="48.49" lane="2/2to2/1_0" slope="0.00"/>
        <vehicle id="4" x="398.35" y="110.71" angle="0.00" type="DEFAULT_VEHTYPE" speed="13.84" pos="84.54" lane="2/1to2/0_0" slope="0.00"/>
        <vehicle id="5" x="189.09" y="201.65" angle="-90.00" type="DEFAULT_VEHTYPE" speed="13.74" pos="6.16" lane="1/1to0/1_0" slope="0.00"/>
        <vehicle id="6" x="401.65" y="687.61" angle="180.00" type="DEFAULT_VEHTYPE" speed="13.15" pos="82.86" lane="2/3to2/4_0" slope="0.00"/>
        <vehicle id="7" x="201.65" y="414.11" angle="180.00" type="DEFAULT_VEHTYPE" speed="10.61" pos="9.36" lane="1/2to1/3_0" slope="0.00"/>
        <vehicle id="8" x="470.95" y="198.35" angle="90.00" type="DEFAULT_VEHTYPE" speed="13.00" pos="66.20" lane="2/1to3/1_0" slope="0.00"/>
        <vehicle id="9" x="398.35" y="576.34" angle="0.00" type="DEFAULT_VEHTYPE" speed="13.06" pos="18.91" lane="2/3to2/2_0" slope="0.00"/>
    </timestep>
    <timestep time="666.00">
        <vehicle id="10" x="601.65" y="260.53" angle="180.00" type="DEFAULT_VEHTYPE" speed="12.89" pos="55.78" lane="3/1to3/2_0" slope="0.00"/>
        <vehicle id="12" x="592.75" y="198.35" angle="90.00" type="DEFAULT_VEHTYPE" speed="0.00" pos="188.00" lane="2/1to3/1_0" slope="0.00"/>
        <vehicle id="13" x="609.54" y="201.65" angle="-90.00" type="DEFAULT_VEHTYPE" speed="2.68" pos="190.46" lane="4/1to3/1_0" slope="0.00"/>
        <vehicle id="3" x="398.35" y="333.66" angle="0.00" type="DEFAULT_VEHTYPE" speed="13.10" pos="61.59" lane="2/2to2/1_0" slope="0.00"/>
        <vehicle id="4" x="398.35" y="97.54" angle="0.00" type="DEFAULT_VEHTYPE" speed="13.17" pos="97.71" lane="2/1to2/0_0" slope="0.00"/>
        <vehicle id="5" x="176.41" y="201.65" angle="-90.00" type="DEFAULT_VEHTYPE" speed="12.68" pos="18.84" lane="1/1to0/1_0" slope="0.00"/>
        <vehicle id="6" x="401.65" y="701.38" angle="180.00" type="DEFAULT_VEHTYPE" speed="13.77" pos="96.63" lane="2/3to2/4_0" slope="0.00"/>
        <vehicle id="7" x="201.65" y="426.23" angle="180.00" type="DEFAULT_VEHTYPE" speed="12.12" pos="21.48" lane="1/2to1/3_0" slope="0.00"/>
        <vehicle id="8" x="484.15" y="198.35" angle="90.00" type="DEFAULT_VEHTYPE" speed="13.21" pos="79.40" lane="2/1to3/1_0" slope="0.00"/>
        <vehicle id="9" x="398.35" y="562.70" angle="0.00" type="DEFAULT_VEHTYPE" speed="13.64" pos="32.55" lane="2/3to2/2_0" slope="0.00"/>
    </timestep>
    <timestep time="667.00">
        <vehicle id="10" x="601.65" y="273.94" angle="180.00" type="DEFAULT_VEHTYPE" speed="13.41" pos="69.19" lane="3/1to3/2_0" slope="0.00"/>
        <vehicle id="12" x="592.75" y="198.35" angle="90.00" type="DEFAULT_VEHTYPE" speed="0.00" pos="188.00" lane="2/1to3/1_0" slope="0.00"/>
        <vehicle id="13" x="605.26" y="201.65" angle="-90.00" type="DEFAULT_VEHTYPE" speed="4.28" pos="194.74" lane="4/1to3/1_0" slope="0.00"/>
        <vehicle id="3" x="398.35" y="320.82" angle="0.00" type="DEFAULT_VEHTYPE" speed="12.84" pos="74.43" lane="2/2to2/1_0" slope="0.00"/>
        <vehicle id="4" x="398.35" y="83.92" angle="0.00" type="DEFAULT_VEHTYPE" speed="13.61" pos="111.33" lane="2/1to2/0_0" slope="0.00"/>
        <vehicle id="5" x="162.81" y="201.65" angle="-90.00" type="DEFAULT_VEHTYPE" speed="13.60" pos="32.44" lane="1/1to0/1_0" slope="0.00"/>
        <vehicle id="6" x="401.65" y="714.97" angle="180.00" type="DEFAULT_VEHTYPE" speed="13.59" pos="110.22" lane="2/3to2/4_0" slope="0.00"/>
        <vehicle id="7" x="201.65" y="439.26" angle="180.00" type="DEFAULT_VEHTYPE" speed="13.04" pos="34.51" lane="1/2to1/3_0" slope="0.00"/>
        <vehicle id="8" x="496.94" y="198.35" angle="90.00" type="DEFAULT_VEHTYPE" speed="12.79" pos="92.19" lane="2/1to3/1_0" slope="0.00"/>
        <vehicle id="9" x="398.35" y="549.73" angle="0.00" type="DEFAULT_VEHTYPE" speed="12.97" pos="45.52" lane="2/3to2/2_0" slope="0.00"/>
    </timestep>
    <timestep time="668.00">
        <vehicle id="10" x="601.65" y="286.90" angle="180.00" type="DEFAULT_VEHTYPE" speed="12.97" pos="82.15" lane="3/1to3/2_0" slope="0.00"/>
        <vehicle id="12" x="592.75" y="198.35" angle="90.00" type="DEFAULT_VEHTYPE" speed="0.00" pos="188.00" lane="2/1to3/1_0" slope="0.00"/>
        <vehicle id="13" x="601.65" y="204.88" angle="-137.16" type="DEFAULT_VEHTYPE" speed="5.64" pos="0.13" lane="3/1to3/2_0" slope="0.00"/>
        <vehicle id="3" x="398.35" y="307.52" angle="0.00" type="DEFAULT_VEHTYPE" speed="13.30" pos="87.73" lane="2/2to2/1_0" slope="0.00"/>
        <vehicle id="4" x="398.35" y="71.15" angle="0.00" type="DEFAULT_VEHTYPE" speed="12.77" pos="124.10" lane="2/1to2/0_0" slope="0.00"/>
        <vehicle id="5" x="149.73" y="201.65" angle="-90.00" type="DEFAULT_VEHTYPE" speed="13.08" pos="45.52" lane="1/1to0/1_0" slope="0.00"/>
        <vehicle id="6" x="401.65" y="728.74" angle="180.00" type="DEFAULT_VEHTYPE" speed="13.77" pos="123.99" lane="2/3to2/4_0" slope="0.00"/>
        <vehicle id="7" x="201.65" y="452.53" angle="180.00" type="DEFAULT_VEHTYPE" speed="13.27" pos="47.78" lane="1/2to1/3_0" slope="0.00"/>
        <vehicle id="8" x="510.81" y="198.35" angle="90.00" type="DEFAULT_VEHTYPE" speed="13.87" pos="106.06" lane="2/1to3/1_0" slope="0.00"/>
        <vehicle id="9" x="398.35" y="535.93" angle="0.00" type="DEFAULT_VEHTYPE" speed="13.80" pos="59.32" lane="2/3to2/2_0" slope="0.00"/>
    </timestep>
    <timestep time="669.00">
        <vehicle id="10" x="601.65" y="300.56" angle="180.00" type="DEFAULT_VEHTYPE" speed="13.66" pos="95.81" lane="3/1to3/2_0" slope="0.00"/>
        <vehicle id="12" x="592.75" y="198.35" angle="90.00" type="DEFAULT_VEHTYPE" speed="0.00" pos="188.00" lane="2/1to3/1_0" slope="0.00"/>
        <vehicle id="13" x="601.65" y="212.09" angle="180.00" type="DEFAULT_VEHTYPE" speed="7.21" pos="7.34" lane="3/1to3/2_0" slope="0.00"/>
        <vehicle id="3" x="398.35" y="294.89" angle="0.00" type="DEFAULT_VEHTYPE" speed="12.64" pos="100.36" lane="2/2to2/1_0" slope="0.00"/>
        <vehicle id="4" x="398.35" y="57.37" angle="0.00" type="DEFAULT_VEHTYPE" speed="13.79" pos="137.88" lane="2/1to2/0_0" slope="0.00"/>
        <vehicle id="5" x="136.41" y="201.65" angle="-90.00" type="DEFAULT_VEHTYPE" speed="13.33" pos="58.84" lane="1/1to0/1_0" slope="0.00"/>
        <vehicle id="6" x="401.65" y="741.83" angle="180.00" type="DEFAULT_VEHTYPE" speed="13.10" pos="137.08" lane="2/3to2/4_0" slope="0.00"/>
        <vehicle id="7" x="201.65" y="465.76" angle="180.00" type="DEFAULT_VEHTYPE" speed="13.23" pos="61.01" lane="1/2to1/3_0" slope="0.00"/>
        <vehicle id="8" x="524.03" y="198.35" angle="90.00" type="DEFAULT_VEHTYPE" speed="13.22" pos="119.28" lane="2/1to3/1_0" slope="0.00"/>
        <vehicle id="9" x="398.35" y="522.84" angle="0.00" type="DEFAULT_VEHTYPE" speed="13.09" pos="72.41" lane="2/3to2/2_0" slope="0.00"/>
    </timestep>
    <timestep time="670.00">
        <vehicle id="10" x="601.65" y="314.05" angle="180.00" type="DEFAULT_VEHTYPE" speed="13.50" pos="109.30" lane="3/1to3/2_0" slope="0.00"/>
        <vehicle id="12" x="595.09" y="198.35" angle="90.00" type="DEFAULT_VEHTYPE" speed="2.34" pos="190.34" lane="2/1to3/1_0" slope="0.00"/>
        <vehicle id="13" x="601.65" y="221.53" angle="180.00" type="DEFAULT_VEHTYPE" speed="9.44" pos="16.78" lane="3/1to3/2_0" slope="0.00"/>
        <vehicle id="3" x="398.35" y="282.26" angle="0.00" type="DEFAULT_VEHTYPE" speed="12.63" pos="112.99" lane="2/2to2/1_0" slope="0.00"/>
        <vehicle id="4" x="398.35" y="44.07" angle="0.00" type="DEFAULT_VEHTYPE" speed="13.29" pos="151.18" lane="2/1to2/0_0" slope="0.00"/>
        <vehicle id="5" x="123.48" y="201.65" angle="-90.00" type="DEFAULT_VEHTYPE" speed="12.92" pos="71.77" lane="1/1to0/1_0" slope="0.00"/>
        <vehicle id="6" x="401.65" y="755.18" angle="180.00" type="DEFAULT_VEHTYPE" speed="13.34" pos="150.43" lane="2/3to2/4_0" slope="0.00"/>
        <vehicle id="7" x="201.65" y="479.61" angle="180.00" type="DEFAULT_VEHTYPE" speed="13.85" pos="74.86" lane="1/2to1/3_0" slope="0.00"/>
        <vehicle id="8" x="537.65" y="198.35" angle="90.00" type="DEFAULT_VEHTYPE" speed="13.62" pos="132.90" lane="2/1to3/1_0" slope="0.00"/>
        <vehicle id="9" x="398.35" y="509.11" angle="0.00" type="DEFAULT_VEHTYPE" speed="13.72" pos="86.14" lane="2/3to2/2_0" slope="0.00"/>
    </timestep>
    <timestep time="671.00">
        <vehicle id="10" x="601.65" y="327.58" angle="180.00" type="DEFAULT_VEHTYPE" speed="13.53" pos="122.83" lane="3/1to3/2_0" slope="0.00"/>
        <vehicle id="12" x="598.94" y="199.28" angle="100.92" type="DEFAULT_VEHTYPE" speed="4.03" pos="3.86" lane=":3/1_14_0" slope="0.00"/>
        <vehicle id="13" x="601.65" y="232.72" angle="180.00" type="DEFAULT_VEHTYPE" speed="11.20" pos="27.97" lane="3/1to3/2_0" slope="0.00"/>
        <vehicle id="3" x="398.35" y="269.00" angle="0.00" type="DEFAULT_VEHTYPE" speed="13.26" pos="126.25" lane="2/2to2/1_0" slope="0.00"/>
        <vehicle id="4" x="398.35" y="30.78" angle="0.00" type="DEFAULT_VEHTYPE" speed="13.30" pos="164.47" lane="2/1to2/0_0" slope="0.00"/>
        <vehicle id="5" x="110.45" y="201.65" angle="-90.00" type="DEFAULT_VEHTYPE" speed="13.03" pos="84.80" lane="1/1to0/1_0" slope="0.00"/>
        <vehicle id="6" x="401.65" y="768.29" angle="180.00" type="DEFAULT_VEHTYPE" speed="13.11" pos="163.54" lane="2/3to2/4_0" slope="0.00"/>
        <vehicle id="7" x="201.65" y="493.26" angle="180.00" type="DEFAULT_VEHTYPE" speed="13.66" pos="88.51" lane="1/2to1/3_0" slope="0.00"/>
        <vehicle id="8" x="551.34" y="198.35" angle="90.00" type="DEFAULT_VEHTYPE" speed="13.69" pos="146.59" lane="2/1to3/1_0" slope="0.00"/>
        <vehicle id="9" x="398.35" y="496.14" angle="0.00" type="DEFAULT_VEHTYPE" speed="12.97" pos="99.11" lane="2/3to2/2_0" slope="0.00"/>
    </timestep>
    <timestep time="672.00">
        <vehicle id="10" x="601.65" y="340.28" angle="180.00" type="DEFAULT_VEHTYPE" speed="12.70" pos="135.53" lane="3/1to3/2_0" slope="0.00"/>
        <vehicle id="12" x="601.57" y="204.17" angle="156.99" type="DEFAULT_VEHTYPE" speed="5.87" pos="9.73" lane=":3/1_14_0" slope="0.00"/>
        <vehicle id="13" x="601.65" y="246.34" angle="180.00" type="DEFAULT_VEHTYPE" speed="13.62" pos="41.59" lane="3/1to3/2_0" slope="0.00"/>
        <vehicle id="3" x="398.35" y="255.19" angle="0.00" type="DEFAULT_VEHTYPE" speed="13.81" pos="140.06" lane="2/2to2/1_0" slope="0.00"/>
        <vehicle id="4" x="398.35" y="17.93" angle="0.00" type="DEFAULT_VEHTYPE" speed="12.84" pos="177.32" lane="2/1to2/0_0" slope="0.00"/>
        <vehicle id="5" x="97.51" y="201.65" angle="-90.00" type="DEFAULT_VEHTYPE" speed="12.94" pos="97.74" lane="1/1to0/1_0" slope="0.00"/>
        <vehicle id="6" x="401.65" y="781.02" angle="180.00" type="DEFAULT_VEHTYPE" speed="12.73" pos="176.27" lane="2/3to2/4_0" slope="0.00"/>
        <vehicle id="7" x="201.65" y="506.06" angle="180.00" type="DEFAULT_VEHTYPE" speed="12.80" pos="101.31" lane="1/2to1/3_0" slope="0.00"/>
        <vehicle id="8" x="564.00" y="198.35" angle="90.00" type="DEFAULT_VEHTYPE" speed="12.65" pos="159.25" lane="2/1to3/1_0" slope="0.00"/>
        <vehicle id="9" x="398.35" y="482.31" angle="0.00" type="DEFAULT_VEHTYPE" speed="13.83" pos="112.94" lane="2/3to2/2_0" slope="0.00"/>
    </timestep>
    <timestep time="673.00">
        <vehicle id="10" x="601.65" y="354.04" angle="180.00" type="DEFAULT_VEHTYPE" speed="13.77" pos="149.29" lane="3/1to3/2_0" slope="0.00"/>
        <vehicle id="12" x="601.65" y="212.43" angle="180.00" type="DEFAULT_VEHTYPE" speed="8.26" pos="7.68" lane="3/1to3/2_0" slope="0.00"/>
        <vehicle id="13" x="601.65" y="260.08" angle="180.00" type="DEFAULT_VEHTYPE" speed="13.74" pos="55.33" lane="3/1to3/2_0" slope="0.00"/>
        <vehicle id="3" x="398.35" y="241.98" angle="0.00" type="DEFAULT_VEHTYPE" speed="13.21" pos="153.27" lane="2/2to2/1_0" slope="0.00"/>
        <vehicle id="4" x="398.35" y="4.10" angle="0.00" type="DEFAULT_VEHTYPE" speed="13.83" pos="191.15" lane="2/1to2/0_0" slope="0.00"/>
        <vehicle id="5" x="84.70" y="201.65" angle="-90.00" type="DEFAULT_VEHTYPE" speed="12.81" pos="110.55" lane="1/1to0/1_0" slope="0.00"/>
        <vehicle id="6" x="401.65" y="794.25" angle="180.00" type="DEFAULT_VEHTYPE" speed="13.23" pos="189.50" lane="2/3to2/4_0" slope="0.00"/>
        <vehicle id="7" x="201.65" y="519.57" angle="180.00" type="DEFAULT_VEHTYPE" speed="13.50" pos="114.82" lane="1/2to1/3_0" slope="0.00"/>
        <vehicle id="8" x="575.22" y="198.35" angle="90.00" type="DEFAULT_VEHTYPE" speed="11.22" pos="170.47" lane="2/1to3/1_0" slope="0.00"/>
        <vehicle id="9" x="398.35" y="468.60" angle="0.00" type="DEFAULT_VEHTYPE" speed="13.70" pos="126.65" lane="2/3to2/2_0" slope="0.00"/>
    </timestep>
    <timestep time="674.00">
        <vehicle id="10" x="601.65" y="367.92" angle="180.00" type="DEFAULT_VEHTYPE" speed="13.87" pos="163.17" lane="3/1to3/2_0" slope="0.00"/>
        <vehicle id="12" x="601.65" y="222.67" angle="180.00" type="DEFAULT_VEHTYPE" speed="10.24" pos="17.92" lane="3/1to3/2_0" slope="0.00"/>
        <vehicle id="13" x="601.65" y="272.69" angle="180.00" type="DEFAULT_VEHTYPE" speed="12.60" pos="67.94" lane="3/1to3/2_0" slope="0.00"/>
        <vehicle id="3" x="398.35" y="229.21" angle="0.00" type="DEFAULT_VEHTYPE" speed="12.77" pos="166.04" lane="2/2to2/1_0" slope="0.00"/>
        <vehicle id="4" x="401.65" y="3.86" angle="172.46" type="DEFAULT_VEHTYPE" speed="12.78" pos="3.86" lane="2/0to2/1_0" slope="0.00"/>
        <vehicle id="5" x="71.44" y="201.65" angle="-90.00" type="DEFAULT_VEHTYPE" speed="13.26" pos="123.81" lane="1/1to0/1_0" slope="0.00"/>
        <vehicle id="6" x="398.35" y="797.05" angle="-16.71" type="DEFAULT_VEHTYPE" speed="13.52" pos="2.95" lane="2/4to2/3_0" slope="0.00"/>
        <vehicle id="7" x="201.65" y="532.94" angle="180.00" type="DEFAULT_VEHTYPE" speed="13.37" pos="128.19" lane="1/2to1/3_0" slope="0.00"/>
        <vehicle id="8" x="582.92" y="198.35" angle="90.00" type="DEFAULT_VEHTYPE" speed="7.70" pos="178.17" lane="2/1to3/1_0" slope="0.00"/>
        <vehicle id="9" x="398.35" y="454.82" angle="0.00" type="DEFAULT_VEHTYPE" speed="13.78" pos="140.43" lane="2/3to2/2_0" slope="0.00"/>
    </timestep>
    <timestep time="675.00">
        <vehicle id="10" x="601.65" y="378.15" angle="180.00" type="DEFAULT_VEHTYPE" speed="10.23" pos="173.40" lane="3/1to3/2_0" slope="0.00"/>
        <vehicle id="12" x="601.65" y="234.31" angle="180.00" type="DEFAULT_VEHTYPE" speed="11.64" pos="29.56" lane="3/1to3/2_0" slope="0.00"/>
        <vehicle id="13" x="601.65" y="285.56" angle="180.00" type="DEFAULT_VEHTYPE" speed="12.87" pos="80.81" lane="3/1to3/2_0" slope="0.00"/>
        <vehicle id="3" x="398.35" y="215.70" angle="0.00" type="DEFAULT_VEHTYPE" speed="13.51" pos="179.55" lane="2/2to2/1_0" slope="0.00"/>
        <vehicle id="4" x="401.65" y="16.57" angle="180.00" type="DEFAULT_VEHTYPE" speed="12.71" pos="16.57" lane="2/0to2/1_0" slope="0.00"/>
        <vehicle id="5" x="58.35" y="201.65" angle="-90.00" type="DEFAULT_VEHTYPE" speed="13.08" pos="136.90" lane="1/1to0/1_0" slope="0.00"/>
        <vehicle id="6" x="398.35" y="783.49" angle="0.00" type="DEFAULT_VEHTYPE" speed="13.56" pos="16.51" lane="2/4to2/3_0" slope="0.00"/>
        <vehicle id="7" x="201.65" y="545.65" angle="180.00" type="DEFAULT_VEHTYPE" speed="12.70" pos="140.90" lane="1/2to1/3_0" slope="0.00"/>
        <vehicle id="8" x="588.14" y="198.35" angle="90.00" type="DEFAULT_VEHTYPE" speed="5.22" pos="183.39" lane="2/1to3/1_0" slope="0.00"/>
        <vehicle id="9" x="398.35" y="442.12" angle="0.00" type="DEFAULT_VEHTYPE" speed="12.70" pos="153.13" lane="2/3to2/2_0" slope="0.00"/>
    </timestep>
    <timestep time="676.00">
        <vehicle id="10" x="601.65" y="384.73" angle="180.00" type="DEFAULT_VEHTYPE" speed="6.58" pos="179.98" lane="3/1to3/2_0" slope="0.00"/>
        <vehicle id="12" x="601.65" y="248.16" angle="180.00" type="DEFAULT_VEHTYPE" speed="13.85" pos="43.41" lane="3/1to3/2_0" slope="0.00"/>
        <vehicle id="13" x="601.65" y="299.29" angle="180.00" type="DEFAULT_VEHTYPE" speed="13.73" pos="94.54" lane="3/1to3/2_0" slope="0.00"/>
        <vehicle id="3" x="397.28" y="202.24" angle="-12.85" type="DEFAULT_VEHTYPE" speed="13.79" pos="2.84" lane=":2/1_0_0" slope="0.00"/>
        <vehicle id="4" x="401.65" y="30.35" angle="180.00" type="DEFAULT_VEHTYPE" speed="13.78" pos="30.35" lane="2/0to2/1_0" slope="0.00"/>
        <vehicle id="5" x="45.13" y="201.65" angle="-90.00" type="DEFAULT_VEHTYPE" speed="13.23" pos="150.12" lane="1/1to0/1_0" slope="0.00"/>
        <vehicle id="6" x="398.35" y="770.19" angle="0.00" type="DEFAULT_VEHTYPE" speed="13.30" pos="29.81" lane="2/4to2/3_0" slope="0.00"/>
        <vehicle id="7" x="201.65" y="558.37" angle="180.00" type="DEFAULT_VEHTYPE" speed="12.73" pos="153.62" lane="1/2to1/3_0" slope="0.00"/>
        <vehicle id="8" x="591.04" y="198.35" angle="90.00" type="DEFAULT_VEHTYPE" speed="2.90" pos="186.29" lane="2/1to3/1_0" slope="0.00"/>
        <vehicle id="9" x="398.35" y="429.19" angle="0.00" type="DEFAULT_VEHTYPE" speed="12.94" pos="166.06" lane="2/3to2/2_0" slope="0.00"/>
    </timestep>
    <timestep time="677.00">
        <vehicle id="10" x="601.65" y="388.84" angle="180.00" type="DEFAULT_VEHTYPE" speed="4.12" pos="184.09" lane="3/1to3/2_0" slope="0.00"/>
        <vehicle id="12" x="601.65" y="261.84" angle="180.00" type="DEFAULT_VEHTYPE" speed="13.69" pos="57.09" lane="3/1to3/2_0" slope="0.00"/>
        <vehicle id="13" x="601.65" y="312.95" angle="180.00" type="DEFAULT_VEHTYPE" speed="13.66" pos="108.20" lane="3/1to3/2_0" slope="0.00"/>
        <vehicle id="3" x="384.29" y="201.65" angle="-90.00" type="DEFAULT_VEHTYPE" speed="13.12" pos="10.96" lane="2/1to1/1_0" slope="0.00"/>
        <vehicle id="4" x="401.65" y="43.52" angle="180.00" type="DEFAULT_VEHTYPE" speed="13.17" pos="43.52" lane="2/0to2/1_0" slope="0.00"/>
        <vehicle id="5" x="32.50" y="201.65" angle="-90.00" type="DEFAULT_VEHTYPE" speed="12.63" pos="162.75" lane="1/1to0/1_0" slope="0.00"/>
        <vehicle id="6" x="398.35" y="756.96" angle="0.00" type="DEFAULT_VEHTYPE" speed="13.23" pos="43.04" lane="2/4to2/3_0" slope="0.00"/>
        <vehicle id="7" x="201.65" y="571.81" angle="180.00" type="DEFAULT_VEHTYPE" speed="13.44" pos="167.06" lane="1/2to1/3_0" slope="0.00"/>
        <vehicle id="8" x="596.40" y="198.35" angle="90.00" type="DEFAULT_VEHTYPE" speed="5.36" pos="1.15" lane=":3/1_13_0" slope="0.00"/>
        <vehicle id="9" x="398.35" y="415.88" angle="0.00" type="DEFAULT_VEHTYPE" speed="13.31" pos="179.37" lane="2/3to2/2_0" slope="0.00"/>
    </timestep>
    <timestep time="678.00">
        <vehicle id="10" x="601.65" y="395.10" angle="180.00" type="DEFAULT_VEHTYPE" speed="6.26" pos="190.35" lane="3/1to3/2_0" slope="0.00"/>
        <vehicle id="12" x="601.65" y="275.09" angle="180.00" type="DEFAULT_VEHTYPE" speed="13.25" pos="70.34" lane="3/1to3/2_0" slope="0.00"/>
        <vehicle id="13" x="601.65" y="325.81" angle="180.00" type="DEFAULT_VEHTYPE" speed="12.86" pos="121.06" lane="3/1to3/2_0" slope="0.00"/>
        <vehicle id="3" x="371.24" y="201.65" angle="-90.00" type="DEFAULT_VEHTYPE" speed="13.05" pos="24.01" lane="2/1to1/1_0" slope="0.00"/>
        <vehicle id="4" x="401.65" y="57.10" angle="180.00" type="DEFAULT_VEHTYPE" speed="13.59" pos="57.10" lane="2/0to2/1_0" slope="0.00"/>
        <vehicle id="5" x="19.82" y="201.65" angle="-90.00" type="DEFAULT_VEHTYPE" speed="12.68" pos="175.43" lane="1/1to0/1_0" slope="0.00"/>
        <vehicle id="6" x="398.35" y="744.17" angle="0.00" type="DEFAULT_VEHTYPE" speed="12.78" pos="55.83" lane="2/4to2/3_0" slope="0.00"/>
        <vehicle id="7" x="201.65" y="584.65" angle="180.00" type="DEFAULT_VEHTYPE" speed="12.84" pos="179.90" lane="1/2to1/3_0" slope="0.00"/>
        <vehicle id="8" x="603.94" y="198.35" angle="90.00" type="DEFAULT_VEHTYPE" speed="7.55" pos="8.69" lane=":3/1_13_0" slope="0.00"/>
        <vehicle id="9" x="398.35" y="402.41" angle="0.00" type="DEFAULT_VEHTYPE" speed="13.47" pos="2.34" lane=":2/2_1_0" slope="0.00"/>
    </timestep>
    <timestep time="679.00">
        <vehicle id="10" x="597.56" y="401.32" angle="-130.93" type="DEFAULT_VEHTYPE" speed="8.14" pos="0.85" lane=":3/2_18_0" slope="0.00"/>
        <vehicle id="12" x="601.65" y="287.77" angle="180.00" type="DEFAULT_VEHTYPE" speed="12.68" pos="83.02" lane="3/1to3/2_0" slope="0.00"/>
        <vehicle id="13" x="601.65" y="338.65" angle="180.00" type="DEFAULT_VEHTYPE" speed="12.84" pos="133.90" lane="3/1to3/2_0" slope="0.00"/>
        <vehicle id="3" x="358.06" y="201.65" angle="-90.00" type="DEFAULT_VEHTYPE" speed="13.19" pos="37.19" lane="2/1to1/1_0" slope="0.00"/>
        <vehicle id="4" x="401.65" y="70.02" angle="180.00" type="DEFAULT_VEHTYPE" speed="12.92" pos="70.02" lane="2/0to2/1_0" slope="0.00"/>
        <vehicle id="5" x="6.29" y="201.65" angle="-90.00" type="DEFAULT_VEHTYPE" speed="13.53" pos="188.96" lane="1/1to0/1_0" slope="0.00"/>
        <vehicle id="6" x="398.35" y="730.66" angle="0.00" type="DEFAULT_VEHTYPE" speed="13.51" pos="69.34" lane="2/4to2/3_0" slope="0.00"/>
        <vehicle id="7" x="202.33" y="597.42" angle="172.01" type="DEFAULT_VEHTYPE" speed="12.92" pos="2.32" lane=":1/3_8_0" slope="0.00"/>
        <vehicle id="8" x="613.48" y="198.35" angle="90.00" type="DEFAULT_VEHTYPE" speed="9.54" pos="8.73" lane="3/1to4/1_0" slope="0.00"/>
        <vehicle id="9" x="398.35" y="389.15" angle="0.00" type="DEFAULT_VEHTYPE" speed="13.27" pos="6.10" lane="2/2to2/1_0" slope="0.00"/>
    </timestep>
    <timestep time="680.00">
        <vehicle id="10" x="587.09" y="401.65" angle="-90.00" type="DEFAULT_VEHTYPE" speed="10.48" pos="8.16" lane="3/2to2/2_0" slope="0.00"/>
        <vehicle id="12" x="601.65" y="300.93" angle="180.00" type="DEFAULT_VEHTYPE" speed="13.16" pos="96.18" lane="3/1to3/2_0" slope="0.00"/>
        <vehicle id="13" x="601.65" y="352.34" angle="180.00" type="DEFAULT_VEHTYPE" speed="13.69" pos="147.59" lane="3/1to3/2_0" slope="0.00"/>
        <vehicle id="3" x="345.41" y="201.65" angle="-90.00" type="DEFAULT_VEHTYPE" speed="12.65" pos="49.84" lane="2/1to1/1_0" slope="0.00"/>
        <vehicle id="4" x="401.65" y="83.18" angle="180.00" type="DEFAULT_VEHTYPE" speed="13.15" pos="83.18" lane="2/0to2/1_0" slope="0.00"/>
        <vehicle id="5" x="1.71" y="198.35" angle="50.59" type="DEFAULT_VEHTYPE" speed="12.82" pos="1.71" lane="0/1to1/1_0" slope="0.00"/>
        <vehicle id="6" x="398.35" y="717.76" angle="0.00" type="DEFAULT_VEHTYPE" speed="12.90" pos="82.24" lane="2/4to2/3_0" slope="0.00"/>
        <vehicle id="7" x="215.15" y="598.35" angle="90.00" type="DEFAULT_VEHTYPE" speed="13.08" pos="10.40" lane="1/3to2/3_0" slope="0.00"/>
        <vehicle id="8" x="624.71" y="198.35" angle="90.00" type="DEFAULT_VEHTYPE" speed="11.23" pos="19.96" lane="3/1to4/1_0" slope="0.00"/>
        <vehicle id="9" x="398.35" y="375.84" angle="0.00" type="DEFAULT_VEHTYPE" speed="13.31" pos="19.41" lane="2/2to2/1_0" slope="0.00"/>
    </timestep>
    <timestep time="681.00">
        <vehicle id="10" x="574.50" y="401.65" angle="-90.00" type="DEFAULT_VEHTYPE" speed="12.59" pos="20.75" lane="3/2to2/2_0" slope="0.00"/>
        <vehicle id="12" x="601.65" y="314.23" angle="180.00" type="DEFAULT_VEHTYPE" speed="13.30" pos="109.48" lane="3/1to3/2_0" slope="0.00"/>
        <vehicle id="13" x="601.65" y="365.09" angle="180.00" type="DEFAULT_VEHTYPE" speed="12.75" pos="160.34" lane="3/1to3/2_0" slope="0.00"/>
        <vehicle id="3" x="332.33" y="201.65" angle="-90.00" type="DEFAULT_VEHTYPE" speed="13.08" pos="62.92" lane="2/1to1/1_0" slope="0.00"/>
        <vehicle id="4" x="401.65" y="96.90" angle="180.00" type="DEFAULT_VEHTYPE" speed="13.72" pos="96.90" lane="2/0to2/1_0" slope="0.00"/>
        <vehicle id="5" x="15.43" y="198.35" angle="90.00" type="DEFAULT_VEHTYPE" speed="13.72" pos="15.43" lane="0/1to1/1_0" slope="0.00"/>
        <vehicle id="6" x="398.35" y="704.12" angle="0.00" type="DEFAULT_VEHTYPE" speed="13.64" pos="95.88" lane="2/4to2/3_0" slope="0.00"/>
        <vehicle id="7" x="227.79" y="598.35" angle="90.00" type="DEFAULT_VEHTYPE" speed="12.64" pos="23.04" lane="1/3to2/3_0" slope="0.00"/>
        <vehicle id="8" x="637.41" y="198.35" angle="90.00" type="DEFAULT_VEHTYPE" speed="12.70" pos="32.66" lane="3/1to4/1_0" slope="0.00"/>
        <vehicle id="9" x="398.35" y="362.45" angle="0.00" type="DEFAULT_VEHTYPE" speed="13.39" pos="32.80" lane="2/2to2/1_0" slope="0.00"/>
    </timestep>
    <timestep time="682.00">
        <vehicle id="10" x="560.82" y="401.65" angle="-90.00" type="DEFAULT_VEHTYPE" speed="13.68" pos="34.43" lane="3/2to2/2_0" slope="0.00"/>
        <vehicle id="12" x="601.65" y="327.96" angle="180.00" type="DEFAULT_VEHTYPE" speed="13.72" pos="123.21" lane="3/1to3/2_0" slope="0.00"/>
        <vehicle id="13" x="601.65" y="376.60" angle="180.00" type="DEFAULT_VEHTYPE" speed="11.51" pos="171.85" lane="3/1to3/2_0" slope="0.00"/>
        <vehicle id="3" x="318.68" y="201.65" angle="-90.00" type="DEFAULT_VEHTYPE" speed="13.65" pos="76.57" lane="2/1to1/1_0" slope="0.00"/>
        <vehicle id="4" x="401.65" y="110.47" angle="180.00" type="DEFAULT_VEHTYPE" speed="13.57" pos="110.47" lane="2/0to2/1_0" slope="0.00"/>
        <vehicle id="5" x="28.86" y="198.35" angle="90.00" type="DEFAULT_VEHTYPE" speed="13.43" pos="28.86" lane="0/1to1/1_0" slope="0.00"/>
        <vehicle id="6" x="398.35" y="690.64" angle="0.00" type="DEFAULT_VEHTYPE" speed="13.47" pos="109.36" lane="2/4to2/3_0" slope="0.00"/>
        <vehicle id="7" x="241.55" y="598.35" angle="90.00" type="DEFAULT_VEHTYPE" speed="13.76" pos="36.80" lane="1/3to2/3_0" slope="0.00"/>
        <vehicle id="8" x="650.68" y="198.35" angle="90.00" type="DEFAULT_VEHTYPE" speed="13.26" pos="45.93" lane="3/1to4/1_0" slope="0.00"/>
        <vehicle id="9" x="398.35" y="349.71" angle="0.00" type="DEFAULT_VEHTYPE" speed="12.75" pos="45.54" lane="2/2to2/1_0" slope="0.00"/>
    </timestep>
    <timestep time="683.00">
        <vehicle id="10" x="547.90" y="401.65" angle="-90.00" type="DEFAULT_VEHTYPE" speed="12.91" pos="47.35" lane="3/2to2/2_0" slope="0.00"/>
        <vehicle id="12" x="601.65" y="340.90" angle="180.00" type="DEFAULT_VEHTYPE" speed="12.94" pos="136.15" lane="3/1to3/2_0" slope="0.00"/>
        <vehicle id="13" x="601.65" y="383.96" angle="180.00" type="DEFAULT_VEHTYPE" speed="7.37" pos="179.21" lane="3/1to3/2_0" slope="0.00"/>
        <vehicle id="3" x="305.46" y="201.65" angle="-90.00" type="DEFAULT_VEHTYPE" speed="13.22" pos="89.79" lane="2/1to1/1_0" slope="0.00"/>
        <vehicle id="4" x="401.65" y="124.18" angle="180.00" type="DEFAULT_VEHTYPE" speed="13.71" pos="124.18" lane="2/0to2/1_0" slope="0.00"/>
        <vehicle id="5" x="42.35" y="198.35" angle="90.00" type="DEFAULT_VEHTYPE" speed="13.49" pos="42.35" lane="0/1to1/1_0" slope="0.00"/>
        <vehicle id="6" x="398.35" y="677.94" angle="0.00" type="DEFAULT_VEHTYPE" speed="12.71" pos="122.06" lane="2/4to2/3_0" slope="0.00"/>
        <vehicle id="7" x="254.46" y="598.35" angle="90.00" type="DEFAULT_VEHTYPE" speed="12.91" pos="49.71" lane="1/3to2/3_0" slope="0.00"/>
        <vehicle id="8" x="663.97" y="198.35" angle="90.00" type="DEFAULT_VEHTYPE" speed="13.29" pos="59.22" lane="3/1to4/1_0" slope="0.00"/>
        <vehicle id="9" x="398.35" y="335.95" angle="0.00" type="DEFAULT_VEHTYPE" speed="13.76" pos="59.30" lane="2/2to2/1_0" slope="0.00"/>
    </timestep>
    <timestep time="684.00">
        <vehicle id="10" x="534.45" y="401.65" angle="-90.00" type="DEFAULT_VEHTYPE" speed="13.45" pos="60.80" lane="3/2to2/2_0" slope="0.00"/>
        <vehicle id="12" x="601.65" y="353.79" angle="180.00" type="DEFAULT_VEHTYPE" speed="12.89" pos="149.04" lane="3/1to3/2_0" slope="0.00"/>
        <vehicle id="13" x="601.65" y="388.81" angle="180.00" type="DEFAULT_VEHTYPE" speed="4.85" pos="184.06" lane="3/1to3/2_0" slope="0.00"/>
        <vehicle id="3" x="292.18" y="201.65" angle="-90.00" type="DEFAULT_VEHTYPE" speed="13.28" pos="103.07" lane="2/1to1/1_0" slope="0.00"/>
        <vehicle id="4" x="401.65" y="137.34" angle="180.00" type="DEFAULT_VEHTYPE" speed="13.15" pos="137.34" lane="2/0to2/1_0" slope="0.00"/>
        <vehicle id="5" x="56.04" y="198.35" angle="90.00" type="DEFAULT_VEHTYPE" speed="13.68" pos="56.04" lane="0/1to1/1_0" slope="0.00"/>
        <vehicle id="6" x="398.35" y="665.07" angle="0.00" type="DEFAULT_VEHTYPE" speed="12.87" pos="134.93" lane="2/4to2/3_0" slope="0.00"/>
        <vehicle id="7" x="268.29" y="598.35" angle="90.00" type="DEFAULT_VEHTYPE" speed="13.83" pos="63.54" lane="1/3to2/3_0" slope="0.00"/>
        <vehicle id="8" x="677.15" y="198.35" angle="90.00" type="DEFAULT_VEHTYPE" speed="13.18" pos="72.40" lane="3/1to4/1_0" slope="0.00"/>
        <vehicle id="9" x="398.35" y="322.36" angle="0.00" type="DEFAULT_VEHTYPE" speed="13.59" pos="72.89" lane="2/2to2/1_0" slope="0.00"/>
    </timestep>
    <timestep time="685.00">
        <vehicle id="10" x="520.92" y="401.65" angle="-90.00" type="DEFAULT_VEHTYPE" speed="13.53" pos="74.33" lane="3/2to2/2_0" slope="0.00"/>
        <vehicle id="12" x="601.65" y="366.97" angle="180.00" type="DEFAULT_VEHTYPE" speed="13.19" pos="162.22" lane="3/1to3/2_0" slope="0.00"/>
        <vehicle id="13" x="601.65" y="395.08" angle="180.00" type="DEFAULT_VEHTYPE" speed="6.27" pos="190.33" lane="3/1to3/2_0" slope="0.00"/>
        <vehicle id="3" x="278.45" y="201.65" angle="-90.00" type="DEFAULT_VEHTYPE" speed="13.73" pos="116.80" lane="2/1to1/1_0" slope="0.00"/>
        <vehicle id="4" x="401.65" y="150.14" angle="180.00" type="DEFAULT_VEHTYPE" speed="12.80" pos="150.14" lane="2/0to2/1_0" slope="0.00"/>
        <vehicle id="5" x="69.68" y="198.35" angle="90.00" type="DEFAULT_VEHTYPE" speed="13.64" pos="69.68" lane="0/1to1/1_0" slope="0.00"/>
        <vehicle id="6" x="398.35" y="652.09" angle="0.00" type="DEFAULT_VEHTYPE" speed="12.97" pos="147.91" lane="2/4to2/3_0" slope="0.00"/>
        <vehicle id="7" x="280.97" y="598.35" angle="90.00" type="DEFAULT_VEHTYPE" speed="12.68" pos="76.22" lane="1/3to2/3_0" slope="0.00"/>
        <vehicle id="8" x="690.33" y="198.35" angle="90.00" type="DEFAULT_VEHTYPE" speed="13.18" pos="85.58" lane="3/1to4/1_0" slope="0.00"/>
        <vehicle id="9" x="398.35" y="308.86" angle="0.00" type="DEFAULT_VEHTYPE" speed="13.50" pos="86.39" lane="2/2to2/1_0" slope="0.00"/>
    </timestep>
    <timestep time="686.00">
        <vehicle id="10" x="507.64" y="401.65" angle="-90.00" type="DEFAULT_VEHTYPE" speed="13.29" pos="87.61" lane="3/2to2/2_0" slope="0.00"/>
        <vehicle id="12" x="601.65" y="378.64" angle="180.00" type="DEFAULT_VEHTYPE" speed="11.67" pos="173.89" lane="3/1to3/2_0" slope="0.00"/>
        <vehicle id="13" x="597.76" y="401.29" angle="-133.24" type="DEFAULT_VEHTYPE" speed="7.95" pos="0.64" lane=":3/2_18_0" slope="0.00"/>
        <vehicle id="3" x="265.74" y="201.65" angle="-90.00" type="DEFAULT_VEHTYPE" speed="12.71" pos="129.51" lane="2/1to1/1_0" slope="0.00"/>
        <vehicle id="4" x="401.65" y="163.45" angle="180.00" type="DEFAULT_VEHTYPE" speed="13.32" pos="163.45" lane="2/0to2/1_0" slope="0.00"/>
        <vehicle id="5" x="83.53" y="198.35" angle="90.00" type="DEFAULT_VEHTYPE" speed="13.85" pos="83.53" lane="0/1to1/1_0" slope="0.00"/>
        <vehicle id="6" x="398.35" y="638.55" angle="0.00" type="DEFAULT_VEHTYPE" speed="13.55" pos="161.45" lane="2/4to2/3_0" slope="0.00"/>
        <vehicle id="7" x="293.81" y="598.35" angle="90.00" type="DEFAULT_VEHTYPE" speed="12.84" pos="89.06" lane="1/3to2/3_0" slope="0.00"/>
        <vehicle id="8" x="703.94" y="198.35" angle="90.00" type="DEFAULT_VEHTYPE" speed="13.62" pos="99.19" lane="3/1to4/1_0" slope="0.00"/>
        <vehicle id="9" x="398.35" y="295.91" angle="0.00" type="DEFAULT_VEHTYPE" speed="12.95" pos="99.34" lane="2/2to2/1_0" slope="0.00"/>
    </timestep>
    <timestep time="687.00">
        <vehicle id="10" x="494.64" y="401.65" angle="-90.00" type="DEFAULT_VEHTYPE" speed="12.99" pos="100.61" lane="3/2to2/2_0" slope="0.00"/>
        <vehicle id="12" x="601.65" y="391.49" angle="180.00" type="DEFAULT_VEHTYPE" speed="12.85" pos="186.74" lane="3/1to3/2_0" slope="0.00"/>
        <vehicle id="13" x="587.99" y="401.65" angle="-90.00" type="DEFAULT_VEHTYPE" speed="9.80" pos="7.26" lane="3/2to2/2_0" slope="0.00"/>
        <vehicle id="3" x="252.04" y="201.65" angle="-90.00" type="DEFAULT_VEHTYPE" speed="13.70" pos="143.21" lane="2/1to1/1_0" slope="0.00"/>
        <vehicle id="4" x="401.65" y="176.05" angle="180.00" type="DEFAULT_VEHTYPE" speed="12.60" pos="176.05" lane="2/0to2/1_0" slope="0.00"/>
        <vehicle id="5" x="96.36" y="198.35" angle="90.00" type="DEFAULT_VEHTYPE" speed="12.83" pos="96.36" lane="0/1to1/1_0" slope="0.00"/>
        <vehicle id="6" x="398.35" y="624.85" angle="0.00" type="DEFAULT_VEHTYPE" speed="13.70" pos="175.15" lane="2/4to2/3_0" slope="0.00"/>
        <vehicle id="7" x="307.45" y="598.35" angle="90.00" type="DEFAULT_VEHTYPE" speed="13.64" pos="102.70" lane="1/3to2/3_0" slope="0.00"/>
        <vehicle id="8" x="716.71" y="198.35" angle="90.00" type="DEFAULT_VEHTYPE" speed="12.77" pos="111.96" lane="3/1to4/1_0" slope="0.00"/>
        <vehicle id="9" x="398.35" y="282.80" angle="0.00" type="DEFAULT_VEHTYPE" speed="13.10" pos="112.45" lane="2/2to2/1_0" slope="0.00"/>
    </timestep>
    <timestep time="688.00">
        <vehicle id="10" x="480.90" y="401.65" angle="-90.00" type="DEFAULT_VEHTYPE" speed="13.75" pos="114.35" lane="3/2to2/2_0" slope="0.00"/>
        <vehicle id="12" x="601.65" y="404.88" angle="180.00" type="DEFAULT_VEHTYPE" speed="13.39" pos="0.13" lane="3/2to3/3_0" slope="0.00"/>
        <vehicle id="13" x="575.84" y="401.65" angle="-90.00" type="DEFAULT_VEHTYPE" speed="12.16" pos="19.41" lane="3/2to2/2_0" slope="0.00"/>
        <vehicle id="3" x="238.86" y="201.65" angle="-90.00" type="DEFAULT_VEHTYPE" speed="13.18" pos="156.39" lane="2/1to1/1_0" slope="0.00"/>
        <vehicle id="4" x="401.65" y="188.68" angle="180.00" type="DEFAULT_VEHTYPE" speed="12.62" pos="188.68" lane="2/0to2/1_0" slope="0.00"/>
        <vehicle id="5" x="109.74" y="198.35" angle="90.00" type="DEFAULT_VEHTYPE" speed="13.38" pos="109.74" lane="0/1to1/1_0" slope="0.00"/>
        <vehicle id="6" x="398.35" y="612.11" angle="0.00" type="DEFAULT_VEHTYPE" speed="12.74" pos="187.89" lane="2/4to2/3_0" slope="0.00"/>
        <vehicle id="7" x="320.63" y="598.35" angle="90.00" type="DEFAULT_VEHTYPE" speed="13.19" pos="115.88" lane="1/3to2/3_0" slope="0.00"/>
        <vehicle id="8" x="730.26" y="198.35" angle="90.00" type="DEFAULT_VEHTYPE" speed="13.54" pos="125.51" lane="3/1to4/1_0" slope="0.00"/>
        <vehicle id="9" x="398.35" y="269.37" angle="0.00" type="DEFAULT_VEHTYPE" speed="13.43" pos="125.88" lane="2/2to2/1_0" slope="0.00"/>
    </timestep>
    <timestep time="689.00">
        <vehicle id="10" x="468.19" y="401.65" angle="-90.00" type="DEFAULT_VEHTYPE" speed="12.70" pos="127.06" lane="3/2to2/2_0" slope="0.00"/>
        <vehicle id="12" x="601.65" y="417.62" angle="180.00" type="DEFAULT_VEHTYPE" speed="12.74" pos="12.87" lane="3/2to3/3_0" slope="0.00"/>
        <vehicle id="13" x="563.15" y="401.65" angle="-90.00" type="DEFAULT_VEHTYPE" speed="12.68" pos="32.10" lane="3/2to2/2_0" slope="0.00"/>
        <vehicle id="3" x="227.05" y="201.65" angle="-90.00" type="DEFAULT_VEHTYPE" speed="11.80" pos="168.20" lane="2/1to1/1_0" slope="0.00"/>
        <vehicle id="4" x="406.31" y="198.35" angle="109.92" type="DEFAULT_VEHTYPE" speed="13.13" pos="1.56" lane="2/1to3/1_0" slope="0.00"/>
        <vehicle id="5" x="123.52" y="198.35" angle="90.00" type="DEFAULT_VEHTYPE" speed="13.78" pos="123.52" lane="0/1to1/1_0" slope="0.00"/>
        <vehicle id="6" x="398.35" y="598.44" angle="0.00" type="DEFAULT_VEHTYPE" speed="13.67" pos="6.31" lane=":2/3_1_0" slope="0.00"/>
        <vehicle id="7" x="334.46" y="598.35" angle="90.00" type="DEFAULT_VEHTYPE" speed="13.83" pos="129.71" lane="1/3to2/3_0" slope="0.00"/>
        <vehicle id="8" x="743.03" y="198.35" angle="90.00" type="DEFAULT_VEHTYPE" speed="12.77" pos="138.28" lane="3/1to4/1_0" slope="0.00"/>
        <vehicle id="9" x="398.35" y="256.67" angle="0.00" type="DEFAULT_VEHTYPE" speed="12.70" pos="138.58" lane="2/2to2/1_0" slope="0.00"/>
    </timestep>
    <timestep time="690.00">
        <vehicle id="10" x="454.68" y="401.65" angle="-90.00" type="DEFAULT_VEHTYPE" speed="13.52" pos="140.57" lane="3/2to2/2_0" slope="0.00"/>
        <vehicle id="12" x="601.65" y="431.03" angle="180.00" type="DEFAULT_VEHTYPE" speed="13.41" pos="26.28" lane="3/2to3/3_0" slope="0.00"/>
        <vehicle id="13" x="549.71" y="401.65" angle="-90.00" type="DEFAULT_VEHTYPE" speed="13.44" pos="45.54" lane="3/2to2/2_0" slope="0.00"/>
        <vehicle id="3" x="218.17" y="201.65" angle="-90.00" type="DEFAULT_VEHTYPE" speed="8.88" pos="177.08" lane="2/1to1/1_0" slope="0.00"/>
        <vehicle id="4" x="419.02" y="198.35" angle="90.00" type="DEFAULT_VEHTYPE" speed="12.72" pos="14.27" lane="2/1to3/1_0" slope="0.00"/>
        <vehicle id="5" x="137.23" y="198.35" angle="90.00" type="DEFAULT_VEHTYPE" speed="13.71" pos="137.23" lane="0/1to1/1_0" slope="0.00"/>
        <vehicle id="6" x="398.35" y="585.23" angle="0.00" type="DEFAULT_VEHTYPE" speed="13.21" pos="10.02" lane="2/3to2/2_0" slope="0.00"/>
        <vehicle id="7" x="347.29" y="598.35" angle="90.00" type="DEFAULT_VEHTYPE" speed="12.83" pos="142.54" lane="1/3to2/3_0" slope="0.00"/>
        <vehicle id="8" x="756.73" y="198.35" angle="90.00" type="DEFAULT_VEHTYPE" speed="13.70" pos="151.98" lane="3/1to4/1_0" slope="0.00"/>
        <vehicle id="9" x="398.35" y="243.63" angle="0.00" type="DEFAULT_VEHTYPE" speed="13.04" pos="151.62" lane="2/2to2/1_0" slope="0.00"/>
    </timestep>
    <timestep time="691.00">
        <vehicle id="10" x="441.36" y="401.65" angle="-90.00" type="DEFAULT_VEHTYPE" speed="13.31" pos="153.89" lane="3/2to2/2_0" slope="0.00"/>
        <vehicle id="12" x="601.65" y="444.31" angle="180.00" type="DEFAULT_VEHTYPE" speed="13.27" pos="39.56" lane="3/2to3/3_0" slope="0.00"/>
        <vehicle id="13" x="536.22" y="401.65" angle="-90.00" type="DEFAULT_VEHTYPE" speed="13.49" pos="59.03" lane="3/2to2/2_0" slope="0.00"/>
        <vehicle id="3" x="212.70" y="201.65" angle="-90.00" type="DEFAULT_VEHTYPE" speed="5.47" pos="182.55" lane="2/1to1/1_0" slope="0.00"/>
        <vehicle id="4" x="432.42" y="198.35" angle="90.00" type="DEFAULT_VEHTYPE" speed="13.39" pos="27.67" lane="2/1to3/1_0" slope="0.00"/>
        <vehicle id="5" x="150.69" y="198.35" angle="90.00" type="DEFAULT_VEHTYPE" speed="13.46" pos="150.69" lane="0/1to1/1_0" slope="0.00"/>
        <vehicle id="6" x="398.35" y="571.33" angle="0.00" type="DEFAULT_VEHTYPE" speed="13.90" pos="23.92" lane="2/3to2/2_0" slope="0.00"/>
        <vehicle id="7" x="360.42" y="598.35" angle="90.00" type="DEFAULT_VEHTYPE" speed="13.13" pos="155.67" lane="1/3to2/3_0" slope="0.00"/>
        <vehicle id="8" x="769.51" y="198.35" angle="90.00" type="DEFAULT_VEHTYPE" speed="12.78" pos="164.76" lane="3/1to4/1_0" slope="0.00"/>
        <vehicle id="9" x="398.35" y="230.89" angle="0.00" type="DEFAULT_VEHTYPE" speed="12.74" pos="164.36" lane="2/2to2/1_0" slope="0.00"/>
    </timestep>
    <timestep time="692.00">
        <vehicle id="10" x="428.33" y="401.65" angle="-90.00" type="DEFAULT_VEHTYPE" speed="13.03" pos="166.92" lane="3/2to2/2_0" slope="0.00"/>
        <vehicle id="12" x="601.65" y="458.17" angle="180.00" type="DEFAULT_VEHTYPE" speed="13.86" pos="53.42" lane="3/2to3/3_0" slope="0.00"/>
        <vehicle id="13" x="523.60" y="401.65" angle="-90.00" type="DEFAULT_VEHTYPE" speed="12.62" pos="71.65" lane="3/2to2/2_0" slope="0.00"/>
        <vehicle id="3" x="209.04" y="201.65" angle="-90.00" type="DEFAULT_VEHTYPE" speed="3.66" pos="186.21" lane="2/1to1/1_0" slope="0.00"/>
        <vehicle id="4" x="445.08" y="198.35" angle="90.00" type="DEFAULT_VEHTYPE" speed="12.66" pos="40.33" lane="2/1to3/1_0" slope="0.00"/>
        <vehicle id="5" x="163.89" y="198.35" angle="90.00" type="DEFAULT_VEHTYPE" speed="13.20" pos="163.89" lane="0/1to1/1_0" slope="0.00"/>
        <vehicle id="6" x="398.35" y="558.64" angle="0.00" type="DEFAULT_VEHTYPE" speed="12.68" pos="36.61" lane="2/3to2/2_0" slope="0.00"/>
        <vehicle id="7" x="372.91" y="598.35" angle="90.00" type="DEFAULT_VEHTYPE" speed="12.49" pos="168.16" lane="1/3to2/3_0" slope="0.00"/>
        <vehicle id="8" x="782.15" y="198.35" angle="90.00" type="DEFAULT_VEHTYPE" speed="12.64" pos="177.40" lane="3/1to4/1_0" slope="0.00"/>
        <vehicle id="9" x="398.35" y="217.40" angle="0.00" type="DEFAULT_VEHTYPE" speed="13.49" pos="177.85" lane="2/2to2/1_0" slope="0.00"/>
    </timestep>
    <timestep time="693.00">
        <vehicle id="10" x="419.58" y="401.65" angle="-90.00" type="DEFAULT_VEHTYPE" speed="8.76" pos="175.67" lane="3/2to2/2_0" slope="0.00"/>
        <vehicle id="12" x="601.65" y="471.09" angle="180.00" type="DEFAULT_VEHTYPE" speed="12.92" pos="66.34" lane="3/2to3/3_0" slope="0.00"/>
        <vehicle id="13" x="510.36" y="401.65" angle="-90.00" type="DEFAULT_VEHTYPE" speed="13.24" pos="84.89" lane="3/2to2/2_0" slope="0.00"/>
        <vehicle id="3" x="203.03" y="202.06" angle="-94.73" type="DEFAULT_VEHTYPE" speed="6.09" pos="1.79" lane=":1/1_4_0" slope="0.00"/>
        <vehicle id="4" x="458.34" y="198.35" angle="90.00" type="DEFAULT_VEHTYPE" speed="13.27" pos="53.59" lane="2/1to3/1_0" slope="0.00"/>
        <vehicle id="5" x="175.84" y="198.35" angle="90.00" type="DEFAULT_VEHTYPE" speed="11.95" pos="175.84" lane="0/1to1/1_0" slope="0.00"/>
        <vehicle id="6" x="398.35" y="544.92" angle="0.00" type="DEFAULT_VEHTYPE" speed="13.72" pos="50.33" lane="2/3to2/2_0" slope="0.00"/>
        <vehicle id="7" x="381.43" y="598.35" angle="90.00" type="DEFAULT_VEHTYPE" speed="8.53" pos="176.68" lane="1/3to2/3_0" slope="0.00"/>
        <vehicle id="8" x="794.93" y="198.35" angle="90.00" type="DEFAULT_VEHTYPE" speed="12.78" pos="190.18" lane="3/1to4/1_0" slope="0.00"/>
        <vehicle id="9" x="398.27" y="204.16" angle="-0.94" type="DEFAULT_VEHTYPE" speed="13.24" pos="0.59" lane=":2/1_0_0" slope="0.00"/>
    </timestep>
    <timestep time="694.00">
        <vehicle id="10" x="413.59" y="401.65" angle="-90.00" type="DEFAULT_VEHTYPE" speed="5.99" pos="181.66" lane="3/2to2/2_0" slope="0.00"/>
        <vehicle id="12" x="601.65" y="483.79" angle="180.00" type="DEFAULT_VEHTYPE" speed="12.71" pos="79.04" lane="3/2to3/3_0" slope="0.00"/>
        <vehicle id="13" x="496.85" y="401.65" angle="-90.00" type="DEFAULT_VEHTYPE" speed="13.52" pos="98.40" lane="3/2to2/2_0" slope="0.00"/>
        <vehicle id="3" x="201.65" y="209.84" angle="180.00" type="DEFAULT_VEHTYPE" speed="8.29" pos="5.09" lane="1/1to1/2_0" slope="0.00"/>
        <vehicle id="4" x="471.77" y="198.35" angle="90.00" type="DEFAULT_VEHTYPE" speed="13.43" pos="67.02" lane="2/1to3/1_0" slope="0.00"/>
        <vehicle id="5" x="183.47" y="198.35" angle="90.00" type="DEFAULT_VEHTYPE" speed="7.64" pos="183.47" lane="0/1to1/1_0" slope="0.00"/>
        <vehicle id="6" x="398.35" y="531.95" angle="0.00" type="DEFAULT_VEHTYPE" speed="12.97" pos="63.30" lane="2/3to2/2_0" slope="0.00"/>
        <vehicle id="7" x="387.96" y="598.35" angle="90.00" type="DEFAULT_VEHTYPE" speed="6.52" pos="183.21" lane="1/3to2/3_0" slope="0.00"/>
        <vehicle id="8" x="797.26" y="201.65" angle="-109.33" type="DEFAULT_VEHTYPE" speed="12.63" pos="2.74" lane="4/1to3/1_0" slope="0.00"/>
        <vehicle id="9" x="386.91" y="201.65" angle="-90.00" type="DEFAULT_VEHTYPE" speed="12.75" pos="8.34" lane="2/1to1/1_0" slope="0.00"/>
    </timestep>
    <timestep time="695.00">
        <vehicle id="10" x="409.72" y="401.65" angle="-90.00" type="DEFAULT_VEHTYPE" speed="3.87" pos="185.53" lane="3/2to2/2_0" slope="0.00"/>
        <vehicle id="12" x="601.65" y="496.55" angle="180.00" type="DEFAULT_VEHTYPE" speed="12.75" pos="91.80" lane="3/2to3/3_0" slope="0.00"/>
        <vehicle id="13" x="484.09" y="401.65" angle="-90.00" type="DEFAULT_VEHTYPE" speed="12.76" pos="111.16" lane="3/2to2/2_0" slope="0.00"/>
        <vehicle id="3" x="201.65" y="220.17" angle="180.00" type="DEFAULT_VEHTYPE" speed="10.33" pos="15.42" lane="1/1to1/2_0" slope="0.00"/>
        <vehicle id="4" x="484.87" y="198.35" angle="90.00" type="DEFAULT_VEHTYPE" speed="13.10" pos="80.12" lane="2/1to3/1_0" slope="0.00"/>
        <vehicle id="5" x="188.57" y="198.35" angle="90.00" type="DEFAULT_VEHTYPE" speed="5.09" pos="188.57" lane="0/1to1/1_0" slope="0.00"/>
        <vehicle id="6" x="398.35" y="518.96" angle="0.00" type="DEFAULT_VEHTYPE" speed="12.99" pos="76.29" lane="2/3to2/2_0" slope="0.00"/>
        <vehicle id="7" x="390.19" y="598.35" angle="90.00" type="DEFAULT_VEHTYPE" speed="2.23" pos="185.44" lane="1/3to2/3_0" slope="0.00"/>
        <vehicle id="8" x="784.62" y="201.65" angle="-90.00" type="DEFAULT_VEHTYPE" speed="12.64" pos="15.38" lane="4/1to3/1_0" slope="0.00"/>
        <vehicle id="9" x="373.88" y="201.65" angle="-90.00" type="DEFAULT_VEHTYPE" speed="13.04" pos="21.37" lane="2/1to1/1_0" slope="0.00"/>
    </timestep>
    <timestep time="696.00">
        <vehicle id="10" x="404.23" y="401.65" angle="-90.00" type="DEFAULT_VEHTYPE" speed="5.49" pos="0.52" lane=":2/2_5_0" slope="0.00"/>
        <vehicle id="12" x="601.65" y="510.33" angle="180.00" type="DEFAULT_VEHTYPE" speed="13.78" pos="105.58" lane="3/2to3/3_0" slope="0.00"/>
        <vehicle id="13" x="470.65" y="401.65" angle="-90.00" type="DEFAULT_VEHTYPE" speed="13.44" pos="124.60" lane="3/2to2/2_0" slope="0.00"/>
        <vehicle id="3" x="201.65" y="232.26" angle="180.00" type="DEFAULT_VEHTYPE" speed="12.10" pos="27.51" lane="1/1to1/2_0" slope="0.00"/>
        <vehicle id="4" x="497.71" y="198.35" angle="90.00" type="DEFAULT_VEHTYPE" speed="12.84" pos="92.96" lane="2/1to3/1_0" slope="0.00"/>
        <vehicle id="5" x="196.07" y="198.24" angle="88.69" type="DEFAULT_VEHTYPE" speed="7.51" pos="0.83" lane=":1/1_12_0" slope="0.00"/>
        <vehicle id="6" x="398.35" y="506.35" angle="0.00" type="DEFAULT_VEHTYPE" speed="12.61" pos="88.90" lane="2/3to2/2_0" slope="0.00"/>
        <vehicle id="7" x="394.19" y="598.35" angle="90.00" type="DEFAULT_VEHTYPE" speed="4.01" pos="189.44" lane="1/3to2/3_0" slope="0.00"/>
        <vehicle id="8" x="771.45" y="201.65" angle="-90.00" type="DEFAULT_VEHTYPE" speed="13.17" pos="28.55" lane="4/1to3/1_0" slope="0.00"/>
        <vehicle id="9" x="360.99" y="201.65" angle="-90.00" type="DEFAULT_VEHTYPE" speed="12.89" pos="34.26" lane="2/1to1/1_0" slope="0.00"/>
    </timestep>
    <timestep time="697.00">
        <vehicle id="10" x="396.85" y="401.65" angle="-90.00" type="DEFAULT_VEHTYPE" speed="7.38" pos="7.90" lane=":2/2_5_0" slope="0.00"/>
        <vehicle id="12" x="601.65" y="523.48" angle="180.00" type="DEFAULT_VEHTYPE" speed="13.15" pos="118.73" lane="3/2to3/3_0" slope="0.00"/>
        <vehicle id="13" x="456.81" y="401.65" angle="-90.00" type="DEFAULT_VEHTYPE" speed="13.83" pos="138.44" lane="3/2to2/2_0" slope="0.00"/>
        <vehicle id="3" x="201.65" y="245.37" angle="180.00" type="DEFAULT_VEHTYPE" speed="13.10" pos="40.62" lane="1/1to1/2_0" slope="0.00"/>
        <vehicle id="4" x="511.28" y="198.35" angle="90.00" type="DEFAULT_VEHTYPE" speed="13.58" pos="106.53" lane="2/1to3/1_0" slope="0.00"/>
        <vehicle id="5" x="198.35" y="189.56" angle="0.00" type="DEFAULT_VEHTYPE" speed="9.86" pos="5.69" lane="1/1to1/0_0" slope="0.00"/>
        <vehicle id="6" x="398.35" y="493.73" angle="0.00" type="DEFAULT_VEHTYPE" speed="12.62" pos="101.52" lane="2/3to2/2_0" slope="0.00"/>
        <vehicle id="7" x="400.20" y="600.20" angle="111.61" type="DEFAULT_VEHTYPE" speed="6.51" pos="5.45" lane=":2/3_14_0" slope="0.00"/>
        <vehicle id="8" x="758.00" y="201.65" angle="-90.00" type="DEFAULT_VEHTYPE" speed="13.45" pos="42.00" lane="4/1to3/1_0" slope="0.00"/>
        <vehicle id="9" x="347.30" y="201.65" angle="-90.00" type="DEFAULT_VEHTYPE" speed="13.69" pos="47.95" lane="2/1to1/1_0" slope="0.00"/>
    </timestep>
    <timestep time="698.00">
        <vehicle id="10" x="387.40" y="401.65" angle="-90.00" type="DEFAULT_VEHTYPE" speed="9.45" pos="7.85" lane="2/2to1/2_0" slope="0.00"/>
        <vehicle id="12" x="601.65" y="536.84" angle="180.00" type="DEFAULT_VEHTYPE" speed="13.36" pos="132.09" lane="3/2to3/3_0" slope="0.00"/>
        <vehicle id="13" x="443.55" y="401.65" angle="-90.00" type="DEFAULT_VEHTYPE" speed="13.27" pos="151.70" lane="3/2to2/2_0" slope="0.00"/>
        <vehicle id="3" x="201.65" y="258.93" angle="180.00" type="DEFAULT_VEHTYPE" speed="13.56" pos="54.18" lane="1/1to1/2_0" slope="0.00"/>
        <vehicle id="4" x="524.39" y="198.35" angle="90.00" type="DEFAULT_VEHTYPE" speed="13.11" pos="119.64" lane="2/1to3/1_0" slope="0.00"/>
        <vehicle id="5" x="198.35" y="177.27" angle="0.00" type="DEFAULT_VEHTYPE" speed="12.29" pos="17.98" lane="1/1to1/0_0" slope="0.00"/>
        <vehicle id="6" x="398.35" y="480.88" angle="0.00" type="DEFAULT_VEHTYPE" speed="12.85" pos="114.37" lane="2/3to2/2_0" slope="0.00"/>
        <vehicle id="7" x="401.65" y="608.32" angle="177.67" type="DEFAULT_VEHTYPE" speed="8.44" pos="3.57" lane="2/3to2/4_0" slope="0.00"/>
        <vehicle id="8" x="745.09" y="201.65" angle="-90.00" type="DEFAULT_VEHTYPE" speed="12.91" pos="54.91" lane="4/1to3/1_0" slope="0.00"/>
        <vehicle id="9" x="333.85" y="201.65" angle="-90.00" type="DEFAULT_VEHTYPE" speed="13.45" pos="61.40" lane="2/1to1/1_0" slope="0.00"/>
    </timestep>
    <timestep time="699.00">
        <vehicle id="10" x="375.81" y="401.65" angle="-90.00" type="DEFAULT_VEHTYPE" speed="11.58" pos="19.44" lane="2/2to1/2_0" slope="0.00"/>
        <vehicle id="12" x="601.65" y="550.39" angle="180.00" type="DEFAULT_VEHTYPE" speed="13.55" pos="145.64" lane="3/2to3/3_0" slope="0.00"/>
        <vehicle id="13" x="430.63" y="401.65" angle="-90.00" type="DEFAULT_VEHTYPE" speed="12.91" pos="164.62" lane="3/2to2/2_0" slope="0.00"/>
        <vehicle id="3" x="201.65" y="272.13" angle="180.00" type="DEFAULT_VEHTYPE" speed="13.20" pos="67.38" lane="1/1to1/2_0" slope="0.00"/>
        <vehicle id="4" x="537.94" y="198.35" angle="90.00" type="DEFAULT_VEHTYPE" speed="13.55" pos="133.19" lane="2/1to3/1_0" slope="0.00"/>
        <vehicle id="5" x="198.35" y="163.55" angle="0.00" type="DEFAULT_VEHTYPE" speed="13.72" pos="31.70" lane="1/1to1/0_0" slope="0.00"/>
        <vehicle id="6" x="398.35" y="467.88" angle="0.00" type="DEFAULT_VEHTYPE" speed="13.00" pos="127.37" lane="2/3to2/2_0" slope="0.00"/>
        <vehicle id="7" x="401.65" y="618.95" angle="180.00" type="DEFAULT_VEHTYPE" speed="10.63" pos="14.20" lane="2/3to2/4_0" slope="0.00"/>
        <vehicle id="8" x="732.41" y="201.65" angle="-90.00" type="DEFAULT_VEHTYPE" speed="12.68" pos="67.59" lane="4/1to3/1_0" slope="0.00"/>
        <vehicle id="9" x="321.02" y="201.65" angle="-90.00" type="DEFAULT_VEHTYPE" speed="12.83" pos="74.23" lane="2/1to1/1_0" slope="0.00"/>
    </timestep>
    <timestep time="700.00">
        <vehicle id="10" x="362.47" y="401.65" angle="-90.00" type="DEFAULT_VEHTYPE" speed="13.34" pos="32.78" lane="2/2to1/2_0" slope="0.00"/>
        <vehicle id="12" x="601.65" y="564.10" angle="180.00" type="DEFAULT_VEHTYPE" speed="13.71" pos="159.35" lane="3/2to3/3_0" slope="0.00"/>
        <vehicle id="13" x="420.71" y="401.65" angle="-90.00" type="DEFAULT_VEHTYPE" speed="9.92" pos="174.54" lane="3/2to2/2_0" slope="0.00"/>
        <vehicle id="3" x="201.65" y="285.01" angle="180.00" type="DEFAULT_VEHTYPE" speed="12.88" pos="80.26" lane="1/1to1/2_0" slope="0.00"/>
        <vehicle id="4" x="551.31" y="198.35" angle="90.00" type="DEFAULT_VEHTYPE" speed="13.37" pos="146.56" lane="2/1to3/1_0" slope="0.00"/>
        <vehicle id="5" x="198.35" y="150.23" angle="0.00" type="DEFAULT_VEHTYPE" speed="13.32" pos="45.02" lane="1/1to1/0_0" slope="0.00"/>
        <vehicle id="6" x="398.35" y="455.19" angle="0.00" type="DEFAULT_VEHTYPE" speed="12.70" pos="140.06" lane="2/3to2/2_0" slope="0.00"/>
        <vehicle id="7" x="401.65" y="631.80" angle="180.00" type="DEFAULT_VEHTYPE" speed="12.85" pos="27.05" lane="2/3to2/4_0" slope="0.00"/>
        <vehicle id="8" x="718.97" y="201.65" angle="-90.00" type="DEFAULT_VEHTYPE" speed="13.44" pos="81.03" lane="4/1to3/1_0" slope="0.00"/>
        <vehicle id="9" x="308.30" y="201.65" angle="-90.00" type="DEFAULT_VEHTYPE" speed="12.73" pos="86.95" lane="2/1to1/1_0" slope="0.00"/>
    </timestep>
    <timestep time="701.00">
        <vehicle id="10" x="349.22" y="401.65" angle="-90.00" type="DEFAULT_VEHTYPE" speed="13.26" pos="46.03" lane="2/2to1/2_0" slope="0.00"/>
        <vehicle id="12" x="601.65" y="577.83" angle="180.00" type="DEFAULT_VEHTYPE" speed="13.73" pos="173.08" lane="3/2to3/3_0" slope="0.00"/>
        <vehicle id="13" x="413.84" y="401.65" angle="-90.00" type="DEFAULT_VEHTYPE" speed="6.87" pos="181.41" lane="3/2to2/2_0" slope="0.00"/>
        <vehicle id="3" x="201.65" y="297.76" angle="180.00" type="DEFAULT_VEHTYPE" speed="12.75" pos="93.01" lane="1/1to1/2_0" slope="0.00"/>
        <vehicle id="4" x="564.55" y="198.35" angle="90.00" type="DEFAULT_VEHTYPE" speed="13.24" pos="159.80" lane="2/1to3/1_0" slope="0.00"/>
        <vehicle id="5" x="198.35" y="136.87" angle="0.00" type="DEFAULT_VEHTYPE" speed="13.36" pos="58.38" lane="1/1to1/0_0" slope="0.00"/>
        <vehicle id="6" x="398.35" y="442.55" angle="0.00" type="DEFAULT_VEHTYPE" speed="12.64" pos="152.70" lane="2/3to2/2_0" slope="0.00"/>
        <vehicle id="7" x="401.65" y="645.28" angle="180.00" type="DEFAULT_VEHTYPE" speed="13.48" pos="40.53" lane="2/3to2/4_0" slope="0.00"/>
        <vehicle id="8" x="706.10" y="201.65" angle="-90.00" type="DEFAULT_VEHTYPE" speed="12.87" pos="93.90" lane="4/1to3/1_0" slope="0.00"/>
        <vehicle id="9" x="295.39" y="201.65" angle="-90.00" type="DEFAULT_VEHTYPE" speed="12.90" pos="99.86" lane="2/1to1/1_0" slope="0.00"/>
    </timestep>
    <timestep time="702.00">
        <vehicle id="10" x="335.64" y="401.65" angle="-90.00" type="DEFAULT_VEHTYPE" speed="13.57" pos="59.61" lane="2/2to1/2_0" slope="0.00"/>
        <vehicle id="12" x="601.65" y="590.70" angle="180.00" type="DEFAULT_VEHTYPE" speed="12.86" pos="185.95" lane="3/2to3/3_0" slope="0.00"/>
        <vehicle id="13" x="410.05" y="401.65" angle="-90.00" type="DEFAULT_VEHTYPE" speed="3.79" pos="185.20" lane="3/2to2/2_0" slope="0.00"/>
        <vehicle id="3" x="201.65" y="311.54" angle="180.00" type="DEFAULT_VEHTYPE" speed="13.78" pos="106.79" lane="1/1to1/2_0" slope="0.00"/>
        <vehicle id="4" x="575.63" y="198.35" angle="90.00" type="DEFAULT_VEHTYPE" speed="11.09" pos="170.88" lane="2/1to3/1_0" slope="0.00"/>
        <vehicle id="5" x="198.35" y="123.01" angle="0.00" type="DEFAULT_VEHTYPE" speed="13.86" pos="72.24" lane="1/1to1/0_0" slope="0.00"/>
        <vehicle id="6" x="398.35" y="429.38" angle="0.00" type="DEFAULT_VEHTYPE" speed="13.17" pos="165.87" lane="2/3to2/2_0" slope="0.00"/>
        <vehicle id="7" x="401.65" y="658.13" angle="180.00" type="DEFAULT_VEHTYPE" speed="12.85" pos="53.38" lane="2/3to2/4_0" slope="0.00"/>
        <vehicle id="8" x="692.56" y="201.65" angle="-90.00" type="DEFAULT_VEHTYPE" speed="13.54" pos="107.44" lane="4/1to3/1_0" slope="0.00"/>
        <vehicle id="9" x="281.97" y="201.65" angle="-90.00" type="DEFAULT_VEHTYPE" speed="13.42" pos="113.28" lane="2/1to1/1_0" slope="0.00"/>
    </timestep>
    <timestep time="703.00">
        <vehicle id="10" x="322.30" y="401.65" angle="-90.00" type="DEFAULT_VEHTYPE" speed="13.34" pos="72.95" lane="2/2to1/2_0" slope="0.00"/>
        <vehicle id="12" x="607.85" y="598.35" angle="95.38" type="DEFAULT_VEHTYPE" speed="12.66" pos="3.10" lane="3/3to4/3_0" slope="0.00"/>
        <vehicle id="13" x="404.87" y="401.65" angle="-90.00" type="DEFAULT_VEHTYPE" speed="5.18" pos="190.38" lane="3/2to2/2_0" slope="0.00"/>
        <vehicle id="3" x="201.65" y="324.95" angle="180.00" type="DEFAULT_VEHTYPE" speed="13.41" pos="120.20" lane="1/1to1/2_0" slope="0.00"/>
        <vehicle id="4" x="583.80" y="198.35" angle="90.00" type="DEFAULT_VEHTYPE" speed="8.16" pos="179.05" lane="2/1to3/1_0" slope="0.00"/>
        <vehicle id="5" x="198.35" y="109.53" angle="0.00" type="DEFAULT_VEHTYPE" speed="13.47" pos="85.72" lane="1/1to1/0_0" slope="0.00"/>
        <vehicle id="6" x="398.35" y="415.76" angle="0.00" type="DEFAULT_VEHTYPE" speed="13.62" pos="179.49" lane="2/3to2/2_0" slope="0.00"/>
        <vehicle id="7" x="401.65" y="671.22" angle="180.00" type="DEFAULT_VEHTYPE" speed="13.09" pos="66.47" lane="2/3to2/4_0" slope="0.00"/>
        <vehicle id="8" x="679.39" y="201.65" angle="-90.00" type="DEFAULT_VEHTYPE" speed="13.18" pos="120.61" lane="4/1to3/1_0" slope="0.00"/>
        <vehicle id="9" x="269.05" y="201.65" angle="-90.00" type="DEFAULT_VEHTYPE" speed="12.92" pos="126.20" lane="2/1to1/1_0" slope="0.00"/>
    </timestep>
    <timestep time="704.00">
        <vehicle id="10" x="308.97" y="401.65" angle="-90.00" type="DEFAULT_VEHTYPE" speed="13.33" pos="86.28" lane="2/2to1/2_0" slope="0.00"/>
        <vehicle id="12" x="621.29" y="598.35" angle="90.00" type="DEFAULT_VEHTYPE" speed="13.44" pos="16.54" lane="3/3to4/3_0" slope="0.00"/>
        <vehicle id="13" x="399.19" y="398.79" angle="-56.26" type="DEFAULT_VEHTYPE" speed="6.75" pos="6.63" lane=":2/2_6_0" slope="0.00"/>
        <vehicle id="3" x="201.65" y="338.76" angle="180.00" type="DEFAULT_VEHTYPE" speed="13.81" pos="134.01" lane="1/1to1/2_0" slope="0.00"/>
        <vehicle id="4" x="589.34" y="198.35" angle="90.00" type="DEFAULT_VEHTYPE" speed="5.54" pos="184.59" lane="2/1to3/1_0" slope="0.00"/>
        <vehicle id="5" x="198.35" y="95.80" angle="0.00" type="DEFAULT_VEHTYPE" speed="13.73" pos="99.45" lane="1/1to1/0_0" slope="0.00"/>
        <vehicle id="6" x="397.56" y="402.41" angle="-9.24" type="DEFAULT_VEHTYPE" speed="13.53" pos="2.52" lane=":2/2_0_0" slope="0.00"/>
        <vehicle id="7" x="401.65" y="683.90" angle="180.00" type="DEFAULT_VEHTYPE" speed="12.67" pos="79.15" lane="2/3to2/4_0" slope="0.00"/>
        <vehicle id="8" x="665.98" y="201.65" angle="-90.00" type="DEFAULT_VEHTYPE" speed="13.41" pos="134.02" lane="4/1to3/1_0" slope="0.00"/>
        <vehicle id="9" x="256.12" y="201.65" angle="-90.00" type="DEFAULT_VEHTYPE" speed="12.93" pos="139.13" lane="2/1to1/1_0" slope="0.00"/>
    </timestep>
    <timestep time="705.00">
        <vehicle id="10" x="295.52" y="401.65" angle="-90.00" type="DEFAULT_VEHTYPE" speed="13.45" pos="99.73" lane="2/2to1/2_0" slope="0.00"/>
        <vehicle id="12" x="634.01" y="598.35" angle="90.00" type="DEFAULT_VEHTYPE" speed="12.72" pos="29.26" lane="3/3to4/3_0" slope="0.00"/>
        <vehicle id="13" x="398.35" y="390.43" angle="-0.30" type="DEFAULT_VEHTYPE" speed="8.50" pos="4.82" lane="2/2to2/1_0" slope="0.00"/>
        <vehicle id="3" x="201.65" y="351.40" angle="180.00" type="DEFAULT_VEHTYPE" speed="12.64" pos="146.65" lane="1/1to1/2_0" slope="0.00"/>
        <vehicle id="4" x="596.99" y="198.35" angle="90.00" type="DEFAULT_VEHTYPE" speed="7.66" pos="1.74" lane=":3/1_13_0" slope="0.00"/>
        <vehicle id="5" x="198.35" y="82.30" angle="0.00" type="DEFAULT_VEHTYPE" speed="13.50" pos="112.95" lane="1/1to1/0_0" slope="0.00"/>
        <vehicle id="6" x="383.85" y="401.65" angle="-90.00" type="DEFAULT_VEHTYPE" speed="13.88" pos="11.40" lane="2/2to1/2_0" slope="0.00"/>
        <vehicle id="7" x="401.65" y="697.24" angle="180.00" type="DEFAULT_VEHTYPE" speed="13.35" pos="92.49" lane="2/3to2/4_0" slope="0.00"/>
        <vehicle id="8" x="652.31" y="201.65" angle="-90.00" type="DEFAULT_VEHTYPE" speed="13.67" pos="147.69" lane="4/1to3/1_0" slope="0.00"/>
        <vehicle id="9" x="242.35" y="201.65" angle="-90.00" type="DEFAULT_VEHTYPE" speed="13.77" pos="152.90" lane="2/1to1/1_0" slope="0.00"/>
    </timestep>
    <timestep time="706.00">
        <vehicle id="10" x="282.73" y="401.65" angle="-90.00" type="DEFAULT_VEHTYPE" speed="12.78" pos="112.52" lane="2/2to1/2_0" slope="0.00"/>
        <vehicle id="12" x="647.18" y="598.35" angle="90.00" type="DEFAULT_VEHTYPE" speed="13.18" pos="42.43" lane="3/3to4/3_0" slope="0.00"/>
        <vehicle id="13" x="398.35" y="379.90" angle="0.00" type="DEFAULT_VEHTYPE" speed="10.53" pos="15.35" lane="2/2to2/1_0" slope="0.00"/>
        <vehicle id="3" x="201.65" y="364.62" angle="180.00" type="DEFAULT_VEHTYPE" speed="13.22" pos="159.87" lane="1/1to1/2_0" slope="0.00"/>
        <vehicle id="4" x="605.98" y="198.35" angle="90.00" type="DEFAULT_VEHTYPE" speed="8.99" pos="1.23" lane="3/1to4/1_0" slope="0.00"/>
        <vehicle id="5" x="198.35" y="68.63" angle="0.00" type="DEFAULT_VEHTYPE" speed="13.67" pos="126.62" lane="1/1to1/0_0" slope="0.00"/>
        <vehicle id="6" x="370.04" y="401.65" angle="-90.00" type="DEFAULT_VEHTYPE" speed="13.81" pos="25.21" lane="2/2to1/2_0" slope="0.00"/>
        <vehicle id="7" x="401.65" y="710.78" angle="180.00" type="DEFAULT_VEHTYPE" speed="13.53" pos="106.03" lane="2/3to2/4_0" slope="0.00"/>
        <vehicle id="8" x="639.00" y="201.65" angle="-90.00" type="DEFAULT_VEHTYPE" speed="13.31" pos="161.00" lane="4/1to3/1_0" slope="0.00"/>
        <vehicle id="9" x="229.17" y="201.65" angle="-90.00" type="DEFAULT_VEHTYPE" speed="13.18" pos="166.08" lane="2/1to1/1_0" slope="0.00"/>
    </timestep>
    <timestep time="707.00">
        <vehicle id="10" x="269.73" y="401.65" angle="-90.00" type="DEFAULT_VEHTYPE" speed="13.01" pos="125.52" lane="2/2to1/2_0" slope="0.00"/>
        <vehicle id="12" x="660.65" y="598.35" angle="90.00" type="DEFAULT_VEHTYPE" speed="13.47" pos="55.90" lane="3/3to4/3_0" slope="0.00"/>
        <vehicle id="13" x="398.35" y="367.83" angle="0.00" type="DEFAULT_VEHTYPE" speed="12.07" pos="27.42" lane="2/2to2/1_0" slope="0.00"/>
        <vehicle id="3" x="201.65" y="377.98" angle="180.00" type="DEFAULT_VEHTYPE" speed="13.36" pos="173.23" lane="1/1to1/2_0" slope="0.00"/>
        <vehicle id="4" x="616.57" y="198.35" angle="90.00" type="DEFAULT_VEHTYPE" speed="10.59" pos="11.82" lane="3/1to4/1_0" slope="0.00"/>
        <vehicle id="5" x="198.35" y="54.88" angle="0.00" type="DEFAULT_VEHTYPE" speed="13.75" pos="140.37" lane="1/1to1/0_0" slope="0.00"/>
        <vehicle id="6" x="356.24" y="401.65" angle="-90.00" type="DEFAULT_VEHTYPE" speed="13.80" pos="39.01" lane="2/2to1/2_0" slope="0.00"/>
        <vehicle id="7" x="401.65" y="724.63" angle="180.00" type="DEFAULT_VEHTYPE" speed="13.85" pos="119.88" lane="2/3to2/4_0" slope="0.00"/>
        <vehicle id="8" x="626.27" y="201.65" angle="-90.00" type="DEFAULT_VEHTYPE" speed="12.73" pos="173.73" lane="4/1to3/1_0" slope="0.00"/>
        <vehicle id="9" x="219.13" y="201.65" angle="-90.00" type="DEFAULT_VEHTYPE" speed="10.03" pos="176.12" lane="2/1to1/1_0" slope="0.00"/>
    </timestep>
    <timestep time="708.00">
        <vehicle id="10" x="256.36" y="401.65" angle="-90.00" type="DEFAULT_VEHTYPE" speed="13.37" pos="138.89" lane="2/2to1/2_0" slope="0.00"/>
        <vehicle id="12" x="674.31" y="598.35" angle="90.00" type="DEFAULT_VEHTYPE" speed="13.66" pos="69.56" lane="3/3to4/3_0" slope="0.00"/>
        <vehicle id="13" x="398.35" y="354.05" angle="0.00" type="DEFAULT_VEHTYPE" speed="13.78" pos="41.20" lane="2/2to2/1_0" slope="0.00"/>
        <vehicle id="3" x="201.65" y="391.23" angle="180.00" type="DEFAULT_VEHTYPE" speed="13.25" pos="186.48" lane="1/1to1/2_0" slope="0.00"/>
        <vehicle id="4" x="629.29" y="198.35" angle="90.00" type="DEFAULT_VEHTYPE" speed="12.72" pos="24.54" lane="3/1to4/1_0" slope="0.00"/>
        <vehicle id="5" x="198.35" y="42.23" angle="0.00" type="DEFAULT_VEHTYPE" speed="12.64" pos="153.02" lane="1/1to1/0_0" slope="0.00"/>
        <vehicle id="6" x="342.44" y="401.65" angle="-90.00" type="DEFAULT_VEHTYPE" speed="13.80" pos="52.81" lane="2/2to1/2_0" slope="0.00"/>
        <vehicle id="7" x="401.65" y="738.27" angle="180.00" type="DEFAULT_VEHTYPE" speed="13.65" pos="133.52" lane="2/3to2/4_0" slope="0.00"/>
        <vehicle id="8" x="617.00" y="201.65" angle="-90.00" type="DEFAULT_VEHTYPE" speed="9.27" pos="183.00" lane="4/1to3/1_0" slope="0.00"/>
        <vehicle id="9" x="213.60" y="201.65" angle="-90.00" type="DEFAULT_VEHTYPE" speed="5.53" pos="181.65" lane="2/1to1/1_0" slope="0.00"/>
    </timestep>
    <timestep time="709.00">
        <vehicle id="10" x="243.12" y="401.65" angle="-90.00" type="DEFAULT_VEHTYPE" speed="13.23" pos="152.13" lane="2/2to1/2_0" slope="0.00"/>
        <vehicle id="12" x="687.09" y="598.35" angle="90.00" type="DEFAULT_VEHTYPE" speed="12.78" pos="82.34" lane="3/3to4/3_0" slope="0.00"/>
        <vehicle id="13" x="398.35" y="341.00" angle="0.00" type="DEFAULT_VEHTYPE" speed="13.04" pos="54.25" lane="2/2to2/1_0" slope="0.00"/>
        <vehicle id="3" x="201.65" y="404.43" angle="180.00" type="DEFAULT_VEHTYPE" speed="13.20" pos="9.18" lane=":1/2_9_0" slope="0.00"/>
        <vehicle id="4" x="642.80" y="198.35" angle="90.00" type="DEFAULT_VEHTYPE" speed="13.50" pos="38.05" lane="3/1to4/1_0" slope="0.00"/>
        <vehicle id="5" x="198.35" y="28.72" angle="0.00" type="DEFAULT_VEHTYPE" speed="13.51" pos="166.53" lane="1/1to1/0_0" slope="0.00"/>
        <vehicle id="6" x="329.13" y="401.65" angle="-90.00" type="DEFAULT_VEHTYPE" speed="13.31" pos="66.12" lane="2/2to1/2_0" slope="0.00"/>
        <vehicle id="7" x="401.65" y="751.33" angle="180.00" type="DEFAULT_VEHTYPE" speed="13.06" pos="146.58" lane="2/3to2/4_0" slope="0.00"/>
        <vehicle id="8" x="612.04" y="201.65" angle="-90.00" type="DEFAULT_VEHTYPE" speed="4.95" pos="187.96" lane="4/1to3/1_0" slope="0.00"/>
        <vehicle id="9" x="210.15" y="201.65" angle="-90.00" type="DEFAULT_VEHTYPE" speed="3.45" pos="185.10" lane="2/1to1/1_0" slope="0.00"/>
    </timestep>
    <timestep time="710.00">
        <vehicle id="10" x="230.32" y="401.65" angle="-90.00" type="DEFAULT_VEHTYPE" speed="12.80" pos="164.93" lane="2/2to1/2_0" slope="0.00"/>
        <vehicle id="12" x="699.89" y="598.35" angle="90.00" type="DEFAULT_VEHTYPE" speed="12.80" pos="95.14" lane="3/3to4/3_0" slope="0.00"/>
        <vehicle id="13" x="398.35" y="327.54" angle="0.00" type="DEFAULT_VEHTYPE" speed="13.46" pos="67.71" lane="2/2to2/1_0" slope="0.00"/>
        <vehicle id="3" x="201.65" y="417.12" angle="180.00" type="DEFAULT_VEHTYPE" speed="12.69" pos="12.37" lane="1/2to1/3_0" slope="0.00"/>
        <vehicle id="4" x="655.53" y="198.35" angle="90.00" type="DEFAULT_VEHTYPE" speed="12.74" pos="50.78" lane="3/1to4/1_0" slope="0.00"/>
        <vehicle id="5" x="198.35" y="14.87" angle="0.00" type="DEFAULT_VEHTYPE" speed="13.85" pos="180.38" lane="1/1to1/0_0" slope="0.00"/>
        <vehicle id="6" x="315.59" y="401.65" angle="-90.00" type="DEFAULT_VEHTYPE" speed="13.54" pos="79.66" lane="2/2to1/2_0" slope="0.00"/>
        <vehicle id="7" x="401.65" y="764.14" angle="180.00" type="DEFAULT_VEHTYPE" speed="12.80" pos="159.39" lane="2/3to2/4_0" slope="0.00"/>
        <vehicle id="8" x="609.31" y="201.65" angle="-90.00" type="DEFAULT_VEHTYPE" speed="2.73" pos="190.69" lane="4/1to3/1_0" slope="0.00"/>
        <vehicle id="9" x="204.24" y="201.72" angle="-90.82" type="DEFAULT_VEHTYPE" speed="5.92" pos="0.52" lane=":1/1_4_0" slope="0.00"/>
    </timestep>
    <timestep time="711.00">
        <vehicle id="10" x="220.26" y="401.65" angle="-90.00" type="DEFAULT_VEHTYPE" speed="10.06" pos="174.99" lane="2/2to1/2_0" slope="0.00"/>
        <vehicle id="12" x="713.56" y="598.35" angle="90.00" type="DEFAULT_VEHTYPE" speed="13.67" pos="108.81" lane="3/3to4/3_0" slope="0.00"/>
        <vehicle id="13" x="398.35" y="313.81" angle="0.00" type="DEFAULT_VEHTYPE" speed="13.73" pos="81.44" lane="2/2to2/1_0" slope="0.00"/>
        <vehicle id="3" x="201.65" y="429.99" angle="180.00" type="DEFAULT_VEHTYPE" speed="12.87" pos="25.24" lane="1/2to1/3_0" slope="0.00"/>
        <vehicle id="4" x="668.61" y="198.35" angle="90.00" type="DEFAULT_VEHTYPE" speed="13.08" pos="63.86" lane="3/1to4/1_0" slope="0.00"/>
        <vehicle id="5" x="198.35" y="1.49" angle="0.00" type="DEFAULT_VEHTYPE" speed="13.38" pos="193.76" lane="1/1to1/0_0" slope="0.00"/>
        <vehicle id="6" x="302.37" y="401.65" angle="-90.00" type="DEFAULT_VEHTYPE" speed="13.22" pos="92.88" lane="2/2to1/2_0" slope="0.00"/>
        <vehicle id="7" x="401.65" y="777.45" angle="180.00" type="DEFAULT_VEHTYPE" speed="13.31" pos="172.70" lane="2/3to2/4_0" slope="0.00"/>
        <vehicle id="8" x="605.26" y="201.65" angle="-90.00" type="DEFAULT_VEHTYPE" speed="4.05" pos="194.74" lane="4/1to3/1_0" slope="0.00"/>
        <vehicle id="9" x="201.65" y="208.10" angle="-176.14" type="DEFAULT_VEHTYPE" speed="7.83" pos="3.35" lane="1/1to1/2_0" slope="0.00"/>
    </timestep>
    <timestep time="712.00">
        <vehicle id="10" x="213.44" y="401.65" angle="-90.00" type="DEFAULT_VEHTYPE" speed="6.82" pos="181.81" lane="2/2to1/2_0" slope="0.00"/>
        <vehicle id="12" x="727.27" y="598.35" angle="90.00" type="DEFAULT_VEHTYPE" speed="13.71" pos="122.52" lane="3/3to4/3_0" slope="0.00"/>
        <vehicle id="13" x="398.35" y="299.92" angle="0.00" type="DEFAULT_VEHTYPE" speed="13.89" pos="95.33" lane="2/2to2/1_0" slope="0.00"/>
        <vehicle id="3" x="201.65" y="442.72" angle="180.00" type="DEFAULT_VEHTYPE" speed="12.73" pos="37.97" lane="1/2to1/3_0" slope="0.00"/>
        <vehicle id="4" x="681.80" y="198.35" angle="90.00" type="DEFAULT_VEHTYPE" speed="13.18" pos="77.05" lane="3/1to4/1_0" slope="0.00"/>
        <vehicle id="5" x="201.65" y="6.60" angle="180.00" type="DEFAULT_VEHTYPE" speed="12.92" pos="6.60" lane="1/0to1/1_0" slope="0.00"/>
        <vehicle id="6" x="288.76" y="401.65" angle="-90.00" type="DEFAULT_VEHTYPE" speed="13.61" pos="106.49" lane="2/2to1/2_0" slope="0.00"/>
        <vehicle id="7" x="401.65" y="790.32" angle="180.00" type="DEFAULT_VEHTYPE" speed="12.87" pos="185.57" lane="2/3to2/4_0" slope="0.00"/>
        <vehicle id="8" x="601.65" y="204.99" angle="-139.08" type="DEFAULT_VEHTYPE" speed="5.75" pos="0.24" lane="3/1to3/2_0" slope="0.00"/>
        <vehicle id="9" x="201.65" y="217.93" angle="180.00" type="DEFAULT_VEHTYPE" speed="9.83" pos="13.18" lane="1/1to1/2_0" slope="0.00"/>
    </timestep>
    <timestep time="713.00">
        <vehicle id="10" x="210.06" y="401.65" angle="-90.00" type="DEFAULT_VEHTYPE" speed="3.38" pos="185.19" lane="2/2to1/2_0" slope="0.00"/>
        <vehicle id="12" x="741.06" y="598.35" angle="90.00" type="DEFAULT_VEHTYPE" speed="13.79" pos="136.31" lane="3/3to4/3_0" slope="0.00"/>
        <vehicle id="13" x="398.35" y="286.94" angle="0.00" type="DEFAULT_VEHTYPE" speed="12.98" pos="108.31" lane="2/2to2/1_0" slope="0.00"/>
        <vehicle id="3" x="201.65" y="455.76" angle="180.00" type="DEFAULT_VEHTYPE" speed="13.04" pos="51.01" lane="1/2to1/3_0" slope="0.00"/>
        <vehicle id="4" x="694.47" y="198.35" angle="90.00" type="DEFAULT_VEHTYPE" speed="12.67" pos="89.72" lane="3/1to4/1_0" slope="0.00"/>
        <vehicle id="5" x="201.65" y="20.47" angle="180.00" type="DEFAULT_VEHTYPE" speed="13.86" pos="20.47" lane="1/0to1/1_0" slope="0.00"/>
        <vehicle id="6" x="276.10" y="401.65" angle="-90.00" type="DEFAULT_VEHTYPE" speed="12.65" pos="119.15" lane="2/2to1/2_0" slope="0.00"/>
        <vehicle id="7" x="399.00" y="800.97" angle="-131.05" type="DEFAULT_VEHTYPE" speed="13.34" pos="3.66" lane=":2/4_0_0" slope="0.00"/>
        <vehicle id="8" x="601.65" y="213.33" angle="180.00" type="DEFAULT_VEHTYPE" speed="8.34" pos="8.58" lane="3/1to3/2_0" slope="0.00"/>
        <vehicle id="9" x="201.65" y="230.13" angle="180.00" type="DEFAULT_VEHTYPE" speed="12.21" pos="25.38" lane="1/1to1/2_0" slope="0.00"/>
    </timestep>
    <timestep time="714.00">
        <vehicle id="10" x="204.42" y="401.60" angle="-89.46" type="DEFAULT_VEHTYPE" speed="5.64" pos="0.33" lane=":1/2_6_0" slope="0.00"/>
        <vehicle id="12" x="754.58" y="598.35" angle="90.00" type="DEFAULT_VEHTYPE" speed="13.52" pos="149.83" lane="3/3to4/3_0" slope="0.00"/>
        <vehicle id="13" x="398.35" y="274.20" angle="0.00" type="DEFAULT_VEHTYPE" speed="12.74" pos="121.05" lane="2/2to2/1_0" slope="0.00"/>
        <vehicle id="3" x="201.65" y="469.64" angle="180.00" type="DEFAULT_VEHTYPE" speed="13.88" pos="64.89" lane="1/2to1/3_0" slope="0.00"/>
        <vehicle id="4" x="708.11" y="198.35" angle="90.00" type="DEFAULT_VEHTYPE" speed="13.64" pos="103.36" lane="3/1to4/1_0" slope="0.00"/>
        <vehicle id="5" x="201.65" y="34.01" angle="180.00" type="DEFAULT_VEHTYPE" speed="13.55" pos="34.01" lane="1/0to1/1_0" slope="0.00"/>
        <vehicle id="6" x="262.39" y="401.65" angle="-90.00" type="DEFAULT_VEHTYPE" speed="13.72" pos="132.86" lane="2/2to1/2_0" slope="0.00"/>
        <vehicle id="7" x="398.35" y="787.64" angle="0.00" type="DEFAULT_VEHTYPE" speed="13.52" pos="12.36" lane="2/4to2/3_0" slope="0.00"/>
        <vehicle id="8" x="601.65" y="223.75" angle="180.00" type="DEFAULT_VEHTYPE" speed="10.42" pos="19.00" lane="3/1to3/2_0" slope="0.00"/>
        <vehicle id="9" x="201.65" y="243.41" angle="180.00" type="DEFAULT_VEHTYPE" speed="13.28" pos="38.66" lane="1/1to1/2_0" slope="0.00"/>
    </timestep>
    <timestep time="715.00">
        <vehicle id="10" x="198.68" y="397.55" angle="-40.84" type="DEFAULT_VEHTYPE" speed="7.67" pos="8.00" lane=":1/2_6_0" slope="0.00"/>
        <vehicle id="12" x="768.38" y="598.35" angle="90.00" type="DEFAULT_VEHTYPE" speed="13.81" pos="163.63" lane="3/3to4/3_0" slope="0.00"/>
        <vehicle id="13" x="398.35" y="260.71" angle="0.00" type="DEFAULT_VEHTYPE" speed="13.49" pos="134.54" lane="2/2to2/1_0" slope="0.00"/>
        <vehicle id="3" x="201.65" y="482.69" angle="180.00" type="DEFAULT_VEHTYPE" speed="13.05" pos="77.94" lane="1/2to1/3_0" slope="0.00"/>
        <vehicle id="4" x="721.15" y="198.35" angle="90.00" type="DEFAULT_VEHTYPE" speed="13.04" pos="116.40" lane="3/1to4/1_0" slope="0.00"/>
        <vehicle id="5" x="201.65" y="47.82" angle="180.00" type="DEFAULT_VEHTYPE" speed="13.81" pos="47.82" lane="1/0to1/1_0" slope="0.00"/>
        <vehicle id="6" x="249.36" y="401.65" angle="-90.00" type="DEFAULT_VEHTYPE" speed="13.03" pos="145.89" lane="2/2to1/2_0" slope="0.00"/>
        <vehicle id="7" x="398.35" y="774.58" angle="0.00" type="DEFAULT_VEHTYPE" speed="13.06" pos="25.42" lane="2/4to2/3_0" slope="0.00"/>
        <vehicle id="8" x="601.65" y="236.21" angle="180.00" type="DEFAULT_VEHTYPE" speed="12.45" pos="31.46" lane="3/1to3/2_0" slope="0.00"/>
        <vehicle id="9" x="201.65" y="257.17" angle="180.00" type="DEFAULT_VEHTYPE" speed="13.76" pos="52.42" lane="1/1to1/2_0" slope="0.00"/>
    </timestep>
    <timestep time="716.00">
        <vehicle id="10" x="198.35" y="387.86" angle="0.00" type="DEFAULT_VEHTYPE" speed="9.71" pos="7.39" lane="1/2to1/1_0" slope="0.00"/>
        <vehicle id="12" x="781.09" y="598.35" angle="90.00" type="DEFAULT_VEHTYPE" speed="12.71" pos="176.34" lane="3/3to4/3_0" slope="0.00"/>
        <vehicle id="13" x="398.35" y="247.78" angle="0.00" type="DEFAULT_VEHTYPE" speed="12.93" pos="147.47" lane="2/2to2/1_0" slope="0.00"/>
        <vehicle id="3" x="201.65" y="496.09" angle="180.00" type="DEFAULT_VEHTYPE" speed="13.40" pos="91.34" lane="1/2to1/3_0" slope="0.00"/>
        <vehicle id="4" x="734.62" y="198.35" angle="90.00" type="DEFAULT_VEHTYPE" speed="13.47" pos="129.87" lane="3/1to4/1_0" slope="0.00"/>
        <vehicle id="5" x="201.65" y="60.62" angle="180.00" type="DEFAULT_VEHTYPE" speed="12.80" pos="60.62" lane="1/0to1/1_0" slope="0.00"/>
        <vehicle id="6" x="235.93" y="401.65" angle="-90.00" type="DEFAULT_VEHTYPE" speed="13.43" pos="159.32" lane="2/2to1/2_0" slope="0.00"/>
        <vehicle id="7" x="398.35" y="761.92" angle="0.00" type="DEFAULT_VEHTYPE" speed="12.66" pos="38.08" lane="2/4to2/3_0" slope="0.00"/>
        <vehicle id="8" x="601.65" y="249.74" angle="180.00" type="DEFAULT_VEHTYPE" speed="13.53" pos="44.99" lane="3/1to3/2_0" slope="0.00"/>
        <vehicle id="9" x="201.65" y="270.60" angle="180.00" type="DEFAULT_VEHTYPE" speed="13.43" pos="65.85" lane="1/1to1/2_0" slope="0.00"/>
    </timestep>
    <timestep time="717.00">
        <vehicle id="10" x="198.35" y="376.48" angle="0.00" type="DEFAULT_VEHTYPE" speed="11.39" pos="18.77" lane="1/2to1/1_0" slope="0.00"/>
        <vehicle id="12" x="793.93" y="598.35" angle="90.00" type="DEFAULT_VEHTYPE" speed="12.83" pos="189.18" lane="3/3to4/3_0" slope="0.00"/>
        <vehicle id="13" x="398.35" y="235.05" angle="0.00" type="DEFAULT_VEHTYPE" speed="12.73" pos="160.20" lane="2/2to2/1_0" slope="0.00"/>
        <vehicle id="3" x="201.65" y="509.53" angle="180.00" type="DEFAULT_VEHTYPE" speed="13.45" pos="104.78" lane="1/2to1/3_0" slope="0.00"/>
        <vehicle id="4" x="747.58" y="198.35" angle="90.00" type="DEFAULT_VEHTYPE" speed="12.96" pos="142.83" lane="3/1to4/1_0" slope="0.00"/>
        <vehicle id="5" x="201.65" y="73.97" angle="180.00" type="DEFAULT_VEHTYPE" speed="13.35" pos="73.97" lane="1/0to1/1_0" slope="0.00"/>
        <vehicle id="6" x="224.80" y="401.65" angle="-90.00" type="DEFAULT_VEHTYPE" speed="11.14" pos="170.45" lane="2/2to1/2_0" slope="0.00"/>
        <vehicle id="7" x="398.35" y="748.82" angle="0.00" type="DEFAULT_VEHTYPE" speed="13.10" pos="51.18" lane="2/4to2/3_0" slope="0.00"/>
        <vehicle id="8" x="601.65" y="263.15" angle="180.00" type="DEFAULT_VEHTYPE" speed="13.41" pos="58.40" lane="3/1to3/2_0" slope="0.00"/>
        <vehicle id="9" x="201.65" y="283.26" angle="180.00" type="DEFAULT_VEHTYPE" speed="12.67" pos="78.51" lane="1/1to1/2_0" slope="0.00"/>
    </timestep>
    <timestep time="718.00">
        <vehicle id="10" x="198.35" y="362.64" angle="0.00" type="DEFAULT_VEHTYPE" speed="13.83" pos="32.61" lane="1/2to1/1_0" slope="0.00"/>
        <vehicle id="12" x="798.11" y="601.65" angle="-125.29" type="DEFAULT_VEHTYPE" speed="12.78" pos="1.89" lane="4/3to3/3_0" slope="0.00"/>
        <vehicle id="13" x="398.35" y="221.53" angle="0.00" type="DEFAULT_VEHTYPE" speed="13.52" pos="173.72" lane="2/2to2/1_0" slope="0.00"/>
        <vehicle id="3" x="201.65" y="523.15" angle="180.00" type="DEFAULT_VEHTYPE" speed="13.61" pos="118.40" lane="1/2to1/3_0" slope="0.00"/>
        <vehicle id="4" x="760.59" y="198.35" angle="90.00" type="DEFAULT_VEHTYPE" speed="13.00" pos="155.84" lane="3/1to4/1_0" slope="0.00"/>
        <vehicle id="5" x="201.65" y="87.14" angle="180.00" type="DEFAULT_VEHTYPE" speed="13.17" pos="87.14" lane="1/0to1/1_0" slope="0.00"/>
        <vehicle id="6" x="216.59" y="401.65" angle="-90.00" type="DEFAULT_VEHTYPE" speed="8.21" pos="178.66" lane="2/2to1/2_0" slope="0.00"/>
        <vehicle id="7" x="398.35" y="736.00" angle="0.00" type="DEFAULT_VEHTYPE" speed="12.82" pos="64.00" lane="2/4to2/3_0" slope="0.00"/>
        <vehicle id="8" x="601.65" y="276.08" angle="180.00" type="DEFAULT_VEHTYPE" speed="12.93" pos="71.33" lane="3/1to3/2_0" slope="0.00"/>
        <vehicle id="9" x="201.65" y="296.76" angle="180.00" type="DEFAULT_VEHTYPE" speed="13.50" pos="92.01" lane="1/1to1/2_0" slope="0.00"/>
    </timestep>
    <timestep time="719.00">
        <vehicle id="10" x="198.35" y="349.75" angle="0.00" type="DEFAULT_VEHTYPE" speed="12.89" pos="45.50" lane="1/2to1/1_0" slope="0.00"/>
        <vehicle id="12" x="785.28" y="601.65" angle="-90.00" type="DEFAULT_VEHTYPE" speed="12.83" pos="14.72" lane="4/3to3/3_0" slope="0.00"/>
        <vehicle id="13" x="398.35" y="208.87" angle="0.00" type="DEFAULT_VEHTYPE" speed="12.66" pos="186.38" lane="2/2to2/1_0" slope="0.00"/>
        <vehicle id="3" x="201.65" y="536.99" angle="180.00" type="DEFAULT_VEHTYPE" speed="13.84" pos="132.24" lane="1/2to1/3_0" slope="0.00"/>
        <vehicle id="4" x="773.88" y="198.35" angle="90.00" type="DEFAULT_VEHTYPE" speed="13.29" pos="169.13" lane="3/1to4/1_0" slope="0.00"/>
        <vehicle id="5" x="201.65" y="100.87" angle="180.00" type="DEFAULT_VEHTYPE" speed="13.73" pos="100.87" lane="1/0to1/1_0" slope="0.00"/>
        <vehicle id="6" x="211.53" y="401.65" angle="-90.00" type="DEFAULT_VEHTYPE" speed="5.06" pos="183.72" lane="2/2to1/2_0" slope="0.00"/>
        <vehicle id="7" x="398.35" y="723.21" angle="0.00" type="DEFAULT_VEHTYPE" speed="12.79" pos="76.79" lane="2/4to2/3_0" slope="0.00"/>
        <vehicle id="8" x="601.65" y="289.02" angle="180.00" type="DEFAULT_VEHTYPE" speed="12.94" pos="84.27" lane="3/1to3/2_0" slope="0.00"/>
        <vehicle id="9" x="201.65" y="310.04" angle="180.00" type="DEFAULT_VEHTYPE" speed="13.27" pos="105.29" lane="1/1to1/2_0" slope="0.00"/>
    </timestep>
    <timestep time="720.00">
        <vehicle id="10" x="198.35" y="336.34" angle="0.00" type="DEFAULT_VEHTYPE" speed="13.41" pos="58.91" lane="1/2to1/1_0" slope="0.00"/>
        <vehicle id="12" x="772.10" y="601.65" angle="-90.00" type="DEFAULT_VEHTYPE" speed="13.18" pos="27.90" lane="4/3to3/3_0" slope="0.00"/>
        <vehicle id="13" x="398.35" y="195.99" angle="0.00" type="DEFAULT_VEHTYPE" speed="12.88" pos="8.76" lane=":2/1_1_0" slope="0.00"/>
        <vehicle id="3" x="201.65" y="549.99" angle="180.00" type="DEFAULT_VEHTYPE" speed="13.00" pos="145.24" lane="1/2to1/3_0" slope="0.00"/>
        <vehicle id="4" x="786.81" y="198.35" angle="90.00" type="DEFAULT_VEHTYPE" speed="12.93" pos="182.06" lane="3/1to4/1_0" slope="0.00"/>
        <vehicle id="5" x="201.65" y="114.18" angle="180.00" type="DEFAULT_VEHTYPE" speed="13.31" pos="114.18" lane="1/0to1/1_0" slope="0.00"/>
        <vehicle id="6" x="204.62" y="401.65" angle="-90.00" type="DEFAULT_VEHTYPE" speed="6.91" pos="0.13" lane=":1/2_5_0" slope="0.00"/>
        <vehicle id="7" x="398.35" y="709.98" angle="0.00" type="DEFAULT_VEHTYPE" speed="13.23" pos="90.02" lane="2/4to2/3_0" slope="0.00"/>
        <vehicle id="8" x="601.65" y="302.66" angle="180.00" type="DEFAULT_VEHTYPE" speed="13.64" pos="97.91" lane="3/1to3/2_0" slope="0.00"/>
        <vehicle id="9" x="201.65" y="323.24" angle="180.00" type="DEFAULT_VEHTYPE" speed="13.20" pos="118.49" lane="1/1to1/2_0" slope="0.00"/>
    </timestep>
    <timestep time="721.00">
        <vehicle id="10" x="198.35" y="322.58" angle="0.00" type="DEFAULT_VEHTYPE" speed="13.76" pos="72.67" lane="1/2to1/1_0" slope="0.00"/>
        <vehicle id="12" x="758.41" y="601.65" angle="-90.00" type="DEFAULT_VEHTYPE" speed="13.69" pos="41.59" lane="4/3to3/3_0" slope="0.00"/>
        <vehicle id="13" x="398.35" y="183.14" angle="0.00" type="DEFAULT_VEHTYPE" speed="12.86" pos="12.11" lane="2/1to2/0_0" slope="0.00"/>
        <vehicle id="3" x="201.65" y="563.03" angle="180.00" type="DEFAULT_VEHTYPE" speed="13.04" pos="158.28" lane="1/2to1/3_0" slope="0.00"/>
        <vehicle id="4" x="799.74" y="198.35" angle="90.00" type="DEFAULT_VEHTYPE" speed="12.93" pos="194.99" lane="3/1to4/1_0" slope="0.00"/>
        <vehicle id="5" x="201.65" y="127.72" angle="180.00" type="DEFAULT_VEHTYPE" speed="13.55" pos="127.72" lane="1/0to1/1_0" slope="0.00"/>
        <vehicle id="6" x="195.38" y="401.65" angle="-90.00" type="DEFAULT_VEHTYPE" speed="9.24" pos="9.37" lane=":1/2_5_0" slope="0.00"/>
        <vehicle id="7" x="398.35" y="696.67" angle="0.00" type="DEFAULT_VEHTYPE" speed="13.31" pos="103.33" lane="2/4to2/3_0" slope="0.00"/>
        <vehicle id="8" x="601.65" y="316.20" angle="180.00" type="DEFAULT_VEHTYPE" speed="13.54" pos="111.45" lane="3/1to3/2_0" slope="0.00"/>
        <vehicle id="9" x="201.65" y="337.11" angle="180.00" type="DEFAULT_VEHTYPE" speed="13.87" pos="132.36" lane="1/1to1/2_0" slope="0.00"/>
    </timestep>
    <timestep time="722.00">
        <vehicle id="10" x="198.35" y="309.31" angle="0.00" type="DEFAULT_VEHTYPE" speed="13.27" pos="85.94" lane="1/2to1/1_0" slope="0.00"/>
        <vehicle id="12" x="745.04" y="601.65" angle="-90.00" type="DEFAULT_VEHTYPE" speed="13.37" pos="54.96" lane="4/3to3/3_0" slope="0.00"/>
        <vehicle id="13" x="398.35" y="169.51" angle="0.00" type="DEFAULT_VEHTYPE" speed="13.63" pos="25.74" lane="2/1to2/0_0" slope="0.00"/>
        <vehicle id="3" x="201.65" y="576.78" angle="180.00" type="DEFAULT_VEHTYPE" speed="13.75" pos="172.03" lane="1/2to1/3_0" slope="0.00"/>
        <vehicle id="4" x="792.15" y="201.65" angle="-90.00" type="DEFAULT_VEHTYPE" speed="12.93" pos="7.85" lane="4/1to3/1_0" slope="0.00"/>
        <vehicle id="5" x="201.65" y="140.46" angle="180.00" type="DEFAULT_VEHTYPE" speed="12.74" pos="140.46" lane="1/0to1/1_0" slope="0.00"/>
        <vehicle id="6" x="183.85" y="401.65" angle="-90.00" type="DEFAULT_VEHTYPE" speed="11.53" pos="11.40" lane="1/2to0/2_0" slope="0.00"/>
        <vehicle id="7" x="398.35" y="683.80" angle="0.00" type="DEFAULT_VEHTYPE" speed="12.87" pos="116.20" lane="2/4to2/3_0" slope="0.00"/>
        <vehicle id="8" x="601.65" y="329.18" angle="180.00" type="DEFAULT_VEHTYPE" speed="12.98" pos="124.43" lane="3/1to3/2_0" slope="0.00"/>
        <vehicle id="9" x="201.65" y="350.63" angle="180.00" type="DEFAULT_VEHTYPE" speed="13.52" pos="145.88" lane="1/1to1/2_0" slope="0.00"/>
    </timestep>
    <timestep time="723.00">
        <vehicle id="10" x="198.35" y="295.89" angle="0.00" type="DEFAULT_VEHTYPE" speed="13.42" pos="99.36" lane="1/2to1/1_0" slope="0.00"/>
        <vehicle id="12" x="732.01" y="601.65" angle="-90.00" type="DEFAULT_VEHTYPE" speed="13.03" pos="67.99" lane="4/3to3/3_0" slope="0.00"/>
        <vehicle id="13" x="398.35" y="156.73" angle="0.00" type="DEFAULT_VEHTYPE" speed="12.77" pos="38.52" lane="2/1to2/0_0" slope="0.00"/>
        <vehicle id="3" x="201.65" y="589.64" angle="180.00" type="DEFAULT_VEHTYPE" speed="12.86" pos="184.89" lane="1/2to1/3_0" slope="0.00"/>
        <vehicle id="4" x="778.29" y="201.65" angle="-90.00" type="DEFAULT_VEHTYPE" speed="13.86" pos="21.71" lane="4/1to3/1_0" slope="0.00"/>
        <vehicle id="5" x="201.65" y="153.16" angle="180.00" type="DEFAULT_VEHTYPE" speed="12.70" pos="153.16" lane="1/0to1/1_0" slope="0.00"/>
        <vehicle id="6" x="170.93" y="401.65" angle="-90.00" type="DEFAULT_VEHTYPE" speed="12.92" pos="24.32" lane="1/2to0/2_0" slope="0.00"/>
        <vehicle id="7" x="398.35" y="670.98" angle="0.00" type="DEFAULT_VEHTYPE" speed="12.82" pos="129.02" lane="2/4to2/3_0" slope="0.00"/>
        <vehicle id="8" x="601.65" y="342.10" angle="180.00" type="DEFAULT_VEHTYPE" speed="12.92" pos="137.35" lane="3/1to3/2_0" slope="0.00"/>
        <vehicle id="9" x="201.65" y="364.37" angle="180.00" type="DEFAULT_VEHTYPE" speed="13.74" pos="159.62" lane="1/1to1/2_0" slope="0.00"/>
    </timestep>
    <timestep time="724.00">
        <vehicle id="10" x="198.35" y="281.99" angle="0.00" type="DEFAULT_VEHTYPE" speed="13.90" pos="113.26" lane="1/2to1/1_0" slope="0.00"/>
        <vehicle id="12" x="718.40" y="601.65" angle="-90.00" type="DEFAULT_VEHTYPE" speed="13.61" pos="81.60" lane="4/3to3/3_0" slope="0.00"/>
        <vehicle id="13" x="398.35" y="143.02" angle="0.00" type="DEFAULT_VEHTYPE" speed="13.71" pos="52.23" lane="2/1to2/0_0" slope="0.00"/>
        <vehicle id="3" x="207.26" y="598.35" angle="99.03" type="DEFAULT_VEHTYPE" speed="13.12" pos="2.51" lane="1/3to2/3_0" slope="0.00"/>
        <vehicle id="4" x="764.95" y="201.65" angle="-90.00" type="DEFAULT_VEHTYPE" speed="13.34" pos="35.05" lane="4/1to3/1_0" slope="0.00"/>
        <vehicle id="5" x="201.65" y="166.05" angle="180.00" type="DEFAULT_VEHTYPE" speed="12.89" pos="166.05" lane="1/0to1/1_0" slope="0.00"/>
        <vehicle id="6" x="157.22" y="401.65" angle="-90.00" type="DEFAULT_VEHTYPE" speed="13.71" pos="38.03" lane="1/2to0/2_0" slope="0.00"/>
        <vehicle id="7" x="398.35" y="657.63" angle="0.00" type="DEFAULT_VEHTYPE" speed="13.35" pos="142.37" lane="2/4to2/3_0" slope="0.00"/>
        <vehicle id="8" x="601.65" y="355.90" angle="180.00" type="DEFAULT_VEHTYPE" speed="13.81" pos="151.15" lane="3/1to3/2_0" slope="0.00"/>
        <vehicle id="9" x="201.65" y="377.94" angle="180.00" type="DEFAULT_VEHTYPE" speed="13.57" pos="173.19" lane="1/1to1/2_0" slope="0.00"/>
    </timestep>
    <timestep time="725.00">
        <vehicle id="10" x="198.35" y="268.48" angle="0.00" type="DEFAULT_VEHTYPE" speed="13.51" pos="126.77" lane="1/2to1/1_0" slope="0.00"/>
        <vehicle id="12" x="704.70" y="601.65" angle="-90.00" type="DEFAULT_VEHTYPE" speed="13.69" pos="95.30" lane="4/3to3/3_0" slope="0.00"/>
        <vehicle id="13" x="398.35" y="130.32" angle="0.00" type="DEFAULT_VEHTYPE" speed="12.71" pos="64.93" lane="2/1to2/0_0" slope="0.00"/>
        <vehicle id="3" x="220.63" y="598.35" angle="90.00" type="DEFAULT_VEHTYPE" speed="13.37" pos="15.88" lane="1/3to2/3_0" slope="0.00"/>
        <vehicle id="4" x="751.94" y="201.65" angle="-90.00" type="DEFAULT_VEHTYPE" speed="13.01" pos="48.06" lane="4/1to3/1_0" slope="0.00"/>
        <vehicle id="5" x="201.65" y="179.10" angle="180.00" type="DEFAULT_VEHTYPE" speed="13.05" pos="179.10" lane="1/0to1/1_0" slope="0.00"/>
        <vehicle id="6" x="143.75" y="401.65" angle="-90.00" type="DEFAULT_VEHTYPE" speed="13.47" pos="51.50" lane="1/2to0/2_0" slope="0.00"/>
        <vehicle id="7" x="398.35" y="644.35" angle="0.00" type="DEFAULT_VEHTYPE" speed="13.28" pos="155.65" lane="2/4to2/3_0" slope="0.00"/>
        <vehicle id="8" x="601.65" y="368.94" angle="180.00" type="DEFAULT_VEHTYPE" speed="13.04" pos="164.19" lane="3/1to3/2_0" slope="0.00"/>
        <vehicle id="9" x="201.65" y="390.73" angle="180.00" type="DEFAULT_VEHTYPE" speed="12.80" pos="185.98" lane="1/1to1/2_0" slope="0.00"/>
    </timestep>
    <timestep time="726.00">
        <vehicle id="10" x="198.35" y="255.87" angle="0.00" type="DEFAULT_VEHTYPE" speed="12.60" pos="139.38" lane="1/2to1/1_0" slope="0.00"/>
        <vehicle id="12" x="692.08" y="601.65" angle="-90.00" type="DEFAULT_VEHTYPE" speed="12.62" pos="107.92" lane="4/3to3/3_0" slope="0.00"/>
        <vehicle id="13" x="398.35" y="116.66" angle="0.00" type="DEFAULT_VEHTYPE" speed="13.65" pos="78.59" lane="2/1to2/0_0" slope="0.00"/>
        <vehicle id="3" x="234.41" y="598.35" angle="90.00" type="DEFAULT_VEHTYPE" speed="13.78" pos="29.66" lane="1/3to2/3_0" slope="0.00"/>
        <vehicle id="4" x="738.95" y="201.65" angle="-90.00" type="DEFAULT_VEHTYPE" speed="12.99" pos="61.05" lane="4/1to3/1_0" slope="0.00"/>
        <vehicle id="5" x="201.65" y="191.93" angle="180.00" type="DEFAULT_VEHTYPE" speed="12.83" pos="191.93" lane="1/0to1/1_0" slope="0.00"/>
        <vehicle id="6" x="130.07" y="401.65" angle="-90.00" type="DEFAULT_VEHTYPE" speed="13.67" pos="65.18" lane="1/2to0/2_0" slope="0.00"/>
        <vehicle id="7" x="398.35" y="631.49" angle="0.00" type="DEFAULT_VEHTYPE" speed="12.86" pos="168.51" lane="2/4to2/3_0" slope="0.00"/>
        <vehicle id="8" x="601.65" y="378.70" angle="180.00" type="DEFAULT_VEHTYPE" speed="9.75" pos="173.95" lane="3/1to3/2_0" slope="0.00"/>
        <vehicle id="9" x="201.65" y="403.47" angle="180.00" type="DEFAULT_VEHTYPE" speed="12.73" pos="8.22" lane=":1/2_9_0" slope="0.00"/>
    </timestep>
    <timestep time="727.00">
        <vehicle id="10" x="198.35" y="242.38" angle="0.00" type="DEFAULT_VEHTYPE" speed="13.49" pos="152.87" lane="1/2to1/1_0" slope="0.00"/>
        <vehicle id="12" x="678.44" y="601.65" angle="-90.00" type="DEFAULT_VEHTYPE" speed="13.64" pos="121.56" lane="4/3to3/3_0" slope="0.00"/>
        <vehicle id="13" x="398.35" y="103.06" angle="0.00" type="DEFAULT_VEHTYPE" speed="13.60" pos="92.19" lane="2/1to2/0_0" slope="0.00"/>
        <vehicle id="3" x="247.76" y="598.35" angle="90.00" type="DEFAULT_VEHTYPE" speed="13.34" pos="43.01" lane="1/3to2/3_0" slope="0.00"/>
        <vehicle id="4" x="726.02" y="201.65" angle="-90.00" type="DEFAULT_VEHTYPE" speed="12.93" pos="73.98" lane="4/1to3/1_0" slope="0.00"/>
        <vehicle id="5" x="209.59" y="198.35" angle="90.26" type="DEFAULT_VEHTYPE" speed="13.16" pos="4.84" lane="1/1to2/1_0" slope="0.00"/>
        <vehicle id="6" x="117.32" y="401.65" angle="-90.00" type="DEFAULT_VEHTYPE" speed="12.75" pos="77.93" lane="1/2to0/2_0" slope="0.00"/>
        <vehicle id="7" x="398.35" y="617.99" angle="0.00" type="DEFAULT_VEHTYPE" speed="13.50" pos="182.01" lane="2/4to2/3_0" slope="0.00"/>
        <vehicle id="8" x="601.65" y="385.95" angle="180.00" type="DEFAULT_VEHTYPE" speed="7.25" pos="181.20" lane="3/1to3/2_0" slope="0.00"/>
        <vehicle id="9" x="201.65" y="416.89" angle="180.00" type="DEFAULT_VEHTYPE" speed="13.43" pos="12.14" lane="1/2to1/3_0" slope="0.00"/>
    </timestep>
    <timestep time="728.00">
        <vehicle id="10" x="198.35" y="229.32" angle="0.00" type="DEFAULT_VEHTYPE" speed="13.07" pos="165.93" lane="1/2to1/1_0" slope="0.00"/>
        <vehicle id="12" x="664.75" y="601.65" angle="-90.00" type="DEFAULT_VEHTYPE" speed="13.69" pos="135.25" lane="4/3to3/3_0" slope="0.00"/>
        <vehicle id="13" x="398.35" y="89.60" angle="0.00" type="DEFAULT_VEHTYPE" speed="13.45" pos="105.65" lane="2/1to2/0_0" slope="0.00"/>
        <vehicle id="3" x="260.37" y="598.35" angle="90.00" type="DEFAULT_VEHTYPE" speed="12.61" pos="55.62" lane="1/3to2/3_0" slope="0.00"/>
        <vehicle id="4" x="712.18" y="201.65" angle="-90.00" type="DEFAULT_VEHTYPE" speed="13.84" pos="87.82" lane="4/1to3/1_0" slope="0.00"/>
        <vehicle id="5" x="223.21" y="198.35" angle="90.00" type="DEFAULT_VEHTYPE" speed="13.62" pos="18.46" lane="1/1to2/1_0" slope="0.00"/>
        <vehicle id="6" x="103.82" y="401.65" angle="-90.00" type="DEFAULT_VEHTYPE" speed="13.51" pos="91.43" lane="1/2to0/2_0" slope="0.00"/>
        <vehicle id="7" x="398.35" y="605.16" angle="0.00" type="DEFAULT_VEHTYPE" speed="12.84" pos="194.84" lane="2/4to2/3_0" slope="0.00"/>
        <vehicle id="8" x="601.65" y="389.65" angle="180.00" type="DEFAULT_VEHTYPE" speed="3.71" pos="184.90" lane="3/1to3/2_0" slope="0.00"/>
        <vehicle id="9" x="201.65" y="430.68" angle="180.00" type="DEFAULT_VEHTYPE" speed="13.79" pos="25.93" lane="1/2to1/3_0" slope="0.00"/>
    </timestep>
    <timestep time="729.00">
        <vehicle id="10" x="198.35" y="216.60" angle="0.00" type="DEFAULT_VEHTYPE" speed="12.71" pos="178.65" lane="1/2to1/1_0" slope="0.00"/>
        <vehicle id="12" x="651.57" y="601.65" angle="-90.00" type="DEFAULT_VEHTYPE" speed="13.18" pos="148.43" lane="4/3to3/3_0" slope="0.00"/>
        <vehicle id="13" x="398.35" y="76.01" angle="0.00" type="DEFAULT_VEHTYPE" speed="13.59" pos="119.24" lane="2/1to2/0_0" slope="0.00"/>
        <vehicle id="3" x="273.08" y="598.35" angle="90.00" type="DEFAULT_VEHTYPE" speed="12.71" pos="68.33" lane="1/3to2/3_0" slope="0.00"/>
        <vehicle id="4" x="699.39" y="201.65" angle="-90.00" type="DEFAULT_VEHTYPE" speed="12.78" pos="100.61" lane="4/1to3/1_0" slope="0.00"/>
        <vehicle id="5" x="235.83" y="198.35" angle="90.00" type="DEFAULT_VEHTYPE" speed="12.62" pos="31.08" lane="1/1to2/1_0" slope="0.00"/>
        <vehicle id="6" x="90.32" y="401.65" angle="-90.00" type="DEFAULT_VEHTYPE" speed="13.50" pos="104.93" lane="1/2to0/2_0" slope="0.00"/>
        <vehicle id="7" x="398.35" y="592.41" angle="0.00" type="DEFAULT_VEHTYPE" speed="12.75" pos="2.84" lane="2/3to2/2_0" slope="0.00"/>
        <vehicle id="8" x="601.65" y="395.13" angle="180.00" type="DEFAULT_VEHTYPE" speed="5.48" pos="190.38" lane="3/1to3/2_0" slope="0.00"/>
        <vehicle id="9" x="201.65" y="443.76" angle="180.00" type="DEFAULT_VEHTYPE" speed="13.08" pos="39.01" lane="1/2to1/3_0" slope="0.00"/>
    </timestep>
    <timestep time="730.00">
        <vehicle id="10" x="198.17" y="203.44" angle="-2.10" type="DEFAULT_VEHTYPE" speed="13.17" pos="1.32" lane=":1/1_0_0" slope="0.00"/>
        <vehicle id="12" x="638.14" y="601.65" angle="-90.00" type="DEFAULT_VEHTYPE" speed="13.43" pos="161.86" lane="4/3to3/3_0" slope="0.00"/>
        <vehicle id="13" x="398.35" y="63.19" angle="0.00" type="DEFAULT_VEHTYPE" speed="12.82" pos="132.06" lane="2/1to2/0_0" slope="0.00"/>
        <vehicle id="3" x="286.24" y="598.35" angle="90.00" type="DEFAULT_VEHTYPE" speed="13.15" pos="81.49" lane="1/3to2/3_0" slope="0.00"/>
        <vehicle id="4" x="685.74" y="201.65" angle="-90.00" type="DEFAULT_VEHTYPE" speed="13.65" pos="114.26" lane="4/1to3/1_0" slope="0.00"/>
        <vehicle id="5" x="248.54" y="198.35" angle="90.00" type="DEFAULT_VEHTYPE" speed="12.72" pos="43.79" lane="1/1to2/1_0" slope="0.00"/>
        <vehicle id="6" x="77.19" y="401.65" angle="-90.00" type="DEFAULT_VEHTYPE" speed="13.13" pos="118.06" lane="1/2to0/2_0" slope="0.00"/>
        <vehicle id="7" x="398.35" y="578.62" angle="0.00" type="DEFAULT_VEHTYPE" speed="13.80" pos="16.63" lane="2/3to2/2_0" slope="0.00"/>
        <vehicle id="8" x="598.09" y="401.23" angle="-137.89" type="DEFAULT_VEHTYPE" speed="7.56" pos="0.30" lane=":3/2_18_0" slope="0.00"/>
        <vehicle id="9" x="201.65" y="456.96" angle="180.00" type="DEFAULT_VEHTYPE" speed="13.20" pos="52.21" lane="1/2to1/3_0" slope="0.00"/>
    </timestep>
    <timestep time="731.00">
        <vehicle id="10" x="185.45" y="201.65" angle="-90.00" type="DEFAULT_VEHTYPE" speed="13.48" pos="9.80" lane="1/1to0/1_0" slope="0.00"/>
        <vehicle id="12" x="626.21" y="601.65" angle="-90.00" type="DEFAULT_VEHTYPE" speed="11.92" pos="173.79" lane="4/3to3/3_0" slope="0.00"/>
        <vehicle id="13" x="398.35" y="50.46" angle="0.00" type="DEFAULT_VEHTYPE" speed="12.73" pos="144.79" lane="2/1to2/0_0" slope="0.00"/>
        <vehicle id="3" x="299.13" y="598.35" angle="90.00" type="DEFAULT_VEHTYPE" speed="12.89" pos="94.38" lane="1/3to2/3_0" slope="0.00"/>
        <vehicle id="4" x="673.02" y="201.65" angle="-90.00" type="DEFAULT_VEHTYPE" speed="12.72" pos="126.98" lane="4/1to3/1_0" slope="0.00"/>
        <vehicle id="5" x="262.20" y="198.35" angle="90.00" type="DEFAULT_VEHTYPE" speed="13.66" pos="57.45" lane="1/1to2/1_0" slope="0.00"/>
        <vehicle id="6" x="64.44" y="401.65" angle="-90.00" type="DEFAULT_VEHTYPE" speed="12.74" pos="130.81" lane="1/2to0/2_0" slope="0.00"/>
        <vehicle id="7" x="398.35" y="564.87" angle="0.00" type="DEFAULT_VEHTYPE" speed="13.75" pos="30.38" lane="2/3to2/2_0" slope="0.00"/>
        <vehicle id="8" x="588.29" y="401.65" angle="-90.00" type="DEFAULT_VEHTYPE" speed="9.84" pos="6.96" lane="3/2to2/2_0" slope="0.00"/>
        <vehicle id="9" x="201.65" y="469.94" angle="180.00" type="DEFAULT_VEHTYPE" speed="12.98" pos="65.19" lane="1/2to1/3_0" slope="0.00"/>
    </timestep>
    <timestep time="732.00">
        <vehicle id="10" x="172.28" y="201.65" angle="-90.00" type="DEFAULT_VEHTYPE" speed="13.17" pos="22.97" lane="1/1to0/1_0" slope="0.00"/>
        <vehicle id="12" x="618.18" y="601.65" angle="-90.00" type="DEFAULT_VEHTYPE" speed="8.03" pos="181.82" lane="4/3to3/3_0" slope="0.00"/>
        <vehicle id="13" x="398.35" y="36.76" angle="0.00" type="DEFAULT_VEHTYPE" speed="13.70" pos="158.49" lane="2/1to2/0_0" slope="0.00"/>
        <vehicle id="3" x="312.21" y="598.35" angle="90.00" type="DEFAULT_VEHTYPE" speed="13.08" pos="107.46" lane="1/3to2/3_0" slope="0.00"/>
        <vehicle id="4" x="659.19" y="201.65" angle="-90.00" type="DEFAULT_VEHTYPE" speed="13.84" pos="140.81" lane="4/1to3/1_0" slope="0.00"/>
        <vehicle id="5" x="275.61" y="198.35" angle="90.00" type="DEFAULT_VEHTYPE" speed="13.41" pos="70.86" lane="1/1to2/1_0" slope="0.00"/>
        <vehicle id="6" x="51.11" y="401.65" angle="-90.00" type="DEFAULT_VEHTYPE" speed="13.33" pos="144.14" lane="1/2to0/2_0" slope="0.00"/>
        <vehicle id="7" x="398.35" y="551.27" angle="0.00" type="DEFAULT_VEHTYPE" speed="13.60" pos="43.98" lane="2/3to2/2_0" slope="0.00"/>
        <vehicle id="8" x="576.25" y="401.65" angle="-90.00" type="DEFAULT_VEHTYPE" speed="12.04" pos="19.00" lane="3/2to2/2_0" slope="0.00"/>
        <vehicle id="9" x="201.65" y="483.65" angle="180.00" type="DEFAULT_VEHTYPE" speed="13.71" pos="78.90" lane="1/2to1/3_0" slope="0.00"/>
    </timestep>
    <timestep time="733.00">
        <vehicle id="10" x="158.84" y="201.65" angle="-90.00" type="DEFAULT_VEHTYPE" speed="13.43" pos="36.41" lane="1/1to0/1_0" slope="0.00"/>
        <vehicle id="12" x="612.99" y="601.65" angle="-90.00" type="DEFAULT_VEHTYPE" speed="5.20" pos="187.01" lane="4/3to3/3_0" slope="0.00"/>
        <vehicle id="13" x="398.35" y="23.52" angle="0.00" type="DEFAULT_VEHTYPE" speed="13.25" pos="171.73" lane="2/1to2/0_0" slope="0.00"/>
        <vehicle id="3" x="326.09" y="598.35" angle="90.00" type="DEFAULT_VEHTYPE" speed="13.88" pos="121.34" lane="1/3to2/3_0" slope="0.00"/>
        <vehicle id="4" x="646.52" y="201.65" angle="-90.00" type="DEFAULT_VEHTYPE" speed="12.67" pos="153.48" lane="4/1to3/1_0" slope="0.00"/>
        <vehicle id="5" x="289.16" y="198.35" angle="90.00" type="DEFAULT_VEHTYPE" speed="13.56" pos="84.41" lane="1/1to2/1_0" slope="0.00"/>
        <vehicle id="6" x="37.34" y="401.65" angle="-90.00" type="DEFAULT_VEHTYPE" speed="13.77" pos="157.91" lane="1/2to0/2_0" slope="0.00"/>
        <vehicle id="7" x="398.35" y="537.58" angle="0.00" type="DEFAULT_VEHTYPE" speed="13.69" pos="57.67" lane="2/3to2/2_0" slope="0.00"/>
        <vehicle id="8" x="563.58" y="401.65" angle="-90.00" type="DEFAULT_VEHTYPE" speed="12.67" pos="31.67" lane="3/2to2/2_0" slope="0.00"/>
        <vehicle id="9" x="201.65" y="496.37" angle="180.00" type="DEFAULT_VEHTYPE" speed="12.72" pos="91.62" lane="1/2to1/3_0" slope="0.00"/>
    </timestep>
    <timestep time="734.00">
        <vehicle id="10" x="145.15" y="201.65" angle="-90.00" type="DEFAULT_VEHTYPE" speed="13.70" pos="50.10" lane="1/1to0/1_0" slope="0.00"/>
        <vehicle id="12" x="609.07" y="601.65" angle="-90.00" type="DEFAULT_VEHTYPE" speed="3.92" pos="190.93" lane="4/3to3/3_0" slope="0.00"/>
        <vehicle id="13" x="398.35" y="10.74" angle="0.00" type="DEFAULT_VEHTYPE" speed="12.78" pos="184.51" lane="2/1to2/0_0" slope="0.00"/>
        <vehicle id="3" x="338.85" y="598.35" angle="90.00" type="DEFAULT_VEHTYPE" speed="12.75" pos="134.10" lane="1/3to2/3_0" slope="0.00"/>
        <vehicle id="4" x="633.38" y="201.65" angle="-90.00" type="DEFAULT_VEHTYPE" speed="13.14" pos="166.62" lane="4/1to3/1_0" slope="0.00"/>
        <vehicle id="5" x="302.81" y="198.35" angle="90.00" type="DEFAULT_VEHTYPE" speed="13.65" pos="98.06" lane="1/1to2/1_0" slope="0.00"/>
        <vehicle id="6" x="23.87" y="401.65" angle="-90.00" type="DEFAULT_VEHTYPE" speed="13.47" pos="171.38" lane="1/2to0/2_0" slope="0.00"/>
        <vehicle id="7" x="398.35" y="524.63" angle="0.00" type="DEFAULT_VEHTYPE" speed="12.94" pos="70.62" lane="2/3to2/2_0" slope="0.00"/>
        <vehicle id="8" x="550.39" y="401.65" angle="-90.00" type="DEFAULT_VEHTYPE" speed="13.19" pos="44.86" lane="3/2to2/2_0" slope="0.00"/>
        <vehicle id="9" x="201.65" y="510.26" angle="180.00" type="DEFAULT_VEHTYPE" speed="13.89" pos="105.51" lane="1/2to1/3_0" slope="0.00"/>
    </timestep>
    <timestep time="735.00">
        <vehicle id="10" x="131.32" y="201.65" angle="-90.00" type="DEFAULT_VEHTYPE" speed="13.83" pos="63.93" lane="1/1to0/1_0" slope="0.00"/>
        <vehicle id="12" x="603.36" y="601.45" angle="-87.72" type="DEFAULT_VEHTYPE" speed="5.72" pos="1.41" lane=":3/3_6_0" slope="0.00"/>
        <vehicle id="13" x="400.44" y="-1.43" angle="30.71" type="DEFAULT_VEHTYPE" speed="13.64" pos="2.91" lane=":2/0_0_0" slope="0.00"/>
        <vehicle id="3" x="351.64" y="598.35" angle="90.00" type="DEFAULT_VEHTYPE" speed="12.80" pos="146.89" lane="1/3to2/3_0" slope="0.00"/>
        <vehicle id="4" x="622.49" y="201.65" angle="-90.00" type="DEFAULT_VEHTYPE" speed="10.89" pos="177.51" lane="4/1to3/1_0" slope="0.00"/>
        <vehicle id="5" x="316.36" y="198.35" angle="90.00" type="DEFAULT_VEHTYPE" speed="13.55" pos="111.61" lane="1/1to2/1_0" slope="0.00"/>
        <vehicle id="6" x="10.32" y="401.65" angle="-90.00" type="DEFAULT_VEHTYPE" speed="13.55" pos="184.93" lane="1/2to0/2_0" slope="0.00"/>
        <vehicle id="7" x="398.35" y="511.33" angle="0.00" type="DEFAULT_VEHTYPE" speed="13.30" pos="83.92" lane="2/3to2/2_0" slope="0.00"/>
        <vehicle id="8" x="536.73" y="401.65" angle="-90.00" type="DEFAULT_VEHTYPE" speed="13.66" pos="58.52" lane="3/2to2/2_0" slope="0.00"/>
        <vehicle id="9" x="201.65" y="523.08" angle="180.00" type="DEFAULT_VEHTYPE" speed="12.82" pos="118.33" lane="1/2to1/3_0" slope="0.00"/>
    </timestep>
    <timestep time="736.00">
        <vehicle id="10" x="117.61" y="201.65" angle="-90.00" type="DEFAULT_VEHTYPE" speed="13.71" pos="77.64" lane="1/1to0/1_0" slope="0.00"/>
        <vehicle id="12" x="598.49" y="596.26" angle="-27.43" type="DEFAULT_VEHTYPE" speed="7.89" pos="9.30" lane=":3/3_6_0" slope="0.00"/>
        <vehicle id="13" x="401.65" y="11.50" angle="180.00" type="DEFAULT_VEHTYPE" speed="13.41" pos="11.50" lane="2/0to2/1_0" slope="0.00"/>
        <vehicle id="3" x="365.29" y="598.35" angle="90.00" type="DEFAULT_VEHTYPE" speed="13.65" pos="160.54" lane="1/3to2/3_0" slope="0.00"/>
        <vehicle id="4" x="615.06" y="201.65" angle="-90.00" type="DEFAULT_VEHTYPE" speed="7.43" pos="184.94" lane="4/1to3/1_0" slope="0.00"/>
        <vehicle id="5" x="329.17" y="198.35" angle="90.00" type="DEFAULT_VEHTYPE" speed="12.81" pos="124.42" lane="1/1to2/1_0" slope="0.00"/>
        <vehicle id="6" x="-1.61" y="399.92" angle="-67.21" type="DEFAULT_VEHTYPE" speed="12.82" pos="2.50" lane=":0/2_0_0" slope="0.00"/>
        <vehicle id="7" x="398.35" y="498.67" angle="0.00" type="DEFAULT_VEHTYPE" speed="12.66" pos="96.58" lane="2/3to2/2_0" slope="0.00"/>
        <vehicle id="8" x="523.34" y="401.65" angle="-90.00" type="DEFAULT_VEHTYPE" speed="13.38" pos="71.91" lane="3/2to2/2_0" slope="0.00"/>
        <vehicle id="9" x="201.65" y="536.46" angle="180.00" type="DEFAULT_VEHTYPE" speed="13.38" pos="131.71" lane="1/2to1/3_0" slope="0.00"/>
    </timestep>
    <timestep time="737.00">
        <vehicle id="10" x="103.92" y="201.65" angle="-90.00" type="DEFAULT_VEHTYPE" speed="13.70" pos="91.33" lane="1/1to0/1_0" slope="0.00"/>
        <vehicle id="12" x="598.35" y="585.89" angle="0.00" type="DEFAULT_VEHTYPE" speed="10.38" pos="9.36" lane="3/3to3/2_0" slope="0.00"/>
        <vehicle id="13" x="401.65" y="24.26" angle="180.00" type="DEFAULT_VEHTYPE" speed="12.76" pos="24.26" lane="2/0to2/1_0" slope="0.00"/>
        <vehicle id="3" x="376.03" y="598.35" angle="90.00" type="DEFAULT_VEHTYPE" speed="10.74" pos="171.28" lane="1/3to2/3_0" slope="0.00"/>
        <vehicle id="4" x="611.15" y="201.65" angle="-90.00" type="DEFAULT_VEHTYPE" speed="3.91" pos="188.85" lane="4/1to3/1_0" slope="0.00"/>
        <vehicle id="5" x="342.82" y="198.35" angle="90.00" type="DEFAULT_VEHTYPE" speed="13.65" pos="138.07" lane="1/1to2/1_0" slope="0.00"/>
        <vehicle id="6" x="11.20" y="398.35" angle="90.00" type="DEFAULT_VEHTYPE" speed="13.52" pos="11.20" lane="0/2to1/2_0" slope="0.00"/>
        <vehicle id="7" x="398.35" y="484.94" angle="0.00" type="DEFAULT_VEHTYPE" speed="13.73" pos="110.31" lane="2/3to2/2_0" slope="0.00"/>
        <vehicle id="8" x="509.77" y="401.65" angle="-90.00" type="DEFAULT_VEHTYPE" speed="13.57" pos="85.48" lane="3/2to2/2_0" slope="0.00"/>
        <vehicle id="9" x="201.65" y="549.21" angle="180.00" type="DEFAULT_VEHTYPE" speed="12.74" pos="144.46" lane="1/2to1/3_0" slope="0.00"/>
    </timestep>
    <timestep time="738.00">
        <vehicle id="10" x="90.08" y="201.65" angle="-90.00" type="DEFAULT_VEHTYPE" speed="13.84" pos="105.17" lane="1/1to0/1_0" slope="0.00"/>
        <vehicle id="12" x="598.35" y="573.21" angle="0.00" type="DEFAULT_VEHTYPE" speed="12.68" pos="22.04" lane="3/3to3/2_0" slope="0.00"/>
        <vehicle id="13" x="401.65" y="37.54" angle="180.00" type="DEFAULT_VEHTYPE" speed="13.28" pos="37.54" lane="2/0to2/1_0" slope="0.00"/>
        <vehicle id="3" x="383.84" y="598.35" angle="90.00" type="DEFAULT_VEHTYPE" speed="7.81" pos="179.09" lane="1/3to2/3_0" slope="0.00"/>
        <vehicle id="4" x="605.42" y="201.65" angle="-90.00" type="DEFAULT_VEHTYPE" speed="5.73" pos="194.58" lane="4/1to3/1_0" slope="0.00"/>
        <vehicle id="5" x="355.49" y="198.35" angle="90.00" type="DEFAULT_VEHTYPE" speed="12.67" pos="150.74" lane="1/1to2/1_0" slope="0.00"/>
        <vehicle id="6" x="24.86" y="398.35" angle="90.00" type="DEFAULT_VEHTYPE" speed="13.67" pos="24.86" lane="0/2to1/2_0" slope="0.00"/>
        <vehicle id="7" x="398.35" y="471.32" angle="0.00" type="DEFAULT_VEHTYPE" speed="13.62" pos="123.93" lane="2/3to2/2_0" slope="0.00"/>
        <vehicle id="8" x="496.29" y="401.65" angle="-90.00" type="DEFAULT_VEHTYPE" speed="13.48" pos="98.96" lane="3/2to2/2_0" slope="0.00"/>
        <vehicle id="9" x="201.65" y="562.91" angle="180.00" type="DEFAULT_VEHTYPE" speed="13.70" pos="158.16" lane="1/2to1/3_0" slope="0.00"/>
    </timestep>
    <timestep time="739.00">
        <vehicle id="10" x="77.17" y="201.65" angle="-90.00" type="DEFAULT_VEHTYPE" speed="12.90" pos="118.08" lane="1/1to0/1_0" slope="0.00"/>
        <vehicle id="12" x="598.35" y="559.43" angle="0.00" type="DEFAULT_VEHTYPE" speed="13.78" pos="35.82" lane="3/3to3/2_0" slope="0.00"/>
        <vehicle id="13" x="401.65" y="50.53" angle="180.00" type="DEFAULT_VEHTYPE" speed="12.99" pos="50.53" lane="2/0to2/1_0" slope="0.00"/>
        <vehicle id="3" x="389.03" y="598.35" angle="90.00" type="DEFAULT_VEHTYPE" speed="5.19" pos="184.28" lane="1/3to2/3_0" slope="0.00"/>
        <vehicle id="4" x="601.65" y="206.12" angle="-157.77" type="DEFAULT_VEHTYPE" speed="7.04" pos="1.37" lane="3/1to3/2_0" slope="0.00"/>
        <vehicle id="5" x="369.25" y="198.35" angle="90.00" type="DEFAULT_VEHTYPE" speed="13.75" pos="164.50" lane="1/1to2/1_0" slope="0.00"/>
        <vehicle id="6" x="38.76" y="398.35" angle="90.00" type="DEFAULT_VEHTYPE" speed="13.89" pos="38.76" lane="0/2to1/2_0" slope="0.00"/>
        <vehicle id="7" x="398.35" y="457.90" angle="0.00" type="DEFAULT_VEHTYPE" speed="13.42" pos="137.35" lane="2/3to2/2_0" slope="0.00"/>
        <vehicle id="8" x="483.05" y="401.65" angle="-90.00" type="DEFAULT_VEHTYPE" speed="13.24" pos="112.20" lane="3/2to2/2_0" slope="0.00"/>
        <vehicle id="9" x="201.65" y="576.73" angle="180.00" type="DEFAULT_VEHTYPE" speed="13.82" pos="171.98" lane="1/2to1/3_0" slope="0.00"/>
    </timestep>
    <timestep time="740.00">
        <vehicle id="10" x="64.48" y="201.65" angle="-90.00" type="DEFAULT_VEHTYPE" speed="12.70" pos="130.77" lane="1/1to0/1_0" slope="0.00"/>
        <vehicle id="12" x="598.35" y="546.71" angle="0.00" type="DEFAULT_VEHTYPE" speed="12.73" pos="48.54" lane="3/3to3/2_0" slope="0.00"/>
        <vehicle id="13" x="401.65" y="63.95" angle="180.00" type="DEFAULT_VEHTYPE" speed="13.43" pos="63.95" lane="2/0to2/1_0" slope="0.00"/>
        <vehicle id="3" x="396.53" y="598.53" angle="92.10" type="DEFAULT_VEHTYPE" speed="7.51" pos="1.29" lane=":2/3_14_0" slope="0.00"/>
        <vehicle id="4" x="601.65" y="215.60" angle="180.00" type="DEFAULT_VEHTYPE" speed="9.49" pos="10.85" lane="3/1to3/2_0" slope="0.00"/>
        <vehicle id="5" x="378.67" y="198.35" angle="90.00" type="DEFAULT_VEHTYPE" speed="9.43" pos="173.92" lane="1/1to2/1_0" slope="0.00"/>
        <vehicle id="6" x="51.73" y="398.35" angle="90.00" type="DEFAULT_VEHTYPE" speed="12.97" pos="51.73" lane="0/2to1/2_0" slope="0.00"/>
        <vehicle id="7" x="398.35" y="445.10" angle="0.00" type="DEFAULT_VEHTYPE" speed="12.80" pos="150.15" lane="2/3to2/2_0" slope="0.00"/>
        <vehicle id="8" x="469.33" y="401.65" angle="-90.00" type="DEFAULT_VEHTYPE" speed="13.72" pos="125.92" lane="3/2to2/2_0" slope="0.00"/>
        <vehicle id="9" x="201.65" y="590.50" angle="180.00" type="DEFAULT_VEHTYPE" speed="13.77" pos="185.75" lane="1/2to1/3_0" slope="0.00"/>
    </timestep>
    <timestep time="741.00">
        <vehicle id="10" x="51.38" y="201.65" angle="-90.00" type="DEFAULT_VEHTYPE" speed="13.09" pos="143.87" lane="1/1to0/1_0" slope="0.00"/>
        <vehicle id="12" x="598.35" y="533.40" angle="0.00" type="DEFAULT_VEHTYPE" speed="13.30" pos="61.85" lane="3/3to3/2_0" slope="0.00"/>
        <vehicle id="13" x="401.65" y="77.74" angle="180.00" type="DEFAULT_VEHTYPE" speed="13.79" pos="77.74" lane="2/0to2/1_0" slope="0.00"/>
        <vehicle id="3" x="401.65" y="605.32" angle="165.51" type="DEFAULT_VEHTYPE" speed="9.59" pos="0.57" lane="2/3to2/4_0" slope="0.00"/>
        <vehicle id="4" x="601.65" y="226.70" angle="180.00" type="DEFAULT_VEHTYPE" speed="11.10" pos="21.95" lane="3/1to3/2_0" slope="0.00"/>
        <vehicle id="5" x="385.42" y="198.35" angle="90.00" type="DEFAULT_VEHTYPE" speed="6.75" pos="180.67" lane="1/1to2/1_0" slope="0.00"/>
        <vehicle id="6" x="64.98" y="398.35" angle="90.00" type="DEFAULT_VEHTYPE" speed="13.25" pos="64.98" lane="0/2to1/2_0" slope="0.00"/>
        <vehicle id="7" x="398.35" y="431.75" angle="0.00" type="DEFAULT_VEHTYPE" speed="13.35" pos="163.50" lane="2/3to2/2_0" slope="0.00"/>
        <vehicle id="8" x="455.99" y="401.65" angle="-90.00" type="DEFAULT_VEHTYPE" speed="13.34" pos="139.26" lane="3/2to2/2_0" slope="0.00"/>
        <vehicle id="9" x="208.74" y="598.35" angle="91.61" type="DEFAULT_VEHTYPE" speed="13.74" pos="3.99" lane="1/3to2/3_0" slope="0.00"/>
    </timestep>
    <timestep time="742.00">
        <vehicle id="10" x="37.63" y="201.65" angle="-90.00" type="DEFAULT_VEHTYPE" speed="13.75" pos="157.62" lane="1/1to0/1_0" slope="0.00"/>
        <vehicle id="12" x="598.35" y="519.85" angle="0.00" type="DEFAULT_VEHTYPE" speed="13.55" pos="75.40" lane="3/3to3/2_0" slope="0.00"/>
        <vehicle id="13" x="401.65" y="90.71" angle="180.00" type="DEFAULT_VEHTYPE" speed="12.97" pos="90.71" lane="2/0to2/1_0" slope="0.00"/>
        <vehicle id="3" x="401.65" y="616.34" angle="180.00" type="DEFAULT_VEHTYPE" speed="11.02" pos="11.59" lane="2/3to2/4_0" slope="0.00"/>
        <vehicle id="4" x="601.65" y="239.97" angle="180.00" type="DEFAULT_VEHTYPE" speed="13.27" pos="35.22" lane="3/1to3/2_0" slope="0.00"/>
        <vehicle id="5" x="389.76" y="198.35" angle="90.00" type="DEFAULT_VEHTYPE" speed="4.33" pos="185.01" lane="1/1to2/1_0" slope="0.00"/>
        <vehicle id="6" x="77.63" y="398.35" angle="90.00" type="DEFAULT_VEHTYPE" speed="12.66" pos="77.63" lane="0/2to1/2_0" slope="0.00"/>
        <vehicle id="7" x="398.35" y="419.04" angle="0.00" type="DEFAULT_VEHTYPE" speed="12.71" pos="176.21" lane="2/3to2/2_0" slope="0.00"/>
        <vehicle id="8" x="442.79" y="401.65" angle="-90.00" type="DEFAULT_VEHTYPE" speed="13.20" pos="152.46" lane="3/2to2/2_0" slope="0.00"/>
        <vehicle id="9" x="221.83" y="598.35" angle="90.00" type="DEFAULT_VEHTYPE" speed="13.09" pos="17.08" lane="1/3to2/3_0" slope="0.00"/>
    </timestep>
    <timestep time="743.00">
        <vehicle id="10" x="24.54" y="201.65" angle="-90.00" type="DEFAULT_VEHTYPE" speed="13.10" pos="170.71" lane="1/1to0/1_0" slope="0.00"/>
        <vehicle id="12" x="598.35" y="506.80" angle="0.00" type="DEFAULT_VEHTYPE" speed="13.06" pos="88.45" lane="3/3to3/2_0" slope="0.00"/>
        <vehicle id="13" x="401.65" y="103.83" angle="180.00" type="DEFAULT_VEHTYPE" speed="13.12" pos="103.83" lane="2/0to2/1_0" slope="0.00"/>
        <vehicle id="3" x="401.65" y="629.73" angle="180.00" type="DEFAULT_VEHTYPE" speed="13.39" pos="24.98" lane="2/3to2/4_0" slope="0.00"/>
        <vehicle id="4" x="601.65" y="252.99" angle="180.00" type="DEFAULT_VEHTYPE" speed="13.02" pos="48.24" lane="3/1to3/2_0" slope="0.00"/>
        <vehicle id="5" x="395.80" y="198.35" angle="90.00" type="DEFAULT_VEHTYPE" speed="6.05" pos="0.55" lane=":2/1_13_0" slope="0.00"/>
        <vehicle id="6" x="90.65" y="398.35" angle="90.00" type="DEFAULT_VEHTYPE" speed="13.02" pos="90.65" lane="0/2to1/2_0" slope="0.00"/>
        <vehicle id="7" x="398.35" y="405.76" angle="0.00" type="DEFAULT_VEHTYPE" speed="13.28" pos="189.49" lane="2/3to2/2_0" slope="0.00"/>
        <vehicle id="8" x="429.11" y="401.65" angle="-90.00" type="DEFAULT_VEHTYPE" speed="13.68" pos="166.14" lane="3/2to2/2_0" slope="0.00"/>
        <vehicle id="9" x="235.56" y="598.35" angle="90.00" type="DEFAULT_VEHTYPE" speed="13.73" pos="30.81" lane="1/3to2/3_0" slope="0.00"/>
    </timestep>
    <timestep time="744.00">
        <vehicle id="10" x="11.34" y="201.65" angle="-90.00" type="DEFAULT_VEHTYPE" speed="13.20" pos="183.91" lane="1/1to0/1_0" slope="0.00"/>
        <vehicle id="12" x="598.35" y="493.45" angle="0.00" type="DEFAULT_VEHTYPE" speed="13.34" pos="101.80" lane="3/3to3/2_0" slope="0.00"/>
        <vehicle id="13" x="401.65" y="116.85" angle="180.00" type="DEFAULT_VEHTYPE" speed="13.02" pos="116.85" lane="2/0to2/1_0" slope="0.00"/>
        <vehicle id="3" x="401.65" y="642.82" angle="180.00" type="DEFAULT_VEHTYPE" speed="13.09" pos="38.07" lane="2/3to2/4_0" slope="0.00"/>
        <vehicle id="4" x="601.65" y="266.37" angle="180.00" type="DEFAULT_VEHTYPE" speed="13.38" pos="61.62" lane="3/1to3/2_0" slope="0.00"/>
        <vehicle id="5" x="403.79" y="198.35" angle="90.00" type="DEFAULT_VEHTYPE" speed="7.99" pos="8.54" lane=":2/1_13_0" slope="0.00"/>
        <vehicle id="6" x="104.03" y="398.35" angle="90.00" type="DEFAULT_VEHTYPE" speed="13.38" pos="104.03" lane="0/2to1/2_0" slope="0.00"/>
        <vehicle id="7" x="387.80" y="401.65" angle="-90.00" type="DEFAULT_VEHTYPE" speed="13.46" pos="7.45" lane="2/2to1/2_0" slope="0.00"/>
        <vehicle id="8" x="419.79" y="401.65" angle="-90.00" type="DEFAULT_VEHTYPE" speed="9.32" pos="175.46" lane="3/2to2/2_0" slope="0.00"/>
        <vehicle id="9" x="248.68" y="598.35" angle="90.00" type="DEFAULT_VEHTYPE" speed="13.11" pos="43.93" lane="1/3to2/3_0" slope="0.00"/>
    </timestep>
    <timestep time="745.00">
        <vehicle id="10" x="-1.37" y="200.56" angle="-76.69" type="DEFAULT_VEHTYPE" speed="13.12" pos="1.78" lane=":0/1_0_0" slope="0.00"/>
        <vehicle id="12" x="598.35" y="480.66" angle="0.00" type="DEFAULT_VEHTYPE" speed="12.80" pos="114.59" lane="3/3to3/2_0" slope="0.00"/>
        <vehicle id="13" x="401.65" y="130.40" angle="180.00" type="DEFAULT_VEHTYPE" speed="13.55" pos="130.40" lane="2/0to2/1_0" slope="0.00"/>
        <vehicle id="3" x="401.65" y="656.20" angle="180.00" type="DEFAULT_VEHTYPE" speed="13.39" pos="51.45" lane="2/3to2/4_0" slope="0.00"/>
        <vehicle id="4" x="601.65" y="279.73" angle="180.00" type="DEFAULT_VEHTYPE" speed="13.36" pos="74.98" lane="3/1to3/2_0" slope="0.00"/>
        <vehicle id="5" x="414.15" y="198.35" angle="90.00" type="DEFAULT_VEHTYPE" speed="10.36" pos="9.40" lane="2/1to3/1_0" slope="0.00"/>
        <vehicle id="6" x="117.74" y="398.35" angle="90.00" type="DEFAULT_VEHTYPE" speed="13.71" pos="117.74" lane="0/2to1/2_0" slope="0.00"/>
        <vehicle id="7" x="374.75" y="401.65" angle="-90.00" type="DEFAULT_VEHTYPE" speed="13.05" pos="20.50" lane="2/2to1/2_0" slope="0.00"/>
        <vehicle id="8" x="414.02" y="401.65" angle="-90.00" type="DEFAULT_VEHTYPE" speed="5.77" pos="181.23" lane="3/2to2/2_0" slope="0.00"/>
        <vehicle id="9" x="261.78" y="598.35" angle="90.00" type="DEFAULT_VEHTYPE" speed="13.10" pos="57.03" lane="1/3to2/3_0" slope="0.00"/>
    </timestep>
    <timestep time="746.00">
        <vehicle id="10" x="9.65" y="198.35" angle="90.00" type="DEFAULT_VEHTYPE" speed="12.68" pos="9.65" lane="0/1to1/1_0" slope="0.00"/>
        <vehicle id="12" x="598.35" y="466.91" angle="0.00" type="DEFAULT_VEHTYPE" speed="13.75" pos="128.34" lane="3/3to3/2_0" slope="0.00"/>
        <vehicle id="13" x="401.65" y="143.84" angle="180.00" type="DEFAULT_VEHTYPE" speed="13.44" pos="143.84" lane="2/0to2/1_0" slope="0.00"/>
        <vehicle id="3" x="401.65" y="668.89" angle="180.00" type="DEFAULT_VEHTYPE" speed="12.69" pos="64.14" lane="2/3to2/4_0" slope="0.00"/>
        <vehicle id="4" x="601.65" y="292.81" angle="180.00" type="DEFAULT_VEHTYPE" speed="13.08" pos="88.06" lane="3/1to3/2_0" slope="0.00"/>
        <vehicle id="5" x="425.98" y="198.35" angle="90.00" type="DEFAULT_VEHTYPE" speed="11.83" pos="21.23" lane="2/1to3/1_0" slope="0.00"/>
        <vehicle id="6" x="130.82" y="398.35" angle="90.00" type="DEFAULT_VEHTYPE" speed="13.08" pos="130.82" lane="0/2to1/2_0" slope="0.00"/>
        <vehicle id="7" x="361.65" y="401.65" angle="-90.00" type="DEFAULT_VEHTYPE" speed="13.10" pos="33.60" lane="2/2to1/2_0" slope="0.00"/>
        <vehicle id="8" x="409.57" y="401.65" angle="-90.00" type="DEFAULT_VEHTYPE" speed="4.46" pos="185.68" lane="3/2to2/2_0" slope="0.00"/>
        <vehicle id="9" x="274.61" y="598.35" angle="90.00" type="DEFAULT_VEHTYPE" speed="12.83" pos="69.86" lane="1/3to2/3_0" slope="0.00"/>
    </timestep>
    <timestep time="747.00">
        <vehicle id="10" x="23.02" y="198.35" angle="90.00" type="DEFAULT_VEHTYPE" speed="13.37" pos="23.02" lane="0/1to1/1_0" slope="0.00"/>
        <vehicle id="12" x="598.35" y="453.72" angle="0.00" type="DEFAULT_VEHTYPE" speed="13.18" pos="141.53" lane="3/3to3/2_0" slope="0.00"/>
        <vehicle id="13" x="401.65" y="156.86" angle="180.00" type="DEFAULT_VEHTYPE" speed="13.02" pos="156.86" lane="2/0to2/1_0" slope="0.00"/>
        <vehicle id="3" x="401.65" y="681.74" angle="180.00" type="DEFAULT_VEHTYPE" speed="12.85" pos="76.99" lane="2/3to2/4_0" slope="0.00"/>
        <vehicle id="4" x="601.65" y="305.45" angle="180.00" type="DEFAULT_VEHTYPE" speed="12.64" pos="100.70" lane="3/1to3/2_0" slope="0.00"/>
        <vehicle id="5" x="439.02" y="198.35" angle="90.00" type="DEFAULT_VEHTYPE" speed="13.04" pos="34.27" lane="2/1to3/1_0" slope="0.00"/>
        <vehicle id="6" x="144.44" y="398.35" angle="90.00" type="DEFAULT_VEHTYPE" speed="13.62" pos="144.44" lane="0/2to1/2_0" slope="0.00"/>
        <vehicle id="7" x="348.13" y="401.65" angle="-90.00" type="DEFAULT_VEHTYPE" speed="13.52" pos="47.12" lane="2/2to1/2_0" slope="0.00"/>
        <vehicle id="8" x="403.13" y="401.42" angle="-87.33" type="DEFAULT_VEHTYPE" speed="6.46" pos="1.64" lane=":2/2_6_0" slope="0.00"/>
        <vehicle id="9" x="287.91" y="598.35" angle="90.00" type="DEFAULT_VEHTYPE" speed="13.30" pos="83.16" lane="1/3to2/3_0" slope="0.00"/>
    </timestep>
    <timestep time="748.00">
        <vehicle id="10" x="35.84" y="198.35" angle="90.00" type="DEFAULT_VEHTYPE" speed="12.83" pos="35.84" lane="0/1to1/1_0" slope="0.00"/>
        <vehicle id="12" x="598.35" y="439.97" angle="0.00" type="DEFAULT_VEHTYPE" speed="13.75" pos="155.28" lane="3/3to3/2_0" slope="0.00"/>
        <vehicle id="13" x="401.65" y="169.72" angle="180.00" type="DEFAULT_VEHTYPE" speed="12.87" pos="169.72" lane="2/0to2/1_0" slope="0.00"/>
        <vehicle id="3" x="401.65" y="695.16" angle="180.00" type="DEFAULT_VEHTYPE" speed="13.43" pos="90.41" lane="2/3to2/4_0" slope="0.00"/>
        <vehicle id="4" x="601.65" y="318.37" angle="180.00" type="DEFAULT_VEHTYPE" speed="12.92" pos="113.62" lane="3/1to3/2_0" slope="0.00"/>
        <vehicle id="5" x="452.11" y="198.35" angle="90.00" type="DEFAULT_VEHTYPE" speed="13.09" pos="47.36" lane="2/1to3/1_0" slope="0.00"/>
        <vehicle id="6" x="158.16" y="398.35" angle="90.00" type="DEFAULT_VEHTYPE" speed="13.71" pos="158.16" lane="0/2to1/2_0" slope="0.00"/>
        <vehicle id="7" x="335.19" y="401.65" angle="-90.00" type="DEFAULT_VEHTYPE" speed="12.94" pos="60.06" lane="2/2to1/2_0" slope="0.00"/>
        <vehicle id="8" x="398.43" y="395.84" angle="-23.13" type="DEFAULT_VEHTYPE" speed="8.08" pos="9.72" lane=":2/2_6_0" slope="0.00"/>
        <vehicle id="9" x="301.34" y="598.35" angle="90.00" type="DEFAULT_VEHTYPE" speed="13.43" pos="96.59" lane="1/3to2/3_0" slope="0.00"/>
    </timestep>
    <timestep time="749.00">
        <vehicle id="10" x="49.71" y="198.35" angle="90.00" type="DEFAULT_VEHTYPE" speed="13.87" pos="49.71" lane="0/1to1/1_0" slope="0.00"/>
        <vehicle id="12" x="598.35" y="426.64" angle="0.00" type="DEFAULT_VEHTYPE" speed="13.33" pos="168.61" lane="3/3to3/2_0" slope="0.00"/>
        <vehicle id="13" x="401.65" y="183.31" angle="180.00" type="DEFAULT_VEHTYPE" speed="13.59" pos="183.31" lane="2/0to2/1_0" slope="0.00"/>
        <vehicle id="3" x="401.65" y="708.63" angle="180.00" type="DEFAULT_VEHTYPE" speed="13.47" pos="103.88" lane="2/3to2/4_0" slope="0.00"/>
        <vehicle id="4" x="601.65" y="331.57" angle="180.00" type="DEFAULT_VEHTYPE" speed="13.20" pos="126.82" lane="3/1to3/2_0" slope="0.00"/>
        <vehicle id="5" x="465.46" y="198.35" angle="90.00" type="DEFAULT_VEHTYPE" speed="13.35" pos="60.71" lane="2/1to3/1_0" slope="0.00"/>
        <vehicle id="6" x="170.84" y="398.35" angle="90.00" type="DEFAULT_VEHTYPE" speed="12.69" pos="170.84" lane="0/2to1/2_0" slope="0.00"/>
        <vehicle id="7" x="321.34" y="401.65" angle="-90.00" type="DEFAULT_VEHTYPE" speed="13.84" pos="73.91" lane="2/2to1/2_0" slope="0.00"/>
        <vehicle id="8" x="398.35" y="385.82" angle="0.00" type="DEFAULT_VEHTYPE" speed="10.03" pos="9.43" lane="2/2to2/1_0" slope="0.00"/>
        <vehicle id="9" x="314.62" y="598.35" angle="90.00" type="DEFAULT_VEHTYPE" speed="13.28" pos="109.87" lane="1/3to2/3_0" slope="0.00"/>
    </timestep>
    <timestep time="750.00">
        <vehicle id="10" x="63.51" y="198.35" angle="90.00" type="DEFAULT_VEHTYPE" speed="13.80" pos="63.51" lane="0/1to1/1_0" slope="0.00"/>
        <vehicle id="12" x="598.35" y="413.76" angle="0.00" type="DEFAULT_VEHTYPE" speed="12.88" pos="181.49" lane="3/3to3/2_0" slope="0.00"/>
        <vehicle id="13" x="401.92" y="196.74" angle="176.91" type="DEFAULT_VEHTYPE" speed="13.47" pos="1.53" lane=":2/1_8_0" slope="0.00"/>
        <vehicle id="3" x="401.65" y="721.28" angle="180.00" type="DEFAULT_VEHTYPE" speed="12.65" pos="116.53" lane="2/3to2/4_0" slope="0.00"/>
        <vehicle id="4" x="601.65" y="344.26" angle="180.00" type="DEFAULT_VEHTYPE" speed="12.69" pos="139.51" lane="3/1to3/2_0" slope="0.00"/>
        <vehicle id="5" x="478.16" y="198.35" angle="90.00" type="DEFAULT_VEHTYPE" speed="12.70" pos="73.41" lane="2/1to3/1_0" slope="0.00"/>
        <vehicle id="6" x="180.94" y="398.35" angle="90.00" type="DEFAULT_VEHTYPE" speed="10.09" pos="180.94" lane="0/2to1/2_0" slope="0.00"/>
        <vehicle id="7" x="307.48" y="401.65" angle="-90.00" type="DEFAULT_VEHTYPE" speed="13.86" pos="87.77" lane="2/2to1/2_0" slope="0.00"/>
        <vehicle id="8" x="398.35" y="373.93" angle="0.00" type="DEFAULT_VEHTYPE" speed="11.89" pos="21.32" lane="2/2to2/1_0" slope="0.00"/>
        <vehicle id="9" x="328.47" y="598.35" angle="90.00" type="DEFAULT_VEHTYPE" speed="13.85" pos="123.72" lane="1/3to2/3_0" slope="0.00"/>
    </timestep>
    <timestep time="751.00">
        <vehicle id="10" x="76.28" y="198.35" angle="90.00" type="DEFAULT_VEHTYPE" speed="12.76" pos="76.28" lane="0/1to1/1_0" slope="0.00"/>
        <vehicle id="12" x="596.30" y="401.80" angle="-26.96" type="DEFAULT_VEHTYPE" speed="12.95" pos="3.94" lane=":3/2_0_0" slope="0.00"/>
        <vehicle id="13" x="414.16" y="198.35" angle="90.00" type="DEFAULT_VEHTYPE" speed="12.88" pos="9.41" lane="2/1to3/1_0" slope="0.00"/>
        <vehicle id="3" x="401.65" y="733.89" angle="180.00" type="DEFAULT_VEHTYPE" speed="12.61" pos="129.14" lane="2/3to2/4_0" slope="0.00"/>
        <vehicle id="4" x="601.65" y="357.83" angle="180.00" type="DEFAULT_VEHTYPE" speed="13.57" pos="153.08" lane="3/1to3/2_0" slope="0.00"/>
        <vehicle id="5" x="491.55" y="198.35" angle="90.00" type="DEFAULT_VEHTYPE" speed="13.38" pos="86.80" lane="2/1to3/1_0" slope="0.00"/>
        <vehicle id="6" x="187.09" y="398.35" angle="90.00" type="DEFAULT_VEHTYPE" speed="6.15" pos="187.09" lane="0/2to1/2_0" slope="0.00"/>
        <vehicle id="7" x="294.08" y="401.65" angle="-90.00" type="DEFAULT_VEHTYPE" speed="13.40" pos="101.17" lane="2/2to1/2_0" slope="0.00"/>
        <vehicle id="8" x="398.35" y="360.67" angle="0.00" type="DEFAULT_VEHTYPE" speed="13.26" pos="34.58" lane="2/2to2/1_0" slope="0.00"/>
        <vehicle id="9" x="342.10" y="598.35" angle="90.00" type="DEFAULT_VEHTYPE" speed="13.63" pos="137.35" lane="1/3to2/3_0" slope="0.00"/>
    </timestep>
    <timestep time="752.00">
        <vehicle id="10" x="89.50" y="198.35" angle="90.00" type="DEFAULT_VEHTYPE" speed="13.22" pos="89.50" lane="0/1to1/1_0" slope="0.00"/>
        <vehicle id="12" x="583.54" y="401.65" angle="-90.00" type="DEFAULT_VEHTYPE" speed="12.77" pos="11.71" lane="3/2to2/2_0" slope="0.00"/>
        <vehicle id="13" x="427.36" y="198.35" angle="90.00" type="DEFAULT_VEHTYPE" speed="13.20" pos="22.61" lane="2/1to3/1_0" slope="0.00"/>
        <vehicle id="3" x="401.65" y="747.20" angle="180.00" type="DEFAULT_VEHTYPE" speed="13.30" pos="142.45" lane="2/3to2/4_0" slope="0.00"/>
        <vehicle id="4" x="601.65" y="370.83" angle="180.00" type="DEFAULT_VEHTYPE" speed="13.01" pos="166.08" lane="3/1to3/2_0" slope="0.00"/>
        <vehicle id="5" x="504.86" y="198.35" angle="90.00" type="DEFAULT_VEHTYPE" speed="13.31" pos="100.11" lane="2/1to3/1_0" slope="0.00"/>
        <vehicle id="6" x="189.90" y="398.35" angle="90.00" type="DEFAULT_VEHTYPE" speed="2.81" pos="189.90" lane="0/2to1/2_0" slope="0.00"/>
        <vehicle id="7" x="280.44" y="401.65" angle="-90.00" type="DEFAULT_VEHTYPE" speed="13.63" pos="114.81" lane="2/2to1/2_0" slope="0.00"/>
        <vehicle id="8" x="398.35" y="347.08" angle="0.00" type="DEFAULT_VEHTYPE" speed="13.59" pos="48.17" lane="2/2to2/1_0" slope="0.00"/>
        <vehicle id="9" x="354.77" y="598.35" angle="90.00" type="DEFAULT_VEHTYPE" speed="12.67" pos="150.02" lane="1/3to2/3_0" slope="0.00"/>
    </timestep>
    <timestep time="753.00">
        <vehicle id="10" x="103.09" y="198.35" angle="90.00" type="DEFAULT_VEHTYPE" speed="13.59" pos="103.09" lane="0/1to1/1_0" slope="0.00"/>
        <vehicle id="12" x="569.77" y="401.65" angle="-90.00" type="DEFAULT_VEHTYPE" speed="13.77" pos="25.48" lane="3/2to2/2_0" slope="0.00"/>
        <vehicle id="13" x="440.95" y="198.35" angle="90.00" type="DEFAULT_VEHTYPE" speed="13.59" pos="36.20" lane="2/1to3/1_0" slope="0.00"/>
        <vehicle id="3" x="401.65" y="760.31" angle="180.00" type="DEFAULT_VEHTYPE" speed="13.12" pos="155.56" lane="2/3to2/4_0" slope="0.00"/>
        <vehicle id="4" x="601.65" y="380.44" angle="180.00" type="DEFAULT_VEHTYPE" speed="9.60" pos="175.69" lane="3/1to3/2_0" slope="0.00"/>
        <vehicle id="5" x="517.79" y="198.35" angle="90.00" type="DEFAULT_VEHTYPE" speed="12.93" pos="113.04" lane="2/1to3/1_0" slope="0.00"/>
        <vehicle id="6" x="194.42" y="398.35" angle="90.00" type="DEFAULT_VEHTYPE" speed="4.52" pos="194.42" lane="0/2to1/2_0" slope="0.00"/>
        <vehicle id="7" x="267.67" y="401.65" angle="-90.00" type="DEFAULT_VEHTYPE" speed="12.77" pos="127.58" lane="2/2to1/2_0" slope="0.00"/>
        <vehicle id="8" x="398.35" y="333.35" angle="0.00" type="DEFAULT_VEHTYPE" speed="13.73" pos="61.90" lane="2/2to2/1_0" slope="0.00"/>
        <vehicle id="9" x="368.60" y="598.35" angle="90.00" type="DEFAULT_VEHTYPE" speed="13.83" pos="163.85" lane="1/3to2/3_0" slope="0.00"/>
    </timestep>
    <timestep time="754.00">
        <vehicle id="10" x="116.22" y="198.35" angle="90.00" type="DEFAULT_VEHTYPE" speed="13.13" pos="116.22" lane="0/1to1/1_0" slope="0.00"/>
        <vehicle id="12" x="557.01" y="401.65" angle="-90.00" type="DEFAULT_VEHTYPE" speed="12.76" pos="38.24" lane="3/2to2/2_0" slope="0.00"/>
        <vehicle id="13" x="453.86" y="198.35" angle="90.00" type="DEFAULT_VEHTYPE" speed="12.91" pos="49.11" lane="2/1to3/1_0" slope="0.00"/>
        <vehicle id="3" x="401.65" y="773.45" angle="180.00" type="DEFAULT_VEHTYPE" speed="13.14" pos="168.70" lane="2/3to2/4_0" slope="0.00"/>
        <vehicle id="4" x="601.65" y="387.06" angle="180.00" type="DEFAULT_VEHTYPE" speed="6.62" pos="182.31" lane="3/1to3/2_0" slope="0.00"/>
        <vehicle id="5" x="530.46" y="198.35" angle="90.00" type="DEFAULT_VEHTYPE" speed="12.67" pos="125.71" lane="2/1to3/1_0" slope="0.00"/>
        <vehicle id="6" x="200.54" y="400.77" angle="118.37" type="DEFAULT_VEHTYPE" speed="6.95" pos="6.12" lane=":1/2_14_0" slope="0.00"/>
        <vehicle id="7" x="253.83" y="401.65" angle="-90.00" type="DEFAULT_VEHTYPE" speed="13.84" pos="141.42" lane="2/2to1/2_0" slope="0.00"/>
        <vehicle id="8" x="398.35" y="320.10" angle="0.00" type="DEFAULT_VEHTYPE" speed="13.25" pos="75.15" lane="2/2to2/1_0" slope="0.00"/>
        <vehicle id="9" x="379.26" y="598.35" angle="90.00" type="DEFAULT_VEHTYPE" speed="10.66" pos="174.51" lane="1/3to2/3_0" slope="0.00"/>
    </timestep>
    <timestep time="755.00">
        <vehicle id="10" x="129.06" y="198.35" angle="90.00" type="DEFAULT_VEHTYPE" speed="12.84" pos="129.06" lane="0/1to1/1_0" slope="0.00"/>
        <vehicle id="12" x="544.36" y="401.65" angle="-90.00" type="DEFAULT_VEHTYPE" speed="12.65" pos="50.89" lane="3/2to2/2_0" slope="0.00"/>
        <vehicle id="13" x="467.62" y="198.35" angle="90.00" type="DEFAULT_VEHTYPE" speed="13.76" pos="62.87" lane="2/1to3/1_0" slope="0.00"/>
        <vehicle id="3" x="401.65" y="787.20" angle="180.00" type="DEFAULT_VEHTYPE" speed="13.74" pos="182.45" lane="2/3to2/4_0" slope="0.00"/>
        <vehicle id="4" x="601.65" y="390.79" angle="180.00" type="DEFAULT_VEHTYPE" speed="3.73" pos="186.04" lane="3/1to3/2_0" slope="0.00"/>
        <vehicle id="5" x="544.27" y="198.35" angle="90.00" type="DEFAULT_VEHTYPE" speed="13.80" pos="139.52" lane="2/1to3/1_0" slope="0.00"/>
        <vehicle id="6" x="201.65" y="409.73" angle="179.96" type="DEFAULT_VEHTYPE" speed="9.18" pos="4.98" lane="1/2to1/3_0" slope="0.00"/>
        <vehicle id="7" x="240.47" y="401.65" angle="-90.00" type="DEFAULT_VEHTYPE" speed="13.35" pos="154.78" lane="2/2to1/2_0" slope="0.00"/>
        <vehicle id="8" x="398.35" y="306.51" angle="0.00" type="DEFAULT_VEHTYPE" speed="13.59" pos="88.74" lane="2/2to2/1_0" slope="0.00"/>
        <vehicle id="9" x="386.47" y="598.35" angle="90.00" type="DEFAULT_VEHTYPE" speed="7.20" pos="181.72" lane="1/3to2/3_0" slope="0.00"/>
    </timestep>
    <timestep time="756.00">
        <vehicle id="10" x="142.03" y="198.35" angle="90.00" type="DEFAULT_VEHTYPE" speed="12.97" pos="142.03" lane="0/1to1/1_0" slope="0.00"/>
        <vehicle id="12" x="531.59" y="401.65" angle="-90.00" type="DEFAULT_VEHTYPE" speed="12.77" pos="63.66" lane="3/2to2/2_0" slope="0.00"/>
        <vehicle id="13" x="480.89" y="198.35" angle="90.00" type="DEFAULT_VEHTYPE" speed="13.27" pos="76.14" lane="2/1to3/1_0" slope="0.00"/>
        <vehicle id="3" x="401.22" y="800.66" angle="-174.90" type="DEFAULT_VEHTYPE" speed="13.59" pos="0.79" lane=":2/4_0_0" slope="0.00"/>
        <vehicle id="4" x="601.51" y="396.22" angle="-178.41" type="DEFAULT_VEHTYPE" speed="5.43" pos="0.98" lane=":3/2_10_0" slope="0.00"/>
        <vehicle id="5" x="557.84" y="198.35" angle="90.00" type="DEFAULT_VEHTYPE" speed="13.58" pos="153.09" lane="2/1to3/1_0" slope="0.00"/>
        <vehicle id="6" x="201.65" y="420.96" angle="180.00" type="DEFAULT_VEHTYPE" speed="11.23" pos="16.21" lane="1/2to1/3_0" slope="0.00"/>
        <vehicle id="7" x="227.52" y="401.65" angle="-90.00" type="DEFAULT_VEHTYPE" speed="12.96" pos="167.73" lane="2/2to1/2_0" slope="0.00"/>
        <vehicle id="8" x="398.35" y="293.87" angle="0.00" type="DEFAULT_VEHTYPE" speed="12.64" pos="101.38" lane="2/2to2/1_0" slope="0.00"/>
        <vehicle id="9" x="389.52" y="598.35" angle="90.00" type="DEFAULT_VEHTYPE" speed="3.05" pos="184.77" lane="1/3to2/3_0" slope="0.00"/>
    </timestep>
    <timestep time="757.00">
        <vehicle id="10" x="155.50" y="198.35" angle="90.00" type="DEFAULT_VEHTYPE" speed="13.47" pos="155.50" lane="0/1to1/1_0" slope="0.00"/>
        <vehicle id="12" x="518.45" y="401.65" angle="-90.00" type="DEFAULT_VEHTYPE" speed="13.14" pos="76.80" lane="3/2to2/2_0" slope="0.00"/>
        <vehicle id="13" x="493.98" y="198.35" angle="90.00" type="DEFAULT_VEHTYPE" speed="13.09" pos="89.23" lane="2/1to3/1_0" slope="0.00"/>
        <vehicle id="3" x="398.35" y="790.46" angle="0.00" type="DEFAULT_VEHTYPE" speed="13.58" pos="9.54" lane="2/4to2/3_0" slope="0.00"/>
        <vehicle id="4" x="597.26" y="401.36" angle="-127.84" type="DEFAULT_VEHTYPE" speed="7.31" pos="1.15" lane=":3/2_18_0" slope="0.00"/>
        <vehicle id="5" x="571.52" y="198.35" angle="90.00" type="DEFAULT_VEHTYPE" speed="13.68" pos="166.77" lane="2/1to3/1_0" slope="0.00"/>
        <vehicle id="6" x="201.65" y="434.28" angle="180.00" type="DEFAULT_VEHTYPE" speed="13.32" pos="29.53" lane="1/2to1/3_0" slope="0.00"/>
        <vehicle id="7" x="218.25" y="401.65" angle="-90.00" type="DEFAULT_VEHTYPE" speed="9.27" pos="177.00" lane="2/2to1/2_0" slope="0.00"/>
        <vehicle id="8" x="398.35" y="280.76" angle="0.00" type="DEFAULT_VEHTYPE" speed="13.11" pos="114.49" lane="2/2to2/1_0" slope="0.00"/>
        <vehicle id="9" x="394.13" y="598.35" angle="90.00" type="DEFAULT_VEHTYPE" speed="4.61" pos="189.38" lane="1/3to2/3_0" slope="0.00"/>
    </timestep>
    <timestep time="758.00">
        <vehicle id="10" x="168.53" y="198.35" angle="90.00" type="DEFAULT_VEHTYPE" speed="13.03" pos="168.53" lane="0/1to1/1_0" slope="0.00"/>
        <vehicle id="12" x="505.61" y="401.65" angle="-90.00" type="DEFAULT_VEHTYPE" speed="12.85" pos="89.64" lane="3/2to2/2_0" slope="0.00"/>
        <vehicle id="13" x="507.79" y="198.35" angle="90.00" type="DEFAULT_VEHTYPE" speed="13.80" pos="103.04" lane="2/1to3/1_0" slope="0.00"/>
        <vehicle id="3" x="398.35" y="777.51" angle="0.00" type="DEFAULT_VEHTYPE" speed="12.94" pos="22.49" lane="2/4to2/3_0" slope="0.00"/>
        <vehicle id="4" x="588.46" y="401.65" angle="-90.00" type="DEFAULT_VEHTYPE" speed="8.82" pos="6.79" lane="3/2to2/2_0" slope="0.00"/>
        <vehicle id="5" x="580.70" y="198.35" angle="90.00" type="DEFAULT_VEHTYPE" speed="9.18" pos="175.95" lane="2/1to3/1_0" slope="0.00"/>
        <vehicle id="6" x="201.65" y="447.69" angle="180.00" type="DEFAULT_VEHTYPE" speed="13.42" pos="42.94" lane="1/2to1/3_0" slope="0.00"/>
        <vehicle id="7" x="212.50" y="401.65" angle="-90.00" type="DEFAULT_VEHTYPE" speed="5.75" pos="182.75" lane="2/2to1/2_0" slope="0.00"/>
        <vehicle id="8" x="398.35" y="267.67" angle="0.00" type="DEFAULT_VEHTYPE" speed="13.09" pos="127.58" lane="2/2to2/1_0" slope="0.00"/>
        <vehicle id="9" x="400.11" y="600.05" angle="109.91" type="DEFAULT_VEHTYPE" speed="6.40" pos="5.28" lane=":2/3_14_0" slope="0.00"/>
    </timestep>
    <timestep time="759.00">
        <vehicle id="10" x="179.15" y="198.35" angle="90.00" type="DEFAULT_VEHTYPE" speed="10.62" pos="179.15" lane="0/1to1/1_0" slope="0.00"/>
        <vehicle id="12" x="492.65" y="401.65" angle="-90.00" type="DEFAULT_VEHTYPE" speed="12.96" pos="102.60" lane="3/2to2/2_0" slope="0.00"/>
        <vehicle id="13" x="520.99" y="198.35" angle="90.00" type="DEFAULT_VEHTYPE" speed="13.20" pos="116.24" lane="2/1to3/1_0" slope="0.00"/>
        <vehicle id="3" x="398.35" y="763.90" angle="0.00" type="DEFAULT_VEHTYPE" speed="13.61" pos="36.10" lane="2/4to2/3_0" slope="0.00"/>
        <vehicle id="4" x="577.82" y="401.65" angle="-90.00" type="DEFAULT_VEHTYPE" speed="10.64" pos="17.43" lane="3/2to2/2_0" slope="0.00"/>
        <vehicle id="5" x="586.60" y="198.35" angle="90.00" type="DEFAULT_VEHTYPE" speed="5.90" pos="181.85" lane="2/1to3/1_0" slope="0.00"/>
        <vehicle id="6" x="201.65" y="460.30" angle="180.00" type="DEFAULT_VEHTYPE" speed="12.61" pos="55.55" lane="1/2to1/3_0" slope="0.00"/>
        <vehicle id="7" x="209.09" y="401.65" angle="-90.00" type="DEFAULT_VEHTYPE" speed="3.41" pos="186.16" lane="2/2to1/2_0" slope="0.00"/>
        <vehicle id="8" x="398.35" y="254.95" angle="0.00" type="DEFAULT_VEHTYPE" speed="12.72" pos="140.30" lane="2/2to2/1_0" slope="0.00"/>
        <vehicle id="9" x="401.65" y="608.38" angle="177.77" type="DEFAULT_VEHTYPE" speed="8.67" pos="3.63" lane="2/3to2/4_0" slope="0.00"/>
    </timestep>
    <timestep time="760.00">
        <vehicle id="10" x="186.51" y="198.35" angle="90.00" type="DEFAULT_VEHTYPE" speed="7.37" pos="186.51" lane="0/1to1/1_0" slope="0.00"/>
        <vehicle id="12" x="478.91" y="401.65" angle="-90.00" type="DEFAULT_VEHTYPE" speed="13.74" pos="116.34" lane="3/2to2/2_0" slope="0.00"/>
        <vehicle id="13" x="534.18" y="198.35" angle="90.00" type="DEFAULT_VEHTYPE" speed="13.19" pos="129.43" lane="2/1to3/1_0" slope="0.00"/>
        <vehicle id="3" x="398.35" y="750.15" angle="0.00" type="DEFAULT_VEHTYPE" speed="13.75" pos="49.85" lane="2/4to2/3_0" slope="0.00"/>
        <vehicle id="4" x="564.62" y="401.65" angle="-90.00" type="DEFAULT_VEHTYPE" speed="13.21" pos="30.63" lane="3/2to2/2_0" slope="0.00"/>
        <vehicle id="5" x="589.52" y="198.35" angle="90.00" type="DEFAULT_VEHTYPE" speed="2.93" pos="184.77" lane="2/1to3/1_0" slope="0.00"/>
        <vehicle id="6" x="201.65" y="473.34" angle="180.00" type="DEFAULT_VEHTYPE" speed="13.03" pos="68.59" lane="1/2to1/3_0" slope="0.00"/>
        <vehicle id="7" x="203.37" y="401.65" angle="-90.00" type="DEFAULT_VEHTYPE" speed="5.72" pos="1.38" lane=":1/2_5_0" slope="0.00"/>
        <vehicle id="8" x="398.35" y="242.28" angle="0.00" type="DEFAULT_VEHTYPE" speed="12.67" pos="152.97" lane="2/2to2/1_0" slope="0.00"/>
        <vehicle id="9" x="401.65" y="618.97" angle="180.00" type="DEFAULT_VEHTYPE" speed="10.59" pos="14.22" lane="2/3to2/4_0" slope="0.00"/>
    </timestep>
    <timestep time="761.00">
        <vehicle id="10" x="190.25" y="198.35" angle="90.00" type="DEFAULT_VEHTYPE" speed="3.73" pos="190.25" lane="0/1to1/1_0" slope="0.00"/>
        <vehicle id="12" x="466.26" y="401.65" angle="-90.00" type="DEFAULT_VEHTYPE" speed="12.65" pos="128.99" lane="3/2to2/2_0" slope="0.00"/>
        <vehicle id="13" x="546.89" y="198.35" angle="90.00" type="DEFAULT_VEHTYPE" speed="12.71" pos="142.14" lane="2/1to3/1_0" slope="0.00"/>
        <vehicle id="3" x="398.35" y="736.81" angle="0.00" type="DEFAULT_VEHTYPE" speed="13.34" pos="63.19" lane="2/4to2/3_0" slope="0.00"/>
        <vehicle id="4" x="551.76" y="401.65" angle="-90.00" type="DEFAULT_VEHTYPE" speed="12.86" pos="43.49" lane="3/2to2/2_0" slope="0.00"/>
        <vehicle id="5" x="594.90" y="198.35" angle="90.00" type="DEFAULT_VEHTYPE" speed="5.38" pos="190.15" lane="2/1to3/1_0" slope="0.00"/>
        <vehicle id="6" x="201.65" y="486.46" angle="180.00" type="DEFAULT_VEHTYPE" speed="13.13" pos="81.71" lane="1/2to1/3_0" slope="0.00"/>
        <vehicle id="7" x="195.21" y="401.65" angle="-90.00" type="DEFAULT_VEHTYPE" speed="8.16" pos="0.04" lane="1/2to0/2_0" slope="0.00"/>
        <vehicle id="8" x="398.35" y="229.13" angle="0.00" type="DEFAULT_VEHTYPE" speed="13.15" pos="166.12" lane="2/2to2/1_0" slope="0.00"/>
        <vehicle id="9" x="401.65" y="632.13" angle="180.00" type="DEFAULT_VEHTYPE" speed="13.16" pos="27.38" lane="2/3to2/4_0" slope="0.00"/>
    </timestep>
    <timestep time="762.00">
        <vehicle id="10" x="196.17" y="198.22" angle="88.53" type="DEFAULT_VEHTYPE" speed="5.93" pos="0.93" lane=":1/1_12_0" slope="0.00"/>
        <vehicle id="12" x="452.47" y="401.65" angle="-90.00" type="DEFAULT_VEHTYPE" speed="13.78" pos="142.78" lane="3/2to2/2_0" slope="0.00"/>
        <vehicle id="13" x="560.11" y="198.35" angle="90.00" type="DEFAULT_VEHTYPE" speed="13.22" pos="155.36" lane="2/1to3/1_0" slope="0.00"/>
        <vehicle id="3" x="398.35" y="723.89" angle="0.00" type="DEFAULT_VEHTYPE" speed="12.92" pos="76.11" lane="2/4to2/3_0" slope="0.00"/>
        <vehicle id="4" x="538.26" y="401.65" angle="-90.00" type="DEFAULT_VEHTYPE" speed="13.49" pos="56.99" lane="3/2to2/2_0" slope="0.00"/>
        <vehicle id="5" x="600.75" y="201.12" angle="122.65" type="DEFAULT_VEHTYPE" speed="6.88" pos="6.53" lane=":3/1_14_0" slope="0.00"/>
        <vehicle id="6" x="201.65" y="499.29" angle="180.00" type="DEFAULT_VEHTYPE" speed="12.83" pos="94.54" lane="1/2to1/3_0" slope="0.00"/>
        <vehicle id="7" x="185.15" y="401.65" angle="-90.00" type="DEFAULT_VEHTYPE" speed="10.06" pos="10.10" lane="1/2to0/2_0" slope="0.00"/>
        <vehicle id="8" x="398.35" y="216.22" angle="0.00" type="DEFAULT_VEHTYPE" speed="12.92" pos="179.03" lane="2/2to2/1_0" slope="0.00"/>
        <vehicle id="9" x="401.65" y="645.74" angle="180.00" type="DEFAULT_VEHTYPE" speed="13.61" pos="40.99" lane="2/3to2/4_0" slope="0.00"/>
    </timestep>
    <timestep time="763.00">
        <vehicle id="10" x="198.35" y="191.18" angle="1.48" type="DEFAULT_VEHTYPE" speed="8.15" pos="4.07" lane="1/1to1/0_0" slope="0.00"/>
        <vehicle id="12" x="439.14" y="401.65" angle="-90.00" type="DEFAULT_VEHTYPE" speed="13.34" pos="156.11" lane="3/2to2/2_0" slope="0.00"/>
        <vehicle id="13" x="572.65" y="198.35" angle="90.00" type="DEFAULT_VEHTYPE" speed="12.54" pos="167.90" lane="2/1to3/1_0" slope="0.00"/>
        <vehicle id="3" x="398.35" y="710.34" angle="0.00" type="DEFAULT_VEHTYPE" speed="13.55" pos="89.66" lane="2/4to2/3_0" slope="0.00"/>
        <vehicle id="4" x="524.37" y="401.65" angle="-90.00" type="DEFAULT_VEHTYPE" speed="13.89" pos="70.88" lane="3/2to2/2_0" slope="0.00"/>
        <vehicle id="5" x="601.65" y="209.53" angle="179.63" type="DEFAULT_VEHTYPE" speed="8.57" pos="4.78" lane="3/1to3/2_0" slope="0.00"/>
        <vehicle id="6" x="201.65" y="512.07" angle="180.00" type="DEFAULT_VEHTYPE" speed="12.78" pos="107.32" lane="1/2to1/3_0" slope="0.00"/>
        <vehicle id="7" x="173.62" y="401.65" angle="-90.00" type="DEFAULT_VEHTYPE" speed="11.52" pos="21.63" lane="1/2to0/2_0" slope="0.00"/>
        <vehicle id="8" x="398.35" y="202.64" angle="0.00" type="DEFAULT_VEHTYPE" speed="13.58" pos="2.11" lane=":2/1_1_0" slope="0.00"/>
        <vehicle id="9" x="401.65" y="659.01" angle="180.00" type="DEFAULT_VEHTYPE" speed="13.27" pos="54.26" lane="2/3to2/4_0" slope="0.00"/>
    </timestep>
    <timestep time="764.00">
        <vehicle id="10" x="198.35" y="181.24" angle="0.00" type="DEFAULT_VEHTYPE" speed="9.94" pos="14.01" lane="1/1to1/0_0" slope="0.00"/>
        <vehicle id="12" x="426.80" y="401.65" angle="-90.00" type="DEFAULT_VEHTYPE" speed="12.33" pos="168.45" lane="3/2to2/2_0" slope="0.00"/>
        <vehicle id="13" x="581.44" y="198.35" angle="90.00" type="DEFAULT_VEHTYPE" speed="8.79" pos="176.69" lane="2/1to3/1_0" slope="0.00"/>
        <vehicle id="3" x="398.35" y="697.47" angle="0.00" type="DEFAULT_VEHTYPE" speed="12.87" pos="102.53" lane="2/4to2/3_0" slope="0.00"/>
        <vehicle id="4" x="511.64" y="401.65" angle="-90.00" type="DEFAULT_VEHTYPE" speed="12.74" pos="83.61" lane="3/2to2/2_0" slope="0.00"/>
        <vehicle id="5" x="601.65" y="220.13" angle="180.00" type="DEFAULT_VEHTYPE" speed="10.61" pos="15.38" lane="3/1to3/2_0" slope="0.00"/>
        <vehicle id="6" x="201.65" y="524.68" angle="180.00" type="DEFAULT_VEHTYPE" speed="12.61" pos="119.93" lane="1/2to1/3_0" slope="0.00"/>
        <vehicle id="7" x="160.99" y="401.65" angle="-90.00" type="DEFAULT_VEHTYPE" speed="12.63" pos="34.26" lane="1/2to0/2_0" slope="0.00"/>
        <vehicle id="8" x="398.35" y="189.82" angle="0.00" type="DEFAULT_VEHTYPE" speed="12.82" pos="5.43" lane="2/1to2/0_0" slope="0.00"/>
        <vehicle id="9" x="401.65" y="672.17" angle="180.00" type="DEFAULT_VEHTYPE" speed="13.16" pos="67.42" lane="2/3to2/4_0" slope="0.00"/>
    </timestep>
    <timestep time="765.00">
        <vehicle id="10" x="198.35" y="169.57" angle="0.00" type="DEFAULT_VEHTYPE" speed="11.67" pos="25.68" lane="1/1to1/0_0" slope="0.00"/>
        <vehicle id="12" x="418.06" y="401.65" angle="-90.00" type="DEFAULT_VEHTYPE" speed="8.74" pos="177.19" lane="3/2to2/2_0" slope="0.00"/>
        <vehicle id="13" x="586.76" y="198.35" angle="90.00" type="DEFAULT_VEHTYPE" speed="5.33" pos="182.01" lane="2/1to3/1_0" slope="0.00"/>
        <vehicle id="3" x="398.35" y="684.60" angle="0.00" type="DEFAULT_VEHTYPE" speed="12.88" pos="115.40" lane="2/4to2/3_0" slope="0.00"/>
        <vehicle id="4" x="497.84" y="401.65" angle="-90.00" type="DEFAULT_VEHTYPE" speed="13.80" pos="97.41" lane="3/2to2/2_0" slope="0.00"/>
        <vehicle id="5" x="601.65" y="232.10" angle="180.00" type="DEFAULT_VEHTYPE" speed="11.97" pos="27.35" lane="3/1to3/2_0" slope="0.00"/>
        <vehicle id="6" x="201.65" y="538.50" angle="180.00" type="DEFAULT_VEHTYPE" speed="13.82" pos="133.75" lane="1/2to1/3_0" slope="0.00"/>
        <vehicle id="7" x="147.98" y="401.65" angle="-90.00" type="DEFAULT_VEHTYPE" speed="13.01" pos="47.27" lane="1/2to0/2_0" slope="0.00"/>
        <vehicle id="8" x="398.35" y="177.03" angle="0.00" type="DEFAULT_VEHTYPE" speed="12.79" pos="18.22" lane="2/1to2/0_0" slope="0.00"/>
        <vehicle id="9" x="401.65" y="684.84" angle="180.00" type="DEFAULT_VEHTYPE" speed="12.67" pos="80.09" lane="2/3to2/4_0" slope="0.00"/>
    </timestep>
    <timestep time="766.00">
        <vehicle id="10" x="198.35" y="156.81" angle="0.00" type="DEFAULT_VEHTYPE" speed="12.76" pos="38.44" lane="1/1to1/0_0" slope="0.00"/>
        <vehicle id="12" x="412.74" y="401.65" angle="-90.00" type="DEFAULT_VEHTYPE" speed="5.32" pos="182.51" lane="3/2to2/2_0" slope="0.00"/>
        <vehicle id="13" x="590.46" y="198.35" angle="90.00" type="DEFAULT_VEHTYPE" speed="3.70" pos="185.71" lane="2/1to3/1_0" slope="0.00"/>
        <vehicle id="3" x="398.35" y="671.34" angle="0.00" type="DEFAULT_VEHTYPE" speed="13.25" pos="128.66" lane="2/4to2/3_0" slope="0.00"/>
        <vehicle id="4" x="484.40" y="401.65" angle="-90.00" type="DEFAULT_VEHTYPE" speed="13.44" pos="110.85" lane="3/2to2/2_0" slope="0.00"/>
        <vehicle id="5" x="601.65" y="245.92" angle="180.00" type="DEFAULT_VEHTYPE" speed="13.82" pos="41.17" lane="3/1to3/2_0" slope="0.00"/>
        <vehicle id="6" x="201.65" y="551.67" angle="180.00" type="DEFAULT_VEHTYPE" speed="13.17" pos="146.92" lane="1/2to1/3_0" slope="0.00"/>
        <vehicle id="7" x="134.79" y="401.65" angle="-90.00" type="DEFAULT_VEHTYPE" speed="13.19" pos="60.46" lane="1/2to0/2_0" slope="0.00"/>
        <vehicle id="8" x="398.35" y="163.23" angle="0.00" type="DEFAULT_VEHTYPE" speed="13.80" pos="32.02" lane="2/1to2/0_0" slope="0.00"/>
        <vehicle id="9" x="401.65" y="698.74" angle="180.00" type="DEFAULT_VEHTYPE" speed="13.90" pos="93.99" lane="2/3to2/4_0" slope="0.00"/>
    </timestep>
    <timestep time="767.00">
        <vehicle id="10" x="198.35" y="144.17" angle="0.00" type="DEFAULT_VEHTYPE" speed="12.64" pos="51.08" lane="1/1to1/0_0" slope="0.00"/>
        <vehicle id="12" x="409.98" y="401.65" angle="-90.00" type="DEFAULT_VEHTYPE" speed="2.76" pos="185.27" lane="3/2to2/2_0" slope="0.00"/>
        <vehicle id="13" x="596.17" y="198.48" angle="91.50" type="DEFAULT_VEHTYPE" speed="5.71" pos="0.92" lane=":3/1_14_0" slope="0.00"/>
        <vehicle id="3" x="398.35" y="658.33" angle="0.00" type="DEFAULT_VEHTYPE" speed="13.01" pos="141.67" lane="2/4to2/3_0" slope="0.00"/>
        <vehicle id="4" x="471.57" y="401.65" angle="-90.00" type="DEFAULT_VEHTYPE" speed="12.84" pos="123.68" lane="3/2to2/2_0" slope="0.00"/>
        <vehicle id="5" x="601.65" y="259.64" angle="180.00" type="DEFAULT_VEHTYPE" speed="13.73" pos="54.89" lane="3/1to3/2_0" slope="0.00"/>
        <vehicle id="6" x="201.65" y="564.82" angle="180.00" type="DEFAULT_VEHTYPE" speed="13.15" pos="160.07" lane="1/2to1/3_0" slope="0.00"/>
        <vehicle id="7" x="121.40" y="401.65" angle="-90.00" type="DEFAULT_VEHTYPE" speed="13.39" pos="73.85" lane="1/2to0/2_0" slope="0.00"/>
        <vehicle id="8" x="398.35" y="149.63" angle="0.00" type="DEFAULT_VEHTYPE" speed="13.60" pos="45.62" lane="2/1to2/0_0" slope="0.00"/>
        <vehicle id="9" x="401.65" y="712.43" angle="180.00" type="DEFAULT_VEHTYPE" speed="13.69" pos="107.68" lane="2/3to2/4_0" slope="0.00"/>
    </timestep>
    <timestep time="768.00">
        <vehicle id="10" x="198.35" y="130.32" angle="0.00" type="DEFAULT_VEHTYPE" speed="13.85" pos="64.93" lane="1/1to1/0_0" slope="0.00"/>
        <vehicle id="12" x="404.78" y="401.65" angle="-90.00" type="DEFAULT_VEHTYPE" speed="5.20" pos="190.47" lane="3/2to2/2_0" slope="0.00"/>
        <vehicle id="13" x="601.43" y="203.24" angle="147.34" type="DEFAULT_VEHTYPE" speed="7.87" pos="8.79" lane=":3/1_14_0" slope="0.00"/>
        <vehicle id="3" x="398.35" y="644.91" angle="0.00" type="DEFAULT_VEHTYPE" speed="13.42" pos="155.09" lane="2/4to2/3_0" slope="0.00"/>
        <vehicle id="4" x="457.89" y="401.65" angle="-90.00" type="DEFAULT_VEHTYPE" speed="13.67" pos="137.36" lane="3/2to2/2_0" slope="0.00"/>
        <vehicle id="5" x="601.65" y="272.64" angle="180.00" type="DEFAULT_VEHTYPE" speed="13.00" pos="67.89" lane="3/1to3/2_0" slope="0.00"/>
        <vehicle id="6" x="201.65" y="578.11" angle="180.00" type="DEFAULT_VEHTYPE" speed="13.29" pos="173.36" lane="1/2to1/3_0" slope="0.00"/>
        <vehicle id="7" x="108.60" y="401.65" angle="-90.00" type="DEFAULT_VEHTYPE" speed="12.80" pos="86.65" lane="1/2to0/2_0" slope="0.00"/>
        <vehicle id="8" x="398.35" y="136.00" angle="0.00" type="DEFAULT_VEHTYPE" speed="13.63" pos="59.25" lane="2/1to2/0_0" slope="0.00"/>
        <vehicle id="9" x="401.65" y="725.78" angle="180.00" type="DEFAULT_VEHTYPE" speed="13.35" pos="121.03" lane="2/3to2/4_0" slope="0.00"/>
    </timestep>
    <timestep time="769.00">
        <vehicle id="10" x="198.35" y="117.25" angle="0.00" type="DEFAULT_VEHTYPE" speed="13.07" pos="78.00" lane="1/1to1/0_0" slope="0.00"/>
        <vehicle id="12" x="398.88" y="398.27" angle="-50.03" type="DEFAULT_VEHTYPE" speed="7.26" pos="7.24" lane=":2/2_6_0" slope="0.00"/>
        <vehicle id="13" x="601.65" y="212.86" angle="180.00" type="DEFAULT_VEHTYPE" speed="9.63" pos="8.11" lane="3/1to3/2_0" slope="0.00"/>
        <vehicle id="3" x="398.35" y="631.61" angle="0.00" type="DEFAULT_VEHTYPE" speed="13.30" pos="168.39" lane="2/4to2/3_0" slope="0.00"/>
        <vehicle id="4" x="444.41" y="401.65" angle="-90.00" type="DEFAULT_VEHTYPE" speed="13.48" pos="150.84" lane="3/2to2/2_0" slope="0.00"/>
        <vehicle id="5" x="601.65" y="286.22" angle="180.00" type="DEFAULT_VEHTYPE" speed="13.58" pos="81.47" lane="3/1to3/2_0" slope="0.00"/>
        <vehicle id="6" x="201.65" y="591.44" angle="180.00" type="DEFAULT_VEHTYPE" speed="13.34" pos="186.69" lane="1/2to1/3_0" slope="0.00"/>
        <vehicle id="7" x="94.73" y="401.65" angle="-90.00" type="DEFAULT_VEHTYPE" speed="13.87" pos="100.52" lane="1/2to0/2_0" slope="0.00"/>
        <vehicle id="8" x="398.35" y="122.59" angle="0.00" type="DEFAULT_VEHTYPE" speed="13.41" pos="72.66" lane="2/1to2/0_0" slope="0.00"/>
        <vehicle id="9" x="401.65" y="739.36" angle="180.00" type="DEFAULT_VEHTYPE" speed="13.58" pos="134.61" lane="2/3to2/4_0" slope="0.00"/>
    </timestep>
    <timestep time="770.00">
        <vehicle id="10" x="198.35" y="103.56" angle="0.00" type="DEFAULT_VEHTYPE" speed="13.70" pos="91.69" lane="1/1to1/0_0" slope="0.00"/>
        <vehicle id="12" x="398.35" y="388.76" angle="0.00" type="DEFAULT_VEHTYPE" speed="9.57" pos="6.49" lane="2/2to2/1_0" slope="0.00"/>
        <vehicle id="13" x="601.65" y="224.34" angle="180.00" type="DEFAULT_VEHTYPE" speed="11.49" pos="19.59" lane="3/1to3/2_0" slope="0.00"/>
        <vehicle id="3" x="398.35" y="618.27" angle="0.00" type="DEFAULT_VEHTYPE" speed="13.33" pos="181.73" lane="2/4to2/3_0" slope="0.00"/>
        <vehicle id="4" x="430.72" y="401.65" angle="-90.00" type="DEFAULT_VEHTYPE" speed="13.69" pos="164.53" lane="3/2to2/2_0" slope="0.00"/>
        <vehicle id="5" x="601.65" y="299.62" angle="180.00" type="DEFAULT_VEHTYPE" speed="13.40" pos="94.87" lane="3/1to3/2_0" slope="0.00"/>
        <vehicle id="6" x="209.57" y="598.35" angle="90.29" type="DEFAULT_VEHTYPE" speed="13.63" pos="4.82" lane="1/3to2/3_0" slope="0.00"/>
        <vehicle id="7" x="81.60" y="401.65" angle="-90.00" type="DEFAULT_VEHTYPE" speed="13.13" pos="113.65" lane="1/2to0/2_0" slope="0.00"/>
        <vehicle id="8" x="398.35" y="109.63" angle="0.00" type="DEFAULT_VEHTYPE" speed="12.96" pos="85.62" lane="2/1to2/0_0" slope="0.00"/>
        <vehicle id="9" x="401.65" y="751.97" angle="180.00" type="DEFAULT_VEHTYPE" speed="12.62" pos="147.22" lane="2/3to2/4_0" slope="0.00"/>
    </timestep>
    <timestep time="771.00">
        <vehicle id="10" x="198.35" y="89.70" angle="0.00" type="DEFAULT_VEHTYPE" speed="13.86" pos="105.55" lane="1/1to1/0_0" slope="0.00"/>
        <vehicle id="12" x="398.35" y="377.18" angle="0.00" type="DEFAULT_VEHTYPE" speed="11.58" pos="18.07" lane="2/2to2/1_0" slope="0.00"/>
        <vehicle id="13" x="601.65" y="237.42" angle="180.00" type="DEFAULT_VEHTYPE" speed="13.07" pos="32.67" lane="3/1to3/2_0" slope="0.00"/>
        <vehicle id="3" x="398.35" y="604.99" angle="0.00" type="DEFAULT_VEHTYPE" speed="13.29" pos="195.01" lane="2/4to2/3_0" slope="0.00"/>
        <vehicle id="4" x="420.47" y="401.65" angle="-90.00" type="DEFAULT_VEHTYPE" speed="10.26" pos="174.78" lane="3/2to2/2_0" slope="0.00"/>
        <vehicle id="5" x="601.65" y="313.42" angle="180.00" type="DEFAULT_VEHTYPE" speed="13.81" pos="108.67" lane="3/1to3/2_0" slope="0.00"/>
        <vehicle id="6" x="223.22" y="598.35" angle="90.00" type="DEFAULT_VEHTYPE" speed="13.65" pos="18.47" lane="1/3to2/3_0" slope="0.00"/>
        <vehicle id="7" x="68.02" y="401.65" angle="-90.00" type="DEFAULT_VEHTYPE" speed="13.58" pos="127.23" lane="1/2to0/2_0" slope="0.00"/>
        <vehicle id="8" x="398.35" y="96.12" angle="0.00" type="DEFAULT_VEHTYPE" speed="13.51" pos="99.13" lane="2/1to2/0_0" slope="0.00"/>
        <vehicle id="9" x="401.65" y="765.39" angle="180.00" type="DEFAULT_VEHTYPE" speed="13.41" pos="160.64" lane="2/3to2/4_0" slope="0.00"/>
    </timestep>
    <timestep time="772.00">
        <vehicle id="10" x="198.35" y="76.95" angle="0.00" type="DEFAULT_VEHTYPE" speed="12.75" pos="118.30" lane="1/1to1/0_0" slope="0.00"/>
        <vehicle id="12" x="398.35" y="363.92" angle="0.00" type="DEFAULT_VEHTYPE" speed="13.26" pos="31.33" lane="2/2to2/1_0" slope="0.00"/>
        <vehicle id="13" x="601.65" y="250.46" angle="180.00" type="DEFAULT_VEHTYPE" speed="13.05" pos="45.71" lane="3/1to3/2_0" slope="0.00"/>
        <vehicle id="3" x="398.35" y="591.34" angle="0.00" type="DEFAULT_VEHTYPE" speed="13.64" pos="3.91" lane="2/3to2/2_0" slope="0.00"/>
        <vehicle id="4" x="413.79" y="401.65" angle="-90.00" type="DEFAULT_VEHTYPE" speed="6.67" pos="181.46" lane="3/2to2/2_0" slope="0.00"/>
        <vehicle id="5" x="601.65" y="327.14" angle="180.00" type="DEFAULT_VEHTYPE" speed="13.71" pos="122.39" lane="3/1to3/2_0" slope="0.00"/>
        <vehicle id="6" x="237.02" y="598.35" angle="90.00" type="DEFAULT_VEHTYPE" speed="13.80" pos="32.27" lane="1/3to2/3_0" slope="0.00"/>
        <vehicle id="7" x="54.56" y="401.65" angle="-90.00" type="DEFAULT_VEHTYPE" speed="13.46" pos="140.69" lane="1/2to0/2_0" slope="0.00"/>
        <vehicle id="8" x="398.35" y="82.72" angle="0.00" type="DEFAULT_VEHTYPE" speed="13.40" pos="112.53" lane="2/1to2/0_0" slope="0.00"/>
        <vehicle id="9" x="401.65" y="778.54" angle="180.00" type="DEFAULT_VEHTYPE" speed="13.15" pos="173.79" lane="2/3to2/4_0" slope="0.00"/>
    </timestep>
    <timestep time="773.00">
        <vehicle id="10" x="198.35" y="63.09" angle="0.00" type="DEFAULT_VEHTYPE" speed="13.86" pos="132.16" lane="1/1to1/0_0" slope="0.00"/>
        <vehicle id="12" x="398.35" y="351.12" angle="0.00" type="DEFAULT_VEHTYPE" speed="12.80" pos="44.13" lane="2/2to2/1_0" slope="0.00"/>
        <vehicle id="13" x="601.65" y="263.07" angle="180.00" type="DEFAULT_VEHTYPE" speed="12.61" pos="58.32" lane="3/1to3/2_0" slope="0.00"/>
        <vehicle id="3" x="398.35" y="578.38" angle="0.00" type="DEFAULT_VEHTYPE" speed="12.96" pos="16.87" lane="2/3to2/2_0" slope="0.00"/>
        <vehicle id="4" x="410.60" y="401.65" angle="-90.00" type="DEFAULT_VEHTYPE" speed="3.19" pos="184.65" lane="3/2to2/2_0" slope="0.00"/>
        <vehicle id="5" x="601.65" y="340.49" angle="180.00" type="DEFAULT_VEHTYPE" speed="13.35" pos="135.74" lane="3/1to3/2_0" slope="0.00"/>
        <vehicle id="6" x="250.63" y="598.35" angle="90.00" type="DEFAULT_VEHTYPE" speed="13.61" pos="45.88" lane="1/3to2/3_0" slope="0.00"/>
        <vehicle id="7" x="41.86" y="401.65" angle="-90.00" type="DEFAULT_VEHTYPE" speed="12.70" pos="153.39" lane="1/2to0/2_0" slope="0.00"/>
        <vehicle id="8" x="398.35" y="69.63" angle="0.00" type="DEFAULT_VEHTYPE" speed="13.08" pos="125.62" lane="2/1to2/0_0" slope="0.00"/>
        <vehicle id="9" x="401.65" y="791.90" angle="180.00" type="DEFAULT_VEHTYPE" speed="13.36" pos="187.15" lane="2/3to2/4_0" slope="0.00"/>
    </timestep>
    <timestep time="774.00">
        <vehicle id="10" x="198.35" y="49.45" angle="0.00" type="DEFAULT_VEHTYPE" speed="13.65" pos="145.80" lane="1/1to1/0_0" slope="0.00"/>
        <vehicle id="12" x="398.35" y="337.51" angle="0.00" type="DEFAULT_VEHTYPE" speed="13.61" pos="57.74" lane="2/2to2/1_0" slope="0.00"/>
        <vehicle id="13" x="601.65" y="276.54" angle="180.00" type="DEFAULT_VEHTYPE" speed="13.47" pos="71.79" lane="3/1to3/2_0" slope="0.00"/>
        <vehicle id="3" x="398.35" y="565.01" angle="0.00" type="DEFAULT_VEHTYPE" speed="13.37" pos="30.24" lane="2/3to2/2_0" slope="0.00"/>
        <vehicle id="4" x="405.93" y="401.65" angle="-90.00" type="DEFAULT_VEHTYPE" speed="4.67" pos="189.32" lane="3/2to2/2_0" slope="0.00"/>
        <vehicle id="5" x="601.65" y="353.45" angle="180.00" type="DEFAULT_VEHTYPE" speed="12.97" pos="148.70" lane="3/1to3/2_0" slope="0.00"/>
        <vehicle id="6" x="263.55" y="598.35" angle="90.00" type="DEFAULT_VEHTYPE" speed="12.92" pos="58.80" lane="1/3to2/3_0" slope="0.00"/>
        <vehicle id="7" x="28.69" y="401.65" angle="-90.00" type="DEFAULT_VEHTYPE" speed="13.17" pos="166.56" lane="1/2to0/2_0" slope="0.00"/>
        <vehicle id="8" x="398.35" y="55.91" angle="0.00" type="DEFAULT_VEHTYPE" speed="13.72" pos="139.34" lane="2/1to2/0_0" slope="0.00"/>
        <vehicle id="9" x="398.35" y="799.88" angle="-88.98" type="DEFAULT_VEHTYPE" speed="13.04" pos="0.12" lane="2/4to2/3_0" slope="0.00"/>
    </timestep>
    <timestep time="775.00">
        <vehicle id="10" x="198.35" y="36.05" angle="0.00" type="DEFAULT_VEHTYPE" speed="13.40" pos="159.20" lane="1/1to1/0_0" slope="0.00"/>
        <vehicle id="12" x="398.35" y="324.42" angle="0.00" type="DEFAULT_VEHTYPE" speed="13.10" pos="70.83" lane="2/2to2/1_0" slope="0.00"/>
        <vehicle id="13" x="601.65" y="289.50" angle="180.00" type="DEFAULT_VEHTYPE" speed="12.96" pos="84.75" lane="3/1to3/2_0" slope="0.00"/>
        <vehicle id="3" x="398.35" y="551.98" angle="0.00" type="DEFAULT_VEHTYPE" speed="13.03" pos="43.27" lane="2/3to2/2_0" slope="0.00"/>
        <vehicle id="4" x="399.87" y="399.92" angle="-69.78" type="DEFAULT_VEHTYPE" speed="6.49" pos="5.31" lane=":2/2_6_0" slope="0.00"/>
        <vehicle id="5" x="601.65" y="366.48" angle="180.00" type="DEFAULT_VEHTYPE" speed="13.03" pos="161.73" lane="3/1to3/2_0" slope="0.00"/>
        <vehicle id="6" x="276.81" y="598.35" angle="90.00" type="DEFAULT_VEHTYPE" speed="13.25" pos="72.06" lane="1/3to2/3_0" slope="0.00"/>
        <vehicle id="7" x="15.04" y="401.65" angle="-90.00" type="DEFAULT_VEHTYPE" speed="13.65" pos="180.21" lane="1/2to0/2_0" slope="0.00"/>
        <vehicle id="8" x="398.35" y="42.88" angle="0.00" type="DEFAULT_VEHTYPE" speed="13.04" pos="152.37" lane="2/1to2/0_0" slope="0.00"/>
        <vehicle id="9" x="398.35" y="786.38" angle="0.00" type="DEFAULT_VEHTYPE" speed="13.50" pos="13.62" lane="2/4to2/3_0" slope="0.00"/>
    </timestep>
    <timestep time="776.00">
        <vehicle id="10" x="198.35" y="23.25" angle="0.00" type="DEFAULT_VEHTYPE" speed="12.80" pos="172.00" lane="1/1to1/0_0" slope="0.00"/>
        <vehicle id="12" x="398.35" y="311.10" angle="0.00" type="DEFAULT_VEHTYPE" speed="13.32" pos="84.15" lane="2/2to2/1_0" slope="0.00"/>
        <vehicle id="13" x="601.65" y="303.31" angle="180.00" type="DEFAULT_VEHTYPE" speed="13.81" pos="98.56" lane="3/1to3/2_0" slope="0.00"/>
        <vehicle id="3" x="398.35" y="539.22" angle="0.00" type="DEFAULT_VEHTYPE" speed="12.76" pos="56.03" lane="2/3to2/2_0" slope="0.00"/>
        <vehicle id="4" x="398.35" y="391.58" angle="-2.17" type="DEFAULT_VEHTYPE" speed="8.68" pos="3.67" lane="2/2to2/1_0" slope="0.00"/>
        <vehicle id="5" x="601.65" y="380.02" angle="180.00" type="DEFAULT_VEHTYPE" speed="13.54" pos="175.27" lane="3/1to3/2_0" slope="0.00"/>
        <vehicle id="6" x="290.60" y="598.35" angle="90.00" type="DEFAULT_VEHTYPE" speed="13.80" pos="85.85" lane="1/3to2/3_0" slope="0.00"/>
        <vehicle id="7" x="1.35" y="401.65" angle="-90.00" type="DEFAULT_VEHTYPE" speed="13.69" pos="193.90" lane="1/2to0/2_0" slope="0.00"/>
        <vehicle id="8" x="398.35" y="30.15" angle="0.00" type="DEFAULT_VEHTYPE" speed="12.73" pos="165.10" lane="2/1to2/0_0" slope="0.00"/>
        <vehicle id="9" x="398.35" y="773.40" angle="0.00" type="DEFAULT_VEHTYPE" speed="12.98" pos="26.60" lane="2/4to2/3_0" slope="0.00"/>
    </timestep>
    <timestep time="777.00">
        <vehicle id="10" x="198.35" y="10.64" angle="0.00" type="DEFAULT_VEHTYPE" speed="12.61" pos="184.61" lane="1/1to1/0_0" slope="0.00"/>
        <vehicle id="12" x="398.35" y="297.58" angle="0.00" type="DEFAULT_VEHTYPE" speed="13.51" pos="97.67" lane="2/2to2/1_0" slope="0.00"/>
        <vehicle id="13" x="601.65" y="316.76" angle="180.00" type="DEFAULT_VEHTYPE" speed="13.45" pos="112.01" lane="3/1to3/2_0" slope="0.00"/>
        <vehicle id="3" x="398.35" y="525.71" angle="0.00" type="DEFAULT_VEHTYPE" speed="13.51" pos="69.54" lane="2/3to2/2_0" slope="0.00"/>
        <vehicle id="4" x="398.35" y="380.54" angle="0.00" type="DEFAULT_VEHTYPE" speed="11.04" pos="14.71" lane="2/2to2/1_0" slope="0.00"/>
        <vehicle id="5" x="601.65" y="393.37" angle="180.00" type="DEFAULT_VEHTYPE" speed="13.35" pos="188.62" lane="3/1to3/2_0" slope="0.00"/>
        <vehicle id="6" x="303.25" y="598.35" angle="90.00" type="DEFAULT_VEHTYPE" speed="12.65" pos="98.50" lane="1/3to2/3_0" slope="0.00"/>
        <vehicle id="7" x="7.31" y="398.35" angle="90.00" type="DEFAULT_VEHTYPE" speed="13.48" pos="7.31" lane="0/2to1/2_0" slope="0.00"/>
        <vehicle id="8" x="398.35" y="17.48" angle="0.00" type="DEFAULT_VEHTYPE" speed="12.67" pos="177.77" lane="2/1to2/0_0" slope="0.00"/>
        <vehicle id="9" x="398.35" y="759.85" angle="0.00" type="DEFAULT_VEHTYPE" speed="13.54" pos="40.15" lane="2/4to2/3_0" slope="0.00"/>
    </timestep>
    <timestep time="778.00">
        <vehicle id="10" x="200.64" y="-1.33" angle="35.48" type="DEFAULT_VEHTYPE" speed="13.76" pos="3.12" lane=":1/0_0_0" slope="0.00"/>
        <vehicle id="12" x="398.35" y="284.75" angle="0.00" type="DEFAULT_VEHTYPE" speed="12.84" pos="110.50" lane="2/2to2/1_0" slope="0.00"/>
        <vehicle id="13" x="601.65" y="329.66" angle="180.00" type="DEFAULT_VEHTYPE" speed="12.90" pos="124.91" lane="3/1to3/2_0" slope="0.00"/>
        <vehicle id="3" x="398.35" y="512.81" angle="0.00" type="DEFAULT_VEHTYPE" speed="12.90" pos="82.44" lane="2/3to2/2_0" slope="0.00"/>
        <vehicle id="4" x="398.35" y="367.31" angle="0.00" type="DEFAULT_VEHTYPE" speed="13.23" pos="27.94" lane="2/2to2/1_0" slope="0.00"/>
        <vehicle id="5" x="601.65" y="407.05" angle="180.00" type="DEFAULT_VEHTYPE" speed="13.68" pos="2.30" lane="3/2to3/3_0" slope="0.00"/>
        <vehicle id="6" x="316.58" y="598.35" angle="90.00" type="DEFAULT_VEHTYPE" speed="13.33" pos="111.83" lane="1/3to2/3_0" slope="0.00"/>
        <vehicle id="7" x="20.04" y="398.35" angle="90.00" type="DEFAULT_VEHTYPE" speed="12.72" pos="20.04" lane="0/2to1/2_0" slope="0.00"/>
        <vehicle id="8" x="398.35" y="4.55" angle="0.00" type="DEFAULT_VEHTYPE" speed="12.92" pos="190.70" lane="2/1to2/0_0" slope="0.00"/>
        <vehicle id="9" x="398.35" y="746.62" angle="0.00" type="DEFAULT_VEHTYPE" speed="13.24" pos="53.38" lane="2/4to2/3_0" slope="0.00"/>
    </timestep>
    <timestep time="779.00">
        <vehicle id="10" x="201.65" y="11.69" angle="180.00" type="DEFAULT_VEHTYPE" speed="13.39" pos="11.69" lane="1/0to1/1_0" slope="0.00"/>
        <vehicle id="12" x="398.35" y="271.21" angle="0.00" type="DEFAULT_VEHTYPE" speed="13.54" pos="124.04" lane="2/2to2/1_0" slope="0.00"/>
        <vehicle id="13" x="601.65" y="343.03" angle="180.00" type="DEFAULT_VEHTYPE" speed="13.37" pos="138.28" lane="3/1to3/2_0" slope="0.00"/>
        <vehicle id="3" x="398.35" y="499.82" angle="0.00" type="DEFAULT_VEHTYPE" speed="12.99" pos="95.43" lane="2/3to2/2_0" slope="0.00"/>
        <vehicle id="4" x="398.35" y="354.67" angle="0.00" type="DEFAULT_VEHTYPE" speed="12.65" pos="40.58" lane="2/2to2/1_0" slope="0.00"/>
        <vehicle id="5" x="601.65" y="420.09" angle="180.00" type="DEFAULT_VEHTYPE" speed="13.04" pos="15.34" lane="3/2to3/3_0" slope="0.00"/>
        <vehicle id="6" x="329.59" y="598.35" angle="90.00" type="DEFAULT_VEHTYPE" speed="13.01" pos="124.84" lane="1/3to2/3_0" slope="0.00"/>
        <vehicle id="7" x="33.46" y="398.35" angle="90.00" type="DEFAULT_VEHTYPE" speed="13.43" pos="33.46" lane="0/2to1/2_0" slope="0.00"/>
        <vehicle id="8" x="401.65" y="4.08" angle="173.94" type="DEFAULT_VEHTYPE" speed="13.45" pos="4.08" lane="2/0to2/1_0" slope="0.00"/>
        <vehicle id="9" x="398.35" y="733.29" angle="0.00" type="DEFAULT_VEHTYPE" speed="13.32" pos="66.71" lane="2/4to2/3_0" slope="0.00"/>
    </timestep>
    <timestep time="780.00">
        <vehicle id="10" x="201.65" y="24.43" angle="180.00" type="DEFAULT_VEHTYPE" speed="12.74" pos="24.43" lane="1/0to1/1_0" slope="0.00"/>
        <vehicle id="12" x="398.35" y="258.58" angle="0.00" type="DEFAULT_VEHTYPE" speed="12.64" pos="136.67" lane="2/2to2/1_0" slope="0.00"/>
        <vehicle id="13" x="601.65" y="356.70" angle="180.00" type="DEFAULT_VEHTYPE" speed="13.68" pos="151.95" lane="3/1to3/2_0" slope="0.00"/>
        <vehicle id="3" x="398.35" y="486.58" angle="0.00" type="DEFAULT_VEHTYPE" speed="13.24" pos="108.67" lane="2/3to2/2_0" slope="0.00"/>
        <vehicle id="4" x="398.35" y="341.15" angle="0.00" type="DEFAULT_VEHTYPE" speed="13.52" pos="54.10" lane="2/2to2/1_0" slope="0.00"/>
        <vehicle id="5" x="601.65" y="433.09" angle="180.00" type="DEFAULT_VEHTYPE" speed="13.00" pos="28.34" lane="3/2to3/3_0" slope="0.00"/>
        <vehicle id="6" x="343.24" y="598.35" angle="90.00" type="DEFAULT_VEHTYPE" speed="13.65" pos="138.49" lane="1/3to2/3_0" slope="0.00"/>
        <vehicle id="7" x="46.78" y="398.35" angle="90.00" type="DEFAULT_VEHTYPE" speed="13.32" pos="46.78" lane="0/2to1/2_0" slope="0.00"/>
        <vehicle id="8" x="401.65" y="17.97" angle="180.00" type="DEFAULT_VEHTYPE" speed="13.89" pos="17.97" lane="2/0to2/1_0" slope="0.00"/>
        <vehicle id="9" x="398.35" y="719.87" angle="0.00" type="DEFAULT_VEHTYPE" speed="13.42" pos="80.13" lane="2/4to2/3_0" slope="0.00"/>
    </timestep>
    <timestep time="781.00">
        <vehicle id="10" x="201.65" y="37.29" angle="180.00" type="DEFAULT_VEHTYPE" speed="12.87" pos="37.29" lane="1/0to1/1_0" slope="0.00"/>
        <vehicle id="12" x="398.35" y="245.25" angle="0.00" type="DEFAULT_VEHTYPE" speed="13.33" pos="150.00" lane="2/2to2/1_0" slope="0.00"/>
        <vehicle id="13" x="601.65" y="369.60" angle="180.00" type="DEFAULT_VEHTYPE" speed="12.90" pos="164.85" lane="3/1to3/2_0" slope="0.00"/>
        <vehicle id="3" x="398.35" y="473.82" angle="0.00" type="DEFAULT_VEHTYPE" speed="12.76" pos="121.43" lane="2/3to2/2_0" slope="0.00"/>
        <vehicle id="4" x="398.35" y="328.10" angle="0.00" type="DEFAULT_VEHTYPE" speed="13.05" pos="67.15" lane="2/2to2/1_0" slope="0.00"/>
        <vehicle id="5" x="601.65" y="445.78" angle="180.00" type="DEFAULT_VEHTYPE" speed="12.69" pos="41.03" lane="3/2to3/3_0" slope="0.00"/>
        <vehicle id="6" x="355.86" y="598.35" angle="90.00" type="DEFAULT_VEHTYPE" speed="12.62" pos="151.11" lane="1/3to2/3_0" slope="0.00"/>
        <vehicle id="7" x="59.84" y="398.35" angle="90.00" type="DEFAULT_VEHTYPE" speed="13.06" pos="59.84" lane="0/2to1/2_0" slope="0.00"/>
        <vehicle id="8" x="401.65" y="30.98" angle="180.00" type="DEFAULT_VEHTYPE" speed="13.01" pos="30.98" lane="2/0to2/1_0" slope="0.00"/>
        <vehicle id="9" x="398.35" y="706.89" angle="0.00" type="DEFAULT_VEHTYPE" speed="12.98" pos="93.11" lane="2/4to2/3_0" slope="0.00"/>
    </timestep>
    <timestep time="782.00">
        <vehicle id="10" x="201.65" y="49.90" angle="180.00" type="DEFAULT_VEHTYPE" speed="12.61" pos="49.90" lane="1/0to1/1_0" slope="0.00"/>
        <vehicle id="12" x="398.35" y="232.13" angle="0.00" type="DEFAULT_VEHTYPE" speed="13.12" pos="163.12" lane="2/2to2/1_0" slope="0.00"/>
        <vehicle id="13" x="601.65" y="382.66" angle="180.00" type="DEFAULT_VEHTYPE" speed="13.05" pos="177.91" lane="3/1to3/2_0" slope="0.00"/>
        <vehicle id="3" x="398.35" y="460.63" angle="0.00" type="DEFAULT_VEHTYPE" speed="13.19" pos="134.62" lane="2/3to2/2_0" slope="0.00"/>
        <vehicle id="4" x="398.35" y="314.38" angle="0.00" type="DEFAULT_VEHTYPE" speed="13.72" pos="80.87" lane="2/2to2/1_0" slope="0.00"/>
        <vehicle id="5" x="601.65" y="458.60" angle="180.00" type="DEFAULT_VEHTYPE" speed="12.82" pos="53.85" lane="3/2to3/3_0" slope="0.00"/>
        <vehicle id="6" x="369.25" y="598.35" angle="90.00" type="DEFAULT_VEHTYPE" speed="13.39" pos="164.50" lane="1/3to2/3_0" slope="0.00"/>
        <vehicle id="7" x="73.00" y="398.35" angle="90.00" type="DEFAULT_VEHTYPE" speed="13.16" pos="73.00" lane="0/2to1/2_0" slope="0.00"/>
        <vehicle id="8" x="401.65" y="43.91" angle="180.00" type="DEFAULT_VEHTYPE" speed="12.93" pos="43.91" lane="2/0to2/1_0" slope="0.00"/>
        <vehicle id="9" x="398.35" y="693.43" angle="0.00" type="DEFAULT_VEHTYPE" speed="13.46" pos="106.57" lane="2/4to2/3_0" slope="0.00"/>
    </timestep>
    <timestep time="783.00">
        <vehicle id="10" x="201.65" y="62.55" angle="180.00" type="DEFAULT_VEHTYPE" speed="12.65" pos="62.55" lane="1/0to1/1_0" slope="0.00"/>
        <vehicle id="12" x="398.35" y="219.11" angle="0.00" type="DEFAULT_VEHTYPE" speed="13.02" pos="176.14" lane="2/2to2/1_0" slope="0.00"/>
        <vehicle id="13" x="601.65" y="395.78" angle="180.00" type="DEFAULT_VEHTYPE" speed="13.13" pos="0.53" lane=":3/2_9_0" slope="0.00"/>
        <vehicle id="3" x="398.35" y="447.70" angle="0.00" type="DEFAULT_VEHTYPE" speed="12.93" pos="147.55" lane="2/3to2/2_0" slope="0.00"/>
        <vehicle id="4" x="398.35" y="301.42" angle="0.00" type="DEFAULT_VEHTYPE" speed="12.96" pos="93.83" lane="2/2to2/1_0" slope="0.00"/>
        <vehicle id="5" x="601.65" y="471.77" angle="180.00" type="DEFAULT_VEHTYPE" speed="13.17" pos="67.02" lane="3/2to3/3_0" slope="0.00"/>
        <vehicle id="6" x="378.69" y="598.35" angle="90.00" type="DEFAULT_VEHTYPE" speed="9.45" pos="173.94" lane="1/3to2/3_0" slope="0.00"/>
        <vehicle id="7" x="86.52" y="398.35" angle="90.00" type="DEFAULT_VEHTYPE" speed="13.52" pos="86.52" lane="0/2to1/2_0" slope="0.00"/>
        <vehicle id="8" x="401.65" y="57.62" angle="180.00" type="DEFAULT_VEHTYPE" speed="13.71" pos="57.62" lane="2/0to2/1_0" slope="0.00"/>
        <vehicle id="9" x="398.35" y="679.63" angle="0.00" type="DEFAULT_VEHTYPE" speed="13.80" pos="120.37" lane="2/4to2/3_0" slope="0.00"/>
    </timestep>
    <timestep time="784.00">
        <vehicle id="10" x="201.65" y="75.56" angle="180.00" type="DEFAULT_VEHTYPE" speed="13.01" pos="75.56" lane="1/0to1/1_0" slope="0.00"/>
        <vehicle id="12" x="398.35" y="205.73" angle="0.00" type="DEFAULT_VEHTYPE" speed="13.38" pos="189.52" lane="2/2to2/1_0" slope="0.00"/>
        <vehicle id="13" x="601.65" y="408.83" angle="180.00" type="DEFAULT_VEHTYPE" speed="13.04" pos="4.08" lane="3/2to3/3_0" slope="0.00"/>
        <vehicle id="3" x="398.35" y="434.80" angle="0.00" type="DEFAULT_VEHTYPE" speed="12.90" pos="160.45" lane="2/3to2/2_0" slope="0.00"/>
        <vehicle id="4" x="398.35" y="288.67" angle="0.00" type="DEFAULT_VEHTYPE" speed="12.75" pos="106.58" lane="2/2to2/1_0" slope="0.00"/>
        <vehicle id="5" x="601.65" y="484.45" angle="180.00" type="DEFAULT_VEHTYPE" speed="12.67" pos="79.70" lane="3/2to3/3_0" slope="0.00"/>
        <vehicle id="6" x="386.12" y="598.35" angle="90.00" type="DEFAULT_VEHTYPE" speed="7.42" pos="181.37" lane="1/3to2/3_0" slope="0.00"/>
        <vehicle id="7" x="100.28" y="398.35" angle="90.00" type="DEFAULT_VEHTYPE" speed="13.76" pos="100.28" lane="0/2to1/2_0" slope="0.00"/>
        <vehicle id="8" x="401.65" y="71.44" angle="180.00" type="DEFAULT_VEHTYPE" speed="13.81" pos="71.44" lane="2/0to2/1_0" slope="0.00"/>
        <vehicle id="9" x="398.35" y="666.30" angle="0.00" type="DEFAULT_VEHTYPE" speed="13.33" pos="133.70" lane="2/4to2/3_0" slope="0.00"/>
    </timestep>
    <timestep time="785.00">
        <vehicle id="10" x="201.65" y="89.30" angle="180.00" type="DEFAULT_VEHTYPE" speed="13.74" pos="89.30" lane="1/0to1/1_0" slope="0.00"/>
        <vehicle id="12" x="398.35" y="192.95" angle="0.00" type="DEFAULT_VEHTYPE" speed="12.79" pos="2.30" lane="2/1to2/0_0" slope="0.00"/>
        <vehicle id="13" x="601.65" y="421.52" angle="180.00" type="DEFAULT_VEHTYPE" speed="12.70" pos="16.77" lane="3/2to3/3_0" slope="0.00"/>
        <vehicle id="3" x="398.35" y="421.83" angle="0.00" type="DEFAULT_VEHTYPE" speed="12.97" pos="173.42" lane="2/3to2/2_0" slope="0.00"/>
        <vehicle id="4" x="398.35" y="275.38" angle="0.00" type="DEFAULT_VEHTYPE" speed="13.30" pos="119.87" lane="2/2to2/1_0" slope="0.00"/>
        <vehicle id="5" x="601.65" y="497.48" angle="180.00" type="DEFAULT_VEHTYPE" speed="13.03" pos="92.73" lane="3/2to3/3_0" slope="0.00"/>
        <vehicle id="6" x="389.53" y="598.35" angle="90.00" type="DEFAULT_VEHTYPE" speed="3.42" pos="184.78" lane="1/3to2/3_0" slope="0.00"/>
        <vehicle id="7" x="113.15" y="398.35" angle="90.00" type="DEFAULT_VEHTYPE" speed="12.87" pos="113.15" lane="0/2to1/2_0" slope="0.00"/>
        <vehicle id="8" x="401.65" y="84.89" angle="180.00" type="DEFAULT_VEHTYPE" speed="13.45" pos="84.89" lane="2/0to2/1_0" slope="0.00"/>
        <vehicle id="9" x="398.35" y="652.44" angle="0.00" type="DEFAULT_VEHTYPE" speed="13.86" pos="147.56" lane="2/4to2/3_0" slope="0.00"/>
    </timestep>
    <timestep time="786.00">
        <vehicle id="10" x="201.65" y="102.79" angle="180.00" type="DEFAULT_VEHTYPE" speed="13.49" pos="102.79" lane="1/0to1/1_0" slope="0.00"/>
        <vehicle id="12" x="398.35" y="180.04" angle="0.00" type="DEFAULT_VEHTYPE" speed="12.91" pos="15.21" lane="2/1to2/0_0" slope="0.00"/>
        <vehicle id="13" x="601.65" y="435.09" angle="180.00" type="DEFAULT_VEHTYPE" speed="13.57" pos="30.34" lane="3/2to3/3_0" slope="0.00"/>
        <vehicle id="3" x="398.35" y="408.64" angle="0.00" type="DEFAULT_VEHTYPE" speed="13.19" pos="186.61" lane="2/3to2/2_0" slope="0.00"/>
        <vehicle id="4" x="398.35" y="261.84" angle="0.00" type="DEFAULT_VEHTYPE" speed="13.53" pos="133.41" lane="2/2to2/1_0" slope="0.00"/>
        <vehicle id="5" x="601.65" y="511.11" angle="180.00" type="DEFAULT_VEHTYPE" speed="13.63" pos="106.36" lane="3/2to3/3_0" slope="0.00"/>
        <vehicle id="6" x="395.03" y="598.35" angle="90.00" type="DEFAULT_VEHTYPE" speed="5.50" pos="190.28" lane="1/3to2/3_0" slope="0.00"/>
        <vehicle id="7" x="126.45" y="398.35" angle="90.00" type="DEFAULT_VEHTYPE" speed="13.30" pos="126.45" lane="0/2to1/2_0" slope="0.00"/>
        <vehicle id="8" x="401.65" y="98.15" angle="180.00" type="DEFAULT_VEHTYPE" speed="13.26" pos="98.15" lane="2/0to2/1_0" slope="0.00"/>
        <vehicle id="9" x="398.35" y="639.16" angle="0.00" type="DEFAULT_VEHTYPE" speed="13.28" pos="160.84" lane="2/4to2/3_0" slope="0.00"/>
    </timestep>
    <timestep time="787.00">
        <vehicle id="10" x="201.65" y="115.95" angle="180.00" type="DEFAULT_VEHTYPE" speed="13.16" pos="115.95" lane="1/0to1/1_0" slope="0.00"/>
        <vehicle id="12" x="398.35" y="167.25" angle="0.00" type="DEFAULT_VEHTYPE" speed="12.79" pos="28.00" lane="2/1to2/0_0" slope="0.00"/>
        <vehicle id="13" x="601.65" y="448.08" angle="180.00" type="DEFAULT_VEHTYPE" speed="12.98" pos="43.33" lane="3/2to3/3_0" slope="0.00"/>
        <vehicle id="3" x="398.35" y="395.90" angle="0.00" type="DEFAULT_VEHTYPE" speed="12.75" pos="8.85" lane=":2/2_1_0" slope="0.00"/>
        <vehicle id="4" x="398.35" y="249.02" angle="0.00" type="DEFAULT_VEHTYPE" speed="12.82" pos="146.23" lane="2/2to2/1_0" slope="0.00"/>
        <vehicle id="5" x="601.65" y="524.99" angle="180.00" type="DEFAULT_VEHTYPE" speed="13.88" pos="120.24" lane="3/2to3/3_0" slope="0.00"/>
        <vehicle id="6" x="401.26" y="602.05" angle="134.10" type="DEFAULT_VEHTYPE" speed="7.81" pos="7.60" lane=":2/3_14_0" slope="0.00"/>
        <vehicle id="7" x="140.30" y="398.35" angle="90.00" type="DEFAULT_VEHTYPE" speed="13.85" pos="140.30" lane="0/2to1/2_0" slope="0.00"/>
        <vehicle id="8" x="401.65" y="111.60" angle="180.00" type="DEFAULT_VEHTYPE" speed="13.45" pos="111.60" lane="2/0to2/1_0" slope="0.00"/>
        <vehicle id="9" x="398.35" y="625.49" angle="0.00" type="DEFAULT_VEHTYPE" speed="13.67" pos="174.51" lane="2/4to2/3_0" slope="0.00"/>
    </timestep>
    <timestep time="788.00">
        <vehicle id="10" x="201.65" y="129.58" angle="180.00" type="DEFAULT_VEHTYPE" speed="13.63" pos="129.58" lane="1/0to1/1_0" slope="0.00"/>
        <vehicle id="12" x="398.35" y="154.11" angle="0.00" type="DEFAULT_VEHTYPE" speed="13.14" pos="41.14" lane="2/1to2/0_0" slope="0.00"/>
        <vehicle id="13" x="601.65" y="461.47" angle="180.00" type="DEFAULT_VEHTYPE" speed="13.39" pos="56.72" lane="3/2to3/3_0" slope="0.00"/>
        <vehicle id="3" x="398.35" y="382.65" angle="0.00" type="DEFAULT_VEHTYPE" speed="13.25" pos="12.60" lane="2/2to2/1_0" slope="0.00"/>
        <vehicle id="4" x="398.35" y="235.78" angle="0.00" type="DEFAULT_VEHTYPE" speed="13.24" pos="159.47" lane="2/2to2/1_0" slope="0.00"/>
        <vehicle id="5" x="601.65" y="538.29" angle="180.00" type="DEFAULT_VEHTYPE" speed="13.30" pos="133.54" lane="3/2to3/3_0" slope="0.00"/>
        <vehicle id="6" x="401.65" y="611.22" angle="180.00" type="DEFAULT_VEHTYPE" speed="9.19" pos="6.47" lane="2/3to2/4_0" slope="0.00"/>
        <vehicle id="7" x="154.15" y="398.35" angle="90.00" type="DEFAULT_VEHTYPE" speed="13.85" pos="154.15" lane="0/2to1/2_0" slope="0.00"/>
        <vehicle id="8" x="401.65" y="124.47" angle="180.00" type="DEFAULT_VEHTYPE" speed="12.87" pos="124.47" lane="2/0to2/1_0" slope="0.00"/>
        <vehicle id="9" x="398.35" y="613.78" angle="0.00" type="DEFAULT_VEHTYPE" speed="11.71" pos="186.22" lane="2/4to2/3_0" slope="0.00"/>
    </timestep>
    <timestep time="789.00">
        <vehicle id="10" x="201.65" y="142.33" angle="180.00" type="DEFAULT_VEHTYPE" speed="12.75" pos="142.33" lane="1/0to1/1_0" slope="0.00"/>
        <vehicle id="12" x="398.35" y="140.98" angle="0.00" type="DEFAULT_VEHTYPE" speed="13.13" pos="54.27" lane="2/1to2/0_0" slope="0.00"/>
        <vehicle id="13" x="601.65" y="474.58" angle="180.00" type="DEFAULT_VEHTYPE" speed="13.11" pos="69.83" lane="3/2to3/3_0" slope="0.00"/>
        <vehicle id="3" x="398.35" y="369.82" angle="0.00" type="DEFAULT_VEHTYPE" speed="12.83" pos="25.43" lane="2/2to2/1_0" slope="0.00"/>
        <vehicle id="4" x="398.35" y="222.99" angle="0.00" type="DEFAULT_VEHTYPE" speed="12.79" pos="172.26" lane="2/2to2/1_0" slope="0.00"/>
        <vehicle id="5" x="601.65" y="551.87" angle="180.00" type="DEFAULT_VEHTYPE" speed="13.58" pos="147.12" lane="3/2to3/3_0" slope="0.00"/>
        <vehicle id="6" x="401.65" y="622.82" angle="180.00" type="DEFAULT_VEHTYPE" speed="11.60" pos="18.07" lane="2/3to2/4_0" slope="0.00"/>
        <vehicle id="7" x="166.83" y="398.35" angle="90.00" type="DEFAULT_VEHTYPE" speed="12.67" pos="166.83" lane="0/2to1/2_0" slope="0.00"/>
        <vehicle id="8" x="401.65" y="138.16" angle="180.00" type="DEFAULT_VEHTYPE" speed="13.68" pos="138.16" lane="2/0to2/1_0" slope="0.00"/>
        <vehicle id="9" x="398.35" y="600.79" angle="0.00" type="DEFAULT_VEHTYPE" speed="13.00" pos="3.96" lane=":2/3_1_0" slope="0.00"/>
    </timestep>
    <timestep time="790.00">
        <vehicle id="10" x="201.65" y="156.23" angle="180.00" type="DEFAULT_VEHTYPE" speed="13.89" pos="156.23" lane="1/0to1/1_0" slope="0.00"/>
        <vehicle id="12" x="398.35" y="127.67" angle="0.00" type="DEFAULT_VEHTYPE" speed="13.31" pos="67.58" lane="2/1to2/0_0" slope="0.00"/>
        <vehicle id="13" x="601.65" y="487.85" angle="180.00" type="DEFAULT_VEHTYPE" speed="13.28" pos="83.10" lane="3/2to3/3_0" slope="0.00"/>
        <vehicle id="3" x="398.35" y="356.96" angle="0.00" type="DEFAULT_VEHTYPE" speed="12.86" pos="38.29" lane="2/2to2/1_0" slope="0.00"/>
        <vehicle id="4" x="398.35" y="210.30" angle="0.00" type="DEFAULT_VEHTYPE" speed="12.69" pos="184.95" lane="2/2to2/1_0" slope="0.00"/>
        <vehicle id="5" x="601.65" y="565.48" angle="180.00" type="DEFAULT_VEHTYPE" speed="13.61" pos="160.73" lane="3/2to3/3_0" slope="0.00"/>
        <vehicle id="6" x="401.65" y="635.99" angle="180.00" type="DEFAULT_VEHTYPE" speed="13.17" pos="31.24" lane="2/3to2/4_0" slope="0.00"/>
        <vehicle id="7" x="177.10" y="398.35" angle="90.00" type="DEFAULT_VEHTYPE" speed="10.27" pos="177.10" lane="0/2to1/2_0" slope="0.00"/>
        <vehicle id="8" x="401.65" y="151.67" angle="180.00" type="DEFAULT_VEHTYPE" speed="13.51" pos="151.67" lane="2/0to2/1_0" slope="0.00"/>
        <vehicle id="9" x="398.35" y="587.35" angle="0.00" type="DEFAULT_VEHTYPE" speed="13.44" pos="7.90" lane="2/3to2/2_0" slope="0.00"/>
    </timestep>
    <timestep time="791.00">
        <vehicle id="10" x="201.65" y="169.83" angle="180.00" type="DEFAULT_VEHTYPE" speed="13.61" pos="169.83" lane="1/0to1/1_0" slope="0.00"/>
        <vehicle id="12" x="398.35" y="113.93" angle="0.00" type="DEFAULT_VEHTYPE" speed="13.74" pos="81.32" lane="2/1to2/0_0" slope="0.00"/>
        <vehicle id="13" x="601.65" y="501.69" angle="180.00" type="DEFAULT_VEHTYPE" speed="13.84" pos="96.94" lane="3/2to3/3_0" slope="0.00"/>
        <vehicle id="3" x="398.35" y="344.02" angle="0.00" type="DEFAULT_VEHTYPE" speed="12.94" pos="51.23" lane="2/2to2/1_0" slope="0.00"/>
        <vehicle id="4" x="398.35" y="196.98" angle="0.00" type="DEFAULT_VEHTYPE" speed="13.32" pos="7.77" lane=":2/1_1_0" slope="0.00"/>
        <vehicle id="5" x="601.65" y="578.80" angle="180.00" type="DEFAULT_VEHTYPE" speed="13.32" pos="174.05" lane="3/2to3/3_0" slope="0.00"/>
        <vehicle id="6" x="401.65" y="648.71" angle="180.00" type="DEFAULT_VEHTYPE" speed="12.72" pos="43.96" lane="2/3to2/4_0" slope="0.00"/>
        <vehicle id="7" x="184.01" y="398.35" angle="90.00" type="DEFAULT_VEHTYPE" speed="6.91" pos="184.01" lane="0/2to1/2_0" slope="0.00"/>
        <vehicle id="8" x="401.65" y="165.35" angle="180.00" type="DEFAULT_VEHTYPE" speed="13.69" pos="165.35" lane="2/0to2/1_0" slope="0.00"/>
        <vehicle id="9" x="398.35" y="573.97" angle="0.00" type="DEFAULT_VEHTYPE" speed="13.38" pos="21.28" lane="2/3to2/2_0" slope="0.00"/>
    </timestep>
    <timestep time="792.00">
        <vehicle id="10" x="201.65" y="183.04" angle="180.00" type="DEFAULT_VEHTYPE" speed="13.21" pos="183.04" lane="1/0to1/1_0" slope="0.00"/>
        <vehicle id="12" x="398.35" y="100.84" angle="0.00" type="DEFAULT_VEHTYPE" speed="13.09" pos="94.41" lane="2/1to2/0_0" slope="0.00"/>
        <vehicle id="13" x="601.65" y="514.50" angle="180.00" type="DEFAULT_VEHTYPE" speed="12.80" pos="109.75" lane="3/2to3/3_0" slope="0.00"/>
        <vehicle id="3" x="398.35" y="330.84" angle="0.00" type="DEFAULT_VEHTYPE" speed="13.18" pos="64.41" lane="2/2to2/1_0" slope="0.00"/>
        <vehicle id="4" x="398.35" y="183.72" angle="0.00" type="DEFAULT_VEHTYPE" speed="13.26" pos="11.53" lane="2/1to2/0_0" slope="0.00"/>
        <vehicle id="5" x="601.65" y="592.34" angle="180.00" type="DEFAULT_VEHTYPE" speed="13.55" pos="187.59" lane="3/2to3/3_0" slope="0.00"/>
        <vehicle id="6" x="401.65" y="662.52" angle="180.00" type="DEFAULT_VEHTYPE" speed="13.81" pos="57.77" lane="2/3to2/4_0" slope="0.00"/>
        <vehicle id="7" x="188.26" y="398.35" angle="90.00" type="DEFAULT_VEHTYPE" speed="4.25" pos="188.26" lane="0/2to1/2_0" slope="0.00"/>
        <vehicle id="8" x="401.65" y="178.79" angle="180.00" type="DEFAULT_VEHTYPE" speed="13.44" pos="178.79" lane="2/0to2/1_0" slope="0.00"/>
        <vehicle id="9" x="398.35" y="561.10" angle="0.00" type="DEFAULT_VEHTYPE" speed="12.88" pos="34.15" lane="2/3to2/2_0" slope="0.00"/>
    </timestep>
    <timestep time="793.00">
        <vehicle id="10" x="201.77" y="196.14" angle="178.57" type="DEFAULT_VEHTYPE" speed="13.11" pos="0.90" lane=":1/1_8_0" slope="0.00"/>
        <vehicle id="12" x="398.35" y="88.07" angle="0.00" type="DEFAULT_VEHTYPE" speed="12.77" pos="107.18" lane="2/1to2/0_0" slope="0.00"/>
        <vehicle id="13" x="601.65" y="528.18" angle="180.00" type="DEFAULT_VEHTYPE" speed="13.68" pos="123.43" lane="3/2to3/3_0" slope="0.00"/>
        <vehicle id="3" x="398.35" y="317.48" angle="0.00" type="DEFAULT_VEHTYPE" speed="13.37" pos="77.77" lane="2/2to2/1_0" slope="0.00"/>
        <vehicle id="4" x="398.35" y="170.20" angle="0.00" type="DEFAULT_VEHTYPE" speed="13.52" pos="25.05" lane="2/1to2/0_0" slope="0.00"/>
        <vehicle id="5" x="610.04" y="598.35" angle="90.00" type="DEFAULT_VEHTYPE" speed="13.20" pos="5.29" lane="3/3to4/3_0" slope="0.00"/>
        <vehicle id="6" x="401.65" y="675.47" angle="180.00" type="DEFAULT_VEHTYPE" speed="12.95" pos="70.72" lane="2/3to2/4_0" slope="0.00"/>
        <vehicle id="7" x="194.94" y="398.35" angle="90.00" type="DEFAULT_VEHTYPE" speed="6.68" pos="194.94" lane="0/2to1/2_0" slope="0.00"/>
        <vehicle id="8" x="401.65" y="192.32" angle="180.00" type="DEFAULT_VEHTYPE" speed="13.52" pos="192.32" lane="2/0to2/1_0" slope="0.00"/>
        <vehicle id="9" x="398.35" y="547.55" angle="0.00" type="DEFAULT_VEHTYPE" speed="13.54" pos="47.70" lane="2/3to2/2_0" slope="0.00"/>
    </timestep>
    <timestep time="794.00">
        <vehicle id="10" x="214.51" y="198.35" angle="90.00" type="DEFAULT_VEHTYPE" speed="13.86" pos="9.76" lane="1/1to2/1_0" slope="0.00"/>
        <vehicle id="12" x="398.35" y="74.48" angle="0.00" type="DEFAULT_VEHTYPE" speed="13.58" pos="120.77" lane="2/1to2/0_0" slope="0.00"/>
        <vehicle id="13" x="601.65" y="540.90" angle="180.00" type="DEFAULT_VEHTYPE" speed="12.73" pos="136.15" lane="3/2to3/3_0" slope="0.00"/>
        <vehicle id="3" x="398.35" y="303.84" angle="0.00" type="DEFAULT_VEHTYPE" speed="13.64" pos="91.41" lane="2/2to2/1_0" slope="0.00"/>
        <vehicle id="4" x="398.35" y="157.25" angle="0.00" type="DEFAULT_VEHTYPE" speed="12.95" pos="38.00" lane="2/1to2/0_0" slope="0.00"/>
        <vehicle id="5" x="623.42" y="598.35" angle="90.00" type="DEFAULT_VEHTYPE" speed="13.38" pos="18.67" lane="3/3to4/3_0" slope="0.00"/>
        <vehicle id="6" x="401.65" y="689.16" angle="180.00" type="DEFAULT_VEHTYPE" speed="13.69" pos="84.41" lane="2/3to2/4_0" slope="0.00"/>
        <vehicle id="7" x="201.45" y="403.33" angle="148.36" type="DEFAULT_VEHTYPE" speed="9.20" pos="8.89" lane=":1/2_14_0" slope="0.00"/>
        <vehicle id="8" x="410.34" y="198.35" angle="90.00" type="DEFAULT_VEHTYPE" speed="13.53" pos="5.59" lane="2/1to3/1_0" slope="0.00"/>
        <vehicle id="9" x="398.35" y="533.76" angle="0.00" type="DEFAULT_VEHTYPE" speed="13.79" pos="61.49" lane="2/3to2/2_0" slope="0.00"/>
    </timestep>
    <timestep time="795.00">
        <vehicle id="10" x="228.09" y="198.35" angle="90.00" type="DEFAULT_VEHTYPE" speed="13.57" pos="23.34" lane="1/1to2/1_0" slope="0.00"/>
        <vehicle id="12" x="398.35" y="61.73" angle="0.00" type="DEFAULT_VEHTYPE" speed="12.76" pos="133.52" lane="2/1to2/0_0" slope="0.00"/>
        <vehicle id="13" x="601.65" y="553.52" angle="180.00" type="DEFAULT_VEHTYPE" speed="12.62" pos="148.77" lane="3/2to3/3_0" slope="0.00"/>
        <vehicle id="3" x="398.35" y="290.95" angle="0.00" type="DEFAULT_VEHTYPE" speed="12.89" pos="104.30" lane="2/2to2/1_0" slope="0.00"/>
        <vehicle id="4" x="398.35" y="144.27" angle="0.00" type="DEFAULT_VEHTYPE" speed="12.98" pos="50.98" lane="2/1to2/0_0" slope="0.00"/>
        <vehicle id="5" x="636.96" y="598.35" angle="90.00" type="DEFAULT_VEHTYPE" speed="13.54" pos="32.21" lane="3/3to4/3_0" slope="0.00"/>
        <vehicle id="6" x="401.65" y="703.02" angle="180.00" type="DEFAULT_VEHTYPE" speed="13.86" pos="98.27" lane="2/3to2/4_0" slope="0.00"/>
        <vehicle id="7" x="201.65" y="414.01" angle="180.00" type="DEFAULT_VEHTYPE" speed="10.69" pos="9.26" lane="1/2to1/3_0" slope="0.00"/>
        <vehicle id="8" x="424.13" y="198.35" angle="90.00" type="DEFAULT_VEHTYPE" speed="13.78" pos="19.38" lane="2/1to3/1_0" slope="0.00"/>
        <vehicle id="9" x="398.35" y="520.30" angle="0.00" type="DEFAULT_VEHTYPE" speed="13.46" pos="74.95" lane="2/3to2/2_0" slope="0.00"/>
    </timestep>
    <timestep time="796.00">
        <vehicle id="10" x="241.32" y="198.35" angle="90.00" type="DEFAULT_VEHTYPE" speed="13.23" pos="36.57" lane="1/1to2/1_0" slope="0.00"/>
        <vehicle id="12" x="398.35" y="48.60" angle="0.00" type="DEFAULT_VEHTYPE" speed="13.12" pos="146.65" lane="2/1to2/0_0" slope="0.00"/>
        <vehicle id="13" x="601.65" y="567.40" angle="180.00" type="DEFAULT_VEHTYPE" speed="13.87" pos="162.65" lane="3/2to3/3_0" slope="0.00"/>
        <vehicle id="3" x="398.35" y="277.63" angle="0.00" type="DEFAULT_VEHTYPE" speed="13.32" pos="117.62" lane="2/2to2/1_0" slope="0.00"/>
        <vehicle id="4" x="398.35" y="130.64" angle="0.00" type="DEFAULT_VEHTYPE" speed="13.63" pos="64.61" lane="2/1to2/0_0" slope="0.00"/>
        <vehicle id="5" x="650.47" y="598.35" angle="90.00" type="DEFAULT_VEHTYPE" speed="13.52" pos="45.72" lane="3/3to4/3_0" slope="0.00"/>
        <vehicle id="6" x="401.65" y="715.81" angle="180.00" type="DEFAULT_VEHTYPE" speed="12.80" pos="111.06" lane="2/3to2/4_0" slope="0.00"/>
        <vehicle id="7" x="201.65" y="426.74" angle="180.00" type="DEFAULT_VEHTYPE" speed="12.72" pos="21.99" lane="1/2to1/3_0" slope="0.00"/>
        <vehicle id="8" x="437.07" y="198.35" angle="90.00" type="DEFAULT_VEHTYPE" speed="12.94" pos="32.32" lane="2/1to3/1_0" slope="0.00"/>
        <vehicle id="9" x="398.35" y="506.65" angle="0.00" type="DEFAULT_VEHTYPE" speed="13.65" pos="88.60" lane="2/3to2/2_0" slope="0.00"/>
    </timestep>
    <timestep time="797.00">
        <vehicle id="10" x="253.93" y="198.35" angle="90.00" type="DEFAULT_VEHTYPE" speed="12.61" pos="49.18" lane="1/1to2/1_0" slope="0.00"/>
        <vehicle id="12" x="398.35" y="36.00" angle="0.00" type="DEFAULT_VEHTYPE" speed="12.61" pos="159.25" lane="2/1to2/0_0" slope="0.00"/>
        <vehicle id="13" x="601.65" y="580.93" angle="180.00" type="DEFAULT_VEHTYPE" speed="13.53" pos="176.18" lane="3/2to3/3_0" slope="0.00"/>
        <vehicle id="3" x="398.35" y="264.40" angle="0.00" type="DEFAULT_VEHTYPE" speed="13.23" pos="130.85" lane="2/2to2/1_0" slope="0.00"/>
        <vehicle id="4" x="398.35" y="117.43" angle="0.00" type="DEFAULT_VEHTYPE" speed="13.21" pos="77.82" lane="2/1to2/0_0" slope="0.00"/>
        <vehicle id="5" x="663.23" y="598.35" angle="90.00" type="DEFAULT_VEHTYPE" speed="12.76" pos="58.48" lane="3/3to4/3_0" slope="0.00"/>
        <vehicle id="6" x="401.65" y="728.57" angle="180.00" type="DEFAULT_VEHTYPE" speed="12.75" pos="123.82" lane="2/3to2/4_0" slope="0.00"/>
        <vehicle id="7" x="201.65" y="440.19" angle="180.00" type="DEFAULT_VEHTYPE" speed="13.46" pos="35.44" lane="1/2to1/3_0" slope="0.00"/>
        <vehicle id="8" x="450.81" y="198.35" angle="90.00" type="DEFAULT_VEHTYPE" speed="13.75" pos="46.06" lane="2/1to3/1_0" slope="0.00"/>
        <vehicle id="9" x="398.35" y="493.31" angle="0.00" type="DEFAULT_VEHTYPE" speed="13.34" pos="101.94" lane="2/3to2/2_0" slope="0.00"/>
    </timestep>
    <timestep time="798.00">
        <vehicle id="10" x="267.40" y="198.35" angle="90.00" type="DEFAULT_VEHTYPE" speed="13.47" pos="62.65" lane="1/1to2/1_0" slope="0.00"/>
        <vehicle id="12" x="398.35" y="22.29" angle="0.00" type="DEFAULT_VEHTYPE" speed="13.71" pos="172.96" lane="2/1to2/0_0" slope="0.00"/>
        <vehicle id="13" x="601.65" y="594.57" angle="180.00" type="DEFAULT_VEHTYPE" speed="13.64" pos="189.82" lane="3/2to3/3_0" slope="0.00"/>
        <vehicle id="3" x="398.35" y="251.20" angle="0.00" type="DEFAULT_VEHTYPE" speed="13.20" pos="144.05" lane="2/2to2/1_0" slope="0.00"/>
        <vehicle id="4" x="398.35" y="104.55" angle="0.00" type="DEFAULT_VEHTYPE" speed="12.88" pos="90.70" lane="2/1to2/0_0" slope="0.00"/>
        <vehicle id="5" x="677.05" y="598.35" angle="90.00" type="DEFAULT_VEHTYPE" speed="13.82" pos="72.30" lane="3/3to4/3_0" slope="0.00"/>
        <vehicle id="6" x="401.65" y="741.78" angle="180.00" type="DEFAULT_VEHTYPE" speed="13.21" pos="137.03" lane="2/3to2/4_0" slope="0.00"/>
        <vehicle id="7" x="201.65" y="453.06" angle="180.00" type="DEFAULT_VEHTYPE" speed="12.87" pos="48.31" lane="1/2to1/3_0" slope="0.00"/>
        <vehicle id="8" x="464.16" y="198.35" angle="90.00" type="DEFAULT_VEHTYPE" speed="13.35" pos="59.41" lane="2/1to3/1_0" slope="0.00"/>
        <vehicle id="9" x="398.35" y="480.68" angle="0.00" type="DEFAULT_VEHTYPE" speed="12.63" pos="114.57" lane="2/3to2/2_0" slope="0.00"/>
    </timestep>
    <timestep time="799.00">
        <vehicle id="10" x="281.14" y="198.35" angle="90.00" type="DEFAULT_VEHTYPE" speed="13.74" pos="76.39" lane="1/1to2/1_0" slope="0.00"/>
        <vehicle id="12" x="398.35" y="8.45" angle="0.00" type="DEFAULT_VEHTYPE" speed="13.84" pos="186.80" lane="2/1to2/0_0" slope="0.00"/>
        <vehicle id="13" x="611.90" y="598.35" angle="90.00" type="DEFAULT_VEHTYPE" speed="12.83" pos="7.15" lane="3/3to4/3_0" slope="0.00"/>
        <vehicle id="3" x="398.35" y="238.19" angle="0.00" type="DEFAULT_VEHTYPE" speed="13.01" pos="157.06" lane="2/2to2/1_0" slope="0.00"/>
        <vehicle id="4" x="398.35" y="91.48" angle="0.00" type="DEFAULT_VEHTYPE" speed="13.08" pos="103.77" lane="2/1to2/0_0" slope="0.00"/>
        <vehicle id="5" x="690.59" y="598.35" angle="90.00" type="DEFAULT_VEHTYPE" speed="13.54" pos="85.84" lane="3/3to4/3_0" slope="0.00"/>
        <vehicle id="6" x="401.65" y="755.14" angle="180.00" type="DEFAULT_VEHTYPE" speed="13.36" pos="150.39" lane="2/3to2/4_0" slope="0.00"/>
        <vehicle id="7" x="201.65" y="466.62" angle="180.00" type="DEFAULT_VEHTYPE" speed="13.56" pos="61.87" lane="1/2to1/3_0" slope="0.00"/>
        <vehicle id="8" x="477.39" y="198.35" angle="90.00" type="DEFAULT_VEHTYPE" speed="13.23" pos="72.64" lane="2/1to3/1_0" slope="0.00"/>
        <vehicle id="9" x="398.35" y="466.80" angle="0.00" type="DEFAULT_VEHTYPE" speed="13.88" pos="128.45" lane="2/3to2/2_0" slope="0.00"/>
    </timestep>
</fcd-export>
