<?xml version="1.0" encoding="UTF-8"?>

<!-- generated on Tue Nov  5 10:08:44 2013 by SUMO sumo Version 0.18.0
<?xml version="1.0" encoding="UTF-8"?>

<configuration xmlns:xsi="http://www.w3.org/2001/XMLSchema-instance" xsi:noNamespaceSchemaLocation="http://sumo.sf.net/xsd/sumoConfiguration.xsd">

    <input>
        <net-file value="test.net.xml"/>
        <route-files value="test.rou.xml"/>
        <additional-files value="test.rerouter.xml"/>
    </input>

    <output>
        <fcd-output value="test-15.fcd.xml"/>
        <save-state.prefix value="state"/>
    </output>

    <time>
        <begin value="0"/>
        <end value="800"/>
    </time>

    <gui_only>
        <gui-settings-file value="test.settings.xml"/>
    </gui_only>

</configuration>
-->

<fcd-export>
    <timestep time="0.00">
        <vehicle id="0" x="409.85" y="598.35" angle="90.00" type="DEFAULT_VEHTYPE" speed="0.00" pos="5.10" lane="2/3to3/3_0" slope="0.00"/>
    </timestep>
    <timestep time="1.00">
        <vehicle id="0" x="411.29" y="598.35" angle="90.00" type="DEFAULT_VEHTYPE" speed="1.44" pos="6.54" lane="2/3to3/3_0" slope="0.00"/>
        <vehicle id="1" x="598.35" y="390.15" angle="0.00" type="DEFAULT_VEHTYPE" speed="0.00" pos="5.10" lane="3/2to3/1_0" slope="0.00"/>
    </timestep>
    <timestep time="2.00">
        <vehicle id="0" x="414.41" y="598.35" angle="90.00" type="DEFAULT_VEHTYPE" speed="3.12" pos="9.66" lane="2/3to3/3_0" slope="0.00"/>
        <vehicle id="1" x="598.35" y="387.61" angle="0.00" type="DEFAULT_VEHTYPE" speed="2.54" pos="7.64" lane="3/2to3/1_0" slope="0.00"/>
        <vehicle id="2" x="401.65" y="209.85" angle="180.00" type="DEFAULT_VEHTYPE" speed="0.00" pos="5.10" lane="2/1to2/2_0" slope="0.00"/>
    </timestep>
    <timestep time="3.00">
        <vehicle id="0" x="419.48" y="598.35" angle="90.00" type="DEFAULT_VEHTYPE" speed="5.08" pos="14.73" lane="2/3to3/3_0" slope="0.00"/>
        <vehicle id="1" x="598.35" y="383.24" angle="0.00" type="DEFAULT_VEHTYPE" speed="4.37" pos="12.01" lane="3/2to3/1_0" slope="0.00"/>
        <vehicle id="2" x="401.65" y="212.39" angle="180.00" type="DEFAULT_VEHTYPE" speed="2.54" pos="7.64" lane="2/1to2/2_0" slope="0.00"/>
        <vehicle id="3" x="598.35" y="190.15" angle="0.00" type="DEFAULT_VEHTYPE" speed="0.00" pos="5.10" lane="3/1to3/0_0" slope="0.00"/>
    </timestep>
    <timestep time="4.00">
        <vehicle id="0" x="426.19" y="598.35" angle="90.00" type="DEFAULT_VEHTYPE" speed="6.71" pos="21.44" lane="2/3to3/3_0" slope="0.00"/>
        <vehicle id="1" x="598.35" y="376.58" angle="0.00" type="DEFAULT_VEHTYPE" speed="6.65" pos="18.67" lane="3/2to3/1_0" slope="0.00"/>
        <vehicle id="2" x="401.65" y="216.83" angle="180.00" type="DEFAULT_VEHTYPE" speed="4.43" pos="12.08" lane="2/1to2/2_0" slope="0.00"/>
        <vehicle id="3" x="598.35" y="188.52" angle="0.00" type="DEFAULT_VEHTYPE" speed="1.63" pos="6.73" lane="3/1to3/0_0" slope="0.00"/>
        <vehicle id="4" x="190.15" y="201.65" angle="-90.00" type="DEFAULT_VEHTYPE" speed="0.00" pos="5.10" lane="1/1to0/1_0" slope="0.00"/>
    </timestep>
    <timestep time="5.00">
        <vehicle id="0" x="435.50" y="598.35" angle="90.00" type="DEFAULT_VEHTYPE" speed="9.30" pos="30.75" lane="2/3to3/3_0" slope="0.00"/>
        <vehicle id="1" x="598.35" y="368.21" angle="0.00" type="DEFAULT_VEHTYPE" speed="8.38" pos="27.04" lane="3/2to3/1_0" slope="0.00"/>
        <vehicle id="2" x="401.65" y="223.26" angle="180.00" type="DEFAULT_VEHTYPE" speed="6.43" pos="18.51" lane="2/1to2/2_0" slope="0.00"/>
        <vehicle id="3" x="598.35" y="184.88" angle="0.00" type="DEFAULT_VEHTYPE" speed="3.64" pos="10.37" lane="3/1to3/0_0" slope="0.00"/>
        <vehicle id="4" x="188.29" y="201.65" angle="-90.00" type="DEFAULT_VEHTYPE" speed="1.86" pos="6.96" lane="1/1to0/1_0" slope="0.00"/>
        <vehicle id="5" x="5.10" y="198.35" angle="90.00" type="DEFAULT_VEHTYPE" speed="0.00" pos="5.10" lane="0/1to1/1_0" slope="0.00"/>
    </timestep>
    <timestep time="6.00">
        <vehicle id="0" x="447.06" y="598.35" angle="90.00" type="DEFAULT_VEHTYPE" speed="11.56" pos="42.31" lane="2/3to3/3_0" slope="0.00"/>
        <vehicle id="1" x="598.35" y="357.31" angle="0.00" type="DEFAULT_VEHTYPE" speed="10.90" pos="37.94" lane="3/2to3/1_0" slope="0.00"/>
        <vehicle id="2" x="401.65" y="231.15" angle="180.00" type="DEFAULT_VEHTYPE" speed="7.89" pos="26.40" lane="2/1to2/2_0" slope="0.00"/>
        <vehicle id="3" x="598.35" y="179.05" angle="0.00" type="DEFAULT_VEHTYPE" speed="5.83" pos="16.20" lane="3/1to3/0_0" slope="0.00"/>
        <vehicle id="4" x="184.71" y="201.65" angle="-90.00" type="DEFAULT_VEHTYPE" speed="3.58" pos="10.54" lane="1/1to0/1_0" slope="0.00"/>
        <vehicle id="5" x="7.64" y="198.35" angle="90.00" type="DEFAULT_VEHTYPE" speed="2.54" pos="7.64" lane="0/1to1/1_0" slope="0.00"/>
        <vehicle id="6" x="190.15" y="601.65" angle="-90.00" type="DEFAULT_VEHTYPE" speed="0.00" pos="5.10" lane="1/3to0/3_0" slope="0.00"/>
    </timestep>
    <timestep time="7.00">
        <vehicle id="0" x="460.29" y="598.35" angle="90.00" type="DEFAULT_VEHTYPE" speed="13.23" pos="55.54" lane="2/3to3/3_0" slope="0.00"/>
        <vehicle id="1" x="598.35" y="344.21" angle="0.00" type="DEFAULT_VEHTYPE" speed="13.10" pos="51.04" lane="3/2to3/1_0" slope="0.00"/>
        <vehicle id="2" x="401.65" y="240.81" angle="180.00" type="DEFAULT_VEHTYPE" speed="9.67" pos="36.06" lane="2/1to2/2_0" slope="0.00"/>
        <vehicle id="3" x="598.35" y="171.85" angle="0.00" type="DEFAULT_VEHTYPE" speed="7.20" pos="23.40" lane="3/1to3/0_0" slope="0.00"/>
        <vehicle id="4" x="179.61" y="201.65" angle="-90.00" type="DEFAULT_VEHTYPE" speed="5.10" pos="15.64" lane="1/1to0/1_0" slope="0.00"/>
        <vehicle id="5" x="11.63" y="198.35" angle="90.00" type="DEFAULT_VEHTYPE" speed="3.99" pos="11.63" lane="0/1to1/1_0" slope="0.00"/>
        <vehicle id="6" x="188.07" y="601.65" angle="-90.00" type="DEFAULT_VEHTYPE" speed="2.08" pos="7.18" lane="1/3to0/3_0" slope="0.00"/>
        <vehicle id="7" x="409.85" y="198.35" angle="90.00" type="DEFAULT_VEHTYPE" speed="0.00" pos="5.10" lane="2/1to3/1_0" slope="0.00"/>
    </timestep>
    <timestep time="8.00">
        <vehicle id="0" x="474.15" y="598.35" angle="90.00" type="DEFAULT_VEHTYPE" speed="13.86" pos="69.40" lane="2/3to3/3_0" slope="0.00"/>
        <vehicle id="1" x="598.35" y="330.70" angle="0.00" type="DEFAULT_VEHTYPE" speed="13.51" pos="64.55" lane="3/2to3/1_0" slope="0.00"/>
        <vehicle id="2" x="401.65" y="252.09" angle="180.00" type="DEFAULT_VEHTYPE" speed="11.27" pos="47.34" lane="2/1to2/2_0" slope="0.00"/>
        <vehicle id="3" x="598.35" y="162.25" angle="0.00" type="DEFAULT_VEHTYPE" speed="9.60" pos="33.00" lane="3/1to3/0_0" slope="0.00"/>
        <vehicle id="4" x="173.15" y="201.65" angle="-90.00" type="DEFAULT_VEHTYPE" speed="6.46" pos="22.10" lane="1/1to0/1_0" slope="0.00"/>
        <vehicle id="5" x="18.17" y="198.35" angle="90.00" type="DEFAULT_VEHTYPE" speed="6.55" pos="18.17" lane="0/1to1/1_0" slope="0.00"/>
        <vehicle id="6" x="184.27" y="601.65" angle="-90.00" type="DEFAULT_VEHTYPE" speed="3.79" pos="10.98" lane="1/3to0/3_0" slope="0.00"/>
        <vehicle id="7" x="412.02" y="198.35" angle="90.00" type="DEFAULT_VEHTYPE" speed="2.17" pos="7.27" lane="2/1to3/1_0" slope="0.00"/>
        <vehicle id="8" x="598.35" y="190.15" angle="0.00" type="DEFAULT_VEHTYPE" speed="0.00" pos="5.10" lane="3/1to3/0_0" slope="0.00"/>
    </timestep>
    <timestep time="9.00">
        <vehicle id="0" x="487.88" y="598.35" angle="90.00" type="DEFAULT_VEHTYPE" speed="13.73" pos="83.13" lane="2/3to3/3_0" slope="0.00"/>
        <vehicle id="1" x="598.35" y="316.96" angle="0.00" type="DEFAULT_VEHTYPE" speed="13.74" pos="78.29" lane="3/2to3/1_0" slope="0.00"/>
        <vehicle id="2" x="401.65" y="265.42" angle="180.00" type="DEFAULT_VEHTYPE" speed="13.34" pos="60.67" lane="2/1to2/2_0" slope="0.00"/>
        <vehicle id="3" x="598.35" y="150.39" angle="0.00" type="DEFAULT_VEHTYPE" speed="11.85" pos="44.86" lane="3/1to3/0_0" slope="0.00"/>
        <vehicle id="4" x="164.38" y="201.65" angle="-90.00" type="DEFAULT_VEHTYPE" speed="8.77" pos="30.87" lane="1/1to0/1_0" slope="0.00"/>
        <vehicle id="5" x="27.10" y="198.35" angle="90.00" type="DEFAULT_VEHTYPE" speed="8.93" pos="27.10" lane="0/1to1/1_0" slope="0.00"/>
        <vehicle id="6" x="178.62" y="601.65" angle="-90.00" type="DEFAULT_VEHTYPE" speed="5.65" pos="16.63" lane="1/3to0/3_0" slope="0.00"/>
        <vehicle id="7" x="416.47" y="198.35" angle="90.00" type="DEFAULT_VEHTYPE" speed="4.46" pos="11.72" lane="2/1to3/1_0" slope="0.00"/>
        <vehicle id="8" x="598.35" y="188.80" angle="0.00" type="DEFAULT_VEHTYPE" speed="1.35" pos="6.45" lane="3/1to3/0_0" slope="0.00"/>
        <vehicle id="9" x="590.15" y="201.65" angle="-90.00" type="DEFAULT_VEHTYPE" speed="0.00" pos="5.10" lane="3/1to2/1_0" slope="0.00"/>
    </timestep>
    <timestep time="10.00">
        <vehicle id="0" x="500.72" y="598.35" angle="90.00" type="DEFAULT_VEHTYPE" speed="12.84" pos="95.97" lane="2/3to3/3_0" slope="0.00"/>
        <vehicle id="1" x="598.35" y="303.18" angle="0.00" type="DEFAULT_VEHTYPE" speed="13.78" pos="92.07" lane="3/2to3/1_0" slope="0.00"/>
        <vehicle id="2" x="401.65" y="278.46" angle="180.00" type="DEFAULT_VEHTYPE" speed="13.03" pos="73.71" lane="2/1to2/2_0" slope="0.00"/>
        <vehicle id="3" x="598.35" y="137.27" angle="0.00" type="DEFAULT_VEHTYPE" speed="13.12" pos="57.98" lane="3/1to3/0_0" slope="0.00"/>
        <vehicle id="4" x="153.91" y="201.65" angle="-90.00" type="DEFAULT_VEHTYPE" speed="10.47" pos="41.34" lane="1/1to0/1_0" slope="0.00"/>
        <vehicle id="5" x="37.42" y="198.35" angle="90.00" type="DEFAULT_VEHTYPE" speed="10.31" pos="37.42" lane="0/1to1/1_0" slope="0.00"/>
        <vehicle id="6" x="171.62" y="601.65" angle="-90.00" type="DEFAULT_VEHTYPE" speed="7.00" pos="23.63" lane="1/3to0/3_0" slope="0.00"/>
        <vehicle id="7" x="423.13" y="198.35" angle="90.00" type="DEFAULT_VEHTYPE" speed="6.66" pos="18.38" lane="2/1to3/1_0" slope="0.00"/>
        <vehicle id="8" x="598.35" y="185.79" angle="0.00" type="DEFAULT_VEHTYPE" speed="3.02" pos="9.46" lane="3/1to3/0_0" slope="0.00"/>
        <vehicle id="9" x="588.19" y="201.65" angle="-90.00" type="DEFAULT_VEHTYPE" speed="1.96" pos="7.06" lane="3/1to2/1_0" slope="0.00"/>
    </timestep>
    <timestep time="11.00">
        <vehicle id="0" x="513.87" y="598.35" angle="90.00" type="DEFAULT_VEHTYPE" speed="13.15" pos="109.12" lane="2/3to3/3_0" slope="0.00"/>
        <vehicle id="1" x="598.35" y="289.50" angle="0.00" type="DEFAULT_VEHTYPE" speed="13.68" pos="105.75" lane="3/2to3/1_0" slope="0.00"/>
        <vehicle id="11" x="198.35" y="590.15" angle="0.00" type="DEFAULT_VEHTYPE" speed="0.00" pos="5.10" lane="1/3to1/2_0" slope="0.00"/>
        <vehicle id="2" x="401.65" y="291.11" angle="180.00" type="DEFAULT_VEHTYPE" speed="12.66" pos="86.36" lane="2/1to2/2_0" slope="0.00"/>
        <vehicle id="3" x="598.35" y="124.20" angle="0.00" type="DEFAULT_VEHTYPE" speed="13.07" pos="71.05" lane="3/1to3/0_0" slope="0.00"/>
        <vehicle id="4" x="141.03" y="201.65" angle="-90.00" type="DEFAULT_VEHTYPE" speed="12.87" pos="54.22" lane="1/1to0/1_0" slope="0.00"/>
        <vehicle id="5" x="50.29" y="198.35" angle="90.00" type="DEFAULT_VEHTYPE" speed="12.88" pos="50.29" lane="0/1to1/1_0" slope="0.00"/>
        <vehicle id="6" x="162.38" y="601.65" angle="-90.00" type="DEFAULT_VEHTYPE" speed="9.24" pos="32.87" lane="1/3to0/3_0" slope="0.00"/>
        <vehicle id="7" x="431.67" y="198.35" angle="90.00" type="DEFAULT_VEHTYPE" speed="8.54" pos="26.92" lane="2/1to3/1_0" slope="0.00"/>
        <vehicle id="8" x="598.35" y="180.41" angle="0.00" type="DEFAULT_VEHTYPE" speed="5.38" pos="14.84" lane="3/1to3/0_0" slope="0.00"/>
        <vehicle id="9" x="584.84" y="201.65" angle="-90.00" type="DEFAULT_VEHTYPE" speed="3.35" pos="10.41" lane="3/1to2/1_0" slope="0.00"/>
    </timestep>
    <timestep time="12.00">
        <vehicle id="0" x="527.68" y="598.35" angle="90.00" type="DEFAULT_VEHTYPE" speed="13.81" pos="122.93" lane="2/3to3/3_0" slope="0.00"/>
        <vehicle id="1" x="598.35" y="275.83" angle="0.00" type="DEFAULT_VEHTYPE" speed="13.67" pos="119.42" lane="3/2to3/1_0" slope="0.00"/>
        <vehicle id="10" x="590.15" y="201.65" angle="-90.00" type="DEFAULT_VEHTYPE" speed="0.00" pos="5.10" lane="3/1to2/1_0" slope="0.00"/>
        <vehicle id="11" x="198.35" y="587.65" angle="0.00" type="DEFAULT_VEHTYPE" speed="2.50" pos="7.60" lane="1/3to1/2_0" slope="0.00"/>
        <vehicle id="12" x="198.35" y="390.15" angle="0.00" type="DEFAULT_VEHTYPE" speed="0.00" pos="5.10" lane="1/2to1/1_0" slope="0.00"/>
        <vehicle id="2" x="401.65" y="303.72" angle="180.00" type="DEFAULT_VEHTYPE" speed="12.61" pos="98.97" lane="2/1to2/2_0" slope="0.00"/>
        <vehicle id="3" x="598.35" y="110.74" angle="0.00" type="DEFAULT_VEHTYPE" speed="13.46" pos="84.51" lane="3/1to3/0_0" slope="0.00"/>
        <vehicle id="4" x="127.25" y="201.65" angle="-90.00" type="DEFAULT_VEHTYPE" speed="13.79" pos="68.00" lane="1/1to0/1_0" slope="0.00"/>
        <vehicle id="5" x="63.46" y="198.35" angle="90.00" type="DEFAULT_VEHTYPE" speed="13.16" pos="63.46" lane="0/1to1/1_0" slope="0.00"/>
        <vehicle id="6" x="150.81" y="601.65" angle="-90.00" type="DEFAULT_VEHTYPE" speed="11.57" pos="44.44" lane="1/3to0/3_0" slope="0.00"/>
        <vehicle id="7" x="442.58" y="198.35" angle="90.00" type="DEFAULT_VEHTYPE" speed="10.91" pos="37.83" lane="2/1to3/1_0" slope="0.00"/>
        <vehicle id="8" x="598.35" y="172.84" angle="0.00" type="DEFAULT_VEHTYPE" speed="7.57" pos="22.41" lane="3/1to3/0_0" slope="0.00"/>
        <vehicle id="9" x="578.95" y="201.65" angle="-90.00" type="DEFAULT_VEHTYPE" speed="5.89" pos="16.30" lane="3/1to2/1_0" slope="0.00"/>
    </timestep>
    <timestep time="13.00">
        <vehicle id="0" x="540.64" y="598.35" angle="90.00" type="DEFAULT_VEHTYPE" speed="12.96" pos="135.89" lane="2/3to3/3_0" slope="0.00"/>
        <vehicle id="1" x="598.35" y="262.39" angle="0.00" type="DEFAULT_VEHTYPE" speed="13.44" pos="132.86" lane="3/2to3/1_0" slope="0.00"/>
        <vehicle id="10" x="588.62" y="201.65" angle="-90.00" type="DEFAULT_VEHTYPE" speed="1.53" pos="6.63" lane="3/1to2/1_0" slope="0.00"/>
        <vehicle id="11" x="198.35" y="583.10" angle="0.00" type="DEFAULT_VEHTYPE" speed="4.55" pos="12.15" lane="1/3to1/2_0" slope="0.00"/>
        <vehicle id="12" x="198.35" y="388.02" angle="0.00" type="DEFAULT_VEHTYPE" speed="2.13" pos="7.23" lane="1/2to1/1_0" slope="0.00"/>
        <vehicle id="13" x="794.90" y="401.65" angle="-90.00" type="DEFAULT_VEHTYPE" speed="0.00" pos="5.10" lane="4/2to3/2_0" slope="0.00"/>
        <vehicle id="2" x="401.65" y="317.25" angle="180.00" type="DEFAULT_VEHTYPE" speed="13.52" pos="112.50" lane="2/1to2/2_0" slope="0.00"/>
        <vehicle id="3" x="598.35" y="97.73" angle="0.00" type="DEFAULT_VEHTYPE" speed="13.02" pos="97.52" lane="3/1to3/0_0" slope="0.00"/>
        <vehicle id="4" x="113.90" y="201.65" angle="-90.00" type="DEFAULT_VEHTYPE" speed="13.35" pos="81.35" lane="1/1to0/1_0" slope="0.00"/>
        <vehicle id="5" x="76.56" y="198.35" angle="90.00" type="DEFAULT_VEHTYPE" speed="13.10" pos="76.56" lane="0/1to1/1_0" slope="0.00"/>
        <vehicle id="6" x="137.41" y="601.65" angle="-90.00" type="DEFAULT_VEHTYPE" speed="13.39" pos="57.84" lane="1/3to0/3_0" slope="0.00"/>
        <vehicle id="7" x="455.43" y="198.35" angle="90.00" type="DEFAULT_VEHTYPE" speed="12.84" pos="50.68" lane="2/1to3/1_0" slope="0.00"/>
        <vehicle id="8" x="598.35" y="162.95" angle="0.00" type="DEFAULT_VEHTYPE" speed="9.89" pos="32.30" lane="3/1to3/0_0" slope="0.00"/>
        <vehicle id="9" x="571.21" y="201.65" angle="-90.00" type="DEFAULT_VEHTYPE" speed="7.73" pos="24.04" lane="3/1to2/1_0" slope="0.00"/>
    </timestep>
    <timestep time="14.00">
        <vehicle id="0" x="553.27" y="598.35" angle="90.00" type="DEFAULT_VEHTYPE" speed="12.63" pos="148.52" lane="2/3to3/3_0" slope="0.00"/>
        <vehicle id="1" x="598.35" y="248.52" angle="0.00" type="DEFAULT_VEHTYPE" speed="13.87" pos="146.73" lane="3/2to3/1_0" slope="0.00"/>
        <vehicle id="10" x="585.42" y="201.65" angle="-90.00" type="DEFAULT_VEHTYPE" speed="3.20" pos="9.83" lane="3/1to2/1_0" slope="0.00"/>
        <vehicle id="11" x="198.35" y="577.08" angle="0.00" type="DEFAULT_VEHTYPE" speed="6.02" pos="18.17" lane="1/3to1/2_0" slope="0.00"/>
        <vehicle id="12" x="198.35" y="384.05" angle="0.00" type="DEFAULT_VEHTYPE" speed="3.98" pos="11.20" lane="1/2to1/1_0" slope="0.00"/>
        <vehicle id="13" x="793.56" y="401.65" angle="-90.00" type="DEFAULT_VEHTYPE" speed="1.34" pos="6.44" lane="4/2to3/2_0" slope="0.00"/>
        <vehicle id="14" x="5.10" y="598.35" angle="90.00" type="DEFAULT_VEHTYPE" speed="0.00" pos="5.10" lane="0/3to1/3_0" slope="0.00"/>
        <vehicle id="2" x="401.65" y="330.75" angle="180.00" type="DEFAULT_VEHTYPE" speed="13.51" pos="126.00" lane="2/1to2/2_0" slope="0.00"/>
        <vehicle id="3" x="598.35" y="84.96" angle="0.00" type="DEFAULT_VEHTYPE" speed="12.76" pos="110.29" lane="3/1to3/0_0" slope="0.00"/>
        <vehicle id="4" x="100.81" y="201.65" angle="-90.00" type="DEFAULT_VEHTYPE" speed="13.09" pos="94.44" lane="1/1to0/1_0" slope="0.00"/>
        <vehicle id="5" x="89.25" y="198.35" angle="90.00" type="DEFAULT_VEHTYPE" speed="12.70" pos="89.25" lane="0/1to1/1_0" slope="0.00"/>
        <vehicle id="6" x="124.15" y="601.65" angle="-90.00" type="DEFAULT_VEHTYPE" speed="13.26" pos="71.10" lane="1/3to0/3_0" slope="0.00"/>
        <vehicle id="7" x="468.77" y="198.35" angle="90.00" type="DEFAULT_VEHTYPE" speed="13.35" pos="64.02" lane="2/1to3/1_0" slope="0.00"/>
        <vehicle id="8" x="598.35" y="150.59" angle="0.00" type="DEFAULT_VEHTYPE" speed="12.36" pos="44.66" lane="3/1to3/0_0" slope="0.00"/>
        <vehicle id="9" x="561.47" y="201.65" angle="-90.00" type="DEFAULT_VEHTYPE" speed="9.74" pos="33.78" lane="3/1to2/1_0" slope="0.00"/>
    </timestep>
    <timestep time="15.00">
        <vehicle id="0" x="566.79" y="598.35" angle="90.00" type="DEFAULT_VEHTYPE" speed="13.51" pos="162.04" lane="2/3to3/3_0" slope="0.00"/>
        <vehicle id="1" x="598.35" y="235.15" angle="0.00" type="DEFAULT_VEHTYPE" speed="13.37" pos="160.10" lane="3/2to3/1_0" slope="0.00"/>
        <vehicle id="10" x="580.54" y="201.65" angle="-90.00" type="DEFAULT_VEHTYPE" speed="4.88" pos="14.71" lane="3/1to2/1_0" slope="0.00"/>
        <vehicle id="11" x="198.35" y="569.39" angle="0.00" type="DEFAULT_VEHTYPE" speed="7.69" pos="25.86" lane="1/3to1/2_0" slope="0.00"/>
        <vehicle id="12" x="198.35" y="377.65" angle="0.00" type="DEFAULT_VEHTYPE" speed="6.40" pos="17.60" lane="1/2to1/1_0" slope="0.00"/>
        <vehicle id="13" x="790.77" y="401.65" angle="-90.00" type="DEFAULT_VEHTYPE" speed="2.79" pos="9.23" lane="4/2to3/2_0" slope="0.00"/>
        <vehicle id="14" x="7.22" y="598.35" angle="90.00" type="DEFAULT_VEHTYPE" speed="2.12" pos="7.22" lane="0/3to1/3_0" slope="0.00"/>
        <vehicle id="2" x="401.65" y="344.21" angle="180.00" type="DEFAULT_VEHTYPE" speed="13.45" pos="139.46" lane="2/1to2/2_0" slope="0.00"/>
        <vehicle id="3" x="598.35" y="71.20" angle="0.00" type="DEFAULT_VEHTYPE" speed="13.77" pos="124.05" lane="3/1to3/0_0" slope="0.00"/>
        <vehicle id="4" x="87.51" y="201.65" angle="-90.00" type="DEFAULT_VEHTYPE" speed="13.29" pos="107.74" lane="1/1to0/1_0" slope="0.00"/>
        <vehicle id="5" x="102.29" y="198.35" angle="90.00" type="DEFAULT_VEHTYPE" speed="13.04" pos="102.29" lane="0/1to1/1_0" slope="0.00"/>
        <vehicle id="6" x="111.27" y="601.65" angle="-90.00" type="DEFAULT_VEHTYPE" speed="12.88" pos="83.98" lane="1/3to0/3_0" slope="0.00"/>
        <vehicle id="7" x="482.31" y="198.35" angle="90.00" type="DEFAULT_VEHTYPE" speed="13.53" pos="77.56" lane="2/1to3/1_0" slope="0.00"/>
        <vehicle id="8" x="598.35" y="137.60" angle="0.00" type="DEFAULT_VEHTYPE" speed="12.99" pos="57.65" lane="3/1to3/0_0" slope="0.00"/>
        <vehicle id="9" x="549.30" y="201.65" angle="-90.00" type="DEFAULT_VEHTYPE" speed="12.18" pos="45.95" lane="3/1to2/1_0" slope="0.00"/>
    </timestep>
    <timestep time="16.00">
        <vehicle id="0" x="577.60" y="598.35" angle="90.00" type="DEFAULT_VEHTYPE" speed="10.81" pos="172.85" lane="2/3to3/3_0" slope="0.00"/>
        <vehicle id="1" x="598.35" y="223.23" angle="0.00" type="DEFAULT_VEHTYPE" speed="11.92" pos="172.02" lane="3/2to3/1_0" slope="0.00"/>
        <vehicle id="10" x="573.93" y="201.65" angle="-90.00" type="DEFAULT_VEHTYPE" speed="6.61" pos="21.32" lane="3/1to2/1_0" slope="0.00"/>
        <vehicle id="11" x="198.35" y="559.87" angle="0.00" type="DEFAULT_VEHTYPE" speed="9.52" pos="35.38" lane="1/3to1/2_0" slope="0.00"/>
        <vehicle id="12" x="198.35" y="369.01" angle="0.00" type="DEFAULT_VEHTYPE" speed="8.64" pos="26.24" lane="1/2to1/1_0" slope="0.00"/>
        <vehicle id="13" x="785.88" y="401.65" angle="-90.00" type="DEFAULT_VEHTYPE" speed="4.90" pos="14.12" lane="4/2to3/2_0" slope="0.00"/>
        <vehicle id="14" x="11.05" y="598.35" angle="90.00" type="DEFAULT_VEHTYPE" speed="3.83" pos="11.05" lane="0/3to1/3_0" slope="0.00"/>
        <vehicle id="2" x="401.65" y="357.60" angle="180.00" type="DEFAULT_VEHTYPE" speed="13.39" pos="152.85" lane="2/1to2/2_0" slope="0.00"/>
        <vehicle id="3" x="598.35" y="58.57" angle="0.00" type="DEFAULT_VEHTYPE" speed="12.63" pos="136.68" lane="3/1to3/0_0" slope="0.00"/>
        <vehicle id="4" x="74.71" y="201.65" angle="-90.00" type="DEFAULT_VEHTYPE" speed="12.80" pos="120.54" lane="1/1to0/1_0" slope="0.00"/>
        <vehicle id="5" x="115.99" y="198.35" angle="90.00" type="DEFAULT_VEHTYPE" speed="13.70" pos="115.99" lane="0/1to1/1_0" slope="0.00"/>
        <vehicle id="6" x="98.54" y="601.65" angle="-90.00" type="DEFAULT_VEHTYPE" speed="12.72" pos="96.71" lane="1/3to0/3_0" slope="0.00"/>
        <vehicle id="7" x="495.76" y="198.35" angle="90.00" type="DEFAULT_VEHTYPE" speed="13.45" pos="91.01" lane="2/1to3/1_0" slope="0.00"/>
        <vehicle id="8" x="598.35" y="124.58" angle="0.00" type="DEFAULT_VEHTYPE" speed="13.02" pos="70.67" lane="3/1to3/0_0" slope="0.00"/>
        <vehicle id="9" x="535.96" y="201.65" angle="-90.00" type="DEFAULT_VEHTYPE" speed="13.34" pos="59.29" lane="3/1to2/1_0" slope="0.00"/>
    </timestep>
    <timestep time="17.00">
        <vehicle id="0" x="584.84" y="598.35" angle="90.00" type="DEFAULT_VEHTYPE" speed="7.24" pos="180.09" lane="2/3to3/3_0" slope="0.00"/>
        <vehicle id="1" x="598.35" y="215.67" angle="0.00" type="DEFAULT_VEHTYPE" speed="7.57" pos="179.58" lane="3/2to3/1_0" slope="0.00"/>
        <vehicle id="10" x="565.99" y="201.65" angle="-90.00" type="DEFAULT_VEHTYPE" speed="7.94" pos="29.26" lane="3/1to2/1_0" slope="0.00"/>
        <vehicle id="11" x="198.35" y="548.37" angle="0.00" type="DEFAULT_VEHTYPE" speed="11.50" pos="46.88" lane="1/3to1/2_0" slope="0.00"/>
        <vehicle id="12" x="198.35" y="358.95" angle="0.00" type="DEFAULT_VEHTYPE" speed="10.06" pos="36.30" lane="1/2to1/1_0" slope="0.00"/>
        <vehicle id="13" x="778.60" y="401.65" angle="-90.00" type="DEFAULT_VEHTYPE" speed="7.28" pos="21.40" lane="4/2to3/2_0" slope="0.00"/>
        <vehicle id="14" x="17.03" y="598.35" angle="90.00" type="DEFAULT_VEHTYPE" speed="5.98" pos="17.03" lane="0/3to1/3_0" slope="0.00"/>
        <vehicle id="2" x="401.65" y="371.37" angle="180.00" type="DEFAULT_VEHTYPE" speed="13.77" pos="166.62" lane="2/1to2/2_0" slope="0.00"/>
        <vehicle id="3" x="598.35" y="45.50" angle="0.00" type="DEFAULT_VEHTYPE" speed="13.07" pos="149.75" lane="3/1to3/0_0" slope="0.00"/>
        <vehicle id="4" x="61.88" y="201.65" angle="-90.00" type="DEFAULT_VEHTYPE" speed="12.83" pos="133.37" lane="1/1to0/1_0" slope="0.00"/>
        <vehicle id="5" x="128.67" y="198.35" angle="90.00" type="DEFAULT_VEHTYPE" speed="12.67" pos="128.67" lane="0/1to1/1_0" slope="0.00"/>
        <vehicle id="6" x="85.36" y="601.65" angle="-90.00" type="DEFAULT_VEHTYPE" speed="13.19" pos="109.89" lane="1/3to0/3_0" slope="0.00"/>
        <vehicle id="7" x="509.64" y="198.35" angle="90.00" type="DEFAULT_VEHTYPE" speed="13.88" pos="104.89" lane="2/1to3/1_0" slope="0.00"/>
        <vehicle id="8" x="598.35" y="111.79" angle="0.00" type="DEFAULT_VEHTYPE" speed="12.79" pos="83.46" lane="3/1to3/0_0" slope="0.00"/>
        <vehicle id="9" x="523.21" y="201.65" angle="-90.00" type="DEFAULT_VEHTYPE" speed="12.75" pos="72.04" lane="3/1to2/1_0" slope="0.00"/>
    </timestep>
    <timestep time="18.00">
        <vehicle id="0" x="588.87" y="598.35" angle="90.00" type="DEFAULT_VEHTYPE" speed="4.02" pos="184.12" lane="2/3to3/3_0" slope="0.00"/>
        <vehicle id="1" x="598.35" y="210.98" angle="0.00" type="DEFAULT_VEHTYPE" speed="4.69" pos="184.27" lane="3/2to3/1_0" slope="0.00"/>
        <vehicle id="10" x="555.99" y="201.65" angle="-90.00" type="DEFAULT_VEHTYPE" speed="10.00" pos="39.26" lane="3/1to2/1_0" slope="0.00"/>
        <vehicle id="11" x="198.35" y="535.58" angle="0.00" type="DEFAULT_VEHTYPE" speed="12.79" pos="59.67" lane="1/3to1/2_0" slope="0.00"/>
        <vehicle id="12" x="198.35" y="347.36" angle="0.00" type="DEFAULT_VEHTYPE" speed="11.60" pos="47.89" lane="1/2to1/1_0" slope="0.00"/>
        <vehicle id="13" x="769.23" y="401.65" angle="-90.00" type="DEFAULT_VEHTYPE" speed="9.37" pos="30.77" lane="4/2to3/2_0" slope="0.00"/>
        <vehicle id="14" x="24.32" y="598.35" angle="90.00" type="DEFAULT_VEHTYPE" speed="7.29" pos="24.32" lane="0/3to1/3_0" slope="0.00"/>
        <vehicle id="2" x="401.65" y="384.83" angle="180.00" type="DEFAULT_VEHTYPE" speed="13.46" pos="180.08" lane="2/1to2/2_0" slope="0.00"/>
        <vehicle id="3" x="598.35" y="32.46" angle="0.00" type="DEFAULT_VEHTYPE" speed="13.04" pos="162.79" lane="3/1to3/0_0" slope="0.00"/>
        <vehicle id="4" x="49.18" y="201.65" angle="-90.00" type="DEFAULT_VEHTYPE" speed="12.71" pos="146.07" lane="1/1to0/1_0" slope="0.00"/>
        <vehicle id="5" x="142.55" y="198.35" angle="90.00" type="DEFAULT_VEHTYPE" speed="13.88" pos="142.55" lane="0/1to1/1_0" slope="0.00"/>
        <vehicle id="6" x="72.09" y="601.65" angle="-90.00" type="DEFAULT_VEHTYPE" speed="13.27" pos="123.16" lane="1/3to0/3_0" slope="0.00"/>
        <vehicle id="7" x="522.36" y="198.35" angle="90.00" type="DEFAULT_VEHTYPE" speed="12.72" pos="117.61" lane="2/1to3/1_0" slope="0.00"/>
        <vehicle id="8" x="598.35" y="97.89" angle="0.00" type="DEFAULT_VEHTYPE" speed="13.90" pos="97.36" lane="3/1to3/0_0" slope="0.00"/>
        <vehicle id="9" x="509.46" y="201.65" angle="-90.00" type="DEFAULT_VEHTYPE" speed="13.75" pos="85.79" lane="3/1to2/1_0" slope="0.00"/>
    </timestep>
    <timestep time="19.00">
        <vehicle id="0" x="594.86" y="598.35" angle="90.00" type="DEFAULT_VEHTYPE" speed="5.99" pos="190.11" lane="2/3to3/3_0" slope="0.00"/>
        <vehicle id="1" x="598.35" y="204.91" angle="0.00" type="DEFAULT_VEHTYPE" speed="6.07" pos="190.34" lane="3/2to3/1_0" slope="0.00"/>
        <vehicle id="10" x="543.80" y="201.65" angle="-90.00" type="DEFAULT_VEHTYPE" speed="12.18" pos="51.45" lane="3/1to2/1_0" slope="0.00"/>
        <vehicle id="11" x="198.35" y="522.26" angle="0.00" type="DEFAULT_VEHTYPE" speed="13.32" pos="72.99" lane="1/3to1/2_0" slope="0.00"/>
        <vehicle id="12" x="198.35" y="333.93" angle="0.00" type="DEFAULT_VEHTYPE" speed="13.42" pos="61.32" lane="1/2to1/1_0" slope="0.00"/>
        <vehicle id="13" x="758.30" y="401.65" angle="-90.00" type="DEFAULT_VEHTYPE" speed="10.93" pos="41.70" lane="4/2to3/2_0" slope="0.00"/>
        <vehicle id="14" x="34.00" y="598.35" angle="90.00" type="DEFAULT_VEHTYPE" speed="9.68" pos="34.00" lane="0/3to1/3_0" slope="0.00"/>
        <vehicle id="2" x="401.65" y="397.71" angle="180.00" type="DEFAULT_VEHTYPE" speed="12.88" pos="2.46" lane=":2/2_9_0" slope="0.00"/>
        <vehicle id="3" x="598.35" y="19.65" angle="0.00" type="DEFAULT_VEHTYPE" speed="12.80" pos="175.60" lane="3/1to3/0_0" slope="0.00"/>
        <vehicle id="4" x="35.71" y="201.65" angle="-90.00" type="DEFAULT_VEHTYPE" speed="13.47" pos="159.54" lane="1/1to0/1_0" slope="0.00"/>
        <vehicle id="5" x="156.18" y="198.35" angle="90.00" type="DEFAULT_VEHTYPE" speed="13.63" pos="156.18" lane="0/1to1/1_0" slope="0.00"/>
        <vehicle id="6" x="58.39" y="601.65" angle="-90.00" type="DEFAULT_VEHTYPE" speed="13.70" pos="136.86" lane="1/3to0/3_0" slope="0.00"/>
        <vehicle id="7" x="535.68" y="198.35" angle="90.00" type="DEFAULT_VEHTYPE" speed="13.32" pos="130.93" lane="2/1to3/1_0" slope="0.00"/>
        <vehicle id="8" x="598.35" y="84.59" angle="0.00" type="DEFAULT_VEHTYPE" speed="13.30" pos="110.66" lane="3/1to3/0_0" slope="0.00"/>
        <vehicle id="9" x="496.50" y="201.65" angle="-90.00" type="DEFAULT_VEHTYPE" speed="12.96" pos="98.75" lane="3/1to2/1_0" slope="0.00"/>
    </timestep>
    <timestep time="20.00">
        <vehicle id="0" x="598.35" y="592.81" angle="9.70" type="DEFAULT_VEHTYPE" speed="7.84" pos="2.44" lane="3/3to3/2_0" slope="0.00"/>
        <vehicle id="1" x="601.65" y="208.29" angle="170.39" type="DEFAULT_VEHTYPE" speed="8.52" pos="3.54" lane="3/1to3/2_0" slope="0.00"/>
        <vehicle id="10" x="530.51" y="201.65" angle="-90.00" type="DEFAULT_VEHTYPE" speed="13.29" pos="64.74" lane="3/1to2/1_0" slope="0.00"/>
        <vehicle id="11" x="198.35" y="508.67" angle="0.00" type="DEFAULT_VEHTYPE" speed="13.59" pos="86.58" lane="1/3to1/2_0" slope="0.00"/>
        <vehicle id="12" x="198.35" y="321.26" angle="0.00" type="DEFAULT_VEHTYPE" speed="12.68" pos="73.99" lane="1/2to1/1_0" slope="0.00"/>
        <vehicle id="13" x="745.06" y="401.65" angle="-90.00" type="DEFAULT_VEHTYPE" speed="13.24" pos="54.94" lane="4/2to3/2_0" slope="0.00"/>
        <vehicle id="14" x="45.09" y="598.35" angle="90.00" type="DEFAULT_VEHTYPE" speed="11.09" pos="45.09" lane="0/3to1/3_0" slope="0.00"/>
        <vehicle id="2" x="401.65" y="410.87" angle="180.00" type="DEFAULT_VEHTYPE" speed="13.16" pos="6.12" lane="2/2to2/3_0" slope="0.00"/>
        <vehicle id="3" x="598.35" y="6.01" angle="0.00" type="DEFAULT_VEHTYPE" speed="13.65" pos="189.24" lane="3/1to3/0_0" slope="0.00"/>
        <vehicle id="4" x="23.00" y="201.65" angle="-90.00" type="DEFAULT_VEHTYPE" speed="12.70" pos="172.25" lane="1/1to0/1_0" slope="0.00"/>
        <vehicle id="5" x="169.66" y="198.35" angle="90.00" type="DEFAULT_VEHTYPE" speed="13.48" pos="169.66" lane="0/1to1/1_0" slope="0.00"/>
        <vehicle id="6" x="44.82" y="601.65" angle="-90.00" type="DEFAULT_VEHTYPE" speed="13.57" pos="150.43" lane="1/3to0/3_0" slope="0.00"/>
        <vehicle id="7" x="548.47" y="198.35" angle="90.00" type="DEFAULT_VEHTYPE" speed="12.79" pos="143.72" lane="2/1to3/1_0" slope="0.00"/>
        <vehicle id="8" x="598.35" y="70.99" angle="0.00" type="DEFAULT_VEHTYPE" speed="13.60" pos="124.26" lane="3/1to3/0_0" slope="0.00"/>
        <vehicle id="9" x="482.85" y="201.65" angle="-90.00" type="DEFAULT_VEHTYPE" speed="13.65" pos="112.40" lane="3/1to2/1_0" slope="0.00"/>
    </timestep>
    <timestep time="21.00">
        <vehicle id="0" x="598.35" y="582.48" angle="0.00" type="DEFAULT_VEHTYPE" speed="10.33" pos="12.77" lane="3/3to3/2_0" slope="0.00"/>
        <vehicle id="1" x="601.65" y="218.85" angle="180.00" type="DEFAULT_VEHTYPE" speed="10.56" pos="14.10" lane="3/1to3/2_0" slope="0.00"/>
        <vehicle id="10" x="517.57" y="201.65" angle="-90.00" type="DEFAULT_VEHTYPE" speed="12.94" pos="77.68" lane="3/1to2/1_0" slope="0.00"/>
        <vehicle id="11" x="198.35" y="494.92" angle="0.00" type="DEFAULT_VEHTYPE" speed="13.74" pos="100.33" lane="1/3to1/2_0" slope="0.00"/>
        <vehicle id="12" x="198.35" y="307.95" angle="0.00" type="DEFAULT_VEHTYPE" speed="13.31" pos="87.30" lane="1/2to1/1_0" slope="0.00"/>
        <vehicle id="13" x="731.17" y="401.65" angle="-90.00" type="DEFAULT_VEHTYPE" speed="13.89" pos="68.83" lane="4/2to3/2_0" slope="0.00"/>
        <vehicle id="14" x="58.01" y="598.35" angle="90.00" type="DEFAULT_VEHTYPE" speed="12.92" pos="58.01" lane="0/3to1/3_0" slope="0.00"/>
        <vehicle id="2" x="401.65" y="423.74" angle="180.00" type="DEFAULT_VEHTYPE" speed="12.87" pos="18.99" lane="2/2to2/3_0" slope="0.00"/>
        <vehicle id="3" x="601.65" y="2.55" angle="158.01" type="DEFAULT_VEHTYPE" speed="13.38" pos="2.55" lane="3/0to3/1_0" slope="0.00"/>
        <vehicle id="4" x="9.21" y="201.65" angle="-90.00" type="DEFAULT_VEHTYPE" speed="13.79" pos="186.04" lane="1/1to0/1_0" slope="0.00"/>
        <vehicle id="5" x="179.52" y="198.35" angle="90.00" type="DEFAULT_VEHTYPE" speed="9.86" pos="179.52" lane="0/1to1/1_0" slope="0.00"/>
        <vehicle id="6" x="30.96" y="601.65" angle="-90.00" type="DEFAULT_VEHTYPE" speed="13.85" pos="164.29" lane="1/3to0/3_0" slope="0.00"/>
        <vehicle id="7" x="561.40" y="198.35" angle="90.00" type="DEFAULT_VEHTYPE" speed="12.93" pos="156.65" lane="2/1to3/1_0" slope="0.00"/>
        <vehicle id="8" x="598.35" y="58.12" angle="0.00" type="DEFAULT_VEHTYPE" speed="12.87" pos="137.13" lane="3/1to3/0_0" slope="0.00"/>
        <vehicle id="9" x="469.81" y="201.65" angle="-90.00" type="DEFAULT_VEHTYPE" speed="13.03" pos="125.44" lane="3/1to2/1_0" slope="0.00"/>
    </timestep>
    <timestep time="22.00">
        <vehicle id="0" x="598.35" y="570.78" angle="0.00" type="DEFAULT_VEHTYPE" speed="11.70" pos="24.47" lane="3/3to3/2_0" slope="0.00"/>
        <vehicle id="1" x="601.65" y="230.84" angle="180.00" type="DEFAULT_VEHTYPE" speed="11.99" pos="26.09" lane="3/1to3/2_0" slope="0.00"/>
        <vehicle id="10" x="503.81" y="201.65" angle="-90.00" type="DEFAULT_VEHTYPE" speed="13.76" pos="91.44" lane="3/1to2/1_0" slope="0.00"/>
        <vehicle id="11" x="198.35" y="481.04" angle="0.00" type="DEFAULT_VEHTYPE" speed="13.88" pos="114.21" lane="1/3to1/2_0" slope="0.00"/>
        <vehicle id="12" x="198.35" y="294.80" angle="0.00" type="DEFAULT_VEHTYPE" speed="13.15" pos="100.45" lane="1/2to1/1_0" slope="0.00"/>
        <vehicle id="13" x="717.57" y="401.65" angle="-90.00" type="DEFAULT_VEHTYPE" speed="13.60" pos="82.43" lane="4/2to3/2_0" slope="0.00"/>
        <vehicle id="14" x="71.20" y="598.35" angle="90.00" type="DEFAULT_VEHTYPE" speed="13.19" pos="71.20" lane="0/3to1/3_0" slope="0.00"/>
        <vehicle id="2" x="401.65" y="437.35" angle="180.00" type="DEFAULT_VEHTYPE" speed="13.61" pos="32.60" lane="2/2to2/3_0" slope="0.00"/>
        <vehicle id="3" x="601.65" y="15.26" angle="180.00" type="DEFAULT_VEHTYPE" speed="12.71" pos="15.26" lane="3/0to3/1_0" slope="0.00"/>
        <vehicle id="4" x="-0.76" y="198.86" angle="-33.76" type="DEFAULT_VEHTYPE" speed="13.11" pos="3.90" lane=":0/1_0_0" slope="0.00"/>
        <vehicle id="5" x="186.58" y="198.35" angle="90.00" type="DEFAULT_VEHTYPE" speed="7.05" pos="186.58" lane="0/1to1/1_0" slope="0.00"/>
        <vehicle id="6" x="18.34" y="601.65" angle="-90.00" type="DEFAULT_VEHTYPE" speed="12.62" pos="176.91" lane="1/3to0/3_0" slope="0.00"/>
        <vehicle id="7" x="573.78" y="198.35" angle="90.00" type="DEFAULT_VEHTYPE" speed="12.38" pos="169.03" lane="2/1to3/1_0" slope="0.00"/>
        <vehicle id="8" x="598.35" y="45.18" angle="0.00" type="DEFAULT_VEHTYPE" speed="12.94" pos="150.07" lane="3/1to3/0_0" slope="0.00"/>
        <vehicle id="9" x="456.60" y="201.65" angle="-90.00" type="DEFAULT_VEHTYPE" speed="13.21" pos="138.65" lane="3/1to2/1_0" slope="0.00"/>
    </timestep>
    <timestep time="23.00">
        <vehicle id="0" x="598.35" y="557.35" angle="0.00" type="DEFAULT_VEHTYPE" speed="13.42" pos="37.90" lane="3/3to3/2_0" slope="0.00"/>
        <vehicle id="1" x="601.65" y="244.72" angle="180.00" type="DEFAULT_VEHTYPE" speed="13.88" pos="39.97" lane="3/1to3/2_0" slope="0.00"/>
        <vehicle id="10" x="490.49" y="201.65" angle="-90.00" type="DEFAULT_VEHTYPE" speed="13.32" pos="104.76" lane="3/1to2/1_0" slope="0.00"/>
        <vehicle id="11" x="198.35" y="468.12" angle="0.00" type="DEFAULT_VEHTYPE" speed="12.91" pos="127.13" lane="1/3to1/2_0" slope="0.00"/>
        <vehicle id="12" x="198.35" y="281.98" angle="0.00" type="DEFAULT_VEHTYPE" speed="12.82" pos="113.27" lane="1/2to1/1_0" slope="0.00"/>
        <vehicle id="13" x="704.08" y="401.65" angle="-90.00" type="DEFAULT_VEHTYPE" speed="13.50" pos="95.92" lane="4/2to3/2_0" slope="0.00"/>
        <vehicle id="14" x="83.88" y="598.35" angle="90.00" type="DEFAULT_VEHTYPE" speed="12.68" pos="83.88" lane="0/3to1/3_0" slope="0.00"/>
        <vehicle id="2" x="401.65" y="450.97" angle="180.00" type="DEFAULT_VEHTYPE" speed="13.62" pos="46.22" lane="2/2to2/3_0" slope="0.00"/>
        <vehicle id="3" x="601.65" y="28.41" angle="180.00" type="DEFAULT_VEHTYPE" speed="13.15" pos="28.41" lane="3/0to3/1_0" slope="0.00"/>
        <vehicle id="4" x="12.92" y="198.35" angle="90.00" type="DEFAULT_VEHTYPE" speed="13.84" pos="12.92" lane="0/1to1/1_0" slope="0.00"/>
        <vehicle id="5" x="190.54" y="198.35" angle="90.00" type="DEFAULT_VEHTYPE" speed="3.96" pos="190.54" lane="0/1to1/1_0" slope="0.00"/>
        <vehicle id="6" x="4.89" y="601.65" angle="-90.00" type="DEFAULT_VEHTYPE" speed="13.45" pos="190.36" lane="1/3to0/3_0" slope="0.00"/>
        <vehicle id="7" x="582.75" y="198.35" angle="90.00" type="DEFAULT_VEHTYPE" speed="8.98" pos="178.00" lane="2/1to3/1_0" slope="0.00"/>
        <vehicle id="8" x="598.35" y="31.58" angle="0.00" type="DEFAULT_VEHTYPE" speed="13.60" pos="163.67" lane="3/1to3/0_0" slope="0.00"/>
        <vehicle id="9" x="443.09" y="201.65" angle="-90.00" type="DEFAULT_VEHTYPE" speed="13.51" pos="152.16" lane="3/1to2/1_0" slope="0.00"/>
    </timestep>
    <timestep time="24.00">
        <vehicle id="0" x="598.35" y="544.07" angle="0.00" type="DEFAULT_VEHTYPE" speed="13.28" pos="51.18" lane="3/3to3/2_0" slope="0.00"/>
        <vehicle id="1" x="601.65" y="257.71" angle="180.00" type="DEFAULT_VEHTYPE" speed="12.98" pos="52.96" lane="3/1to3/2_0" slope="0.00"/>
        <vehicle id="10" x="476.96" y="201.65" angle="-90.00" type="DEFAULT_VEHTYPE" speed="13.53" pos="118.29" lane="3/1to2/1_0" slope="0.00"/>
        <vehicle id="11" x="198.35" y="455.26" angle="0.00" type="DEFAULT_VEHTYPE" speed="12.87" pos="139.99" lane="1/3to1/2_0" slope="0.00"/>
        <vehicle id="12" x="198.35" y="268.79" angle="0.00" type="DEFAULT_VEHTYPE" speed="13.19" pos="126.46" lane="1/2to1/1_0" slope="0.00"/>
        <vehicle id="13" x="690.93" y="401.65" angle="-90.00" type="DEFAULT_VEHTYPE" speed="13.14" pos="109.07" lane="4/2to3/2_0" slope="0.00"/>
        <vehicle id="14" x="97.12" y="598.35" angle="90.00" type="DEFAULT_VEHTYPE" speed="13.24" pos="97.12" lane="0/3to1/3_0" slope="0.00"/>
        <vehicle id="2" x="401.65" y="463.84" angle="180.00" type="DEFAULT_VEHTYPE" speed="12.86" pos="59.09" lane="2/2to2/3_0" slope="0.00"/>
        <vehicle id="3" x="601.65" y="41.69" angle="180.00" type="DEFAULT_VEHTYPE" speed="13.28" pos="41.69" lane="3/0to3/1_0" slope="0.00"/>
        <vehicle id="4" x="26.78" y="198.35" angle="90.00" type="DEFAULT_VEHTYPE" speed="13.86" pos="26.78" lane="0/1to1/1_0" slope="0.00"/>
        <vehicle id="5" x="195.91" y="198.35" angle="90.00" type="DEFAULT_VEHTYPE" speed="5.37" pos="0.66" lane=":1/1_13_0" slope="0.00"/>
        <vehicle id="6" x="3.93" y="598.35" angle="83.01" type="DEFAULT_VEHTYPE" speed="13.64" pos="3.93" lane="0/3to1/3_0" slope="0.00"/>
        <vehicle id="7" x="588.31" y="198.35" angle="90.00" type="DEFAULT_VEHTYPE" speed="5.55" pos="183.56" lane="2/1to3/1_0" slope="0.00"/>
        <vehicle id="8" x="598.35" y="17.72" angle="0.00" type="DEFAULT_VEHTYPE" speed="13.86" pos="177.53" lane="3/1to3/0_0" slope="0.00"/>
        <vehicle id="9" x="429.24" y="201.65" angle="-90.00" type="DEFAULT_VEHTYPE" speed="13.85" pos="166.01" lane="3/1to2/1_0" slope="0.00"/>
    </timestep>
    <timestep time="25.00">
        <vehicle id="0" x="598.35" y="531.33" angle="0.00" type="DEFAULT_VEHTYPE" speed="12.74" pos="63.92" lane="3/3to3/2_0" slope="0.00"/>
        <vehicle id="1" x="601.65" y="270.75" angle="180.00" type="DEFAULT_VEHTYPE" speed="13.05" pos="66.00" lane="3/1to3/2_0" slope="0.00"/>
        <vehicle id="10" x="463.45" y="201.65" angle="-90.00" type="DEFAULT_VEHTYPE" speed="13.52" pos="131.80" lane="3/1to2/1_0" slope="0.00"/>
        <vehicle id="11" x="198.35" y="441.64" angle="0.00" type="DEFAULT_VEHTYPE" speed="13.62" pos="153.61" lane="1/3to1/2_0" slope="0.00"/>
        <vehicle id="12" x="198.35" y="255.30" angle="0.00" type="DEFAULT_VEHTYPE" speed="13.49" pos="139.95" lane="1/2to1/1_0" slope="0.00"/>
        <vehicle id="13" x="677.88" y="401.65" angle="-90.00" type="DEFAULT_VEHTYPE" speed="13.05" pos="122.12" lane="4/2to3/2_0" slope="0.00"/>
        <vehicle id="14" x="109.73" y="598.35" angle="90.00" type="DEFAULT_VEHTYPE" speed="12.61" pos="109.73" lane="0/3to1/3_0" slope="0.00"/>
        <vehicle id="2" x="401.65" y="477.67" angle="180.00" type="DEFAULT_VEHTYPE" speed="13.84" pos="72.92" lane="2/2to2/3_0" slope="0.00"/>
        <vehicle id="3" x="601.65" y="54.39" angle="180.00" type="DEFAULT_VEHTYPE" speed="12.71" pos="54.39" lane="3/0to3/1_0" slope="0.00"/>
        <vehicle id="4" x="40.23" y="198.35" angle="90.00" type="DEFAULT_VEHTYPE" speed="13.46" pos="40.23" lane="0/1to1/1_0" slope="0.00"/>
        <vehicle id="5" x="202.91" y="198.35" angle="90.00" type="DEFAULT_VEHTYPE" speed="7.01" pos="7.66" lane=":1/1_13_0" slope="0.00"/>
        <vehicle id="6" x="17.51" y="598.35" angle="90.00" type="DEFAULT_VEHTYPE" speed="13.59" pos="17.51" lane="0/3to1/3_0" slope="0.00"/>
        <vehicle id="7" x="595.30" y="198.35" angle="90.00" type="DEFAULT_VEHTYPE" speed="7.00" pos="0.05" lane=":3/1_13_0" slope="0.00"/>
        <vehicle id="8" x="598.35" y="4.32" angle="0.00" type="DEFAULT_VEHTYPE" speed="13.40" pos="190.93" lane="3/1to3/0_0" slope="0.00"/>
        <vehicle id="9" x="419.17" y="201.65" angle="-90.00" type="DEFAULT_VEHTYPE" speed="10.07" pos="176.08" lane="3/1to2/1_0" slope="0.00"/>
    </timestep>
    <timestep time="26.00">
        <vehicle id="0" x="598.35" y="517.95" angle="0.00" type="DEFAULT_VEHTYPE" speed="13.38" pos="77.30" lane="3/3to3/2_0" slope="0.00"/>
        <vehicle id="1" x="601.65" y="284.42" angle="180.00" type="DEFAULT_VEHTYPE" speed="13.66" pos="79.67" lane="3/1to3/2_0" slope="0.00"/>
        <vehicle id="10" x="450.74" y="201.65" angle="-90.00" type="DEFAULT_VEHTYPE" speed="12.71" pos="144.51" lane="3/1to2/1_0" slope="0.00"/>
        <vehicle id="11" x="198.35" y="428.94" angle="0.00" type="DEFAULT_VEHTYPE" speed="12.70" pos="166.31" lane="1/3to1/2_0" slope="0.00"/>
        <vehicle id="12" x="198.35" y="242.44" angle="0.00" type="DEFAULT_VEHTYPE" speed="12.86" pos="152.81" lane="1/2to1/1_0" slope="0.00"/>
        <vehicle id="13" x="664.02" y="401.65" angle="-90.00" type="DEFAULT_VEHTYPE" speed="13.87" pos="135.98" lane="4/2to3/2_0" slope="0.00"/>
        <vehicle id="14" x="123.02" y="598.35" angle="90.00" type="DEFAULT_VEHTYPE" speed="13.29" pos="123.02" lane="0/3to1/3_0" slope="0.00"/>
        <vehicle id="2" x="401.65" y="490.89" angle="180.00" type="DEFAULT_VEHTYPE" speed="13.21" pos="86.14" lane="2/2to2/3_0" slope="0.00"/>
        <vehicle id="3" x="601.65" y="67.20" angle="180.00" type="DEFAULT_VEHTYPE" speed="12.80" pos="67.20" lane="3/0to3/1_0" slope="0.00"/>
        <vehicle id="4" x="53.67" y="198.35" angle="90.00" type="DEFAULT_VEHTYPE" speed="13.44" pos="53.67" lane="0/1to1/1_0" slope="0.00"/>
        <vehicle id="5" x="211.68" y="198.35" angle="90.00" type="DEFAULT_VEHTYPE" speed="8.76" pos="6.93" lane="1/1to2/1_0" slope="0.00"/>
        <vehicle id="6" x="30.67" y="598.35" angle="90.00" type="DEFAULT_VEHTYPE" speed="13.15" pos="30.67" lane="0/3to1/3_0" slope="0.00"/>
        <vehicle id="7" x="603.74" y="198.35" angle="90.00" type="DEFAULT_VEHTYPE" speed="8.43" pos="8.49" lane=":3/1_13_0" slope="0.00"/>
        <vehicle id="8" x="601.65" y="4.74" angle="178.35" type="DEFAULT_VEHTYPE" speed="13.89" pos="4.74" lane="3/0to3/1_0" slope="0.00"/>
        <vehicle id="9" x="413.38" y="201.65" angle="-90.00" type="DEFAULT_VEHTYPE" speed="5.79" pos="181.87" lane="3/1to2/1_0" slope="0.00"/>
    </timestep>
    <timestep time="27.00">
        <vehicle id="0" x="598.35" y="505.32" angle="0.00" type="DEFAULT_VEHTYPE" speed="12.63" pos="89.93" lane="3/3to3/2_0" slope="0.00"/>
        <vehicle id="1" x="601.65" y="297.14" angle="180.00" type="DEFAULT_VEHTYPE" speed="12.72" pos="92.39" lane="3/1to3/2_0" slope="0.00"/>
        <vehicle id="10" x="437.37" y="201.65" angle="-90.00" type="DEFAULT_VEHTYPE" speed="13.37" pos="157.88" lane="3/1to2/1_0" slope="0.00"/>
        <vehicle id="11" x="198.35" y="419.93" angle="0.00" type="DEFAULT_VEHTYPE" speed="9.01" pos="175.32" lane="1/3to1/2_0" slope="0.00"/>
        <vehicle id="12" x="198.35" y="229.82" angle="0.00" type="DEFAULT_VEHTYPE" speed="12.62" pos="165.43" lane="1/2to1/1_0" slope="0.00"/>
        <vehicle id="13" x="651.02" y="401.65" angle="-90.00" type="DEFAULT_VEHTYPE" speed="13.00" pos="148.98" lane="4/2to3/2_0" slope="0.00"/>
        <vehicle id="14" x="136.50" y="598.35" angle="90.00" type="DEFAULT_VEHTYPE" speed="13.47" pos="136.50" lane="0/3to1/3_0" slope="0.00"/>
        <vehicle id="2" x="401.65" y="503.76" angle="180.00" type="DEFAULT_VEHTYPE" speed="12.87" pos="99.01" lane="2/2to2/3_0" slope="0.00"/>
        <vehicle id="3" x="601.65" y="81.08" angle="180.00" type="DEFAULT_VEHTYPE" speed="13.88" pos="81.08" lane="3/0to3/1_0" slope="0.00"/>
        <vehicle id="4" x="66.91" y="198.35" angle="90.00" type="DEFAULT_VEHTYPE" speed="13.24" pos="66.91" lane="0/1to1/1_0" slope="0.00"/>
        <vehicle id="5" x="221.79" y="198.35" angle="90.00" type="DEFAULT_VEHTYPE" speed="10.12" pos="17.04" lane="1/1to2/1_0" slope="0.00"/>
        <vehicle id="6" x="43.82" y="598.35" angle="90.00" type="DEFAULT_VEHTYPE" speed="13.16" pos="43.82" lane="0/3to1/3_0" slope="0.00"/>
        <vehicle id="7" x="614.22" y="198.35" angle="90.00" type="DEFAULT_VEHTYPE" speed="10.48" pos="9.47" lane="3/1to4/1_0" slope="0.00"/>
        <vehicle id="8" x="601.65" y="17.86" angle="180.00" type="DEFAULT_VEHTYPE" speed="13.11" pos="17.86" lane="3/0to3/1_0" slope="0.00"/>
        <vehicle id="9" x="409.59" y="201.65" angle="-90.00" type="DEFAULT_VEHTYPE" speed="3.79" pos="185.66" lane="3/1to2/1_0" slope="0.00"/>
    </timestep>
    <timestep time="28.00">
        <vehicle id="0" x="598.35" y="491.60" angle="0.00" type="DEFAULT_VEHTYPE" speed="13.71" pos="103.65" lane="3/3to3/2_0" slope="0.00"/>
        <vehicle id="1" x="601.65" y="310.96" angle="180.00" type="DEFAULT_VEHTYPE" speed="13.83" pos="106.21" lane="3/1to3/2_0" slope="0.00"/>
        <vehicle id="10" x="428.05" y="201.65" angle="-90.00" type="DEFAULT_VEHTYPE" speed="9.32" pos="167.20" lane="3/1to2/1_0" slope="0.00"/>
        <vehicle id="11" x="198.35" y="413.95" angle="0.00" type="DEFAULT_VEHTYPE" speed="5.99" pos="181.30" lane="1/3to1/2_0" slope="0.00"/>
        <vehicle id="12" x="198.35" y="219.83" angle="0.00" type="DEFAULT_VEHTYPE" speed="9.99" pos="175.42" lane="1/2to1/1_0" slope="0.00"/>
        <vehicle id="13" x="637.13" y="401.65" angle="-90.00" type="DEFAULT_VEHTYPE" speed="13.89" pos="162.87" lane="4/2to3/2_0" slope="0.00"/>
        <vehicle id="14" x="149.28" y="598.35" angle="90.00" type="DEFAULT_VEHTYPE" speed="12.79" pos="149.28" lane="0/3to1/3_0" slope="0.00"/>
        <vehicle id="2" x="401.65" y="517.58" angle="180.00" type="DEFAULT_VEHTYPE" speed="13.82" pos="112.83" lane="2/2to2/3_0" slope="0.00"/>
        <vehicle id="3" x="601.65" y="94.92" angle="180.00" type="DEFAULT_VEHTYPE" speed="13.84" pos="94.92" lane="3/0to3/1_0" slope="0.00"/>
        <vehicle id="4" x="79.65" y="198.35" angle="90.00" type="DEFAULT_VEHTYPE" speed="12.74" pos="79.65" lane="0/1to1/1_0" slope="0.00"/>
        <vehicle id="5" x="233.81" y="198.35" angle="90.00" type="DEFAULT_VEHTYPE" speed="12.01" pos="29.06" lane="1/1to2/1_0" slope="0.00"/>
        <vehicle id="6" x="56.44" y="598.35" angle="90.00" type="DEFAULT_VEHTYPE" speed="12.61" pos="56.44" lane="0/3to1/3_0" slope="0.00"/>
        <vehicle id="7" x="626.41" y="198.35" angle="90.00" type="DEFAULT_VEHTYPE" speed="12.19" pos="21.66" lane="3/1to4/1_0" slope="0.00"/>
        <vehicle id="8" x="601.65" y="31.43" angle="180.00" type="DEFAULT_VEHTYPE" speed="13.58" pos="31.43" lane="3/0to3/1_0" slope="0.00"/>
        <vehicle id="9" x="403.30" y="201.65" angle="-90.00" type="DEFAULT_VEHTYPE" speed="6.29" pos="1.45" lane=":2/1_5_0" slope="0.00"/>
    </timestep>
    <timestep time="29.00">
        <vehicle id="0" x="598.35" y="478.59" angle="0.00" type="DEFAULT_VEHTYPE" speed="13.02" pos="116.66" lane="3/3to3/2_0" slope="0.00"/>
        <vehicle id="1" x="601.65" y="324.37" angle="180.00" type="DEFAULT_VEHTYPE" speed="13.41" pos="119.62" lane="3/1to3/2_0" slope="0.00"/>
        <vehicle id="10" x="419.31" y="201.65" angle="-90.00" type="DEFAULT_VEHTYPE" speed="8.74" pos="175.94" lane="3/1to2/1_0" slope="0.00"/>
        <vehicle id="11" x="198.35" y="409.76" angle="0.00" type="DEFAULT_VEHTYPE" speed="4.19" pos="185.49" lane="1/3to1/2_0" slope="0.00"/>
        <vehicle id="12" x="198.35" y="213.77" angle="0.00" type="DEFAULT_VEHTYPE" speed="6.06" pos="181.48" lane="1/2to1/1_0" slope="0.00"/>
        <vehicle id="13" x="625.79" y="401.65" angle="-90.00" type="DEFAULT_VEHTYPE" speed="11.34" pos="174.21" lane="4/2to3/2_0" slope="0.00"/>
        <vehicle id="14" x="162.84" y="598.35" angle="90.00" type="DEFAULT_VEHTYPE" speed="13.56" pos="162.84" lane="0/3to1/3_0" slope="0.00"/>
        <vehicle id="2" x="401.65" y="530.42" angle="180.00" type="DEFAULT_VEHTYPE" speed="12.84" pos="125.67" lane="2/2to2/3_0" slope="0.00"/>
        <vehicle id="3" x="601.65" y="108.46" angle="180.00" type="DEFAULT_VEHTYPE" speed="13.54" pos="108.46" lane="3/0to3/1_0" slope="0.00"/>
        <vehicle id="4" x="92.64" y="198.35" angle="90.00" type="DEFAULT_VEHTYPE" speed="12.98" pos="92.64" lane="0/1to1/1_0" slope="0.00"/>
        <vehicle id="5" x="247.04" y="198.35" angle="90.00" type="DEFAULT_VEHTYPE" speed="13.23" pos="42.29" lane="1/1to2/1_0" slope="0.00"/>
        <vehicle id="6" x="69.56" y="598.35" angle="90.00" type="DEFAULT_VEHTYPE" speed="13.13" pos="69.56" lane="0/3to1/3_0" slope="0.00"/>
        <vehicle id="7" x="640.16" y="198.35" angle="90.00" type="DEFAULT_VEHTYPE" speed="13.75" pos="35.41" lane="3/1to4/1_0" slope="0.00"/>
        <vehicle id="8" x="601.65" y="45.14" angle="180.00" type="DEFAULT_VEHTYPE" speed="13.71" pos="45.14" lane="3/0to3/1_0" slope="0.00"/>
        <vehicle id="9" x="394.52" y="201.65" angle="-90.00" type="DEFAULT_VEHTYPE" speed="8.78" pos="0.73" lane="2/1to1/1_0" slope="0.00"/>
    </timestep>
    <timestep time="30.00">
        <vehicle id="0" x="598.35" y="465.83" angle="0.00" type="DEFAULT_VEHTYPE" speed="12.75" pos="129.42" lane="3/3to3/2_0" slope="0.00"/>
        <vehicle id="1" x="601.65" y="337.58" angle="180.00" type="DEFAULT_VEHTYPE" speed="13.21" pos="132.83" lane="3/1to3/2_0" slope="0.00"/>
        <vehicle id="10" x="412.72" y="201.65" angle="-90.00" type="DEFAULT_VEHTYPE" speed="6.58" pos="182.53" lane="3/1to2/1_0" slope="0.00"/>
        <vehicle id="11" x="198.45" y="404.07" angle="1.12" type="DEFAULT_VEHTYPE" speed="5.70" pos="0.69" lane=":1/2_2_0" slope="0.00"/>
        <vehicle id="12" x="198.35" y="209.93" angle="0.00" type="DEFAULT_VEHTYPE" speed="3.83" pos="185.32" lane="1/2to1/1_0" slope="0.00"/>
        <vehicle id="13" x="617.78" y="401.65" angle="-90.00" type="DEFAULT_VEHTYPE" speed="8.01" pos="182.22" lane="4/2to3/2_0" slope="0.00"/>
        <vehicle id="14" x="175.28" y="598.35" angle="90.00" type="DEFAULT_VEHTYPE" speed="12.43" pos="175.28" lane="0/3to1/3_0" slope="0.00"/>
        <vehicle id="2" x="401.65" y="544.16" angle="180.00" type="DEFAULT_VEHTYPE" speed="13.74" pos="139.41" lane="2/2to2/3_0" slope="0.00"/>
        <vehicle id="3" x="601.65" y="121.90" angle="180.00" type="DEFAULT_VEHTYPE" speed="13.43" pos="121.90" lane="3/0to3/1_0" slope="0.00"/>
        <vehicle id="4" x="106.43" y="198.35" angle="90.00" type="DEFAULT_VEHTYPE" speed="13.79" pos="106.43" lane="0/1to1/1_0" slope="0.00"/>
        <vehicle id="5" x="259.83" y="198.35" angle="90.00" type="DEFAULT_VEHTYPE" speed="12.79" pos="55.08" lane="1/1to2/1_0" slope="0.00"/>
        <vehicle id="6" x="82.20" y="598.35" angle="90.00" type="DEFAULT_VEHTYPE" speed="12.63" pos="82.20" lane="0/3to1/3_0" slope="0.00"/>
        <vehicle id="7" x="653.71" y="198.35" angle="90.00" type="DEFAULT_VEHTYPE" speed="13.55" pos="48.96" lane="3/1to4/1_0" slope="0.00"/>
        <vehicle id="8" x="601.65" y="58.36" angle="180.00" type="DEFAULT_VEHTYPE" speed="13.22" pos="58.36" lane="3/0to3/1_0" slope="0.00"/>
        <vehicle id="9" x="383.70" y="201.65" angle="-90.00" type="DEFAULT_VEHTYPE" speed="10.82" pos="11.55" lane="2/1to1/1_0" slope="0.00"/>
    </timestep>
    <timestep time="31.00">
        <vehicle id="0" x="598.35" y="453.22" angle="0.00" type="DEFAULT_VEHTYPE" speed="12.61" pos="142.03" lane="3/3to3/2_0" slope="0.00"/>
        <vehicle id="1" x="601.65" y="350.65" angle="180.00" type="DEFAULT_VEHTYPE" speed="13.07" pos="145.90" lane="3/1to3/2_0" slope="0.00"/>
        <vehicle id="10" x="409.18" y="201.65" angle="-90.00" type="DEFAULT_VEHTYPE" speed="3.54" pos="186.07" lane="3/1to2/1_0" slope="0.00"/>
        <vehicle id="11" x="203.01" y="398.60" angle="54.95" type="DEFAULT_VEHTYPE" speed="7.87" pos="1.42" lane=":1/2_16_0" slope="0.00"/>
        <vehicle id="12" x="198.37" y="204.72" angle="0.21" type="DEFAULT_VEHTYPE" speed="5.22" pos="0.03" lane=":1/1_3_0" slope="0.00"/>
        <vehicle id="13" x="612.82" y="401.65" angle="-90.00" type="DEFAULT_VEHTYPE" speed="4.96" pos="187.18" lane="4/2to3/2_0" slope="0.00"/>
        <vehicle id="14" x="183.21" y="598.35" angle="90.00" type="DEFAULT_VEHTYPE" speed="7.93" pos="183.21" lane="0/3to1/3_0" slope="0.00"/>
        <vehicle id="2" x="401.65" y="557.39" angle="180.00" type="DEFAULT_VEHTYPE" speed="13.23" pos="152.64" lane="2/2to2/3_0" slope="0.00"/>
        <vehicle id="3" x="601.65" y="135.79" angle="180.00" type="DEFAULT_VEHTYPE" speed="13.89" pos="135.79" lane="3/0to3/1_0" slope="0.00"/>
        <vehicle id="4" x="120.02" y="198.35" angle="90.00" type="DEFAULT_VEHTYPE" speed="13.59" pos="120.02" lane="0/1to1/1_0" slope="0.00"/>
        <vehicle id="5" x="273.03" y="198.35" angle="90.00" type="DEFAULT_VEHTYPE" speed="13.20" pos="68.28" lane="1/1to2/1_0" slope="0.00"/>
        <vehicle id="6" x="95.31" y="598.35" angle="90.00" type="DEFAULT_VEHTYPE" speed="13.12" pos="95.31" lane="0/3to1/3_0" slope="0.00"/>
        <vehicle id="7" x="666.48" y="198.35" angle="90.00" type="DEFAULT_VEHTYPE" speed="12.77" pos="61.73" lane="3/1to4/1_0" slope="0.00"/>
        <vehicle id="8" x="601.65" y="71.46" angle="180.00" type="DEFAULT_VEHTYPE" speed="13.10" pos="71.46" lane="3/0to3/1_0" slope="0.00"/>
        <vehicle id="9" x="371.22" y="201.65" angle="-90.00" type="DEFAULT_VEHTYPE" speed="12.47" pos="24.03" lane="2/1to1/1_0" slope="0.00"/>
    </timestep>
    <timestep time="32.00">
        <vehicle id="0" x="598.35" y="440.31" angle="0.00" type="DEFAULT_VEHTYPE" speed="12.91" pos="154.94" lane="3/3to3/2_0" slope="0.00"/>
        <vehicle id="1" x="601.65" y="363.50" angle="180.00" type="DEFAULT_VEHTYPE" speed="12.84" pos="158.75" lane="3/1to3/2_0" slope="0.00"/>
        <vehicle id="10" x="403.26" y="201.92" angle="-93.06" type="DEFAULT_VEHTYPE" speed="5.95" pos="1.52" lane=":2/1_4_0" slope="0.00"/>
        <vehicle id="11" x="213.19" y="398.35" angle="90.00" type="DEFAULT_VEHTYPE" speed="10.20" pos="8.44" lane="1/2to2/2_0" slope="0.00"/>
        <vehicle id="12" x="201.65" y="206.90" angle="150.49" type="DEFAULT_VEHTYPE" speed="6.94" pos="2.15" lane="1/1to1/2_0" slope="0.00"/>
        <vehicle id="13" x="609.67" y="401.65" angle="-90.00" type="DEFAULT_VEHTYPE" speed="3.15" pos="190.33" lane="4/2to3/2_0" slope="0.00"/>
        <vehicle id="14" x="188.86" y="598.35" angle="90.00" type="DEFAULT_VEHTYPE" speed="5.65" pos="188.86" lane="0/3to1/3_0" slope="0.00"/>
        <vehicle id="2" x="401.65" y="571.24" angle="180.00" type="DEFAULT_VEHTYPE" speed="13.85" pos="166.49" lane="2/2to2/3_0" slope="0.00"/>
        <vehicle id="3" x="601.65" y="149.62" angle="180.00" type="DEFAULT_VEHTYPE" speed="13.83" pos="149.62" lane="3/0to3/1_0" slope="0.00"/>
        <vehicle id="4" x="132.82" y="198.35" angle="90.00" type="DEFAULT_VEHTYPE" speed="12.80" pos="132.82" lane="0/1to1/1_0" slope="0.00"/>
        <vehicle id="5" x="285.67" y="198.35" angle="90.00" type="DEFAULT_VEHTYPE" speed="12.64" pos="80.92" lane="1/1to2/1_0" slope="0.00"/>
        <vehicle id="6" x="109.19" y="598.35" angle="90.00" type="DEFAULT_VEHTYPE" speed="13.88" pos="109.19" lane="0/3to1/3_0" slope="0.00"/>
        <vehicle id="7" x="679.14" y="198.35" angle="90.00" type="DEFAULT_VEHTYPE" speed="12.66" pos="74.39" lane="3/1to4/1_0" slope="0.00"/>
        <vehicle id="8" x="601.65" y="85.18" angle="180.00" type="DEFAULT_VEHTYPE" speed="13.72" pos="85.18" lane="3/0to3/1_0" slope="0.00"/>
        <vehicle id="9" x="358.16" y="201.65" angle="-90.00" type="DEFAULT_VEHTYPE" speed="13.06" pos="37.09" lane="2/1to1/1_0" slope="0.00"/>
    </timestep>
    <timestep time="33.00">
        <vehicle id="0" x="598.35" y="427.12" angle="0.00" type="DEFAULT_VEHTYPE" speed="13.19" pos="168.13" lane="3/3to3/2_0" slope="0.00"/>
        <vehicle id="1" x="601.65" y="375.64" angle="180.00" type="DEFAULT_VEHTYPE" speed="12.14" pos="170.89" lane="3/1to3/2_0" slope="0.00"/>
        <vehicle id="10" x="401.65" y="208.61" angle="-178.19" type="DEFAULT_VEHTYPE" speed="7.34" pos="3.86" lane="2/1to2/2_0" slope="0.00"/>
        <vehicle id="11" x="225.82" y="398.35" angle="90.00" type="DEFAULT_VEHTYPE" speed="12.63" pos="21.07" lane="1/2to2/2_0" slope="0.00"/>
        <vehicle id="12" x="201.65" y="215.23" angle="180.00" type="DEFAULT_VEHTYPE" speed="8.33" pos="10.48" lane="1/1to1/2_0" slope="0.00"/>
        <vehicle id="13" x="608.11" y="401.65" angle="-90.00" type="DEFAULT_VEHTYPE" speed="1.56" pos="191.89" lane="4/2to3/2_0" slope="0.00"/>
        <vehicle id="14" x="196.41" y="598.19" angle="88.14" type="DEFAULT_VEHTYPE" speed="7.57" pos="1.17" lane=":1/3_12_0" slope="0.00"/>
        <vehicle id="2" x="401.65" y="580.81" angle="180.00" type="DEFAULT_VEHTYPE" speed="9.57" pos="176.06" lane="2/2to2/3_0" slope="0.00"/>
        <vehicle id="3" x="601.65" y="162.23" angle="180.00" type="DEFAULT_VEHTYPE" speed="12.61" pos="162.23" lane="3/0to3/1_0" slope="0.00"/>
        <vehicle id="4" x="146.17" y="198.35" angle="90.00" type="DEFAULT_VEHTYPE" speed="13.35" pos="146.17" lane="0/1to1/1_0" slope="0.00"/>
        <vehicle id="5" x="299.46" y="198.35" angle="90.00" type="DEFAULT_VEHTYPE" speed="13.79" pos="94.71" lane="1/1to2/1_0" slope="0.00"/>
        <vehicle id="6" x="122.42" y="598.35" angle="90.00" type="DEFAULT_VEHTYPE" speed="13.23" pos="122.42" lane="0/3to1/3_0" slope="0.00"/>
        <vehicle id="7" x="692.71" y="198.35" angle="90.00" type="DEFAULT_VEHTYPE" speed="13.56" pos="87.96" lane="3/1to4/1_0" slope="0.00"/>
        <vehicle id="8" x="601.65" y="98.36" angle="180.00" type="DEFAULT_VEHTYPE" speed="13.18" pos="98.36" lane="3/0to3/1_0" slope="0.00"/>
        <vehicle id="9" x="344.42" y="201.65" angle="-90.00" type="DEFAULT_VEHTYPE" speed="13.74" pos="50.83" lane="2/1to1/1_0" slope="0.00"/>
    </timestep>
    <timestep time="34.00">
        <vehicle id="0" x="598.35" y="413.60" angle="0.00" type="DEFAULT_VEHTYPE" speed="13.52" pos="181.65" lane="3/3to3/2_0" slope="0.00"/>
        <vehicle id="1" x="601.65" y="383.29" angle="180.00" type="DEFAULT_VEHTYPE" speed="7.65" pos="178.54" lane="3/1to3/2_0" slope="0.00"/>
        <vehicle id="10" x="401.65" y="217.63" angle="180.00" type="DEFAULT_VEHTYPE" speed="9.02" pos="12.88" lane="2/1to2/2_0" slope="0.00"/>
        <vehicle id="11" x="238.51" y="398.35" angle="90.00" type="DEFAULT_VEHTYPE" speed="12.69" pos="33.76" lane="1/2to2/2_0" slope="0.00"/>
        <vehicle id="12" x="201.65" y="225.03" angle="180.00" type="DEFAULT_VEHTYPE" speed="9.80" pos="20.28" lane="1/1to1/2_0" slope="0.00"/>
        <vehicle id="13" x="607.39" y="401.65" angle="-90.00" type="DEFAULT_VEHTYPE" speed="0.72" pos="192.61" lane="4/2to3/2_0" slope="0.00"/>
        <vehicle id="14" x="198.35" y="589.42" angle="0.00" type="DEFAULT_VEHTYPE" speed="9.66" pos="5.83" lane="1/3to1/2_0" slope="0.00"/>
        <vehicle id="2" x="401.65" y="587.47" angle="180.00" type="DEFAULT_VEHTYPE" speed="6.66" pos="182.72" lane="2/2to2/3_0" slope="0.00"/>
        <vehicle id="3" x="601.65" y="174.54" angle="180.00" type="DEFAULT_VEHTYPE" speed="12.30" pos="174.54" lane="3/0to3/1_0" slope="0.00"/>
        <vehicle id="4" x="159.27" y="198.35" angle="90.00" type="DEFAULT_VEHTYPE" speed="13.10" pos="159.27" lane="0/1to1/1_0" slope="0.00"/>
        <vehicle id="5" x="313.11" y="198.35" angle="90.00" type="DEFAULT_VEHTYPE" speed="13.65" pos="108.36" lane="1/1to2/1_0" slope="0.00"/>
        <vehicle id="6" x="136.23" y="598.35" angle="90.00" type="DEFAULT_VEHTYPE" speed="13.81" pos="136.23" lane="0/3to1/3_0" slope="0.00"/>
        <vehicle id="7" x="706.28" y="198.35" angle="90.00" type="DEFAULT_VEHTYPE" speed="13.58" pos="101.53" lane="3/1to4/1_0" slope="0.00"/>
        <vehicle id="8" x="601.65" y="111.14" angle="180.00" type="DEFAULT_VEHTYPE" speed="12.78" pos="111.14" lane="3/0to3/1_0" slope="0.00"/>
        <vehicle id="9" x="331.76" y="201.65" angle="-90.00" type="DEFAULT_VEHTYPE" speed="12.66" pos="63.49" lane="2/1to1/1_0" slope="0.00"/>
    </timestep>
    <timestep time="35.00">
        <vehicle id="0" x="596.06" y="401.76" angle="-30.94" type="DEFAULT_VEHTYPE" speed="13.03" pos="4.18" lane=":3/2_0_0" slope="0.00"/>
        <vehicle id="1" x="601.65" y="388.51" angle="180.00" type="DEFAULT_VEHTYPE" speed="5.22" pos="183.76" lane="3/1to3/2_0" slope="0.00"/>
        <vehicle id="10" x="401.65" y="227.97" angle="180.00" type="DEFAULT_VEHTYPE" speed="10.34" pos="23.22" lane="2/1to2/2_0" slope="0.00"/>
        <vehicle id="11" x="251.86" y="398.35" angle="90.00" type="DEFAULT_VEHTYPE" speed="13.35" pos="47.11" lane="1/2to2/2_0" slope="0.00"/>
        <vehicle id="12" x="201.65" y="236.41" angle="180.00" type="DEFAULT_VEHTYPE" speed="11.38" pos="31.66" lane="1/1to1/2_0" slope="0.00"/>
        <vehicle id="13" x="607.32" y="401.65" angle="-90.00" type="DEFAULT_VEHTYPE" speed="0.07" pos="192.68" lane="4/2to3/2_0" slope="0.00"/>
        <vehicle id="14" x="198.35" y="577.46" angle="0.00" type="DEFAULT_VEHTYPE" speed="11.96" pos="17.79" lane="1/3to1/2_0" slope="0.00"/>
        <vehicle id="2" x="401.65" y="590.00" angle="180.00" type="DEFAULT_VEHTYPE" speed="2.53" pos="185.25" lane="2/2to2/3_0" slope="0.00"/>
        <vehicle id="3" x="601.65" y="182.35" angle="180.00" type="DEFAULT_VEHTYPE" speed="7.82" pos="182.35" lane="3/0to3/1_0" slope="0.00"/>
        <vehicle id="4" x="172.27" y="198.35" angle="90.00" type="DEFAULT_VEHTYPE" speed="13.00" pos="172.27" lane="0/1to1/1_0" slope="0.00"/>
        <vehicle id="5" x="326.91" y="198.35" angle="90.00" type="DEFAULT_VEHTYPE" speed="13.79" pos="122.16" lane="1/1to2/1_0" slope="0.00"/>
        <vehicle id="6" x="149.00" y="598.35" angle="90.00" type="DEFAULT_VEHTYPE" speed="12.77" pos="149.00" lane="0/3to1/3_0" slope="0.00"/>
        <vehicle id="7" x="719.93" y="198.35" angle="90.00" type="DEFAULT_VEHTYPE" speed="13.65" pos="115.18" lane="3/1to4/1_0" slope="0.00"/>
        <vehicle id="8" x="601.65" y="124.31" angle="180.00" type="DEFAULT_VEHTYPE" speed="13.17" pos="124.31" lane="3/0to3/1_0" slope="0.00"/>
        <vehicle id="9" x="318.24" y="201.65" angle="-90.00" type="DEFAULT_VEHTYPE" speed="13.52" pos="77.01" lane="2/1to1/1_0" slope="0.00"/>
    </timestep>
    <timestep time="36.00">
        <vehicle id="0" x="582.83" y="401.65" angle="-90.00" type="DEFAULT_VEHTYPE" speed="13.24" pos="12.42" lane="3/2to2/2_0" slope="0.00"/>
        <vehicle id="1" x="601.55" y="395.92" angle="-178.90" type="DEFAULT_VEHTYPE" speed="7.42" pos="0.68" lane=":3/2_10_0" slope="0.00"/>
        <vehicle id="10" x="401.65" y="240.46" angle="180.00" type="DEFAULT_VEHTYPE" speed="12.50" pos="35.71" lane="2/1to2/2_0" slope="0.00"/>
        <vehicle id="11" x="264.63" y="398.35" angle="90.00" type="DEFAULT_VEHTYPE" speed="12.77" pos="59.88" lane="1/2to2/2_0" slope="0.00"/>
        <vehicle id="12" x="201.65" y="249.19" angle="180.00" type="DEFAULT_VEHTYPE" speed="12.78" pos="44.44" lane="1/1to1/2_0" slope="0.00"/>
        <vehicle id="13" x="607.26" y="401.65" angle="-90.00" type="DEFAULT_VEHTYPE" speed="0.05" pos="192.74" lane="4/2to3/2_0" slope="0.00"/>
        <vehicle id="14" x="198.35" y="564.51" angle="0.00" type="DEFAULT_VEHTYPE" speed="12.95" pos="30.74" lane="1/3to1/2_0" slope="0.00"/>
        <vehicle id="2" x="401.65" y="594.50" angle="180.00" type="DEFAULT_VEHTYPE" speed="4.50" pos="189.75" lane="2/2to2/3_0" slope="0.00"/>
        <vehicle id="3" x="601.65" y="187.47" angle="180.00" type="DEFAULT_VEHTYPE" speed="5.12" pos="187.47" lane="3/0to3/1_0" slope="0.00"/>
        <vehicle id="4" x="181.86" y="198.35" angle="90.00" type="DEFAULT_VEHTYPE" speed="9.59" pos="181.86" lane="0/1to1/1_0" slope="0.00"/>
        <vehicle id="5" x="340.03" y="198.35" angle="90.00" type="DEFAULT_VEHTYPE" speed="13.13" pos="135.28" lane="1/1to2/1_0" slope="0.00"/>
        <vehicle id="6" x="162.13" y="598.35" angle="90.00" type="DEFAULT_VEHTYPE" speed="13.14" pos="162.13" lane="0/3to1/3_0" slope="0.00"/>
        <vehicle id="7" x="733.15" y="198.35" angle="90.00" type="DEFAULT_VEHTYPE" speed="13.22" pos="128.40" lane="3/1to4/1_0" slope="0.00"/>
        <vehicle id="8" x="601.65" y="137.91" angle="180.00" type="DEFAULT_VEHTYPE" speed="13.60" pos="137.91" lane="3/0to3/1_0" slope="0.00"/>
        <vehicle id="9" x="304.86" y="201.65" angle="-90.00" type="DEFAULT_VEHTYPE" speed="13.38" pos="90.39" lane="2/1to1/1_0" slope="0.00"/>
    </timestep>
    <timestep time="37.00">
        <vehicle id="0" x="569.75" y="401.65" angle="-90.00" type="DEFAULT_VEHTYPE" speed="13.08" pos="25.50" lane="3/2to2/2_0" slope="0.00"/>
        <vehicle id="1" x="595.78" y="401.57" angle="-112.51" type="DEFAULT_VEHTYPE" speed="9.10" pos="2.64" lane=":3/2_18_0" slope="0.00"/>
        <vehicle id="10" x="401.65" y="254.18" angle="180.00" type="DEFAULT_VEHTYPE" speed="13.72" pos="49.43" lane="2/1to2/2_0" slope="0.00"/>
        <vehicle id="11" x="277.63" y="398.35" angle="90.00" type="DEFAULT_VEHTYPE" speed="13.00" pos="72.88" lane="1/2to2/2_0" slope="0.00"/>
        <vehicle id="12" x="201.65" y="262.63" angle="180.00" type="DEFAULT_VEHTYPE" speed="13.44" pos="57.88" lane="1/1to1/2_0" slope="0.00"/>
        <vehicle id="13" x="607.25" y="401.65" angle="-90.00" type="DEFAULT_VEHTYPE" speed="0.01" pos="192.75" lane="4/2to3/2_0" slope="0.00"/>
        <vehicle id="14" x="198.35" y="551.37" angle="0.00" type="DEFAULT_VEHTYPE" speed="13.15" pos="43.88" lane="1/3to1/2_0" slope="0.00"/>
        <vehicle id="2" x="399.53" y="600.36" angle="-155.23" type="DEFAULT_VEHTYPE" speed="6.51" pos="5.76" lane=":2/3_10_0" slope="0.00"/>
        <vehicle id="3" x="601.65" y="190.85" angle="180.00" type="DEFAULT_VEHTYPE" speed="3.38" pos="190.85" lane="3/0to3/1_0" slope="0.00"/>
        <vehicle id="4" x="187.15" y="198.35" angle="90.00" type="DEFAULT_VEHTYPE" speed="5.29" pos="187.15" lane="0/1to1/1_0" slope="0.00"/>
        <vehicle id="5" x="353.69" y="198.35" angle="90.00" type="DEFAULT_VEHTYPE" speed="13.66" pos="148.94" lane="1/1to2/1_0" slope="0.00"/>
        <vehicle id="6" x="174.06" y="598.35" angle="90.00" type="DEFAULT_VEHTYPE" speed="11.93" pos="174.06" lane="0/3to1/3_0" slope="0.00"/>
        <vehicle id="7" x="746.33" y="198.35" angle="90.00" type="DEFAULT_VEHTYPE" speed="13.17" pos="141.58" lane="3/1to4/1_0" slope="0.00"/>
        <vehicle id="8" x="601.65" y="150.71" angle="180.00" type="DEFAULT_VEHTYPE" speed="12.80" pos="150.71" lane="3/0to3/1_0" slope="0.00"/>
        <vehicle id="9" x="291.79" y="201.65" angle="-90.00" type="DEFAULT_VEHTYPE" speed="13.07" pos="103.46" lane="2/1to1/1_0" slope="0.00"/>
    </timestep>
    <timestep time="38.00">
        <vehicle id="0" x="556.66" y="401.65" angle="-90.00" type="DEFAULT_VEHTYPE" speed="13.10" pos="38.59" lane="3/2to2/2_0" slope="0.00"/>
        <vehicle id="1" x="585.15" y="401.65" angle="-90.00" type="DEFAULT_VEHTYPE" speed="10.64" pos="10.10" lane="3/2to2/2_0" slope="0.00"/>
        <vehicle id="10" x="401.65" y="266.85" angle="180.00" type="DEFAULT_VEHTYPE" speed="12.67" pos="62.10" lane="2/1to2/2_0" slope="0.00"/>
        <vehicle id="11" x="290.62" y="398.35" angle="90.00" type="DEFAULT_VEHTYPE" speed="12.99" pos="85.87" lane="1/2to2/2_0" slope="0.00"/>
        <vehicle id="12" x="201.65" y="275.46" angle="180.00" type="DEFAULT_VEHTYPE" speed="12.84" pos="70.71" lane="1/1to1/2_0" slope="0.00"/>
        <vehicle id="13" x="607.25" y="401.65" angle="-90.00" type="DEFAULT_VEHTYPE" speed="0.00" pos="192.75" lane="4/2to3/2_0" slope="0.00"/>
        <vehicle id="14" x="198.35" y="537.49" angle="0.00" type="DEFAULT_VEHTYPE" speed="13.88" pos="57.76" lane="1/3to1/2_0" slope="0.00"/>
        <vehicle id="2" x="391.82" y="601.65" angle="-92.56" type="DEFAULT_VEHTYPE" speed="7.98" pos="3.43" lane="2/3to1/3_0" slope="0.00"/>
        <vehicle id="3" x="601.45" y="196.65" angle="-177.71" type="DEFAULT_VEHTYPE" speed="5.81" pos="1.41" lane=":3/1_10_0" slope="0.00"/>
        <vehicle id="4" x="190.83" y="198.35" angle="90.00" type="DEFAULT_VEHTYPE" speed="3.67" pos="190.83" lane="0/1to1/1_0" slope="0.00"/>
        <vehicle id="5" x="366.71" y="198.35" angle="90.00" type="DEFAULT_VEHTYPE" speed="13.02" pos="161.96" lane="1/1to2/1_0" slope="0.00"/>
        <vehicle id="6" x="182.15" y="598.35" angle="90.00" type="DEFAULT_VEHTYPE" speed="8.09" pos="182.15" lane="0/3to1/3_0" slope="0.00"/>
        <vehicle id="7" x="759.04" y="198.35" angle="90.00" type="DEFAULT_VEHTYPE" speed="12.71" pos="154.29" lane="3/1to4/1_0" slope="0.00"/>
        <vehicle id="8" x="601.65" y="163.84" angle="180.00" type="DEFAULT_VEHTYPE" speed="13.13" pos="163.84" lane="3/0to3/1_0" slope="0.00"/>
        <vehicle id="9" x="279.14" y="201.65" angle="-90.00" type="DEFAULT_VEHTYPE" speed="12.65" pos="116.11" lane="2/1to1/1_0" slope="0.00"/>
    </timestep>
    <timestep time="39.00">
        <vehicle id="0" x="543.27" y="401.65" angle="-90.00" type="DEFAULT_VEHTYPE" speed="13.38" pos="51.98" lane="3/2to2/2_0" slope="0.00"/>
        <vehicle id="1" x="572.58" y="401.65" angle="-90.00" type="DEFAULT_VEHTYPE" speed="12.57" pos="22.67" lane="3/2to2/2_0" slope="0.00"/>
        <vehicle id="10" x="401.65" y="279.61" angle="180.00" type="DEFAULT_VEHTYPE" speed="12.76" pos="74.86" lane="2/1to2/2_0" slope="0.00"/>
        <vehicle id="11" x="303.66" y="398.35" angle="90.00" type="DEFAULT_VEHTYPE" speed="13.04" pos="98.91" lane="1/2to2/2_0" slope="0.00"/>
        <vehicle id="12" x="201.65" y="288.29" angle="180.00" type="DEFAULT_VEHTYPE" speed="12.82" pos="83.54" lane="1/1to1/2_0" slope="0.00"/>
        <vehicle id="13" x="605.84" y="401.65" angle="-90.00" type="DEFAULT_VEHTYPE" speed="1.42" pos="194.16" lane="4/2to3/2_0" slope="0.00"/>
        <vehicle id="14" x="198.35" y="523.80" angle="0.00" type="DEFAULT_VEHTYPE" speed="13.69" pos="71.45" lane="1/3to1/2_0" slope="0.00"/>
        <vehicle id="2" x="382.40" y="601.65" angle="-90.00" type="DEFAULT_VEHTYPE" speed="9.42" pos="12.85" lane="2/3to1/3_0" slope="0.00"/>
        <vehicle id="3" x="596.58" y="201.46" angle="-120.74" type="DEFAULT_VEHTYPE" speed="7.57" pos="1.83" lane=":3/1_18_0" slope="0.00"/>
        <vehicle id="4" x="196.60" y="198.54" angle="92.21" type="DEFAULT_VEHTYPE" speed="5.78" pos="1.36" lane=":1/1_14_0" slope="0.00"/>
        <vehicle id="5" x="377.90" y="198.35" angle="90.00" type="DEFAULT_VEHTYPE" speed="11.19" pos="173.15" lane="1/1to2/1_0" slope="0.00"/>
        <vehicle id="6" x="188.36" y="598.35" angle="90.00" type="DEFAULT_VEHTYPE" speed="6.21" pos="188.36" lane="0/3to1/3_0" slope="0.00"/>
        <vehicle id="7" x="771.66" y="198.35" angle="90.00" type="DEFAULT_VEHTYPE" speed="12.62" pos="166.91" lane="3/1to4/1_0" slope="0.00"/>
        <vehicle id="8" x="601.65" y="175.18" angle="180.00" type="DEFAULT_VEHTYPE" speed="11.34" pos="175.18" lane="3/0to3/1_0" slope="0.00"/>
        <vehicle id="9" x="265.44" y="201.65" angle="-90.00" type="DEFAULT_VEHTYPE" speed="13.70" pos="129.81" lane="2/1to1/1_0" slope="0.00"/>
    </timestep>
    <timestep time="40.00">
        <vehicle id="0" x="529.86" y="401.65" angle="-90.00" type="DEFAULT_VEHTYPE" speed="13.42" pos="65.39" lane="3/2to2/2_0" slope="0.00"/>
        <vehicle id="1" x="558.82" y="401.65" angle="-90.00" type="DEFAULT_VEHTYPE" speed="13.76" pos="36.43" lane="3/2to2/2_0" slope="0.00"/>
        <vehicle id="10" x="401.65" y="292.90" angle="180.00" type="DEFAULT_VEHTYPE" speed="13.29" pos="88.15" lane="2/1to2/2_0" slope="0.00"/>
        <vehicle id="11" x="316.58" y="398.35" angle="90.00" type="DEFAULT_VEHTYPE" speed="12.93" pos="111.83" lane="1/2to2/2_0" slope="0.00"/>
        <vehicle id="12" x="201.65" y="300.90" angle="180.00" type="DEFAULT_VEHTYPE" speed="12.61" pos="96.15" lane="1/1to1/2_0" slope="0.00"/>
        <vehicle id="13" x="601.86" y="401.65" angle="-90.00" type="DEFAULT_VEHTYPE" speed="3.98" pos="2.89" lane=":3/2_5_0" slope="0.00"/>
        <vehicle id="14" x="198.35" y="510.70" angle="0.00" type="DEFAULT_VEHTYPE" speed="13.10" pos="84.55" lane="1/3to1/2_0" slope="0.00"/>
        <vehicle id="2" x="371.30" y="601.65" angle="-90.00" type="DEFAULT_VEHTYPE" speed="11.10" pos="23.95" lane="2/3to1/3_0" slope="0.00"/>
        <vehicle id="3" x="586.61" y="201.65" angle="-90.00" type="DEFAULT_VEHTYPE" speed="9.98" pos="8.64" lane="3/1to2/1_0" slope="0.00"/>
        <vehicle id="4" x="201.52" y="203.87" angle="153.95" type="DEFAULT_VEHTYPE" speed="8.07" pos="9.43" lane=":1/1_14_0" slope="0.00"/>
        <vehicle id="5" x="385.64" y="198.35" angle="90.00" type="DEFAULT_VEHTYPE" speed="7.73" pos="180.89" lane="1/1to2/1_0" slope="0.00"/>
        <vehicle id="6" x="197.15" y="598.35" angle="90.00" type="DEFAULT_VEHTYPE" speed="8.78" pos="1.90" lane=":1/3_13_0" slope="0.00"/>
        <vehicle id="7" x="784.63" y="198.35" angle="90.00" type="DEFAULT_VEHTYPE" speed="12.97" pos="179.88" lane="3/1to4/1_0" slope="0.00"/>
        <vehicle id="8" x="601.65" y="183.87" angle="180.00" type="DEFAULT_VEHTYPE" speed="8.69" pos="183.87" lane="3/0to3/1_0" slope="0.00"/>
        <vehicle id="9" x="252.52" y="201.65" angle="-90.00" type="DEFAULT_VEHTYPE" speed="12.92" pos="142.73" lane="2/1to1/1_0" slope="0.00"/>
    </timestep>
    <timestep time="41.00">
        <vehicle id="0" x="516.31" y="401.65" angle="-90.00" type="DEFAULT_VEHTYPE" speed="13.55" pos="78.94" lane="3/2to2/2_0" slope="0.00"/>
        <vehicle id="1" x="545.70" y="401.65" angle="-90.00" type="DEFAULT_VEHTYPE" speed="13.11" pos="49.55" lane="3/2to2/2_0" slope="0.00"/>
        <vehicle id="10" x="401.65" y="306.61" angle="180.00" type="DEFAULT_VEHTYPE" speed="13.71" pos="101.86" lane="2/1to2/2_0" slope="0.00"/>
        <vehicle id="11" x="329.96" y="398.35" angle="90.00" type="DEFAULT_VEHTYPE" speed="13.38" pos="125.21" lane="1/2to2/2_0" slope="0.00"/>
        <vehicle id="12" x="201.65" y="313.80" angle="180.00" type="DEFAULT_VEHTYPE" speed="12.90" pos="109.05" lane="1/1to1/2_0" slope="0.00"/>
        <vehicle id="13" x="595.48" y="401.65" angle="-90.00" type="DEFAULT_VEHTYPE" speed="6.38" pos="9.27" lane=":3/2_5_0" slope="0.00"/>
        <vehicle id="14" x="198.35" y="497.39" angle="0.00" type="DEFAULT_VEHTYPE" speed="13.31" pos="97.86" lane="1/3to1/2_0" slope="0.00"/>
        <vehicle id="2" x="357.89" y="601.65" angle="-90.00" type="DEFAULT_VEHTYPE" speed="13.41" pos="37.36" lane="2/3to1/3_0" slope="0.00"/>
        <vehicle id="3" x="574.31" y="201.65" angle="-90.00" type="DEFAULT_VEHTYPE" speed="12.31" pos="20.94" lane="3/1to2/1_0" slope="0.00"/>
        <vehicle id="4" x="201.65" y="213.58" angle="180.00" type="DEFAULT_VEHTYPE" speed="9.72" pos="8.83" lane="1/1to1/2_0" slope="0.00"/>
        <vehicle id="5" x="390.30" y="198.35" angle="90.00" type="DEFAULT_VEHTYPE" speed="4.66" pos="185.55" lane="1/1to2/1_0" slope="0.00"/>
        <vehicle id="6" x="207.28" y="598.35" angle="90.00" type="DEFAULT_VEHTYPE" speed="10.13" pos="2.53" lane="1/3to2/3_0" slope="0.00"/>
        <vehicle id="7" x="797.61" y="198.35" angle="90.00" type="DEFAULT_VEHTYPE" speed="12.98" pos="192.86" lane="3/1to4/1_0" slope="0.00"/>
        <vehicle id="8" x="601.65" y="188.62" angle="180.00" type="DEFAULT_VEHTYPE" speed="4.76" pos="188.62" lane="3/0to3/1_0" slope="0.00"/>
        <vehicle id="9" x="239.21" y="201.65" angle="-90.00" type="DEFAULT_VEHTYPE" speed="13.31" pos="156.04" lane="2/1to1/1_0" slope="0.00"/>
    </timestep>
    <timestep time="42.00">
        <vehicle id="0" x="503.15" y="401.65" angle="-90.00" type="DEFAULT_VEHTYPE" speed="13.16" pos="92.10" lane="3/2to2/2_0" slope="0.00"/>
        <vehicle id="1" x="532.52" y="401.65" angle="-90.00" type="DEFAULT_VEHTYPE" speed="13.18" pos="62.73" lane="3/2to2/2_0" slope="0.00"/>
        <vehicle id="10" x="401.65" y="319.54" angle="180.00" type="DEFAULT_VEHTYPE" speed="12.92" pos="114.79" lane="2/1to2/2_0" slope="0.00"/>
        <vehicle id="11" x="343.15" y="398.35" angle="90.00" type="DEFAULT_VEHTYPE" speed="13.19" pos="138.40" lane="1/2to2/2_0" slope="0.00"/>
        <vehicle id="12" x="201.65" y="327.02" angle="180.00" type="DEFAULT_VEHTYPE" speed="13.22" pos="122.27" lane="1/1to1/2_0" slope="0.00"/>
        <vehicle id="13" x="587.61" y="401.65" angle="-90.00" type="DEFAULT_VEHTYPE" speed="7.87" pos="7.64" lane="3/2to2/2_0" slope="0.00"/>
        <vehicle id="14" x="198.35" y="483.71" angle="0.00" type="DEFAULT_VEHTYPE" speed="13.67" pos="111.54" lane="1/3to1/2_0" slope="0.00"/>
        <vehicle id="2" x="344.88" y="601.65" angle="-90.00" type="DEFAULT_VEHTYPE" speed="13.01" pos="50.37" lane="2/3to1/3_0" slope="0.00"/>
        <vehicle id="3" x="561.16" y="201.65" angle="-90.00" type="DEFAULT_VEHTYPE" speed="13.15" pos="34.09" lane="3/1to2/1_0" slope="0.00"/>
        <vehicle id="4" x="201.65" y="225.59" angle="180.00" type="DEFAULT_VEHTYPE" speed="12.01" pos="20.84" lane="1/1to1/2_0" slope="0.00"/>
        <vehicle id="5" x="397.29" y="198.35" angle="90.00" type="DEFAULT_VEHTYPE" speed="6.99" pos="2.04" lane=":2/1_13_0" slope="0.00"/>
        <vehicle id="6" x="219.58" y="598.35" angle="90.00" type="DEFAULT_VEHTYPE" speed="12.30" pos="14.83" lane="1/3to2/3_0" slope="0.00"/>
        <vehicle id="7" x="793.94" y="201.65" angle="-90.00" type="DEFAULT_VEHTYPE" speed="13.27" pos="6.06" lane="4/1to3/1_0" slope="0.00"/>
        <vehicle id="8" x="601.65" y="195.07" angle="180.00" type="DEFAULT_VEHTYPE" speed="6.45" pos="195.07" lane="3/0to3/1_0" slope="0.00"/>
        <vehicle id="9" x="227.44" y="201.65" angle="-90.00" type="DEFAULT_VEHTYPE" speed="11.77" pos="167.81" lane="2/1to1/1_0" slope="0.00"/>
    </timestep>
    <timestep time="43.00">
        <vehicle id="0" x="490.21" y="401.65" angle="-90.00" type="DEFAULT_VEHTYPE" speed="12.94" pos="105.04" lane="3/2to2/2_0" slope="0.00"/>
        <vehicle id="1" x="519.15" y="401.65" angle="-90.00" type="DEFAULT_VEHTYPE" speed="13.38" pos="76.10" lane="3/2to2/2_0" slope="0.00"/>
        <vehicle id="10" x="401.65" y="332.48" angle="180.00" type="DEFAULT_VEHTYPE" speed="12.94" pos="127.73" lane="2/1to2/2_0" slope="0.00"/>
        <vehicle id="11" x="356.87" y="398.35" angle="90.00" type="DEFAULT_VEHTYPE" speed="13.72" pos="152.12" lane="1/2to2/2_0" slope="0.00"/>
        <vehicle id="12" x="201.65" y="340.10" angle="180.00" type="DEFAULT_VEHTYPE" speed="13.08" pos="135.35" lane="1/1to1/2_0" slope="0.00"/>
        <vehicle id="13" x="578.35" y="401.65" angle="-90.00" type="DEFAULT_VEHTYPE" speed="9.25" pos="16.90" lane="3/2to2/2_0" slope="0.00"/>
        <vehicle id="14" x="198.35" y="470.21" angle="0.00" type="DEFAULT_VEHTYPE" speed="13.50" pos="125.04" lane="1/3to1/2_0" slope="0.00"/>
        <vehicle id="2" x="332.17" y="601.65" angle="-90.00" type="DEFAULT_VEHTYPE" speed="12.71" pos="63.08" lane="2/3to1/3_0" slope="0.00"/>
        <vehicle id="3" x="547.92" y="201.65" angle="-90.00" type="DEFAULT_VEHTYPE" speed="13.24" pos="47.33" lane="3/1to2/1_0" slope="0.00"/>
        <vehicle id="4" x="201.65" y="238.75" angle="180.00" type="DEFAULT_VEHTYPE" speed="13.16" pos="34.00" lane="1/1to1/2_0" slope="0.00"/>
        <vehicle id="5" x="406.26" y="198.35" angle="90.00" type="DEFAULT_VEHTYPE" speed="8.97" pos="1.51" lane="2/1to3/1_0" slope="0.00"/>
        <vehicle id="6" x="232.44" y="598.35" angle="90.00" type="DEFAULT_VEHTYPE" speed="12.86" pos="27.69" lane="1/3to2/3_0" slope="0.00"/>
        <vehicle id="7" x="780.53" y="201.65" angle="-90.00" type="DEFAULT_VEHTYPE" speed="13.41" pos="19.47" lane="4/1to3/1_0" slope="0.00"/>
        <vehicle id="8" x="596.92" y="201.41" angle="-124.25" type="DEFAULT_VEHTYPE" speed="8.81" pos="1.50" lane=":3/1_18_0" slope="0.00"/>
        <vehicle id="9" x="218.33" y="201.65" angle="-90.00" type="DEFAULT_VEHTYPE" speed="9.11" pos="176.92" lane="2/1to1/1_0" slope="0.00"/>
    </timestep>
    <timestep time="44.00">
        <vehicle id="0" x="476.34" y="401.65" angle="-90.00" type="DEFAULT_VEHTYPE" speed="13.87" pos="118.91" lane="3/2to2/2_0" slope="0.00"/>
        <vehicle id="1" x="505.93" y="401.65" angle="-90.00" type="DEFAULT_VEHTYPE" speed="13.22" pos="89.32" lane="3/2to2/2_0" slope="0.00"/>
        <vehicle id="10" x="401.65" y="345.65" angle="180.00" type="DEFAULT_VEHTYPE" speed="13.17" pos="140.90" lane="2/1to2/2_0" slope="0.00"/>
        <vehicle id="11" x="369.52" y="398.35" angle="90.00" type="DEFAULT_VEHTYPE" speed="12.65" pos="164.77" lane="1/2to2/2_0" slope="0.00"/>
        <vehicle id="12" x="201.65" y="353.01" angle="180.00" type="DEFAULT_VEHTYPE" speed="12.91" pos="148.26" lane="1/1to1/2_0" slope="0.00"/>
        <vehicle id="13" x="567.78" y="401.65" angle="-90.00" type="DEFAULT_VEHTYPE" speed="10.58" pos="27.47" lane="3/2to2/2_0" slope="0.00"/>
        <vehicle id="14" x="198.35" y="456.80" angle="0.00" type="DEFAULT_VEHTYPE" speed="13.41" pos="138.45" lane="1/3to1/2_0" slope="0.00"/>
        <vehicle id="2" x="319.24" y="601.65" angle="-90.00" type="DEFAULT_VEHTYPE" speed="12.93" pos="76.01" lane="2/3to1/3_0" slope="0.00"/>
        <vehicle id="3" x="534.68" y="201.65" angle="-90.00" type="DEFAULT_VEHTYPE" speed="13.24" pos="60.57" lane="3/1to2/1_0" slope="0.00"/>
        <vehicle id="4" x="201.65" y="252.58" angle="180.00" type="DEFAULT_VEHTYPE" speed="13.83" pos="47.83" lane="1/1to1/2_0" slope="0.00"/>
        <vehicle id="5" x="417.46" y="198.35" angle="90.00" type="DEFAULT_VEHTYPE" speed="11.19" pos="12.71" lane="2/1to3/1_0" slope="0.00"/>
        <vehicle id="6" x="245.21" y="598.35" angle="90.00" type="DEFAULT_VEHTYPE" speed="12.77" pos="40.46" lane="1/3to2/3_0" slope="0.00"/>
        <vehicle id="7" x="767.63" y="201.65" angle="-90.00" type="DEFAULT_VEHTYPE" speed="12.90" pos="32.37" lane="4/1to3/1_0" slope="0.00"/>
        <vehicle id="8" x="585.91" y="201.65" angle="-90.00" type="DEFAULT_VEHTYPE" speed="11.02" pos="9.34" lane="3/1to2/1_0" slope="0.00"/>
        <vehicle id="9" x="212.34" y="201.65" angle="-90.00" type="DEFAULT_VEHTYPE" speed="5.99" pos="182.91" lane="2/1to1/1_0" slope="0.00"/>
    </timestep>
    <timestep time="45.00">
        <vehicle id="0" x="463.35" y="401.65" angle="-90.00" type="DEFAULT_VEHTYPE" speed="12.99" pos="131.90" lane="3/2to2/2_0" slope="0.00"/>
        <vehicle id="1" x="493.32" y="401.65" angle="-90.00" type="DEFAULT_VEHTYPE" speed="12.61" pos="101.93" lane="3/2to2/2_0" slope="0.00"/>
        <vehicle id="10" x="401.65" y="359.40" angle="180.00" type="DEFAULT_VEHTYPE" speed="13.75" pos="154.65" lane="2/1to2/2_0" slope="0.00"/>
        <vehicle id="11" x="379.84" y="398.35" angle="90.00" type="DEFAULT_VEHTYPE" speed="10.33" pos="175.09" lane="1/2to2/2_0" slope="0.00"/>
        <vehicle id="12" x="201.65" y="366.55" angle="180.00" type="DEFAULT_VEHTYPE" speed="13.54" pos="161.80" lane="1/1to1/2_0" slope="0.00"/>
        <vehicle id="13" x="555.78" y="401.65" angle="-90.00" type="DEFAULT_VEHTYPE" speed="11.99" pos="39.47" lane="3/2to2/2_0" slope="0.00"/>
        <vehicle id="14" x="198.35" y="444.10" angle="0.00" type="DEFAULT_VEHTYPE" speed="12.70" pos="151.15" lane="1/3to1/2_0" slope="0.00"/>
        <vehicle id="2" x="306.56" y="601.65" angle="-90.00" type="DEFAULT_VEHTYPE" speed="12.67" pos="88.69" lane="2/3to1/3_0" slope="0.00"/>
        <vehicle id="3" x="521.96" y="201.65" angle="-90.00" type="DEFAULT_VEHTYPE" speed="12.72" pos="73.29" lane="3/1to2/1_0" slope="0.00"/>
        <vehicle id="4" x="201.65" y="265.45" angle="180.00" type="DEFAULT_VEHTYPE" speed="12.87" pos="60.70" lane="1/1to1/2_0" slope="0.00"/>
        <vehicle id="5" x="430.82" y="198.35" angle="90.00" type="DEFAULT_VEHTYPE" speed="13.36" pos="26.07" lane="2/1to3/1_0" slope="0.00"/>
        <vehicle id="6" x="258.07" y="598.35" angle="90.00" type="DEFAULT_VEHTYPE" speed="12.86" pos="53.32" lane="1/3to2/3_0" slope="0.00"/>
        <vehicle id="7" x="754.46" y="201.65" angle="-90.00" type="DEFAULT_VEHTYPE" speed="13.17" pos="45.54" lane="4/1to3/1_0" slope="0.00"/>
        <vehicle id="8" x="573.57" y="201.65" angle="-90.00" type="DEFAULT_VEHTYPE" speed="12.34" pos="21.68" lane="3/1to2/1_0" slope="0.00"/>
        <vehicle id="9" x="209.26" y="201.65" angle="-90.00" type="DEFAULT_VEHTYPE" speed="3.08" pos="185.99" lane="2/1to1/1_0" slope="0.00"/>
    </timestep>
    <timestep time="46.00">
        <vehicle id="0" x="450.68" y="401.65" angle="-90.00" type="DEFAULT_VEHTYPE" speed="12.67" pos="144.57" lane="3/2to2/2_0" slope="0.00"/>
        <vehicle id="1" x="479.58" y="401.65" angle="-90.00" type="DEFAULT_VEHTYPE" speed="13.73" pos="115.67" lane="3/2to2/2_0" slope="0.00"/>
        <vehicle id="10" x="401.65" y="372.18" angle="180.00" type="DEFAULT_VEHTYPE" speed="12.78" pos="167.43" lane="2/1to2/2_0" slope="0.00"/>
        <vehicle id="11" x="386.99" y="398.35" angle="90.00" type="DEFAULT_VEHTYPE" speed="7.15" pos="182.24" lane="1/2to2/2_0" slope="0.00"/>
        <vehicle id="12" x="201.65" y="379.20" angle="180.00" type="DEFAULT_VEHTYPE" speed="12.65" pos="174.45" lane="1/1to1/2_0" slope="0.00"/>
        <vehicle id="13" x="541.91" y="401.65" angle="-90.00" type="DEFAULT_VEHTYPE" speed="13.87" pos="53.34" lane="3/2to2/2_0" slope="0.00"/>
        <vehicle id="14" x="198.35" y="430.29" angle="0.00" type="DEFAULT_VEHTYPE" speed="13.81" pos="164.96" lane="1/3to1/2_0" slope="0.00"/>
        <vehicle id="2" x="292.94" y="601.65" angle="-90.00" type="DEFAULT_VEHTYPE" speed="13.62" pos="102.31" lane="2/3to1/3_0" slope="0.00"/>
        <vehicle id="3" x="508.80" y="201.65" angle="-90.00" type="DEFAULT_VEHTYPE" speed="13.16" pos="86.45" lane="3/1to2/1_0" slope="0.00"/>
        <vehicle id="4" x="201.65" y="278.70" angle="180.00" type="DEFAULT_VEHTYPE" speed="13.25" pos="73.95" lane="1/1to1/2_0" slope="0.00"/>
        <vehicle id="5" x="443.85" y="198.35" angle="90.00" type="DEFAULT_VEHTYPE" speed="13.03" pos="39.10" lane="2/1to3/1_0" slope="0.00"/>
        <vehicle id="6" x="271.51" y="598.35" angle="90.00" type="DEFAULT_VEHTYPE" speed="13.44" pos="66.76" lane="1/3to2/3_0" slope="0.00"/>
        <vehicle id="7" x="740.59" y="201.65" angle="-90.00" type="DEFAULT_VEHTYPE" speed="13.87" pos="59.41" lane="4/1to3/1_0" slope="0.00"/>
        <vehicle id="8" x="559.80" y="201.65" angle="-90.00" type="DEFAULT_VEHTYPE" speed="13.77" pos="35.45" lane="3/1to2/1_0" slope="0.00"/>
        <vehicle id="9" x="204.81" y="201.65" angle="-90.00" type="DEFAULT_VEHTYPE" speed="4.45" pos="190.44" lane="2/1to1/1_0" slope="0.00"/>
    </timestep>
    <timestep time="47.00">
        <vehicle id="0" x="437.93" y="401.65" angle="-90.00" type="DEFAULT_VEHTYPE" speed="12.75" pos="157.32" lane="3/2to2/2_0" slope="0.00"/>
        <vehicle id="1" x="466.00" y="401.65" angle="-90.00" type="DEFAULT_VEHTYPE" speed="13.58" pos="129.25" lane="3/2to2/2_0" slope="0.00"/>
        <vehicle id="10" x="401.65" y="385.80" angle="180.00" type="DEFAULT_VEHTYPE" speed="13.62" pos="181.05" lane="2/1to2/2_0" slope="0.00"/>
        <vehicle id="11" x="389.95" y="398.35" angle="90.00" type="DEFAULT_VEHTYPE" speed="2.96" pos="185.20" lane="1/2to2/2_0" slope="0.00"/>
        <vehicle id="12" x="201.65" y="391.87" angle="180.00" type="DEFAULT_VEHTYPE" speed="12.67" pos="187.12" lane="1/1to1/2_0" slope="0.00"/>
        <vehicle id="13" x="528.08" y="401.65" angle="-90.00" type="DEFAULT_VEHTYPE" speed="13.83" pos="67.17" lane="3/2to2/2_0" slope="0.00"/>
        <vehicle id="14" x="198.35" y="420.59" angle="0.00" type="DEFAULT_VEHTYPE" speed="9.70" pos="174.66" lane="1/3to1/2_0" slope="0.00"/>
        <vehicle id="2" x="279.83" y="601.65" angle="-90.00" type="DEFAULT_VEHTYPE" speed="13.11" pos="115.42" lane="2/3to1/3_0" slope="0.00"/>
        <vehicle id="3" x="495.95" y="201.65" angle="-90.00" type="DEFAULT_VEHTYPE" speed="12.85" pos="99.30" lane="3/1to2/1_0" slope="0.00"/>
        <vehicle id="4" x="201.65" y="291.58" angle="180.00" type="DEFAULT_VEHTYPE" speed="12.88" pos="86.83" lane="1/1to1/2_0" slope="0.00"/>
        <vehicle id="5" x="457.34" y="198.35" angle="90.00" type="DEFAULT_VEHTYPE" speed="13.49" pos="52.59" lane="2/1to3/1_0" slope="0.00"/>
        <vehicle id="6" x="284.56" y="598.35" angle="90.00" type="DEFAULT_VEHTYPE" speed="13.05" pos="79.81" lane="1/3to2/3_0" slope="0.00"/>
        <vehicle id="7" x="727.76" y="201.65" angle="-90.00" type="DEFAULT_VEHTYPE" speed="12.82" pos="72.24" lane="4/1to3/1_0" slope="0.00"/>
        <vehicle id="8" x="546.52" y="201.65" angle="-90.00" type="DEFAULT_VEHTYPE" speed="13.28" pos="48.73" lane="3/1to2/1_0" slope="0.00"/>
        <vehicle id="9" x="201.65" y="206.26" angle="-159.57" type="DEFAULT_VEHTYPE" speed="6.57" pos="1.51" lane="1/1to1/2_0" slope="0.00"/>
    </timestep>
    <timestep time="48.00">
        <vehicle id="0" x="426.36" y="401.65" angle="-90.00" type="DEFAULT_VEHTYPE" speed="11.57" pos="168.89" lane="3/2to2/2_0" slope="0.00"/>
        <vehicle id="1" x="452.88" y="401.65" angle="-90.00" type="DEFAULT_VEHTYPE" speed="13.12" pos="142.37" lane="3/2to2/2_0" slope="0.00"/>
        <vehicle id="10" x="401.65" y="399.52" angle="180.00" type="DEFAULT_VEHTYPE" speed="13.72" pos="4.27" lane=":2/2_9_0" slope="0.00"/>
        <vehicle id="11" x="394.98" y="398.35" angle="90.00" type="DEFAULT_VEHTYPE" speed="5.03" pos="190.23" lane="1/2to2/2_0" slope="0.00"/>
        <vehicle id="12" x="209.13" y="398.35" angle="90.99" type="DEFAULT_VEHTYPE" speed="12.76" pos="4.38" lane="1/2to2/2_0" slope="0.00"/>
        <vehicle id="13" x="515.13" y="401.65" angle="-90.00" type="DEFAULT_VEHTYPE" speed="12.95" pos="80.12" lane="3/2to2/2_0" slope="0.00"/>
        <vehicle id="14" x="198.35" y="414.30" angle="0.00" type="DEFAULT_VEHTYPE" speed="6.28" pos="180.95" lane="1/3to1/2_0" slope="0.00"/>
        <vehicle id="2" x="267.13" y="601.65" angle="-90.00" type="DEFAULT_VEHTYPE" speed="12.70" pos="128.12" lane="2/3to1/3_0" slope="0.00"/>
        <vehicle id="3" x="483.00" y="201.65" angle="-90.00" type="DEFAULT_VEHTYPE" speed="12.95" pos="112.25" lane="3/1to2/1_0" slope="0.00"/>
        <vehicle id="4" x="201.65" y="304.20" angle="180.00" type="DEFAULT_VEHTYPE" speed="12.63" pos="99.45" lane="1/1to1/2_0" slope="0.00"/>
        <vehicle id="5" x="469.97" y="198.35" angle="90.00" type="DEFAULT_VEHTYPE" speed="12.63" pos="65.22" lane="2/1to3/1_0" slope="0.00"/>
        <vehicle id="6" x="297.98" y="598.35" angle="90.00" type="DEFAULT_VEHTYPE" speed="13.42" pos="93.23" lane="1/3to2/3_0" slope="0.00"/>
        <vehicle id="7" x="714.08" y="201.65" angle="-90.00" type="DEFAULT_VEHTYPE" speed="13.69" pos="85.92" lane="4/1to3/1_0" slope="0.00"/>
        <vehicle id="8" x="532.91" y="201.65" angle="-90.00" type="DEFAULT_VEHTYPE" speed="13.61" pos="62.34" lane="3/1to2/1_0" slope="0.00"/>
        <vehicle id="9" x="201.65" y="214.94" angle="180.00" type="DEFAULT_VEHTYPE" speed="8.68" pos="10.19" lane="1/1to1/2_0" slope="0.00"/>
    </timestep>
    <timestep time="49.00">
        <vehicle id="0" x="418.04" y="401.65" angle="-90.00" type="DEFAULT_VEHTYPE" speed="8.32" pos="177.21" lane="3/2to2/2_0" slope="0.00"/>
        <vehicle id="1" x="439.30" y="401.65" angle="-90.00" type="DEFAULT_VEHTYPE" speed="13.58" pos="155.95" lane="3/2to2/2_0" slope="0.00"/>
        <vehicle id="10" x="401.65" y="413.09" angle="180.00" type="DEFAULT_VEHTYPE" speed="13.57" pos="8.34" lane="2/2to2/3_0" slope="0.00"/>
        <vehicle id="11" x="398.35" y="393.78" angle="20.97" type="DEFAULT_VEHTYPE" speed="6.73" pos="1.47" lane="2/2to2/1_0" slope="0.00"/>
        <vehicle id="12" x="222.60" y="398.35" angle="90.00" type="DEFAULT_VEHTYPE" speed="13.47" pos="17.85" lane="1/2to2/2_0" slope="0.00"/>
        <vehicle id="13" x="501.40" y="401.65" angle="-90.00" type="DEFAULT_VEHTYPE" speed="13.73" pos="93.85" lane="3/2to2/2_0" slope="0.00"/>
        <vehicle id="14" x="198.35" y="410.59" angle="0.00" type="DEFAULT_VEHTYPE" speed="3.71" pos="184.66" lane="1/3to1/2_0" slope="0.00"/>
        <vehicle id="2" x="254.01" y="601.65" angle="-90.00" type="DEFAULT_VEHTYPE" speed="13.13" pos="141.24" lane="2/3to1/3_0" slope="0.00"/>
        <vehicle id="3" x="470.17" y="201.65" angle="-90.00" type="DEFAULT_VEHTYPE" speed="12.82" pos="125.08" lane="3/1to2/1_0" slope="0.00"/>
        <vehicle id="4" x="201.65" y="317.63" angle="180.00" type="DEFAULT_VEHTYPE" speed="13.43" pos="112.88" lane="1/1to1/2_0" slope="0.00"/>
        <vehicle id="5" x="483.76" y="198.35" angle="90.00" type="DEFAULT_VEHTYPE" speed="13.79" pos="79.01" lane="2/1to3/1_0" slope="0.00"/>
        <vehicle id="6" x="311.19" y="598.35" angle="90.00" type="DEFAULT_VEHTYPE" speed="13.20" pos="106.44" lane="1/3to2/3_0" slope="0.00"/>
        <vehicle id="7" x="700.39" y="201.65" angle="-90.00" type="DEFAULT_VEHTYPE" speed="13.69" pos="99.61" lane="4/1to3/1_0" slope="0.00"/>
        <vehicle id="8" x="519.45" y="201.65" angle="-90.00" type="DEFAULT_VEHTYPE" speed="13.45" pos="75.80" lane="3/1to2/1_0" slope="0.00"/>
        <vehicle id="9" x="201.65" y="225.53" angle="180.00" type="DEFAULT_VEHTYPE" speed="10.59" pos="20.78" lane="1/1to1/2_0" slope="0.00"/>
    </timestep>
    <timestep time="50.00">
        <vehicle id="0" x="411.78" y="401.65" angle="-90.00" type="DEFAULT_VEHTYPE" speed="6.26" pos="183.47" lane="3/2to2/2_0" slope="0.00"/>
        <vehicle id="1" x="430.18" y="401.65" angle="-90.00" type="DEFAULT_VEHTYPE" speed="9.12" pos="165.07" lane="3/2to2/2_0" slope="0.00"/>
        <vehicle id="10" x="401.65" y="425.99" angle="180.00" type="DEFAULT_VEHTYPE" speed="12.89" pos="21.24" lane="2/2to2/3_0" slope="0.00"/>
        <vehicle id="11" x="398.35" y="384.62" angle="0.00" type="DEFAULT_VEHTYPE" speed="9.16" pos="10.63" lane="2/2to2/1_0" slope="0.00"/>
        <vehicle id="12" x="235.22" y="398.35" angle="90.00" type="DEFAULT_VEHTYPE" speed="12.62" pos="30.47" lane="1/2to2/2_0" slope="0.00"/>
        <vehicle id="13" x="488.20" y="401.65" angle="-90.00" type="DEFAULT_VEHTYPE" speed="13.20" pos="107.05" lane="3/2to2/2_0" slope="0.00"/>
        <vehicle id="14" x="198.35" y="404.81" angle="0.00" type="DEFAULT_VEHTYPE" speed="5.78" pos="190.44" lane="1/3to1/2_0" slope="0.00"/>
        <vehicle id="2" x="241.20" y="601.65" angle="-90.00" type="DEFAULT_VEHTYPE" speed="12.80" pos="154.05" lane="2/3to1/3_0" slope="0.00"/>
        <vehicle id="3" x="457.49" y="201.65" angle="-90.00" type="DEFAULT_VEHTYPE" speed="12.68" pos="137.76" lane="3/1to2/1_0" slope="0.00"/>
        <vehicle id="4" x="201.65" y="331.48" angle="180.00" type="DEFAULT_VEHTYPE" speed="13.85" pos="126.73" lane="1/1to1/2_0" slope="0.00"/>
        <vehicle id="5" x="496.77" y="198.35" angle="90.00" type="DEFAULT_VEHTYPE" speed="13.01" pos="92.02" lane="2/1to3/1_0" slope="0.00"/>
        <vehicle id="6" x="324.55" y="598.35" angle="90.00" type="DEFAULT_VEHTYPE" speed="13.37" pos="119.80" lane="1/3to2/3_0" slope="0.00"/>
        <vehicle id="7" x="687.60" y="201.65" angle="-90.00" type="DEFAULT_VEHTYPE" speed="12.79" pos="112.40" lane="4/1to3/1_0" slope="0.00"/>
        <vehicle id="8" x="506.68" y="201.65" angle="-90.00" type="DEFAULT_VEHTYPE" speed="12.78" pos="88.57" lane="3/1to2/1_0" slope="0.00"/>
        <vehicle id="9" x="201.65" y="238.21" angle="180.00" type="DEFAULT_VEHTYPE" speed="12.67" pos="33.46" lane="1/1to1/2_0" slope="0.00"/>
    </timestep>
    <timestep time="51.00">
        <vehicle id="0" x="409.23" y="401.65" angle="-90.00" type="DEFAULT_VEHTYPE" speed="2.55" pos="186.02" lane="3/2to2/2_0" slope="0.00"/>
        <vehicle id="1" x="422.19" y="401.65" angle="-90.00" type="DEFAULT_VEHTYPE" speed="7.99" pos="173.06" lane="3/2to2/2_0" slope="0.00"/>
        <vehicle id="10" x="401.65" y="439.22" angle="180.00" type="DEFAULT_VEHTYPE" speed="13.24" pos="34.47" lane="2/2to2/3_0" slope="0.00"/>
        <vehicle id="11" x="398.35" y="373.45" angle="0.00" type="DEFAULT_VEHTYPE" speed="11.18" pos="21.80" lane="2/2to2/1_0" slope="0.00"/>
        <vehicle id="12" x="248.67" y="398.35" angle="90.00" type="DEFAULT_VEHTYPE" speed="13.45" pos="43.92" lane="1/2to2/2_0" slope="0.00"/>
        <vehicle id="13" x="475.10" y="401.65" angle="-90.00" type="DEFAULT_VEHTYPE" speed="13.09" pos="120.15" lane="3/2to2/2_0" slope="0.00"/>
        <vehicle id="14" x="202.67" y="398.65" angle="51.40" type="DEFAULT_VEHTYPE" speed="8.28" pos="1.08" lane=":1/2_16_0" slope="0.00"/>
        <vehicle id="2" x="227.93" y="601.65" angle="-90.00" type="DEFAULT_VEHTYPE" speed="13.28" pos="167.32" lane="2/3to1/3_0" slope="0.00"/>
        <vehicle id="3" x="443.68" y="201.65" angle="-90.00" type="DEFAULT_VEHTYPE" speed="13.81" pos="151.57" lane="3/1to2/1_0" slope="0.00"/>
        <vehicle id="4" x="201.65" y="344.34" angle="180.00" type="DEFAULT_VEHTYPE" speed="12.86" pos="139.59" lane="1/1to1/2_0" slope="0.00"/>
        <vehicle id="5" x="510.20" y="198.35" angle="90.00" type="DEFAULT_VEHTYPE" speed="13.43" pos="105.45" lane="2/1to3/1_0" slope="0.00"/>
        <vehicle id="6" x="337.49" y="598.35" angle="90.00" type="DEFAULT_VEHTYPE" speed="12.94" pos="132.74" lane="1/3to2/3_0" slope="0.00"/>
        <vehicle id="7" x="673.98" y="201.65" angle="-90.00" type="DEFAULT_VEHTYPE" speed="13.62" pos="126.02" lane="4/1to3/1_0" slope="0.00"/>
        <vehicle id="8" x="493.09" y="201.65" angle="-90.00" type="DEFAULT_VEHTYPE" speed="13.58" pos="102.16" lane="3/1to2/1_0" slope="0.00"/>
        <vehicle id="9" x="201.65" y="251.58" angle="180.00" type="DEFAULT_VEHTYPE" speed="13.37" pos="46.83" lane="1/1to1/2_0" slope="0.00"/>
    </timestep>
    <timestep time="52.00">
        <vehicle id="0" x="404.74" y="401.65" angle="-90.00" type="DEFAULT_VEHTYPE" speed="4.49" pos="0.01" lane=":2/2_5_0" slope="0.00"/>
        <vehicle id="1" x="418.70" y="401.65" angle="-90.00" type="DEFAULT_VEHTYPE" speed="3.49" pos="176.55" lane="3/2to2/2_0" slope="0.00"/>
        <vehicle id="10" x="401.65" y="452.30" angle="180.00" type="DEFAULT_VEHTYPE" speed="13.08" pos="47.55" lane="2/2to2/3_0" slope="0.00"/>
        <vehicle id="11" x="398.35" y="360.65" angle="0.00" type="DEFAULT_VEHTYPE" speed="12.80" pos="34.60" lane="2/2to2/1_0" slope="0.00"/>
        <vehicle id="12" x="261.31" y="398.35" angle="90.00" type="DEFAULT_VEHTYPE" speed="12.63" pos="56.56" lane="1/2to2/2_0" slope="0.00"/>
        <vehicle id="13" x="462.44" y="401.65" angle="-90.00" type="DEFAULT_VEHTYPE" speed="12.67" pos="132.81" lane="3/2to2/2_0" slope="0.00"/>
        <vehicle id="14" x="212.86" y="398.35" angle="90.00" type="DEFAULT_VEHTYPE" speed="10.21" pos="8.11" lane="1/2to2/2_0" slope="0.00"/>
        <vehicle id="2" x="214.71" y="601.65" angle="-90.00" type="DEFAULT_VEHTYPE" speed="13.22" pos="180.54" lane="2/3to1/3_0" slope="0.00"/>
        <vehicle id="3" x="430.12" y="201.65" angle="-90.00" type="DEFAULT_VEHTYPE" speed="13.56" pos="165.13" lane="3/1to2/1_0" slope="0.00"/>
        <vehicle id="4" x="201.65" y="357.22" angle="180.00" type="DEFAULT_VEHTYPE" speed="12.88" pos="152.47" lane="1/1to1/2_0" slope="0.00"/>
        <vehicle id="5" x="523.46" y="198.35" angle="90.00" type="DEFAULT_VEHTYPE" speed="13.26" pos="118.71" lane="2/1to3/1_0" slope="0.00"/>
        <vehicle id="6" x="350.66" y="598.35" angle="90.00" type="DEFAULT_VEHTYPE" speed="13.17" pos="145.91" lane="1/3to2/3_0" slope="0.00"/>
        <vehicle id="7" x="660.59" y="201.65" angle="-90.00" type="DEFAULT_VEHTYPE" speed="13.39" pos="139.41" lane="4/1to3/1_0" slope="0.00"/>
        <vehicle id="8" x="479.49" y="201.65" angle="-90.00" type="DEFAULT_VEHTYPE" speed="13.60" pos="115.76" lane="3/1to2/1_0" slope="0.00"/>
        <vehicle id="9" x="201.65" y="265.32" angle="180.00" type="DEFAULT_VEHTYPE" speed="13.74" pos="60.57" lane="1/1to1/2_0" slope="0.00"/>
    </timestep>
    <timestep time="53.00">
        <vehicle id="0" x="398.74" y="401.65" angle="-90.00" type="DEFAULT_VEHTYPE" speed="6.00" pos="6.01" lane=":2/2_5_0" slope="0.00"/>
        <vehicle id="1" x="415.15" y="401.65" angle="-90.00" type="DEFAULT_VEHTYPE" speed="3.55" pos="180.10" lane="3/2to2/2_0" slope="0.00"/>
        <vehicle id="10" x="401.65" y="465.69" angle="180.00" type="DEFAULT_VEHTYPE" speed="13.39" pos="60.94" lane="2/2to2/3_0" slope="0.00"/>
        <vehicle id="11" x="398.35" y="347.36" angle="0.00" type="DEFAULT_VEHTYPE" speed="13.29" pos="47.89" lane="2/2to2/1_0" slope="0.00"/>
        <vehicle id="12" x="274.58" y="398.35" angle="90.00" type="DEFAULT_VEHTYPE" speed="13.28" pos="69.83" lane="1/2to2/2_0" slope="0.00"/>
        <vehicle id="13" x="449.34" y="401.65" angle="-90.00" type="DEFAULT_VEHTYPE" speed="13.10" pos="145.91" lane="3/2to2/2_0" slope="0.00"/>
        <vehicle id="14" x="224.66" y="398.35" angle="90.00" type="DEFAULT_VEHTYPE" speed="11.80" pos="19.91" lane="1/2to2/2_0" slope="0.00"/>
        <vehicle id="3" x="420.67" y="201.65" angle="-90.00" type="DEFAULT_VEHTYPE" speed="9.45" pos="174.58" lane="3/1to2/1_0" slope="0.00"/>
        <vehicle id="4" x="201.65" y="371.06" angle="180.00" type="DEFAULT_VEHTYPE" speed="13.84" pos="166.31" lane="1/1to1/2_0" slope="0.00"/>
        <vehicle id="5" x="537.25" y="198.35" angle="90.00" type="DEFAULT_VEHTYPE" speed="13.79" pos="132.50" lane="2/1to3/1_0" slope="0.00"/>
        <vehicle id="6" x="363.98" y="598.35" angle="90.00" type="DEFAULT_VEHTYPE" speed="13.32" pos="159.23" lane="1/3to2/3_0" slope="0.00"/>
        <vehicle id="7" x="647.77" y="201.65" angle="-90.00" type="DEFAULT_VEHTYPE" speed="12.82" pos="152.23" lane="4/1to3/1_0" slope="0.00"/>
        <vehicle id="8" x="465.81" y="201.65" angle="-90.00" type="DEFAULT_VEHTYPE" speed="13.68" pos="129.44" lane="3/1to2/1_0" slope="0.00"/>
        <vehicle id="9" x="201.65" y="279.02" angle="180.00" type="DEFAULT_VEHTYPE" speed="13.69" pos="74.27" lane="1/1to1/2_0" slope="0.00"/>
    </timestep>
    <timestep time="54.00">
        <vehicle id="0" x="390.75" y="401.65" angle="-90.00" type="DEFAULT_VEHTYPE" speed="7.98" pos="4.50" lane="2/2to1/2_0" slope="0.00"/>
        <vehicle id="1" x="411.10" y="401.65" angle="-90.00" type="DEFAULT_VEHTYPE" speed="4.05" pos="184.15" lane="3/2to2/2_0" slope="0.00"/>
        <vehicle id="10" x="401.65" y="478.34" angle="180.00" type="DEFAULT_VEHTYPE" speed="12.64" pos="73.59" lane="2/2to2/3_0" slope="0.00"/>
        <vehicle id="11" x="398.35" y="334.53" angle="0.00" type="DEFAULT_VEHTYPE" speed="12.83" pos="60.72" lane="2/2to2/1_0" slope="0.00"/>
        <vehicle id="12" x="288.40" y="398.35" angle="90.00" type="DEFAULT_VEHTYPE" speed="13.81" pos="83.65" lane="1/2to2/2_0" slope="0.00"/>
        <vehicle id="13" x="438.28" y="401.65" angle="-90.00" type="DEFAULT_VEHTYPE" speed="11.06" pos="156.97" lane="3/2to2/2_0" slope="0.00"/>
        <vehicle id="14" x="237.34" y="398.35" angle="90.00" type="DEFAULT_VEHTYPE" speed="12.68" pos="32.59" lane="1/2to2/2_0" slope="0.00"/>
        <vehicle id="3" x="413.98" y="201.65" angle="-90.00" type="DEFAULT_VEHTYPE" speed="6.69" pos="181.27" lane="3/1to2/1_0" slope="0.00"/>
        <vehicle id="4" x="201.65" y="384.34" angle="180.00" type="DEFAULT_VEHTYPE" speed="13.28" pos="179.59" lane="1/1to1/2_0" slope="0.00"/>
        <vehicle id="5" x="551.05" y="198.35" angle="90.00" type="DEFAULT_VEHTYPE" speed="13.80" pos="146.30" lane="2/1to3/1_0" slope="0.00"/>
        <vehicle id="6" x="374.97" y="598.35" angle="90.00" type="DEFAULT_VEHTYPE" speed="10.99" pos="170.22" lane="1/3to2/3_0" slope="0.00"/>
        <vehicle id="7" x="634.09" y="201.65" angle="-90.00" type="DEFAULT_VEHTYPE" speed="13.68" pos="165.91" lane="4/1to3/1_0" slope="0.00"/>
        <vehicle id="8" x="452.15" y="201.65" angle="-90.00" type="DEFAULT_VEHTYPE" speed="13.66" pos="143.10" lane="3/1to2/1_0" slope="0.00"/>
        <vehicle id="9" x="201.65" y="292.17" angle="180.00" type="DEFAULT_VEHTYPE" speed="13.16" pos="87.42" lane="1/1to1/2_0" slope="0.00"/>
    </timestep>
    <timestep time="55.00">
        <vehicle id="0" x="380.80" y="401.65" angle="-90.00" type="DEFAULT_VEHTYPE" speed="9.95" pos="14.45" lane="2/2to1/2_0" slope="0.00"/>
        <vehicle id="1" x="404.67" y="401.64" angle="-89.87" type="DEFAULT_VEHTYPE" speed="6.43" pos="0.08" lane=":2/2_6_0" slope="0.00"/>
        <vehicle id="10" x="401.65" y="491.37" angle="180.00" type="DEFAULT_VEHTYPE" speed="13.03" pos="86.62" lane="2/2to2/3_0" slope="0.00"/>
        <vehicle id="11" x="398.35" y="321.08" angle="0.00" type="DEFAULT_VEHTYPE" speed="13.45" pos="74.17" lane="2/2to2/1_0" slope="0.00"/>
        <vehicle id="12" x="301.77" y="398.35" angle="90.00" type="DEFAULT_VEHTYPE" speed="13.37" pos="97.02" lane="1/2to2/2_0" slope="0.00"/>
        <vehicle id="13" x="429.29" y="401.65" angle="-90.00" type="DEFAULT_VEHTYPE" speed="8.99" pos="165.96" lane="3/2to2/2_0" slope="0.00"/>
        <vehicle id="14" x="250.93" y="398.35" angle="90.00" type="DEFAULT_VEHTYPE" speed="13.59" pos="46.18" lane="1/2to2/2_0" slope="0.00"/>
        <vehicle id="3" x="409.50" y="201.65" angle="-90.00" type="DEFAULT_VEHTYPE" speed="4.48" pos="185.75" lane="3/1to2/1_0" slope="0.00"/>
        <vehicle id="4" x="201.65" y="398.15" angle="180.00" type="DEFAULT_VEHTYPE" speed="13.81" pos="2.90" lane=":1/2_9_0" slope="0.00"/>
        <vehicle id="5" x="564.59" y="198.35" angle="90.00" type="DEFAULT_VEHTYPE" speed="13.54" pos="159.84" lane="2/1to3/1_0" slope="0.00"/>
        <vehicle id="6" x="382.70" y="598.35" angle="90.00" type="DEFAULT_VEHTYPE" speed="7.73" pos="177.95" lane="1/3to2/3_0" slope="0.00"/>
        <vehicle id="7" x="623.42" y="201.65" angle="-90.00" type="DEFAULT_VEHTYPE" speed="10.67" pos="176.58" lane="4/1to3/1_0" slope="0.00"/>
        <vehicle id="8" x="439.03" y="201.65" angle="-90.00" type="DEFAULT_VEHTYPE" speed="13.12" pos="156.22" lane="3/1to2/1_0" slope="0.00"/>
        <vehicle id="9" x="201.65" y="305.62" angle="180.00" type="DEFAULT_VEHTYPE" speed="13.44" pos="100.87" lane="1/1to1/2_0" slope="0.00"/>
    </timestep>
    <timestep time="56.00">
        <vehicle id="0" x="369.37" y="401.65" angle="-90.00" type="DEFAULT_VEHTYPE" speed="11.43" pos="25.88" lane="2/2to1/2_0" slope="0.00"/>
        <vehicle id="1" x="398.59" y="396.91" angle="-34.21" type="DEFAULT_VEHTYPE" speed="8.56" pos="8.64" lane=":2/2_6_0" slope="0.00"/>
        <vehicle id="10" x="401.65" y="504.19" angle="180.00" type="DEFAULT_VEHTYPE" speed="12.83" pos="99.44" lane="2/2to2/3_0" slope="0.00"/>
        <vehicle id="11" x="398.35" y="308.22" angle="0.00" type="DEFAULT_VEHTYPE" speed="12.86" pos="87.03" lane="2/2to2/1_0" slope="0.00"/>
        <vehicle id="12" x="315.35" y="398.35" angle="90.00" type="DEFAULT_VEHTYPE" speed="13.58" pos="110.60" lane="1/2to2/2_0" slope="0.00"/>
        <vehicle id="13" x="419.16" y="401.65" angle="-90.00" type="DEFAULT_VEHTYPE" speed="10.14" pos="176.09" lane="3/2to2/2_0" slope="0.00"/>
        <vehicle id="14" x="264.76" y="398.35" angle="90.00" type="DEFAULT_VEHTYPE" speed="13.83" pos="60.01" lane="1/2to2/2_0" slope="0.00"/>
        <vehicle id="3" x="403.65" y="201.65" angle="-90.00" type="DEFAULT_VEHTYPE" speed="5.85" pos="1.10" lane=":2/1_5_0" slope="0.00"/>
        <vehicle id="4" x="201.65" y="411.55" angle="180.00" type="DEFAULT_VEHTYPE" speed="13.40" pos="6.80" lane="1/2to1/3_0" slope="0.00"/>
        <vehicle id="5" x="576.40" y="198.35" angle="90.00" type="DEFAULT_VEHTYPE" speed="11.80" pos="171.65" lane="2/1to3/1_0" slope="0.00"/>
        <vehicle id="6" x="387.57" y="598.35" angle="90.00" type="DEFAULT_VEHTYPE" speed="4.87" pos="182.82" lane="1/3to2/3_0" slope="0.00"/>
        <vehicle id="7" x="615.89" y="201.65" angle="-90.00" type="DEFAULT_VEHTYPE" speed="7.53" pos="184.11" lane="4/1to3/1_0" slope="0.00"/>
        <vehicle id="8" x="429.11" y="201.65" angle="-90.00" type="DEFAULT_VEHTYPE" speed="9.92" pos="166.14" lane="3/1to2/1_0" slope="0.00"/>
        <vehicle id="9" x="201.65" y="318.96" angle="180.00" type="DEFAULT_VEHTYPE" speed="13.34" pos="114.21" lane="1/1to1/2_0" slope="0.00"/>
    </timestep>
    <timestep time="57.00">
        <vehicle id="0" x="356.37" y="401.65" angle="-90.00" type="DEFAULT_VEHTYPE" speed="13.00" pos="38.88" lane="2/2to1/2_0" slope="0.00"/>
        <vehicle id="1" x="398.35" y="386.44" angle="0.00" type="DEFAULT_VEHTYPE" speed="10.49" pos="8.81" lane="2/2to2/1_0" slope="0.00"/>
        <vehicle id="10" x="401.65" y="517.97" angle="180.00" type="DEFAULT_VEHTYPE" speed="13.78" pos="113.22" lane="2/2to2/3_0" slope="0.00"/>
        <vehicle id="11" x="398.35" y="295.51" angle="0.00" type="DEFAULT_VEHTYPE" speed="12.70" pos="99.74" lane="2/2to2/1_0" slope="0.00"/>
        <vehicle id="12" x="329.17" y="398.35" angle="90.00" type="DEFAULT_VEHTYPE" speed="13.82" pos="124.42" lane="1/2to2/2_0" slope="0.00"/>
        <vehicle id="13" x="413.44" y="401.65" angle="-90.00" type="DEFAULT_VEHTYPE" speed="5.72" pos="181.81" lane="3/2to2/2_0" slope="0.00"/>
        <vehicle id="14" x="277.46" y="398.35" angle="90.00" type="DEFAULT_VEHTYPE" speed="12.70" pos="72.71" lane="1/2to2/2_0" slope="0.00"/>
        <vehicle id="3" x="395.77" y="201.65" angle="-90.00" type="DEFAULT_VEHTYPE" speed="7.88" pos="8.98" lane=":2/1_5_0" slope="0.00"/>
        <vehicle id="4" x="201.65" y="424.41" angle="180.00" type="DEFAULT_VEHTYPE" speed="12.87" pos="19.66" lane="1/2to1/3_0" slope="0.00"/>
        <vehicle id="5" x="583.92" y="198.35" angle="90.00" type="DEFAULT_VEHTYPE" speed="7.53" pos="179.17" lane="2/1to3/1_0" slope="0.00"/>
        <vehicle id="6" x="390.69" y="598.35" angle="90.00" type="DEFAULT_VEHTYPE" speed="3.12" pos="185.94" lane="1/3to2/3_0" slope="0.00"/>
        <vehicle id="7" x="611.46" y="201.65" angle="-90.00" type="DEFAULT_VEHTYPE" speed="4.43" pos="188.54" lane="4/1to3/1_0" slope="0.00"/>
        <vehicle id="8" x="419.07" y="201.65" angle="-90.00" type="DEFAULT_VEHTYPE" speed="10.05" pos="176.18" lane="3/1to2/1_0" slope="0.00"/>
        <vehicle id="9" x="201.65" y="332.47" angle="180.00" type="DEFAULT_VEHTYPE" speed="13.51" pos="127.72" lane="1/1to1/2_0" slope="0.00"/>
    </timestep>
    <timestep time="58.00">
        <vehicle id="0" x="342.93" y="401.65" angle="-90.00" type="DEFAULT_VEHTYPE" speed="13.44" pos="52.32" lane="2/2to1/2_0" slope="0.00"/>
        <vehicle id="1" x="398.35" y="373.58" angle="0.00" type="DEFAULT_VEHTYPE" speed="12.86" pos="21.67" lane="2/2to2/1_0" slope="0.00"/>
        <vehicle id="10" x="401.65" y="531.11" angle="180.00" type="DEFAULT_VEHTYPE" speed="13.14" pos="126.36" lane="2/2to2/3_0" slope="0.00"/>
        <vehicle id="11" x="398.35" y="281.83" angle="0.00" type="DEFAULT_VEHTYPE" speed="13.69" pos="113.42" lane="2/2to2/1_0" slope="0.00"/>
        <vehicle id="12" x="342.04" y="398.35" angle="90.00" type="DEFAULT_VEHTYPE" speed="12.87" pos="137.29" lane="1/2to2/2_0" slope="0.00"/>
        <vehicle id="13" x="409.61" y="401.65" angle="-90.00" type="DEFAULT_VEHTYPE" speed="3.83" pos="185.64" lane="3/2to2/2_0" slope="0.00"/>
        <vehicle id="14" x="290.19" y="398.35" angle="90.00" type="DEFAULT_VEHTYPE" speed="12.74" pos="85.44" lane="1/2to2/2_0" slope="0.00"/>
        <vehicle id="3" x="385.89" y="201.65" angle="-90.00" type="DEFAULT_VEHTYPE" speed="9.88" pos="9.36" lane="2/1to1/1_0" slope="0.00"/>
        <vehicle id="4" x="201.65" y="437.25" angle="180.00" type="DEFAULT_VEHTYPE" speed="12.84" pos="32.50" lane="1/2to1/3_0" slope="0.00"/>
        <vehicle id="5" x="589.18" y="198.35" angle="90.00" type="DEFAULT_VEHTYPE" speed="5.26" pos="184.43" lane="2/1to3/1_0" slope="0.00"/>
        <vehicle id="6" x="395.63" y="598.40" angle="90.62" type="DEFAULT_VEHTYPE" speed="4.94" pos="0.38" lane=":2/3_14_0" slope="0.00"/>
        <vehicle id="7" x="605.45" y="201.65" angle="-90.00" type="DEFAULT_VEHTYPE" speed="6.01" pos="194.55" lane="4/1to3/1_0" slope="0.00"/>
        <vehicle id="8" x="413.33" y="201.65" angle="-90.00" type="DEFAULT_VEHTYPE" speed="5.74" pos="181.92" lane="3/1to2/1_0" slope="0.00"/>
        <vehicle id="9" x="201.65" y="345.98" angle="180.00" type="DEFAULT_VEHTYPE" speed="13.51" pos="141.23" lane="1/1to1/2_0" slope="0.00"/>
    </timestep>
    <timestep time="59.00">
        <vehicle id="0" x="329.61" y="401.65" angle="-90.00" type="DEFAULT_VEHTYPE" speed="13.32" pos="65.64" lane="2/2to1/2_0" slope="0.00"/>
        <vehicle id="1" x="398.35" y="360.69" angle="0.00" type="DEFAULT_VEHTYPE" speed="12.89" pos="34.56" lane="2/2to2/1_0" slope="0.00"/>
        <vehicle id="10" x="401.65" y="544.78" angle="180.00" type="DEFAULT_VEHTYPE" speed="13.66" pos="140.03" lane="2/2to2/3_0" slope="0.00"/>
        <vehicle id="11" x="398.35" y="267.93" angle="0.00" type="DEFAULT_VEHTYPE" speed="13.89" pos="127.32" lane="2/2to2/1_0" slope="0.00"/>
        <vehicle id="12" x="355.83" y="398.35" angle="90.00" type="DEFAULT_VEHTYPE" speed="13.79" pos="151.08" lane="1/2to2/2_0" slope="0.00"/>
        <vehicle id="13" x="403.31" y="401.65" angle="-90.00" type="DEFAULT_VEHTYPE" speed="6.30" pos="1.44" lane=":2/2_5_0" slope="0.00"/>
        <vehicle id="14" x="303.73" y="398.35" angle="90.00" type="DEFAULT_VEHTYPE" speed="13.53" pos="98.98" lane="1/2to2/2_0" slope="0.00"/>
        <vehicle id="3" x="374.01" y="201.65" angle="-90.00" type="DEFAULT_VEHTYPE" speed="11.87" pos="21.24" lane="2/1to1/1_0" slope="0.00"/>
        <vehicle id="4" x="201.65" y="450.73" angle="180.00" type="DEFAULT_VEHTYPE" speed="13.47" pos="45.98" lane="1/2to1/3_0" slope="0.00"/>
        <vehicle id="5" x="595.79" y="198.35" angle="90.00" type="DEFAULT_VEHTYPE" speed="6.61" pos="0.54" lane=":3/1_13_0" slope="0.00"/>
        <vehicle id="6" x="401.31" y="602.36" angle="138.24" type="DEFAULT_VEHTYPE" speed="7.53" pos="7.91" lane=":2/3_14_0" slope="0.00"/>
        <vehicle id="7" x="601.65" y="207.00" angle="-168.10" type="DEFAULT_VEHTYPE" speed="7.95" pos="2.25" lane="3/1to3/2_0" slope="0.00"/>
        <vehicle id="8" x="410.17" y="201.65" angle="-90.00" type="DEFAULT_VEHTYPE" speed="3.16" pos="185.08" lane="3/1to2/1_0" slope="0.00"/>
        <vehicle id="9" x="201.65" y="359.81" angle="180.00" type="DEFAULT_VEHTYPE" speed="13.83" pos="155.06" lane="1/1to1/2_0" slope="0.00"/>
    </timestep>
    <timestep time="60.00">
        <vehicle id="0" x="316.68" y="401.65" angle="-90.00" type="DEFAULT_VEHTYPE" speed="12.93" pos="78.57" lane="2/2to1/2_0" slope="0.00"/>
        <vehicle id="1" x="398.35" y="347.42" angle="0.00" type="DEFAULT_VEHTYPE" speed="13.28" pos="47.83" lane="2/2to2/1_0" slope="0.00"/>
        <vehicle id="10" x="401.65" y="557.90" angle="180.00" type="DEFAULT_VEHTYPE" speed="13.13" pos="153.15" lane="2/2to2/3_0" slope="0.00"/>
        <vehicle id="11" x="398.35" y="254.54" angle="0.00" type="DEFAULT_VEHTYPE" speed="13.39" pos="140.71" lane="2/2to2/1_0" slope="0.00"/>
        <vehicle id="12" x="369.15" y="398.35" angle="90.00" type="DEFAULT_VEHTYPE" speed="13.31" pos="164.40" lane="1/2to2/2_0" slope="0.00"/>
        <vehicle id="13" x="394.52" y="401.65" angle="-90.00" type="DEFAULT_VEHTYPE" speed="8.79" pos="0.73" lane="2/2to1/2_0" slope="0.00"/>
        <vehicle id="14" x="316.51" y="398.35" angle="90.00" type="DEFAULT_VEHTYPE" speed="12.79" pos="111.76" lane="1/2to2/2_0" slope="0.00"/>
        <vehicle id="3" x="360.41" y="201.65" angle="-90.00" type="DEFAULT_VEHTYPE" speed="13.60" pos="34.84" lane="2/1to1/1_0" slope="0.00"/>
        <vehicle id="4" x="201.65" y="464.46" angle="180.00" type="DEFAULT_VEHTYPE" speed="13.73" pos="59.71" lane="1/2to1/3_0" slope="0.00"/>
        <vehicle id="5" x="604.61" y="198.35" angle="90.00" type="DEFAULT_VEHTYPE" speed="8.82" pos="9.36" lane=":3/1_13_0" slope="0.00"/>
        <vehicle id="6" x="401.65" y="611.39" angle="180.00" type="DEFAULT_VEHTYPE" speed="9.05" pos="6.64" lane="2/3to2/4_0" slope="0.00"/>
        <vehicle id="7" x="601.65" y="216.28" angle="180.00" type="DEFAULT_VEHTYPE" speed="9.28" pos="11.53" lane="3/1to3/2_0" slope="0.00"/>
        <vehicle id="8" x="404.63" y="201.65" angle="-90.00" type="DEFAULT_VEHTYPE" speed="5.54" pos="0.12" lane=":2/1_5_0" slope="0.00"/>
        <vehicle id="9" x="201.65" y="372.82" angle="180.00" type="DEFAULT_VEHTYPE" speed="13.01" pos="168.07" lane="1/1to1/2_0" slope="0.00"/>
    </timestep>
    <timestep time="61.00">
        <vehicle id="0" x="303.70" y="401.65" angle="-90.00" type="DEFAULT_VEHTYPE" speed="12.98" pos="91.55" lane="2/2to1/2_0" slope="0.00"/>
        <vehicle id="1" x="398.35" y="333.75" angle="0.00" type="DEFAULT_VEHTYPE" speed="13.66" pos="61.50" lane="2/2to2/1_0" slope="0.00"/>
        <vehicle id="10" x="401.65" y="571.14" angle="180.00" type="DEFAULT_VEHTYPE" speed="13.24" pos="166.39" lane="2/2to2/3_0" slope="0.00"/>
        <vehicle id="11" x="398.35" y="240.78" angle="0.00" type="DEFAULT_VEHTYPE" speed="13.76" pos="154.47" lane="2/2to2/1_0" slope="0.00"/>
        <vehicle id="12" x="379.89" y="398.35" angle="90.00" type="DEFAULT_VEHTYPE" speed="10.74" pos="175.14" lane="1/2to2/2_0" slope="0.00"/>
        <vehicle id="13" x="383.97" y="401.65" angle="-90.00" type="DEFAULT_VEHTYPE" speed="10.55" pos="11.28" lane="2/2to1/2_0" slope="0.00"/>
        <vehicle id="14" x="329.40" y="398.35" angle="90.00" type="DEFAULT_VEHTYPE" speed="12.89" pos="124.65" lane="1/2to2/2_0" slope="0.00"/>
        <vehicle id="3" x="347.12" y="201.65" angle="-90.00" type="DEFAULT_VEHTYPE" speed="13.30" pos="48.13" lane="2/1to1/1_0" slope="0.00"/>
        <vehicle id="4" x="201.65" y="477.24" angle="180.00" type="DEFAULT_VEHTYPE" speed="12.78" pos="72.49" lane="1/2to1/3_0" slope="0.00"/>
        <vehicle id="5" x="616.03" y="198.35" angle="90.00" type="DEFAULT_VEHTYPE" speed="11.42" pos="11.28" lane="3/1to4/1_0" slope="0.00"/>
        <vehicle id="6" x="401.65" y="622.03" angle="180.00" type="DEFAULT_VEHTYPE" speed="10.64" pos="17.28" lane="2/3to2/4_0" slope="0.00"/>
        <vehicle id="7" x="601.65" y="226.99" angle="180.00" type="DEFAULT_VEHTYPE" speed="10.70" pos="22.24" lane="3/1to3/2_0" slope="0.00"/>
        <vehicle id="8" x="397.41" y="201.65" angle="-90.00" type="DEFAULT_VEHTYPE" speed="7.22" pos="7.34" lane=":2/1_5_0" slope="0.00"/>
        <vehicle id="9" x="201.65" y="385.94" angle="180.00" type="DEFAULT_VEHTYPE" speed="13.12" pos="181.19" lane="1/1to1/2_0" slope="0.00"/>
    </timestep>
    <timestep time="62.00">
        <vehicle id="0" x="290.65" y="401.65" angle="-90.00" type="DEFAULT_VEHTYPE" speed="13.05" pos="104.60" lane="2/2to1/2_0" slope="0.00"/>
        <vehicle id="1" x="398.35" y="320.67" angle="0.00" type="DEFAULT_VEHTYPE" speed="13.09" pos="74.58" lane="2/2to2/1_0" slope="0.00"/>
        <vehicle id="10" x="401.65" y="584.79" angle="180.00" type="DEFAULT_VEHTYPE" speed="13.65" pos="180.04" lane="2/2to2/3_0" slope="0.00"/>
        <vehicle id="11" x="398.35" y="227.34" angle="0.00" type="DEFAULT_VEHTYPE" speed="13.44" pos="167.91" lane="2/2to2/1_0" slope="0.00"/>
        <vehicle id="12" x="386.19" y="398.35" angle="90.00" type="DEFAULT_VEHTYPE" speed="6.30" pos="181.44" lane="1/2to2/2_0" slope="0.00"/>
        <vehicle id="13" x="371.73" y="401.65" angle="-90.00" type="DEFAULT_VEHTYPE" speed="12.24" pos="23.52" lane="2/2to1/2_0" slope="0.00"/>
        <vehicle id="14" x="342.58" y="398.35" angle="90.00" type="DEFAULT_VEHTYPE" speed="13.18" pos="137.83" lane="1/2to2/2_0" slope="0.00"/>
        <vehicle id="3" x="334.32" y="201.65" angle="-90.00" type="DEFAULT_VEHTYPE" speed="12.79" pos="60.93" lane="2/1to1/1_0" slope="0.00"/>
        <vehicle id="4" x="201.65" y="490.59" angle="180.00" type="DEFAULT_VEHTYPE" speed="13.35" pos="85.84" lane="1/2to1/3_0" slope="0.00"/>
        <vehicle id="5" x="629.10" y="198.35" angle="90.00" type="DEFAULT_VEHTYPE" speed="13.07" pos="24.35" lane="3/1to4/1_0" slope="0.00"/>
        <vehicle id="6" x="401.65" y="634.45" angle="180.00" type="DEFAULT_VEHTYPE" speed="12.42" pos="29.70" lane="2/3to2/4_0" slope="0.00"/>
        <vehicle id="7" x="601.65" y="239.40" angle="180.00" type="DEFAULT_VEHTYPE" speed="12.42" pos="34.65" lane="3/1to3/2_0" slope="0.00"/>
        <vehicle id="8" x="388.15" y="201.65" angle="-90.00" type="DEFAULT_VEHTYPE" speed="9.26" pos="7.10" lane="2/1to1/1_0" slope="0.00"/>
        <vehicle id="9" x="201.65" y="399.07" angle="180.00" type="DEFAULT_VEHTYPE" speed="13.13" pos="3.82" lane=":1/2_9_0" slope="0.00"/>
    </timestep>
    <timestep time="63.00">
        <vehicle id="0" x="277.15" y="401.65" angle="-90.00" type="DEFAULT_VEHTYPE" speed="13.50" pos="118.10" lane="2/2to1/2_0" slope="0.00"/>
        <vehicle id="1" x="398.35" y="307.00" angle="0.00" type="DEFAULT_VEHTYPE" speed="13.66" pos="88.25" lane="2/2to2/1_0" slope="0.00"/>
        <vehicle id="10" x="403.00" y="597.93" angle="163.37" type="DEFAULT_VEHTYPE" speed="13.64" pos="3.17" lane=":2/3_8_0" slope="0.00"/>
        <vehicle id="11" x="398.35" y="218.40" angle="0.00" type="DEFAULT_VEHTYPE" speed="8.94" pos="176.85" lane="2/2to2/1_0" slope="0.00"/>
        <vehicle id="12" x="390.04" y="398.35" angle="90.00" type="DEFAULT_VEHTYPE" speed="3.86" pos="185.29" lane="1/2to2/2_0" slope="0.00"/>
        <vehicle id="13" x="358.59" y="401.65" angle="-90.00" type="DEFAULT_VEHTYPE" speed="13.14" pos="36.66" lane="2/2to1/2_0" slope="0.00"/>
        <vehicle id="14" x="355.51" y="398.35" angle="90.00" type="DEFAULT_VEHTYPE" speed="12.94" pos="150.76" lane="1/2to2/2_0" slope="0.00"/>
        <vehicle id="3" x="320.80" y="201.65" angle="-90.00" type="DEFAULT_VEHTYPE" speed="13.52" pos="74.45" lane="2/1to1/1_0" slope="0.00"/>
        <vehicle id="4" x="201.65" y="503.94" angle="180.00" type="DEFAULT_VEHTYPE" speed="13.35" pos="99.19" lane="1/2to1/3_0" slope="0.00"/>
        <vehicle id="5" x="642.48" y="198.35" angle="90.00" type="DEFAULT_VEHTYPE" speed="13.39" pos="37.73" lane="3/1to4/1_0" slope="0.00"/>
        <vehicle id="6" x="401.65" y="647.08" angle="180.00" type="DEFAULT_VEHTYPE" speed="12.63" pos="42.33" lane="2/3to2/4_0" slope="0.00"/>
        <vehicle id="7" x="601.65" y="252.52" angle="180.00" type="DEFAULT_VEHTYPE" speed="13.12" pos="47.77" lane="3/1to3/2_0" slope="0.00"/>
        <vehicle id="8" x="376.83" y="201.65" angle="-90.00" type="DEFAULT_VEHTYPE" speed="11.32" pos="18.42" lane="2/1to1/1_0" slope="0.00"/>
        <vehicle id="9" x="201.65" y="412.60" angle="180.00" type="DEFAULT_VEHTYPE" speed="13.53" pos="7.85" lane="1/2to1/3_0" slope="0.00"/>
    </timestep>
    <timestep time="64.00">
        <vehicle id="0" x="263.42" y="401.65" angle="-90.00" type="DEFAULT_VEHTYPE" speed="13.73" pos="131.83" lane="2/2to1/2_0" slope="0.00"/>
        <vehicle id="1" x="398.35" y="293.46" angle="0.00" type="DEFAULT_VEHTYPE" speed="13.54" pos="101.79" lane="2/2to2/1_0" slope="0.00"/>
        <vehicle id="10" x="416.41" y="598.35" angle="90.00" type="DEFAULT_VEHTYPE" speed="13.49" pos="11.66" lane="2/3to3/3_0" slope="0.00"/>
        <vehicle id="11" x="398.35" y="212.84" angle="0.00" type="DEFAULT_VEHTYPE" speed="5.56" pos="182.41" lane="2/2to2/1_0" slope="0.00"/>
        <vehicle id="12" x="396.47" y="398.18" angle="88.05" type="DEFAULT_VEHTYPE" speed="6.44" pos="1.23" lane=":2/2_12_0" slope="0.00"/>
        <vehicle id="13" x="345.93" y="401.65" angle="-90.00" type="DEFAULT_VEHTYPE" speed="12.66" pos="49.32" lane="2/2to1/2_0" slope="0.00"/>
        <vehicle id="14" x="366.52" y="398.35" angle="90.00" type="DEFAULT_VEHTYPE" speed="11.00" pos="161.77" lane="1/2to2/2_0" slope="0.00"/>
        <vehicle id="3" x="307.10" y="201.65" angle="-90.00" type="DEFAULT_VEHTYPE" speed="13.70" pos="88.15" lane="2/1to1/1_0" slope="0.00"/>
        <vehicle id="4" x="201.65" y="516.89" angle="180.00" type="DEFAULT_VEHTYPE" speed="12.96" pos="112.14" lane="1/2to1/3_0" slope="0.00"/>
        <vehicle id="5" x="655.11" y="198.35" angle="90.00" type="DEFAULT_VEHTYPE" speed="12.63" pos="50.36" lane="3/1to4/1_0" slope="0.00"/>
        <vehicle id="6" x="401.65" y="660.94" angle="180.00" type="DEFAULT_VEHTYPE" speed="13.85" pos="56.19" lane="2/3to2/4_0" slope="0.00"/>
        <vehicle id="7" x="601.65" y="265.58" angle="180.00" type="DEFAULT_VEHTYPE" speed="13.06" pos="60.83" lane="3/1to3/2_0" slope="0.00"/>
        <vehicle id="8" x="363.67" y="201.65" angle="-90.00" type="DEFAULT_VEHTYPE" speed="13.16" pos="31.58" lane="2/1to1/1_0" slope="0.00"/>
        <vehicle id="9" x="201.65" y="425.93" angle="180.00" type="DEFAULT_VEHTYPE" speed="13.33" pos="21.18" lane="1/2to1/3_0" slope="0.00"/>
    </timestep>
    <timestep time="65.00">
        <vehicle id="0" x="250.31" y="401.65" angle="-90.00" type="DEFAULT_VEHTYPE" speed="13.11" pos="144.94" lane="2/2to1/2_0" slope="0.00"/>
        <vehicle id="1" x="398.35" y="279.65" angle="0.00" type="DEFAULT_VEHTYPE" speed="13.82" pos="115.60" lane="2/2to2/1_0" slope="0.00"/>
        <vehicle id="10" x="429.26" y="598.35" angle="90.00" type="DEFAULT_VEHTYPE" speed="12.85" pos="24.51" lane="2/3to3/3_0" slope="0.00"/>
        <vehicle id="11" x="398.35" y="209.43" angle="0.00" type="DEFAULT_VEHTYPE" speed="3.41" pos="185.82" lane="2/2to2/1_0" slope="0.00"/>
        <vehicle id="12" x="398.35" y="390.53" angle="0.45" type="DEFAULT_VEHTYPE" speed="8.49" pos="4.72" lane="2/2to2/1_0" slope="0.00"/>
        <vehicle id="13" x="333.01" y="401.65" angle="-90.00" type="DEFAULT_VEHTYPE" speed="12.92" pos="62.24" lane="2/2to1/2_0" slope="0.00"/>
        <vehicle id="14" x="376.84" y="398.35" angle="90.00" type="DEFAULT_VEHTYPE" speed="10.32" pos="172.09" lane="1/2to2/2_0" slope="0.00"/>
        <vehicle id="3" x="294.16" y="201.65" angle="-90.00" type="DEFAULT_VEHTYPE" speed="12.95" pos="101.09" lane="2/1to1/1_0" slope="0.00"/>
        <vehicle id="4" x="201.65" y="530.62" angle="180.00" type="DEFAULT_VEHTYPE" speed="13.73" pos="125.87" lane="1/2to1/3_0" slope="0.00"/>
        <vehicle id="5" x="668.85" y="198.35" angle="90.00" type="DEFAULT_VEHTYPE" speed="13.74" pos="64.10" lane="3/1to4/1_0" slope="0.00"/>
        <vehicle id="6" x="401.65" y="674.08" angle="180.00" type="DEFAULT_VEHTYPE" speed="13.14" pos="69.33" lane="2/3to2/4_0" slope="0.00"/>
        <vehicle id="7" x="601.65" y="278.93" angle="180.00" type="DEFAULT_VEHTYPE" speed="13.35" pos="74.18" lane="3/1to3/2_0" slope="0.00"/>
        <vehicle id="8" x="350.40" y="201.65" angle="-90.00" type="DEFAULT_VEHTYPE" speed="13.27" pos="44.85" lane="2/1to1/1_0" slope="0.00"/>
        <vehicle id="9" x="201.65" y="439.07" angle="180.00" type="DEFAULT_VEHTYPE" speed="13.15" pos="34.32" lane="1/2to1/3_0" slope="0.00"/>
    </timestep>
    <timestep time="66.00">
        <vehicle id="0" x="236.90" y="401.65" angle="-90.00" type="DEFAULT_VEHTYPE" speed="13.41" pos="158.35" lane="2/2to1/2_0" slope="0.00"/>
        <vehicle id="1" x="398.35" y="266.60" angle="0.00" type="DEFAULT_VEHTYPE" speed="13.05" pos="128.65" lane="2/2to2/1_0" slope="0.00"/>
        <vehicle id="10" x="443.00" y="598.35" angle="90.00" type="DEFAULT_VEHTYPE" speed="13.74" pos="38.25" lane="2/3to3/3_0" slope="0.00"/>
        <vehicle id="11" x="398.41" y="204.33" angle="0.69" type="DEFAULT_VEHTYPE" speed="5.11" pos="0.43" lane=":2/1_2_0" slope="0.00"/>
        <vehicle id="12" x="398.35" y="380.13" angle="0.00" type="DEFAULT_VEHTYPE" speed="10.40" pos="15.12" lane="2/2to2/1_0" slope="0.00"/>
        <vehicle id="13" x="319.63" y="401.65" angle="-90.00" type="DEFAULT_VEHTYPE" speed="13.38" pos="75.62" lane="2/2to1/2_0" slope="0.00"/>
        <vehicle id="14" x="384.16" y="398.35" angle="90.00" type="DEFAULT_VEHTYPE" speed="7.32" pos="179.41" lane="1/2to2/2_0" slope="0.00"/>
        <vehicle id="3" x="280.41" y="201.65" angle="-90.00" type="DEFAULT_VEHTYPE" speed="13.74" pos="114.84" lane="2/1to1/1_0" slope="0.00"/>
        <vehicle id="4" x="201.65" y="544.36" angle="180.00" type="DEFAULT_VEHTYPE" speed="13.74" pos="139.61" lane="1/2to1/3_0" slope="0.00"/>
        <vehicle id="5" x="682.20" y="198.35" angle="90.00" type="DEFAULT_VEHTYPE" speed="13.34" pos="77.45" lane="3/1to4/1_0" slope="0.00"/>
        <vehicle id="6" x="401.65" y="687.71" angle="180.00" type="DEFAULT_VEHTYPE" speed="13.63" pos="82.96" lane="2/3to2/4_0" slope="0.00"/>
        <vehicle id="7" x="601.65" y="292.33" angle="180.00" type="DEFAULT_VEHTYPE" speed="13.40" pos="87.58" lane="3/1to3/2_0" slope="0.00"/>
        <vehicle id="8" x="337.64" y="201.65" angle="-90.00" type="DEFAULT_VEHTYPE" speed="12.76" pos="57.61" lane="2/1to1/1_0" slope="0.00"/>
        <vehicle id="9" x="201.65" y="452.33" angle="180.00" type="DEFAULT_VEHTYPE" speed="13.25" pos="47.58" lane="1/2to1/3_0" slope="0.00"/>
    </timestep>
    <timestep time="67.00">
        <vehicle id="0" x="225.74" y="401.65" angle="-90.00" type="DEFAULT_VEHTYPE" speed="11.17" pos="169.51" lane="2/2to1/2_0" slope="0.00"/>
        <vehicle id="1" x="398.35" y="253.38" angle="0.00" type="DEFAULT_VEHTYPE" speed="13.22" pos="141.87" lane="2/2to2/1_0" slope="0.00"/>
        <vehicle id="10" x="456.04" y="598.35" angle="90.00" type="DEFAULT_VEHTYPE" speed="13.04" pos="51.29" lane="2/3to3/3_0" slope="0.00"/>
        <vehicle id="11" x="402.52" y="198.67" angle="49.89" type="DEFAULT_VEHTYPE" speed="7.64" pos="0.93" lane=":2/1_16_0" slope="0.00"/>
        <vehicle id="12" x="398.35" y="367.87" angle="0.00" type="DEFAULT_VEHTYPE" speed="12.26" pos="27.38" lane="2/2to2/1_0" slope="0.00"/>
        <vehicle id="13" x="306.46" y="401.65" angle="-90.00" type="DEFAULT_VEHTYPE" speed="13.17" pos="88.79" lane="2/2to1/2_0" slope="0.00"/>
        <vehicle id="14" x="389.47" y="398.35" angle="90.00" type="DEFAULT_VEHTYPE" speed="5.31" pos="184.72" lane="1/2to2/2_0" slope="0.00"/>
        <vehicle id="3" x="267.56" y="201.65" angle="-90.00" type="DEFAULT_VEHTYPE" speed="12.85" pos="127.69" lane="2/1to1/1_0" slope="0.00"/>
        <vehicle id="4" x="201.65" y="557.82" angle="180.00" type="DEFAULT_VEHTYPE" speed="13.46" pos="153.07" lane="1/2to1/3_0" slope="0.00"/>
        <vehicle id="5" x="695.72" y="198.35" angle="90.00" type="DEFAULT_VEHTYPE" speed="13.52" pos="90.97" lane="3/1to4/1_0" slope="0.00"/>
        <vehicle id="6" x="401.65" y="701.24" angle="180.00" type="DEFAULT_VEHTYPE" speed="13.53" pos="96.49" lane="2/3to2/4_0" slope="0.00"/>
        <vehicle id="7" x="601.65" y="305.67" angle="180.00" type="DEFAULT_VEHTYPE" speed="13.33" pos="100.92" lane="3/1to3/2_0" slope="0.00"/>
        <vehicle id="8" x="324.28" y="201.65" angle="-90.00" type="DEFAULT_VEHTYPE" speed="13.36" pos="70.97" lane="2/1to1/1_0" slope="0.00"/>
        <vehicle id="9" x="201.65" y="465.76" angle="180.00" type="DEFAULT_VEHTYPE" speed="13.44" pos="61.01" lane="1/2to1/3_0" slope="0.00"/>
    </timestep>
    <timestep time="68.00">
        <vehicle id="0" x="216.87" y="401.65" angle="-90.00" type="DEFAULT_VEHTYPE" speed="8.87" pos="178.38" lane="2/2to1/2_0" slope="0.00"/>
        <vehicle id="1" x="398.35" y="240.74" angle="0.00" type="DEFAULT_VEHTYPE" speed="12.64" pos="154.51" lane="2/2to2/1_0" slope="0.00"/>
        <vehicle id="10" x="469.92" y="598.35" angle="90.00" type="DEFAULT_VEHTYPE" speed="13.88" pos="65.17" lane="2/3to3/3_0" slope="0.00"/>
        <vehicle id="11" x="411.82" y="198.35" angle="90.00" type="DEFAULT_VEHTYPE" speed="9.32" pos="7.07" lane="2/1to3/1_0" slope="0.00"/>
        <vehicle id="12" x="398.35" y="355.15" angle="0.00" type="DEFAULT_VEHTYPE" speed="12.71" pos="40.10" lane="2/2to2/1_0" slope="0.00"/>
        <vehicle id="13" x="292.57" y="401.65" angle="-90.00" type="DEFAULT_VEHTYPE" speed="13.89" pos="102.68" lane="2/2to1/2_0" slope="0.00"/>
        <vehicle id="14" x="396.22" y="398.21" angle="88.44" type="DEFAULT_VEHTYPE" speed="6.76" pos="0.98" lane=":2/2_12_0" slope="0.00"/>
        <vehicle id="3" x="253.81" y="201.65" angle="-90.00" type="DEFAULT_VEHTYPE" speed="13.75" pos="141.44" lane="2/1to1/1_0" slope="0.00"/>
        <vehicle id="4" x="201.65" y="571.62" angle="180.00" type="DEFAULT_VEHTYPE" speed="13.79" pos="166.87" lane="1/2to1/3_0" slope="0.00"/>
        <vehicle id="5" x="708.89" y="198.35" angle="90.00" type="DEFAULT_VEHTYPE" speed="13.17" pos="104.14" lane="3/1to4/1_0" slope="0.00"/>
        <vehicle id="6" x="401.65" y="714.72" angle="180.00" type="DEFAULT_VEHTYPE" speed="13.48" pos="109.97" lane="2/3to2/4_0" slope="0.00"/>
        <vehicle id="7" x="601.65" y="319.38" angle="180.00" type="DEFAULT_VEHTYPE" speed="13.72" pos="114.63" lane="3/1to3/2_0" slope="0.00"/>
        <vehicle id="8" x="311.41" y="201.65" angle="-90.00" type="DEFAULT_VEHTYPE" speed="12.87" pos="83.84" lane="2/1to1/1_0" slope="0.00"/>
        <vehicle id="9" x="201.65" y="479.57" angle="180.00" type="DEFAULT_VEHTYPE" speed="13.80" pos="74.82" lane="1/2to1/3_0" slope="0.00"/>
    </timestep>
    <timestep time="69.00">
        <vehicle id="0" x="211.41" y="401.65" angle="-90.00" type="DEFAULT_VEHTYPE" speed="5.46" pos="183.84" lane="2/2to1/2_0" slope="0.00"/>
        <vehicle id="1" x="398.35" y="227.97" angle="0.00" type="DEFAULT_VEHTYPE" speed="12.77" pos="167.28" lane="2/2to2/1_0" slope="0.00"/>
        <vehicle id="10" x="482.73" y="598.35" angle="90.00" type="DEFAULT_VEHTYPE" speed="12.81" pos="77.98" lane="2/3to3/3_0" slope="0.00"/>
        <vehicle id="11" x="422.85" y="198.35" angle="90.00" type="DEFAULT_VEHTYPE" speed="11.03" pos="18.10" lane="2/1to3/1_0" slope="0.00"/>
        <vehicle id="12" x="398.35" y="341.77" angle="0.00" type="DEFAULT_VEHTYPE" speed="13.39" pos="53.48" lane="2/2to2/1_0" slope="0.00"/>
        <vehicle id="13" x="279.37" y="401.65" angle="-90.00" type="DEFAULT_VEHTYPE" speed="13.20" pos="115.88" lane="2/2to1/2_0" slope="0.00"/>
        <vehicle id="14" x="398.35" y="391.02" angle="1.24" type="DEFAULT_VEHTYPE" speed="8.25" pos="4.23" lane="2/2to2/1_0" slope="0.00"/>
        <vehicle id="3" x="240.10" y="201.65" angle="-90.00" type="DEFAULT_VEHTYPE" speed="13.71" pos="155.15" lane="2/1to1/1_0" slope="0.00"/>
        <vehicle id="4" x="201.65" y="584.35" angle="180.00" type="DEFAULT_VEHTYPE" speed="12.73" pos="179.60" lane="1/2to1/3_0" slope="0.00"/>
        <vehicle id="5" x="722.47" y="198.35" angle="90.00" type="DEFAULT_VEHTYPE" speed="13.59" pos="117.72" lane="3/1to4/1_0" slope="0.00"/>
        <vehicle id="6" x="401.65" y="727.58" angle="180.00" type="DEFAULT_VEHTYPE" speed="12.85" pos="122.83" lane="2/3to2/4_0" slope="0.00"/>
        <vehicle id="7" x="601.65" y="332.75" angle="180.00" type="DEFAULT_VEHTYPE" speed="13.37" pos="128.00" lane="3/1to3/2_0" slope="0.00"/>
        <vehicle id="8" x="298.55" y="201.65" angle="-90.00" type="DEFAULT_VEHTYPE" speed="12.86" pos="96.70" lane="2/1to1/1_0" slope="0.00"/>
        <vehicle id="9" x="201.65" y="492.97" angle="180.00" type="DEFAULT_VEHTYPE" speed="13.40" pos="88.22" lane="1/2to1/3_0" slope="0.00"/>
    </timestep>
    <timestep time="70.00">
        <vehicle id="0" x="204.62" y="401.63" angle="-89.79" type="DEFAULT_VEHTYPE" speed="6.78" pos="0.13" lane=":1/2_6_0" slope="0.00"/>
        <vehicle id="1" x="398.35" y="215.02" angle="0.00" type="DEFAULT_VEHTYPE" speed="12.95" pos="180.23" lane="2/2to2/1_0" slope="0.00"/>
        <vehicle id="10" x="496.08" y="598.35" angle="90.00" type="DEFAULT_VEHTYPE" speed="13.35" pos="91.33" lane="2/3to3/3_0" slope="0.00"/>
        <vehicle id="11" x="435.63" y="198.35" angle="90.00" type="DEFAULT_VEHTYPE" speed="12.79" pos="30.88" lane="2/1to3/1_0" slope="0.00"/>
        <vehicle id="12" x="398.35" y="328.46" angle="0.00" type="DEFAULT_VEHTYPE" speed="13.31" pos="66.79" lane="2/2to2/1_0" slope="0.00"/>
        <vehicle id="13" x="265.50" y="401.65" angle="-90.00" type="DEFAULT_VEHTYPE" speed="13.87" pos="129.75" lane="2/2to1/2_0" slope="0.00"/>
        <vehicle id="14" x="398.35" y="380.44" angle="0.00" type="DEFAULT_VEHTYPE" speed="10.59" pos="14.81" lane="2/2to2/1_0" slope="0.00"/>
        <vehicle id="3" x="227.30" y="201.65" angle="-90.00" type="DEFAULT_VEHTYPE" speed="12.80" pos="167.95" lane="2/1to1/1_0" slope="0.00"/>
        <vehicle id="4" x="202.26" y="597.30" angle="172.91" type="DEFAULT_VEHTYPE" speed="13.08" pos="2.17" lane=":1/3_8_0" slope="0.00"/>
        <vehicle id="5" x="735.74" y="198.35" angle="90.00" type="DEFAULT_VEHTYPE" speed="13.27" pos="130.99" lane="3/1to4/1_0" slope="0.00"/>
        <vehicle id="6" x="401.65" y="740.82" angle="180.00" type="DEFAULT_VEHTYPE" speed="13.24" pos="136.07" lane="2/3to2/4_0" slope="0.00"/>
        <vehicle id="7" x="601.65" y="346.41" angle="180.00" type="DEFAULT_VEHTYPE" speed="13.65" pos="141.66" lane="3/1to3/2_0" slope="0.00"/>
        <vehicle id="8" x="285.40" y="201.65" angle="-90.00" type="DEFAULT_VEHTYPE" speed="13.15" pos="109.85" lane="2/1to1/1_0" slope="0.00"/>
        <vehicle id="9" x="201.65" y="506.70" angle="180.00" type="DEFAULT_VEHTYPE" speed="13.73" pos="101.95" lane="1/2to1/3_0" slope="0.00"/>
    </timestep>
    <timestep time="71.00">
        <vehicle id="0" x="198.47" y="396.11" angle="-25.83" type="DEFAULT_VEHTYPE" speed="9.33" pos="9.45" lane=":1/2_6_0" slope="0.00"/>
        <vehicle id="1" x="398.35" y="201.74" angle="0.00" type="DEFAULT_VEHTYPE" speed="13.28" pos="3.01" lane=":2/1_1_0" slope="0.00"/>
        <vehicle id="10" x="508.89" y="598.35" angle="90.00" type="DEFAULT_VEHTYPE" speed="12.82" pos="104.14" lane="2/3to3/3_0" slope="0.00"/>
        <vehicle id="11" x="448.75" y="198.35" angle="90.00" type="DEFAULT_VEHTYPE" speed="13.12" pos="44.00" lane="2/1to3/1_0" slope="0.00"/>
        <vehicle id="12" x="398.35" y="314.62" angle="0.00" type="DEFAULT_VEHTYPE" speed="13.84" pos="80.63" lane="2/2to2/1_0" slope="0.00"/>
        <vehicle id="13" x="252.75" y="401.65" angle="-90.00" type="DEFAULT_VEHTYPE" speed="12.75" pos="142.50" lane="2/2to1/2_0" slope="0.00"/>
        <vehicle id="14" x="398.35" y="368.27" angle="0.00" type="DEFAULT_VEHTYPE" speed="12.17" pos="26.98" lane="2/2to2/1_0" slope="0.00"/>
        <vehicle id="3" x="218.81" y="201.65" angle="-90.00" type="DEFAULT_VEHTYPE" speed="8.49" pos="176.44" lane="2/1to1/1_0" slope="0.00"/>
        <vehicle id="4" x="215.69" y="598.35" angle="90.00" type="DEFAULT_VEHTYPE" speed="13.76" pos="10.94" lane="1/3to2/3_0" slope="0.00"/>
        <vehicle id="5" x="748.76" y="198.35" angle="90.00" type="DEFAULT_VEHTYPE" speed="13.02" pos="144.01" lane="3/1to4/1_0" slope="0.00"/>
        <vehicle id="6" x="401.65" y="753.80" angle="180.00" type="DEFAULT_VEHTYPE" speed="12.99" pos="149.05" lane="2/3to2/4_0" slope="0.00"/>
        <vehicle id="7" x="601.65" y="360.23" angle="180.00" type="DEFAULT_VEHTYPE" speed="13.82" pos="155.48" lane="3/1to3/2_0" slope="0.00"/>
        <vehicle id="8" x="271.61" y="201.65" angle="-90.00" type="DEFAULT_VEHTYPE" speed="13.79" pos="123.64" lane="2/1to1/1_0" slope="0.00"/>
        <vehicle id="9" x="201.65" y="520.44" angle="180.00" type="DEFAULT_VEHTYPE" speed="13.75" pos="115.69" lane="1/2to1/3_0" slope="0.00"/>
    </timestep>
    <timestep time="72.00">
        <vehicle id="0" x="198.35" y="385.47" angle="0.00" type="DEFAULT_VEHTYPE" speed="10.65" pos="9.78" lane="1/2to1/1_0" slope="0.00"/>
        <vehicle id="1" x="398.35" y="188.87" angle="0.00" type="DEFAULT_VEHTYPE" speed="12.87" pos="6.38" lane="2/1to2/0_0" slope="0.00"/>
        <vehicle id="10" x="522.69" y="598.35" angle="90.00" type="DEFAULT_VEHTYPE" speed="13.79" pos="117.94" lane="2/3to3/3_0" slope="0.00"/>
        <vehicle id="11" x="462.43" y="198.35" angle="90.00" type="DEFAULT_VEHTYPE" speed="13.68" pos="57.68" lane="2/1to3/1_0" slope="0.00"/>
        <vehicle id="12" x="398.35" y="300.74" angle="0.00" type="DEFAULT_VEHTYPE" speed="13.88" pos="94.51" lane="2/2to2/1_0" slope="0.00"/>
        <vehicle id="13" x="238.86" y="401.65" angle="-90.00" type="DEFAULT_VEHTYPE" speed="13.89" pos="156.39" lane="2/2to1/2_0" slope="0.00"/>
        <vehicle id="14" x="398.35" y="355.57" angle="0.00" type="DEFAULT_VEHTYPE" speed="12.70" pos="39.68" lane="2/2to2/1_0" slope="0.00"/>
        <vehicle id="3" x="212.23" y="201.65" angle="-90.00" type="DEFAULT_VEHTYPE" speed="6.58" pos="183.02" lane="2/1to1/1_0" slope="0.00"/>
        <vehicle id="4" x="228.74" y="598.35" angle="90.00" type="DEFAULT_VEHTYPE" speed="13.05" pos="23.99" lane="1/3to2/3_0" slope="0.00"/>
        <vehicle id="5" x="761.68" y="198.35" angle="90.00" type="DEFAULT_VEHTYPE" speed="12.92" pos="156.93" lane="3/1to4/1_0" slope="0.00"/>
        <vehicle id="6" x="401.65" y="766.89" angle="180.00" type="DEFAULT_VEHTYPE" speed="13.09" pos="162.14" lane="2/3to2/4_0" slope="0.00"/>
        <vehicle id="7" x="601.65" y="372.45" angle="180.00" type="DEFAULT_VEHTYPE" speed="12.22" pos="167.70" lane="3/1to3/2_0" slope="0.00"/>
        <vehicle id="8" x="258.93" y="201.65" angle="-90.00" type="DEFAULT_VEHTYPE" speed="12.68" pos="136.32" lane="2/1to1/1_0" slope="0.00"/>
        <vehicle id="9" x="201.65" y="533.57" angle="180.00" type="DEFAULT_VEHTYPE" speed="13.12" pos="128.82" lane="1/2to1/3_0" slope="0.00"/>
    </timestep>
    <timestep time="73.00">
        <vehicle id="0" x="198.35" y="373.19" angle="0.00" type="DEFAULT_VEHTYPE" speed="12.28" pos="22.06" lane="1/2to1/1_0" slope="0.00"/>
        <vehicle id="1" x="398.35" y="175.33" angle="0.00" type="DEFAULT_VEHTYPE" speed="13.54" pos="19.92" lane="2/1to2/0_0" slope="0.00"/>
        <vehicle id="10" x="535.33" y="598.35" angle="90.00" type="DEFAULT_VEHTYPE" speed="12.65" pos="130.58" lane="2/3to3/3_0" slope="0.00"/>
        <vehicle id="11" x="475.90" y="198.35" angle="90.00" type="DEFAULT_VEHTYPE" speed="13.47" pos="71.15" lane="2/1to3/1_0" slope="0.00"/>
        <vehicle id="12" x="398.35" y="287.12" angle="0.00" type="DEFAULT_VEHTYPE" speed="13.62" pos="108.13" lane="2/2to2/1_0" slope="0.00"/>
        <vehicle id="13" x="226.62" y="401.65" angle="-90.00" type="DEFAULT_VEHTYPE" speed="12.24" pos="168.63" lane="2/2to1/2_0" slope="0.00"/>
        <vehicle id="14" x="398.35" y="342.11" angle="0.00" type="DEFAULT_VEHTYPE" speed="13.46" pos="53.14" lane="2/2to2/1_0" slope="0.00"/>
        <vehicle id="3" x="209.54" y="201.65" angle="-90.00" type="DEFAULT_VEHTYPE" speed="2.69" pos="185.71" lane="2/1to1/1_0" slope="0.00"/>
        <vehicle id="4" x="242.07" y="598.35" angle="90.00" type="DEFAULT_VEHTYPE" speed="13.33" pos="37.32" lane="1/3to2/3_0" slope="0.00"/>
        <vehicle id="5" x="775.35" y="198.35" angle="90.00" type="DEFAULT_VEHTYPE" speed="13.67" pos="170.60" lane="3/1to4/1_0" slope="0.00"/>
        <vehicle id="6" x="401.65" y="779.82" angle="180.00" type="DEFAULT_VEHTYPE" speed="12.92" pos="175.07" lane="2/3to2/4_0" slope="0.00"/>
        <vehicle id="7" x="601.65" y="381.97" angle="180.00" type="DEFAULT_VEHTYPE" speed="9.52" pos="177.22" lane="3/1to3/2_0" slope="0.00"/>
        <vehicle id="8" x="245.55" y="201.65" angle="-90.00" type="DEFAULT_VEHTYPE" speed="13.38" pos="149.70" lane="2/1to1/1_0" slope="0.00"/>
        <vehicle id="9" x="201.65" y="547.31" angle="180.00" type="DEFAULT_VEHTYPE" speed="13.75" pos="142.56" lane="1/2to1/3_0" slope="0.00"/>
    </timestep>
    <timestep time="74.00">
        <vehicle id="0" x="198.35" y="360.30" angle="0.00" type="DEFAULT_VEHTYPE" speed="12.89" pos="34.95" lane="1/2to1/1_0" slope="0.00"/>
        <vehicle id="1" x="398.35" y="162.20" angle="0.00" type="DEFAULT_VEHTYPE" speed="13.13" pos="33.05" lane="2/1to2/0_0" slope="0.00"/>
        <vehicle id="10" x="549.03" y="598.35" angle="90.00" type="DEFAULT_VEHTYPE" speed="13.70" pos="144.28" lane="2/3to3/3_0" slope="0.00"/>
        <vehicle id="11" x="489.44" y="198.35" angle="90.00" type="DEFAULT_VEHTYPE" speed="13.54" pos="84.69" lane="2/1to3/1_0" slope="0.00"/>
        <vehicle id="12" x="398.35" y="273.90" angle="0.00" type="DEFAULT_VEHTYPE" speed="13.22" pos="121.35" lane="2/2to2/1_0" slope="0.00"/>
        <vehicle id="13" x="217.50" y="401.65" angle="-90.00" type="DEFAULT_VEHTYPE" speed="9.12" pos="177.75" lane="2/2to1/2_0" slope="0.00"/>
        <vehicle id="14" x="398.35" y="329.42" angle="0.00" type="DEFAULT_VEHTYPE" speed="12.70" pos="65.83" lane="2/2to2/1_0" slope="0.00"/>
        <vehicle id="3" x="204.88" y="201.65" angle="-90.00" type="DEFAULT_VEHTYPE" speed="4.65" pos="190.37" lane="2/1to1/1_0" slope="0.00"/>
        <vehicle id="4" x="255.18" y="598.35" angle="90.00" type="DEFAULT_VEHTYPE" speed="13.11" pos="50.43" lane="1/3to2/3_0" slope="0.00"/>
        <vehicle id="5" x="789.00" y="198.35" angle="90.00" type="DEFAULT_VEHTYPE" speed="13.64" pos="184.25" lane="3/1to4/1_0" slope="0.00"/>
        <vehicle id="6" x="401.65" y="793.09" angle="180.00" type="DEFAULT_VEHTYPE" speed="13.27" pos="188.34" lane="2/3to2/4_0" slope="0.00"/>
        <vehicle id="7" x="601.65" y="388.02" angle="180.00" type="DEFAULT_VEHTYPE" speed="6.05" pos="183.27" lane="3/1to3/2_0" slope="0.00"/>
        <vehicle id="8" x="233.71" y="201.65" angle="-90.00" type="DEFAULT_VEHTYPE" speed="11.84" pos="161.54" lane="2/1to1/1_0" slope="0.00"/>
        <vehicle id="9" x="201.65" y="560.22" angle="180.00" type="DEFAULT_VEHTYPE" speed="12.90" pos="155.47" lane="1/2to1/3_0" slope="0.00"/>
    </timestep>
    <timestep time="75.00">
        <vehicle id="0" x="198.35" y="347.30" angle="0.00" type="DEFAULT_VEHTYPE" speed="13.00" pos="47.95" lane="1/2to1/1_0" slope="0.00"/>
        <vehicle id="1" x="398.35" y="148.92" angle="0.00" type="DEFAULT_VEHTYPE" speed="13.28" pos="46.33" lane="2/1to2/0_0" slope="0.00"/>
        <vehicle id="10" x="562.78" y="598.35" angle="90.00" type="DEFAULT_VEHTYPE" speed="13.75" pos="158.03" lane="2/3to3/3_0" slope="0.00"/>
        <vehicle id="11" x="502.92" y="198.35" angle="90.00" type="DEFAULT_VEHTYPE" speed="13.48" pos="98.17" lane="2/1to3/1_0" slope="0.00"/>
        <vehicle id="12" x="398.35" y="261.25" angle="0.00" type="DEFAULT_VEHTYPE" speed="12.65" pos="134.00" lane="2/2to2/1_0" slope="0.00"/>
        <vehicle id="13" x="212.49" y="401.65" angle="-90.00" type="DEFAULT_VEHTYPE" speed="5.02" pos="182.76" lane="2/2to1/2_0" slope="0.00"/>
        <vehicle id="14" x="398.35" y="316.73" angle="0.00" type="DEFAULT_VEHTYPE" speed="12.69" pos="78.52" lane="2/2to2/1_0" slope="0.00"/>
        <vehicle id="3" x="198.12" y="201.65" angle="-90.00" type="DEFAULT_VEHTYPE" speed="6.76" pos="6.63" lane=":1/1_5_0" slope="0.00"/>
        <vehicle id="4" x="268.69" y="598.35" angle="90.00" type="DEFAULT_VEHTYPE" speed="13.51" pos="63.94" lane="1/3to2/3_0" slope="0.00"/>
        <vehicle id="5" x="801.59" y="199.88" angle="109.51" type="DEFAULT_VEHTYPE" speed="13.28" pos="2.28" lane=":4/1_0_0" slope="0.00"/>
        <vehicle id="6" x="398.35" y="798.15" angle="-36.22" type="DEFAULT_VEHTYPE" speed="13.58" pos="1.85" lane="2/4to2/3_0" slope="0.00"/>
        <vehicle id="7" x="601.65" y="390.67" angle="180.00" type="DEFAULT_VEHTYPE" speed="2.65" pos="185.92" lane="3/1to3/2_0" slope="0.00"/>
        <vehicle id="8" x="222.86" y="201.65" angle="-90.00" type="DEFAULT_VEHTYPE" speed="10.85" pos="172.39" lane="2/1to1/1_0" slope="0.00"/>
        <vehicle id="9" x="201.65" y="573.98" angle="180.00" type="DEFAULT_VEHTYPE" speed="13.76" pos="169.23" lane="1/2to1/3_0" slope="0.00"/>
    </timestep>
    <timestep time="76.00">
        <vehicle id="0" x="198.35" y="334.12" angle="0.00" type="DEFAULT_VEHTYPE" speed="13.18" pos="61.13" lane="1/2to1/1_0" slope="0.00"/>
        <vehicle id="1" x="398.35" y="136.06" angle="0.00" type="DEFAULT_VEHTYPE" speed="12.86" pos="59.19" lane="2/1to2/0_0" slope="0.00"/>
        <vehicle id="10" x="574.42" y="598.35" angle="90.00" type="DEFAULT_VEHTYPE" speed="11.64" pos="169.67" lane="2/3to3/3_0" slope="0.00"/>
        <vehicle id="11" x="516.42" y="198.35" angle="90.00" type="DEFAULT_VEHTYPE" speed="13.50" pos="111.67" lane="2/1to3/1_0" slope="0.00"/>
        <vehicle id="12" x="398.35" y="247.43" angle="0.00" type="DEFAULT_VEHTYPE" speed="13.82" pos="147.82" lane="2/2to2/1_0" slope="0.00"/>
        <vehicle id="13" x="209.04" y="401.65" angle="-90.00" type="DEFAULT_VEHTYPE" speed="3.44" pos="186.21" lane="2/2to1/2_0" slope="0.00"/>
        <vehicle id="14" x="398.35" y="304.13" angle="0.00" type="DEFAULT_VEHTYPE" speed="12.61" pos="91.12" lane="2/2to2/1_0" slope="0.00"/>
        <vehicle id="3" x="189.60" y="201.65" angle="-90.00" type="DEFAULT_VEHTYPE" speed="8.53" pos="5.65" lane="1/1to0/1_0" slope="0.00"/>
        <vehicle id="4" x="282.59" y="598.35" angle="90.00" type="DEFAULT_VEHTYPE" speed="13.90" pos="77.84" lane="1/3to2/3_0" slope="0.00"/>
        <vehicle id="5" x="789.32" y="201.65" angle="-90.00" type="DEFAULT_VEHTYPE" speed="13.22" pos="10.68" lane="4/1to3/1_0" slope="0.00"/>
        <vehicle id="6" x="398.35" y="785.17" angle="0.00" type="DEFAULT_VEHTYPE" speed="12.98" pos="14.83" lane="2/4to2/3_0" slope="0.00"/>
        <vehicle id="7" x="601.65" y="395.02" angle="180.00" type="DEFAULT_VEHTYPE" speed="4.36" pos="190.27" lane="3/1to3/2_0" slope="0.00"/>
        <vehicle id="8" x="215.83" y="201.65" angle="-90.00" type="DEFAULT_VEHTYPE" speed="7.03" pos="179.42" lane="2/1to1/1_0" slope="0.00"/>
        <vehicle id="9" x="201.65" y="587.57" angle="180.00" type="DEFAULT_VEHTYPE" speed="13.58" pos="182.82" lane="1/2to1/3_0" slope="0.00"/>
    </timestep>
    <timestep time="77.00">
        <vehicle id="0" x="198.35" y="321.32" angle="0.00" type="DEFAULT_VEHTYPE" speed="12.79" pos="73.93" lane="1/2to1/1_0" slope="0.00"/>
        <vehicle id="1" x="398.35" y="122.93" angle="0.00" type="DEFAULT_VEHTYPE" speed="13.13" pos="72.32" lane="2/1to2/0_0" slope="0.00"/>
        <vehicle id="10" x="582.41" y="598.35" angle="90.00" type="DEFAULT_VEHTYPE" speed="7.99" pos="177.66" lane="2/3to3/3_0" slope="0.00"/>
        <vehicle id="11" x="529.13" y="198.35" angle="90.00" type="DEFAULT_VEHTYPE" speed="12.71" pos="124.38" lane="2/1to3/1_0" slope="0.00"/>
        <vehicle id="12" x="398.35" y="234.36" angle="0.00" type="DEFAULT_VEHTYPE" speed="13.07" pos="160.89" lane="2/2to2/1_0" slope="0.00"/>
        <vehicle id="13" x="203.65" y="401.49" angle="-88.20" type="DEFAULT_VEHTYPE" speed="5.40" pos="1.11" lane=":1/2_6_0" slope="0.00"/>
        <vehicle id="14" x="398.35" y="291.09" angle="0.00" type="DEFAULT_VEHTYPE" speed="13.03" pos="104.16" lane="2/2to2/1_0" slope="0.00"/>
        <vehicle id="3" x="179.38" y="201.65" angle="-90.00" type="DEFAULT_VEHTYPE" speed="10.21" pos="15.87" lane="1/1to0/1_0" slope="0.00"/>
        <vehicle id="4" x="296.36" y="598.35" angle="90.00" type="DEFAULT_VEHTYPE" speed="13.77" pos="91.61" lane="1/3to2/3_0" slope="0.00"/>
        <vehicle id="5" x="775.68" y="201.65" angle="-90.00" type="DEFAULT_VEHTYPE" speed="13.64" pos="24.32" lane="4/1to3/1_0" slope="0.00"/>
        <vehicle id="6" x="398.35" y="771.94" angle="0.00" type="DEFAULT_VEHTYPE" speed="13.24" pos="28.06" lane="2/4to2/3_0" slope="0.00"/>
        <vehicle id="7" x="599.46" y="400.41" angle="-154.35" type="DEFAULT_VEHTYPE" speed="6.08" pos="5.85" lane=":3/2_10_0" slope="0.00"/>
        <vehicle id="8" x="211.35" y="201.65" angle="-90.00" type="DEFAULT_VEHTYPE" speed="4.48" pos="183.90" lane="2/1to1/1_0" slope="0.00"/>
        <vehicle id="9" x="205.45" y="598.35" angle="123.04" type="DEFAULT_VEHTYPE" speed="13.38" pos="0.70" lane="1/3to2/3_0" slope="0.00"/>
    </timestep>
    <timestep time="78.00">
        <vehicle id="0" x="198.35" y="308.35" angle="0.00" type="DEFAULT_VEHTYPE" speed="12.98" pos="86.90" lane="1/2to1/1_0" slope="0.00"/>
        <vehicle id="1" x="398.35" y="110.26" angle="0.00" type="DEFAULT_VEHTYPE" speed="12.66" pos="84.99" lane="2/1to2/0_0" slope="0.00"/>
        <vehicle id="10" x="587.58" y="598.35" angle="90.00" type="DEFAULT_VEHTYPE" speed="5.17" pos="182.83" lane="2/3to3/3_0" slope="0.00"/>
        <vehicle id="11" x="542.27" y="198.35" angle="90.00" type="DEFAULT_VEHTYPE" speed="13.15" pos="137.52" lane="2/1to3/1_0" slope="0.00"/>
        <vehicle id="12" x="398.35" y="223.80" angle="0.00" type="DEFAULT_VEHTYPE" speed="10.56" pos="171.45" lane="2/2to2/1_0" slope="0.00"/>
        <vehicle id="13" x="198.53" y="396.48" angle="-29.73" type="DEFAULT_VEHTYPE" speed="7.97" pos="9.07" lane=":1/2_6_0" slope="0.00"/>
        <vehicle id="14" x="398.35" y="277.66" angle="0.00" type="DEFAULT_VEHTYPE" speed="13.44" pos="117.59" lane="2/2to2/1_0" slope="0.00"/>
        <vehicle id="3" x="167.71" y="201.65" angle="-90.00" type="DEFAULT_VEHTYPE" speed="11.67" pos="27.54" lane="1/1to0/1_0" slope="0.00"/>
        <vehicle id="4" x="309.22" y="598.35" angle="90.00" type="DEFAULT_VEHTYPE" speed="12.85" pos="104.47" lane="1/3to2/3_0" slope="0.00"/>
        <vehicle id="5" x="762.52" y="201.65" angle="-90.00" type="DEFAULT_VEHTYPE" speed="13.16" pos="37.48" lane="4/1to3/1_0" slope="0.00"/>
        <vehicle id="6" x="398.35" y="758.04" angle="0.00" type="DEFAULT_VEHTYPE" speed="13.90" pos="41.96" lane="2/4to2/3_0" slope="0.00"/>
        <vehicle id="7" x="591.67" y="401.65" angle="-92.30" type="DEFAULT_VEHTYPE" speed="8.05" pos="3.58" lane="3/2to2/2_0" slope="0.00"/>
        <vehicle id="8" x="204.98" y="201.65" angle="-90.00" type="DEFAULT_VEHTYPE" speed="6.37" pos="190.27" lane="2/1to1/1_0" slope="0.00"/>
        <vehicle id="9" x="219.21" y="598.35" angle="90.00" type="DEFAULT_VEHTYPE" speed="13.77" pos="14.46" lane="1/3to2/3_0" slope="0.00"/>
    </timestep>
    <timestep time="79.00">
        <vehicle id="0" x="198.35" y="295.28" angle="0.00" type="DEFAULT_VEHTYPE" speed="13.07" pos="99.97" lane="1/2to1/1_0" slope="0.00"/>
        <vehicle id="1" x="398.35" y="96.79" angle="0.00" type="DEFAULT_VEHTYPE" speed="13.48" pos="98.46" lane="2/1to2/0_0" slope="0.00"/>
        <vehicle id="10" x="590.01" y="598.35" angle="90.00" type="DEFAULT_VEHTYPE" speed="2.43" pos="185.26" lane="2/3to3/3_0" slope="0.00"/>
        <vehicle id="11" x="555.53" y="198.35" angle="90.00" type="DEFAULT_VEHTYPE" speed="13.25" pos="150.78" lane="2/1to3/1_0" slope="0.00"/>
        <vehicle id="12" x="398.35" y="215.80" angle="0.00" type="DEFAULT_VEHTYPE" speed="8.01" pos="179.45" lane="2/2to2/1_0" slope="0.00"/>
        <vehicle id="13" x="198.35" y="386.34" angle="0.00" type="DEFAULT_VEHTYPE" speed="10.16" pos="8.91" lane="1/2to1/1_0" slope="0.00"/>
        <vehicle id="14" x="398.35" y="264.29" angle="0.00" type="DEFAULT_VEHTYPE" speed="13.37" pos="130.96" lane="2/2to2/1_0" slope="0.00"/>
        <vehicle id="3" x="154.32" y="201.65" angle="-90.00" type="DEFAULT_VEHTYPE" speed="13.40" pos="40.93" lane="1/1to0/1_0" slope="0.00"/>
        <vehicle id="4" x="322.03" y="598.35" angle="90.00" type="DEFAULT_VEHTYPE" speed="12.81" pos="117.28" lane="1/3to2/3_0" slope="0.00"/>
        <vehicle id="5" x="749.74" y="201.65" angle="-90.00" type="DEFAULT_VEHTYPE" speed="12.78" pos="50.26" lane="4/1to3/1_0" slope="0.00"/>
        <vehicle id="6" x="398.35" y="744.24" angle="0.00" type="DEFAULT_VEHTYPE" speed="13.80" pos="55.76" lane="2/4to2/3_0" slope="0.00"/>
        <vehicle id="7" x="581.69" y="401.65" angle="-90.00" type="DEFAULT_VEHTYPE" speed="9.98" pos="13.56" lane="3/2to2/2_0" slope="0.00"/>
        <vehicle id="8" x="201.65" y="207.70" angle="-173.67" type="DEFAULT_VEHTYPE" speed="8.18" pos="2.95" lane="1/1to1/2_0" slope="0.00"/>
        <vehicle id="9" x="232.35" y="598.35" angle="90.00" type="DEFAULT_VEHTYPE" speed="13.13" pos="27.60" lane="1/3to2/3_0" slope="0.00"/>
    </timestep>
    <timestep time="80.00">
        <vehicle id="0" x="198.35" y="281.88" angle="0.00" type="DEFAULT_VEHTYPE" speed="13.40" pos="113.37" lane="1/2to1/1_0" slope="0.00"/>
        <vehicle id="1" x="398.35" y="82.93" angle="0.00" type="DEFAULT_VEHTYPE" speed="13.86" pos="112.32" lane="2/1to2/0_0" slope="0.00"/>
        <vehicle id="10" x="594.50" y="598.35" angle="90.00" type="DEFAULT_VEHTYPE" speed="4.49" pos="189.75" lane="2/3to3/3_0" slope="0.00"/>
        <vehicle id="11" x="568.13" y="198.35" angle="90.00" type="DEFAULT_VEHTYPE" speed="12.60" pos="163.38" lane="2/1to3/1_0" slope="0.00"/>
        <vehicle id="12" x="398.35" y="211.43" angle="0.00" type="DEFAULT_VEHTYPE" speed="4.36" pos="183.82" lane="2/2to2/1_0" slope="0.00"/>
        <vehicle id="13" x="198.35" y="374.77" angle="0.00" type="DEFAULT_VEHTYPE" speed="11.56" pos="20.48" lane="1/2to1/1_0" slope="0.00"/>
        <vehicle id="14" x="398.35" y="251.04" angle="0.00" type="DEFAULT_VEHTYPE" speed="13.25" pos="144.21" lane="2/2to2/1_0" slope="0.00"/>
        <vehicle id="3" x="141.53" y="201.65" angle="-90.00" type="DEFAULT_VEHTYPE" speed="12.78" pos="53.72" lane="1/1to0/1_0" slope="0.00"/>
        <vehicle id="4" x="334.80" y="598.35" angle="90.00" type="DEFAULT_VEHTYPE" speed="12.77" pos="130.05" lane="1/3to2/3_0" slope="0.00"/>
        <vehicle id="5" x="736.95" y="201.65" angle="-90.00" type="DEFAULT_VEHTYPE" speed="12.80" pos="63.05" lane="4/1to3/1_0" slope="0.00"/>
        <vehicle id="6" x="398.35" y="730.68" angle="0.00" type="DEFAULT_VEHTYPE" speed="13.55" pos="69.32" lane="2/4to2/3_0" slope="0.00"/>
        <vehicle id="7" x="570.15" y="401.65" angle="-90.00" type="DEFAULT_VEHTYPE" speed="11.55" pos="25.10" lane="3/2to2/2_0" slope="0.00"/>
        <vehicle id="8" x="201.65" y="217.68" angle="180.00" type="DEFAULT_VEHTYPE" speed="9.98" pos="12.93" lane="1/1to1/2_0" slope="0.00"/>
        <vehicle id="9" x="244.95" y="598.35" angle="90.00" type="DEFAULT_VEHTYPE" speed="12.60" pos="40.20" lane="1/3to2/3_0" slope="0.00"/>
    </timestep>
    <timestep time="81.00">
        <vehicle id="0" x="198.35" y="268.25" angle="0.00" type="DEFAULT_VEHTYPE" speed="13.63" pos="127.00" lane="1/2to1/1_0" slope="0.00"/>
        <vehicle id="1" x="398.35" y="69.80" angle="0.00" type="DEFAULT_VEHTYPE" speed="13.13" pos="125.45" lane="2/1to2/0_0" slope="0.00"/>
        <vehicle id="10" x="598.35" y="594.07" angle="25.16" type="DEFAULT_VEHTYPE" speed="6.92" pos="1.18" lane="3/3to3/2_0" slope="0.00"/>
        <vehicle id="11" x="577.93" y="198.35" angle="90.00" type="DEFAULT_VEHTYPE" speed="9.80" pos="173.18" lane="2/1to3/1_0" slope="0.00"/>
        <vehicle id="12" x="398.35" y="205.32" angle="0.00" type="DEFAULT_VEHTYPE" speed="6.11" pos="189.93" lane="2/2to2/1_0" slope="0.00"/>
        <vehicle id="13" x="198.35" y="361.11" angle="0.00" type="DEFAULT_VEHTYPE" speed="13.66" pos="34.14" lane="1/2to1/1_0" slope="0.00"/>
        <vehicle id="14" x="398.35" y="239.01" angle="0.00" type="DEFAULT_VEHTYPE" speed="12.03" pos="156.24" lane="2/2to2/1_0" slope="0.00"/>
        <vehicle id="3" x="127.74" y="201.65" angle="-90.00" type="DEFAULT_VEHTYPE" speed="13.79" pos="67.51" lane="1/1to0/1_0" slope="0.00"/>
        <vehicle id="4" x="348.55" y="598.35" angle="90.00" type="DEFAULT_VEHTYPE" speed="13.75" pos="143.80" lane="1/3to2/3_0" slope="0.00"/>
        <vehicle id="5" x="724.24" y="201.65" angle="-90.00" type="DEFAULT_VEHTYPE" speed="12.71" pos="75.76" lane="4/1to3/1_0" slope="0.00"/>
        <vehicle id="6" x="398.35" y="717.77" angle="0.00" type="DEFAULT_VEHTYPE" speed="12.92" pos="82.23" lane="2/4to2/3_0" slope="0.00"/>
        <vehicle id="7" x="556.56" y="401.65" angle="-90.00" type="DEFAULT_VEHTYPE" speed="13.59" pos="38.69" lane="3/2to2/2_0" slope="0.00"/>
        <vehicle id="8" x="201.65" y="230.10" angle="180.00" type="DEFAULT_VEHTYPE" speed="12.42" pos="25.35" lane="1/1to1/2_0" slope="0.00"/>
        <vehicle id="9" x="257.96" y="598.35" angle="90.00" type="DEFAULT_VEHTYPE" speed="13.00" pos="53.21" lane="1/3to2/3_0" slope="0.00"/>
    </timestep>
    <timestep time="82.00">
        <vehicle id="0" x="198.35" y="255.03" angle="0.00" type="DEFAULT_VEHTYPE" speed="13.22" pos="140.22" lane="1/2to1/1_0" slope="0.00"/>
        <vehicle id="1" x="398.35" y="57.07" angle="0.00" type="DEFAULT_VEHTYPE" speed="12.73" pos="138.18" lane="2/1to2/0_0" slope="0.00"/>
        <vehicle id="10" x="598.35" y="584.65" angle="0.00" type="DEFAULT_VEHTYPE" speed="9.42" pos="10.60" lane="3/3to3/2_0" slope="0.00"/>
        <vehicle id="11" x="584.57" y="198.35" angle="90.00" type="DEFAULT_VEHTYPE" speed="6.64" pos="179.82" lane="2/1to3/1_0" slope="0.00"/>
        <vehicle id="12" x="402.46" y="198.68" angle="49.24" type="DEFAULT_VEHTYPE" speed="8.58" pos="0.87" lane=":2/1_16_0" slope="0.00"/>
        <vehicle id="13" x="198.35" y="348.30" angle="0.00" type="DEFAULT_VEHTYPE" speed="12.81" pos="46.95" lane="1/2to1/1_0" slope="0.00"/>
        <vehicle id="14" x="398.35" y="226.71" angle="0.00" type="DEFAULT_VEHTYPE" speed="12.30" pos="168.54" lane="2/2to2/1_0" slope="0.00"/>
        <vehicle id="3" x="114.70" y="201.65" angle="-90.00" type="DEFAULT_VEHTYPE" speed="13.05" pos="80.55" lane="1/1to0/1_0" slope="0.00"/>
        <vehicle id="4" x="361.25" y="598.35" angle="90.00" type="DEFAULT_VEHTYPE" speed="12.70" pos="156.50" lane="1/3to2/3_0" slope="0.00"/>
        <vehicle id="5" x="711.26" y="201.65" angle="-90.00" type="DEFAULT_VEHTYPE" speed="12.98" pos="88.74" lane="4/1to3/1_0" slope="0.00"/>
        <vehicle id="6" x="398.35" y="704.17" angle="0.00" type="DEFAULT_VEHTYPE" speed="13.59" pos="95.83" lane="2/4to2/3_0" slope="0.00"/>
        <vehicle id="7" x="543.74" y="401.65" angle="-90.00" type="DEFAULT_VEHTYPE" speed="12.82" pos="51.51" lane="3/2to2/2_0" slope="0.00"/>
        <vehicle id="8" x="201.65" y="243.77" angle="180.00" type="DEFAULT_VEHTYPE" speed="13.68" pos="39.02" lane="1/1to1/2_0" slope="0.00"/>
        <vehicle id="9" x="271.58" y="598.35" angle="90.00" type="DEFAULT_VEHTYPE" speed="13.63" pos="66.83" lane="1/3to2/3_0" slope="0.00"/>
    </timestep>
    <timestep time="83.00">
        <vehicle id="0" x="198.35" y="242.32" angle="0.00" type="DEFAULT_VEHTYPE" speed="12.71" pos="152.93" lane="1/2to1/1_0" slope="0.00"/>
        <vehicle id="1" x="398.35" y="44.29" angle="0.00" type="DEFAULT_VEHTYPE" speed="12.77" pos="150.96" lane="2/1to2/0_0" slope="0.00"/>
        <vehicle id="10" x="598.35" y="573.44" angle="0.00" type="DEFAULT_VEHTYPE" speed="11.21" pos="21.81" lane="3/3to3/2_0" slope="0.00"/>
        <vehicle id="11" x="588.67" y="198.35" angle="90.00" type="DEFAULT_VEHTYPE" speed="4.10" pos="183.92" lane="2/1to3/1_0" slope="0.00"/>
        <vehicle id="12" x="413.00" y="198.35" angle="90.00" type="DEFAULT_VEHTYPE" speed="10.56" pos="8.25" lane="2/1to3/1_0" slope="0.00"/>
        <vehicle id="13" x="198.35" y="334.62" angle="0.00" type="DEFAULT_VEHTYPE" speed="13.69" pos="60.63" lane="1/2to1/1_0" slope="0.00"/>
        <vehicle id="14" x="398.35" y="218.24" angle="0.00" type="DEFAULT_VEHTYPE" speed="8.47" pos="177.01" lane="2/2to2/1_0" slope="0.00"/>
        <vehicle id="3" x="101.72" y="201.65" angle="-90.00" type="DEFAULT_VEHTYPE" speed="12.97" pos="93.53" lane="1/1to0/1_0" slope="0.00"/>
        <vehicle id="4" x="374.02" y="598.35" angle="90.00" type="DEFAULT_VEHTYPE" speed="12.77" pos="169.27" lane="1/3to2/3_0" slope="0.00"/>
        <vehicle id="5" x="698.60" y="201.65" angle="-90.00" type="DEFAULT_VEHTYPE" speed="12.66" pos="101.40" lane="4/1to3/1_0" slope="0.00"/>
        <vehicle id="6" x="398.35" y="690.30" angle="0.00" type="DEFAULT_VEHTYPE" speed="13.87" pos="109.70" lane="2/4to2/3_0" slope="0.00"/>
        <vehicle id="7" x="531.11" y="401.65" angle="-90.00" type="DEFAULT_VEHTYPE" speed="12.63" pos="64.14" lane="3/2to2/2_0" slope="0.00"/>
        <vehicle id="8" x="201.65" y="257.35" angle="180.00" type="DEFAULT_VEHTYPE" speed="13.58" pos="52.60" lane="1/1to1/2_0" slope="0.00"/>
        <vehicle id="9" x="285.03" y="598.35" angle="90.00" type="DEFAULT_VEHTYPE" speed="13.45" pos="80.28" lane="1/3to2/3_0" slope="0.00"/>
    </timestep>
    <timestep time="84.00">
        <vehicle id="0" x="198.35" y="228.91" angle="0.00" type="DEFAULT_VEHTYPE" speed="13.41" pos="166.34" lane="1/2to1/1_0" slope="0.00"/>
        <vehicle id="1" x="398.35" y="31.02" angle="0.00" type="DEFAULT_VEHTYPE" speed="13.27" pos="164.23" lane="2/1to2/0_0" slope="0.00"/>
        <vehicle id="10" x="598.35" y="559.92" angle="0.00" type="DEFAULT_VEHTYPE" speed="13.52" pos="35.33" lane="3/3to3/2_0" slope="0.00"/>
        <vehicle id="11" x="594.14" y="198.35" angle="90.00" type="DEFAULT_VEHTYPE" speed="5.46" pos="189.39" lane="2/1to3/1_0" slope="0.00"/>
        <vehicle id="12" x="425.56" y="198.35" angle="90.00" type="DEFAULT_VEHTYPE" speed="12.57" pos="20.81" lane="2/1to3/1_0" slope="0.00"/>
        <vehicle id="13" x="198.35" y="321.03" angle="0.00" type="DEFAULT_VEHTYPE" speed="13.59" pos="74.22" lane="1/2to1/1_0" slope="0.00"/>
        <vehicle id="14" x="398.35" y="212.16" angle="0.00" type="DEFAULT_VEHTYPE" speed="6.08" pos="183.09" lane="2/2to2/1_0" slope="0.00"/>
        <vehicle id="3" x="88.76" y="201.65" angle="-90.00" type="DEFAULT_VEHTYPE" speed="12.96" pos="106.49" lane="1/1to0/1_0" slope="0.00"/>
        <vehicle id="4" x="382.50" y="598.35" angle="90.00" type="DEFAULT_VEHTYPE" speed="8.48" pos="177.75" lane="1/3to2/3_0" slope="0.00"/>
        <vehicle id="5" x="684.89" y="201.65" angle="-90.00" type="DEFAULT_VEHTYPE" speed="13.71" pos="115.11" lane="4/1to3/1_0" slope="0.00"/>
        <vehicle id="6" x="398.35" y="677.54" angle="0.00" type="DEFAULT_VEHTYPE" speed="12.76" pos="122.46" lane="2/4to2/3_0" slope="0.00"/>
        <vehicle id="7" x="517.88" y="401.65" angle="-90.00" type="DEFAULT_VEHTYPE" speed="13.23" pos="77.37" lane="3/2to2/2_0" slope="0.00"/>
        <vehicle id="8" x="201.65" y="270.50" angle="180.00" type="DEFAULT_VEHTYPE" speed="13.15" pos="65.75" lane="1/1to1/2_0" slope="0.00"/>
        <vehicle id="9" x="298.42" y="598.35" angle="90.00" type="DEFAULT_VEHTYPE" speed="13.39" pos="93.67" lane="1/3to2/3_0" slope="0.00"/>
    </timestep>
    <timestep time="85.00">
        <vehicle id="0" x="198.35" y="215.26" angle="0.00" type="DEFAULT_VEHTYPE" speed="13.66" pos="179.99" lane="1/2to1/1_0" slope="0.00"/>
        <vehicle id="1" x="398.35" y="18.10" angle="0.00" type="DEFAULT_VEHTYPE" speed="12.92" pos="177.15" lane="2/1to2/0_0" slope="0.00"/>
        <vehicle id="10" x="598.35" y="547.14" angle="0.00" type="DEFAULT_VEHTYPE" speed="12.78" pos="48.11" lane="3/3to3/2_0" slope="0.00"/>
        <vehicle id="11" x="600.88" y="201.34" angle="125.24" type="DEFAULT_VEHTYPE" speed="7.89" pos="6.78" lane=":3/1_14_0" slope="0.00"/>
        <vehicle id="12" x="438.68" y="198.35" angle="90.00" type="DEFAULT_VEHTYPE" speed="13.12" pos="33.93" lane="2/1to3/1_0" slope="0.00"/>
        <vehicle id="13" x="198.35" y="308.02" angle="0.00" type="DEFAULT_VEHTYPE" speed="13.01" pos="87.23" lane="1/2to1/1_0" slope="0.00"/>
        <vehicle id="14" x="398.35" y="209.49" angle="0.00" type="DEFAULT_VEHTYPE" speed="2.67" pos="185.76" lane="2/2to2/1_0" slope="0.00"/>
        <vehicle id="3" x="75.43" y="201.65" angle="-90.00" type="DEFAULT_VEHTYPE" speed="13.33" pos="119.82" lane="1/1to0/1_0" slope="0.00"/>
        <vehicle id="4" x="388.14" y="598.35" angle="90.00" type="DEFAULT_VEHTYPE" speed="5.64" pos="183.39" lane="1/3to2/3_0" slope="0.00"/>
        <vehicle id="5" x="671.70" y="201.65" angle="-90.00" type="DEFAULT_VEHTYPE" speed="13.20" pos="128.30" lane="4/1to3/1_0" slope="0.00"/>
        <vehicle id="6" x="398.35" y="664.77" angle="0.00" type="DEFAULT_VEHTYPE" speed="12.77" pos="135.23" lane="2/4to2/3_0" slope="0.00"/>
        <vehicle id="7" x="504.67" y="401.65" angle="-90.00" type="DEFAULT_VEHTYPE" speed="13.21" pos="90.58" lane="3/2to2/2_0" slope="0.00"/>
        <vehicle id="8" x="201.65" y="284.02" angle="180.00" type="DEFAULT_VEHTYPE" speed="13.51" pos="79.27" lane="1/1to1/2_0" slope="0.00"/>
        <vehicle id="9" x="311.94" y="598.35" angle="90.00" type="DEFAULT_VEHTYPE" speed="13.52" pos="107.19" lane="1/3to2/3_0" slope="0.00"/>
    </timestep>
    <timestep time="86.00">
        <vehicle id="0" x="197.41" y="202.32" angle="-11.27" type="DEFAULT_VEHTYPE" speed="13.21" pos="2.70" lane=":1/1_0_0" slope="0.00"/>
        <vehicle id="1" x="398.35" y="5.24" angle="0.00" type="DEFAULT_VEHTYPE" speed="12.86" pos="190.01" lane="2/1to2/0_0" slope="0.00"/>
        <vehicle id="10" x="598.35" y="534.46" angle="0.00" type="DEFAULT_VEHTYPE" speed="12.69" pos="60.79" lane="3/3to3/2_0" slope="0.00"/>
        <vehicle id="11" x="601.65" y="211.18" angle="180.00" type="DEFAULT_VEHTYPE" speed="9.97" pos="6.43" lane="3/1to3/2_0" slope="0.00"/>
        <vehicle id="12" x="451.47" y="198.35" angle="90.00" type="DEFAULT_VEHTYPE" speed="12.79" pos="46.72" lane="2/1to3/1_0" slope="0.00"/>
        <vehicle id="13" x="198.35" y="295.00" angle="0.00" type="DEFAULT_VEHTYPE" speed="13.02" pos="100.25" lane="1/2to1/1_0" slope="0.00"/>
        <vehicle id="14" x="398.39" y="204.47" angle="0.46" type="DEFAULT_VEHTYPE" speed="5.03" pos="0.28" lane=":2/1_2_0" slope="0.00"/>
        <vehicle id="3" x="61.74" y="201.65" angle="-90.00" type="DEFAULT_VEHTYPE" speed="13.69" pos="133.51" lane="1/1to0/1_0" slope="0.00"/>
        <vehicle id="4" x="390.31" y="598.35" angle="90.00" type="DEFAULT_VEHTYPE" speed="2.17" pos="185.56" lane="1/3to2/3_0" slope="0.00"/>
        <vehicle id="5" x="658.40" y="201.65" angle="-90.00" type="DEFAULT_VEHTYPE" speed="13.29" pos="141.60" lane="4/1to3/1_0" slope="0.00"/>
        <vehicle id="6" x="398.35" y="650.88" angle="0.00" type="DEFAULT_VEHTYPE" speed="13.89" pos="149.12" lane="2/4to2/3_0" slope="0.00"/>
        <vehicle id="7" x="491.83" y="401.65" angle="-90.00" type="DEFAULT_VEHTYPE" speed="12.84" pos="103.42" lane="3/2to2/2_0" slope="0.00"/>
        <vehicle id="8" x="201.65" y="297.13" angle="180.00" type="DEFAULT_VEHTYPE" speed="13.11" pos="92.38" lane="1/1to1/2_0" slope="0.00"/>
        <vehicle id="9" x="324.85" y="598.35" angle="90.00" type="DEFAULT_VEHTYPE" speed="12.91" pos="120.10" lane="1/3to2/3_0" slope="0.00"/>
    </timestep>
    <timestep time="87.00">
        <vehicle id="0" x="184.16" y="201.65" angle="-90.00" type="DEFAULT_VEHTYPE" speed="13.39" pos="11.09" lane="1/1to0/1_0" slope="0.00"/>
        <vehicle id="1" x="401.65" y="3.20" angle="166.41" type="DEFAULT_VEHTYPE" speed="13.26" pos="3.20" lane="2/0to2/1_0" slope="0.00"/>
        <vehicle id="10" x="598.35" y="520.80" angle="0.00" type="DEFAULT_VEHTYPE" speed="13.66" pos="74.45" lane="3/3to3/2_0" slope="0.00"/>
        <vehicle id="11" x="601.65" y="222.89" angle="180.00" type="DEFAULT_VEHTYPE" speed="11.72" pos="18.14" lane="3/1to3/2_0" slope="0.00"/>
        <vehicle id="12" x="465.14" y="198.35" angle="90.00" type="DEFAULT_VEHTYPE" speed="13.67" pos="60.39" lane="2/1to3/1_0" slope="0.00"/>
        <vehicle id="13" x="198.35" y="282.16" angle="0.00" type="DEFAULT_VEHTYPE" speed="12.84" pos="113.09" lane="1/2to1/1_0" slope="0.00"/>
        <vehicle id="14" x="402.32" y="198.70" angle="47.74" type="DEFAULT_VEHTYPE" speed="7.58" pos="0.72" lane=":2/1_16_0" slope="0.00"/>
        <vehicle id="3" x="48.12" y="201.65" angle="-90.00" type="DEFAULT_VEHTYPE" speed="13.62" pos="147.13" lane="1/1to0/1_0" slope="0.00"/>
        <vehicle id="4" x="394.51" y="598.35" angle="90.00" type="DEFAULT_VEHTYPE" speed="4.20" pos="189.76" lane="1/3to2/3_0" slope="0.00"/>
        <vehicle id="5" x="645.27" y="201.65" angle="-90.00" type="DEFAULT_VEHTYPE" speed="13.14" pos="154.73" lane="4/1to3/1_0" slope="0.00"/>
        <vehicle id="6" x="398.35" y="637.83" angle="0.00" type="DEFAULT_VEHTYPE" speed="13.05" pos="162.17" lane="2/4to2/3_0" slope="0.00"/>
        <vehicle id="7" x="478.00" y="401.65" angle="-90.00" type="DEFAULT_VEHTYPE" speed="13.83" pos="117.25" lane="3/2to2/2_0" slope="0.00"/>
        <vehicle id="8" x="201.65" y="310.71" angle="180.00" type="DEFAULT_VEHTYPE" speed="13.59" pos="105.96" lane="1/1to1/2_0" slope="0.00"/>
        <vehicle id="9" x="338.28" y="598.35" angle="90.00" type="DEFAULT_VEHTYPE" speed="13.43" pos="133.53" lane="1/3to2/3_0" slope="0.00"/>
    </timestep>
    <timestep time="88.00">
        <vehicle id="0" x="170.84" y="201.65" angle="-90.00" type="DEFAULT_VEHTYPE" speed="13.32" pos="24.41" lane="1/1to0/1_0" slope="0.00"/>
        <vehicle id="1" x="401.65" y="16.82" angle="180.00" type="DEFAULT_VEHTYPE" speed="13.62" pos="16.82" lane="2/0to2/1_0" slope="0.00"/>
        <vehicle id="10" x="598.35" y="507.94" angle="0.00" type="DEFAULT_VEHTYPE" speed="12.85" pos="87.31" lane="3/3to3/2_0" slope="0.00"/>
        <vehicle id="11" x="601.65" y="236.28" angle="180.00" type="DEFAULT_VEHTYPE" speed="13.39" pos="31.53" lane="3/1to3/2_0" slope="0.00"/>
        <vehicle id="12" x="478.06" y="198.35" angle="90.00" type="DEFAULT_VEHTYPE" speed="12.93" pos="73.31" lane="2/1to3/1_0" slope="0.00"/>
        <vehicle id="13" x="198.35" y="268.69" angle="0.00" type="DEFAULT_VEHTYPE" speed="13.47" pos="126.56" lane="1/2to1/1_0" slope="0.00"/>
        <vehicle id="14" x="411.49" y="198.35" angle="90.00" type="DEFAULT_VEHTYPE" speed="9.20" pos="6.74" lane="2/1to3/1_0" slope="0.00"/>
        <vehicle id="3" x="34.70" y="201.65" angle="-90.00" type="DEFAULT_VEHTYPE" speed="13.42" pos="160.55" lane="1/1to0/1_0" slope="0.00"/>
        <vehicle id="4" x="400.10" y="600.03" angle="109.65" type="DEFAULT_VEHTYPE" speed="5.99" pos="5.25" lane=":2/3_14_0" slope="0.00"/>
        <vehicle id="5" x="632.01" y="201.65" angle="-90.00" type="DEFAULT_VEHTYPE" speed="13.25" pos="167.99" lane="4/1to3/1_0" slope="0.00"/>
        <vehicle id="6" x="398.35" y="624.40" angle="0.00" type="DEFAULT_VEHTYPE" speed="13.43" pos="175.60" lane="2/4to2/3_0" slope="0.00"/>
        <vehicle id="7" x="464.32" y="401.65" angle="-90.00" type="DEFAULT_VEHTYPE" speed="13.68" pos="130.93" lane="3/2to2/2_0" slope="0.00"/>
        <vehicle id="8" x="201.65" y="324.53" angle="180.00" type="DEFAULT_VEHTYPE" speed="13.82" pos="119.78" lane="1/1to1/2_0" slope="0.00"/>
        <vehicle id="9" x="351.87" y="598.35" angle="90.00" type="DEFAULT_VEHTYPE" speed="13.59" pos="147.12" lane="1/3to2/3_0" slope="0.00"/>
    </timestep>
    <timestep time="89.00">
        <vehicle id="0" x="157.66" y="201.65" angle="-90.00" type="DEFAULT_VEHTYPE" speed="13.18" pos="37.59" lane="1/1to0/1_0" slope="0.00"/>
        <vehicle id="1" x="401.65" y="30.17" angle="180.00" type="DEFAULT_VEHTYPE" speed="13.35" pos="30.17" lane="2/0to2/1_0" slope="0.00"/>
        <vehicle id="10" x="598.35" y="495.28" angle="0.00" type="DEFAULT_VEHTYPE" speed="12.66" pos="99.97" lane="3/3to3/2_0" slope="0.00"/>
        <vehicle id="11" x="601.65" y="250.16" angle="180.00" type="DEFAULT_VEHTYPE" speed="13.88" pos="45.41" lane="3/1to3/2_0" slope="0.00"/>
        <vehicle id="12" x="491.92" y="198.35" angle="90.00" type="DEFAULT_VEHTYPE" speed="13.86" pos="87.17" lane="2/1to3/1_0" slope="0.00"/>
        <vehicle id="13" x="198.35" y="255.31" angle="0.00" type="DEFAULT_VEHTYPE" speed="13.38" pos="139.94" lane="1/2to1/1_0" slope="0.00"/>
        <vehicle id="14" x="422.57" y="198.35" angle="90.00" type="DEFAULT_VEHTYPE" speed="11.08" pos="17.82" lane="2/1to3/1_0" slope="0.00"/>
        <vehicle id="3" x="21.81" y="201.65" angle="-90.00" type="DEFAULT_VEHTYPE" speed="12.90" pos="173.44" lane="1/1to0/1_0" slope="0.00"/>
        <vehicle id="4" x="401.65" y="606.98" angle="175.50" type="DEFAULT_VEHTYPE" speed="7.30" pos="2.23" lane="2/3to2/4_0" slope="0.00"/>
        <vehicle id="5" x="621.16" y="201.65" angle="-90.00" type="DEFAULT_VEHTYPE" speed="10.85" pos="178.84" lane="4/1to3/1_0" slope="0.00"/>
        <vehicle id="6" x="398.35" y="611.28" angle="0.00" type="DEFAULT_VEHTYPE" speed="13.12" pos="188.72" lane="2/4to2/3_0" slope="0.00"/>
        <vehicle id="7" x="451.02" y="401.65" angle="-90.00" type="DEFAULT_VEHTYPE" speed="13.30" pos="144.23" lane="3/2to2/2_0" slope="0.00"/>
        <vehicle id="8" x="201.65" y="338.21" angle="180.00" type="DEFAULT_VEHTYPE" speed="13.69" pos="133.46" lane="1/1to1/2_0" slope="0.00"/>
        <vehicle id="9" x="364.86" y="598.35" angle="90.00" type="DEFAULT_VEHTYPE" speed="12.99" pos="160.11" lane="1/3to2/3_0" slope="0.00"/>
    </timestep>
    <timestep time="90.00">
        <vehicle id="0" x="143.97" y="201.65" angle="-90.00" type="DEFAULT_VEHTYPE" speed="13.69" pos="51.28" lane="1/1to0/1_0" slope="0.00"/>
        <vehicle id="1" x="401.65" y="43.29" angle="180.00" type="DEFAULT_VEHTYPE" speed="13.12" pos="43.29" lane="2/0to2/1_0" slope="0.00"/>
        <vehicle id="10" x="598.35" y="482.17" angle="0.00" type="DEFAULT_VEHTYPE" speed="13.11" pos="113.08" lane="3/3to3/2_0" slope="0.00"/>
        <vehicle id="11" x="601.65" y="262.91" angle="180.00" type="DEFAULT_VEHTYPE" speed="12.75" pos="58.16" lane="3/1to3/2_0" slope="0.00"/>
        <vehicle id="12" x="505.58" y="198.35" angle="90.00" type="DEFAULT_VEHTYPE" speed="13.66" pos="100.83" lane="2/1to3/1_0" slope="0.00"/>
        <vehicle id="13" x="198.35" y="242.26" angle="0.00" type="DEFAULT_VEHTYPE" speed="13.05" pos="152.99" lane="1/2to1/1_0" slope="0.00"/>
        <vehicle id="14" x="435.35" y="198.35" angle="90.00" type="DEFAULT_VEHTYPE" speed="12.78" pos="30.60" lane="2/1to3/1_0" slope="0.00"/>
        <vehicle id="3" x="8.51" y="201.65" angle="-90.00" type="DEFAULT_VEHTYPE" speed="13.29" pos="186.74" lane="1/1to0/1_0" slope="0.00"/>
        <vehicle id="4" x="401.65" y="615.83" angle="180.00" type="DEFAULT_VEHTYPE" speed="8.85" pos="11.08" lane="2/3to2/4_0" slope="0.00"/>
        <vehicle id="5" x="614.09" y="201.65" angle="-90.00" type="DEFAULT_VEHTYPE" speed="7.07" pos="185.91" lane="4/1to3/1_0" slope="0.00"/>
        <vehicle id="7" x="438.01" y="401.65" angle="-90.00" type="DEFAULT_VEHTYPE" speed="13.01" pos="157.24" lane="3/2to2/2_0" slope="0.00"/>
        <vehicle id="8" x="201.65" y="350.98" angle="180.00" type="DEFAULT_VEHTYPE" speed="12.76" pos="146.23" lane="1/1to1/2_0" slope="0.00"/>
        <vehicle id="9" x="376.37" y="598.35" angle="90.00" type="DEFAULT_VEHTYPE" speed="11.51" pos="171.62" lane="1/3to2/3_0" slope="0.00"/>
    </timestep>
    <timestep time="91.00">
        <vehicle id="0" x="130.37" y="201.65" angle="-90.00" type="DEFAULT_VEHTYPE" speed="13.60" pos="64.88" lane="1/1to0/1_0" slope="0.00"/>
        <vehicle id="1" x="401.65" y="56.74" angle="180.00" type="DEFAULT_VEHTYPE" speed="13.45" pos="56.74" lane="2/0to2/1_0" slope="0.00"/>
        <vehicle id="10" x="598.35" y="468.80" angle="0.00" type="DEFAULT_VEHTYPE" speed="13.37" pos="126.45" lane="3/3to3/2_0" slope="0.00"/>
        <vehicle id="11" x="601.65" y="276.71" angle="180.00" type="DEFAULT_VEHTYPE" speed="13.80" pos="71.96" lane="3/1to3/2_0" slope="0.00"/>
        <vehicle id="12" x="518.21" y="198.35" angle="90.00" type="DEFAULT_VEHTYPE" speed="12.63" pos="113.46" lane="2/1to3/1_0" slope="0.00"/>
        <vehicle id="13" x="198.35" y="229.32" angle="0.00" type="DEFAULT_VEHTYPE" speed="12.94" pos="165.93" lane="1/2to1/1_0" slope="0.00"/>
        <vehicle id="14" x="448.04" y="198.35" angle="90.00" type="DEFAULT_VEHTYPE" speed="12.69" pos="43.29" lane="2/1to3/1_0" slope="0.00"/>
        <vehicle id="3" x="-0.51" y="198.69" angle="-23.81" type="DEFAULT_VEHTYPE" speed="12.72" pos="4.21" lane=":0/1_0_0" slope="0.00"/>
        <vehicle id="4" x="401.65" y="626.54" angle="180.00" type="DEFAULT_VEHTYPE" speed="10.71" pos="21.79" lane="2/3to2/4_0" slope="0.00"/>
        <vehicle id="5" x="610.06" y="201.65" angle="-90.00" type="DEFAULT_VEHTYPE" speed="4.03" pos="189.94" lane="4/1to3/1_0" slope="0.00"/>
        <vehicle id="7" x="425.31" y="401.65" angle="-90.00" type="DEFAULT_VEHTYPE" speed="12.70" pos="169.94" lane="3/2to2/2_0" slope="0.00"/>
        <vehicle id="8" x="201.65" y="364.65" angle="180.00" type="DEFAULT_VEHTYPE" speed="13.68" pos="159.90" lane="1/1to1/2_0" slope="0.00"/>
        <vehicle id="9" x="384.69" y="598.35" angle="90.00" type="DEFAULT_VEHTYPE" speed="8.32" pos="179.94" lane="1/3to2/3_0" slope="0.00"/>
    </timestep>
    <timestep time="92.00">
        <vehicle id="0" x="116.78" y="201.65" angle="-90.00" type="DEFAULT_VEHTYPE" speed="13.59" pos="78.47" lane="1/1to0/1_0" slope="0.00"/>
        <vehicle id="1" x="401.65" y="70.07" angle="180.00" type="DEFAULT_VEHTYPE" speed="13.33" pos="70.07" lane="2/0to2/1_0" slope="0.00"/>
        <vehicle id="10" x="598.35" y="456.02" angle="0.00" type="DEFAULT_VEHTYPE" speed="12.78" pos="139.23" lane="3/3to3/2_0" slope="0.00"/>
        <vehicle id="11" x="601.65" y="289.42" angle="180.00" type="DEFAULT_VEHTYPE" speed="12.71" pos="84.67" lane="3/1to3/2_0" slope="0.00"/>
        <vehicle id="12" x="531.30" y="198.35" angle="90.00" type="DEFAULT_VEHTYPE" speed="13.09" pos="126.55" lane="2/1to3/1_0" slope="0.00"/>
        <vehicle id="13" x="198.35" y="216.37" angle="0.00" type="DEFAULT_VEHTYPE" speed="12.94" pos="178.88" lane="1/2to1/1_0" slope="0.00"/>
        <vehicle id="14" x="460.87" y="198.35" angle="90.00" type="DEFAULT_VEHTYPE" speed="12.83" pos="56.12" lane="2/1to3/1_0" slope="0.00"/>
        <vehicle id="3" x="12.64" y="198.35" angle="90.00" type="DEFAULT_VEHTYPE" speed="13.26" pos="12.64" lane="0/1to1/1_0" slope="0.00"/>
        <vehicle id="4" x="401.65" y="639.04" angle="180.00" type="DEFAULT_VEHTYPE" speed="12.50" pos="34.29" lane="2/3to2/4_0" slope="0.00"/>
        <vehicle id="5" x="603.45" y="201.83" angle="-92.08" type="DEFAULT_VEHTYPE" speed="6.62" pos="1.31" lane=":3/1_4_0" slope="0.00"/>
        <vehicle id="7" x="416.81" y="401.65" angle="-90.00" type="DEFAULT_VEHTYPE" speed="8.50" pos="178.44" lane="3/2to2/2_0" slope="0.00"/>
        <vehicle id="8" x="201.65" y="377.98" angle="180.00" type="DEFAULT_VEHTYPE" speed="13.33" pos="173.23" lane="1/1to1/2_0" slope="0.00"/>
        <vehicle id="9" x="389.59" y="598.35" angle="90.00" type="DEFAULT_VEHTYPE" speed="4.90" pos="184.84" lane="1/3to2/3_0" slope="0.00"/>
    </timestep>
    <timestep time="93.00">
        <vehicle id="0" x="103.52" y="201.65" angle="-90.00" type="DEFAULT_VEHTYPE" speed="13.26" pos="91.73" lane="1/1to0/1_0" slope="0.00"/>
        <vehicle id="1" x="401.65" y="83.66" angle="180.00" type="DEFAULT_VEHTYPE" speed="13.58" pos="83.66" lane="2/0to2/1_0" slope="0.00"/>
        <vehicle id="10" x="598.35" y="442.88" angle="0.00" type="DEFAULT_VEHTYPE" speed="13.14" pos="152.37" lane="3/3to3/2_0" slope="0.00"/>
        <vehicle id="11" x="601.65" y="302.17" angle="180.00" type="DEFAULT_VEHTYPE" speed="12.74" pos="97.42" lane="3/1to3/2_0" slope="0.00"/>
        <vehicle id="12" x="544.44" y="198.35" angle="90.00" type="DEFAULT_VEHTYPE" speed="13.15" pos="139.69" lane="2/1to3/1_0" slope="0.00"/>
        <vehicle id="13" x="197.87" y="202.91" angle="-5.58" type="DEFAULT_VEHTYPE" speed="13.55" pos="1.93" lane=":1/1_0_0" slope="0.00"/>
        <vehicle id="14" x="473.54" y="198.35" angle="90.00" type="DEFAULT_VEHTYPE" speed="12.67" pos="68.79" lane="2/1to3/1_0" slope="0.00"/>
        <vehicle id="3" x="25.65" y="198.35" angle="90.00" type="DEFAULT_VEHTYPE" speed="13.01" pos="25.65" lane="0/1to1/1_0" slope="0.00"/>
        <vehicle id="4" x="401.65" y="652.73" angle="180.00" type="DEFAULT_VEHTYPE" speed="13.69" pos="47.98" lane="2/3to2/4_0" slope="0.00"/>
        <vehicle id="5" x="601.65" y="209.01" angle="-178.83" type="DEFAULT_VEHTYPE" speed="7.95" pos="4.26" lane="3/1to3/2_0" slope="0.00"/>
        <vehicle id="7" x="411.57" y="401.65" angle="-90.00" type="DEFAULT_VEHTYPE" speed="5.24" pos="183.68" lane="3/2to2/2_0" slope="0.00"/>
        <vehicle id="8" x="201.65" y="390.70" angle="180.00" type="DEFAULT_VEHTYPE" speed="12.72" pos="185.95" lane="1/1to1/2_0" slope="0.00"/>
        <vehicle id="9" x="396.21" y="598.49" angle="91.58" type="DEFAULT_VEHTYPE" speed="6.63" pos="0.97" lane=":2/3_14_0" slope="0.00"/>
    </timestep>
    <timestep time="94.00">
        <vehicle id="0" x="90.38" y="201.65" angle="-90.00" type="DEFAULT_VEHTYPE" speed="13.14" pos="104.87" lane="1/1to0/1_0" slope="0.00"/>
        <vehicle id="1" x="401.65" y="96.69" angle="180.00" type="DEFAULT_VEHTYPE" speed="13.03" pos="96.69" lane="2/0to2/1_0" slope="0.00"/>
        <vehicle id="10" x="598.35" y="429.04" angle="0.00" type="DEFAULT_VEHTYPE" speed="13.84" pos="166.21" lane="3/3to3/2_0" slope="0.00"/>
        <vehicle id="11" x="601.65" y="315.93" angle="180.00" type="DEFAULT_VEHTYPE" speed="13.76" pos="111.18" lane="3/1to3/2_0" slope="0.00"/>
        <vehicle id="12" x="557.54" y="198.35" angle="90.00" type="DEFAULT_VEHTYPE" speed="13.09" pos="152.79" lane="2/1to3/1_0" slope="0.00"/>
        <vehicle id="13" x="185.03" y="201.65" angle="-90.00" type="DEFAULT_VEHTYPE" speed="13.29" pos="10.22" lane="1/1to0/1_0" slope="0.00"/>
        <vehicle id="14" x="486.99" y="198.35" angle="90.00" type="DEFAULT_VEHTYPE" speed="13.45" pos="82.24" lane="2/1to3/1_0" slope="0.00"/>
        <vehicle id="3" x="39.33" y="198.35" angle="90.00" type="DEFAULT_VEHTYPE" speed="13.68" pos="39.33" lane="0/1to1/1_0" slope="0.00"/>
        <vehicle id="4" x="401.65" y="666.50" angle="180.00" type="DEFAULT_VEHTYPE" speed="13.77" pos="61.75" lane="2/3to2/4_0" slope="0.00"/>
        <vehicle id="5" x="601.65" y="219.39" angle="180.00" type="DEFAULT_VEHTYPE" speed="10.38" pos="14.64" lane="3/1to3/2_0" slope="0.00"/>
        <vehicle id="7" x="404.26" y="401.65" angle="-90.00" type="DEFAULT_VEHTYPE" speed="7.31" pos="0.49" lane=":2/2_5_0" slope="0.00"/>
        <vehicle id="8" x="208.59" y="398.35" angle="91.84" type="DEFAULT_VEHTYPE" speed="13.40" pos="3.84" lane="1/2to2/2_0" slope="0.00"/>
        <vehicle id="9" x="401.50" y="603.68" angle="151.96" type="DEFAULT_VEHTYPE" speed="8.27" pos="9.24" lane=":2/3_14_0" slope="0.00"/>
    </timestep>
    <timestep time="95.00">
        <vehicle id="0" x="76.95" y="201.65" angle="-90.00" type="DEFAULT_VEHTYPE" speed="13.44" pos="118.30" lane="1/1to0/1_0" slope="0.00"/>
        <vehicle id="1" x="401.65" y="109.61" angle="180.00" type="DEFAULT_VEHTYPE" speed="12.93" pos="109.61" lane="2/0to2/1_0" slope="0.00"/>
        <vehicle id="10" x="598.35" y="415.36" angle="0.00" type="DEFAULT_VEHTYPE" speed="13.68" pos="179.89" lane="3/3to3/2_0" slope="0.00"/>
        <vehicle id="11" x="601.65" y="329.36" angle="180.00" type="DEFAULT_VEHTYPE" speed="13.43" pos="124.61" lane="3/1to3/2_0" slope="0.00"/>
        <vehicle id="12" x="570.74" y="198.35" angle="90.00" type="DEFAULT_VEHTYPE" speed="13.20" pos="165.99" lane="2/1to3/1_0" slope="0.00"/>
        <vehicle id="13" x="172.33" y="201.65" angle="-90.00" type="DEFAULT_VEHTYPE" speed="12.70" pos="22.92" lane="1/1to0/1_0" slope="0.00"/>
        <vehicle id="14" x="500.08" y="198.35" angle="90.00" type="DEFAULT_VEHTYPE" speed="13.09" pos="95.33" lane="2/1to3/1_0" slope="0.00"/>
        <vehicle id="3" x="52.43" y="198.35" angle="90.00" type="DEFAULT_VEHTYPE" speed="13.10" pos="52.43" lane="0/1to1/1_0" slope="0.00"/>
        <vehicle id="4" x="401.65" y="679.78" angle="180.00" type="DEFAULT_VEHTYPE" speed="13.28" pos="75.03" lane="2/3to2/4_0" slope="0.00"/>
        <vehicle id="5" x="601.65" y="232.00" angle="180.00" type="DEFAULT_VEHTYPE" speed="12.61" pos="27.25" lane="3/1to3/2_0" slope="0.00"/>
        <vehicle id="7" x="394.82" y="401.65" angle="-90.00" type="DEFAULT_VEHTYPE" speed="9.43" pos="0.43" lane="2/2to1/2_0" slope="0.00"/>
        <vehicle id="8" x="222.40" y="398.35" angle="90.00" type="DEFAULT_VEHTYPE" speed="13.80" pos="17.65" lane="1/2to2/2_0" slope="0.00"/>
        <vehicle id="9" x="401.65" y="613.46" angle="180.00" type="DEFAULT_VEHTYPE" speed="9.79" pos="8.71" lane="2/3to2/4_0" slope="0.00"/>
    </timestep>
    <timestep time="96.00">
        <vehicle id="0" x="63.77" y="201.65" angle="-90.00" type="DEFAULT_VEHTYPE" speed="13.17" pos="131.48" lane="1/1to0/1_0" slope="0.00"/>
        <vehicle id="1" x="401.65" y="122.92" angle="180.00" type="DEFAULT_VEHTYPE" speed="13.31" pos="122.92" lane="2/0to2/1_0" slope="0.00"/>
        <vehicle id="10" x="597.76" y="402.73" angle="-6.84" type="DEFAULT_VEHTYPE" speed="12.75" pos="2.14" lane=":3/2_0_0" slope="0.00"/>
        <vehicle id="11" x="601.65" y="342.23" angle="180.00" type="DEFAULT_VEHTYPE" speed="12.87" pos="137.48" lane="3/1to3/2_0" slope="0.00"/>
        <vehicle id="12" x="581.00" y="198.35" angle="90.00" type="DEFAULT_VEHTYPE" speed="10.27" pos="176.25" lane="2/1to3/1_0" slope="0.00"/>
        <vehicle id="13" x="159.27" y="201.65" angle="-90.00" type="DEFAULT_VEHTYPE" speed="13.06" pos="35.98" lane="1/1to0/1_0" slope="0.00"/>
        <vehicle id="14" x="513.95" y="198.35" angle="90.00" type="DEFAULT_VEHTYPE" speed="13.86" pos="109.20" lane="2/1to3/1_0" slope="0.00"/>
        <vehicle id="3" x="65.36" y="198.35" angle="90.00" type="DEFAULT_VEHTYPE" speed="12.93" pos="65.36" lane="0/1to1/1_0" slope="0.00"/>
        <vehicle id="4" x="401.65" y="692.52" angle="180.00" type="DEFAULT_VEHTYPE" speed="12.74" pos="87.77" lane="2/3to2/4_0" slope="0.00"/>
        <vehicle id="5" x="601.65" y="244.73" angle="180.00" type="DEFAULT_VEHTYPE" speed="12.72" pos="39.98" lane="3/1to3/2_0" slope="0.00"/>
        <vehicle id="7" x="383.29" y="401.65" angle="-90.00" type="DEFAULT_VEHTYPE" speed="11.54" pos="11.96" lane="2/2to1/2_0" slope="0.00"/>
        <vehicle id="8" x="235.26" y="398.35" angle="90.00" type="DEFAULT_VEHTYPE" speed="12.87" pos="30.51" lane="1/2to2/2_0" slope="0.00"/>
        <vehicle id="9" x="401.65" y="625.20" angle="180.00" type="DEFAULT_VEHTYPE" speed="11.74" pos="20.45" lane="2/3to2/4_0" slope="0.00"/>
    </timestep>
    <timestep time="97.00">
        <vehicle id="0" x="51.12" y="201.65" angle="-90.00" type="DEFAULT_VEHTYPE" speed="12.65" pos="144.13" lane="1/1to0/1_0" slope="0.00"/>
        <vehicle id="1" x="401.65" y="136.73" angle="180.00" type="DEFAULT_VEHTYPE" speed="13.80" pos="136.73" lane="2/0to2/1_0" slope="0.00"/>
        <vehicle id="10" x="584.91" y="401.65" angle="-90.00" type="DEFAULT_VEHTYPE" speed="13.19" pos="10.34" lane="3/2to2/2_0" slope="0.00"/>
        <vehicle id="11" x="601.65" y="355.35" angle="180.00" type="DEFAULT_VEHTYPE" speed="13.12" pos="150.60" lane="3/1to3/2_0" slope="0.00"/>
        <vehicle id="12" x="587.60" y="198.35" angle="90.00" type="DEFAULT_VEHTYPE" speed="6.60" pos="182.85" lane="2/1to3/1_0" slope="0.00"/>
        <vehicle id="13" x="146.28" y="201.65" angle="-90.00" type="DEFAULT_VEHTYPE" speed="12.98" pos="48.97" lane="1/1to0/1_0" slope="0.00"/>
        <vehicle id="14" x="527.64" y="198.35" angle="90.00" type="DEFAULT_VEHTYPE" speed="13.69" pos="122.89" lane="2/1to3/1_0" slope="0.00"/>
        <vehicle id="3" x="79.14" y="198.35" angle="90.00" type="DEFAULT_VEHTYPE" speed="13.78" pos="79.14" lane="0/1to1/1_0" slope="0.00"/>
        <vehicle id="4" x="401.65" y="706.16" angle="180.00" type="DEFAULT_VEHTYPE" speed="13.64" pos="101.41" lane="2/3to2/4_0" slope="0.00"/>
        <vehicle id="5" x="601.65" y="257.97" angle="180.00" type="DEFAULT_VEHTYPE" speed="13.25" pos="53.22" lane="3/1to3/2_0" slope="0.00"/>
        <vehicle id="7" x="370.33" y="401.65" angle="-90.00" type="DEFAULT_VEHTYPE" speed="12.96" pos="24.92" lane="2/2to1/2_0" slope="0.00"/>
        <vehicle id="8" x="248.50" y="398.35" angle="90.00" type="DEFAULT_VEHTYPE" speed="13.24" pos="43.75" lane="1/2to2/2_0" slope="0.00"/>
        <vehicle id="9" x="401.65" y="638.95" angle="180.00" type="DEFAULT_VEHTYPE" speed="13.75" pos="34.20" lane="2/3to2/4_0" slope="0.00"/>
    </timestep>
    <timestep time="98.00">
        <vehicle id="0" x="37.78" y="201.65" angle="-90.00" type="DEFAULT_VEHTYPE" speed="13.34" pos="157.47" lane="1/1to0/1_0" slope="0.00"/>
        <vehicle id="1" x="401.65" y="149.70" angle="180.00" type="DEFAULT_VEHTYPE" speed="12.97" pos="149.70" lane="2/0to2/1_0" slope="0.00"/>
        <vehicle id="10" x="571.37" y="401.65" angle="-90.00" type="DEFAULT_VEHTYPE" speed="13.54" pos="23.88" lane="3/2to2/2_0" slope="0.00"/>
        <vehicle id="11" x="601.65" y="368.77" angle="180.00" type="DEFAULT_VEHTYPE" speed="13.42" pos="164.02" lane="3/1to3/2_0" slope="0.00"/>
        <vehicle id="12" x="590.39" y="198.35" angle="90.00" type="DEFAULT_VEHTYPE" speed="2.79" pos="185.64" lane="2/1to3/1_0" slope="0.00"/>
        <vehicle id="13" x="132.71" y="201.65" angle="-90.00" type="DEFAULT_VEHTYPE" speed="13.58" pos="62.54" lane="1/1to0/1_0" slope="0.00"/>
        <vehicle id="14" x="541.07" y="198.35" angle="90.00" type="DEFAULT_VEHTYPE" speed="13.43" pos="136.32" lane="2/1to3/1_0" slope="0.00"/>
        <vehicle id="3" x="92.87" y="198.35" angle="90.00" type="DEFAULT_VEHTYPE" speed="13.73" pos="92.87" lane="0/1to1/1_0" slope="0.00"/>
        <vehicle id="4" x="401.65" y="719.73" angle="180.00" type="DEFAULT_VEHTYPE" speed="13.58" pos="114.98" lane="2/3to2/4_0" slope="0.00"/>
        <vehicle id="5" x="601.65" y="271.42" angle="180.00" type="DEFAULT_VEHTYPE" speed="13.45" pos="66.67" lane="3/1to3/2_0" slope="0.00"/>
        <vehicle id="7" x="357.13" y="401.65" angle="-90.00" type="DEFAULT_VEHTYPE" speed="13.20" pos="38.12" lane="2/2to1/2_0" slope="0.00"/>
        <vehicle id="8" x="262.34" y="398.35" angle="90.00" type="DEFAULT_VEHTYPE" speed="13.83" pos="57.59" lane="1/2to2/2_0" slope="0.00"/>
        <vehicle id="9" x="401.65" y="652.46" angle="180.00" type="DEFAULT_VEHTYPE" speed="13.51" pos="47.71" lane="2/3to2/4_0" slope="0.00"/>
    </timestep>
    <timestep time="99.00">
        <vehicle id="0" x="23.95" y="201.65" angle="-90.00" type="DEFAULT_VEHTYPE" speed="13.83" pos="171.30" lane="1/1to0/1_0" slope="0.00"/>
        <vehicle id="1" x="401.65" y="162.65" angle="180.00" type="DEFAULT_VEHTYPE" speed="12.96" pos="162.65" lane="2/0to2/1_0" slope="0.00"/>
        <vehicle id="10" x="558.01" y="401.65" angle="-90.00" type="DEFAULT_VEHTYPE" speed="13.37" pos="37.24" lane="3/2to2/2_0" slope="0.00"/>
        <vehicle id="11" x="601.65" y="378.87" angle="180.00" type="DEFAULT_VEHTYPE" speed="10.10" pos="174.12" lane="3/1to3/2_0" slope="0.00"/>
        <vehicle id="12" x="594.71" y="198.35" angle="90.00" type="DEFAULT_VEHTYPE" speed="4.32" pos="189.96" lane="2/1to3/1_0" slope="0.00"/>
        <vehicle id="13" x="118.92" y="201.65" angle="-90.00" type="DEFAULT_VEHTYPE" speed="13.79" pos="76.33" lane="1/1to0/1_0" slope="0.00"/>
        <vehicle id="14" x="554.07" y="198.35" angle="90.00" type="DEFAULT_VEHTYPE" speed="12.99" pos="149.32" lane="2/1to3/1_0" slope="0.00"/>
        <vehicle id="3" x="106.72" y="198.35" angle="90.00" type="DEFAULT_VEHTYPE" speed="13.86" pos="106.72" lane="0/1to1/1_0" slope="0.00"/>
        <vehicle id="4" x="401.65" y="733.38" angle="180.00" type="DEFAULT_VEHTYPE" speed="13.65" pos="128.63" lane="2/3to2/4_0" slope="0.00"/>
        <vehicle id="5" x="601.65" y="284.66" angle="180.00" type="DEFAULT_VEHTYPE" speed="13.24" pos="79.91" lane="3/1to3/2_0" slope="0.00"/>
        <vehicle id="7" x="344.06" y="401.65" angle="-90.00" type="DEFAULT_VEHTYPE" speed="13.07" pos="51.19" lane="2/2to1/2_0" slope="0.00"/>
        <vehicle id="8" x="275.88" y="398.35" angle="90.00" type="DEFAULT_VEHTYPE" speed="13.55" pos="71.13" lane="1/2to2/2_0" slope="0.00"/>
        <vehicle id="9" x="401.65" y="665.95" angle="180.00" type="DEFAULT_VEHTYPE" speed="13.50" pos="61.20" lane="2/3to2/4_0" slope="0.00"/>
    </timestep>
    <timestep time="100.00">
        <vehicle id="0" x="10.74" y="201.65" angle="-90.00" type="DEFAULT_VEHTYPE" speed="13.21" pos="184.51" lane="1/1to0/1_0" slope="0.00"/>
        <vehicle id="1" x="401.65" y="176.46" angle="180.00" type="DEFAULT_VEHTYPE" speed="13.80" pos="176.46" lane="2/0to2/1_0" slope="0.00"/>
        <vehicle id="10" x="544.19" y="401.65" angle="-90.00" type="DEFAULT_VEHTYPE" speed="13.82" pos="51.06" lane="3/2to2/2_0" slope="0.00"/>
        <vehicle id="11" x="601.65" y="385.81" angle="180.00" type="DEFAULT_VEHTYPE" speed="6.94" pos="181.06" lane="3/1to3/2_0" slope="0.00"/>
        <vehicle id="12" x="600.54" y="200.77" angle="118.38" type="DEFAULT_VEHTYPE" speed="6.66" pos="6.12" lane=":3/1_14_0" slope="0.00"/>
        <vehicle id="13" x="106.14" y="201.65" angle="-90.00" type="DEFAULT_VEHTYPE" speed="12.77" pos="89.11" lane="1/1to0/1_0" slope="0.00"/>
        <vehicle id="14" x="567.25" y="198.35" angle="90.00" type="DEFAULT_VEHTYPE" speed="13.18" pos="162.50" lane="2/1to3/1_0" slope="0.00"/>
        <vehicle id="3" x="119.82" y="198.35" angle="90.00" type="DEFAULT_VEHTYPE" speed="13.09" pos="119.82" lane="0/1to1/1_0" slope="0.00"/>
        <vehicle id="4" x="401.65" y="746.98" angle="180.00" type="DEFAULT_VEHTYPE" speed="13.60" pos="142.23" lane="2/3to2/4_0" slope="0.00"/>
        <vehicle id="5" x="601.65" y="298.21" angle="180.00" type="DEFAULT_VEHTYPE" speed="13.56" pos="93.46" lane="3/1to3/2_0" slope="0.00"/>
        <vehicle id="7" x="330.72" y="401.65" angle="-90.00" type="DEFAULT_VEHTYPE" speed="13.34" pos="64.53" lane="2/2to1/2_0" slope="0.00"/>
        <vehicle id="8" x="289.70" y="398.35" angle="90.00" type="DEFAULT_VEHTYPE" speed="13.82" pos="84.95" lane="1/2to2/2_0" slope="0.00"/>
        <vehicle id="9" x="401.65" y="678.66" angle="180.00" type="DEFAULT_VEHTYPE" speed="12.71" pos="73.91" lane="2/3to2/4_0" slope="0.00"/>
    </timestep>
    <timestep time="101.00">
        <vehicle id="0" x="-1.41" y="200.48" angle="-75.60" type="DEFAULT_VEHTYPE" speed="12.61" pos="1.87" lane=":0/1_0_0" slope="0.00"/>
        <vehicle id="1" x="401.65" y="190.32" angle="180.00" type="DEFAULT_VEHTYPE" speed="13.86" pos="190.32" lane="2/0to2/1_0" slope="0.00"/>
        <vehicle id="10" x="530.69" y="401.65" angle="-90.00" type="DEFAULT_VEHTYPE" speed="13.50" pos="64.56" lane="3/2to2/2_0" slope="0.00"/>
        <vehicle id="11" x="601.65" y="390.12" angle="180.00" type="DEFAULT_VEHTYPE" speed="4.31" pos="185.37" lane="3/1to3/2_0" slope="0.00"/>
        <vehicle id="12" x="601.65" y="208.84" angle="178.51" type="DEFAULT_VEHTYPE" speed="8.29" pos="4.09" lane="3/1to3/2_0" slope="0.00"/>
        <vehicle id="13" x="92.83" y="201.65" angle="-90.00" type="DEFAULT_VEHTYPE" speed="13.31" pos="102.42" lane="1/1to0/1_0" slope="0.00"/>
        <vehicle id="14" x="577.72" y="198.35" angle="90.00" type="DEFAULT_VEHTYPE" speed="10.47" pos="172.97" lane="2/1to3/1_0" slope="0.00"/>
        <vehicle id="3" x="132.65" y="198.35" angle="90.00" type="DEFAULT_VEHTYPE" speed="12.83" pos="132.65" lane="0/1to1/1_0" slope="0.00"/>
        <vehicle id="4" x="401.65" y="760.52" angle="180.00" type="DEFAULT_VEHTYPE" speed="13.53" pos="155.77" lane="2/3to2/4_0" slope="0.00"/>
        <vehicle id="5" x="601.65" y="311.37" angle="180.00" type="DEFAULT_VEHTYPE" speed="13.16" pos="106.62" lane="3/1to3/2_0" slope="0.00"/>
        <vehicle id="7" x="317.46" y="401.65" angle="-90.00" type="DEFAULT_VEHTYPE" speed="13.26" pos="77.79" lane="2/2to1/2_0" slope="0.00"/>
        <vehicle id="8" x="303.56" y="398.35" angle="90.00" type="DEFAULT_VEHTYPE" speed="13.85" pos="98.81" lane="1/2to2/2_0" slope="0.00"/>
        <vehicle id="9" x="401.65" y="692.47" angle="180.00" type="DEFAULT_VEHTYPE" speed="13.81" pos="87.72" lane="2/3to2/4_0" slope="0.00"/>
    </timestep>
    <timestep time="102.00">
        <vehicle id="0" x="10.94" y="198.35" angle="90.00" type="DEFAULT_VEHTYPE" speed="13.89" pos="10.94" lane="0/1to1/1_0" slope="0.00"/>
        <vehicle id="1" x="408.19" y="198.35" angle="93.31" type="DEFAULT_VEHTYPE" speed="13.37" pos="3.44" lane="2/1to3/1_0" slope="0.00"/>
        <vehicle id="10" x="518.03" y="401.65" angle="-90.00" type="DEFAULT_VEHTYPE" speed="12.66" pos="77.22" lane="3/2to2/2_0" slope="0.00"/>
        <vehicle id="11" x="601.51" y="396.21" angle="-178.43" type="DEFAULT_VEHTYPE" speed="6.09" pos="0.97" lane=":3/2_10_0" slope="0.00"/>
        <vehicle id="12" x="601.65" y="218.60" angle="180.00" type="DEFAULT_VEHTYPE" speed="9.76" pos="13.85" lane="3/1to3/2_0" slope="0.00"/>
        <vehicle id="13" x="79.09" y="201.65" angle="-90.00" type="DEFAULT_VEHTYPE" speed="13.74" pos="116.16" lane="1/1to0/1_0" slope="0.00"/>
        <vehicle id="14" x="585.67" y="198.35" angle="90.00" type="DEFAULT_VEHTYPE" speed="7.95" pos="180.92" lane="2/1to3/1_0" slope="0.00"/>
        <vehicle id="3" x="146.25" y="198.35" angle="90.00" type="DEFAULT_VEHTYPE" speed="13.60" pos="146.25" lane="0/1to1/1_0" slope="0.00"/>
        <vehicle id="4" x="401.65" y="774.16" angle="180.00" type="DEFAULT_VEHTYPE" speed="13.64" pos="169.41" lane="2/3to2/4_0" slope="0.00"/>
        <vehicle id="5" x="601.65" y="324.91" angle="180.00" type="DEFAULT_VEHTYPE" speed="13.54" pos="120.16" lane="3/1to3/2_0" slope="0.00"/>
        <vehicle id="7" x="304.80" y="401.65" angle="-90.00" type="DEFAULT_VEHTYPE" speed="12.66" pos="90.45" lane="2/2to1/2_0" slope="0.00"/>
        <vehicle id="8" x="316.48" y="398.35" angle="90.00" type="DEFAULT_VEHTYPE" speed="12.93" pos="111.73" lane="1/2to2/2_0" slope="0.00"/>
        <vehicle id="9" x="401.65" y="705.60" angle="180.00" type="DEFAULT_VEHTYPE" speed="13.13" pos="100.85" lane="2/3to2/4_0" slope="0.00"/>
    </timestep>
    <timestep time="103.00">
        <vehicle id="0" x="24.02" y="198.35" angle="90.00" type="DEFAULT_VEHTYPE" speed="13.07" pos="24.02" lane="0/1to1/1_0" slope="0.00"/>
        <vehicle id="1" x="421.23" y="198.35" angle="90.00" type="DEFAULT_VEHTYPE" speed="13.03" pos="16.48" lane="2/1to3/1_0" slope="0.00"/>
        <vehicle id="10" x="504.50" y="401.65" angle="-90.00" type="DEFAULT_VEHTYPE" speed="13.53" pos="90.75" lane="3/2to2/2_0" slope="0.00"/>
        <vehicle id="11" x="596.69" y="401.44" angle="-121.86" type="DEFAULT_VEHTYPE" speed="7.90" pos="1.73" lane=":3/2_18_0" slope="0.00"/>
        <vehicle id="12" x="601.65" y="230.04" angle="180.00" type="DEFAULT_VEHTYPE" speed="11.44" pos="25.29" lane="3/1to3/2_0" slope="0.00"/>
        <vehicle id="13" x="66.09" y="201.65" angle="-90.00" type="DEFAULT_VEHTYPE" speed="13.01" pos="129.16" lane="1/1to0/1_0" slope="0.00"/>
        <vehicle id="14" x="590.30" y="198.35" angle="90.00" type="DEFAULT_VEHTYPE" speed="4.63" pos="185.55" lane="2/1to3/1_0" slope="0.00"/>
        <vehicle id="3" x="159.99" y="198.35" angle="90.00" type="DEFAULT_VEHTYPE" speed="13.74" pos="159.99" lane="0/1to1/1_0" slope="0.00"/>
        <vehicle id="4" x="401.65" y="787.28" angle="180.00" type="DEFAULT_VEHTYPE" speed="13.13" pos="182.53" lane="2/3to2/4_0" slope="0.00"/>
        <vehicle id="5" x="601.65" y="337.86" angle="180.00" type="DEFAULT_VEHTYPE" speed="12.95" pos="133.11" lane="3/1to3/2_0" slope="0.00"/>
        <vehicle id="7" x="292.14" y="401.65" angle="-90.00" type="DEFAULT_VEHTYPE" speed="12.66" pos="103.11" lane="2/2to1/2_0" slope="0.00"/>
        <vehicle id="8" x="329.21" y="398.35" angle="90.00" type="DEFAULT_VEHTYPE" speed="12.73" pos="124.46" lane="1/2to2/2_0" slope="0.00"/>
        <vehicle id="9" x="401.65" y="718.79" angle="180.00" type="DEFAULT_VEHTYPE" speed="13.19" pos="114.04" lane="2/3to2/4_0" slope="0.00"/>
    </timestep>
    <timestep time="104.00">
        <vehicle id="0" x="37.32" y="198.35" angle="90.00" type="DEFAULT_VEHTYPE" speed="13.30" pos="37.32" lane="0/1to1/1_0" slope="0.00"/>
        <vehicle id="1" x="433.90" y="198.35" angle="90.00" type="DEFAULT_VEHTYPE" speed="12.68" pos="29.15" lane="2/1to3/1_0" slope="0.00"/>
        <vehicle id="10" x="491.44" y="401.65" angle="-90.00" type="DEFAULT_VEHTYPE" speed="13.06" pos="103.81" lane="3/2to2/2_0" slope="0.00"/>
        <vehicle id="11" x="586.72" y="401.65" angle="-90.00" type="DEFAULT_VEHTYPE" speed="9.98" pos="8.53" lane="3/2to2/2_0" slope="0.00"/>
        <vehicle id="12" x="601.65" y="242.64" angle="180.00" type="DEFAULT_VEHTYPE" speed="12.60" pos="37.89" lane="3/1to3/2_0" slope="0.00"/>
        <vehicle id="13" x="53.08" y="201.65" angle="-90.00" type="DEFAULT_VEHTYPE" speed="13.01" pos="142.17" lane="1/1to0/1_0" slope="0.00"/>
        <vehicle id="14" x="597.26" y="198.64" angle="93.29" type="DEFAULT_VEHTYPE" speed="6.98" pos="2.03" lane=":3/1_14_0" slope="0.00"/>
        <vehicle id="3" x="173.61" y="198.35" angle="90.00" type="DEFAULT_VEHTYPE" speed="13.62" pos="173.61" lane="0/1to1/1_0" slope="0.00"/>
        <vehicle id="4" x="401.15" y="800.76" angle="-174.07" type="DEFAULT_VEHTYPE" speed="13.63" pos="0.91" lane=":2/4_0_0" slope="0.00"/>
        <vehicle id="5" x="601.65" y="351.06" angle="180.00" type="DEFAULT_VEHTYPE" speed="13.20" pos="146.31" lane="3/1to3/2_0" slope="0.00"/>
        <vehicle id="7" x="279.36" y="401.65" angle="-90.00" type="DEFAULT_VEHTYPE" speed="12.77" pos="115.89" lane="2/2to1/2_0" slope="0.00"/>
        <vehicle id="8" x="342.47" y="398.35" angle="90.00" type="DEFAULT_VEHTYPE" speed="13.25" pos="137.72" lane="1/2to2/2_0" slope="0.00"/>
        <vehicle id="9" x="401.65" y="731.92" angle="180.00" type="DEFAULT_VEHTYPE" speed="13.13" pos="127.17" lane="2/3to2/4_0" slope="0.00"/>
    </timestep>
    <timestep time="105.00">
        <vehicle id="0" x="51.05" y="198.35" angle="90.00" type="DEFAULT_VEHTYPE" speed="13.73" pos="51.05" lane="0/1to1/1_0" slope="0.00"/>
        <vehicle id="1" x="447.42" y="198.35" angle="90.00" type="DEFAULT_VEHTYPE" speed="13.52" pos="42.67" lane="2/1to3/1_0" slope="0.00"/>
        <vehicle id="10" x="478.58" y="401.65" angle="-90.00" type="DEFAULT_VEHTYPE" speed="12.86" pos="116.67" lane="3/2to2/2_0" slope="0.00"/>
        <vehicle id="11" x="574.85" y="401.65" angle="-90.00" type="DEFAULT_VEHTYPE" speed="11.87" pos="20.40" lane="3/2to2/2_0" slope="0.00"/>
        <vehicle id="12" x="601.65" y="256.18" angle="180.00" type="DEFAULT_VEHTYPE" speed="13.54" pos="51.43" lane="3/1to3/2_0" slope="0.00"/>
        <vehicle id="13" x="40.34" y="201.65" angle="-90.00" type="DEFAULT_VEHTYPE" speed="12.74" pos="154.91" lane="1/1to0/1_0" slope="0.00"/>
        <vehicle id="14" x="601.65" y="204.80" angle="162.29" type="DEFAULT_VEHTYPE" speed="8.35" pos="0.05" lane="3/1to3/2_0" slope="0.00"/>
        <vehicle id="3" x="187.30" y="198.35" angle="90.00" type="DEFAULT_VEHTYPE" speed="13.69" pos="187.30" lane="0/1to1/1_0" slope="0.00"/>
        <vehicle id="4" x="398.35" y="790.96" angle="0.00" type="DEFAULT_VEHTYPE" speed="12.95" pos="9.04" lane="2/4to2/3_0" slope="0.00"/>
        <vehicle id="5" x="601.65" y="364.55" angle="180.00" type="DEFAULT_VEHTYPE" speed="13.49" pos="159.80" lane="3/1to3/2_0" slope="0.00"/>
        <vehicle id="7" x="265.78" y="401.65" angle="-90.00" type="DEFAULT_VEHTYPE" speed="13.58" pos="129.47" lane="2/2to1/2_0" slope="0.00"/>
        <vehicle id="8" x="355.16" y="398.35" angle="90.00" type="DEFAULT_VEHTYPE" speed="12.69" pos="150.41" lane="1/2to2/2_0" slope="0.00"/>
        <vehicle id="9" x="401.65" y="745.06" angle="180.00" type="DEFAULT_VEHTYPE" speed="13.14" pos="140.31" lane="2/3to2/4_0" slope="0.00"/>
    </timestep>
    <timestep time="106.00">
        <vehicle id="0" x="63.79" y="198.35" angle="90.00" type="DEFAULT_VEHTYPE" speed="12.75" pos="63.79" lane="0/1to1/1_0" slope="0.00"/>
        <vehicle id="1" x="460.49" y="198.35" angle="90.00" type="DEFAULT_VEHTYPE" speed="13.07" pos="55.74" lane="2/1to3/1_0" slope="0.00"/>
        <vehicle id="10" x="465.19" y="401.65" angle="-90.00" type="DEFAULT_VEHTYPE" speed="13.40" pos="130.06" lane="3/2to2/2_0" slope="0.00"/>
        <vehicle id="11" x="561.25" y="401.65" angle="-90.00" type="DEFAULT_VEHTYPE" speed="13.59" pos="34.00" lane="3/2to2/2_0" slope="0.00"/>
        <vehicle id="12" x="601.65" y="269.66" angle="180.00" type="DEFAULT_VEHTYPE" speed="13.49" pos="64.91" lane="3/1to3/2_0" slope="0.00"/>
        <vehicle id="13" x="27.16" y="201.65" angle="-90.00" type="DEFAULT_VEHTYPE" speed="13.18" pos="168.09" lane="1/1to0/1_0" slope="0.00"/>
        <vehicle id="14" x="601.65" y="214.47" angle="180.00" type="DEFAULT_VEHTYPE" speed="9.66" pos="9.72" lane="3/1to3/2_0" slope="0.00"/>
        <vehicle id="4" x="398.35" y="777.40" angle="0.00" type="DEFAULT_VEHTYPE" speed="13.56" pos="22.60" lane="2/4to2/3_0" slope="0.00"/>
        <vehicle id="5" x="601.65" y="376.43" angle="180.00" type="DEFAULT_VEHTYPE" speed="11.88" pos="171.68" lane="3/1to3/2_0" slope="0.00"/>
        <vehicle id="7" x="251.93" y="401.65" angle="-90.00" type="DEFAULT_VEHTYPE" speed="13.86" pos="143.32" lane="2/2to1/2_0" slope="0.00"/>
        <vehicle id="8" x="368.85" y="398.35" angle="90.00" type="DEFAULT_VEHTYPE" speed="13.69" pos="164.10" lane="1/2to2/2_0" slope="0.00"/>
        <vehicle id="9" x="401.65" y="758.71" angle="180.00" type="DEFAULT_VEHTYPE" speed="13.65" pos="153.96" lane="2/3to2/4_0" slope="0.00"/>
    </timestep>
    <timestep time="107.00">
        <vehicle id="0" x="77.64" y="198.35" angle="90.00" type="DEFAULT_VEHTYPE" speed="13.85" pos="77.64" lane="0/1to1/1_0" slope="0.00"/>
        <vehicle id="1" x="473.34" y="198.35" angle="90.00" type="DEFAULT_VEHTYPE" speed="12.85" pos="68.59" lane="2/1to3/1_0" slope="0.00"/>
        <vehicle id="10" x="451.91" y="401.65" angle="-90.00" type="DEFAULT_VEHTYPE" speed="13.27" pos="143.34" lane="3/2to2/2_0" slope="0.00"/>
        <vehicle id="11" x="547.43" y="401.65" angle="-90.00" type="DEFAULT_VEHTYPE" speed="13.82" pos="47.82" lane="3/2to2/2_0" slope="0.00"/>
        <vehicle id="12" x="601.65" y="282.44" angle="180.00" type="DEFAULT_VEHTYPE" speed="12.77" pos="77.69" lane="3/1to3/2_0" slope="0.00"/>
        <vehicle id="13" x="14.00" y="201.65" angle="-90.00" type="DEFAULT_VEHTYPE" speed="13.15" pos="181.25" lane="1/1to0/1_0" slope="0.00"/>
        <vehicle id="14" x="601.65" y="225.49" angle="180.00" type="DEFAULT_VEHTYPE" speed="11.03" pos="20.74" lane="3/1to3/2_0" slope="0.00"/>
        <vehicle id="4" x="398.35" y="763.60" angle="0.00" type="DEFAULT_VEHTYPE" speed="13.80" pos="36.40" lane="2/4to2/3_0" slope="0.00"/>
        <vehicle id="5" x="601.65" y="384.67" angle="180.00" type="DEFAULT_VEHTYPE" speed="8.24" pos="179.92" lane="3/1to3/2_0" slope="0.00"/>
        <vehicle id="7" x="238.62" y="401.65" angle="-90.00" type="DEFAULT_VEHTYPE" speed="13.30" pos="156.63" lane="2/2to1/2_0" slope="0.00"/>
        <vehicle id="8" x="379.14" y="398.35" angle="90.00" type="DEFAULT_VEHTYPE" speed="10.28" pos="174.39" lane="1/2to2/2_0" slope="0.00"/>
        <vehicle id="9" x="401.65" y="772.57" angle="180.00" type="DEFAULT_VEHTYPE" speed="13.86" pos="167.82" lane="2/3to2/4_0" slope="0.00"/>
    </timestep>
    <timestep time="108.00">
        <vehicle id="0" x="91.22" y="198.35" angle="90.00" type="DEFAULT_VEHTYPE" speed="13.58" pos="91.22" lane="0/1to1/1_0" slope="0.00"/>
        <vehicle id="1" x="487.12" y="198.35" angle="90.00" type="DEFAULT_VEHTYPE" speed="13.78" pos="82.37" lane="2/1to3/1_0" slope="0.00"/>
        <vehicle id="10" x="438.75" y="401.65" angle="-90.00" type="DEFAULT_VEHTYPE" speed="13.16" pos="156.50" lane="3/2to2/2_0" slope="0.00"/>
        <vehicle id="11" x="533.67" y="401.65" angle="-90.00" type="DEFAULT_VEHTYPE" speed="13.76" pos="61.58" lane="3/2to2/2_0" slope="0.00"/>
        <vehicle id="12" x="601.65" y="295.62" angle="180.00" type="DEFAULT_VEHTYPE" speed="13.19" pos="90.87" lane="3/1to3/2_0" slope="0.00"/>
        <vehicle id="13" x="1.25" y="201.65" angle="-90.00" type="DEFAULT_VEHTYPE" speed="12.75" pos="194.00" lane="1/1to0/1_0" slope="0.00"/>
        <vehicle id="14" x="601.65" y="238.78" angle="180.00" type="DEFAULT_VEHTYPE" speed="13.29" pos="34.03" lane="3/1to3/2_0" slope="0.00"/>
        <vehicle id="4" x="398.35" y="750.11" angle="0.00" type="DEFAULT_VEHTYPE" speed="13.49" pos="49.89" lane="2/4to2/3_0" slope="0.00"/>
        <vehicle id="5" x="601.65" y="389.35" angle="180.00" type="DEFAULT_VEHTYPE" speed="4.68" pos="184.60" lane="3/1to3/2_0" slope="0.00"/>
        <vehicle id="7" x="225.85" y="401.65" angle="-90.00" type="DEFAULT_VEHTYPE" speed="12.78" pos="169.40" lane="2/2to1/2_0" slope="0.00"/>
        <vehicle id="8" x="386.30" y="398.35" angle="90.00" type="DEFAULT_VEHTYPE" speed="7.16" pos="181.55" lane="1/2to2/2_0" slope="0.00"/>
        <vehicle id="9" x="401.65" y="786.39" angle="180.00" type="DEFAULT_VEHTYPE" speed="13.82" pos="181.64" lane="2/3to2/4_0" slope="0.00"/>
    </timestep>
    <timestep time="109.00">
        <vehicle id="0" x="104.39" y="198.35" angle="90.00" type="DEFAULT_VEHTYPE" speed="13.17" pos="104.39" lane="0/1to1/1_0" slope="0.00"/>
        <vehicle id="1" x="500.65" y="198.35" angle="90.00" type="DEFAULT_VEHTYPE" speed="13.53" pos="95.90" lane="2/1to3/1_0" slope="0.00"/>
        <vehicle id="10" x="426.17" y="401.65" angle="-90.00" type="DEFAULT_VEHTYPE" speed="12.58" pos="169.08" lane="3/2to2/2_0" slope="0.00"/>
        <vehicle id="11" x="520.14" y="401.65" angle="-90.00" type="DEFAULT_VEHTYPE" speed="13.54" pos="75.11" lane="3/2to2/2_0" slope="0.00"/>
        <vehicle id="12" x="601.65" y="308.69" angle="180.00" type="DEFAULT_VEHTYPE" speed="13.06" pos="103.94" lane="3/1to3/2_0" slope="0.00"/>
        <vehicle id="13" x="7.01" y="198.35" angle="90.00" type="DEFAULT_VEHTYPE" speed="13.09" pos="7.01" lane="0/1to1/1_0" slope="0.00"/>
        <vehicle id="14" x="601.65" y="252.30" angle="180.00" type="DEFAULT_VEHTYPE" speed="13.52" pos="47.55" lane="3/1to3/2_0" slope="0.00"/>
        <vehicle id="4" x="398.35" y="737.24" angle="0.00" type="DEFAULT_VEHTYPE" speed="12.87" pos="62.76" lane="2/4to2/3_0" slope="0.00"/>
        <vehicle id="5" x="601.57" y="395.82" angle="-179.06" type="DEFAULT_VEHTYPE" speed="6.48" pos="0.58" lane=":3/2_10_0" slope="0.00"/>
        <vehicle id="7" x="217.41" y="401.65" angle="-90.00" type="DEFAULT_VEHTYPE" speed="8.43" pos="177.84" lane="2/2to1/2_0" slope="0.00"/>
        <vehicle id="8" x="390.38" y="398.35" angle="90.00" type="DEFAULT_VEHTYPE" speed="4.08" pos="185.63" lane="1/2to2/2_0" slope="0.00"/>
        <vehicle id="9" x="401.65" y="799.64" angle="180.00" type="DEFAULT_VEHTYPE" speed="13.25" pos="194.89" lane="2/3to2/4_0" slope="0.00"/>
    </timestep>
    <timestep time="110.00">
        <vehicle id="0" x="118.06" y="198.35" angle="90.00" type="DEFAULT_VEHTYPE" speed="13.67" pos="118.06" lane="0/1to1/1_0" slope="0.00"/>
        <vehicle id="1" x="513.30" y="198.35" angle="90.00" type="DEFAULT_VEHTYPE" speed="12.66" pos="108.55" lane="2/1to3/1_0" slope="0.00"/>
        <vehicle id="10" x="418.04" y="401.65" angle="-90.00" type="DEFAULT_VEHTYPE" speed="8.13" pos="177.21" lane="3/2to2/2_0" slope="0.00"/>
        <vehicle id="11" x="507.00" y="401.65" angle="-90.00" type="DEFAULT_VEHTYPE" speed="13.13" pos="88.25" lane="3/2to2/2_0" slope="0.00"/>
        <vehicle id="12" x="601.65" y="322.40" angle="180.00" type="DEFAULT_VEHTYPE" speed="13.71" pos="117.65" lane="3/1to3/2_0" slope="0.00"/>
        <vehicle id="13" x="20.73" y="198.35" angle="90.00" type="DEFAULT_VEHTYPE" speed="13.72" pos="20.73" lane="0/1to1/1_0" slope="0.00"/>
        <vehicle id="14" x="601.65" y="265.13" angle="180.00" type="DEFAULT_VEHTYPE" speed="12.83" pos="60.38" lane="3/1to3/2_0" slope="0.00"/>
        <vehicle id="4" x="398.35" y="723.38" angle="0.00" type="DEFAULT_VEHTYPE" speed="13.86" pos="76.62" lane="2/4to2/3_0" slope="0.00"/>
        <vehicle id="5" x="596.69" y="401.44" angle="-121.90" type="DEFAULT_VEHTYPE" speed="8.29" pos="1.72" lane=":3/2_18_0" slope="0.00"/>
        <vehicle id="7" x="211.36" y="401.65" angle="-90.00" type="DEFAULT_VEHTYPE" speed="6.05" pos="183.89" lane="2/2to1/2_0" slope="0.00"/>
        <vehicle id="8" x="396.55" y="398.17" angle="87.92" type="DEFAULT_VEHTYPE" speed="6.18" pos="1.31" lane=":2/2_12_0" slope="0.00"/>
        <vehicle id="9" x="398.35" y="792.08" angle="0.00" type="DEFAULT_VEHTYPE" speed="13.09" pos="7.92" lane="2/4to2/3_0" slope="0.00"/>
    </timestep>
    <timestep time="111.00">
        <vehicle id="0" x="131.92" y="198.35" angle="90.00" type="DEFAULT_VEHTYPE" speed="13.86" pos="131.92" lane="0/1to1/1_0" slope="0.00"/>
        <vehicle id="1" x="526.80" y="198.35" angle="90.00" type="DEFAULT_VEHTYPE" speed="13.49" pos="122.05" lane="2/1to3/1_0" slope="0.00"/>
        <vehicle id="10" x="411.95" y="401.65" angle="-90.00" type="DEFAULT_VEHTYPE" speed="6.09" pos="183.30" lane="3/2to2/2_0" slope="0.00"/>
        <vehicle id="11" x="493.35" y="401.65" angle="-90.00" type="DEFAULT_VEHTYPE" speed="13.66" pos="101.90" lane="3/2to2/2_0" slope="0.00"/>
        <vehicle id="12" x="601.65" y="336.22" angle="180.00" type="DEFAULT_VEHTYPE" speed="13.83" pos="131.47" lane="3/1to3/2_0" slope="0.00"/>
        <vehicle id="13" x="33.97" y="198.35" angle="90.00" type="DEFAULT_VEHTYPE" speed="13.24" pos="33.97" lane="0/1to1/1_0" slope="0.00"/>
        <vehicle id="14" x="601.65" y="277.81" angle="180.00" type="DEFAULT_VEHTYPE" speed="12.68" pos="73.06" lane="3/1to3/2_0" slope="0.00"/>
        <vehicle id="4" x="398.35" y="710.65" angle="0.00" type="DEFAULT_VEHTYPE" speed="12.73" pos="89.35" lane="2/4to2/3_0" slope="0.00"/>
        <vehicle id="5" x="587.05" y="401.65" angle="-90.00" type="DEFAULT_VEHTYPE" speed="9.65" pos="8.20" lane="3/2to2/2_0" slope="0.00"/>
        <vehicle id="7" x="202.99" y="401.40" angle="-87.11" type="DEFAULT_VEHTYPE" speed="8.39" pos="1.78" lane=":1/2_6_0" slope="0.00"/>
        <vehicle id="8" x="398.35" y="391.46" angle="1.93" type="DEFAULT_VEHTYPE" speed="7.48" pos="3.79" lane="2/2to2/1_0" slope="0.00"/>
        <vehicle id="9" x="398.35" y="778.68" angle="0.00" type="DEFAULT_VEHTYPE" speed="13.41" pos="21.32" lane="2/4to2/3_0" slope="0.00"/>
    </timestep>
    <timestep time="112.00">
        <vehicle id="0" x="145.76" y="198.35" angle="90.00" type="DEFAULT_VEHTYPE" speed="13.84" pos="145.76" lane="0/1to1/1_0" slope="0.00"/>
        <vehicle id="1" x="540.67" y="198.35" angle="90.00" type="DEFAULT_VEHTYPE" speed="13.88" pos="135.92" lane="2/1to3/1_0" slope="0.00"/>
        <vehicle id="10" x="409.24" y="401.65" angle="-90.00" type="DEFAULT_VEHTYPE" speed="2.71" pos="186.01" lane="3/2to2/2_0" slope="0.00"/>
        <vehicle id="11" x="480.66" y="401.65" angle="-90.00" type="DEFAULT_VEHTYPE" speed="12.69" pos="114.59" lane="3/2to2/2_0" slope="0.00"/>
        <vehicle id="12" x="601.65" y="349.74" angle="180.00" type="DEFAULT_VEHTYPE" speed="13.51" pos="144.99" lane="3/1to3/2_0" slope="0.00"/>
        <vehicle id="13" x="46.62" y="198.35" angle="90.00" type="DEFAULT_VEHTYPE" speed="12.65" pos="46.62" lane="0/1to1/1_0" slope="0.00"/>
        <vehicle id="14" x="601.65" y="290.88" angle="180.00" type="DEFAULT_VEHTYPE" speed="13.07" pos="86.13" lane="3/1to3/2_0" slope="0.00"/>
        <vehicle id="4" x="398.35" y="697.61" angle="0.00" type="DEFAULT_VEHTYPE" speed="13.04" pos="102.39" lane="2/4to2/3_0" slope="0.00"/>
        <vehicle id="5" x="575.09" y="401.65" angle="-90.00" type="DEFAULT_VEHTYPE" speed="11.96" pos="20.16" lane="3/2to2/2_0" slope="0.00"/>
        <vehicle id="7" x="198.35" y="393.45" angle="-6.89" type="DEFAULT_VEHTYPE" speed="10.34" pos="1.80" lane="1/2to1/1_0" slope="0.00"/>
        <vehicle id="8" x="398.35" y="381.79" angle="0.00" type="DEFAULT_VEHTYPE" speed="9.67" pos="13.46" lane="2/2to2/1_0" slope="0.00"/>
        <vehicle id="9" x="398.35" y="765.77" angle="0.00" type="DEFAULT_VEHTYPE" speed="12.91" pos="34.23" lane="2/4to2/3_0" slope="0.00"/>
    </timestep>
    <timestep time="113.00">
        <vehicle id="0" x="159.18" y="198.35" angle="90.00" type="DEFAULT_VEHTYPE" speed="13.42" pos="159.18" lane="0/1to1/1_0" slope="0.00"/>
        <vehicle id="1" x="553.85" y="198.35" angle="90.00" type="DEFAULT_VEHTYPE" speed="13.18" pos="149.10" lane="2/1to3/1_0" slope="0.00"/>
        <vehicle id="10" x="404.01" y="401.54" angle="-88.79" type="DEFAULT_VEHTYPE" speed="5.24" pos="0.75" lane=":2/2_6_0" slope="0.00"/>
        <vehicle id="11" x="467.85" y="401.65" angle="-90.00" type="DEFAULT_VEHTYPE" speed="12.80" pos="127.40" lane="3/2to2/2_0" slope="0.00"/>
        <vehicle id="12" x="601.65" y="362.82" angle="180.00" type="DEFAULT_VEHTYPE" speed="13.08" pos="158.07" lane="3/1to3/2_0" slope="0.00"/>
        <vehicle id="13" x="60.46" y="198.35" angle="90.00" type="DEFAULT_VEHTYPE" speed="13.85" pos="60.46" lane="0/1to1/1_0" slope="0.00"/>
        <vehicle id="14" x="601.65" y="304.29" angle="180.00" type="DEFAULT_VEHTYPE" speed="13.42" pos="99.54" lane="3/1to3/2_0" slope="0.00"/>
        <vehicle id="4" x="398.35" y="684.41" angle="0.00" type="DEFAULT_VEHTYPE" speed="13.20" pos="115.59" lane="2/4to2/3_0" slope="0.00"/>
        <vehicle id="5" x="562.24" y="401.65" angle="-90.00" type="DEFAULT_VEHTYPE" speed="12.85" pos="33.01" lane="3/2to2/2_0" slope="0.00"/>
        <vehicle id="7" x="198.35" y="381.11" angle="0.00" type="DEFAULT_VEHTYPE" speed="12.34" pos="14.14" lane="1/2to1/1_0" slope="0.00"/>
        <vehicle id="8" x="398.35" y="370.75" angle="0.00" type="DEFAULT_VEHTYPE" speed="11.04" pos="24.50" lane="2/2to2/1_0" slope="0.00"/>
        <vehicle id="9" x="398.35" y="752.51" angle="0.00" type="DEFAULT_VEHTYPE" speed="13.26" pos="47.49" lane="2/4to2/3_0" slope="0.00"/>
    </timestep>
    <timestep time="114.00">
        <vehicle id="0" x="171.47" y="198.35" angle="90.00" type="DEFAULT_VEHTYPE" speed="12.28" pos="171.47" lane="0/1to1/1_0" slope="0.00"/>
        <vehicle id="1" x="566.65" y="198.35" angle="90.00" type="DEFAULT_VEHTYPE" speed="12.80" pos="161.90" lane="2/1to3/1_0" slope="0.00"/>
        <vehicle id="10" x="398.67" y="397.47" angle="-40.05" type="DEFAULT_VEHTYPE" speed="7.33" pos="8.08" lane=":2/2_6_0" slope="0.00"/>
        <vehicle id="11" x="454.74" y="401.65" angle="-90.00" type="DEFAULT_VEHTYPE" speed="13.12" pos="140.51" lane="3/2to2/2_0" slope="0.00"/>
        <vehicle id="12" x="601.65" y="375.09" angle="180.00" type="DEFAULT_VEHTYPE" speed="12.27" pos="170.34" lane="3/1to3/2_0" slope="0.00"/>
        <vehicle id="13" x="74.23" y="198.35" angle="90.00" type="DEFAULT_VEHTYPE" speed="13.76" pos="74.23" lane="0/1to1/1_0" slope="0.00"/>
        <vehicle id="14" x="601.65" y="317.19" angle="180.00" type="DEFAULT_VEHTYPE" speed="12.89" pos="112.44" lane="3/1to3/2_0" slope="0.00"/>
        <vehicle id="4" x="398.35" y="671.50" angle="0.00" type="DEFAULT_VEHTYPE" speed="12.91" pos="128.50" lane="2/4to2/3_0" slope="0.00"/>
        <vehicle id="5" x="548.57" y="401.65" angle="-90.00" type="DEFAULT_VEHTYPE" speed="13.67" pos="46.68" lane="3/2to2/2_0" slope="0.00"/>
        <vehicle id="7" x="198.35" y="367.89" angle="0.00" type="DEFAULT_VEHTYPE" speed="13.22" pos="27.36" lane="1/2to1/1_0" slope="0.00"/>
        <vehicle id="8" x="398.35" y="357.37" angle="0.00" type="DEFAULT_VEHTYPE" speed="13.38" pos="37.88" lane="2/2to2/1_0" slope="0.00"/>
        <vehicle id="9" x="398.35" y="739.24" angle="0.00" type="DEFAULT_VEHTYPE" speed="13.26" pos="60.76" lane="2/4to2/3_0" slope="0.00"/>
    </timestep>
    <timestep time="115.00">
        <vehicle id="0" x="181.42" y="198.35" angle="90.00" type="DEFAULT_VEHTYPE" speed="9.95" pos="181.42" lane="0/1to1/1_0" slope="0.00"/>
        <vehicle id="1" x="577.39" y="198.35" angle="90.00" type="DEFAULT_VEHTYPE" speed="10.74" pos="172.64" lane="2/1to3/1_0" slope="0.00"/>
        <vehicle id="10" x="398.35" y="388.85" angle="0.00" type="DEFAULT_VEHTYPE" speed="8.64" pos="6.40" lane="2/2to2/1_0" slope="0.00"/>
        <vehicle id="11" x="442.05" y="401.65" angle="-90.00" type="DEFAULT_VEHTYPE" speed="12.68" pos="153.20" lane="3/2to2/2_0" slope="0.00"/>
        <vehicle id="12" x="601.65" y="383.35" angle="180.00" type="DEFAULT_VEHTYPE" speed="8.26" pos="178.60" lane="3/1to3/2_0" slope="0.00"/>
        <vehicle id="13" x="87.68" y="198.35" angle="90.00" type="DEFAULT_VEHTYPE" speed="13.45" pos="87.68" lane="0/1to1/1_0" slope="0.00"/>
        <vehicle id="14" x="601.65" y="330.58" angle="180.00" type="DEFAULT_VEHTYPE" speed="13.40" pos="125.83" lane="3/1to3/2_0" slope="0.00"/>
        <vehicle id="4" x="398.35" y="658.53" angle="0.00" type="DEFAULT_VEHTYPE" speed="12.97" pos="141.47" lane="2/4to2/3_0" slope="0.00"/>
        <vehicle id="5" x="535.19" y="401.65" angle="-90.00" type="DEFAULT_VEHTYPE" speed="13.38" pos="60.06" lane="3/2to2/2_0" slope="0.00"/>
        <vehicle id="7" x="198.35" y="355.02" angle="0.00" type="DEFAULT_VEHTYPE" speed="12.87" pos="40.23" lane="1/2to1/1_0" slope="0.00"/>
        <vehicle id="8" x="398.35" y="344.38" angle="0.00" type="DEFAULT_VEHTYPE" speed="13.00" pos="50.87" lane="2/2to2/1_0" slope="0.00"/>
        <vehicle id="9" x="398.35" y="725.49" angle="0.00" type="DEFAULT_VEHTYPE" speed="13.76" pos="74.51" lane="2/4to2/3_0" slope="0.00"/>
    </timestep>
    <timestep time="116.00">
        <vehicle id="0" x="187.36" y="198.35" angle="90.00" type="DEFAULT_VEHTYPE" speed="5.95" pos="187.36" lane="0/1to1/1_0" slope="0.00"/>
        <vehicle id="1" x="585.20" y="198.35" angle="90.00" type="DEFAULT_VEHTYPE" speed="7.81" pos="180.45" lane="2/1to3/1_0" slope="0.00"/>
        <vehicle id="10" x="398.35" y="377.78" angle="0.00" type="DEFAULT_VEHTYPE" speed="11.08" pos="17.47" lane="2/2to2/1_0" slope="0.00"/>
        <vehicle id="11" x="429.17" y="401.65" angle="-90.00" type="DEFAULT_VEHTYPE" speed="12.88" pos="166.08" lane="3/2to2/2_0" slope="0.00"/>
        <vehicle id="12" x="601.65" y="388.45" angle="180.00" type="DEFAULT_VEHTYPE" speed="5.10" pos="183.70" lane="3/1to3/2_0" slope="0.00"/>
        <vehicle id="13" x="101.46" y="198.35" angle="90.00" type="DEFAULT_VEHTYPE" speed="13.78" pos="101.46" lane="0/1to1/1_0" slope="0.00"/>
        <vehicle id="14" x="601.65" y="343.98" angle="180.00" type="DEFAULT_VEHTYPE" speed="13.40" pos="139.23" lane="3/1to3/2_0" slope="0.00"/>
        <vehicle id="4" x="398.35" y="645.27" angle="0.00" type="DEFAULT_VEHTYPE" speed="13.25" pos="154.73" lane="2/4to2/3_0" slope="0.00"/>
        <vehicle id="5" x="522.44" y="401.65" angle="-90.00" type="DEFAULT_VEHTYPE" speed="12.76" pos="72.81" lane="3/2to2/2_0" slope="0.00"/>
        <vehicle id="7" x="198.35" y="341.53" angle="0.00" type="DEFAULT_VEHTYPE" speed="13.49" pos="53.72" lane="1/2to1/1_0" slope="0.00"/>
        <vehicle id="8" x="398.35" y="330.75" angle="0.00" type="DEFAULT_VEHTYPE" speed="13.62" pos="64.50" lane="2/2to2/1_0" slope="0.00"/>
        <vehicle id="9" x="398.35" y="711.80" angle="0.00" type="DEFAULT_VEHTYPE" speed="13.69" pos="88.20" lane="2/4to2/3_0" slope="0.00"/>
    </timestep>
    <timestep time="117.00">
        <vehicle id="0" x="191.09" y="198.35" angle="90.00" type="DEFAULT_VEHTYPE" speed="3.72" pos="191.09" lane="0/1to1/1_0" slope="0.00"/>
        <vehicle id="1" x="589.54" y="198.35" angle="90.00" type="DEFAULT_VEHTYPE" speed="4.34" pos="184.79" lane="2/1to3/1_0" slope="0.00"/>
        <vehicle id="10" x="398.35" y="365.11" angle="0.00" type="DEFAULT_VEHTYPE" speed="12.67" pos="30.14" lane="2/2to2/1_0" slope="0.00"/>
        <vehicle id="11" x="420.13" y="401.65" angle="-90.00" type="DEFAULT_VEHTYPE" speed="9.04" pos="175.12" lane="3/2to2/2_0" slope="0.00"/>
        <vehicle id="12" x="601.55" y="395.93" angle="-178.88" type="DEFAULT_VEHTYPE" speed="7.49" pos="0.69" lane=":3/2_10_0" slope="0.00"/>
        <vehicle id="13" x="114.33" y="198.35" angle="90.00" type="DEFAULT_VEHTYPE" speed="12.87" pos="114.33" lane="0/1to1/1_0" slope="0.00"/>
        <vehicle id="14" x="601.65" y="357.46" angle="180.00" type="DEFAULT_VEHTYPE" speed="13.47" pos="152.71" lane="3/1to3/2_0" slope="0.00"/>
        <vehicle id="4" x="398.35" y="631.69" angle="0.00" type="DEFAULT_VEHTYPE" speed="13.59" pos="168.31" lane="2/4to2/3_0" slope="0.00"/>
        <vehicle id="5" x="509.26" y="401.65" angle="-90.00" type="DEFAULT_VEHTYPE" speed="13.18" pos="85.99" lane="3/2to2/2_0" slope="0.00"/>
        <vehicle id="7" x="198.35" y="327.90" angle="0.00" type="DEFAULT_VEHTYPE" speed="13.62" pos="67.35" lane="1/2to1/1_0" slope="0.00"/>
        <vehicle id="8" x="398.35" y="317.69" angle="0.00" type="DEFAULT_VEHTYPE" speed="13.06" pos="77.56" lane="2/2to2/1_0" slope="0.00"/>
        <vehicle id="9" x="398.35" y="698.94" angle="0.00" type="DEFAULT_VEHTYPE" speed="12.85" pos="101.06" lane="2/4to2/3_0" slope="0.00"/>
    </timestep>
    <timestep time="118.00">
        <vehicle id="0" x="196.81" y="198.04" angle="86.39" type="DEFAULT_VEHTYPE" speed="5.77" pos="1.61" lane=":1/1_12_0" slope="0.00"/>
        <vehicle id="1" x="595.78" y="198.35" angle="90.00" type="DEFAULT_VEHTYPE" speed="6.24" pos="0.53" lane=":3/1_13_0" slope="0.00"/>
        <vehicle id="10" x="398.35" y="351.67" angle="0.00" type="DEFAULT_VEHTYPE" speed="13.44" pos="43.58" lane="2/2to2/1_0" slope="0.00"/>
        <vehicle id="11" x="414.24" y="401.65" angle="-90.00" type="DEFAULT_VEHTYPE" speed="5.89" pos="181.01" lane="3/2to2/2_0" slope="0.00"/>
        <vehicle id="12" x="595.62" y="401.60" angle="-110.87" type="DEFAULT_VEHTYPE" speed="9.26" pos="2.81" lane=":3/2_18_0" slope="0.00"/>
        <vehicle id="13" x="127.18" y="198.35" angle="90.00" type="DEFAULT_VEHTYPE" speed="12.84" pos="127.18" lane="0/1to1/1_0" slope="0.00"/>
        <vehicle id="14" x="601.65" y="370.49" angle="180.00" type="DEFAULT_VEHTYPE" speed="13.03" pos="165.74" lane="3/1to3/2_0" slope="0.00"/>
        <vehicle id="4" x="398.35" y="617.89" angle="0.00" type="DEFAULT_VEHTYPE" speed="13.79" pos="182.11" lane="2/4to2/3_0" slope="0.00"/>
        <vehicle id="5" x="496.51" y="401.65" angle="-90.00" type="DEFAULT_VEHTYPE" speed="12.74" pos="98.74" lane="3/2to2/2_0" slope="0.00"/>
        <vehicle id="7" x="198.35" y="314.86" angle="0.00" type="DEFAULT_VEHTYPE" speed="13.04" pos="80.39" lane="1/2to1/1_0" slope="0.00"/>
        <vehicle id="8" x="398.35" y="303.99" angle="0.00" type="DEFAULT_VEHTYPE" speed="13.70" pos="91.26" lane="2/2to2/1_0" slope="0.00"/>
        <vehicle id="9" x="398.35" y="686.01" angle="0.00" type="DEFAULT_VEHTYPE" speed="12.93" pos="113.99" lane="2/4to2/3_0" slope="0.00"/>
    </timestep>
    <timestep time="119.00">
        <vehicle id="0" x="198.35" y="191.07" angle="1.30" type="DEFAULT_VEHTYPE" speed="7.57" pos="4.18" lane="1/1to1/0_0" slope="0.00"/>
        <vehicle id="1" x="604.16" y="198.35" angle="90.00" type="DEFAULT_VEHTYPE" speed="8.38" pos="8.91" lane=":3/1_13_0" slope="0.00"/>
        <vehicle id="10" x="398.35" y="338.32" angle="0.00" type="DEFAULT_VEHTYPE" speed="13.35" pos="56.93" lane="2/2to2/1_0" slope="0.00"/>
        <vehicle id="11" x="409.94" y="401.65" angle="-90.00" type="DEFAULT_VEHTYPE" speed="4.30" pos="185.31" lane="3/2to2/2_0" slope="0.00"/>
        <vehicle id="12" x="584.53" y="401.65" angle="-90.00" type="DEFAULT_VEHTYPE" speed="11.10" pos="10.72" lane="3/2to2/2_0" slope="0.00"/>
        <vehicle id="13" x="139.79" y="198.35" angle="90.00" type="DEFAULT_VEHTYPE" speed="12.62" pos="139.79" lane="0/1to1/1_0" slope="0.00"/>
        <vehicle id="14" x="601.65" y="380.32" angle="180.00" type="DEFAULT_VEHTYPE" speed="9.84" pos="175.57" lane="3/1to3/2_0" slope="0.00"/>
        <vehicle id="4" x="398.35" y="604.84" angle="0.00" type="DEFAULT_VEHTYPE" speed="13.05" pos="195.16" lane="2/4to2/3_0" slope="0.00"/>
        <vehicle id="5" x="483.28" y="401.65" angle="-90.00" type="DEFAULT_VEHTYPE" speed="13.23" pos="111.97" lane="3/2to2/2_0" slope="0.00"/>
        <vehicle id="7" x="198.35" y="301.51" angle="0.00" type="DEFAULT_VEHTYPE" speed="13.35" pos="93.74" lane="1/2to1/1_0" slope="0.00"/>
        <vehicle id="8" x="398.35" y="291.37" angle="0.00" type="DEFAULT_VEHTYPE" speed="12.62" pos="103.88" lane="2/2to2/1_0" slope="0.00"/>
        <vehicle id="9" x="398.35" y="673.17" angle="0.00" type="DEFAULT_VEHTYPE" speed="12.84" pos="126.83" lane="2/4to2/3_0" slope="0.00"/>
    </timestep>
    <timestep time="120.00">
        <vehicle id="0" x="198.35" y="181.84" angle="0.00" type="DEFAULT_VEHTYPE" speed="9.23" pos="13.41" lane="1/1to1/0_0" slope="0.00"/>
        <vehicle id="1" x="614.38" y="198.35" angle="90.00" type="DEFAULT_VEHTYPE" speed="10.23" pos="9.63" lane="3/1to4/1_0" slope="0.00"/>
        <vehicle id="10" x="398.35" y="325.36" angle="0.00" type="DEFAULT_VEHTYPE" speed="12.96" pos="69.89" lane="2/2to2/1_0" slope="0.00"/>
        <vehicle id="11" x="403.80" y="401.51" angle="-88.44" type="DEFAULT_VEHTYPE" speed="6.15" pos="0.96" lane=":2/2_6_0" slope="0.00"/>
        <vehicle id="12" x="571.67" y="401.65" angle="-90.00" type="DEFAULT_VEHTYPE" speed="12.86" pos="23.58" lane="3/2to2/2_0" slope="0.00"/>
        <vehicle id="13" x="153.60" y="198.35" angle="90.00" type="DEFAULT_VEHTYPE" speed="13.81" pos="153.60" lane="0/1to1/1_0" slope="0.00"/>
        <vehicle id="14" x="601.65" y="386.38" angle="180.00" type="DEFAULT_VEHTYPE" speed="6.06" pos="181.63" lane="3/1to3/2_0" slope="0.00"/>
        <vehicle id="4" x="398.35" y="591.10" angle="0.00" type="DEFAULT_VEHTYPE" speed="13.75" pos="4.15" lane="2/3to2/2_0" slope="0.00"/>
        <vehicle id="5" x="470.59" y="401.65" angle="-90.00" type="DEFAULT_VEHTYPE" speed="12.69" pos="124.66" lane="3/2to2/2_0" slope="0.00"/>
        <vehicle id="7" x="198.35" y="288.05" angle="0.00" type="DEFAULT_VEHTYPE" speed="13.47" pos="107.20" lane="1/2to1/1_0" slope="0.00"/>
        <vehicle id="8" x="398.35" y="278.60" angle="0.00" type="DEFAULT_VEHTYPE" speed="12.77" pos="116.65" lane="2/2to2/1_0" slope="0.00"/>
        <vehicle id="9" x="398.35" y="660.07" angle="0.00" type="DEFAULT_VEHTYPE" speed="13.10" pos="139.93" lane="2/4to2/3_0" slope="0.00"/>
    </timestep>
    <timestep time="121.00">
        <vehicle id="0" x="198.35" y="171.25" angle="0.00" type="DEFAULT_VEHTYPE" speed="10.59" pos="24.00" lane="1/1to1/0_0" slope="0.00"/>
        <vehicle id="1" x="626.51" y="198.35" angle="90.00" type="DEFAULT_VEHTYPE" speed="12.13" pos="21.76" lane="3/1to4/1_0" slope="0.00"/>
        <vehicle id="10" x="398.35" y="312.36" angle="0.00" type="DEFAULT_VEHTYPE" speed="13.00" pos="82.89" lane="2/2to2/1_0" slope="0.00"/>
        <vehicle id="11" x="398.51" y="396.36" angle="-28.48" type="DEFAULT_VEHTYPE" speed="8.23" pos="9.19" lane=":2/2_6_0" slope="0.00"/>
        <vehicle id="12" x="557.97" y="401.65" angle="-90.00" type="DEFAULT_VEHTYPE" speed="13.70" pos="37.28" lane="3/2to2/2_0" slope="0.00"/>
        <vehicle id="13" x="167.01" y="198.35" angle="90.00" type="DEFAULT_VEHTYPE" speed="13.41" pos="167.01" lane="0/1to1/1_0" slope="0.00"/>
        <vehicle id="14" x="601.65" y="390.50" angle="180.00" type="DEFAULT_VEHTYPE" speed="4.12" pos="185.75" lane="3/1to3/2_0" slope="0.00"/>
        <vehicle id="4" x="398.35" y="577.90" angle="0.00" type="DEFAULT_VEHTYPE" speed="13.20" pos="17.35" lane="2/3to2/2_0" slope="0.00"/>
        <vehicle id="5" x="457.63" y="401.65" angle="-90.00" type="DEFAULT_VEHTYPE" speed="12.96" pos="137.62" lane="3/2to2/2_0" slope="0.00"/>
        <vehicle id="7" x="198.35" y="274.55" angle="0.00" type="DEFAULT_VEHTYPE" speed="13.50" pos="120.70" lane="1/2to1/1_0" slope="0.00"/>
        <vehicle id="8" x="398.35" y="265.38" angle="0.00" type="DEFAULT_VEHTYPE" speed="13.21" pos="129.87" lane="2/2to2/1_0" slope="0.00"/>
        <vehicle id="9" x="398.35" y="646.63" angle="0.00" type="DEFAULT_VEHTYPE" speed="13.44" pos="153.37" lane="2/4to2/3_0" slope="0.00"/>
    </timestep>
    <timestep time="122.00">
        <vehicle id="0" x="198.35" y="158.23" angle="0.00" type="DEFAULT_VEHTYPE" speed="13.03" pos="37.02" lane="1/1to1/0_0" slope="0.00"/>
        <vehicle id="1" x="640.10" y="198.35" angle="90.00" type="DEFAULT_VEHTYPE" speed="13.59" pos="35.35" lane="3/1to4/1_0" slope="0.00"/>
        <vehicle id="10" x="398.35" y="298.97" angle="0.00" type="DEFAULT_VEHTYPE" speed="13.39" pos="96.28" lane="2/2to2/1_0" slope="0.00"/>
        <vehicle id="11" x="398.35" y="386.69" angle="0.00" type="DEFAULT_VEHTYPE" speed="9.69" pos="8.56" lane="2/2to2/1_0" slope="0.00"/>
        <vehicle id="12" x="545.24" y="401.65" angle="-90.00" type="DEFAULT_VEHTYPE" speed="12.73" pos="50.01" lane="3/2to2/2_0" slope="0.00"/>
        <vehicle id="13" x="178.13" y="198.35" angle="90.00" type="DEFAULT_VEHTYPE" speed="11.11" pos="178.13" lane="0/1to1/1_0" slope="0.00"/>
        <vehicle id="14" x="601.47" y="396.52" angle="-177.91" type="DEFAULT_VEHTYPE" speed="6.03" pos="1.28" lane=":3/2_10_0" slope="0.00"/>
        <vehicle id="4" x="398.35" y="564.00" angle="0.00" type="DEFAULT_VEHTYPE" speed="13.90" pos="31.25" lane="2/3to2/2_0" slope="0.00"/>
        <vehicle id="5" x="444.73" y="401.65" angle="-90.00" type="DEFAULT_VEHTYPE" speed="12.91" pos="150.52" lane="3/2to2/2_0" slope="0.00"/>
        <vehicle id="7" x="198.35" y="260.95" angle="0.00" type="DEFAULT_VEHTYPE" speed="13.60" pos="134.30" lane="1/2to1/1_0" slope="0.00"/>
        <vehicle id="8" x="398.35" y="252.18" angle="0.00" type="DEFAULT_VEHTYPE" speed="13.20" pos="143.07" lane="2/2to2/1_0" slope="0.00"/>
        <vehicle id="9" x="398.35" y="633.75" angle="0.00" type="DEFAULT_VEHTYPE" speed="12.89" pos="166.25" lane="2/4to2/3_0" slope="0.00"/>
    </timestep>
    <timestep time="123.00">
        <vehicle id="0" x="198.35" y="145.56" angle="0.00" type="DEFAULT_VEHTYPE" speed="12.67" pos="49.69" lane="1/1to1/0_0" slope="0.00"/>
        <vehicle id="1" x="653.11" y="198.35" angle="90.00" type="DEFAULT_VEHTYPE" speed="13.01" pos="48.36" lane="3/1to4/1_0" slope="0.00"/>
        <vehicle id="10" x="398.35" y="285.24" angle="0.00" type="DEFAULT_VEHTYPE" speed="13.73" pos="110.01" lane="2/2to2/1_0" slope="0.00"/>
        <vehicle id="11" x="398.35" y="374.64" angle="0.00" type="DEFAULT_VEHTYPE" speed="12.05" pos="20.61" lane="2/2to2/1_0" slope="0.00"/>
        <vehicle id="12" x="532.35" y="401.65" angle="-90.00" type="DEFAULT_VEHTYPE" speed="12.89" pos="62.90" lane="3/2to2/2_0" slope="0.00"/>
        <vehicle id="13" x="185.33" y="198.35" angle="90.00" type="DEFAULT_VEHTYPE" speed="7.20" pos="185.33" lane="0/1to1/1_0" slope="0.00"/>
        <vehicle id="14" x="596.01" y="401.54" angle="-114.82" type="DEFAULT_VEHTYPE" speed="8.27" pos="2.41" lane=":3/2_18_0" slope="0.00"/>
        <vehicle id="4" x="398.35" y="550.61" angle="0.00" type="DEFAULT_VEHTYPE" speed="13.39" pos="44.64" lane="2/3to2/2_0" slope="0.00"/>
        <vehicle id="5" x="432.05" y="401.65" angle="-90.00" type="DEFAULT_VEHTYPE" speed="12.68" pos="163.20" lane="3/2to2/2_0" slope="0.00"/>
        <vehicle id="7" x="198.35" y="247.77" angle="0.00" type="DEFAULT_VEHTYPE" speed="13.18" pos="147.48" lane="1/2to1/1_0" slope="0.00"/>
        <vehicle id="8" x="398.35" y="238.36" angle="0.00" type="DEFAULT_VEHTYPE" speed="13.82" pos="156.89" lane="2/2to2/1_0" slope="0.00"/>
        <vehicle id="9" x="398.35" y="620.32" angle="0.00" type="DEFAULT_VEHTYPE" speed="13.42" pos="179.68" lane="2/4to2/3_0" slope="0.00"/>
    </timestep>
    <timestep time="124.00">
        <vehicle id="0" x="198.35" y="131.67" angle="0.00" type="DEFAULT_VEHTYPE" speed="13.89" pos="63.58" lane="1/1to1/0_0" slope="0.00"/>
        <vehicle id="1" x="665.93" y="198.35" angle="90.00" type="DEFAULT_VEHTYPE" speed="12.82" pos="61.18" lane="3/1to4/1_0" slope="0.00"/>
        <vehicle id="10" x="398.35" y="272.25" angle="0.00" type="DEFAULT_VEHTYPE" speed="12.98" pos="123.00" lane="2/2to2/1_0" slope="0.00"/>
        <vehicle id="11" x="398.35" y="361.00" angle="0.00" type="DEFAULT_VEHTYPE" speed="13.64" pos="34.25" lane="2/2to2/1_0" slope="0.00"/>
        <vehicle id="12" x="519.41" y="401.65" angle="-90.00" type="DEFAULT_VEHTYPE" speed="12.94" pos="75.84" lane="3/2to2/2_0" slope="0.00"/>
        <vehicle id="13" x="189.60" y="198.35" angle="90.00" type="DEFAULT_VEHTYPE" speed="4.27" pos="189.60" lane="0/1to1/1_0" slope="0.00"/>
        <vehicle id="14" x="586.21" y="401.65" angle="-90.00" type="DEFAULT_VEHTYPE" speed="9.81" pos="9.04" lane="3/2to2/2_0" slope="0.00"/>
        <vehicle id="4" x="398.35" y="537.06" angle="0.00" type="DEFAULT_VEHTYPE" speed="13.55" pos="58.19" lane="2/3to2/2_0" slope="0.00"/>
        <vehicle id="5" x="422.11" y="401.65" angle="-90.00" type="DEFAULT_VEHTYPE" speed="9.94" pos="173.14" lane="3/2to2/2_0" slope="0.00"/>
        <vehicle id="7" x="198.35" y="234.62" angle="0.00" type="DEFAULT_VEHTYPE" speed="13.16" pos="160.63" lane="1/2to1/1_0" slope="0.00"/>
        <vehicle id="8" x="398.35" y="225.86" angle="0.00" type="DEFAULT_VEHTYPE" speed="12.50" pos="169.39" lane="2/2to2/1_0" slope="0.00"/>
        <vehicle id="9" x="398.35" y="607.54" angle="0.00" type="DEFAULT_VEHTYPE" speed="12.78" pos="192.46" lane="2/4to2/3_0" slope="0.00"/>
    </timestep>
    <timestep time="125.00">
        <vehicle id="0" x="198.35" y="117.83" angle="0.00" type="DEFAULT_VEHTYPE" speed="13.85" pos="77.42" lane="1/1to1/0_0" slope="0.00"/>
        <vehicle id="1" x="678.90" y="198.35" angle="90.00" type="DEFAULT_VEHTYPE" speed="12.97" pos="74.15" lane="3/1to4/1_0" slope="0.00"/>
        <vehicle id="10" x="398.35" y="259.41" angle="0.00" type="DEFAULT_VEHTYPE" speed="12.84" pos="135.84" lane="2/2to2/1_0" slope="0.00"/>
        <vehicle id="11" x="398.35" y="347.65" angle="0.00" type="DEFAULT_VEHTYPE" speed="13.35" pos="47.60" lane="2/2to2/1_0" slope="0.00"/>
        <vehicle id="12" x="505.69" y="401.65" angle="-90.00" type="DEFAULT_VEHTYPE" speed="13.72" pos="89.56" lane="3/2to2/2_0" slope="0.00"/>
        <vehicle id="13" x="195.99" y="198.25" angle="88.81" type="DEFAULT_VEHTYPE" speed="6.40" pos="0.75" lane=":1/1_12_0" slope="0.00"/>
        <vehicle id="14" x="573.95" y="401.65" angle="-90.00" type="DEFAULT_VEHTYPE" speed="12.26" pos="21.30" lane="3/2to2/2_0" slope="0.00"/>
        <vehicle id="4" x="398.35" y="523.24" angle="0.00" type="DEFAULT_VEHTYPE" speed="13.82" pos="72.01" lane="2/3to2/2_0" slope="0.00"/>
        <vehicle id="5" x="414.47" y="401.65" angle="-90.00" type="DEFAULT_VEHTYPE" speed="7.64" pos="180.78" lane="3/2to2/2_0" slope="0.00"/>
        <vehicle id="7" x="198.35" y="221.57" angle="0.00" type="DEFAULT_VEHTYPE" speed="13.04" pos="173.68" lane="1/2to1/1_0" slope="0.00"/>
        <vehicle id="8" x="398.35" y="216.87" angle="0.00" type="DEFAULT_VEHTYPE" speed="9.00" pos="178.38" lane="2/2to2/1_0" slope="0.00"/>
        <vehicle id="9" x="398.35" y="593.83" angle="0.00" type="DEFAULT_VEHTYPE" speed="13.71" pos="1.42" lane="2/3to2/2_0" slope="0.00"/>
    </timestep>
    <timestep time="126.00">
        <vehicle id="0" x="198.35" y="104.12" angle="0.00" type="DEFAULT_VEHTYPE" speed="13.70" pos="91.13" lane="1/1to1/0_0" slope="0.00"/>
        <vehicle id="1" x="691.92" y="198.35" angle="90.00" type="DEFAULT_VEHTYPE" speed="13.03" pos="87.17" lane="3/1to4/1_0" slope="0.00"/>
        <vehicle id="10" x="398.35" y="246.02" angle="0.00" type="DEFAULT_VEHTYPE" speed="13.40" pos="149.23" lane="2/2to2/1_0" slope="0.00"/>
        <vehicle id="11" x="398.35" y="334.56" angle="0.00" type="DEFAULT_VEHTYPE" speed="13.09" pos="60.69" lane="2/2to2/1_0" slope="0.00"/>
        <vehicle id="12" x="491.92" y="401.65" angle="-90.00" type="DEFAULT_VEHTYPE" speed="13.77" pos="103.33" lane="3/2to2/2_0" slope="0.00"/>
        <vehicle id="13" x="198.35" y="190.64" angle="0.62" type="DEFAULT_VEHTYPE" speed="8.86" pos="4.61" lane="1/1to1/0_0" slope="0.00"/>
        <vehicle id="14" x="560.11" y="401.65" angle="-90.00" type="DEFAULT_VEHTYPE" speed="13.84" pos="35.14" lane="3/2to2/2_0" slope="0.00"/>
        <vehicle id="4" x="398.35" y="509.73" angle="0.00" type="DEFAULT_VEHTYPE" speed="13.51" pos="85.52" lane="2/3to2/2_0" slope="0.00"/>
        <vehicle id="5" x="410.27" y="401.65" angle="-90.00" type="DEFAULT_VEHTYPE" speed="4.20" pos="184.98" lane="3/2to2/2_0" slope="0.00"/>
        <vehicle id="7" x="198.35" y="208.31" angle="0.00" type="DEFAULT_VEHTYPE" speed="13.27" pos="186.94" lane="1/2to1/1_0" slope="0.00"/>
        <vehicle id="8" x="398.35" y="212.31" angle="0.00" type="DEFAULT_VEHTYPE" speed="4.56" pos="182.94" lane="2/2to2/1_0" slope="0.00"/>
        <vehicle id="9" x="398.35" y="580.78" angle="0.00" type="DEFAULT_VEHTYPE" speed="13.05" pos="14.47" lane="2/3to2/2_0" slope="0.00"/>
    </timestep>
    <timestep time="127.00">
        <vehicle id="0" x="198.35" y="90.26" angle="0.00" type="DEFAULT_VEHTYPE" speed="13.87" pos="104.99" lane="1/1to1/0_0" slope="0.00"/>
        <vehicle id="1" x="705.02" y="198.35" angle="90.00" type="DEFAULT_VEHTYPE" speed="13.10" pos="100.27" lane="3/1to4/1_0" slope="0.00"/>
        <vehicle id="10" x="398.35" y="233.26" angle="0.00" type="DEFAULT_VEHTYPE" speed="12.75" pos="161.99" lane="2/2to2/1_0" slope="0.00"/>
        <vehicle id="11" x="398.35" y="321.77" angle="0.00" type="DEFAULT_VEHTYPE" speed="12.79" pos="73.48" lane="2/2to2/1_0" slope="0.00"/>
        <vehicle id="12" x="478.89" y="401.65" angle="-90.00" type="DEFAULT_VEHTYPE" speed="13.03" pos="116.36" lane="3/2to2/2_0" slope="0.00"/>
        <vehicle id="13" x="198.35" y="179.30" angle="0.00" type="DEFAULT_VEHTYPE" speed="11.34" pos="15.95" lane="1/1to1/0_0" slope="0.00"/>
        <vehicle id="14" x="546.60" y="401.65" angle="-90.00" type="DEFAULT_VEHTYPE" speed="13.51" pos="48.65" lane="3/2to2/2_0" slope="0.00"/>
        <vehicle id="4" x="398.35" y="497.04" angle="0.00" type="DEFAULT_VEHTYPE" speed="12.69" pos="98.21" lane="2/3to2/2_0" slope="0.00"/>
        <vehicle id="5" x="403.54" y="401.65" angle="-90.00" type="DEFAULT_VEHTYPE" speed="6.73" pos="1.21" lane=":2/2_5_0" slope="0.00"/>
        <vehicle id="7" x="190.19" y="201.65" angle="-90.00" type="DEFAULT_VEHTYPE" speed="13.62" pos="5.06" lane="1/1to0/1_0" slope="0.00"/>
        <vehicle id="8" x="398.35" y="209.44" angle="0.00" type="DEFAULT_VEHTYPE" speed="2.87" pos="185.81" lane="2/2to2/1_0" slope="0.00"/>
        <vehicle id="9" x="398.35" y="567.17" angle="0.00" type="DEFAULT_VEHTYPE" speed="13.61" pos="28.08" lane="2/3to2/2_0" slope="0.00"/>
    </timestep>
    <timestep time="128.00">
        <vehicle id="0" x="198.35" y="77.52" angle="0.00" type="DEFAULT_VEHTYPE" speed="12.74" pos="117.73" lane="1/1to1/0_0" slope="0.00"/>
        <vehicle id="1" x="718.83" y="198.35" angle="90.00" type="DEFAULT_VEHTYPE" speed="13.81" pos="114.08" lane="3/1to4/1_0" slope="0.00"/>
        <vehicle id="10" x="398.35" y="225.01" angle="0.00" type="DEFAULT_VEHTYPE" speed="8.25" pos="170.24" lane="2/2to2/1_0" slope="0.00"/>
        <vehicle id="11" x="398.35" y="308.66" angle="0.00" type="DEFAULT_VEHTYPE" speed="13.11" pos="86.59" lane="2/2to2/1_0" slope="0.00"/>
        <vehicle id="12" x="465.70" y="401.65" angle="-90.00" type="DEFAULT_VEHTYPE" speed="13.19" pos="129.55" lane="3/2to2/2_0" slope="0.00"/>
        <vehicle id="13" x="198.35" y="165.57" angle="0.00" type="DEFAULT_VEHTYPE" speed="13.72" pos="29.68" lane="1/1to1/0_0" slope="0.00"/>
        <vehicle id="14" x="533.32" y="401.65" angle="-90.00" type="DEFAULT_VEHTYPE" speed="13.28" pos="61.93" lane="3/2to2/2_0" slope="0.00"/>
        <vehicle id="4" x="398.35" y="483.18" angle="0.00" type="DEFAULT_VEHTYPE" speed="13.86" pos="112.07" lane="2/3to2/2_0" slope="0.00"/>
        <vehicle id="5" x="395.47" y="401.65" angle="-90.00" type="DEFAULT_VEHTYPE" speed="8.07" pos="9.28" lane=":2/2_5_0" slope="0.00"/>
        <vehicle id="7" x="176.37" y="201.65" angle="-90.00" type="DEFAULT_VEHTYPE" speed="13.82" pos="18.88" lane="1/1to0/1_0" slope="0.00"/>
        <vehicle id="8" x="398.35" y="205.25" angle="0.00" type="DEFAULT_VEHTYPE" speed="4.19" pos="190.00" lane="2/2to2/1_0" slope="0.00"/>
        <vehicle id="9" x="398.35" y="553.61" angle="0.00" type="DEFAULT_VEHTYPE" speed="13.56" pos="41.64" lane="2/3to2/2_0" slope="0.00"/>
    </timestep>
    <timestep time="129.00">
        <vehicle id="0" x="198.35" y="63.71" angle="0.00" type="DEFAULT_VEHTYPE" speed="13.81" pos="131.54" lane="1/1to1/0_0" slope="0.00"/>
        <vehicle id="1" x="732.63" y="198.35" angle="90.00" type="DEFAULT_VEHTYPE" speed="13.80" pos="127.88" lane="3/1to4/1_0" slope="0.00"/>
        <vehicle id="10" x="398.35" y="219.12" angle="0.00" type="DEFAULT_VEHTYPE" speed="5.89" pos="176.13" lane="2/2to2/1_0" slope="0.00"/>
        <vehicle id="11" x="398.35" y="295.80" angle="0.00" type="DEFAULT_VEHTYPE" speed="12.85" pos="99.45" lane="2/2to2/1_0" slope="0.00"/>
        <vehicle id="12" x="451.81" y="401.65" angle="-90.00" type="DEFAULT_VEHTYPE" speed="13.89" pos="143.44" lane="3/2to2/2_0" slope="0.00"/>
        <vehicle id="13" x="198.35" y="152.66" angle="0.00" type="DEFAULT_VEHTYPE" speed="12.92" pos="42.59" lane="1/1to1/0_0" slope="0.00"/>
        <vehicle id="14" x="520.04" y="401.65" angle="-90.00" type="DEFAULT_VEHTYPE" speed="13.28" pos="75.21" lane="3/2to2/2_0" slope="0.00"/>
        <vehicle id="4" x="398.35" y="470.48" angle="0.00" type="DEFAULT_VEHTYPE" speed="12.71" pos="124.77" lane="2/3to2/2_0" slope="0.00"/>
        <vehicle id="5" x="385.54" y="401.65" angle="-90.00" type="DEFAULT_VEHTYPE" speed="9.93" pos="9.71" lane="2/2to1/2_0" slope="0.00"/>
        <vehicle id="7" x="163.75" y="201.65" angle="-90.00" type="DEFAULT_VEHTYPE" speed="12.62" pos="31.50" lane="1/1to0/1_0" slope="0.00"/>
        <vehicle id="8" x="400.19" y="199.80" angle="21.52" type="DEFAULT_VEHTYPE" speed="5.94" pos="5.44" lane=":2/1_2_0" slope="0.00"/>
        <vehicle id="9" x="398.35" y="540.18" angle="0.00" type="DEFAULT_VEHTYPE" speed="13.43" pos="55.07" lane="2/3to2/2_0" slope="0.00"/>
    </timestep>
    <timestep time="130.00">
        <vehicle id="0" x="198.35" y="50.49" angle="0.00" type="DEFAULT_VEHTYPE" speed="13.22" pos="144.76" lane="1/1to1/0_0" slope="0.00"/>
        <vehicle id="1" x="745.81" y="198.35" angle="90.00" type="DEFAULT_VEHTYPE" speed="13.18" pos="141.06" lane="3/1to4/1_0" slope="0.00"/>
        <vehicle id="10" x="398.35" y="211.62" angle="0.00" type="DEFAULT_VEHTYPE" speed="7.50" pos="183.63" lane="2/2to2/1_0" slope="0.00"/>
        <vehicle id="11" x="398.35" y="282.78" angle="0.00" type="DEFAULT_VEHTYPE" speed="13.02" pos="112.47" lane="2/2to2/1_0" slope="0.00"/>
        <vehicle id="12" x="438.35" y="401.65" angle="-90.00" type="DEFAULT_VEHTYPE" speed="13.46" pos="156.90" lane="3/2to2/2_0" slope="0.00"/>
        <vehicle id="13" x="198.35" y="139.80" angle="0.00" type="DEFAULT_VEHTYPE" speed="12.86" pos="55.45" lane="1/1to1/0_0" slope="0.00"/>
        <vehicle id="14" x="506.15" y="401.65" angle="-90.00" type="DEFAULT_VEHTYPE" speed="13.89" pos="89.10" lane="3/2to2/2_0" slope="0.00"/>
        <vehicle id="4" x="398.35" y="457.46" angle="0.00" type="DEFAULT_VEHTYPE" speed="13.01" pos="137.79" lane="2/3to2/2_0" slope="0.00"/>
        <vehicle id="5" x="373.75" y="401.65" angle="-90.00" type="DEFAULT_VEHTYPE" speed="11.79" pos="21.50" lane="2/2to1/2_0" slope="0.00"/>
        <vehicle id="7" x="150.05" y="201.65" angle="-90.00" type="DEFAULT_VEHTYPE" speed="13.70" pos="45.20" lane="1/1to0/1_0" slope="0.00"/>
        <vehicle id="8" x="408.04" y="198.35" angle="87.22" type="DEFAULT_VEHTYPE" speed="8.17" pos="3.29" lane="2/1to3/1_0" slope="0.00"/>
        <vehicle id="9" x="398.35" y="526.69" angle="0.00" type="DEFAULT_VEHTYPE" speed="13.49" pos="68.56" lane="2/3to2/2_0" slope="0.00"/>
    </timestep>
    <timestep time="131.00">
        <vehicle id="0" x="198.35" y="37.72" angle="0.00" type="DEFAULT_VEHTYPE" speed="12.78" pos="157.53" lane="1/1to1/0_0" slope="0.00"/>
        <vehicle id="1" x="759.33" y="198.35" angle="90.00" type="DEFAULT_VEHTYPE" speed="13.52" pos="154.58" lane="3/1to4/1_0" slope="0.00"/>
        <vehicle id="10" x="398.35" y="201.54" angle="0.00" type="DEFAULT_VEHTYPE" speed="10.08" pos="3.21" lane=":2/1_1_0" slope="0.00"/>
        <vehicle id="11" x="398.35" y="269.70" angle="0.00" type="DEFAULT_VEHTYPE" speed="13.08" pos="125.55" lane="2/2to2/1_0" slope="0.00"/>
        <vehicle id="12" x="426.05" y="401.65" angle="-90.00" type="DEFAULT_VEHTYPE" speed="12.31" pos="169.20" lane="3/2to2/2_0" slope="0.00"/>
        <vehicle id="13" x="198.35" y="126.02" angle="0.00" type="DEFAULT_VEHTYPE" speed="13.78" pos="69.23" lane="1/1to1/0_0" slope="0.00"/>
        <vehicle id="14" x="492.99" y="401.65" angle="-90.00" type="DEFAULT_VEHTYPE" speed="13.17" pos="102.26" lane="3/2to2/2_0" slope="0.00"/>
        <vehicle id="4" x="398.35" y="443.67" angle="0.00" type="DEFAULT_VEHTYPE" speed="13.80" pos="151.58" lane="2/3to2/2_0" slope="0.00"/>
        <vehicle id="5" x="360.18" y="401.65" angle="-90.00" type="DEFAULT_VEHTYPE" speed="13.57" pos="35.07" lane="2/2to1/2_0" slope="0.00"/>
        <vehicle id="7" x="136.21" y="201.65" angle="-90.00" type="DEFAULT_VEHTYPE" speed="13.83" pos="59.04" lane="1/1to0/1_0" slope="0.00"/>
        <vehicle id="8" x="417.60" y="198.35" angle="90.00" type="DEFAULT_VEHTYPE" speed="9.56" pos="12.85" lane="2/1to3/1_0" slope="0.00"/>
        <vehicle id="9" x="398.35" y="513.65" angle="0.00" type="DEFAULT_VEHTYPE" speed="13.04" pos="81.60" lane="2/3to2/2_0" slope="0.00"/>
    </timestep>
    <timestep time="132.00">
        <vehicle id="0" x="198.35" y="24.88" angle="0.00" type="DEFAULT_VEHTYPE" speed="12.84" pos="170.37" lane="1/1to1/0_0" slope="0.00"/>
        <vehicle id="1" x="772.87" y="198.35" angle="90.00" type="DEFAULT_VEHTYPE" speed="13.54" pos="168.12" lane="3/1to4/1_0" slope="0.00"/>
        <vehicle id="10" x="398.35" y="189.20" angle="0.00" type="DEFAULT_VEHTYPE" speed="12.35" pos="6.05" lane="2/1to2/0_0" slope="0.00"/>
        <vehicle id="11" x="398.35" y="256.59" angle="0.00" type="DEFAULT_VEHTYPE" speed="13.11" pos="138.66" lane="2/2to2/1_0" slope="0.00"/>
        <vehicle id="12" x="416.98" y="401.65" angle="-90.00" type="DEFAULT_VEHTYPE" speed="9.06" pos="178.27" lane="3/2to2/2_0" slope="0.00"/>
        <vehicle id="13" x="198.35" y="113.32" angle="0.00" type="DEFAULT_VEHTYPE" speed="12.70" pos="81.93" lane="1/1to1/0_0" slope="0.00"/>
        <vehicle id="14" x="480.38" y="401.65" angle="-90.00" type="DEFAULT_VEHTYPE" speed="12.60" pos="114.87" lane="3/2to2/2_0" slope="0.00"/>
        <vehicle id="4" x="398.35" y="430.36" angle="0.00" type="DEFAULT_VEHTYPE" speed="13.30" pos="164.89" lane="2/3to2/2_0" slope="0.00"/>
        <vehicle id="5" x="346.49" y="401.65" angle="-90.00" type="DEFAULT_VEHTYPE" speed="13.68" pos="48.76" lane="2/2to1/2_0" slope="0.00"/>
        <vehicle id="7" x="122.84" y="201.65" angle="-90.00" type="DEFAULT_VEHTYPE" speed="13.38" pos="72.41" lane="1/1to0/1_0" slope="0.00"/>
        <vehicle id="8" x="429.36" y="198.35" angle="90.00" type="DEFAULT_VEHTYPE" speed="11.76" pos="24.61" lane="2/1to3/1_0" slope="0.00"/>
        <vehicle id="9" x="398.35" y="500.47" angle="0.00" type="DEFAULT_VEHTYPE" speed="13.17" pos="94.78" lane="2/3to2/2_0" slope="0.00"/>
    </timestep>
    <timestep time="133.00">
        <vehicle id="0" x="198.35" y="11.90" angle="0.00" type="DEFAULT_VEHTYPE" speed="12.98" pos="183.35" lane="1/1to1/0_0" slope="0.00"/>
        <vehicle id="1" x="786.19" y="198.35" angle="90.00" type="DEFAULT_VEHTYPE" speed="13.32" pos="181.44" lane="3/1to4/1_0" slope="0.00"/>
        <vehicle id="10" x="398.35" y="175.87" angle="0.00" type="DEFAULT_VEHTYPE" speed="13.32" pos="19.38" lane="2/1to2/0_0" slope="0.00"/>
        <vehicle id="11" x="398.35" y="242.89" angle="0.00" type="DEFAULT_VEHTYPE" speed="13.70" pos="152.36" lane="2/2to2/1_0" slope="0.00"/>
        <vehicle id="12" x="411.92" y="401.65" angle="-90.00" type="DEFAULT_VEHTYPE" speed="5.06" pos="183.33" lane="3/2to2/2_0" slope="0.00"/>
        <vehicle id="13" x="198.35" y="99.93" angle="0.00" type="DEFAULT_VEHTYPE" speed="13.39" pos="95.32" lane="1/1to1/0_0" slope="0.00"/>
        <vehicle id="14" x="467.60" y="401.65" angle="-90.00" type="DEFAULT_VEHTYPE" speed="12.79" pos="127.65" lane="3/2to2/2_0" slope="0.00"/>
        <vehicle id="4" x="398.35" y="416.97" angle="0.00" type="DEFAULT_VEHTYPE" speed="13.40" pos="178.28" lane="2/3to2/2_0" slope="0.00"/>
        <vehicle id="5" x="333.19" y="401.65" angle="-90.00" type="DEFAULT_VEHTYPE" speed="13.30" pos="62.06" lane="2/2to1/2_0" slope="0.00"/>
        <vehicle id="7" x="109.77" y="201.65" angle="-90.00" type="DEFAULT_VEHTYPE" speed="13.07" pos="85.48" lane="1/1to0/1_0" slope="0.00"/>
        <vehicle id="8" x="443.10" y="198.35" angle="90.00" type="DEFAULT_VEHTYPE" speed="13.74" pos="38.35" lane="2/1to3/1_0" slope="0.00"/>
        <vehicle id="9" x="398.35" y="487.47" angle="0.00" type="DEFAULT_VEHTYPE" speed="13.00" pos="107.78" lane="2/3to2/2_0" slope="0.00"/>
    </timestep>
    <timestep time="134.00">
        <vehicle id="0" x="198.98" y="-0.96" angle="7.48" type="DEFAULT_VEHTYPE" speed="13.04" pos="1.14" lane=":1/0_0_0" slope="0.00"/>
        <vehicle id="1" x="799.52" y="198.35" angle="90.00" type="DEFAULT_VEHTYPE" speed="13.33" pos="194.77" lane="3/1to4/1_0" slope="0.00"/>
        <vehicle id="10" x="398.35" y="163.01" angle="0.00" type="DEFAULT_VEHTYPE" speed="12.87" pos="32.24" lane="2/1to2/0_0" slope="0.00"/>
        <vehicle id="11" x="398.35" y="229.20" angle="0.00" type="DEFAULT_VEHTYPE" speed="13.69" pos="166.05" lane="2/2to2/1_0" slope="0.00"/>
        <vehicle id="12" x="409.01" y="401.65" angle="-90.00" type="DEFAULT_VEHTYPE" speed="2.91" pos="186.24" lane="3/2to2/2_0" slope="0.00"/>
        <vehicle id="13" x="198.35" y="86.20" angle="0.00" type="DEFAULT_VEHTYPE" speed="13.73" pos="109.05" lane="1/1to1/0_0" slope="0.00"/>
        <vehicle id="14" x="454.81" y="401.65" angle="-90.00" type="DEFAULT_VEHTYPE" speed="12.78" pos="140.44" lane="3/2to2/2_0" slope="0.00"/>
        <vehicle id="4" x="398.35" y="403.15" angle="0.00" type="DEFAULT_VEHTYPE" speed="13.82" pos="1.60" lane=":2/2_1_0" slope="0.00"/>
        <vehicle id="5" x="319.64" y="401.65" angle="-90.00" type="DEFAULT_VEHTYPE" speed="13.55" pos="75.61" lane="2/2to1/2_0" slope="0.00"/>
        <vehicle id="7" x="96.43" y="201.65" angle="-90.00" type="DEFAULT_VEHTYPE" speed="13.33" pos="98.82" lane="1/1to0/1_0" slope="0.00"/>
        <vehicle id="8" x="455.98" y="198.35" angle="90.00" type="DEFAULT_VEHTYPE" speed="12.88" pos="51.23" lane="2/1to3/1_0" slope="0.00"/>
        <vehicle id="9" x="398.35" y="474.52" angle="0.00" type="DEFAULT_VEHTYPE" speed="12.95" pos="120.73" lane="2/3to2/2_0" slope="0.00"/>
    </timestep>
    <timestep time="135.00">
        <vehicle id="0" x="201.65" y="10.14" angle="180.00" type="DEFAULT_VEHTYPE" speed="13.81" pos="10.14" lane="1/0to1/1_0" slope="0.00"/>
        <vehicle id="1" x="792.10" y="201.65" angle="-90.00" type="DEFAULT_VEHTYPE" speed="13.20" pos="7.90" lane="4/1to3/1_0" slope="0.00"/>
        <vehicle id="10" x="398.35" y="149.34" angle="0.00" type="DEFAULT_VEHTYPE" speed="13.67" pos="45.91" lane="2/1to2/0_0" slope="0.00"/>
        <vehicle id="11" x="398.35" y="215.31" angle="0.00" type="DEFAULT_VEHTYPE" speed="13.89" pos="179.94" lane="2/2to2/1_0" slope="0.00"/>
        <vehicle id="12" x="408.02" y="401.65" angle="-90.00" type="DEFAULT_VEHTYPE" speed="0.99" pos="187.23" lane="3/2to2/2_0" slope="0.00"/>
        <vehicle id="13" x="198.35" y="72.98" angle="0.00" type="DEFAULT_VEHTYPE" speed="13.22" pos="122.27" lane="1/1to1/0_0" slope="0.00"/>
        <vehicle id="14" x="441.94" y="401.65" angle="-90.00" type="DEFAULT_VEHTYPE" speed="12.87" pos="153.31" lane="3/2to2/2_0" slope="0.00"/>
        <vehicle id="4" x="398.35" y="389.84" angle="0.00" type="DEFAULT_VEHTYPE" speed="13.31" pos="5.41" lane="2/2to2/1_0" slope="0.00"/>
        <vehicle id="5" x="306.68" y="401.65" angle="-90.00" type="DEFAULT_VEHTYPE" speed="12.96" pos="88.57" lane="2/2to1/2_0" slope="0.00"/>
        <vehicle id="7" x="83.44" y="201.65" angle="-90.00" type="DEFAULT_VEHTYPE" speed="12.99" pos="111.81" lane="1/1to0/1_0" slope="0.00"/>
        <vehicle id="8" x="469.22" y="198.35" angle="90.00" type="DEFAULT_VEHTYPE" speed="13.24" pos="64.47" lane="2/1to3/1_0" slope="0.00"/>
        <vehicle id="9" x="398.35" y="461.51" angle="0.00" type="DEFAULT_VEHTYPE" speed="13.01" pos="133.74" lane="2/3to2/2_0" slope="0.00"/>
    </timestep>
    <timestep time="136.00">
        <vehicle id="0" x="201.65" y="24.04" angle="180.00" type="DEFAULT_VEHTYPE" speed="13.90" pos="24.04" lane="1/0to1/1_0" slope="0.00"/>
        <vehicle id="1" x="778.84" y="201.65" angle="-90.00" type="DEFAULT_VEHTYPE" speed="13.26" pos="21.16" lane="4/1to3/1_0" slope="0.00"/>
        <vehicle id="10" x="398.35" y="135.46" angle="0.00" type="DEFAULT_VEHTYPE" speed="13.87" pos="59.79" lane="2/1to2/0_0" slope="0.00"/>
        <vehicle id="11" x="398.35" y="202.24" angle="0.00" type="DEFAULT_VEHTYPE" speed="13.06" pos="2.51" lane=":2/1_1_0" slope="0.00"/>
        <vehicle id="12" x="404.50" y="401.61" angle="-89.59" type="DEFAULT_VEHTYPE" speed="3.52" pos="0.26" lane=":2/2_6_0" slope="0.00"/>
        <vehicle id="13" x="198.35" y="59.34" angle="0.00" type="DEFAULT_VEHTYPE" speed="13.64" pos="135.91" lane="1/1to1/0_0" slope="0.00"/>
        <vehicle id="14" x="431.66" y="401.65" angle="-90.00" type="DEFAULT_VEHTYPE" speed="10.28" pos="163.59" lane="3/2to2/2_0" slope="0.00"/>
        <vehicle id="4" x="398.35" y="376.04" angle="0.00" type="DEFAULT_VEHTYPE" speed="13.80" pos="19.21" lane="2/2to2/1_0" slope="0.00"/>
        <vehicle id="5" x="293.86" y="401.65" angle="-90.00" type="DEFAULT_VEHTYPE" speed="12.82" pos="101.39" lane="2/2to1/2_0" slope="0.00"/>
        <vehicle id="7" x="70.06" y="201.65" angle="-90.00" type="DEFAULT_VEHTYPE" speed="13.38" pos="125.19" lane="1/1to0/1_0" slope="0.00"/>
        <vehicle id="8" x="482.71" y="198.35" angle="90.00" type="DEFAULT_VEHTYPE" speed="13.49" pos="77.96" lane="2/1to3/1_0" slope="0.00"/>
        <vehicle id="9" x="398.35" y="447.76" angle="0.00" type="DEFAULT_VEHTYPE" speed="13.76" pos="147.49" lane="2/3to2/2_0" slope="0.00"/>
    </timestep>
    <timestep time="137.00">
        <vehicle id="0" x="201.65" y="37.59" angle="180.00" type="DEFAULT_VEHTYPE" speed="13.55" pos="37.59" lane="1/0to1/1_0" slope="0.00"/>
        <vehicle id="1" x="765.67" y="201.65" angle="-90.00" type="DEFAULT_VEHTYPE" speed="13.16" pos="34.33" lane="4/1to3/1_0" slope="0.00"/>
        <vehicle id="10" x="398.35" y="122.14" angle="0.00" type="DEFAULT_VEHTYPE" speed="13.32" pos="73.11" lane="2/1to2/0_0" slope="0.00"/>
        <vehicle id="11" x="398.35" y="189.02" angle="0.00" type="DEFAULT_VEHTYPE" speed="13.22" pos="6.23" lane="2/1to2/0_0" slope="0.00"/>
        <vehicle id="12" x="399.87" y="399.91" angle="-69.63" type="DEFAULT_VEHTYPE" speed="5.07" pos="5.32" lane=":2/2_6_0" slope="0.00"/>
        <vehicle id="13" x="198.35" y="46.06" angle="0.00" type="DEFAULT_VEHTYPE" speed="13.28" pos="149.19" lane="1/1to1/0_0" slope="0.00"/>
        <vehicle id="14" x="422.79" y="401.65" angle="-90.00" type="DEFAULT_VEHTYPE" speed="8.87" pos="172.46" lane="3/2to2/2_0" slope="0.00"/>
        <vehicle id="4" x="398.35" y="362.26" angle="0.00" type="DEFAULT_VEHTYPE" speed="13.78" pos="32.99" lane="2/2to2/1_0" slope="0.00"/>
        <vehicle id="5" x="280.34" y="401.65" angle="-90.00" type="DEFAULT_VEHTYPE" speed="13.52" pos="114.91" lane="2/2to1/2_0" slope="0.00"/>
        <vehicle id="7" x="57.21" y="201.65" angle="-90.00" type="DEFAULT_VEHTYPE" speed="12.85" pos="138.04" lane="1/1to0/1_0" slope="0.00"/>
        <vehicle id="8" x="496.12" y="198.35" angle="90.00" type="DEFAULT_VEHTYPE" speed="13.42" pos="91.37" lane="2/1to3/1_0" slope="0.00"/>
        <vehicle id="9" x="398.35" y="434.94" angle="0.00" type="DEFAULT_VEHTYPE" speed="12.81" pos="160.31" lane="2/3to2/2_0" slope="0.00"/>
    </timestep>
    <timestep time="138.00">
        <vehicle id="0" x="201.65" y="51.18" angle="180.00" type="DEFAULT_VEHTYPE" speed="13.59" pos="51.18" lane="1/0to1/1_0" slope="0.00"/>
        <vehicle id="1" x="752.44" y="201.65" angle="-90.00" type="DEFAULT_VEHTYPE" speed="13.23" pos="47.56" lane="4/1to3/1_0" slope="0.00"/>
        <vehicle id="10" x="398.35" y="109.28" angle="0.00" type="DEFAULT_VEHTYPE" speed="12.86" pos="85.97" lane="2/1to2/0_0" slope="0.00"/>
        <vehicle id="11" x="398.35" y="175.18" angle="0.00" type="DEFAULT_VEHTYPE" speed="13.84" pos="20.07" lane="2/1to2/0_0" slope="0.00"/>
        <vehicle id="12" x="398.35" y="392.68" angle="-3.95" type="DEFAULT_VEHTYPE" speed="7.57" pos="2.57" lane="2/2to2/1_0" slope="0.00"/>
        <vehicle id="13" x="198.35" y="32.95" angle="0.00" type="DEFAULT_VEHTYPE" speed="13.11" pos="162.30" lane="1/1to1/0_0" slope="0.00"/>
        <vehicle id="14" x="415.94" y="401.65" angle="-90.00" type="DEFAULT_VEHTYPE" speed="6.86" pos="179.31" lane="3/2to2/2_0" slope="0.00"/>
        <vehicle id="4" x="398.35" y="349.28" angle="0.00" type="DEFAULT_VEHTYPE" speed="12.98" pos="45.97" lane="2/2to2/1_0" slope="0.00"/>
        <vehicle id="5" x="267.42" y="401.65" angle="-90.00" type="DEFAULT_VEHTYPE" speed="12.92" pos="127.83" lane="2/2to1/2_0" slope="0.00"/>
        <vehicle id="7" x="44.24" y="201.65" angle="-90.00" type="DEFAULT_VEHTYPE" speed="12.97" pos="151.01" lane="1/1to0/1_0" slope="0.00"/>
        <vehicle id="8" x="509.56" y="198.35" angle="90.00" type="DEFAULT_VEHTYPE" speed="13.44" pos="104.81" lane="2/1to3/1_0" slope="0.00"/>
        <vehicle id="9" x="398.35" y="422.32" angle="0.00" type="DEFAULT_VEHTYPE" speed="12.63" pos="172.93" lane="2/3to2/2_0" slope="0.00"/>
    </timestep>
    <timestep time="139.00">
        <vehicle id="0" x="201.65" y="64.23" angle="180.00" type="DEFAULT_VEHTYPE" speed="13.05" pos="64.23" lane="1/0to1/1_0" slope="0.00"/>
        <vehicle id="1" x="739.00" y="201.65" angle="-90.00" type="DEFAULT_VEHTYPE" speed="13.45" pos="61.00" lane="4/1to3/1_0" slope="0.00"/>
        <vehicle id="10" x="398.35" y="96.15" angle="0.00" type="DEFAULT_VEHTYPE" speed="13.13" pos="99.10" lane="2/1to2/0_0" slope="0.00"/>
        <vehicle id="11" x="398.35" y="161.90" angle="0.00" type="DEFAULT_VEHTYPE" speed="13.29" pos="33.35" lane="2/1to2/0_0" slope="0.00"/>
        <vehicle id="12" x="398.35" y="383.17" angle="0.00" type="DEFAULT_VEHTYPE" speed="9.51" pos="12.08" lane="2/2to2/1_0" slope="0.00"/>
        <vehicle id="13" x="198.35" y="19.84" angle="0.00" type="DEFAULT_VEHTYPE" speed="13.11" pos="175.41" lane="1/1to1/0_0" slope="0.00"/>
        <vehicle id="14" x="411.44" y="401.65" angle="-90.00" type="DEFAULT_VEHTYPE" speed="4.49" pos="183.81" lane="3/2to2/2_0" slope="0.00"/>
        <vehicle id="4" x="398.35" y="336.13" angle="0.00" type="DEFAULT_VEHTYPE" speed="13.15" pos="59.12" lane="2/2to2/1_0" slope="0.00"/>
        <vehicle id="5" x="254.21" y="401.65" angle="-90.00" type="DEFAULT_VEHTYPE" speed="13.22" pos="141.04" lane="2/2to1/2_0" slope="0.00"/>
        <vehicle id="7" x="31.29" y="201.65" angle="-90.00" type="DEFAULT_VEHTYPE" speed="12.95" pos="163.96" lane="1/1to0/1_0" slope="0.00"/>
        <vehicle id="8" x="522.33" y="198.35" angle="90.00" type="DEFAULT_VEHTYPE" speed="12.77" pos="117.58" lane="2/1to3/1_0" slope="0.00"/>
        <vehicle id="9" x="398.35" y="408.75" angle="0.00" type="DEFAULT_VEHTYPE" speed="13.57" pos="186.50" lane="2/3to2/2_0" slope="0.00"/>
    </timestep>
    <timestep time="140.00">
        <vehicle id="0" x="201.65" y="78.09" angle="180.00" type="DEFAULT_VEHTYPE" speed="13.86" pos="78.09" lane="1/0to1/1_0" slope="0.00"/>
        <vehicle id="1" x="725.77" y="201.65" angle="-90.00" type="DEFAULT_VEHTYPE" speed="13.22" pos="74.23" lane="4/1to3/1_0" slope="0.00"/>
        <vehicle id="10" x="398.35" y="82.75" angle="0.00" type="DEFAULT_VEHTYPE" speed="13.40" pos="112.50" lane="2/1to2/0_0" slope="0.00"/>
        <vehicle id="11" x="398.35" y="148.32" angle="0.00" type="DEFAULT_VEHTYPE" speed="13.58" pos="46.93" lane="2/1to2/0_0" slope="0.00"/>
        <vehicle id="12" x="398.35" y="372.13" angle="0.00" type="DEFAULT_VEHTYPE" speed="11.04" pos="23.12" lane="2/2to2/1_0" slope="0.00"/>
        <vehicle id="13" x="198.35" y="6.99" angle="0.00" type="DEFAULT_VEHTYPE" speed="12.84" pos="188.26" lane="1/1to1/0_0" slope="0.00"/>
        <vehicle id="14" x="404.46" y="401.61" angle="-89.52" type="DEFAULT_VEHTYPE" speed="6.99" pos="0.29" lane=":2/2_6_0" slope="0.00"/>
        <vehicle id="4" x="398.35" y="323.47" angle="0.00" type="DEFAULT_VEHTYPE" speed="12.67" pos="71.78" lane="2/2to2/1_0" slope="0.00"/>
        <vehicle id="5" x="241.23" y="401.65" angle="-90.00" type="DEFAULT_VEHTYPE" speed="12.98" pos="154.02" lane="2/2to1/2_0" slope="0.00"/>
        <vehicle id="7" x="17.81" y="201.65" angle="-90.00" type="DEFAULT_VEHTYPE" speed="13.48" pos="177.44" lane="1/1to0/1_0" slope="0.00"/>
        <vehicle id="8" x="535.33" y="198.35" angle="90.00" type="DEFAULT_VEHTYPE" speed="13.00" pos="130.58" lane="2/1to3/1_0" slope="0.00"/>
        <vehicle id="9" x="391.08" y="401.65" angle="-88.67" type="DEFAULT_VEHTYPE" speed="13.17" pos="4.17" lane="2/2to1/2_0" slope="0.00"/>
    </timestep>
    <timestep time="141.00">
        <vehicle id="0" x="201.65" y="91.28" angle="180.00" type="DEFAULT_VEHTYPE" speed="13.19" pos="91.28" lane="1/0to1/1_0" slope="0.00"/>
        <vehicle id="1" x="712.00" y="201.65" angle="-90.00" type="DEFAULT_VEHTYPE" speed="13.77" pos="88.00" lane="4/1to3/1_0" slope="0.00"/>
        <vehicle id="10" x="398.35" y="69.01" angle="0.00" type="DEFAULT_VEHTYPE" speed="13.73" pos="126.24" lane="2/1to2/0_0" slope="0.00"/>
        <vehicle id="11" x="398.35" y="135.25" angle="0.00" type="DEFAULT_VEHTYPE" speed="13.07" pos="60.00" lane="2/1to2/0_0" slope="0.00"/>
        <vehicle id="12" x="398.35" y="358.92" angle="0.00" type="DEFAULT_VEHTYPE" speed="13.21" pos="36.33" lane="2/2to2/1_0" slope="0.00"/>
        <vehicle id="13" x="201.65" y="1.56" angle="136.89" type="DEFAULT_VEHTYPE" speed="13.37" pos="1.56" lane="1/0to1/1_0" slope="0.00"/>
        <vehicle id="14" x="398.43" y="395.82" angle="-22.91" type="DEFAULT_VEHTYPE" speed="9.45" pos="9.74" lane=":2/2_6_0" slope="0.00"/>
        <vehicle id="4" x="398.35" y="310.32" angle="0.00" type="DEFAULT_VEHTYPE" speed="13.15" pos="84.93" lane="2/2to2/1_0" slope="0.00"/>
        <vehicle id="5" x="228.93" y="401.65" angle="-90.00" type="DEFAULT_VEHTYPE" speed="12.31" pos="166.32" lane="2/2to1/2_0" slope="0.00"/>
        <vehicle id="7" x="5.21" y="201.65" angle="-90.00" type="DEFAULT_VEHTYPE" speed="12.60" pos="190.04" lane="1/1to0/1_0" slope="0.00"/>
        <vehicle id="8" x="548.49" y="198.35" angle="90.00" type="DEFAULT_VEHTYPE" speed="13.17" pos="143.74" lane="2/1to3/1_0" slope="0.00"/>
        <vehicle id="9" x="377.97" y="401.65" angle="-90.00" type="DEFAULT_VEHTYPE" speed="13.11" pos="17.28" lane="2/2to1/2_0" slope="0.00"/>
    </timestep>
    <timestep time="142.00">
        <vehicle id="0" x="201.65" y="103.93" angle="180.00" type="DEFAULT_VEHTYPE" speed="12.65" pos="103.93" lane="1/0to1/1_0" slope="0.00"/>
        <vehicle id="1" x="698.53" y="201.65" angle="-90.00" type="DEFAULT_VEHTYPE" speed="13.47" pos="101.47" lane="4/1to3/1_0" slope="0.00"/>
        <vehicle id="10" x="398.35" y="56.28" angle="0.00" type="DEFAULT_VEHTYPE" speed="12.73" pos="138.97" lane="2/1to2/0_0" slope="0.00"/>
        <vehicle id="11" x="398.35" y="122.19" angle="0.00" type="DEFAULT_VEHTYPE" speed="13.06" pos="73.06" lane="2/1to2/0_0" slope="0.00"/>
        <vehicle id="12" x="398.35" y="345.13" angle="0.00" type="DEFAULT_VEHTYPE" speed="13.79" pos="50.12" lane="2/2to2/1_0" slope="0.00"/>
        <vehicle id="13" x="201.65" y="15.22" angle="180.00" type="DEFAULT_VEHTYPE" speed="13.66" pos="15.22" lane="1/0to1/1_0" slope="0.00"/>
        <vehicle id="14" x="398.35" y="384.73" angle="0.00" type="DEFAULT_VEHTYPE" speed="11.09" pos="10.52" lane="2/2to2/1_0" slope="0.00"/>
        <vehicle id="4" x="398.35" y="297.54" angle="0.00" type="DEFAULT_VEHTYPE" speed="12.78" pos="97.71" lane="2/2to2/1_0" slope="0.00"/>
        <vehicle id="5" x="219.43" y="401.65" angle="-90.00" type="DEFAULT_VEHTYPE" speed="9.50" pos="175.82" lane="2/2to1/2_0" slope="0.00"/>
        <vehicle id="7" x="3.66" y="198.35" angle="81.14" type="DEFAULT_VEHTYPE" speed="13.69" pos="3.66" lane="0/1to1/1_0" slope="0.00"/>
        <vehicle id="8" x="561.73" y="198.35" angle="90.00" type="DEFAULT_VEHTYPE" speed="13.24" pos="156.98" lane="2/1to3/1_0" slope="0.00"/>
        <vehicle id="9" x="365.31" y="401.65" angle="-90.00" type="DEFAULT_VEHTYPE" speed="12.66" pos="29.94" lane="2/2to1/2_0" slope="0.00"/>
    </timestep>
    <timestep time="143.00">
        <vehicle id="0" x="201.65" y="116.68" angle="180.00" type="DEFAULT_VEHTYPE" speed="12.75" pos="116.68" lane="1/0to1/1_0" slope="0.00"/>
        <vehicle id="1" x="685.57" y="201.65" angle="-90.00" type="DEFAULT_VEHTYPE" speed="12.96" pos="114.43" lane="4/1to3/1_0" slope="0.00"/>
        <vehicle id="10" x="398.35" y="43.41" angle="0.00" type="DEFAULT_VEHTYPE" speed="12.87" pos="151.84" lane="2/1to2/0_0" slope="0.00"/>
        <vehicle id="11" x="398.35" y="108.73" angle="0.00" type="DEFAULT_VEHTYPE" speed="13.46" pos="86.52" lane="2/1to2/0_0" slope="0.00"/>
        <vehicle id="12" x="398.35" y="332.16" angle="0.00" type="DEFAULT_VEHTYPE" speed="12.97" pos="63.09" lane="2/2to2/1_0" slope="0.00"/>
        <vehicle id="13" x="201.65" y="28.26" angle="180.00" type="DEFAULT_VEHTYPE" speed="13.03" pos="28.26" lane="1/0to1/1_0" slope="0.00"/>
        <vehicle id="14" x="398.35" y="371.70" angle="0.00" type="DEFAULT_VEHTYPE" speed="13.03" pos="23.55" lane="2/2to2/1_0" slope="0.00"/>
        <vehicle id="4" x="398.35" y="284.62" angle="0.00" type="DEFAULT_VEHTYPE" speed="12.92" pos="110.63" lane="2/2to2/1_0" slope="0.00"/>
        <vehicle id="5" x="213.06" y="401.65" angle="-90.00" type="DEFAULT_VEHTYPE" speed="6.37" pos="182.19" lane="2/2to1/2_0" slope="0.00"/>
        <vehicle id="7" x="16.41" y="198.35" angle="90.00" type="DEFAULT_VEHTYPE" speed="12.74" pos="16.41" lane="0/1to1/1_0" slope="0.00"/>
        <vehicle id="8" x="574.48" y="198.35" angle="90.00" type="DEFAULT_VEHTYPE" speed="12.75" pos="169.73" lane="2/1to3/1_0" slope="0.00"/>
        <vehicle id="9" x="351.45" y="401.65" angle="-90.00" type="DEFAULT_VEHTYPE" speed="13.86" pos="43.80" lane="2/2to1/2_0" slope="0.00"/>
    </timestep>
    <timestep time="144.00">
        <vehicle id="0" x="201.65" y="129.95" angle="180.00" type="DEFAULT_VEHTYPE" speed="13.28" pos="129.95" lane="1/0to1/1_0" slope="0.00"/>
        <vehicle id="1" x="672.39" y="201.65" angle="-90.00" type="DEFAULT_VEHTYPE" speed="13.18" pos="127.61" lane="4/1to3/1_0" slope="0.00"/>
        <vehicle id="10" x="398.35" y="29.89" angle="0.00" type="DEFAULT_VEHTYPE" speed="13.53" pos="165.36" lane="2/1to2/0_0" slope="0.00"/>
        <vehicle id="11" x="398.35" y="95.83" angle="0.00" type="DEFAULT_VEHTYPE" speed="12.90" pos="99.42" lane="2/1to2/0_0" slope="0.00"/>
        <vehicle id="12" x="398.35" y="318.82" angle="0.00" type="DEFAULT_VEHTYPE" speed="13.34" pos="76.43" lane="2/2to2/1_0" slope="0.00"/>
        <vehicle id="13" x="201.65" y="41.23" angle="180.00" type="DEFAULT_VEHTYPE" speed="12.97" pos="41.23" lane="1/0to1/1_0" slope="0.00"/>
        <vehicle id="14" x="398.35" y="358.99" angle="0.00" type="DEFAULT_VEHTYPE" speed="12.71" pos="36.26" lane="2/2to2/1_0" slope="0.00"/>
        <vehicle id="4" x="398.35" y="271.13" angle="0.00" type="DEFAULT_VEHTYPE" speed="13.49" pos="124.12" lane="2/2to2/1_0" slope="0.00"/>
        <vehicle id="5" x="209.61" y="401.65" angle="-90.00" type="DEFAULT_VEHTYPE" speed="3.44" pos="185.64" lane="2/2to1/2_0" slope="0.00"/>
        <vehicle id="7" x="30.28" y="198.35" angle="90.00" type="DEFAULT_VEHTYPE" speed="13.88" pos="30.28" lane="0/1to1/1_0" slope="0.00"/>
        <vehicle id="8" x="583.44" y="198.35" angle="90.00" type="DEFAULT_VEHTYPE" speed="8.96" pos="178.69" lane="2/1to3/1_0" slope="0.00"/>
        <vehicle id="9" x="338.40" y="401.65" angle="-90.00" type="DEFAULT_VEHTYPE" speed="13.04" pos="56.85" lane="2/2to1/2_0" slope="0.00"/>
    </timestep>
    <timestep time="145.00">
        <vehicle id="0" x="201.65" y="142.59" angle="180.00" type="DEFAULT_VEHTYPE" speed="12.64" pos="142.59" lane="1/0to1/1_0" slope="0.00"/>
        <vehicle id="1" x="659.50" y="201.65" angle="-90.00" type="DEFAULT_VEHTYPE" speed="12.89" pos="140.50" lane="4/1to3/1_0" slope="0.00"/>
        <vehicle id="10" x="398.35" y="16.09" angle="0.00" type="DEFAULT_VEHTYPE" speed="13.80" pos="179.16" lane="2/1to2/0_0" slope="0.00"/>
        <vehicle id="11" x="398.35" y="82.38" angle="0.00" type="DEFAULT_VEHTYPE" speed="13.45" pos="112.87" lane="2/1to2/0_0" slope="0.00"/>
        <vehicle id="12" x="398.35" y="305.24" angle="0.00" type="DEFAULT_VEHTYPE" speed="13.58" pos="90.01" lane="2/2to2/1_0" slope="0.00"/>
        <vehicle id="13" x="201.65" y="54.27" angle="180.00" type="DEFAULT_VEHTYPE" speed="13.04" pos="54.27" lane="1/0to1/1_0" slope="0.00"/>
        <vehicle id="14" x="398.35" y="345.47" angle="0.00" type="DEFAULT_VEHTYPE" speed="13.52" pos="49.78" lane="2/2to2/1_0" slope="0.00"/>
        <vehicle id="4" x="398.35" y="258.04" angle="0.00" type="DEFAULT_VEHTYPE" speed="13.09" pos="137.21" lane="2/2to2/1_0" slope="0.00"/>
        <vehicle id="5" x="203.62" y="401.49" angle="-88.14" type="DEFAULT_VEHTYPE" speed="6.01" pos="1.14" lane=":1/2_6_0" slope="0.00"/>
        <vehicle id="7" x="43.86" y="198.35" angle="90.00" type="DEFAULT_VEHTYPE" speed="13.57" pos="43.86" lane="0/1to1/1_0" slope="0.00"/>
        <vehicle id="8" x="588.55" y="198.35" angle="90.00" type="DEFAULT_VEHTYPE" speed="5.11" pos="183.80" lane="2/1to3/1_0" slope="0.00"/>
        <vehicle id="9" x="325.53" y="401.65" angle="-90.00" type="DEFAULT_VEHTYPE" speed="12.87" pos="69.72" lane="2/2to1/2_0" slope="0.00"/>
    </timestep>
    <timestep time="146.00">
        <vehicle id="0" x="201.65" y="156.35" angle="180.00" type="DEFAULT_VEHTYPE" speed="13.76" pos="156.35" lane="1/0to1/1_0" slope="0.00"/>
        <vehicle id="1" x="646.26" y="201.65" angle="-90.00" type="DEFAULT_VEHTYPE" speed="13.24" pos="153.74" lane="4/1to3/1_0" slope="0.00"/>
        <vehicle id="10" x="398.35" y="2.38" angle="0.00" type="DEFAULT_VEHTYPE" speed="13.71" pos="192.87" lane="2/1to2/0_0" slope="0.00"/>
        <vehicle id="11" x="398.35" y="68.71" angle="0.00" type="DEFAULT_VEHTYPE" speed="13.67" pos="126.54" lane="2/1to2/0_0" slope="0.00"/>
        <vehicle id="12" x="398.35" y="291.63" angle="0.00" type="DEFAULT_VEHTYPE" speed="13.61" pos="103.62" lane="2/2to2/1_0" slope="0.00"/>
        <vehicle id="13" x="201.65" y="67.28" angle="180.00" type="DEFAULT_VEHTYPE" speed="13.01" pos="67.28" lane="1/0to1/1_0" slope="0.00"/>
        <vehicle id="14" x="398.35" y="331.74" angle="0.00" type="DEFAULT_VEHTYPE" speed="13.73" pos="63.51" lane="2/2to2/1_0" slope="0.00"/>
        <vehicle id="4" x="398.35" y="245.04" angle="0.00" type="DEFAULT_VEHTYPE" speed="13.00" pos="150.21" lane="2/2to2/1_0" slope="0.00"/>
        <vehicle id="5" x="198.61" y="397.04" angle="-35.57" type="DEFAULT_VEHTYPE" speed="7.37" pos="8.51" lane=":1/2_6_0" slope="0.00"/>
        <vehicle id="7" x="57.49" y="198.35" angle="90.00" type="DEFAULT_VEHTYPE" speed="13.63" pos="57.49" lane="0/1to1/1_0" slope="0.00"/>
        <vehicle id="8" x="595.30" y="198.36" angle="90.09" type="DEFAULT_VEHTYPE" speed="6.75" pos="0.05" lane=":3/1_14_0" slope="0.00"/>
        <vehicle id="9" x="312.09" y="401.65" angle="-90.00" type="DEFAULT_VEHTYPE" speed="13.44" pos="83.16" lane="2/2to1/2_0" slope="0.00"/>
    </timestep>
    <timestep time="147.00">
        <vehicle id="0" x="201.65" y="170.02" angle="180.00" type="DEFAULT_VEHTYPE" speed="13.67" pos="170.02" lane="1/0to1/1_0" slope="0.00"/>
        <vehicle id="1" x="632.93" y="201.65" angle="-90.00" type="DEFAULT_VEHTYPE" speed="13.33" pos="167.07" lane="4/1to3/1_0" slope="0.00"/>
        <vehicle id="10" x="401.65" y="5.46" angle="180.00" type="DEFAULT_VEHTYPE" speed="12.66" pos="5.46" lane="2/0to2/1_0" slope="0.00"/>
        <vehicle id="11" x="398.35" y="55.82" angle="0.00" type="DEFAULT_VEHTYPE" speed="12.89" pos="139.43" lane="2/1to2/0_0" slope="0.00"/>
        <vehicle id="12" x="398.35" y="277.73" angle="0.00" type="DEFAULT_VEHTYPE" speed="13.90" pos="117.52" lane="2/2to2/1_0" slope="0.00"/>
        <vehicle id="13" x="201.65" y="80.37" angle="180.00" type="DEFAULT_VEHTYPE" speed="13.09" pos="80.37" lane="1/0to1/1_0" slope="0.00"/>
        <vehicle id="14" x="398.35" y="318.63" angle="0.00" type="DEFAULT_VEHTYPE" speed="13.11" pos="76.62" lane="2/2to2/1_0" slope="0.00"/>
        <vehicle id="4" x="398.35" y="231.21" angle="0.00" type="DEFAULT_VEHTYPE" speed="13.83" pos="164.04" lane="2/2to2/1_0" slope="0.00"/>
        <vehicle id="5" x="198.35" y="388.29" angle="0.00" type="DEFAULT_VEHTYPE" speed="8.77" pos="6.96" lane="1/2to1/1_0" slope="0.00"/>
        <vehicle id="7" x="71.05" y="198.35" angle="90.00" type="DEFAULT_VEHTYPE" speed="13.57" pos="71.05" lane="0/1to1/1_0" slope="0.00"/>
        <vehicle id="8" x="601.37" y="202.78" angle="142.56" type="DEFAULT_VEHTYPE" speed="8.28" pos="8.33" lane=":3/1_14_0" slope="0.00"/>
        <vehicle id="9" x="298.58" y="401.65" angle="-90.00" type="DEFAULT_VEHTYPE" speed="13.51" pos="96.67" lane="2/2to1/2_0" slope="0.00"/>
    </timestep>
    <timestep time="148.00">
        <vehicle id="0" x="201.65" y="183.70" angle="180.00" type="DEFAULT_VEHTYPE" speed="13.67" pos="183.70" lane="1/0to1/1_0" slope="0.00"/>
        <vehicle id="1" x="622.40" y="201.65" angle="-90.00" type="DEFAULT_VEHTYPE" speed="10.53" pos="177.60" lane="4/1to3/1_0" slope="0.00"/>
        <vehicle id="10" x="401.65" y="18.16" angle="180.00" type="DEFAULT_VEHTYPE" speed="12.70" pos="18.16" lane="2/0to2/1_0" slope="0.00"/>
        <vehicle id="11" x="398.35" y="41.99" angle="0.00" type="DEFAULT_VEHTYPE" speed="13.83" pos="153.26" lane="2/1to2/0_0" slope="0.00"/>
        <vehicle id="12" x="398.35" y="264.73" angle="0.00" type="DEFAULT_VEHTYPE" speed="12.99" pos="130.52" lane="2/2to2/1_0" slope="0.00"/>
        <vehicle id="13" x="201.65" y="93.36" angle="180.00" type="DEFAULT_VEHTYPE" speed="12.99" pos="93.36" lane="1/0to1/1_0" slope="0.00"/>
        <vehicle id="14" x="398.35" y="305.94" angle="0.00" type="DEFAULT_VEHTYPE" speed="12.69" pos="89.31" lane="2/2to2/1_0" slope="0.00"/>
        <vehicle id="4" x="398.35" y="217.98" angle="0.00" type="DEFAULT_VEHTYPE" speed="13.24" pos="177.27" lane="2/2to2/1_0" slope="0.00"/>
        <vehicle id="5" x="198.35" y="377.83" angle="0.00" type="DEFAULT_VEHTYPE" speed="10.46" pos="17.42" lane="1/2to1/1_0" slope="0.00"/>
        <vehicle id="7" x="84.02" y="198.35" angle="90.00" type="DEFAULT_VEHTYPE" speed="12.97" pos="84.02" lane="0/1to1/1_0" slope="0.00"/>
        <vehicle id="8" x="601.65" y="212.78" angle="180.00" type="DEFAULT_VEHTYPE" speed="10.02" pos="8.03" lane="3/1to3/2_0" slope="0.00"/>
        <vehicle id="9" x="285.91" y="401.65" angle="-90.00" type="DEFAULT_VEHTYPE" speed="12.67" pos="109.34" lane="2/2to1/2_0" slope="0.00"/>
    </timestep>
    <timestep time="149.00">
        <vehicle id="0" x="202.10" y="197.03" angle="174.81" type="DEFAULT_VEHTYPE" speed="13.42" pos="1.87" lane=":1/1_8_0" slope="0.00"/>
        <vehicle id="1" x="615.54" y="201.65" angle="-90.00" type="DEFAULT_VEHTYPE" speed="6.86" pos="184.46" lane="4/1to3/1_0" slope="0.00"/>
        <vehicle id="10" x="401.65" y="31.98" angle="180.00" type="DEFAULT_VEHTYPE" speed="13.82" pos="31.98" lane="2/0to2/1_0" slope="0.00"/>
        <vehicle id="11" x="398.35" y="28.88" angle="0.00" type="DEFAULT_VEHTYPE" speed="13.11" pos="166.37" lane="2/1to2/0_0" slope="0.00"/>
        <vehicle id="12" x="398.35" y="251.37" angle="0.00" type="DEFAULT_VEHTYPE" speed="13.37" pos="143.88" lane="2/2to2/1_0" slope="0.00"/>
        <vehicle id="13" x="201.65" y="106.30" angle="180.00" type="DEFAULT_VEHTYPE" speed="12.94" pos="106.30" lane="1/0to1/1_0" slope="0.00"/>
        <vehicle id="14" x="398.35" y="293.28" angle="0.00" type="DEFAULT_VEHTYPE" speed="12.66" pos="101.97" lane="2/2to2/1_0" slope="0.00"/>
        <vehicle id="4" x="398.26" y="204.14" angle="-0.98" type="DEFAULT_VEHTYPE" speed="13.84" pos="0.61" lane=":2/1_0_0" slope="0.00"/>
        <vehicle id="5" x="198.35" y="364.89" angle="0.00" type="DEFAULT_VEHTYPE" speed="12.94" pos="30.36" lane="1/2to1/1_0" slope="0.00"/>
        <vehicle id="7" x="97.22" y="198.35" angle="90.00" type="DEFAULT_VEHTYPE" speed="13.20" pos="97.22" lane="0/1to1/1_0" slope="0.00"/>
        <vehicle id="8" x="601.65" y="224.43" angle="180.00" type="DEFAULT_VEHTYPE" speed="11.65" pos="19.68" lane="3/1to3/2_0" slope="0.00"/>
        <vehicle id="9" x="272.55" y="401.65" angle="-90.00" type="DEFAULT_VEHTYPE" speed="13.36" pos="122.70" lane="2/2to1/2_0" slope="0.00"/>
    </timestep>
    <timestep time="150.00">
        <vehicle id="0" x="215.01" y="198.35" angle="90.00" type="DEFAULT_VEHTYPE" speed="13.40" pos="10.26" lane="1/1to2/1_0" slope="0.00"/>
        <vehicle id="1" x="610.38" y="201.65" angle="-90.00" type="DEFAULT_VEHTYPE" speed="5.16" pos="189.62" lane="4/1to3/1_0" slope="0.00"/>
        <vehicle id="10" x="401.65" y="44.99" angle="180.00" type="DEFAULT_VEHTYPE" speed="13.01" pos="44.99" lane="2/0to2/1_0" slope="0.00"/>
        <vehicle id="11" x="398.35" y="15.82" angle="0.00" type="DEFAULT_VEHTYPE" speed="13.06" pos="179.43" lane="2/1to2/0_0" slope="0.00"/>
        <vehicle id="12" x="398.35" y="238.52" angle="0.00" type="DEFAULT_VEHTYPE" speed="12.85" pos="156.73" lane="2/2to2/1_0" slope="0.00"/>
        <vehicle id="13" x="201.65" y="120.05" angle="180.00" type="DEFAULT_VEHTYPE" speed="13.75" pos="120.05" lane="1/0to1/1_0" slope="0.00"/>
        <vehicle id="14" x="398.35" y="279.77" angle="0.00" type="DEFAULT_VEHTYPE" speed="13.51" pos="115.48" lane="2/2to2/1_0" slope="0.00"/>
        <vehicle id="4" x="386.08" y="201.65" angle="-90.00" type="DEFAULT_VEHTYPE" speed="13.55" pos="9.17" lane="2/1to1/1_0" slope="0.00"/>
        <vehicle id="5" x="198.35" y="352.01" angle="0.00" type="DEFAULT_VEHTYPE" speed="12.88" pos="43.24" lane="1/2to1/1_0" slope="0.00"/>
        <vehicle id="7" x="110.78" y="198.35" angle="90.00" type="DEFAULT_VEHTYPE" speed="13.55" pos="110.78" lane="0/1to1/1_0" slope="0.00"/>
        <vehicle id="8" x="601.65" y="237.58" angle="180.00" type="DEFAULT_VEHTYPE" speed="13.14" pos="32.83" lane="3/1to3/2_0" slope="0.00"/>
        <vehicle id="9" x="258.70" y="401.65" angle="-90.00" type="DEFAULT_VEHTYPE" speed="13.85" pos="136.55" lane="2/2to1/2_0" slope="0.00"/>
    </timestep>
    <timestep time="151.00">
        <vehicle id="0" x="228.52" y="198.35" angle="90.00" type="DEFAULT_VEHTYPE" speed="13.51" pos="23.77" lane="1/1to2/1_0" slope="0.00"/>
        <vehicle id="1" x="603.72" y="201.79" angle="-91.65" type="DEFAULT_VEHTYPE" speed="6.67" pos="1.04" lane=":3/1_4_0" slope="0.00"/>
        <vehicle id="10" x="401.65" y="58.27" angle="180.00" type="DEFAULT_VEHTYPE" speed="13.28" pos="58.27" lane="2/0to2/1_0" slope="0.00"/>
        <vehicle id="11" x="398.35" y="2.12" angle="0.00" type="DEFAULT_VEHTYPE" speed="13.70" pos="193.13" lane="2/1to2/0_0" slope="0.00"/>
        <vehicle id="12" x="398.35" y="224.66" angle="0.00" type="DEFAULT_VEHTYPE" speed="13.86" pos="170.59" lane="2/2to2/1_0" slope="0.00"/>
        <vehicle id="13" x="201.65" y="133.74" angle="180.00" type="DEFAULT_VEHTYPE" speed="13.69" pos="133.74" lane="1/0to1/1_0" slope="0.00"/>
        <vehicle id="14" x="398.35" y="265.95" angle="0.00" type="DEFAULT_VEHTYPE" speed="13.82" pos="129.30" lane="2/2to2/1_0" slope="0.00"/>
        <vehicle id="4" x="372.94" y="201.65" angle="-90.00" type="DEFAULT_VEHTYPE" speed="13.14" pos="22.31" lane="2/1to1/1_0" slope="0.00"/>
        <vehicle id="5" x="198.35" y="338.54" angle="0.00" type="DEFAULT_VEHTYPE" speed="13.47" pos="56.71" lane="1/2to1/1_0" slope="0.00"/>
        <vehicle id="7" x="124.17" y="198.35" angle="90.00" type="DEFAULT_VEHTYPE" speed="13.39" pos="124.17" lane="0/1to1/1_0" slope="0.00"/>
        <vehicle id="8" x="601.65" y="250.26" angle="180.00" type="DEFAULT_VEHTYPE" speed="12.68" pos="45.51" lane="3/1to3/2_0" slope="0.00"/>
        <vehicle id="9" x="245.86" y="401.65" angle="-90.00" type="DEFAULT_VEHTYPE" speed="12.84" pos="149.39" lane="2/2to1/2_0" slope="0.00"/>
    </timestep>
    <timestep time="152.00">
        <vehicle id="0" x="241.46" y="198.35" angle="90.00" type="DEFAULT_VEHTYPE" speed="12.94" pos="36.71" lane="1/1to2/1_0" slope="0.00"/>
        <vehicle id="1" x="601.65" y="208.90" angle="-178.64" type="DEFAULT_VEHTYPE" speed="8.11" pos="4.15" lane="3/1to3/2_0" slope="0.00"/>
        <vehicle id="10" x="401.65" y="71.44" angle="180.00" type="DEFAULT_VEHTYPE" speed="13.16" pos="71.44" lane="2/0to2/1_0" slope="0.00"/>
        <vehicle id="11" x="401.65" y="6.37" angle="180.00" type="DEFAULT_VEHTYPE" speed="13.30" pos="6.37" lane="2/0to2/1_0" slope="0.00"/>
        <vehicle id="12" x="398.35" y="211.94" angle="0.00" type="DEFAULT_VEHTYPE" speed="12.72" pos="183.31" lane="2/2to2/1_0" slope="0.00"/>
        <vehicle id="13" x="201.65" y="147.36" angle="180.00" type="DEFAULT_VEHTYPE" speed="13.63" pos="147.36" lane="1/0to1/1_0" slope="0.00"/>
        <vehicle id="14" x="398.35" y="252.71" angle="0.00" type="DEFAULT_VEHTYPE" speed="13.24" pos="142.54" lane="2/2to2/1_0" slope="0.00"/>
        <vehicle id="4" x="359.65" y="201.65" angle="-90.00" type="DEFAULT_VEHTYPE" speed="13.29" pos="35.60" lane="2/1to1/1_0" slope="0.00"/>
        <vehicle id="5" x="198.35" y="325.64" angle="0.00" type="DEFAULT_VEHTYPE" speed="12.90" pos="69.61" lane="1/2to1/1_0" slope="0.00"/>
        <vehicle id="7" x="137.23" y="198.35" angle="90.00" type="DEFAULT_VEHTYPE" speed="13.06" pos="137.23" lane="0/1to1/1_0" slope="0.00"/>
        <vehicle id="8" x="601.65" y="263.60" angle="180.00" type="DEFAULT_VEHTYPE" speed="13.34" pos="58.85" lane="3/1to3/2_0" slope="0.00"/>
        <vehicle id="9" x="232.48" y="401.65" angle="-90.00" type="DEFAULT_VEHTYPE" speed="13.38" pos="162.77" lane="2/2to1/2_0" slope="0.00"/>
    </timestep>
    <timestep time="153.00">
        <vehicle id="0" x="255.07" y="198.35" angle="90.00" type="DEFAULT_VEHTYPE" speed="13.60" pos="50.32" lane="1/1to2/1_0" slope="0.00"/>
        <vehicle id="1" x="601.65" y="219.07" angle="180.00" type="DEFAULT_VEHTYPE" speed="10.18" pos="14.32" lane="3/1to3/2_0" slope="0.00"/>
        <vehicle id="10" x="401.65" y="84.32" angle="180.00" type="DEFAULT_VEHTYPE" speed="12.88" pos="84.32" lane="2/0to2/1_0" slope="0.00"/>
        <vehicle id="11" x="401.65" y="19.09" angle="180.00" type="DEFAULT_VEHTYPE" speed="12.73" pos="19.09" lane="2/0to2/1_0" slope="0.00"/>
        <vehicle id="12" x="398.35" y="198.26" angle="0.00" type="DEFAULT_VEHTYPE" speed="13.68" pos="6.49" lane=":2/1_1_0" slope="0.00"/>
        <vehicle id="13" x="201.65" y="160.06" angle="180.00" type="DEFAULT_VEHTYPE" speed="12.70" pos="160.06" lane="1/0to1/1_0" slope="0.00"/>
        <vehicle id="14" x="398.35" y="239.39" angle="0.00" type="DEFAULT_VEHTYPE" speed="13.31" pos="155.86" lane="2/2to2/1_0" slope="0.00"/>
        <vehicle id="4" x="345.88" y="201.65" angle="-90.00" type="DEFAULT_VEHTYPE" speed="13.78" pos="49.37" lane="2/1to1/1_0" slope="0.00"/>
        <vehicle id="5" x="198.35" y="311.93" angle="0.00" type="DEFAULT_VEHTYPE" speed="13.72" pos="83.32" lane="1/2to1/1_0" slope="0.00"/>
        <vehicle id="7" x="150.69" y="198.35" angle="90.00" type="DEFAULT_VEHTYPE" speed="13.46" pos="150.69" lane="0/1to1/1_0" slope="0.00"/>
        <vehicle id="8" x="601.65" y="277.43" angle="180.00" type="DEFAULT_VEHTYPE" speed="13.83" pos="72.68" lane="3/1to3/2_0" slope="0.00"/>
        <vehicle id="9" x="221.89" y="401.65" angle="-90.00" type="DEFAULT_VEHTYPE" speed="10.59" pos="173.36" lane="2/2to1/2_0" slope="0.00"/>
    </timestep>
    <timestep time="154.00">
        <vehicle id="0" x="268.34" y="198.35" angle="90.00" type="DEFAULT_VEHTYPE" speed="13.28" pos="63.59" lane="1/1to2/1_0" slope="0.00"/>
        <vehicle id="1" x="601.65" y="230.92" angle="180.00" type="DEFAULT_VEHTYPE" speed="11.85" pos="26.17" lane="3/1to3/2_0" slope="0.00"/>
        <vehicle id="10" x="401.65" y="97.79" angle="180.00" type="DEFAULT_VEHTYPE" speed="13.47" pos="97.79" lane="2/0to2/1_0" slope="0.00"/>
        <vehicle id="11" x="401.65" y="32.67" angle="180.00" type="DEFAULT_VEHTYPE" speed="13.58" pos="32.67" lane="2/0to2/1_0" slope="0.00"/>
        <vehicle id="12" x="398.35" y="184.91" angle="0.00" type="DEFAULT_VEHTYPE" speed="13.35" pos="10.34" lane="2/1to2/0_0" slope="0.00"/>
        <vehicle id="13" x="201.65" y="173.34" angle="180.00" type="DEFAULT_VEHTYPE" speed="13.28" pos="173.34" lane="1/0to1/1_0" slope="0.00"/>
        <vehicle id="14" x="398.35" y="226.22" angle="0.00" type="DEFAULT_VEHTYPE" speed="13.17" pos="169.03" lane="2/2to2/1_0" slope="0.00"/>
        <vehicle id="4" x="332.63" y="201.65" angle="-90.00" type="DEFAULT_VEHTYPE" speed="13.25" pos="62.62" lane="2/1to1/1_0" slope="0.00"/>
        <vehicle id="5" x="198.35" y="299.01" angle="0.00" type="DEFAULT_VEHTYPE" speed="12.91" pos="96.24" lane="1/2to1/1_0" slope="0.00"/>
        <vehicle id="7" x="164.08" y="198.35" angle="90.00" type="DEFAULT_VEHTYPE" speed="13.40" pos="164.08" lane="0/1to1/1_0" slope="0.00"/>
        <vehicle id="8" x="601.65" y="291.29" angle="180.00" type="DEFAULT_VEHTYPE" speed="13.85" pos="86.54" lane="3/1to3/2_0" slope="0.00"/>
        <vehicle id="9" x="215.28" y="401.65" angle="-90.00" type="DEFAULT_VEHTYPE" speed="6.62" pos="179.97" lane="2/2to1/2_0" slope="0.00"/>
    </timestep>
    <timestep time="155.00">
        <vehicle id="0" x="281.93" y="198.35" angle="90.00" type="DEFAULT_VEHTYPE" speed="13.59" pos="77.18" lane="1/1to2/1_0" slope="0.00"/>
        <vehicle id="1" x="601.65" y="243.70" angle="180.00" type="DEFAULT_VEHTYPE" speed="12.78" pos="38.95" lane="3/1to3/2_0" slope="0.00"/>
        <vehicle id="10" x="401.65" y="111.48" angle="180.00" type="DEFAULT_VEHTYPE" speed="13.69" pos="111.48" lane="2/0to2/1_0" slope="0.00"/>
        <vehicle id="11" x="401.65" y="45.38" angle="180.00" type="DEFAULT_VEHTYPE" speed="12.71" pos="45.38" lane="2/0to2/1_0" slope="0.00"/>
        <vehicle id="12" x="398.35" y="171.49" angle="0.00" type="DEFAULT_VEHTYPE" speed="13.42" pos="23.76" lane="2/1to2/0_0" slope="0.00"/>
        <vehicle id="13" x="201.65" y="187.21" angle="180.00" type="DEFAULT_VEHTYPE" speed="13.86" pos="187.21" lane="1/0to1/1_0" slope="0.00"/>
        <vehicle id="14" x="398.35" y="212.36" angle="0.00" type="DEFAULT_VEHTYPE" speed="13.86" pos="182.89" lane="2/2to2/1_0" slope="0.00"/>
        <vehicle id="4" x="319.76" y="201.65" angle="-90.00" type="DEFAULT_VEHTYPE" speed="12.88" pos="75.49" lane="2/1to1/1_0" slope="0.00"/>
        <vehicle id="5" x="198.35" y="286.05" angle="0.00" type="DEFAULT_VEHTYPE" speed="12.97" pos="109.20" lane="1/2to1/1_0" slope="0.00"/>
        <vehicle id="7" x="175.10" y="198.35" angle="90.00" type="DEFAULT_VEHTYPE" speed="11.02" pos="175.10" lane="0/1to1/1_0" slope="0.00"/>
        <vehicle id="8" x="601.65" y="304.99" angle="180.00" type="DEFAULT_VEHTYPE" speed="13.71" pos="100.24" lane="3/1to3/2_0" slope="0.00"/>
        <vehicle id="9" x="210.99" y="401.65" angle="-90.00" type="DEFAULT_VEHTYPE" speed="4.29" pos="184.26" lane="2/2to1/2_0" slope="0.00"/>
    </timestep>
    <timestep time="156.00">
        <vehicle id="0" x="295.43" y="198.35" angle="90.00" type="DEFAULT_VEHTYPE" speed="13.50" pos="90.68" lane="1/1to2/1_0" slope="0.00"/>
        <vehicle id="1" x="601.65" y="257.49" angle="180.00" type="DEFAULT_VEHTYPE" speed="13.79" pos="52.74" lane="3/1to3/2_0" slope="0.00"/>
        <vehicle id="10" x="401.65" y="124.98" angle="180.00" type="DEFAULT_VEHTYPE" speed="13.49" pos="124.98" lane="2/0to2/1_0" slope="0.00"/>
        <vehicle id="11" x="401.65" y="58.52" angle="180.00" type="DEFAULT_VEHTYPE" speed="13.14" pos="58.52" lane="2/0to2/1_0" slope="0.00"/>
        <vehicle id="12" x="398.35" y="157.61" angle="0.00" type="DEFAULT_VEHTYPE" speed="13.88" pos="37.64" lane="2/1to2/0_0" slope="0.00"/>
        <vehicle id="13" x="204.71" y="198.34" angle="135.74" type="DEFAULT_VEHTYPE" speed="13.00" pos="4.96" lane=":1/1_8_0" slope="0.00"/>
        <vehicle id="14" x="398.35" y="198.47" angle="0.00" type="DEFAULT_VEHTYPE" speed="13.89" pos="6.28" lane=":2/1_1_0" slope="0.00"/>
        <vehicle id="4" x="306.43" y="201.65" angle="-90.00" type="DEFAULT_VEHTYPE" speed="13.33" pos="88.82" lane="2/1to1/1_0" slope="0.00"/>
        <vehicle id="5" x="198.35" y="272.83" angle="0.00" type="DEFAULT_VEHTYPE" speed="13.21" pos="122.42" lane="1/2to1/1_0" slope="0.00"/>
        <vehicle id="7" x="183.93" y="198.35" angle="90.00" type="DEFAULT_VEHTYPE" speed="8.83" pos="183.93" lane="0/1to1/1_0" slope="0.00"/>
        <vehicle id="8" x="601.65" y="317.93" angle="180.00" type="DEFAULT_VEHTYPE" speed="12.93" pos="113.18" lane="3/1to3/2_0" slope="0.00"/>
        <vehicle id="9" x="204.27" y="401.65" angle="-90.00" type="DEFAULT_VEHTYPE" speed="6.71" pos="0.48" lane=":1/2_5_0" slope="0.00"/>
    </timestep>
    <timestep time="157.00">
        <vehicle id="0" x="308.54" y="198.35" angle="90.00" type="DEFAULT_VEHTYPE" speed="13.11" pos="103.79" lane="1/1to2/1_0" slope="0.00"/>
        <vehicle id="1" x="601.65" y="271.27" angle="180.00" type="DEFAULT_VEHTYPE" speed="13.77" pos="66.52" lane="3/1to3/2_0" slope="0.00"/>
        <vehicle id="10" x="401.65" y="138.03" angle="180.00" type="DEFAULT_VEHTYPE" speed="13.05" pos="138.03" lane="2/0to2/1_0" slope="0.00"/>
        <vehicle id="11" x="401.65" y="71.20" angle="180.00" type="DEFAULT_VEHTYPE" speed="12.68" pos="71.20" lane="2/0to2/1_0" slope="0.00"/>
        <vehicle id="12" x="398.35" y="144.70" angle="0.00" type="DEFAULT_VEHTYPE" speed="12.91" pos="50.55" lane="2/1to2/0_0" slope="0.00"/>
        <vehicle id="13" x="218.12" y="198.35" angle="90.00" type="DEFAULT_VEHTYPE" speed="13.41" pos="13.37" lane="1/1to2/1_0" slope="0.00"/>
        <vehicle id="14" x="398.35" y="185.02" angle="0.00" type="DEFAULT_VEHTYPE" speed="13.45" pos="10.23" lane="2/1to2/0_0" slope="0.00"/>
        <vehicle id="4" x="292.95" y="201.65" angle="-90.00" type="DEFAULT_VEHTYPE" speed="13.48" pos="102.30" lane="2/1to1/1_0" slope="0.00"/>
        <vehicle id="5" x="198.35" y="259.40" angle="0.00" type="DEFAULT_VEHTYPE" speed="13.43" pos="135.85" lane="1/2to1/1_0" slope="0.00"/>
        <vehicle id="7" x="189.03" y="198.35" angle="90.00" type="DEFAULT_VEHTYPE" speed="5.10" pos="189.03" lane="0/1to1/1_0" slope="0.00"/>
        <vehicle id="8" x="601.65" y="331.11" angle="180.00" type="DEFAULT_VEHTYPE" speed="13.18" pos="126.36" lane="3/1to3/2_0" slope="0.00"/>
        <vehicle id="9" x="195.48" y="401.65" angle="-90.00" type="DEFAULT_VEHTYPE" speed="8.80" pos="9.27" lane=":1/2_5_0" slope="0.00"/>
    </timestep>
    <timestep time="158.00">
        <vehicle id="0" x="321.56" y="198.35" angle="90.00" type="DEFAULT_VEHTYPE" speed="13.02" pos="116.81" lane="1/1to2/1_0" slope="0.00"/>
        <vehicle id="1" x="601.65" y="284.38" angle="180.00" type="DEFAULT_VEHTYPE" speed="13.11" pos="79.63" lane="3/1to3/2_0" slope="0.00"/>
        <vehicle id="10" x="401.65" y="150.90" angle="180.00" type="DEFAULT_VEHTYPE" speed="12.88" pos="150.90" lane="2/0to2/1_0" slope="0.00"/>
        <vehicle id="11" x="401.65" y="84.47" angle="180.00" type="DEFAULT_VEHTYPE" speed="13.27" pos="84.47" lane="2/0to2/1_0" slope="0.00"/>
        <vehicle id="12" x="398.35" y="131.69" angle="0.00" type="DEFAULT_VEHTYPE" speed="13.01" pos="63.56" lane="2/1to2/0_0" slope="0.00"/>
        <vehicle id="13" x="231.75" y="198.35" angle="90.00" type="DEFAULT_VEHTYPE" speed="13.63" pos="27.00" lane="1/1to2/1_0" slope="0.00"/>
        <vehicle id="14" x="398.35" y="171.49" angle="0.00" type="DEFAULT_VEHTYPE" speed="13.53" pos="23.76" lane="2/1to2/0_0" slope="0.00"/>
        <vehicle id="4" x="280.15" y="201.65" angle="-90.00" type="DEFAULT_VEHTYPE" speed="12.80" pos="115.10" lane="2/1to1/1_0" slope="0.00"/>
        <vehicle id="5" x="198.35" y="246.26" angle="0.00" type="DEFAULT_VEHTYPE" speed="13.15" pos="148.99" lane="1/2to1/1_0" slope="0.00"/>
        <vehicle id="7" x="195.81" y="198.27" angle="89.11" type="DEFAULT_VEHTYPE" speed="6.78" pos="0.56" lane=":1/1_12_0" slope="0.00"/>
        <vehicle id="8" x="601.65" y="344.80" angle="180.00" type="DEFAULT_VEHTYPE" speed="13.69" pos="140.05" lane="3/1to3/2_0" slope="0.00"/>
        <vehicle id="9" x="184.42" y="401.65" angle="-90.00" type="DEFAULT_VEHTYPE" speed="11.05" pos="10.83" lane="1/2to0/2_0" slope="0.00"/>
    </timestep>
    <timestep time="159.00">
        <vehicle id="0" x="335.17" y="198.35" angle="90.00" type="DEFAULT_VEHTYPE" speed="13.61" pos="130.42" lane="1/1to2/1_0" slope="0.00"/>
        <vehicle id="1" x="601.65" y="297.61" angle="180.00" type="DEFAULT_VEHTYPE" speed="13.23" pos="92.86" lane="3/1to3/2_0" slope="0.00"/>
        <vehicle id="10" x="401.65" y="163.92" angle="180.00" type="DEFAULT_VEHTYPE" speed="13.01" pos="163.92" lane="2/0to2/1_0" slope="0.00"/>
        <vehicle id="11" x="401.65" y="97.79" angle="180.00" type="DEFAULT_VEHTYPE" speed="13.32" pos="97.79" lane="2/0to2/1_0" slope="0.00"/>
        <vehicle id="12" x="398.35" y="118.63" angle="0.00" type="DEFAULT_VEHTYPE" speed="13.06" pos="76.62" lane="2/1to2/0_0" slope="0.00"/>
        <vehicle id="13" x="245.13" y="198.35" angle="90.00" type="DEFAULT_VEHTYPE" speed="13.38" pos="40.38" lane="1/1to2/1_0" slope="0.00"/>
        <vehicle id="14" x="398.35" y="158.29" angle="0.00" type="DEFAULT_VEHTYPE" speed="13.19" pos="36.96" lane="2/1to2/0_0" slope="0.00"/>
        <vehicle id="4" x="267.41" y="201.65" angle="-90.00" type="DEFAULT_VEHTYPE" speed="12.74" pos="127.84" lane="2/1to1/1_0" slope="0.00"/>
        <vehicle id="5" x="198.35" y="232.46" angle="0.00" type="DEFAULT_VEHTYPE" speed="13.80" pos="162.79" lane="1/2to1/1_0" slope="0.00"/>
        <vehicle id="7" x="198.35" y="191.25" angle="1.59" type="DEFAULT_VEHTYPE" speed="8.44" pos="4.00" lane="1/1to1/0_0" slope="0.00"/>
        <vehicle id="8" x="601.65" y="357.86" angle="180.00" type="DEFAULT_VEHTYPE" speed="13.06" pos="153.11" lane="3/1to3/2_0" slope="0.00"/>
        <vehicle id="9" x="171.66" y="401.65" angle="-90.00" type="DEFAULT_VEHTYPE" speed="12.76" pos="23.59" lane="1/2to0/2_0" slope="0.00"/>
    </timestep>
    <timestep time="160.00">
        <vehicle id="0" x="348.63" y="198.35" angle="90.00" type="DEFAULT_VEHTYPE" speed="13.46" pos="143.88" lane="1/1to2/1_0" slope="0.00"/>
        <vehicle id="1" x="601.65" y="311.18" angle="180.00" type="DEFAULT_VEHTYPE" speed="13.57" pos="106.43" lane="3/1to3/2_0" slope="0.00"/>
        <vehicle id="10" x="401.65" y="177.39" angle="180.00" type="DEFAULT_VEHTYPE" speed="13.47" pos="177.39" lane="2/0to2/1_0" slope="0.00"/>
        <vehicle id="11" x="401.65" y="110.64" angle="180.00" type="DEFAULT_VEHTYPE" speed="12.85" pos="110.64" lane="2/0to2/1_0" slope="0.00"/>
        <vehicle id="12" x="398.35" y="105.47" angle="0.00" type="DEFAULT_VEHTYPE" speed="13.16" pos="89.78" lane="2/1to2/0_0" slope="0.00"/>
        <vehicle id="13" x="258.59" y="198.35" angle="90.00" type="DEFAULT_VEHTYPE" speed="13.47" pos="53.84" lane="1/1to2/1_0" slope="0.00"/>
        <vehicle id="14" x="398.35" y="144.90" angle="0.00" type="DEFAULT_VEHTYPE" speed="13.39" pos="50.35" lane="2/1to2/0_0" slope="0.00"/>
        <vehicle id="4" x="254.47" y="201.65" angle="-90.00" type="DEFAULT_VEHTYPE" speed="12.95" pos="140.78" lane="2/1to1/1_0" slope="0.00"/>
        <vehicle id="5" x="198.35" y="218.59" angle="0.00" type="DEFAULT_VEHTYPE" speed="13.87" pos="176.66" lane="1/2to1/1_0" slope="0.00"/>
        <vehicle id="7" x="198.35" y="180.36" angle="0.00" type="DEFAULT_VEHTYPE" speed="10.89" pos="14.89" lane="1/1to1/0_0" slope="0.00"/>
        <vehicle id="8" x="601.65" y="370.36" angle="180.00" type="DEFAULT_VEHTYPE" speed="12.49" pos="165.61" lane="3/1to3/2_0" slope="0.00"/>
        <vehicle id="9" x="158.34" y="401.65" angle="-90.00" type="DEFAULT_VEHTYPE" speed="13.32" pos="36.91" lane="1/2to0/2_0" slope="0.00"/>
    </timestep>
    <timestep time="161.00">
        <vehicle id="0" x="362.46" y="198.35" angle="90.00" type="DEFAULT_VEHTYPE" speed="13.83" pos="157.71" lane="1/1to2/1_0" slope="0.00"/>
        <vehicle id="1" x="601.65" y="323.89" angle="180.00" type="DEFAULT_VEHTYPE" speed="12.71" pos="119.14" lane="3/1to3/2_0" slope="0.00"/>
        <vehicle id="10" x="401.65" y="190.03" angle="180.00" type="DEFAULT_VEHTYPE" speed="12.64" pos="190.03" lane="2/0to2/1_0" slope="0.00"/>
        <vehicle id="11" x="401.65" y="123.34" angle="180.00" type="DEFAULT_VEHTYPE" speed="12.70" pos="123.34" lane="2/0to2/1_0" slope="0.00"/>
        <vehicle id="12" x="398.35" y="92.83" angle="0.00" type="DEFAULT_VEHTYPE" speed="12.64" pos="102.42" lane="2/1to2/0_0" slope="0.00"/>
        <vehicle id="13" x="271.31" y="198.35" angle="90.00" type="DEFAULT_VEHTYPE" speed="12.71" pos="66.56" lane="1/1to2/1_0" slope="0.00"/>
        <vehicle id="14" x="398.35" y="131.58" angle="0.00" type="DEFAULT_VEHTYPE" speed="13.33" pos="63.67" lane="2/1to2/0_0" slope="0.00"/>
        <vehicle id="4" x="241.74" y="201.65" angle="-90.00" type="DEFAULT_VEHTYPE" speed="12.72" pos="153.51" lane="2/1to1/1_0" slope="0.00"/>
        <vehicle id="5" x="198.35" y="205.29" angle="0.00" type="DEFAULT_VEHTYPE" speed="13.29" pos="189.96" lane="1/2to1/1_0" slope="0.00"/>
        <vehicle id="7" x="198.35" y="168.13" angle="0.00" type="DEFAULT_VEHTYPE" speed="12.23" pos="27.12" lane="1/1to1/0_0" slope="0.00"/>
        <vehicle id="8" x="601.65" y="380.09" angle="180.00" type="DEFAULT_VEHTYPE" speed="9.73" pos="175.34" lane="3/1to3/2_0" slope="0.00"/>
        <vehicle id="9" x="144.77" y="401.65" angle="-90.00" type="DEFAULT_VEHTYPE" speed="13.57" pos="50.48" lane="1/2to0/2_0" slope="0.00"/>
    </timestep>
    <timestep time="162.00">
        <vehicle id="0" x="374.05" y="198.35" angle="90.00" type="DEFAULT_VEHTYPE" speed="11.59" pos="169.30" lane="1/1to2/1_0" slope="0.00"/>
        <vehicle id="1" x="601.65" y="336.89" angle="180.00" type="DEFAULT_VEHTYPE" speed="13.01" pos="132.14" lane="3/1to3/2_0" slope="0.00"/>
        <vehicle id="10" x="408.42" y="198.35" angle="92.13" type="DEFAULT_VEHTYPE" speed="13.88" pos="3.67" lane="2/1to3/1_0" slope="0.00"/>
        <vehicle id="11" x="401.65" y="136.58" angle="180.00" type="DEFAULT_VEHTYPE" speed="13.24" pos="136.58" lane="2/0to2/1_0" slope="0.00"/>
        <vehicle id="12" x="398.35" y="80.01" angle="0.00" type="DEFAULT_VEHTYPE" speed="12.82" pos="115.24" lane="2/1to2/0_0" slope="0.00"/>
        <vehicle id="13" x="284.08" y="198.35" angle="90.00" type="DEFAULT_VEHTYPE" speed="12.78" pos="79.33" lane="1/1to2/1_0" slope="0.00"/>
        <vehicle id="14" x="398.35" y="117.71" angle="0.00" type="DEFAULT_VEHTYPE" speed="13.86" pos="77.54" lane="2/1to2/0_0" slope="0.00"/>
        <vehicle id="4" x="228.75" y="201.65" angle="-90.00" type="DEFAULT_VEHTYPE" speed="12.99" pos="166.50" lane="2/1to1/1_0" slope="0.00"/>
        <vehicle id="5" x="186.90" y="201.65" angle="-90.00" type="DEFAULT_VEHTYPE" speed="13.89" pos="8.35" lane="1/1to0/1_0" slope="0.00"/>
        <vehicle id="7" x="198.35" y="155.33" angle="0.00" type="DEFAULT_VEHTYPE" speed="12.81" pos="39.92" lane="1/1to1/0_0" slope="0.00"/>
        <vehicle id="8" x="601.65" y="386.63" angle="180.00" type="DEFAULT_VEHTYPE" speed="6.54" pos="181.88" lane="3/1to3/2_0" slope="0.00"/>
        <vehicle id="9" x="132.09" y="401.65" angle="-90.00" type="DEFAULT_VEHTYPE" speed="12.67" pos="63.16" lane="1/2to0/2_0" slope="0.00"/>
    </timestep>
    <timestep time="163.00">
        <vehicle id="0" x="382.46" y="198.35" angle="90.00" type="DEFAULT_VEHTYPE" speed="8.42" pos="177.71" lane="1/1to2/1_0" slope="0.00"/>
        <vehicle id="1" x="601.65" y="350.04" angle="180.00" type="DEFAULT_VEHTYPE" speed="13.14" pos="145.29" lane="3/1to3/2_0" slope="0.00"/>
        <vehicle id="10" x="421.87" y="198.35" angle="90.00" type="DEFAULT_VEHTYPE" speed="13.45" pos="17.12" lane="2/1to3/1_0" slope="0.00"/>
        <vehicle id="11" x="401.65" y="149.62" angle="180.00" type="DEFAULT_VEHTYPE" speed="13.04" pos="149.62" lane="2/0to2/1_0" slope="0.00"/>
        <vehicle id="12" x="398.35" y="67.04" angle="0.00" type="DEFAULT_VEHTYPE" speed="12.97" pos="128.21" lane="2/1to2/0_0" slope="0.00"/>
        <vehicle id="13" x="297.15" y="198.35" angle="90.00" type="DEFAULT_VEHTYPE" speed="13.06" pos="92.40" lane="1/1to2/1_0" slope="0.00"/>
        <vehicle id="14" x="398.35" y="104.47" angle="0.00" type="DEFAULT_VEHTYPE" speed="13.25" pos="90.78" lane="2/1to2/0_0" slope="0.00"/>
        <vehicle id="4" x="218.91" y="201.65" angle="-90.00" type="DEFAULT_VEHTYPE" speed="9.84" pos="176.34" lane="2/1to1/1_0" slope="0.00"/>
        <vehicle id="5" x="173.62" y="201.65" angle="-90.00" type="DEFAULT_VEHTYPE" speed="13.28" pos="21.63" lane="1/1to0/1_0" slope="0.00"/>
        <vehicle id="7" x="198.35" y="142.56" angle="0.00" type="DEFAULT_VEHTYPE" speed="12.76" pos="52.69" lane="1/1to1/0_0" slope="0.00"/>
        <vehicle id="8" x="601.65" y="390.16" angle="180.00" type="DEFAULT_VEHTYPE" speed="3.53" pos="185.41" lane="3/1to3/2_0" slope="0.00"/>
        <vehicle id="9" x="118.89" y="401.65" angle="-90.00" type="DEFAULT_VEHTYPE" speed="13.21" pos="76.36" lane="1/2to0/2_0" slope="0.00"/>
    </timestep>
    <timestep time="164.00">
        <vehicle id="0" x="387.65" y="198.35" angle="90.00" type="DEFAULT_VEHTYPE" speed="5.18" pos="182.90" lane="1/1to2/1_0" slope="0.00"/>
        <vehicle id="1" x="601.65" y="362.93" angle="180.00" type="DEFAULT_VEHTYPE" speed="12.90" pos="158.18" lane="3/1to3/2_0" slope="0.00"/>
        <vehicle id="10" x="435.16" y="198.35" angle="90.00" type="DEFAULT_VEHTYPE" speed="13.29" pos="30.41" lane="2/1to3/1_0" slope="0.00"/>
        <vehicle id="11" x="401.65" y="162.61" angle="180.00" type="DEFAULT_VEHTYPE" speed="12.99" pos="162.61" lane="2/0to2/1_0" slope="0.00"/>
        <vehicle id="12" x="398.35" y="53.85" angle="0.00" type="DEFAULT_VEHTYPE" speed="13.19" pos="141.40" lane="2/1to2/0_0" slope="0.00"/>
        <vehicle id="13" x="309.75" y="198.35" angle="90.00" type="DEFAULT_VEHTYPE" speed="12.60" pos="105.00" lane="1/1to2/1_0" slope="0.00"/>
        <vehicle id="14" x="398.35" y="90.58" angle="0.00" type="DEFAULT_VEHTYPE" speed="13.88" pos="104.67" lane="2/1to2/0_0" slope="0.00"/>
        <vehicle id="4" x="213.42" y="201.65" angle="-90.00" type="DEFAULT_VEHTYPE" speed="5.49" pos="181.83" lane="2/1to1/1_0" slope="0.00"/>
        <vehicle id="5" x="160.34" y="201.65" angle="-90.00" type="DEFAULT_VEHTYPE" speed="13.28" pos="34.91" lane="1/1to0/1_0" slope="0.00"/>
        <vehicle id="7" x="198.35" y="129.05" angle="0.00" type="DEFAULT_VEHTYPE" speed="13.51" pos="66.20" lane="1/1to1/0_0" slope="0.00"/>
        <vehicle id="8" x="601.53" y="396.09" angle="-178.63" type="DEFAULT_VEHTYPE" speed="5.94" pos="0.85" lane=":3/2_10_0" slope="0.00"/>
        <vehicle id="9" x="106.06" y="401.65" angle="-90.00" type="DEFAULT_VEHTYPE" speed="12.83" pos="89.19" lane="1/2to0/2_0" slope="0.00"/>
    </timestep>
    <timestep time="165.00">
        <vehicle id="0" x="390.14" y="198.35" angle="90.00" type="DEFAULT_VEHTYPE" speed="2.49" pos="185.39" lane="1/1to2/1_0" slope="0.00"/>
        <vehicle id="1" x="601.65" y="374.23" angle="180.00" type="DEFAULT_VEHTYPE" speed="11.30" pos="169.48" lane="3/1to3/2_0" slope="0.00"/>
        <vehicle id="10" x="447.96" y="198.35" angle="90.00" type="DEFAULT_VEHTYPE" speed="12.81" pos="43.21" lane="2/1to3/1_0" slope="0.00"/>
        <vehicle id="11" x="401.65" y="175.46" angle="180.00" type="DEFAULT_VEHTYPE" speed="12.85" pos="175.46" lane="2/0to2/1_0" slope="0.00"/>
        <vehicle id="12" x="398.35" y="40.31" angle="0.00" type="DEFAULT_VEHTYPE" speed="13.54" pos="154.94" lane="2/1to2/0_0" slope="0.00"/>
        <vehicle id="13" x="322.57" y="198.35" angle="90.00" type="DEFAULT_VEHTYPE" speed="12.82" pos="117.82" lane="1/1to2/1_0" slope="0.00"/>
        <vehicle id="14" x="398.35" y="77.87" angle="0.00" type="DEFAULT_VEHTYPE" speed="12.72" pos="117.38" lane="2/1to2/0_0" slope="0.00"/>
        <vehicle id="4" x="210.42" y="201.65" angle="-90.00" type="DEFAULT_VEHTYPE" speed="3.00" pos="184.83" lane="2/1to1/1_0" slope="0.00"/>
        <vehicle id="5" x="146.60" y="201.65" angle="-90.00" type="DEFAULT_VEHTYPE" speed="13.74" pos="48.65" lane="1/1to0/1_0" slope="0.00"/>
        <vehicle id="7" x="198.35" y="115.18" angle="0.00" type="DEFAULT_VEHTYPE" speed="13.87" pos="80.07" lane="1/1to1/0_0" slope="0.00"/>
        <vehicle id="8" x="596.73" y="401.44" angle="-122.27" type="DEFAULT_VEHTYPE" speed="7.98" pos="1.69" lane=":3/2_18_0" slope="0.00"/>
        <vehicle id="9" x="92.21" y="401.65" angle="-90.00" type="DEFAULT_VEHTYPE" speed="13.85" pos="103.04" lane="1/2to0/2_0" slope="0.00"/>
    </timestep>
    <timestep time="166.00">
        <vehicle id="0" x="392.05" y="198.35" angle="90.00" type="DEFAULT_VEHTYPE" speed="1.91" pos="187.30" lane="1/1to2/1_0" slope="0.00"/>
        <vehicle id="1" x="601.65" y="383.17" angle="180.00" type="DEFAULT_VEHTYPE" speed="8.94" pos="178.42" lane="3/1to3/2_0" slope="0.00"/>
        <vehicle id="10" x="460.86" y="198.35" angle="90.00" type="DEFAULT_VEHTYPE" speed="12.89" pos="56.11" lane="2/1to3/1_0" slope="0.00"/>
        <vehicle id="11" x="401.65" y="189.17" angle="180.00" type="DEFAULT_VEHTYPE" speed="13.71" pos="189.17" lane="2/0to2/1_0" slope="0.00"/>
        <vehicle id="12" x="398.35" y="27.48" angle="0.00" type="DEFAULT_VEHTYPE" speed="12.83" pos="167.77" lane="2/1to2/0_0" slope="0.00"/>
        <vehicle id="13" x="335.41" y="198.35" angle="90.00" type="DEFAULT_VEHTYPE" speed="12.84" pos="130.66" lane="1/1to2/1_0" slope="0.00"/>
        <vehicle id="14" x="398.35" y="64.56" angle="0.00" type="DEFAULT_VEHTYPE" speed="13.31" pos="130.69" lane="2/1to2/0_0" slope="0.00"/>
        <vehicle id="4" x="206.02" y="201.65" angle="-90.00" type="DEFAULT_VEHTYPE" speed="4.40" pos="189.23" lane="2/1to1/1_0" slope="0.00"/>
        <vehicle id="5" x="132.79" y="201.65" angle="-90.00" type="DEFAULT_VEHTYPE" speed="13.81" pos="62.46" lane="1/1to0/1_0" slope="0.00"/>
        <vehicle id="7" x="198.35" y="101.44" angle="0.00" type="DEFAULT_VEHTYPE" speed="13.75" pos="93.81" lane="1/1to1/0_0" slope="0.00"/>
        <vehicle id="8" x="587.16" y="401.65" angle="-90.00" type="DEFAULT_VEHTYPE" speed="9.58" pos="8.09" lane="3/2to2/2_0" slope="0.00"/>
        <vehicle id="9" x="79.20" y="401.65" angle="-90.00" type="DEFAULT_VEHTYPE" speed="13.01" pos="116.05" lane="1/2to0/2_0" slope="0.00"/>
    </timestep>
    <timestep time="167.00">
        <vehicle id="0" x="392.69" y="198.35" angle="90.00" type="DEFAULT_VEHTYPE" speed="0.64" pos="187.94" lane="1/1to2/1_0" slope="0.00"/>
        <vehicle id="1" x="601.65" y="388.22" angle="180.00" type="DEFAULT_VEHTYPE" speed="5.05" pos="183.47" lane="3/1to3/2_0" slope="0.00"/>
        <vehicle id="10" x="474.56" y="198.35" angle="90.00" type="DEFAULT_VEHTYPE" speed="13.70" pos="69.81" lane="2/1to3/1_0" slope="0.00"/>
        <vehicle id="11" x="406.98" y="198.35" angle="102.03" type="DEFAULT_VEHTYPE" speed="13.31" pos="2.23" lane="2/1to3/1_0" slope="0.00"/>
        <vehicle id="12" x="398.35" y="13.64" angle="0.00" type="DEFAULT_VEHTYPE" speed="13.84" pos="181.61" lane="2/1to2/0_0" slope="0.00"/>
        <vehicle id="13" x="348.09" y="198.35" angle="90.00" type="DEFAULT_VEHTYPE" speed="12.68" pos="143.34" lane="1/1to2/1_0" slope="0.00"/>
        <vehicle id="14" x="398.35" y="51.07" angle="0.00" type="DEFAULT_VEHTYPE" speed="13.49" pos="144.18" lane="2/1to2/0_0" slope="0.00"/>
        <vehicle id="4" x="201.69" y="204.45" angle="-129.77" type="DEFAULT_VEHTYPE" speed="5.97" pos="4.70" lane=":1/1_4_0" slope="0.00"/>
        <vehicle id="5" x="119.77" y="201.65" angle="-90.00" type="DEFAULT_VEHTYPE" speed="13.03" pos="75.48" lane="1/1to0/1_0" slope="0.00"/>
        <vehicle id="7" x="198.35" y="88.32" angle="0.00" type="DEFAULT_VEHTYPE" speed="13.11" pos="106.93" lane="1/1to1/0_0" slope="0.00"/>
        <vehicle id="8" x="575.27" y="401.65" angle="-90.00" type="DEFAULT_VEHTYPE" speed="11.89" pos="19.98" lane="3/2to2/2_0" slope="0.00"/>
        <vehicle id="9" x="65.69" y="401.65" angle="-90.00" type="DEFAULT_VEHTYPE" speed="13.51" pos="129.56" lane="1/2to0/2_0" slope="0.00"/>
    </timestep>
    <timestep time="168.00">
        <vehicle id="0" x="392.73" y="198.35" angle="90.00" type="DEFAULT_VEHTYPE" speed="0.04" pos="187.98" lane="1/1to2/1_0" slope="0.00"/>
        <vehicle id="1" x="601.65" y="390.38" angle="180.00" type="DEFAULT_VEHTYPE" speed="2.16" pos="185.63" lane="3/1to3/2_0" slope="0.00"/>
        <vehicle id="10" x="487.93" y="198.35" angle="90.00" type="DEFAULT_VEHTYPE" speed="13.38" pos="83.18" lane="2/1to3/1_0" slope="0.00"/>
        <vehicle id="11" x="420.19" y="198.35" angle="90.00" type="DEFAULT_VEHTYPE" speed="13.21" pos="15.44" lane="2/1to3/1_0" slope="0.00"/>
        <vehicle id="12" x="398.45" y="-0.16" angle="1.21" type="DEFAULT_VEHTYPE" speed="13.83" pos="0.19" lane=":2/0_0_0" slope="0.00"/>
        <vehicle id="13" x="361.82" y="198.35" angle="90.00" type="DEFAULT_VEHTYPE" speed="13.73" pos="157.07" lane="1/1to2/1_0" slope="0.00"/>
        <vehicle id="14" x="398.35" y="37.77" angle="0.00" type="DEFAULT_VEHTYPE" speed="13.30" pos="157.48" lane="2/1to2/0_0" slope="0.00"/>
        <vehicle id="4" x="201.65" y="212.12" angle="180.00" type="DEFAULT_VEHTYPE" speed="7.68" pos="7.37" lane="1/1to1/2_0" slope="0.00"/>
        <vehicle id="5" x="106.45" y="201.65" angle="-90.00" type="DEFAULT_VEHTYPE" speed="13.32" pos="88.80" lane="1/1to0/1_0" slope="0.00"/>
        <vehicle id="7" x="198.35" y="74.72" angle="0.00" type="DEFAULT_VEHTYPE" speed="13.60" pos="120.53" lane="1/1to1/0_0" slope="0.00"/>
        <vehicle id="8" x="561.90" y="401.65" angle="-90.00" type="DEFAULT_VEHTYPE" speed="13.37" pos="33.35" lane="3/2to2/2_0" slope="0.00"/>
        <vehicle id="9" x="52.95" y="401.65" angle="-90.00" type="DEFAULT_VEHTYPE" speed="12.74" pos="142.30" lane="1/2to0/2_0" slope="0.00"/>
    </timestep>
    <timestep time="169.00">
        <vehicle id="0" x="394.26" y="198.35" angle="90.00" type="DEFAULT_VEHTYPE" speed="1.54" pos="189.51" lane="1/1to2/1_0" slope="0.00"/>
        <vehicle id="1" x="601.65" y="394.00" angle="180.00" type="DEFAULT_VEHTYPE" speed="3.62" pos="189.25" lane="3/1to3/2_0" slope="0.00"/>
        <vehicle id="10" x="500.74" y="198.35" angle="90.00" type="DEFAULT_VEHTYPE" speed="12.81" pos="95.99" lane="2/1to3/1_0" slope="0.00"/>
        <vehicle id="11" x="432.87" y="198.35" angle="90.00" type="DEFAULT_VEHTYPE" speed="12.68" pos="28.12" lane="2/1to3/1_0" slope="0.00"/>
        <vehicle id="12" x="401.65" y="9.18" angle="180.00" type="DEFAULT_VEHTYPE" speed="13.81" pos="9.18" lane="2/0to2/1_0" slope="0.00"/>
        <vehicle id="13" x="371.27" y="198.35" angle="90.00" type="DEFAULT_VEHTYPE" speed="9.45" pos="166.52" lane="1/1to2/1_0" slope="0.00"/>
        <vehicle id="14" x="398.35" y="24.83" angle="0.00" type="DEFAULT_VEHTYPE" speed="12.93" pos="170.42" lane="2/1to2/0_0" slope="0.00"/>
        <vehicle id="4" x="201.65" y="222.36" angle="180.00" type="DEFAULT_VEHTYPE" speed="10.24" pos="17.61" lane="1/1to1/2_0" slope="0.00"/>
        <vehicle id="5" x="93.16" y="201.65" angle="-90.00" type="DEFAULT_VEHTYPE" speed="13.29" pos="102.09" lane="1/1to0/1_0" slope="0.00"/>
        <vehicle id="7" x="198.35" y="61.96" angle="0.00" type="DEFAULT_VEHTYPE" speed="12.77" pos="133.29" lane="1/1to1/0_0" slope="0.00"/>
        <vehicle id="8" x="548.11" y="401.65" angle="-90.00" type="DEFAULT_VEHTYPE" speed="13.79" pos="47.14" lane="3/2to2/2_0" slope="0.00"/>
        <vehicle id="9" x="39.15" y="401.65" angle="-90.00" type="DEFAULT_VEHTYPE" speed="13.80" pos="156.10" lane="1/2to0/2_0" slope="0.00"/>
    </timestep>
    <timestep time="170.00">
        <vehicle id="0" x="397.66" y="198.35" angle="90.00" type="DEFAULT_VEHTYPE" speed="3.40" pos="2.41" lane=":2/1_13_0" slope="0.00"/>
        <vehicle id="1" x="600.63" y="399.08" angle="-168.06" type="DEFAULT_VEHTYPE" speed="5.27" pos="4.02" lane=":3/2_10_0" slope="0.00"/>
        <vehicle id="10" x="513.55" y="198.35" angle="90.00" type="DEFAULT_VEHTYPE" speed="12.81" pos="108.80" lane="2/1to3/1_0" slope="0.00"/>
        <vehicle id="11" x="446.19" y="198.35" angle="90.00" type="DEFAULT_VEHTYPE" speed="13.31" pos="41.44" lane="2/1to3/1_0" slope="0.00"/>
        <vehicle id="12" x="401.65" y="22.58" angle="180.00" type="DEFAULT_VEHTYPE" speed="13.40" pos="22.58" lane="2/0to2/1_0" slope="0.00"/>
        <vehicle id="13" x="379.35" y="198.35" angle="90.00" type="DEFAULT_VEHTYPE" speed="8.08" pos="174.60" lane="1/1to2/1_0" slope="0.00"/>
        <vehicle id="14" x="398.35" y="11.48" angle="0.00" type="DEFAULT_VEHTYPE" speed="13.35" pos="183.77" lane="2/1to2/0_0" slope="0.00"/>
        <vehicle id="4" x="201.65" y="234.96" angle="180.00" type="DEFAULT_VEHTYPE" speed="12.60" pos="30.21" lane="1/1to1/2_0" slope="0.00"/>
        <vehicle id="5" x="79.80" y="201.65" angle="-90.00" type="DEFAULT_VEHTYPE" speed="13.36" pos="115.45" lane="1/1to0/1_0" slope="0.00"/>
        <vehicle id="7" x="198.35" y="48.60" angle="0.00" type="DEFAULT_VEHTYPE" speed="13.36" pos="146.65" lane="1/1to1/0_0" slope="0.00"/>
        <vehicle id="8" x="534.82" y="401.65" angle="-90.00" type="DEFAULT_VEHTYPE" speed="13.29" pos="60.43" lane="3/2to2/2_0" slope="0.00"/>
        <vehicle id="9" x="26.16" y="401.65" angle="-90.00" type="DEFAULT_VEHTYPE" speed="13.00" pos="169.09" lane="1/2to0/2_0" slope="0.00"/>
    </timestep>
    <timestep time="171.00">
        <vehicle id="0" x="403.30" y="198.35" angle="90.00" type="DEFAULT_VEHTYPE" speed="5.63" pos="8.05" lane=":2/1_13_0" slope="0.00"/>
        <vehicle id="1" x="594.71" y="401.65" angle="-104.65" type="DEFAULT_VEHTYPE" speed="6.84" pos="0.54" lane="3/2to2/2_0" slope="0.00"/>
        <vehicle id="10" x="526.20" y="198.35" angle="90.00" type="DEFAULT_VEHTYPE" speed="12.65" pos="121.45" lane="2/1to3/1_0" slope="0.00"/>
        <vehicle id="11" x="459.27" y="198.35" angle="90.00" type="DEFAULT_VEHTYPE" speed="13.08" pos="54.52" lane="2/1to3/1_0" slope="0.00"/>
        <vehicle id="12" x="401.65" y="35.20" angle="180.00" type="DEFAULT_VEHTYPE" speed="12.62" pos="35.20" lane="2/0to2/1_0" slope="0.00"/>
        <vehicle id="13" x="385.04" y="198.35" angle="90.00" type="DEFAULT_VEHTYPE" speed="5.69" pos="180.29" lane="1/1to2/1_0" slope="0.00"/>
        <vehicle id="14" x="399.28" y="-1.29" angle="11.19" type="DEFAULT_VEHTYPE" speed="13.09" pos="1.61" lane=":2/0_0_0" slope="0.00"/>
        <vehicle id="4" x="201.65" y="248.39" angle="180.00" type="DEFAULT_VEHTYPE" speed="13.43" pos="43.64" lane="1/1to1/2_0" slope="0.00"/>
        <vehicle id="5" x="66.37" y="201.65" angle="-90.00" type="DEFAULT_VEHTYPE" speed="13.43" pos="128.88" lane="1/1to0/1_0" slope="0.00"/>
        <vehicle id="7" x="198.35" y="35.18" angle="0.00" type="DEFAULT_VEHTYPE" speed="13.42" pos="160.07" lane="1/1to1/0_0" slope="0.00"/>
        <vehicle id="8" x="521.74" y="401.65" angle="-90.00" type="DEFAULT_VEHTYPE" speed="13.08" pos="73.51" lane="3/2to2/2_0" slope="0.00"/>
        <vehicle id="9" x="12.34" y="401.65" angle="-90.00" type="DEFAULT_VEHTYPE" speed="13.81" pos="182.91" lane="1/2to0/2_0" slope="0.00"/>
    </timestep>
    <timestep time="172.00">
        <vehicle id="0" x="410.98" y="198.35" angle="90.00" type="DEFAULT_VEHTYPE" speed="7.68" pos="6.23" lane="2/1to3/1_0" slope="0.00"/>
        <vehicle id="1" x="585.87" y="401.65" angle="-90.00" type="DEFAULT_VEHTYPE" speed="8.83" pos="9.38" lane="3/2to2/2_0" slope="0.00"/>
        <vehicle id="10" x="539.93" y="198.35" angle="90.00" type="DEFAULT_VEHTYPE" speed="13.73" pos="135.18" lane="2/1to3/1_0" slope="0.00"/>
        <vehicle id="11" x="472.33" y="198.35" angle="90.00" type="DEFAULT_VEHTYPE" speed="13.07" pos="67.58" lane="2/1to3/1_0" slope="0.00"/>
        <vehicle id="12" x="401.65" y="48.40" angle="180.00" type="DEFAULT_VEHTYPE" speed="13.20" pos="48.40" lane="2/0to2/1_0" slope="0.00"/>
        <vehicle id="13" x="388.96" y="198.35" angle="90.00" type="DEFAULT_VEHTYPE" speed="3.92" pos="184.21" lane="1/1to2/1_0" slope="0.00"/>
        <vehicle id="14" x="401.65" y="10.53" angle="180.00" type="DEFAULT_VEHTYPE" speed="13.74" pos="10.53" lane="2/0to2/1_0" slope="0.00"/>
        <vehicle id="4" x="201.65" y="261.04" angle="180.00" type="DEFAULT_VEHTYPE" speed="12.65" pos="56.29" lane="1/1to1/2_0" slope="0.00"/>
        <vehicle id="5" x="52.95" y="201.65" angle="-90.00" type="DEFAULT_VEHTYPE" speed="13.42" pos="142.30" lane="1/1to0/1_0" slope="0.00"/>
        <vehicle id="7" x="198.35" y="22.26" angle="0.00" type="DEFAULT_VEHTYPE" speed="12.92" pos="172.99" lane="1/1to1/0_0" slope="0.00"/>
        <vehicle id="8" x="509.11" y="401.65" angle="-90.00" type="DEFAULT_VEHTYPE" speed="12.63" pos="86.14" lane="3/2to2/2_0" slope="0.00"/>
        <vehicle id="9" x="-0.63" y="401.24" angle="-85.15" type="DEFAULT_VEHTYPE" speed="13.09" pos="0.75" lane=":0/2_0_0" slope="0.00"/>
    </timestep>
    <timestep time="173.00">
        <vehicle id="0" x="420.81" y="198.35" angle="90.00" type="DEFAULT_VEHTYPE" speed="9.83" pos="16.06" lane="2/1to3/1_0" slope="0.00"/>
        <vehicle id="1" x="574.81" y="401.65" angle="-90.00" type="DEFAULT_VEHTYPE" speed="11.07" pos="20.44" lane="3/2to2/2_0" slope="0.00"/>
        <vehicle id="10" x="553.77" y="198.35" angle="90.00" type="DEFAULT_VEHTYPE" speed="13.84" pos="149.02" lane="2/1to3/1_0" slope="0.00"/>
        <vehicle id="11" x="485.15" y="198.35" angle="90.00" type="DEFAULT_VEHTYPE" speed="12.82" pos="80.40" lane="2/1to3/1_0" slope="0.00"/>
        <vehicle id="12" x="401.65" y="61.35" angle="180.00" type="DEFAULT_VEHTYPE" speed="12.95" pos="61.35" lane="2/0to2/1_0" slope="0.00"/>
        <vehicle id="13" x="394.77" y="198.35" angle="90.00" type="DEFAULT_VEHTYPE" speed="5.82" pos="190.02" lane="1/1to2/1_0" slope="0.00"/>
        <vehicle id="14" x="401.65" y="24.13" angle="180.00" type="DEFAULT_VEHTYPE" speed="13.60" pos="24.13" lane="2/0to2/1_0" slope="0.00"/>
        <vehicle id="4" x="201.65" y="274.27" angle="180.00" type="DEFAULT_VEHTYPE" speed="13.23" pos="69.52" lane="1/1to1/2_0" slope="0.00"/>
        <vehicle id="5" x="40.05" y="201.65" angle="-90.00" type="DEFAULT_VEHTYPE" speed="12.90" pos="155.20" lane="1/1to0/1_0" slope="0.00"/>
        <vehicle id="7" x="198.35" y="8.98" angle="0.00" type="DEFAULT_VEHTYPE" speed="13.28" pos="186.27" lane="1/1to1/0_0" slope="0.00"/>
        <vehicle id="8" x="495.24" y="401.65" angle="-90.00" type="DEFAULT_VEHTYPE" speed="13.87" pos="100.01" lane="3/2to2/2_0" slope="0.00"/>
        <vehicle id="9" x="9.34" y="398.35" angle="90.00" type="DEFAULT_VEHTYPE" speed="13.41" pos="9.34" lane="0/2to1/2_0" slope="0.00"/>
    </timestep>
    <timestep time="174.00">
        <vehicle id="0" x="432.25" y="198.35" angle="90.00" type="DEFAULT_VEHTYPE" speed="11.44" pos="27.50" lane="2/1to3/1_0" slope="0.00"/>
        <vehicle id="1" x="562.31" y="401.65" angle="-90.00" type="DEFAULT_VEHTYPE" speed="12.49" pos="32.94" lane="3/2to2/2_0" slope="0.00"/>
        <vehicle id="10" x="567.17" y="198.35" angle="90.00" type="DEFAULT_VEHTYPE" speed="13.40" pos="162.42" lane="2/1to3/1_0" slope="0.00"/>
        <vehicle id="11" x="497.85" y="198.35" angle="90.00" type="DEFAULT_VEHTYPE" speed="12.70" pos="93.10" lane="2/1to3/1_0" slope="0.00"/>
        <vehicle id="12" x="401.65" y="74.28" angle="180.00" type="DEFAULT_VEHTYPE" speed="12.93" pos="74.28" lane="2/0to2/1_0" slope="0.00"/>
        <vehicle id="13" x="403.09" y="198.35" angle="90.00" type="DEFAULT_VEHTYPE" speed="8.31" pos="7.84" lane=":2/1_13_0" slope="0.00"/>
        <vehicle id="14" x="401.65" y="37.75" angle="180.00" type="DEFAULT_VEHTYPE" speed="13.62" pos="37.75" lane="2/0to2/1_0" slope="0.00"/>
        <vehicle id="4" x="201.65" y="287.09" angle="180.00" type="DEFAULT_VEHTYPE" speed="12.82" pos="82.34" lane="1/1to1/2_0" slope="0.00"/>
        <vehicle id="5" x="26.83" y="201.65" angle="-90.00" type="DEFAULT_VEHTYPE" speed="13.21" pos="168.42" lane="1/1to0/1_0" slope="0.00"/>
        <vehicle id="7" x="201.28" y="-0.56" angle="64.29" type="DEFAULT_VEHTYPE" speed="13.13" pos="4.15" lane=":1/0_0_0" slope="0.00"/>
        <vehicle id="8" x="482.28" y="401.65" angle="-90.00" type="DEFAULT_VEHTYPE" speed="12.96" pos="112.97" lane="3/2to2/2_0" slope="0.00"/>
        <vehicle id="9" x="23.03" y="398.35" angle="90.00" type="DEFAULT_VEHTYPE" speed="13.69" pos="23.03" lane="0/2to1/2_0" slope="0.00"/>
    </timestep>
    <timestep time="175.00">
        <vehicle id="0" x="444.93" y="198.35" angle="90.00" type="DEFAULT_VEHTYPE" speed="12.68" pos="40.18" lane="2/1to3/1_0" slope="0.00"/>
        <vehicle id="1" x="548.86" y="401.65" angle="-90.00" type="DEFAULT_VEHTYPE" speed="13.46" pos="46.39" lane="3/2to2/2_0" slope="0.00"/>
        <vehicle id="10" x="577.75" y="198.35" angle="90.00" type="DEFAULT_VEHTYPE" speed="10.58" pos="173.00" lane="2/1to3/1_0" slope="0.00"/>
        <vehicle id="11" x="510.61" y="198.35" angle="90.00" type="DEFAULT_VEHTYPE" speed="12.76" pos="105.86" lane="2/1to3/1_0" slope="0.00"/>
        <vehicle id="12" x="401.65" y="87.45" angle="180.00" type="DEFAULT_VEHTYPE" speed="13.17" pos="87.45" lane="2/0to2/1_0" slope="0.00"/>
        <vehicle id="13" x="413.67" y="198.35" angle="90.00" type="DEFAULT_VEHTYPE" speed="10.58" pos="8.92" lane="2/1to3/1_0" slope="0.00"/>
        <vehicle id="14" x="401.65" y="50.69" angle="180.00" type="DEFAULT_VEHTYPE" speed="12.94" pos="50.69" lane="2/0to2/1_0" slope="0.00"/>
        <vehicle id="4" x="201.65" y="299.95" angle="180.00" type="DEFAULT_VEHTYPE" speed="12.86" pos="95.20" lane="1/1to1/2_0" slope="0.00"/>
        <vehicle id="5" x="13.13" y="201.65" angle="-90.00" type="DEFAULT_VEHTYPE" speed="13.70" pos="182.12" lane="1/1to0/1_0" slope="0.00"/>
        <vehicle id="7" x="201.65" y="12.39" angle="180.00" type="DEFAULT_VEHTYPE" speed="13.06" pos="12.39" lane="1/0to1/1_0" slope="0.00"/>
        <vehicle id="8" x="469.55" y="401.65" angle="-90.00" type="DEFAULT_VEHTYPE" speed="12.73" pos="125.70" lane="3/2to2/2_0" slope="0.00"/>
        <vehicle id="9" x="36.78" y="398.35" angle="90.00" type="DEFAULT_VEHTYPE" speed="13.75" pos="36.78" lane="0/2to1/2_0" slope="0.00"/>
    </timestep>
    <timestep time="176.00">
        <vehicle id="0" x="458.24" y="198.35" angle="90.00" type="DEFAULT_VEHTYPE" speed="13.31" pos="53.49" lane="2/1to3/1_0" slope="0.00"/>
        <vehicle id="1" x="534.99" y="401.65" angle="-90.00" type="DEFAULT_VEHTYPE" speed="13.87" pos="60.26" lane="3/2to2/2_0" slope="0.00"/>
        <vehicle id="10" x="584.84" y="198.35" angle="90.00" type="DEFAULT_VEHTYPE" speed="7.09" pos="180.09" lane="2/1to3/1_0" slope="0.00"/>
        <vehicle id="11" x="524.42" y="198.35" angle="90.00" type="DEFAULT_VEHTYPE" speed="13.80" pos="119.67" lane="2/1to3/1_0" slope="0.00"/>
        <vehicle id="12" x="401.65" y="100.29" angle="180.00" type="DEFAULT_VEHTYPE" speed="12.84" pos="100.29" lane="2/0to2/1_0" slope="0.00"/>
        <vehicle id="13" x="426.45" y="198.35" angle="90.00" type="DEFAULT_VEHTYPE" speed="12.77" pos="21.70" lane="2/1to3/1_0" slope="0.00"/>
        <vehicle id="14" x="401.65" y="64.01" angle="180.00" type="DEFAULT_VEHTYPE" speed="13.33" pos="64.01" lane="2/0to2/1_0" slope="0.00"/>
        <vehicle id="4" x="201.65" y="312.70" angle="180.00" type="DEFAULT_VEHTYPE" speed="12.75" pos="107.95" lane="1/1to1/2_0" slope="0.00"/>
        <vehicle id="5" x="-0.53" y="201.30" angle="-85.91" type="DEFAULT_VEHTYPE" speed="13.76" pos="0.63" lane=":0/1_0_0" slope="0.00"/>
        <vehicle id="7" x="201.65" y="26.26" angle="180.00" type="DEFAULT_VEHTYPE" speed="13.87" pos="26.26" lane="1/0to1/1_0" slope="0.00"/>
        <vehicle id="8" x="456.68" y="401.65" angle="-90.00" type="DEFAULT_VEHTYPE" speed="12.87" pos="138.57" lane="3/2to2/2_0" slope="0.00"/>
        <vehicle id="9" x="50.49" y="398.35" angle="90.00" type="DEFAULT_VEHTYPE" speed="13.71" pos="50.49" lane="0/2to1/2_0" slope="0.00"/>
    </timestep>
    <timestep time="177.00">
        <vehicle id="0" x="471.93" y="198.35" angle="90.00" type="DEFAULT_VEHTYPE" speed="13.70" pos="67.18" lane="2/1to3/1_0" slope="0.00"/>
        <vehicle id="1" x="522.29" y="401.65" angle="-90.00" type="DEFAULT_VEHTYPE" speed="12.70" pos="72.96" lane="3/2to2/2_0" slope="0.00"/>
        <vehicle id="10" x="589.86" y="198.35" angle="90.00" type="DEFAULT_VEHTYPE" speed="5.01" pos="185.11" lane="2/1to3/1_0" slope="0.00"/>
        <vehicle id="11" x="537.17" y="198.35" angle="90.00" type="DEFAULT_VEHTYPE" speed="12.76" pos="132.42" lane="2/1to3/1_0" slope="0.00"/>
        <vehicle id="12" x="401.65" y="113.69" angle="180.00" type="DEFAULT_VEHTYPE" speed="13.40" pos="113.69" lane="2/0to2/1_0" slope="0.00"/>
        <vehicle id="13" x="439.35" y="198.35" angle="90.00" type="DEFAULT_VEHTYPE" speed="12.91" pos="34.60" lane="2/1to3/1_0" slope="0.00"/>
        <vehicle id="14" x="401.65" y="76.98" angle="180.00" type="DEFAULT_VEHTYPE" speed="12.96" pos="76.98" lane="2/0to2/1_0" slope="0.00"/>
        <vehicle id="4" x="201.65" y="325.89" angle="180.00" type="DEFAULT_VEHTYPE" speed="13.19" pos="121.14" lane="1/1to1/2_0" slope="0.00"/>
        <vehicle id="5" x="8.68" y="198.35" angle="90.00" type="DEFAULT_VEHTYPE" speed="12.86" pos="8.68" lane="0/1to1/1_0" slope="0.00"/>
        <vehicle id="7" x="201.65" y="39.70" angle="180.00" type="DEFAULT_VEHTYPE" speed="13.44" pos="39.70" lane="1/0to1/1_0" slope="0.00"/>
        <vehicle id="8" x="443.95" y="401.65" angle="-90.00" type="DEFAULT_VEHTYPE" speed="12.72" pos="151.30" lane="3/2to2/2_0" slope="0.00"/>
        <vehicle id="9" x="63.80" y="398.35" angle="90.00" type="DEFAULT_VEHTYPE" speed="13.31" pos="63.80" lane="0/2to1/2_0" slope="0.00"/>
    </timestep>
    <timestep time="178.00">
        <vehicle id="0" x="485.38" y="198.35" angle="90.00" type="DEFAULT_VEHTYPE" speed="13.45" pos="80.63" lane="2/1to3/1_0" slope="0.00"/>
        <vehicle id="1" x="509.16" y="401.65" angle="-90.00" type="DEFAULT_VEHTYPE" speed="13.12" pos="86.09" lane="3/2to2/2_0" slope="0.00"/>
        <vehicle id="10" x="596.32" y="198.35" angle="90.00" type="DEFAULT_VEHTYPE" speed="6.46" pos="1.07" lane=":3/1_13_0" slope="0.00"/>
        <vehicle id="11" x="551.02" y="198.35" angle="90.00" type="DEFAULT_VEHTYPE" speed="13.84" pos="146.27" lane="2/1to3/1_0" slope="0.00"/>
        <vehicle id="12" x="401.65" y="127.23" angle="180.00" type="DEFAULT_VEHTYPE" speed="13.54" pos="127.23" lane="2/0to2/1_0" slope="0.00"/>
        <vehicle id="13" x="452.02" y="198.35" angle="90.00" type="DEFAULT_VEHTYPE" speed="12.67" pos="47.27" lane="2/1to3/1_0" slope="0.00"/>
        <vehicle id="14" x="401.65" y="89.63" angle="180.00" type="DEFAULT_VEHTYPE" speed="12.66" pos="89.63" lane="2/0to2/1_0" slope="0.00"/>
        <vehicle id="4" x="201.65" y="339.49" angle="180.00" type="DEFAULT_VEHTYPE" speed="13.60" pos="134.74" lane="1/1to1/2_0" slope="0.00"/>
        <vehicle id="5" x="22.19" y="198.35" angle="90.00" type="DEFAULT_VEHTYPE" speed="13.51" pos="22.19" lane="0/1to1/1_0" slope="0.00"/>
        <vehicle id="7" x="201.65" y="53.18" angle="180.00" type="DEFAULT_VEHTYPE" speed="13.48" pos="53.18" lane="1/0to1/1_0" slope="0.00"/>
        <vehicle id="8" x="430.63" y="401.65" angle="-90.00" type="DEFAULT_VEHTYPE" speed="13.32" pos="164.62" lane="3/2to2/2_0" slope="0.00"/>
        <vehicle id="9" x="77.36" y="398.35" angle="90.00" type="DEFAULT_VEHTYPE" speed="13.56" pos="77.36" lane="0/2to1/2_0" slope="0.00"/>
    </timestep>
    <timestep time="179.00">
        <vehicle id="0" x="498.68" y="198.35" angle="90.00" type="DEFAULT_VEHTYPE" speed="13.30" pos="93.93" lane="2/1to3/1_0" slope="0.00"/>
        <vehicle id="1" x="495.57" y="401.65" angle="-90.00" type="DEFAULT_VEHTYPE" speed="13.59" pos="99.68" lane="3/2to2/2_0" slope="0.00"/>
        <vehicle id="10" x="604.19" y="198.35" angle="90.00" type="DEFAULT_VEHTYPE" speed="7.87" pos="8.94" lane=":3/1_13_0" slope="0.00"/>
        <vehicle id="11" x="564.65" y="198.35" angle="90.00" type="DEFAULT_VEHTYPE" speed="13.63" pos="159.90" lane="2/1to3/1_0" slope="0.00"/>
        <vehicle id="12" x="401.65" y="140.52" angle="180.00" type="DEFAULT_VEHTYPE" speed="13.29" pos="140.52" lane="2/0to2/1_0" slope="0.00"/>
        <vehicle id="13" x="464.74" y="198.35" angle="90.00" type="DEFAULT_VEHTYPE" speed="12.72" pos="59.99" lane="2/1to3/1_0" slope="0.00"/>
        <vehicle id="14" x="401.65" y="102.29" angle="180.00" type="DEFAULT_VEHTYPE" speed="12.66" pos="102.29" lane="2/0to2/1_0" slope="0.00"/>
        <vehicle id="4" x="201.65" y="352.14" angle="180.00" type="DEFAULT_VEHTYPE" speed="12.65" pos="147.39" lane="1/1to1/2_0" slope="0.00"/>
        <vehicle id="5" x="35.92" y="198.35" angle="90.00" type="DEFAULT_VEHTYPE" speed="13.73" pos="35.92" lane="0/1to1/1_0" slope="0.00"/>
        <vehicle id="7" x="201.65" y="65.80" angle="180.00" type="DEFAULT_VEHTYPE" speed="12.63" pos="65.80" lane="1/0to1/1_0" slope="0.00"/>
        <vehicle id="8" x="420.71" y="401.65" angle="-90.00" type="DEFAULT_VEHTYPE" speed="9.92" pos="174.54" lane="3/2to2/2_0" slope="0.00"/>
        <vehicle id="9" x="91.16" y="398.35" angle="90.00" type="DEFAULT_VEHTYPE" speed="13.80" pos="91.16" lane="0/2to1/2_0" slope="0.00"/>
    </timestep>
    <timestep time="180.00">
        <vehicle id="0" x="512.18" y="198.35" angle="90.00" type="DEFAULT_VEHTYPE" speed="13.50" pos="107.43" lane="2/1to3/1_0" slope="0.00"/>
        <vehicle id="1" x="482.23" y="401.65" angle="-90.00" type="DEFAULT_VEHTYPE" speed="13.34" pos="113.02" lane="3/2to2/2_0" slope="0.00"/>
        <vehicle id="10" x="613.51" y="198.35" angle="90.00" type="DEFAULT_VEHTYPE" speed="9.32" pos="8.76" lane="3/1to4/1_0" slope="0.00"/>
        <vehicle id="11" x="576.28" y="198.35" angle="90.00" type="DEFAULT_VEHTYPE" speed="11.63" pos="171.53" lane="2/1to3/1_0" slope="0.00"/>
        <vehicle id="12" x="401.65" y="154.20" angle="180.00" type="DEFAULT_VEHTYPE" speed="13.69" pos="154.20" lane="2/0to2/1_0" slope="0.00"/>
        <vehicle id="13" x="478.11" y="198.35" angle="90.00" type="DEFAULT_VEHTYPE" speed="13.37" pos="73.36" lane="2/1to3/1_0" slope="0.00"/>
        <vehicle id="14" x="401.65" y="115.82" angle="180.00" type="DEFAULT_VEHTYPE" speed="13.53" pos="115.82" lane="2/0to2/1_0" slope="0.00"/>
        <vehicle id="4" x="201.65" y="365.37" angle="180.00" type="DEFAULT_VEHTYPE" speed="13.23" pos="160.62" lane="1/1to1/2_0" slope="0.00"/>
        <vehicle id="5" x="48.71" y="198.35" angle="90.00" type="DEFAULT_VEHTYPE" speed="12.80" pos="48.71" lane="0/1to1/1_0" slope="0.00"/>
        <vehicle id="7" x="201.65" y="79.32" angle="180.00" type="DEFAULT_VEHTYPE" speed="13.51" pos="79.32" lane="1/0to1/1_0" slope="0.00"/>
        <vehicle id="8" x="413.43" y="401.65" angle="-90.00" type="DEFAULT_VEHTYPE" speed="7.27" pos="181.82" lane="3/2to2/2_0" slope="0.00"/>
        <vehicle id="9" x="104.24" y="398.35" angle="90.00" type="DEFAULT_VEHTYPE" speed="13.08" pos="104.24" lane="0/2to1/2_0" slope="0.00"/>
    </timestep>
    <timestep time="181.00">
        <vehicle id="0" x="525.66" y="198.35" angle="90.00" type="DEFAULT_VEHTYPE" speed="13.47" pos="120.91" lane="2/1to3/1_0" slope="0.00"/>
        <vehicle id="1" x="469.54" y="401.65" angle="-90.00" type="DEFAULT_VEHTYPE" speed="12.69" pos="125.71" lane="3/2to2/2_0" slope="0.00"/>
        <vehicle id="10" x="625.01" y="198.35" angle="90.00" type="DEFAULT_VEHTYPE" speed="11.50" pos="20.26" lane="3/1to4/1_0" slope="0.00"/>
        <vehicle id="11" x="584.23" y="198.35" angle="90.00" type="DEFAULT_VEHTYPE" speed="7.95" pos="179.48" lane="2/1to3/1_0" slope="0.00"/>
        <vehicle id="12" x="401.65" y="166.87" angle="180.00" type="DEFAULT_VEHTYPE" speed="12.67" pos="166.87" lane="2/0to2/1_0" slope="0.00"/>
        <vehicle id="13" x="491.39" y="198.35" angle="90.00" type="DEFAULT_VEHTYPE" speed="13.28" pos="86.64" lane="2/1to3/1_0" slope="0.00"/>
        <vehicle id="14" x="401.65" y="129.46" angle="180.00" type="DEFAULT_VEHTYPE" speed="13.64" pos="129.46" lane="2/0to2/1_0" slope="0.00"/>
        <vehicle id="4" x="201.65" y="378.40" angle="180.00" type="DEFAULT_VEHTYPE" speed="13.03" pos="173.65" lane="1/1to1/2_0" slope="0.00"/>
        <vehicle id="5" x="61.70" y="198.35" angle="90.00" type="DEFAULT_VEHTYPE" speed="12.98" pos="61.70" lane="0/1to1/1_0" slope="0.00"/>
        <vehicle id="7" x="201.65" y="92.37" angle="180.00" type="DEFAULT_VEHTYPE" speed="13.05" pos="92.37" lane="1/0to1/1_0" slope="0.00"/>
        <vehicle id="8" x="409.43" y="401.65" angle="-90.00" type="DEFAULT_VEHTYPE" speed="4.01" pos="185.82" lane="3/2to2/2_0" slope="0.00"/>
        <vehicle id="9" x="117.87" y="398.35" angle="90.00" type="DEFAULT_VEHTYPE" speed="13.63" pos="117.87" lane="0/2to1/2_0" slope="0.00"/>
    </timestep>
    <timestep time="182.00">
        <vehicle id="0" x="538.68" y="198.35" angle="90.00" type="DEFAULT_VEHTYPE" speed="13.03" pos="133.93" lane="2/1to3/1_0" slope="0.00"/>
        <vehicle id="1" x="456.92" y="401.65" angle="-90.00" type="DEFAULT_VEHTYPE" speed="12.62" pos="138.33" lane="3/2to2/2_0" slope="0.00"/>
        <vehicle id="10" x="638.28" y="198.35" angle="90.00" type="DEFAULT_VEHTYPE" speed="13.28" pos="33.53" lane="3/1to4/1_0" slope="0.00"/>
        <vehicle id="11" x="589.38" y="198.35" angle="90.00" type="DEFAULT_VEHTYPE" speed="5.15" pos="184.63" lane="2/1to3/1_0" slope="0.00"/>
        <vehicle id="12" x="401.65" y="180.39" angle="180.00" type="DEFAULT_VEHTYPE" speed="13.52" pos="180.39" lane="2/0to2/1_0" slope="0.00"/>
        <vehicle id="13" x="505.24" y="198.35" angle="90.00" type="DEFAULT_VEHTYPE" speed="13.84" pos="100.49" lane="2/1to3/1_0" slope="0.00"/>
        <vehicle id="14" x="401.65" y="142.63" angle="180.00" type="DEFAULT_VEHTYPE" speed="13.17" pos="142.63" lane="2/0to2/1_0" slope="0.00"/>
        <vehicle id="4" x="201.65" y="391.11" angle="180.00" type="DEFAULT_VEHTYPE" speed="12.71" pos="186.36" lane="1/1to1/2_0" slope="0.00"/>
        <vehicle id="5" x="75.55" y="198.35" angle="90.00" type="DEFAULT_VEHTYPE" speed="13.86" pos="75.55" lane="0/1to1/1_0" slope="0.00"/>
        <vehicle id="7" x="201.65" y="105.38" angle="180.00" type="DEFAULT_VEHTYPE" speed="13.01" pos="105.38" lane="1/0to1/1_0" slope="0.00"/>
        <vehicle id="8" x="403.25" y="401.65" angle="-90.00" type="DEFAULT_VEHTYPE" speed="6.18" pos="1.50" lane=":2/2_5_0" slope="0.00"/>
        <vehicle id="9" x="131.29" y="398.35" angle="90.00" type="DEFAULT_VEHTYPE" speed="13.42" pos="131.29" lane="0/2to1/2_0" slope="0.00"/>
    </timestep>
    <timestep time="183.00">
        <vehicle id="0" x="552.37" y="198.35" angle="90.00" type="DEFAULT_VEHTYPE" speed="13.69" pos="147.62" lane="2/1to3/1_0" slope="0.00"/>
        <vehicle id="1" x="443.18" y="401.65" angle="-90.00" type="DEFAULT_VEHTYPE" speed="13.73" pos="152.07" lane="3/2to2/2_0" slope="0.00"/>
        <vehicle id="10" x="651.72" y="198.35" angle="90.00" type="DEFAULT_VEHTYPE" speed="13.43" pos="46.97" lane="3/1to4/1_0" slope="0.00"/>
        <vehicle id="11" x="596.70" y="198.35" angle="90.00" type="DEFAULT_VEHTYPE" speed="7.32" pos="1.45" lane=":3/1_13_0" slope="0.00"/>
        <vehicle id="12" x="401.65" y="194.00" angle="180.00" type="DEFAULT_VEHTYPE" speed="13.61" pos="194.00" lane="2/0to2/1_0" slope="0.00"/>
        <vehicle id="13" x="517.84" y="198.35" angle="90.00" type="DEFAULT_VEHTYPE" speed="12.61" pos="113.09" lane="2/1to3/1_0" slope="0.00"/>
        <vehicle id="14" x="401.65" y="155.40" angle="180.00" type="DEFAULT_VEHTYPE" speed="12.77" pos="155.40" lane="2/0to2/1_0" slope="0.00"/>
        <vehicle id="4" x="208.42" y="398.35" angle="92.11" type="DEFAULT_VEHTYPE" speed="12.81" pos="3.67" lane="1/2to2/2_0" slope="0.00"/>
        <vehicle id="5" x="89.42" y="198.35" angle="90.00" type="DEFAULT_VEHTYPE" speed="13.87" pos="89.42" lane="0/1to1/1_0" slope="0.00"/>
        <vehicle id="7" x="201.65" y="118.60" angle="180.00" type="DEFAULT_VEHTYPE" speed="13.23" pos="118.60" lane="1/0to1/1_0" slope="0.00"/>
        <vehicle id="8" x="395.43" y="401.65" angle="-90.00" type="DEFAULT_VEHTYPE" speed="7.82" pos="9.32" lane=":2/2_5_0" slope="0.00"/>
        <vehicle id="9" x="144.73" y="398.35" angle="90.00" type="DEFAULT_VEHTYPE" speed="13.44" pos="144.73" lane="0/2to1/2_0" slope="0.00"/>
    </timestep>
    <timestep time="184.00">
        <vehicle id="0" x="565.07" y="198.35" angle="90.00" type="DEFAULT_VEHTYPE" speed="12.70" pos="160.32" lane="2/1to3/1_0" slope="0.00"/>
        <vehicle id="1" x="429.65" y="401.65" angle="-90.00" type="DEFAULT_VEHTYPE" speed="13.53" pos="165.60" lane="3/2to2/2_0" slope="0.00"/>
        <vehicle id="10" x="665.09" y="198.35" angle="90.00" type="DEFAULT_VEHTYPE" speed="13.38" pos="60.34" lane="3/1to4/1_0" slope="0.00"/>
        <vehicle id="11" x="605.53" y="198.35" angle="90.00" type="DEFAULT_VEHTYPE" speed="8.83" pos="0.78" lane="3/1to4/1_0" slope="0.00"/>
        <vehicle id="12" x="412.40" y="198.35" angle="90.00" type="DEFAULT_VEHTYPE" speed="13.89" pos="7.65" lane="2/1to3/1_0" slope="0.00"/>
        <vehicle id="13" x="530.61" y="198.35" angle="90.00" type="DEFAULT_VEHTYPE" speed="12.77" pos="125.86" lane="2/1to3/1_0" slope="0.00"/>
        <vehicle id="14" x="401.65" y="168.36" angle="180.00" type="DEFAULT_VEHTYPE" speed="12.96" pos="168.36" lane="2/0to2/1_0" slope="0.00"/>
        <vehicle id="4" x="221.52" y="398.35" angle="90.00" type="DEFAULT_VEHTYPE" speed="13.10" pos="16.77" lane="1/2to2/2_0" slope="0.00"/>
        <vehicle id="5" x="102.23" y="198.35" angle="90.00" type="DEFAULT_VEHTYPE" speed="12.81" pos="102.23" lane="0/1to1/1_0" slope="0.00"/>
        <vehicle id="7" x="201.65" y="131.30" angle="180.00" type="DEFAULT_VEHTYPE" speed="12.69" pos="131.30" lane="1/0to1/1_0" slope="0.00"/>
        <vehicle id="8" x="385.87" y="401.65" angle="-90.00" type="DEFAULT_VEHTYPE" speed="9.56" pos="9.38" lane="2/2to1/2_0" slope="0.00"/>
        <vehicle id="9" x="158.54" y="398.35" angle="90.00" type="DEFAULT_VEHTYPE" speed="13.81" pos="158.54" lane="0/2to1/2_0" slope="0.00"/>
    </timestep>
    <timestep time="185.00">
        <vehicle id="0" x="576.21" y="198.35" angle="90.00" type="DEFAULT_VEHTYPE" speed="11.14" pos="171.46" lane="2/1to3/1_0" slope="0.00"/>
        <vehicle id="1" x="420.54" y="401.65" angle="-90.00" type="DEFAULT_VEHTYPE" speed="9.11" pos="174.71" lane="3/2to2/2_0" slope="0.00"/>
        <vehicle id="10" x="677.75" y="198.35" angle="90.00" type="DEFAULT_VEHTYPE" speed="12.66" pos="73.00" lane="3/1to4/1_0" slope="0.00"/>
        <vehicle id="11" x="616.59" y="198.35" angle="90.00" type="DEFAULT_VEHTYPE" speed="11.06" pos="11.84" lane="3/1to4/1_0" slope="0.00"/>
        <vehicle id="12" x="425.52" y="198.35" angle="90.00" type="DEFAULT_VEHTYPE" speed="13.12" pos="20.77" lane="2/1to3/1_0" slope="0.00"/>
        <vehicle id="13" x="543.23" y="198.35" angle="90.00" type="DEFAULT_VEHTYPE" speed="12.62" pos="138.48" lane="2/1to3/1_0" slope="0.00"/>
        <vehicle id="14" x="401.65" y="181.31" angle="180.00" type="DEFAULT_VEHTYPE" speed="12.95" pos="181.31" lane="2/0to2/1_0" slope="0.00"/>
        <vehicle id="4" x="234.78" y="398.35" angle="90.00" type="DEFAULT_VEHTYPE" speed="13.27" pos="30.03" lane="1/2to2/2_0" slope="0.00"/>
        <vehicle id="5" x="115.60" y="198.35" angle="90.00" type="DEFAULT_VEHTYPE" speed="13.37" pos="115.60" lane="0/1to1/1_0" slope="0.00"/>
        <vehicle id="7" x="201.65" y="144.61" angle="180.00" type="DEFAULT_VEHTYPE" speed="13.31" pos="144.61" lane="1/0to1/1_0" slope="0.00"/>
        <vehicle id="8" x="373.80" y="401.65" angle="-90.00" type="DEFAULT_VEHTYPE" speed="12.07" pos="21.45" lane="2/2to1/2_0" slope="0.00"/>
        <vehicle id="9" x="171.14" y="398.35" angle="90.00" type="DEFAULT_VEHTYPE" speed="12.60" pos="171.14" lane="0/2to1/2_0" slope="0.00"/>
    </timestep>
    <timestep time="186.00">
        <vehicle id="0" x="583.46" y="198.35" angle="90.00" type="DEFAULT_VEHTYPE" speed="7.26" pos="178.71" lane="2/1to3/1_0" slope="0.00"/>
        <vehicle id="1" x="413.40" y="401.65" angle="-90.00" type="DEFAULT_VEHTYPE" speed="7.13" pos="181.85" lane="3/2to2/2_0" slope="0.00"/>
        <vehicle id="10" x="691.27" y="198.35" angle="90.00" type="DEFAULT_VEHTYPE" speed="13.51" pos="86.52" lane="3/1to4/1_0" slope="0.00"/>
        <vehicle id="11" x="629.44" y="198.35" angle="90.00" type="DEFAULT_VEHTYPE" speed="12.85" pos="24.69" lane="3/1to4/1_0" slope="0.00"/>
        <vehicle id="12" x="439.07" y="198.35" angle="90.00" type="DEFAULT_VEHTYPE" speed="13.55" pos="34.32" lane="2/1to3/1_0" slope="0.00"/>
        <vehicle id="13" x="556.43" y="198.35" angle="90.00" type="DEFAULT_VEHTYPE" speed="13.20" pos="151.68" lane="2/1to3/1_0" slope="0.00"/>
        <vehicle id="14" x="401.65" y="194.83" angle="180.00" type="DEFAULT_VEHTYPE" speed="13.51" pos="194.83" lane="2/0to2/1_0" slope="0.00"/>
        <vehicle id="4" x="247.54" y="398.35" angle="90.00" type="DEFAULT_VEHTYPE" speed="12.76" pos="42.79" lane="1/2to2/2_0" slope="0.00"/>
        <vehicle id="5" x="128.97" y="198.35" angle="90.00" type="DEFAULT_VEHTYPE" speed="13.36" pos="128.97" lane="0/1to1/1_0" slope="0.00"/>
        <vehicle id="7" x="201.65" y="157.40" angle="180.00" type="DEFAULT_VEHTYPE" speed="12.79" pos="157.40" lane="1/0to1/1_0" slope="0.00"/>
        <vehicle id="8" x="360.31" y="401.65" angle="-90.00" type="DEFAULT_VEHTYPE" speed="13.48" pos="34.94" lane="2/2to1/2_0" slope="0.00"/>
        <vehicle id="9" x="180.98" y="398.35" angle="90.00" type="DEFAULT_VEHTYPE" speed="9.84" pos="180.98" lane="0/2to1/2_0" slope="0.00"/>
    </timestep>
    <timestep time="187.00">
        <vehicle id="0" x="588.64" y="198.35" angle="90.00" type="DEFAULT_VEHTYPE" speed="5.18" pos="183.89" lane="2/1to3/1_0" slope="0.00"/>
        <vehicle id="1" x="409.94" y="401.65" angle="-90.00" type="DEFAULT_VEHTYPE" speed="3.47" pos="185.31" lane="3/2to2/2_0" slope="0.00"/>
        <vehicle id="10" x="704.34" y="198.35" angle="90.00" type="DEFAULT_VEHTYPE" speed="13.07" pos="99.59" lane="3/1to4/1_0" slope="0.00"/>
        <vehicle id="11" x="642.46" y="198.35" angle="90.00" type="DEFAULT_VEHTYPE" speed="13.02" pos="37.71" lane="3/1to4/1_0" slope="0.00"/>
        <vehicle id="12" x="451.78" y="198.35" angle="90.00" type="DEFAULT_VEHTYPE" speed="12.71" pos="47.03" lane="2/1to3/1_0" slope="0.00"/>
        <vehicle id="13" x="567.23" y="198.35" angle="90.00" type="DEFAULT_VEHTYPE" speed="10.81" pos="162.48" lane="2/1to3/1_0" slope="0.00"/>
        <vehicle id="14" x="412.06" y="198.35" angle="90.00" type="DEFAULT_VEHTYPE" speed="12.73" pos="7.31" lane="2/1to3/1_0" slope="0.00"/>
        <vehicle id="4" x="260.75" y="398.35" angle="90.00" type="DEFAULT_VEHTYPE" speed="13.21" pos="56.00" lane="1/2to2/2_0" slope="0.00"/>
        <vehicle id="5" x="142.15" y="198.35" angle="90.00" type="DEFAULT_VEHTYPE" speed="13.19" pos="142.15" lane="0/1to1/1_0" slope="0.00"/>
        <vehicle id="7" x="201.65" y="170.22" angle="180.00" type="DEFAULT_VEHTYPE" speed="12.82" pos="170.22" lane="1/0to1/1_0" slope="0.00"/>
        <vehicle id="8" x="346.79" y="401.65" angle="-90.00" type="DEFAULT_VEHTYPE" speed="13.53" pos="48.46" lane="2/2to1/2_0" slope="0.00"/>
        <vehicle id="9" x="187.23" y="398.35" angle="90.00" type="DEFAULT_VEHTYPE" speed="6.25" pos="187.23" lane="0/2to1/2_0" slope="0.00"/>
    </timestep>
    <timestep time="188.00">
        <vehicle id="0" x="595.26" y="198.35" angle="90.00" type="DEFAULT_VEHTYPE" speed="6.62" pos="0.01" lane=":3/1_13_0" slope="0.00"/>
        <vehicle id="1" x="403.95" y="401.54" angle="-88.70" type="DEFAULT_VEHTYPE" speed="5.99" pos="0.80" lane=":2/2_6_0" slope="0.00"/>
        <vehicle id="10" x="717.03" y="198.35" angle="90.00" type="DEFAULT_VEHTYPE" speed="12.69" pos="112.28" lane="3/1to4/1_0" slope="0.00"/>
        <vehicle id="11" x="655.98" y="198.35" angle="90.00" type="DEFAULT_VEHTYPE" speed="13.52" pos="51.23" lane="3/1to4/1_0" slope="0.00"/>
        <vehicle id="12" x="464.63" y="198.35" angle="90.00" type="DEFAULT_VEHTYPE" speed="12.85" pos="59.88" lane="2/1to3/1_0" slope="0.00"/>
        <vehicle id="13" x="576.16" y="198.35" angle="90.00" type="DEFAULT_VEHTYPE" speed="8.93" pos="171.41" lane="2/1to3/1_0" slope="0.00"/>
        <vehicle id="14" x="425.38" y="198.35" angle="90.00" type="DEFAULT_VEHTYPE" speed="13.32" pos="20.63" lane="2/1to3/1_0" slope="0.00"/>
        <vehicle id="4" x="273.40" y="398.35" angle="90.00" type="DEFAULT_VEHTYPE" speed="12.65" pos="68.65" lane="1/2to2/2_0" slope="0.00"/>
        <vehicle id="5" x="155.59" y="198.35" angle="90.00" type="DEFAULT_VEHTYPE" speed="13.44" pos="155.59" lane="0/1to1/1_0" slope="0.00"/>
        <vehicle id="7" x="201.65" y="183.96" angle="180.00" type="DEFAULT_VEHTYPE" speed="13.74" pos="183.96" lane="1/0to1/1_0" slope="0.00"/>
        <vehicle id="8" x="333.35" y="401.65" angle="-90.00" type="DEFAULT_VEHTYPE" speed="13.44" pos="61.90" lane="2/2to1/2_0" slope="0.00"/>
        <vehicle id="9" x="189.90" y="398.35" angle="90.00" type="DEFAULT_VEHTYPE" speed="2.67" pos="189.90" lane="0/2to1/2_0" slope="0.00"/>
    </timestep>
    <timestep time="189.00">
        <vehicle id="0" x="604.38" y="198.35" angle="90.00" type="DEFAULT_VEHTYPE" speed="9.12" pos="9.13" lane=":3/1_13_0" slope="0.00"/>
        <vehicle id="1" x="398.51" y="396.38" angle="-28.67" type="DEFAULT_VEHTYPE" speed="8.37" pos="9.18" lane=":2/2_6_0" slope="0.00"/>
        <vehicle id="10" x="730.00" y="198.35" angle="90.00" type="DEFAULT_VEHTYPE" speed="12.97" pos="125.25" lane="3/1to4/1_0" slope="0.00"/>
        <vehicle id="11" x="668.87" y="198.35" angle="90.00" type="DEFAULT_VEHTYPE" speed="12.89" pos="64.12" lane="3/1to4/1_0" slope="0.00"/>
        <vehicle id="12" x="477.76" y="198.35" angle="90.00" type="DEFAULT_VEHTYPE" speed="13.13" pos="73.01" lane="2/1to3/1_0" slope="0.00"/>
        <vehicle id="13" x="583.55" y="198.35" angle="90.00" type="DEFAULT_VEHTYPE" speed="7.39" pos="178.80" lane="2/1to3/1_0" slope="0.00"/>
        <vehicle id="14" x="438.46" y="198.35" angle="90.00" type="DEFAULT_VEHTYPE" speed="13.08" pos="33.71" lane="2/1to3/1_0" slope="0.00"/>
        <vehicle id="4" x="286.18" y="398.35" angle="90.00" type="DEFAULT_VEHTYPE" speed="12.78" pos="81.43" lane="1/2to2/2_0" slope="0.00"/>
        <vehicle id="5" x="169.43" y="198.35" angle="90.00" type="DEFAULT_VEHTYPE" speed="13.84" pos="169.43" lane="0/1to1/1_0" slope="0.00"/>
        <vehicle id="7" x="201.99" y="196.86" angle="176.07" type="DEFAULT_VEHTYPE" speed="12.95" pos="1.66" lane=":1/1_8_0" slope="0.00"/>
        <vehicle id="8" x="319.80" y="401.65" angle="-90.00" type="DEFAULT_VEHTYPE" speed="13.54" pos="75.45" lane="2/2to1/2_0" slope="0.00"/>
        <vehicle id="9" x="194.53" y="398.35" angle="90.00" type="DEFAULT_VEHTYPE" speed="4.64" pos="194.53" lane="0/2to1/2_0" slope="0.00"/>
    </timestep>
    <timestep time="190.00">
        <vehicle id="0" x="615.23" y="198.35" angle="90.00" type="DEFAULT_VEHTYPE" speed="10.85" pos="10.48" lane="3/1to4/1_0" slope="0.00"/>
        <vehicle id="1" x="398.35" y="385.56" angle="0.00" type="DEFAULT_VEHTYPE" speed="10.84" pos="9.69" lane="2/2to2/1_0" slope="0.00"/>
        <vehicle id="10" x="743.04" y="198.35" angle="90.00" type="DEFAULT_VEHTYPE" speed="13.04" pos="138.29" lane="3/1to4/1_0" slope="0.00"/>
        <vehicle id="11" x="682.07" y="198.35" angle="90.00" type="DEFAULT_VEHTYPE" speed="13.20" pos="77.32" lane="3/1to4/1_0" slope="0.00"/>
        <vehicle id="12" x="491.17" y="198.35" angle="90.00" type="DEFAULT_VEHTYPE" speed="13.41" pos="86.42" lane="2/1to3/1_0" slope="0.00"/>
        <vehicle id="13" x="588.38" y="198.35" angle="90.00" type="DEFAULT_VEHTYPE" speed="4.82" pos="183.63" lane="2/1to3/1_0" slope="0.00"/>
        <vehicle id="14" x="451.89" y="198.35" angle="90.00" type="DEFAULT_VEHTYPE" speed="13.43" pos="47.14" lane="2/1to3/1_0" slope="0.00"/>
        <vehicle id="4" x="299.87" y="398.35" angle="90.00" type="DEFAULT_VEHTYPE" speed="13.69" pos="95.12" lane="1/2to2/2_0" slope="0.00"/>
        <vehicle id="5" x="179.10" y="198.35" angle="90.00" type="DEFAULT_VEHTYPE" speed="9.67" pos="179.10" lane="0/1to1/1_0" slope="0.00"/>
        <vehicle id="7" x="214.17" y="198.35" angle="90.00" type="DEFAULT_VEHTYPE" speed="12.76" pos="9.42" lane="1/1to2/1_0" slope="0.00"/>
        <vehicle id="8" x="306.66" y="401.65" angle="-90.00" type="DEFAULT_VEHTYPE" speed="13.14" pos="88.59" lane="2/2to1/2_0" slope="0.00"/>
        <vehicle id="9" x="200.41" y="400.56" angle="115.83" type="DEFAULT_VEHTYPE" speed="6.59" pos="5.87" lane=":1/2_14_0" slope="0.00"/>
    </timestep>
    <timestep time="191.00">
        <vehicle id="0" x="628.48" y="198.35" angle="90.00" type="DEFAULT_VEHTYPE" speed="13.25" pos="23.73" lane="3/1to4/1_0" slope="0.00"/>
        <vehicle id="1" x="398.35" y="373.02" angle="0.00" type="DEFAULT_VEHTYPE" speed="12.54" pos="22.23" lane="2/2to2/1_0" slope="0.00"/>
        <vehicle id="10" x="755.94" y="198.35" angle="90.00" type="DEFAULT_VEHTYPE" speed="12.90" pos="151.19" lane="3/1to4/1_0" slope="0.00"/>
        <vehicle id="11" x="694.71" y="198.35" angle="90.00" type="DEFAULT_VEHTYPE" speed="12.64" pos="89.96" lane="3/1to4/1_0" slope="0.00"/>
        <vehicle id="12" x="504.50" y="198.35" angle="90.00" type="DEFAULT_VEHTYPE" speed="13.33" pos="99.75" lane="2/1to3/1_0" slope="0.00"/>
        <vehicle id="13" x="594.65" y="198.35" angle="90.00" type="DEFAULT_VEHTYPE" speed="6.27" pos="189.90" lane="2/1to3/1_0" slope="0.00"/>
        <vehicle id="14" x="465.15" y="198.35" angle="90.00" type="DEFAULT_VEHTYPE" speed="13.25" pos="60.40" lane="2/1to3/1_0" slope="0.00"/>
        <vehicle id="4" x="313.46" y="398.35" angle="90.00" type="DEFAULT_VEHTYPE" speed="13.59" pos="108.71" lane="1/2to2/2_0" slope="0.00"/>
        <vehicle id="5" x="186.04" y="198.35" angle="90.00" type="DEFAULT_VEHTYPE" speed="6.94" pos="186.04" lane="0/1to1/1_0" slope="0.00"/>
        <vehicle id="7" x="227.58" y="198.35" angle="90.00" type="DEFAULT_VEHTYPE" speed="13.41" pos="22.83" lane="1/1to2/1_0" slope="0.00"/>
        <vehicle id="8" x="293.30" y="401.65" angle="-90.00" type="DEFAULT_VEHTYPE" speed="13.36" pos="101.95" lane="2/2to1/2_0" slope="0.00"/>
        <vehicle id="9" x="201.65" y="408.96" angle="178.72" type="DEFAULT_VEHTYPE" speed="8.66" pos="4.21" lane="1/2to1/3_0" slope="0.00"/>
    </timestep>
    <timestep time="192.00">
        <vehicle id="0" x="642.01" y="198.35" angle="90.00" type="DEFAULT_VEHTYPE" speed="13.53" pos="37.26" lane="3/1to4/1_0" slope="0.00"/>
        <vehicle id="1" x="398.35" y="359.54" angle="0.00" type="DEFAULT_VEHTYPE" speed="13.48" pos="35.71" lane="2/2to2/1_0" slope="0.00"/>
        <vehicle id="10" x="768.68" y="198.35" angle="90.00" type="DEFAULT_VEHTYPE" speed="12.74" pos="163.93" lane="3/1to4/1_0" slope="0.00"/>
        <vehicle id="11" x="707.81" y="198.35" angle="90.00" type="DEFAULT_VEHTYPE" speed="13.10" pos="103.06" lane="3/1to4/1_0" slope="0.00"/>
        <vehicle id="12" x="517.85" y="198.35" angle="90.00" type="DEFAULT_VEHTYPE" speed="13.35" pos="113.10" lane="2/1to3/1_0" slope="0.00"/>
        <vehicle id="13" x="603.22" y="198.35" angle="90.00" type="DEFAULT_VEHTYPE" speed="8.57" pos="7.97" lane=":3/1_13_0" slope="0.00"/>
        <vehicle id="14" x="478.20" y="198.35" angle="90.00" type="DEFAULT_VEHTYPE" speed="13.06" pos="73.45" lane="2/1to3/1_0" slope="0.00"/>
        <vehicle id="4" x="326.22" y="398.35" angle="90.00" type="DEFAULT_VEHTYPE" speed="12.77" pos="121.47" lane="1/2to2/2_0" slope="0.00"/>
        <vehicle id="5" x="190.32" y="198.35" angle="90.00" type="DEFAULT_VEHTYPE" speed="4.28" pos="190.32" lane="0/1to1/1_0" slope="0.00"/>
        <vehicle id="7" x="240.60" y="198.35" angle="90.00" type="DEFAULT_VEHTYPE" speed="13.02" pos="35.85" lane="1/1to2/1_0" slope="0.00"/>
        <vehicle id="8" x="280.14" y="401.65" angle="-90.00" type="DEFAULT_VEHTYPE" speed="13.16" pos="115.11" lane="2/2to1/2_0" slope="0.00"/>
        <vehicle id="9" x="201.65" y="420.18" angle="180.00" type="DEFAULT_VEHTYPE" speed="11.22" pos="15.43" lane="1/2to1/3_0" slope="0.00"/>
    </timestep>
    <timestep time="193.00">
        <vehicle id="0" x="655.50" y="198.35" angle="90.00" type="DEFAULT_VEHTYPE" speed="13.49" pos="50.75" lane="3/1to4/1_0" slope="0.00"/>
        <vehicle id="1" x="398.35" y="346.33" angle="0.00" type="DEFAULT_VEHTYPE" speed="13.22" pos="48.92" lane="2/2to2/1_0" slope="0.00"/>
        <vehicle id="10" x="782.44" y="198.35" angle="90.00" type="DEFAULT_VEHTYPE" speed="13.76" pos="177.69" lane="3/1to4/1_0" slope="0.00"/>
        <vehicle id="11" x="720.44" y="198.35" angle="90.00" type="DEFAULT_VEHTYPE" speed="12.63" pos="115.69" lane="3/1to4/1_0" slope="0.00"/>
        <vehicle id="12" x="530.85" y="198.35" angle="90.00" type="DEFAULT_VEHTYPE" speed="13.00" pos="126.10" lane="2/1to3/1_0" slope="0.00"/>
        <vehicle id="13" x="613.47" y="198.35" angle="90.00" type="DEFAULT_VEHTYPE" speed="10.25" pos="8.72" lane="3/1to4/1_0" slope="0.00"/>
        <vehicle id="14" x="491.50" y="198.35" angle="90.00" type="DEFAULT_VEHTYPE" speed="13.29" pos="86.75" lane="2/1to3/1_0" slope="0.00"/>
        <vehicle id="4" x="339.94" y="398.35" angle="90.00" type="DEFAULT_VEHTYPE" speed="13.71" pos="135.19" lane="1/2to2/2_0" slope="0.00"/>
        <vehicle id="5" x="196.96" y="197.95" angle="85.31" type="DEFAULT_VEHTYPE" speed="6.71" pos="1.78" lane=":1/1_12_0" slope="0.00"/>
        <vehicle id="7" x="253.81" y="198.35" angle="90.00" type="DEFAULT_VEHTYPE" speed="13.20" pos="49.06" lane="1/1to2/1_0" slope="0.00"/>
        <vehicle id="8" x="266.60" y="401.65" angle="-90.00" type="DEFAULT_VEHTYPE" speed="13.54" pos="128.65" lane="2/2to1/2_0" slope="0.00"/>
        <vehicle id="9" x="201.65" y="433.71" angle="180.00" type="DEFAULT_VEHTYPE" speed="13.53" pos="28.96" lane="1/2to1/3_0" slope="0.00"/>
    </timestep>
    <timestep time="194.00">
        <vehicle id="0" x="668.25" y="198.35" angle="90.00" type="DEFAULT_VEHTYPE" speed="12.75" pos="63.50" lane="3/1to4/1_0" slope="0.00"/>
        <vehicle id="1" x="398.35" y="333.46" angle="0.00" type="DEFAULT_VEHTYPE" speed="12.86" pos="61.79" lane="2/2to2/1_0" slope="0.00"/>
        <vehicle id="10" x="795.05" y="198.35" angle="90.00" type="DEFAULT_VEHTYPE" speed="12.61" pos="190.30" lane="3/1to4/1_0" slope="0.00"/>
        <vehicle id="11" x="733.38" y="198.35" angle="90.00" type="DEFAULT_VEHTYPE" speed="12.94" pos="128.63" lane="3/1to4/1_0" slope="0.00"/>
        <vehicle id="12" x="544.08" y="198.35" angle="90.00" type="DEFAULT_VEHTYPE" speed="13.24" pos="139.33" lane="2/1to3/1_0" slope="0.00"/>
        <vehicle id="13" x="625.42" y="198.35" angle="90.00" type="DEFAULT_VEHTYPE" speed="11.95" pos="20.67" lane="3/1to4/1_0" slope="0.00"/>
        <vehicle id="14" x="504.51" y="198.35" angle="90.00" type="DEFAULT_VEHTYPE" speed="13.01" pos="99.76" lane="2/1to3/1_0" slope="0.00"/>
        <vehicle id="4" x="352.80" y="398.35" angle="90.00" type="DEFAULT_VEHTYPE" speed="12.86" pos="148.05" lane="1/2to2/2_0" slope="0.00"/>
        <vehicle id="5" x="198.35" y="189.30" angle="0.00" type="DEFAULT_VEHTYPE" speed="9.17" pos="5.95" lane="1/1to1/0_0" slope="0.00"/>
        <vehicle id="7" x="267.25" y="198.35" angle="90.00" type="DEFAULT_VEHTYPE" speed="13.45" pos="62.50" lane="1/1to2/1_0" slope="0.00"/>
        <vehicle id="8" x="253.87" y="401.65" angle="-90.00" type="DEFAULT_VEHTYPE" speed="12.74" pos="141.38" lane="2/2to1/2_0" slope="0.00"/>
        <vehicle id="9" x="201.65" y="447.34" angle="180.00" type="DEFAULT_VEHTYPE" speed="13.63" pos="42.59" lane="1/2to1/3_0" slope="0.00"/>
    </timestep>
    <timestep time="195.00">
        <vehicle id="0" x="681.96" y="198.35" angle="90.00" type="DEFAULT_VEHTYPE" speed="13.71" pos="77.21" lane="3/1to4/1_0" slope="0.00"/>
        <vehicle id="1" x="398.35" y="319.76" angle="0.00" type="DEFAULT_VEHTYPE" speed="13.70" pos="75.49" lane="2/2to2/1_0" slope="0.00"/>
        <vehicle id="10" x="796.22" y="201.65" angle="-98.04" type="DEFAULT_VEHTYPE" speed="13.56" pos="3.78" lane="4/1to3/1_0" slope="0.00"/>
        <vehicle id="11" x="746.57" y="198.35" angle="90.00" type="DEFAULT_VEHTYPE" speed="13.19" pos="141.82" lane="3/1to4/1_0" slope="0.00"/>
        <vehicle id="12" x="557.30" y="198.35" angle="90.00" type="DEFAULT_VEHTYPE" speed="13.22" pos="152.55" lane="2/1to3/1_0" slope="0.00"/>
        <vehicle id="13" x="638.69" y="198.35" angle="90.00" type="DEFAULT_VEHTYPE" speed="13.27" pos="33.94" lane="3/1to4/1_0" slope="0.00"/>
        <vehicle id="14" x="517.66" y="198.35" angle="90.00" type="DEFAULT_VEHTYPE" speed="13.15" pos="112.91" lane="2/1to3/1_0" slope="0.00"/>
        <vehicle id="4" x="366.41" y="398.35" angle="90.00" type="DEFAULT_VEHTYPE" speed="13.61" pos="161.66" lane="1/2to2/2_0" slope="0.00"/>
        <vehicle id="5" x="198.35" y="178.15" angle="0.00" type="DEFAULT_VEHTYPE" speed="11.14" pos="17.10" lane="1/1to1/0_0" slope="0.00"/>
        <vehicle id="7" x="280.65" y="198.35" angle="90.00" type="DEFAULT_VEHTYPE" speed="13.40" pos="75.90" lane="1/1to2/1_0" slope="0.00"/>
        <vehicle id="8" x="240.34" y="401.65" angle="-90.00" type="DEFAULT_VEHTYPE" speed="13.53" pos="154.91" lane="2/2to1/2_0" slope="0.00"/>
        <vehicle id="9" x="201.65" y="460.59" angle="180.00" type="DEFAULT_VEHTYPE" speed="13.24" pos="55.84" lane="1/2to1/3_0" slope="0.00"/>
    </timestep>
    <timestep time="196.00">
        <vehicle id="0" x="695.65" y="198.35" angle="90.00" type="DEFAULT_VEHTYPE" speed="13.69" pos="90.90" lane="3/1to4/1_0" slope="0.00"/>
        <vehicle id="1" x="398.35" y="306.21" angle="0.00" type="DEFAULT_VEHTYPE" speed="13.55" pos="89.04" lane="2/2to2/1_0" slope="0.00"/>
        <vehicle id="10" x="783.23" y="201.65" angle="-90.00" type="DEFAULT_VEHTYPE" speed="12.98" pos="16.77" lane="4/1to3/1_0" slope="0.00"/>
        <vehicle id="11" x="759.66" y="198.35" angle="90.00" type="DEFAULT_VEHTYPE" speed="13.09" pos="154.91" lane="3/1to4/1_0" slope="0.00"/>
        <vehicle id="12" x="570.54" y="198.35" angle="90.00" type="DEFAULT_VEHTYPE" speed="13.24" pos="165.79" lane="2/1to3/1_0" slope="0.00"/>
        <vehicle id="13" x="651.71" y="198.35" angle="90.00" type="DEFAULT_VEHTYPE" speed="13.02" pos="46.96" lane="3/1to4/1_0" slope="0.00"/>
        <vehicle id="14" x="531.07" y="198.35" angle="90.00" type="DEFAULT_VEHTYPE" speed="13.42" pos="126.32" lane="2/1to3/1_0" slope="0.00"/>
        <vehicle id="4" x="377.17" y="398.35" angle="90.00" type="DEFAULT_VEHTYPE" speed="10.76" pos="172.42" lane="1/2to2/2_0" slope="0.00"/>
        <vehicle id="5" x="198.35" y="164.94" angle="0.00" type="DEFAULT_VEHTYPE" speed="13.21" pos="30.31" lane="1/1to1/0_0" slope="0.00"/>
        <vehicle id="7" x="293.93" y="198.35" angle="90.00" type="DEFAULT_VEHTYPE" speed="13.28" pos="89.18" lane="1/1to2/1_0" slope="0.00"/>
        <vehicle id="8" x="228.26" y="401.65" angle="-90.00" type="DEFAULT_VEHTYPE" speed="12.08" pos="166.99" lane="2/2to1/2_0" slope="0.00"/>
        <vehicle id="9" x="201.65" y="473.86" angle="180.00" type="DEFAULT_VEHTYPE" speed="13.27" pos="69.11" lane="1/2to1/3_0" slope="0.00"/>
    </timestep>
    <timestep time="197.00">
        <vehicle id="0" x="709.40" y="198.35" angle="90.00" type="DEFAULT_VEHTYPE" speed="13.76" pos="104.65" lane="3/1to4/1_0" slope="0.00"/>
        <vehicle id="1" x="398.35" y="293.33" angle="0.00" type="DEFAULT_VEHTYPE" speed="12.88" pos="101.92" lane="2/2to2/1_0" slope="0.00"/>
        <vehicle id="10" x="770.58" y="201.65" angle="-90.00" type="DEFAULT_VEHTYPE" speed="12.65" pos="29.42" lane="4/1to3/1_0" slope="0.00"/>
        <vehicle id="11" x="773.37" y="198.35" angle="90.00" type="DEFAULT_VEHTYPE" speed="13.71" pos="168.62" lane="3/1to4/1_0" slope="0.00"/>
        <vehicle id="12" x="580.75" y="198.35" angle="90.00" type="DEFAULT_VEHTYPE" speed="10.21" pos="176.00" lane="2/1to3/1_0" slope="0.00"/>
        <vehicle id="13" x="664.75" y="198.35" angle="90.00" type="DEFAULT_VEHTYPE" speed="13.05" pos="60.00" lane="3/1to4/1_0" slope="0.00"/>
        <vehicle id="14" x="543.92" y="198.35" angle="90.00" type="DEFAULT_VEHTYPE" speed="12.85" pos="139.17" lane="2/1to3/1_0" slope="0.00"/>
        <vehicle id="4" x="385.02" y="398.35" angle="90.00" type="DEFAULT_VEHTYPE" speed="7.85" pos="180.27" lane="1/2to2/2_0" slope="0.00"/>
        <vehicle id="5" x="198.35" y="152.26" angle="0.00" type="DEFAULT_VEHTYPE" speed="12.68" pos="42.99" lane="1/1to1/0_0" slope="0.00"/>
        <vehicle id="7" x="307.38" y="198.35" angle="90.00" type="DEFAULT_VEHTYPE" speed="13.45" pos="102.63" lane="1/1to2/1_0" slope="0.00"/>
        <vehicle id="8" x="219.05" y="401.65" angle="-90.00" type="DEFAULT_VEHTYPE" speed="9.21" pos="176.20" lane="2/2to1/2_0" slope="0.00"/>
        <vehicle id="9" x="201.65" y="487.72" angle="180.00" type="DEFAULT_VEHTYPE" speed="13.86" pos="82.97" lane="1/2to1/3_0" slope="0.00"/>
    </timestep>
    <timestep time="198.00">
        <vehicle id="0" x="722.87" y="198.35" angle="90.00" type="DEFAULT_VEHTYPE" speed="13.47" pos="118.12" lane="3/1to4/1_0" slope="0.00"/>
        <vehicle id="1" x="398.35" y="279.80" angle="0.00" type="DEFAULT_VEHTYPE" speed="13.53" pos="115.45" lane="2/2to2/1_0" slope="0.00"/>
        <vehicle id="10" x="757.61" y="201.65" angle="-90.00" type="DEFAULT_VEHTYPE" speed="12.97" pos="42.39" lane="4/1to3/1_0" slope="0.00"/>
        <vehicle id="11" x="787.08" y="198.35" angle="90.00" type="DEFAULT_VEHTYPE" speed="13.70" pos="182.33" lane="3/1to4/1_0" slope="0.00"/>
        <vehicle id="12" x="586.46" y="198.35" angle="90.00" type="DEFAULT_VEHTYPE" speed="5.71" pos="181.71" lane="2/1to3/1_0" slope="0.00"/>
        <vehicle id="13" x="678.05" y="198.35" angle="90.00" type="DEFAULT_VEHTYPE" speed="13.30" pos="73.30" lane="3/1to4/1_0" slope="0.00"/>
        <vehicle id="14" x="557.62" y="198.35" angle="90.00" type="DEFAULT_VEHTYPE" speed="13.70" pos="152.87" lane="2/1to3/1_0" slope="0.00"/>
        <vehicle id="4" x="389.54" y="398.35" angle="90.00" type="DEFAULT_VEHTYPE" speed="4.52" pos="184.79" lane="1/2to2/2_0" slope="0.00"/>
        <vehicle id="5" x="198.35" y="139.38" angle="0.00" type="DEFAULT_VEHTYPE" speed="12.88" pos="55.87" lane="1/1to1/0_0" slope="0.00"/>
        <vehicle id="7" x="320.76" y="198.35" angle="90.00" type="DEFAULT_VEHTYPE" speed="13.37" pos="116.01" lane="1/1to2/1_0" slope="0.00"/>
        <vehicle id="8" x="212.65" y="401.65" angle="-90.00" type="DEFAULT_VEHTYPE" speed="6.40" pos="182.60" lane="2/2to1/2_0" slope="0.00"/>
        <vehicle id="9" x="201.65" y="500.91" angle="180.00" type="DEFAULT_VEHTYPE" speed="13.19" pos="96.16" lane="1/2to1/3_0" slope="0.00"/>
    </timestep>
    <timestep time="199.00">
        <vehicle id="0" x="736.33" y="198.35" angle="90.00" type="DEFAULT_VEHTYPE" speed="13.45" pos="131.58" lane="3/1to4/1_0" slope="0.00"/>
        <vehicle id="1" x="398.35" y="265.94" angle="0.00" type="DEFAULT_VEHTYPE" speed="13.86" pos="129.31" lane="2/2to2/1_0" slope="0.00"/>
        <vehicle id="10" x="744.29" y="201.65" angle="-90.00" type="DEFAULT_VEHTYPE" speed="13.33" pos="55.71" lane="4/1to3/1_0" slope="0.00"/>
        <vehicle id="11" x="800.23" y="198.50" angle="91.76" type="DEFAULT_VEHTYPE" speed="13.20" pos="0.28" lane=":4/1_0_0" slope="0.00"/>
        <vehicle id="12" x="590.01" y="198.35" angle="90.00" type="DEFAULT_VEHTYPE" speed="3.55" pos="185.26" lane="2/1to3/1_0" slope="0.00"/>
        <vehicle id="13" x="690.71" y="198.35" angle="90.00" type="DEFAULT_VEHTYPE" speed="12.65" pos="85.96" lane="3/1to4/1_0" slope="0.00"/>
        <vehicle id="14" x="568.81" y="198.35" angle="90.00" type="DEFAULT_VEHTYPE" speed="11.19" pos="164.06" lane="2/1to3/1_0" slope="0.00"/>
        <vehicle id="4" x="396.29" y="398.20" angle="88.33" type="DEFAULT_VEHTYPE" speed="6.76" pos="1.05" lane=":2/2_12_0" slope="0.00"/>
        <vehicle id="5" x="198.35" y="125.71" angle="0.00" type="DEFAULT_VEHTYPE" speed="13.67" pos="69.54" lane="1/1to1/0_0" slope="0.00"/>
        <vehicle id="7" x="333.68" y="198.35" angle="90.00" type="DEFAULT_VEHTYPE" speed="12.93" pos="128.93" lane="1/1to2/1_0" slope="0.00"/>
        <vehicle id="8" x="208.95" y="401.65" angle="-90.00" type="DEFAULT_VEHTYPE" speed="3.70" pos="186.30" lane="2/2to1/2_0" slope="0.00"/>
        <vehicle id="9" x="201.65" y="514.38" angle="180.00" type="DEFAULT_VEHTYPE" speed="13.48" pos="109.63" lane="1/2to1/3_0" slope="0.00"/>
    </timestep>
    <timestep time="200.00">
        <vehicle id="0" x="749.00" y="198.35" angle="90.00" type="DEFAULT_VEHTYPE" speed="12.67" pos="144.25" lane="3/1to4/1_0" slope="0.00"/>
        <vehicle id="1" x="398.35" y="252.71" angle="0.00" type="DEFAULT_VEHTYPE" speed="13.23" pos="142.54" lane="2/2to2/1_0" slope="0.00"/>
        <vehicle id="10" x="730.41" y="201.65" angle="-90.00" type="DEFAULT_VEHTYPE" speed="13.88" pos="69.59" lane="4/1to3/1_0" slope="0.00"/>
        <vehicle id="11" x="790.93" y="201.65" angle="-90.00" type="DEFAULT_VEHTYPE" speed="13.61" pos="9.07" lane="4/1to3/1_0" slope="0.00"/>
        <vehicle id="12" x="595.22" y="198.35" angle="90.00" type="DEFAULT_VEHTYPE" speed="5.21" pos="190.47" lane="2/1to3/1_0" slope="0.00"/>
        <vehicle id="13" x="703.54" y="198.35" angle="90.00" type="DEFAULT_VEHTYPE" speed="12.84" pos="98.79" lane="3/1to4/1_0" slope="0.00"/>
        <vehicle id="14" x="575.50" y="198.35" angle="90.00" type="DEFAULT_VEHTYPE" speed="6.69" pos="170.75" lane="2/1to3/1_0" slope="0.00"/>
        <vehicle id="4" x="398.35" y="391.02" angle="1.23" type="DEFAULT_VEHTYPE" speed="8.18" pos="4.23" lane="2/2to2/1_0" slope="0.00"/>
        <vehicle id="5" x="198.35" y="112.77" angle="0.00" type="DEFAULT_VEHTYPE" speed="12.94" pos="82.48" lane="1/1to1/0_0" slope="0.00"/>
        <vehicle id="7" x="346.55" y="198.35" angle="90.00" type="DEFAULT_VEHTYPE" speed="12.87" pos="141.80" lane="1/1to2/1_0" slope="0.00"/>
        <vehicle id="8" x="203.48" y="401.47" angle="-87.92" type="DEFAULT_VEHTYPE" speed="5.48" pos="1.28" lane=":1/2_6_0" slope="0.00"/>
        <vehicle id="9" x="201.65" y="527.07" angle="180.00" type="DEFAULT_VEHTYPE" speed="12.68" pos="122.32" lane="1/2to1/3_0" slope="0.00"/>
    </timestep>
    <timestep time="201.00">
        <vehicle id="0" x="762.87" y="198.35" angle="90.00" type="DEFAULT_VEHTYPE" speed="13.87" pos="158.12" lane="3/1to4/1_0" slope="0.00"/>
        <vehicle id="1" x="398.35" y="239.70" angle="0.00" type="DEFAULT_VEHTYPE" speed="13.01" pos="155.55" lane="2/2to2/1_0" slope="0.00"/>
        <vehicle id="10" x="717.41" y="201.65" angle="-90.00" type="DEFAULT_VEHTYPE" speed="12.99" pos="82.59" lane="4/1to3/1_0" slope="0.00"/>
        <vehicle id="11" x="777.93" y="201.65" angle="-90.00" type="DEFAULT_VEHTYPE" speed="13.01" pos="22.07" lane="4/1to3/1_0" slope="0.00"/>
        <vehicle id="12" x="600.74" y="201.10" angle="122.33" type="DEFAULT_VEHTYPE" speed="6.53" pos="6.50" lane=":3/1_14_0" slope="0.00"/>
        <vehicle id="13" x="717.07" y="198.35" angle="90.00" type="DEFAULT_VEHTYPE" speed="13.53" pos="112.32" lane="3/1to4/1_0" slope="0.00"/>
        <vehicle id="14" x="582.98" y="198.35" angle="90.00" type="DEFAULT_VEHTYPE" speed="7.48" pos="178.23" lane="2/1to3/1_0" slope="0.00"/>
        <vehicle id="4" x="398.35" y="381.28" angle="0.00" type="DEFAULT_VEHTYPE" speed="9.74" pos="13.97" lane="2/2to2/1_0" slope="0.00"/>
        <vehicle id="5" x="198.35" y="99.77" angle="0.00" type="DEFAULT_VEHTYPE" speed="13.00" pos="95.48" lane="1/1to1/0_0" slope="0.00"/>
        <vehicle id="7" x="359.46" y="198.35" angle="90.00" type="DEFAULT_VEHTYPE" speed="12.91" pos="154.71" lane="1/1to2/1_0" slope="0.00"/>
        <vehicle id="8" x="198.62" y="397.16" angle="-36.81" type="DEFAULT_VEHTYPE" speed="7.11" pos="8.39" lane=":1/2_6_0" slope="0.00"/>
        <vehicle id="9" x="201.65" y="540.96" angle="180.00" type="DEFAULT_VEHTYPE" speed="13.89" pos="136.21" lane="1/2to1/3_0" slope="0.00"/>
    </timestep>
    <timestep time="202.00">
        <vehicle id="0" x="776.40" y="198.35" angle="90.00" type="DEFAULT_VEHTYPE" speed="13.53" pos="171.65" lane="3/1to4/1_0" slope="0.00"/>
        <vehicle id="1" x="398.35" y="226.48" angle="0.00" type="DEFAULT_VEHTYPE" speed="13.22" pos="168.77" lane="2/2to2/1_0" slope="0.00"/>
        <vehicle id="10" x="703.83" y="201.65" angle="-90.00" type="DEFAULT_VEHTYPE" speed="13.58" pos="96.17" lane="4/1to3/1_0" slope="0.00"/>
        <vehicle id="11" x="764.46" y="201.65" angle="-90.00" type="DEFAULT_VEHTYPE" speed="13.46" pos="35.54" lane="4/1to3/1_0" slope="0.00"/>
        <vehicle id="12" x="601.65" y="209.72" angle="179.95" type="DEFAULT_VEHTYPE" speed="8.80" pos="4.97" lane="3/1to3/2_0" slope="0.00"/>
        <vehicle id="13" x="729.96" y="198.35" angle="90.00" type="DEFAULT_VEHTYPE" speed="12.89" pos="125.21" lane="3/1to4/1_0" slope="0.00"/>
        <vehicle id="14" x="588.40" y="198.35" angle="90.00" type="DEFAULT_VEHTYPE" speed="5.42" pos="183.65" lane="2/1to3/1_0" slope="0.00"/>
        <vehicle id="4" x="398.35" y="370.19" angle="0.00" type="DEFAULT_VEHTYPE" speed="11.08" pos="25.06" lane="2/2to2/1_0" slope="0.00"/>
        <vehicle id="5" x="198.35" y="86.31" angle="0.00" type="DEFAULT_VEHTYPE" speed="13.45" pos="108.94" lane="1/1to1/0_0" slope="0.00"/>
        <vehicle id="7" x="372.13" y="198.35" angle="90.00" type="DEFAULT_VEHTYPE" speed="12.67" pos="167.38" lane="1/1to2/1_0" slope="0.00"/>
        <vehicle id="8" x="198.35" y="388.64" angle="0.00" type="DEFAULT_VEHTYPE" speed="8.54" pos="6.61" lane="1/2to1/1_0" slope="0.00"/>
        <vehicle id="9" x="201.65" y="554.82" angle="180.00" type="DEFAULT_VEHTYPE" speed="13.86" pos="150.07" lane="1/2to1/3_0" slope="0.00"/>
    </timestep>
    <timestep time="203.00">
        <vehicle id="0" x="789.22" y="198.35" angle="90.00" type="DEFAULT_VEHTYPE" speed="12.82" pos="184.47" lane="3/1to4/1_0" slope="0.00"/>
        <vehicle id="1" x="398.35" y="213.06" angle="0.00" type="DEFAULT_VEHTYPE" speed="13.41" pos="182.19" lane="2/2to2/1_0" slope="0.00"/>
        <vehicle id="10" x="690.18" y="201.65" angle="-90.00" type="DEFAULT_VEHTYPE" speed="13.65" pos="109.82" lane="4/1to3/1_0" slope="0.00"/>
        <vehicle id="11" x="751.19" y="201.65" angle="-90.00" type="DEFAULT_VEHTYPE" speed="13.28" pos="48.81" lane="4/1to3/1_0" slope="0.00"/>
        <vehicle id="12" x="601.65" y="220.49" angle="180.00" type="DEFAULT_VEHTYPE" speed="10.76" pos="15.74" lane="3/1to3/2_0" slope="0.00"/>
        <vehicle id="13" x="743.66" y="198.35" angle="90.00" type="DEFAULT_VEHTYPE" speed="13.71" pos="138.91" lane="3/1to4/1_0" slope="0.00"/>
        <vehicle id="14" x="595.31" y="198.35" angle="90.00" type="DEFAULT_VEHTYPE" speed="6.90" pos="0.06" lane=":3/1_13_0" slope="0.00"/>
        <vehicle id="4" x="398.35" y="357.30" angle="0.00" type="DEFAULT_VEHTYPE" speed="12.89" pos="37.95" lane="2/2to2/1_0" slope="0.00"/>
        <vehicle id="5" x="198.35" y="73.10" angle="0.00" type="DEFAULT_VEHTYPE" speed="13.22" pos="122.15" lane="1/1to1/0_0" slope="0.00"/>
        <vehicle id="7" x="381.57" y="198.35" angle="90.00" type="DEFAULT_VEHTYPE" speed="9.44" pos="176.82" lane="1/1to2/1_0" slope="0.00"/>
        <vehicle id="8" x="198.35" y="378.44" angle="0.00" type="DEFAULT_VEHTYPE" speed="10.20" pos="16.81" lane="1/2to1/1_0" slope="0.00"/>
        <vehicle id="9" x="201.65" y="568.71" angle="180.00" type="DEFAULT_VEHTYPE" speed="13.89" pos="163.96" lane="1/2to1/3_0" slope="0.00"/>
    </timestep>
    <timestep time="204.00">
        <vehicle id="0" x="801.40" y="200.50" angle="122.00" type="DEFAULT_VEHTYPE" speed="13.75" pos="2.97" lane=":4/1_0_0" slope="0.00"/>
        <vehicle id="1" x="398.35" y="200.24" angle="0.00" type="DEFAULT_VEHTYPE" speed="12.83" pos="4.51" lane=":2/1_1_0" slope="0.00"/>
        <vehicle id="10" x="677.54" y="201.65" angle="-90.00" type="DEFAULT_VEHTYPE" speed="12.64" pos="122.46" lane="4/1to3/1_0" slope="0.00"/>
        <vehicle id="11" x="738.42" y="201.65" angle="-90.00" type="DEFAULT_VEHTYPE" speed="12.76" pos="61.58" lane="4/1to3/1_0" slope="0.00"/>
        <vehicle id="12" x="601.65" y="233.35" angle="180.00" type="DEFAULT_VEHTYPE" speed="12.86" pos="28.60" lane="3/1to3/2_0" slope="0.00"/>
        <vehicle id="13" x="757.33" y="198.35" angle="90.00" type="DEFAULT_VEHTYPE" speed="13.67" pos="152.58" lane="3/1to4/1_0" slope="0.00"/>
        <vehicle id="14" x="603.75" y="198.35" angle="90.00" type="DEFAULT_VEHTYPE" speed="8.44" pos="8.50" lane=":3/1_13_0" slope="0.00"/>
        <vehicle id="4" x="398.35" y="344.37" angle="0.00" type="DEFAULT_VEHTYPE" speed="12.93" pos="50.88" lane="2/2to2/1_0" slope="0.00"/>
        <vehicle id="5" x="198.35" y="59.33" angle="0.00" type="DEFAULT_VEHTYPE" speed="13.77" pos="135.92" lane="1/1to1/0_0" slope="0.00"/>
        <vehicle id="7" x="387.29" y="198.35" angle="90.00" type="DEFAULT_VEHTYPE" speed="5.72" pos="182.54" lane="1/1to2/1_0" slope="0.00"/>
        <vehicle id="8" x="198.35" y="365.95" angle="0.00" type="DEFAULT_VEHTYPE" speed="12.49" pos="29.30" lane="1/2to1/1_0" slope="0.00"/>
        <vehicle id="9" x="201.65" y="582.12" angle="180.00" type="DEFAULT_VEHTYPE" speed="13.41" pos="177.37" lane="1/2to1/3_0" slope="0.00"/>
    </timestep>
    <timestep time="205.00">
        <vehicle id="0" x="789.17" y="201.65" angle="-90.00" type="DEFAULT_VEHTYPE" speed="12.68" pos="10.83" lane="4/1to3/1_0" slope="0.00"/>
        <vehicle id="1" x="398.35" y="187.50" angle="0.00" type="DEFAULT_VEHTYPE" speed="12.74" pos="7.75" lane="2/1to2/0_0" slope="0.00"/>
        <vehicle id="10" x="664.79" y="201.65" angle="-90.00" type="DEFAULT_VEHTYPE" speed="12.75" pos="135.21" lane="4/1to3/1_0" slope="0.00"/>
        <vehicle id="11" x="725.06" y="201.65" angle="-90.00" type="DEFAULT_VEHTYPE" speed="13.36" pos="74.94" lane="4/1to3/1_0" slope="0.00"/>
        <vehicle id="12" x="601.65" y="246.95" angle="180.00" type="DEFAULT_VEHTYPE" speed="13.60" pos="42.20" lane="3/1to3/2_0" slope="0.00"/>
        <vehicle id="13" x="770.70" y="198.35" angle="90.00" type="DEFAULT_VEHTYPE" speed="13.37" pos="165.95" lane="3/1to4/1_0" slope="0.00"/>
        <vehicle id="14" x="613.77" y="198.35" angle="90.00" type="DEFAULT_VEHTYPE" speed="10.02" pos="9.02" lane="3/1to4/1_0" slope="0.00"/>
        <vehicle id="4" x="398.35" y="331.11" angle="0.00" type="DEFAULT_VEHTYPE" speed="13.26" pos="64.14" lane="2/2to2/1_0" slope="0.00"/>
        <vehicle id="5" x="198.35" y="45.66" angle="0.00" type="DEFAULT_VEHTYPE" speed="13.66" pos="149.59" lane="1/1to1/0_0" slope="0.00"/>
        <vehicle id="7" x="390.75" y="198.35" angle="90.00" type="DEFAULT_VEHTYPE" speed="3.46" pos="186.00" lane="1/1to2/1_0" slope="0.00"/>
        <vehicle id="8" x="198.35" y="352.80" angle="0.00" type="DEFAULT_VEHTYPE" speed="13.15" pos="42.45" lane="1/2to1/1_0" slope="0.00"/>
        <vehicle id="9" x="201.65" y="595.19" angle="180.00" type="DEFAULT_VEHTYPE" speed="13.06" pos="190.44" lane="1/2to1/3_0" slope="0.00"/>
    </timestep>
    <timestep time="206.00">
        <vehicle id="0" x="775.69" y="201.65" angle="-90.00" type="DEFAULT_VEHTYPE" speed="13.48" pos="24.31" lane="4/1to3/1_0" slope="0.00"/>
        <vehicle id="1" x="398.35" y="174.25" angle="0.00" type="DEFAULT_VEHTYPE" speed="13.25" pos="21.00" lane="2/1to2/0_0" slope="0.00"/>
        <vehicle id="10" x="651.52" y="201.65" angle="-90.00" type="DEFAULT_VEHTYPE" speed="13.27" pos="148.48" lane="4/1to3/1_0" slope="0.00"/>
        <vehicle id="11" x="711.35" y="201.65" angle="-90.00" type="DEFAULT_VEHTYPE" speed="13.72" pos="88.65" lane="4/1to3/1_0" slope="0.00"/>
        <vehicle id="12" x="601.65" y="260.01" angle="180.00" type="DEFAULT_VEHTYPE" speed="13.06" pos="55.26" lane="3/1to3/2_0" slope="0.00"/>
        <vehicle id="13" x="784.25" y="198.35" angle="90.00" type="DEFAULT_VEHTYPE" speed="13.55" pos="179.50" lane="3/1to4/1_0" slope="0.00"/>
        <vehicle id="14" x="626.27" y="198.35" angle="90.00" type="DEFAULT_VEHTYPE" speed="12.50" pos="21.52" lane="3/1to4/1_0" slope="0.00"/>
        <vehicle id="4" x="398.35" y="317.76" angle="0.00" type="DEFAULT_VEHTYPE" speed="13.35" pos="77.49" lane="2/2to2/1_0" slope="0.00"/>
        <vehicle id="5" x="198.35" y="32.35" angle="0.00" type="DEFAULT_VEHTYPE" speed="13.31" pos="162.90" lane="1/1to1/0_0" slope="0.00"/>
        <vehicle id="7" x="395.82" y="198.35" angle="90.00" type="DEFAULT_VEHTYPE" speed="5.07" pos="0.57" lane=":2/1_13_0" slope="0.00"/>
        <vehicle id="8" x="198.35" y="340.00" angle="0.00" type="DEFAULT_VEHTYPE" speed="12.80" pos="55.25" lane="1/2to1/1_0" slope="0.00"/>
        <vehicle id="9" x="212.79" y="598.35" angle="90.00" type="DEFAULT_VEHTYPE" speed="13.10" pos="8.04" lane="1/3to2/3_0" slope="0.00"/>
    </timestep>
    <timestep time="207.00">
        <vehicle id="0" x="762.07" y="201.65" angle="-90.00" type="DEFAULT_VEHTYPE" speed="13.63" pos="37.93" lane="4/1to3/1_0" slope="0.00"/>
        <vehicle id="1" x="398.35" y="160.65" angle="0.00" type="DEFAULT_VEHTYPE" speed="13.60" pos="34.60" lane="2/1to2/0_0" slope="0.00"/>
        <vehicle id="10" x="638.12" y="201.65" angle="-90.00" type="DEFAULT_VEHTYPE" speed="13.40" pos="161.88" lane="4/1to3/1_0" slope="0.00"/>
        <vehicle id="11" x="698.16" y="201.65" angle="-90.00" type="DEFAULT_VEHTYPE" speed="13.19" pos="101.84" lane="4/1to3/1_0" slope="0.00"/>
        <vehicle id="12" x="601.65" y="273.73" angle="180.00" type="DEFAULT_VEHTYPE" speed="13.72" pos="68.98" lane="3/1to3/2_0" slope="0.00"/>
        <vehicle id="13" x="797.03" y="198.35" angle="90.00" type="DEFAULT_VEHTYPE" speed="12.79" pos="192.28" lane="3/1to4/1_0" slope="0.00"/>
        <vehicle id="14" x="640.13" y="198.35" angle="90.00" type="DEFAULT_VEHTYPE" speed="13.86" pos="35.38" lane="3/1to4/1_0" slope="0.00"/>
        <vehicle id="4" x="398.35" y="304.37" angle="0.00" type="DEFAULT_VEHTYPE" speed="13.39" pos="90.88" lane="2/2to2/1_0" slope="0.00"/>
        <vehicle id="5" x="198.35" y="18.56" angle="0.00" type="DEFAULT_VEHTYPE" speed="13.80" pos="176.69" lane="1/1to1/0_0" slope="0.00"/>
        <vehicle id="7" x="403.36" y="198.35" angle="90.00" type="DEFAULT_VEHTYPE" speed="7.54" pos="8.11" lane=":2/1_13_0" slope="0.00"/>
        <vehicle id="8" x="198.35" y="326.72" angle="0.00" type="DEFAULT_VEHTYPE" speed="13.29" pos="68.53" lane="1/2to1/1_0" slope="0.00"/>
        <vehicle id="9" x="226.10" y="598.35" angle="90.00" type="DEFAULT_VEHTYPE" speed="13.31" pos="21.35" lane="1/3to2/3_0" slope="0.00"/>
    </timestep>
    <timestep time="208.00">
        <vehicle id="0" x="749.41" y="201.65" angle="-90.00" type="DEFAULT_VEHTYPE" speed="12.65" pos="50.59" lane="4/1to3/1_0" slope="0.00"/>
        <vehicle id="1" x="398.35" y="147.64" angle="0.00" type="DEFAULT_VEHTYPE" speed="13.01" pos="47.61" lane="2/1to2/0_0" slope="0.00"/>
        <vehicle id="10" x="626.25" y="201.65" angle="-90.00" type="DEFAULT_VEHTYPE" speed="11.87" pos="173.75" lane="4/1to3/1_0" slope="0.00"/>
        <vehicle id="11" x="684.82" y="201.65" angle="-90.00" type="DEFAULT_VEHTYPE" speed="13.34" pos="115.18" lane="4/1to3/1_0" slope="0.00"/>
        <vehicle id="12" x="601.65" y="287.06" angle="180.00" type="DEFAULT_VEHTYPE" speed="13.34" pos="82.31" lane="3/1to3/2_0" slope="0.00"/>
        <vehicle id="13" x="794.70" y="201.65" angle="-90.00" type="DEFAULT_VEHTYPE" speed="13.09" pos="5.30" lane="4/1to3/1_0" slope="0.00"/>
        <vehicle id="14" x="653.22" y="198.35" angle="90.00" type="DEFAULT_VEHTYPE" speed="13.09" pos="48.47" lane="3/1to4/1_0" slope="0.00"/>
        <vehicle id="4" x="398.35" y="291.69" angle="0.00" type="DEFAULT_VEHTYPE" speed="12.69" pos="103.56" lane="2/2to2/1_0" slope="0.00"/>
        <vehicle id="5" x="198.35" y="5.08" angle="0.00" type="DEFAULT_VEHTYPE" speed="13.48" pos="190.17" lane="1/1to1/0_0" slope="0.00"/>
        <vehicle id="7" x="413.50" y="198.35" angle="90.00" type="DEFAULT_VEHTYPE" speed="10.14" pos="8.75" lane="2/1to3/1_0" slope="0.00"/>
        <vehicle id="8" x="198.35" y="313.28" angle="0.00" type="DEFAULT_VEHTYPE" speed="13.43" pos="81.97" lane="1/2to1/1_0" slope="0.00"/>
        <vehicle id="9" x="239.10" y="598.35" angle="90.00" type="DEFAULT_VEHTYPE" speed="13.00" pos="34.35" lane="1/3to2/3_0" slope="0.00"/>
    </timestep>
    <timestep time="209.00">
        <vehicle id="0" x="735.96" y="201.65" angle="-90.00" type="DEFAULT_VEHTYPE" speed="13.45" pos="64.04" lane="4/1to3/1_0" slope="0.00"/>
        <vehicle id="1" x="398.35" y="134.96" angle="0.00" type="DEFAULT_VEHTYPE" speed="12.69" pos="60.29" lane="2/1to2/0_0" slope="0.00"/>
        <vehicle id="10" x="617.33" y="201.65" angle="-90.00" type="DEFAULT_VEHTYPE" speed="8.92" pos="182.67" lane="4/1to3/1_0" slope="0.00"/>
        <vehicle id="11" x="671.93" y="201.65" angle="-90.00" type="DEFAULT_VEHTYPE" speed="12.89" pos="128.07" lane="4/1to3/1_0" slope="0.00"/>
        <vehicle id="12" x="601.65" y="300.21" angle="180.00" type="DEFAULT_VEHTYPE" speed="13.15" pos="95.46" lane="3/1to3/2_0" slope="0.00"/>
        <vehicle id="13" x="782.04" y="201.65" angle="-90.00" type="DEFAULT_VEHTYPE" speed="12.66" pos="17.96" lane="4/1to3/1_0" slope="0.00"/>
        <vehicle id="14" x="666.38" y="198.35" angle="90.00" type="DEFAULT_VEHTYPE" speed="13.15" pos="61.63" lane="3/1to4/1_0" slope="0.00"/>
        <vehicle id="4" x="398.35" y="278.53" angle="0.00" type="DEFAULT_VEHTYPE" speed="13.16" pos="116.72" lane="2/2to2/1_0" slope="0.00"/>
        <vehicle id="5" x="201.65" y="3.23" angle="166.78" type="DEFAULT_VEHTYPE" speed="13.13" pos="3.23" lane="1/0to1/1_0" slope="0.00"/>
        <vehicle id="7" x="425.03" y="198.35" angle="90.00" type="DEFAULT_VEHTYPE" speed="11.53" pos="20.28" lane="2/1to3/1_0" slope="0.00"/>
        <vehicle id="8" x="198.35" y="300.53" angle="0.00" type="DEFAULT_VEHTYPE" speed="12.76" pos="94.72" lane="1/2to1/1_0" slope="0.00"/>
        <vehicle id="9" x="252.82" y="598.35" angle="90.00" type="DEFAULT_VEHTYPE" speed="13.72" pos="48.07" lane="1/3to2/3_0" slope="0.00"/>
    </timestep>
    <timestep time="210.00">
        <vehicle id="0" x="722.31" y="201.65" angle="-90.00" type="DEFAULT_VEHTYPE" speed="13.66" pos="77.69" lane="4/1to3/1_0" slope="0.00"/>
        <vehicle id="1" x="398.35" y="121.51" angle="0.00" type="DEFAULT_VEHTYPE" speed="13.45" pos="73.74" lane="2/1to2/0_0" slope="0.00"/>
        <vehicle id="10" x="611.54" y="201.65" angle="-90.00" type="DEFAULT_VEHTYPE" speed="5.79" pos="188.46" lane="4/1to3/1_0" slope="0.00"/>
        <vehicle id="11" x="658.96" y="201.65" angle="-90.00" type="DEFAULT_VEHTYPE" speed="12.97" pos="141.04" lane="4/1to3/1_0" slope="0.00"/>
        <vehicle id="12" x="601.65" y="312.98" angle="180.00" type="DEFAULT_VEHTYPE" speed="12.77" pos="108.23" lane="3/1to3/2_0" slope="0.00"/>
        <vehicle id="13" x="769.43" y="201.65" angle="-90.00" type="DEFAULT_VEHTYPE" speed="12.61" pos="30.57" lane="4/1to3/1_0" slope="0.00"/>
        <vehicle id="14" x="679.60" y="198.35" angle="90.00" type="DEFAULT_VEHTYPE" speed="13.23" pos="74.85" lane="3/1to4/1_0" slope="0.00"/>
        <vehicle id="4" x="398.35" y="265.25" angle="0.00" type="DEFAULT_VEHTYPE" speed="13.28" pos="130.00" lane="2/2to2/1_0" slope="0.00"/>
        <vehicle id="5" x="201.65" y="16.91" angle="180.00" type="DEFAULT_VEHTYPE" speed="13.68" pos="16.91" lane="1/0to1/1_0" slope="0.00"/>
        <vehicle id="7" x="438.45" y="198.35" angle="90.00" type="DEFAULT_VEHTYPE" speed="13.42" pos="33.70" lane="2/1to3/1_0" slope="0.00"/>
        <vehicle id="8" x="198.35" y="287.52" angle="0.00" type="DEFAULT_VEHTYPE" speed="13.01" pos="107.73" lane="1/2to1/1_0" slope="0.00"/>
        <vehicle id="9" x="266.40" y="598.35" angle="90.00" type="DEFAULT_VEHTYPE" speed="13.58" pos="61.65" lane="1/3to2/3_0" slope="0.00"/>
    </timestep>
    <timestep time="211.00">
        <vehicle id="0" x="708.86" y="201.65" angle="-90.00" type="DEFAULT_VEHTYPE" speed="13.45" pos="91.14" lane="4/1to3/1_0" slope="0.00"/>
        <vehicle id="1" x="398.35" y="108.90" angle="0.00" type="DEFAULT_VEHTYPE" speed="12.61" pos="86.35" lane="2/1to2/0_0" slope="0.00"/>
        <vehicle id="10" x="603.77" y="201.79" angle="-91.57" type="DEFAULT_VEHTYPE" speed="7.78" pos="0.99" lane=":3/1_4_0" slope="0.00"/>
        <vehicle id="11" x="645.48" y="201.65" angle="-90.00" type="DEFAULT_VEHTYPE" speed="13.48" pos="154.52" lane="4/1to3/1_0" slope="0.00"/>
        <vehicle id="12" x="601.65" y="326.58" angle="180.00" type="DEFAULT_VEHTYPE" speed="13.60" pos="121.83" lane="3/1to3/2_0" slope="0.00"/>
        <vehicle id="13" x="756.59" y="201.65" angle="-90.00" type="DEFAULT_VEHTYPE" speed="12.84" pos="43.41" lane="4/1to3/1_0" slope="0.00"/>
        <vehicle id="14" x="692.48" y="198.35" angle="90.00" type="DEFAULT_VEHTYPE" speed="12.87" pos="87.73" lane="3/1to4/1_0" slope="0.00"/>
        <vehicle id="4" x="398.35" y="251.42" angle="0.00" type="DEFAULT_VEHTYPE" speed="13.83" pos="143.83" lane="2/2to2/1_0" slope="0.00"/>
        <vehicle id="5" x="201.65" y="30.21" angle="180.00" type="DEFAULT_VEHTYPE" speed="13.30" pos="30.21" lane="1/0to1/1_0" slope="0.00"/>
        <vehicle id="7" x="451.66" y="198.35" angle="90.00" type="DEFAULT_VEHTYPE" speed="13.21" pos="46.91" lane="2/1to3/1_0" slope="0.00"/>
        <vehicle id="8" x="198.35" y="274.09" angle="0.00" type="DEFAULT_VEHTYPE" speed="13.43" pos="121.16" lane="1/2to1/1_0" slope="0.00"/>
        <vehicle id="9" x="279.67" y="598.35" angle="90.00" type="DEFAULT_VEHTYPE" speed="13.27" pos="74.92" lane="1/3to2/3_0" slope="0.00"/>
    </timestep>
    <timestep time="212.00">
        <vehicle id="0" x="695.01" y="201.65" angle="-90.00" type="DEFAULT_VEHTYPE" speed="13.85" pos="104.99" lane="4/1to3/1_0" slope="0.00"/>
        <vehicle id="1" x="398.35" y="96.29" angle="0.00" type="DEFAULT_VEHTYPE" speed="12.61" pos="98.96" lane="2/1to2/0_0" slope="0.00"/>
        <vehicle id="10" x="601.65" y="210.57" angle="180.00" type="DEFAULT_VEHTYPE" speed="9.83" pos="5.82" lane="3/1to3/2_0" slope="0.00"/>
        <vehicle id="11" x="632.23" y="201.65" angle="-90.00" type="DEFAULT_VEHTYPE" speed="13.25" pos="167.77" lane="4/1to3/1_0" slope="0.00"/>
        <vehicle id="12" x="601.65" y="339.86" angle="180.00" type="DEFAULT_VEHTYPE" speed="13.28" pos="135.11" lane="3/1to3/2_0" slope="0.00"/>
        <vehicle id="13" x="742.93" y="201.65" angle="-90.00" type="DEFAULT_VEHTYPE" speed="13.66" pos="57.07" lane="4/1to3/1_0" slope="0.00"/>
        <vehicle id="14" x="705.65" y="198.35" angle="90.00" type="DEFAULT_VEHTYPE" speed="13.17" pos="100.90" lane="3/1to4/1_0" slope="0.00"/>
        <vehicle id="4" x="398.35" y="237.93" angle="0.00" type="DEFAULT_VEHTYPE" speed="13.49" pos="157.32" lane="2/2to2/1_0" slope="0.00"/>
        <vehicle id="5" x="201.65" y="43.36" angle="180.00" type="DEFAULT_VEHTYPE" speed="13.15" pos="43.36" lane="1/0to1/1_0" slope="0.00"/>
        <vehicle id="7" x="464.83" y="198.35" angle="90.00" type="DEFAULT_VEHTYPE" speed="13.17" pos="60.08" lane="2/1to3/1_0" slope="0.00"/>
        <vehicle id="8" x="198.35" y="260.49" angle="0.00" type="DEFAULT_VEHTYPE" speed="13.60" pos="134.76" lane="1/2to1/1_0" slope="0.00"/>
        <vehicle id="9" x="293.36" y="598.35" angle="90.00" type="DEFAULT_VEHTYPE" speed="13.69" pos="88.61" lane="1/3to2/3_0" slope="0.00"/>
    </timestep>
    <timestep time="213.00">
        <vehicle id="0" x="681.97" y="201.65" angle="-90.00" type="DEFAULT_VEHTYPE" speed="13.04" pos="118.03" lane="4/1to3/1_0" slope="0.00"/>
        <vehicle id="1" x="398.35" y="83.65" angle="0.00" type="DEFAULT_VEHTYPE" speed="12.64" pos="111.60" lane="2/1to2/0_0" slope="0.00"/>
        <vehicle id="10" x="601.65" y="222.89" angle="180.00" type="DEFAULT_VEHTYPE" speed="12.32" pos="18.14" lane="3/1to3/2_0" slope="0.00"/>
        <vehicle id="11" x="621.99" y="201.65" angle="-90.00" type="DEFAULT_VEHTYPE" speed="10.25" pos="178.01" lane="4/1to3/1_0" slope="0.00"/>
        <vehicle id="12" x="601.65" y="352.91" angle="180.00" type="DEFAULT_VEHTYPE" speed="13.05" pos="148.16" lane="3/1to3/2_0" slope="0.00"/>
        <vehicle id="13" x="729.87" y="201.65" angle="-90.00" type="DEFAULT_VEHTYPE" speed="13.06" pos="70.13" lane="4/1to3/1_0" slope="0.00"/>
        <vehicle id="14" x="718.94" y="198.35" angle="90.00" type="DEFAULT_VEHTYPE" speed="13.30" pos="114.19" lane="3/1to4/1_0" slope="0.00"/>
        <vehicle id="4" x="398.35" y="226.04" angle="0.00" type="DEFAULT_VEHTYPE" speed="11.89" pos="169.21" lane="2/2to2/1_0" slope="0.00"/>
        <vehicle id="5" x="201.65" y="56.44" angle="180.00" type="DEFAULT_VEHTYPE" speed="13.08" pos="56.44" lane="1/0to1/1_0" slope="0.00"/>
        <vehicle id="7" x="478.59" y="198.35" angle="90.00" type="DEFAULT_VEHTYPE" speed="13.75" pos="73.84" lane="2/1to3/1_0" slope="0.00"/>
        <vehicle id="8" x="198.35" y="247.74" angle="0.00" type="DEFAULT_VEHTYPE" speed="12.75" pos="147.51" lane="1/2to1/1_0" slope="0.00"/>
        <vehicle id="9" x="306.43" y="598.35" angle="90.00" type="DEFAULT_VEHTYPE" speed="13.07" pos="101.68" lane="1/3to2/3_0" slope="0.00"/>
    </timestep>
    <timestep time="214.00">
        <vehicle id="0" x="669.20" y="201.65" angle="-90.00" type="DEFAULT_VEHTYPE" speed="12.77" pos="130.80" lane="4/1to3/1_0" slope="0.00"/>
        <vehicle id="1" x="398.35" y="70.38" angle="0.00" type="DEFAULT_VEHTYPE" speed="13.28" pos="124.87" lane="2/1to2/0_0" slope="0.00"/>
        <vehicle id="10" x="601.65" y="236.07" angle="180.00" type="DEFAULT_VEHTYPE" speed="13.18" pos="31.32" lane="3/1to3/2_0" slope="0.00"/>
        <vehicle id="11" x="614.18" y="201.65" angle="-90.00" type="DEFAULT_VEHTYPE" speed="7.81" pos="185.82" lane="4/1to3/1_0" slope="0.00"/>
        <vehicle id="12" x="601.65" y="365.87" angle="180.00" type="DEFAULT_VEHTYPE" speed="12.96" pos="161.12" lane="3/1to3/2_0" slope="0.00"/>
        <vehicle id="13" x="716.74" y="201.65" angle="-90.00" type="DEFAULT_VEHTYPE" speed="13.13" pos="83.26" lane="4/1to3/1_0" slope="0.00"/>
        <vehicle id="14" x="731.86" y="198.35" angle="90.00" type="DEFAULT_VEHTYPE" speed="12.92" pos="127.11" lane="3/1to4/1_0" slope="0.00"/>
        <vehicle id="4" x="398.35" y="217.12" angle="0.00" type="DEFAULT_VEHTYPE" speed="8.92" pos="178.13" lane="2/2to2/1_0" slope="0.00"/>
        <vehicle id="5" x="201.65" y="69.55" angle="180.00" type="DEFAULT_VEHTYPE" speed="13.11" pos="69.55" lane="1/0to1/1_0" slope="0.00"/>
        <vehicle id="7" x="491.99" y="198.35" angle="90.00" type="DEFAULT_VEHTYPE" speed="13.40" pos="87.24" lane="2/1to3/1_0" slope="0.00"/>
        <vehicle id="8" x="198.35" y="234.81" angle="0.00" type="DEFAULT_VEHTYPE" speed="12.93" pos="160.44" lane="1/2to1/1_0" slope="0.00"/>
        <vehicle id="9" x="319.69" y="598.35" angle="90.00" type="DEFAULT_VEHTYPE" speed="13.26" pos="114.94" lane="1/3to2/3_0" slope="0.00"/>
    </timestep>
    <timestep time="215.00">
        <vehicle id="0" x="656.57" y="201.65" angle="-90.00" type="DEFAULT_VEHTYPE" speed="12.64" pos="143.43" lane="4/1to3/1_0" slope="0.00"/>
        <vehicle id="1" x="398.35" y="57.08" angle="0.00" type="DEFAULT_VEHTYPE" speed="13.30" pos="138.17" lane="2/1to2/0_0" slope="0.00"/>
        <vehicle id="10" x="601.65" y="249.79" angle="180.00" type="DEFAULT_VEHTYPE" speed="13.72" pos="45.04" lane="3/1to3/2_0" slope="0.00"/>
        <vehicle id="11" x="610.38" y="201.65" angle="-90.00" type="DEFAULT_VEHTYPE" speed="3.80" pos="189.62" lane="4/1to3/1_0" slope="0.00"/>
        <vehicle id="12" x="601.65" y="376.74" angle="180.00" type="DEFAULT_VEHTYPE" speed="10.88" pos="171.99" lane="3/1to3/2_0" slope="0.00"/>
        <vehicle id="13" x="703.04" y="201.65" angle="-90.00" type="DEFAULT_VEHTYPE" speed="13.70" pos="96.96" lane="4/1to3/1_0" slope="0.00"/>
        <vehicle id="14" x="744.57" y="198.35" angle="90.00" type="DEFAULT_VEHTYPE" speed="12.71" pos="139.82" lane="3/1to4/1_0" slope="0.00"/>
        <vehicle id="4" x="398.35" y="211.72" angle="0.00" type="DEFAULT_VEHTYPE" speed="5.39" pos="183.53" lane="2/2to2/1_0" slope="0.00"/>
        <vehicle id="5" x="201.65" y="83.42" angle="180.00" type="DEFAULT_VEHTYPE" speed="13.87" pos="83.42" lane="1/0to1/1_0" slope="0.00"/>
        <vehicle id="7" x="505.71" y="198.35" angle="90.00" type="DEFAULT_VEHTYPE" speed="13.72" pos="100.96" lane="2/1to3/1_0" slope="0.00"/>
        <vehicle id="8" x="198.35" y="221.15" angle="0.00" type="DEFAULT_VEHTYPE" speed="13.65" pos="174.10" lane="1/2to1/1_0" slope="0.00"/>
        <vehicle id="9" x="332.60" y="598.35" angle="90.00" type="DEFAULT_VEHTYPE" speed="12.91" pos="127.85" lane="1/3to2/3_0" slope="0.00"/>
    </timestep>
    <timestep time="216.00">
        <vehicle id="0" x="642.78" y="201.65" angle="-90.00" type="DEFAULT_VEHTYPE" speed="13.78" pos="157.22" lane="4/1to3/1_0" slope="0.00"/>
        <vehicle id="1" x="398.35" y="43.62" angle="0.00" type="DEFAULT_VEHTYPE" speed="13.46" pos="151.63" lane="2/1to2/0_0" slope="0.00"/>
        <vehicle id="10" x="601.65" y="262.93" angle="180.00" type="DEFAULT_VEHTYPE" speed="13.14" pos="58.18" lane="3/1to3/2_0" slope="0.00"/>
        <vehicle id="11" x="604.21" y="201.73" angle="-90.86" type="DEFAULT_VEHTYPE" speed="6.17" pos="0.54" lane=":3/1_4_0" slope="0.00"/>
        <vehicle id="12" x="601.65" y="385.03" angle="180.00" type="DEFAULT_VEHTYPE" speed="8.28" pos="180.28" lane="3/1to3/2_0" slope="0.00"/>
        <vehicle id="13" x="689.99" y="201.65" angle="-90.00" type="DEFAULT_VEHTYPE" speed="13.06" pos="110.01" lane="4/1to3/1_0" slope="0.00"/>
        <vehicle id="14" x="758.24" y="198.35" angle="90.00" type="DEFAULT_VEHTYPE" speed="13.67" pos="153.49" lane="3/1to4/1_0" slope="0.00"/>
        <vehicle id="4" x="398.41" y="204.34" angle="0.67" type="DEFAULT_VEHTYPE" speed="7.38" pos="0.41" lane=":2/1_2_0" slope="0.00"/>
        <vehicle id="5" x="201.65" y="96.63" angle="180.00" type="DEFAULT_VEHTYPE" speed="13.21" pos="96.63" lane="1/0to1/1_0" slope="0.00"/>
        <vehicle id="7" x="519.02" y="198.35" angle="90.00" type="DEFAULT_VEHTYPE" speed="13.31" pos="114.27" lane="2/1to3/1_0" slope="0.00"/>
        <vehicle id="8" x="198.35" y="207.92" angle="0.00" type="DEFAULT_VEHTYPE" speed="13.24" pos="187.33" lane="1/2to1/1_0" slope="0.00"/>
        <vehicle id="9" x="345.58" y="598.35" angle="90.00" type="DEFAULT_VEHTYPE" speed="12.98" pos="140.83" lane="1/3to2/3_0" slope="0.00"/>
    </timestep>
    <timestep time="217.00">
        <vehicle id="0" x="630.13" y="201.65" angle="-90.00" type="DEFAULT_VEHTYPE" speed="12.66" pos="169.87" lane="4/1to3/1_0" slope="0.00"/>
        <vehicle id="1" x="398.35" y="30.36" angle="0.00" type="DEFAULT_VEHTYPE" speed="13.26" pos="164.89" lane="2/1to2/0_0" slope="0.00"/>
        <vehicle id="10" x="601.65" y="276.65" angle="180.00" type="DEFAULT_VEHTYPE" speed="13.72" pos="71.90" lane="3/1to3/2_0" slope="0.00"/>
        <vehicle id="11" x="601.65" y="208.96" angle="-178.75" type="DEFAULT_VEHTYPE" speed="8.67" pos="4.21" lane="3/1to3/2_0" slope="0.00"/>
        <vehicle id="12" x="601.65" y="389.58" angle="180.00" type="DEFAULT_VEHTYPE" speed="4.55" pos="184.83" lane="3/1to3/2_0" slope="0.00"/>
        <vehicle id="13" x="677.31" y="201.65" angle="-90.00" type="DEFAULT_VEHTYPE" speed="12.68" pos="122.69" lane="4/1to3/1_0" slope="0.00"/>
        <vehicle id="14" x="771.80" y="198.35" angle="90.00" type="DEFAULT_VEHTYPE" speed="13.55" pos="167.05" lane="3/1to4/1_0" slope="0.00"/>
        <vehicle id="4" x="404.57" y="198.38" angle="70.97" type="DEFAULT_VEHTYPE" speed="9.72" pos="2.99" lane=":2/1_16_0" slope="0.00"/>
        <vehicle id="5" x="201.65" y="109.38" angle="180.00" type="DEFAULT_VEHTYPE" speed="12.74" pos="109.38" lane="1/0to1/1_0" slope="0.00"/>
        <vehicle id="7" x="532.21" y="198.35" angle="90.00" type="DEFAULT_VEHTYPE" speed="13.19" pos="127.46" lane="2/1to3/1_0" slope="0.00"/>
        <vehicle id="8" x="190.70" y="201.65" angle="-89.28" type="DEFAULT_VEHTYPE" speed="12.72" pos="4.55" lane="1/1to0/1_0" slope="0.00"/>
        <vehicle id="9" x="359.02" y="598.35" angle="90.00" type="DEFAULT_VEHTYPE" speed="13.44" pos="154.27" lane="1/3to2/3_0" slope="0.00"/>
    </timestep>
    <timestep time="218.00">
        <vehicle id="0" x="620.42" y="201.65" angle="-90.00" type="DEFAULT_VEHTYPE" speed="9.71" pos="179.58" lane="4/1to3/1_0" slope="0.00"/>
        <vehicle id="1" x="398.35" y="17.32" angle="0.00" type="DEFAULT_VEHTYPE" speed="13.04" pos="177.93" lane="2/1to2/0_0" slope="0.00"/>
        <vehicle id="10" x="601.65" y="289.96" angle="180.00" type="DEFAULT_VEHTYPE" speed="13.30" pos="85.21" lane="3/1to3/2_0" slope="0.00"/>
        <vehicle id="11" x="601.65" y="219.05" angle="180.00" type="DEFAULT_VEHTYPE" speed="10.09" pos="14.30" lane="3/1to3/2_0" slope="0.00"/>
        <vehicle id="12" x="601.54" y="396.00" angle="-178.76" type="DEFAULT_VEHTYPE" speed="6.44" pos="0.76" lane=":3/2_10_0" slope="0.00"/>
        <vehicle id="13" x="663.89" y="201.65" angle="-90.00" type="DEFAULT_VEHTYPE" speed="13.42" pos="136.11" lane="4/1to3/1_0" slope="0.00"/>
        <vehicle id="14" x="785.38" y="198.35" angle="90.00" type="DEFAULT_VEHTYPE" speed="13.59" pos="180.63" lane="3/1to4/1_0" slope="0.00"/>
        <vehicle id="4" x="416.30" y="198.35" angle="90.00" type="DEFAULT_VEHTYPE" speed="11.73" pos="11.55" lane="2/1to3/1_0" slope="0.00"/>
        <vehicle id="5" x="201.65" y="123.04" angle="180.00" type="DEFAULT_VEHTYPE" speed="13.67" pos="123.04" lane="1/0to1/1_0" slope="0.00"/>
        <vehicle id="7" x="545.07" y="198.35" angle="90.00" type="DEFAULT_VEHTYPE" speed="12.86" pos="140.32" lane="2/1to3/1_0" slope="0.00"/>
        <vehicle id="8" x="176.88" y="201.65" angle="-90.00" type="DEFAULT_VEHTYPE" speed="13.82" pos="18.37" lane="1/1to0/1_0" slope="0.00"/>
        <vehicle id="9" x="371.35" y="598.35" angle="90.00" type="DEFAULT_VEHTYPE" speed="12.33" pos="166.60" lane="1/3to2/3_0" slope="0.00"/>
    </timestep>
    <timestep time="219.00">
        <vehicle id="0" x="614.06" y="201.65" angle="-90.00" type="DEFAULT_VEHTYPE" speed="6.36" pos="185.94" lane="4/1to3/1_0" slope="0.00"/>
        <vehicle id="1" x="398.35" y="4.25" angle="0.00" type="DEFAULT_VEHTYPE" speed="13.06" pos="191.00" lane="2/1to2/0_0" slope="0.00"/>
        <vehicle id="10" x="601.65" y="303.84" angle="180.00" type="DEFAULT_VEHTYPE" speed="13.88" pos="99.09" lane="3/1to3/2_0" slope="0.00"/>
        <vehicle id="11" x="601.65" y="230.82" angle="180.00" type="DEFAULT_VEHTYPE" speed="11.76" pos="26.07" lane="3/1to3/2_0" slope="0.00"/>
        <vehicle id="12" x="596.08" y="401.53" angle="-115.57" type="DEFAULT_VEHTYPE" speed="8.72" pos="2.34" lane=":3/2_18_0" slope="0.00"/>
        <vehicle id="13" x="651.27" y="201.65" angle="-90.00" type="DEFAULT_VEHTYPE" speed="12.62" pos="148.73" lane="4/1to3/1_0" slope="0.00"/>
        <vehicle id="14" x="798.95" y="198.35" angle="90.00" type="DEFAULT_VEHTYPE" speed="13.57" pos="194.20" lane="3/1to4/1_0" slope="0.00"/>
        <vehicle id="4" x="429.83" y="198.35" angle="90.00" type="DEFAULT_VEHTYPE" speed="13.54" pos="25.08" lane="2/1to3/1_0" slope="0.00"/>
        <vehicle id="5" x="201.65" y="135.83" angle="180.00" type="DEFAULT_VEHTYPE" speed="12.79" pos="135.83" lane="1/0to1/1_0" slope="0.00"/>
        <vehicle id="7" x="558.51" y="198.35" angle="90.00" type="DEFAULT_VEHTYPE" speed="13.43" pos="153.76" lane="2/1to3/1_0" slope="0.00"/>
        <vehicle id="8" x="163.63" y="201.65" angle="-90.00" type="DEFAULT_VEHTYPE" speed="13.25" pos="31.62" lane="1/1to0/1_0" slope="0.00"/>
        <vehicle id="9" x="381.43" y="598.35" angle="90.00" type="DEFAULT_VEHTYPE" speed="10.08" pos="176.68" lane="1/3to2/3_0" slope="0.00"/>
    </timestep>
    <timestep time="220.00">
        <vehicle id="0" x="610.12" y="201.65" angle="-90.00" type="DEFAULT_VEHTYPE" speed="3.94" pos="189.88" lane="4/1to3/1_0" slope="0.00"/>
        <vehicle id="1" x="401.65" y="4.42" angle="176.20" type="DEFAULT_VEHTYPE" speed="13.49" pos="4.42" lane="2/0to2/1_0" slope="0.00"/>
        <vehicle id="10" x="601.65" y="317.00" angle="180.00" type="DEFAULT_VEHTYPE" speed="13.15" pos="112.25" lane="3/1to3/2_0" slope="0.00"/>
        <vehicle id="11" x="601.65" y="244.42" angle="180.00" type="DEFAULT_VEHTYPE" speed="13.60" pos="39.67" lane="3/1to3/2_0" slope="0.00"/>
        <vehicle id="12" x="585.67" y="401.65" angle="-90.00" type="DEFAULT_VEHTYPE" speed="10.42" pos="9.58" lane="3/2to2/2_0" slope="0.00"/>
        <vehicle id="13" x="637.51" y="201.65" angle="-90.00" type="DEFAULT_VEHTYPE" speed="13.76" pos="162.49" lane="4/1to3/1_0" slope="0.00"/>
        <vehicle id="14" x="792.57" y="201.65" angle="-90.00" type="DEFAULT_VEHTYPE" speed="13.30" pos="7.43" lane="4/1to3/1_0" slope="0.00"/>
        <vehicle id="4" x="443.56" y="198.35" angle="90.00" type="DEFAULT_VEHTYPE" speed="13.73" pos="38.81" lane="2/1to3/1_0" slope="0.00"/>
        <vehicle id="5" x="201.65" y="148.60" angle="180.00" type="DEFAULT_VEHTYPE" speed="12.77" pos="148.60" lane="1/0to1/1_0" slope="0.00"/>
        <vehicle id="7" x="572.09" y="198.35" angle="90.00" type="DEFAULT_VEHTYPE" speed="13.59" pos="167.34" lane="2/1to3/1_0" slope="0.00"/>
        <vehicle id="8" x="149.98" y="201.65" angle="-90.00" type="DEFAULT_VEHTYPE" speed="13.65" pos="45.27" lane="1/1to0/1_0" slope="0.00"/>
        <vehicle id="9" x="387.97" y="598.35" angle="90.00" type="DEFAULT_VEHTYPE" speed="6.54" pos="183.22" lane="1/3to2/3_0" slope="0.00"/>
    </timestep>
    <timestep time="221.00">
        <vehicle id="0" x="603.63" y="201.81" angle="-91.79" type="DEFAULT_VEHTYPE" speed="6.49" pos="1.13" lane=":3/1_4_0" slope="0.00"/>
        <vehicle id="1" x="401.65" y="17.89" angle="180.00" type="DEFAULT_VEHTYPE" speed="13.48" pos="17.89" lane="2/0to2/1_0" slope="0.00"/>
        <vehicle id="10" x="601.65" y="330.37" angle="180.00" type="DEFAULT_VEHTYPE" speed="13.37" pos="125.62" lane="3/1to3/2_0" slope="0.00"/>
        <vehicle id="11" x="601.65" y="257.37" angle="180.00" type="DEFAULT_VEHTYPE" speed="12.95" pos="52.62" lane="3/1to3/2_0" slope="0.00"/>
        <vehicle id="12" x="573.07" y="401.65" angle="-90.00" type="DEFAULT_VEHTYPE" speed="12.60" pos="22.18" lane="3/2to2/2_0" slope="0.00"/>
        <vehicle id="13" x="628.08" y="201.65" angle="-90.00" type="DEFAULT_VEHTYPE" speed="9.42" pos="171.92" lane="4/1to3/1_0" slope="0.00"/>
        <vehicle id="14" x="779.90" y="201.65" angle="-90.00" type="DEFAULT_VEHTYPE" speed="12.67" pos="20.10" lane="4/1to3/1_0" slope="0.00"/>
        <vehicle id="4" x="457.01" y="198.35" angle="90.00" type="DEFAULT_VEHTYPE" speed="13.45" pos="52.26" lane="2/1to3/1_0" slope="0.00"/>
        <vehicle id="5" x="201.65" y="161.28" angle="180.00" type="DEFAULT_VEHTYPE" speed="12.68" pos="161.28" lane="1/0to1/1_0" slope="0.00"/>
        <vehicle id="7" x="581.18" y="198.35" angle="90.00" type="DEFAULT_VEHTYPE" speed="9.09" pos="176.43" lane="2/1to3/1_0" slope="0.00"/>
        <vehicle id="8" x="137.01" y="201.65" angle="-90.00" type="DEFAULT_VEHTYPE" speed="12.97" pos="58.24" lane="1/1to0/1_0" slope="0.00"/>
        <vehicle id="9" x="390.55" y="598.35" angle="90.00" type="DEFAULT_VEHTYPE" speed="2.58" pos="185.80" lane="1/3to2/3_0" slope="0.00"/>
    </timestep>
    <timestep time="222.00">
        <vehicle id="0" x="601.65" y="209.47" angle="-179.55" type="DEFAULT_VEHTYPE" speed="8.59" pos="4.72" lane="3/1to3/2_0" slope="0.00"/>
        <vehicle id="1" x="401.65" y="30.88" angle="180.00" type="DEFAULT_VEHTYPE" speed="12.99" pos="30.88" lane="2/0to2/1_0" slope="0.00"/>
        <vehicle id="10" x="601.65" y="343.07" angle="180.00" type="DEFAULT_VEHTYPE" speed="12.71" pos="138.32" lane="3/1to3/2_0" slope="0.00"/>
        <vehicle id="11" x="601.65" y="270.39" angle="180.00" type="DEFAULT_VEHTYPE" speed="13.02" pos="65.64" lane="3/1to3/2_0" slope="0.00"/>
        <vehicle id="12" x="559.86" y="401.65" angle="-90.00" type="DEFAULT_VEHTYPE" speed="13.21" pos="35.39" lane="3/2to2/2_0" slope="0.00"/>
        <vehicle id="13" x="618.82" y="201.65" angle="-90.00" type="DEFAULT_VEHTYPE" speed="9.26" pos="181.18" lane="4/1to3/1_0" slope="0.00"/>
        <vehicle id="14" x="766.81" y="201.65" angle="-90.00" type="DEFAULT_VEHTYPE" speed="13.09" pos="33.19" lane="4/1to3/1_0" slope="0.00"/>
        <vehicle id="4" x="470.70" y="198.35" angle="90.00" type="DEFAULT_VEHTYPE" speed="13.70" pos="65.95" lane="2/1to3/1_0" slope="0.00"/>
        <vehicle id="5" x="201.65" y="174.68" angle="180.00" type="DEFAULT_VEHTYPE" speed="13.40" pos="174.68" lane="1/0to1/1_0" slope="0.00"/>
        <vehicle id="7" x="587.38" y="198.35" angle="90.00" type="DEFAULT_VEHTYPE" speed="6.20" pos="182.63" lane="2/1to3/1_0" slope="0.00"/>
        <vehicle id="8" x="123.86" y="201.65" angle="-90.00" type="DEFAULT_VEHTYPE" speed="13.15" pos="71.39" lane="1/1to0/1_0" slope="0.00"/>
        <vehicle id="9" x="395.41" y="598.37" angle="90.25" type="DEFAULT_VEHTYPE" speed="4.86" pos="0.16" lane=":2/3_14_0" slope="0.00"/>
    </timestep>
    <timestep time="223.00">
        <vehicle id="0" x="601.65" y="220.08" angle="180.00" type="DEFAULT_VEHTYPE" speed="10.61" pos="15.33" lane="3/1to3/2_0" slope="0.00"/>
        <vehicle id="1" x="401.65" y="43.88" angle="180.00" type="DEFAULT_VEHTYPE" speed="13.00" pos="43.88" lane="2/0to2/1_0" slope="0.00"/>
        <vehicle id="10" x="601.65" y="356.26" angle="180.00" type="DEFAULT_VEHTYPE" speed="13.19" pos="151.51" lane="3/1to3/2_0" slope="0.00"/>
        <vehicle id="11" x="601.65" y="283.54" angle="180.00" type="DEFAULT_VEHTYPE" speed="13.15" pos="78.79" lane="3/1to3/2_0" slope="0.00"/>
        <vehicle id="12" x="546.19" y="401.65" angle="-90.00" type="DEFAULT_VEHTYPE" speed="13.67" pos="49.06" lane="3/2to2/2_0" slope="0.00"/>
        <vehicle id="13" x="612.50" y="201.65" angle="-90.00" type="DEFAULT_VEHTYPE" speed="6.32" pos="187.50" lane="4/1to3/1_0" slope="0.00"/>
        <vehicle id="14" x="753.40" y="201.65" angle="-90.00" type="DEFAULT_VEHTYPE" speed="13.41" pos="46.60" lane="4/1to3/1_0" slope="0.00"/>
        <vehicle id="4" x="484.51" y="198.35" angle="90.00" type="DEFAULT_VEHTYPE" speed="13.80" pos="79.76" lane="2/1to3/1_0" slope="0.00"/>
        <vehicle id="5" x="201.65" y="188.23" angle="180.00" type="DEFAULT_VEHTYPE" speed="13.54" pos="188.23" lane="1/0to1/1_0" slope="0.00"/>
        <vehicle id="7" x="590.60" y="198.35" angle="90.00" type="DEFAULT_VEHTYPE" speed="3.22" pos="185.85" lane="2/1to3/1_0" slope="0.00"/>
        <vehicle id="8" x="111.04" y="201.65" angle="-90.00" type="DEFAULT_VEHTYPE" speed="12.83" pos="84.21" lane="1/1to0/1_0" slope="0.00"/>
        <vehicle id="9" x="401.27" y="602.07" angle="134.27" type="DEFAULT_VEHTYPE" speed="7.45" pos="7.61" lane=":2/3_14_0" slope="0.00"/>
    </timestep>
    <timestep time="224.00">
        <vehicle id="0" x="601.65" y="232.17" angle="180.00" type="DEFAULT_VEHTYPE" speed="12.10" pos="27.42" lane="3/1to3/2_0" slope="0.00"/>
        <vehicle id="1" x="401.65" y="56.98" angle="180.00" type="DEFAULT_VEHTYPE" speed="13.10" pos="56.98" lane="2/0to2/1_0" slope="0.00"/>
        <vehicle id="10" x="601.65" y="369.64" angle="180.00" type="DEFAULT_VEHTYPE" speed="13.38" pos="164.89" lane="3/1to3/2_0" slope="0.00"/>
        <vehicle id="11" x="601.65" y="297.13" angle="180.00" type="DEFAULT_VEHTYPE" speed="13.59" pos="92.38" lane="3/1to3/2_0" slope="0.00"/>
        <vehicle id="12" x="532.33" y="401.65" angle="-90.00" type="DEFAULT_VEHTYPE" speed="13.86" pos="62.92" lane="3/2to2/2_0" slope="0.00"/>
        <vehicle id="13" x="609.06" y="201.65" angle="-90.00" type="DEFAULT_VEHTYPE" speed="3.44" pos="190.94" lane="4/1to3/1_0" slope="0.00"/>
        <vehicle id="14" x="740.60" y="201.65" angle="-90.00" type="DEFAULT_VEHTYPE" speed="12.79" pos="59.40" lane="4/1to3/1_0" slope="0.00"/>
        <vehicle id="4" x="497.46" y="198.35" angle="90.00" type="DEFAULT_VEHTYPE" speed="12.95" pos="92.71" lane="2/1to3/1_0" slope="0.00"/>
        <vehicle id="5" x="206.04" y="198.35" angle="113.45" type="DEFAULT_VEHTYPE" speed="13.31" pos="1.29" lane="1/1to2/1_0" slope="0.00"/>
        <vehicle id="7" x="592.20" y="198.35" angle="90.00" type="DEFAULT_VEHTYPE" speed="1.60" pos="187.45" lane="2/1to3/1_0" slope="0.00"/>
        <vehicle id="8" x="97.90" y="201.65" angle="-90.00" type="DEFAULT_VEHTYPE" speed="13.13" pos="97.35" lane="1/1to0/1_0" slope="0.00"/>
        <vehicle id="9" x="401.65" y="611.28" angle="180.00" type="DEFAULT_VEHTYPE" speed="9.24" pos="6.53" lane="2/3to2/4_0" slope="0.00"/>
    </timestep>
    <timestep time="225.00">
        <vehicle id="0" x="601.65" y="245.14" angle="180.00" type="DEFAULT_VEHTYPE" speed="12.97" pos="40.39" lane="3/1to3/2_0" slope="0.00"/>
        <vehicle id="1" x="401.65" y="70.29" angle="180.00" type="DEFAULT_VEHTYPE" speed="13.31" pos="70.29" lane="2/0to2/1_0" slope="0.00"/>
        <vehicle id="10" x="601.65" y="379.99" angle="180.00" type="DEFAULT_VEHTYPE" speed="10.35" pos="175.24" lane="3/1to3/2_0" slope="0.00"/>
        <vehicle id="11" x="601.65" y="310.60" angle="180.00" type="DEFAULT_VEHTYPE" speed="13.48" pos="105.85" lane="3/1to3/2_0" slope="0.00"/>
        <vehicle id="12" x="519.19" y="401.65" angle="-90.00" type="DEFAULT_VEHTYPE" speed="13.14" pos="76.06" lane="3/2to2/2_0" slope="0.00"/>
        <vehicle id="13" x="604.02" y="201.75" angle="-91.18" type="DEFAULT_VEHTYPE" speed="5.05" pos="0.74" lane=":3/1_4_0" slope="0.00"/>
        <vehicle id="14" x="727.10" y="201.65" angle="-90.00" type="DEFAULT_VEHTYPE" speed="13.50" pos="72.90" lane="4/1to3/1_0" slope="0.00"/>
        <vehicle id="4" x="510.42" y="198.35" angle="90.00" type="DEFAULT_VEHTYPE" speed="12.96" pos="105.67" lane="2/1to3/1_0" slope="0.00"/>
        <vehicle id="5" x="219.29" y="198.35" angle="90.00" type="DEFAULT_VEHTYPE" speed="13.25" pos="14.54" lane="1/1to2/1_0" slope="0.00"/>
        <vehicle id="7" x="592.69" y="198.35" angle="90.00" type="DEFAULT_VEHTYPE" speed="0.50" pos="187.94" lane="2/1to3/1_0" slope="0.00"/>
        <vehicle id="8" x="84.84" y="201.65" angle="-90.00" type="DEFAULT_VEHTYPE" speed="13.07" pos="110.41" lane="1/1to0/1_0" slope="0.00"/>
        <vehicle id="9" x="401.65" y="622.45" angle="180.00" type="DEFAULT_VEHTYPE" speed="11.17" pos="17.70" lane="2/3to2/4_0" slope="0.00"/>
    </timestep>
    <timestep time="226.00">
        <vehicle id="0" x="601.65" y="258.26" angle="180.00" type="DEFAULT_VEHTYPE" speed="13.12" pos="53.51" lane="3/1to3/2_0" slope="0.00"/>
        <vehicle id="1" x="401.65" y="84.03" angle="180.00" type="DEFAULT_VEHTYPE" speed="13.74" pos="84.03" lane="2/0to2/1_0" slope="0.00"/>
        <vehicle id="10" x="601.65" y="386.76" angle="180.00" type="DEFAULT_VEHTYPE" speed="6.76" pos="182.01" lane="3/1to3/2_0" slope="0.00"/>
        <vehicle id="11" x="601.65" y="324.36" angle="180.00" type="DEFAULT_VEHTYPE" speed="13.75" pos="119.61" lane="3/1to3/2_0" slope="0.00"/>
        <vehicle id="12" x="505.36" y="401.65" angle="-90.00" type="DEFAULT_VEHTYPE" speed="13.83" pos="89.89" lane="3/2to2/2_0" slope="0.00"/>
        <vehicle id="13" x="601.65" y="207.98" angle="-175.41" type="DEFAULT_VEHTYPE" speed="7.49" pos="3.23" lane="3/1to3/2_0" slope="0.00"/>
        <vehicle id="14" x="714.23" y="201.65" angle="-90.00" type="DEFAULT_VEHTYPE" speed="12.86" pos="85.77" lane="4/1to3/1_0" slope="0.00"/>
        <vehicle id="4" x="523.66" y="198.35" angle="90.00" type="DEFAULT_VEHTYPE" speed="13.24" pos="118.91" lane="2/1to3/1_0" slope="0.00"/>
        <vehicle id="5" x="232.74" y="198.35" angle="90.00" type="DEFAULT_VEHTYPE" speed="13.45" pos="27.99" lane="1/1to2/1_0" slope="0.00"/>
        <vehicle id="7" x="592.75" y="198.35" angle="90.00" type="DEFAULT_VEHTYPE" speed="0.05" pos="188.00" lane="2/1to3/1_0" slope="0.00"/>
        <vehicle id="8" x="71.06" y="201.65" angle="-90.00" type="DEFAULT_VEHTYPE" speed="13.78" pos="124.19" lane="1/1to0/1_0" slope="0.00"/>
        <vehicle id="9" x="401.65" y="635.83" angle="180.00" type="DEFAULT_VEHTYPE" speed="13.38" pos="31.08" lane="2/3to2/4_0" slope="0.00"/>
    </timestep>
    <timestep time="227.00">
        <vehicle id="0" x="601.65" y="271.33" angle="180.00" type="DEFAULT_VEHTYPE" speed="13.07" pos="66.58" lane="3/1to3/2_0" slope="0.00"/>
        <vehicle id="1" x="401.65" y="97.34" angle="180.00" type="DEFAULT_VEHTYPE" speed="13.31" pos="97.34" lane="2/0to2/1_0" slope="0.00"/>
        <vehicle id="10" x="601.65" y="389.85" angle="180.00" type="DEFAULT_VEHTYPE" speed="3.10" pos="185.10" lane="3/1to3/2_0" slope="0.00"/>
        <vehicle id="11" x="601.65" y="337.62" angle="180.00" type="DEFAULT_VEHTYPE" speed="13.27" pos="132.87" lane="3/1to3/2_0" slope="0.00"/>
        <vehicle id="12" x="491.77" y="401.65" angle="-90.00" type="DEFAULT_VEHTYPE" speed="13.59" pos="103.48" lane="3/2to2/2_0" slope="0.00"/>
        <vehicle id="13" x="601.65" y="217.27" angle="180.00" type="DEFAULT_VEHTYPE" speed="9.28" pos="12.52" lane="3/1to3/2_0" slope="0.00"/>
        <vehicle id="14" x="700.81" y="201.65" angle="-90.00" type="DEFAULT_VEHTYPE" speed="13.42" pos="99.19" lane="4/1to3/1_0" slope="0.00"/>
        <vehicle id="4" x="537.27" y="198.35" angle="90.00" type="DEFAULT_VEHTYPE" speed="13.61" pos="132.52" lane="2/1to3/1_0" slope="0.00"/>
        <vehicle id="5" x="245.39" y="198.35" angle="90.00" type="DEFAULT_VEHTYPE" speed="12.65" pos="40.64" lane="1/1to2/1_0" slope="0.00"/>
        <vehicle id="7" x="594.57" y="198.35" angle="90.00" type="DEFAULT_VEHTYPE" speed="1.82" pos="189.82" lane="2/1to3/1_0" slope="0.00"/>
        <vehicle id="8" x="58.19" y="201.65" angle="-90.00" type="DEFAULT_VEHTYPE" speed="12.87" pos="137.06" lane="1/1to0/1_0" slope="0.00"/>
        <vehicle id="9" x="401.65" y="649.12" angle="180.00" type="DEFAULT_VEHTYPE" speed="13.29" pos="44.37" lane="2/3to2/4_0" slope="0.00"/>
    </timestep>
    <timestep time="228.00">
        <vehicle id="0" x="601.65" y="284.61" angle="180.00" type="DEFAULT_VEHTYPE" speed="13.28" pos="79.86" lane="3/1to3/2_0" slope="0.00"/>
        <vehicle id="1" x="401.65" y="110.25" angle="180.00" type="DEFAULT_VEHTYPE" speed="12.91" pos="110.25" lane="2/0to2/1_0" slope="0.00"/>
        <vehicle id="10" x="601.65" y="395.17" angle="180.00" type="DEFAULT_VEHTYPE" speed="5.32" pos="190.42" lane="3/1to3/2_0" slope="0.00"/>
        <vehicle id="11" x="601.65" y="351.29" angle="180.00" type="DEFAULT_VEHTYPE" speed="13.67" pos="146.54" lane="3/1to3/2_0" slope="0.00"/>
        <vehicle id="12" x="478.44" y="401.65" angle="-90.00" type="DEFAULT_VEHTYPE" speed="13.33" pos="116.81" lane="3/2to2/2_0" slope="0.00"/>
        <vehicle id="13" x="601.65" y="229.05" angle="180.00" type="DEFAULT_VEHTYPE" speed="11.79" pos="24.30" lane="3/1to3/2_0" slope="0.00"/>
        <vehicle id="14" x="687.03" y="201.65" angle="-90.00" type="DEFAULT_VEHTYPE" speed="13.78" pos="112.97" lane="4/1to3/1_0" slope="0.00"/>
        <vehicle id="4" x="550.11" y="198.35" angle="90.00" type="DEFAULT_VEHTYPE" speed="12.83" pos="145.36" lane="2/1to3/1_0" slope="0.00"/>
        <vehicle id="5" x="258.40" y="198.35" angle="90.00" type="DEFAULT_VEHTYPE" speed="13.01" pos="53.65" lane="1/1to2/1_0" slope="0.00"/>
        <vehicle id="7" x="598.25" y="198.87" angle="95.99" type="DEFAULT_VEHTYPE" speed="3.74" pos="3.06" lane=":3/1_14_0" slope="0.00"/>
        <vehicle id="8" x="45.34" y="201.65" angle="-90.00" type="DEFAULT_VEHTYPE" speed="12.85" pos="149.91" lane="1/1to0/1_0" slope="0.00"/>
        <vehicle id="9" x="401.65" y="662.20" angle="180.00" type="DEFAULT_VEHTYPE" speed="13.08" pos="57.45" lane="2/3to2/4_0" slope="0.00"/>
    </timestep>
    <timestep time="229.00">
        <vehicle id="0" x="601.65" y="298.06" angle="180.00" type="DEFAULT_VEHTYPE" speed="13.45" pos="93.31" lane="3/1to3/2_0" slope="0.00"/>
        <vehicle id="1" x="401.65" y="123.67" angle="180.00" type="DEFAULT_VEHTYPE" speed="13.42" pos="123.67" lane="2/0to2/1_0" slope="0.00"/>
        <vehicle id="10" x="598.23" y="401.14" angle="-139.58" type="DEFAULT_VEHTYPE" speed="7.36" pos="0.14" lane=":3/2_18_0" slope="0.00"/>
        <vehicle id="11" x="601.65" y="365.02" angle="180.00" type="DEFAULT_VEHTYPE" speed="13.72" pos="160.27" lane="3/1to3/2_0" slope="0.00"/>
        <vehicle id="12" x="464.66" y="401.65" angle="-90.00" type="DEFAULT_VEHTYPE" speed="13.78" pos="130.59" lane="3/2to2/2_0" slope="0.00"/>
        <vehicle id="13" x="601.65" y="242.73" angle="180.00" type="DEFAULT_VEHTYPE" speed="13.68" pos="37.98" lane="3/1to3/2_0" slope="0.00"/>
        <vehicle id="14" x="673.25" y="201.65" angle="-90.00" type="DEFAULT_VEHTYPE" speed="13.78" pos="126.75" lane="4/1to3/1_0" slope="0.00"/>
        <vehicle id="4" x="563.19" y="198.35" angle="90.00" type="DEFAULT_VEHTYPE" speed="13.08" pos="158.44" lane="2/1to3/1_0" slope="0.00"/>
        <vehicle id="5" x="271.88" y="198.35" angle="90.00" type="DEFAULT_VEHTYPE" speed="13.48" pos="67.13" lane="1/1to2/1_0" slope="0.00"/>
        <vehicle id="7" x="601.34" y="202.60" angle="140.63" type="DEFAULT_VEHTYPE" speed="5.09" pos="8.14" lane=":3/1_14_0" slope="0.00"/>
        <vehicle id="8" x="32.34" y="201.65" angle="-90.00" type="DEFAULT_VEHTYPE" speed="13.00" pos="162.91" lane="1/1to0/1_0" slope="0.00"/>
        <vehicle id="9" x="401.65" y="675.19" angle="180.00" type="DEFAULT_VEHTYPE" speed="12.98" pos="70.44" lane="2/3to2/4_0" slope="0.00"/>
    </timestep>
    <timestep time="230.00">
        <vehicle id="0" x="601.65" y="311.61" angle="180.00" type="DEFAULT_VEHTYPE" speed="13.55" pos="106.86" lane="3/1to3/2_0" slope="0.00"/>
        <vehicle id="1" x="401.65" y="137.16" angle="180.00" type="DEFAULT_VEHTYPE" speed="13.49" pos="137.16" lane="2/0to2/1_0" slope="0.00"/>
        <vehicle id="10" x="589.36" y="401.65" angle="-90.00" type="DEFAULT_VEHTYPE" speed="8.93" pos="5.89" lane="3/2to2/2_0" slope="0.00"/>
        <vehicle id="11" x="601.65" y="375.68" angle="180.00" type="DEFAULT_VEHTYPE" speed="10.67" pos="170.93" lane="3/1to3/2_0" slope="0.00"/>
        <vehicle id="12" x="451.52" y="401.65" angle="-90.00" type="DEFAULT_VEHTYPE" speed="13.13" pos="143.73" lane="3/2to2/2_0" slope="0.00"/>
        <vehicle id="13" x="601.65" y="256.17" angle="180.00" type="DEFAULT_VEHTYPE" speed="13.43" pos="51.42" lane="3/1to3/2_0" slope="0.00"/>
        <vehicle id="14" x="659.92" y="201.65" angle="-90.00" type="DEFAULT_VEHTYPE" speed="13.33" pos="140.08" lane="4/1to3/1_0" slope="0.00"/>
        <vehicle id="4" x="574.87" y="198.35" angle="90.00" type="DEFAULT_VEHTYPE" speed="11.68" pos="170.12" lane="2/1to3/1_0" slope="0.00"/>
        <vehicle id="5" x="285.78" y="198.35" angle="90.00" type="DEFAULT_VEHTYPE" speed="13.90" pos="81.03" lane="1/1to2/1_0" slope="0.00"/>
        <vehicle id="7" x="601.65" y="209.27" angle="179.22" type="DEFAULT_VEHTYPE" speed="6.70" pos="4.52" lane="3/1to3/2_0" slope="0.00"/>
        <vehicle id="8" x="19.10" y="201.65" angle="-90.00" type="DEFAULT_VEHTYPE" speed="13.24" pos="176.15" lane="1/1to0/1_0" slope="0.00"/>
        <vehicle id="9" x="401.65" y="688.50" angle="180.00" type="DEFAULT_VEHTYPE" speed="13.31" pos="83.75" lane="2/3to2/4_0" slope="0.00"/>
    </timestep>
    <timestep time="231.00">
        <vehicle id="0" x="601.65" y="324.91" angle="180.00" type="DEFAULT_VEHTYPE" speed="13.30" pos="120.16" lane="3/1to3/2_0" slope="0.00"/>
        <vehicle id="1" x="401.65" y="150.25" angle="180.00" type="DEFAULT_VEHTYPE" speed="13.09" pos="150.25" lane="2/0to2/1_0" slope="0.00"/>
        <vehicle id="10" x="578.18" y="401.65" angle="-90.00" type="DEFAULT_VEHTYPE" speed="11.18" pos="17.07" lane="3/2to2/2_0" slope="0.00"/>
        <vehicle id="11" x="601.65" y="383.38" angle="180.00" type="DEFAULT_VEHTYPE" speed="7.69" pos="178.63" lane="3/1to3/2_0" slope="0.00"/>
        <vehicle id="12" x="437.97" y="401.65" angle="-90.00" type="DEFAULT_VEHTYPE" speed="13.56" pos="157.28" lane="3/2to2/2_0" slope="0.00"/>
        <vehicle id="13" x="601.65" y="269.09" angle="180.00" type="DEFAULT_VEHTYPE" speed="12.92" pos="64.34" lane="3/1to3/2_0" slope="0.00"/>
        <vehicle id="14" x="646.74" y="201.65" angle="-90.00" type="DEFAULT_VEHTYPE" speed="13.18" pos="153.26" lane="4/1to3/1_0" slope="0.00"/>
        <vehicle id="4" x="583.44" y="198.35" angle="90.00" type="DEFAULT_VEHTYPE" speed="8.57" pos="178.69" lane="2/1to3/1_0" slope="0.00"/>
        <vehicle id="5" x="298.56" y="198.35" angle="90.00" type="DEFAULT_VEHTYPE" speed="12.78" pos="93.81" lane="1/1to2/1_0" slope="0.00"/>
        <vehicle id="7" x="601.65" y="218.03" angle="180.00" type="DEFAULT_VEHTYPE" speed="8.76" pos="13.28" lane="3/1to3/2_0" slope="0.00"/>
        <vehicle id="8" x="5.78" y="201.65" angle="-90.00" type="DEFAULT_VEHTYPE" speed="13.32" pos="189.47" lane="1/1to0/1_0" slope="0.00"/>
        <vehicle id="9" x="401.65" y="702.16" angle="180.00" type="DEFAULT_VEHTYPE" speed="13.67" pos="97.41" lane="2/3to2/4_0" slope="0.00"/>
    </timestep>
    <timestep time="232.00">
        <vehicle id="0" x="601.65" y="337.58" angle="180.00" type="DEFAULT_VEHTYPE" speed="12.67" pos="132.83" lane="3/1to3/2_0" slope="0.00"/>
        <vehicle id="1" x="401.65" y="163.97" angle="180.00" type="DEFAULT_VEHTYPE" speed="13.72" pos="163.97" lane="2/0to2/1_0" slope="0.00"/>
        <vehicle id="10" x="564.49" y="401.65" angle="-90.00" type="DEFAULT_VEHTYPE" speed="13.69" pos="30.76" lane="3/2to2/2_0" slope="0.00"/>
        <vehicle id="11" x="601.65" y="388.17" angle="180.00" type="DEFAULT_VEHTYPE" speed="4.79" pos="183.42" lane="3/1to3/2_0" slope="0.00"/>
        <vehicle id="12" x="426.20" y="401.65" angle="-90.00" type="DEFAULT_VEHTYPE" speed="11.77" pos="169.05" lane="3/2to2/2_0" slope="0.00"/>
        <vehicle id="13" x="601.65" y="281.94" angle="180.00" type="DEFAULT_VEHTYPE" speed="12.84" pos="77.19" lane="3/1to3/2_0" slope="0.00"/>
        <vehicle id="14" x="633.41" y="201.65" angle="-90.00" type="DEFAULT_VEHTYPE" speed="13.33" pos="166.59" lane="4/1to3/1_0" slope="0.00"/>
        <vehicle id="4" x="587.99" y="198.35" angle="90.00" type="DEFAULT_VEHTYPE" speed="4.56" pos="183.24" lane="2/1to3/1_0" slope="0.00"/>
        <vehicle id="5" x="312.21" y="198.35" angle="90.00" type="DEFAULT_VEHTYPE" speed="13.65" pos="107.46" lane="1/1to2/1_0" slope="0.00"/>
        <vehicle id="7" x="601.65" y="228.64" angle="180.00" type="DEFAULT_VEHTYPE" speed="10.60" pos="23.89" lane="3/1to3/2_0" slope="0.00"/>
        <vehicle id="8" x="2.53" y="198.35" angle="67.72" type="DEFAULT_VEHTYPE" speed="13.13" pos="2.53" lane="0/1to1/1_0" slope="0.00"/>
        <vehicle id="9" x="401.65" y="715.91" angle="180.00" type="DEFAULT_VEHTYPE" speed="13.75" pos="111.16" lane="2/3to2/4_0" slope="0.00"/>
    </timestep>
    <timestep time="233.00">
        <vehicle id="0" x="601.65" y="351.41" angle="180.00" type="DEFAULT_VEHTYPE" speed="13.83" pos="146.66" lane="3/1to3/2_0" slope="0.00"/>
        <vehicle id="1" x="401.65" y="177.72" angle="180.00" type="DEFAULT_VEHTYPE" speed="13.75" pos="177.72" lane="2/0to2/1_0" slope="0.00"/>
        <vehicle id="10" x="550.76" y="401.65" angle="-90.00" type="DEFAULT_VEHTYPE" speed="13.74" pos="44.49" lane="3/2to2/2_0" slope="0.00"/>
        <vehicle id="11" x="601.65" y="391.33" angle="180.00" type="DEFAULT_VEHTYPE" speed="3.17" pos="186.58" lane="3/1to3/2_0" slope="0.00"/>
        <vehicle id="12" x="418.05" y="401.65" angle="-90.00" type="DEFAULT_VEHTYPE" speed="8.15" pos="177.20" lane="3/2to2/2_0" slope="0.00"/>
        <vehicle id="13" x="601.65" y="295.35" angle="180.00" type="DEFAULT_VEHTYPE" speed="13.42" pos="90.60" lane="3/1to3/2_0" slope="0.00"/>
        <vehicle id="14" x="622.04" y="201.65" angle="-90.00" type="DEFAULT_VEHTYPE" speed="11.37" pos="177.96" lane="4/1to3/1_0" slope="0.00"/>
        <vehicle id="4" x="590.85" y="198.35" angle="90.00" type="DEFAULT_VEHTYPE" speed="2.86" pos="186.10" lane="2/1to3/1_0" slope="0.00"/>
        <vehicle id="5" x="324.96" y="198.35" angle="90.00" type="DEFAULT_VEHTYPE" speed="12.75" pos="120.21" lane="1/1to2/1_0" slope="0.00"/>
        <vehicle id="7" x="601.65" y="241.27" angle="180.00" type="DEFAULT_VEHTYPE" speed="12.64" pos="36.52" lane="3/1to3/2_0" slope="0.00"/>
        <vehicle id="8" x="15.59" y="198.35" angle="90.00" type="DEFAULT_VEHTYPE" speed="13.06" pos="15.59" lane="0/1to1/1_0" slope="0.00"/>
        <vehicle id="9" x="401.65" y="729.69" angle="180.00" type="DEFAULT_VEHTYPE" speed="13.78" pos="124.94" lane="2/3to2/4_0" slope="0.00"/>
    </timestep>
    <timestep time="234.00">
        <vehicle id="0" x="601.65" y="364.45" angle="180.00" type="DEFAULT_VEHTYPE" speed="13.04" pos="159.70" lane="3/1to3/2_0" slope="0.00"/>
        <vehicle id="1" x="401.65" y="190.79" angle="180.00" type="DEFAULT_VEHTYPE" speed="13.07" pos="190.79" lane="2/0to2/1_0" slope="0.00"/>
        <vehicle id="10" x="537.39" y="401.65" angle="-90.00" type="DEFAULT_VEHTYPE" speed="13.36" pos="57.86" lane="3/2to2/2_0" slope="0.00"/>
        <vehicle id="11" x="601.45" y="396.67" angle="-177.66" type="DEFAULT_VEHTYPE" speed="5.36" pos="1.44" lane=":3/2_10_0" slope="0.00"/>
        <vehicle id="12" x="412.54" y="401.65" angle="-90.00" type="DEFAULT_VEHTYPE" speed="5.51" pos="182.71" lane="3/2to2/2_0" slope="0.00"/>
        <vehicle id="13" x="601.65" y="308.78" angle="180.00" type="DEFAULT_VEHTYPE" speed="13.42" pos="104.03" lane="3/1to3/2_0" slope="0.00"/>
        <vehicle id="14" x="614.98" y="201.65" angle="-90.00" type="DEFAULT_VEHTYPE" speed="7.06" pos="185.02" lane="4/1to3/1_0" slope="0.00"/>
        <vehicle id="4" x="592.19" y="198.35" angle="90.00" type="DEFAULT_VEHTYPE" speed="1.34" pos="187.44" lane="2/1to3/1_0" slope="0.00"/>
        <vehicle id="5" x="337.75" y="198.35" angle="90.00" type="DEFAULT_VEHTYPE" speed="12.79" pos="133.00" lane="1/1to2/1_0" slope="0.00"/>
        <vehicle id="7" x="601.65" y="255.11" angle="180.00" type="DEFAULT_VEHTYPE" speed="13.84" pos="50.36" lane="3/1to3/2_0" slope="0.00"/>
        <vehicle id="8" x="28.25" y="198.35" angle="90.00" type="DEFAULT_VEHTYPE" speed="12.66" pos="28.25" lane="0/1to1/1_0" slope="0.00"/>
        <vehicle id="9" x="401.65" y="742.49" angle="180.00" type="DEFAULT_VEHTYPE" speed="12.80" pos="137.74" lane="2/3to2/4_0" slope="0.00"/>
    </timestep>
    <timestep time="235.00">
        <vehicle id="0" x="601.65" y="375.44" angle="180.00" type="DEFAULT_VEHTYPE" speed="10.99" pos="170.69" lane="3/1to3/2_0" slope="0.00"/>
        <vehicle id="1" x="408.90" y="198.35" angle="91.36" type="DEFAULT_VEHTYPE" speed="13.61" pos="4.15" lane="2/1to3/1_0" slope="0.00"/>
        <vehicle id="10" x="524.11" y="401.65" angle="-90.00" type="DEFAULT_VEHTYPE" speed="13.28" pos="71.14" lane="3/2to2/2_0" slope="0.00"/>
        <vehicle id="11" x="596.26" y="401.51" angle="-117.39" type="DEFAULT_VEHTYPE" speed="7.86" pos="2.16" lane=":3/2_18_0" slope="0.00"/>
        <vehicle id="12" x="409.35" y="401.65" angle="-90.00" type="DEFAULT_VEHTYPE" speed="3.19" pos="185.90" lane="3/2to2/2_0" slope="0.00"/>
        <vehicle id="13" x="601.65" y="322.57" angle="180.00" type="DEFAULT_VEHTYPE" speed="13.80" pos="117.82" lane="3/1to3/2_0" slope="0.00"/>
        <vehicle id="14" x="611.04" y="201.65" angle="-90.00" type="DEFAULT_VEHTYPE" speed="3.94" pos="188.96" lane="4/1to3/1_0" slope="0.00"/>
        <vehicle id="4" x="592.68" y="198.35" angle="90.00" type="DEFAULT_VEHTYPE" speed="0.49" pos="187.93" lane="2/1to3/1_0" slope="0.00"/>
        <vehicle id="5" x="351.60" y="198.35" angle="90.00" type="DEFAULT_VEHTYPE" speed="13.84" pos="146.85" lane="1/1to2/1_0" slope="0.00"/>
        <vehicle id="7" x="601.65" y="267.76" angle="180.00" type="DEFAULT_VEHTYPE" speed="12.65" pos="63.01" lane="3/1to3/2_0" slope="0.00"/>
        <vehicle id="8" x="41.89" y="198.35" angle="90.00" type="DEFAULT_VEHTYPE" speed="13.64" pos="41.89" lane="0/1to1/1_0" slope="0.00"/>
        <vehicle id="9" x="401.65" y="755.82" angle="180.00" type="DEFAULT_VEHTYPE" speed="13.33" pos="151.07" lane="2/3to2/4_0" slope="0.00"/>
    </timestep>
    <timestep time="236.00">
        <vehicle id="0" x="601.65" y="383.35" angle="180.00" type="DEFAULT_VEHTYPE" speed="7.91" pos="178.60" lane="3/1to3/2_0" slope="0.00"/>
        <vehicle id="1" x="422.09" y="198.35" angle="90.00" type="DEFAULT_VEHTYPE" speed="13.20" pos="17.34" lane="2/1to3/1_0" slope="0.00"/>
        <vehicle id="10" x="511.34" y="401.65" angle="-90.00" type="DEFAULT_VEHTYPE" speed="12.77" pos="83.91" lane="3/2to2/2_0" slope="0.00"/>
        <vehicle id="11" x="585.82" y="401.65" angle="-90.00" type="DEFAULT_VEHTYPE" speed="10.45" pos="9.43" lane="3/2to2/2_0" slope="0.00"/>
        <vehicle id="12" x="404.67" y="401.64" angle="-89.87" type="DEFAULT_VEHTYPE" speed="4.67" pos="0.08" lane=":2/2_6_0" slope="0.00"/>
        <vehicle id="13" x="601.65" y="336.28" angle="180.00" type="DEFAULT_VEHTYPE" speed="13.71" pos="131.53" lane="3/1to3/2_0" slope="0.00"/>
        <vehicle id="14" x="605.13" y="201.65" angle="-90.00" type="DEFAULT_VEHTYPE" speed="5.91" pos="194.87" lane="4/1to3/1_0" slope="0.00"/>
        <vehicle id="4" x="592.73" y="198.35" angle="90.00" type="DEFAULT_VEHTYPE" speed="0.05" pos="187.98" lane="2/1to3/1_0" slope="0.00"/>
        <vehicle id="5" x="364.52" y="198.35" angle="90.00" type="DEFAULT_VEHTYPE" speed="12.92" pos="159.77" lane="1/1to2/1_0" slope="0.00"/>
        <vehicle id="7" x="601.65" y="281.41" angle="180.00" type="DEFAULT_VEHTYPE" speed="13.65" pos="76.66" lane="3/1to3/2_0" slope="0.00"/>
        <vehicle id="8" x="55.20" y="198.35" angle="90.00" type="DEFAULT_VEHTYPE" speed="13.31" pos="55.20" lane="0/1to1/1_0" slope="0.00"/>
        <vehicle id="9" x="401.65" y="769.22" angle="180.00" type="DEFAULT_VEHTYPE" speed="13.40" pos="164.47" lane="2/3to2/4_0" slope="0.00"/>
    </timestep>
    <timestep time="237.00">
        <vehicle id="0" x="601.65" y="387.87" angle="180.00" type="DEFAULT_VEHTYPE" speed="4.52" pos="183.12" lane="3/1to3/2_0" slope="0.00"/>
        <vehicle id="1" x="435.93" y="198.35" angle="90.00" type="DEFAULT_VEHTYPE" speed="13.84" pos="31.18" lane="2/1to3/1_0" slope="0.00"/>
        <vehicle id="10" x="497.99" y="401.65" angle="-90.00" type="DEFAULT_VEHTYPE" speed="13.35" pos="97.26" lane="3/2to2/2_0" slope="0.00"/>
        <vehicle id="11" x="573.16" y="401.65" angle="-90.00" type="DEFAULT_VEHTYPE" speed="12.67" pos="22.09" lane="3/2to2/2_0" slope="0.00"/>
        <vehicle id="12" x="399.06" y="398.56" angle="-53.56" type="DEFAULT_VEHTYPE" speed="6.82" pos="6.89" lane=":2/2_6_0" slope="0.00"/>
        <vehicle id="13" x="601.65" y="349.77" angle="180.00" type="DEFAULT_VEHTYPE" speed="13.49" pos="145.02" lane="3/1to3/2_0" slope="0.00"/>
        <vehicle id="14" x="601.65" y="206.89" angle="-166.83" type="DEFAULT_VEHTYPE" speed="7.51" pos="2.14" lane="3/1to3/2_0" slope="0.00"/>
        <vehicle id="4" x="592.75" y="198.35" angle="90.00" type="DEFAULT_VEHTYPE" speed="0.02" pos="188.00" lane="2/1to3/1_0" slope="0.00"/>
        <vehicle id="5" x="375.33" y="198.35" angle="90.00" type="DEFAULT_VEHTYPE" speed="10.81" pos="170.58" lane="1/1to2/1_0" slope="0.00"/>
        <vehicle id="7" x="601.65" y="294.28" angle="180.00" type="DEFAULT_VEHTYPE" speed="12.87" pos="89.53" lane="3/1to3/2_0" slope="0.00"/>
        <vehicle id="8" x="68.25" y="198.35" angle="90.00" type="DEFAULT_VEHTYPE" speed="13.05" pos="68.25" lane="0/1to1/1_0" slope="0.00"/>
        <vehicle id="9" x="401.65" y="782.13" angle="180.00" type="DEFAULT_VEHTYPE" speed="12.91" pos="177.38" lane="2/3to2/4_0" slope="0.00"/>
    </timestep>
    <timestep time="238.00">
        <vehicle id="0" x="601.65" y="390.31" angle="180.00" type="DEFAULT_VEHTYPE" speed="2.44" pos="185.56" lane="3/1to3/2_0" slope="0.00"/>
        <vehicle id="1" x="448.87" y="198.35" angle="90.00" type="DEFAULT_VEHTYPE" speed="12.94" pos="44.12" lane="2/1to3/1_0" slope="0.00"/>
        <vehicle id="10" x="484.19" y="401.65" angle="-90.00" type="DEFAULT_VEHTYPE" speed="13.80" pos="111.06" lane="3/2to2/2_0" slope="0.00"/>
        <vehicle id="11" x="559.35" y="401.65" angle="-90.00" type="DEFAULT_VEHTYPE" speed="13.81" pos="35.90" lane="3/2to2/2_0" slope="0.00"/>
        <vehicle id="12" x="398.35" y="389.29" angle="0.00" type="DEFAULT_VEHTYPE" speed="9.39" pos="5.96" lane="2/2to2/1_0" slope="0.00"/>
        <vehicle id="13" x="601.65" y="362.78" angle="180.00" type="DEFAULT_VEHTYPE" speed="13.01" pos="158.03" lane="3/1to3/2_0" slope="0.00"/>
        <vehicle id="14" x="601.65" y="216.90" angle="180.00" type="DEFAULT_VEHTYPE" speed="10.02" pos="12.15" lane="3/1to3/2_0" slope="0.00"/>
        <vehicle id="4" x="594.48" y="198.35" angle="90.00" type="DEFAULT_VEHTYPE" speed="1.74" pos="189.73" lane="2/1to3/1_0" slope="0.00"/>
        <vehicle id="5" x="383.02" y="198.35" angle="90.00" type="DEFAULT_VEHTYPE" speed="7.69" pos="178.27" lane="1/1to2/1_0" slope="0.00"/>
        <vehicle id="7" x="601.65" y="307.81" angle="180.00" type="DEFAULT_VEHTYPE" speed="13.53" pos="103.06" lane="3/1to3/2_0" slope="0.00"/>
        <vehicle id="8" x="81.61" y="198.35" angle="90.00" type="DEFAULT_VEHTYPE" speed="13.36" pos="81.61" lane="0/1to1/1_0" slope="0.00"/>
        <vehicle id="9" x="401.65" y="795.58" angle="180.00" type="DEFAULT_VEHTYPE" speed="13.46" pos="190.83" lane="2/3to2/4_0" slope="0.00"/>
    </timestep>
    <timestep time="239.00">
        <vehicle id="0" x="601.65" y="394.26" angle="180.00" type="DEFAULT_VEHTYPE" speed="3.95" pos="189.51" lane="3/1to3/2_0" slope="0.00"/>
        <vehicle id="1" x="461.91" y="198.35" angle="90.00" type="DEFAULT_VEHTYPE" speed="13.05" pos="57.16" lane="2/1to3/1_0" slope="0.00"/>
        <vehicle id="10" x="470.46" y="401.65" angle="-90.00" type="DEFAULT_VEHTYPE" speed="13.73" pos="124.79" lane="3/2to2/2_0" slope="0.00"/>
        <vehicle id="11" x="546.26" y="401.65" angle="-90.00" type="DEFAULT_VEHTYPE" speed="13.09" pos="48.99" lane="3/2to2/2_0" slope="0.00"/>
        <vehicle id="12" x="398.35" y="378.32" angle="0.00" type="DEFAULT_VEHTYPE" speed="10.96" pos="16.93" lane="2/2to2/1_0" slope="0.00"/>
        <vehicle id="13" x="601.65" y="372.37" angle="180.00" type="DEFAULT_VEHTYPE" speed="9.59" pos="167.62" lane="3/1to3/2_0" slope="0.00"/>
        <vehicle id="14" x="601.65" y="228.30" angle="180.00" type="DEFAULT_VEHTYPE" speed="11.40" pos="23.55" lane="3/1to3/2_0" slope="0.00"/>
        <vehicle id="4" x="597.62" y="198.69" angle="93.89" type="DEFAULT_VEHTYPE" speed="3.16" pos="2.39" lane=":3/1_14_0" slope="0.00"/>
        <vehicle id="5" x="388.64" y="198.35" angle="90.00" type="DEFAULT_VEHTYPE" speed="5.62" pos="183.89" lane="1/1to2/1_0" slope="0.00"/>
        <vehicle id="7" x="601.65" y="320.53" angle="180.00" type="DEFAULT_VEHTYPE" speed="12.73" pos="115.78" lane="3/1to3/2_0" slope="0.00"/>
        <vehicle id="8" x="94.37" y="198.35" angle="90.00" type="DEFAULT_VEHTYPE" speed="12.76" pos="94.37" lane="0/1to1/1_0" slope="0.00"/>
        <vehicle id="9" x="398.35" y="795.83" angle="-5.42" type="DEFAULT_VEHTYPE" speed="13.41" pos="4.17" lane="2/4to2/3_0" slope="0.00"/>
    </timestep>
    <timestep time="240.00">
        <vehicle id="0" x="600.28" y="399.66" angle="-163.80" type="DEFAULT_VEHTYPE" speed="5.70" pos="4.71" lane=":3/2_10_0" slope="0.00"/>
        <vehicle id="1" x="475.70" y="198.35" angle="90.00" type="DEFAULT_VEHTYPE" speed="13.78" pos="70.95" lane="2/1to3/1_0" slope="0.00"/>
        <vehicle id="10" x="456.71" y="401.65" angle="-90.00" type="DEFAULT_VEHTYPE" speed="13.74" pos="138.54" lane="3/2to2/2_0" slope="0.00"/>
        <vehicle id="11" x="533.66" y="401.65" angle="-90.00" type="DEFAULT_VEHTYPE" speed="12.60" pos="61.59" lane="3/2to2/2_0" slope="0.00"/>
        <vehicle id="12" x="398.35" y="365.85" angle="0.00" type="DEFAULT_VEHTYPE" speed="12.48" pos="29.40" lane="2/2to2/1_0" slope="0.00"/>
        <vehicle id="13" x="601.65" y="379.86" angle="180.00" type="DEFAULT_VEHTYPE" speed="7.49" pos="175.11" lane="3/1to3/2_0" slope="0.00"/>
        <vehicle id="14" x="601.65" y="241.83" angle="180.00" type="DEFAULT_VEHTYPE" speed="13.53" pos="37.08" lane="3/1to3/2_0" slope="0.00"/>
        <vehicle id="4" x="601.25" y="201.95" angle="132.61" type="DEFAULT_VEHTYPE" speed="5.10" pos="7.49" lane=":3/1_14_0" slope="0.00"/>
        <vehicle id="5" x="395.98" y="198.35" angle="90.00" type="DEFAULT_VEHTYPE" speed="7.34" pos="0.73" lane=":2/1_13_0" slope="0.00"/>
        <vehicle id="7" x="601.65" y="333.13" angle="180.00" type="DEFAULT_VEHTYPE" speed="12.60" pos="128.38" lane="3/1to3/2_0" slope="0.00"/>
        <vehicle id="8" x="107.29" y="198.35" angle="90.00" type="DEFAULT_VEHTYPE" speed="12.92" pos="107.29" lane="0/1to1/1_0" slope="0.00"/>
        <vehicle id="9" x="398.35" y="782.48" angle="0.00" type="DEFAULT_VEHTYPE" speed="13.35" pos="17.52" lane="2/4to2/3_0" slope="0.00"/>
    </timestep>
    <timestep time="241.00">
        <vehicle id="0" x="593.09" y="401.65" angle="-94.65" type="DEFAULT_VEHTYPE" speed="7.77" pos="2.16" lane="3/2to2/2_0" slope="0.00"/>
        <vehicle id="1" x="489.25" y="198.35" angle="90.00" type="DEFAULT_VEHTYPE" speed="13.55" pos="84.50" lane="2/1to3/1_0" slope="0.00"/>
        <vehicle id="10" x="444.03" y="401.65" angle="-90.00" type="DEFAULT_VEHTYPE" speed="12.69" pos="151.22" lane="3/2to2/2_0" slope="0.00"/>
        <vehicle id="11" x="520.70" y="401.65" angle="-90.00" type="DEFAULT_VEHTYPE" speed="12.96" pos="74.55" lane="3/2to2/2_0" slope="0.00"/>
        <vehicle id="12" x="398.35" y="352.94" angle="0.00" type="DEFAULT_VEHTYPE" speed="12.91" pos="42.31" lane="2/2to2/1_0" slope="0.00"/>
        <vehicle id="13" x="601.65" y="386.44" angle="180.00" type="DEFAULT_VEHTYPE" speed="6.58" pos="181.69" lane="3/1to3/2_0" slope="0.00"/>
        <vehicle id="14" x="601.65" y="255.41" angle="180.00" type="DEFAULT_VEHTYPE" speed="13.58" pos="50.66" lane="3/1to3/2_0" slope="0.00"/>
        <vehicle id="4" x="601.65" y="208.89" angle="178.61" type="DEFAULT_VEHTYPE" speed="6.97" pos="4.14" lane="3/1to3/2_0" slope="0.00"/>
        <vehicle id="5" x="404.79" y="198.35" angle="90.00" type="DEFAULT_VEHTYPE" speed="8.81" pos="0.04" lane="2/1to3/1_0" slope="0.00"/>
        <vehicle id="7" x="601.65" y="346.13" angle="180.00" type="DEFAULT_VEHTYPE" speed="12.99" pos="141.38" lane="3/1to3/2_0" slope="0.00"/>
        <vehicle id="8" x="120.68" y="198.35" angle="90.00" type="DEFAULT_VEHTYPE" speed="13.39" pos="120.68" lane="0/1to1/1_0" slope="0.00"/>
        <vehicle id="9" x="398.35" y="768.90" angle="0.00" type="DEFAULT_VEHTYPE" speed="13.58" pos="31.10" lane="2/4to2/3_0" slope="0.00"/>
    </timestep>
    <timestep time="242.00">
        <vehicle id="0" x="583.31" y="401.65" angle="-90.00" type="DEFAULT_VEHTYPE" speed="9.78" pos="11.94" lane="3/2to2/2_0" slope="0.00"/>
        <vehicle id="1" x="502.87" y="198.35" angle="90.00" type="DEFAULT_VEHTYPE" speed="13.62" pos="98.12" lane="2/1to3/1_0" slope="0.00"/>
        <vehicle id="10" x="431.11" y="401.65" angle="-90.00" type="DEFAULT_VEHTYPE" speed="12.92" pos="164.14" lane="3/2to2/2_0" slope="0.00"/>
        <vehicle id="11" x="508.10" y="401.65" angle="-90.00" type="DEFAULT_VEHTYPE" speed="12.60" pos="87.15" lane="3/2to2/2_0" slope="0.00"/>
        <vehicle id="12" x="398.35" y="339.75" angle="0.00" type="DEFAULT_VEHTYPE" speed="13.19" pos="55.50" lane="2/2to2/1_0" slope="0.00"/>
        <vehicle id="13" x="601.65" y="389.64" angle="180.00" type="DEFAULT_VEHTYPE" speed="3.21" pos="184.89" lane="3/1to3/2_0" slope="0.00"/>
        <vehicle id="14" x="601.65" y="269.29" angle="180.00" type="DEFAULT_VEHTYPE" speed="13.88" pos="64.54" lane="3/1to3/2_0" slope="0.00"/>
        <vehicle id="4" x="601.65" y="217.36" angle="180.00" type="DEFAULT_VEHTYPE" speed="8.46" pos="12.61" lane="3/1to3/2_0" slope="0.00"/>
        <vehicle id="5" x="415.91" y="198.35" angle="90.00" type="DEFAULT_VEHTYPE" speed="11.12" pos="11.16" lane="2/1to3/1_0" slope="0.00"/>
        <vehicle id="7" x="601.65" y="359.07" angle="180.00" type="DEFAULT_VEHTYPE" speed="12.94" pos="154.32" lane="3/1to3/2_0" slope="0.00"/>
        <vehicle id="8" x="133.38" y="198.35" angle="90.00" type="DEFAULT_VEHTYPE" speed="12.70" pos="133.38" lane="0/1to1/1_0" slope="0.00"/>
        <vehicle id="9" x="398.35" y="756.30" angle="0.00" type="DEFAULT_VEHTYPE" speed="12.60" pos="43.70" lane="2/4to2/3_0" slope="0.00"/>
    </timestep>
    <timestep time="243.00">
        <vehicle id="0" x="572.11" y="401.65" angle="-90.00" type="DEFAULT_VEHTYPE" speed="11.20" pos="23.14" lane="3/2to2/2_0" slope="0.00"/>
        <vehicle id="1" x="515.66" y="198.35" angle="90.00" type="DEFAULT_VEHTYPE" speed="12.79" pos="110.91" lane="2/1to3/1_0" slope="0.00"/>
        <vehicle id="10" x="420.67" y="401.65" angle="-90.00" type="DEFAULT_VEHTYPE" speed="10.44" pos="174.58" lane="3/2to2/2_0" slope="0.00"/>
        <vehicle id="11" x="494.64" y="401.65" angle="-90.00" type="DEFAULT_VEHTYPE" speed="13.46" pos="100.61" lane="3/2to2/2_0" slope="0.00"/>
        <vehicle id="12" x="398.35" y="326.40" angle="0.00" type="DEFAULT_VEHTYPE" speed="13.35" pos="68.85" lane="2/2to2/1_0" slope="0.00"/>
        <vehicle id="13" x="601.65" y="394.43" angle="180.00" type="DEFAULT_VEHTYPE" speed="4.79" pos="189.68" lane="3/1to3/2_0" slope="0.00"/>
        <vehicle id="14" x="601.65" y="282.97" angle="180.00" type="DEFAULT_VEHTYPE" speed="13.68" pos="78.22" lane="3/1to3/2_0" slope="0.00"/>
        <vehicle id="4" x="601.65" y="228.38" angle="180.00" type="DEFAULT_VEHTYPE" speed="11.02" pos="23.63" lane="3/1to3/2_0" slope="0.00"/>
        <vehicle id="5" x="429.41" y="198.35" angle="90.00" type="DEFAULT_VEHTYPE" speed="13.50" pos="24.66" lane="2/1to3/1_0" slope="0.00"/>
        <vehicle id="7" x="601.65" y="368.77" angle="180.00" type="DEFAULT_VEHTYPE" speed="9.69" pos="164.02" lane="3/1to3/2_0" slope="0.00"/>
        <vehicle id="8" x="146.07" y="198.35" angle="90.00" type="DEFAULT_VEHTYPE" speed="12.68" pos="146.07" lane="0/1to1/1_0" slope="0.00"/>
        <vehicle id="9" x="398.35" y="742.95" angle="0.00" type="DEFAULT_VEHTYPE" speed="13.35" pos="57.05" lane="2/4to2/3_0" slope="0.00"/>
    </timestep>
    <timestep time="244.00">
        <vehicle id="0" x="559.25" y="401.65" angle="-90.00" type="DEFAULT_VEHTYPE" speed="12.86" pos="36.00" lane="3/2to2/2_0" slope="0.00"/>
        <vehicle id="1" x="528.93" y="198.35" angle="90.00" type="DEFAULT_VEHTYPE" speed="13.27" pos="124.18" lane="2/1to3/1_0" slope="0.00"/>
        <vehicle id="10" x="413.98" y="401.65" angle="-90.00" type="DEFAULT_VEHTYPE" speed="6.69" pos="181.27" lane="3/2to2/2_0" slope="0.00"/>
        <vehicle id="11" x="481.58" y="401.65" angle="-90.00" type="DEFAULT_VEHTYPE" speed="13.06" pos="113.67" lane="3/2to2/2_0" slope="0.00"/>
        <vehicle id="12" x="398.35" y="312.95" angle="0.00" type="DEFAULT_VEHTYPE" speed="13.44" pos="82.30" lane="2/2to2/1_0" slope="0.00"/>
        <vehicle id="13" x="598.95" y="400.71" angle="-148.21" type="DEFAULT_VEHTYPE" speed="7.26" pos="6.45" lane=":3/2_10_0" slope="0.00"/>
        <vehicle id="14" x="601.65" y="296.39" angle="180.00" type="DEFAULT_VEHTYPE" speed="13.43" pos="91.64" lane="3/1to3/2_0" slope="0.00"/>
        <vehicle id="4" x="601.65" y="241.99" angle="180.00" type="DEFAULT_VEHTYPE" speed="13.61" pos="37.24" lane="3/1to3/2_0" slope="0.00"/>
        <vehicle id="5" x="442.94" y="198.35" angle="90.00" type="DEFAULT_VEHTYPE" speed="13.52" pos="38.19" lane="2/1to3/1_0" slope="0.00"/>
        <vehicle id="7" x="601.65" y="378.97" angle="180.00" type="DEFAULT_VEHTYPE" speed="10.21" pos="174.22" lane="3/1to3/2_0" slope="0.00"/>
        <vehicle id="8" x="159.43" y="198.35" angle="90.00" type="DEFAULT_VEHTYPE" speed="13.36" pos="159.43" lane="0/1to1/1_0" slope="0.00"/>
        <vehicle id="9" x="398.35" y="729.75" angle="0.00" type="DEFAULT_VEHTYPE" speed="13.20" pos="70.25" lane="2/4to2/3_0" slope="0.00"/>
    </timestep>
    <timestep time="245.00">
        <vehicle id="0" x="545.92" y="401.65" angle="-90.00" type="DEFAULT_VEHTYPE" speed="13.33" pos="49.33" lane="3/2to2/2_0" slope="0.00"/>
        <vehicle id="1" x="541.67" y="198.35" angle="90.00" type="DEFAULT_VEHTYPE" speed="12.74" pos="136.92" lane="2/1to3/1_0" slope="0.00"/>
        <vehicle id="10" x="410.45" y="401.65" angle="-90.00" type="DEFAULT_VEHTYPE" speed="3.53" pos="184.80" lane="3/2to2/2_0" slope="0.00"/>
        <vehicle id="11" x="468.08" y="401.65" angle="-90.00" type="DEFAULT_VEHTYPE" speed="13.50" pos="127.17" lane="3/2to2/2_0" slope="0.00"/>
        <vehicle id="12" x="398.35" y="300.03" angle="0.00" type="DEFAULT_VEHTYPE" speed="12.93" pos="95.22" lane="2/2to2/1_0" slope="0.00"/>
        <vehicle id="13" x="589.40" y="401.65" angle="-90.00" type="DEFAULT_VEHTYPE" speed="9.72" pos="5.85" lane="3/2to2/2_0" slope="0.00"/>
        <vehicle id="14" x="601.65" y="309.99" angle="180.00" type="DEFAULT_VEHTYPE" speed="13.60" pos="105.24" lane="3/1to3/2_0" slope="0.00"/>
        <vehicle id="4" x="601.65" y="255.48" angle="180.00" type="DEFAULT_VEHTYPE" speed="13.49" pos="50.73" lane="3/1to3/2_0" slope="0.00"/>
        <vehicle id="5" x="456.12" y="198.35" angle="90.00" type="DEFAULT_VEHTYPE" speed="13.19" pos="51.37" lane="2/1to3/1_0" slope="0.00"/>
        <vehicle id="7" x="601.65" y="386.21" angle="180.00" type="DEFAULT_VEHTYPE" speed="7.23" pos="181.46" lane="3/1to3/2_0" slope="0.00"/>
        <vehicle id="8" x="172.11" y="198.35" angle="90.00" type="DEFAULT_VEHTYPE" speed="12.68" pos="172.11" lane="0/1to1/1_0" slope="0.00"/>
        <vehicle id="9" x="398.35" y="716.75" angle="0.00" type="DEFAULT_VEHTYPE" speed="13.01" pos="83.25" lane="2/4to2/3_0" slope="0.00"/>
    </timestep>
    <timestep time="246.00">
        <vehicle id="0" x="532.29" y="401.65" angle="-90.00" type="DEFAULT_VEHTYPE" speed="13.63" pos="62.96" lane="3/2to2/2_0" slope="0.00"/>
        <vehicle id="1" x="554.91" y="198.35" angle="90.00" type="DEFAULT_VEHTYPE" speed="13.24" pos="150.16" lane="2/1to3/1_0" slope="0.00"/>
        <vehicle id="10" x="405.11" y="401.65" angle="-90.00" type="DEFAULT_VEHTYPE" speed="5.34" pos="190.14" lane="3/2to2/2_0" slope="0.00"/>
        <vehicle id="11" x="455.11" y="401.65" angle="-90.00" type="DEFAULT_VEHTYPE" speed="12.97" pos="140.14" lane="3/2to2/2_0" slope="0.00"/>
        <vehicle id="12" x="398.35" y="287.17" angle="0.00" type="DEFAULT_VEHTYPE" speed="12.85" pos="108.08" lane="2/2to2/1_0" slope="0.00"/>
        <vehicle id="13" x="577.30" y="401.65" angle="-90.00" type="DEFAULT_VEHTYPE" speed="12.10" pos="17.95" lane="3/2to2/2_0" slope="0.00"/>
        <vehicle id="14" x="601.65" y="323.75" angle="180.00" type="DEFAULT_VEHTYPE" speed="13.75" pos="119.00" lane="3/1to3/2_0" slope="0.00"/>
        <vehicle id="4" x="601.65" y="269.04" angle="180.00" type="DEFAULT_VEHTYPE" speed="13.56" pos="64.29" lane="3/1to3/2_0" slope="0.00"/>
        <vehicle id="5" x="469.12" y="198.35" angle="90.00" type="DEFAULT_VEHTYPE" speed="12.99" pos="64.37" lane="2/1to3/1_0" slope="0.00"/>
        <vehicle id="7" x="601.65" y="390.28" angle="180.00" type="DEFAULT_VEHTYPE" speed="4.08" pos="185.53" lane="3/1to3/2_0" slope="0.00"/>
        <vehicle id="8" x="181.49" y="198.35" angle="90.00" type="DEFAULT_VEHTYPE" speed="9.38" pos="181.49" lane="0/1to1/1_0" slope="0.00"/>
        <vehicle id="9" x="398.35" y="703.48" angle="0.00" type="DEFAULT_VEHTYPE" speed="13.27" pos="96.52" lane="2/4to2/3_0" slope="0.00"/>
    </timestep>
    <timestep time="247.00">
        <vehicle id="0" x="518.95" y="401.65" angle="-90.00" type="DEFAULT_VEHTYPE" speed="13.33" pos="76.30" lane="3/2to2/2_0" slope="0.00"/>
        <vehicle id="1" x="568.51" y="198.35" angle="90.00" type="DEFAULT_VEHTYPE" speed="13.60" pos="163.76" lane="2/1to3/1_0" slope="0.00"/>
        <vehicle id="10" x="397.98" y="401.65" angle="-90.00" type="DEFAULT_VEHTYPE" speed="7.13" pos="6.77" lane=":2/2_5_0" slope="0.00"/>
        <vehicle id="11" x="441.23" y="401.65" angle="-90.00" type="DEFAULT_VEHTYPE" speed="13.88" pos="154.02" lane="3/2to2/2_0" slope="0.00"/>
        <vehicle id="12" x="398.35" y="274.32" angle="0.00" type="DEFAULT_VEHTYPE" speed="12.86" pos="120.93" lane="2/2to2/1_0" slope="0.00"/>
        <vehicle id="13" x="563.84" y="401.65" angle="-90.00" type="DEFAULT_VEHTYPE" speed="13.46" pos="31.41" lane="3/2to2/2_0" slope="0.00"/>
        <vehicle id="14" x="601.65" y="336.46" angle="180.00" type="DEFAULT_VEHTYPE" speed="12.72" pos="131.71" lane="3/1to3/2_0" slope="0.00"/>
        <vehicle id="4" x="601.65" y="282.80" angle="180.00" type="DEFAULT_VEHTYPE" speed="13.76" pos="78.05" lane="3/1to3/2_0" slope="0.00"/>
        <vehicle id="5" x="482.34" y="198.35" angle="90.00" type="DEFAULT_VEHTYPE" speed="13.22" pos="77.59" lane="2/1to3/1_0" slope="0.00"/>
        <vehicle id="7" x="601.41" y="396.92" angle="-177.27" type="DEFAULT_VEHTYPE" speed="6.65" pos="1.68" lane=":3/2_10_0" slope="0.00"/>
        <vehicle id="8" x="187.72" y="198.35" angle="90.00" type="DEFAULT_VEHTYPE" speed="6.23" pos="187.72" lane="0/1to1/1_0" slope="0.00"/>
        <vehicle id="9" x="398.35" y="690.33" angle="0.00" type="DEFAULT_VEHTYPE" speed="13.15" pos="109.67" lane="2/4to2/3_0" slope="0.00"/>
    </timestep>
    <timestep time="248.00">
        <vehicle id="0" x="505.07" y="401.65" angle="-90.00" type="DEFAULT_VEHTYPE" speed="13.89" pos="90.18" lane="3/2to2/2_0" slope="0.00"/>
        <vehicle id="1" x="579.38" y="198.35" angle="90.00" type="DEFAULT_VEHTYPE" speed="10.87" pos="174.63" lane="2/1to3/1_0" slope="0.00"/>
        <vehicle id="10" x="388.47" y="401.65" angle="-90.00" type="DEFAULT_VEHTYPE" speed="9.51" pos="6.78" lane="2/2to1/2_0" slope="0.00"/>
        <vehicle id="11" x="427.85" y="401.65" angle="-90.00" type="DEFAULT_VEHTYPE" speed="13.38" pos="167.40" lane="3/2to2/2_0" slope="0.00"/>
        <vehicle id="12" x="398.35" y="261.03" angle="0.00" type="DEFAULT_VEHTYPE" speed="13.29" pos="134.22" lane="2/2to2/1_0" slope="0.00"/>
        <vehicle id="13" x="550.23" y="401.65" angle="-90.00" type="DEFAULT_VEHTYPE" speed="13.62" pos="45.02" lane="3/2to2/2_0" slope="0.00"/>
        <vehicle id="14" x="601.65" y="349.53" angle="180.00" type="DEFAULT_VEHTYPE" speed="13.07" pos="144.78" lane="3/1to3/2_0" slope="0.00"/>
        <vehicle id="4" x="601.65" y="296.58" angle="180.00" type="DEFAULT_VEHTYPE" speed="13.78" pos="91.83" lane="3/1to3/2_0" slope="0.00"/>
        <vehicle id="5" x="495.85" y="198.35" angle="90.00" type="DEFAULT_VEHTYPE" speed="13.51" pos="91.10" lane="2/1to3/1_0" slope="0.00"/>
        <vehicle id="7" x="594.71" y="401.65" angle="-104.65" type="DEFAULT_VEHTYPE" speed="9.18" pos="0.54" lane="3/2to2/2_0" slope="0.00"/>
        <vehicle id="8" x="191.09" y="198.35" angle="90.00" type="DEFAULT_VEHTYPE" speed="3.37" pos="191.09" lane="0/1to1/1_0" slope="0.00"/>
        <vehicle id="9" x="398.35" y="677.27" angle="0.00" type="DEFAULT_VEHTYPE" speed="13.06" pos="122.73" lane="2/4to2/3_0" slope="0.00"/>
    </timestep>
    <timestep time="249.00">
        <vehicle id="0" x="492.00" y="401.65" angle="-90.00" type="DEFAULT_VEHTYPE" speed="13.07" pos="103.25" lane="3/2to2/2_0" slope="0.00"/>
        <vehicle id="1" x="586.17" y="198.35" angle="90.00" type="DEFAULT_VEHTYPE" speed="6.79" pos="181.42" lane="2/1to3/1_0" slope="0.00"/>
        <vehicle id="10" x="376.38" y="401.65" angle="-90.00" type="DEFAULT_VEHTYPE" speed="12.09" pos="18.87" lane="2/2to1/2_0" slope="0.00"/>
        <vehicle id="11" x="418.98" y="401.65" angle="-90.00" type="DEFAULT_VEHTYPE" speed="8.88" pos="176.27" lane="3/2to2/2_0" slope="0.00"/>
        <vehicle id="12" x="398.35" y="247.55" angle="0.00" type="DEFAULT_VEHTYPE" speed="13.48" pos="147.70" lane="2/2to2/1_0" slope="0.00"/>
        <vehicle id="13" x="537.14" y="401.65" angle="-90.00" type="DEFAULT_VEHTYPE" speed="13.09" pos="58.11" lane="3/2to2/2_0" slope="0.00"/>
        <vehicle id="14" x="601.65" y="362.79" angle="180.00" type="DEFAULT_VEHTYPE" speed="13.26" pos="158.04" lane="3/1to3/2_0" slope="0.00"/>
        <vehicle id="4" x="601.65" y="309.76" angle="180.00" type="DEFAULT_VEHTYPE" speed="13.18" pos="105.01" lane="3/1to3/2_0" slope="0.00"/>
        <vehicle id="5" x="509.35" y="198.35" angle="90.00" type="DEFAULT_VEHTYPE" speed="13.50" pos="104.60" lane="2/1to3/1_0" slope="0.00"/>
        <vehicle id="7" x="584.22" y="401.65" angle="-90.00" type="DEFAULT_VEHTYPE" speed="10.49" pos="11.03" lane="3/2to2/2_0" slope="0.00"/>
        <vehicle id="8" x="196.63" y="198.15" angle="87.68" type="DEFAULT_VEHTYPE" speed="5.56" pos="1.40" lane=":1/1_12_0" slope="0.00"/>
        <vehicle id="9" x="398.35" y="664.55" angle="0.00" type="DEFAULT_VEHTYPE" speed="12.72" pos="135.45" lane="2/4to2/3_0" slope="0.00"/>
    </timestep>
    <timestep time="250.00">
        <vehicle id="0" x="479.28" y="401.65" angle="-90.00" type="DEFAULT_VEHTYPE" speed="12.72" pos="115.97" lane="3/2to2/2_0" slope="0.00"/>
        <vehicle id="1" x="589.33" y="198.35" angle="90.00" type="DEFAULT_VEHTYPE" speed="3.17" pos="184.58" lane="2/1to3/1_0" slope="0.00"/>
        <vehicle id="10" x="363.50" y="401.65" angle="-90.00" type="DEFAULT_VEHTYPE" speed="12.88" pos="31.75" lane="2/2to1/2_0" slope="0.00"/>
        <vehicle id="11" x="412.63" y="401.65" angle="-90.00" type="DEFAULT_VEHTYPE" speed="6.35" pos="182.62" lane="3/2to2/2_0" slope="0.00"/>
        <vehicle id="12" x="398.35" y="234.94" angle="0.00" type="DEFAULT_VEHTYPE" speed="12.61" pos="160.31" lane="2/2to2/1_0" slope="0.00"/>
        <vehicle id="13" x="523.30" y="401.65" angle="-90.00" type="DEFAULT_VEHTYPE" speed="13.83" pos="71.95" lane="3/2to2/2_0" slope="0.00"/>
        <vehicle id="14" x="601.65" y="375.31" angle="180.00" type="DEFAULT_VEHTYPE" speed="12.52" pos="170.56" lane="3/1to3/2_0" slope="0.00"/>
        <vehicle id="4" x="601.65" y="323.65" angle="180.00" type="DEFAULT_VEHTYPE" speed="13.89" pos="118.90" lane="3/1to3/2_0" slope="0.00"/>
        <vehicle id="5" x="522.27" y="198.35" angle="90.00" type="DEFAULT_VEHTYPE" speed="12.92" pos="117.52" lane="2/1to3/1_0" slope="0.00"/>
        <vehicle id="7" x="572.27" y="401.65" angle="-90.00" type="DEFAULT_VEHTYPE" speed="11.95" pos="22.98" lane="3/2to2/2_0" slope="0.00"/>
        <vehicle id="8" x="198.35" y="191.26" angle="1.61" type="DEFAULT_VEHTYPE" speed="7.59" pos="3.99" lane="1/1to1/0_0" slope="0.00"/>
        <vehicle id="9" x="398.35" y="651.90" angle="0.00" type="DEFAULT_VEHTYPE" speed="12.65" pos="148.10" lane="2/4to2/3_0" slope="0.00"/>
    </timestep>
    <timestep time="251.00">
        <vehicle id="0" x="466.47" y="401.65" angle="-90.00" type="DEFAULT_VEHTYPE" speed="12.80" pos="128.78" lane="3/2to2/2_0" slope="0.00"/>
        <vehicle id="1" x="594.52" y="198.35" angle="90.00" type="DEFAULT_VEHTYPE" speed="5.18" pos="189.77" lane="2/1to3/1_0" slope="0.00"/>
        <vehicle id="10" x="349.99" y="401.65" angle="-90.00" type="DEFAULT_VEHTYPE" speed="13.51" pos="45.26" lane="2/2to1/2_0" slope="0.00"/>
        <vehicle id="11" x="410.10" y="401.65" angle="-90.00" type="DEFAULT_VEHTYPE" speed="2.53" pos="185.15" lane="3/2to2/2_0" slope="0.00"/>
        <vehicle id="12" x="398.35" y="221.22" angle="0.00" type="DEFAULT_VEHTYPE" speed="13.72" pos="174.03" lane="2/2to2/1_0" slope="0.00"/>
        <vehicle id="13" x="510.44" y="401.65" angle="-90.00" type="DEFAULT_VEHTYPE" speed="12.86" pos="84.81" lane="3/2to2/2_0" slope="0.00"/>
        <vehicle id="14" x="601.65" y="383.92" angle="180.00" type="DEFAULT_VEHTYPE" speed="8.61" pos="179.17" lane="3/1to3/2_0" slope="0.00"/>
        <vehicle id="4" x="601.65" y="336.80" angle="180.00" type="DEFAULT_VEHTYPE" speed="13.15" pos="132.05" lane="3/1to3/2_0" slope="0.00"/>
        <vehicle id="5" x="536.11" y="198.35" angle="90.00" type="DEFAULT_VEHTYPE" speed="13.84" pos="131.36" lane="2/1to3/1_0" slope="0.00"/>
        <vehicle id="7" x="559.56" y="401.65" angle="-90.00" type="DEFAULT_VEHTYPE" speed="12.70" pos="35.69" lane="3/2to2/2_0" slope="0.00"/>
        <vehicle id="8" x="198.35" y="181.67" angle="0.00" type="DEFAULT_VEHTYPE" speed="9.59" pos="13.58" lane="1/1to1/0_0" slope="0.00"/>
        <vehicle id="9" x="398.35" y="638.55" angle="0.00" type="DEFAULT_VEHTYPE" speed="13.35" pos="161.45" lane="2/4to2/3_0" slope="0.00"/>
    </timestep>
    <timestep time="252.00">
        <vehicle id="0" x="452.79" y="401.65" angle="-90.00" type="DEFAULT_VEHTYPE" speed="13.68" pos="142.46" lane="3/2to2/2_0" slope="0.00"/>
        <vehicle id="1" x="600.38" y="200.50" angle="115.18" type="DEFAULT_VEHTYPE" speed="6.54" pos="5.80" lane=":3/1_14_0" slope="0.00"/>
        <vehicle id="10" x="337.03" y="401.65" angle="-90.00" type="DEFAULT_VEHTYPE" speed="12.96" pos="58.22" lane="2/2to1/2_0" slope="0.00"/>
        <vehicle id="11" x="405.20" y="401.65" angle="-90.00" type="DEFAULT_VEHTYPE" speed="4.89" pos="190.05" lane="3/2to2/2_0" slope="0.00"/>
        <vehicle id="12" x="398.35" y="208.14" angle="0.00" type="DEFAULT_VEHTYPE" speed="13.08" pos="187.11" lane="2/2to2/1_0" slope="0.00"/>
        <vehicle id="13" x="497.60" y="401.65" angle="-90.00" type="DEFAULT_VEHTYPE" speed="12.84" pos="97.65" lane="3/2to2/2_0" slope="0.00"/>
        <vehicle id="14" x="601.65" y="389.23" angle="180.00" type="DEFAULT_VEHTYPE" speed="5.31" pos="184.48" lane="3/1to3/2_0" slope="0.00"/>
        <vehicle id="4" x="601.65" y="349.54" angle="180.00" type="DEFAULT_VEHTYPE" speed="12.74" pos="144.79" lane="3/1to3/2_0" slope="0.00"/>
        <vehicle id="5" x="549.73" y="198.35" angle="90.00" type="DEFAULT_VEHTYPE" speed="13.62" pos="144.98" lane="2/1to3/1_0" slope="0.00"/>
        <vehicle id="7" x="545.91" y="401.65" angle="-90.00" type="DEFAULT_VEHTYPE" speed="13.66" pos="49.34" lane="3/2to2/2_0" slope="0.00"/>
        <vehicle id="8" x="198.35" y="169.72" angle="0.00" type="DEFAULT_VEHTYPE" speed="11.95" pos="25.53" lane="1/1to1/0_0" slope="0.00"/>
        <vehicle id="9" x="398.35" y="624.99" angle="0.00" type="DEFAULT_VEHTYPE" speed="13.56" pos="175.01" lane="2/4to2/3_0" slope="0.00"/>
    </timestep>
    <timestep time="253.00">
        <vehicle id="0" x="438.95" y="401.65" angle="-90.00" type="DEFAULT_VEHTYPE" speed="13.84" pos="156.30" lane="3/2to2/2_0" slope="0.00"/>
        <vehicle id="1" x="601.65" y="208.35" angle="177.73" type="DEFAULT_VEHTYPE" speed="8.12" pos="3.60" lane="3/1to3/2_0" slope="0.00"/>
        <vehicle id="10" x="324.03" y="401.65" angle="-90.00" type="DEFAULT_VEHTYPE" speed="13.00" pos="71.22" lane="2/2to1/2_0" slope="0.00"/>
        <vehicle id="11" x="398.13" y="401.65" angle="-90.00" type="DEFAULT_VEHTYPE" speed="7.08" pos="6.62" lane=":2/2_5_0" slope="0.00"/>
        <vehicle id="12" x="398.35" y="194.51" angle="0.00" type="DEFAULT_VEHTYPE" speed="13.63" pos="0.74" lane="2/1to2/0_0" slope="0.00"/>
        <vehicle id="13" x="484.58" y="401.65" angle="-90.00" type="DEFAULT_VEHTYPE" speed="13.02" pos="110.67" lane="3/2to2/2_0" slope="0.00"/>
        <vehicle id="14" x="601.52" y="396.15" angle="-178.52" type="DEFAULT_VEHTYPE" speed="6.93" pos="0.91" lane=":3/2_10_0" slope="0.00"/>
        <vehicle id="4" x="601.65" y="363.06" angle="180.00" type="DEFAULT_VEHTYPE" speed="13.53" pos="158.31" lane="3/1to3/2_0" slope="0.00"/>
        <vehicle id="5" x="563.10" y="198.35" angle="90.00" type="DEFAULT_VEHTYPE" speed="13.37" pos="158.35" lane="2/1to3/1_0" slope="0.00"/>
        <vehicle id="7" x="532.72" y="401.65" angle="-90.00" type="DEFAULT_VEHTYPE" speed="13.18" pos="62.53" lane="3/2to2/2_0" slope="0.00"/>
        <vehicle id="8" x="198.35" y="156.47" angle="0.00" type="DEFAULT_VEHTYPE" speed="13.25" pos="38.78" lane="1/1to1/0_0" slope="0.00"/>
        <vehicle id="9" x="398.35" y="611.52" angle="0.00" type="DEFAULT_VEHTYPE" speed="13.47" pos="188.48" lane="2/4to2/3_0" slope="0.00"/>
    </timestep>
    <timestep time="254.00">
        <vehicle id="0" x="427.06" y="401.65" angle="-90.00" type="DEFAULT_VEHTYPE" speed="11.89" pos="168.19" lane="3/2to2/2_0" slope="0.00"/>
        <vehicle id="1" x="601.65" y="219.01" angle="180.00" type="DEFAULT_VEHTYPE" speed="10.66" pos="14.26" lane="3/1to3/2_0" slope="0.00"/>
        <vehicle id="10" x="311.16" y="401.65" angle="-90.00" type="DEFAULT_VEHTYPE" speed="12.87" pos="84.09" lane="2/2to1/2_0" slope="0.00"/>
        <vehicle id="11" x="389.22" y="401.65" angle="-90.00" type="DEFAULT_VEHTYPE" speed="8.91" pos="6.03" lane="2/2to1/2_0" slope="0.00"/>
        <vehicle id="12" x="398.35" y="181.89" angle="0.00" type="DEFAULT_VEHTYPE" speed="12.62" pos="13.36" lane="2/1to2/0_0" slope="0.00"/>
        <vehicle id="13" x="470.70" y="401.65" angle="-90.00" type="DEFAULT_VEHTYPE" speed="13.88" pos="124.55" lane="3/2to2/2_0" slope="0.00"/>
        <vehicle id="14" x="595.91" y="401.56" angle="-113.82" type="DEFAULT_VEHTYPE" speed="8.74" pos="2.51" lane=":3/2_18_0" slope="0.00"/>
        <vehicle id="4" x="601.65" y="375.31" angle="180.00" type="DEFAULT_VEHTYPE" speed="12.25" pos="170.56" lane="3/1to3/2_0" slope="0.00"/>
        <vehicle id="5" x="574.68" y="198.35" angle="90.00" type="DEFAULT_VEHTYPE" speed="11.59" pos="169.93" lane="2/1to3/1_0" slope="0.00"/>
        <vehicle id="7" x="518.97" y="401.65" angle="-90.00" type="DEFAULT_VEHTYPE" speed="13.75" pos="76.28" lane="3/2to2/2_0" slope="0.00"/>
        <vehicle id="8" x="198.35" y="142.80" angle="0.00" type="DEFAULT_VEHTYPE" speed="13.66" pos="52.45" lane="1/1to1/0_0" slope="0.00"/>
        <vehicle id="9" x="398.35" y="598.68" angle="0.00" type="DEFAULT_VEHTYPE" speed="12.84" pos="6.07" lane=":2/3_1_0" slope="0.00"/>
    </timestep>
    <timestep time="255.00">
        <vehicle id="0" x="418.35" y="401.65" angle="-90.00" type="DEFAULT_VEHTYPE" speed="8.71" pos="176.90" lane="3/2to2/2_0" slope="0.00"/>
        <vehicle id="1" x="601.65" y="231.19" angle="180.00" type="DEFAULT_VEHTYPE" speed="12.18" pos="26.44" lane="3/1to3/2_0" slope="0.00"/>
        <vehicle id="10" x="298.46" y="401.65" angle="-90.00" type="DEFAULT_VEHTYPE" speed="12.70" pos="96.79" lane="2/2to1/2_0" slope="0.00"/>
        <vehicle id="11" x="378.20" y="401.65" angle="-90.00" type="DEFAULT_VEHTYPE" speed="11.02" pos="17.05" lane="2/2to1/2_0" slope="0.00"/>
        <vehicle id="12" x="398.35" y="169.04" angle="0.00" type="DEFAULT_VEHTYPE" speed="12.85" pos="26.21" lane="2/1to2/0_0" slope="0.00"/>
        <vehicle id="13" x="457.03" y="401.65" angle="-90.00" type="DEFAULT_VEHTYPE" speed="13.68" pos="138.22" lane="3/2to2/2_0" slope="0.00"/>
        <vehicle id="14" x="585.86" y="401.65" angle="-90.00" type="DEFAULT_VEHTYPE" speed="10.06" pos="9.39" lane="3/2to2/2_0" slope="0.00"/>
        <vehicle id="4" x="601.65" y="383.07" angle="180.00" type="DEFAULT_VEHTYPE" speed="7.76" pos="178.32" lane="3/1to3/2_0" slope="0.00"/>
        <vehicle id="5" x="582.57" y="198.35" angle="90.00" type="DEFAULT_VEHTYPE" speed="7.88" pos="177.82" lane="2/1to3/1_0" slope="0.00"/>
        <vehicle id="7" x="506.25" y="401.65" angle="-90.00" type="DEFAULT_VEHTYPE" speed="12.72" pos="89.00" lane="3/2to2/2_0" slope="0.00"/>
        <vehicle id="8" x="198.35" y="129.39" angle="0.00" type="DEFAULT_VEHTYPE" speed="13.42" pos="65.86" lane="1/1to1/0_0" slope="0.00"/>
        <vehicle id="9" x="398.35" y="585.55" angle="0.00" type="DEFAULT_VEHTYPE" speed="13.13" pos="9.70" lane="2/3to2/2_0" slope="0.00"/>
    </timestep>
    <timestep time="256.00">
        <vehicle id="0" x="412.64" y="401.65" angle="-90.00" type="DEFAULT_VEHTYPE" speed="5.71" pos="182.61" lane="3/2to2/2_0" slope="0.00"/>
        <vehicle id="1" x="601.65" y="243.85" angle="180.00" type="DEFAULT_VEHTYPE" speed="12.65" pos="39.10" lane="3/1to3/2_0" slope="0.00"/>
        <vehicle id="10" x="285.22" y="401.65" angle="-90.00" type="DEFAULT_VEHTYPE" speed="13.24" pos="110.03" lane="2/2to1/2_0" slope="0.00"/>
        <vehicle id="11" x="364.92" y="401.65" angle="-90.00" type="DEFAULT_VEHTYPE" speed="13.28" pos="30.33" lane="2/2to1/2_0" slope="0.00"/>
        <vehicle id="12" x="398.35" y="155.53" angle="0.00" type="DEFAULT_VEHTYPE" speed="13.50" pos="39.72" lane="2/1to2/0_0" slope="0.00"/>
        <vehicle id="13" x="443.31" y="401.65" angle="-90.00" type="DEFAULT_VEHTYPE" speed="13.71" pos="151.94" lane="3/2to2/2_0" slope="0.00"/>
        <vehicle id="14" x="573.82" y="401.65" angle="-90.00" type="DEFAULT_VEHTYPE" speed="12.05" pos="21.43" lane="3/2to2/2_0" slope="0.00"/>
        <vehicle id="4" x="601.65" y="388.06" angle="180.00" type="DEFAULT_VEHTYPE" speed="4.99" pos="183.31" lane="3/1to3/2_0" slope="0.00"/>
        <vehicle id="5" x="587.94" y="198.35" angle="90.00" type="DEFAULT_VEHTYPE" speed="5.38" pos="183.19" lane="2/1to3/1_0" slope="0.00"/>
        <vehicle id="7" x="493.48" y="401.65" angle="-90.00" type="DEFAULT_VEHTYPE" speed="12.76" pos="101.77" lane="3/2to2/2_0" slope="0.00"/>
        <vehicle id="8" x="198.35" y="116.69" angle="0.00" type="DEFAULT_VEHTYPE" speed="12.70" pos="78.56" lane="1/1to1/0_0" slope="0.00"/>
        <vehicle id="9" x="398.35" y="572.26" angle="0.00" type="DEFAULT_VEHTYPE" speed="13.29" pos="22.99" lane="2/3to2/2_0" slope="0.00"/>
    </timestep>
    <timestep time="257.00">
        <vehicle id="0" x="409.55" y="401.65" angle="-90.00" type="DEFAULT_VEHTYPE" speed="3.09" pos="185.70" lane="3/2to2/2_0" slope="0.00"/>
        <vehicle id="1" x="601.65" y="257.73" angle="180.00" type="DEFAULT_VEHTYPE" speed="13.88" pos="52.98" lane="3/1to3/2_0" slope="0.00"/>
        <vehicle id="10" x="271.63" y="401.65" angle="-90.00" type="DEFAULT_VEHTYPE" speed="13.59" pos="123.62" lane="2/2to1/2_0" slope="0.00"/>
        <vehicle id="11" x="351.29" y="401.65" angle="-90.00" type="DEFAULT_VEHTYPE" speed="13.62" pos="43.96" lane="2/2to1/2_0" slope="0.00"/>
        <vehicle id="12" x="398.35" y="141.84" angle="0.00" type="DEFAULT_VEHTYPE" speed="13.69" pos="53.41" lane="2/1to2/0_0" slope="0.00"/>
        <vehicle id="13" x="431.48" y="401.65" angle="-90.00" type="DEFAULT_VEHTYPE" speed="11.83" pos="163.77" lane="3/2to2/2_0" slope="0.00"/>
        <vehicle id="14" x="561.15" y="401.65" angle="-90.00" type="DEFAULT_VEHTYPE" speed="12.67" pos="34.10" lane="3/2to2/2_0" slope="0.00"/>
        <vehicle id="4" x="601.65" y="391.37" angle="180.00" type="DEFAULT_VEHTYPE" speed="3.32" pos="186.62" lane="3/1to3/2_0" slope="0.00"/>
        <vehicle id="5" x="591.20" y="198.35" angle="90.00" type="DEFAULT_VEHTYPE" speed="3.25" pos="186.45" lane="2/1to3/1_0" slope="0.00"/>
        <vehicle id="7" x="480.07" y="401.65" angle="-90.00" type="DEFAULT_VEHTYPE" speed="13.41" pos="115.18" lane="3/2to2/2_0" slope="0.00"/>
        <vehicle id="8" x="198.35" y="103.55" angle="0.00" type="DEFAULT_VEHTYPE" speed="13.14" pos="91.70" lane="1/1to1/0_0" slope="0.00"/>
        <vehicle id="9" x="398.35" y="558.92" angle="0.00" type="DEFAULT_VEHTYPE" speed="13.34" pos="36.33" lane="2/3to2/2_0" slope="0.00"/>
    </timestep>
    <timestep time="258.00">
        <vehicle id="0" x="404.89" y="401.65" angle="-90.00" type="DEFAULT_VEHTYPE" speed="4.66" pos="190.36" lane="3/2to2/2_0" slope="0.00"/>
        <vehicle id="1" x="601.65" y="270.96" angle="180.00" type="DEFAULT_VEHTYPE" speed="13.24" pos="66.21" lane="3/1to3/2_0" slope="0.00"/>
        <vehicle id="10" x="258.51" y="401.65" angle="-90.00" type="DEFAULT_VEHTYPE" speed="13.12" pos="136.74" lane="2/2to1/2_0" slope="0.00"/>
        <vehicle id="11" x="338.22" y="401.65" angle="-90.00" type="DEFAULT_VEHTYPE" speed="13.08" pos="57.03" lane="2/2to1/2_0" slope="0.00"/>
        <vehicle id="12" x="398.35" y="127.98" angle="0.00" type="DEFAULT_VEHTYPE" speed="13.87" pos="67.27" lane="2/1to2/0_0" slope="0.00"/>
        <vehicle id="13" x="424.15" y="401.65" angle="-90.00" type="DEFAULT_VEHTYPE" speed="7.33" pos="171.10" lane="3/2to2/2_0" slope="0.00"/>
        <vehicle id="14" x="547.65" y="401.65" angle="-90.00" type="DEFAULT_VEHTYPE" speed="13.50" pos="47.60" lane="3/2to2/2_0" slope="0.00"/>
        <vehicle id="4" x="601.42" y="396.85" angle="-177.38" type="DEFAULT_VEHTYPE" speed="5.49" pos="1.61" lane=":3/2_10_0" slope="0.00"/>
        <vehicle id="5" x="596.19" y="198.35" angle="90.00" type="DEFAULT_VEHTYPE" speed="5.00" pos="0.94" lane=":3/1_13_0" slope="0.00"/>
        <vehicle id="7" x="466.68" y="401.65" angle="-90.00" type="DEFAULT_VEHTYPE" speed="13.39" pos="128.57" lane="3/2to2/2_0" slope="0.00"/>
        <vehicle id="8" x="198.35" y="90.85" angle="0.00" type="DEFAULT_VEHTYPE" speed="12.70" pos="104.40" lane="1/1to1/0_0" slope="0.00"/>
        <vehicle id="9" x="398.35" y="545.93" angle="0.00" type="DEFAULT_VEHTYPE" speed="12.99" pos="49.32" lane="2/3to2/2_0" slope="0.00"/>
    </timestep>
    <timestep time="259.00">
        <vehicle id="0" x="398.63" y="401.65" angle="-90.00" type="DEFAULT_VEHTYPE" speed="6.26" pos="6.12" lane=":2/2_5_0" slope="0.00"/>
        <vehicle id="1" x="601.65" y="283.61" angle="180.00" type="DEFAULT_VEHTYPE" speed="12.65" pos="78.86" lane="3/1to3/2_0" slope="0.00"/>
        <vehicle id="10" x="244.66" y="401.65" angle="-90.00" type="DEFAULT_VEHTYPE" speed="13.85" pos="150.59" lane="2/2to1/2_0" slope="0.00"/>
        <vehicle id="11" x="324.70" y="401.65" angle="-90.00" type="DEFAULT_VEHTYPE" speed="13.52" pos="70.55" lane="2/2to1/2_0" slope="0.00"/>
        <vehicle id="12" x="398.35" y="114.58" angle="0.00" type="DEFAULT_VEHTYPE" speed="13.39" pos="80.67" lane="2/1to2/0_0" slope="0.00"/>
        <vehicle id="13" x="416.07" y="401.65" angle="-90.00" type="DEFAULT_VEHTYPE" speed="8.08" pos="179.18" lane="3/2to2/2_0" slope="0.00"/>
        <vehicle id="14" x="533.79" y="401.65" angle="-90.00" type="DEFAULT_VEHTYPE" speed="13.86" pos="61.46" lane="3/2to2/2_0" slope="0.00"/>
        <vehicle id="4" x="596.51" y="401.47" angle="-120.00" type="DEFAULT_VEHTYPE" speed="7.43" pos="1.91" lane=":3/2_18_0" slope="0.00"/>
        <vehicle id="5" x="602.76" y="198.35" angle="90.00" type="DEFAULT_VEHTYPE" speed="6.57" pos="7.51" lane=":3/1_13_0" slope="0.00"/>
        <vehicle id="7" x="453.48" y="401.65" angle="-90.00" type="DEFAULT_VEHTYPE" speed="13.20" pos="141.77" lane="3/2to2/2_0" slope="0.00"/>
        <vehicle id="8" x="198.35" y="77.29" angle="0.00" type="DEFAULT_VEHTYPE" speed="13.56" pos="117.96" lane="1/1to1/0_0" slope="0.00"/>
        <vehicle id="9" x="398.35" y="532.85" angle="0.00" type="DEFAULT_VEHTYPE" speed="13.08" pos="62.40" lane="2/3to2/2_0" slope="0.00"/>
    </timestep>
    <timestep time="260.00">
        <vehicle id="0" x="391.04" y="401.65" angle="-90.00" type="DEFAULT_VEHTYPE" speed="7.59" pos="4.21" lane="2/2to1/2_0" slope="0.00"/>
        <vehicle id="1" x="601.65" y="296.88" angle="180.00" type="DEFAULT_VEHTYPE" speed="13.28" pos="92.13" lane="3/1to3/2_0" slope="0.00"/>
        <vehicle id="10" x="231.55" y="401.65" angle="-90.00" type="DEFAULT_VEHTYPE" speed="13.11" pos="163.70" lane="2/2to1/2_0" slope="0.00"/>
        <vehicle id="11" x="311.59" y="401.65" angle="-90.00" type="DEFAULT_VEHTYPE" speed="13.11" pos="83.66" lane="2/2to1/2_0" slope="0.00"/>
        <vehicle id="12" x="398.35" y="101.17" angle="0.00" type="DEFAULT_VEHTYPE" speed="13.42" pos="94.08" lane="2/1to2/0_0" slope="0.00"/>
        <vehicle id="13" x="411.00" y="401.65" angle="-90.00" type="DEFAULT_VEHTYPE" speed="5.06" pos="184.25" lane="3/2to2/2_0" slope="0.00"/>
        <vehicle id="14" x="521.08" y="401.65" angle="-90.00" type="DEFAULT_VEHTYPE" speed="12.71" pos="74.17" lane="3/2to2/2_0" slope="0.00"/>
        <vehicle id="4" x="586.99" y="401.65" angle="-90.00" type="DEFAULT_VEHTYPE" speed="9.53" pos="8.26" lane="3/2to2/2_0" slope="0.00"/>
        <vehicle id="5" x="611.88" y="198.35" angle="90.00" type="DEFAULT_VEHTYPE" speed="9.12" pos="7.13" lane="3/1to4/1_0" slope="0.00"/>
        <vehicle id="7" x="440.38" y="401.65" angle="-90.00" type="DEFAULT_VEHTYPE" speed="13.10" pos="154.87" lane="3/2to2/2_0" slope="0.00"/>
        <vehicle id="8" x="198.35" y="63.53" angle="0.00" type="DEFAULT_VEHTYPE" speed="13.76" pos="131.72" lane="1/1to1/0_0" slope="0.00"/>
        <vehicle id="9" x="398.35" y="519.93" angle="0.00" type="DEFAULT_VEHTYPE" speed="12.92" pos="75.32" lane="2/3to2/2_0" slope="0.00"/>
    </timestep>
    <timestep time="261.00">
        <vehicle id="0" x="381.23" y="401.65" angle="-90.00" type="DEFAULT_VEHTYPE" speed="9.81" pos="14.02" lane="2/2to1/2_0" slope="0.00"/>
        <vehicle id="1" x="601.65" y="309.74" angle="180.00" type="DEFAULT_VEHTYPE" speed="12.86" pos="104.99" lane="3/1to3/2_0" slope="0.00"/>
        <vehicle id="10" x="221.05" y="401.65" angle="-90.00" type="DEFAULT_VEHTYPE" speed="10.50" pos="174.20" lane="2/2to1/2_0" slope="0.00"/>
        <vehicle id="11" x="297.85" y="401.65" angle="-90.00" type="DEFAULT_VEHTYPE" speed="13.74" pos="97.40" lane="2/2to1/2_0" slope="0.00"/>
        <vehicle id="12" x="398.35" y="87.52" angle="0.00" type="DEFAULT_VEHTYPE" speed="13.65" pos="107.73" lane="2/1to2/0_0" slope="0.00"/>
        <vehicle id="13" x="404.11" y="401.56" angle="-88.96" type="DEFAULT_VEHTYPE" speed="6.90" pos="0.64" lane=":2/2_6_0" slope="0.00"/>
        <vehicle id="14" x="507.63" y="401.65" angle="-90.00" type="DEFAULT_VEHTYPE" speed="13.44" pos="87.62" lane="3/2to2/2_0" slope="0.00"/>
        <vehicle id="4" x="576.06" y="401.65" angle="-90.00" type="DEFAULT_VEHTYPE" speed="10.93" pos="19.19" lane="3/2to2/2_0" slope="0.00"/>
        <vehicle id="5" x="622.55" y="198.35" angle="90.00" type="DEFAULT_VEHTYPE" speed="10.67" pos="17.80" lane="3/1to4/1_0" slope="0.00"/>
        <vehicle id="7" x="429.40" y="401.65" angle="-90.00" type="DEFAULT_VEHTYPE" speed="10.97" pos="165.85" lane="3/2to2/2_0" slope="0.00"/>
        <vehicle id="8" x="198.35" y="50.14" angle="0.00" type="DEFAULT_VEHTYPE" speed="13.39" pos="145.11" lane="1/1to1/0_0" slope="0.00"/>
        <vehicle id="9" x="398.35" y="506.14" angle="0.00" type="DEFAULT_VEHTYPE" speed="13.79" pos="89.11" lane="2/3to2/2_0" slope="0.00"/>
    </timestep>
    <timestep time="262.00">
        <vehicle id="0" x="368.89" y="401.65" angle="-90.00" type="DEFAULT_VEHTYPE" speed="12.35" pos="26.36" lane="2/2to1/2_0" slope="0.00"/>
        <vehicle id="1" x="601.65" y="322.54" angle="180.00" type="DEFAULT_VEHTYPE" speed="12.80" pos="117.79" lane="3/1to3/2_0" slope="0.00"/>
        <vehicle id="10" x="214.27" y="401.65" angle="-90.00" type="DEFAULT_VEHTYPE" speed="6.78" pos="180.98" lane="2/2to1/2_0" slope="0.00"/>
        <vehicle id="11" x="284.89" y="401.65" angle="-90.00" type="DEFAULT_VEHTYPE" speed="12.96" pos="110.36" lane="2/2to1/2_0" slope="0.00"/>
        <vehicle id="12" x="398.35" y="73.91" angle="0.00" type="DEFAULT_VEHTYPE" speed="13.61" pos="121.34" lane="2/1to2/0_0" slope="0.00"/>
        <vehicle id="13" x="398.45" y="395.95" angle="-24.20" type="DEFAULT_VEHTYPE" speed="8.97" pos="9.61" lane=":2/2_6_0" slope="0.00"/>
        <vehicle id="14" x="494.14" y="401.65" angle="-90.00" type="DEFAULT_VEHTYPE" speed="13.50" pos="101.11" lane="3/2to2/2_0" slope="0.00"/>
        <vehicle id="4" x="563.14" y="401.65" angle="-90.00" type="DEFAULT_VEHTYPE" speed="12.92" pos="32.11" lane="3/2to2/2_0" slope="0.00"/>
        <vehicle id="5" x="635.02" y="198.35" angle="90.00" type="DEFAULT_VEHTYPE" speed="12.46" pos="30.27" lane="3/1to4/1_0" slope="0.00"/>
        <vehicle id="7" x="420.10" y="401.65" angle="-90.00" type="DEFAULT_VEHTYPE" speed="9.31" pos="175.15" lane="3/2to2/2_0" slope="0.00"/>
        <vehicle id="8" x="198.35" y="37.50" angle="0.00" type="DEFAULT_VEHTYPE" speed="12.63" pos="157.75" lane="1/1to1/0_0" slope="0.00"/>
        <vehicle id="9" x="398.35" y="492.65" angle="0.00" type="DEFAULT_VEHTYPE" speed="13.49" pos="102.60" lane="2/3to2/2_0" slope="0.00"/>
    </timestep>
    <timestep time="263.00">
        <vehicle id="0" x="355.97" y="401.65" angle="-90.00" type="DEFAULT_VEHTYPE" speed="12.91" pos="39.28" lane="2/2to1/2_0" slope="0.00"/>
        <vehicle id="1" x="601.65" y="335.31" angle="180.00" type="DEFAULT_VEHTYPE" speed="12.78" pos="130.56" lane="3/1to3/2_0" slope="0.00"/>
        <vehicle id="10" x="210.76" y="401.65" angle="-90.00" type="DEFAULT_VEHTYPE" speed="3.51" pos="184.49" lane="2/2to1/2_0" slope="0.00"/>
        <vehicle id="11" x="272.06" y="401.65" angle="-90.00" type="DEFAULT_VEHTYPE" speed="12.83" pos="123.19" lane="2/2to1/2_0" slope="0.00"/>
        <vehicle id="12" x="398.35" y="61.03" angle="0.00" type="DEFAULT_VEHTYPE" speed="12.88" pos="134.22" lane="2/1to2/0_0" slope="0.00"/>
        <vehicle id="13" x="398.35" y="385.28" angle="0.00" type="DEFAULT_VEHTYPE" speed="10.68" pos="9.97" lane="2/2to2/1_0" slope="0.00"/>
        <vehicle id="14" x="480.48" y="401.65" angle="-90.00" type="DEFAULT_VEHTYPE" speed="13.66" pos="114.77" lane="3/2to2/2_0" slope="0.00"/>
        <vehicle id="4" x="549.26" y="401.65" angle="-90.00" type="DEFAULT_VEHTYPE" speed="13.87" pos="45.99" lane="3/2to2/2_0" slope="0.00"/>
        <vehicle id="5" x="648.38" y="198.35" angle="90.00" type="DEFAULT_VEHTYPE" speed="13.37" pos="43.63" lane="3/1to4/1_0" slope="0.00"/>
        <vehicle id="7" x="414.21" y="401.65" angle="-90.00" type="DEFAULT_VEHTYPE" speed="5.88" pos="181.04" lane="3/2to2/2_0" slope="0.00"/>
        <vehicle id="8" x="198.35" y="24.41" angle="0.00" type="DEFAULT_VEHTYPE" speed="13.09" pos="170.84" lane="1/1to1/0_0" slope="0.00"/>
        <vehicle id="9" x="398.35" y="479.92" angle="0.00" type="DEFAULT_VEHTYPE" speed="12.73" pos="115.33" lane="2/3to2/2_0" slope="0.00"/>
    </timestep>
    <timestep time="264.00">
        <vehicle id="0" x="342.57" y="401.65" angle="-90.00" type="DEFAULT_VEHTYPE" speed="13.40" pos="52.68" lane="2/2to1/2_0" slope="0.00"/>
        <vehicle id="1" x="601.65" y="348.86" angle="180.00" type="DEFAULT_VEHTYPE" speed="13.55" pos="144.11" lane="3/1to3/2_0" slope="0.00"/>
        <vehicle id="10" x="205.19" y="401.65" angle="-90.00" type="DEFAULT_VEHTYPE" speed="5.57" pos="190.06" lane="2/2to1/2_0" slope="0.00"/>
        <vehicle id="11" x="258.19" y="401.65" angle="-90.00" type="DEFAULT_VEHTYPE" speed="13.87" pos="137.06" lane="2/2to1/2_0" slope="0.00"/>
        <vehicle id="12" x="398.35" y="47.32" angle="0.00" type="DEFAULT_VEHTYPE" speed="13.71" pos="147.93" lane="2/1to2/0_0" slope="0.00"/>
        <vehicle id="13" x="398.35" y="373.05" angle="0.00" type="DEFAULT_VEHTYPE" speed="12.22" pos="22.20" lane="2/2to2/1_0" slope="0.00"/>
        <vehicle id="14" x="466.85" y="401.65" angle="-90.00" type="DEFAULT_VEHTYPE" speed="13.63" pos="128.40" lane="3/2to2/2_0" slope="0.00"/>
        <vehicle id="4" x="535.39" y="401.65" angle="-90.00" type="DEFAULT_VEHTYPE" speed="13.88" pos="59.86" lane="3/2to2/2_0" slope="0.00"/>
        <vehicle id="5" x="661.19" y="198.35" angle="90.00" type="DEFAULT_VEHTYPE" speed="12.81" pos="56.44" lane="3/1to4/1_0" slope="0.00"/>
        <vehicle id="7" x="409.62" y="401.65" angle="-90.00" type="DEFAULT_VEHTYPE" speed="4.59" pos="185.63" lane="3/2to2/2_0" slope="0.00"/>
        <vehicle id="8" x="198.35" y="11.22" angle="0.00" type="DEFAULT_VEHTYPE" speed="13.19" pos="184.03" lane="1/1to1/0_0" slope="0.00"/>
        <vehicle id="9" x="398.35" y="467.26" angle="0.00" type="DEFAULT_VEHTYPE" speed="12.66" pos="127.99" lane="2/3to2/2_0" slope="0.00"/>
    </timestep>
    <timestep time="265.00">
        <vehicle id="0" x="328.83" y="401.65" angle="-90.00" type="DEFAULT_VEHTYPE" speed="13.74" pos="66.42" lane="2/2to1/2_0" slope="0.00"/>
        <vehicle id="1" x="601.65" y="362.36" angle="180.00" type="DEFAULT_VEHTYPE" speed="13.50" pos="157.61" lane="3/1to3/2_0" slope="0.00"/>
        <vehicle id="10" x="198.99" y="398.45" angle="-52.14" type="DEFAULT_VEHTYPE" speed="7.47" pos="7.03" lane=":1/2_6_0" slope="0.00"/>
        <vehicle id="11" x="244.84" y="401.65" angle="-90.00" type="DEFAULT_VEHTYPE" speed="13.35" pos="150.41" lane="2/2to1/2_0" slope="0.00"/>
        <vehicle id="12" x="398.35" y="34.67" angle="0.00" type="DEFAULT_VEHTYPE" speed="12.65" pos="160.58" lane="2/1to2/0_0" slope="0.00"/>
        <vehicle id="13" x="398.35" y="360.08" angle="0.00" type="DEFAULT_VEHTYPE" speed="12.98" pos="35.17" lane="2/2to2/1_0" slope="0.00"/>
        <vehicle id="14" x="453.74" y="401.65" angle="-90.00" type="DEFAULT_VEHTYPE" speed="13.11" pos="141.51" lane="3/2to2/2_0" slope="0.00"/>
        <vehicle id="4" x="522.76" y="401.65" angle="-90.00" type="DEFAULT_VEHTYPE" speed="12.63" pos="72.49" lane="3/2to2/2_0" slope="0.00"/>
        <vehicle id="5" x="674.41" y="198.35" angle="90.00" type="DEFAULT_VEHTYPE" speed="13.21" pos="69.66" lane="3/1to4/1_0" slope="0.00"/>
        <vehicle id="7" x="402.51" y="401.33" angle="-86.32" type="DEFAULT_VEHTYPE" speed="7.14" pos="2.27" lane=":2/2_6_0" slope="0.00"/>
        <vehicle id="8" x="199.26" y="-1.29" angle="10.99" type="DEFAULT_VEHTYPE" speed="12.81" pos="1.59" lane=":1/0_0_0" slope="0.00"/>
        <vehicle id="9" x="398.35" y="453.41" angle="0.00" type="DEFAULT_VEHTYPE" speed="13.85" pos="141.84" lane="2/3to2/2_0" slope="0.00"/>
    </timestep>
    <timestep time="266.00">
        <vehicle id="0" x="315.25" y="401.65" angle="-90.00" type="DEFAULT_VEHTYPE" speed="13.59" pos="80.00" lane="2/2to1/2_0" slope="0.00"/>
        <vehicle id="1" x="601.65" y="374.59" angle="180.00" type="DEFAULT_VEHTYPE" speed="12.23" pos="169.84" lane="3/1to3/2_0" slope="0.00"/>
        <vehicle id="10" x="198.35" y="389.47" angle="0.00" type="DEFAULT_VEHTYPE" speed="9.07" pos="5.78" lane="1/2to1/1_0" slope="0.00"/>
        <vehicle id="11" x="231.86" y="401.65" angle="-90.00" type="DEFAULT_VEHTYPE" speed="12.98" pos="163.39" lane="2/2to1/2_0" slope="0.00"/>
        <vehicle id="12" x="398.35" y="21.64" angle="0.00" type="DEFAULT_VEHTYPE" speed="13.03" pos="173.61" lane="2/1to2/0_0" slope="0.00"/>
        <vehicle id="13" x="398.35" y="346.99" angle="0.00" type="DEFAULT_VEHTYPE" speed="13.09" pos="48.26" lane="2/2to2/1_0" slope="0.00"/>
        <vehicle id="14" x="440.39" y="401.65" angle="-90.00" type="DEFAULT_VEHTYPE" speed="13.35" pos="154.86" lane="3/2to2/2_0" slope="0.00"/>
        <vehicle id="4" x="509.01" y="401.65" angle="-90.00" type="DEFAULT_VEHTYPE" speed="13.74" pos="86.24" lane="3/2to2/2_0" slope="0.00"/>
        <vehicle id="5" x="687.70" y="198.35" angle="90.00" type="DEFAULT_VEHTYPE" speed="13.29" pos="82.95" lane="3/1to4/1_0" slope="0.00"/>
        <vehicle id="7" x="398.35" y="393.83" angle="-9.17" type="DEFAULT_VEHTYPE" speed="9.48" pos="1.42" lane="2/2to2/1_0" slope="0.00"/>
        <vehicle id="8" x="201.65" y="10.16" angle="180.00" type="DEFAULT_VEHTYPE" speed="13.39" pos="10.16" lane="1/0to1/1_0" slope="0.00"/>
        <vehicle id="9" x="398.35" y="440.61" angle="0.00" type="DEFAULT_VEHTYPE" speed="12.80" pos="154.64" lane="2/3to2/2_0" slope="0.00"/>
    </timestep>
    <timestep time="267.00">
        <vehicle id="0" x="301.89" y="401.65" angle="-90.00" type="DEFAULT_VEHTYPE" speed="13.36" pos="93.36" lane="2/2to1/2_0" slope="0.00"/>
        <vehicle id="1" x="601.65" y="382.69" angle="180.00" type="DEFAULT_VEHTYPE" speed="8.10" pos="177.94" lane="3/1to3/2_0" slope="0.00"/>
        <vehicle id="10" x="198.35" y="378.30" angle="0.00" type="DEFAULT_VEHTYPE" speed="11.17" pos="16.95" lane="1/2to1/1_0" slope="0.00"/>
        <vehicle id="11" x="220.92" y="401.65" angle="-90.00" type="DEFAULT_VEHTYPE" speed="10.93" pos="174.33" lane="2/2to1/2_0" slope="0.00"/>
        <vehicle id="12" x="398.35" y="8.94" angle="0.00" type="DEFAULT_VEHTYPE" speed="12.70" pos="186.31" lane="2/1to2/0_0" slope="0.00"/>
        <vehicle id="13" x="398.35" y="333.47" angle="0.00" type="DEFAULT_VEHTYPE" speed="13.52" pos="61.78" lane="2/2to2/1_0" slope="0.00"/>
        <vehicle id="14" x="427.86" y="401.65" angle="-90.00" type="DEFAULT_VEHTYPE" speed="12.54" pos="167.39" lane="3/2to2/2_0" slope="0.00"/>
        <vehicle id="4" x="496.24" y="401.65" angle="-90.00" type="DEFAULT_VEHTYPE" speed="12.78" pos="99.01" lane="3/2to2/2_0" slope="0.00"/>
        <vehicle id="5" x="701.53" y="198.35" angle="90.00" type="DEFAULT_VEHTYPE" speed="13.83" pos="96.78" lane="3/1to4/1_0" slope="0.00"/>
        <vehicle id="7" x="398.35" y="382.91" angle="0.00" type="DEFAULT_VEHTYPE" speed="10.92" pos="12.34" lane="2/2to2/1_0" slope="0.00"/>
        <vehicle id="8" x="201.65" y="22.97" angle="180.00" type="DEFAULT_VEHTYPE" speed="12.81" pos="22.97" lane="1/0to1/1_0" slope="0.00"/>
        <vehicle id="9" x="398.35" y="427.84" angle="0.00" type="DEFAULT_VEHTYPE" speed="12.77" pos="167.41" lane="2/3to2/2_0" slope="0.00"/>
    </timestep>
    <timestep time="268.00">
        <vehicle id="0" x="289.21" y="401.65" angle="-90.00" type="DEFAULT_VEHTYPE" speed="12.68" pos="106.04" lane="2/2to1/2_0" slope="0.00"/>
        <vehicle id="1" x="601.65" y="388.14" angle="180.00" type="DEFAULT_VEHTYPE" speed="5.45" pos="183.39" lane="3/1to3/2_0" slope="0.00"/>
        <vehicle id="10" x="198.35" y="365.51" angle="0.00" type="DEFAULT_VEHTYPE" speed="12.79" pos="29.74" lane="1/2to1/1_0" slope="0.00"/>
        <vehicle id="11" x="214.14" y="401.65" angle="-90.00" type="DEFAULT_VEHTYPE" speed="6.78" pos="181.11" lane="2/2to1/2_0" slope="0.00"/>
        <vehicle id="12" x="401.23" y="-0.63" angle="61.29" type="DEFAULT_VEHTYPE" speed="13.00" pos="4.06" lane=":2/0_0_0" slope="0.00"/>
        <vehicle id="13" x="398.35" y="320.37" angle="0.00" type="DEFAULT_VEHTYPE" speed="13.10" pos="74.88" lane="2/2to2/1_0" slope="0.00"/>
        <vehicle id="14" x="418.69" y="401.65" angle="-90.00" type="DEFAULT_VEHTYPE" speed="9.17" pos="176.56" lane="3/2to2/2_0" slope="0.00"/>
        <vehicle id="4" x="482.78" y="401.65" angle="-90.00" type="DEFAULT_VEHTYPE" speed="13.46" pos="112.47" lane="3/2to2/2_0" slope="0.00"/>
        <vehicle id="5" x="714.74" y="198.35" angle="90.00" type="DEFAULT_VEHTYPE" speed="13.21" pos="109.99" lane="3/1to4/1_0" slope="0.00"/>
        <vehicle id="7" x="398.35" y="369.87" angle="0.00" type="DEFAULT_VEHTYPE" speed="13.04" pos="25.38" lane="2/2to2/1_0" slope="0.00"/>
        <vehicle id="8" x="201.65" y="35.88" angle="180.00" type="DEFAULT_VEHTYPE" speed="12.92" pos="35.88" lane="1/0to1/1_0" slope="0.00"/>
        <vehicle id="9" x="398.35" y="414.18" angle="0.00" type="DEFAULT_VEHTYPE" speed="13.66" pos="181.07" lane="2/3to2/2_0" slope="0.00"/>
    </timestep>
    <timestep time="269.00">
        <vehicle id="0" x="276.04" y="401.65" angle="-90.00" type="DEFAULT_VEHTYPE" speed="13.17" pos="119.21" lane="2/2to1/2_0" slope="0.00"/>
        <vehicle id="1" x="601.65" y="391.42" angle="180.00" type="DEFAULT_VEHTYPE" speed="3.28" pos="186.67" lane="3/1to3/2_0" slope="0.00"/>
        <vehicle id="10" x="198.35" y="351.97" angle="0.00" type="DEFAULT_VEHTYPE" speed="13.54" pos="43.28" lane="1/2to1/1_0" slope="0.00"/>
        <vehicle id="11" x="209.79" y="401.65" angle="-90.00" type="DEFAULT_VEHTYPE" speed="4.35" pos="185.46" lane="2/2to1/2_0" slope="0.00"/>
        <vehicle id="12" x="401.65" y="12.39" angle="180.00" type="DEFAULT_VEHTYPE" speed="13.15" pos="12.39" lane="2/0to2/1_0" slope="0.00"/>
        <vehicle id="13" x="398.35" y="306.50" angle="0.00" type="DEFAULT_VEHTYPE" speed="13.87" pos="88.75" lane="2/2to2/1_0" slope="0.00"/>
        <vehicle id="14" x="412.27" y="401.65" angle="-90.00" type="DEFAULT_VEHTYPE" speed="6.42" pos="182.98" lane="3/2to2/2_0" slope="0.00"/>
        <vehicle id="4" x="470.16" y="401.65" angle="-90.00" type="DEFAULT_VEHTYPE" speed="12.62" pos="125.09" lane="3/2to2/2_0" slope="0.00"/>
        <vehicle id="5" x="727.87" y="198.35" angle="90.00" type="DEFAULT_VEHTYPE" speed="13.14" pos="123.12" lane="3/1to4/1_0" slope="0.00"/>
        <vehicle id="7" x="398.35" y="355.98" angle="0.00" type="DEFAULT_VEHTYPE" speed="13.89" pos="39.27" lane="2/2to2/1_0" slope="0.00"/>
        <vehicle id="8" x="201.65" y="49.15" angle="180.00" type="DEFAULT_VEHTYPE" speed="13.27" pos="49.15" lane="1/0to1/1_0" slope="0.00"/>
        <vehicle id="9" x="398.35" y="401.31" angle="0.00" type="DEFAULT_VEHTYPE" speed="12.87" pos="3.44" lane=":2/2_1_0" slope="0.00"/>
    </timestep>
    <timestep time="270.00">
        <vehicle id="0" x="263.29" y="401.65" angle="-90.00" type="DEFAULT_VEHTYPE" speed="12.76" pos="131.96" lane="2/2to1/2_0" slope="0.00"/>
        <vehicle id="1" x="601.54" y="396.00" angle="-178.77" type="DEFAULT_VEHTYPE" speed="4.59" pos="0.76" lane=":3/2_10_0" slope="0.00"/>
        <vehicle id="10" x="198.35" y="339.35" angle="0.00" type="DEFAULT_VEHTYPE" speed="12.63" pos="55.90" lane="1/2to1/1_0" slope="0.00"/>
        <vehicle id="11" x="203.42" y="401.46" angle="-87.81" type="DEFAULT_VEHTYPE" speed="6.38" pos="1.35" lane=":1/2_6_0" slope="0.00"/>
        <vehicle id="12" x="401.65" y="25.58" angle="180.00" type="DEFAULT_VEHTYPE" speed="13.20" pos="25.58" lane="2/0to2/1_0" slope="0.00"/>
        <vehicle id="13" x="398.35" y="293.80" angle="0.00" type="DEFAULT_VEHTYPE" speed="12.70" pos="101.45" lane="2/2to2/1_0" slope="0.00"/>
        <vehicle id="14" x="409.77" y="401.65" angle="-90.00" type="DEFAULT_VEHTYPE" speed="2.50" pos="185.48" lane="3/2to2/2_0" slope="0.00"/>
        <vehicle id="4" x="456.42" y="401.65" angle="-90.00" type="DEFAULT_VEHTYPE" speed="13.73" pos="138.83" lane="3/2to2/2_0" slope="0.00"/>
        <vehicle id="5" x="741.17" y="198.35" angle="90.00" type="DEFAULT_VEHTYPE" speed="13.29" pos="136.42" lane="3/1to4/1_0" slope="0.00"/>
        <vehicle id="7" x="398.35" y="342.09" angle="0.00" type="DEFAULT_VEHTYPE" speed="13.88" pos="53.16" lane="2/2to2/1_0" slope="0.00"/>
        <vehicle id="8" x="201.65" y="62.62" angle="180.00" type="DEFAULT_VEHTYPE" speed="13.47" pos="62.62" lane="1/0to1/1_0" slope="0.00"/>
        <vehicle id="9" x="398.35" y="388.48" angle="0.00" type="DEFAULT_VEHTYPE" speed="12.83" pos="6.77" lane="2/2to2/1_0" slope="0.00"/>
    </timestep>
    <timestep time="271.00">
        <vehicle id="0" x="250.16" y="401.65" angle="-90.00" type="DEFAULT_VEHTYPE" speed="13.12" pos="145.09" lane="2/2to1/2_0" slope="0.00"/>
        <vehicle id="1" x="598.38" y="401.05" angle="-141.38" type="DEFAULT_VEHTYPE" speed="6.35" pos="7.10" lane=":3/2_10_0" slope="0.00"/>
        <vehicle id="10" x="198.35" y="325.95" angle="0.00" type="DEFAULT_VEHTYPE" speed="13.40" pos="69.30" lane="1/2to1/1_0" slope="0.00"/>
        <vehicle id="11" x="198.37" y="395.37" angle="-18.61" type="DEFAULT_VEHTYPE" speed="8.85" pos="10.20" lane=":1/2_6_0" slope="0.00"/>
        <vehicle id="12" x="401.65" y="38.51" angle="180.00" type="DEFAULT_VEHTYPE" speed="12.93" pos="38.51" lane="2/0to2/1_0" slope="0.00"/>
        <vehicle id="13" x="398.35" y="280.02" angle="0.00" type="DEFAULT_VEHTYPE" speed="13.78" pos="115.23" lane="2/2to2/1_0" slope="0.00"/>
        <vehicle id="14" x="405.55" y="401.65" angle="-90.00" type="DEFAULT_VEHTYPE" speed="4.21" pos="189.70" lane="3/2to2/2_0" slope="0.00"/>
        <vehicle id="4" x="443.13" y="401.65" angle="-90.00" type="DEFAULT_VEHTYPE" speed="13.30" pos="152.12" lane="3/2to2/2_0" slope="0.00"/>
        <vehicle id="5" x="754.79" y="198.35" angle="90.00" type="DEFAULT_VEHTYPE" speed="13.62" pos="150.04" lane="3/1to4/1_0" slope="0.00"/>
        <vehicle id="7" x="398.35" y="328.40" angle="0.00" type="DEFAULT_VEHTYPE" speed="13.70" pos="66.85" lane="2/2to2/1_0" slope="0.00"/>
        <vehicle id="8" x="201.65" y="76.20" angle="180.00" type="DEFAULT_VEHTYPE" speed="13.59" pos="76.20" lane="1/0to1/1_0" slope="0.00"/>
        <vehicle id="9" x="398.35" y="375.48" angle="0.00" type="DEFAULT_VEHTYPE" speed="13.01" pos="19.77" lane="2/2to2/1_0" slope="0.00"/>
    </timestep>
    <timestep time="272.00">
        <vehicle id="0" x="237.12" y="401.65" angle="-90.00" type="DEFAULT_VEHTYPE" speed="13.05" pos="158.13" lane="2/2to1/2_0" slope="0.00"/>
        <vehicle id="1" x="590.53" y="401.65" angle="-90.46" type="DEFAULT_VEHTYPE" speed="7.93" pos="4.72" lane="3/2to2/2_0" slope="0.00"/>
        <vehicle id="10" x="198.35" y="312.22" angle="0.00" type="DEFAULT_VEHTYPE" speed="13.73" pos="83.03" lane="1/2to1/1_0" slope="0.00"/>
        <vehicle id="11" x="198.35" y="384.82" angle="0.00" type="DEFAULT_VEHTYPE" speed="10.56" pos="10.43" lane="1/2to1/1_0" slope="0.00"/>
        <vehicle id="12" x="401.65" y="51.80" angle="180.00" type="DEFAULT_VEHTYPE" speed="13.28" pos="51.80" lane="2/0to2/1_0" slope="0.00"/>
        <vehicle id="13" x="398.35" y="266.98" angle="0.00" type="DEFAULT_VEHTYPE" speed="13.04" pos="128.27" lane="2/2to2/1_0" slope="0.00"/>
        <vehicle id="14" x="400.02" y="401.65" angle="-90.00" type="DEFAULT_VEHTYPE" speed="5.53" pos="4.73" lane=":2/2_5_0" slope="0.00"/>
        <vehicle id="4" x="430.71" y="401.65" angle="-90.00" type="DEFAULT_VEHTYPE" speed="12.41" pos="164.54" lane="3/2to2/2_0" slope="0.00"/>
        <vehicle id="5" x="767.51" y="198.35" angle="90.00" type="DEFAULT_VEHTYPE" speed="12.73" pos="162.76" lane="3/1to4/1_0" slope="0.00"/>
        <vehicle id="7" x="398.35" y="315.78" angle="0.00" type="DEFAULT_VEHTYPE" speed="12.62" pos="79.47" lane="2/2to2/1_0" slope="0.00"/>
        <vehicle id="8" x="201.65" y="89.16" angle="180.00" type="DEFAULT_VEHTYPE" speed="12.95" pos="89.16" lane="1/0to1/1_0" slope="0.00"/>
        <vehicle id="9" x="398.35" y="362.37" angle="0.00" type="DEFAULT_VEHTYPE" speed="13.11" pos="32.88" lane="2/2to2/1_0" slope="0.00"/>
    </timestep>
    <timestep time="273.00">
        <vehicle id="0" x="225.09" y="401.65" angle="-90.00" type="DEFAULT_VEHTYPE" speed="12.03" pos="170.16" lane="2/2to1/2_0" slope="0.00"/>
        <vehicle id="1" x="580.80" y="401.65" angle="-90.00" type="DEFAULT_VEHTYPE" speed="9.73" pos="14.45" lane="3/2to2/2_0" slope="0.00"/>
        <vehicle id="10" x="198.35" y="299.11" angle="0.00" type="DEFAULT_VEHTYPE" speed="13.12" pos="96.14" lane="1/2to1/1_0" slope="0.00"/>
        <vehicle id="11" x="198.35" y="371.98" angle="0.00" type="DEFAULT_VEHTYPE" speed="12.84" pos="23.27" lane="1/2to1/1_0" slope="0.00"/>
        <vehicle id="12" x="401.65" y="64.47" angle="180.00" type="DEFAULT_VEHTYPE" speed="12.68" pos="64.47" lane="2/0to2/1_0" slope="0.00"/>
        <vehicle id="13" x="398.35" y="253.30" angle="0.00" type="DEFAULT_VEHTYPE" speed="13.68" pos="141.95" lane="2/2to2/1_0" slope="0.00"/>
        <vehicle id="14" x="392.46" y="401.65" angle="-90.00" type="DEFAULT_VEHTYPE" speed="7.56" pos="2.79" lane="2/2to1/2_0" slope="0.00"/>
        <vehicle id="4" x="420.83" y="401.65" angle="-90.00" type="DEFAULT_VEHTYPE" speed="9.88" pos="174.42" lane="3/2to2/2_0" slope="0.00"/>
        <vehicle id="5" x="780.99" y="198.35" angle="90.00" type="DEFAULT_VEHTYPE" speed="13.47" pos="176.24" lane="3/1to4/1_0" slope="0.00"/>
        <vehicle id="7" x="398.35" y="302.35" angle="0.00" type="DEFAULT_VEHTYPE" speed="13.43" pos="92.90" lane="2/2to2/1_0" slope="0.00"/>
        <vehicle id="8" x="201.65" y="102.14" angle="180.00" type="DEFAULT_VEHTYPE" speed="12.98" pos="102.14" lane="1/0to1/1_0" slope="0.00"/>
        <vehicle id="9" x="398.35" y="349.64" angle="0.00" type="DEFAULT_VEHTYPE" speed="12.73" pos="45.61" lane="2/2to2/1_0" slope="0.00"/>
    </timestep>
    <timestep time="274.00">
        <vehicle id="0" x="216.28" y="401.65" angle="-90.00" type="DEFAULT_VEHTYPE" speed="8.81" pos="178.97" lane="2/2to1/2_0" slope="0.00"/>
        <vehicle id="1" x="569.31" y="401.65" angle="-90.00" type="DEFAULT_VEHTYPE" speed="11.49" pos="25.94" lane="3/2to2/2_0" slope="0.00"/>
        <vehicle id="10" x="198.35" y="285.87" angle="0.00" type="DEFAULT_VEHTYPE" speed="13.23" pos="109.38" lane="1/2to1/1_0" slope="0.00"/>
        <vehicle id="11" x="198.35" y="358.29" angle="0.00" type="DEFAULT_VEHTYPE" speed="13.69" pos="36.96" lane="1/2to1/1_0" slope="0.00"/>
        <vehicle id="12" x="401.65" y="77.36" angle="180.00" type="DEFAULT_VEHTYPE" speed="12.89" pos="77.36" lane="2/0to2/1_0" slope="0.00"/>
        <vehicle id="13" x="398.35" y="239.62" angle="0.00" type="DEFAULT_VEHTYPE" speed="13.68" pos="155.63" lane="2/2to2/1_0" slope="0.00"/>
        <vehicle id="14" x="383.47" y="401.65" angle="-90.00" type="DEFAULT_VEHTYPE" speed="8.99" pos="11.78" lane="2/2to1/2_0" slope="0.00"/>
        <vehicle id="4" x="413.58" y="401.65" angle="-90.00" type="DEFAULT_VEHTYPE" speed="7.25" pos="181.67" lane="3/2to2/2_0" slope="0.00"/>
        <vehicle id="5" x="793.99" y="198.35" angle="90.00" type="DEFAULT_VEHTYPE" speed="13.00" pos="189.24" lane="3/1to4/1_0" slope="0.00"/>
        <vehicle id="7" x="398.35" y="289.65" angle="0.00" type="DEFAULT_VEHTYPE" speed="12.70" pos="105.60" lane="2/2to2/1_0" slope="0.00"/>
        <vehicle id="8" x="201.65" y="114.88" angle="180.00" type="DEFAULT_VEHTYPE" speed="12.74" pos="114.88" lane="1/0to1/1_0" slope="0.00"/>
        <vehicle id="9" x="398.35" y="336.96" angle="0.00" type="DEFAULT_VEHTYPE" speed="12.67" pos="58.29" lane="2/2to2/1_0" slope="0.00"/>
    </timestep>
    <timestep time="275.00">
        <vehicle id="0" x="211.76" y="401.65" angle="-90.00" type="DEFAULT_VEHTYPE" speed="4.51" pos="183.49" lane="2/2to1/2_0" slope="0.00"/>
        <vehicle id="1" x="555.50" y="401.65" angle="-90.00" type="DEFAULT_VEHTYPE" speed="13.81" pos="39.75" lane="3/2to2/2_0" slope="0.00"/>
        <vehicle id="10" x="198.35" y="271.99" angle="0.00" type="DEFAULT_VEHTYPE" speed="13.89" pos="123.26" lane="1/2to1/1_0" slope="0.00"/>
        <vehicle id="11" x="198.35" y="344.97" angle="0.00" type="DEFAULT_VEHTYPE" speed="13.33" pos="50.28" lane="1/2to1/1_0" slope="0.00"/>
        <vehicle id="12" x="401.65" y="90.50" angle="180.00" type="DEFAULT_VEHTYPE" speed="13.14" pos="90.50" lane="2/0to2/1_0" slope="0.00"/>
        <vehicle id="13" x="398.35" y="226.51" angle="0.00" type="DEFAULT_VEHTYPE" speed="13.11" pos="168.74" lane="2/2to2/1_0" slope="0.00"/>
        <vehicle id="14" x="372.43" y="401.65" angle="-90.00" type="DEFAULT_VEHTYPE" speed="11.05" pos="22.82" lane="2/2to1/2_0" slope="0.00"/>
        <vehicle id="4" x="409.97" y="401.65" angle="-90.00" type="DEFAULT_VEHTYPE" speed="3.61" pos="185.28" lane="3/2to2/2_0" slope="0.00"/>
        <vehicle id="5" x="797.72" y="201.65" angle="-117.06" type="DEFAULT_VEHTYPE" speed="13.11" pos="2.28" lane="4/1to3/1_0" slope="0.00"/>
        <vehicle id="7" x="398.35" y="275.77" angle="0.00" type="DEFAULT_VEHTYPE" speed="13.88" pos="119.48" lane="2/2to2/1_0" slope="0.00"/>
        <vehicle id="8" x="201.65" y="127.66" angle="180.00" type="DEFAULT_VEHTYPE" speed="12.78" pos="127.66" lane="1/0to1/1_0" slope="0.00"/>
        <vehicle id="9" x="398.35" y="324.13" angle="0.00" type="DEFAULT_VEHTYPE" speed="12.83" pos="71.12" lane="2/2to2/1_0" slope="0.00"/>
    </timestep>
    <timestep time="276.00">
        <vehicle id="0" x="209.44" y="401.65" angle="-90.00" type="DEFAULT_VEHTYPE" speed="2.32" pos="185.81" lane="2/2to1/2_0" slope="0.00"/>
        <vehicle id="1" x="542.31" y="401.65" angle="-90.00" type="DEFAULT_VEHTYPE" speed="13.19" pos="52.94" lane="3/2to2/2_0" slope="0.00"/>
        <vehicle id="10" x="198.35" y="259.33" angle="0.00" type="DEFAULT_VEHTYPE" speed="12.65" pos="135.92" lane="1/2to1/1_0" slope="0.00"/>
        <vehicle id="11" x="198.35" y="331.38" angle="0.00" type="DEFAULT_VEHTYPE" speed="13.59" pos="63.87" lane="1/2to1/1_0" slope="0.00"/>
        <vehicle id="12" x="401.65" y="103.92" angle="180.00" type="DEFAULT_VEHTYPE" speed="13.42" pos="103.92" lane="2/0to2/1_0" slope="0.00"/>
        <vehicle id="13" x="398.35" y="213.57" angle="0.00" type="DEFAULT_VEHTYPE" speed="12.94" pos="181.68" lane="2/2to2/1_0" slope="0.00"/>
        <vehicle id="14" x="360.07" y="401.65" angle="-90.00" type="DEFAULT_VEHTYPE" speed="12.36" pos="35.18" lane="2/2to1/2_0" slope="0.00"/>
        <vehicle id="4" x="404.28" y="401.58" angle="-89.22" type="DEFAULT_VEHTYPE" speed="5.70" pos="0.48" lane=":2/2_6_0" slope="0.00"/>
        <vehicle id="5" x="784.84" y="201.65" angle="-90.00" type="DEFAULT_VEHTYPE" speed="12.88" pos="15.16" lane="4/1to3/1_0" slope="0.00"/>
        <vehicle id="7" x="398.35" y="262.38" angle="0.00" type="DEFAULT_VEHTYPE" speed="13.38" pos="132.87" lane="2/2to2/1_0" slope="0.00"/>
        <vehicle id="8" x="201.65" y="140.82" angle="180.00" type="DEFAULT_VEHTYPE" speed="13.16" pos="140.82" lane="1/0to1/1_0" slope="0.00"/>
        <vehicle id="9" x="398.35" y="311.23" angle="0.00" type="DEFAULT_VEHTYPE" speed="12.90" pos="84.02" lane="2/2to2/1_0" slope="0.00"/>
    </timestep>
    <timestep time="277.00">
        <vehicle id="0" x="204.56" y="401.62" angle="-89.68" type="DEFAULT_VEHTYPE" speed="4.89" pos="0.20" lane=":1/2_6_0" slope="0.00"/>
        <vehicle id="1" x="529.53" y="401.65" angle="-90.00" type="DEFAULT_VEHTYPE" speed="12.78" pos="65.72" lane="3/2to2/2_0" slope="0.00"/>
        <vehicle id="10" x="198.35" y="245.92" angle="0.00" type="DEFAULT_VEHTYPE" speed="13.41" pos="149.33" lane="1/2to1/1_0" slope="0.00"/>
        <vehicle id="11" x="198.35" y="317.95" angle="0.00" type="DEFAULT_VEHTYPE" speed="13.43" pos="77.30" lane="1/2to1/1_0" slope="0.00"/>
        <vehicle id="12" x="401.65" y="116.92" angle="180.00" type="DEFAULT_VEHTYPE" speed="13.00" pos="116.92" lane="2/0to2/1_0" slope="0.00"/>
        <vehicle id="13" x="398.35" y="200.18" angle="0.00" type="DEFAULT_VEHTYPE" speed="13.39" pos="4.57" lane=":2/1_1_0" slope="0.00"/>
        <vehicle id="14" x="346.75" y="401.65" angle="-90.00" type="DEFAULT_VEHTYPE" speed="13.32" pos="48.50" lane="2/2to1/2_0" slope="0.00"/>
        <vehicle id="4" x="398.59" y="396.93" angle="-34.38" type="DEFAULT_VEHTYPE" speed="8.15" pos="8.63" lane=":2/2_6_0" slope="0.00"/>
        <vehicle id="5" x="771.07" y="201.65" angle="-90.00" type="DEFAULT_VEHTYPE" speed="13.77" pos="28.93" lane="4/1to3/1_0" slope="0.00"/>
        <vehicle id="7" x="398.35" y="248.88" angle="0.00" type="DEFAULT_VEHTYPE" speed="13.51" pos="146.37" lane="2/2to2/1_0" slope="0.00"/>
        <vehicle id="8" x="201.65" y="154.02" angle="180.00" type="DEFAULT_VEHTYPE" speed="13.19" pos="154.02" lane="1/0to1/1_0" slope="0.00"/>
        <vehicle id="9" x="398.35" y="297.63" angle="0.00" type="DEFAULT_VEHTYPE" speed="13.60" pos="97.62" lane="2/2to2/1_0" slope="0.00"/>
    </timestep>
    <timestep time="278.00">
        <vehicle id="0" x="198.97" y="398.42" angle="-51.77" type="DEFAULT_VEHTYPE" speed="6.87" pos="7.07" lane=":1/2_6_0" slope="0.00"/>
        <vehicle id="1" x="515.74" y="401.65" angle="-90.00" type="DEFAULT_VEHTYPE" speed="13.79" pos="79.51" lane="3/2to2/2_0" slope="0.00"/>
        <vehicle id="10" x="198.35" y="233.27" angle="0.00" type="DEFAULT_VEHTYPE" speed="12.65" pos="161.98" lane="1/2to1/1_0" slope="0.00"/>
        <vehicle id="11" x="198.35" y="304.88" angle="0.00" type="DEFAULT_VEHTYPE" speed="13.07" pos="90.37" lane="1/2to1/1_0" slope="0.00"/>
        <vehicle id="12" x="401.65" y="130.06" angle="180.00" type="DEFAULT_VEHTYPE" speed="13.13" pos="130.06" lane="2/0to2/1_0" slope="0.00"/>
        <vehicle id="13" x="398.35" y="186.91" angle="0.00" type="DEFAULT_VEHTYPE" speed="13.27" pos="8.34" lane="2/1to2/0_0" slope="0.00"/>
        <vehicle id="14" x="332.89" y="401.65" angle="-90.00" type="DEFAULT_VEHTYPE" speed="13.85" pos="62.36" lane="2/2to1/2_0" slope="0.00"/>
        <vehicle id="4" x="398.35" y="386.95" angle="0.00" type="DEFAULT_VEHTYPE" speed="9.99" pos="8.30" lane="2/2to2/1_0" slope="0.00"/>
        <vehicle id="5" x="758.37" y="201.65" angle="-90.00" type="DEFAULT_VEHTYPE" speed="12.70" pos="41.63" lane="4/1to3/1_0" slope="0.00"/>
        <vehicle id="7" x="398.35" y="235.45" angle="0.00" type="DEFAULT_VEHTYPE" speed="13.43" pos="159.80" lane="2/2to2/1_0" slope="0.00"/>
        <vehicle id="8" x="201.65" y="166.76" angle="180.00" type="DEFAULT_VEHTYPE" speed="12.75" pos="166.76" lane="1/0to1/1_0" slope="0.00"/>
        <vehicle id="9" x="398.35" y="284.37" angle="0.00" type="DEFAULT_VEHTYPE" speed="13.26" pos="110.88" lane="2/2to2/1_0" slope="0.00"/>
    </timestep>
    <timestep time="279.00">
        <vehicle id="0" x="198.35" y="389.04" angle="0.00" type="DEFAULT_VEHTYPE" speed="9.46" pos="6.21" lane="1/2to1/1_0" slope="0.00"/>
        <vehicle id="1" x="502.32" y="401.65" angle="-90.00" type="DEFAULT_VEHTYPE" speed="13.42" pos="92.93" lane="3/2to2/2_0" slope="0.00"/>
        <vehicle id="10" x="198.35" y="220.56" angle="0.00" type="DEFAULT_VEHTYPE" speed="12.71" pos="174.69" lane="1/2to1/1_0" slope="0.00"/>
        <vehicle id="11" x="198.35" y="291.89" angle="0.00" type="DEFAULT_VEHTYPE" speed="12.99" pos="103.36" lane="1/2to1/1_0" slope="0.00"/>
        <vehicle id="12" x="401.65" y="143.60" angle="180.00" type="DEFAULT_VEHTYPE" speed="13.54" pos="143.60" lane="2/0to2/1_0" slope="0.00"/>
        <vehicle id="13" x="398.35" y="173.75" angle="0.00" type="DEFAULT_VEHTYPE" speed="13.16" pos="21.50" lane="2/1to2/0_0" slope="0.00"/>
        <vehicle id="14" x="319.47" y="401.65" angle="-90.00" type="DEFAULT_VEHTYPE" speed="13.42" pos="75.78" lane="2/2to1/2_0" slope="0.00"/>
        <vehicle id="4" x="398.35" y="375.19" angle="0.00" type="DEFAULT_VEHTYPE" speed="11.76" pos="20.06" lane="2/2to2/1_0" slope="0.00"/>
        <vehicle id="5" x="745.76" y="201.65" angle="-90.00" type="DEFAULT_VEHTYPE" speed="12.61" pos="54.24" lane="4/1to3/1_0" slope="0.00"/>
        <vehicle id="7" x="398.35" y="222.15" angle="0.00" type="DEFAULT_VEHTYPE" speed="13.30" pos="173.10" lane="2/2to2/1_0" slope="0.00"/>
        <vehicle id="8" x="201.65" y="180.46" angle="180.00" type="DEFAULT_VEHTYPE" speed="13.70" pos="180.46" lane="1/0to1/1_0" slope="0.00"/>
        <vehicle id="9" x="398.35" y="270.94" angle="0.00" type="DEFAULT_VEHTYPE" speed="13.43" pos="124.31" lane="2/2to2/1_0" slope="0.00"/>
    </timestep>
    <timestep time="280.00">
        <vehicle id="0" x="198.35" y="377.60" angle="0.00" type="DEFAULT_VEHTYPE" speed="11.44" pos="17.65" lane="1/2to1/1_0" slope="0.00"/>
        <vehicle id="1" x="488.69" y="401.65" angle="-90.00" type="DEFAULT_VEHTYPE" speed="13.62" pos="106.56" lane="3/2to2/2_0" slope="0.00"/>
        <vehicle id="10" x="198.35" y="207.87" angle="0.00" type="DEFAULT_VEHTYPE" speed="12.69" pos="187.38" lane="1/2to1/1_0" slope="0.00"/>
        <vehicle id="11" x="198.35" y="278.66" angle="0.00" type="DEFAULT_VEHTYPE" speed="13.23" pos="116.59" lane="1/2to1/1_0" slope="0.00"/>
        <vehicle id="12" x="401.65" y="157.37" angle="180.00" type="DEFAULT_VEHTYPE" speed="13.77" pos="157.37" lane="2/0to2/1_0" slope="0.00"/>
        <vehicle id="13" x="398.35" y="160.89" angle="0.00" type="DEFAULT_VEHTYPE" speed="12.86" pos="34.36" lane="2/1to2/0_0" slope="0.00"/>
        <vehicle id="14" x="306.33" y="401.65" angle="-90.00" type="DEFAULT_VEHTYPE" speed="13.14" pos="88.92" lane="2/2to1/2_0" slope="0.00"/>
        <vehicle id="4" x="398.35" y="362.07" angle="0.00" type="DEFAULT_VEHTYPE" speed="13.13" pos="33.18" lane="2/2to2/1_0" slope="0.00"/>
        <vehicle id="5" x="732.99" y="201.65" angle="-90.00" type="DEFAULT_VEHTYPE" speed="12.77" pos="67.01" lane="4/1to3/1_0" slope="0.00"/>
        <vehicle id="7" x="398.35" y="209.05" angle="0.00" type="DEFAULT_VEHTYPE" speed="13.10" pos="186.20" lane="2/2to2/1_0" slope="0.00"/>
        <vehicle id="8" x="201.65" y="193.10" angle="180.00" type="DEFAULT_VEHTYPE" speed="12.64" pos="193.10" lane="1/0to1/1_0" slope="0.00"/>
        <vehicle id="9" x="398.35" y="258.19" angle="0.00" type="DEFAULT_VEHTYPE" speed="12.75" pos="137.06" lane="2/2to2/1_0" slope="0.00"/>
    </timestep>
    <timestep time="281.00">
        <vehicle id="0" x="198.35" y="363.82" angle="0.00" type="DEFAULT_VEHTYPE" speed="13.78" pos="31.43" lane="1/2to1/1_0" slope="0.00"/>
        <vehicle id="1" x="475.58" y="401.65" angle="-90.00" type="DEFAULT_VEHTYPE" speed="13.11" pos="119.67" lane="3/2to2/2_0" slope="0.00"/>
        <vehicle id="10" x="190.42" y="201.65" angle="-89.72" type="DEFAULT_VEHTYPE" speed="12.95" pos="4.83" lane="1/1to0/1_0" slope="0.00"/>
        <vehicle id="11" x="198.35" y="265.02" angle="0.00" type="DEFAULT_VEHTYPE" speed="13.64" pos="130.23" lane="1/2to1/1_0" slope="0.00"/>
        <vehicle id="12" x="401.65" y="170.72" angle="180.00" type="DEFAULT_VEHTYPE" speed="13.35" pos="170.72" lane="2/0to2/1_0" slope="0.00"/>
        <vehicle id="13" x="398.35" y="147.64" angle="0.00" type="DEFAULT_VEHTYPE" speed="13.24" pos="47.61" lane="2/1to2/0_0" slope="0.00"/>
        <vehicle id="14" x="293.54" y="401.65" angle="-90.00" type="DEFAULT_VEHTYPE" speed="12.79" pos="101.71" lane="2/2to1/2_0" slope="0.00"/>
        <vehicle id="4" x="398.35" y="349.10" angle="0.00" type="DEFAULT_VEHTYPE" speed="12.97" pos="46.15" lane="2/2to2/1_0" slope="0.00"/>
        <vehicle id="5" x="719.73" y="201.65" angle="-90.00" type="DEFAULT_VEHTYPE" speed="13.26" pos="80.27" lane="4/1to3/1_0" slope="0.00"/>
        <vehicle id="7" x="398.35" y="195.17" angle="0.00" type="DEFAULT_VEHTYPE" speed="13.88" pos="0.08" lane="2/1to2/0_0" slope="0.00"/>
        <vehicle id="8" x="210.82" y="198.35" angle="90.00" type="DEFAULT_VEHTYPE" speed="13.22" pos="6.07" lane="1/1to2/1_0" slope="0.00"/>
        <vehicle id="9" x="398.35" y="244.50" angle="0.00" type="DEFAULT_VEHTYPE" speed="13.69" pos="150.75" lane="2/2to2/1_0" slope="0.00"/>
    </timestep>
    <timestep time="282.00">
        <vehicle id="0" x="198.35" y="350.18" angle="0.00" type="DEFAULT_VEHTYPE" speed="13.65" pos="45.07" lane="1/2to1/1_0" slope="0.00"/>
        <vehicle id="1" x="462.02" y="401.65" angle="-90.00" type="DEFAULT_VEHTYPE" speed="13.56" pos="133.23" lane="3/2to2/2_0" slope="0.00"/>
        <vehicle id="10" x="177.73" y="201.65" angle="-90.00" type="DEFAULT_VEHTYPE" speed="12.69" pos="17.52" lane="1/1to0/1_0" slope="0.00"/>
        <vehicle id="11" x="198.35" y="251.33" angle="0.00" type="DEFAULT_VEHTYPE" speed="13.69" pos="143.92" lane="1/2to1/1_0" slope="0.00"/>
        <vehicle id="12" x="401.65" y="183.51" angle="180.00" type="DEFAULT_VEHTYPE" speed="12.79" pos="183.51" lane="2/0to2/1_0" slope="0.00"/>
        <vehicle id="13" x="398.35" y="134.14" angle="0.00" type="DEFAULT_VEHTYPE" speed="13.50" pos="61.11" lane="2/1to2/0_0" slope="0.00"/>
        <vehicle id="14" x="279.70" y="401.65" angle="-90.00" type="DEFAULT_VEHTYPE" speed="13.84" pos="115.55" lane="2/2to1/2_0" slope="0.00"/>
        <vehicle id="4" x="398.35" y="336.20" angle="0.00" type="DEFAULT_VEHTYPE" speed="12.89" pos="59.05" lane="2/2to2/1_0" slope="0.00"/>
        <vehicle id="5" x="706.88" y="201.65" angle="-90.00" type="DEFAULT_VEHTYPE" speed="12.86" pos="93.12" lane="4/1to3/1_0" slope="0.00"/>
        <vehicle id="7" x="398.35" y="182.14" angle="0.00" type="DEFAULT_VEHTYPE" speed="13.03" pos="13.11" lane="2/1to2/0_0" slope="0.00"/>
        <vehicle id="8" x="224.52" y="198.35" angle="90.00" type="DEFAULT_VEHTYPE" speed="13.69" pos="19.77" lane="1/1to2/1_0" slope="0.00"/>
        <vehicle id="9" x="398.35" y="230.69" angle="0.00" type="DEFAULT_VEHTYPE" speed="13.82" pos="164.56" lane="2/2to2/1_0" slope="0.00"/>
    </timestep>
    <timestep time="283.00">
        <vehicle id="0" x="198.35" y="336.80" angle="0.00" type="DEFAULT_VEHTYPE" speed="13.38" pos="58.45" lane="1/2to1/1_0" slope="0.00"/>
        <vehicle id="1" x="449.17" y="401.65" angle="-90.00" type="DEFAULT_VEHTYPE" speed="12.85" pos="146.08" lane="3/2to2/2_0" slope="0.00"/>
        <vehicle id="10" x="164.81" y="201.65" angle="-90.00" type="DEFAULT_VEHTYPE" speed="12.92" pos="30.44" lane="1/1to0/1_0" slope="0.00"/>
        <vehicle id="11" x="198.35" y="238.62" angle="0.00" type="DEFAULT_VEHTYPE" speed="12.71" pos="156.63" lane="1/2to1/1_0" slope="0.00"/>
        <vehicle id="12" x="402.12" y="197.08" angle="174.55" type="DEFAULT_VEHTYPE" speed="13.65" pos="1.92" lane=":2/1_8_0" slope="0.00"/>
        <vehicle id="13" x="398.35" y="121.34" angle="0.00" type="DEFAULT_VEHTYPE" speed="12.81" pos="73.91" lane="2/1to2/0_0" slope="0.00"/>
        <vehicle id="14" x="266.23" y="401.65" angle="-90.00" type="DEFAULT_VEHTYPE" speed="13.46" pos="129.02" lane="2/2to1/2_0" slope="0.00"/>
        <vehicle id="4" x="398.35" y="323.39" angle="0.00" type="DEFAULT_VEHTYPE" speed="12.82" pos="71.86" lane="2/2to2/1_0" slope="0.00"/>
        <vehicle id="5" x="694.07" y="201.65" angle="-90.00" type="DEFAULT_VEHTYPE" speed="12.81" pos="105.93" lane="4/1to3/1_0" slope="0.00"/>
        <vehicle id="7" x="398.35" y="169.15" angle="0.00" type="DEFAULT_VEHTYPE" speed="12.99" pos="26.10" lane="2/1to2/0_0" slope="0.00"/>
        <vehicle id="8" x="237.45" y="198.35" angle="90.00" type="DEFAULT_VEHTYPE" speed="12.93" pos="32.70" lane="1/1to2/1_0" slope="0.00"/>
        <vehicle id="9" x="398.35" y="216.86" angle="0.00" type="DEFAULT_VEHTYPE" speed="13.82" pos="178.39" lane="2/2to2/1_0" slope="0.00"/>
    </timestep>
    <timestep time="284.00">
        <vehicle id="0" x="198.35" y="323.84" angle="0.00" type="DEFAULT_VEHTYPE" speed="12.96" pos="71.41" lane="1/2to1/1_0" slope="0.00"/>
        <vehicle id="1" x="436.12" y="401.65" angle="-90.00" type="DEFAULT_VEHTYPE" speed="13.04" pos="159.13" lane="3/2to2/2_0" slope="0.00"/>
        <vehicle id="10" x="151.84" y="201.65" angle="-90.00" type="DEFAULT_VEHTYPE" speed="12.97" pos="43.41" lane="1/1to0/1_0" slope="0.00"/>
        <vehicle id="11" x="198.35" y="225.04" angle="0.00" type="DEFAULT_VEHTYPE" speed="13.58" pos="170.21" lane="1/2to1/1_0" slope="0.00"/>
        <vehicle id="12" x="414.63" y="198.35" angle="90.00" type="DEFAULT_VEHTYPE" speed="12.96" pos="9.88" lane="2/1to3/1_0" slope="0.00"/>
        <vehicle id="13" x="398.35" y="108.64" angle="0.00" type="DEFAULT_VEHTYPE" speed="12.70" pos="86.61" lane="2/1to2/0_0" slope="0.00"/>
        <vehicle id="14" x="253.20" y="401.65" angle="-90.00" type="DEFAULT_VEHTYPE" speed="13.04" pos="142.05" lane="2/2to1/2_0" slope="0.00"/>
        <vehicle id="4" x="398.35" y="309.55" angle="0.00" type="DEFAULT_VEHTYPE" speed="13.83" pos="85.70" lane="2/2to2/1_0" slope="0.00"/>
        <vehicle id="5" x="680.40" y="201.65" angle="-90.00" type="DEFAULT_VEHTYPE" speed="13.66" pos="119.60" lane="4/1to3/1_0" slope="0.00"/>
        <vehicle id="7" x="398.35" y="156.08" angle="0.00" type="DEFAULT_VEHTYPE" speed="13.08" pos="39.17" lane="2/1to2/0_0" slope="0.00"/>
        <vehicle id="8" x="250.95" y="198.35" angle="90.00" type="DEFAULT_VEHTYPE" speed="13.51" pos="46.20" lane="1/1to2/1_0" slope="0.00"/>
        <vehicle id="9" x="398.18" y="203.54" angle="-1.93" type="DEFAULT_VEHTYPE" speed="13.33" pos="1.22" lane=":2/1_0_0" slope="0.00"/>
    </timestep>
    <timestep time="285.00">
        <vehicle id="0" x="198.35" y="311.20" angle="0.00" type="DEFAULT_VEHTYPE" speed="12.64" pos="84.05" lane="1/2to1/1_0" slope="0.00"/>
        <vehicle id="1" x="424.57" y="401.65" angle="-90.00" type="DEFAULT_VEHTYPE" speed="11.55" pos="170.68" lane="3/2to2/2_0" slope="0.00"/>
        <vehicle id="10" x="138.74" y="201.65" angle="-90.00" type="DEFAULT_VEHTYPE" speed="13.10" pos="56.51" lane="1/1to0/1_0" slope="0.00"/>
        <vehicle id="11" x="198.35" y="211.66" angle="0.00" type="DEFAULT_VEHTYPE" speed="13.39" pos="183.59" lane="1/2to1/1_0" slope="0.00"/>
        <vehicle id="12" x="427.29" y="198.35" angle="90.00" type="DEFAULT_VEHTYPE" speed="12.66" pos="22.54" lane="2/1to3/1_0" slope="0.00"/>
        <vehicle id="13" x="398.35" y="95.07" angle="0.00" type="DEFAULT_VEHTYPE" speed="13.57" pos="100.18" lane="2/1to2/0_0" slope="0.00"/>
        <vehicle id="14" x="239.49" y="401.65" angle="-90.00" type="DEFAULT_VEHTYPE" speed="13.71" pos="155.76" lane="2/2to1/2_0" slope="0.00"/>
        <vehicle id="4" x="398.35" y="296.75" angle="0.00" type="DEFAULT_VEHTYPE" speed="12.81" pos="98.50" lane="2/2to2/1_0" slope="0.00"/>
        <vehicle id="5" x="667.42" y="201.65" angle="-90.00" type="DEFAULT_VEHTYPE" speed="12.99" pos="132.58" lane="4/1to3/1_0" slope="0.00"/>
        <vehicle id="7" x="398.35" y="142.35" angle="0.00" type="DEFAULT_VEHTYPE" speed="13.73" pos="52.90" lane="2/1to2/0_0" slope="0.00"/>
        <vehicle id="8" x="263.66" y="198.35" angle="90.00" type="DEFAULT_VEHTYPE" speed="12.71" pos="58.91" lane="1/1to2/1_0" slope="0.00"/>
        <vehicle id="9" x="386.37" y="201.65" angle="-90.00" type="DEFAULT_VEHTYPE" speed="12.66" pos="8.88" lane="2/1to1/1_0" slope="0.00"/>
    </timestep>
    <timestep time="286.00">
        <vehicle id="0" x="198.35" y="297.75" angle="0.00" type="DEFAULT_VEHTYPE" speed="13.45" pos="97.50" lane="1/2to1/1_0" slope="0.00"/>
        <vehicle id="1" x="416.38" y="401.65" angle="-90.00" type="DEFAULT_VEHTYPE" speed="8.19" pos="178.87" lane="3/2to2/2_0" slope="0.00"/>
        <vehicle id="10" x="125.73" y="201.65" angle="-90.00" type="DEFAULT_VEHTYPE" speed="13.01" pos="69.52" lane="1/1to0/1_0" slope="0.00"/>
        <vehicle id="11" x="194.38" y="201.65" angle="-59.90" type="DEFAULT_VEHTYPE" speed="12.78" pos="0.87" lane="1/1to0/1_0" slope="0.00"/>
        <vehicle id="12" x="440.77" y="198.35" angle="90.00" type="DEFAULT_VEHTYPE" speed="13.48" pos="36.02" lane="2/1to3/1_0" slope="0.00"/>
        <vehicle id="13" x="398.35" y="81.44" angle="0.00" type="DEFAULT_VEHTYPE" speed="13.63" pos="113.81" lane="2/1to2/0_0" slope="0.00"/>
        <vehicle id="14" x="226.54" y="401.65" angle="-90.00" type="DEFAULT_VEHTYPE" speed="12.95" pos="168.71" lane="2/2to1/2_0" slope="0.00"/>
        <vehicle id="4" x="398.35" y="282.85" angle="0.00" type="DEFAULT_VEHTYPE" speed="13.90" pos="112.40" lane="2/2to2/1_0" slope="0.00"/>
        <vehicle id="5" x="653.54" y="201.65" angle="-90.00" type="DEFAULT_VEHTYPE" speed="13.88" pos="146.46" lane="4/1to3/1_0" slope="0.00"/>
        <vehicle id="7" x="398.35" y="128.59" angle="0.00" type="DEFAULT_VEHTYPE" speed="13.76" pos="66.66" lane="2/1to2/0_0" slope="0.00"/>
        <vehicle id="8" x="276.56" y="198.35" angle="90.00" type="DEFAULT_VEHTYPE" speed="12.90" pos="71.81" lane="1/1to2/1_0" slope="0.00"/>
        <vehicle id="9" x="373.15" y="201.65" angle="-90.00" type="DEFAULT_VEHTYPE" speed="13.23" pos="22.10" lane="2/1to1/1_0" slope="0.00"/>
    </timestep>
    <timestep time="287.00">
        <vehicle id="0" x="198.35" y="284.56" angle="0.00" type="DEFAULT_VEHTYPE" speed="13.20" pos="110.69" lane="1/2to1/1_0" slope="0.00"/>
        <vehicle id="1" x="411.16" y="401.65" angle="-90.00" type="DEFAULT_VEHTYPE" speed="5.23" pos="184.09" lane="3/2to2/2_0" slope="0.00"/>
        <vehicle id="10" x="112.25" y="201.65" angle="-90.00" type="DEFAULT_VEHTYPE" speed="13.48" pos="83.00" lane="1/1to0/1_0" slope="0.00"/>
        <vehicle id="11" x="180.69" y="201.65" angle="-90.00" type="DEFAULT_VEHTYPE" speed="13.69" pos="14.56" lane="1/1to0/1_0" slope="0.00"/>
        <vehicle id="12" x="453.77" y="198.35" angle="90.00" type="DEFAULT_VEHTYPE" speed="13.00" pos="49.02" lane="2/1to3/1_0" slope="0.00"/>
        <vehicle id="13" x="398.35" y="67.94" angle="0.00" type="DEFAULT_VEHTYPE" speed="13.50" pos="127.31" lane="2/1to2/0_0" slope="0.00"/>
        <vehicle id="14" x="217.97" y="401.65" angle="-90.00" type="DEFAULT_VEHTYPE" speed="8.57" pos="177.28" lane="2/2to1/2_0" slope="0.00"/>
        <vehicle id="4" x="398.35" y="269.91" angle="0.00" type="DEFAULT_VEHTYPE" speed="12.93" pos="125.34" lane="2/2to2/1_0" slope="0.00"/>
        <vehicle id="5" x="640.32" y="201.65" angle="-90.00" type="DEFAULT_VEHTYPE" speed="13.22" pos="159.68" lane="4/1to3/1_0" slope="0.00"/>
        <vehicle id="7" x="398.35" y="115.06" angle="0.00" type="DEFAULT_VEHTYPE" speed="13.52" pos="80.19" lane="2/1to2/0_0" slope="0.00"/>
        <vehicle id="8" x="290.24" y="198.35" angle="90.00" type="DEFAULT_VEHTYPE" speed="13.68" pos="85.49" lane="1/1to2/1_0" slope="0.00"/>
        <vehicle id="9" x="360.19" y="201.65" angle="-90.00" type="DEFAULT_VEHTYPE" speed="12.96" pos="35.06" lane="2/1to1/1_0" slope="0.00"/>
    </timestep>
    <timestep time="288.00">
        <vehicle id="0" x="198.35" y="271.79" angle="0.00" type="DEFAULT_VEHTYPE" speed="12.76" pos="123.46" lane="1/2to1/1_0" slope="0.00"/>
        <vehicle id="1" x="403.60" y="401.65" angle="-90.00" type="DEFAULT_VEHTYPE" speed="7.56" pos="1.15" lane=":2/2_5_0" slope="0.00"/>
        <vehicle id="10" x="99.04" y="201.65" angle="-90.00" type="DEFAULT_VEHTYPE" speed="13.22" pos="96.21" lane="1/1to0/1_0" slope="0.00"/>
        <vehicle id="11" x="167.75" y="201.65" angle="-90.00" type="DEFAULT_VEHTYPE" speed="12.94" pos="27.50" lane="1/1to0/1_0" slope="0.00"/>
        <vehicle id="12" x="467.00" y="198.35" angle="90.00" type="DEFAULT_VEHTYPE" speed="13.23" pos="62.25" lane="2/1to3/1_0" slope="0.00"/>
        <vehicle id="13" x="398.35" y="54.29" angle="0.00" type="DEFAULT_VEHTYPE" speed="13.65" pos="140.96" lane="2/1to2/0_0" slope="0.00"/>
        <vehicle id="14" x="211.70" y="401.65" angle="-90.00" type="DEFAULT_VEHTYPE" speed="6.27" pos="183.55" lane="2/2to1/2_0" slope="0.00"/>
        <vehicle id="4" x="398.35" y="257.21" angle="0.00" type="DEFAULT_VEHTYPE" speed="12.70" pos="138.04" lane="2/2to2/1_0" slope="0.00"/>
        <vehicle id="5" x="628.21" y="201.65" angle="-90.00" type="DEFAULT_VEHTYPE" speed="12.11" pos="171.79" lane="4/1to3/1_0" slope="0.00"/>
        <vehicle id="7" x="398.35" y="101.66" angle="0.00" type="DEFAULT_VEHTYPE" speed="13.40" pos="93.59" lane="2/1to2/0_0" slope="0.00"/>
        <vehicle id="8" x="302.89" y="198.35" angle="90.00" type="DEFAULT_VEHTYPE" speed="12.65" pos="98.14" lane="1/1to2/1_0" slope="0.00"/>
        <vehicle id="9" x="346.61" y="201.65" angle="-90.00" type="DEFAULT_VEHTYPE" speed="13.58" pos="48.64" lane="2/1to1/1_0" slope="0.00"/>
    </timestep>
    <timestep time="289.00">
        <vehicle id="0" x="198.35" y="259.12" angle="0.00" type="DEFAULT_VEHTYPE" speed="12.68" pos="136.13" lane="1/2to1/1_0" slope="0.00"/>
        <vehicle id="1" x="393.65" y="401.65" angle="-90.00" type="DEFAULT_VEHTYPE" speed="9.95" pos="1.60" lane="2/2to1/2_0" slope="0.00"/>
        <vehicle id="10" x="86.32" y="201.65" angle="-90.00" type="DEFAULT_VEHTYPE" speed="12.72" pos="108.93" lane="1/1to0/1_0" slope="0.00"/>
        <vehicle id="11" x="154.23" y="201.65" angle="-90.00" type="DEFAULT_VEHTYPE" speed="13.52" pos="41.02" lane="1/1to0/1_0" slope="0.00"/>
        <vehicle id="12" x="480.01" y="198.35" angle="90.00" type="DEFAULT_VEHTYPE" speed="13.01" pos="75.26" lane="2/1to3/1_0" slope="0.00"/>
        <vehicle id="13" x="398.35" y="40.44" angle="0.00" type="DEFAULT_VEHTYPE" speed="13.85" pos="154.81" lane="2/1to2/0_0" slope="0.00"/>
        <vehicle id="14" x="203.82" y="401.52" angle="-88.48" type="DEFAULT_VEHTYPE" speed="7.89" pos="0.94" lane=":1/2_6_0" slope="0.00"/>
        <vehicle id="4" x="398.35" y="243.57" angle="0.00" type="DEFAULT_VEHTYPE" speed="13.64" pos="151.68" lane="2/2to2/1_0" slope="0.00"/>
        <vehicle id="5" x="618.84" y="201.65" angle="-90.00" type="DEFAULT_VEHTYPE" speed="9.36" pos="181.16" lane="4/1to3/1_0" slope="0.00"/>
        <vehicle id="7" x="398.35" y="88.79" angle="0.00" type="DEFAULT_VEHTYPE" speed="12.87" pos="106.46" lane="2/1to2/0_0" slope="0.00"/>
        <vehicle id="8" x="316.03" y="198.35" angle="90.00" type="DEFAULT_VEHTYPE" speed="13.14" pos="111.28" lane="1/1to2/1_0" slope="0.00"/>
        <vehicle id="9" x="333.45" y="201.65" angle="-90.00" type="DEFAULT_VEHTYPE" speed="13.15" pos="61.80" lane="2/1to1/1_0" slope="0.00"/>
    </timestep>
    <timestep time="290.00">
        <vehicle id="0" x="198.35" y="245.48" angle="0.00" type="DEFAULT_VEHTYPE" speed="13.63" pos="149.77" lane="1/2to1/1_0" slope="0.00"/>
        <vehicle id="1" x="382.21" y="401.65" angle="-90.00" type="DEFAULT_VEHTYPE" speed="11.44" pos="13.04" lane="2/2to1/2_0" slope="0.00"/>
        <vehicle id="10" x="73.43" y="201.65" angle="-90.00" type="DEFAULT_VEHTYPE" speed="12.89" pos="121.82" lane="1/1to0/1_0" slope="0.00"/>
        <vehicle id="11" x="140.46" y="201.65" angle="-90.00" type="DEFAULT_VEHTYPE" speed="13.77" pos="54.79" lane="1/1to0/1_0" slope="0.00"/>
        <vehicle id="12" x="493.24" y="198.35" angle="90.00" type="DEFAULT_VEHTYPE" speed="13.23" pos="88.49" lane="2/1to3/1_0" slope="0.00"/>
        <vehicle id="13" x="398.35" y="27.84" angle="0.00" type="DEFAULT_VEHTYPE" speed="12.60" pos="167.41" lane="2/1to2/0_0" slope="0.00"/>
        <vehicle id="14" x="198.35" y="395.28" angle="-18.15" type="DEFAULT_VEHTYPE" speed="9.36" pos="10.29" lane=":1/2_6_0" slope="0.00"/>
        <vehicle id="4" x="398.35" y="230.32" angle="0.00" type="DEFAULT_VEHTYPE" speed="13.26" pos="164.93" lane="2/2to2/1_0" slope="0.00"/>
        <vehicle id="5" x="612.26" y="201.65" angle="-90.00" type="DEFAULT_VEHTYPE" speed="6.58" pos="187.74" lane="4/1to3/1_0" slope="0.00"/>
        <vehicle id="7" x="398.35" y="75.07" angle="0.00" type="DEFAULT_VEHTYPE" speed="13.73" pos="120.18" lane="2/1to2/0_0" slope="0.00"/>
        <vehicle id="8" x="329.39" y="198.35" angle="90.00" type="DEFAULT_VEHTYPE" speed="13.37" pos="124.64" lane="1/1to2/1_0" slope="0.00"/>
        <vehicle id="9" x="319.92" y="201.65" angle="-90.00" type="DEFAULT_VEHTYPE" speed="13.54" pos="75.33" lane="2/1to1/1_0" slope="0.00"/>
    </timestep>
    <timestep time="291.00">
        <vehicle id="0" x="198.35" y="231.82" angle="0.00" type="DEFAULT_VEHTYPE" speed="13.66" pos="163.43" lane="1/2to1/1_0" slope="0.00"/>
        <vehicle id="1" x="369.30" y="401.65" angle="-90.00" type="DEFAULT_VEHTYPE" speed="12.91" pos="25.95" lane="2/2to1/2_0" slope="0.00"/>
        <vehicle id="10" x="59.64" y="201.65" angle="-90.00" type="DEFAULT_VEHTYPE" speed="13.79" pos="135.61" lane="1/1to0/1_0" slope="0.00"/>
        <vehicle id="11" x="127.80" y="201.65" angle="-90.00" type="DEFAULT_VEHTYPE" speed="12.66" pos="67.45" lane="1/1to0/1_0" slope="0.00"/>
        <vehicle id="12" x="506.64" y="198.35" angle="90.00" type="DEFAULT_VEHTYPE" speed="13.40" pos="101.89" lane="2/1to3/1_0" slope="0.00"/>
        <vehicle id="13" x="398.35" y="14.12" angle="0.00" type="DEFAULT_VEHTYPE" speed="13.73" pos="181.13" lane="2/1to2/0_0" slope="0.00"/>
        <vehicle id="14" x="198.35" y="384.15" angle="0.00" type="DEFAULT_VEHTYPE" speed="11.12" pos="11.10" lane="1/2to1/1_0" slope="0.00"/>
        <vehicle id="4" x="398.35" y="217.45" angle="0.00" type="DEFAULT_VEHTYPE" speed="12.86" pos="177.80" lane="2/2to2/1_0" slope="0.00"/>
        <vehicle id="5" x="609.40" y="201.65" angle="-90.00" type="DEFAULT_VEHTYPE" speed="2.86" pos="190.60" lane="4/1to3/1_0" slope="0.00"/>
        <vehicle id="7" x="398.35" y="62.35" angle="0.00" type="DEFAULT_VEHTYPE" speed="12.72" pos="132.90" lane="2/1to2/0_0" slope="0.00"/>
        <vehicle id="8" x="342.74" y="198.35" angle="90.00" type="DEFAULT_VEHTYPE" speed="13.35" pos="137.99" lane="1/1to2/1_0" slope="0.00"/>
        <vehicle id="9" x="306.52" y="201.65" angle="-90.00" type="DEFAULT_VEHTYPE" speed="13.40" pos="88.73" lane="2/1to1/1_0" slope="0.00"/>
    </timestep>
    <timestep time="292.00">
        <vehicle id="0" x="198.35" y="218.05" angle="0.00" type="DEFAULT_VEHTYPE" speed="13.77" pos="177.20" lane="1/2to1/1_0" slope="0.00"/>
        <vehicle id="1" x="355.72" y="401.65" angle="-90.00" type="DEFAULT_VEHTYPE" speed="13.58" pos="39.53" lane="2/2to1/2_0" slope="0.00"/>
        <vehicle id="10" x="46.86" y="201.65" angle="-90.00" type="DEFAULT_VEHTYPE" speed="12.78" pos="148.39" lane="1/1to0/1_0" slope="0.00"/>
        <vehicle id="11" x="115.09" y="201.65" angle="-90.00" type="DEFAULT_VEHTYPE" speed="12.71" pos="80.16" lane="1/1to0/1_0" slope="0.00"/>
        <vehicle id="12" x="519.84" y="198.35" angle="90.00" type="DEFAULT_VEHTYPE" speed="13.20" pos="115.09" lane="2/1to3/1_0" slope="0.00"/>
        <vehicle id="13" x="398.35" y="1.13" angle="0.00" type="DEFAULT_VEHTYPE" speed="12.99" pos="194.12" lane="2/1to2/0_0" slope="0.00"/>
        <vehicle id="14" x="198.35" y="370.84" angle="0.00" type="DEFAULT_VEHTYPE" speed="13.31" pos="24.41" lane="1/2to1/1_0" slope="0.00"/>
        <vehicle id="4" x="398.35" y="204.68" angle="0.00" type="DEFAULT_VEHTYPE" speed="12.78" pos="0.07" lane=":2/1_1_0" slope="0.00"/>
        <vehicle id="5" x="605.01" y="201.65" angle="-90.00" type="DEFAULT_VEHTYPE" speed="4.40" pos="194.99" lane="4/1to3/1_0" slope="0.00"/>
        <vehicle id="7" x="398.35" y="49.46" angle="0.00" type="DEFAULT_VEHTYPE" speed="12.89" pos="145.79" lane="2/1to2/0_0" slope="0.00"/>
        <vehicle id="8" x="356.63" y="198.35" angle="90.00" type="DEFAULT_VEHTYPE" speed="13.89" pos="151.88" lane="1/1to2/1_0" slope="0.00"/>
        <vehicle id="9" x="293.30" y="201.65" angle="-90.00" type="DEFAULT_VEHTYPE" speed="13.21" pos="101.95" lane="2/1to1/1_0" slope="0.00"/>
    </timestep>
    <timestep time="293.00">
        <vehicle id="0" x="198.32" y="204.55" angle="-0.32" type="DEFAULT_VEHTYPE" speed="13.50" pos="0.20" lane=":1/1_0_0" slope="0.00"/>
        <vehicle id="1" x="341.83" y="401.65" angle="-90.00" type="DEFAULT_VEHTYPE" speed="13.89" pos="53.42" lane="2/2to1/2_0" slope="0.00"/>
        <vehicle id="10" x="33.37" y="201.65" angle="-90.00" type="DEFAULT_VEHTYPE" speed="13.49" pos="161.88" lane="1/1to0/1_0" slope="0.00"/>
        <vehicle id="11" x="101.93" y="201.65" angle="-90.00" type="DEFAULT_VEHTYPE" speed="13.16" pos="93.32" lane="1/1to0/1_0" slope="0.00"/>
        <vehicle id="12" x="533.38" y="198.35" angle="90.00" type="DEFAULT_VEHTYPE" speed="13.54" pos="128.63" lane="2/1to3/1_0" slope="0.00"/>
        <vehicle id="13" x="401.65" y="6.96" angle="180.00" type="DEFAULT_VEHTYPE" speed="12.90" pos="6.96" lane="2/0to2/1_0" slope="0.00"/>
        <vehicle id="14" x="198.35" y="358.20" angle="0.00" type="DEFAULT_VEHTYPE" speed="12.64" pos="37.05" lane="1/2to1/1_0" slope="0.00"/>
        <vehicle id="4" x="398.35" y="190.80" angle="0.00" type="DEFAULT_VEHTYPE" speed="13.87" pos="4.45" lane="2/1to2/0_0" slope="0.00"/>
        <vehicle id="5" x="601.65" y="205.49" angle="-147.63" type="DEFAULT_VEHTYPE" speed="6.00" pos="0.74" lane="3/1to3/2_0" slope="0.00"/>
        <vehicle id="7" x="398.35" y="35.93" angle="0.00" type="DEFAULT_VEHTYPE" speed="13.53" pos="159.32" lane="2/1to2/0_0" slope="0.00"/>
        <vehicle id="8" x="370.22" y="198.35" angle="90.00" type="DEFAULT_VEHTYPE" speed="13.59" pos="165.47" lane="1/1to2/1_0" slope="0.00"/>
        <vehicle id="9" x="280.55" y="201.65" angle="-90.00" type="DEFAULT_VEHTYPE" speed="12.76" pos="114.70" lane="2/1to1/1_0" slope="0.00"/>
    </timestep>
    <timestep time="294.00">
        <vehicle id="0" x="187.43" y="201.65" angle="-90.00" type="DEFAULT_VEHTYPE" speed="12.62" pos="7.82" lane="1/1to0/1_0" slope="0.00"/>
        <vehicle id="1" x="328.66" y="401.65" angle="-90.00" type="DEFAULT_VEHTYPE" speed="13.17" pos="66.59" lane="2/2to1/2_0" slope="0.00"/>
        <vehicle id="10" x="20.57" y="201.65" angle="-90.00" type="DEFAULT_VEHTYPE" speed="12.81" pos="174.68" lane="1/1to0/1_0" slope="0.00"/>
        <vehicle id="11" x="88.39" y="201.65" angle="-90.00" type="DEFAULT_VEHTYPE" speed="13.54" pos="106.86" lane="1/1to0/1_0" slope="0.00"/>
        <vehicle id="12" x="546.34" y="198.35" angle="90.00" type="DEFAULT_VEHTYPE" speed="12.96" pos="141.59" lane="2/1to3/1_0" slope="0.00"/>
        <vehicle id="13" x="401.65" y="19.67" angle="180.00" type="DEFAULT_VEHTYPE" speed="12.71" pos="19.67" lane="2/0to2/1_0" slope="0.00"/>
        <vehicle id="14" x="198.35" y="344.73" angle="0.00" type="DEFAULT_VEHTYPE" speed="13.47" pos="50.52" lane="1/2to1/1_0" slope="0.00"/>
        <vehicle id="4" x="398.35" y="177.80" angle="0.00" type="DEFAULT_VEHTYPE" speed="13.01" pos="17.45" lane="2/1to2/0_0" slope="0.00"/>
        <vehicle id="5" x="601.65" y="213.09" angle="180.00" type="DEFAULT_VEHTYPE" speed="7.60" pos="8.34" lane="3/1to3/2_0" slope="0.00"/>
        <vehicle id="7" x="398.35" y="22.73" angle="0.00" type="DEFAULT_VEHTYPE" speed="13.20" pos="172.52" lane="2/1to2/0_0" slope="0.00"/>
        <vehicle id="8" x="379.57" y="198.35" angle="90.00" type="DEFAULT_VEHTYPE" speed="9.35" pos="174.82" lane="1/1to2/1_0" slope="0.00"/>
        <vehicle id="9" x="267.15" y="201.65" angle="-90.00" type="DEFAULT_VEHTYPE" speed="13.40" pos="128.10" lane="2/1to1/1_0" slope="0.00"/>
    </timestep>
    <timestep time="295.00">
        <vehicle id="0" x="173.78" y="201.65" angle="-90.00" type="DEFAULT_VEHTYPE" speed="13.64" pos="21.47" lane="1/1to0/1_0" slope="0.00"/>
        <vehicle id="1" x="315.72" y="401.65" angle="-90.00" type="DEFAULT_VEHTYPE" speed="12.94" pos="79.53" lane="2/2to1/2_0" slope="0.00"/>
        <vehicle id="10" x="7.61" y="201.65" angle="-90.00" type="DEFAULT_VEHTYPE" speed="12.96" pos="187.64" lane="1/1to0/1_0" slope="0.00"/>
        <vehicle id="11" x="75.61" y="201.65" angle="-90.00" type="DEFAULT_VEHTYPE" speed="12.78" pos="119.64" lane="1/1to0/1_0" slope="0.00"/>
        <vehicle id="12" x="559.13" y="198.35" angle="90.00" type="DEFAULT_VEHTYPE" speed="12.80" pos="154.38" lane="2/1to3/1_0" slope="0.00"/>
        <vehicle id="13" x="401.65" y="33.02" angle="180.00" type="DEFAULT_VEHTYPE" speed="13.35" pos="33.02" lane="2/0to2/1_0" slope="0.00"/>
        <vehicle id="14" x="198.35" y="331.49" angle="0.00" type="DEFAULT_VEHTYPE" speed="13.25" pos="63.76" lane="1/2to1/1_0" slope="0.00"/>
        <vehicle id="4" x="398.35" y="164.79" angle="0.00" type="DEFAULT_VEHTYPE" speed="13.01" pos="30.46" lane="2/1to2/0_0" slope="0.00"/>
        <vehicle id="5" x="601.65" y="222.03" angle="180.00" type="DEFAULT_VEHTYPE" speed="8.94" pos="17.28" lane="3/1to3/2_0" slope="0.00"/>
        <vehicle id="7" x="398.35" y="9.73" angle="0.00" type="DEFAULT_VEHTYPE" speed="13.00" pos="185.52" lane="2/1to2/0_0" slope="0.00"/>
        <vehicle id="8" x="385.65" y="198.35" angle="90.00" type="DEFAULT_VEHTYPE" speed="6.07" pos="180.90" lane="1/1to2/1_0" slope="0.00"/>
        <vehicle id="9" x="253.71" y="201.65" angle="-90.00" type="DEFAULT_VEHTYPE" speed="13.45" pos="141.54" lane="2/1to1/1_0" slope="0.00"/>
    </timestep>
    <timestep time="296.00">
        <vehicle id="0" x="161.18" y="201.65" angle="-90.00" type="DEFAULT_VEHTYPE" speed="12.60" pos="34.07" lane="1/1to0/1_0" slope="0.00"/>
        <vehicle id="1" x="302.21" y="401.65" angle="-90.00" type="DEFAULT_VEHTYPE" speed="13.51" pos="93.04" lane="2/2to1/2_0" slope="0.00"/>
        <vehicle id="10" x="0.80" y="198.35" angle="23.96" type="DEFAULT_VEHTYPE" speed="13.23" pos="0.80" lane="0/1to1/1_0" slope="0.00"/>
        <vehicle id="11" x="62.08" y="201.65" angle="-90.00" type="DEFAULT_VEHTYPE" speed="13.53" pos="133.17" lane="1/1to0/1_0" slope="0.00"/>
        <vehicle id="12" x="572.17" y="198.35" angle="90.00" type="DEFAULT_VEHTYPE" speed="13.04" pos="167.42" lane="2/1to3/1_0" slope="0.00"/>
        <vehicle id="13" x="401.65" y="46.75" angle="180.00" type="DEFAULT_VEHTYPE" speed="13.74" pos="46.75" lane="2/0to2/1_0" slope="0.00"/>
        <vehicle id="14" x="198.35" y="317.89" angle="0.00" type="DEFAULT_VEHTYPE" speed="13.59" pos="77.36" lane="1/2to1/1_0" slope="0.00"/>
        <vehicle id="4" x="398.35" y="151.14" angle="0.00" type="DEFAULT_VEHTYPE" speed="13.65" pos="44.11" lane="2/1to2/0_0" slope="0.00"/>
        <vehicle id="5" x="601.65" y="233.55" angle="180.00" type="DEFAULT_VEHTYPE" speed="11.52" pos="28.80" lane="3/1to3/2_0" slope="0.00"/>
        <vehicle id="7" x="401.22" y="-0.64" angle="60.94" type="DEFAULT_VEHTYPE" speed="13.78" pos="4.05" lane=":2/0_0_0" slope="0.00"/>
        <vehicle id="8" x="389.36" y="198.35" angle="90.00" type="DEFAULT_VEHTYPE" speed="3.71" pos="184.61" lane="1/1to2/1_0" slope="0.00"/>
        <vehicle id="9" x="239.95" y="201.65" angle="-90.00" type="DEFAULT_VEHTYPE" speed="13.75" pos="155.30" lane="2/1to1/1_0" slope="0.00"/>
    </timestep>
    <timestep time="297.00">
        <vehicle id="0" x="148.42" y="201.65" angle="-90.00" type="DEFAULT_VEHTYPE" speed="12.76" pos="46.83" lane="1/1to0/1_0" slope="0.00"/>
        <vehicle id="1" x="289.31" y="401.65" angle="-90.00" type="DEFAULT_VEHTYPE" speed="12.89" pos="105.94" lane="2/2to1/2_0" slope="0.00"/>
        <vehicle id="10" x="13.71" y="198.35" angle="90.00" type="DEFAULT_VEHTYPE" speed="12.91" pos="13.71" lane="0/1to1/1_0" slope="0.00"/>
        <vehicle id="11" x="48.25" y="201.65" angle="-90.00" type="DEFAULT_VEHTYPE" speed="13.84" pos="147.00" lane="1/1to0/1_0" slope="0.00"/>
        <vehicle id="12" x="581.72" y="198.35" angle="90.00" type="DEFAULT_VEHTYPE" speed="9.55" pos="176.97" lane="2/1to3/1_0" slope="0.00"/>
        <vehicle id="13" x="401.65" y="59.44" angle="180.00" type="DEFAULT_VEHTYPE" speed="12.69" pos="59.44" lane="2/0to2/1_0" slope="0.00"/>
        <vehicle id="14" x="198.35" y="304.91" angle="0.00" type="DEFAULT_VEHTYPE" speed="12.98" pos="90.34" lane="1/2to1/1_0" slope="0.00"/>
        <vehicle id="4" x="398.35" y="137.51" angle="0.00" type="DEFAULT_VEHTYPE" speed="13.63" pos="57.74" lane="2/1to2/0_0" slope="0.00"/>
        <vehicle id="5" x="601.65" y="247.34" angle="180.00" type="DEFAULT_VEHTYPE" speed="13.79" pos="42.59" lane="3/1to3/2_0" slope="0.00"/>
        <vehicle id="7" x="401.65" y="12.18" angle="180.00" type="DEFAULT_VEHTYPE" speed="12.95" pos="12.18" lane="2/0to2/1_0" slope="0.00"/>
        <vehicle id="8" x="394.92" y="198.35" angle="90.00" type="DEFAULT_VEHTYPE" speed="5.55" pos="190.17" lane="1/1to2/1_0" slope="0.00"/>
        <vehicle id="9" x="226.73" y="201.65" angle="-90.00" type="DEFAULT_VEHTYPE" speed="13.22" pos="168.52" lane="2/1to1/1_0" slope="0.00"/>
    </timestep>
    <timestep time="298.00">
        <vehicle id="0" x="135.33" y="201.65" angle="-90.00" type="DEFAULT_VEHTYPE" speed="13.09" pos="59.92" lane="1/1to0/1_0" slope="0.00"/>
        <vehicle id="1" x="275.61" y="401.65" angle="-90.00" type="DEFAULT_VEHTYPE" speed="13.70" pos="119.64" lane="2/2to1/2_0" slope="0.00"/>
        <vehicle id="10" x="26.78" y="198.35" angle="90.00" type="DEFAULT_VEHTYPE" speed="13.07" pos="26.78" lane="0/1to1/1_0" slope="0.00"/>
        <vehicle id="11" x="35.31" y="201.65" angle="-90.00" type="DEFAULT_VEHTYPE" speed="12.94" pos="159.94" lane="1/1to0/1_0" slope="0.00"/>
        <vehicle id="12" x="587.91" y="198.35" angle="90.00" type="DEFAULT_VEHTYPE" speed="6.19" pos="183.16" lane="2/1to3/1_0" slope="0.00"/>
        <vehicle id="13" x="401.65" y="72.06" angle="180.00" type="DEFAULT_VEHTYPE" speed="12.62" pos="72.06" lane="2/0to2/1_0" slope="0.00"/>
        <vehicle id="14" x="198.35" y="291.90" angle="0.00" type="DEFAULT_VEHTYPE" speed="13.01" pos="103.35" lane="1/2to1/1_0" slope="0.00"/>
        <vehicle id="4" x="398.35" y="123.93" angle="0.00" type="DEFAULT_VEHTYPE" speed="13.58" pos="71.32" lane="2/1to2/0_0" slope="0.00"/>
        <vehicle id="5" x="601.65" y="260.81" angle="180.00" type="DEFAULT_VEHTYPE" speed="13.47" pos="56.06" lane="3/1to3/2_0" slope="0.00"/>
        <vehicle id="7" x="401.65" y="26.00" angle="180.00" type="DEFAULT_VEHTYPE" speed="13.82" pos="26.00" lane="2/0to2/1_0" slope="0.00"/>
        <vehicle id="8" x="402.97" y="198.35" angle="90.00" type="DEFAULT_VEHTYPE" speed="8.06" pos="7.72" lane=":2/1_13_0" slope="0.00"/>
        <vehicle id="9" x="217.94" y="201.65" angle="-90.00" type="DEFAULT_VEHTYPE" speed="8.79" pos="177.31" lane="2/1to1/1_0" slope="0.00"/>
    </timestep>
    <timestep time="299.00">
        <vehicle id="0" x="122.51" y="201.65" angle="-90.00" type="DEFAULT_VEHTYPE" speed="12.82" pos="72.74" lane="1/1to0/1_0" slope="0.00"/>
        <vehicle id="1" x="261.82" y="401.65" angle="-90.00" type="DEFAULT_VEHTYPE" speed="13.79" pos="133.43" lane="2/2to1/2_0" slope="0.00"/>
        <vehicle id="10" x="39.81" y="198.35" angle="90.00" type="DEFAULT_VEHTYPE" speed="13.03" pos="39.81" lane="0/1to1/1_0" slope="0.00"/>
        <vehicle id="11" x="21.59" y="201.65" angle="-90.00" type="DEFAULT_VEHTYPE" speed="13.72" pos="173.66" lane="1/1to0/1_0" slope="0.00"/>
        <vehicle id="12" x="590.86" y="198.35" angle="90.00" type="DEFAULT_VEHTYPE" speed="2.95" pos="186.11" lane="2/1to3/1_0" slope="0.00"/>
        <vehicle id="13" x="401.65" y="85.37" angle="180.00" type="DEFAULT_VEHTYPE" speed="13.32" pos="85.37" lane="2/0to2/1_0" slope="0.00"/>
        <vehicle id="14" x="198.35" y="278.11" angle="0.00" type="DEFAULT_VEHTYPE" speed="13.78" pos="117.14" lane="1/2to1/1_0" slope="0.00"/>
        <vehicle id="4" x="398.35" y="110.56" angle="0.00" type="DEFAULT_VEHTYPE" speed="13.37" pos="84.69" lane="2/1to2/0_0" slope="0.00"/>
        <vehicle id="5" x="601.65" y="274.05" angle="180.00" type="DEFAULT_VEHTYPE" speed="13.24" pos="69.30" lane="3/1to3/2_0" slope="0.00"/>
        <vehicle id="7" x="401.65" y="38.65" angle="180.00" type="DEFAULT_VEHTYPE" speed="12.65" pos="38.65" lane="2/0to2/1_0" slope="0.00"/>
        <vehicle id="8" x="413.01" y="198.35" angle="90.00" type="DEFAULT_VEHTYPE" speed="10.04" pos="8.26" lane="2/1to3/1_0" slope="0.00"/>
        <vehicle id="9" x="212.08" y="201.65" angle="-90.00" type="DEFAULT_VEHTYPE" speed="5.87" pos="183.17" lane="2/1to1/1_0" slope="0.00"/>
    </timestep>
    <timestep time="300.00">
        <vehicle id="0" x="109.75" y="201.65" angle="-90.00" type="DEFAULT_VEHTYPE" speed="12.75" pos="85.50" lane="1/1to0/1_0" slope="0.00"/>
        <vehicle id="1" x="249.19" y="401.65" angle="-90.00" type="DEFAULT_VEHTYPE" speed="12.63" pos="146.06" lane="2/2to1/2_0" slope="0.00"/>
        <vehicle id="10" x="53.18" y="198.35" angle="90.00" type="DEFAULT_VEHTYPE" speed="13.36" pos="53.18" lane="0/1to1/1_0" slope="0.00"/>
        <vehicle id="11" x="8.32" y="201.65" angle="-90.00" type="DEFAULT_VEHTYPE" speed="13.27" pos="186.93" lane="1/1to0/1_0" slope="0.00"/>
        <vehicle id="12" x="595.29" y="198.35" angle="90.00" type="DEFAULT_VEHTYPE" speed="4.43" pos="0.04" lane=":3/1_13_0" slope="0.00"/>
        <vehicle id="13" x="401.65" y="98.06" angle="180.00" type="DEFAULT_VEHTYPE" speed="12.69" pos="98.06" lane="2/0to2/1_0" slope="0.00"/>
        <vehicle id="14" x="198.35" y="264.29" angle="0.00" type="DEFAULT_VEHTYPE" speed="13.82" pos="130.96" lane="1/2to1/1_0" slope="0.00"/>
        <vehicle id="4" x="398.35" y="97.85" angle="0.00" type="DEFAULT_VEHTYPE" speed="12.72" pos="97.40" lane="2/1to2/0_0" slope="0.00"/>
        <vehicle id="5" x="601.65" y="287.91" angle="180.00" type="DEFAULT_VEHTYPE" speed="13.86" pos="83.16" lane="3/1to3/2_0" slope="0.00"/>
        <vehicle id="7" x="401.65" y="51.80" angle="180.00" type="DEFAULT_VEHTYPE" speed="13.15" pos="51.80" lane="2/0to2/1_0" slope="0.00"/>
        <vehicle id="8" x="424.83" y="198.35" angle="90.00" type="DEFAULT_VEHTYPE" speed="11.81" pos="20.08" lane="2/1to3/1_0" slope="0.00"/>
        <vehicle id="9" x="209.03" y="201.65" angle="-90.00" type="DEFAULT_VEHTYPE" speed="3.04" pos="186.22" lane="2/1to1/1_0" slope="0.00"/>
    </timestep>
    <timestep time="301.00">
        <vehicle id="0" x="96.23" y="201.65" angle="-90.00" type="DEFAULT_VEHTYPE" speed="13.53" pos="99.02" lane="1/1to0/1_0" slope="0.00"/>
        <vehicle id="1" x="235.30" y="401.65" angle="-90.00" type="DEFAULT_VEHTYPE" speed="13.90" pos="159.95" lane="2/2to1/2_0" slope="0.00"/>
        <vehicle id="10" x="66.33" y="198.35" angle="90.00" type="DEFAULT_VEHTYPE" speed="13.15" pos="66.33" lane="0/1to1/1_0" slope="0.00"/>
        <vehicle id="11" x="-0.21" y="198.49" angle="-11.46" type="DEFAULT_VEHTYPE" speed="12.89" pos="4.57" lane=":0/1_0_0" slope="0.00"/>
        <vehicle id="12" x="602.20" y="198.35" angle="90.00" type="DEFAULT_VEHTYPE" speed="6.91" pos="6.95" lane=":3/1_13_0" slope="0.00"/>
        <vehicle id="13" x="401.65" y="111.68" angle="180.00" type="DEFAULT_VEHTYPE" speed="13.62" pos="111.68" lane="2/0to2/1_0" slope="0.00"/>
        <vehicle id="14" x="198.35" y="251.41" angle="0.00" type="DEFAULT_VEHTYPE" speed="12.88" pos="143.84" lane="1/2to1/1_0" slope="0.00"/>
        <vehicle id="4" x="398.35" y="84.01" angle="0.00" type="DEFAULT_VEHTYPE" speed="13.84" pos="111.24" lane="2/1to2/0_0" slope="0.00"/>
        <vehicle id="5" x="601.65" y="301.46" angle="180.00" type="DEFAULT_VEHTYPE" speed="13.55" pos="96.71" lane="3/1to3/2_0" slope="0.00"/>
        <vehicle id="7" x="401.65" y="64.61" angle="180.00" type="DEFAULT_VEHTYPE" speed="12.81" pos="64.61" lane="2/0to2/1_0" slope="0.00"/>
        <vehicle id="8" x="438.30" y="198.35" angle="90.00" type="DEFAULT_VEHTYPE" speed="13.47" pos="33.55" lane="2/1to3/1_0" slope="0.00"/>
        <vehicle id="9" x="204.57" y="201.68" angle="-90.29" type="DEFAULT_VEHTYPE" speed="4.47" pos="0.18" lane=":1/1_4_0" slope="0.00"/>
    </timestep>
    <timestep time="302.00">
        <vehicle id="0" x="82.98" y="201.65" angle="-90.00" type="DEFAULT_VEHTYPE" speed="13.25" pos="112.27" lane="1/1to0/1_0" slope="0.00"/>
        <vehicle id="1" x="224.45" y="401.65" angle="-90.00" type="DEFAULT_VEHTYPE" speed="10.84" pos="170.80" lane="2/2to1/2_0" slope="0.00"/>
        <vehicle id="10" x="79.09" y="198.35" angle="90.00" type="DEFAULT_VEHTYPE" speed="12.76" pos="79.09" lane="0/1to1/1_0" slope="0.00"/>
        <vehicle id="11" x="12.61" y="198.35" angle="90.00" type="DEFAULT_VEHTYPE" speed="12.86" pos="12.61" lane="0/1to1/1_0" slope="0.00"/>
        <vehicle id="12" x="611.62" y="198.35" angle="90.00" type="DEFAULT_VEHTYPE" speed="9.42" pos="6.87" lane="3/1to4/1_0" slope="0.00"/>
        <vehicle id="13" x="401.65" y="125.28" angle="180.00" type="DEFAULT_VEHTYPE" speed="13.60" pos="125.28" lane="2/0to2/1_0" slope="0.00"/>
        <vehicle id="14" x="198.35" y="237.69" angle="0.00" type="DEFAULT_VEHTYPE" speed="13.73" pos="157.56" lane="1/2to1/1_0" slope="0.00"/>
        <vehicle id="4" x="398.35" y="70.15" angle="0.00" type="DEFAULT_VEHTYPE" speed="13.86" pos="125.10" lane="2/1to2/0_0" slope="0.00"/>
        <vehicle id="5" x="601.65" y="314.91" angle="180.00" type="DEFAULT_VEHTYPE" speed="13.45" pos="110.16" lane="3/1to3/2_0" slope="0.00"/>
        <vehicle id="7" x="401.65" y="77.72" angle="180.00" type="DEFAULT_VEHTYPE" speed="13.11" pos="77.72" lane="2/0to2/1_0" slope="0.00"/>
        <vehicle id="8" x="451.53" y="198.35" angle="90.00" type="DEFAULT_VEHTYPE" speed="13.24" pos="46.78" lane="2/1to3/1_0" slope="0.00"/>
        <vehicle id="9" x="201.65" y="206.00" angle="-156.03" type="DEFAULT_VEHTYPE" speed="6.07" pos="1.25" lane="1/1to1/2_0" slope="0.00"/>
    </timestep>
    <timestep time="303.00">
        <vehicle id="0" x="69.39" y="201.65" angle="-90.00" type="DEFAULT_VEHTYPE" speed="13.59" pos="125.86" lane="1/1to0/1_0" slope="0.00"/>
        <vehicle id="1" x="216.16" y="401.65" angle="-90.00" type="DEFAULT_VEHTYPE" speed="8.29" pos="179.09" lane="2/2to1/2_0" slope="0.00"/>
        <vehicle id="10" x="92.85" y="198.35" angle="90.00" type="DEFAULT_VEHTYPE" speed="13.76" pos="92.85" lane="0/1to1/1_0" slope="0.00"/>
        <vehicle id="11" x="26.34" y="198.35" angle="90.00" type="DEFAULT_VEHTYPE" speed="13.73" pos="26.34" lane="0/1to1/1_0" slope="0.00"/>
        <vehicle id="12" x="622.37" y="198.35" angle="90.00" type="DEFAULT_VEHTYPE" speed="10.75" pos="17.62" lane="3/1to4/1_0" slope="0.00"/>
        <vehicle id="13" x="401.65" y="138.12" angle="180.00" type="DEFAULT_VEHTYPE" speed="12.83" pos="138.12" lane="2/0to2/1_0" slope="0.00"/>
        <vehicle id="14" x="198.35" y="225.04" angle="0.00" type="DEFAULT_VEHTYPE" speed="12.65" pos="170.21" lane="1/2to1/1_0" slope="0.00"/>
        <vehicle id="4" x="398.35" y="56.55" angle="0.00" type="DEFAULT_VEHTYPE" speed="13.59" pos="138.70" lane="2/1to2/0_0" slope="0.00"/>
        <vehicle id="5" x="601.65" y="328.67" angle="180.00" type="DEFAULT_VEHTYPE" speed="13.76" pos="123.92" lane="3/1to3/2_0" slope="0.00"/>
        <vehicle id="7" x="401.65" y="91.55" angle="180.00" type="DEFAULT_VEHTYPE" speed="13.83" pos="91.55" lane="2/0to2/1_0" slope="0.00"/>
        <vehicle id="8" x="464.88" y="198.35" angle="90.00" type="DEFAULT_VEHTYPE" speed="13.35" pos="60.13" lane="2/1to3/1_0" slope="0.00"/>
        <vehicle id="9" x="201.65" y="213.44" angle="180.00" type="DEFAULT_VEHTYPE" speed="7.43" pos="8.69" lane="1/1to1/2_0" slope="0.00"/>
    </timestep>
    <timestep time="304.00">
        <vehicle id="0" x="55.97" y="201.65" angle="-90.00" type="DEFAULT_VEHTYPE" speed="13.41" pos="139.28" lane="1/1to0/1_0" slope="0.00"/>
        <vehicle id="1" x="211.18" y="401.65" angle="-90.00" type="DEFAULT_VEHTYPE" speed="4.98" pos="184.07" lane="2/2to1/2_0" slope="0.00"/>
        <vehicle id="10" x="105.75" y="198.35" angle="90.00" type="DEFAULT_VEHTYPE" speed="12.90" pos="105.75" lane="0/1to1/1_0" slope="0.00"/>
        <vehicle id="11" x="40.12" y="198.35" angle="90.00" type="DEFAULT_VEHTYPE" speed="13.77" pos="40.12" lane="0/1to1/1_0" slope="0.00"/>
        <vehicle id="12" x="635.56" y="198.35" angle="90.00" type="DEFAULT_VEHTYPE" speed="13.19" pos="30.81" lane="3/1to4/1_0" slope="0.00"/>
        <vehicle id="13" x="401.65" y="151.74" angle="180.00" type="DEFAULT_VEHTYPE" speed="13.62" pos="151.74" lane="2/0to2/1_0" slope="0.00"/>
        <vehicle id="14" x="198.35" y="211.25" angle="0.00" type="DEFAULT_VEHTYPE" speed="13.79" pos="184.00" lane="1/2to1/1_0" slope="0.00"/>
        <vehicle id="4" x="398.35" y="42.70" angle="0.00" type="DEFAULT_VEHTYPE" speed="13.85" pos="152.55" lane="2/1to2/0_0" slope="0.00"/>
        <vehicle id="5" x="601.65" y="341.99" angle="180.00" type="DEFAULT_VEHTYPE" speed="13.33" pos="137.24" lane="3/1to3/2_0" slope="0.00"/>
        <vehicle id="7" x="401.65" y="104.73" angle="180.00" type="DEFAULT_VEHTYPE" speed="13.18" pos="104.73" lane="2/0to2/1_0" slope="0.00"/>
        <vehicle id="8" x="477.62" y="198.35" angle="90.00" type="DEFAULT_VEHTYPE" speed="12.74" pos="72.87" lane="2/1to3/1_0" slope="0.00"/>
        <vehicle id="9" x="201.65" y="222.99" angle="180.00" type="DEFAULT_VEHTYPE" speed="9.56" pos="18.24" lane="1/1to1/2_0" slope="0.00"/>
    </timestep>
    <timestep time="305.00">
        <vehicle id="0" x="43.05" y="201.65" angle="-90.00" type="DEFAULT_VEHTYPE" speed="12.92" pos="152.20" lane="1/1to0/1_0" slope="0.00"/>
        <vehicle id="1" x="204.20" y="401.57" angle="-89.10" type="DEFAULT_VEHTYPE" speed="6.99" pos="0.56" lane=":1/2_6_0" slope="0.00"/>
        <vehicle id="10" x="119.53" y="198.35" angle="90.00" type="DEFAULT_VEHTYPE" speed="13.79" pos="119.53" lane="0/1to1/1_0" slope="0.00"/>
        <vehicle id="11" x="53.92" y="198.35" angle="90.00" type="DEFAULT_VEHTYPE" speed="13.80" pos="53.92" lane="0/1to1/1_0" slope="0.00"/>
        <vehicle id="12" x="648.74" y="198.35" angle="90.00" type="DEFAULT_VEHTYPE" speed="13.18" pos="43.99" lane="3/1to4/1_0" slope="0.00"/>
        <vehicle id="13" x="401.65" y="164.47" angle="180.00" type="DEFAULT_VEHTYPE" speed="12.73" pos="164.47" lane="2/0to2/1_0" slope="0.00"/>
        <vehicle id="14" x="194.15" y="201.65" angle="-63.57" type="DEFAULT_VEHTYPE" speed="12.60" pos="1.10" lane="1/1to0/1_0" slope="0.00"/>
        <vehicle id="4" x="398.35" y="29.47" angle="0.00" type="DEFAULT_VEHTYPE" speed="13.24" pos="165.78" lane="2/1to2/0_0" slope="0.00"/>
        <vehicle id="5" x="601.65" y="355.78" angle="180.00" type="DEFAULT_VEHTYPE" speed="13.79" pos="151.03" lane="3/1to3/2_0" slope="0.00"/>
        <vehicle id="7" x="401.65" y="117.84" angle="180.00" type="DEFAULT_VEHTYPE" speed="13.11" pos="117.84" lane="2/0to2/1_0" slope="0.00"/>
        <vehicle id="8" x="490.71" y="198.35" angle="90.00" type="DEFAULT_VEHTYPE" speed="13.09" pos="85.96" lane="2/1to3/1_0" slope="0.00"/>
        <vehicle id="9" x="201.65" y="233.85" angle="180.00" type="DEFAULT_VEHTYPE" speed="10.86" pos="29.10" lane="1/1to1/2_0" slope="0.00"/>
    </timestep>
    <timestep time="306.00">
        <vehicle id="0" x="30.29" y="201.65" angle="-90.00" type="DEFAULT_VEHTYPE" speed="12.77" pos="164.96" lane="1/1to0/1_0" slope="0.00"/>
        <vehicle id="1" x="198.43" y="395.84" angle="-23.12" type="DEFAULT_VEHTYPE" speed="9.16" pos="9.72" lane=":1/2_6_0" slope="0.00"/>
        <vehicle id="10" x="132.46" y="198.35" angle="90.00" type="DEFAULT_VEHTYPE" speed="12.92" pos="132.46" lane="0/1to1/1_0" slope="0.00"/>
        <vehicle id="11" x="67.23" y="198.35" angle="90.00" type="DEFAULT_VEHTYPE" speed="13.32" pos="67.23" lane="0/1to1/1_0" slope="0.00"/>
        <vehicle id="12" x="661.61" y="198.35" angle="90.00" type="DEFAULT_VEHTYPE" speed="12.86" pos="56.86" lane="3/1to4/1_0" slope="0.00"/>
        <vehicle id="13" x="401.65" y="177.48" angle="180.00" type="DEFAULT_VEHTYPE" speed="13.02" pos="177.48" lane="2/0to2/1_0" slope="0.00"/>
        <vehicle id="14" x="181.10" y="201.65" angle="-90.00" type="DEFAULT_VEHTYPE" speed="13.05" pos="14.15" lane="1/1to0/1_0" slope="0.00"/>
        <vehicle id="4" x="398.35" y="16.07" angle="0.00" type="DEFAULT_VEHTYPE" speed="13.40" pos="179.18" lane="2/1to2/0_0" slope="0.00"/>
        <vehicle id="5" x="601.65" y="368.92" angle="180.00" type="DEFAULT_VEHTYPE" speed="13.14" pos="164.17" lane="3/1to3/2_0" slope="0.00"/>
        <vehicle id="7" x="401.65" y="130.92" angle="180.00" type="DEFAULT_VEHTYPE" speed="13.08" pos="130.92" lane="2/0to2/1_0" slope="0.00"/>
        <vehicle id="8" x="504.45" y="198.35" angle="90.00" type="DEFAULT_VEHTYPE" speed="13.74" pos="99.70" lane="2/1to3/1_0" slope="0.00"/>
        <vehicle id="9" x="201.65" y="246.77" angle="180.00" type="DEFAULT_VEHTYPE" speed="12.92" pos="42.02" lane="1/1to1/2_0" slope="0.00"/>
    </timestep>
    <timestep time="307.00">
        <vehicle id="0" x="17.17" y="201.65" angle="-90.00" type="DEFAULT_VEHTYPE" speed="13.12" pos="178.08" lane="1/1to0/1_0" slope="0.00"/>
        <vehicle id="1" x="198.35" y="384.96" angle="0.00" type="DEFAULT_VEHTYPE" speed="10.89" pos="10.29" lane="1/2to1/1_0" slope="0.00"/>
        <vehicle id="10" x="145.84" y="198.35" angle="90.00" type="DEFAULT_VEHTYPE" speed="13.38" pos="145.84" lane="0/1to1/1_0" slope="0.00"/>
        <vehicle id="11" x="80.97" y="198.35" angle="90.00" type="DEFAULT_VEHTYPE" speed="13.73" pos="80.97" lane="0/1to1/1_0" slope="0.00"/>
        <vehicle id="12" x="674.55" y="198.35" angle="90.00" type="DEFAULT_VEHTYPE" speed="12.94" pos="69.80" lane="3/1to4/1_0" slope="0.00"/>
        <vehicle id="13" x="401.65" y="191.27" angle="180.00" type="DEFAULT_VEHTYPE" speed="13.79" pos="191.27" lane="2/0to2/1_0" slope="0.00"/>
        <vehicle id="14" x="167.98" y="201.65" angle="-90.00" type="DEFAULT_VEHTYPE" speed="13.11" pos="27.27" lane="1/1to0/1_0" slope="0.00"/>
        <vehicle id="4" x="398.35" y="2.52" angle="0.00" type="DEFAULT_VEHTYPE" speed="13.55" pos="192.73" lane="2/1to2/0_0" slope="0.00"/>
        <vehicle id="5" x="601.65" y="378.69" angle="180.00" type="DEFAULT_VEHTYPE" speed="9.77" pos="173.94" lane="3/1to3/2_0" slope="0.00"/>
        <vehicle id="7" x="401.65" y="144.62" angle="180.00" type="DEFAULT_VEHTYPE" speed="13.70" pos="144.62" lane="2/0to2/1_0" slope="0.00"/>
        <vehicle id="8" x="517.29" y="198.35" angle="90.00" type="DEFAULT_VEHTYPE" speed="12.84" pos="112.54" lane="2/1to3/1_0" slope="0.00"/>
        <vehicle id="9" x="201.65" y="260.11" angle="180.00" type="DEFAULT_VEHTYPE" speed="13.33" pos="55.36" lane="1/1to1/2_0" slope="0.00"/>
    </timestep>
    <timestep time="308.00">
        <vehicle id="0" x="4.49" y="201.65" angle="-90.00" type="DEFAULT_VEHTYPE" speed="12.68" pos="190.76" lane="1/1to0/1_0" slope="0.00"/>
        <vehicle id="1" x="198.35" y="372.63" angle="0.00" type="DEFAULT_VEHTYPE" speed="12.33" pos="22.62" lane="1/2to1/1_0" slope="0.00"/>
        <vehicle id="10" x="159.04" y="198.35" angle="90.00" type="DEFAULT_VEHTYPE" speed="13.20" pos="159.04" lane="0/1to1/1_0" slope="0.00"/>
        <vehicle id="11" x="94.58" y="198.35" angle="90.00" type="DEFAULT_VEHTYPE" speed="13.61" pos="94.58" lane="0/1to1/1_0" slope="0.00"/>
        <vehicle id="12" x="687.84" y="198.35" angle="90.00" type="DEFAULT_VEHTYPE" speed="13.29" pos="83.09" lane="3/1to4/1_0" slope="0.00"/>
        <vehicle id="13" x="408.44" y="198.35" angle="92.09" type="DEFAULT_VEHTYPE" speed="12.66" pos="3.69" lane="2/1to3/1_0" slope="0.00"/>
        <vehicle id="14" x="155.06" y="201.65" angle="-90.00" type="DEFAULT_VEHTYPE" speed="12.92" pos="40.19" lane="1/1to0/1_0" slope="0.00"/>
        <vehicle id="4" x="401.65" y="6.09" angle="180.00" type="DEFAULT_VEHTYPE" speed="13.43" pos="6.09" lane="2/0to2/1_0" slope="0.00"/>
        <vehicle id="5" x="601.65" y="385.96" angle="180.00" type="DEFAULT_VEHTYPE" speed="7.26" pos="181.21" lane="3/1to3/2_0" slope="0.00"/>
        <vehicle id="7" x="401.65" y="158.21" angle="180.00" type="DEFAULT_VEHTYPE" speed="13.59" pos="158.21" lane="2/0to2/1_0" slope="0.00"/>
        <vehicle id="8" x="530.63" y="198.35" angle="90.00" type="DEFAULT_VEHTYPE" speed="13.34" pos="125.88" lane="2/1to3/1_0" slope="0.00"/>
        <vehicle id="9" x="201.65" y="273.44" angle="180.00" type="DEFAULT_VEHTYPE" speed="13.33" pos="68.69" lane="1/1to1/2_0" slope="0.00"/>
    </timestep>
    <timestep time="309.00">
        <vehicle id="0" x="3.35" y="198.35" angle="78.25" type="DEFAULT_VEHTYPE" speed="12.66" pos="3.35" lane="0/1to1/1_0" slope="0.00"/>
        <vehicle id="1" x="198.35" y="358.83" angle="0.00" type="DEFAULT_VEHTYPE" speed="13.79" pos="36.42" lane="1/2to1/1_0" slope="0.00"/>
        <vehicle id="10" x="171.75" y="198.35" angle="90.00" type="DEFAULT_VEHTYPE" speed="12.70" pos="171.75" lane="0/1to1/1_0" slope="0.00"/>
        <vehicle id="11" x="107.58" y="198.35" angle="90.00" type="DEFAULT_VEHTYPE" speed="13.00" pos="107.58" lane="0/1to1/1_0" slope="0.00"/>
        <vehicle id="12" x="701.29" y="198.35" angle="90.00" type="DEFAULT_VEHTYPE" speed="13.45" pos="96.54" lane="3/1to4/1_0" slope="0.00"/>
        <vehicle id="13" x="421.35" y="198.35" angle="90.00" type="DEFAULT_VEHTYPE" speed="12.92" pos="16.60" lane="2/1to3/1_0" slope="0.00"/>
        <vehicle id="14" x="141.99" y="201.65" angle="-90.00" type="DEFAULT_VEHTYPE" speed="13.07" pos="53.26" lane="1/1to0/1_0" slope="0.00"/>
        <vehicle id="4" x="401.65" y="19.37" angle="180.00" type="DEFAULT_VEHTYPE" speed="13.28" pos="19.37" lane="2/0to2/1_0" slope="0.00"/>
        <vehicle id="5" x="601.65" y="389.44" angle="180.00" type="DEFAULT_VEHTYPE" speed="3.49" pos="184.69" lane="3/1to3/2_0" slope="0.00"/>
        <vehicle id="7" x="401.65" y="170.94" angle="180.00" type="DEFAULT_VEHTYPE" speed="12.73" pos="170.94" lane="2/0to2/1_0" slope="0.00"/>
        <vehicle id="8" x="544.18" y="198.35" angle="90.00" type="DEFAULT_VEHTYPE" speed="13.55" pos="139.43" lane="2/1to3/1_0" slope="0.00"/>
        <vehicle id="9" x="201.65" y="286.48" angle="180.00" type="DEFAULT_VEHTYPE" speed="13.04" pos="81.73" lane="1/1to1/2_0" slope="0.00"/>
    </timestep>
    <timestep time="310.00">
        <vehicle id="0" x="16.17" y="198.35" angle="90.00" type="DEFAULT_VEHTYPE" speed="12.81" pos="16.17" lane="0/1to1/1_0" slope="0.00"/>
        <vehicle id="1" x="198.35" y="346.20" angle="0.00" type="DEFAULT_VEHTYPE" speed="12.63" pos="49.05" lane="1/2to1/1_0" slope="0.00"/>
        <vehicle id="10" x="181.55" y="198.35" angle="90.00" type="DEFAULT_VEHTYPE" speed="9.80" pos="181.55" lane="0/1to1/1_0" slope="0.00"/>
        <vehicle id="11" x="120.64" y="198.35" angle="90.00" type="DEFAULT_VEHTYPE" speed="13.07" pos="120.64" lane="0/1to1/1_0" slope="0.00"/>
        <vehicle id="12" x="715.18" y="198.35" angle="90.00" type="DEFAULT_VEHTYPE" speed="13.89" pos="110.43" lane="3/1to4/1_0" slope="0.00"/>
        <vehicle id="13" x="434.84" y="198.35" angle="90.00" type="DEFAULT_VEHTYPE" speed="13.49" pos="30.09" lane="2/1to3/1_0" slope="0.00"/>
        <vehicle id="14" x="128.35" y="201.65" angle="-90.00" type="DEFAULT_VEHTYPE" speed="13.64" pos="66.90" lane="1/1to0/1_0" slope="0.00"/>
        <vehicle id="4" x="401.65" y="32.82" angle="180.00" type="DEFAULT_VEHTYPE" speed="13.45" pos="32.82" lane="2/0to2/1_0" slope="0.00"/>
        <vehicle id="5" x="601.65" y="394.85" angle="180.00" type="DEFAULT_VEHTYPE" speed="5.41" pos="190.10" lane="3/1to3/2_0" slope="0.00"/>
        <vehicle id="7" x="401.65" y="184.72" angle="180.00" type="DEFAULT_VEHTYPE" speed="13.78" pos="184.72" lane="2/0to2/1_0" slope="0.00"/>
        <vehicle id="8" x="557.21" y="198.35" angle="90.00" type="DEFAULT_VEHTYPE" speed="13.03" pos="152.46" lane="2/1to3/1_0" slope="0.00"/>
        <vehicle id="9" x="201.65" y="299.48" angle="180.00" type="DEFAULT_VEHTYPE" speed="13.00" pos="94.73" lane="1/1to1/2_0" slope="0.00"/>
    </timestep>
    <timestep time="311.00">
        <vehicle id="0" x="28.95" y="198.35" angle="90.00" type="DEFAULT_VEHTYPE" speed="12.79" pos="28.95" lane="0/1to1/1_0" slope="0.00"/>
        <vehicle id="1" x="198.35" y="333.55" angle="0.00" type="DEFAULT_VEHTYPE" speed="12.65" pos="61.70" lane="1/2to1/1_0" slope="0.00"/>
        <vehicle id="10" x="187.58" y="198.35" angle="90.00" type="DEFAULT_VEHTYPE" speed="6.03" pos="187.58" lane="0/1to1/1_0" slope="0.00"/>
        <vehicle id="11" x="134.11" y="198.35" angle="90.00" type="DEFAULT_VEHTYPE" speed="13.46" pos="134.11" lane="0/1to1/1_0" slope="0.00"/>
        <vehicle id="12" x="728.00" y="198.35" angle="90.00" type="DEFAULT_VEHTYPE" speed="12.82" pos="123.25" lane="3/1to4/1_0" slope="0.00"/>
        <vehicle id="13" x="448.12" y="198.35" angle="90.00" type="DEFAULT_VEHTYPE" speed="13.28" pos="43.37" lane="2/1to3/1_0" slope="0.00"/>
        <vehicle id="14" x="115.45" y="201.65" angle="-90.00" type="DEFAULT_VEHTYPE" speed="12.91" pos="79.80" lane="1/1to0/1_0" slope="0.00"/>
        <vehicle id="4" x="401.65" y="45.48" angle="180.00" type="DEFAULT_VEHTYPE" speed="12.66" pos="45.48" lane="2/0to2/1_0" slope="0.00"/>
        <vehicle id="5" x="598.24" y="401.13" angle="-139.74" type="DEFAULT_VEHTYPE" speed="7.67" pos="0.12" lane=":3/2_18_0" slope="0.00"/>
        <vehicle id="7" x="402.69" y="197.74" angle="167.52" type="DEFAULT_VEHTYPE" speed="13.34" pos="2.81" lane=":2/1_8_0" slope="0.00"/>
        <vehicle id="8" x="569.94" y="198.35" angle="90.00" type="DEFAULT_VEHTYPE" speed="12.73" pos="165.19" lane="2/1to3/1_0" slope="0.00"/>
        <vehicle id="9" x="201.65" y="313.22" angle="180.00" type="DEFAULT_VEHTYPE" speed="13.74" pos="108.47" lane="1/1to1/2_0" slope="0.00"/>
    </timestep>
    <timestep time="312.00">
        <vehicle id="0" x="42.28" y="198.35" angle="90.00" type="DEFAULT_VEHTYPE" speed="13.33" pos="42.28" lane="0/1to1/1_0" slope="0.00"/>
        <vehicle id="1" x="198.35" y="319.66" angle="0.00" type="DEFAULT_VEHTYPE" speed="13.89" pos="75.59" lane="1/2to1/1_0" slope="0.00"/>
        <vehicle id="10" x="190.07" y="198.35" angle="90.00" type="DEFAULT_VEHTYPE" speed="2.49" pos="190.07" lane="0/1to1/1_0" slope="0.00"/>
        <vehicle id="11" x="147.57" y="198.35" angle="90.00" type="DEFAULT_VEHTYPE" speed="13.46" pos="147.57" lane="0/1to1/1_0" slope="0.00"/>
        <vehicle id="12" x="741.33" y="198.35" angle="90.00" type="DEFAULT_VEHTYPE" speed="13.33" pos="136.58" lane="3/1to4/1_0" slope="0.00"/>
        <vehicle id="13" x="461.93" y="198.35" angle="90.00" type="DEFAULT_VEHTYPE" speed="13.81" pos="57.18" lane="2/1to3/1_0" slope="0.00"/>
        <vehicle id="14" x="101.65" y="201.65" angle="-90.00" type="DEFAULT_VEHTYPE" speed="13.79" pos="93.60" lane="1/1to0/1_0" slope="0.00"/>
        <vehicle id="4" x="401.65" y="59.06" angle="180.00" type="DEFAULT_VEHTYPE" speed="13.58" pos="59.06" lane="2/0to2/1_0" slope="0.00"/>
        <vehicle id="5" x="588.79" y="401.65" angle="-90.00" type="DEFAULT_VEHTYPE" speed="9.52" pos="6.46" lane="3/2to2/2_0" slope="0.00"/>
        <vehicle id="7" x="416.25" y="198.35" angle="90.00" type="DEFAULT_VEHTYPE" speed="13.69" pos="11.50" lane="2/1to3/1_0" slope="0.00"/>
        <vehicle id="8" x="579.26" y="198.35" angle="90.00" type="DEFAULT_VEHTYPE" speed="9.32" pos="174.51" lane="2/1to3/1_0" slope="0.00"/>
        <vehicle id="9" x="201.65" y="326.19" angle="180.00" type="DEFAULT_VEHTYPE" speed="12.98" pos="121.44" lane="1/1to1/2_0" slope="0.00"/>
    </timestep>
    <timestep time="313.00">
        <vehicle id="0" x="55.19" y="198.35" angle="90.00" type="DEFAULT_VEHTYPE" speed="12.91" pos="55.19" lane="0/1to1/1_0" slope="0.00"/>
        <vehicle id="1" x="198.35" y="306.40" angle="0.00" type="DEFAULT_VEHTYPE" speed="13.26" pos="88.85" lane="1/2to1/1_0" slope="0.00"/>
        <vehicle id="10" x="195.09" y="198.35" angle="90.00" type="DEFAULT_VEHTYPE" speed="5.02" pos="195.09" lane="0/1to1/1_0" slope="0.00"/>
        <vehicle id="11" x="160.44" y="198.35" angle="90.00" type="DEFAULT_VEHTYPE" speed="12.87" pos="160.44" lane="0/1to1/1_0" slope="0.00"/>
        <vehicle id="12" x="754.71" y="198.35" angle="90.00" type="DEFAULT_VEHTYPE" speed="13.38" pos="149.96" lane="3/1to4/1_0" slope="0.00"/>
        <vehicle id="13" x="475.43" y="198.35" angle="90.00" type="DEFAULT_VEHTYPE" speed="13.50" pos="70.68" lane="2/1to3/1_0" slope="0.00"/>
        <vehicle id="14" x="87.84" y="201.65" angle="-90.00" type="DEFAULT_VEHTYPE" speed="13.82" pos="107.41" lane="1/1to0/1_0" slope="0.00"/>
        <vehicle id="4" x="401.65" y="72.69" angle="180.00" type="DEFAULT_VEHTYPE" speed="13.63" pos="72.69" lane="2/0to2/1_0" slope="0.00"/>
        <vehicle id="5" x="577.46" y="401.65" angle="-90.00" type="DEFAULT_VEHTYPE" speed="11.32" pos="17.79" lane="3/2to2/2_0" slope="0.00"/>
        <vehicle id="7" x="429.55" y="198.35" angle="90.00" type="DEFAULT_VEHTYPE" speed="13.30" pos="24.80" lane="2/1to3/1_0" slope="0.00"/>
        <vehicle id="8" x="585.53" y="198.35" angle="90.00" type="DEFAULT_VEHTYPE" speed="6.27" pos="180.78" lane="2/1to3/1_0" slope="0.00"/>
        <vehicle id="9" x="201.65" y="339.66" angle="180.00" type="DEFAULT_VEHTYPE" speed="13.46" pos="134.91" lane="1/1to1/2_0" slope="0.00"/>
    </timestep>
    <timestep time="314.00">
        <vehicle id="0" x="67.81" y="198.35" angle="90.00" type="DEFAULT_VEHTYPE" speed="12.62" pos="67.81" lane="0/1to1/1_0" slope="0.00"/>
        <vehicle id="1" x="198.35" y="293.65" angle="0.00" type="DEFAULT_VEHTYPE" speed="12.75" pos="101.60" lane="1/2to1/1_0" slope="0.00"/>
        <vehicle id="10" x="198.35" y="193.20" angle="14.10" type="DEFAULT_VEHTYPE" speed="7.21" pos="2.05" lane="1/1to1/0_0" slope="0.00"/>
        <vehicle id="11" x="172.45" y="198.35" angle="90.00" type="DEFAULT_VEHTYPE" speed="12.00" pos="172.45" lane="0/1to1/1_0" slope="0.00"/>
        <vehicle id="12" x="767.33" y="198.35" angle="90.00" type="DEFAULT_VEHTYPE" speed="12.62" pos="162.58" lane="3/1to4/1_0" slope="0.00"/>
        <vehicle id="13" x="489.24" y="198.35" angle="90.00" type="DEFAULT_VEHTYPE" speed="13.81" pos="84.49" lane="2/1to3/1_0" slope="0.00"/>
        <vehicle id="14" x="75.23" y="201.65" angle="-90.00" type="DEFAULT_VEHTYPE" speed="12.61" pos="120.02" lane="1/1to0/1_0" slope="0.00"/>
        <vehicle id="4" x="401.65" y="85.36" angle="180.00" type="DEFAULT_VEHTYPE" speed="12.67" pos="85.36" lane="2/0to2/1_0" slope="0.00"/>
        <vehicle id="5" x="564.13" y="401.65" angle="-90.00" type="DEFAULT_VEHTYPE" speed="13.33" pos="31.12" lane="3/2to2/2_0" slope="0.00"/>
        <vehicle id="7" x="443.35" y="198.35" angle="90.00" type="DEFAULT_VEHTYPE" speed="13.80" pos="38.60" lane="2/1to3/1_0" slope="0.00"/>
        <vehicle id="8" x="589.75" y="198.35" angle="90.00" type="DEFAULT_VEHTYPE" speed="4.21" pos="185.00" lane="2/1to3/1_0" slope="0.00"/>
        <vehicle id="9" x="201.65" y="353.02" angle="180.00" type="DEFAULT_VEHTYPE" speed="13.36" pos="148.27" lane="1/1to1/2_0" slope="0.00"/>
    </timestep>
    <timestep time="315.00">
        <vehicle id="0" x="80.52" y="198.35" angle="90.00" type="DEFAULT_VEHTYPE" speed="12.70" pos="80.52" lane="0/1to1/1_0" slope="0.00"/>
        <vehicle id="1" x="198.35" y="280.85" angle="0.00" type="DEFAULT_VEHTYPE" speed="12.81" pos="114.40" lane="1/2to1/1_0" slope="0.00"/>
        <vehicle id="10" x="198.35" y="184.22" angle="0.00" type="DEFAULT_VEHTYPE" speed="8.97" pos="11.03" lane="1/1to1/0_0" slope="0.00"/>
        <vehicle id="11" x="181.19" y="198.35" angle="90.00" type="DEFAULT_VEHTYPE" speed="8.75" pos="181.19" lane="0/1to1/1_0" slope="0.00"/>
        <vehicle id="12" x="780.30" y="198.35" angle="90.00" type="DEFAULT_VEHTYPE" speed="12.97" pos="175.55" lane="3/1to4/1_0" slope="0.00"/>
        <vehicle id="13" x="502.10" y="198.35" angle="90.00" type="DEFAULT_VEHTYPE" speed="12.86" pos="97.35" lane="2/1to3/1_0" slope="0.00"/>
        <vehicle id="14" x="61.48" y="201.65" angle="-90.00" type="DEFAULT_VEHTYPE" speed="13.75" pos="133.77" lane="1/1to0/1_0" slope="0.00"/>
        <vehicle id="4" x="401.65" y="98.87" angle="180.00" type="DEFAULT_VEHTYPE" speed="13.51" pos="98.87" lane="2/0to2/1_0" slope="0.00"/>
        <vehicle id="5" x="551.10" y="401.65" angle="-90.00" type="DEFAULT_VEHTYPE" speed="13.04" pos="44.15" lane="3/2to2/2_0" slope="0.00"/>
        <vehicle id="7" x="456.42" y="198.35" angle="90.00" type="DEFAULT_VEHTYPE" speed="13.07" pos="51.67" lane="2/1to3/1_0" slope="0.00"/>
        <vehicle id="8" x="595.73" y="198.35" angle="90.00" type="DEFAULT_VEHTYPE" speed="5.98" pos="0.48" lane=":3/1_13_0" slope="0.00"/>
        <vehicle id="9" x="201.65" y="366.33" angle="180.00" type="DEFAULT_VEHTYPE" speed="13.30" pos="161.58" lane="1/1to1/2_0" slope="0.00"/>
    </timestep>
    <timestep time="316.00">
        <vehicle id="0" x="93.71" y="198.35" angle="90.00" type="DEFAULT_VEHTYPE" speed="13.19" pos="93.71" lane="0/1to1/1_0" slope="0.00"/>
        <vehicle id="1" x="198.35" y="267.93" angle="0.00" type="DEFAULT_VEHTYPE" speed="12.92" pos="127.32" lane="1/2to1/1_0" slope="0.00"/>
        <vehicle id="10" x="198.35" y="173.54" angle="0.00" type="DEFAULT_VEHTYPE" speed="10.68" pos="21.71" lane="1/1to1/0_0" slope="0.00"/>
        <vehicle id="11" x="187.28" y="198.35" angle="90.00" type="DEFAULT_VEHTYPE" speed="6.08" pos="187.28" lane="0/1to1/1_0" slope="0.00"/>
        <vehicle id="12" x="793.35" y="198.35" angle="90.00" type="DEFAULT_VEHTYPE" speed="13.05" pos="188.60" lane="3/1to4/1_0" slope="0.00"/>
        <vehicle id="13" x="514.82" y="198.35" angle="90.00" type="DEFAULT_VEHTYPE" speed="12.71" pos="110.07" lane="2/1to3/1_0" slope="0.00"/>
        <vehicle id="14" x="48.00" y="201.65" angle="-90.00" type="DEFAULT_VEHTYPE" speed="13.48" pos="147.25" lane="1/1to0/1_0" slope="0.00"/>
        <vehicle id="4" x="401.65" y="112.48" angle="180.00" type="DEFAULT_VEHTYPE" speed="13.60" pos="112.48" lane="2/0to2/1_0" slope="0.00"/>
        <vehicle id="5" x="538.34" y="401.65" angle="-90.00" type="DEFAULT_VEHTYPE" speed="12.75" pos="56.91" lane="3/2to2/2_0" slope="0.00"/>
        <vehicle id="7" x="469.26" y="198.35" angle="90.00" type="DEFAULT_VEHTYPE" speed="12.84" pos="64.51" lane="2/1to3/1_0" slope="0.00"/>
        <vehicle id="8" x="604.04" y="198.35" angle="90.00" type="DEFAULT_VEHTYPE" speed="8.32" pos="8.79" lane=":3/1_13_0" slope="0.00"/>
        <vehicle id="9" x="201.65" y="380.12" angle="180.00" type="DEFAULT_VEHTYPE" speed="13.80" pos="175.37" lane="1/1to1/2_0" slope="0.00"/>
    </timestep>
    <timestep time="317.00">
        <vehicle id="0" x="107.28" y="198.35" angle="90.00" type="DEFAULT_VEHTYPE" speed="13.57" pos="107.28" lane="0/1to1/1_0" slope="0.00"/>
        <vehicle id="1" x="198.35" y="255.19" angle="0.00" type="DEFAULT_VEHTYPE" speed="12.74" pos="140.06" lane="1/2to1/1_0" slope="0.00"/>
        <vehicle id="10" x="198.35" y="161.17" angle="0.00" type="DEFAULT_VEHTYPE" speed="12.37" pos="34.08" lane="1/1to1/0_0" slope="0.00"/>
        <vehicle id="11" x="190.26" y="198.35" angle="90.00" type="DEFAULT_VEHTYPE" speed="2.98" pos="190.26" lane="0/1to1/1_0" slope="0.00"/>
        <vehicle id="12" x="797.79" y="201.65" angle="-118.35" type="DEFAULT_VEHTYPE" speed="13.68" pos="2.21" lane="4/1to3/1_0" slope="0.00"/>
        <vehicle id="13" x="527.90" y="198.35" angle="90.00" type="DEFAULT_VEHTYPE" speed="13.09" pos="123.15" lane="2/1to3/1_0" slope="0.00"/>
        <vehicle id="14" x="34.11" y="201.65" angle="-90.00" type="DEFAULT_VEHTYPE" speed="13.89" pos="161.14" lane="1/1to0/1_0" slope="0.00"/>
        <vehicle id="4" x="401.65" y="126.27" angle="180.00" type="DEFAULT_VEHTYPE" speed="13.80" pos="126.27" lane="2/0to2/1_0" slope="0.00"/>
        <vehicle id="5" x="525.44" y="401.65" angle="-90.00" type="DEFAULT_VEHTYPE" speed="12.90" pos="69.81" lane="3/2to2/2_0" slope="0.00"/>
        <vehicle id="7" x="482.99" y="198.35" angle="90.00" type="DEFAULT_VEHTYPE" speed="13.73" pos="78.24" lane="2/1to3/1_0" slope="0.00"/>
        <vehicle id="8" x="614.90" y="198.35" angle="90.00" type="DEFAULT_VEHTYPE" speed="10.86" pos="10.15" lane="3/1to4/1_0" slope="0.00"/>
        <vehicle id="9" x="201.65" y="393.23" angle="180.00" type="DEFAULT_VEHTYPE" speed="13.11" pos="188.48" lane="1/1to1/2_0" slope="0.00"/>
    </timestep>
    <timestep time="318.00">
        <vehicle id="0" x="120.80" y="198.35" angle="90.00" type="DEFAULT_VEHTYPE" speed="13.53" pos="120.80" lane="0/1to1/1_0" slope="0.00"/>
        <vehicle id="1" x="198.35" y="241.97" angle="0.00" type="DEFAULT_VEHTYPE" speed="13.22" pos="153.28" lane="1/2to1/1_0" slope="0.00"/>
        <vehicle id="10" x="198.35" y="147.96" angle="0.00" type="DEFAULT_VEHTYPE" speed="13.21" pos="47.29" lane="1/1to1/0_0" slope="0.00"/>
        <vehicle id="11" x="195.69" y="198.29" angle="89.30" type="DEFAULT_VEHTYPE" speed="5.43" pos="0.44" lane=":1/1_12_0" slope="0.00"/>
        <vehicle id="12" x="785.00" y="201.65" angle="-90.00" type="DEFAULT_VEHTYPE" speed="12.79" pos="15.00" lane="4/1to3/1_0" slope="0.00"/>
        <vehicle id="13" x="541.05" y="198.35" angle="90.00" type="DEFAULT_VEHTYPE" speed="13.14" pos="136.30" lane="2/1to3/1_0" slope="0.00"/>
        <vehicle id="14" x="20.36" y="201.65" angle="-90.00" type="DEFAULT_VEHTYPE" speed="13.75" pos="174.89" lane="1/1to0/1_0" slope="0.00"/>
        <vehicle id="4" x="401.65" y="139.26" angle="180.00" type="DEFAULT_VEHTYPE" speed="12.98" pos="139.26" lane="2/0to2/1_0" slope="0.00"/>
        <vehicle id="5" x="511.86" y="401.65" angle="-90.00" type="DEFAULT_VEHTYPE" speed="13.58" pos="83.39" lane="3/2to2/2_0" slope="0.00"/>
        <vehicle id="7" x="496.38" y="198.35" angle="90.00" type="DEFAULT_VEHTYPE" speed="13.39" pos="91.63" lane="2/1to3/1_0" slope="0.00"/>
        <vehicle id="8" x="627.89" y="198.35" angle="90.00" type="DEFAULT_VEHTYPE" speed="12.99" pos="23.14" lane="3/1to4/1_0" slope="0.00"/>
        <vehicle id="9" x="201.65" y="406.01" angle="180.00" type="DEFAULT_VEHTYPE" speed="12.78" pos="1.26" lane="1/2to1/3_0" slope="0.00"/>
    </timestep>
    <timestep time="319.00">
        <vehicle id="0" x="134.69" y="198.35" angle="90.00" type="DEFAULT_VEHTYPE" speed="13.89" pos="134.69" lane="0/1to1/1_0" slope="0.00"/>
        <vehicle id="1" x="198.35" y="228.91" angle="0.00" type="DEFAULT_VEHTYPE" speed="13.06" pos="166.34" lane="1/2to1/1_0" slope="0.00"/>
        <vehicle id="10" x="198.35" y="134.11" angle="0.00" type="DEFAULT_VEHTYPE" speed="13.85" pos="61.14" lane="1/1to1/0_0" slope="0.00"/>
        <vehicle id="11" x="198.35" y="191.83" angle="3.45" type="DEFAULT_VEHTYPE" speed="7.98" pos="3.42" lane="1/1to1/0_0" slope="0.00"/>
        <vehicle id="12" x="772.32" y="201.65" angle="-90.00" type="DEFAULT_VEHTYPE" speed="12.68" pos="27.68" lane="4/1to3/1_0" slope="0.00"/>
        <vehicle id="13" x="554.72" y="198.35" angle="90.00" type="DEFAULT_VEHTYPE" speed="13.68" pos="149.97" lane="2/1to3/1_0" slope="0.00"/>
        <vehicle id="14" x="7.19" y="201.65" angle="-90.00" type="DEFAULT_VEHTYPE" speed="13.17" pos="188.06" lane="1/1to0/1_0" slope="0.00"/>
        <vehicle id="4" x="401.65" y="151.94" angle="180.00" type="DEFAULT_VEHTYPE" speed="12.69" pos="151.94" lane="2/0to2/1_0" slope="0.00"/>
        <vehicle id="5" x="498.06" y="401.65" angle="-90.00" type="DEFAULT_VEHTYPE" speed="13.80" pos="97.19" lane="3/2to2/2_0" slope="0.00"/>
        <vehicle id="7" x="510.06" y="198.35" angle="90.00" type="DEFAULT_VEHTYPE" speed="13.68" pos="105.31" lane="2/1to3/1_0" slope="0.00"/>
        <vehicle id="8" x="641.45" y="198.35" angle="90.00" type="DEFAULT_VEHTYPE" speed="13.57" pos="36.70" lane="3/1to4/1_0" slope="0.00"/>
        <vehicle id="9" x="201.65" y="419.33" angle="180.00" type="DEFAULT_VEHTYPE" speed="13.31" pos="14.58" lane="1/2to1/3_0" slope="0.00"/>
    </timestep>
    <timestep time="320.00">
        <vehicle id="0" x="148.08" y="198.35" angle="90.00" type="DEFAULT_VEHTYPE" speed="13.39" pos="148.08" lane="0/1to1/1_0" slope="0.00"/>
        <vehicle id="1" x="198.35" y="216.15" angle="0.00" type="DEFAULT_VEHTYPE" speed="12.76" pos="179.10" lane="1/2to1/1_0" slope="0.00"/>
        <vehicle id="10" x="198.35" y="120.25" angle="0.00" type="DEFAULT_VEHTYPE" speed="13.85" pos="75.00" lane="1/1to1/0_0" slope="0.00"/>
        <vehicle id="11" x="198.35" y="182.12" angle="0.00" type="DEFAULT_VEHTYPE" speed="9.71" pos="13.13" lane="1/1to1/0_0" slope="0.00"/>
        <vehicle id="12" x="759.11" y="201.65" angle="-90.00" type="DEFAULT_VEHTYPE" speed="13.21" pos="40.89" lane="4/1to3/1_0" slope="0.00"/>
        <vehicle id="13" x="567.67" y="198.35" angle="90.00" type="DEFAULT_VEHTYPE" speed="12.94" pos="162.92" lane="2/1to3/1_0" slope="0.00"/>
        <vehicle id="14" x="1.32" y="198.35" angle="40.40" type="DEFAULT_VEHTYPE" speed="13.33" pos="1.32" lane="0/1to1/1_0" slope="0.00"/>
        <vehicle id="4" x="401.65" y="164.61" angle="180.00" type="DEFAULT_VEHTYPE" speed="12.67" pos="164.61" lane="2/0to2/1_0" slope="0.00"/>
        <vehicle id="5" x="485.07" y="401.65" angle="-90.00" type="DEFAULT_VEHTYPE" speed="12.99" pos="110.18" lane="3/2to2/2_0" slope="0.00"/>
        <vehicle id="7" x="522.87" y="198.35" angle="90.00" type="DEFAULT_VEHTYPE" speed="12.80" pos="118.12" lane="2/1to3/1_0" slope="0.00"/>
        <vehicle id="8" x="654.08" y="198.35" angle="90.00" type="DEFAULT_VEHTYPE" speed="12.62" pos="49.33" lane="3/1to4/1_0" slope="0.00"/>
        <vehicle id="9" x="201.65" y="432.03" angle="180.00" type="DEFAULT_VEHTYPE" speed="12.70" pos="27.28" lane="1/2to1/3_0" slope="0.00"/>
    </timestep>
    <timestep time="321.00">
        <vehicle id="0" x="161.47" y="198.35" angle="90.00" type="DEFAULT_VEHTYPE" speed="13.38" pos="161.47" lane="0/1to1/1_0" slope="0.00"/>
        <vehicle id="1" x="197.93" y="203.01" angle="-4.88" type="DEFAULT_VEHTYPE" speed="13.21" pos="1.82" lane=":1/1_0_0" slope="0.00"/>
        <vehicle id="10" x="198.35" y="107.55" angle="0.00" type="DEFAULT_VEHTYPE" speed="12.70" pos="87.70" lane="1/1to1/0_0" slope="0.00"/>
        <vehicle id="11" x="198.35" y="169.85" angle="0.00" type="DEFAULT_VEHTYPE" speed="12.28" pos="25.40" lane="1/1to1/0_0" slope="0.00"/>
        <vehicle id="12" x="746.41" y="201.65" angle="-90.00" type="DEFAULT_VEHTYPE" speed="12.70" pos="53.59" lane="4/1to3/1_0" slope="0.00"/>
        <vehicle id="13" x="578.03" y="198.35" angle="90.00" type="DEFAULT_VEHTYPE" speed="10.36" pos="173.28" lane="2/1to3/1_0" slope="0.00"/>
        <vehicle id="14" x="14.69" y="198.35" angle="90.00" type="DEFAULT_VEHTYPE" speed="13.37" pos="14.69" lane="0/1to1/1_0" slope="0.00"/>
        <vehicle id="4" x="401.65" y="177.56" angle="180.00" type="DEFAULT_VEHTYPE" speed="12.95" pos="177.56" lane="2/0to2/1_0" slope="0.00"/>
        <vehicle id="5" x="471.36" y="401.65" angle="-90.00" type="DEFAULT_VEHTYPE" speed="13.71" pos="123.89" lane="3/2to2/2_0" slope="0.00"/>
        <vehicle id="7" x="535.70" y="198.35" angle="90.00" type="DEFAULT_VEHTYPE" speed="12.83" pos="130.95" lane="2/1to3/1_0" slope="0.00"/>
        <vehicle id="8" x="667.67" y="198.35" angle="90.00" type="DEFAULT_VEHTYPE" speed="13.60" pos="62.92" lane="3/1to4/1_0" slope="0.00"/>
        <vehicle id="9" x="201.65" y="445.63" angle="180.00" type="DEFAULT_VEHTYPE" speed="13.60" pos="40.88" lane="1/2to1/3_0" slope="0.00"/>
    </timestep>
    <timestep time="322.00">
        <vehicle id="0" x="173.31" y="198.35" angle="90.00" type="DEFAULT_VEHTYPE" speed="11.84" pos="173.31" lane="0/1to1/1_0" slope="0.00"/>
        <vehicle id="1" x="185.04" y="201.65" angle="-90.00" type="DEFAULT_VEHTYPE" speed="13.40" pos="10.21" lane="1/1to0/1_0" slope="0.00"/>
        <vehicle id="10" x="198.35" y="93.92" angle="0.00" type="DEFAULT_VEHTYPE" speed="13.63" pos="101.33" lane="1/1to1/0_0" slope="0.00"/>
        <vehicle id="11" x="198.35" y="156.52" angle="0.00" type="DEFAULT_VEHTYPE" speed="13.33" pos="38.73" lane="1/1to1/0_0" slope="0.00"/>
        <vehicle id="12" x="733.48" y="201.65" angle="-90.00" type="DEFAULT_VEHTYPE" speed="12.93" pos="66.52" lane="4/1to3/1_0" slope="0.00"/>
        <vehicle id="13" x="585.85" y="198.35" angle="90.00" type="DEFAULT_VEHTYPE" speed="7.83" pos="181.10" lane="2/1to3/1_0" slope="0.00"/>
        <vehicle id="14" x="28.37" y="198.35" angle="90.00" type="DEFAULT_VEHTYPE" speed="13.68" pos="28.37" lane="0/1to1/1_0" slope="0.00"/>
        <vehicle id="4" x="401.65" y="190.49" angle="180.00" type="DEFAULT_VEHTYPE" speed="12.93" pos="190.49" lane="2/0to2/1_0" slope="0.00"/>
        <vehicle id="5" x="457.79" y="401.65" angle="-90.00" type="DEFAULT_VEHTYPE" speed="13.57" pos="137.46" lane="3/2to2/2_0" slope="0.00"/>
        <vehicle id="7" x="549.56" y="198.35" angle="90.00" type="DEFAULT_VEHTYPE" speed="13.87" pos="144.81" lane="2/1to3/1_0" slope="0.00"/>
        <vehicle id="8" x="680.31" y="198.35" angle="90.00" type="DEFAULT_VEHTYPE" speed="12.64" pos="75.56" lane="3/1to4/1_0" slope="0.00"/>
        <vehicle id="9" x="201.65" y="458.38" angle="180.00" type="DEFAULT_VEHTYPE" speed="12.75" pos="53.63" lane="1/2to1/3_0" slope="0.00"/>
    </timestep>
    <timestep time="323.00">
        <vehicle id="0" x="182.66" y="198.35" angle="90.00" type="DEFAULT_VEHTYPE" speed="9.35" pos="182.66" lane="0/1to1/1_0" slope="0.00"/>
        <vehicle id="1" x="171.68" y="201.65" angle="-90.00" type="DEFAULT_VEHTYPE" speed="13.36" pos="23.57" lane="1/1to0/1_0" slope="0.00"/>
        <vehicle id="10" x="198.35" y="81.26" angle="0.00" type="DEFAULT_VEHTYPE" speed="12.66" pos="113.99" lane="1/1to1/0_0" slope="0.00"/>
        <vehicle id="11" x="198.35" y="143.03" angle="0.00" type="DEFAULT_VEHTYPE" speed="13.48" pos="52.22" lane="1/1to1/0_0" slope="0.00"/>
        <vehicle id="12" x="720.22" y="201.65" angle="-90.00" type="DEFAULT_VEHTYPE" speed="13.26" pos="79.78" lane="4/1to3/1_0" slope="0.00"/>
        <vehicle id="13" x="589.67" y="198.35" angle="90.00" type="DEFAULT_VEHTYPE" speed="3.81" pos="184.92" lane="2/1to3/1_0" slope="0.00"/>
        <vehicle id="14" x="40.98" y="198.35" angle="90.00" type="DEFAULT_VEHTYPE" speed="12.61" pos="40.98" lane="0/1to1/1_0" slope="0.00"/>
        <vehicle id="4" x="408.83" y="198.35" angle="91.47" type="DEFAULT_VEHTYPE" speed="13.84" pos="4.08" lane="2/1to3/1_0" slope="0.00"/>
        <vehicle id="5" x="444.23" y="401.65" angle="-90.00" type="DEFAULT_VEHTYPE" speed="13.56" pos="151.02" lane="3/2to2/2_0" slope="0.00"/>
        <vehicle id="7" x="563.25" y="198.35" angle="90.00" type="DEFAULT_VEHTYPE" speed="13.69" pos="158.50" lane="2/1to3/1_0" slope="0.00"/>
        <vehicle id="8" x="693.53" y="198.35" angle="90.00" type="DEFAULT_VEHTYPE" speed="13.22" pos="88.78" lane="3/1to4/1_0" slope="0.00"/>
        <vehicle id="9" x="201.65" y="471.72" angle="180.00" type="DEFAULT_VEHTYPE" speed="13.34" pos="66.97" lane="1/2to1/3_0" slope="0.00"/>
    </timestep>
    <timestep time="324.00">
        <vehicle id="0" x="188.39" y="198.35" angle="90.00" type="DEFAULT_VEHTYPE" speed="5.73" pos="188.39" lane="0/1to1/1_0" slope="0.00"/>
        <vehicle id="1" x="158.73" y="201.65" angle="-90.00" type="DEFAULT_VEHTYPE" speed="12.94" pos="36.52" lane="1/1to0/1_0" slope="0.00"/>
        <vehicle id="10" x="198.35" y="68.45" angle="0.00" type="DEFAULT_VEHTYPE" speed="12.81" pos="126.80" lane="1/1to1/0_0" slope="0.00"/>
        <vehicle id="11" x="198.35" y="129.42" angle="0.00" type="DEFAULT_VEHTYPE" speed="13.62" pos="65.83" lane="1/1to1/0_0" slope="0.00"/>
        <vehicle id="12" x="707.50" y="201.65" angle="-90.00" type="DEFAULT_VEHTYPE" speed="12.72" pos="92.50" lane="4/1to3/1_0" slope="0.00"/>
        <vehicle id="13" x="595.20" y="198.35" angle="90.00" type="DEFAULT_VEHTYPE" speed="5.53" pos="190.45" lane="2/1to3/1_0" slope="0.00"/>
        <vehicle id="14" x="54.17" y="198.35" angle="90.00" type="DEFAULT_VEHTYPE" speed="13.19" pos="54.17" lane="0/1to1/1_0" slope="0.00"/>
        <vehicle id="4" x="422.41" y="198.35" angle="90.00" type="DEFAULT_VEHTYPE" speed="13.58" pos="17.66" lane="2/1to3/1_0" slope="0.00"/>
        <vehicle id="5" x="431.01" y="401.65" angle="-90.00" type="DEFAULT_VEHTYPE" speed="13.23" pos="164.24" lane="3/2to2/2_0" slope="0.00"/>
        <vehicle id="7" x="572.43" y="198.35" angle="90.00" type="DEFAULT_VEHTYPE" speed="9.19" pos="167.68" lane="2/1to3/1_0" slope="0.00"/>
        <vehicle id="8" x="706.62" y="198.35" angle="90.00" type="DEFAULT_VEHTYPE" speed="13.08" pos="101.87" lane="3/1to4/1_0" slope="0.00"/>
        <vehicle id="9" x="201.65" y="484.53" angle="180.00" type="DEFAULT_VEHTYPE" speed="12.82" pos="79.78" lane="1/2to1/3_0" slope="0.00"/>
    </timestep>
    <timestep time="325.00">
        <vehicle id="0" x="195.56" y="198.31" angle="89.50" type="DEFAULT_VEHTYPE" speed="7.18" pos="0.32" lane=":1/1_12_0" slope="0.00"/>
        <vehicle id="1" x="144.96" y="201.65" angle="-90.00" type="DEFAULT_VEHTYPE" speed="13.77" pos="50.29" lane="1/1to0/1_0" slope="0.00"/>
        <vehicle id="10" x="198.35" y="54.84" angle="0.00" type="DEFAULT_VEHTYPE" speed="13.61" pos="140.41" lane="1/1to1/0_0" slope="0.00"/>
        <vehicle id="11" x="198.35" y="116.33" angle="0.00" type="DEFAULT_VEHTYPE" speed="13.08" pos="78.92" lane="1/1to1/0_0" slope="0.00"/>
        <vehicle id="12" x="694.47" y="201.65" angle="-90.00" type="DEFAULT_VEHTYPE" speed="13.03" pos="105.53" lane="4/1to3/1_0" slope="0.00"/>
        <vehicle id="13" x="601.31" y="202.40" angle="138.55" type="DEFAULT_VEHTYPE" speed="7.99" pos="7.94" lane=":3/1_14_0" slope="0.00"/>
        <vehicle id="14" x="67.97" y="198.35" angle="90.00" type="DEFAULT_VEHTYPE" speed="13.81" pos="67.97" lane="0/1to1/1_0" slope="0.00"/>
        <vehicle id="4" x="435.30" y="198.35" angle="90.00" type="DEFAULT_VEHTYPE" speed="12.90" pos="30.55" lane="2/1to3/1_0" slope="0.00"/>
        <vehicle id="5" x="420.82" y="401.65" angle="-90.00" type="DEFAULT_VEHTYPE" speed="10.19" pos="174.43" lane="3/2to2/2_0" slope="0.00"/>
        <vehicle id="7" x="581.16" y="198.35" angle="90.00" type="DEFAULT_VEHTYPE" speed="8.73" pos="176.41" lane="2/1to3/1_0" slope="0.00"/>
        <vehicle id="8" x="719.56" y="198.35" angle="90.00" type="DEFAULT_VEHTYPE" speed="12.94" pos="114.81" lane="3/1to4/1_0" slope="0.00"/>
        <vehicle id="9" x="201.65" y="497.71" angle="180.00" type="DEFAULT_VEHTYPE" speed="13.18" pos="92.96" lane="1/2to1/3_0" slope="0.00"/>
    </timestep>
    <timestep time="326.00">
        <vehicle id="0" x="198.35" y="190.74" angle="0.78" type="DEFAULT_VEHTYPE" speed="9.19" pos="4.51" lane="1/1to1/0_0" slope="0.00"/>
        <vehicle id="1" x="131.20" y="201.65" angle="-90.00" type="DEFAULT_VEHTYPE" speed="13.76" pos="64.05" lane="1/1to0/1_0" slope="0.00"/>
        <vehicle id="10" x="198.35" y="41.31" angle="0.00" type="DEFAULT_VEHTYPE" speed="13.53" pos="153.94" lane="1/1to1/0_0" slope="0.00"/>
        <vehicle id="11" x="198.35" y="103.05" angle="0.00" type="DEFAULT_VEHTYPE" speed="13.28" pos="92.20" lane="1/1to1/0_0" slope="0.00"/>
        <vehicle id="12" x="680.94" y="201.65" angle="-90.00" type="DEFAULT_VEHTYPE" speed="13.53" pos="119.06" lane="4/1to3/1_0" slope="0.00"/>
        <vehicle id="13" x="601.65" y="212.64" angle="180.00" type="DEFAULT_VEHTYPE" speed="10.27" pos="7.89" lane="3/1to3/2_0" slope="0.00"/>
        <vehicle id="14" x="80.92" y="198.35" angle="90.00" type="DEFAULT_VEHTYPE" speed="12.95" pos="80.92" lane="0/1to1/1_0" slope="0.00"/>
        <vehicle id="4" x="448.12" y="198.35" angle="90.00" type="DEFAULT_VEHTYPE" speed="12.82" pos="43.37" lane="2/1to3/1_0" slope="0.00"/>
        <vehicle id="5" x="413.72" y="401.65" angle="-90.00" type="DEFAULT_VEHTYPE" speed="7.10" pos="181.53" lane="3/2to2/2_0" slope="0.00"/>
        <vehicle id="7" x="587.20" y="198.35" angle="90.00" type="DEFAULT_VEHTYPE" speed="6.04" pos="182.45" lane="2/1to3/1_0" slope="0.00"/>
        <vehicle id="8" x="732.91" y="198.35" angle="90.00" type="DEFAULT_VEHTYPE" speed="13.35" pos="128.16" lane="3/1to4/1_0" slope="0.00"/>
        <vehicle id="9" x="201.65" y="510.77" angle="180.00" type="DEFAULT_VEHTYPE" speed="13.05" pos="106.02" lane="1/2to1/3_0" slope="0.00"/>
    </timestep>
    <timestep time="327.00">
        <vehicle id="0" x="198.35" y="179.95" angle="0.00" type="DEFAULT_VEHTYPE" speed="10.79" pos="15.30" lane="1/1to1/0_0" slope="0.00"/>
        <vehicle id="1" x="117.45" y="201.65" angle="-90.00" type="DEFAULT_VEHTYPE" speed="13.75" pos="77.80" lane="1/1to0/1_0" slope="0.00"/>
        <vehicle id="10" x="198.35" y="27.67" angle="0.00" type="DEFAULT_VEHTYPE" speed="13.65" pos="167.58" lane="1/1to1/0_0" slope="0.00"/>
        <vehicle id="11" x="198.35" y="89.23" angle="0.00" type="DEFAULT_VEHTYPE" speed="13.82" pos="106.02" lane="1/1to1/0_0" slope="0.00"/>
        <vehicle id="12" x="667.39" y="201.65" angle="-90.00" type="DEFAULT_VEHTYPE" speed="13.55" pos="132.61" lane="4/1to3/1_0" slope="0.00"/>
        <vehicle id="13" x="601.65" y="225.42" angle="180.00" type="DEFAULT_VEHTYPE" speed="12.78" pos="20.67" lane="3/1to3/2_0" slope="0.00"/>
        <vehicle id="14" x="93.57" y="198.35" angle="90.00" type="DEFAULT_VEHTYPE" speed="12.65" pos="93.57" lane="0/1to1/1_0" slope="0.00"/>
        <vehicle id="4" x="461.31" y="198.35" angle="90.00" type="DEFAULT_VEHTYPE" speed="13.19" pos="56.56" lane="2/1to3/1_0" slope="0.00"/>
        <vehicle id="5" x="410.02" y="401.65" angle="-90.00" type="DEFAULT_VEHTYPE" speed="3.70" pos="185.23" lane="3/2to2/2_0" slope="0.00"/>
        <vehicle id="7" x="590.59" y="198.35" angle="90.00" type="DEFAULT_VEHTYPE" speed="3.39" pos="185.84" lane="2/1to3/1_0" slope="0.00"/>
        <vehicle id="8" x="746.15" y="198.35" angle="90.00" type="DEFAULT_VEHTYPE" speed="13.24" pos="141.40" lane="3/1to4/1_0" slope="0.00"/>
        <vehicle id="9" x="201.65" y="524.18" angle="180.00" type="DEFAULT_VEHTYPE" speed="13.42" pos="119.43" lane="1/2to1/3_0" slope="0.00"/>
    </timestep>
    <timestep time="328.00">
        <vehicle id="0" x="198.35" y="167.69" angle="0.00" type="DEFAULT_VEHTYPE" speed="12.26" pos="27.56" lane="1/1to1/0_0" slope="0.00"/>
        <vehicle id="1" x="104.27" y="201.65" angle="-90.00" type="DEFAULT_VEHTYPE" speed="13.18" pos="90.98" lane="1/1to0/1_0" slope="0.00"/>
        <vehicle id="10" x="198.35" y="14.96" angle="0.00" type="DEFAULT_VEHTYPE" speed="12.71" pos="180.29" lane="1/1to1/0_0" slope="0.00"/>
        <vehicle id="11" x="198.35" y="75.82" angle="0.00" type="DEFAULT_VEHTYPE" speed="13.41" pos="119.43" lane="1/1to1/0_0" slope="0.00"/>
        <vehicle id="12" x="653.82" y="201.65" angle="-90.00" type="DEFAULT_VEHTYPE" speed="13.57" pos="146.18" lane="4/1to3/1_0" slope="0.00"/>
        <vehicle id="13" x="601.65" y="239.24" angle="180.00" type="DEFAULT_VEHTYPE" speed="13.82" pos="34.49" lane="3/1to3/2_0" slope="0.00"/>
        <vehicle id="14" x="106.45" y="198.35" angle="90.00" type="DEFAULT_VEHTYPE" speed="12.88" pos="106.45" lane="0/1to1/1_0" slope="0.00"/>
        <vehicle id="4" x="475.21" y="198.35" angle="90.00" type="DEFAULT_VEHTYPE" speed="13.90" pos="70.46" lane="2/1to3/1_0" slope="0.00"/>
        <vehicle id="5" x="404.66" y="401.65" angle="-90.00" type="DEFAULT_VEHTYPE" speed="5.37" pos="0.09" lane=":2/2_5_0" slope="0.00"/>
        <vehicle id="7" x="595.32" y="198.36" angle="90.12" type="DEFAULT_VEHTYPE" speed="4.73" pos="0.07" lane=":3/1_14_0" slope="0.00"/>
        <vehicle id="8" x="759.01" y="198.35" angle="90.00" type="DEFAULT_VEHTYPE" speed="12.86" pos="154.26" lane="3/1to4/1_0" slope="0.00"/>
        <vehicle id="9" x="201.65" y="536.95" angle="180.00" type="DEFAULT_VEHTYPE" speed="12.77" pos="132.20" lane="1/2to1/3_0" slope="0.00"/>
    </timestep>
    <timestep time="329.00">
        <vehicle id="0" x="198.35" y="154.67" angle="0.00" type="DEFAULT_VEHTYPE" speed="13.02" pos="40.58" lane="1/1to1/0_0" slope="0.00"/>
        <vehicle id="1" x="90.66" y="201.65" angle="-90.00" type="DEFAULT_VEHTYPE" speed="13.61" pos="104.59" lane="1/1to0/1_0" slope="0.00"/>
        <vehicle id="10" x="198.35" y="1.94" angle="0.00" type="DEFAULT_VEHTYPE" speed="13.02" pos="193.31" lane="1/1to1/0_0" slope="0.00"/>
        <vehicle id="11" x="198.35" y="62.38" angle="0.00" type="DEFAULT_VEHTYPE" speed="13.44" pos="132.87" lane="1/1to1/0_0" slope="0.00"/>
        <vehicle id="12" x="640.70" y="201.65" angle="-90.00" type="DEFAULT_VEHTYPE" speed="13.12" pos="159.30" lane="4/1to3/1_0" slope="0.00"/>
        <vehicle id="13" x="601.65" y="253.05" angle="180.00" type="DEFAULT_VEHTYPE" speed="13.81" pos="48.30" lane="3/1to3/2_0" slope="0.00"/>
        <vehicle id="14" x="119.07" y="198.35" angle="90.00" type="DEFAULT_VEHTYPE" speed="12.62" pos="119.07" lane="0/1to1/1_0" slope="0.00"/>
        <vehicle id="4" x="488.17" y="198.35" angle="90.00" type="DEFAULT_VEHTYPE" speed="12.96" pos="83.42" lane="2/1to3/1_0" slope="0.00"/>
        <vehicle id="5" x="397.54" y="401.65" angle="-90.00" type="DEFAULT_VEHTYPE" speed="7.12" pos="7.21" lane=":2/2_5_0" slope="0.00"/>
        <vehicle id="7" x="601.20" y="201.86" angle="131.55" type="DEFAULT_VEHTYPE" speed="7.32" pos="7.39" lane=":3/1_14_0" slope="0.00"/>
        <vehicle id="8" x="771.82" y="198.35" angle="90.00" type="DEFAULT_VEHTYPE" speed="12.81" pos="167.07" lane="3/1to4/1_0" slope="0.00"/>
        <vehicle id="9" x="201.65" y="550.22" angle="180.00" type="DEFAULT_VEHTYPE" speed="13.26" pos="145.47" lane="1/2to1/3_0" slope="0.00"/>
    </timestep>
    <timestep time="330.00">
        <vehicle id="0" x="198.35" y="141.06" angle="0.00" type="DEFAULT_VEHTYPE" speed="13.61" pos="54.19" lane="1/1to1/0_0" slope="0.00"/>
        <vehicle id="1" x="77.66" y="201.65" angle="-90.00" type="DEFAULT_VEHTYPE" speed="13.00" pos="117.59" lane="1/1to0/1_0" slope="0.00"/>
        <vehicle id="10" x="201.65" y="6.78" angle="180.00" type="DEFAULT_VEHTYPE" speed="13.53" pos="6.78" lane="1/0to1/1_0" slope="0.00"/>
        <vehicle id="11" x="198.35" y="49.76" angle="0.00" type="DEFAULT_VEHTYPE" speed="12.62" pos="145.49" lane="1/1to1/0_0" slope="0.00"/>
        <vehicle id="12" x="628.57" y="201.65" angle="-90.00" type="DEFAULT_VEHTYPE" speed="12.13" pos="171.43" lane="4/1to3/1_0" slope="0.00"/>
        <vehicle id="13" x="601.65" y="266.76" angle="180.00" type="DEFAULT_VEHTYPE" speed="13.71" pos="62.01" lane="3/1to3/2_0" slope="0.00"/>
        <vehicle id="14" x="132.03" y="198.35" angle="90.00" type="DEFAULT_VEHTYPE" speed="12.96" pos="132.03" lane="0/1to1/1_0" slope="0.00"/>
        <vehicle id="4" x="501.64" y="198.35" angle="90.00" type="DEFAULT_VEHTYPE" speed="13.47" pos="96.89" lane="2/1to3/1_0" slope="0.00"/>
        <vehicle id="5" x="388.47" y="401.65" angle="-90.00" type="DEFAULT_VEHTYPE" speed="9.07" pos="6.78" lane="2/2to1/2_0" slope="0.00"/>
        <vehicle id="7" x="601.65" y="211.66" angle="180.00" type="DEFAULT_VEHTYPE" speed="9.84" pos="6.91" lane="3/1to3/2_0" slope="0.00"/>
        <vehicle id="8" x="785.29" y="198.35" angle="90.00" type="DEFAULT_VEHTYPE" speed="13.47" pos="180.54" lane="3/1to4/1_0" slope="0.00"/>
        <vehicle id="9" x="201.65" y="564.08" angle="180.00" type="DEFAULT_VEHTYPE" speed="13.87" pos="159.33" lane="1/2to1/3_0" slope="0.00"/>
    </timestep>
    <timestep time="331.00">
        <vehicle id="0" x="198.35" y="128.28" angle="0.00" type="DEFAULT_VEHTYPE" speed="12.78" pos="66.97" lane="1/1to1/0_0" slope="0.00"/>
        <vehicle id="1" x="64.49" y="201.65" angle="-90.00" type="DEFAULT_VEHTYPE" speed="13.17" pos="130.76" lane="1/1to0/1_0" slope="0.00"/>
        <vehicle id="10" x="201.65" y="19.86" angle="180.00" type="DEFAULT_VEHTYPE" speed="13.09" pos="19.86" lane="1/0to1/1_0" slope="0.00"/>
        <vehicle id="11" x="198.35" y="36.66" angle="0.00" type="DEFAULT_VEHTYPE" speed="13.10" pos="158.59" lane="1/1to1/0_0" slope="0.00"/>
        <vehicle id="12" x="618.88" y="201.65" angle="-90.00" type="DEFAULT_VEHTYPE" speed="9.68" pos="181.12" lane="4/1to3/1_0" slope="0.00"/>
        <vehicle id="13" x="601.65" y="279.65" angle="180.00" type="DEFAULT_VEHTYPE" speed="12.89" pos="74.90" lane="3/1to3/2_0" slope="0.00"/>
        <vehicle id="14" x="144.93" y="198.35" angle="90.00" type="DEFAULT_VEHTYPE" speed="12.90" pos="144.93" lane="0/1to1/1_0" slope="0.00"/>
        <vehicle id="4" x="514.33" y="198.35" angle="90.00" type="DEFAULT_VEHTYPE" speed="12.69" pos="109.58" lane="2/1to3/1_0" slope="0.00"/>
        <vehicle id="5" x="376.98" y="401.65" angle="-90.00" type="DEFAULT_VEHTYPE" speed="11.49" pos="18.27" lane="2/2to1/2_0" slope="0.00"/>
        <vehicle id="7" x="601.65" y="223.38" angle="180.00" type="DEFAULT_VEHTYPE" speed="11.71" pos="18.63" lane="3/1to3/2_0" slope="0.00"/>
        <vehicle id="8" x="798.01" y="198.35" angle="90.00" type="DEFAULT_VEHTYPE" speed="12.72" pos="193.26" lane="3/1to4/1_0" slope="0.00"/>
        <vehicle id="9" x="201.65" y="577.80" angle="180.00" type="DEFAULT_VEHTYPE" speed="13.71" pos="173.05" lane="1/2to1/3_0" slope="0.00"/>
    </timestep>
    <timestep time="332.00">
        <vehicle id="0" x="198.35" y="115.05" angle="0.00" type="DEFAULT_VEHTYPE" speed="13.23" pos="80.20" lane="1/1to1/0_0" slope="0.00"/>
        <vehicle id="1" x="51.25" y="201.65" angle="-90.00" type="DEFAULT_VEHTYPE" speed="13.24" pos="144.00" lane="1/1to0/1_0" slope="0.00"/>
        <vehicle id="10" x="201.65" y="33.18" angle="180.00" type="DEFAULT_VEHTYPE" speed="13.32" pos="33.18" lane="1/0to1/1_0" slope="0.00"/>
        <vehicle id="11" x="198.35" y="23.09" angle="0.00" type="DEFAULT_VEHTYPE" speed="13.57" pos="172.16" lane="1/1to1/0_0" slope="0.00"/>
        <vehicle id="12" x="612.42" y="201.65" angle="-90.00" type="DEFAULT_VEHTYPE" speed="6.46" pos="187.58" lane="4/1to3/1_0" slope="0.00"/>
        <vehicle id="13" x="601.65" y="292.81" angle="180.00" type="DEFAULT_VEHTYPE" speed="13.16" pos="88.06" lane="3/1to3/2_0" slope="0.00"/>
        <vehicle id="14" x="158.29" y="198.35" angle="90.00" type="DEFAULT_VEHTYPE" speed="13.36" pos="158.29" lane="0/1to1/1_0" slope="0.00"/>
        <vehicle id="4" x="527.10" y="198.35" angle="90.00" type="DEFAULT_VEHTYPE" speed="12.77" pos="122.35" lane="2/1to3/1_0" slope="0.00"/>
        <vehicle id="5" x="364.32" y="401.65" angle="-90.00" type="DEFAULT_VEHTYPE" speed="12.66" pos="30.93" lane="2/2to1/2_0" slope="0.00"/>
        <vehicle id="7" x="601.65" y="236.28" angle="180.00" type="DEFAULT_VEHTYPE" speed="12.90" pos="31.53" lane="3/1to3/2_0" slope="0.00"/>
        <vehicle id="8" x="793.62" y="201.65" angle="-90.00" type="DEFAULT_VEHTYPE" speed="13.18" pos="6.38" lane="4/1to3/1_0" slope="0.00"/>
        <vehicle id="9" x="201.65" y="591.64" angle="180.00" type="DEFAULT_VEHTYPE" speed="13.84" pos="186.89" lane="1/2to1/3_0" slope="0.00"/>
    </timestep>
    <timestep time="333.00">
        <vehicle id="0" x="198.35" y="101.57" angle="0.00" type="DEFAULT_VEHTYPE" speed="13.49" pos="93.68" lane="1/1to1/0_0" slope="0.00"/>
        <vehicle id="1" x="38.37" y="201.65" angle="-90.00" type="DEFAULT_VEHTYPE" speed="12.88" pos="156.88" lane="1/1to0/1_0" slope="0.00"/>
        <vehicle id="10" x="201.65" y="46.93" angle="180.00" type="DEFAULT_VEHTYPE" speed="13.74" pos="46.93" lane="1/0to1/1_0" slope="0.00"/>
        <vehicle id="11" x="198.35" y="9.46" angle="0.00" type="DEFAULT_VEHTYPE" speed="13.63" pos="185.79" lane="1/1to1/0_0" slope="0.00"/>
        <vehicle id="12" x="608.90" y="201.65" angle="-90.00" type="DEFAULT_VEHTYPE" speed="3.52" pos="191.10" lane="4/1to3/1_0" slope="0.00"/>
        <vehicle id="13" x="601.65" y="306.16" angle="180.00" type="DEFAULT_VEHTYPE" speed="13.36" pos="101.41" lane="3/1to3/2_0" slope="0.00"/>
        <vehicle id="14" x="171.03" y="198.35" angle="90.00" type="DEFAULT_VEHTYPE" speed="12.74" pos="171.03" lane="0/1to1/1_0" slope="0.00"/>
        <vehicle id="4" x="540.71" y="198.35" angle="90.00" type="DEFAULT_VEHTYPE" speed="13.61" pos="135.96" lane="2/1to3/1_0" slope="0.00"/>
        <vehicle id="5" x="351.36" y="401.65" angle="-90.00" type="DEFAULT_VEHTYPE" speed="12.96" pos="43.89" lane="2/2to1/2_0" slope="0.00"/>
        <vehicle id="7" x="601.65" y="249.66" angle="180.00" type="DEFAULT_VEHTYPE" speed="13.38" pos="44.91" lane="3/1to3/2_0" slope="0.00"/>
        <vehicle id="8" x="780.36" y="201.65" angle="-90.00" type="DEFAULT_VEHTYPE" speed="13.27" pos="19.64" lane="4/1to3/1_0" slope="0.00"/>
        <vehicle id="9" x="209.75" y="598.35" angle="90.01" type="DEFAULT_VEHTYPE" speed="13.61" pos="5.00" lane="1/3to2/3_0" slope="0.00"/>
    </timestep>
    <timestep time="334.00">
        <vehicle id="0" x="198.35" y="88.72" angle="0.00" type="DEFAULT_VEHTYPE" speed="12.85" pos="106.53" lane="1/1to1/0_0" slope="0.00"/>
        <vehicle id="1" x="25.58" y="201.65" angle="-90.00" type="DEFAULT_VEHTYPE" speed="12.80" pos="169.67" lane="1/1to0/1_0" slope="0.00"/>
        <vehicle id="10" x="201.65" y="60.63" angle="180.00" type="DEFAULT_VEHTYPE" speed="13.70" pos="60.63" lane="1/0to1/1_0" slope="0.00"/>
        <vehicle id="11" x="201.00" y="-0.97" angle="48.87" type="DEFAULT_VEHTYPE" speed="13.11" pos="3.65" lane=":1/0_0_0" slope="0.00"/>
        <vehicle id="12" x="603.90" y="201.77" angle="-91.36" type="DEFAULT_VEHTYPE" speed="5.01" pos="0.86" lane=":3/1_4_0" slope="0.00"/>
        <vehicle id="13" x="601.65" y="319.98" angle="180.00" type="DEFAULT_VEHTYPE" speed="13.82" pos="115.23" lane="3/1to3/2_0" slope="0.00"/>
        <vehicle id="14" x="180.54" y="198.35" angle="90.00" type="DEFAULT_VEHTYPE" speed="9.51" pos="180.54" lane="0/1to1/1_0" slope="0.00"/>
        <vehicle id="4" x="554.05" y="198.35" angle="90.00" type="DEFAULT_VEHTYPE" speed="13.34" pos="149.30" lane="2/1to3/1_0" slope="0.00"/>
        <vehicle id="5" x="338.15" y="401.65" angle="-90.00" type="DEFAULT_VEHTYPE" speed="13.21" pos="57.10" lane="2/2to1/2_0" slope="0.00"/>
        <vehicle id="7" x="601.65" y="262.54" angle="180.00" type="DEFAULT_VEHTYPE" speed="12.88" pos="57.79" lane="3/1to3/2_0" slope="0.00"/>
        <vehicle id="8" x="767.40" y="201.65" angle="-90.00" type="DEFAULT_VEHTYPE" speed="12.96" pos="32.60" lane="4/1to3/1_0" slope="0.00"/>
        <vehicle id="9" x="223.14" y="598.35" angle="90.00" type="DEFAULT_VEHTYPE" speed="13.39" pos="18.39" lane="1/3to2/3_0" slope="0.00"/>
    </timestep>
    <timestep time="335.00">
        <vehicle id="0" x="198.35" y="74.91" angle="0.00" type="DEFAULT_VEHTYPE" speed="13.81" pos="120.34" lane="1/1to1/0_0" slope="0.00"/>
        <vehicle id="1" x="12.95" y="201.65" angle="-90.00" type="DEFAULT_VEHTYPE" speed="12.62" pos="182.30" lane="1/1to0/1_0" slope="0.00"/>
        <vehicle id="10" x="201.65" y="73.40" angle="180.00" type="DEFAULT_VEHTYPE" speed="12.77" pos="73.40" lane="1/0to1/1_0" slope="0.00"/>
        <vehicle id="11" x="201.65" y="12.29" angle="180.00" type="DEFAULT_VEHTYPE" speed="13.45" pos="12.29" lane="1/0to1/1_0" slope="0.00"/>
        <vehicle id="12" x="601.65" y="208.12" angle="-176.26" type="DEFAULT_VEHTYPE" speed="7.51" pos="3.37" lane="3/1to3/2_0" slope="0.00"/>
        <vehicle id="13" x="601.65" y="333.74" angle="180.00" type="DEFAULT_VEHTYPE" speed="13.76" pos="128.99" lane="3/1to3/2_0" slope="0.00"/>
        <vehicle id="14" x="187.32" y="198.35" angle="90.00" type="DEFAULT_VEHTYPE" speed="6.78" pos="187.32" lane="0/1to1/1_0" slope="0.00"/>
        <vehicle id="4" x="567.56" y="198.35" angle="90.00" type="DEFAULT_VEHTYPE" speed="13.51" pos="162.81" lane="2/1to3/1_0" slope="0.00"/>
        <vehicle id="5" x="324.36" y="401.65" angle="-90.00" type="DEFAULT_VEHTYPE" speed="13.78" pos="70.89" lane="2/2to1/2_0" slope="0.00"/>
        <vehicle id="7" x="601.65" y="275.65" angle="180.00" type="DEFAULT_VEHTYPE" speed="13.11" pos="70.90" lane="3/1to3/2_0" slope="0.00"/>
        <vehicle id="8" x="754.70" y="201.65" angle="-90.00" type="DEFAULT_VEHTYPE" speed="12.70" pos="45.30" lane="4/1to3/1_0" slope="0.00"/>
        <vehicle id="9" x="235.84" y="598.35" angle="90.00" type="DEFAULT_VEHTYPE" speed="12.71" pos="31.09" lane="1/3to2/3_0" slope="0.00"/>
    </timestep>
    <timestep time="336.00">
        <vehicle id="0" x="198.35" y="61.26" angle="0.00" type="DEFAULT_VEHTYPE" speed="13.65" pos="133.99" lane="1/1to1/0_0" slope="0.00"/>
        <vehicle id="1" x="-0.71" y="201.18" angle="-84.45" type="DEFAULT_VEHTYPE" speed="13.81" pos="0.86" lane=":0/1_0_0" slope="0.00"/>
        <vehicle id="10" x="201.65" y="86.71" angle="180.00" type="DEFAULT_VEHTYPE" speed="13.32" pos="86.71" lane="1/0to1/1_0" slope="0.00"/>
        <vehicle id="11" x="201.65" y="25.54" angle="180.00" type="DEFAULT_VEHTYPE" speed="13.25" pos="25.54" lane="1/0to1/1_0" slope="0.00"/>
        <vehicle id="12" x="601.65" y="218.13" angle="180.00" type="DEFAULT_VEHTYPE" speed="10.01" pos="13.38" lane="3/1to3/2_0" slope="0.00"/>
        <vehicle id="13" x="601.65" y="346.54" angle="180.00" type="DEFAULT_VEHTYPE" speed="12.80" pos="141.79" lane="3/1to3/2_0" slope="0.00"/>
        <vehicle id="14" x="190.46" y="198.35" angle="90.00" type="DEFAULT_VEHTYPE" speed="3.14" pos="190.46" lane="0/1to1/1_0" slope="0.00"/>
        <vehicle id="4" x="578.49" y="198.35" angle="90.00" type="DEFAULT_VEHTYPE" speed="10.93" pos="173.74" lane="2/1to3/1_0" slope="0.00"/>
        <vehicle id="5" x="310.54" y="401.65" angle="-90.00" type="DEFAULT_VEHTYPE" speed="13.82" pos="84.71" lane="2/2to1/2_0" slope="0.00"/>
        <vehicle id="7" x="601.65" y="289.23" angle="180.00" type="DEFAULT_VEHTYPE" speed="13.57" pos="84.48" lane="3/1to3/2_0" slope="0.00"/>
        <vehicle id="8" x="741.86" y="201.65" angle="-90.00" type="DEFAULT_VEHTYPE" speed="12.84" pos="58.14" lane="4/1to3/1_0" slope="0.00"/>
        <vehicle id="9" x="249.11" y="598.35" angle="90.00" type="DEFAULT_VEHTYPE" speed="13.27" pos="44.36" lane="1/3to2/3_0" slope="0.00"/>
    </timestep>
    <timestep time="337.00">
        <vehicle id="0" x="198.35" y="48.52" angle="0.00" type="DEFAULT_VEHTYPE" speed="12.74" pos="146.73" lane="1/1to1/0_0" slope="0.00"/>
        <vehicle id="1" x="8.72" y="198.35" angle="90.00" type="DEFAULT_VEHTYPE" speed="12.68" pos="8.72" lane="0/1to1/1_0" slope="0.00"/>
        <vehicle id="10" x="201.65" y="100.55" angle="180.00" type="DEFAULT_VEHTYPE" speed="13.84" pos="100.55" lane="1/0to1/1_0" slope="0.00"/>
        <vehicle id="11" x="201.65" y="39.13" angle="180.00" type="DEFAULT_VEHTYPE" speed="13.59" pos="39.13" lane="1/0to1/1_0" slope="0.00"/>
        <vehicle id="12" x="601.65" y="230.35" angle="180.00" type="DEFAULT_VEHTYPE" speed="12.22" pos="25.60" lane="3/1to3/2_0" slope="0.00"/>
        <vehicle id="13" x="601.65" y="359.72" angle="180.00" type="DEFAULT_VEHTYPE" speed="13.18" pos="154.97" lane="3/1to3/2_0" slope="0.00"/>
        <vehicle id="14" x="195.48" y="198.32" angle="89.63" type="DEFAULT_VEHTYPE" speed="5.02" pos="0.23" lane=":1/1_12_0" slope="0.00"/>
        <vehicle id="4" x="585.70" y="198.35" angle="90.00" type="DEFAULT_VEHTYPE" speed="7.21" pos="180.95" lane="2/1to3/1_0" slope="0.00"/>
        <vehicle id="5" x="296.72" y="401.65" angle="-90.00" type="DEFAULT_VEHTYPE" speed="13.82" pos="98.53" lane="2/2to1/2_0" slope="0.00"/>
        <vehicle id="7" x="601.65" y="303.00" angle="180.00" type="DEFAULT_VEHTYPE" speed="13.77" pos="98.25" lane="3/1to3/2_0" slope="0.00"/>
        <vehicle id="8" x="728.12" y="201.65" angle="-90.00" type="DEFAULT_VEHTYPE" speed="13.74" pos="71.88" lane="4/1to3/1_0" slope="0.00"/>
        <vehicle id="9" x="262.68" y="598.35" angle="90.00" type="DEFAULT_VEHTYPE" speed="13.57" pos="57.93" lane="1/3to2/3_0" slope="0.00"/>
    </timestep>
    <timestep time="338.00">
        <vehicle id="0" x="198.35" y="35.58" angle="0.00" type="DEFAULT_VEHTYPE" speed="12.94" pos="159.67" lane="1/1to1/0_0" slope="0.00"/>
        <vehicle id="1" x="21.67" y="198.35" angle="90.00" type="DEFAULT_VEHTYPE" speed="12.95" pos="21.67" lane="0/1to1/1_0" slope="0.00"/>
        <vehicle id="10" x="201.65" y="113.19" angle="180.00" type="DEFAULT_VEHTYPE" speed="12.65" pos="113.19" lane="1/0to1/1_0" slope="0.00"/>
        <vehicle id="11" x="201.65" y="51.92" angle="180.00" type="DEFAULT_VEHTYPE" speed="12.78" pos="51.92" lane="1/0to1/1_0" slope="0.00"/>
        <vehicle id="12" x="601.65" y="243.93" angle="180.00" type="DEFAULT_VEHTYPE" speed="13.58" pos="39.18" lane="3/1to3/2_0" slope="0.00"/>
        <vehicle id="13" x="601.65" y="372.04" angle="180.00" type="DEFAULT_VEHTYPE" speed="12.32" pos="167.29" lane="3/1to3/2_0" slope="0.00"/>
        <vehicle id="14" x="198.35" y="192.99" angle="11.82" type="DEFAULT_VEHTYPE" speed="7.03" pos="2.26" lane="1/1to1/0_0" slope="0.00"/>
        <vehicle id="4" x="589.71" y="198.35" angle="90.00" type="DEFAULT_VEHTYPE" speed="4.02" pos="184.96" lane="2/1to3/1_0" slope="0.00"/>
        <vehicle id="5" x="283.92" y="401.65" angle="-90.00" type="DEFAULT_VEHTYPE" speed="12.79" pos="111.33" lane="2/2to1/2_0" slope="0.00"/>
        <vehicle id="7" x="601.65" y="316.81" angle="180.00" type="DEFAULT_VEHTYPE" speed="13.82" pos="112.06" lane="3/1to3/2_0" slope="0.00"/>
        <vehicle id="8" x="715.16" y="201.65" angle="-90.00" type="DEFAULT_VEHTYPE" speed="12.97" pos="84.84" lane="4/1to3/1_0" slope="0.00"/>
        <vehicle id="9" x="276.33" y="598.35" angle="90.00" type="DEFAULT_VEHTYPE" speed="13.65" pos="71.58" lane="1/3to2/3_0" slope="0.00"/>
    </timestep>
    <timestep time="339.00">
        <vehicle id="0" x="198.35" y="21.77" angle="0.00" type="DEFAULT_VEHTYPE" speed="13.81" pos="173.48" lane="1/1to1/0_0" slope="0.00"/>
        <vehicle id="1" x="35.04" y="198.35" angle="90.00" type="DEFAULT_VEHTYPE" speed="13.37" pos="35.04" lane="0/1to1/1_0" slope="0.00"/>
        <vehicle id="10" x="201.65" y="126.23" angle="180.00" type="DEFAULT_VEHTYPE" speed="13.04" pos="126.23" lane="1/0to1/1_0" slope="0.00"/>
        <vehicle id="11" x="201.65" y="65.08" angle="180.00" type="DEFAULT_VEHTYPE" speed="13.16" pos="65.08" lane="1/0to1/1_0" slope="0.00"/>
        <vehicle id="12" x="601.65" y="257.50" angle="180.00" type="DEFAULT_VEHTYPE" speed="13.58" pos="52.75" lane="3/1to3/2_0" slope="0.00"/>
        <vehicle id="13" x="601.65" y="380.79" angle="180.00" type="DEFAULT_VEHTYPE" speed="8.75" pos="176.04" lane="3/1to3/2_0" slope="0.00"/>
        <vehicle id="14" x="198.35" y="184.64" angle="0.00" type="DEFAULT_VEHTYPE" speed="8.36" pos="10.61" lane="1/1to1/0_0" slope="0.00"/>
        <vehicle id="4" x="595.03" y="198.35" angle="90.00" type="DEFAULT_VEHTYPE" speed="5.32" pos="190.28" lane="2/1to3/1_0" slope="0.00"/>
        <vehicle id="5" x="270.67" y="401.65" angle="-90.00" type="DEFAULT_VEHTYPE" speed="13.25" pos="124.58" lane="2/2to1/2_0" slope="0.00"/>
        <vehicle id="7" x="601.65" y="330.60" angle="180.00" type="DEFAULT_VEHTYPE" speed="13.79" pos="125.85" lane="3/1to3/2_0" slope="0.00"/>
        <vehicle id="8" x="701.45" y="201.65" angle="-90.00" type="DEFAULT_VEHTYPE" speed="13.70" pos="98.55" lane="4/1to3/1_0" slope="0.00"/>
        <vehicle id="9" x="290.06" y="598.35" angle="90.00" type="DEFAULT_VEHTYPE" speed="13.72" pos="85.31" lane="1/3to2/3_0" slope="0.00"/>
    </timestep>
    <timestep time="340.00">
        <vehicle id="0" x="198.35" y="8.38" angle="0.00" type="DEFAULT_VEHTYPE" speed="13.39" pos="186.87" lane="1/1to1/0_0" slope="0.00"/>
        <vehicle id="1" x="48.56" y="198.35" angle="90.00" type="DEFAULT_VEHTYPE" speed="13.52" pos="48.56" lane="0/1to1/1_0" slope="0.00"/>
        <vehicle id="10" x="201.65" y="139.64" angle="180.00" type="DEFAULT_VEHTYPE" speed="13.41" pos="139.64" lane="1/0to1/1_0" slope="0.00"/>
        <vehicle id="11" x="201.65" y="77.76" angle="180.00" type="DEFAULT_VEHTYPE" speed="12.69" pos="77.76" lane="1/0to1/1_0" slope="0.00"/>
        <vehicle id="12" x="601.65" y="270.22" angle="180.00" type="DEFAULT_VEHTYPE" speed="12.72" pos="65.47" lane="3/1to3/2_0" slope="0.00"/>
        <vehicle id="13" x="601.65" y="387.27" angle="180.00" type="DEFAULT_VEHTYPE" speed="6.48" pos="182.52" lane="3/1to3/2_0" slope="0.00"/>
        <vehicle id="14" x="198.35" y="174.52" angle="0.00" type="DEFAULT_VEHTYPE" speed="10.12" pos="20.73" lane="1/1to1/0_0" slope="0.00"/>
        <vehicle id="4" x="600.85" y="201.29" angle="124.63" type="DEFAULT_VEHTYPE" speed="6.94" pos="6.72" lane=":3/1_14_0" slope="0.00"/>
        <vehicle id="5" x="256.87" y="401.65" angle="-90.00" type="DEFAULT_VEHTYPE" speed="13.80" pos="138.38" lane="2/2to1/2_0" slope="0.00"/>
        <vehicle id="7" x="601.65" y="343.32" angle="180.00" type="DEFAULT_VEHTYPE" speed="12.71" pos="138.57" lane="3/1to3/2_0" slope="0.00"/>
        <vehicle id="8" x="688.01" y="201.65" angle="-90.00" type="DEFAULT_VEHTYPE" speed="13.44" pos="111.99" lane="4/1to3/1_0" slope="0.00"/>
        <vehicle id="9" x="302.91" y="598.35" angle="90.00" type="DEFAULT_VEHTYPE" speed="12.86" pos="98.16" lane="1/3to2/3_0" slope="0.00"/>
    </timestep>
    <timestep time="341.00">
        <vehicle id="0" x="201.55" y="-0.15" angle="81.00" type="DEFAULT_VEHTYPE" speed="13.02" pos="4.64" lane=":1/0_0_0" slope="0.00"/>
        <vehicle id="1" x="61.33" y="198.35" angle="90.00" type="DEFAULT_VEHTYPE" speed="12.77" pos="61.33" lane="0/1to1/1_0" slope="0.00"/>
        <vehicle id="10" x="201.65" y="152.69" angle="180.00" type="DEFAULT_VEHTYPE" speed="13.05" pos="152.69" lane="1/0to1/1_0" slope="0.00"/>
        <vehicle id="11" x="201.65" y="91.38" angle="180.00" type="DEFAULT_VEHTYPE" speed="13.62" pos="91.38" lane="1/0to1/1_0" slope="0.00"/>
        <vehicle id="12" x="601.65" y="283.66" angle="180.00" type="DEFAULT_VEHTYPE" speed="13.44" pos="78.91" lane="3/1to3/2_0" slope="0.00"/>
        <vehicle id="13" x="601.65" y="390.51" angle="180.00" type="DEFAULT_VEHTYPE" speed="3.24" pos="185.76" lane="3/1to3/2_0" slope="0.00"/>
        <vehicle id="14" x="198.35" y="163.02" angle="0.00" type="DEFAULT_VEHTYPE" speed="11.50" pos="32.23" lane="1/1to1/0_0" slope="0.00"/>
        <vehicle id="4" x="601.65" y="209.47" angle="179.55" type="DEFAULT_VEHTYPE" speed="8.32" pos="4.72" lane="3/1to3/2_0" slope="0.00"/>
        <vehicle id="5" x="243.41" y="401.65" angle="-90.00" type="DEFAULT_VEHTYPE" speed="13.46" pos="151.84" lane="2/2to1/2_0" slope="0.00"/>
        <vehicle id="7" x="601.65" y="356.04" angle="180.00" type="DEFAULT_VEHTYPE" speed="12.73" pos="151.29" lane="3/1to3/2_0" slope="0.00"/>
        <vehicle id="8" x="675.03" y="201.65" angle="-90.00" type="DEFAULT_VEHTYPE" speed="12.98" pos="124.97" lane="4/1to3/1_0" slope="0.00"/>
        <vehicle id="9" x="316.63" y="598.35" angle="90.00" type="DEFAULT_VEHTYPE" speed="13.71" pos="111.88" lane="1/3to2/3_0" slope="0.00"/>
    </timestep>
    <timestep time="342.00">
        <vehicle id="0" x="201.65" y="12.71" angle="180.00" type="DEFAULT_VEHTYPE" speed="12.89" pos="12.71" lane="1/0to1/1_0" slope="0.00"/>
        <vehicle id="1" x="75.21" y="198.35" angle="90.00" type="DEFAULT_VEHTYPE" speed="13.88" pos="75.21" lane="0/1to1/1_0" slope="0.00"/>
        <vehicle id="10" x="201.65" y="166.16" angle="180.00" type="DEFAULT_VEHTYPE" speed="13.47" pos="166.16" lane="1/0to1/1_0" slope="0.00"/>
        <vehicle id="11" x="201.65" y="104.90" angle="180.00" type="DEFAULT_VEHTYPE" speed="13.52" pos="104.90" lane="1/0to1/1_0" slope="0.00"/>
        <vehicle id="12" x="601.65" y="297.12" angle="180.00" type="DEFAULT_VEHTYPE" speed="13.46" pos="92.37" lane="3/1to3/2_0" slope="0.00"/>
        <vehicle id="13" x="601.61" y="395.56" angle="-179.50" type="DEFAULT_VEHTYPE" speed="5.05" pos="0.31" lane=":3/2_10_0" slope="0.00"/>
        <vehicle id="14" x="198.35" y="150.14" angle="0.00" type="DEFAULT_VEHTYPE" speed="12.88" pos="45.11" lane="1/1to1/0_0" slope="0.00"/>
        <vehicle id="4" x="601.65" y="220.22" angle="180.00" type="DEFAULT_VEHTYPE" speed="10.74" pos="15.47" lane="3/1to3/2_0" slope="0.00"/>
        <vehicle id="5" x="229.66" y="401.65" angle="-90.00" type="DEFAULT_VEHTYPE" speed="13.75" pos="165.59" lane="2/2to1/2_0" slope="0.00"/>
        <vehicle id="7" x="601.65" y="367.43" angle="180.00" type="DEFAULT_VEHTYPE" speed="11.39" pos="162.68" lane="3/1to3/2_0" slope="0.00"/>
        <vehicle id="8" x="662.00" y="201.65" angle="-90.00" type="DEFAULT_VEHTYPE" speed="13.04" pos="138.00" lane="4/1to3/1_0" slope="0.00"/>
        <vehicle id="9" x="329.26" y="598.35" angle="90.00" type="DEFAULT_VEHTYPE" speed="12.64" pos="124.51" lane="1/3to2/3_0" slope="0.00"/>
    </timestep>
    <timestep time="343.00">
        <vehicle id="0" x="201.65" y="26.17" angle="180.00" type="DEFAULT_VEHTYPE" speed="13.46" pos="26.17" lane="1/0to1/1_0" slope="0.00"/>
        <vehicle id="1" x="88.14" y="198.35" angle="90.00" type="DEFAULT_VEHTYPE" speed="12.93" pos="88.14" lane="0/1to1/1_0" slope="0.00"/>
        <vehicle id="10" x="201.65" y="179.97" angle="180.00" type="DEFAULT_VEHTYPE" speed="13.81" pos="179.97" lane="1/0to1/1_0" slope="0.00"/>
        <vehicle id="11" x="201.65" y="117.89" angle="180.00" type="DEFAULT_VEHTYPE" speed="12.99" pos="117.89" lane="1/0to1/1_0" slope="0.00"/>
        <vehicle id="12" x="601.65" y="310.37" angle="180.00" type="DEFAULT_VEHTYPE" speed="13.26" pos="105.62" lane="3/1to3/2_0" slope="0.00"/>
        <vehicle id="13" x="598.38" y="401.05" angle="-141.43" type="DEFAULT_VEHTYPE" speed="6.79" pos="7.10" lane=":3/2_10_0" slope="0.00"/>
        <vehicle id="14" x="198.35" y="136.96" angle="0.00" type="DEFAULT_VEHTYPE" speed="13.18" pos="58.29" lane="1/1to1/0_0" slope="0.00"/>
        <vehicle id="4" x="601.65" y="233.46" angle="180.00" type="DEFAULT_VEHTYPE" speed="13.24" pos="28.71" lane="3/1to3/2_0" slope="0.00"/>
        <vehicle id="5" x="220.24" y="401.65" angle="-90.00" type="DEFAULT_VEHTYPE" speed="9.41" pos="175.01" lane="2/2to1/2_0" slope="0.00"/>
        <vehicle id="7" x="601.65" y="378.63" angle="180.00" type="DEFAULT_VEHTYPE" speed="11.20" pos="173.88" lane="3/1to3/2_0" slope="0.00"/>
        <vehicle id="8" x="649.21" y="201.65" angle="-90.00" type="DEFAULT_VEHTYPE" speed="12.78" pos="150.79" lane="4/1to3/1_0" slope="0.00"/>
        <vehicle id="9" x="342.00" y="598.35" angle="90.00" type="DEFAULT_VEHTYPE" speed="12.74" pos="137.25" lane="1/3to2/3_0" slope="0.00"/>
    </timestep>
    <timestep time="344.00">
        <vehicle id="0" x="201.65" y="40.03" angle="180.00" type="DEFAULT_VEHTYPE" speed="13.87" pos="40.03" lane="1/0to1/1_0" slope="0.00"/>
        <vehicle id="1" x="100.88" y="198.35" angle="90.00" type="DEFAULT_VEHTYPE" speed="12.75" pos="100.88" lane="0/1to1/1_0" slope="0.00"/>
        <vehicle id="10" x="201.65" y="192.60" angle="180.00" type="DEFAULT_VEHTYPE" speed="12.63" pos="192.60" lane="1/0to1/1_0" slope="0.00"/>
        <vehicle id="11" x="201.65" y="130.98" angle="180.00" type="DEFAULT_VEHTYPE" speed="13.09" pos="130.98" lane="1/0to1/1_0" slope="0.00"/>
        <vehicle id="12" x="601.65" y="323.74" angle="180.00" type="DEFAULT_VEHTYPE" speed="13.36" pos="118.99" lane="3/1to3/2_0" slope="0.00"/>
        <vehicle id="13" x="589.56" y="401.65" angle="-90.00" type="DEFAULT_VEHTYPE" speed="8.91" pos="5.69" lane="3/2to2/2_0" slope="0.00"/>
        <vehicle id="14" x="198.35" y="123.29" angle="0.00" type="DEFAULT_VEHTYPE" speed="13.67" pos="71.96" lane="1/1to1/0_0" slope="0.00"/>
        <vehicle id="4" x="601.65" y="246.49" angle="180.00" type="DEFAULT_VEHTYPE" speed="13.03" pos="41.74" lane="3/1to3/2_0" slope="0.00"/>
        <vehicle id="5" x="213.72" y="401.65" angle="-90.00" type="DEFAULT_VEHTYPE" speed="6.53" pos="181.53" lane="2/2to1/2_0" slope="0.00"/>
        <vehicle id="7" x="601.65" y="385.99" angle="180.00" type="DEFAULT_VEHTYPE" speed="7.36" pos="181.24" lane="3/1to3/2_0" slope="0.00"/>
        <vehicle id="8" x="636.45" y="201.65" angle="-90.00" type="DEFAULT_VEHTYPE" speed="12.76" pos="163.55" lane="4/1to3/1_0" slope="0.00"/>
        <vehicle id="9" x="355.70" y="598.35" angle="90.00" type="DEFAULT_VEHTYPE" speed="13.69" pos="150.95" lane="1/3to2/3_0" slope="0.00"/>
    </timestep>
    <timestep time="345.00">
        <vehicle id="0" x="201.65" y="53.13" angle="180.00" type="DEFAULT_VEHTYPE" speed="13.10" pos="53.13" lane="1/0to1/1_0" slope="0.00"/>
        <vehicle id="1" x="114.44" y="198.35" angle="90.00" type="DEFAULT_VEHTYPE" speed="13.56" pos="114.44" lane="0/1to1/1_0" slope="0.00"/>
        <vehicle id="10" x="210.89" y="198.35" angle="90.00" type="DEFAULT_VEHTYPE" speed="13.79" pos="6.14" lane="1/1to2/1_0" slope="0.00"/>
        <vehicle id="11" x="201.65" y="144.47" angle="180.00" type="DEFAULT_VEHTYPE" speed="13.49" pos="144.47" lane="1/0to1/1_0" slope="0.00"/>
        <vehicle id="12" x="601.65" y="336.70" angle="180.00" type="DEFAULT_VEHTYPE" speed="12.96" pos="131.95" lane="3/1to3/2_0" slope="0.00"/>
        <vehicle id="13" x="578.66" y="401.65" angle="-90.00" type="DEFAULT_VEHTYPE" speed="10.90" pos="16.59" lane="3/2to2/2_0" slope="0.00"/>
        <vehicle id="14" x="198.35" y="109.43" angle="0.00" type="DEFAULT_VEHTYPE" speed="13.86" pos="85.82" lane="1/1to1/0_0" slope="0.00"/>
        <vehicle id="4" x="601.65" y="259.47" angle="180.00" type="DEFAULT_VEHTYPE" speed="12.98" pos="54.72" lane="3/1to3/2_0" slope="0.00"/>
        <vehicle id="5" x="209.87" y="401.65" angle="-90.00" type="DEFAULT_VEHTYPE" speed="3.85" pos="185.38" lane="2/2to1/2_0" slope="0.00"/>
        <vehicle id="7" x="601.65" y="389.42" angle="180.00" type="DEFAULT_VEHTYPE" speed="3.42" pos="184.67" lane="3/1to3/2_0" slope="0.00"/>
        <vehicle id="8" x="624.93" y="201.65" angle="-90.00" type="DEFAULT_VEHTYPE" speed="11.52" pos="175.07" lane="4/1to3/1_0" slope="0.00"/>
        <vehicle id="9" x="369.35" y="598.35" angle="90.00" type="DEFAULT_VEHTYPE" speed="13.65" pos="164.60" lane="1/3to2/3_0" slope="0.00"/>
    </timestep>
    <timestep time="346.00">
        <vehicle id="0" x="201.65" y="66.30" angle="180.00" type="DEFAULT_VEHTYPE" speed="13.17" pos="66.30" lane="1/0to1/1_0" slope="0.00"/>
        <vehicle id="1" x="127.36" y="198.35" angle="90.00" type="DEFAULT_VEHTYPE" speed="12.92" pos="127.36" lane="0/1to1/1_0" slope="0.00"/>
        <vehicle id="10" x="224.47" y="198.35" angle="90.00" type="DEFAULT_VEHTYPE" speed="13.57" pos="19.72" lane="1/1to2/1_0" slope="0.00"/>
        <vehicle id="11" x="201.65" y="158.26" angle="180.00" type="DEFAULT_VEHTYPE" speed="13.79" pos="158.26" lane="1/0to1/1_0" slope="0.00"/>
        <vehicle id="12" x="601.65" y="350.42" angle="180.00" type="DEFAULT_VEHTYPE" speed="13.72" pos="145.67" lane="3/1to3/2_0" slope="0.00"/>
        <vehicle id="13" x="566.17" y="401.65" angle="-90.00" type="DEFAULT_VEHTYPE" speed="12.49" pos="29.08" lane="3/2to2/2_0" slope="0.00"/>
        <vehicle id="14" x="198.35" y="96.73" angle="0.00" type="DEFAULT_VEHTYPE" speed="12.69" pos="98.52" lane="1/1to1/0_0" slope="0.00"/>
        <vehicle id="4" x="601.65" y="272.37" angle="180.00" type="DEFAULT_VEHTYPE" speed="12.90" pos="67.62" lane="3/1to3/2_0" slope="0.00"/>
        <vehicle id="5" x="203.72" y="401.50" angle="-88.32" type="DEFAULT_VEHTYPE" speed="6.15" pos="1.04" lane=":1/2_6_0" slope="0.00"/>
        <vehicle id="7" x="601.65" y="394.51" angle="180.00" type="DEFAULT_VEHTYPE" speed="5.09" pos="189.76" lane="3/1to3/2_0" slope="0.00"/>
        <vehicle id="8" x="616.05" y="201.65" angle="-90.00" type="DEFAULT_VEHTYPE" speed="8.89" pos="183.95" lane="4/1to3/1_0" slope="0.00"/>
        <vehicle id="9" x="378.98" y="598.35" angle="90.00" type="DEFAULT_VEHTYPE" speed="9.63" pos="174.23" lane="1/3to2/3_0" slope="0.00"/>
    </timestep>
    <timestep time="347.00">
        <vehicle id="0" x="201.65" y="80.03" angle="180.00" type="DEFAULT_VEHTYPE" speed="13.73" pos="80.03" lane="1/0to1/1_0" slope="0.00"/>
        <vehicle id="1" x="140.36" y="198.35" angle="90.00" type="DEFAULT_VEHTYPE" speed="13.00" pos="140.36" lane="0/1to1/1_0" slope="0.00"/>
        <vehicle id="10" x="237.50" y="198.35" angle="90.00" type="DEFAULT_VEHTYPE" speed="13.03" pos="32.75" lane="1/1to2/1_0" slope="0.00"/>
        <vehicle id="11" x="201.65" y="172.02" angle="180.00" type="DEFAULT_VEHTYPE" speed="13.76" pos="172.02" lane="1/0to1/1_0" slope="0.00"/>
        <vehicle id="12" x="601.65" y="363.18" angle="180.00" type="DEFAULT_VEHTYPE" speed="12.76" pos="158.43" lane="3/1to3/2_0" slope="0.00"/>
        <vehicle id="13" x="553.05" y="401.65" angle="-90.00" type="DEFAULT_VEHTYPE" speed="13.12" pos="42.20" lane="3/2to2/2_0" slope="0.00"/>
        <vehicle id="14" x="198.35" y="83.49" angle="0.00" type="DEFAULT_VEHTYPE" speed="13.24" pos="111.76" lane="1/1to1/0_0" slope="0.00"/>
        <vehicle id="4" x="601.65" y="285.16" angle="180.00" type="DEFAULT_VEHTYPE" speed="12.79" pos="80.41" lane="3/1to3/2_0" slope="0.00"/>
        <vehicle id="5" x="198.47" y="396.06" angle="-25.34" type="DEFAULT_VEHTYPE" speed="8.47" pos="9.50" lane=":1/2_6_0" slope="0.00"/>
        <vehicle id="7" x="599.57" y="400.34" angle="-155.73" type="DEFAULT_VEHTYPE" speed="6.45" pos="5.71" lane=":3/2_10_0" slope="0.00"/>
        <vehicle id="8" x="611.54" y="201.65" angle="-90.00" type="DEFAULT_VEHTYPE" speed="4.50" pos="188.46" lane="4/1to3/1_0" slope="0.00"/>
        <vehicle id="9" x="386.27" y="598.35" angle="90.00" type="DEFAULT_VEHTYPE" speed="7.30" pos="181.52" lane="1/3to2/3_0" slope="0.00"/>
    </timestep>
    <timestep time="348.00">
        <vehicle id="0" x="201.65" y="93.64" angle="180.00" type="DEFAULT_VEHTYPE" speed="13.61" pos="93.64" lane="1/0to1/1_0" slope="0.00"/>
        <vehicle id="1" x="153.78" y="198.35" angle="90.00" type="DEFAULT_VEHTYPE" speed="13.42" pos="153.78" lane="0/1to1/1_0" slope="0.00"/>
        <vehicle id="10" x="251.22" y="198.35" angle="90.00" type="DEFAULT_VEHTYPE" speed="13.72" pos="46.47" lane="1/1to2/1_0" slope="0.00"/>
        <vehicle id="11" x="201.65" y="185.16" angle="180.00" type="DEFAULT_VEHTYPE" speed="13.14" pos="185.16" lane="1/0to1/1_0" slope="0.00"/>
        <vehicle id="12" x="601.65" y="374.54" angle="180.00" type="DEFAULT_VEHTYPE" speed="11.36" pos="169.79" lane="3/1to3/2_0" slope="0.00"/>
        <vehicle id="13" x="540.22" y="401.65" angle="-90.00" type="DEFAULT_VEHTYPE" speed="12.83" pos="55.03" lane="3/2to2/2_0" slope="0.00"/>
        <vehicle id="14" x="198.35" y="69.72" angle="0.00" type="DEFAULT_VEHTYPE" speed="13.78" pos="125.53" lane="1/1to1/0_0" slope="0.00"/>
        <vehicle id="4" x="601.65" y="298.72" angle="180.00" type="DEFAULT_VEHTYPE" speed="13.57" pos="93.97" lane="3/1to3/2_0" slope="0.00"/>
        <vehicle id="5" x="198.35" y="385.48" angle="0.00" type="DEFAULT_VEHTYPE" speed="10.58" pos="9.77" lane="1/2to1/1_0" slope="0.00"/>
        <vehicle id="7" x="591.00" y="401.65" angle="-91.21" type="DEFAULT_VEHTYPE" speed="8.86" pos="4.25" lane="3/2to2/2_0" slope="0.00"/>
        <vehicle id="8" x="604.92" y="201.65" angle="-90.00" type="DEFAULT_VEHTYPE" speed="6.62" pos="195.08" lane="4/1to3/1_0" slope="0.00"/>
        <vehicle id="9" x="390.55" y="598.35" angle="90.00" type="DEFAULT_VEHTYPE" speed="4.27" pos="185.80" lane="1/3to2/3_0" slope="0.00"/>
    </timestep>
    <timestep time="349.00">
        <vehicle id="0" x="201.65" y="106.91" angle="180.00" type="DEFAULT_VEHTYPE" speed="13.27" pos="106.91" lane="1/0to1/1_0" slope="0.00"/>
        <vehicle id="1" x="167.63" y="198.35" angle="90.00" type="DEFAULT_VEHTYPE" speed="13.85" pos="167.63" lane="0/1to1/1_0" slope="0.00"/>
        <vehicle id="10" x="264.89" y="198.35" angle="90.00" type="DEFAULT_VEHTYPE" speed="13.67" pos="60.14" lane="1/1to2/1_0" slope="0.00"/>
        <vehicle id="11" x="203.27" y="198.09" angle="159.57" type="DEFAULT_VEHTYPE" speed="13.58" pos="3.49" lane=":1/1_8_0" slope="0.00"/>
        <vehicle id="12" x="601.65" y="382.74" angle="180.00" type="DEFAULT_VEHTYPE" speed="8.20" pos="177.99" lane="3/1to3/2_0" slope="0.00"/>
        <vehicle id="13" x="526.68" y="401.65" angle="-90.00" type="DEFAULT_VEHTYPE" speed="13.54" pos="68.57" lane="3/2to2/2_0" slope="0.00"/>
        <vehicle id="14" x="198.35" y="56.82" angle="0.00" type="DEFAULT_VEHTYPE" speed="12.89" pos="138.43" lane="1/1to1/0_0" slope="0.00"/>
        <vehicle id="4" x="601.65" y="311.82" angle="180.00" type="DEFAULT_VEHTYPE" speed="13.10" pos="107.07" lane="3/1to3/2_0" slope="0.00"/>
        <vehicle id="5" x="198.35" y="373.37" angle="0.00" type="DEFAULT_VEHTYPE" speed="12.12" pos="21.88" lane="1/2to1/1_0" slope="0.00"/>
        <vehicle id="7" x="580.22" y="401.65" angle="-90.00" type="DEFAULT_VEHTYPE" speed="10.77" pos="15.03" lane="3/2to2/2_0" slope="0.00"/>
        <vehicle id="8" x="601.65" y="208.44" angle="-177.92" type="DEFAULT_VEHTYPE" speed="8.86" pos="3.69" lane="3/1to3/2_0" slope="0.00"/>
        <vehicle id="9" x="396.62" y="598.55" angle="92.24" type="DEFAULT_VEHTYPE" speed="6.08" pos="1.38" lane=":2/3_14_0" slope="0.00"/>
    </timestep>
    <timestep time="350.00">
        <vehicle id="0" x="201.65" y="120.26" angle="180.00" type="DEFAULT_VEHTYPE" speed="13.34" pos="120.26" lane="1/0to1/1_0" slope="0.00"/>
        <vehicle id="1" x="178.42" y="198.35" angle="90.00" type="DEFAULT_VEHTYPE" speed="10.79" pos="178.42" lane="0/1to1/1_0" slope="0.00"/>
        <vehicle id="10" x="278.31" y="198.35" angle="90.00" type="DEFAULT_VEHTYPE" speed="13.42" pos="73.56" lane="1/1to2/1_0" slope="0.00"/>
        <vehicle id="11" x="216.19" y="198.35" angle="90.00" type="DEFAULT_VEHTYPE" speed="12.95" pos="11.44" lane="1/1to2/1_0" slope="0.00"/>
        <vehicle id="12" x="601.65" y="387.79" angle="180.00" type="DEFAULT_VEHTYPE" speed="5.05" pos="183.04" lane="3/1to3/2_0" slope="0.00"/>
        <vehicle id="13" x="513.81" y="401.65" angle="-90.00" type="DEFAULT_VEHTYPE" speed="12.87" pos="81.44" lane="3/2to2/2_0" slope="0.00"/>
        <vehicle id="14" x="198.35" y="44.22" angle="0.00" type="DEFAULT_VEHTYPE" speed="12.61" pos="151.03" lane="1/1to1/0_0" slope="0.00"/>
        <vehicle id="4" x="601.65" y="325.26" angle="180.00" type="DEFAULT_VEHTYPE" speed="13.44" pos="120.51" lane="3/1to3/2_0" slope="0.00"/>
        <vehicle id="5" x="198.35" y="360.56" angle="0.00" type="DEFAULT_VEHTYPE" speed="12.81" pos="34.69" lane="1/2to1/1_0" slope="0.00"/>
        <vehicle id="7" x="566.97" y="401.65" angle="-90.00" type="DEFAULT_VEHTYPE" speed="13.25" pos="28.28" lane="3/2to2/2_0" slope="0.00"/>
        <vehicle id="8" x="601.65" y="219.79" angle="180.00" type="DEFAULT_VEHTYPE" speed="11.35" pos="15.04" lane="3/1to3/2_0" slope="0.00"/>
        <vehicle id="9" x="401.58" y="604.28" angle="158.12" type="DEFAULT_VEHTYPE" speed="8.46" pos="9.85" lane=":2/3_14_0" slope="0.00"/>
    </timestep>
    <timestep time="351.00">
        <vehicle id="0" x="201.65" y="133.40" angle="180.00" type="DEFAULT_VEHTYPE" speed="13.14" pos="133.40" lane="1/0to1/1_0" slope="0.00"/>
        <vehicle id="1" x="185.09" y="198.35" angle="90.00" type="DEFAULT_VEHTYPE" speed="6.68" pos="185.09" lane="0/1to1/1_0" slope="0.00"/>
        <vehicle id="10" x="291.21" y="198.35" angle="90.00" type="DEFAULT_VEHTYPE" speed="12.90" pos="86.46" lane="1/1to2/1_0" slope="0.00"/>
        <vehicle id="11" x="228.99" y="198.35" angle="90.00" type="DEFAULT_VEHTYPE" speed="12.80" pos="24.24" lane="1/1to2/1_0" slope="0.00"/>
        <vehicle id="12" x="601.65" y="390.58" angle="180.00" type="DEFAULT_VEHTYPE" speed="2.79" pos="185.83" lane="3/1to3/2_0" slope="0.00"/>
        <vehicle id="13" x="500.46" y="401.65" angle="-90.00" type="DEFAULT_VEHTYPE" speed="13.35" pos="94.79" lane="3/2to2/2_0" slope="0.00"/>
        <vehicle id="14" x="198.35" y="31.17" angle="0.00" type="DEFAULT_VEHTYPE" speed="13.05" pos="164.08" lane="1/1to1/0_0" slope="0.00"/>
        <vehicle id="4" x="601.65" y="338.68" angle="180.00" type="DEFAULT_VEHTYPE" speed="13.42" pos="133.93" lane="3/1to3/2_0" slope="0.00"/>
        <vehicle id="5" x="198.35" y="347.78" angle="0.00" type="DEFAULT_VEHTYPE" speed="12.78" pos="47.47" lane="1/2to1/1_0" slope="0.00"/>
        <vehicle id="7" x="553.73" y="401.65" angle="-90.00" type="DEFAULT_VEHTYPE" speed="13.24" pos="41.52" lane="3/2to2/2_0" slope="0.00"/>
        <vehicle id="8" x="601.65" y="233.34" angle="180.00" type="DEFAULT_VEHTYPE" speed="13.55" pos="28.59" lane="3/1to3/2_0" slope="0.00"/>
        <vehicle id="9" x="401.65" y="615.15" angle="180.00" type="DEFAULT_VEHTYPE" speed="10.87" pos="10.40" lane="2/3to2/4_0" slope="0.00"/>
    </timestep>
    <timestep time="352.00">
        <vehicle id="0" x="201.65" y="146.89" angle="180.00" type="DEFAULT_VEHTYPE" speed="13.49" pos="146.89" lane="1/0to1/1_0" slope="0.00"/>
        <vehicle id="1" x="189.04" y="198.35" angle="90.00" type="DEFAULT_VEHTYPE" speed="3.95" pos="189.04" lane="0/1to1/1_0" slope="0.00"/>
        <vehicle id="10" x="304.96" y="198.35" angle="90.00" type="DEFAULT_VEHTYPE" speed="13.75" pos="100.21" lane="1/1to2/1_0" slope="0.00"/>
        <vehicle id="11" x="242.54" y="198.35" angle="90.00" type="DEFAULT_VEHTYPE" speed="13.56" pos="37.79" lane="1/1to2/1_0" slope="0.00"/>
        <vehicle id="12" x="601.65" y="394.90" angle="180.00" type="DEFAULT_VEHTYPE" speed="4.32" pos="190.15" lane="3/1to3/2_0" slope="0.00"/>
        <vehicle id="13" x="486.66" y="401.65" angle="-90.00" type="DEFAULT_VEHTYPE" speed="13.80" pos="108.59" lane="3/2to2/2_0" slope="0.00"/>
        <vehicle id="14" x="198.35" y="17.45" angle="0.00" type="DEFAULT_VEHTYPE" speed="13.72" pos="177.80" lane="1/1to1/0_0" slope="0.00"/>
        <vehicle id="4" x="601.65" y="351.66" angle="180.00" type="DEFAULT_VEHTYPE" speed="12.99" pos="146.91" lane="3/1to3/2_0" slope="0.00"/>
        <vehicle id="5" x="198.35" y="334.57" angle="0.00" type="DEFAULT_VEHTYPE" speed="13.21" pos="60.68" lane="1/2to1/1_0" slope="0.00"/>
        <vehicle id="7" x="540.58" y="401.65" angle="-90.00" type="DEFAULT_VEHTYPE" speed="13.15" pos="54.67" lane="3/2to2/2_0" slope="0.00"/>
        <vehicle id="8" x="601.65" y="247.00" angle="180.00" type="DEFAULT_VEHTYPE" speed="13.66" pos="42.25" lane="3/1to3/2_0" slope="0.00"/>
        <vehicle id="9" x="401.65" y="627.90" angle="180.00" type="DEFAULT_VEHTYPE" speed="12.75" pos="23.15" lane="2/3to2/4_0" slope="0.00"/>
    </timestep>
    <timestep time="353.00">
        <vehicle id="0" x="201.65" y="160.08" angle="180.00" type="DEFAULT_VEHTYPE" speed="13.19" pos="160.08" lane="1/0to1/1_0" slope="0.00"/>
        <vehicle id="1" x="195.38" y="198.33" angle="89.80" type="DEFAULT_VEHTYPE" speed="6.34" pos="0.13" lane=":1/1_12_0" slope="0.00"/>
        <vehicle id="10" x="317.92" y="198.35" angle="90.00" type="DEFAULT_VEHTYPE" speed="12.96" pos="113.17" lane="1/1to2/1_0" slope="0.00"/>
        <vehicle id="11" x="256.23" y="198.35" angle="90.00" type="DEFAULT_VEHTYPE" speed="13.69" pos="51.48" lane="1/1to2/1_0" slope="0.00"/>
        <vehicle id="12" x="599.38" y="400.45" angle="-153.45" type="DEFAULT_VEHTYPE" speed="6.29" pos="5.94" lane=":3/2_10_0" slope="0.00"/>
        <vehicle id="13" x="473.19" y="401.65" angle="-90.00" type="DEFAULT_VEHTYPE" speed="13.47" pos="122.06" lane="3/2to2/2_0" slope="0.00"/>
        <vehicle id="14" x="198.35" y="4.62" angle="0.00" type="DEFAULT_VEHTYPE" speed="12.83" pos="190.63" lane="1/1to1/0_0" slope="0.00"/>
        <vehicle id="4" x="601.65" y="365.31" angle="180.00" type="DEFAULT_VEHTYPE" speed="13.65" pos="160.56" lane="3/1to3/2_0" slope="0.00"/>
        <vehicle id="5" x="198.35" y="320.68" angle="0.00" type="DEFAULT_VEHTYPE" speed="13.89" pos="74.57" lane="1/2to1/1_0" slope="0.00"/>
        <vehicle id="7" x="527.69" y="401.65" angle="-90.00" type="DEFAULT_VEHTYPE" speed="12.89" pos="67.56" lane="3/2to2/2_0" slope="0.00"/>
        <vehicle id="8" x="601.65" y="259.91" angle="180.00" type="DEFAULT_VEHTYPE" speed="12.91" pos="55.16" lane="3/1to3/2_0" slope="0.00"/>
        <vehicle id="9" x="401.65" y="640.86" angle="180.00" type="DEFAULT_VEHTYPE" speed="12.97" pos="36.11" lane="2/3to2/4_0" slope="0.00"/>
    </timestep>
    <timestep time="354.00">
        <vehicle id="0" x="201.65" y="173.26" angle="180.00" type="DEFAULT_VEHTYPE" speed="13.18" pos="173.26" lane="1/0to1/1_0" slope="0.00"/>
        <vehicle id="1" x="198.35" y="191.92" angle="3.98" type="DEFAULT_VEHTYPE" speed="8.21" pos="3.33" lane="1/1to1/0_0" slope="0.00"/>
        <vehicle id="10" x="330.59" y="198.35" angle="90.00" type="DEFAULT_VEHTYPE" speed="12.67" pos="125.84" lane="1/1to2/1_0" slope="0.00"/>
        <vehicle id="11" x="269.24" y="198.35" angle="90.00" type="DEFAULT_VEHTYPE" speed="13.01" pos="64.49" lane="1/1to2/1_0" slope="0.00"/>
        <vehicle id="12" x="591.01" y="401.65" angle="-91.24" type="DEFAULT_VEHTYPE" speed="8.62" pos="4.24" lane="3/2to2/2_0" slope="0.00"/>
        <vehicle id="13" x="459.58" y="401.65" angle="-90.00" type="DEFAULT_VEHTYPE" speed="13.61" pos="135.67" lane="3/2to2/2_0" slope="0.00"/>
        <vehicle id="14" x="201.65" y="3.24" angle="166.89" type="DEFAULT_VEHTYPE" speed="12.68" pos="3.24" lane="1/0to1/1_0" slope="0.00"/>
        <vehicle id="4" x="601.65" y="376.96" angle="180.00" type="DEFAULT_VEHTYPE" speed="11.65" pos="172.21" lane="3/1to3/2_0" slope="0.00"/>
        <vehicle id="5" x="198.35" y="307.47" angle="0.00" type="DEFAULT_VEHTYPE" speed="13.20" pos="87.78" lane="1/2to1/1_0" slope="0.00"/>
        <vehicle id="7" x="514.37" y="401.65" angle="-90.00" type="DEFAULT_VEHTYPE" speed="13.32" pos="80.88" lane="3/2to2/2_0" slope="0.00"/>
        <vehicle id="8" x="601.65" y="273.58" angle="180.00" type="DEFAULT_VEHTYPE" speed="13.66" pos="68.83" lane="3/1to3/2_0" slope="0.00"/>
        <vehicle id="9" x="401.65" y="653.73" angle="180.00" type="DEFAULT_VEHTYPE" speed="12.87" pos="48.98" lane="2/3to2/4_0" slope="0.00"/>
    </timestep>
    <timestep time="355.00">
        <vehicle id="0" x="201.65" y="185.96" angle="180.00" type="DEFAULT_VEHTYPE" speed="12.70" pos="185.96" lane="1/0to1/1_0" slope="0.00"/>
        <vehicle id="1" x="198.35" y="181.50" angle="0.00" type="DEFAULT_VEHTYPE" speed="10.42" pos="13.75" lane="1/1to1/0_0" slope="0.00"/>
        <vehicle id="10" x="343.29" y="198.35" angle="90.00" type="DEFAULT_VEHTYPE" speed="12.71" pos="138.54" lane="1/1to2/1_0" slope="0.00"/>
        <vehicle id="11" x="282.76" y="198.35" angle="90.00" type="DEFAULT_VEHTYPE" speed="13.52" pos="78.01" lane="1/1to2/1_0" slope="0.00"/>
        <vehicle id="12" x="580.36" y="401.65" angle="-90.00" type="DEFAULT_VEHTYPE" speed="10.65" pos="14.89" lane="3/2to2/2_0" slope="0.00"/>
        <vehicle id="13" x="445.70" y="401.65" angle="-90.00" type="DEFAULT_VEHTYPE" speed="13.89" pos="149.55" lane="3/2to2/2_0" slope="0.00"/>
        <vehicle id="14" x="201.65" y="15.86" angle="180.00" type="DEFAULT_VEHTYPE" speed="12.62" pos="15.86" lane="1/0to1/1_0" slope="0.00"/>
        <vehicle id="4" x="601.65" y="385.13" angle="180.00" type="DEFAULT_VEHTYPE" speed="8.17" pos="180.38" lane="3/1to3/2_0" slope="0.00"/>
        <vehicle id="5" x="198.35" y="294.12" angle="0.00" type="DEFAULT_VEHTYPE" speed="13.36" pos="101.13" lane="1/2to1/1_0" slope="0.00"/>
        <vehicle id="7" x="501.60" y="401.65" angle="-90.00" type="DEFAULT_VEHTYPE" speed="12.77" pos="93.65" lane="3/2to2/2_0" slope="0.00"/>
        <vehicle id="8" x="601.65" y="286.99" angle="180.00" type="DEFAULT_VEHTYPE" speed="13.41" pos="82.24" lane="3/1to3/2_0" slope="0.00"/>
        <vehicle id="9" x="401.65" y="667.03" angle="180.00" type="DEFAULT_VEHTYPE" speed="13.30" pos="62.28" lane="2/3to2/4_0" slope="0.00"/>
    </timestep>
    <timestep time="356.00">
        <vehicle id="0" x="203.39" y="198.16" angle="157.88" type="DEFAULT_VEHTYPE" speed="12.92" pos="3.63" lane=":1/1_8_0" slope="0.00"/>
        <vehicle id="1" x="198.35" y="169.02" angle="0.00" type="DEFAULT_VEHTYPE" speed="12.47" pos="26.23" lane="1/1to1/0_0" slope="0.00"/>
        <vehicle id="10" x="356.97" y="198.35" angle="90.00" type="DEFAULT_VEHTYPE" speed="13.68" pos="152.22" lane="1/1to2/1_0" slope="0.00"/>
        <vehicle id="11" x="295.79" y="198.35" angle="90.00" type="DEFAULT_VEHTYPE" speed="13.02" pos="91.04" lane="1/1to2/1_0" slope="0.00"/>
        <vehicle id="12" x="567.64" y="401.65" angle="-90.00" type="DEFAULT_VEHTYPE" speed="12.72" pos="27.61" lane="3/2to2/2_0" slope="0.00"/>
        <vehicle id="13" x="432.34" y="401.65" angle="-90.00" type="DEFAULT_VEHTYPE" speed="13.36" pos="162.91" lane="3/2to2/2_0" slope="0.00"/>
        <vehicle id="14" x="201.65" y="29.60" angle="180.00" type="DEFAULT_VEHTYPE" speed="13.74" pos="29.60" lane="1/0to1/1_0" slope="0.00"/>
        <vehicle id="4" x="601.65" y="388.95" angle="180.00" type="DEFAULT_VEHTYPE" speed="3.81" pos="184.20" lane="3/1to3/2_0" slope="0.00"/>
        <vehicle id="5" x="198.35" y="280.28" angle="0.00" type="DEFAULT_VEHTYPE" speed="13.84" pos="114.97" lane="1/2to1/1_0" slope="0.00"/>
        <vehicle id="7" x="488.25" y="401.65" angle="-90.00" type="DEFAULT_VEHTYPE" speed="13.35" pos="107.00" lane="3/2to2/2_0" slope="0.00"/>
        <vehicle id="8" x="601.65" y="300.11" angle="180.00" type="DEFAULT_VEHTYPE" speed="13.12" pos="95.36" lane="3/1to3/2_0" slope="0.00"/>
        <vehicle id="9" x="401.65" y="680.86" angle="180.00" type="DEFAULT_VEHTYPE" speed="13.82" pos="76.11" lane="2/3to2/4_0" slope="0.00"/>
    </timestep>
    <timestep time="357.00">
        <vehicle id="0" x="216.92" y="198.35" angle="90.00" type="DEFAULT_VEHTYPE" speed="13.54" pos="12.17" lane="1/1to2/1_0" slope="0.00"/>
        <vehicle id="1" x="198.35" y="155.81" angle="0.00" type="DEFAULT_VEHTYPE" speed="13.22" pos="39.44" lane="1/1to1/0_0" slope="0.00"/>
        <vehicle id="10" x="370.81" y="198.35" angle="90.00" type="DEFAULT_VEHTYPE" speed="13.83" pos="166.06" lane="1/1to2/1_0" slope="0.00"/>
        <vehicle id="11" x="309.39" y="198.35" angle="90.00" type="DEFAULT_VEHTYPE" speed="13.60" pos="104.64" lane="1/1to2/1_0" slope="0.00"/>
        <vehicle id="12" x="554.26" y="401.65" angle="-90.00" type="DEFAULT_VEHTYPE" speed="13.38" pos="40.99" lane="3/2to2/2_0" slope="0.00"/>
        <vehicle id="13" x="421.58" y="401.65" angle="-90.00" type="DEFAULT_VEHTYPE" speed="10.76" pos="173.67" lane="3/2to2/2_0" slope="0.00"/>
        <vehicle id="14" x="201.65" y="43.28" angle="180.00" type="DEFAULT_VEHTYPE" speed="13.68" pos="43.28" lane="1/0to1/1_0" slope="0.00"/>
        <vehicle id="4" x="601.65" y="395.20" angle="180.00" type="DEFAULT_VEHTYPE" speed="6.26" pos="190.45" lane="3/1to3/2_0" slope="0.00"/>
        <vehicle id="5" x="198.35" y="266.79" angle="0.00" type="DEFAULT_VEHTYPE" speed="13.49" pos="128.46" lane="1/2to1/1_0" slope="0.00"/>
        <vehicle id="7" x="475.48" y="401.65" angle="-90.00" type="DEFAULT_VEHTYPE" speed="12.77" pos="119.77" lane="3/2to2/2_0" slope="0.00"/>
        <vehicle id="8" x="601.65" y="313.02" angle="180.00" type="DEFAULT_VEHTYPE" speed="12.91" pos="108.27" lane="3/1to3/2_0" slope="0.00"/>
        <vehicle id="9" x="401.65" y="694.17" angle="180.00" type="DEFAULT_VEHTYPE" speed="13.31" pos="89.42" lane="2/3to2/4_0" slope="0.00"/>
    </timestep>
    <timestep time="358.00">
        <vehicle id="0" x="230.01" y="198.35" angle="90.00" type="DEFAULT_VEHTYPE" speed="13.09" pos="25.26" lane="1/1to2/1_0" slope="0.00"/>
        <vehicle id="1" x="198.35" y="143.08" angle="0.00" type="DEFAULT_VEHTYPE" speed="12.73" pos="52.17" lane="1/1to1/0_0" slope="0.00"/>
        <vehicle id="10" x="380.78" y="198.35" angle="90.00" type="DEFAULT_VEHTYPE" speed="9.98" pos="176.03" lane="1/1to2/1_0" slope="0.00"/>
        <vehicle id="11" x="323.21" y="198.35" angle="90.00" type="DEFAULT_VEHTYPE" speed="13.83" pos="118.46" lane="1/1to2/1_0" slope="0.00"/>
        <vehicle id="12" x="541.61" y="401.65" angle="-90.00" type="DEFAULT_VEHTYPE" speed="12.65" pos="53.64" lane="3/2to2/2_0" slope="0.00"/>
        <vehicle id="13" x="414.79" y="401.65" angle="-90.00" type="DEFAULT_VEHTYPE" speed="6.79" pos="180.46" lane="3/2to2/2_0" slope="0.00"/>
        <vehicle id="14" x="201.65" y="56.66" angle="180.00" type="DEFAULT_VEHTYPE" speed="13.38" pos="56.66" lane="1/0to1/1_0" slope="0.00"/>
        <vehicle id="4" x="597.95" y="401.26" angle="-135.99" type="DEFAULT_VEHTYPE" speed="7.64" pos="0.45" lane=":3/2_18_0" slope="0.00"/>
        <vehicle id="5" x="198.35" y="253.49" angle="0.00" type="DEFAULT_VEHTYPE" speed="13.30" pos="141.76" lane="1/2to1/1_0" slope="0.00"/>
        <vehicle id="7" x="462.35" y="401.65" angle="-90.00" type="DEFAULT_VEHTYPE" speed="13.13" pos="132.90" lane="3/2to2/2_0" slope="0.00"/>
        <vehicle id="8" x="601.65" y="325.85" angle="180.00" type="DEFAULT_VEHTYPE" speed="12.83" pos="121.10" lane="3/1to3/2_0" slope="0.00"/>
        <vehicle id="9" x="401.65" y="707.55" angle="180.00" type="DEFAULT_VEHTYPE" speed="13.38" pos="102.80" lane="2/3to2/4_0" slope="0.00"/>
    </timestep>
    <timestep time="359.00">
        <vehicle id="0" x="243.27" y="198.35" angle="90.00" type="DEFAULT_VEHTYPE" speed="13.26" pos="38.52" lane="1/1to2/1_0" slope="0.00"/>
        <vehicle id="1" x="198.35" y="129.83" angle="0.00" type="DEFAULT_VEHTYPE" speed="13.25" pos="65.42" lane="1/1to1/0_0" slope="0.00"/>
        <vehicle id="10" x="386.50" y="198.35" angle="90.00" type="DEFAULT_VEHTYPE" speed="5.72" pos="181.75" lane="1/1to2/1_0" slope="0.00"/>
        <vehicle id="11" x="336.77" y="198.35" angle="90.00" type="DEFAULT_VEHTYPE" speed="13.56" pos="132.02" lane="1/1to2/1_0" slope="0.00"/>
        <vehicle id="12" x="528.63" y="401.65" angle="-90.00" type="DEFAULT_VEHTYPE" speed="12.99" pos="66.62" lane="3/2to2/2_0" slope="0.00"/>
        <vehicle id="13" x="411.20" y="401.65" angle="-90.00" type="DEFAULT_VEHTYPE" speed="3.59" pos="184.05" lane="3/2to2/2_0" slope="0.00"/>
        <vehicle id="14" x="201.65" y="69.37" angle="180.00" type="DEFAULT_VEHTYPE" speed="12.71" pos="69.37" lane="1/0to1/1_0" slope="0.00"/>
        <vehicle id="4" x="588.92" y="401.65" angle="-90.00" type="DEFAULT_VEHTYPE" speed="9.06" pos="6.33" lane="3/2to2/2_0" slope="0.00"/>
        <vehicle id="5" x="198.35" y="239.81" angle="0.00" type="DEFAULT_VEHTYPE" speed="13.68" pos="155.44" lane="1/2to1/1_0" slope="0.00"/>
        <vehicle id="7" x="449.20" y="401.65" angle="-90.00" type="DEFAULT_VEHTYPE" speed="13.15" pos="146.05" lane="3/2to2/2_0" slope="0.00"/>
        <vehicle id="8" x="601.65" y="338.56" angle="180.00" type="DEFAULT_VEHTYPE" speed="12.71" pos="133.81" lane="3/1to3/2_0" slope="0.00"/>
        <vehicle id="9" x="401.65" y="720.57" angle="180.00" type="DEFAULT_VEHTYPE" speed="13.03" pos="115.82" lane="2/3to2/4_0" slope="0.00"/>
    </timestep>
    <timestep time="360.00">
        <vehicle id="0" x="255.99" y="198.35" angle="90.00" type="DEFAULT_VEHTYPE" speed="12.72" pos="51.24" lane="1/1to2/1_0" slope="0.00"/>
        <vehicle id="1" x="198.35" y="116.88" angle="0.00" type="DEFAULT_VEHTYPE" speed="12.95" pos="78.37" lane="1/1to1/0_0" slope="0.00"/>
        <vehicle id="10" x="390.66" y="198.35" angle="90.00" type="DEFAULT_VEHTYPE" speed="4.16" pos="185.91" lane="1/1to2/1_0" slope="0.00"/>
        <vehicle id="11" x="350.10" y="198.35" angle="90.00" type="DEFAULT_VEHTYPE" speed="13.33" pos="145.35" lane="1/1to2/1_0" slope="0.00"/>
        <vehicle id="12" x="514.84" y="401.65" angle="-90.00" type="DEFAULT_VEHTYPE" speed="13.79" pos="80.41" lane="3/2to2/2_0" slope="0.00"/>
        <vehicle id="13" x="405.05" y="401.65" angle="-90.00" type="DEFAULT_VEHTYPE" speed="6.15" pos="190.20" lane="3/2to2/2_0" slope="0.00"/>
        <vehicle id="14" x="201.65" y="82.58" angle="180.00" type="DEFAULT_VEHTYPE" speed="13.21" pos="82.58" lane="1/0to1/1_0" slope="0.00"/>
        <vehicle id="4" x="578.00" y="401.65" angle="-90.00" type="DEFAULT_VEHTYPE" speed="10.92" pos="17.25" lane="3/2to2/2_0" slope="0.00"/>
        <vehicle id="5" x="198.35" y="227.13" angle="0.00" type="DEFAULT_VEHTYPE" speed="12.69" pos="168.12" lane="1/2to1/1_0" slope="0.00"/>
        <vehicle id="7" x="437.20" y="401.65" angle="-90.00" type="DEFAULT_VEHTYPE" speed="12.00" pos="158.05" lane="3/2to2/2_0" slope="0.00"/>
        <vehicle id="8" x="601.65" y="351.32" angle="180.00" type="DEFAULT_VEHTYPE" speed="12.76" pos="146.57" lane="3/1to3/2_0" slope="0.00"/>
        <vehicle id="9" x="401.65" y="733.32" angle="180.00" type="DEFAULT_VEHTYPE" speed="12.74" pos="128.57" lane="2/3to2/4_0" slope="0.00"/>
    </timestep>
    <timestep time="361.00">
        <vehicle id="0" x="268.91" y="198.35" angle="90.00" type="DEFAULT_VEHTYPE" speed="12.93" pos="64.16" lane="1/1to2/1_0" slope="0.00"/>
        <vehicle id="1" x="198.35" y="103.51" angle="0.00" type="DEFAULT_VEHTYPE" speed="13.37" pos="91.74" lane="1/1to1/0_0" slope="0.00"/>
        <vehicle id="10" x="396.62" y="198.35" angle="90.00" type="DEFAULT_VEHTYPE" speed="5.96" pos="1.37" lane=":2/1_13_0" slope="0.00"/>
        <vehicle id="11" x="363.10" y="198.35" angle="90.00" type="DEFAULT_VEHTYPE" speed="13.00" pos="158.35" lane="1/1to2/1_0" slope="0.00"/>
        <vehicle id="12" x="501.57" y="401.65" angle="-90.00" type="DEFAULT_VEHTYPE" speed="13.27" pos="93.68" lane="3/2to2/2_0" slope="0.00"/>
        <vehicle id="13" x="398.76" y="398.06" angle="-47.55" type="DEFAULT_VEHTYPE" speed="7.78" pos="7.48" lane=":2/2_6_0" slope="0.00"/>
        <vehicle id="14" x="201.65" y="95.18" angle="180.00" type="DEFAULT_VEHTYPE" speed="12.60" pos="95.18" lane="1/0to1/1_0" slope="0.00"/>
        <vehicle id="4" x="564.90" y="401.65" angle="-90.00" type="DEFAULT_VEHTYPE" speed="13.10" pos="30.35" lane="3/2to2/2_0" slope="0.00"/>
        <vehicle id="5" x="198.35" y="213.76" angle="0.00" type="DEFAULT_VEHTYPE" speed="13.36" pos="181.49" lane="1/2to1/1_0" slope="0.00"/>
        <vehicle id="7" x="424.94" y="401.65" angle="-90.00" type="DEFAULT_VEHTYPE" speed="12.25" pos="170.31" lane="3/2to2/2_0" slope="0.00"/>
        <vehicle id="8" x="601.65" y="364.73" angle="180.00" type="DEFAULT_VEHTYPE" speed="13.41" pos="159.98" lane="3/1to3/2_0" slope="0.00"/>
        <vehicle id="9" x="401.65" y="747.14" angle="180.00" type="DEFAULT_VEHTYPE" speed="13.82" pos="142.39" lane="2/3to2/4_0" slope="0.00"/>
    </timestep>
    <timestep time="362.00">
        <vehicle id="0" x="282.68" y="198.35" angle="90.00" type="DEFAULT_VEHTYPE" speed="13.76" pos="77.93" lane="1/1to2/1_0" slope="0.00"/>
        <vehicle id="1" x="198.35" y="90.57" angle="0.00" type="DEFAULT_VEHTYPE" speed="12.94" pos="104.68" lane="1/1to1/0_0" slope="0.00"/>
        <vehicle id="10" x="403.96" y="198.35" angle="90.00" type="DEFAULT_VEHTYPE" speed="7.34" pos="8.71" lane=":2/1_13_0" slope="0.00"/>
        <vehicle id="11" x="374.39" y="198.35" angle="90.00" type="DEFAULT_VEHTYPE" speed="11.29" pos="169.64" lane="1/1to2/1_0" slope="0.00"/>
        <vehicle id="12" x="488.44" y="401.65" angle="-90.00" type="DEFAULT_VEHTYPE" speed="13.13" pos="106.81" lane="3/2to2/2_0" slope="0.00"/>
        <vehicle id="13" x="398.35" y="388.45" angle="0.00" type="DEFAULT_VEHTYPE" speed="9.64" pos="6.80" lane="2/2to2/1_0" slope="0.00"/>
        <vehicle id="14" x="201.65" y="108.55" angle="180.00" type="DEFAULT_VEHTYPE" speed="13.36" pos="108.55" lane="1/0to1/1_0" slope="0.00"/>
        <vehicle id="4" x="551.10" y="401.65" angle="-90.00" type="DEFAULT_VEHTYPE" speed="13.80" pos="44.15" lane="3/2to2/2_0" slope="0.00"/>
        <vehicle id="5" x="195.49" y="201.68" angle="-40.85" type="DEFAULT_VEHTYPE" speed="13.77" pos="4.76" lane=":1/1_0_0" slope="0.00"/>
        <vehicle id="7" x="416.84" y="401.65" angle="-90.00" type="DEFAULT_VEHTYPE" speed="8.10" pos="178.41" lane="3/2to2/2_0" slope="0.00"/>
        <vehicle id="8" x="601.65" y="376.51" angle="180.00" type="DEFAULT_VEHTYPE" speed="11.78" pos="171.76" lane="3/1to3/2_0" slope="0.00"/>
        <vehicle id="9" x="401.65" y="760.76" angle="180.00" type="DEFAULT_VEHTYPE" speed="13.62" pos="156.01" lane="2/3to2/4_0" slope="0.00"/>
    </timestep>
    <timestep time="363.00">
        <vehicle id="0" x="296.53" y="198.35" angle="90.00" type="DEFAULT_VEHTYPE" speed="13.86" pos="91.78" lane="1/1to2/1_0" slope="0.00"/>
        <vehicle id="1" x="198.35" y="77.01" angle="0.00" type="DEFAULT_VEHTYPE" speed="13.56" pos="118.24" lane="1/1to1/0_0" slope="0.00"/>
        <vehicle id="10" x="412.98" y="198.35" angle="90.00" type="DEFAULT_VEHTYPE" speed="9.02" pos="8.23" lane="2/1to3/1_0" slope="0.00"/>
        <vehicle id="11" x="383.00" y="198.35" angle="90.00" type="DEFAULT_VEHTYPE" speed="8.61" pos="178.25" lane="1/1to2/1_0" slope="0.00"/>
        <vehicle id="12" x="474.82" y="401.65" angle="-90.00" type="DEFAULT_VEHTYPE" speed="13.62" pos="120.43" lane="3/2to2/2_0" slope="0.00"/>
        <vehicle id="13" x="398.35" y="376.52" angle="0.00" type="DEFAULT_VEHTYPE" speed="11.94" pos="18.73" lane="2/2to2/1_0" slope="0.00"/>
        <vehicle id="14" x="201.65" y="122.26" angle="180.00" type="DEFAULT_VEHTYPE" speed="13.71" pos="122.26" lane="1/0to1/1_0" slope="0.00"/>
        <vehicle id="4" x="537.59" y="401.65" angle="-90.00" type="DEFAULT_VEHTYPE" speed="13.51" pos="57.66" lane="3/2to2/2_0" slope="0.00"/>
        <vehicle id="5" x="181.61" y="201.65" angle="-90.00" type="DEFAULT_VEHTYPE" speed="13.88" pos="13.64" lane="1/1to0/1_0" slope="0.00"/>
        <vehicle id="7" x="411.40" y="401.65" angle="-90.00" type="DEFAULT_VEHTYPE" speed="5.44" pos="183.85" lane="3/2to2/2_0" slope="0.00"/>
        <vehicle id="8" x="601.65" y="384.25" angle="180.00" type="DEFAULT_VEHTYPE" speed="7.74" pos="179.50" lane="3/1to3/2_0" slope="0.00"/>
        <vehicle id="9" x="401.65" y="774.60" angle="180.00" type="DEFAULT_VEHTYPE" speed="13.84" pos="169.85" lane="2/3to2/4_0" slope="0.00"/>
    </timestep>
    <timestep time="364.00">
        <vehicle id="0" x="309.99" y="198.35" angle="90.00" type="DEFAULT_VEHTYPE" speed="13.46" pos="105.24" lane="1/1to2/1_0" slope="0.00"/>
        <vehicle id="1" x="198.35" y="63.12" angle="0.00" type="DEFAULT_VEHTYPE" speed="13.89" pos="132.13" lane="1/1to1/0_0" slope="0.00"/>
        <vehicle id="10" x="423.59" y="198.35" angle="90.00" type="DEFAULT_VEHTYPE" speed="10.61" pos="18.84" lane="2/1to3/1_0" slope="0.00"/>
        <vehicle id="11" x="388.20" y="198.35" angle="90.00" type="DEFAULT_VEHTYPE" speed="5.20" pos="183.45" lane="1/1to2/1_0" slope="0.00"/>
        <vehicle id="12" x="461.06" y="401.65" angle="-90.00" type="DEFAULT_VEHTYPE" speed="13.77" pos="134.19" lane="3/2to2/2_0" slope="0.00"/>
        <vehicle id="13" x="398.35" y="363.38" angle="0.00" type="DEFAULT_VEHTYPE" speed="13.14" pos="31.87" lane="2/2to2/1_0" slope="0.00"/>
        <vehicle id="14" x="201.65" y="136.09" angle="180.00" type="DEFAULT_VEHTYPE" speed="13.83" pos="136.09" lane="1/0to1/1_0" slope="0.00"/>
        <vehicle id="4" x="524.76" y="401.65" angle="-90.00" type="DEFAULT_VEHTYPE" speed="12.83" pos="70.49" lane="3/2to2/2_0" slope="0.00"/>
        <vehicle id="5" x="168.47" y="201.65" angle="-90.00" type="DEFAULT_VEHTYPE" speed="13.14" pos="26.78" lane="1/1to0/1_0" slope="0.00"/>
        <vehicle id="7" x="403.38" y="401.45" angle="-87.75" type="DEFAULT_VEHTYPE" speed="8.04" pos="1.38" lane=":2/2_6_0" slope="0.00"/>
        <vehicle id="8" x="601.65" y="389.01" angle="180.00" type="DEFAULT_VEHTYPE" speed="4.75" pos="184.26" lane="3/1to3/2_0" slope="0.00"/>
        <vehicle id="9" x="401.65" y="788.04" angle="180.00" type="DEFAULT_VEHTYPE" speed="13.45" pos="183.29" lane="2/3to2/4_0" slope="0.00"/>
    </timestep>
    <timestep time="365.00">
        <vehicle id="0" x="323.39" y="198.35" angle="90.00" type="DEFAULT_VEHTYPE" speed="13.39" pos="118.64" lane="1/1to2/1_0" slope="0.00"/>
        <vehicle id="1" x="198.35" y="49.43" angle="0.00" type="DEFAULT_VEHTYPE" speed="13.69" pos="145.82" lane="1/1to1/0_0" slope="0.00"/>
        <vehicle id="10" x="435.85" y="198.35" angle="90.00" type="DEFAULT_VEHTYPE" speed="12.26" pos="31.10" lane="2/1to3/1_0" slope="0.00"/>
        <vehicle id="11" x="390.45" y="198.35" angle="90.00" type="DEFAULT_VEHTYPE" speed="2.25" pos="185.70" lane="1/1to2/1_0" slope="0.00"/>
        <vehicle id="12" x="447.69" y="401.65" angle="-90.00" type="DEFAULT_VEHTYPE" speed="13.37" pos="147.56" lane="3/2to2/2_0" slope="0.00"/>
        <vehicle id="13" x="398.35" y="350.77" angle="0.00" type="DEFAULT_VEHTYPE" speed="12.61" pos="44.48" lane="2/2to2/1_0" slope="0.00"/>
        <vehicle id="14" x="201.65" y="148.71" angle="180.00" type="DEFAULT_VEHTYPE" speed="12.62" pos="148.71" lane="1/0to1/1_0" slope="0.00"/>
        <vehicle id="4" x="511.55" y="401.65" angle="-90.00" type="DEFAULT_VEHTYPE" speed="13.20" pos="83.70" lane="3/2to2/2_0" slope="0.00"/>
        <vehicle id="5" x="155.37" y="201.65" angle="-90.00" type="DEFAULT_VEHTYPE" speed="13.10" pos="39.88" lane="1/1to0/1_0" slope="0.00"/>
        <vehicle id="7" x="398.35" y="393.81" angle="-9.04" type="DEFAULT_VEHTYPE" speed="10.38" pos="1.44" lane="2/2to2/1_0" slope="0.00"/>
        <vehicle id="8" x="601.60" y="395.59" angle="-179.44" type="DEFAULT_VEHTYPE" speed="6.59" pos="0.34" lane=":3/2_10_0" slope="0.00"/>
        <vehicle id="9" x="401.27" y="800.58" angle="-175.50" type="DEFAULT_VEHTYPE" speed="12.65" pos="0.70" lane=":2/4_0_0" slope="0.00"/>
    </timestep>
    <timestep time="366.00">
        <vehicle id="0" x="336.66" y="198.35" angle="90.00" type="DEFAULT_VEHTYPE" speed="13.27" pos="131.91" lane="1/1to2/1_0" slope="0.00"/>
        <vehicle id="1" x="198.35" y="35.78" angle="0.00" type="DEFAULT_VEHTYPE" speed="13.65" pos="159.47" lane="1/1to1/0_0" slope="0.00"/>
        <vehicle id="10" x="449.22" y="198.35" angle="90.00" type="DEFAULT_VEHTYPE" speed="13.37" pos="44.47" lane="2/1to3/1_0" slope="0.00"/>
        <vehicle id="11" x="395.23" y="198.35" angle="90.00" type="DEFAULT_VEHTYPE" speed="4.78" pos="190.48" lane="1/1to2/1_0" slope="0.00"/>
        <vehicle id="12" x="433.82" y="401.65" angle="-90.00" type="DEFAULT_VEHTYPE" speed="13.87" pos="161.43" lane="3/2to2/2_0" slope="0.00"/>
        <vehicle id="13" x="398.35" y="337.72" angle="0.00" type="DEFAULT_VEHTYPE" speed="13.06" pos="57.53" lane="2/2to2/1_0" slope="0.00"/>
        <vehicle id="14" x="201.65" y="161.72" angle="180.00" type="DEFAULT_VEHTYPE" speed="13.01" pos="161.72" lane="1/0to1/1_0" slope="0.00"/>
        <vehicle id="4" x="497.70" y="401.65" angle="-90.00" type="DEFAULT_VEHTYPE" speed="13.85" pos="97.55" lane="3/2to2/2_0" slope="0.00"/>
        <vehicle id="5" x="141.87" y="201.65" angle="-90.00" type="DEFAULT_VEHTYPE" speed="13.49" pos="53.38" lane="1/1to0/1_0" slope="0.00"/>
        <vehicle id="7" x="398.35" y="381.49" angle="0.00" type="DEFAULT_VEHTYPE" speed="12.32" pos="13.76" lane="2/2to2/1_0" slope="0.00"/>
        <vehicle id="8" x="596.44" y="401.48" angle="-119.30" type="DEFAULT_VEHTYPE" speed="8.77" pos="1.97" lane=":3/2_18_0" slope="0.00"/>
        <vehicle id="9" x="398.35" y="790.85" angle="0.00" type="DEFAULT_VEHTYPE" speed="13.27" pos="9.15" lane="2/4to2/3_0" slope="0.00"/>
    </timestep>
    <timestep time="367.00">
        <vehicle id="0" x="349.89" y="198.35" angle="90.00" type="DEFAULT_VEHTYPE" speed="13.23" pos="145.14" lane="1/1to2/1_0" slope="0.00"/>
        <vehicle id="1" x="198.35" y="22.43" angle="0.00" type="DEFAULT_VEHTYPE" speed="13.35" pos="172.82" lane="1/1to1/0_0" slope="0.00"/>
        <vehicle id="10" x="462.18" y="198.35" angle="90.00" type="DEFAULT_VEHTYPE" speed="12.96" pos="57.43" lane="2/1to3/1_0" slope="0.00"/>
        <vehicle id="11" x="401.48" y="198.35" angle="90.00" type="DEFAULT_VEHTYPE" speed="6.25" pos="6.23" lane=":2/1_13_0" slope="0.00"/>
        <vehicle id="12" x="423.00" y="401.65" angle="-90.00" type="DEFAULT_VEHTYPE" speed="10.82" pos="172.25" lane="3/2to2/2_0" slope="0.00"/>
        <vehicle id="13" x="398.35" y="324.01" angle="0.00" type="DEFAULT_VEHTYPE" speed="13.70" pos="71.24" lane="2/2to2/1_0" slope="0.00"/>
        <vehicle id="14" x="201.65" y="174.37" angle="180.00" type="DEFAULT_VEHTYPE" speed="12.65" pos="174.37" lane="1/0to1/1_0" slope="0.00"/>
        <vehicle id="4" x="484.64" y="401.65" angle="-90.00" type="DEFAULT_VEHTYPE" speed="13.06" pos="110.61" lane="3/2to2/2_0" slope="0.00"/>
        <vehicle id="5" x="128.85" y="201.65" angle="-90.00" type="DEFAULT_VEHTYPE" speed="13.02" pos="66.40" lane="1/1to0/1_0" slope="0.00"/>
        <vehicle id="7" x="398.35" y="367.60" angle="0.00" type="DEFAULT_VEHTYPE" speed="13.89" pos="27.65" lane="2/2to2/1_0" slope="0.00"/>
        <vehicle id="8" x="585.55" y="401.65" angle="-90.00" type="DEFAULT_VEHTYPE" speed="10.91" pos="9.70" lane="3/2to2/2_0" slope="0.00"/>
        <vehicle id="9" x="398.35" y="778.25" angle="0.00" type="DEFAULT_VEHTYPE" speed="12.60" pos="21.75" lane="2/4to2/3_0" slope="0.00"/>
    </timestep>
    <timestep time="368.00">
        <vehicle id="0" x="363.26" y="198.35" angle="90.00" type="DEFAULT_VEHTYPE" speed="13.37" pos="158.51" lane="1/1to2/1_0" slope="0.00"/>
        <vehicle id="1" x="198.35" y="9.63" angle="0.00" type="DEFAULT_VEHTYPE" speed="12.80" pos="185.62" lane="1/1to1/0_0" slope="0.00"/>
        <vehicle id="10" x="475.66" y="198.35" angle="90.00" type="DEFAULT_VEHTYPE" speed="13.48" pos="70.91" lane="2/1to3/1_0" slope="0.00"/>
        <vehicle id="11" x="409.58" y="198.35" angle="90.00" type="DEFAULT_VEHTYPE" speed="8.10" pos="4.83" lane="2/1to3/1_0" slope="0.00"/>
        <vehicle id="12" x="414.91" y="401.65" angle="-90.00" type="DEFAULT_VEHTYPE" speed="8.09" pos="180.34" lane="3/2to2/2_0" slope="0.00"/>
        <vehicle id="13" x="398.35" y="310.70" angle="0.00" type="DEFAULT_VEHTYPE" speed="13.31" pos="84.55" lane="2/2to2/1_0" slope="0.00"/>
        <vehicle id="14" x="201.65" y="187.88" angle="180.00" type="DEFAULT_VEHTYPE" speed="13.50" pos="187.88" lane="1/0to1/1_0" slope="0.00"/>
        <vehicle id="4" x="471.98" y="401.65" angle="-90.00" type="DEFAULT_VEHTYPE" speed="12.67" pos="123.27" lane="3/2to2/2_0" slope="0.00"/>
        <vehicle id="5" x="115.99" y="201.65" angle="-90.00" type="DEFAULT_VEHTYPE" speed="12.86" pos="79.26" lane="1/1to0/1_0" slope="0.00"/>
        <vehicle id="7" x="398.35" y="354.88" angle="0.00" type="DEFAULT_VEHTYPE" speed="12.72" pos="40.37" lane="2/2to2/1_0" slope="0.00"/>
        <vehicle id="8" x="572.36" y="401.65" angle="-90.00" type="DEFAULT_VEHTYPE" speed="13.19" pos="22.89" lane="3/2to2/2_0" slope="0.00"/>
        <vehicle id="9" x="398.35" y="764.36" angle="0.00" type="DEFAULT_VEHTYPE" speed="13.89" pos="35.64" lane="2/4to2/3_0" slope="0.00"/>
    </timestep>
    <timestep time="369.00">
        <vehicle id="0" x="374.75" y="198.35" angle="90.00" type="DEFAULT_VEHTYPE" speed="11.49" pos="170.00" lane="1/1to2/1_0" slope="0.00"/>
        <vehicle id="1" x="201.07" y="-0.86" angle="52.65" type="DEFAULT_VEHTYPE" speed="13.42" pos="3.78" lane=":1/0_0_0" slope="0.00"/>
        <vehicle id="10" x="488.59" y="198.35" angle="90.00" type="DEFAULT_VEHTYPE" speed="12.92" pos="83.84" lane="2/1to3/1_0" slope="0.00"/>
        <vehicle id="11" x="420.07" y="198.35" angle="90.00" type="DEFAULT_VEHTYPE" speed="10.49" pos="15.32" lane="2/1to3/1_0" slope="0.00"/>
        <vehicle id="12" x="410.83" y="401.65" angle="-90.00" type="DEFAULT_VEHTYPE" speed="4.08" pos="184.42" lane="3/2to2/2_0" slope="0.00"/>
        <vehicle id="13" x="398.35" y="297.11" angle="0.00" type="DEFAULT_VEHTYPE" speed="13.58" pos="98.14" lane="2/2to2/1_0" slope="0.00"/>
        <vehicle id="14" x="205.54" y="198.35" angle="121.44" type="DEFAULT_VEHTYPE" speed="13.17" pos="0.79" lane="1/1to2/1_0" slope="0.00"/>
        <vehicle id="4" x="458.76" y="401.65" angle="-90.00" type="DEFAULT_VEHTYPE" speed="13.21" pos="136.49" lane="3/2to2/2_0" slope="0.00"/>
        <vehicle id="5" x="102.90" y="201.65" angle="-90.00" type="DEFAULT_VEHTYPE" speed="13.09" pos="92.35" lane="1/1to0/1_0" slope="0.00"/>
        <vehicle id="7" x="398.35" y="341.93" angle="0.00" type="DEFAULT_VEHTYPE" speed="12.95" pos="53.32" lane="2/2to2/1_0" slope="0.00"/>
        <vehicle id="8" x="558.51" y="401.65" angle="-90.00" type="DEFAULT_VEHTYPE" speed="13.85" pos="36.74" lane="3/2to2/2_0" slope="0.00"/>
        <vehicle id="9" x="398.35" y="750.59" angle="0.00" type="DEFAULT_VEHTYPE" speed="13.77" pos="49.41" lane="2/4to2/3_0" slope="0.00"/>
    </timestep>
    <timestep time="370.00">
        <vehicle id="0" x="383.36" y="198.35" angle="90.00" type="DEFAULT_VEHTYPE" speed="8.61" pos="178.61" lane="1/1to2/1_0" slope="0.00"/>
        <vehicle id="1" x="201.65" y="12.45" angle="180.00" type="DEFAULT_VEHTYPE" speed="13.48" pos="12.45" lane="1/0to1/1_0" slope="0.00"/>
        <vehicle id="10" x="501.29" y="198.35" angle="90.00" type="DEFAULT_VEHTYPE" speed="12.70" pos="96.54" lane="2/1to3/1_0" slope="0.00"/>
        <vehicle id="11" x="432.69" y="198.35" angle="90.00" type="DEFAULT_VEHTYPE" speed="12.61" pos="27.94" lane="2/1to3/1_0" slope="0.00"/>
        <vehicle id="12" x="404.73" y="401.65" angle="-90.00" type="DEFAULT_VEHTYPE" speed="6.10" pos="0.02" lane=":2/2_5_0" slope="0.00"/>
        <vehicle id="13" x="398.35" y="283.54" angle="0.00" type="DEFAULT_VEHTYPE" speed="13.57" pos="111.71" lane="2/2to2/1_0" slope="0.00"/>
        <vehicle id="14" x="218.18" y="198.35" angle="90.00" type="DEFAULT_VEHTYPE" speed="12.63" pos="13.43" lane="1/1to2/1_0" slope="0.00"/>
        <vehicle id="4" x="445.07" y="401.65" angle="-90.00" type="DEFAULT_VEHTYPE" speed="13.70" pos="150.18" lane="3/2to2/2_0" slope="0.00"/>
        <vehicle id="5" x="89.01" y="201.65" angle="-90.00" type="DEFAULT_VEHTYPE" speed="13.89" pos="106.24" lane="1/1to0/1_0" slope="0.00"/>
        <vehicle id="7" x="398.35" y="328.52" angle="0.00" type="DEFAULT_VEHTYPE" speed="13.41" pos="66.73" lane="2/2to2/1_0" slope="0.00"/>
        <vehicle id="8" x="545.86" y="401.65" angle="-90.00" type="DEFAULT_VEHTYPE" speed="12.66" pos="49.39" lane="3/2to2/2_0" slope="0.00"/>
        <vehicle id="9" x="398.35" y="737.11" angle="0.00" type="DEFAULT_VEHTYPE" speed="13.48" pos="62.89" lane="2/4to2/3_0" slope="0.00"/>
    </timestep>
    <timestep time="371.00">
        <vehicle id="0" x="388.13" y="198.35" angle="90.00" type="DEFAULT_VEHTYPE" speed="4.77" pos="183.38" lane="1/1to2/1_0" slope="0.00"/>
        <vehicle id="1" x="201.65" y="25.47" angle="180.00" type="DEFAULT_VEHTYPE" speed="13.02" pos="25.47" lane="1/0to1/1_0" slope="0.00"/>
        <vehicle id="10" x="515.05" y="198.35" angle="90.00" type="DEFAULT_VEHTYPE" speed="13.77" pos="110.30" lane="2/1to3/1_0" slope="0.00"/>
        <vehicle id="11" x="446.25" y="198.35" angle="90.00" type="DEFAULT_VEHTYPE" speed="13.56" pos="41.50" lane="2/1to3/1_0" slope="0.00"/>
        <vehicle id="12" x="396.43" y="401.65" angle="-90.00" type="DEFAULT_VEHTYPE" speed="8.30" pos="8.32" lane=":2/2_5_0" slope="0.00"/>
        <vehicle id="13" x="398.35" y="270.49" angle="0.00" type="DEFAULT_VEHTYPE" speed="13.06" pos="124.76" lane="2/2to2/1_0" slope="0.00"/>
        <vehicle id="14" x="230.94" y="198.35" angle="90.00" type="DEFAULT_VEHTYPE" speed="12.76" pos="26.19" lane="1/1to2/1_0" slope="0.00"/>
        <vehicle id="4" x="431.27" y="401.65" angle="-90.00" type="DEFAULT_VEHTYPE" speed="13.79" pos="163.98" lane="3/2to2/2_0" slope="0.00"/>
        <vehicle id="5" x="75.60" y="201.65" angle="-90.00" type="DEFAULT_VEHTYPE" speed="13.40" pos="119.65" lane="1/1to0/1_0" slope="0.00"/>
        <vehicle id="7" x="398.35" y="315.89" angle="0.00" type="DEFAULT_VEHTYPE" speed="12.63" pos="79.36" lane="2/2to2/1_0" slope="0.00"/>
        <vehicle id="8" x="532.44" y="401.65" angle="-90.00" type="DEFAULT_VEHTYPE" speed="13.41" pos="62.81" lane="3/2to2/2_0" slope="0.00"/>
        <vehicle id="9" x="398.35" y="724.15" angle="0.00" type="DEFAULT_VEHTYPE" speed="12.96" pos="75.85" lane="2/4to2/3_0" slope="0.00"/>
    </timestep>
    <timestep time="372.00">
        <vehicle id="0" x="390.60" y="198.35" angle="90.00" type="DEFAULT_VEHTYPE" speed="2.46" pos="185.85" lane="1/1to2/1_0" slope="0.00"/>
        <vehicle id="1" x="201.65" y="38.35" angle="180.00" type="DEFAULT_VEHTYPE" speed="12.88" pos="38.35" lane="1/0to1/1_0" slope="0.00"/>
        <vehicle id="10" x="528.79" y="198.35" angle="90.00" type="DEFAULT_VEHTYPE" speed="13.74" pos="124.04" lane="2/1to3/1_0" slope="0.00"/>
        <vehicle id="11" x="459.73" y="198.35" angle="90.00" type="DEFAULT_VEHTYPE" speed="13.48" pos="54.98" lane="2/1to3/1_0" slope="0.00"/>
        <vehicle id="12" x="386.40" y="401.65" angle="-90.00" type="DEFAULT_VEHTYPE" speed="10.03" pos="8.85" lane="2/2to1/2_0" slope="0.00"/>
        <vehicle id="13" x="398.35" y="257.67" angle="0.00" type="DEFAULT_VEHTYPE" speed="12.82" pos="137.58" lane="2/2to2/1_0" slope="0.00"/>
        <vehicle id="14" x="243.88" y="198.35" angle="90.00" type="DEFAULT_VEHTYPE" speed="12.94" pos="39.13" lane="1/1to2/1_0" slope="0.00"/>
        <vehicle id="4" x="421.02" y="401.65" angle="-90.00" type="DEFAULT_VEHTYPE" speed="10.26" pos="174.23" lane="3/2to2/2_0" slope="0.00"/>
        <vehicle id="5" x="62.63" y="201.65" angle="-90.00" type="DEFAULT_VEHTYPE" speed="12.98" pos="132.62" lane="1/1to0/1_0" slope="0.00"/>
        <vehicle id="7" x="398.35" y="302.16" angle="0.00" type="DEFAULT_VEHTYPE" speed="13.73" pos="93.09" lane="2/2to2/1_0" slope="0.00"/>
        <vehicle id="8" x="518.91" y="401.65" angle="-90.00" type="DEFAULT_VEHTYPE" speed="13.54" pos="76.34" lane="3/2to2/2_0" slope="0.00"/>
        <vehicle id="9" x="398.35" y="710.81" angle="0.00" type="DEFAULT_VEHTYPE" speed="13.34" pos="89.19" lane="2/4to2/3_0" slope="0.00"/>
    </timestep>
    <timestep time="373.00">
        <vehicle id="0" x="395.34" y="198.35" angle="90.00" type="DEFAULT_VEHTYPE" speed="4.74" pos="0.09" lane=":2/1_13_0" slope="0.00"/>
        <vehicle id="1" x="201.65" y="51.18" angle="180.00" type="DEFAULT_VEHTYPE" speed="12.83" pos="51.18" lane="1/0to1/1_0" slope="0.00"/>
        <vehicle id="10" x="542.30" y="198.35" angle="90.00" type="DEFAULT_VEHTYPE" speed="13.51" pos="137.55" lane="2/1to3/1_0" slope="0.00"/>
        <vehicle id="11" x="472.91" y="198.35" angle="90.00" type="DEFAULT_VEHTYPE" speed="13.18" pos="68.16" lane="2/1to3/1_0" slope="0.00"/>
        <vehicle id="12" x="374.82" y="401.65" angle="-90.00" type="DEFAULT_VEHTYPE" speed="11.58" pos="20.43" lane="2/2to1/2_0" slope="0.00"/>
        <vehicle id="13" x="398.35" y="244.44" angle="0.00" type="DEFAULT_VEHTYPE" speed="13.23" pos="150.81" lane="2/2to2/1_0" slope="0.00"/>
        <vehicle id="14" x="257.02" y="198.35" angle="90.00" type="DEFAULT_VEHTYPE" speed="13.14" pos="52.27" lane="1/1to2/1_0" slope="0.00"/>
        <vehicle id="4" x="414.75" y="401.65" angle="-90.00" type="DEFAULT_VEHTYPE" speed="6.27" pos="180.50" lane="3/2to2/2_0" slope="0.00"/>
        <vehicle id="5" x="49.12" y="201.65" angle="-90.00" type="DEFAULT_VEHTYPE" speed="13.51" pos="146.13" lane="1/1to0/1_0" slope="0.00"/>
        <vehicle id="7" x="398.35" y="288.98" angle="0.00" type="DEFAULT_VEHTYPE" speed="13.17" pos="106.27" lane="2/2to2/1_0" slope="0.00"/>
        <vehicle id="8" x="506.06" y="401.65" angle="-90.00" type="DEFAULT_VEHTYPE" speed="12.85" pos="89.19" lane="3/2to2/2_0" slope="0.00"/>
        <vehicle id="9" x="398.35" y="697.18" angle="0.00" type="DEFAULT_VEHTYPE" speed="13.62" pos="102.82" lane="2/4to2/3_0" slope="0.00"/>
    </timestep>
    <timestep time="374.00">
        <vehicle id="0" x="402.52" y="198.35" angle="90.00" type="DEFAULT_VEHTYPE" speed="7.18" pos="7.27" lane=":2/1_13_0" slope="0.00"/>
        <vehicle id="1" x="201.65" y="64.77" angle="180.00" type="DEFAULT_VEHTYPE" speed="13.58" pos="64.77" lane="1/0to1/1_0" slope="0.00"/>
        <vehicle id="10" x="556.14" y="198.35" angle="90.00" type="DEFAULT_VEHTYPE" speed="13.84" pos="151.39" lane="2/1to3/1_0" slope="0.00"/>
        <vehicle id="11" x="485.51" y="198.35" angle="90.00" type="DEFAULT_VEHTYPE" speed="12.60" pos="80.76" lane="2/1to3/1_0" slope="0.00"/>
        <vehicle id="12" x="361.02" y="401.65" angle="-90.00" type="DEFAULT_VEHTYPE" speed="13.80" pos="34.23" lane="2/2to1/2_0" slope="0.00"/>
        <vehicle id="13" x="398.35" y="231.62" angle="0.00" type="DEFAULT_VEHTYPE" speed="12.82" pos="163.63" lane="2/2to2/1_0" slope="0.00"/>
        <vehicle id="14" x="270.35" y="198.35" angle="90.00" type="DEFAULT_VEHTYPE" speed="13.33" pos="65.60" lane="1/1to2/1_0" slope="0.00"/>
        <vehicle id="4" x="410.97" y="401.65" angle="-90.00" type="DEFAULT_VEHTYPE" speed="3.78" pos="184.28" lane="3/2to2/2_0" slope="0.00"/>
        <vehicle id="5" x="35.32" y="201.65" angle="-90.00" type="DEFAULT_VEHTYPE" speed="13.80" pos="159.93" lane="1/1to0/1_0" slope="0.00"/>
        <vehicle id="7" x="398.35" y="276.31" angle="0.00" type="DEFAULT_VEHTYPE" speed="12.67" pos="118.94" lane="2/2to2/1_0" slope="0.00"/>
        <vehicle id="8" x="493.18" y="401.65" angle="-90.00" type="DEFAULT_VEHTYPE" speed="12.88" pos="102.07" lane="3/2to2/2_0" slope="0.00"/>
        <vehicle id="9" x="398.35" y="683.92" angle="0.00" type="DEFAULT_VEHTYPE" speed="13.26" pos="116.08" lane="2/4to2/3_0" slope="0.00"/>
    </timestep>
    <timestep time="375.00">
        <vehicle id="0" x="411.92" y="198.35" angle="90.00" type="DEFAULT_VEHTYPE" speed="9.39" pos="7.17" lane="2/1to3/1_0" slope="0.00"/>
        <vehicle id="1" x="201.65" y="78.06" angle="180.00" type="DEFAULT_VEHTYPE" speed="13.30" pos="78.06" lane="1/0to1/1_0" slope="0.00"/>
        <vehicle id="10" x="569.13" y="198.35" angle="90.00" type="DEFAULT_VEHTYPE" speed="12.99" pos="164.38" lane="2/1to3/1_0" slope="0.00"/>
        <vehicle id="11" x="498.68" y="198.35" angle="90.00" type="DEFAULT_VEHTYPE" speed="13.18" pos="93.93" lane="2/1to3/1_0" slope="0.00"/>
        <vehicle id="12" x="347.34" y="401.65" angle="-90.00" type="DEFAULT_VEHTYPE" speed="13.68" pos="47.91" lane="2/2to1/2_0" slope="0.00"/>
        <vehicle id="13" x="398.35" y="218.19" angle="0.00" type="DEFAULT_VEHTYPE" speed="13.43" pos="177.06" lane="2/2to2/1_0" slope="0.00"/>
        <vehicle id="14" x="283.37" y="198.35" angle="90.00" type="DEFAULT_VEHTYPE" speed="13.02" pos="78.62" lane="1/1to2/1_0" slope="0.00"/>
        <vehicle id="4" x="405.86" y="401.65" angle="-90.00" type="DEFAULT_VEHTYPE" speed="5.11" pos="189.39" lane="3/2to2/2_0" slope="0.00"/>
        <vehicle id="5" x="21.42" y="201.65" angle="-90.00" type="DEFAULT_VEHTYPE" speed="13.90" pos="173.83" lane="1/1to0/1_0" slope="0.00"/>
        <vehicle id="7" x="398.35" y="262.95" angle="0.00" type="DEFAULT_VEHTYPE" speed="13.37" pos="132.30" lane="2/2to2/1_0" slope="0.00"/>
        <vehicle id="8" x="479.88" y="401.65" angle="-90.00" type="DEFAULT_VEHTYPE" speed="13.30" pos="115.37" lane="3/2to2/2_0" slope="0.00"/>
        <vehicle id="9" x="398.35" y="671.29" angle="0.00" type="DEFAULT_VEHTYPE" speed="12.63" pos="128.71" lane="2/4to2/3_0" slope="0.00"/>
    </timestep>
    <timestep time="376.00">
        <vehicle id="0" x="423.29" y="198.35" angle="90.00" type="DEFAULT_VEHTYPE" speed="11.37" pos="18.54" lane="2/1to3/1_0" slope="0.00"/>
        <vehicle id="1" x="201.65" y="90.92" angle="180.00" type="DEFAULT_VEHTYPE" speed="12.86" pos="90.92" lane="1/0to1/1_0" slope="0.00"/>
        <vehicle id="10" x="579.54" y="198.35" angle="90.00" type="DEFAULT_VEHTYPE" speed="10.41" pos="174.79" lane="2/1to3/1_0" slope="0.00"/>
        <vehicle id="11" x="512.11" y="198.35" angle="90.00" type="DEFAULT_VEHTYPE" speed="13.43" pos="107.36" lane="2/1to3/1_0" slope="0.00"/>
        <vehicle id="12" x="334.57" y="401.65" angle="-90.00" type="DEFAULT_VEHTYPE" speed="12.77" pos="60.68" lane="2/2to1/2_0" slope="0.00"/>
        <vehicle id="13" x="398.35" y="205.07" angle="0.00" type="DEFAULT_VEHTYPE" speed="13.13" pos="190.18" lane="2/2to2/1_0" slope="0.00"/>
        <vehicle id="14" x="296.79" y="198.35" angle="90.00" type="DEFAULT_VEHTYPE" speed="13.42" pos="92.04" lane="1/1to2/1_0" slope="0.00"/>
        <vehicle id="4" x="398.36" y="401.65" angle="-90.00" type="DEFAULT_VEHTYPE" speed="7.50" pos="6.39" lane=":2/2_5_0" slope="0.00"/>
        <vehicle id="5" x="8.58" y="201.65" angle="-90.00" type="DEFAULT_VEHTYPE" speed="12.84" pos="186.67" lane="1/1to0/1_0" slope="0.00"/>
        <vehicle id="7" x="398.35" y="250.10" angle="0.00" type="DEFAULT_VEHTYPE" speed="12.85" pos="145.15" lane="2/2to2/1_0" slope="0.00"/>
        <vehicle id="8" x="466.59" y="401.65" angle="-90.00" type="DEFAULT_VEHTYPE" speed="13.28" pos="128.66" lane="3/2to2/2_0" slope="0.00"/>
        <vehicle id="9" x="398.35" y="658.12" angle="0.00" type="DEFAULT_VEHTYPE" speed="13.16" pos="141.88" lane="2/4to2/3_0" slope="0.00"/>
    </timestep>
    <timestep time="377.00">
        <vehicle id="0" x="436.90" y="198.35" angle="90.00" type="DEFAULT_VEHTYPE" speed="13.61" pos="32.15" lane="2/1to3/1_0" slope="0.00"/>
        <vehicle id="1" x="201.65" y="104.42" angle="180.00" type="DEFAULT_VEHTYPE" speed="13.50" pos="104.42" lane="1/0to1/1_0" slope="0.00"/>
        <vehicle id="10" x="586.39" y="198.35" angle="90.00" type="DEFAULT_VEHTYPE" speed="6.85" pos="181.64" lane="2/1to3/1_0" slope="0.00"/>
        <vehicle id="11" x="524.96" y="198.35" angle="90.00" type="DEFAULT_VEHTYPE" speed="12.85" pos="120.21" lane="2/1to3/1_0" slope="0.00"/>
        <vehicle id="12" x="321.84" y="401.65" angle="-90.00" type="DEFAULT_VEHTYPE" speed="12.73" pos="73.41" lane="2/2to1/2_0" slope="0.00"/>
        <vehicle id="13" x="398.35" y="191.48" angle="0.00" type="DEFAULT_VEHTYPE" speed="13.59" pos="3.77" lane="2/1to2/0_0" slope="0.00"/>
        <vehicle id="14" x="310.19" y="198.35" angle="90.00" type="DEFAULT_VEHTYPE" speed="13.40" pos="105.44" lane="1/1to2/1_0" slope="0.00"/>
        <vehicle id="4" x="389.10" y="401.65" angle="-90.00" type="DEFAULT_VEHTYPE" speed="9.26" pos="6.15" lane="2/2to1/2_0" slope="0.00"/>
        <vehicle id="5" x="0.11" y="198.35" angle="0.72" type="DEFAULT_VEHTYPE" speed="13.51" pos="0.11" lane="0/1to1/1_0" slope="0.00"/>
        <vehicle id="7" x="398.35" y="237.20" angle="0.00" type="DEFAULT_VEHTYPE" speed="12.90" pos="158.05" lane="2/2to2/1_0" slope="0.00"/>
        <vehicle id="8" x="453.09" y="401.65" angle="-90.00" type="DEFAULT_VEHTYPE" speed="13.51" pos="142.16" lane="3/2to2/2_0" slope="0.00"/>
        <vehicle id="9" x="398.35" y="645.31" angle="0.00" type="DEFAULT_VEHTYPE" speed="12.82" pos="154.69" lane="2/4to2/3_0" slope="0.00"/>
    </timestep>
    <timestep time="378.00">
        <vehicle id="0" x="449.67" y="198.35" angle="90.00" type="DEFAULT_VEHTYPE" speed="12.77" pos="44.92" lane="2/1to3/1_0" slope="0.00"/>
        <vehicle id="1" x="201.65" y="117.22" angle="180.00" type="DEFAULT_VEHTYPE" speed="12.80" pos="117.22" lane="1/0to1/1_0" slope="0.00"/>
        <vehicle id="10" x="590.45" y="198.35" angle="90.00" type="DEFAULT_VEHTYPE" speed="4.06" pos="185.70" lane="2/1to3/1_0" slope="0.00"/>
        <vehicle id="11" x="538.44" y="198.35" angle="90.00" type="DEFAULT_VEHTYPE" speed="13.48" pos="133.69" lane="2/1to3/1_0" slope="0.00"/>
        <vehicle id="12" x="308.25" y="401.65" angle="-90.00" type="DEFAULT_VEHTYPE" speed="13.58" pos="87.00" lane="2/2to1/2_0" slope="0.00"/>
        <vehicle id="13" x="398.35" y="178.26" angle="0.00" type="DEFAULT_VEHTYPE" speed="13.22" pos="16.99" lane="2/1to2/0_0" slope="0.00"/>
        <vehicle id="14" x="323.75" y="198.35" angle="90.00" type="DEFAULT_VEHTYPE" speed="13.57" pos="119.00" lane="1/1to2/1_0" slope="0.00"/>
        <vehicle id="4" x="377.52" y="401.65" angle="-90.00" type="DEFAULT_VEHTYPE" speed="11.59" pos="17.73" lane="2/2to1/2_0" slope="0.00"/>
        <vehicle id="5" x="13.25" y="198.35" angle="90.00" type="DEFAULT_VEHTYPE" speed="13.14" pos="13.25" lane="0/1to1/1_0" slope="0.00"/>
        <vehicle id="7" x="398.35" y="224.02" angle="0.00" type="DEFAULT_VEHTYPE" speed="13.18" pos="171.23" lane="2/2to2/1_0" slope="0.00"/>
        <vehicle id="8" x="439.71" y="401.65" angle="-90.00" type="DEFAULT_VEHTYPE" speed="13.38" pos="155.54" lane="3/2to2/2_0" slope="0.00"/>
        <vehicle id="9" x="398.35" y="632.54" angle="0.00" type="DEFAULT_VEHTYPE" speed="12.76" pos="167.46" lane="2/4to2/3_0" slope="0.00"/>
    </timestep>
    <timestep time="379.00">
        <vehicle id="0" x="462.63" y="198.35" angle="90.00" type="DEFAULT_VEHTYPE" speed="12.96" pos="57.88" lane="2/1to3/1_0" slope="0.00"/>
        <vehicle id="1" x="201.65" y="130.04" angle="180.00" type="DEFAULT_VEHTYPE" speed="12.81" pos="130.04" lane="1/0to1/1_0" slope="0.00"/>
        <vehicle id="10" x="596.22" y="198.35" angle="90.00" type="DEFAULT_VEHTYPE" speed="5.77" pos="0.97" lane=":3/1_13_0" slope="0.00"/>
        <vehicle id="11" x="551.15" y="198.35" angle="90.00" type="DEFAULT_VEHTYPE" speed="12.71" pos="146.40" lane="2/1to3/1_0" slope="0.00"/>
        <vehicle id="12" x="294.49" y="401.65" angle="-90.00" type="DEFAULT_VEHTYPE" speed="13.76" pos="100.76" lane="2/2to1/2_0" slope="0.00"/>
        <vehicle id="13" x="398.35" y="165.44" angle="0.00" type="DEFAULT_VEHTYPE" speed="12.82" pos="29.81" lane="2/1to2/0_0" slope="0.00"/>
        <vehicle id="14" x="337.43" y="198.35" angle="90.00" type="DEFAULT_VEHTYPE" speed="13.67" pos="132.68" lane="1/1to2/1_0" slope="0.00"/>
        <vehicle id="4" x="364.70" y="401.65" angle="-90.00" type="DEFAULT_VEHTYPE" speed="12.81" pos="30.55" lane="2/2to1/2_0" slope="0.00"/>
        <vehicle id="5" x="26.88" y="198.35" angle="90.00" type="DEFAULT_VEHTYPE" speed="13.63" pos="26.88" lane="0/1to1/1_0" slope="0.00"/>
        <vehicle id="7" x="398.35" y="211.08" angle="0.00" type="DEFAULT_VEHTYPE" speed="12.94" pos="184.17" lane="2/2to2/1_0" slope="0.00"/>
        <vehicle id="8" x="426.80" y="401.65" angle="-90.00" type="DEFAULT_VEHTYPE" speed="12.90" pos="168.45" lane="3/2to2/2_0" slope="0.00"/>
        <vehicle id="9" x="398.35" y="618.76" angle="0.00" type="DEFAULT_VEHTYPE" speed="13.79" pos="181.24" lane="2/4to2/3_0" slope="0.00"/>
    </timestep>
    <timestep time="380.00">
        <vehicle id="0" x="476.17" y="198.35" angle="90.00" type="DEFAULT_VEHTYPE" speed="13.55" pos="71.42" lane="2/1to3/1_0" slope="0.00"/>
        <vehicle id="1" x="201.65" y="142.69" angle="180.00" type="DEFAULT_VEHTYPE" speed="12.65" pos="142.69" lane="1/0to1/1_0" slope="0.00"/>
        <vehicle id="10" x="604.42" y="198.35" angle="90.00" type="DEFAULT_VEHTYPE" speed="8.19" pos="9.17" lane=":3/1_13_0" slope="0.00"/>
        <vehicle id="11" x="564.73" y="198.35" angle="90.00" type="DEFAULT_VEHTYPE" speed="13.58" pos="159.98" lane="2/1to3/1_0" slope="0.00"/>
        <vehicle id="12" x="281.16" y="401.65" angle="-90.00" type="DEFAULT_VEHTYPE" speed="13.34" pos="114.09" lane="2/2to1/2_0" slope="0.00"/>
        <vehicle id="13" x="398.35" y="151.80" angle="0.00" type="DEFAULT_VEHTYPE" speed="13.64" pos="43.45" lane="2/1to2/0_0" slope="0.00"/>
        <vehicle id="14" x="350.92" y="198.35" angle="90.00" type="DEFAULT_VEHTYPE" speed="13.49" pos="146.17" lane="1/1to2/1_0" slope="0.00"/>
        <vehicle id="4" x="351.60" y="401.65" angle="-90.00" type="DEFAULT_VEHTYPE" speed="13.10" pos="43.65" lane="2/2to1/2_0" slope="0.00"/>
        <vehicle id="5" x="39.50" y="198.35" angle="90.00" type="DEFAULT_VEHTYPE" speed="12.61" pos="39.50" lane="0/1to1/1_0" slope="0.00"/>
        <vehicle id="7" x="398.35" y="198.36" angle="0.00" type="DEFAULT_VEHTYPE" speed="12.72" pos="6.39" lane=":2/1_1_0" slope="0.00"/>
        <vehicle id="8" x="418.40" y="401.65" angle="-90.00" type="DEFAULT_VEHTYPE" speed="8.40" pos="176.85" lane="3/2to2/2_0" slope="0.00"/>
        <vehicle id="9" x="398.35" y="604.98" angle="0.00" type="DEFAULT_VEHTYPE" speed="13.78" pos="195.02" lane="2/4to2/3_0" slope="0.00"/>
    </timestep>
    <timestep time="381.00">
        <vehicle id="0" x="488.86" y="198.35" angle="90.00" type="DEFAULT_VEHTYPE" speed="12.68" pos="84.11" lane="2/1to3/1_0" slope="0.00"/>
        <vehicle id="1" x="201.65" y="155.63" angle="180.00" type="DEFAULT_VEHTYPE" speed="12.94" pos="155.63" lane="1/0to1/1_0" slope="0.00"/>
        <vehicle id="10" x="614.82" y="198.35" angle="90.00" type="DEFAULT_VEHTYPE" speed="10.40" pos="10.07" lane="3/1to4/1_0" slope="0.00"/>
        <vehicle id="11" x="575.97" y="198.35" angle="90.00" type="DEFAULT_VEHTYPE" speed="11.25" pos="171.22" lane="2/1to3/1_0" slope="0.00"/>
        <vehicle id="12" x="267.58" y="401.65" angle="-90.00" type="DEFAULT_VEHTYPE" speed="13.58" pos="127.67" lane="2/2to1/2_0" slope="0.00"/>
        <vehicle id="13" x="398.35" y="138.95" angle="0.00" type="DEFAULT_VEHTYPE" speed="12.84" pos="56.30" lane="2/1to2/0_0" slope="0.00"/>
        <vehicle id="14" x="364.14" y="198.35" angle="90.00" type="DEFAULT_VEHTYPE" speed="13.22" pos="159.39" lane="1/1to2/1_0" slope="0.00"/>
        <vehicle id="4" x="337.86" y="401.65" angle="-90.00" type="DEFAULT_VEHTYPE" speed="13.74" pos="57.39" lane="2/2to1/2_0" slope="0.00"/>
        <vehicle id="5" x="52.39" y="198.35" angle="90.00" type="DEFAULT_VEHTYPE" speed="12.90" pos="52.39" lane="0/1to1/1_0" slope="0.00"/>
        <vehicle id="7" x="398.35" y="184.95" angle="0.00" type="DEFAULT_VEHTYPE" speed="13.41" pos="10.30" lane="2/1to2/0_0" slope="0.00"/>
        <vehicle id="8" x="412.36" y="401.65" angle="-90.00" type="DEFAULT_VEHTYPE" speed="6.04" pos="182.89" lane="3/2to2/2_0" slope="0.00"/>
        <vehicle id="9" x="398.35" y="591.77" angle="0.00" type="DEFAULT_VEHTYPE" speed="13.21" pos="3.48" lane="2/3to2/2_0" slope="0.00"/>
    </timestep>
    <timestep time="382.00">
        <vehicle id="0" x="502.10" y="198.35" angle="90.00" type="DEFAULT_VEHTYPE" speed="13.24" pos="97.35" lane="2/1to3/1_0" slope="0.00"/>
        <vehicle id="1" x="201.65" y="169.44" angle="180.00" type="DEFAULT_VEHTYPE" speed="13.82" pos="169.44" lane="1/0to1/1_0" slope="0.00"/>
        <vehicle id="10" x="626.71" y="198.35" angle="90.00" type="DEFAULT_VEHTYPE" speed="11.88" pos="21.96" lane="3/1to4/1_0" slope="0.00"/>
        <vehicle id="11" x="583.79" y="198.35" angle="90.00" type="DEFAULT_VEHTYPE" speed="7.82" pos="179.04" lane="2/1to3/1_0" slope="0.00"/>
        <vehicle id="12" x="253.77" y="401.65" angle="-90.00" type="DEFAULT_VEHTYPE" speed="13.81" pos="141.48" lane="2/2to1/2_0" slope="0.00"/>
        <vehicle id="13" x="398.35" y="125.33" angle="0.00" type="DEFAULT_VEHTYPE" speed="13.62" pos="69.92" lane="2/1to2/0_0" slope="0.00"/>
        <vehicle id="14" x="375.92" y="198.35" angle="90.00" type="DEFAULT_VEHTYPE" speed="11.78" pos="171.17" lane="1/1to2/1_0" slope="0.00"/>
        <vehicle id="4" x="324.68" y="401.65" angle="-90.00" type="DEFAULT_VEHTYPE" speed="13.18" pos="70.57" lane="2/2to1/2_0" slope="0.00"/>
        <vehicle id="5" x="66.09" y="198.35" angle="90.00" type="DEFAULT_VEHTYPE" speed="13.69" pos="66.09" lane="0/1to1/1_0" slope="0.00"/>
        <vehicle id="7" x="398.35" y="171.41" angle="0.00" type="DEFAULT_VEHTYPE" speed="13.54" pos="23.84" lane="2/1to2/0_0" slope="0.00"/>
        <vehicle id="8" x="408.94" y="401.65" angle="-90.00" type="DEFAULT_VEHTYPE" speed="3.42" pos="186.31" lane="3/2to2/2_0" slope="0.00"/>
        <vehicle id="9" x="398.35" y="578.90" angle="0.00" type="DEFAULT_VEHTYPE" speed="12.87" pos="16.35" lane="2/3to2/2_0" slope="0.00"/>
    </timestep>
    <timestep time="383.00">
        <vehicle id="0" x="515.89" y="198.35" angle="90.00" type="DEFAULT_VEHTYPE" speed="13.79" pos="111.14" lane="2/1to3/1_0" slope="0.00"/>
        <vehicle id="1" x="201.65" y="182.55" angle="180.00" type="DEFAULT_VEHTYPE" speed="13.10" pos="182.55" lane="1/0to1/1_0" slope="0.00"/>
        <vehicle id="10" x="639.43" y="198.35" angle="90.00" type="DEFAULT_VEHTYPE" speed="12.72" pos="34.68" lane="3/1to4/1_0" slope="0.00"/>
        <vehicle id="11" x="588.50" y="198.35" angle="90.00" type="DEFAULT_VEHTYPE" speed="4.70" pos="183.75" lane="2/1to3/1_0" slope="0.00"/>
        <vehicle id="12" x="240.86" y="401.65" angle="-90.00" type="DEFAULT_VEHTYPE" speed="12.91" pos="154.39" lane="2/2to1/2_0" slope="0.00"/>
        <vehicle id="13" x="398.35" y="111.59" angle="0.00" type="DEFAULT_VEHTYPE" speed="13.75" pos="83.66" lane="2/1to2/0_0" slope="0.00"/>
        <vehicle id="14" x="384.36" y="198.35" angle="90.00" type="DEFAULT_VEHTYPE" speed="8.45" pos="179.61" lane="1/1to2/1_0" slope="0.00"/>
        <vehicle id="4" x="311.54" y="401.65" angle="-90.00" type="DEFAULT_VEHTYPE" speed="13.14" pos="83.71" lane="2/2to1/2_0" slope="0.00"/>
        <vehicle id="5" x="79.79" y="198.35" angle="90.00" type="DEFAULT_VEHTYPE" speed="13.70" pos="79.79" lane="0/1to1/1_0" slope="0.00"/>
        <vehicle id="7" x="398.35" y="158.17" angle="0.00" type="DEFAULT_VEHTYPE" speed="13.24" pos="37.08" lane="2/1to2/0_0" slope="0.00"/>
        <vehicle id="8" x="404.04" y="401.55" angle="-88.83" type="DEFAULT_VEHTYPE" speed="4.91" pos="0.72" lane=":2/2_6_0" slope="0.00"/>
        <vehicle id="9" x="398.35" y="565.20" angle="0.00" type="DEFAULT_VEHTYPE" speed="13.70" pos="30.05" lane="2/3to2/2_0" slope="0.00"/>
    </timestep>
    <timestep time="384.00">
        <vehicle id="0" x="528.58" y="198.35" angle="90.00" type="DEFAULT_VEHTYPE" speed="12.69" pos="123.83" lane="2/1to3/1_0" slope="0.00"/>
        <vehicle id="1" x="201.75" y="195.99" angle="178.82" type="DEFAULT_VEHTYPE" speed="13.45" pos="0.74" lane=":1/1_8_0" slope="0.00"/>
        <vehicle id="10" x="652.90" y="198.35" angle="90.00" type="DEFAULT_VEHTYPE" speed="13.47" pos="48.15" lane="3/1to4/1_0" slope="0.00"/>
        <vehicle id="11" x="594.53" y="198.35" angle="90.00" type="DEFAULT_VEHTYPE" speed="6.04" pos="189.78" lane="2/1to3/1_0" slope="0.00"/>
        <vehicle id="12" x="228.50" y="401.65" angle="-90.00" type="DEFAULT_VEHTYPE" speed="12.37" pos="166.75" lane="2/2to1/2_0" slope="0.00"/>
        <vehicle id="13" x="398.35" y="98.43" angle="0.00" type="DEFAULT_VEHTYPE" speed="13.15" pos="96.82" lane="2/1to2/0_0" slope="0.00"/>
        <vehicle id="14" x="388.94" y="198.35" angle="90.00" type="DEFAULT_VEHTYPE" speed="4.57" pos="184.19" lane="1/1to2/1_0" slope="0.00"/>
        <vehicle id="4" x="298.64" y="401.65" angle="-90.00" type="DEFAULT_VEHTYPE" speed="12.90" pos="96.61" lane="2/2to1/2_0" slope="0.00"/>
        <vehicle id="5" x="93.58" y="198.35" angle="90.00" type="DEFAULT_VEHTYPE" speed="13.79" pos="93.58" lane="0/1to1/1_0" slope="0.00"/>
        <vehicle id="7" x="398.35" y="144.85" angle="0.00" type="DEFAULT_VEHTYPE" speed="13.32" pos="50.40" lane="2/1to2/0_0" slope="0.00"/>
        <vehicle id="8" x="398.68" y="397.54" angle="-40.75" type="DEFAULT_VEHTYPE" speed="7.29" pos="8.01" lane=":2/2_6_0" slope="0.00"/>
        <vehicle id="9" x="398.35" y="551.50" angle="0.00" type="DEFAULT_VEHTYPE" speed="13.70" pos="43.75" lane="2/3to2/2_0" slope="0.00"/>
    </timestep>
    <timestep time="385.00">
        <vehicle id="0" x="541.55" y="198.35" angle="90.00" type="DEFAULT_VEHTYPE" speed="12.98" pos="136.80" lane="2/1to3/1_0" slope="0.00"/>
        <vehicle id="1" x="213.36" y="198.35" angle="90.00" type="DEFAULT_VEHTYPE" speed="12.87" pos="8.61" lane="1/1to2/1_0" slope="0.00"/>
        <vehicle id="10" x="666.79" y="198.35" angle="90.00" type="DEFAULT_VEHTYPE" speed="13.90" pos="62.04" lane="3/1to4/1_0" slope="0.00"/>
        <vehicle id="11" x="602.72" y="198.35" angle="90.00" type="DEFAULT_VEHTYPE" speed="8.19" pos="7.47" lane=":3/1_13_0" slope="0.00"/>
        <vehicle id="12" x="218.58" y="401.65" angle="-90.00" type="DEFAULT_VEHTYPE" speed="9.91" pos="176.67" lane="2/2to1/2_0" slope="0.00"/>
        <vehicle id="13" x="398.35" y="85.11" angle="0.00" type="DEFAULT_VEHTYPE" speed="13.32" pos="110.14" lane="2/1to2/0_0" slope="0.00"/>
        <vehicle id="14" x="395.92" y="198.35" angle="90.00" type="DEFAULT_VEHTYPE" speed="6.98" pos="0.67" lane=":2/1_13_0" slope="0.00"/>
        <vehicle id="4" x="285.47" y="401.65" angle="-90.00" type="DEFAULT_VEHTYPE" speed="13.17" pos="109.78" lane="2/2to1/2_0" slope="0.00"/>
        <vehicle id="5" x="106.55" y="198.35" angle="90.00" type="DEFAULT_VEHTYPE" speed="12.98" pos="106.55" lane="0/1to1/1_0" slope="0.00"/>
        <vehicle id="7" x="398.35" y="131.14" angle="0.00" type="DEFAULT_VEHTYPE" speed="13.70" pos="64.11" lane="2/1to2/0_0" slope="0.00"/>
        <vehicle id="8" x="398.35" y="388.10" angle="0.00" type="DEFAULT_VEHTYPE" speed="9.46" pos="7.15" lane="2/2to2/1_0" slope="0.00"/>
        <vehicle id="9" x="398.35" y="538.78" angle="0.00" type="DEFAULT_VEHTYPE" speed="12.73" pos="56.47" lane="2/3to2/2_0" slope="0.00"/>
    </timestep>
    <timestep time="386.00">
        <vehicle id="0" x="554.36" y="198.35" angle="90.00" type="DEFAULT_VEHTYPE" speed="12.81" pos="149.61" lane="2/1to3/1_0" slope="0.00"/>
        <vehicle id="1" x="226.26" y="198.35" angle="90.00" type="DEFAULT_VEHTYPE" speed="12.90" pos="21.51" lane="1/1to2/1_0" slope="0.00"/>
        <vehicle id="10" x="679.76" y="198.35" angle="90.00" type="DEFAULT_VEHTYPE" speed="12.97" pos="75.01" lane="3/1to4/1_0" slope="0.00"/>
        <vehicle id="11" x="613.20" y="198.35" angle="90.00" type="DEFAULT_VEHTYPE" speed="10.48" pos="8.45" lane="3/1to4/1_0" slope="0.00"/>
        <vehicle id="12" x="212.11" y="401.65" angle="-90.00" type="DEFAULT_VEHTYPE" speed="6.47" pos="183.14" lane="2/2to1/2_0" slope="0.00"/>
        <vehicle id="13" x="398.35" y="71.75" angle="0.00" type="DEFAULT_VEHTYPE" speed="13.36" pos="123.50" lane="2/1to2/0_0" slope="0.00"/>
        <vehicle id="14" x="404.84" y="198.35" angle="90.00" type="DEFAULT_VEHTYPE" speed="8.92" pos="0.09" lane="2/1to3/1_0" slope="0.00"/>
        <vehicle id="4" x="272.17" y="401.65" angle="-90.00" type="DEFAULT_VEHTYPE" speed="13.30" pos="123.08" lane="2/2to1/2_0" slope="0.00"/>
        <vehicle id="5" x="119.23" y="198.35" angle="90.00" type="DEFAULT_VEHTYPE" speed="12.68" pos="119.23" lane="0/1to1/1_0" slope="0.00"/>
        <vehicle id="7" x="398.35" y="117.62" angle="0.00" type="DEFAULT_VEHTYPE" speed="13.53" pos="77.63" lane="2/1to2/0_0" slope="0.00"/>
        <vehicle id="8" x="398.35" y="376.24" angle="0.00" type="DEFAULT_VEHTYPE" speed="11.87" pos="19.01" lane="2/2to2/1_0" slope="0.00"/>
        <vehicle id="9" x="398.35" y="524.99" angle="0.00" type="DEFAULT_VEHTYPE" speed="13.78" pos="70.26" lane="2/3to2/2_0" slope="0.00"/>
    </timestep>
    <timestep time="387.00">
        <vehicle id="0" x="567.27" y="198.35" angle="90.00" type="DEFAULT_VEHTYPE" speed="12.91" pos="162.52" lane="2/1to3/1_0" slope="0.00"/>
        <vehicle id="1" x="239.57" y="198.35" angle="90.00" type="DEFAULT_VEHTYPE" speed="13.31" pos="34.82" lane="1/1to2/1_0" slope="0.00"/>
        <vehicle id="10" x="693.61" y="198.35" angle="90.00" type="DEFAULT_VEHTYPE" speed="13.85" pos="88.86" lane="3/1to4/1_0" slope="0.00"/>
        <vehicle id="11" x="625.67" y="198.35" angle="90.00" type="DEFAULT_VEHTYPE" speed="12.47" pos="20.92" lane="3/1to4/1_0" slope="0.00"/>
        <vehicle id="12" x="209.29" y="401.65" angle="-90.00" type="DEFAULT_VEHTYPE" speed="2.82" pos="185.96" lane="2/2to1/2_0" slope="0.00"/>
        <vehicle id="13" x="398.35" y="58.33" angle="0.00" type="DEFAULT_VEHTYPE" speed="13.43" pos="136.92" lane="2/1to2/0_0" slope="0.00"/>
        <vehicle id="14" x="415.88" y="198.35" angle="90.00" type="DEFAULT_VEHTYPE" speed="11.03" pos="11.13" lane="2/1to3/1_0" slope="0.00"/>
        <vehicle id="4" x="259.29" y="401.65" angle="-90.00" type="DEFAULT_VEHTYPE" speed="12.88" pos="135.96" lane="2/2to1/2_0" slope="0.00"/>
        <vehicle id="5" x="132.79" y="198.35" angle="90.00" type="DEFAULT_VEHTYPE" speed="13.56" pos="132.79" lane="0/1to1/1_0" slope="0.00"/>
        <vehicle id="7" x="398.35" y="104.51" angle="0.00" type="DEFAULT_VEHTYPE" speed="13.11" pos="90.74" lane="2/1to2/0_0" slope="0.00"/>
        <vehicle id="8" x="398.35" y="362.74" angle="0.00" type="DEFAULT_VEHTYPE" speed="13.50" pos="32.51" lane="2/2to2/1_0" slope="0.00"/>
        <vehicle id="9" x="398.35" y="511.37" angle="0.00" type="DEFAULT_VEHTYPE" speed="13.62" pos="83.88" lane="2/3to2/2_0" slope="0.00"/>
    </timestep>
    <timestep time="388.00">
        <vehicle id="0" x="578.40" y="198.35" angle="90.00" type="DEFAULT_VEHTYPE" speed="11.14" pos="173.65" lane="2/1to3/1_0" slope="0.00"/>
        <vehicle id="1" x="253.18" y="198.35" angle="90.00" type="DEFAULT_VEHTYPE" speed="13.61" pos="48.43" lane="1/1to2/1_0" slope="0.00"/>
        <vehicle id="10" x="706.64" y="198.35" angle="90.00" type="DEFAULT_VEHTYPE" speed="13.02" pos="101.89" lane="3/1to4/1_0" slope="0.00"/>
        <vehicle id="11" x="638.83" y="198.35" angle="90.00" type="DEFAULT_VEHTYPE" speed="13.16" pos="34.08" lane="3/1to4/1_0" slope="0.00"/>
        <vehicle id="12" x="205.12" y="401.65" angle="-90.00" type="DEFAULT_VEHTYPE" speed="4.17" pos="190.13" lane="2/2to1/2_0" slope="0.00"/>
        <vehicle id="13" x="398.35" y="44.69" angle="0.00" type="DEFAULT_VEHTYPE" speed="13.63" pos="150.56" lane="2/1to2/0_0" slope="0.00"/>
        <vehicle id="14" x="428.26" y="198.35" angle="90.00" type="DEFAULT_VEHTYPE" speed="12.39" pos="23.51" lane="2/1to3/1_0" slope="0.00"/>
        <vehicle id="4" x="245.90" y="401.65" angle="-90.00" type="DEFAULT_VEHTYPE" speed="13.39" pos="149.35" lane="2/2to1/2_0" slope="0.00"/>
        <vehicle id="5" x="145.46" y="198.35" angle="90.00" type="DEFAULT_VEHTYPE" speed="12.67" pos="145.46" lane="0/1to1/1_0" slope="0.00"/>
        <vehicle id="7" x="398.35" y="91.11" angle="0.00" type="DEFAULT_VEHTYPE" speed="13.40" pos="104.14" lane="2/1to2/0_0" slope="0.00"/>
        <vehicle id="8" x="398.35" y="349.67" angle="0.00" type="DEFAULT_VEHTYPE" speed="13.07" pos="45.58" lane="2/2to2/1_0" slope="0.00"/>
        <vehicle id="9" x="398.35" y="498.31" angle="0.00" type="DEFAULT_VEHTYPE" speed="13.07" pos="96.94" lane="2/3to2/2_0" slope="0.00"/>
    </timestep>
    <timestep time="389.00">
        <vehicle id="0" x="586.04" y="198.35" angle="90.00" type="DEFAULT_VEHTYPE" speed="7.64" pos="181.29" lane="2/1to3/1_0" slope="0.00"/>
        <vehicle id="1" x="266.06" y="198.35" angle="90.00" type="DEFAULT_VEHTYPE" speed="12.88" pos="61.31" lane="1/1to2/1_0" slope="0.00"/>
        <vehicle id="10" x="719.87" y="198.35" angle="90.00" type="DEFAULT_VEHTYPE" speed="13.23" pos="115.12" lane="3/1to4/1_0" slope="0.00"/>
        <vehicle id="11" x="651.77" y="198.35" angle="90.00" type="DEFAULT_VEHTYPE" speed="12.95" pos="47.02" lane="3/1to4/1_0" slope="0.00"/>
        <vehicle id="12" x="199.63" y="399.52" angle="-65.06" type="DEFAULT_VEHTYPE" speed="6.15" pos="5.78" lane=":1/2_6_0" slope="0.00"/>
        <vehicle id="13" x="398.35" y="30.97" angle="0.00" type="DEFAULT_VEHTYPE" speed="13.73" pos="164.28" lane="2/1to2/0_0" slope="0.00"/>
        <vehicle id="14" x="441.46" y="198.35" angle="90.00" type="DEFAULT_VEHTYPE" speed="13.20" pos="36.71" lane="2/1to3/1_0" slope="0.00"/>
        <vehicle id="4" x="232.79" y="401.65" angle="-90.00" type="DEFAULT_VEHTYPE" speed="13.10" pos="162.46" lane="2/2to1/2_0" slope="0.00"/>
        <vehicle id="5" x="159.24" y="198.35" angle="90.00" type="DEFAULT_VEHTYPE" speed="13.78" pos="159.24" lane="0/1to1/1_0" slope="0.00"/>
        <vehicle id="7" x="398.35" y="78.05" angle="0.00" type="DEFAULT_VEHTYPE" speed="13.06" pos="117.20" lane="2/1to2/0_0" slope="0.00"/>
        <vehicle id="8" x="398.35" y="335.99" angle="0.00" type="DEFAULT_VEHTYPE" speed="13.68" pos="59.26" lane="2/2to2/1_0" slope="0.00"/>
        <vehicle id="9" x="398.35" y="485.44" angle="0.00" type="DEFAULT_VEHTYPE" speed="12.87" pos="109.81" lane="2/3to2/2_0" slope="0.00"/>
    </timestep>
    <timestep time="390.00">
        <vehicle id="0" x="589.91" y="198.35" angle="90.00" type="DEFAULT_VEHTYPE" speed="3.87" pos="185.16" lane="2/1to3/1_0" slope="0.00"/>
        <vehicle id="1" x="279.39" y="198.35" angle="90.00" type="DEFAULT_VEHTYPE" speed="13.32" pos="74.64" lane="1/1to2/1_0" slope="0.00"/>
        <vehicle id="10" x="732.80" y="198.35" angle="90.00" type="DEFAULT_VEHTYPE" speed="12.94" pos="128.05" lane="3/1to4/1_0" slope="0.00"/>
        <vehicle id="11" x="664.56" y="198.35" angle="90.00" type="DEFAULT_VEHTYPE" speed="12.79" pos="59.81" lane="3/1to4/1_0" slope="0.00"/>
        <vehicle id="12" x="198.35" y="392.12" angle="-3.04" type="DEFAULT_VEHTYPE" speed="7.67" pos="3.13" lane="1/2to1/1_0" slope="0.00"/>
        <vehicle id="13" x="398.35" y="17.89" angle="0.00" type="DEFAULT_VEHTYPE" speed="13.08" pos="177.36" lane="2/1to2/0_0" slope="0.00"/>
        <vehicle id="14" x="454.81" y="198.35" angle="90.00" type="DEFAULT_VEHTYPE" speed="13.34" pos="50.06" lane="2/1to3/1_0" slope="0.00"/>
        <vehicle id="4" x="222.59" y="401.65" angle="-90.00" type="DEFAULT_VEHTYPE" speed="10.20" pos="172.66" lane="2/2to1/2_0" slope="0.00"/>
        <vehicle id="5" x="171.81" y="198.35" angle="90.00" type="DEFAULT_VEHTYPE" speed="12.57" pos="171.81" lane="0/1to1/1_0" slope="0.00"/>
        <vehicle id="7" x="398.35" y="64.54" angle="0.00" type="DEFAULT_VEHTYPE" speed="13.52" pos="130.71" lane="2/1to2/0_0" slope="0.00"/>
        <vehicle id="8" x="398.35" y="322.55" angle="0.00" type="DEFAULT_VEHTYPE" speed="13.44" pos="72.70" lane="2/2to2/1_0" slope="0.00"/>
        <vehicle id="9" x="398.35" y="472.54" angle="0.00" type="DEFAULT_VEHTYPE" speed="12.90" pos="122.71" lane="2/3to2/2_0" slope="0.00"/>
    </timestep>
    <timestep time="391.00">
        <vehicle id="0" x="595.49" y="198.38" angle="90.39" type="DEFAULT_VEHTYPE" speed="5.58" pos="0.24" lane=":3/1_14_0" slope="0.00"/>
        <vehicle id="1" x="292.60" y="198.35" angle="90.00" type="DEFAULT_VEHTYPE" speed="13.21" pos="87.85" lane="1/1to2/1_0" slope="0.00"/>
        <vehicle id="10" x="746.11" y="198.35" angle="90.00" type="DEFAULT_VEHTYPE" speed="13.30" pos="141.36" lane="3/1to4/1_0" slope="0.00"/>
        <vehicle id="11" x="678.30" y="198.35" angle="90.00" type="DEFAULT_VEHTYPE" speed="13.74" pos="73.55" lane="3/1to4/1_0" slope="0.00"/>
        <vehicle id="12" x="198.35" y="381.95" angle="0.00" type="DEFAULT_VEHTYPE" speed="10.17" pos="13.30" lane="1/2to1/1_0" slope="0.00"/>
        <vehicle id="13" x="398.35" y="4.17" angle="0.00" type="DEFAULT_VEHTYPE" speed="13.72" pos="191.08" lane="2/1to2/0_0" slope="0.00"/>
        <vehicle id="14" x="468.32" y="198.35" angle="90.00" type="DEFAULT_VEHTYPE" speed="13.51" pos="63.57" lane="2/1to3/1_0" slope="0.00"/>
        <vehicle id="4" x="215.32" y="401.65" angle="-90.00" type="DEFAULT_VEHTYPE" speed="7.27" pos="179.93" lane="2/2to1/2_0" slope="0.00"/>
        <vehicle id="5" x="181.13" y="198.35" angle="90.00" type="DEFAULT_VEHTYPE" speed="9.32" pos="181.13" lane="0/1to1/1_0" slope="0.00"/>
        <vehicle id="7" x="398.35" y="51.13" angle="0.00" type="DEFAULT_VEHTYPE" speed="13.40" pos="144.12" lane="2/1to2/0_0" slope="0.00"/>
        <vehicle id="8" x="398.35" y="309.30" angle="0.00" type="DEFAULT_VEHTYPE" speed="13.25" pos="85.95" lane="2/2to2/1_0" slope="0.00"/>
        <vehicle id="9" x="398.35" y="459.42" angle="0.00" type="DEFAULT_VEHTYPE" speed="13.11" pos="135.83" lane="2/3to2/2_0" slope="0.00"/>
    </timestep>
    <timestep time="392.00">
        <vehicle id="0" x="601.32" y="202.42" angle="138.84" type="DEFAULT_VEHTYPE" speed="7.73" pos="7.97" lane=":3/1_14_0" slope="0.00"/>
        <vehicle id="1" x="306.06" y="198.35" angle="90.00" type="DEFAULT_VEHTYPE" speed="13.46" pos="101.31" lane="1/1to2/1_0" slope="0.00"/>
        <vehicle id="10" x="759.92" y="198.35" angle="90.00" type="DEFAULT_VEHTYPE" speed="13.81" pos="155.17" lane="3/1to4/1_0" slope="0.00"/>
        <vehicle id="11" x="691.70" y="198.35" angle="90.00" type="DEFAULT_VEHTYPE" speed="13.40" pos="86.95" lane="3/1to4/1_0" slope="0.00"/>
        <vehicle id="12" x="198.35" y="369.70" angle="0.00" type="DEFAULT_VEHTYPE" speed="12.25" pos="25.55" lane="1/2to1/1_0" slope="0.00"/>
        <vehicle id="13" x="401.65" y="4.30" angle="175.41" type="DEFAULT_VEHTYPE" speed="13.28" pos="4.30" lane="2/0to2/1_0" slope="0.00"/>
        <vehicle id="14" x="481.80" y="198.35" angle="90.00" type="DEFAULT_VEHTYPE" speed="13.48" pos="77.05" lane="2/1to3/1_0" slope="0.00"/>
        <vehicle id="4" x="210.62" y="401.65" angle="-90.00" type="DEFAULT_VEHTYPE" speed="4.70" pos="184.63" lane="2/2to1/2_0" slope="0.00"/>
        <vehicle id="5" x="186.80" y="198.35" angle="90.00" type="DEFAULT_VEHTYPE" speed="5.67" pos="186.80" lane="0/1to1/1_0" slope="0.00"/>
        <vehicle id="7" x="398.35" y="37.32" angle="0.00" type="DEFAULT_VEHTYPE" speed="13.82" pos="157.93" lane="2/1to2/0_0" slope="0.00"/>
        <vehicle id="8" x="398.35" y="296.67" angle="0.00" type="DEFAULT_VEHTYPE" speed="12.63" pos="98.58" lane="2/2to2/1_0" slope="0.00"/>
        <vehicle id="9" x="398.35" y="446.03" angle="0.00" type="DEFAULT_VEHTYPE" speed="13.39" pos="149.22" lane="2/3to2/2_0" slope="0.00"/>
    </timestep>
    <timestep time="393.00">
        <vehicle id="0" x="601.65" y="211.47" angle="180.00" type="DEFAULT_VEHTYPE" speed="9.08" pos="6.72" lane="3/1to3/2_0" slope="0.00"/>
        <vehicle id="1" x="319.31" y="198.35" angle="90.00" type="DEFAULT_VEHTYPE" speed="13.26" pos="114.56" lane="1/1to2/1_0" slope="0.00"/>
        <vehicle id="10" x="773.79" y="198.35" angle="90.00" type="DEFAULT_VEHTYPE" speed="13.87" pos="169.04" lane="3/1to4/1_0" slope="0.00"/>
        <vehicle id="11" x="704.77" y="198.35" angle="90.00" type="DEFAULT_VEHTYPE" speed="13.07" pos="100.02" lane="3/1to4/1_0" slope="0.00"/>
        <vehicle id="12" x="198.35" y="356.58" angle="0.00" type="DEFAULT_VEHTYPE" speed="13.11" pos="38.67" lane="1/2to1/1_0" slope="0.00"/>
        <vehicle id="13" x="401.65" y="17.88" angle="180.00" type="DEFAULT_VEHTYPE" speed="13.58" pos="17.88" lane="2/0to2/1_0" slope="0.00"/>
        <vehicle id="14" x="495.33" y="198.35" angle="90.00" type="DEFAULT_VEHTYPE" speed="13.52" pos="90.58" lane="2/1to3/1_0" slope="0.00"/>
        <vehicle id="4" x="204.08" y="401.55" angle="-88.91" type="DEFAULT_VEHTYPE" speed="6.54" pos="0.67" lane=":1/2_6_0" slope="0.00"/>
        <vehicle id="5" x="189.65" y="198.35" angle="90.00" type="DEFAULT_VEHTYPE" speed="2.85" pos="189.65" lane="0/1to1/1_0" slope="0.00"/>
        <vehicle id="7" x="398.35" y="24.60" angle="0.00" type="DEFAULT_VEHTYPE" speed="12.72" pos="170.65" lane="2/1to2/0_0" slope="0.00"/>
        <vehicle id="8" x="398.35" y="283.27" angle="0.00" type="DEFAULT_VEHTYPE" speed="13.40" pos="111.98" lane="2/2to2/1_0" slope="0.00"/>
        <vehicle id="9" x="398.35" y="432.72" angle="0.00" type="DEFAULT_VEHTYPE" speed="13.31" pos="162.53" lane="2/3to2/2_0" slope="0.00"/>
    </timestep>
    <timestep time="394.00">
        <vehicle id="0" x="601.65" y="222.03" angle="180.00" type="DEFAULT_VEHTYPE" speed="10.55" pos="17.28" lane="3/1to3/2_0" slope="0.00"/>
        <vehicle id="1" x="332.92" y="198.35" angle="90.00" type="DEFAULT_VEHTYPE" speed="13.60" pos="128.17" lane="1/1to2/1_0" slope="0.00"/>
        <vehicle id="10" x="787.02" y="198.35" angle="90.00" type="DEFAULT_VEHTYPE" speed="13.23" pos="182.27" lane="3/1to4/1_0" slope="0.00"/>
        <vehicle id="11" x="718.54" y="198.35" angle="90.00" type="DEFAULT_VEHTYPE" speed="13.77" pos="113.79" lane="3/1to4/1_0" slope="0.00"/>
        <vehicle id="12" x="198.35" y="343.23" angle="0.00" type="DEFAULT_VEHTYPE" speed="13.36" pos="52.02" lane="1/2to1/1_0" slope="0.00"/>
        <vehicle id="13" x="401.65" y="30.96" angle="180.00" type="DEFAULT_VEHTYPE" speed="13.08" pos="30.96" lane="2/0to2/1_0" slope="0.00"/>
        <vehicle id="14" x="508.75" y="198.35" angle="90.00" type="DEFAULT_VEHTYPE" speed="13.43" pos="104.00" lane="2/1to3/1_0" slope="0.00"/>
        <vehicle id="4" x="198.57" y="396.80" angle="-33.06" type="DEFAULT_VEHTYPE" speed="8.08" pos="8.75" lane=":1/2_6_0" slope="0.00"/>
        <vehicle id="5" x="194.57" y="198.35" angle="90.00" type="DEFAULT_VEHTYPE" speed="4.92" pos="194.57" lane="0/1to1/1_0" slope="0.00"/>
        <vehicle id="7" x="398.35" y="11.14" angle="0.00" type="DEFAULT_VEHTYPE" speed="13.46" pos="184.11" lane="2/1to2/0_0" slope="0.00"/>
        <vehicle id="8" x="398.35" y="269.45" angle="0.00" type="DEFAULT_VEHTYPE" speed="13.82" pos="125.80" lane="2/2to2/1_0" slope="0.00"/>
        <vehicle id="9" x="398.35" y="419.14" angle="0.00" type="DEFAULT_VEHTYPE" speed="13.58" pos="176.11" lane="2/3to2/2_0" slope="0.00"/>
    </timestep>
    <timestep time="395.00">
        <vehicle id="0" x="601.65" y="235.02" angle="180.00" type="DEFAULT_VEHTYPE" speed="13.00" pos="30.27" lane="3/1to3/2_0" slope="0.00"/>
        <vehicle id="1" x="346.43" y="198.35" angle="90.00" type="DEFAULT_VEHTYPE" speed="13.51" pos="141.68" lane="1/1to2/1_0" slope="0.00"/>
        <vehicle id="10" x="800.23" y="198.50" angle="91.76" type="DEFAULT_VEHTYPE" speed="13.25" pos="0.28" lane=":4/1_0_0" slope="0.00"/>
        <vehicle id="11" x="732.24" y="198.35" angle="90.00" type="DEFAULT_VEHTYPE" speed="13.69" pos="127.49" lane="3/1to4/1_0" slope="0.00"/>
        <vehicle id="12" x="198.35" y="329.61" angle="0.00" type="DEFAULT_VEHTYPE" speed="13.62" pos="65.64" lane="1/2to1/1_0" slope="0.00"/>
        <vehicle id="13" x="401.65" y="44.58" angle="180.00" type="DEFAULT_VEHTYPE" speed="13.62" pos="44.58" lane="2/0to2/1_0" slope="0.00"/>
        <vehicle id="14" x="522.09" y="198.35" angle="90.00" type="DEFAULT_VEHTYPE" speed="13.34" pos="117.34" lane="2/1to3/1_0" slope="0.00"/>
        <vehicle id="4" x="198.35" y="386.33" angle="0.00" type="DEFAULT_VEHTYPE" speed="10.49" pos="8.92" lane="1/2to1/1_0" slope="0.00"/>
        <vehicle id="5" x="198.35" y="193.85" angle="21.81" type="DEFAULT_VEHTYPE" speed="7.08" pos="1.40" lane="1/1to1/0_0" slope="0.00"/>
        <vehicle id="7" x="399.80" y="-1.55" angle="18.40" type="DEFAULT_VEHTYPE" speed="13.33" pos="2.19" lane=":2/0_0_0" slope="0.00"/>
        <vehicle id="8" x="398.35" y="256.35" angle="0.00" type="DEFAULT_VEHTYPE" speed="13.10" pos="138.90" lane="2/2to2/1_0" slope="0.00"/>
        <vehicle id="9" x="398.35" y="405.55" angle="0.00" type="DEFAULT_VEHTYPE" speed="13.59" pos="189.70" lane="2/3to2/2_0" slope="0.00"/>
    </timestep>
    <timestep time="396.00">
        <vehicle id="0" x="601.65" y="248.21" angle="180.00" type="DEFAULT_VEHTYPE" speed="13.19" pos="43.46" lane="3/1to3/2_0" slope="0.00"/>
        <vehicle id="1" x="359.40" y="198.35" angle="90.00" type="DEFAULT_VEHTYPE" speed="12.97" pos="154.65" lane="1/1to2/1_0" slope="0.00"/>
        <vehicle id="10" x="791.34" y="201.65" angle="-90.00" type="DEFAULT_VEHTYPE" speed="13.21" pos="8.66" lane="4/1to3/1_0" slope="0.00"/>
        <vehicle id="11" x="744.99" y="198.35" angle="90.00" type="DEFAULT_VEHTYPE" speed="12.75" pos="140.24" lane="3/1to4/1_0" slope="0.00"/>
        <vehicle id="12" x="198.35" y="316.49" angle="0.00" type="DEFAULT_VEHTYPE" speed="13.12" pos="78.76" lane="1/2to1/1_0" slope="0.00"/>
        <vehicle id="13" x="401.65" y="57.42" angle="180.00" type="DEFAULT_VEHTYPE" speed="12.85" pos="57.42" lane="2/0to2/1_0" slope="0.00"/>
        <vehicle id="14" x="535.75" y="198.35" angle="90.00" type="DEFAULT_VEHTYPE" speed="13.66" pos="131.00" lane="2/1to3/1_0" slope="0.00"/>
        <vehicle id="4" x="198.35" y="373.95" angle="0.00" type="DEFAULT_VEHTYPE" speed="12.38" pos="21.30" lane="1/2to1/1_0" slope="0.00"/>
        <vehicle id="5" x="198.35" y="184.74" angle="0.00" type="DEFAULT_VEHTYPE" speed="9.11" pos="10.51" lane="1/1to1/0_0" slope="0.00"/>
        <vehicle id="7" x="401.65" y="10.38" angle="180.00" type="DEFAULT_VEHTYPE" speed="13.01" pos="10.38" lane="2/0to2/1_0" slope="0.00"/>
        <vehicle id="8" x="398.35" y="242.73" angle="0.00" type="DEFAULT_VEHTYPE" speed="13.63" pos="152.52" lane="2/2to2/1_0" slope="0.00"/>
        <vehicle id="9" x="387.74" y="401.65" angle="-90.00" type="DEFAULT_VEHTYPE" speed="13.31" pos="7.51" lane="2/2to1/2_0" slope="0.00"/>
    </timestep>
    <timestep time="397.00">
        <vehicle id="0" x="601.65" y="261.53" angle="180.00" type="DEFAULT_VEHTYPE" speed="13.31" pos="56.78" lane="3/1to3/2_0" slope="0.00"/>
        <vehicle id="1" x="372.49" y="198.35" angle="90.00" type="DEFAULT_VEHTYPE" speed="13.09" pos="167.74" lane="1/1to2/1_0" slope="0.00"/>
        <vehicle id="10" x="778.09" y="201.65" angle="-90.00" type="DEFAULT_VEHTYPE" speed="13.24" pos="21.91" lane="4/1to3/1_0" slope="0.00"/>
        <vehicle id="11" x="757.98" y="198.35" angle="90.00" type="DEFAULT_VEHTYPE" speed="12.99" pos="153.23" lane="3/1to4/1_0" slope="0.00"/>
        <vehicle id="12" x="198.35" y="303.66" angle="0.00" type="DEFAULT_VEHTYPE" speed="12.83" pos="91.59" lane="1/2to1/1_0" slope="0.00"/>
        <vehicle id="13" x="401.65" y="70.50" angle="180.00" type="DEFAULT_VEHTYPE" speed="13.08" pos="70.50" lane="2/0to2/1_0" slope="0.00"/>
        <vehicle id="14" x="549.00" y="198.35" angle="90.00" type="DEFAULT_VEHTYPE" speed="13.25" pos="144.25" lane="2/1to3/1_0" slope="0.00"/>
        <vehicle id="4" x="198.35" y="360.06" angle="0.00" type="DEFAULT_VEHTYPE" speed="13.89" pos="35.19" lane="1/2to1/1_0" slope="0.00"/>
        <vehicle id="5" x="198.35" y="173.25" angle="0.00" type="DEFAULT_VEHTYPE" speed="11.49" pos="22.00" lane="1/1to1/0_0" slope="0.00"/>
        <vehicle id="7" x="401.65" y="23.88" angle="180.00" type="DEFAULT_VEHTYPE" speed="13.50" pos="23.88" lane="2/0to2/1_0" slope="0.00"/>
        <vehicle id="8" x="398.35" y="229.28" angle="0.00" type="DEFAULT_VEHTYPE" speed="13.44" pos="165.97" lane="2/2to2/1_0" slope="0.00"/>
        <vehicle id="9" x="374.07" y="401.65" angle="-90.00" type="DEFAULT_VEHTYPE" speed="13.66" pos="21.18" lane="2/2to1/2_0" slope="0.00"/>
    </timestep>
    <timestep time="398.00">
        <vehicle id="0" x="601.65" y="274.68" angle="180.00" type="DEFAULT_VEHTYPE" speed="13.16" pos="69.93" lane="3/1to3/2_0" slope="0.00"/>
        <vehicle id="1" x="381.97" y="198.35" angle="90.00" type="DEFAULT_VEHTYPE" speed="9.48" pos="177.22" lane="1/1to2/1_0" slope="0.00"/>
        <vehicle id="10" x="764.82" y="201.65" angle="-90.00" type="DEFAULT_VEHTYPE" speed="13.28" pos="35.18" lane="4/1to3/1_0" slope="0.00"/>
        <vehicle id="11" x="771.15" y="198.35" angle="90.00" type="DEFAULT_VEHTYPE" speed="13.17" pos="166.40" lane="3/1to4/1_0" slope="0.00"/>
        <vehicle id="12" x="198.35" y="290.73" angle="0.00" type="DEFAULT_VEHTYPE" speed="12.93" pos="104.52" lane="1/2to1/1_0" slope="0.00"/>
        <vehicle id="13" x="401.65" y="83.27" angle="180.00" type="DEFAULT_VEHTYPE" speed="12.77" pos="83.27" lane="2/0to2/1_0" slope="0.00"/>
        <vehicle id="14" x="562.62" y="198.35" angle="90.00" type="DEFAULT_VEHTYPE" speed="13.62" pos="157.87" lane="2/1to3/1_0" slope="0.00"/>
        <vehicle id="4" x="198.35" y="346.22" angle="0.00" type="DEFAULT_VEHTYPE" speed="13.84" pos="49.03" lane="1/2to1/1_0" slope="0.00"/>
        <vehicle id="5" x="198.35" y="160.13" angle="0.00" type="DEFAULT_VEHTYPE" speed="13.12" pos="35.12" lane="1/1to1/0_0" slope="0.00"/>
        <vehicle id="7" x="401.65" y="36.61" angle="180.00" type="DEFAULT_VEHTYPE" speed="12.73" pos="36.61" lane="2/0to2/1_0" slope="0.00"/>
        <vehicle id="8" x="398.35" y="215.39" angle="0.00" type="DEFAULT_VEHTYPE" speed="13.90" pos="179.86" lane="2/2to2/1_0" slope="0.00"/>
        <vehicle id="9" x="360.50" y="401.65" angle="-90.00" type="DEFAULT_VEHTYPE" speed="13.57" pos="34.75" lane="2/2to1/2_0" slope="0.00"/>
    </timestep>
    <timestep time="399.00">
        <vehicle id="0" x="601.65" y="288.25" angle="180.00" type="DEFAULT_VEHTYPE" speed="13.57" pos="83.50" lane="3/1to3/2_0" slope="0.00"/>
        <vehicle id="1" x="387.42" y="198.35" angle="90.00" type="DEFAULT_VEHTYPE" speed="5.45" pos="182.67" lane="1/1to2/1_0" slope="0.00"/>
        <vehicle id="10" x="751.44" y="201.65" angle="-90.00" type="DEFAULT_VEHTYPE" speed="13.38" pos="48.56" lane="4/1to3/1_0" slope="0.00"/>
        <vehicle id="11" x="784.49" y="198.35" angle="90.00" type="DEFAULT_VEHTYPE" speed="13.34" pos="179.74" lane="3/1to4/1_0" slope="0.00"/>
        <vehicle id="12" x="198.35" y="277.03" angle="0.00" type="DEFAULT_VEHTYPE" speed="13.70" pos="118.22" lane="1/2to1/1_0" slope="0.00"/>
        <vehicle id="13" x="401.65" y="96.36" angle="180.00" type="DEFAULT_VEHTYPE" speed="13.09" pos="96.36" lane="2/0to2/1_0" slope="0.00"/>
        <vehicle id="14" x="574.89" y="198.35" angle="90.00" type="DEFAULT_VEHTYPE" speed="12.27" pos="170.14" lane="2/1to3/1_0" slope="0.00"/>
        <vehicle id="4" x="198.35" y="332.86" angle="0.00" type="DEFAULT_VEHTYPE" speed="13.36" pos="62.39" lane="1/2to1/1_0" slope="0.00"/>
        <vehicle id="5" x="198.35" y="147.09" angle="0.00" type="DEFAULT_VEHTYPE" speed="13.05" pos="48.16" lane="1/1to1/0_0" slope="0.00"/>
        <vehicle id="7" x="401.65" y="49.41" angle="180.00" type="DEFAULT_VEHTYPE" speed="12.81" pos="49.41" lane="2/0to2/1_0" slope="0.00"/>
        <vehicle id="8" x="398.35" y="202.30" angle="0.00" type="DEFAULT_VEHTYPE" speed="13.08" pos="2.45" lane=":2/1_1_0" slope="0.00"/>
        <vehicle id="9" x="347.27" y="401.65" angle="-90.00" type="DEFAULT_VEHTYPE" speed="13.23" pos="47.98" lane="2/2to1/2_0" slope="0.00"/>
    </timestep>
    <timestep time="400.00">
        <vehicle id="0" x="601.65" y="301.35" angle="180.00" type="DEFAULT_VEHTYPE" speed="13.09" pos="96.60" lane="3/1to3/2_0" slope="0.00"/>
        <vehicle id="1" x="390.96" y="198.35" angle="90.00" type="DEFAULT_VEHTYPE" speed="3.54" pos="186.21" lane="1/1to2/1_0" slope="0.00"/>
        <vehicle id="10" x="738.40" y="201.65" angle="-90.00" type="DEFAULT_VEHTYPE" speed="13.04" pos="61.60" lane="4/1to3/1_0" slope="0.00"/>
        <vehicle id="11" x="798.36" y="198.35" angle="90.00" type="DEFAULT_VEHTYPE" speed="13.87" pos="193.61" lane="3/1to4/1_0" slope="0.00"/>
        <vehicle id="12" x="198.35" y="264.43" angle="0.00" type="DEFAULT_VEHTYPE" speed="12.61" pos="130.82" lane="1/2to1/1_0" slope="0.00"/>
        <vehicle id="13" x="401.65" y="110.00" angle="180.00" type="DEFAULT_VEHTYPE" speed="13.64" pos="110.00" lane="2/0to2/1_0" slope="0.00"/>
        <vehicle id="14" x="582.73" y="198.35" angle="90.00" type="DEFAULT_VEHTYPE" speed="7.84" pos="177.98" lane="2/1to3/1_0" slope="0.00"/>
        <vehicle id="4" x="198.35" y="319.14" angle="0.00" type="DEFAULT_VEHTYPE" speed="13.72" pos="76.11" lane="1/2to1/1_0" slope="0.00"/>
        <vehicle id="5" x="198.35" y="134.00" angle="0.00" type="DEFAULT_VEHTYPE" speed="13.08" pos="61.25" lane="1/1to1/0_0" slope="0.00"/>
        <vehicle id="7" x="401.65" y="62.98" angle="180.00" type="DEFAULT_VEHTYPE" speed="13.57" pos="62.98" lane="2/0to2/1_0" slope="0.00"/>
        <vehicle id="8" x="398.35" y="189.62" angle="0.00" type="DEFAULT_VEHTYPE" speed="12.68" pos="5.63" lane="2/1to2/0_0" slope="0.00"/>
        <vehicle id="9" x="334.14" y="401.65" angle="-90.00" type="DEFAULT_VEHTYPE" speed="13.13" pos="61.11" lane="2/2to1/2_0" slope="0.00"/>
    </timestep>
    <timestep time="401.00">
        <vehicle id="0" x="601.65" y="314.80" angle="180.00" type="DEFAULT_VEHTYPE" speed="13.46" pos="110.05" lane="3/1to3/2_0" slope="0.00"/>
        <vehicle id="1" x="396.83" y="198.35" angle="90.00" type="DEFAULT_VEHTYPE" speed="5.87" pos="1.58" lane=":2/1_13_0" slope="0.00"/>
        <vehicle id="10" x="725.78" y="201.65" angle="-90.00" type="DEFAULT_VEHTYPE" speed="12.62" pos="74.22" lane="4/1to3/1_0" slope="0.00"/>
        <vehicle id="11" x="793.69" y="201.65" angle="-90.00" type="DEFAULT_VEHTYPE" speed="12.78" pos="6.31" lane="4/1to3/1_0" slope="0.00"/>
        <vehicle id="12" x="198.35" y="250.71" angle="0.00" type="DEFAULT_VEHTYPE" speed="13.72" pos="144.54" lane="1/2to1/1_0" slope="0.00"/>
        <vehicle id="13" x="401.65" y="122.97" angle="180.00" type="DEFAULT_VEHTYPE" speed="12.98" pos="122.97" lane="2/0to2/1_0" slope="0.00"/>
        <vehicle id="14" x="588.62" y="198.35" angle="90.00" type="DEFAULT_VEHTYPE" speed="5.89" pos="183.87" lane="2/1to3/1_0" slope="0.00"/>
        <vehicle id="4" x="198.35" y="306.00" angle="0.00" type="DEFAULT_VEHTYPE" speed="13.15" pos="89.25" lane="1/2to1/1_0" slope="0.00"/>
        <vehicle id="5" x="198.35" y="120.22" angle="0.00" type="DEFAULT_VEHTYPE" speed="13.78" pos="75.03" lane="1/1to1/0_0" slope="0.00"/>
        <vehicle id="7" x="401.65" y="75.68" angle="180.00" type="DEFAULT_VEHTYPE" speed="12.70" pos="75.68" lane="2/0to2/1_0" slope="0.00"/>
        <vehicle id="8" x="398.35" y="176.19" angle="0.00" type="DEFAULT_VEHTYPE" speed="13.43" pos="19.06" lane="2/1to2/0_0" slope="0.00"/>
        <vehicle id="9" x="321.29" y="401.65" angle="-90.00" type="DEFAULT_VEHTYPE" speed="12.85" pos="73.96" lane="2/2to1/2_0" slope="0.00"/>
    </timestep>
    <timestep time="402.00">
        <vehicle id="0" x="601.65" y="328.62" angle="180.00" type="DEFAULT_VEHTYPE" speed="13.81" pos="123.87" lane="3/1to3/2_0" slope="0.00"/>
        <vehicle id="1" x="404.42" y="198.35" angle="90.00" type="DEFAULT_VEHTYPE" speed="7.59" pos="9.17" lane=":2/1_13_0" slope="0.00"/>
        <vehicle id="10" x="712.05" y="201.65" angle="-90.00" type="DEFAULT_VEHTYPE" speed="13.73" pos="87.95" lane="4/1to3/1_0" slope="0.00"/>
        <vehicle id="11" x="780.29" y="201.65" angle="-90.00" type="DEFAULT_VEHTYPE" speed="13.40" pos="19.71" lane="4/1to3/1_0" slope="0.00"/>
        <vehicle id="12" x="198.35" y="238.07" angle="0.00" type="DEFAULT_VEHTYPE" speed="12.64" pos="157.18" lane="1/2to1/1_0" slope="0.00"/>
        <vehicle id="13" x="401.65" y="136.21" angle="180.00" type="DEFAULT_VEHTYPE" speed="13.24" pos="136.21" lane="2/0to2/1_0" slope="0.00"/>
        <vehicle id="14" x="595.86" y="198.35" angle="90.00" type="DEFAULT_VEHTYPE" speed="7.24" pos="0.61" lane=":3/1_13_0" slope="0.00"/>
        <vehicle id="4" x="198.35" y="292.74" angle="0.00" type="DEFAULT_VEHTYPE" speed="13.26" pos="102.51" lane="1/2to1/1_0" slope="0.00"/>
        <vehicle id="5" x="198.35" y="107.38" angle="0.00" type="DEFAULT_VEHTYPE" speed="12.85" pos="87.87" lane="1/1to1/0_0" slope="0.00"/>
        <vehicle id="7" x="401.65" y="89.34" angle="180.00" type="DEFAULT_VEHTYPE" speed="13.66" pos="89.34" lane="2/0to2/1_0" slope="0.00"/>
        <vehicle id="8" x="398.35" y="162.83" angle="0.00" type="DEFAULT_VEHTYPE" speed="13.36" pos="32.42" lane="2/1to2/0_0" slope="0.00"/>
        <vehicle id="9" x="308.14" y="401.65" angle="-90.00" type="DEFAULT_VEHTYPE" speed="13.14" pos="87.11" lane="2/2to1/2_0" slope="0.00"/>
    </timestep>
    <timestep time="403.00">
        <vehicle id="0" x="601.65" y="341.36" angle="180.00" type="DEFAULT_VEHTYPE" speed="12.74" pos="136.61" lane="3/1to3/2_0" slope="0.00"/>
        <vehicle id="1" x="413.32" y="198.35" angle="90.00" type="DEFAULT_VEHTYPE" speed="8.90" pos="8.57" lane="2/1to3/1_0" slope="0.00"/>
        <vehicle id="10" x="698.86" y="201.65" angle="-90.00" type="DEFAULT_VEHTYPE" speed="13.19" pos="101.14" lane="4/1to3/1_0" slope="0.00"/>
        <vehicle id="11" x="767.05" y="201.65" angle="-90.00" type="DEFAULT_VEHTYPE" speed="13.24" pos="32.95" lane="4/1to3/1_0" slope="0.00"/>
        <vehicle id="12" x="198.35" y="224.76" angle="0.00" type="DEFAULT_VEHTYPE" speed="13.31" pos="170.49" lane="1/2to1/1_0" slope="0.00"/>
        <vehicle id="13" x="401.65" y="149.21" angle="180.00" type="DEFAULT_VEHTYPE" speed="13.00" pos="149.21" lane="2/0to2/1_0" slope="0.00"/>
        <vehicle id="14" x="605.41" y="198.35" angle="90.00" type="DEFAULT_VEHTYPE" speed="9.55" pos="0.66" lane="3/1to4/1_0" slope="0.00"/>
        <vehicle id="4" x="198.35" y="279.07" angle="0.00" type="DEFAULT_VEHTYPE" speed="13.66" pos="116.18" lane="1/2to1/1_0" slope="0.00"/>
        <vehicle id="5" x="198.35" y="94.77" angle="0.00" type="DEFAULT_VEHTYPE" speed="12.60" pos="100.48" lane="1/1to1/0_0" slope="0.00"/>
        <vehicle id="7" x="401.65" y="102.63" angle="180.00" type="DEFAULT_VEHTYPE" speed="13.29" pos="102.63" lane="2/0to2/1_0" slope="0.00"/>
        <vehicle id="8" x="398.35" y="149.79" angle="0.00" type="DEFAULT_VEHTYPE" speed="13.04" pos="45.46" lane="2/1to2/0_0" slope="0.00"/>
        <vehicle id="9" x="294.47" y="401.65" angle="-90.00" type="DEFAULT_VEHTYPE" speed="13.67" pos="100.78" lane="2/2to1/2_0" slope="0.00"/>
    </timestep>
    <timestep time="404.00">
        <vehicle id="0" x="601.65" y="354.07" angle="180.00" type="DEFAULT_VEHTYPE" speed="12.71" pos="149.32" lane="3/1to3/2_0" slope="0.00"/>
        <vehicle id="1" x="424.07" y="198.35" angle="90.00" type="DEFAULT_VEHTYPE" speed="10.75" pos="19.32" lane="2/1to3/1_0" slope="0.00"/>
        <vehicle id="10" x="685.30" y="201.65" angle="-90.00" type="DEFAULT_VEHTYPE" speed="13.56" pos="114.70" lane="4/1to3/1_0" slope="0.00"/>
        <vehicle id="11" x="753.39" y="201.65" angle="-90.00" type="DEFAULT_VEHTYPE" speed="13.67" pos="46.61" lane="4/1to3/1_0" slope="0.00"/>
        <vehicle id="12" x="198.35" y="212.04" angle="0.00" type="DEFAULT_VEHTYPE" speed="12.73" pos="183.21" lane="1/2to1/1_0" slope="0.00"/>
        <vehicle id="13" x="401.65" y="162.91" angle="180.00" type="DEFAULT_VEHTYPE" speed="13.70" pos="162.91" lane="2/0to2/1_0" slope="0.00"/>
        <vehicle id="14" x="617.15" y="198.35" angle="90.00" type="DEFAULT_VEHTYPE" speed="11.74" pos="12.40" lane="3/1to4/1_0" slope="0.00"/>
        <vehicle id="4" x="198.35" y="266.39" angle="0.00" type="DEFAULT_VEHTYPE" speed="12.68" pos="128.86" lane="1/2to1/1_0" slope="0.00"/>
        <vehicle id="5" x="198.35" y="81.06" angle="0.00" type="DEFAULT_VEHTYPE" speed="13.71" pos="114.19" lane="1/1to1/0_0" slope="0.00"/>
        <vehicle id="7" x="401.65" y="115.51" angle="180.00" type="DEFAULT_VEHTYPE" speed="12.88" pos="115.51" lane="2/0to2/1_0" slope="0.00"/>
        <vehicle id="8" x="398.35" y="136.03" angle="0.00" type="DEFAULT_VEHTYPE" speed="13.76" pos="59.22" lane="2/1to2/0_0" slope="0.00"/>
        <vehicle id="9" x="281.69" y="401.65" angle="-90.00" type="DEFAULT_VEHTYPE" speed="12.78" pos="113.56" lane="2/2to1/2_0" slope="0.00"/>
    </timestep>
    <timestep time="405.00">
        <vehicle id="0" x="601.65" y="367.14" angle="180.00" type="DEFAULT_VEHTYPE" speed="13.07" pos="162.39" lane="3/1to3/2_0" slope="0.00"/>
        <vehicle id="1" x="436.93" y="198.35" angle="90.00" type="DEFAULT_VEHTYPE" speed="12.86" pos="32.18" lane="2/1to3/1_0" slope="0.00"/>
        <vehicle id="10" x="672.15" y="201.65" angle="-90.00" type="DEFAULT_VEHTYPE" speed="13.15" pos="127.85" lane="4/1to3/1_0" slope="0.00"/>
        <vehicle id="11" x="740.26" y="201.65" angle="-90.00" type="DEFAULT_VEHTYPE" speed="13.12" pos="59.74" lane="4/1to3/1_0" slope="0.00"/>
        <vehicle id="12" x="194.81" y="201.65" angle="-52.52" type="DEFAULT_VEHTYPE" speed="12.72" pos="0.44" lane="1/1to0/1_0" slope="0.00"/>
        <vehicle id="13" x="401.65" y="175.73" angle="180.00" type="DEFAULT_VEHTYPE" speed="12.82" pos="175.73" lane="2/0to2/1_0" slope="0.00"/>
        <vehicle id="14" x="630.44" y="198.35" angle="90.00" type="DEFAULT_VEHTYPE" speed="13.29" pos="25.69" lane="3/1to4/1_0" slope="0.00"/>
        <vehicle id="4" x="198.35" y="252.65" angle="0.00" type="DEFAULT_VEHTYPE" speed="13.75" pos="142.60" lane="1/2to1/1_0" slope="0.00"/>
        <vehicle id="5" x="198.35" y="67.31" angle="0.00" type="DEFAULT_VEHTYPE" speed="13.75" pos="127.94" lane="1/1to1/0_0" slope="0.00"/>
        <vehicle id="7" x="401.65" y="129.00" angle="180.00" type="DEFAULT_VEHTYPE" speed="13.50" pos="129.00" lane="2/0to2/1_0" slope="0.00"/>
        <vehicle id="8" x="398.35" y="122.96" angle="0.00" type="DEFAULT_VEHTYPE" speed="13.07" pos="72.29" lane="2/1to2/0_0" slope="0.00"/>
        <vehicle id="9" x="268.33" y="401.65" angle="-90.00" type="DEFAULT_VEHTYPE" speed="13.36" pos="126.92" lane="2/2to1/2_0" slope="0.00"/>
    </timestep>
    <timestep time="406.00">
        <vehicle id="0" x="601.65" y="377.63" angle="180.00" type="DEFAULT_VEHTYPE" speed="10.49" pos="172.88" lane="3/1to3/2_0" slope="0.00"/>
        <vehicle id="1" x="450.18" y="198.35" angle="90.00" type="DEFAULT_VEHTYPE" speed="13.24" pos="45.43" lane="2/1to3/1_0" slope="0.00"/>
        <vehicle id="10" x="658.54" y="201.65" angle="-90.00" type="DEFAULT_VEHTYPE" speed="13.60" pos="141.46" lane="4/1to3/1_0" slope="0.00"/>
        <vehicle id="11" x="726.57" y="201.65" angle="-90.00" type="DEFAULT_VEHTYPE" speed="13.70" pos="73.43" lane="4/1to3/1_0" slope="0.00"/>
        <vehicle id="12" x="182.10" y="201.65" angle="-90.00" type="DEFAULT_VEHTYPE" speed="12.71" pos="13.15" lane="1/1to0/1_0" slope="0.00"/>
        <vehicle id="13" x="401.65" y="189.21" angle="180.00" type="DEFAULT_VEHTYPE" speed="13.48" pos="189.21" lane="2/0to2/1_0" slope="0.00"/>
        <vehicle id="14" x="643.44" y="198.35" angle="90.00" type="DEFAULT_VEHTYPE" speed="13.00" pos="38.69" lane="3/1to4/1_0" slope="0.00"/>
        <vehicle id="4" x="198.35" y="239.42" angle="0.00" type="DEFAULT_VEHTYPE" speed="13.23" pos="155.83" lane="1/2to1/1_0" slope="0.00"/>
        <vehicle id="5" x="198.35" y="54.59" angle="0.00" type="DEFAULT_VEHTYPE" speed="12.72" pos="140.66" lane="1/1to1/0_0" slope="0.00"/>
        <vehicle id="7" x="401.65" y="142.63" angle="180.00" type="DEFAULT_VEHTYPE" speed="13.63" pos="142.63" lane="2/0to2/1_0" slope="0.00"/>
        <vehicle id="8" x="398.35" y="109.72" angle="0.00" type="DEFAULT_VEHTYPE" speed="13.24" pos="85.53" lane="2/1to2/0_0" slope="0.00"/>
        <vehicle id="9" x="254.84" y="401.65" angle="-90.00" type="DEFAULT_VEHTYPE" speed="13.49" pos="140.41" lane="2/2to1/2_0" slope="0.00"/>
    </timestep>
    <timestep time="407.00">
        <vehicle id="0" x="601.65" y="385.46" angle="180.00" type="DEFAULT_VEHTYPE" speed="7.83" pos="180.71" lane="3/1to3/2_0" slope="0.00"/>
        <vehicle id="1" x="463.93" y="198.35" angle="90.00" type="DEFAULT_VEHTYPE" speed="13.75" pos="59.18" lane="2/1to3/1_0" slope="0.00"/>
        <vehicle id="10" x="645.88" y="201.65" angle="-90.00" type="DEFAULT_VEHTYPE" speed="12.66" pos="154.12" lane="4/1to3/1_0" slope="0.00"/>
        <vehicle id="11" x="713.02" y="201.65" angle="-90.00" type="DEFAULT_VEHTYPE" speed="13.55" pos="86.98" lane="4/1to3/1_0" slope="0.00"/>
        <vehicle id="12" x="168.97" y="201.65" angle="-90.00" type="DEFAULT_VEHTYPE" speed="13.14" pos="26.28" lane="1/1to0/1_0" slope="0.00"/>
        <vehicle id="13" x="406.66" y="198.35" angle="105.77" type="DEFAULT_VEHTYPE" speed="12.95" pos="1.91" lane="2/1to3/1_0" slope="0.00"/>
        <vehicle id="14" x="656.46" y="198.35" angle="90.00" type="DEFAULT_VEHTYPE" speed="13.02" pos="51.71" lane="3/1to4/1_0" slope="0.00"/>
        <vehicle id="4" x="198.35" y="226.66" angle="0.00" type="DEFAULT_VEHTYPE" speed="12.76" pos="168.59" lane="1/2to1/1_0" slope="0.00"/>
        <vehicle id="5" x="198.35" y="40.93" angle="0.00" type="DEFAULT_VEHTYPE" speed="13.66" pos="154.32" lane="1/1to1/0_0" slope="0.00"/>
        <vehicle id="7" x="401.65" y="155.29" angle="180.00" type="DEFAULT_VEHTYPE" speed="12.66" pos="155.29" lane="2/0to2/1_0" slope="0.00"/>
        <vehicle id="8" x="398.35" y="96.88" angle="0.00" type="DEFAULT_VEHTYPE" speed="12.84" pos="98.37" lane="2/1to2/0_0" slope="0.00"/>
        <vehicle id="9" x="241.19" y="401.65" angle="-90.00" type="DEFAULT_VEHTYPE" speed="13.65" pos="154.06" lane="2/2to1/2_0" slope="0.00"/>
    </timestep>
    <timestep time="408.00">
        <vehicle id="0" x="601.65" y="389.90" angle="180.00" type="DEFAULT_VEHTYPE" speed="4.44" pos="185.15" lane="3/1to3/2_0" slope="0.00"/>
        <vehicle id="1" x="477.66" y="198.35" angle="90.00" type="DEFAULT_VEHTYPE" speed="13.74" pos="72.91" lane="2/1to3/1_0" slope="0.00"/>
        <vehicle id="10" x="632.24" y="201.65" angle="-90.00" type="DEFAULT_VEHTYPE" speed="13.64" pos="167.76" lane="4/1to3/1_0" slope="0.00"/>
        <vehicle id="11" x="699.51" y="201.65" angle="-90.00" type="DEFAULT_VEHTYPE" speed="13.51" pos="100.49" lane="4/1to3/1_0" slope="0.00"/>
        <vehicle id="12" x="155.81" y="201.65" angle="-90.00" type="DEFAULT_VEHTYPE" speed="13.16" pos="39.44" lane="1/1to0/1_0" slope="0.00"/>
        <vehicle id="13" x="419.45" y="198.35" angle="90.00" type="DEFAULT_VEHTYPE" speed="12.80" pos="14.70" lane="2/1to3/1_0" slope="0.00"/>
        <vehicle id="14" x="669.16" y="198.35" angle="90.00" type="DEFAULT_VEHTYPE" speed="12.70" pos="64.41" lane="3/1to4/1_0" slope="0.00"/>
        <vehicle id="4" x="198.35" y="212.81" angle="0.00" type="DEFAULT_VEHTYPE" speed="13.85" pos="182.44" lane="1/2to1/1_0" slope="0.00"/>
        <vehicle id="5" x="198.35" y="28.18" angle="0.00" type="DEFAULT_VEHTYPE" speed="12.75" pos="167.07" lane="1/1to1/0_0" slope="0.00"/>
        <vehicle id="7" x="401.65" y="169.16" angle="180.00" type="DEFAULT_VEHTYPE" speed="13.87" pos="169.16" lane="2/0to2/1_0" slope="0.00"/>
        <vehicle id="8" x="398.35" y="83.06" angle="0.00" type="DEFAULT_VEHTYPE" speed="13.83" pos="112.19" lane="2/1to2/0_0" slope="0.00"/>
        <vehicle id="9" x="228.04" y="401.65" angle="-90.00" type="DEFAULT_VEHTYPE" speed="13.15" pos="167.21" lane="2/2to1/2_0" slope="0.00"/>
    </timestep>
    <timestep time="409.00">
        <vehicle id="0" x="601.58" y="395.72" angle="-179.23" type="DEFAULT_VEHTYPE" speed="5.82" pos="0.48" lane=":3/2_10_0" slope="0.00"/>
        <vehicle id="1" x="490.71" y="198.35" angle="90.00" type="DEFAULT_VEHTYPE" speed="13.04" pos="85.96" lane="2/1to3/1_0" slope="0.00"/>
        <vehicle id="10" x="621.48" y="201.65" angle="-90.00" type="DEFAULT_VEHTYPE" speed="10.76" pos="178.52" lane="4/1to3/1_0" slope="0.00"/>
        <vehicle id="11" x="685.99" y="201.65" angle="-90.00" type="DEFAULT_VEHTYPE" speed="13.51" pos="114.01" lane="4/1to3/1_0" slope="0.00"/>
        <vehicle id="12" x="142.39" y="201.65" angle="-90.00" type="DEFAULT_VEHTYPE" speed="13.42" pos="52.86" lane="1/1to0/1_0" slope="0.00"/>
        <vehicle id="13" x="432.69" y="198.35" angle="90.00" type="DEFAULT_VEHTYPE" speed="13.23" pos="27.94" lane="2/1to3/1_0" slope="0.00"/>
        <vehicle id="14" x="682.36" y="198.35" angle="90.00" type="DEFAULT_VEHTYPE" speed="13.19" pos="77.61" lane="3/1to4/1_0" slope="0.00"/>
        <vehicle id="4" x="194.90" y="201.65" angle="-51.07" type="DEFAULT_VEHTYPE" speed="13.42" pos="0.35" lane="1/1to0/1_0" slope="0.00"/>
        <vehicle id="5" x="198.35" y="15.49" angle="0.00" type="DEFAULT_VEHTYPE" speed="12.70" pos="179.76" lane="1/1to1/0_0" slope="0.00"/>
        <vehicle id="7" x="401.65" y="181.98" angle="180.00" type="DEFAULT_VEHTYPE" speed="12.81" pos="181.98" lane="2/0to2/1_0" slope="0.00"/>
        <vehicle id="8" x="398.35" y="70.33" angle="0.00" type="DEFAULT_VEHTYPE" speed="12.72" pos="124.92" lane="2/1to2/0_0" slope="0.00"/>
        <vehicle id="9" x="219.33" y="401.65" angle="-90.00" type="DEFAULT_VEHTYPE" speed="8.71" pos="175.92" lane="2/2to1/2_0" slope="0.00"/>
    </timestep>
    <timestep time="410.00">
        <vehicle id="0" x="596.76" y="401.43" angle="-122.61" type="DEFAULT_VEHTYPE" speed="8.32" pos="1.65" lane=":3/2_18_0" slope="0.00"/>
        <vehicle id="1" x="504.40" y="198.35" angle="90.00" type="DEFAULT_VEHTYPE" speed="13.70" pos="99.65" lane="2/1to3/1_0" slope="0.00"/>
        <vehicle id="10" x="613.91" y="201.65" angle="-90.00" type="DEFAULT_VEHTYPE" speed="7.57" pos="186.09" lane="4/1to3/1_0" slope="0.00"/>
        <vehicle id="11" x="673.01" y="201.65" angle="-90.00" type="DEFAULT_VEHTYPE" speed="12.99" pos="126.99" lane="4/1to3/1_0" slope="0.00"/>
        <vehicle id="12" x="129.06" y="201.65" angle="-90.00" type="DEFAULT_VEHTYPE" speed="13.34" pos="66.19" lane="1/1to0/1_0" slope="0.00"/>
        <vehicle id="13" x="445.51" y="198.35" angle="90.00" type="DEFAULT_VEHTYPE" speed="12.82" pos="40.76" lane="2/1to3/1_0" slope="0.00"/>
        <vehicle id="14" x="695.97" y="198.35" angle="90.00" type="DEFAULT_VEHTYPE" speed="13.61" pos="91.22" lane="3/1to4/1_0" slope="0.00"/>
        <vehicle id="4" x="182.25" y="201.65" angle="-90.00" type="DEFAULT_VEHTYPE" speed="12.65" pos="13.00" lane="1/1to0/1_0" slope="0.00"/>
        <vehicle id="5" x="198.35" y="1.63" angle="0.00" type="DEFAULT_VEHTYPE" speed="13.86" pos="193.62" lane="1/1to1/0_0" slope="0.00"/>
        <vehicle id="7" x="401.65" y="195.08" angle="180.00" type="DEFAULT_VEHTYPE" speed="13.10" pos="195.08" lane="2/0to2/1_0" slope="0.00"/>
        <vehicle id="8" x="398.35" y="56.86" angle="0.00" type="DEFAULT_VEHTYPE" speed="13.47" pos="138.39" lane="2/1to2/0_0" slope="0.00"/>
        <vehicle id="9" x="213.08" y="401.65" angle="-90.00" type="DEFAULT_VEHTYPE" speed="6.24" pos="182.17" lane="2/2to1/2_0" slope="0.00"/>
    </timestep>
    <timestep time="411.00">
        <vehicle id="0" x="586.84" y="401.65" angle="-90.00" type="DEFAULT_VEHTYPE" speed="9.94" pos="8.41" lane="3/2to2/2_0" slope="0.00"/>
        <vehicle id="1" x="517.35" y="198.35" angle="90.00" type="DEFAULT_VEHTYPE" speed="12.95" pos="112.60" lane="2/1to3/1_0" slope="0.00"/>
        <vehicle id="10" x="609.80" y="201.65" angle="-90.00" type="DEFAULT_VEHTYPE" speed="4.11" pos="190.20" lane="4/1to3/1_0" slope="0.00"/>
        <vehicle id="11" x="660.16" y="201.65" angle="-90.00" type="DEFAULT_VEHTYPE" speed="12.85" pos="139.84" lane="4/1to3/1_0" slope="0.00"/>
        <vehicle id="12" x="116.33" y="201.65" angle="-90.00" type="DEFAULT_VEHTYPE" speed="12.72" pos="78.92" lane="1/1to0/1_0" slope="0.00"/>
        <vehicle id="13" x="459.37" y="198.35" angle="90.00" type="DEFAULT_VEHTYPE" speed="13.86" pos="54.62" lane="2/1to3/1_0" slope="0.00"/>
        <vehicle id="14" x="709.81" y="198.35" angle="90.00" type="DEFAULT_VEHTYPE" speed="13.84" pos="105.06" lane="3/1to4/1_0" slope="0.00"/>
        <vehicle id="4" x="168.44" y="201.65" angle="-90.00" type="DEFAULT_VEHTYPE" speed="13.81" pos="26.81" lane="1/1to0/1_0" slope="0.00"/>
        <vehicle id="5" x="201.65" y="7.04" angle="180.00" type="DEFAULT_VEHTYPE" speed="13.49" pos="7.04" lane="1/0to1/1_0" slope="0.00"/>
        <vehicle id="7" x="412.32" y="198.35" angle="90.00" type="DEFAULT_VEHTYPE" speed="12.74" pos="7.57" lane="2/1to3/1_0" slope="0.00"/>
        <vehicle id="8" x="398.35" y="43.41" angle="0.00" type="DEFAULT_VEHTYPE" speed="13.45" pos="151.84" lane="2/1to2/0_0" slope="0.00"/>
        <vehicle id="9" x="209.49" y="401.65" angle="-90.00" type="DEFAULT_VEHTYPE" speed="3.59" pos="185.76" lane="2/2to1/2_0" slope="0.00"/>
    </timestep>
    <timestep time="412.00">
        <vehicle id="0" x="574.33" y="401.65" angle="-90.00" type="DEFAULT_VEHTYPE" speed="12.50" pos="20.92" lane="3/2to2/2_0" slope="0.00"/>
        <vehicle id="1" x="530.21" y="198.35" angle="90.00" type="DEFAULT_VEHTYPE" speed="12.86" pos="125.46" lane="2/1to3/1_0" slope="0.00"/>
        <vehicle id="10" x="603.92" y="201.77" angle="-91.32" type="DEFAULT_VEHTYPE" speed="5.88" pos="0.83" lane=":3/1_4_0" slope="0.00"/>
        <vehicle id="11" x="646.38" y="201.65" angle="-90.00" type="DEFAULT_VEHTYPE" speed="13.78" pos="153.62" lane="4/1to3/1_0" slope="0.00"/>
        <vehicle id="12" x="103.48" y="201.65" angle="-90.00" type="DEFAULT_VEHTYPE" speed="12.85" pos="91.77" lane="1/1to0/1_0" slope="0.00"/>
        <vehicle id="13" x="472.92" y="198.35" angle="90.00" type="DEFAULT_VEHTYPE" speed="13.55" pos="68.17" lane="2/1to3/1_0" slope="0.00"/>
        <vehicle id="14" x="723.51" y="198.35" angle="90.00" type="DEFAULT_VEHTYPE" speed="13.71" pos="118.76" lane="3/1to4/1_0" slope="0.00"/>
        <vehicle id="4" x="154.55" y="201.65" angle="-90.00" type="DEFAULT_VEHTYPE" speed="13.88" pos="40.70" lane="1/1to0/1_0" slope="0.00"/>
        <vehicle id="5" x="201.65" y="20.41" angle="180.00" type="DEFAULT_VEHTYPE" speed="13.37" pos="20.41" lane="1/0to1/1_0" slope="0.00"/>
        <vehicle id="7" x="425.29" y="198.35" angle="90.00" type="DEFAULT_VEHTYPE" speed="12.98" pos="20.54" lane="2/1to3/1_0" slope="0.00"/>
        <vehicle id="8" x="398.35" y="30.36" angle="0.00" type="DEFAULT_VEHTYPE" speed="13.05" pos="164.89" lane="2/1to2/0_0" slope="0.00"/>
        <vehicle id="9" x="203.71" y="401.65" angle="-90.00" type="DEFAULT_VEHTYPE" speed="5.78" pos="1.04" lane=":1/2_5_0" slope="0.00"/>
    </timestep>
    <timestep time="413.00">
        <vehicle id="0" x="561.14" y="401.65" angle="-90.00" type="DEFAULT_VEHTYPE" speed="13.19" pos="34.11" lane="3/2to2/2_0" slope="0.00"/>
        <vehicle id="1" x="543.18" y="198.35" angle="90.00" type="DEFAULT_VEHTYPE" speed="12.96" pos="138.43" lane="2/1to3/1_0" slope="0.00"/>
        <vehicle id="10" x="601.65" y="207.96" angle="-175.25" type="DEFAULT_VEHTYPE" speed="7.37" pos="3.21" lane="3/1to3/2_0" slope="0.00"/>
        <vehicle id="11" x="632.64" y="201.65" angle="-90.00" type="DEFAULT_VEHTYPE" speed="13.74" pos="167.36" lane="4/1to3/1_0" slope="0.00"/>
        <vehicle id="12" x="89.90" y="201.65" angle="-90.00" type="DEFAULT_VEHTYPE" speed="13.58" pos="105.35" lane="1/1to0/1_0" slope="0.00"/>
        <vehicle id="13" x="486.45" y="198.35" angle="90.00" type="DEFAULT_VEHTYPE" speed="13.53" pos="81.70" lane="2/1to3/1_0" slope="0.00"/>
        <vehicle id="14" x="737.22" y="198.35" angle="90.00" type="DEFAULT_VEHTYPE" speed="13.71" pos="132.47" lane="3/1to4/1_0" slope="0.00"/>
        <vehicle id="4" x="140.85" y="201.65" angle="-90.00" type="DEFAULT_VEHTYPE" speed="13.70" pos="54.40" lane="1/1to0/1_0" slope="0.00"/>
        <vehicle id="5" x="201.65" y="33.97" angle="180.00" type="DEFAULT_VEHTYPE" speed="13.56" pos="33.97" lane="1/0to1/1_0" slope="0.00"/>
        <vehicle id="7" x="438.09" y="198.35" angle="90.00" type="DEFAULT_VEHTYPE" speed="12.80" pos="33.34" lane="2/1to3/1_0" slope="0.00"/>
        <vehicle id="8" x="398.35" y="16.77" angle="0.00" type="DEFAULT_VEHTYPE" speed="13.59" pos="178.48" lane="2/1to2/0_0" slope="0.00"/>
        <vehicle id="9" x="195.38" y="401.65" angle="-90.00" type="DEFAULT_VEHTYPE" speed="8.33" pos="9.37" lane=":1/2_5_0" slope="0.00"/>
    </timestep>
    <timestep time="414.00">
        <vehicle id="0" x="547.60" y="401.65" angle="-90.00" type="DEFAULT_VEHTYPE" speed="13.54" pos="47.65" lane="3/2to2/2_0" slope="0.00"/>
        <vehicle id="1" x="556.44" y="198.35" angle="90.00" type="DEFAULT_VEHTYPE" speed="13.27" pos="151.69" lane="2/1to3/1_0" slope="0.00"/>
        <vehicle id="10" x="601.65" y="217.68" angle="180.00" type="DEFAULT_VEHTYPE" speed="9.73" pos="12.93" lane="3/1to3/2_0" slope="0.00"/>
        <vehicle id="11" x="621.39" y="201.65" angle="-90.00" type="DEFAULT_VEHTYPE" speed="11.25" pos="178.61" lane="4/1to3/1_0" slope="0.00"/>
        <vehicle id="12" x="76.21" y="201.65" angle="-90.00" type="DEFAULT_VEHTYPE" speed="13.70" pos="119.04" lane="1/1to0/1_0" slope="0.00"/>
        <vehicle id="13" x="499.97" y="198.35" angle="90.00" type="DEFAULT_VEHTYPE" speed="13.53" pos="95.22" lane="2/1to3/1_0" slope="0.00"/>
        <vehicle id="14" x="750.96" y="198.35" angle="90.00" type="DEFAULT_VEHTYPE" speed="13.74" pos="146.21" lane="3/1to4/1_0" slope="0.00"/>
        <vehicle id="4" x="127.84" y="201.65" angle="-90.00" type="DEFAULT_VEHTYPE" speed="13.01" pos="67.41" lane="1/1to0/1_0" slope="0.00"/>
        <vehicle id="5" x="201.65" y="47.60" angle="180.00" type="DEFAULT_VEHTYPE" speed="13.62" pos="47.60" lane="1/0to1/1_0" slope="0.00"/>
        <vehicle id="7" x="451.48" y="198.35" angle="90.00" type="DEFAULT_VEHTYPE" speed="13.39" pos="46.73" lane="2/1to3/1_0" slope="0.00"/>
        <vehicle id="8" x="398.35" y="3.53" angle="0.00" type="DEFAULT_VEHTYPE" speed="13.24" pos="191.72" lane="2/1to2/0_0" slope="0.00"/>
        <vehicle id="9" x="184.66" y="401.65" angle="-90.00" type="DEFAULT_VEHTYPE" speed="10.72" pos="10.59" lane="1/2to0/2_0" slope="0.00"/>
    </timestep>
    <timestep time="415.00">
        <vehicle id="0" x="533.87" y="401.65" angle="-90.00" type="DEFAULT_VEHTYPE" speed="13.73" pos="61.38" lane="3/2to2/2_0" slope="0.00"/>
        <vehicle id="1" x="569.72" y="198.35" angle="90.00" type="DEFAULT_VEHTYPE" speed="13.28" pos="164.97" lane="2/1to3/1_0" slope="0.00"/>
        <vehicle id="10" x="601.65" y="229.89" angle="180.00" type="DEFAULT_VEHTYPE" speed="12.21" pos="25.14" lane="3/1to3/2_0" slope="0.00"/>
        <vehicle id="11" x="614.37" y="201.65" angle="-90.00" type="DEFAULT_VEHTYPE" speed="7.01" pos="185.63" lane="4/1to3/1_0" slope="0.00"/>
        <vehicle id="12" x="63.26" y="201.65" angle="-90.00" type="DEFAULT_VEHTYPE" speed="12.95" pos="131.99" lane="1/1to0/1_0" slope="0.00"/>
        <vehicle id="13" x="513.07" y="198.35" angle="90.00" type="DEFAULT_VEHTYPE" speed="13.09" pos="108.32" lane="2/1to3/1_0" slope="0.00"/>
        <vehicle id="14" x="763.63" y="198.35" angle="90.00" type="DEFAULT_VEHTYPE" speed="12.67" pos="158.88" lane="3/1to4/1_0" slope="0.00"/>
        <vehicle id="4" x="114.37" y="201.65" angle="-90.00" type="DEFAULT_VEHTYPE" speed="13.47" pos="80.88" lane="1/1to0/1_0" slope="0.00"/>
        <vehicle id="5" x="201.65" y="60.50" angle="180.00" type="DEFAULT_VEHTYPE" speed="12.90" pos="60.50" lane="1/0to1/1_0" slope="0.00"/>
        <vehicle id="7" x="464.14" y="198.35" angle="90.00" type="DEFAULT_VEHTYPE" speed="12.66" pos="59.39" lane="2/1to3/1_0" slope="0.00"/>
        <vehicle id="8" x="401.65" y="4.96" angle="179.72" type="DEFAULT_VEHTYPE" speed="13.31" pos="4.96" lane="2/0to2/1_0" slope="0.00"/>
        <vehicle id="9" x="171.91" y="401.65" angle="-90.00" type="DEFAULT_VEHTYPE" speed="12.75" pos="23.34" lane="1/2to0/2_0" slope="0.00"/>
    </timestep>
    <timestep time="416.00">
        <vehicle id="0" x="520.73" y="401.65" angle="-90.00" type="DEFAULT_VEHTYPE" speed="13.14" pos="74.52" lane="3/2to2/2_0" slope="0.00"/>
        <vehicle id="1" x="579.56" y="198.35" angle="90.00" type="DEFAULT_VEHTYPE" speed="9.84" pos="174.81" lane="2/1to3/1_0" slope="0.00"/>
        <vehicle id="10" x="601.65" y="242.90" angle="180.00" type="DEFAULT_VEHTYPE" speed="13.01" pos="38.15" lane="3/1to3/2_0" slope="0.00"/>
        <vehicle id="11" x="610.88" y="201.65" angle="-90.00" type="DEFAULT_VEHTYPE" speed="3.49" pos="189.12" lane="4/1to3/1_0" slope="0.00"/>
        <vehicle id="12" x="49.83" y="201.65" angle="-90.00" type="DEFAULT_VEHTYPE" speed="13.43" pos="145.42" lane="1/1to0/1_0" slope="0.00"/>
        <vehicle id="13" x="525.71" y="198.35" angle="90.00" type="DEFAULT_VEHTYPE" speed="12.64" pos="120.96" lane="2/1to3/1_0" slope="0.00"/>
        <vehicle id="14" x="776.38" y="198.35" angle="90.00" type="DEFAULT_VEHTYPE" speed="12.75" pos="171.63" lane="3/1to4/1_0" slope="0.00"/>
        <vehicle id="4" x="101.45" y="201.65" angle="-90.00" type="DEFAULT_VEHTYPE" speed="12.92" pos="93.80" lane="1/1to0/1_0" slope="0.00"/>
        <vehicle id="5" x="201.65" y="73.50" angle="180.00" type="DEFAULT_VEHTYPE" speed="13.01" pos="73.50" lane="1/0to1/1_0" slope="0.00"/>
        <vehicle id="7" x="477.17" y="198.35" angle="90.00" type="DEFAULT_VEHTYPE" speed="13.03" pos="72.42" lane="2/1to3/1_0" slope="0.00"/>
        <vehicle id="8" x="401.65" y="17.70" angle="180.00" type="DEFAULT_VEHTYPE" speed="12.75" pos="17.70" lane="2/0to2/1_0" slope="0.00"/>
        <vehicle id="9" x="158.94" y="401.65" angle="-90.00" type="DEFAULT_VEHTYPE" speed="12.97" pos="36.31" lane="1/2to0/2_0" slope="0.00"/>
    </timestep>
    <timestep time="417.00">
        <vehicle id="0" x="507.65" y="401.65" angle="-90.00" type="DEFAULT_VEHTYPE" speed="13.07" pos="87.60" lane="3/2to2/2_0" slope="0.00"/>
        <vehicle id="1" x="585.64" y="198.35" angle="90.00" type="DEFAULT_VEHTYPE" speed="6.08" pos="180.89" lane="2/1to3/1_0" slope="0.00"/>
        <vehicle id="10" x="601.65" y="255.95" angle="180.00" type="DEFAULT_VEHTYPE" speed="13.05" pos="51.20" lane="3/1to3/2_0" slope="0.00"/>
        <vehicle id="11" x="604.86" y="201.65" angle="-90.00" type="DEFAULT_VEHTYPE" speed="6.02" pos="195.14" lane="4/1to3/1_0" slope="0.00"/>
        <vehicle id="12" x="36.81" y="201.65" angle="-90.00" type="DEFAULT_VEHTYPE" speed="13.02" pos="158.44" lane="1/1to0/1_0" slope="0.00"/>
        <vehicle id="13" x="539.27" y="198.35" angle="90.00" type="DEFAULT_VEHTYPE" speed="13.56" pos="134.52" lane="2/1to3/1_0" slope="0.00"/>
        <vehicle id="14" x="790.08" y="198.35" angle="90.00" type="DEFAULT_VEHTYPE" speed="13.70" pos="185.33" lane="3/1to4/1_0" slope="0.00"/>
        <vehicle id="4" x="88.53" y="201.65" angle="-90.00" type="DEFAULT_VEHTYPE" speed="12.92" pos="106.72" lane="1/1to0/1_0" slope="0.00"/>
        <vehicle id="5" x="201.65" y="86.28" angle="180.00" type="DEFAULT_VEHTYPE" speed="12.77" pos="86.28" lane="1/0to1/1_0" slope="0.00"/>
        <vehicle id="7" x="491.00" y="198.35" angle="90.00" type="DEFAULT_VEHTYPE" speed="13.84" pos="86.25" lane="2/1to3/1_0" slope="0.00"/>
        <vehicle id="8" x="401.65" y="30.58" angle="180.00" type="DEFAULT_VEHTYPE" speed="12.88" pos="30.58" lane="2/0to2/1_0" slope="0.00"/>
        <vehicle id="9" x="145.98" y="401.65" angle="-90.00" type="DEFAULT_VEHTYPE" speed="12.97" pos="49.27" lane="1/2to0/2_0" slope="0.00"/>
    </timestep>
    <timestep time="418.00">
        <vehicle id="0" x="494.13" y="401.65" angle="-90.00" type="DEFAULT_VEHTYPE" speed="13.52" pos="101.12" lane="3/2to2/2_0" slope="0.00"/>
        <vehicle id="1" x="590.31" y="198.35" angle="90.00" type="DEFAULT_VEHTYPE" speed="4.67" pos="185.56" lane="2/1to3/1_0" slope="0.00"/>
        <vehicle id="10" x="601.65" y="269.47" angle="180.00" type="DEFAULT_VEHTYPE" speed="13.52" pos="64.72" lane="3/1to3/2_0" slope="0.00"/>
        <vehicle id="11" x="601.65" y="207.76" angle="-174.05" type="DEFAULT_VEHTYPE" speed="8.12" pos="3.01" lane="3/1to3/2_0" slope="0.00"/>
        <vehicle id="12" x="23.40" y="201.65" angle="-90.00" type="DEFAULT_VEHTYPE" speed="13.41" pos="171.85" lane="1/1to0/1_0" slope="0.00"/>
        <vehicle id="13" x="552.35" y="198.35" angle="90.00" type="DEFAULT_VEHTYPE" speed="13.08" pos="147.60" lane="2/1to3/1_0" slope="0.00"/>
        <vehicle id="14" x="801.29" y="200.72" angle="127.63" type="DEFAULT_VEHTYPE" speed="13.14" pos="3.22" lane=":4/1_0_0" slope="0.00"/>
        <vehicle id="4" x="74.66" y="201.65" angle="-90.00" type="DEFAULT_VEHTYPE" speed="13.87" pos="120.59" lane="1/1to0/1_0" slope="0.00"/>
        <vehicle id="5" x="201.65" y="99.25" angle="180.00" type="DEFAULT_VEHTYPE" speed="12.97" pos="99.25" lane="1/0to1/1_0" slope="0.00"/>
        <vehicle id="7" x="503.65" y="198.35" angle="90.00" type="DEFAULT_VEHTYPE" speed="12.65" pos="98.90" lane="2/1to3/1_0" slope="0.00"/>
        <vehicle id="8" x="401.65" y="44.26" angle="180.00" type="DEFAULT_VEHTYPE" speed="13.68" pos="44.26" lane="2/0to2/1_0" slope="0.00"/>
        <vehicle id="9" x="132.14" y="401.65" angle="-90.00" type="DEFAULT_VEHTYPE" speed="13.83" pos="63.11" lane="1/2to0/2_0" slope="0.00"/>
    </timestep>
    <timestep time="419.00">
        <vehicle id="0" x="480.90" y="401.65" angle="-90.00" type="DEFAULT_VEHTYPE" speed="13.23" pos="114.35" lane="3/2to2/2_0" slope="0.00"/>
        <vehicle id="1" x="597.10" y="198.35" angle="90.00" type="DEFAULT_VEHTYPE" speed="6.80" pos="1.85" lane=":3/1_13_0" slope="0.00"/>
        <vehicle id="10" x="601.65" y="283.31" angle="180.00" type="DEFAULT_VEHTYPE" speed="13.84" pos="78.56" lane="3/1to3/2_0" slope="0.00"/>
        <vehicle id="11" x="601.65" y="218.35" angle="180.00" type="DEFAULT_VEHTYPE" speed="10.59" pos="13.60" lane="3/1to3/2_0" slope="0.00"/>
        <vehicle id="12" x="10.59" y="201.65" angle="-90.00" type="DEFAULT_VEHTYPE" speed="12.81" pos="184.66" lane="1/1to0/1_0" slope="0.00"/>
        <vehicle id="13" x="565.39" y="198.35" angle="90.00" type="DEFAULT_VEHTYPE" speed="13.05" pos="160.64" lane="2/1to3/1_0" slope="0.00"/>
        <vehicle id="14" x="788.35" y="201.65" angle="-90.00" type="DEFAULT_VEHTYPE" speed="13.25" pos="11.65" lane="4/1to3/1_0" slope="0.00"/>
        <vehicle id="4" x="61.30" y="201.65" angle="-90.00" type="DEFAULT_VEHTYPE" speed="13.36" pos="133.95" lane="1/1to0/1_0" slope="0.00"/>
        <vehicle id="5" x="201.65" y="112.48" angle="180.00" type="DEFAULT_VEHTYPE" speed="13.24" pos="112.48" lane="1/0to1/1_0" slope="0.00"/>
        <vehicle id="7" x="516.31" y="198.35" angle="90.00" type="DEFAULT_VEHTYPE" speed="12.66" pos="111.56" lane="2/1to3/1_0" slope="0.00"/>
        <vehicle id="8" x="401.65" y="57.31" angle="180.00" type="DEFAULT_VEHTYPE" speed="13.06" pos="57.31" lane="2/0to2/1_0" slope="0.00"/>
        <vehicle id="9" x="119.49" y="401.65" angle="-90.00" type="DEFAULT_VEHTYPE" speed="12.65" pos="75.76" lane="1/2to0/2_0" slope="0.00"/>
    </timestep>
    <timestep time="420.00">
        <vehicle id="0" x="468.15" y="401.65" angle="-90.00" type="DEFAULT_VEHTYPE" speed="12.75" pos="127.10" lane="3/2to2/2_0" slope="0.00"/>
        <vehicle id="1" x="605.95" y="198.35" angle="90.00" type="DEFAULT_VEHTYPE" speed="8.85" pos="1.20" lane="3/1to4/1_0" slope="0.00"/>
        <vehicle id="10" x="601.65" y="296.07" angle="180.00" type="DEFAULT_VEHTYPE" speed="12.76" pos="91.32" lane="3/1to3/2_0" slope="0.00"/>
        <vehicle id="11" x="601.65" y="231.33" angle="180.00" type="DEFAULT_VEHTYPE" speed="12.98" pos="26.58" lane="3/1to3/2_0" slope="0.00"/>
        <vehicle id="12" x="-1.38" y="199.46" angle="-56.85" type="DEFAULT_VEHTYPE" speed="13.61" pos="3.02" lane=":0/1_0_0" slope="0.00"/>
        <vehicle id="13" x="576.62" y="198.35" angle="90.00" type="DEFAULT_VEHTYPE" speed="11.22" pos="171.87" lane="2/1to3/1_0" slope="0.00"/>
        <vehicle id="14" x="774.60" y="201.65" angle="-90.00" type="DEFAULT_VEHTYPE" speed="13.75" pos="25.40" lane="4/1to3/1_0" slope="0.00"/>
        <vehicle id="4" x="47.81" y="201.65" angle="-90.00" type="DEFAULT_VEHTYPE" speed="13.49" pos="147.44" lane="1/1to0/1_0" slope="0.00"/>
        <vehicle id="5" x="201.65" y="125.08" angle="180.00" type="DEFAULT_VEHTYPE" speed="12.60" pos="125.08" lane="1/0to1/1_0" slope="0.00"/>
        <vehicle id="7" x="529.26" y="198.35" angle="90.00" type="DEFAULT_VEHTYPE" speed="12.95" pos="124.51" lane="2/1to3/1_0" slope="0.00"/>
        <vehicle id="8" x="401.65" y="70.68" angle="180.00" type="DEFAULT_VEHTYPE" speed="13.37" pos="70.68" lane="2/0to2/1_0" slope="0.00"/>
        <vehicle id="9" x="106.66" y="401.65" angle="-90.00" type="DEFAULT_VEHTYPE" speed="12.84" pos="88.59" lane="1/2to0/2_0" slope="0.00"/>
    </timestep>
    <timestep time="421.00">
        <vehicle id="0" x="454.68" y="401.65" angle="-90.00" type="DEFAULT_VEHTYPE" speed="13.47" pos="140.57" lane="3/2to2/2_0" slope="0.00"/>
        <vehicle id="1" x="617.10" y="198.35" angle="90.00" type="DEFAULT_VEHTYPE" speed="11.15" pos="12.35" lane="3/1to4/1_0" slope="0.00"/>
        <vehicle id="10" x="601.65" y="309.49" angle="180.00" type="DEFAULT_VEHTYPE" speed="13.42" pos="104.74" lane="3/1to3/2_0" slope="0.00"/>
        <vehicle id="11" x="601.65" y="244.10" angle="180.00" type="DEFAULT_VEHTYPE" speed="12.77" pos="39.35" lane="3/1to3/2_0" slope="0.00"/>
        <vehicle id="12" x="10.90" y="198.35" angle="90.00" type="DEFAULT_VEHTYPE" speed="12.70" pos="10.90" lane="0/1to1/1_0" slope="0.00"/>
        <vehicle id="13" x="584.07" y="198.35" angle="90.00" type="DEFAULT_VEHTYPE" speed="7.46" pos="179.32" lane="2/1to3/1_0" slope="0.00"/>
        <vehicle id="14" x="760.79" y="201.65" angle="-90.00" type="DEFAULT_VEHTYPE" speed="13.82" pos="39.21" lane="4/1to3/1_0" slope="0.00"/>
        <vehicle id="4" x="34.31" y="201.65" angle="-90.00" type="DEFAULT_VEHTYPE" speed="13.49" pos="160.94" lane="1/1to0/1_0" slope="0.00"/>
        <vehicle id="5" x="201.65" y="137.95" angle="180.00" type="DEFAULT_VEHTYPE" speed="12.87" pos="137.95" lane="1/0to1/1_0" slope="0.00"/>
        <vehicle id="7" x="542.10" y="198.35" angle="90.00" type="DEFAULT_VEHTYPE" speed="12.84" pos="137.35" lane="2/1to3/1_0" slope="0.00"/>
        <vehicle id="8" x="401.65" y="83.34" angle="180.00" type="DEFAULT_VEHTYPE" speed="12.66" pos="83.34" lane="2/0to2/1_0" slope="0.00"/>
        <vehicle id="9" x="93.50" y="401.65" angle="-90.00" type="DEFAULT_VEHTYPE" speed="13.15" pos="101.75" lane="1/2to0/2_0" slope="0.00"/>
    </timestep>
    <timestep time="422.00">
        <vehicle id="0" x="441.67" y="401.65" angle="-90.00" type="DEFAULT_VEHTYPE" speed="13.02" pos="153.58" lane="3/2to2/2_0" slope="0.00"/>
        <vehicle id="1" x="629.94" y="198.35" angle="90.00" type="DEFAULT_VEHTYPE" speed="12.84" pos="25.19" lane="3/1to4/1_0" slope="0.00"/>
        <vehicle id="10" x="601.65" y="322.49" angle="180.00" type="DEFAULT_VEHTYPE" speed="13.00" pos="117.74" lane="3/1to3/2_0" slope="0.00"/>
        <vehicle id="11" x="601.65" y="257.14" angle="180.00" type="DEFAULT_VEHTYPE" speed="13.04" pos="52.39" lane="3/1to3/2_0" slope="0.00"/>
        <vehicle id="12" x="24.58" y="198.35" angle="90.00" type="DEFAULT_VEHTYPE" speed="13.68" pos="24.58" lane="0/1to1/1_0" slope="0.00"/>
        <vehicle id="13" x="588.47" y="198.35" angle="90.00" type="DEFAULT_VEHTYPE" speed="4.40" pos="183.72" lane="2/1to3/1_0" slope="0.00"/>
        <vehicle id="14" x="748.11" y="201.65" angle="-90.00" type="DEFAULT_VEHTYPE" speed="12.68" pos="51.89" lane="4/1to3/1_0" slope="0.00"/>
        <vehicle id="4" x="20.84" y="201.65" angle="-90.00" type="DEFAULT_VEHTYPE" speed="13.48" pos="174.41" lane="1/1to0/1_0" slope="0.00"/>
        <vehicle id="5" x="201.65" y="150.66" angle="180.00" type="DEFAULT_VEHTYPE" speed="12.71" pos="150.66" lane="1/0to1/1_0" slope="0.00"/>
        <vehicle id="7" x="554.98" y="198.35" angle="90.00" type="DEFAULT_VEHTYPE" speed="12.87" pos="150.23" lane="2/1to3/1_0" slope="0.00"/>
        <vehicle id="8" x="401.65" y="96.98" angle="180.00" type="DEFAULT_VEHTYPE" speed="13.64" pos="96.98" lane="2/0to2/1_0" slope="0.00"/>
        <vehicle id="9" x="79.75" y="401.65" angle="-90.00" type="DEFAULT_VEHTYPE" speed="13.75" pos="115.50" lane="1/2to0/2_0" slope="0.00"/>
    </timestep>
    <timestep time="423.00">
        <vehicle id="0" x="428.97" y="401.65" angle="-90.00" type="DEFAULT_VEHTYPE" speed="12.69" pos="166.28" lane="3/2to2/2_0" slope="0.00"/>
        <vehicle id="1" x="643.37" y="198.35" angle="90.00" type="DEFAULT_VEHTYPE" speed="13.43" pos="38.62" lane="3/1to4/1_0" slope="0.00"/>
        <vehicle id="10" x="601.65" y="335.33" angle="180.00" type="DEFAULT_VEHTYPE" speed="12.83" pos="130.58" lane="3/1to3/2_0" slope="0.00"/>
        <vehicle id="11" x="601.65" y="270.69" angle="180.00" type="DEFAULT_VEHTYPE" speed="13.55" pos="65.94" lane="3/1to3/2_0" slope="0.00"/>
        <vehicle id="12" x="38.14" y="198.35" angle="90.00" type="DEFAULT_VEHTYPE" speed="13.57" pos="38.14" lane="0/1to1/1_0" slope="0.00"/>
        <vehicle id="13" x="594.41" y="198.35" angle="90.00" type="DEFAULT_VEHTYPE" speed="5.94" pos="189.66" lane="2/1to3/1_0" slope="0.00"/>
        <vehicle id="14" x="734.33" y="201.65" angle="-90.00" type="DEFAULT_VEHTYPE" speed="13.78" pos="65.67" lane="4/1to3/1_0" slope="0.00"/>
        <vehicle id="4" x="8.12" y="201.65" angle="-90.00" type="DEFAULT_VEHTYPE" speed="12.71" pos="187.13" lane="1/1to0/1_0" slope="0.00"/>
        <vehicle id="5" x="201.65" y="164.33" angle="180.00" type="DEFAULT_VEHTYPE" speed="13.68" pos="164.33" lane="1/0to1/1_0" slope="0.00"/>
        <vehicle id="7" x="565.53" y="198.35" angle="90.00" type="DEFAULT_VEHTYPE" speed="10.55" pos="160.78" lane="2/1to3/1_0" slope="0.00"/>
        <vehicle id="8" x="401.65" y="110.62" angle="180.00" type="DEFAULT_VEHTYPE" speed="13.64" pos="110.62" lane="2/0to2/1_0" slope="0.00"/>
        <vehicle id="9" x="66.33" y="401.65" angle="-90.00" type="DEFAULT_VEHTYPE" speed="13.42" pos="128.92" lane="1/2to0/2_0" slope="0.00"/>
    </timestep>
    <timestep time="424.00">
        <vehicle id="0" x="418.93" y="401.65" angle="-90.00" type="DEFAULT_VEHTYPE" speed="10.05" pos="176.32" lane="3/2to2/2_0" slope="0.00"/>
        <vehicle id="1" x="656.82" y="198.35" angle="90.00" type="DEFAULT_VEHTYPE" speed="13.45" pos="52.07" lane="3/1to4/1_0" slope="0.00"/>
        <vehicle id="10" x="601.65" y="348.14" angle="180.00" type="DEFAULT_VEHTYPE" speed="12.81" pos="143.39" lane="3/1to3/2_0" slope="0.00"/>
        <vehicle id="11" x="601.65" y="284.09" angle="180.00" type="DEFAULT_VEHTYPE" speed="13.40" pos="79.34" lane="3/1to3/2_0" slope="0.00"/>
        <vehicle id="12" x="51.77" y="198.35" angle="90.00" type="DEFAULT_VEHTYPE" speed="13.62" pos="51.77" lane="0/1to1/1_0" slope="0.00"/>
        <vehicle id="13" x="600.69" y="201.02" angle="121.41" type="DEFAULT_VEHTYPE" speed="7.25" pos="6.41" lane=":3/1_14_0" slope="0.00"/>
        <vehicle id="14" x="721.00" y="201.65" angle="-90.00" type="DEFAULT_VEHTYPE" speed="13.33" pos="79.00" lane="4/1to3/1_0" slope="0.00"/>
        <vehicle id="4" x="0.69" y="198.35" angle="20.27" type="DEFAULT_VEHTYPE" speed="13.63" pos="0.69" lane="0/1to1/1_0" slope="0.00"/>
        <vehicle id="5" x="201.65" y="178.14" angle="180.00" type="DEFAULT_VEHTYPE" speed="13.81" pos="178.14" lane="1/0to1/1_0" slope="0.00"/>
        <vehicle id="7" x="576.79" y="198.35" angle="90.00" type="DEFAULT_VEHTYPE" speed="11.26" pos="172.04" lane="2/1to3/1_0" slope="0.00"/>
        <vehicle id="8" x="401.65" y="123.35" angle="180.00" type="DEFAULT_VEHTYPE" speed="12.73" pos="123.35" lane="2/0to2/1_0" slope="0.00"/>
        <vehicle id="9" x="53.36" y="401.65" angle="-90.00" type="DEFAULT_VEHTYPE" speed="12.97" pos="141.89" lane="1/2to0/2_0" slope="0.00"/>
    </timestep>
    <timestep time="425.00">
        <vehicle id="0" x="413.16" y="401.65" angle="-90.00" type="DEFAULT_VEHTYPE" speed="5.77" pos="182.09" lane="3/2to2/2_0" slope="0.00"/>
        <vehicle id="1" x="669.88" y="198.35" angle="90.00" type="DEFAULT_VEHTYPE" speed="13.06" pos="65.13" lane="3/1to4/1_0" slope="0.00"/>
        <vehicle id="10" x="601.65" y="361.71" angle="180.00" type="DEFAULT_VEHTYPE" speed="13.57" pos="156.96" lane="3/1to3/2_0" slope="0.00"/>
        <vehicle id="11" x="601.65" y="297.66" angle="180.00" type="DEFAULT_VEHTYPE" speed="13.56" pos="92.91" lane="3/1to3/2_0" slope="0.00"/>
        <vehicle id="12" x="64.68" y="198.35" angle="90.00" type="DEFAULT_VEHTYPE" speed="12.91" pos="64.68" lane="0/1to1/1_0" slope="0.00"/>
        <vehicle id="13" x="601.65" y="210.60" angle="180.00" type="DEFAULT_VEHTYPE" speed="9.76" pos="5.85" lane="3/1to3/2_0" slope="0.00"/>
        <vehicle id="14" x="707.16" y="201.65" angle="-90.00" type="DEFAULT_VEHTYPE" speed="13.84" pos="92.84" lane="4/1to3/1_0" slope="0.00"/>
        <vehicle id="4" x="14.05" y="198.35" angle="90.00" type="DEFAULT_VEHTYPE" speed="13.36" pos="14.05" lane="0/1to1/1_0" slope="0.00"/>
        <vehicle id="5" x="201.65" y="191.46" angle="180.00" type="DEFAULT_VEHTYPE" speed="13.32" pos="191.46" lane="1/0to1/1_0" slope="0.00"/>
        <vehicle id="7" x="585.05" y="198.35" angle="90.00" type="DEFAULT_VEHTYPE" speed="8.25" pos="180.30" lane="2/1to3/1_0" slope="0.00"/>
        <vehicle id="8" x="401.65" y="136.12" angle="180.00" type="DEFAULT_VEHTYPE" speed="12.77" pos="136.12" lane="2/0to2/1_0" slope="0.00"/>
        <vehicle id="9" x="39.94" y="401.65" angle="-90.00" type="DEFAULT_VEHTYPE" speed="13.42" pos="155.31" lane="1/2to0/2_0" slope="0.00"/>
    </timestep>
    <timestep time="426.00">
        <vehicle id="0" x="410.25" y="401.65" angle="-90.00" type="DEFAULT_VEHTYPE" speed="2.90" pos="185.00" lane="3/2to2/2_0" slope="0.00"/>
        <vehicle id="1" x="682.73" y="198.35" angle="90.00" type="DEFAULT_VEHTYPE" speed="12.85" pos="77.98" lane="3/1to4/1_0" slope="0.00"/>
        <vehicle id="10" x="601.65" y="374.14" angle="180.00" type="DEFAULT_VEHTYPE" speed="12.43" pos="169.39" lane="3/1to3/2_0" slope="0.00"/>
        <vehicle id="11" x="601.65" y="310.82" angle="180.00" type="DEFAULT_VEHTYPE" speed="13.16" pos="106.07" lane="3/1to3/2_0" slope="0.00"/>
        <vehicle id="12" x="78.35" y="198.35" angle="90.00" type="DEFAULT_VEHTYPE" speed="13.67" pos="78.35" lane="0/1to1/1_0" slope="0.00"/>
        <vehicle id="13" x="601.65" y="221.71" angle="180.00" type="DEFAULT_VEHTYPE" speed="11.11" pos="16.96" lane="3/1to3/2_0" slope="0.00"/>
        <vehicle id="14" x="694.05" y="201.65" angle="-90.00" type="DEFAULT_VEHTYPE" speed="13.11" pos="105.95" lane="4/1to3/1_0" slope="0.00"/>
        <vehicle id="4" x="27.48" y="198.35" angle="90.00" type="DEFAULT_VEHTYPE" speed="13.43" pos="27.48" lane="0/1to1/1_0" slope="0.00"/>
        <vehicle id="5" x="208.75" y="198.35" angle="91.59" type="DEFAULT_VEHTYPE" speed="12.80" pos="4.00" lane="1/1to2/1_0" slope="0.00"/>
        <vehicle id="7" x="589.67" y="198.35" angle="90.00" type="DEFAULT_VEHTYPE" speed="4.63" pos="184.92" lane="2/1to3/1_0" slope="0.00"/>
        <vehicle id="8" x="401.65" y="149.21" angle="180.00" type="DEFAULT_VEHTYPE" speed="13.08" pos="149.21" lane="2/0to2/1_0" slope="0.00"/>
        <vehicle id="9" x="26.09" y="401.65" angle="-90.00" type="DEFAULT_VEHTYPE" speed="13.85" pos="169.16" lane="1/2to0/2_0" slope="0.00"/>
    </timestep>
    <timestep time="427.00">
        <vehicle id="0" x="405.29" y="401.65" angle="-90.00" type="DEFAULT_VEHTYPE" speed="4.96" pos="189.96" lane="3/2to2/2_0" slope="0.00"/>
        <vehicle id="1" x="696.34" y="198.35" angle="90.00" type="DEFAULT_VEHTYPE" speed="13.61" pos="91.59" lane="3/1to4/1_0" slope="0.00"/>
        <vehicle id="10" x="601.65" y="382.97" angle="180.00" type="DEFAULT_VEHTYPE" speed="8.83" pos="178.22" lane="3/1to3/2_0" slope="0.00"/>
        <vehicle id="11" x="601.65" y="323.62" angle="180.00" type="DEFAULT_VEHTYPE" speed="12.80" pos="118.87" lane="3/1to3/2_0" slope="0.00"/>
        <vehicle id="12" x="91.13" y="198.35" angle="90.00" type="DEFAULT_VEHTYPE" speed="12.78" pos="91.13" lane="0/1to1/1_0" slope="0.00"/>
        <vehicle id="13" x="601.65" y="235.02" angle="180.00" type="DEFAULT_VEHTYPE" speed="13.31" pos="30.27" lane="3/1to3/2_0" slope="0.00"/>
        <vehicle id="14" x="680.81" y="201.65" angle="-90.00" type="DEFAULT_VEHTYPE" speed="13.24" pos="119.19" lane="4/1to3/1_0" slope="0.00"/>
        <vehicle id="4" x="41.26" y="198.35" angle="90.00" type="DEFAULT_VEHTYPE" speed="13.78" pos="41.26" lane="0/1to1/1_0" slope="0.00"/>
        <vehicle id="5" x="221.53" y="198.35" angle="90.00" type="DEFAULT_VEHTYPE" speed="12.77" pos="16.78" lane="1/1to2/1_0" slope="0.00"/>
        <vehicle id="7" x="595.82" y="198.35" angle="90.00" type="DEFAULT_VEHTYPE" speed="6.15" pos="0.57" lane=":3/1_13_0" slope="0.00"/>
        <vehicle id="8" x="401.65" y="162.35" angle="180.00" type="DEFAULT_VEHTYPE" speed="13.14" pos="162.35" lane="2/0to2/1_0" slope="0.00"/>
        <vehicle id="9" x="12.77" y="401.65" angle="-90.00" type="DEFAULT_VEHTYPE" speed="13.33" pos="182.48" lane="1/2to0/2_0" slope="0.00"/>
    </timestep>
    <timestep time="428.00">
        <vehicle id="0" x="399.22" y="398.84" angle="-56.90" type="DEFAULT_VEHTYPE" speed="7.11" pos="6.57" lane=":2/2_6_0" slope="0.00"/>
        <vehicle id="1" x="709.06" y="198.35" angle="90.00" type="DEFAULT_VEHTYPE" speed="12.72" pos="104.31" lane="3/1to4/1_0" slope="0.00"/>
        <vehicle id="10" x="601.65" y="387.58" angle="180.00" type="DEFAULT_VEHTYPE" speed="4.61" pos="182.83" lane="3/1to3/2_0" slope="0.00"/>
        <vehicle id="11" x="601.65" y="336.72" angle="180.00" type="DEFAULT_VEHTYPE" speed="13.10" pos="131.97" lane="3/1to3/2_0" slope="0.00"/>
        <vehicle id="12" x="104.78" y="198.35" angle="90.00" type="DEFAULT_VEHTYPE" speed="13.65" pos="104.78" lane="0/1to1/1_0" slope="0.00"/>
        <vehicle id="13" x="601.65" y="248.15" angle="180.00" type="DEFAULT_VEHTYPE" speed="13.13" pos="43.40" lane="3/1to3/2_0" slope="0.00"/>
        <vehicle id="14" x="667.85" y="201.65" angle="-90.00" type="DEFAULT_VEHTYPE" speed="12.96" pos="132.15" lane="4/1to3/1_0" slope="0.00"/>
        <vehicle id="4" x="54.73" y="198.35" angle="90.00" type="DEFAULT_VEHTYPE" speed="13.47" pos="54.73" lane="0/1to1/1_0" slope="0.00"/>
        <vehicle id="5" x="234.99" y="198.35" angle="90.00" type="DEFAULT_VEHTYPE" speed="13.46" pos="30.24" lane="1/1to2/1_0" slope="0.00"/>
        <vehicle id="7" x="603.90" y="198.35" angle="90.00" type="DEFAULT_VEHTYPE" speed="8.09" pos="8.65" lane=":3/1_13_0" slope="0.00"/>
        <vehicle id="8" x="401.65" y="175.77" angle="180.00" type="DEFAULT_VEHTYPE" speed="13.42" pos="175.77" lane="2/0to2/1_0" slope="0.00"/>
        <vehicle id="9" x="0.13" y="401.65" angle="-90.00" type="DEFAULT_VEHTYPE" speed="12.64" pos="195.12" lane="1/2to0/2_0" slope="0.00"/>
    </timestep>
    <timestep time="429.00">
        <vehicle id="0" x="398.35" y="389.49" angle="0.00" type="DEFAULT_VEHTYPE" speed="9.50" pos="5.76" lane="2/2to2/1_0" slope="0.00"/>
        <vehicle id="1" x="721.83" y="198.35" angle="90.00" type="DEFAULT_VEHTYPE" speed="12.77" pos="117.08" lane="3/1to4/1_0" slope="0.00"/>
        <vehicle id="10" x="601.65" y="391.15" angle="180.00" type="DEFAULT_VEHTYPE" speed="3.57" pos="186.40" lane="3/1to3/2_0" slope="0.00"/>
        <vehicle id="11" x="601.65" y="349.48" angle="180.00" type="DEFAULT_VEHTYPE" speed="12.76" pos="144.73" lane="3/1to3/2_0" slope="0.00"/>
        <vehicle id="12" x="118.39" y="198.35" angle="90.00" type="DEFAULT_VEHTYPE" speed="13.61" pos="118.39" lane="0/1to1/1_0" slope="0.00"/>
        <vehicle id="13" x="601.65" y="261.91" angle="180.00" type="DEFAULT_VEHTYPE" speed="13.77" pos="57.16" lane="3/1to3/2_0" slope="0.00"/>
        <vehicle id="14" x="654.85" y="201.65" angle="-90.00" type="DEFAULT_VEHTYPE" speed="13.00" pos="145.15" lane="4/1to3/1_0" slope="0.00"/>
        <vehicle id="4" x="67.79" y="198.35" angle="90.00" type="DEFAULT_VEHTYPE" speed="13.06" pos="67.79" lane="0/1to1/1_0" slope="0.00"/>
        <vehicle id="5" x="247.92" y="198.35" angle="90.00" type="DEFAULT_VEHTYPE" speed="12.93" pos="43.17" lane="1/1to2/1_0" slope="0.00"/>
        <vehicle id="7" x="613.46" y="198.35" angle="90.00" type="DEFAULT_VEHTYPE" speed="9.55" pos="8.71" lane="3/1to4/1_0" slope="0.00"/>
        <vehicle id="8" x="401.65" y="189.07" angle="180.00" type="DEFAULT_VEHTYPE" speed="13.30" pos="189.07" lane="2/0to2/1_0" slope="0.00"/>
        <vehicle id="9" x="8.18" y="398.35" angle="90.00" type="DEFAULT_VEHTYPE" speed="13.13" pos="8.18" lane="0/2to1/2_0" slope="0.00"/>
    </timestep>
    <timestep time="430.00">
        <vehicle id="0" x="398.35" y="377.40" angle="0.00" type="DEFAULT_VEHTYPE" speed="12.09" pos="17.85" lane="2/2to2/1_0" slope="0.00"/>
        <vehicle id="1" x="735.65" y="198.35" angle="90.00" type="DEFAULT_VEHTYPE" speed="13.82" pos="130.90" lane="3/1to4/1_0" slope="0.00"/>
        <vehicle id="10" x="601.42" y="396.86" angle="-177.36" type="DEFAULT_VEHTYPE" speed="5.72" pos="1.63" lane=":3/2_10_0" slope="0.00"/>
        <vehicle id="11" x="601.65" y="362.76" angle="180.00" type="DEFAULT_VEHTYPE" speed="13.29" pos="158.01" lane="3/1to3/2_0" slope="0.00"/>
        <vehicle id="12" x="131.49" y="198.35" angle="90.00" type="DEFAULT_VEHTYPE" speed="13.09" pos="131.49" lane="0/1to1/1_0" slope="0.00"/>
        <vehicle id="13" x="601.65" y="275.09" angle="180.00" type="DEFAULT_VEHTYPE" speed="13.18" pos="70.34" lane="3/1to3/2_0" slope="0.00"/>
        <vehicle id="14" x="642.13" y="201.65" angle="-90.00" type="DEFAULT_VEHTYPE" speed="12.72" pos="157.87" lane="4/1to3/1_0" slope="0.00"/>
        <vehicle id="4" x="81.33" y="198.35" angle="90.00" type="DEFAULT_VEHTYPE" speed="13.54" pos="81.33" lane="0/1to1/1_0" slope="0.00"/>
        <vehicle id="5" x="261.22" y="198.35" angle="90.00" type="DEFAULT_VEHTYPE" speed="13.31" pos="56.47" lane="1/1to2/1_0" slope="0.00"/>
        <vehicle id="7" x="624.88" y="198.35" angle="90.00" type="DEFAULT_VEHTYPE" speed="11.42" pos="20.13" lane="3/1to4/1_0" slope="0.00"/>
        <vehicle id="8" x="407.15" y="198.35" angle="100.20" type="DEFAULT_VEHTYPE" speed="13.58" pos="2.40" lane="2/1to3/1_0" slope="0.00"/>
        <vehicle id="9" x="20.78" y="398.35" angle="90.00" type="DEFAULT_VEHTYPE" speed="12.61" pos="20.78" lane="0/2to1/2_0" slope="0.00"/>
    </timestep>
    <timestep time="431.00">
        <vehicle id="0" x="398.35" y="364.04" angle="0.00" type="DEFAULT_VEHTYPE" speed="13.36" pos="31.21" lane="2/2to2/1_0" slope="0.00"/>
        <vehicle id="1" x="748.28" y="198.35" angle="90.00" type="DEFAULT_VEHTYPE" speed="12.64" pos="143.53" lane="3/1to4/1_0" slope="0.00"/>
        <vehicle id="10" x="596.63" y="401.45" angle="-121.21" type="DEFAULT_VEHTYPE" speed="7.31" pos="1.79" lane=":3/2_18_0" slope="0.00"/>
        <vehicle id="11" x="601.65" y="374.90" angle="180.00" type="DEFAULT_VEHTYPE" speed="12.14" pos="170.15" lane="3/1to3/2_0" slope="0.00"/>
        <vehicle id="12" x="145.02" y="198.35" angle="90.00" type="DEFAULT_VEHTYPE" speed="13.54" pos="145.02" lane="0/1to1/1_0" slope="0.00"/>
        <vehicle id="13" x="601.65" y="288.05" angle="180.00" type="DEFAULT_VEHTYPE" speed="12.96" pos="83.30" lane="3/1to3/2_0" slope="0.00"/>
        <vehicle id="14" x="629.39" y="201.65" angle="-90.00" type="DEFAULT_VEHTYPE" speed="12.74" pos="170.61" lane="4/1to3/1_0" slope="0.00"/>
        <vehicle id="4" x="95.14" y="198.35" angle="90.00" type="DEFAULT_VEHTYPE" speed="13.81" pos="95.14" lane="0/1to1/1_0" slope="0.00"/>
        <vehicle id="5" x="274.39" y="198.35" angle="90.00" type="DEFAULT_VEHTYPE" speed="13.17" pos="69.64" lane="1/1to2/1_0" slope="0.00"/>
        <vehicle id="7" x="638.29" y="198.35" angle="90.00" type="DEFAULT_VEHTYPE" speed="13.41" pos="33.54" lane="3/1to4/1_0" slope="0.00"/>
        <vehicle id="8" x="420.57" y="198.35" angle="90.00" type="DEFAULT_VEHTYPE" speed="13.42" pos="15.82" lane="2/1to3/1_0" slope="0.00"/>
        <vehicle id="9" x="33.81" y="398.35" angle="90.00" type="DEFAULT_VEHTYPE" speed="13.03" pos="33.81" lane="0/2to1/2_0" slope="0.00"/>
    </timestep>
    <timestep time="432.00">
        <vehicle id="0" x="398.35" y="351.29" angle="0.00" type="DEFAULT_VEHTYPE" speed="12.76" pos="43.96" lane="2/2to2/1_0" slope="0.00"/>
        <vehicle id="1" x="761.27" y="198.35" angle="90.00" type="DEFAULT_VEHTYPE" speed="12.99" pos="156.52" lane="3/1to4/1_0" slope="0.00"/>
        <vehicle id="10" x="587.39" y="401.65" angle="-90.00" type="DEFAULT_VEHTYPE" speed="9.25" pos="7.86" lane="3/2to2/2_0" slope="0.00"/>
        <vehicle id="11" x="601.65" y="383.43" angle="180.00" type="DEFAULT_VEHTYPE" speed="8.52" pos="178.68" lane="3/1to3/2_0" slope="0.00"/>
        <vehicle id="12" x="158.58" y="198.35" angle="90.00" type="DEFAULT_VEHTYPE" speed="13.56" pos="158.58" lane="0/1to1/1_0" slope="0.00"/>
        <vehicle id="13" x="601.65" y="301.80" angle="180.00" type="DEFAULT_VEHTYPE" speed="13.76" pos="97.05" lane="3/1to3/2_0" slope="0.00"/>
        <vehicle id="14" x="619.49" y="201.65" angle="-90.00" type="DEFAULT_VEHTYPE" speed="9.90" pos="180.51" lane="4/1to3/1_0" slope="0.00"/>
        <vehicle id="4" x="108.89" y="198.35" angle="90.00" type="DEFAULT_VEHTYPE" speed="13.75" pos="108.89" lane="0/1to1/1_0" slope="0.00"/>
        <vehicle id="5" x="288.02" y="198.35" angle="90.00" type="DEFAULT_VEHTYPE" speed="13.62" pos="83.27" lane="1/1to2/1_0" slope="0.00"/>
        <vehicle id="7" x="651.14" y="198.35" angle="90.00" type="DEFAULT_VEHTYPE" speed="12.85" pos="46.39" lane="3/1to4/1_0" slope="0.00"/>
        <vehicle id="8" x="433.69" y="198.35" angle="90.00" type="DEFAULT_VEHTYPE" speed="13.12" pos="28.94" lane="2/1to3/1_0" slope="0.00"/>
        <vehicle id="9" x="46.72" y="398.35" angle="90.00" type="DEFAULT_VEHTYPE" speed="12.91" pos="46.72" lane="0/2to1/2_0" slope="0.00"/>
    </timestep>
    <timestep time="433.00">
        <vehicle id="0" x="398.35" y="338.52" angle="0.00" type="DEFAULT_VEHTYPE" speed="12.77" pos="56.73" lane="2/2to2/1_0" slope="0.00"/>
        <vehicle id="1" x="774.85" y="198.35" angle="90.00" type="DEFAULT_VEHTYPE" speed="13.58" pos="170.10" lane="3/1to4/1_0" slope="0.00"/>
        <vehicle id="10" x="576.69" y="401.65" angle="-90.00" type="DEFAULT_VEHTYPE" speed="10.70" pos="18.56" lane="3/2to2/2_0" slope="0.00"/>
        <vehicle id="11" x="601.65" y="388.63" angle="180.00" type="DEFAULT_VEHTYPE" speed="5.20" pos="183.88" lane="3/1to3/2_0" slope="0.00"/>
        <vehicle id="12" x="171.02" y="198.35" angle="90.00" type="DEFAULT_VEHTYPE" speed="12.45" pos="171.02" lane="0/1to1/1_0" slope="0.00"/>
        <vehicle id="13" x="601.65" y="315.52" angle="180.00" type="DEFAULT_VEHTYPE" speed="13.72" pos="110.77" lane="3/1to3/2_0" slope="0.00"/>
        <vehicle id="14" x="612.86" y="201.65" angle="-90.00" type="DEFAULT_VEHTYPE" speed="6.63" pos="187.14" lane="4/1to3/1_0" slope="0.00"/>
        <vehicle id="4" x="122.43" y="198.35" angle="90.00" type="DEFAULT_VEHTYPE" speed="13.53" pos="122.43" lane="0/1to1/1_0" slope="0.00"/>
        <vehicle id="5" x="301.49" y="198.35" angle="90.00" type="DEFAULT_VEHTYPE" speed="13.47" pos="96.74" lane="1/1to2/1_0" slope="0.00"/>
        <vehicle id="7" x="664.78" y="198.35" angle="90.00" type="DEFAULT_VEHTYPE" speed="13.64" pos="60.03" lane="3/1to4/1_0" slope="0.00"/>
        <vehicle id="8" x="447.13" y="198.35" angle="90.00" type="DEFAULT_VEHTYPE" speed="13.44" pos="42.38" lane="2/1to3/1_0" slope="0.00"/>
        <vehicle id="9" x="60.38" y="398.35" angle="90.00" type="DEFAULT_VEHTYPE" speed="13.66" pos="60.38" lane="0/2to1/2_0" slope="0.00"/>
    </timestep>
    <timestep time="434.00">
        <vehicle id="0" x="398.35" y="324.91" angle="0.00" type="DEFAULT_VEHTYPE" speed="13.61" pos="70.34" lane="2/2to2/1_0" slope="0.00"/>
        <vehicle id="1" x="788.08" y="198.35" angle="90.00" type="DEFAULT_VEHTYPE" speed="13.23" pos="183.33" lane="3/1to4/1_0" slope="0.00"/>
        <vehicle id="10" x="564.29" y="401.65" angle="-90.00" type="DEFAULT_VEHTYPE" speed="12.40" pos="30.96" lane="3/2to2/2_0" slope="0.00"/>
        <vehicle id="11" x="601.51" y="396.21" angle="-178.42" type="DEFAULT_VEHTYPE" speed="7.59" pos="0.97" lane=":3/2_10_0" slope="0.00"/>
        <vehicle id="12" x="180.90" y="198.35" angle="90.00" type="DEFAULT_VEHTYPE" speed="9.87" pos="180.90" lane="0/1to1/1_0" slope="0.00"/>
        <vehicle id="13" x="601.65" y="328.73" angle="180.00" type="DEFAULT_VEHTYPE" speed="13.20" pos="123.98" lane="3/1to3/2_0" slope="0.00"/>
        <vehicle id="14" x="610.08" y="201.65" angle="-90.00" type="DEFAULT_VEHTYPE" speed="2.78" pos="189.92" lane="4/1to3/1_0" slope="0.00"/>
        <vehicle id="4" x="135.40" y="198.35" angle="90.00" type="DEFAULT_VEHTYPE" speed="12.97" pos="135.40" lane="0/1to1/1_0" slope="0.00"/>
        <vehicle id="5" x="314.41" y="198.35" angle="90.00" type="DEFAULT_VEHTYPE" speed="12.92" pos="109.66" lane="1/1to2/1_0" slope="0.00"/>
        <vehicle id="7" x="678.34" y="198.35" angle="90.00" type="DEFAULT_VEHTYPE" speed="13.56" pos="73.59" lane="3/1to4/1_0" slope="0.00"/>
        <vehicle id="8" x="459.90" y="198.35" angle="90.00" type="DEFAULT_VEHTYPE" speed="12.77" pos="55.15" lane="2/1to3/1_0" slope="0.00"/>
        <vehicle id="9" x="74.02" y="398.35" angle="90.00" type="DEFAULT_VEHTYPE" speed="13.64" pos="74.02" lane="0/2to1/2_0" slope="0.00"/>
    </timestep>
    <timestep time="435.00">
        <vehicle id="0" x="398.35" y="311.70" angle="0.00" type="DEFAULT_VEHTYPE" speed="13.21" pos="83.55" lane="2/2to2/1_0" slope="0.00"/>
        <vehicle id="1" x="800.70" y="198.81" angle="95.42" type="DEFAULT_VEHTYPE" speed="12.76" pos="0.84" lane=":4/1_0_0" slope="0.00"/>
        <vehicle id="10" x="551.41" y="401.65" angle="-90.00" type="DEFAULT_VEHTYPE" speed="12.88" pos="43.84" lane="3/2to2/2_0" slope="0.00"/>
        <vehicle id="11" x="594.83" y="401.65" angle="-105.38" type="DEFAULT_VEHTYPE" speed="9.77" pos="0.42" lane="3/2to2/2_0" slope="0.00"/>
        <vehicle id="12" x="186.38" y="198.35" angle="90.00" type="DEFAULT_VEHTYPE" speed="5.48" pos="186.38" lane="0/1to1/1_0" slope="0.00"/>
        <vehicle id="13" x="601.65" y="342.00" angle="180.00" type="DEFAULT_VEHTYPE" speed="13.27" pos="137.25" lane="3/1to3/2_0" slope="0.00"/>
        <vehicle id="14" x="605.63" y="201.65" angle="-90.00" type="DEFAULT_VEHTYPE" speed="4.46" pos="194.37" lane="4/1to3/1_0" slope="0.00"/>
        <vehicle id="4" x="148.11" y="198.35" angle="90.00" type="DEFAULT_VEHTYPE" speed="12.71" pos="148.11" lane="0/1to1/1_0" slope="0.00"/>
        <vehicle id="5" x="327.78" y="198.35" angle="90.00" type="DEFAULT_VEHTYPE" speed="13.37" pos="123.03" lane="1/1to2/1_0" slope="0.00"/>
        <vehicle id="7" x="691.95" y="198.35" angle="90.00" type="DEFAULT_VEHTYPE" speed="13.61" pos="87.20" lane="3/1to4/1_0" slope="0.00"/>
        <vehicle id="8" x="473.74" y="198.35" angle="90.00" type="DEFAULT_VEHTYPE" speed="13.84" pos="68.99" lane="2/1to3/1_0" slope="0.00"/>
        <vehicle id="9" x="87.92" y="398.35" angle="90.00" type="DEFAULT_VEHTYPE" speed="13.89" pos="87.92" lane="0/2to1/2_0" slope="0.00"/>
    </timestep>
    <timestep time="436.00">
        <vehicle id="0" x="398.35" y="298.69" angle="0.00" type="DEFAULT_VEHTYPE" speed="13.01" pos="96.56" lane="2/2to2/1_0" slope="0.00"/>
        <vehicle id="1" x="790.45" y="201.65" angle="-90.00" type="DEFAULT_VEHTYPE" speed="13.54" pos="9.55" lane="4/1to3/1_0" slope="0.00"/>
        <vehicle id="10" x="538.29" y="401.65" angle="-90.00" type="DEFAULT_VEHTYPE" speed="13.12" pos="56.96" lane="3/2to2/2_0" slope="0.00"/>
        <vehicle id="11" x="583.22" y="401.65" angle="-90.00" type="DEFAULT_VEHTYPE" speed="11.61" pos="12.03" lane="3/2to2/2_0" slope="0.00"/>
        <vehicle id="12" x="189.56" y="198.35" angle="90.00" type="DEFAULT_VEHTYPE" speed="3.18" pos="189.56" lane="0/1to1/1_0" slope="0.00"/>
        <vehicle id="13" x="601.65" y="355.45" angle="180.00" type="DEFAULT_VEHTYPE" speed="13.45" pos="150.70" lane="3/1to3/2_0" slope="0.00"/>
        <vehicle id="14" x="601.65" y="205.29" angle="-144.20" type="DEFAULT_VEHTYPE" speed="6.41" pos="0.54" lane="3/1to3/2_0" slope="0.00"/>
        <vehicle id="4" x="161.68" y="198.35" angle="90.00" type="DEFAULT_VEHTYPE" speed="13.57" pos="161.68" lane="0/1to1/1_0" slope="0.00"/>
        <vehicle id="5" x="341.37" y="198.35" angle="90.00" type="DEFAULT_VEHTYPE" speed="13.59" pos="136.62" lane="1/1to2/1_0" slope="0.00"/>
        <vehicle id="7" x="704.99" y="198.35" angle="90.00" type="DEFAULT_VEHTYPE" speed="13.04" pos="100.24" lane="3/1to4/1_0" slope="0.00"/>
        <vehicle id="8" x="487.45" y="198.35" angle="90.00" type="DEFAULT_VEHTYPE" speed="13.71" pos="82.70" lane="2/1to3/1_0" slope="0.00"/>
        <vehicle id="9" x="100.56" y="398.35" angle="90.00" type="DEFAULT_VEHTYPE" speed="12.65" pos="100.56" lane="0/2to1/2_0" slope="0.00"/>
    </timestep>
    <timestep time="437.00">
        <vehicle id="0" x="398.35" y="285.24" angle="0.00" type="DEFAULT_VEHTYPE" speed="13.45" pos="110.01" lane="2/2to2/1_0" slope="0.00"/>
        <vehicle id="1" x="777.82" y="201.65" angle="-90.00" type="DEFAULT_VEHTYPE" speed="12.62" pos="22.18" lane="4/1to3/1_0" slope="0.00"/>
        <vehicle id="10" x="525.07" y="401.65" angle="-90.00" type="DEFAULT_VEHTYPE" speed="13.22" pos="70.18" lane="3/2to2/2_0" slope="0.00"/>
        <vehicle id="11" x="570.07" y="401.65" angle="-90.00" type="DEFAULT_VEHTYPE" speed="13.15" pos="25.18" lane="3/2to2/2_0" slope="0.00"/>
        <vehicle id="12" x="194.28" y="198.35" angle="90.00" type="DEFAULT_VEHTYPE" speed="4.73" pos="194.28" lane="0/1to1/1_0" slope="0.00"/>
        <vehicle id="13" x="601.65" y="368.66" angle="180.00" type="DEFAULT_VEHTYPE" speed="13.21" pos="163.91" lane="3/1to3/2_0" slope="0.00"/>
        <vehicle id="14" x="601.65" y="213.96" angle="180.00" type="DEFAULT_VEHTYPE" speed="8.68" pos="9.21" lane="3/1to3/2_0" slope="0.00"/>
        <vehicle id="4" x="170.75" y="198.35" angle="90.00" type="DEFAULT_VEHTYPE" speed="9.07" pos="170.75" lane="0/1to1/1_0" slope="0.00"/>
        <vehicle id="5" x="354.98" y="198.35" angle="90.00" type="DEFAULT_VEHTYPE" speed="13.61" pos="150.23" lane="1/1to2/1_0" slope="0.00"/>
        <vehicle id="7" x="717.62" y="198.35" angle="90.00" type="DEFAULT_VEHTYPE" speed="12.64" pos="112.87" lane="3/1to4/1_0" slope="0.00"/>
        <vehicle id="8" x="500.10" y="198.35" angle="90.00" type="DEFAULT_VEHTYPE" speed="12.65" pos="95.35" lane="2/1to3/1_0" slope="0.00"/>
        <vehicle id="9" x="113.66" y="398.35" angle="90.00" type="DEFAULT_VEHTYPE" speed="13.09" pos="113.66" lane="0/2to1/2_0" slope="0.00"/>
    </timestep>
    <timestep time="438.00">
        <vehicle id="0" x="398.35" y="271.94" angle="0.00" type="DEFAULT_VEHTYPE" speed="13.30" pos="123.31" lane="2/2to2/1_0" slope="0.00"/>
        <vehicle id="1" x="764.62" y="201.65" angle="-90.00" type="DEFAULT_VEHTYPE" speed="13.21" pos="35.38" lane="4/1to3/1_0" slope="0.00"/>
        <vehicle id="10" x="511.84" y="401.65" angle="-90.00" type="DEFAULT_VEHTYPE" speed="13.23" pos="83.41" lane="3/2to2/2_0" slope="0.00"/>
        <vehicle id="11" x="557.29" y="401.65" angle="-90.00" type="DEFAULT_VEHTYPE" speed="12.78" pos="37.96" lane="3/2to2/2_0" slope="0.00"/>
        <vehicle id="12" x="198.35" y="194.14" angle="26.22" type="DEFAULT_VEHTYPE" speed="7.08" pos="1.11" lane="1/1to1/0_0" slope="0.00"/>
        <vehicle id="13" x="601.65" y="379.42" angle="180.00" type="DEFAULT_VEHTYPE" speed="10.76" pos="174.67" lane="3/1to3/2_0" slope="0.00"/>
        <vehicle id="14" x="601.65" y="224.68" angle="180.00" type="DEFAULT_VEHTYPE" speed="10.72" pos="19.93" lane="3/1to3/2_0" slope="0.00"/>
        <vehicle id="4" x="179.38" y="198.35" angle="90.00" type="DEFAULT_VEHTYPE" speed="8.63" pos="179.38" lane="0/1to1/1_0" slope="0.00"/>
        <vehicle id="5" x="368.53" y="198.35" angle="90.00" type="DEFAULT_VEHTYPE" speed="13.55" pos="163.78" lane="1/1to2/1_0" slope="0.00"/>
        <vehicle id="7" x="731.41" y="198.35" angle="90.00" type="DEFAULT_VEHTYPE" speed="13.78" pos="126.66" lane="3/1to4/1_0" slope="0.00"/>
        <vehicle id="8" x="513.29" y="198.35" angle="90.00" type="DEFAULT_VEHTYPE" speed="13.19" pos="108.54" lane="2/1to3/1_0" slope="0.00"/>
        <vehicle id="9" x="126.60" y="398.35" angle="90.00" type="DEFAULT_VEHTYPE" speed="12.94" pos="126.60" lane="0/2to1/2_0" slope="0.00"/>
    </timestep>
    <timestep time="439.00">
        <vehicle id="0" x="398.35" y="258.81" angle="0.00" type="DEFAULT_VEHTYPE" speed="13.14" pos="136.44" lane="2/2to2/1_0" slope="0.00"/>
        <vehicle id="1" x="750.88" y="201.65" angle="-90.00" type="DEFAULT_VEHTYPE" speed="13.74" pos="49.12" lane="4/1to3/1_0" slope="0.00"/>
        <vehicle id="10" x="498.94" y="401.65" angle="-90.00" type="DEFAULT_VEHTYPE" speed="12.90" pos="96.31" lane="3/2to2/2_0" slope="0.00"/>
        <vehicle id="11" x="544.32" y="401.65" angle="-90.00" type="DEFAULT_VEHTYPE" speed="12.96" pos="50.93" lane="3/2to2/2_0" slope="0.00"/>
        <vehicle id="12" x="198.35" y="184.62" angle="0.00" type="DEFAULT_VEHTYPE" speed="9.52" pos="10.63" lane="1/1to1/0_0" slope="0.00"/>
        <vehicle id="13" x="601.65" y="385.89" angle="180.00" type="DEFAULT_VEHTYPE" speed="6.47" pos="181.14" lane="3/1to3/2_0" slope="0.00"/>
        <vehicle id="14" x="601.65" y="237.36" angle="180.00" type="DEFAULT_VEHTYPE" speed="12.68" pos="32.61" lane="3/1to3/2_0" slope="0.00"/>
        <vehicle id="4" x="185.85" y="198.35" angle="90.00" type="DEFAULT_VEHTYPE" speed="6.47" pos="185.85" lane="0/1to1/1_0" slope="0.00"/>
        <vehicle id="5" x="379.00" y="198.35" angle="90.00" type="DEFAULT_VEHTYPE" speed="10.47" pos="174.25" lane="1/1to2/1_0" slope="0.00"/>
        <vehicle id="7" x="744.44" y="198.35" angle="90.00" type="DEFAULT_VEHTYPE" speed="13.03" pos="139.69" lane="3/1to4/1_0" slope="0.00"/>
        <vehicle id="8" x="526.65" y="198.35" angle="90.00" type="DEFAULT_VEHTYPE" speed="13.37" pos="121.90" lane="2/1to3/1_0" slope="0.00"/>
        <vehicle id="9" x="139.54" y="398.35" angle="90.00" type="DEFAULT_VEHTYPE" speed="12.94" pos="139.54" lane="0/2to1/2_0" slope="0.00"/>
    </timestep>
    <timestep time="440.00">
        <vehicle id="0" x="398.35" y="246.12" angle="0.00" type="DEFAULT_VEHTYPE" speed="12.68" pos="149.13" lane="2/2to2/1_0" slope="0.00"/>
        <vehicle id="1" x="737.77" y="201.65" angle="-90.00" type="DEFAULT_VEHTYPE" speed="13.11" pos="62.23" lane="4/1to3/1_0" slope="0.00"/>
        <vehicle id="10" x="485.55" y="401.65" angle="-90.00" type="DEFAULT_VEHTYPE" speed="13.39" pos="109.70" lane="3/2to2/2_0" slope="0.00"/>
        <vehicle id="11" x="531.65" y="401.65" angle="-90.00" type="DEFAULT_VEHTYPE" speed="12.67" pos="63.60" lane="3/2to2/2_0" slope="0.00"/>
        <vehicle id="12" x="198.35" y="172.89" angle="0.00" type="DEFAULT_VEHTYPE" speed="11.73" pos="22.36" lane="1/1to1/0_0" slope="0.00"/>
        <vehicle id="13" x="601.65" y="389.74" angle="180.00" type="DEFAULT_VEHTYPE" speed="3.84" pos="184.99" lane="3/1to3/2_0" slope="0.00"/>
        <vehicle id="14" x="601.65" y="250.40" angle="180.00" type="DEFAULT_VEHTYPE" speed="13.04" pos="45.65" lane="3/1to3/2_0" slope="0.00"/>
        <vehicle id="4" x="189.98" y="198.35" angle="90.00" type="DEFAULT_VEHTYPE" speed="4.13" pos="189.98" lane="0/1to1/1_0" slope="0.00"/>
        <vehicle id="5" x="385.98" y="198.35" angle="90.00" type="DEFAULT_VEHTYPE" speed="6.98" pos="181.23" lane="1/1to2/1_0" slope="0.00"/>
        <vehicle id="7" x="757.18" y="198.35" angle="90.00" type="DEFAULT_VEHTYPE" speed="12.74" pos="152.43" lane="3/1to4/1_0" slope="0.00"/>
        <vehicle id="8" x="539.96" y="198.35" angle="90.00" type="DEFAULT_VEHTYPE" speed="13.31" pos="135.21" lane="2/1to3/1_0" slope="0.00"/>
        <vehicle id="9" x="152.27" y="398.35" angle="90.00" type="DEFAULT_VEHTYPE" speed="12.73" pos="152.27" lane="0/2to1/2_0" slope="0.00"/>
    </timestep>
    <timestep time="441.00">
        <vehicle id="0" x="398.35" y="232.28" angle="0.00" type="DEFAULT_VEHTYPE" speed="13.84" pos="162.97" lane="2/2to2/1_0" slope="0.00"/>
        <vehicle id="1" x="723.87" y="201.65" angle="-90.00" type="DEFAULT_VEHTYPE" speed="13.90" pos="76.13" lane="4/1to3/1_0" slope="0.00"/>
        <vehicle id="10" x="472.02" y="401.65" angle="-90.00" type="DEFAULT_VEHTYPE" speed="13.53" pos="123.23" lane="3/2to2/2_0" slope="0.00"/>
        <vehicle id="11" x="518.45" y="401.65" angle="-90.00" type="DEFAULT_VEHTYPE" speed="13.20" pos="76.80" lane="3/2to2/2_0" slope="0.00"/>
        <vehicle id="12" x="198.35" y="159.62" angle="0.00" type="DEFAULT_VEHTYPE" speed="13.27" pos="35.63" lane="1/1to1/0_0" slope="0.00"/>
        <vehicle id="13" x="601.65" y="394.89" angle="180.00" type="DEFAULT_VEHTYPE" speed="5.15" pos="190.14" lane="3/1to3/2_0" slope="0.00"/>
        <vehicle id="14" x="601.65" y="263.41" angle="180.00" type="DEFAULT_VEHTYPE" speed="13.01" pos="58.66" lane="3/1to3/2_0" slope="0.00"/>
        <vehicle id="4" x="196.43" y="198.18" angle="88.11" type="DEFAULT_VEHTYPE" speed="6.47" pos="1.19" lane=":1/1_12_0" slope="0.00"/>
        <vehicle id="5" x="389.65" y="198.35" angle="90.00" type="DEFAULT_VEHTYPE" speed="3.67" pos="184.90" lane="1/1to2/1_0" slope="0.00"/>
        <vehicle id="7" x="770.92" y="198.35" angle="90.00" type="DEFAULT_VEHTYPE" speed="13.74" pos="166.17" lane="3/1to4/1_0" slope="0.00"/>
        <vehicle id="8" x="553.13" y="198.35" angle="90.00" type="DEFAULT_VEHTYPE" speed="13.17" pos="148.38" lane="2/1to3/1_0" slope="0.00"/>
        <vehicle id="9" x="165.22" y="398.35" angle="90.00" type="DEFAULT_VEHTYPE" speed="12.95" pos="165.22" lane="0/2to1/2_0" slope="0.00"/>
    </timestep>
    <timestep time="442.00">
        <vehicle id="0" x="398.35" y="218.85" angle="0.00" type="DEFAULT_VEHTYPE" speed="13.43" pos="176.40" lane="2/2to2/1_0" slope="0.00"/>
        <vehicle id="1" x="710.65" y="201.65" angle="-90.00" type="DEFAULT_VEHTYPE" speed="13.23" pos="89.35" lane="4/1to3/1_0" slope="0.00"/>
        <vehicle id="10" x="458.70" y="401.65" angle="-90.00" type="DEFAULT_VEHTYPE" speed="13.32" pos="136.55" lane="3/2to2/2_0" slope="0.00"/>
        <vehicle id="11" x="505.35" y="401.65" angle="-90.00" type="DEFAULT_VEHTYPE" speed="13.09" pos="89.90" lane="3/2to2/2_0" slope="0.00"/>
        <vehicle id="12" x="198.35" y="146.25" angle="0.00" type="DEFAULT_VEHTYPE" speed="13.37" pos="49.00" lane="1/1to1/0_0" slope="0.00"/>
        <vehicle id="13" x="598.76" y="400.83" angle="-145.93" type="DEFAULT_VEHTYPE" speed="7.03" pos="6.67" lane=":3/2_10_0" slope="0.00"/>
        <vehicle id="14" x="601.65" y="276.33" angle="180.00" type="DEFAULT_VEHTYPE" speed="12.91" pos="71.58" lane="3/1to3/2_0" slope="0.00"/>
        <vehicle id="4" x="198.35" y="190.18" angle="0.00" type="DEFAULT_VEHTYPE" speed="8.88" pos="5.07" lane="1/1to1/0_0" slope="0.00"/>
        <vehicle id="5" x="391.64" y="198.35" angle="90.00" type="DEFAULT_VEHTYPE" speed="1.99" pos="186.89" lane="1/1to2/1_0" slope="0.00"/>
        <vehicle id="7" x="784.41" y="198.35" angle="90.00" type="DEFAULT_VEHTYPE" speed="13.49" pos="179.66" lane="3/1to4/1_0" slope="0.00"/>
        <vehicle id="8" x="565.97" y="198.35" angle="90.00" type="DEFAULT_VEHTYPE" speed="12.84" pos="161.22" lane="2/1to3/1_0" slope="0.00"/>
        <vehicle id="9" x="176.81" y="398.35" angle="90.00" type="DEFAULT_VEHTYPE" speed="11.59" pos="176.81" lane="0/2to1/2_0" slope="0.00"/>
    </timestep>
    <timestep time="443.00">
        <vehicle id="0" x="398.35" y="205.20" angle="0.00" type="DEFAULT_VEHTYPE" speed="13.65" pos="190.05" lane="2/2to2/1_0" slope="0.00"/>
        <vehicle id="1" x="697.64" y="201.65" angle="-90.00" type="DEFAULT_VEHTYPE" speed="13.01" pos="102.36" lane="4/1to3/1_0" slope="0.00"/>
        <vehicle id="10" x="445.40" y="401.65" angle="-90.00" type="DEFAULT_VEHTYPE" speed="13.31" pos="149.85" lane="3/2to2/2_0" slope="0.00"/>
        <vehicle id="11" x="492.10" y="401.65" angle="-90.00" type="DEFAULT_VEHTYPE" speed="13.25" pos="103.15" lane="3/2to2/2_0" slope="0.00"/>
        <vehicle id="12" x="198.35" y="132.99" angle="0.00" type="DEFAULT_VEHTYPE" speed="13.27" pos="62.26" lane="1/1to1/0_0" slope="0.00"/>
        <vehicle id="13" x="590.38" y="401.65" angle="-90.21" type="DEFAULT_VEHTYPE" speed="8.53" pos="4.87" lane="3/2to2/2_0" slope="0.00"/>
        <vehicle id="14" x="601.65" y="289.66" angle="180.00" type="DEFAULT_VEHTYPE" speed="13.33" pos="84.91" lane="3/1to3/2_0" slope="0.00"/>
        <vehicle id="4" x="198.35" y="178.95" angle="0.00" type="DEFAULT_VEHTYPE" speed="11.22" pos="16.30" lane="1/1to1/0_0" slope="0.00"/>
        <vehicle id="5" x="392.58" y="198.35" angle="90.00" type="DEFAULT_VEHTYPE" speed="0.94" pos="187.83" lane="1/1to2/1_0" slope="0.00"/>
        <vehicle id="7" x="797.75" y="198.35" angle="90.00" type="DEFAULT_VEHTYPE" speed="13.34" pos="193.00" lane="3/1to4/1_0" slope="0.00"/>
        <vehicle id="8" x="577.07" y="198.35" angle="90.00" type="DEFAULT_VEHTYPE" speed="11.10" pos="172.32" lane="2/1to3/1_0" slope="0.00"/>
        <vehicle id="9" x="184.64" y="398.35" angle="90.00" type="DEFAULT_VEHTYPE" speed="7.82" pos="184.64" lane="0/2to1/2_0" slope="0.00"/>
    </timestep>
    <timestep time="444.00">
        <vehicle id="0" x="398.35" y="192.53" angle="0.00" type="DEFAULT_VEHTYPE" speed="12.67" pos="2.72" lane="2/1to2/0_0" slope="0.00"/>
        <vehicle id="1" x="684.23" y="201.65" angle="-90.00" type="DEFAULT_VEHTYPE" speed="13.41" pos="115.77" lane="4/1to3/1_0" slope="0.00"/>
        <vehicle id="10" x="431.86" y="401.65" angle="-90.00" type="DEFAULT_VEHTYPE" speed="13.53" pos="163.39" lane="3/2to2/2_0" slope="0.00"/>
        <vehicle id="11" x="478.65" y="401.65" angle="-90.00" type="DEFAULT_VEHTYPE" speed="13.45" pos="116.60" lane="3/2to2/2_0" slope="0.00"/>
        <vehicle id="12" x="198.35" y="119.47" angle="0.00" type="DEFAULT_VEHTYPE" speed="13.52" pos="75.78" lane="1/1to1/0_0" slope="0.00"/>
        <vehicle id="13" x="579.66" y="401.65" angle="-90.00" type="DEFAULT_VEHTYPE" speed="10.72" pos="15.59" lane="3/2to2/2_0" slope="0.00"/>
        <vehicle id="14" x="601.65" y="303.53" angle="180.00" type="DEFAULT_VEHTYPE" speed="13.86" pos="98.78" lane="3/1to3/2_0" slope="0.00"/>
        <vehicle id="4" x="198.35" y="166.17" angle="0.00" type="DEFAULT_VEHTYPE" speed="12.78" pos="29.08" lane="1/1to1/0_0" slope="0.00"/>
        <vehicle id="5" x="392.70" y="198.35" angle="90.00" type="DEFAULT_VEHTYPE" speed="0.13" pos="187.95" lane="1/1to2/1_0" slope="0.00"/>
        <vehicle id="7" x="794.22" y="201.65" angle="-90.00" type="DEFAULT_VEHTYPE" speed="12.86" pos="5.78" lane="4/1to3/1_0" slope="0.00"/>
        <vehicle id="8" x="584.33" y="198.35" angle="90.00" type="DEFAULT_VEHTYPE" speed="7.26" pos="179.58" lane="2/1to3/1_0" slope="0.00"/>
        <vehicle id="9" x="189.46" y="398.35" angle="90.00" type="DEFAULT_VEHTYPE" speed="4.82" pos="189.46" lane="0/2to1/2_0" slope="0.00"/>
    </timestep>
    <timestep time="445.00">
        <vehicle id="0" x="398.35" y="179.62" angle="0.00" type="DEFAULT_VEHTYPE" speed="12.91" pos="15.63" lane="2/1to2/0_0" slope="0.00"/>
        <vehicle id="1" x="670.95" y="201.65" angle="-90.00" type="DEFAULT_VEHTYPE" speed="13.28" pos="129.05" lane="4/1to3/1_0" slope="0.00"/>
        <vehicle id="10" x="421.70" y="401.65" angle="-90.00" type="DEFAULT_VEHTYPE" speed="10.16" pos="173.55" lane="3/2to2/2_0" slope="0.00"/>
        <vehicle id="11" x="465.55" y="401.65" angle="-90.00" type="DEFAULT_VEHTYPE" speed="13.10" pos="129.70" lane="3/2to2/2_0" slope="0.00"/>
        <vehicle id="12" x="198.35" y="106.76" angle="0.00" type="DEFAULT_VEHTYPE" speed="12.71" pos="88.49" lane="1/1to1/0_0" slope="0.00"/>
        <vehicle id="13" x="566.40" y="401.65" angle="-90.00" type="DEFAULT_VEHTYPE" speed="13.26" pos="28.85" lane="3/2to2/2_0" slope="0.00"/>
        <vehicle id="14" x="601.65" y="317.24" angle="180.00" type="DEFAULT_VEHTYPE" speed="13.71" pos="112.49" lane="3/1to3/2_0" slope="0.00"/>
        <vehicle id="4" x="198.35" y="152.85" angle="0.00" type="DEFAULT_VEHTYPE" speed="13.32" pos="42.40" lane="1/1to1/0_0" slope="0.00"/>
        <vehicle id="5" x="395.25" y="198.35" angle="90.00" type="DEFAULT_VEHTYPE" speed="2.54" pos="190.50" lane="1/1to2/1_0" slope="0.00"/>
        <vehicle id="7" x="780.44" y="201.65" angle="-90.00" type="DEFAULT_VEHTYPE" speed="13.78" pos="19.56" lane="4/1to3/1_0" slope="0.00"/>
        <vehicle id="8" x="588.37" y="198.35" angle="90.00" type="DEFAULT_VEHTYPE" speed="4.04" pos="183.62" lane="2/1to3/1_0" slope="0.00"/>
        <vehicle id="9" x="196.29" y="398.50" angle="91.70" type="DEFAULT_VEHTYPE" speed="6.84" pos="1.05" lane=":1/2_14_0" slope="0.00"/>
    </timestep>
    <timestep time="446.00">
        <vehicle id="0" x="398.35" y="166.92" angle="0.00" type="DEFAULT_VEHTYPE" speed="12.70" pos="28.33" lane="2/1to2/0_0" slope="0.00"/>
        <vehicle id="1" x="657.56" y="201.65" angle="-90.00" type="DEFAULT_VEHTYPE" speed="13.40" pos="142.44" lane="4/1to3/1_0" slope="0.00"/>
        <vehicle id="10" x="414.23" y="401.65" angle="-90.00" type="DEFAULT_VEHTYPE" speed="7.47" pos="181.02" lane="3/2to2/2_0" slope="0.00"/>
        <vehicle id="11" x="452.50" y="401.65" angle="-90.00" type="DEFAULT_VEHTYPE" speed="13.06" pos="142.75" lane="3/2to2/2_0" slope="0.00"/>
        <vehicle id="12" x="198.35" y="93.81" angle="0.00" type="DEFAULT_VEHTYPE" speed="12.94" pos="101.44" lane="1/1to1/0_0" slope="0.00"/>
        <vehicle id="13" x="553.63" y="401.65" angle="-90.00" type="DEFAULT_VEHTYPE" speed="12.77" pos="41.62" lane="3/2to2/2_0" slope="0.00"/>
        <vehicle id="14" x="601.65" y="330.13" angle="180.00" type="DEFAULT_VEHTYPE" speed="12.89" pos="125.38" lane="3/1to3/2_0" slope="0.00"/>
        <vehicle id="4" x="198.35" y="139.79" angle="0.00" type="DEFAULT_VEHTYPE" speed="13.06" pos="55.46" lane="1/1to1/0_0" slope="0.00"/>
        <vehicle id="5" x="399.48" y="198.35" angle="90.00" type="DEFAULT_VEHTYPE" speed="4.23" pos="4.23" lane=":2/1_13_0" slope="0.00"/>
        <vehicle id="7" x="767.42" y="201.65" angle="-90.00" type="DEFAULT_VEHTYPE" speed="13.02" pos="32.58" lane="4/1to3/1_0" slope="0.00"/>
        <vehicle id="8" x="594.89" y="198.35" angle="90.00" type="DEFAULT_VEHTYPE" speed="6.53" pos="190.14" lane="2/1to3/1_0" slope="0.00"/>
        <vehicle id="9" x="201.63" y="404.62" angle="161.34" type="DEFAULT_VEHTYPE" speed="9.14" pos="10.19" lane=":1/2_14_0" slope="0.00"/>
    </timestep>
    <timestep time="447.00">
        <vehicle id="0" x="398.35" y="153.75" angle="0.00" type="DEFAULT_VEHTYPE" speed="13.17" pos="41.50" lane="2/1to2/0_0" slope="0.00"/>
        <vehicle id="1" x="643.91" y="201.65" angle="-90.00" type="DEFAULT_VEHTYPE" speed="13.64" pos="156.09" lane="4/1to3/1_0" slope="0.00"/>
        <vehicle id="10" x="410.81" y="401.65" angle="-90.00" type="DEFAULT_VEHTYPE" speed="3.42" pos="184.44" lane="3/2to2/2_0" slope="0.00"/>
        <vehicle id="11" x="439.55" y="401.65" angle="-90.00" type="DEFAULT_VEHTYPE" speed="12.94" pos="155.70" lane="3/2to2/2_0" slope="0.00"/>
        <vehicle id="12" x="198.35" y="80.11" angle="0.00" type="DEFAULT_VEHTYPE" speed="13.71" pos="115.14" lane="1/1to1/0_0" slope="0.00"/>
        <vehicle id="13" x="540.97" y="401.65" angle="-90.00" type="DEFAULT_VEHTYPE" speed="12.66" pos="54.28" lane="3/2to2/2_0" slope="0.00"/>
        <vehicle id="14" x="601.65" y="343.22" angle="180.00" type="DEFAULT_VEHTYPE" speed="13.10" pos="138.47" lane="3/1to3/2_0" slope="0.00"/>
        <vehicle id="4" x="198.35" y="125.91" angle="0.00" type="DEFAULT_VEHTYPE" speed="13.88" pos="69.34" lane="1/1to1/0_0" slope="0.00"/>
        <vehicle id="5" x="405.57" y="198.35" angle="90.00" type="DEFAULT_VEHTYPE" speed="6.08" pos="0.82" lane="2/1to3/1_0" slope="0.00"/>
        <vehicle id="7" x="754.67" y="201.65" angle="-90.00" type="DEFAULT_VEHTYPE" speed="12.75" pos="45.33" lane="4/1to3/1_0" slope="0.00"/>
        <vehicle id="8" x="603.00" y="198.35" angle="90.00" type="DEFAULT_VEHTYPE" speed="8.10" pos="7.75" lane=":3/1_13_0" slope="0.00"/>
        <vehicle id="9" x="201.65" y="415.29" angle="180.00" type="DEFAULT_VEHTYPE" speed="10.68" pos="10.54" lane="1/2to1/3_0" slope="0.00"/>
    </timestep>
    <timestep time="448.00">
        <vehicle id="0" x="398.35" y="141.00" angle="0.00" type="DEFAULT_VEHTYPE" speed="12.75" pos="54.25" lane="2/1to2/0_0" slope="0.00"/>
        <vehicle id="1" x="630.02" y="201.65" angle="-90.00" type="DEFAULT_VEHTYPE" speed="13.90" pos="169.98" lane="4/1to3/1_0" slope="0.00"/>
        <vehicle id="10" x="405.78" y="401.65" angle="-90.00" type="DEFAULT_VEHTYPE" speed="5.03" pos="189.47" lane="3/2to2/2_0" slope="0.00"/>
        <vehicle id="11" x="429.87" y="401.65" angle="-90.00" type="DEFAULT_VEHTYPE" speed="9.69" pos="165.38" lane="3/2to2/2_0" slope="0.00"/>
        <vehicle id="12" x="198.35" y="66.41" angle="0.00" type="DEFAULT_VEHTYPE" speed="13.70" pos="128.84" lane="1/1to1/0_0" slope="0.00"/>
        <vehicle id="13" x="527.41" y="401.65" angle="-90.00" type="DEFAULT_VEHTYPE" speed="13.56" pos="67.84" lane="3/2to2/2_0" slope="0.00"/>
        <vehicle id="14" x="601.65" y="355.95" angle="180.00" type="DEFAULT_VEHTYPE" speed="12.72" pos="151.20" lane="3/1to3/2_0" slope="0.00"/>
        <vehicle id="4" x="198.35" y="113.12" angle="0.00" type="DEFAULT_VEHTYPE" speed="12.78" pos="82.13" lane="1/1to1/0_0" slope="0.00"/>
        <vehicle id="5" x="413.67" y="198.35" angle="90.00" type="DEFAULT_VEHTYPE" speed="8.11" pos="8.92" lane="2/1to3/1_0" slope="0.00"/>
        <vehicle id="7" x="741.08" y="201.65" angle="-90.00" type="DEFAULT_VEHTYPE" speed="13.59" pos="58.92" lane="4/1to3/1_0" slope="0.00"/>
        <vehicle id="8" x="613.01" y="198.35" angle="90.00" type="DEFAULT_VEHTYPE" speed="10.01" pos="8.26" lane="3/1to4/1_0" slope="0.00"/>
        <vehicle id="9" x="201.65" y="427.48" angle="180.00" type="DEFAULT_VEHTYPE" speed="12.18" pos="22.73" lane="1/2to1/3_0" slope="0.00"/>
    </timestep>
    <timestep time="449.00">
        <vehicle id="0" x="398.35" y="128.14" angle="0.00" type="DEFAULT_VEHTYPE" speed="12.86" pos="67.11" lane="2/1to2/0_0" slope="0.00"/>
        <vehicle id="1" x="620.32" y="201.65" angle="-90.00" type="DEFAULT_VEHTYPE" speed="9.69" pos="179.68" lane="4/1to3/1_0" slope="0.00"/>
        <vehicle id="10" x="398.55" y="401.65" angle="-90.00" type="DEFAULT_VEHTYPE" speed="7.23" pos="6.20" lane=":2/2_5_0" slope="0.00"/>
        <vehicle id="11" x="420.30" y="401.65" angle="-90.00" type="DEFAULT_VEHTYPE" speed="9.57" pos="174.95" lane="3/2to2/2_0" slope="0.00"/>
        <vehicle id="12" x="198.35" y="53.53" angle="0.00" type="DEFAULT_VEHTYPE" speed="12.88" pos="141.72" lane="1/1to1/0_0" slope="0.00"/>
        <vehicle id="13" x="514.66" y="401.65" angle="-90.00" type="DEFAULT_VEHTYPE" speed="12.75" pos="80.59" lane="3/2to2/2_0" slope="0.00"/>
        <vehicle id="14" x="601.65" y="369.22" angle="180.00" type="DEFAULT_VEHTYPE" speed="13.27" pos="164.47" lane="3/1to3/2_0" slope="0.00"/>
        <vehicle id="4" x="198.35" y="99.95" angle="0.00" type="DEFAULT_VEHTYPE" speed="13.18" pos="95.30" lane="1/1to1/0_0" slope="0.00"/>
        <vehicle id="5" x="423.94" y="198.35" angle="90.00" type="DEFAULT_VEHTYPE" speed="10.27" pos="19.19" lane="2/1to3/1_0" slope="0.00"/>
        <vehicle id="7" x="727.61" y="201.65" angle="-90.00" type="DEFAULT_VEHTYPE" speed="13.47" pos="72.39" lane="4/1to3/1_0" slope="0.00"/>
        <vehicle id="8" x="624.63" y="198.35" angle="90.00" type="DEFAULT_VEHTYPE" speed="11.62" pos="19.88" lane="3/1to4/1_0" slope="0.00"/>
        <vehicle id="9" x="201.65" y="441.37" angle="180.00" type="DEFAULT_VEHTYPE" speed="13.90" pos="36.62" lane="1/2to1/3_0" slope="0.00"/>
    </timestep>
    <timestep time="450.00">
        <vehicle id="0" x="398.35" y="114.55" angle="0.00" type="DEFAULT_VEHTYPE" speed="13.59" pos="80.70" lane="2/1to2/0_0" slope="0.00"/>
        <vehicle id="1" x="613.79" y="201.65" angle="-90.00" type="DEFAULT_VEHTYPE" speed="6.53" pos="186.21" lane="4/1to3/1_0" slope="0.00"/>
        <vehicle id="10" x="388.93" y="401.65" angle="-90.00" type="DEFAULT_VEHTYPE" speed="9.62" pos="6.32" lane="2/2to1/2_0" slope="0.00"/>
        <vehicle id="11" x="413.35" y="401.65" angle="-90.00" type="DEFAULT_VEHTYPE" speed="6.95" pos="181.90" lane="3/2to2/2_0" slope="0.00"/>
        <vehicle id="12" x="198.35" y="40.23" angle="0.00" type="DEFAULT_VEHTYPE" speed="13.30" pos="155.02" lane="1/1to1/0_0" slope="0.00"/>
        <vehicle id="13" x="501.77" y="401.65" angle="-90.00" type="DEFAULT_VEHTYPE" speed="12.89" pos="93.48" lane="3/2to2/2_0" slope="0.00"/>
        <vehicle id="14" x="601.65" y="379.54" angle="180.00" type="DEFAULT_VEHTYPE" speed="10.32" pos="174.79" lane="3/1to3/2_0" slope="0.00"/>
        <vehicle id="4" x="198.35" y="87.05" angle="0.00" type="DEFAULT_VEHTYPE" speed="12.90" pos="108.20" lane="1/1to1/0_0" slope="0.00"/>
        <vehicle id="5" x="436.41" y="198.35" angle="90.00" type="DEFAULT_VEHTYPE" speed="12.48" pos="31.66" lane="2/1to3/1_0" slope="0.00"/>
        <vehicle id="7" x="714.37" y="201.65" angle="-90.00" type="DEFAULT_VEHTYPE" speed="13.24" pos="85.63" lane="4/1to3/1_0" slope="0.00"/>
        <vehicle id="8" x="638.14" y="198.35" angle="90.00" type="DEFAULT_VEHTYPE" speed="13.51" pos="33.39" lane="3/1to4/1_0" slope="0.00"/>
        <vehicle id="9" x="201.65" y="454.45" angle="180.00" type="DEFAULT_VEHTYPE" speed="13.08" pos="49.70" lane="1/2to1/3_0" slope="0.00"/>
    </timestep>
    <timestep time="451.00">
        <vehicle id="0" x="398.35" y="100.68" angle="0.00" type="DEFAULT_VEHTYPE" speed="13.87" pos="94.57" lane="2/1to2/0_0" slope="0.00"/>
        <vehicle id="1" x="609.78" y="201.65" angle="-90.00" type="DEFAULT_VEHTYPE" speed="4.01" pos="190.22" lane="4/1to3/1_0" slope="0.00"/>
        <vehicle id="10" x="377.00" y="401.65" angle="-90.00" type="DEFAULT_VEHTYPE" speed="11.92" pos="18.25" lane="2/2to1/2_0" slope="0.00"/>
        <vehicle id="11" x="409.64" y="401.65" angle="-90.00" type="DEFAULT_VEHTYPE" speed="3.72" pos="185.61" lane="3/2to2/2_0" slope="0.00"/>
        <vehicle id="12" x="198.35" y="27.26" angle="0.00" type="DEFAULT_VEHTYPE" speed="12.97" pos="167.99" lane="1/1to1/0_0" slope="0.00"/>
        <vehicle id="13" x="487.99" y="401.65" angle="-90.00" type="DEFAULT_VEHTYPE" speed="13.78" pos="107.26" lane="3/2to2/2_0" slope="0.00"/>
        <vehicle id="14" x="601.65" y="386.35" angle="180.00" type="DEFAULT_VEHTYPE" speed="6.81" pos="181.60" lane="3/1to3/2_0" slope="0.00"/>
        <vehicle id="4" x="198.35" y="73.61" angle="0.00" type="DEFAULT_VEHTYPE" speed="13.44" pos="121.64" lane="1/1to1/0_0" slope="0.00"/>
        <vehicle id="5" x="450.02" y="198.35" angle="90.00" type="DEFAULT_VEHTYPE" speed="13.61" pos="45.27" lane="2/1to3/1_0" slope="0.00"/>
        <vehicle id="7" x="700.66" y="201.65" angle="-90.00" type="DEFAULT_VEHTYPE" speed="13.71" pos="99.34" lane="4/1to3/1_0" slope="0.00"/>
        <vehicle id="8" x="650.99" y="198.35" angle="90.00" type="DEFAULT_VEHTYPE" speed="12.85" pos="46.24" lane="3/1to4/1_0" slope="0.00"/>
        <vehicle id="9" x="201.65" y="467.20" angle="180.00" type="DEFAULT_VEHTYPE" speed="12.75" pos="62.45" lane="1/2to1/3_0" slope="0.00"/>
    </timestep>
    <timestep time="452.00">
        <vehicle id="0" x="398.35" y="87.96" angle="0.00" type="DEFAULT_VEHTYPE" speed="12.72" pos="107.29" lane="2/1to2/0_0" slope="0.00"/>
        <vehicle id="1" x="603.35" y="201.87" angle="-92.49" type="DEFAULT_VEHTYPE" speed="6.45" pos="1.42" lane=":3/1_4_0" slope="0.00"/>
        <vehicle id="10" x="364.31" y="401.65" angle="-90.00" type="DEFAULT_VEHTYPE" speed="12.70" pos="30.94" lane="2/2to1/2_0" slope="0.00"/>
        <vehicle id="11" x="404.23" y="401.65" angle="-90.00" type="DEFAULT_VEHTYPE" speed="5.41" pos="0.52" lane=":2/2_5_0" slope="0.00"/>
        <vehicle id="12" x="198.35" y="14.41" angle="0.00" type="DEFAULT_VEHTYPE" speed="12.85" pos="180.84" lane="1/1to1/0_0" slope="0.00"/>
        <vehicle id="13" x="474.86" y="401.65" angle="-90.00" type="DEFAULT_VEHTYPE" speed="13.13" pos="120.39" lane="3/2to2/2_0" slope="0.00"/>
        <vehicle id="14" x="601.65" y="390.41" angle="180.00" type="DEFAULT_VEHTYPE" speed="4.05" pos="185.66" lane="3/1to3/2_0" slope="0.00"/>
        <vehicle id="4" x="198.35" y="59.73" angle="0.00" type="DEFAULT_VEHTYPE" speed="13.88" pos="135.52" lane="1/1to1/0_0" slope="0.00"/>
        <vehicle id="5" x="463.92" y="198.35" angle="90.00" type="DEFAULT_VEHTYPE" speed="13.90" pos="59.17" lane="2/1to3/1_0" slope="0.00"/>
        <vehicle id="7" x="686.84" y="201.65" angle="-90.00" type="DEFAULT_VEHTYPE" speed="13.82" pos="113.16" lane="4/1to3/1_0" slope="0.00"/>
        <vehicle id="8" x="664.78" y="198.35" angle="90.00" type="DEFAULT_VEHTYPE" speed="13.79" pos="60.03" lane="3/1to4/1_0" slope="0.00"/>
        <vehicle id="9" x="201.65" y="479.81" angle="180.00" type="DEFAULT_VEHTYPE" speed="12.61" pos="75.06" lane="1/2to1/3_0" slope="0.00"/>
    </timestep>
    <timestep time="453.00">
        <vehicle id="0" x="398.35" y="74.91" angle="0.00" type="DEFAULT_VEHTYPE" speed="13.05" pos="120.34" lane="2/1to2/0_0" slope="0.00"/>
        <vehicle id="1" x="601.65" y="209.35" angle="-179.36" type="DEFAULT_VEHTYPE" speed="8.17" pos="4.60" lane="3/1to3/2_0" slope="0.00"/>
        <vehicle id="10" x="350.55" y="401.65" angle="-90.00" type="DEFAULT_VEHTYPE" speed="13.76" pos="44.70" lane="2/2to1/2_0" slope="0.00"/>
        <vehicle id="11" x="397.29" y="401.65" angle="-90.00" type="DEFAULT_VEHTYPE" speed="6.94" pos="7.46" lane=":2/2_5_0" slope="0.00"/>
        <vehicle id="12" x="198.35" y="0.90" angle="0.00" type="DEFAULT_VEHTYPE" speed="13.51" pos="194.35" lane="1/1to1/0_0" slope="0.00"/>
        <vehicle id="13" x="462.14" y="401.65" angle="-90.00" type="DEFAULT_VEHTYPE" speed="12.72" pos="133.11" lane="3/2to2/2_0" slope="0.00"/>
        <vehicle id="14" x="601.44" y="396.75" angle="-177.53" type="DEFAULT_VEHTYPE" speed="6.36" pos="1.52" lane=":3/2_10_0" slope="0.00"/>
        <vehicle id="4" x="198.35" y="46.42" angle="0.00" type="DEFAULT_VEHTYPE" speed="13.31" pos="148.83" lane="1/1to1/0_0" slope="0.00"/>
        <vehicle id="5" x="477.16" y="198.35" angle="90.00" type="DEFAULT_VEHTYPE" speed="13.24" pos="72.41" lane="2/1to3/1_0" slope="0.00"/>
        <vehicle id="7" x="673.50" y="201.65" angle="-90.00" type="DEFAULT_VEHTYPE" speed="13.34" pos="126.50" lane="4/1to3/1_0" slope="0.00"/>
        <vehicle id="8" x="677.74" y="198.35" angle="90.00" type="DEFAULT_VEHTYPE" speed="12.96" pos="72.99" lane="3/1to4/1_0" slope="0.00"/>
        <vehicle id="9" x="201.65" y="493.00" angle="180.00" type="DEFAULT_VEHTYPE" speed="13.18" pos="88.25" lane="1/2to1/3_0" slope="0.00"/>
    </timestep>
    <timestep time="454.00">
        <vehicle id="0" x="398.35" y="61.94" angle="0.00" type="DEFAULT_VEHTYPE" speed="12.97" pos="133.31" lane="2/1to2/0_0" slope="0.00"/>
        <vehicle id="1" x="601.65" y="218.95" angle="180.00" type="DEFAULT_VEHTYPE" speed="9.60" pos="14.20" lane="3/1to3/2_0" slope="0.00"/>
        <vehicle id="10" x="337.94" y="401.65" angle="-90.00" type="DEFAULT_VEHTYPE" speed="12.61" pos="57.31" lane="2/2to1/2_0" slope="0.00"/>
        <vehicle id="11" x="388.18" y="401.65" angle="-90.00" type="DEFAULT_VEHTYPE" speed="9.10" pos="7.07" lane="2/2to1/2_0" slope="0.00"/>
        <vehicle id="12" x="201.65" y="7.45" angle="180.00" type="DEFAULT_VEHTYPE" speed="13.17" pos="7.45" lane="1/0to1/1_0" slope="0.00"/>
        <vehicle id="13" x="448.64" y="401.65" angle="-90.00" type="DEFAULT_VEHTYPE" speed="13.50" pos="146.61" lane="3/2to2/2_0" slope="0.00"/>
        <vehicle id="14" x="595.55" y="401.61" angle="-110.15" type="DEFAULT_VEHTYPE" speed="8.50" pos="2.88" lane=":3/2_18_0" slope="0.00"/>
        <vehicle id="4" x="198.35" y="32.77" angle="0.00" type="DEFAULT_VEHTYPE" speed="13.65" pos="162.48" lane="1/1to1/0_0" slope="0.00"/>
        <vehicle id="5" x="490.99" y="198.35" angle="90.00" type="DEFAULT_VEHTYPE" speed="13.83" pos="86.24" lane="2/1to3/1_0" slope="0.00"/>
        <vehicle id="7" x="660.85" y="201.65" angle="-90.00" type="DEFAULT_VEHTYPE" speed="12.65" pos="139.15" lane="4/1to3/1_0" slope="0.00"/>
        <vehicle id="8" x="691.32" y="198.35" angle="90.00" type="DEFAULT_VEHTYPE" speed="13.58" pos="86.57" lane="3/1to4/1_0" slope="0.00"/>
        <vehicle id="9" x="201.65" y="506.35" angle="180.00" type="DEFAULT_VEHTYPE" speed="13.36" pos="101.60" lane="1/2to1/3_0" slope="0.00"/>
    </timestep>
    <timestep time="455.00">
        <vehicle id="0" x="398.35" y="48.40" angle="0.00" type="DEFAULT_VEHTYPE" speed="13.54" pos="146.85" lane="2/1to2/0_0" slope="0.00"/>
        <vehicle id="1" x="601.65" y="230.23" angle="180.00" type="DEFAULT_VEHTYPE" speed="11.28" pos="25.48" lane="3/1to3/2_0" slope="0.00"/>
        <vehicle id="10" x="325.31" y="401.65" angle="-90.00" type="DEFAULT_VEHTYPE" speed="12.63" pos="69.94" lane="2/2to1/2_0" slope="0.00"/>
        <vehicle id="11" x="376.63" y="401.65" angle="-90.00" type="DEFAULT_VEHTYPE" speed="11.55" pos="18.62" lane="2/2to1/2_0" slope="0.00"/>
        <vehicle id="12" x="201.65" y="20.56" angle="180.00" type="DEFAULT_VEHTYPE" speed="13.12" pos="20.56" lane="1/0to1/1_0" slope="0.00"/>
        <vehicle id="13" x="435.15" y="401.65" angle="-90.00" type="DEFAULT_VEHTYPE" speed="13.49" pos="160.10" lane="3/2to2/2_0" slope="0.00"/>
        <vehicle id="14" x="585.56" y="401.65" angle="-90.00" type="DEFAULT_VEHTYPE" speed="9.99" pos="9.69" lane="3/2to2/2_0" slope="0.00"/>
        <vehicle id="4" x="198.35" y="19.34" angle="0.00" type="DEFAULT_VEHTYPE" speed="13.43" pos="175.91" lane="1/1to1/0_0" slope="0.00"/>
        <vehicle id="5" x="503.63" y="198.35" angle="90.00" type="DEFAULT_VEHTYPE" speed="12.64" pos="98.88" lane="2/1to3/1_0" slope="0.00"/>
        <vehicle id="7" x="647.75" y="201.65" angle="-90.00" type="DEFAULT_VEHTYPE" speed="13.10" pos="152.25" lane="4/1to3/1_0" slope="0.00"/>
        <vehicle id="8" x="704.82" y="198.35" angle="90.00" type="DEFAULT_VEHTYPE" speed="13.50" pos="100.07" lane="3/1to4/1_0" slope="0.00"/>
        <vehicle id="9" x="201.65" y="518.97" angle="180.00" type="DEFAULT_VEHTYPE" speed="12.62" pos="114.22" lane="1/2to1/3_0" slope="0.00"/>
    </timestep>
    <timestep time="456.00">
        <vehicle id="0" x="398.35" y="35.59" angle="0.00" type="DEFAULT_VEHTYPE" speed="12.82" pos="159.66" lane="2/1to2/0_0" slope="0.00"/>
        <vehicle id="1" x="601.65" y="243.66" angle="180.00" type="DEFAULT_VEHTYPE" speed="13.43" pos="38.91" lane="3/1to3/2_0" slope="0.00"/>
        <vehicle id="10" x="311.69" y="401.65" angle="-90.00" type="DEFAULT_VEHTYPE" speed="13.62" pos="83.56" lane="2/2to1/2_0" slope="0.00"/>
        <vehicle id="11" x="363.97" y="401.65" angle="-90.00" type="DEFAULT_VEHTYPE" speed="12.66" pos="31.28" lane="2/2to1/2_0" slope="0.00"/>
        <vehicle id="12" x="201.65" y="33.43" angle="180.00" type="DEFAULT_VEHTYPE" speed="12.87" pos="33.43" lane="1/0to1/1_0" slope="0.00"/>
        <vehicle id="13" x="424.17" y="401.65" angle="-90.00" type="DEFAULT_VEHTYPE" speed="10.98" pos="171.08" lane="3/2to2/2_0" slope="0.00"/>
        <vehicle id="14" x="573.91" y="401.65" angle="-90.00" type="DEFAULT_VEHTYPE" speed="11.66" pos="21.34" lane="3/2to2/2_0" slope="0.00"/>
        <vehicle id="4" x="198.35" y="5.64" angle="0.00" type="DEFAULT_VEHTYPE" speed="13.70" pos="189.61" lane="1/1to1/0_0" slope="0.00"/>
        <vehicle id="5" x="516.45" y="198.35" angle="90.00" type="DEFAULT_VEHTYPE" speed="12.82" pos="111.70" lane="2/1to3/1_0" slope="0.00"/>
        <vehicle id="7" x="634.94" y="201.65" angle="-90.00" type="DEFAULT_VEHTYPE" speed="12.82" pos="165.06" lane="4/1to3/1_0" slope="0.00"/>
        <vehicle id="8" x="717.70" y="198.35" angle="90.00" type="DEFAULT_VEHTYPE" speed="12.88" pos="112.95" lane="3/1to4/1_0" slope="0.00"/>
        <vehicle id="9" x="201.65" y="531.86" angle="180.00" type="DEFAULT_VEHTYPE" speed="12.89" pos="127.11" lane="1/2to1/3_0" slope="0.00"/>
    </timestep>
    <timestep time="457.00">
        <vehicle id="0" x="398.35" y="22.73" angle="0.00" type="DEFAULT_VEHTYPE" speed="12.85" pos="172.52" lane="2/1to2/0_0" slope="0.00"/>
        <vehicle id="1" x="601.65" y="256.86" angle="180.00" type="DEFAULT_VEHTYPE" speed="13.20" pos="52.11" lane="3/1to3/2_0" slope="0.00"/>
        <vehicle id="10" x="297.81" y="401.65" angle="-90.00" type="DEFAULT_VEHTYPE" speed="13.89" pos="97.44" lane="2/2to1/2_0" slope="0.00"/>
        <vehicle id="11" x="350.38" y="401.65" angle="-90.00" type="DEFAULT_VEHTYPE" speed="13.60" pos="44.87" lane="2/2to1/2_0" slope="0.00"/>
        <vehicle id="12" x="201.65" y="46.52" angle="180.00" type="DEFAULT_VEHTYPE" speed="13.09" pos="46.52" lane="1/0to1/1_0" slope="0.00"/>
        <vehicle id="13" x="416.26" y="401.65" angle="-90.00" type="DEFAULT_VEHTYPE" speed="7.91" pos="178.99" lane="3/2to2/2_0" slope="0.00"/>
        <vehicle id="14" x="560.96" y="401.65" angle="-90.00" type="DEFAULT_VEHTYPE" speed="12.94" pos="34.29" lane="3/2to2/2_0" slope="0.00"/>
        <vehicle id="4" x="201.65" y="3.35" angle="168.27" type="DEFAULT_VEHTYPE" speed="13.82" pos="3.35" lane="1/0to1/1_0" slope="0.00"/>
        <vehicle id="5" x="529.98" y="198.35" angle="90.00" type="DEFAULT_VEHTYPE" speed="13.53" pos="125.23" lane="2/1to3/1_0" slope="0.00"/>
        <vehicle id="7" x="623.33" y="201.65" angle="-90.00" type="DEFAULT_VEHTYPE" speed="11.61" pos="176.67" lane="4/1to3/1_0" slope="0.00"/>
        <vehicle id="8" x="730.59" y="198.35" angle="90.00" type="DEFAULT_VEHTYPE" speed="12.89" pos="125.84" lane="3/1to4/1_0" slope="0.00"/>
        <vehicle id="9" x="201.65" y="545.10" angle="180.00" type="DEFAULT_VEHTYPE" speed="13.24" pos="140.35" lane="1/2to1/3_0" slope="0.00"/>
    </timestep>
    <timestep time="458.00">
        <vehicle id="0" x="398.35" y="9.59" angle="0.00" type="DEFAULT_VEHTYPE" speed="13.15" pos="185.66" lane="2/1to2/0_0" slope="0.00"/>
        <vehicle id="1" x="601.65" y="270.10" angle="180.00" type="DEFAULT_VEHTYPE" speed="13.24" pos="65.35" lane="3/1to3/2_0" slope="0.00"/>
        <vehicle id="10" x="284.42" y="401.65" angle="-90.00" type="DEFAULT_VEHTYPE" speed="13.39" pos="110.83" lane="2/2to1/2_0" slope="0.00"/>
        <vehicle id="11" x="336.71" y="401.65" angle="-90.00" type="DEFAULT_VEHTYPE" speed="13.67" pos="58.54" lane="2/2to1/2_0" slope="0.00"/>
        <vehicle id="12" x="201.65" y="60.12" angle="180.00" type="DEFAULT_VEHTYPE" speed="13.60" pos="60.12" lane="1/0to1/1_0" slope="0.00"/>
        <vehicle id="13" x="411.33" y="401.65" angle="-90.00" type="DEFAULT_VEHTYPE" speed="4.93" pos="183.92" lane="3/2to2/2_0" slope="0.00"/>
        <vehicle id="14" x="547.36" y="401.65" angle="-90.00" type="DEFAULT_VEHTYPE" speed="13.60" pos="47.89" lane="3/2to2/2_0" slope="0.00"/>
        <vehicle id="4" x="201.65" y="16.34" angle="180.00" type="DEFAULT_VEHTYPE" speed="12.99" pos="16.34" lane="1/0to1/1_0" slope="0.00"/>
        <vehicle id="5" x="543.69" y="198.35" angle="90.00" type="DEFAULT_VEHTYPE" speed="13.72" pos="138.94" lane="2/1to3/1_0" slope="0.00"/>
        <vehicle id="7" x="615.91" y="201.65" angle="-90.00" type="DEFAULT_VEHTYPE" speed="7.42" pos="184.09" lane="4/1to3/1_0" slope="0.00"/>
        <vehicle id="8" x="743.65" y="198.35" angle="90.00" type="DEFAULT_VEHTYPE" speed="13.06" pos="138.90" lane="3/1to4/1_0" slope="0.00"/>
        <vehicle id="9" x="201.65" y="558.57" angle="180.00" type="DEFAULT_VEHTYPE" speed="13.48" pos="153.82" lane="1/2to1/3_0" slope="0.00"/>
    </timestep>
    <timestep time="459.00">
        <vehicle id="0" x="400.85" y="-1.20" angle="41.51" type="DEFAULT_VEHTYPE" speed="12.96" pos="3.38" lane=":2/0_0_0" slope="0.00"/>
        <vehicle id="1" x="601.65" y="283.77" angle="180.00" type="DEFAULT_VEHTYPE" speed="13.68" pos="79.02" lane="3/1to3/2_0" slope="0.00"/>
        <vehicle id="10" x="271.39" y="401.65" angle="-90.00" type="DEFAULT_VEHTYPE" speed="13.03" pos="123.86" lane="2/2to1/2_0" slope="0.00"/>
        <vehicle id="11" x="323.12" y="401.65" angle="-90.00" type="DEFAULT_VEHTYPE" speed="13.59" pos="72.13" lane="2/2to1/2_0" slope="0.00"/>
        <vehicle id="12" x="201.65" y="73.64" angle="180.00" type="DEFAULT_VEHTYPE" speed="13.53" pos="73.64" lane="1/0to1/1_0" slope="0.00"/>
        <vehicle id="13" x="404.89" y="401.65" angle="-90.00" type="DEFAULT_VEHTYPE" speed="6.44" pos="190.36" lane="3/2to2/2_0" slope="0.00"/>
        <vehicle id="14" x="534.32" y="401.65" angle="-90.00" type="DEFAULT_VEHTYPE" speed="13.04" pos="60.93" lane="3/2to2/2_0" slope="0.00"/>
        <vehicle id="4" x="201.65" y="29.33" angle="180.00" type="DEFAULT_VEHTYPE" speed="12.99" pos="29.33" lane="1/0to1/1_0" slope="0.00"/>
        <vehicle id="5" x="557.43" y="198.35" angle="90.00" type="DEFAULT_VEHTYPE" speed="13.73" pos="152.68" lane="2/1to3/1_0" slope="0.00"/>
        <vehicle id="7" x="610.99" y="201.65" angle="-90.00" type="DEFAULT_VEHTYPE" speed="4.92" pos="189.01" lane="4/1to3/1_0" slope="0.00"/>
        <vehicle id="8" x="756.40" y="198.35" angle="90.00" type="DEFAULT_VEHTYPE" speed="12.75" pos="151.65" lane="3/1to4/1_0" slope="0.00"/>
        <vehicle id="9" x="201.65" y="571.53" angle="180.00" type="DEFAULT_VEHTYPE" speed="12.96" pos="166.78" lane="1/2to1/3_0" slope="0.00"/>
    </timestep>
    <timestep time="460.00">
        <vehicle id="0" x="401.65" y="11.25" angle="180.00" type="DEFAULT_VEHTYPE" speed="12.69" pos="11.25" lane="2/0to2/1_0" slope="0.00"/>
        <vehicle id="1" x="601.65" y="296.85" angle="180.00" type="DEFAULT_VEHTYPE" speed="13.08" pos="92.10" lane="3/1to3/2_0" slope="0.00"/>
        <vehicle id="10" x="258.03" y="401.65" angle="-90.00" type="DEFAULT_VEHTYPE" speed="13.36" pos="137.22" lane="2/2to1/2_0" slope="0.00"/>
        <vehicle id="11" x="310.43" y="401.65" angle="-90.00" type="DEFAULT_VEHTYPE" speed="12.68" pos="84.82" lane="2/2to1/2_0" slope="0.00"/>
        <vehicle id="12" x="201.65" y="86.70" angle="180.00" type="DEFAULT_VEHTYPE" speed="13.05" pos="86.70" lane="1/0to1/1_0" slope="0.00"/>
        <vehicle id="13" x="396.19" y="401.65" angle="-90.00" type="DEFAULT_VEHTYPE" speed="8.71" pos="8.56" lane=":2/2_5_0" slope="0.00"/>
        <vehicle id="14" x="520.83" y="401.65" angle="-90.00" type="DEFAULT_VEHTYPE" speed="13.50" pos="74.42" lane="3/2to2/2_0" slope="0.00"/>
        <vehicle id="4" x="201.65" y="42.20" angle="180.00" type="DEFAULT_VEHTYPE" speed="12.87" pos="42.20" lane="1/0to1/1_0" slope="0.00"/>
        <vehicle id="5" x="571.09" y="198.35" angle="90.00" type="DEFAULT_VEHTYPE" speed="13.66" pos="166.34" lane="2/1to3/1_0" slope="0.00"/>
        <vehicle id="7" x="604.34" y="201.71" angle="-90.66" type="DEFAULT_VEHTYPE" speed="6.65" pos="0.41" lane=":3/1_4_0" slope="0.00"/>
        <vehicle id="8" x="769.75" y="198.35" angle="90.00" type="DEFAULT_VEHTYPE" speed="13.35" pos="165.00" lane="3/1to4/1_0" slope="0.00"/>
        <vehicle id="9" x="201.65" y="585.22" angle="180.00" type="DEFAULT_VEHTYPE" speed="13.69" pos="180.47" lane="1/2to1/3_0" slope="0.00"/>
    </timestep>
    <timestep time="461.00">
        <vehicle id="0" x="401.65" y="24.68" angle="180.00" type="DEFAULT_VEHTYPE" speed="13.44" pos="24.68" lane="2/0to2/1_0" slope="0.00"/>
        <vehicle id="1" x="601.65" y="310.19" angle="180.00" type="DEFAULT_VEHTYPE" speed="13.34" pos="105.44" lane="3/1to3/2_0" slope="0.00"/>
        <vehicle id="10" x="244.67" y="401.65" angle="-90.00" type="DEFAULT_VEHTYPE" speed="13.36" pos="150.58" lane="2/2to1/2_0" slope="0.00"/>
        <vehicle id="11" x="296.63" y="401.65" angle="-90.00" type="DEFAULT_VEHTYPE" speed="13.80" pos="98.62" lane="2/2to1/2_0" slope="0.00"/>
        <vehicle id="12" x="201.65" y="100.18" angle="180.00" type="DEFAULT_VEHTYPE" speed="13.49" pos="100.18" lane="1/0to1/1_0" slope="0.00"/>
        <vehicle id="13" x="385.74" y="401.65" angle="-90.00" type="DEFAULT_VEHTYPE" speed="10.44" pos="9.51" lane="2/2to1/2_0" slope="0.00"/>
        <vehicle id="14" x="507.20" y="401.65" angle="-90.00" type="DEFAULT_VEHTYPE" speed="13.63" pos="88.05" lane="3/2to2/2_0" slope="0.00"/>
        <vehicle id="4" x="201.65" y="55.79" angle="180.00" type="DEFAULT_VEHTYPE" speed="13.59" pos="55.79" lane="1/0to1/1_0" slope="0.00"/>
        <vehicle id="5" x="581.21" y="198.35" angle="90.00" type="DEFAULT_VEHTYPE" speed="10.12" pos="176.46" lane="2/1to3/1_0" slope="0.00"/>
        <vehicle id="7" x="601.65" y="209.39" angle="-179.43" type="DEFAULT_VEHTYPE" speed="9.23" pos="4.64" lane="3/1to3/2_0" slope="0.00"/>
        <vehicle id="8" x="783.25" y="198.35" angle="90.00" type="DEFAULT_VEHTYPE" speed="13.50" pos="178.50" lane="3/1to4/1_0" slope="0.00"/>
        <vehicle id="9" x="202.88" y="597.85" angle="164.95" type="DEFAULT_VEHTYPE" speed="13.06" pos="3.03" lane=":1/3_8_0" slope="0.00"/>
    </timestep>
    <timestep time="462.00">
        <vehicle id="0" x="401.65" y="38.10" angle="180.00" type="DEFAULT_VEHTYPE" speed="13.41" pos="38.10" lane="2/0to2/1_0" slope="0.00"/>
        <vehicle id="1" x="601.65" y="323.90" angle="180.00" type="DEFAULT_VEHTYPE" speed="13.70" pos="119.15" lane="3/1to3/2_0" slope="0.00"/>
        <vehicle id="10" x="231.98" y="401.65" angle="-90.00" type="DEFAULT_VEHTYPE" speed="12.69" pos="163.27" lane="2/2to1/2_0" slope="0.00"/>
        <vehicle id="11" x="283.54" y="401.65" angle="-90.00" type="DEFAULT_VEHTYPE" speed="13.09" pos="111.71" lane="2/2to1/2_0" slope="0.00"/>
        <vehicle id="12" x="201.65" y="113.85" angle="180.00" type="DEFAULT_VEHTYPE" speed="13.67" pos="113.85" lane="1/0to1/1_0" slope="0.00"/>
        <vehicle id="13" x="374.00" y="401.65" angle="-90.00" type="DEFAULT_VEHTYPE" speed="11.75" pos="21.25" lane="2/2to1/2_0" slope="0.00"/>
        <vehicle id="14" x="493.52" y="401.65" angle="-90.00" type="DEFAULT_VEHTYPE" speed="13.68" pos="101.73" lane="3/2to2/2_0" slope="0.00"/>
        <vehicle id="4" x="201.65" y="69.55" angle="180.00" type="DEFAULT_VEHTYPE" speed="13.76" pos="69.55" lane="1/0to1/1_0" slope="0.00"/>
        <vehicle id="5" x="587.45" y="198.35" angle="90.00" type="DEFAULT_VEHTYPE" speed="6.24" pos="182.70" lane="2/1to3/1_0" slope="0.00"/>
        <vehicle id="7" x="601.65" y="220.05" angle="180.00" type="DEFAULT_VEHTYPE" speed="10.66" pos="15.30" lane="3/1to3/2_0" slope="0.00"/>
        <vehicle id="8" x="796.15" y="198.35" angle="90.00" type="DEFAULT_VEHTYPE" speed="12.89" pos="191.40" lane="3/1to4/1_0" slope="0.00"/>
        <vehicle id="9" x="216.47" y="598.35" angle="90.00" type="DEFAULT_VEHTYPE" speed="13.69" pos="11.72" lane="1/3to2/3_0" slope="0.00"/>
    </timestep>
    <timestep time="463.00">
        <vehicle id="0" x="401.65" y="51.59" angle="180.00" type="DEFAULT_VEHTYPE" speed="13.49" pos="51.59" lane="2/0to2/1_0" slope="0.00"/>
        <vehicle id="1" x="601.65" y="337.45" angle="180.00" type="DEFAULT_VEHTYPE" speed="13.56" pos="132.70" lane="3/1to3/2_0" slope="0.00"/>
        <vehicle id="10" x="222.11" y="401.65" angle="-90.00" type="DEFAULT_VEHTYPE" speed="9.87" pos="173.14" lane="2/2to1/2_0" slope="0.00"/>
        <vehicle id="11" x="269.67" y="401.65" angle="-90.00" type="DEFAULT_VEHTYPE" speed="13.87" pos="125.58" lane="2/2to1/2_0" slope="0.00"/>
        <vehicle id="12" x="201.65" y="127.41" angle="180.00" type="DEFAULT_VEHTYPE" speed="13.56" pos="127.41" lane="1/0to1/1_0" slope="0.00"/>
        <vehicle id="13" x="360.76" y="401.65" angle="-90.00" type="DEFAULT_VEHTYPE" speed="13.24" pos="34.49" lane="2/2to1/2_0" slope="0.00"/>
        <vehicle id="14" x="480.51" y="401.65" angle="-90.00" type="DEFAULT_VEHTYPE" speed="13.01" pos="114.74" lane="3/2to2/2_0" slope="0.00"/>
        <vehicle id="4" x="201.65" y="82.98" angle="180.00" type="DEFAULT_VEHTYPE" speed="13.43" pos="82.98" lane="1/0to1/1_0" slope="0.00"/>
        <vehicle id="5" x="590.70" y="198.35" angle="90.00" type="DEFAULT_VEHTYPE" speed="3.25" pos="185.95" lane="2/1to3/1_0" slope="0.00"/>
        <vehicle id="7" x="601.65" y="233.02" angle="180.00" type="DEFAULT_VEHTYPE" speed="12.96" pos="28.27" lane="3/1to3/2_0" slope="0.00"/>
        <vehicle id="8" x="794.91" y="201.65" angle="-90.00" type="DEFAULT_VEHTYPE" speed="13.77" pos="5.09" lane="4/1to3/1_0" slope="0.00"/>
        <vehicle id="9" x="230.15" y="598.35" angle="90.00" type="DEFAULT_VEHTYPE" speed="13.68" pos="25.40" lane="1/3to2/3_0" slope="0.00"/>
    </timestep>
    <timestep time="464.00">
        <vehicle id="0" x="401.65" y="64.82" angle="180.00" type="DEFAULT_VEHTYPE" speed="13.22" pos="64.82" lane="2/0to2/1_0" slope="0.00"/>
        <vehicle id="1" x="601.65" y="350.90" angle="180.00" type="DEFAULT_VEHTYPE" speed="13.45" pos="146.15" lane="3/1to3/2_0" slope="0.00"/>
        <vehicle id="10" x="214.26" y="401.65" angle="-90.00" type="DEFAULT_VEHTYPE" speed="7.85" pos="180.99" lane="2/2to1/2_0" slope="0.00"/>
        <vehicle id="11" x="256.41" y="401.65" angle="-90.00" type="DEFAULT_VEHTYPE" speed="13.26" pos="138.84" lane="2/2to1/2_0" slope="0.00"/>
        <vehicle id="12" x="201.65" y="140.16" angle="180.00" type="DEFAULT_VEHTYPE" speed="12.75" pos="140.16" lane="1/0to1/1_0" slope="0.00"/>
        <vehicle id="13" x="347.08" y="401.65" angle="-90.00" type="DEFAULT_VEHTYPE" speed="13.68" pos="48.17" lane="2/2to1/2_0" slope="0.00"/>
        <vehicle id="14" x="467.71" y="401.65" angle="-90.00" type="DEFAULT_VEHTYPE" speed="12.80" pos="127.54" lane="3/2to2/2_0" slope="0.00"/>
        <vehicle id="4" x="201.65" y="96.55" angle="180.00" type="DEFAULT_VEHTYPE" speed="13.57" pos="96.55" lane="1/0to1/1_0" slope="0.00"/>
        <vehicle id="5" x="595.47" y="198.35" angle="90.00" type="DEFAULT_VEHTYPE" speed="4.77" pos="0.22" lane=":3/1_13_0" slope="0.00"/>
        <vehicle id="7" x="601.65" y="246.13" angle="180.00" type="DEFAULT_VEHTYPE" speed="13.11" pos="41.38" lane="3/1to3/2_0" slope="0.00"/>
        <vehicle id="8" x="781.23" y="201.65" angle="-90.00" type="DEFAULT_VEHTYPE" speed="13.68" pos="18.77" lane="4/1to3/1_0" slope="0.00"/>
        <vehicle id="9" x="243.88" y="598.35" angle="90.00" type="DEFAULT_VEHTYPE" speed="13.73" pos="39.13" lane="1/3to2/3_0" slope="0.00"/>
    </timestep>
    <timestep time="465.00">
        <vehicle id="0" x="401.65" y="77.61" angle="180.00" type="DEFAULT_VEHTYPE" speed="12.80" pos="77.61" lane="2/0to2/1_0" slope="0.00"/>
        <vehicle id="1" x="601.65" y="363.64" angle="180.00" type="DEFAULT_VEHTYPE" speed="12.74" pos="158.89" lane="3/1to3/2_0" slope="0.00"/>
        <vehicle id="10" x="209.66" y="401.65" angle="-90.00" type="DEFAULT_VEHTYPE" speed="4.60" pos="185.59" lane="2/2to1/2_0" slope="0.00"/>
        <vehicle id="11" x="243.27" y="401.65" angle="-90.00" type="DEFAULT_VEHTYPE" speed="13.14" pos="151.98" lane="2/2to1/2_0" slope="0.00"/>
        <vehicle id="12" x="201.65" y="153.51" angle="180.00" type="DEFAULT_VEHTYPE" speed="13.35" pos="153.51" lane="1/0to1/1_0" slope="0.00"/>
        <vehicle id="13" x="333.70" y="401.65" angle="-90.00" type="DEFAULT_VEHTYPE" speed="13.38" pos="61.55" lane="2/2to1/2_0" slope="0.00"/>
        <vehicle id="14" x="454.11" y="401.65" angle="-90.00" type="DEFAULT_VEHTYPE" speed="13.60" pos="141.14" lane="3/2to2/2_0" slope="0.00"/>
        <vehicle id="4" x="201.65" y="110.20" angle="180.00" type="DEFAULT_VEHTYPE" speed="13.65" pos="110.20" lane="1/0to1/1_0" slope="0.00"/>
        <vehicle id="5" x="601.87" y="198.35" angle="90.00" type="DEFAULT_VEHTYPE" speed="6.40" pos="6.62" lane=":3/1_13_0" slope="0.00"/>
        <vehicle id="7" x="601.65" y="259.69" angle="180.00" type="DEFAULT_VEHTYPE" speed="13.56" pos="54.94" lane="3/1to3/2_0" slope="0.00"/>
        <vehicle id="8" x="768.40" y="201.65" angle="-90.00" type="DEFAULT_VEHTYPE" speed="12.83" pos="31.60" lane="4/1to3/1_0" slope="0.00"/>
        <vehicle id="9" x="256.60" y="598.35" angle="90.00" type="DEFAULT_VEHTYPE" speed="12.72" pos="51.85" lane="1/3to2/3_0" slope="0.00"/>
    </timestep>
    <timestep time="466.00">
        <vehicle id="0" x="401.65" y="91.27" angle="180.00" type="DEFAULT_VEHTYPE" speed="13.66" pos="91.27" lane="2/0to2/1_0" slope="0.00"/>
        <vehicle id="1" x="601.65" y="374.86" angle="180.00" type="DEFAULT_VEHTYPE" speed="11.21" pos="170.11" lane="3/1to3/2_0" slope="0.00"/>
        <vehicle id="10" x="203.47" y="401.47" angle="-87.90" type="DEFAULT_VEHTYPE" speed="6.20" pos="1.29" lane=":1/2_6_0" slope="0.00"/>
        <vehicle id="11" x="230.71" y="401.65" angle="-90.00" type="DEFAULT_VEHTYPE" speed="12.55" pos="164.54" lane="2/2to1/2_0" slope="0.00"/>
        <vehicle id="12" x="201.65" y="166.46" angle="180.00" type="DEFAULT_VEHTYPE" speed="12.96" pos="166.46" lane="1/0to1/1_0" slope="0.00"/>
        <vehicle id="13" x="320.89" y="401.65" angle="-90.00" type="DEFAULT_VEHTYPE" speed="12.81" pos="74.36" lane="2/2to1/2_0" slope="0.00"/>
        <vehicle id="14" x="441.21" y="401.65" angle="-90.00" type="DEFAULT_VEHTYPE" speed="12.90" pos="154.04" lane="3/2to2/2_0" slope="0.00"/>
        <vehicle id="4" x="201.65" y="123.43" angle="180.00" type="DEFAULT_VEHTYPE" speed="13.22" pos="123.43" lane="1/0to1/1_0" slope="0.00"/>
        <vehicle id="5" x="610.11" y="198.35" angle="90.00" type="DEFAULT_VEHTYPE" speed="8.24" pos="5.36" lane="3/1to4/1_0" slope="0.00"/>
        <vehicle id="7" x="601.65" y="272.31" angle="180.00" type="DEFAULT_VEHTYPE" speed="12.62" pos="67.56" lane="3/1to3/2_0" slope="0.00"/>
        <vehicle id="8" x="755.35" y="201.65" angle="-90.00" type="DEFAULT_VEHTYPE" speed="13.05" pos="44.65" lane="4/1to3/1_0" slope="0.00"/>
        <vehicle id="9" x="269.39" y="598.35" angle="90.00" type="DEFAULT_VEHTYPE" speed="12.79" pos="64.64" lane="1/3to2/3_0" slope="0.00"/>
    </timestep>
    <timestep time="467.00">
        <vehicle id="0" x="401.65" y="105.09" angle="180.00" type="DEFAULT_VEHTYPE" speed="13.83" pos="105.09" lane="2/0to2/1_0" slope="0.00"/>
        <vehicle id="1" x="601.65" y="382.82" angle="180.00" type="DEFAULT_VEHTYPE" speed="7.97" pos="178.07" lane="3/1to3/2_0" slope="0.00"/>
        <vehicle id="10" x="198.40" y="395.61" angle="-20.80" type="DEFAULT_VEHTYPE" speed="8.66" pos="9.95" lane=":1/2_6_0" slope="0.00"/>
        <vehicle id="11" x="220.04" y="401.65" angle="-90.00" type="DEFAULT_VEHTYPE" speed="10.67" pos="175.21" lane="2/2to1/2_0" slope="0.00"/>
        <vehicle id="12" x="201.65" y="179.93" angle="180.00" type="DEFAULT_VEHTYPE" speed="13.47" pos="179.93" lane="1/0to1/1_0" slope="0.00"/>
        <vehicle id="13" x="307.01" y="401.65" angle="-90.00" type="DEFAULT_VEHTYPE" speed="13.88" pos="88.24" lane="2/2to1/2_0" slope="0.00"/>
        <vehicle id="14" x="428.61" y="401.65" angle="-90.00" type="DEFAULT_VEHTYPE" speed="12.60" pos="166.64" lane="3/2to2/2_0" slope="0.00"/>
        <vehicle id="4" x="201.65" y="136.86" angle="180.00" type="DEFAULT_VEHTYPE" speed="13.44" pos="136.86" lane="1/0to1/1_0" slope="0.00"/>
        <vehicle id="5" x="620.73" y="198.35" angle="90.00" type="DEFAULT_VEHTYPE" speed="10.62" pos="15.98" lane="3/1to4/1_0" slope="0.00"/>
        <vehicle id="7" x="601.65" y="285.67" angle="180.00" type="DEFAULT_VEHTYPE" speed="13.36" pos="80.92" lane="3/1to3/2_0" slope="0.00"/>
        <vehicle id="8" x="741.67" y="201.65" angle="-90.00" type="DEFAULT_VEHTYPE" speed="13.68" pos="58.33" lane="4/1to3/1_0" slope="0.00"/>
        <vehicle id="9" x="282.68" y="598.35" angle="90.00" type="DEFAULT_VEHTYPE" speed="13.29" pos="77.93" lane="1/3to2/3_0" slope="0.00"/>
    </timestep>
    <timestep time="468.00">
        <vehicle id="0" x="401.65" y="118.27" angle="180.00" type="DEFAULT_VEHTYPE" speed="13.18" pos="118.27" lane="2/0to2/1_0" slope="0.00"/>
        <vehicle id="1" x="601.65" y="387.63" angle="180.00" type="DEFAULT_VEHTYPE" speed="4.81" pos="182.88" lane="3/1to3/2_0" slope="0.00"/>
        <vehicle id="10" x="198.35" y="385.38" angle="0.00" type="DEFAULT_VEHTYPE" speed="10.24" pos="9.87" lane="1/2to1/1_0" slope="0.00"/>
        <vehicle id="11" x="213.71" y="401.65" angle="-90.00" type="DEFAULT_VEHTYPE" speed="6.33" pos="181.54" lane="2/2to1/2_0" slope="0.00"/>
        <vehicle id="12" x="201.65" y="192.65" angle="180.00" type="DEFAULT_VEHTYPE" speed="12.72" pos="192.65" lane="1/0to1/1_0" slope="0.00"/>
        <vehicle id="13" x="293.68" y="401.65" angle="-90.00" type="DEFAULT_VEHTYPE" speed="13.33" pos="101.57" lane="2/2to1/2_0" slope="0.00"/>
        <vehicle id="14" x="418.74" y="401.65" angle="-90.00" type="DEFAULT_VEHTYPE" speed="9.87" pos="176.51" lane="3/2to2/2_0" slope="0.00"/>
        <vehicle id="4" x="201.65" y="150.57" angle="180.00" type="DEFAULT_VEHTYPE" speed="13.71" pos="150.57" lane="1/0to1/1_0" slope="0.00"/>
        <vehicle id="5" x="633.56" y="198.35" angle="90.00" type="DEFAULT_VEHTYPE" speed="12.82" pos="28.81" lane="3/1to4/1_0" slope="0.00"/>
        <vehicle id="7" x="601.65" y="299.07" angle="180.00" type="DEFAULT_VEHTYPE" speed="13.39" pos="94.32" lane="3/1to3/2_0" slope="0.00"/>
        <vehicle id="8" x="728.94" y="201.65" angle="-90.00" type="DEFAULT_VEHTYPE" speed="12.74" pos="71.06" lane="4/1to3/1_0" slope="0.00"/>
        <vehicle id="9" x="296.14" y="598.35" angle="90.00" type="DEFAULT_VEHTYPE" speed="13.46" pos="91.39" lane="1/3to2/3_0" slope="0.00"/>
    </timestep>
    <timestep time="469.00">
        <vehicle id="0" x="401.65" y="131.57" angle="180.00" type="DEFAULT_VEHTYPE" speed="13.31" pos="131.57" lane="2/0to2/1_0" slope="0.00"/>
        <vehicle id="1" x="601.65" y="391.10" angle="180.00" type="DEFAULT_VEHTYPE" speed="3.47" pos="186.35" lane="3/1to3/2_0" slope="0.00"/>
        <vehicle id="10" x="198.35" y="372.72" angle="0.00" type="DEFAULT_VEHTYPE" speed="12.66" pos="22.53" lane="1/2to1/1_0" slope="0.00"/>
        <vehicle id="11" x="209.89" y="401.65" angle="-90.00" type="DEFAULT_VEHTYPE" speed="3.82" pos="185.36" lane="2/2to1/2_0" slope="0.00"/>
        <vehicle id="12" x="210.40" y="198.35" angle="90.00" type="DEFAULT_VEHTYPE" speed="13.26" pos="5.65" lane="1/1to2/1_0" slope="0.00"/>
        <vehicle id="13" x="281.06" y="401.65" angle="-90.00" type="DEFAULT_VEHTYPE" speed="12.62" pos="114.19" lane="2/2to1/2_0" slope="0.00"/>
        <vehicle id="14" x="412.64" y="401.65" angle="-90.00" type="DEFAULT_VEHTYPE" speed="6.10" pos="182.61" lane="3/2to2/2_0" slope="0.00"/>
        <vehicle id="4" x="201.65" y="164.03" angle="180.00" type="DEFAULT_VEHTYPE" speed="13.46" pos="164.03" lane="1/0to1/1_0" slope="0.00"/>
        <vehicle id="5" x="646.52" y="198.35" angle="90.00" type="DEFAULT_VEHTYPE" speed="12.96" pos="41.77" lane="3/1to4/1_0" slope="0.00"/>
        <vehicle id="7" x="601.65" y="311.71" angle="180.00" type="DEFAULT_VEHTYPE" speed="12.64" pos="106.96" lane="3/1to3/2_0" slope="0.00"/>
        <vehicle id="8" x="715.31" y="201.65" angle="-90.00" type="DEFAULT_VEHTYPE" speed="13.63" pos="84.69" lane="4/1to3/1_0" slope="0.00"/>
        <vehicle id="9" x="309.17" y="598.35" angle="90.00" type="DEFAULT_VEHTYPE" speed="13.03" pos="104.42" lane="1/3to2/3_0" slope="0.00"/>
    </timestep>
    <timestep time="470.00">
        <vehicle id="0" x="401.65" y="145.40" angle="180.00" type="DEFAULT_VEHTYPE" speed="13.83" pos="145.40" lane="2/0to2/1_0" slope="0.00"/>
        <vehicle id="1" x="601.42" y="396.88" angle="-177.33" type="DEFAULT_VEHTYPE" speed="5.79" pos="1.64" lane=":3/2_10_0" slope="0.00"/>
        <vehicle id="10" x="198.35" y="359.56" angle="0.00" type="DEFAULT_VEHTYPE" speed="13.17" pos="35.69" lane="1/2to1/1_0" slope="0.00"/>
        <vehicle id="11" x="204.00" y="401.54" angle="-88.76" type="DEFAULT_VEHTYPE" speed="5.90" pos="0.76" lane=":1/2_6_0" slope="0.00"/>
        <vehicle id="12" x="223.55" y="198.35" angle="90.00" type="DEFAULT_VEHTYPE" speed="13.15" pos="18.80" lane="1/1to2/1_0" slope="0.00"/>
        <vehicle id="13" x="268.16" y="401.65" angle="-90.00" type="DEFAULT_VEHTYPE" speed="12.91" pos="127.09" lane="2/2to1/2_0" slope="0.00"/>
        <vehicle id="14" x="410.11" y="401.65" angle="-90.00" type="DEFAULT_VEHTYPE" speed="2.52" pos="185.14" lane="3/2to2/2_0" slope="0.00"/>
        <vehicle id="4" x="201.65" y="177.14" angle="180.00" type="DEFAULT_VEHTYPE" speed="13.11" pos="177.14" lane="1/0to1/1_0" slope="0.00"/>
        <vehicle id="5" x="659.73" y="198.35" angle="90.00" type="DEFAULT_VEHTYPE" speed="13.21" pos="54.98" lane="3/1to4/1_0" slope="0.00"/>
        <vehicle id="7" x="601.65" y="325.60" angle="180.00" type="DEFAULT_VEHTYPE" speed="13.90" pos="120.85" lane="3/1to3/2_0" slope="0.00"/>
        <vehicle id="8" x="701.81" y="201.65" angle="-90.00" type="DEFAULT_VEHTYPE" speed="13.50" pos="98.19" lane="4/1to3/1_0" slope="0.00"/>
        <vehicle id="9" x="322.75" y="598.35" angle="90.00" type="DEFAULT_VEHTYPE" speed="13.58" pos="118.00" lane="1/3to2/3_0" slope="0.00"/>
    </timestep>
    <timestep time="471.00">
        <vehicle id="0" x="401.65" y="158.29" angle="180.00" type="DEFAULT_VEHTYPE" speed="12.89" pos="158.29" lane="2/0to2/1_0" slope="0.00"/>
        <vehicle id="1" x="595.85" y="401.56" angle="-113.15" type="DEFAULT_VEHTYPE" speed="8.08" pos="2.58" lane=":3/2_18_0" slope="0.00"/>
        <vehicle id="10" x="198.35" y="345.68" angle="0.00" type="DEFAULT_VEHTYPE" speed="13.88" pos="49.57" lane="1/2to1/1_0" slope="0.00"/>
        <vehicle id="11" x="198.67" y="397.52" angle="-40.61" type="DEFAULT_VEHTYPE" speed="7.26" pos="8.02" lane=":1/2_6_0" slope="0.00"/>
        <vehicle id="12" x="236.23" y="198.35" angle="90.00" type="DEFAULT_VEHTYPE" speed="12.67" pos="31.48" lane="1/1to2/1_0" slope="0.00"/>
        <vehicle id="13" x="255.01" y="401.65" angle="-90.00" type="DEFAULT_VEHTYPE" speed="13.14" pos="140.24" lane="2/2to1/2_0" slope="0.00"/>
        <vehicle id="14" x="405.59" y="401.65" angle="-90.00" type="DEFAULT_VEHTYPE" speed="4.52" pos="189.66" lane="3/2to2/2_0" slope="0.00"/>
        <vehicle id="4" x="201.65" y="190.27" angle="180.00" type="DEFAULT_VEHTYPE" speed="13.14" pos="190.27" lane="1/0to1/1_0" slope="0.00"/>
        <vehicle id="5" x="673.60" y="198.35" angle="90.00" type="DEFAULT_VEHTYPE" speed="13.88" pos="68.85" lane="3/1to4/1_0" slope="0.00"/>
        <vehicle id="7" x="601.65" y="338.37" angle="180.00" type="DEFAULT_VEHTYPE" speed="12.77" pos="133.62" lane="3/1to3/2_0" slope="0.00"/>
        <vehicle id="8" x="688.13" y="201.65" angle="-90.00" type="DEFAULT_VEHTYPE" speed="13.67" pos="111.87" lane="4/1to3/1_0" slope="0.00"/>
        <vehicle id="9" x="336.07" y="598.35" angle="90.00" type="DEFAULT_VEHTYPE" speed="13.31" pos="131.32" lane="1/3to2/3_0" slope="0.00"/>
    </timestep>
    <timestep time="472.00">
        <vehicle id="0" x="401.65" y="171.42" angle="180.00" type="DEFAULT_VEHTYPE" speed="13.13" pos="171.42" lane="2/0to2/1_0" slope="0.00"/>
        <vehicle id="1" x="586.34" y="401.65" angle="-90.00" type="DEFAULT_VEHTYPE" speed="9.52" pos="8.91" lane="3/2to2/2_0" slope="0.00"/>
        <vehicle id="10" x="198.35" y="333.03" angle="0.00" type="DEFAULT_VEHTYPE" speed="12.65" pos="62.22" lane="1/2to1/1_0" slope="0.00"/>
        <vehicle id="11" x="198.35" y="387.84" angle="0.00" type="DEFAULT_VEHTYPE" speed="9.71" pos="7.41" lane="1/2to1/1_0" slope="0.00"/>
        <vehicle id="12" x="248.95" y="198.35" angle="90.00" type="DEFAULT_VEHTYPE" speed="12.72" pos="44.20" lane="1/1to2/1_0" slope="0.00"/>
        <vehicle id="13" x="241.20" y="401.65" angle="-90.00" type="DEFAULT_VEHTYPE" speed="13.81" pos="154.05" lane="2/2to1/2_0" slope="0.00"/>
        <vehicle id="14" x="399.74" y="399.69" angle="-67.11" type="DEFAULT_VEHTYPE" speed="6.42" pos="5.58" lane=":2/2_6_0" slope="0.00"/>
        <vehicle id="4" x="207.70" y="198.35" angle="96.32" type="DEFAULT_VEHTYPE" speed="12.92" pos="2.95" lane="1/1to2/1_0" slope="0.00"/>
        <vehicle id="5" x="686.37" y="198.35" angle="90.00" type="DEFAULT_VEHTYPE" speed="12.76" pos="81.62" lane="3/1to4/1_0" slope="0.00"/>
        <vehicle id="7" x="601.65" y="351.35" angle="180.00" type="DEFAULT_VEHTYPE" speed="12.98" pos="146.60" lane="3/1to3/2_0" slope="0.00"/>
        <vehicle id="8" x="675.48" y="201.65" angle="-90.00" type="DEFAULT_VEHTYPE" speed="12.66" pos="124.52" lane="4/1to3/1_0" slope="0.00"/>
        <vehicle id="9" x="349.14" y="598.35" angle="90.00" type="DEFAULT_VEHTYPE" speed="13.07" pos="144.39" lane="1/3to2/3_0" slope="0.00"/>
    </timestep>
    <timestep time="473.00">
        <vehicle id="0" x="401.65" y="184.39" angle="180.00" type="DEFAULT_VEHTYPE" speed="12.97" pos="184.39" lane="2/0to2/1_0" slope="0.00"/>
        <vehicle id="1" x="574.55" y="401.65" angle="-90.00" type="DEFAULT_VEHTYPE" speed="11.78" pos="20.70" lane="3/2to2/2_0" slope="0.00"/>
        <vehicle id="10" x="198.35" y="319.22" angle="0.00" type="DEFAULT_VEHTYPE" speed="13.81" pos="76.03" lane="1/2to1/1_0" slope="0.00"/>
        <vehicle id="11" x="198.35" y="376.20" angle="0.00" type="DEFAULT_VEHTYPE" speed="11.64" pos="19.05" lane="1/2to1/1_0" slope="0.00"/>
        <vehicle id="12" x="262.46" y="198.35" angle="90.00" type="DEFAULT_VEHTYPE" speed="13.51" pos="57.71" lane="1/1to2/1_0" slope="0.00"/>
        <vehicle id="13" x="228.26" y="401.65" angle="-90.00" type="DEFAULT_VEHTYPE" speed="12.94" pos="166.99" lane="2/2to1/2_0" slope="0.00"/>
        <vehicle id="14" x="398.35" y="391.34" angle="-1.77" type="DEFAULT_VEHTYPE" speed="8.65" pos="3.91" lane="2/2to2/1_0" slope="0.00"/>
        <vehicle id="4" x="220.33" y="198.35" angle="90.00" type="DEFAULT_VEHTYPE" speed="12.63" pos="15.58" lane="1/1to2/1_0" slope="0.00"/>
        <vehicle id="5" x="699.07" y="198.35" angle="90.00" type="DEFAULT_VEHTYPE" speed="12.71" pos="94.32" lane="3/1to4/1_0" slope="0.00"/>
        <vehicle id="7" x="601.65" y="364.40" angle="180.00" type="DEFAULT_VEHTYPE" speed="13.05" pos="159.65" lane="3/1to3/2_0" slope="0.00"/>
        <vehicle id="8" x="662.24" y="201.65" angle="-90.00" type="DEFAULT_VEHTYPE" speed="13.24" pos="137.76" lane="4/1to3/1_0" slope="0.00"/>
        <vehicle id="9" x="361.77" y="598.35" angle="90.00" type="DEFAULT_VEHTYPE" speed="12.63" pos="157.02" lane="1/3to2/3_0" slope="0.00"/>
    </timestep>
    <timestep time="474.00">
        <vehicle id="0" x="402.83" y="197.83" angle="165.63" type="DEFAULT_VEHTYPE" speed="13.84" pos="2.98" lane=":2/1_8_0" slope="0.00"/>
        <vehicle id="1" x="560.92" y="401.65" angle="-90.00" type="DEFAULT_VEHTYPE" speed="13.63" pos="34.33" lane="3/2to2/2_0" slope="0.00"/>
        <vehicle id="10" x="198.35" y="306.20" angle="0.00" type="DEFAULT_VEHTYPE" speed="13.02" pos="89.05" lane="1/2to1/1_0" slope="0.00"/>
        <vehicle id="11" x="198.35" y="363.59" angle="0.00" type="DEFAULT_VEHTYPE" speed="12.61" pos="31.66" lane="1/2to1/1_0" slope="0.00"/>
        <vehicle id="12" x="275.48" y="198.35" angle="90.00" type="DEFAULT_VEHTYPE" speed="13.02" pos="70.73" lane="1/1to2/1_0" slope="0.00"/>
        <vehicle id="13" x="218.82" y="401.65" angle="-90.00" type="DEFAULT_VEHTYPE" speed="9.44" pos="176.43" lane="2/2to1/2_0" slope="0.00"/>
        <vehicle id="14" x="398.35" y="381.15" angle="0.00" type="DEFAULT_VEHTYPE" speed="10.19" pos="14.10" lane="2/2to2/1_0" slope="0.00"/>
        <vehicle id="4" x="234.03" y="198.35" angle="90.00" type="DEFAULT_VEHTYPE" speed="13.70" pos="29.28" lane="1/1to2/1_0" slope="0.00"/>
        <vehicle id="5" x="712.48" y="198.35" angle="90.00" type="DEFAULT_VEHTYPE" speed="13.41" pos="107.73" lane="3/1to4/1_0" slope="0.00"/>
        <vehicle id="7" x="601.65" y="376.00" angle="180.00" type="DEFAULT_VEHTYPE" speed="11.60" pos="171.25" lane="3/1to3/2_0" slope="0.00"/>
        <vehicle id="8" x="649.23" y="201.65" angle="-90.00" type="DEFAULT_VEHTYPE" speed="13.01" pos="150.77" lane="4/1to3/1_0" slope="0.00"/>
        <vehicle id="9" x="374.30" y="598.35" angle="90.00" type="DEFAULT_VEHTYPE" speed="12.53" pos="169.55" lane="1/3to2/3_0" slope="0.00"/>
    </timestep>
    <timestep time="475.00">
        <vehicle id="0" x="415.51" y="198.35" angle="90.00" type="DEFAULT_VEHTYPE" speed="12.78" pos="10.76" lane="2/1to3/1_0" slope="0.00"/>
        <vehicle id="1" x="547.60" y="401.65" angle="-90.00" type="DEFAULT_VEHTYPE" speed="13.32" pos="47.65" lane="3/2to2/2_0" slope="0.00"/>
        <vehicle id="10" x="198.35" y="293.24" angle="0.00" type="DEFAULT_VEHTYPE" speed="12.95" pos="102.01" lane="1/2to1/1_0" slope="0.00"/>
        <vehicle id="11" x="198.35" y="350.31" angle="0.00" type="DEFAULT_VEHTYPE" speed="13.28" pos="44.94" lane="1/2to1/1_0" slope="0.00"/>
        <vehicle id="12" x="288.57" y="198.35" angle="90.00" type="DEFAULT_VEHTYPE" speed="13.09" pos="83.82" lane="1/1to2/1_0" slope="0.00"/>
        <vehicle id="13" x="213.04" y="401.65" angle="-90.00" type="DEFAULT_VEHTYPE" speed="5.78" pos="182.21" lane="2/2to1/2_0" slope="0.00"/>
        <vehicle id="14" x="398.35" y="369.06" angle="0.00" type="DEFAULT_VEHTYPE" speed="12.09" pos="26.19" lane="2/2to2/1_0" slope="0.00"/>
        <vehicle id="4" x="247.37" y="198.35" angle="90.00" type="DEFAULT_VEHTYPE" speed="13.34" pos="42.62" lane="1/1to2/1_0" slope="0.00"/>
        <vehicle id="5" x="725.09" y="198.35" angle="90.00" type="DEFAULT_VEHTYPE" speed="12.61" pos="120.34" lane="3/1to4/1_0" slope="0.00"/>
        <vehicle id="7" x="601.65" y="383.79" angle="180.00" type="DEFAULT_VEHTYPE" speed="7.79" pos="179.04" lane="3/1to3/2_0" slope="0.00"/>
        <vehicle id="8" x="635.51" y="201.65" angle="-90.00" type="DEFAULT_VEHTYPE" speed="13.72" pos="164.49" lane="4/1to3/1_0" slope="0.00"/>
        <vehicle id="9" x="383.44" y="598.35" angle="90.00" type="DEFAULT_VEHTYPE" speed="9.13" pos="178.69" lane="1/3to2/3_0" slope="0.00"/>
    </timestep>
    <timestep time="476.00">
        <vehicle id="0" x="428.21" y="198.35" angle="90.00" type="DEFAULT_VEHTYPE" speed="12.70" pos="23.46" lane="2/1to3/1_0" slope="0.00"/>
        <vehicle id="1" x="535.00" y="401.65" angle="-90.00" type="DEFAULT_VEHTYPE" speed="12.60" pos="60.25" lane="3/2to2/2_0" slope="0.00"/>
        <vehicle id="10" x="198.35" y="280.04" angle="0.00" type="DEFAULT_VEHTYPE" speed="13.20" pos="115.21" lane="1/2to1/1_0" slope="0.00"/>
        <vehicle id="11" x="198.35" y="336.64" angle="0.00" type="DEFAULT_VEHTYPE" speed="13.67" pos="58.61" lane="1/2to1/1_0" slope="0.00"/>
        <vehicle id="12" x="301.31" y="198.35" angle="90.00" type="DEFAULT_VEHTYPE" speed="12.74" pos="96.56" lane="1/1to2/1_0" slope="0.00"/>
        <vehicle id="13" x="210.05" y="401.65" angle="-90.00" type="DEFAULT_VEHTYPE" speed="2.99" pos="185.20" lane="2/2to1/2_0" slope="0.00"/>
        <vehicle id="14" x="398.35" y="355.86" angle="0.00" type="DEFAULT_VEHTYPE" speed="13.19" pos="39.39" lane="2/2to2/1_0" slope="0.00"/>
        <vehicle id="4" x="260.34" y="198.35" angle="90.00" type="DEFAULT_VEHTYPE" speed="12.97" pos="55.59" lane="1/1to2/1_0" slope="0.00"/>
        <vehicle id="5" x="738.03" y="198.35" angle="90.00" type="DEFAULT_VEHTYPE" speed="12.94" pos="133.28" lane="3/1to4/1_0" slope="0.00"/>
        <vehicle id="7" x="601.65" y="388.72" angle="180.00" type="DEFAULT_VEHTYPE" speed="4.93" pos="183.97" lane="3/1to3/2_0" slope="0.00"/>
        <vehicle id="8" x="624.16" y="201.65" angle="-90.00" type="DEFAULT_VEHTYPE" speed="11.35" pos="175.84" lane="4/1to3/1_0" slope="0.00"/>
        <vehicle id="9" x="388.45" y="598.35" angle="90.00" type="DEFAULT_VEHTYPE" speed="5.02" pos="183.70" lane="1/3to2/3_0" slope="0.00"/>
    </timestep>
    <timestep time="477.00">
        <vehicle id="0" x="441.33" y="198.35" angle="90.00" type="DEFAULT_VEHTYPE" speed="13.13" pos="36.58" lane="2/1to3/1_0" slope="0.00"/>
        <vehicle id="1" x="521.68" y="401.65" angle="-90.00" type="DEFAULT_VEHTYPE" speed="13.32" pos="73.57" lane="3/2to2/2_0" slope="0.00"/>
        <vehicle id="10" x="198.35" y="267.39" angle="0.00" type="DEFAULT_VEHTYPE" speed="12.65" pos="127.86" lane="1/2to1/1_0" slope="0.00"/>
        <vehicle id="11" x="198.35" y="323.05" angle="0.00" type="DEFAULT_VEHTYPE" speed="13.59" pos="72.20" lane="1/2to1/1_0" slope="0.00"/>
        <vehicle id="12" x="314.54" y="198.35" angle="90.00" type="DEFAULT_VEHTYPE" speed="13.24" pos="109.79" lane="1/1to2/1_0" slope="0.00"/>
        <vehicle id="13" x="204.78" y="401.65" angle="-90.00" type="DEFAULT_VEHTYPE" speed="5.28" pos="190.47" lane="2/2to1/2_0" slope="0.00"/>
        <vehicle id="14" x="398.35" y="342.94" angle="0.00" type="DEFAULT_VEHTYPE" speed="12.92" pos="52.31" lane="2/2to2/1_0" slope="0.00"/>
        <vehicle id="4" x="273.63" y="198.35" angle="90.00" type="DEFAULT_VEHTYPE" speed="13.29" pos="68.88" lane="1/1to2/1_0" slope="0.00"/>
        <vehicle id="5" x="751.41" y="198.35" angle="90.00" type="DEFAULT_VEHTYPE" speed="13.37" pos="146.66" lane="3/1to4/1_0" slope="0.00"/>
        <vehicle id="7" x="601.55" y="395.92" angle="-178.90" type="DEFAULT_VEHTYPE" speed="7.21" pos="0.68" lane=":3/2_10_0" slope="0.00"/>
        <vehicle id="8" x="615.69" y="201.65" angle="-90.00" type="DEFAULT_VEHTYPE" speed="8.47" pos="184.31" lane="4/1to3/1_0" slope="0.00"/>
        <vehicle id="9" x="394.81" y="598.35" angle="90.00" type="DEFAULT_VEHTYPE" speed="6.36" pos="190.06" lane="1/3to2/3_0" slope="0.00"/>
    </timestep>
    <timestep time="478.00">
        <vehicle id="0" x="454.68" y="198.35" angle="90.00" type="DEFAULT_VEHTYPE" speed="13.34" pos="49.93" lane="2/1to3/1_0" slope="0.00"/>
        <vehicle id="1" x="508.98" y="401.65" angle="-90.00" type="DEFAULT_VEHTYPE" speed="12.70" pos="86.27" lane="3/2to2/2_0" slope="0.00"/>
        <vehicle id="10" x="198.35" y="253.71" angle="0.00" type="DEFAULT_VEHTYPE" speed="13.68" pos="141.54" lane="1/2to1/1_0" slope="0.00"/>
        <vehicle id="11" x="198.35" y="309.54" angle="0.00" type="DEFAULT_VEHTYPE" speed="13.50" pos="85.71" lane="1/2to1/1_0" slope="0.00"/>
        <vehicle id="12" x="327.67" y="198.35" angle="90.00" type="DEFAULT_VEHTYPE" speed="13.13" pos="122.92" lane="1/1to2/1_0" slope="0.00"/>
        <vehicle id="13" x="198.92" y="398.33" angle="-50.78" type="DEFAULT_VEHTYPE" speed="7.19" pos="7.16" lane=":1/2_6_0" slope="0.00"/>
        <vehicle id="14" x="398.35" y="329.14" angle="0.00" type="DEFAULT_VEHTYPE" speed="13.80" pos="66.11" lane="2/2to2/1_0" slope="0.00"/>
        <vehicle id="4" x="287.36" y="198.35" angle="90.00" type="DEFAULT_VEHTYPE" speed="13.74" pos="82.61" lane="1/1to2/1_0" slope="0.00"/>
        <vehicle id="5" x="764.03" y="198.35" angle="90.00" type="DEFAULT_VEHTYPE" speed="12.62" pos="159.28" lane="3/1to4/1_0" slope="0.00"/>
        <vehicle id="7" x="596.04" y="401.54" angle="-115.09" type="DEFAULT_VEHTYPE" speed="8.84" pos="2.38" lane=":3/2_18_0" slope="0.00"/>
        <vehicle id="8" x="610.87" y="201.65" angle="-90.00" type="DEFAULT_VEHTYPE" speed="4.82" pos="189.13" lane="4/1to3/1_0" slope="0.00"/>
        <vehicle id="9" x="401.26" y="601.99" angle="133.18" type="DEFAULT_VEHTYPE" speed="7.97" pos="7.53" lane=":2/3_14_0" slope="0.00"/>
    </timestep>
    <timestep time="479.00">
        <vehicle id="0" x="468.11" y="198.35" angle="90.00" type="DEFAULT_VEHTYPE" speed="13.43" pos="63.36" lane="2/1to3/1_0" slope="0.00"/>
        <vehicle id="1" x="496.30" y="401.65" angle="-90.00" type="DEFAULT_VEHTYPE" speed="12.68" pos="98.95" lane="3/2to2/2_0" slope="0.00"/>
        <vehicle id="10" x="198.35" y="239.84" angle="0.00" type="DEFAULT_VEHTYPE" speed="13.86" pos="155.41" lane="1/2to1/1_0" slope="0.00"/>
        <vehicle id="11" x="198.35" y="296.79" angle="0.00" type="DEFAULT_VEHTYPE" speed="12.76" pos="98.46" lane="1/2to1/1_0" slope="0.00"/>
        <vehicle id="12" x="341.38" y="198.35" angle="90.00" type="DEFAULT_VEHTYPE" speed="13.71" pos="136.63" lane="1/1to2/1_0" slope="0.00"/>
        <vehicle id="13" x="198.35" y="389.57" angle="0.00" type="DEFAULT_VEHTYPE" speed="8.84" pos="5.68" lane="1/2to1/1_0" slope="0.00"/>
        <vehicle id="14" x="398.35" y="315.83" angle="0.00" type="DEFAULT_VEHTYPE" speed="13.31" pos="79.42" lane="2/2to2/1_0" slope="0.00"/>
        <vehicle id="4" x="301.06" y="198.35" angle="90.00" type="DEFAULT_VEHTYPE" speed="13.70" pos="96.31" lane="1/1to2/1_0" slope="0.00"/>
        <vehicle id="5" x="777.53" y="198.35" angle="90.00" type="DEFAULT_VEHTYPE" speed="13.50" pos="172.78" lane="3/1to4/1_0" slope="0.00"/>
        <vehicle id="7" x="585.75" y="401.65" angle="-90.00" type="DEFAULT_VEHTYPE" speed="10.30" pos="9.50" lane="3/2to2/2_0" slope="0.00"/>
        <vehicle id="8" x="604.46" y="201.69" angle="-90.46" type="DEFAULT_VEHTYPE" speed="6.41" pos="0.29" lane=":3/1_4_0" slope="0.00"/>
        <vehicle id="9" x="401.65" y="612.21" angle="180.00" type="DEFAULT_VEHTYPE" speed="10.24" pos="7.46" lane="2/3to2/4_0" slope="0.00"/>
    </timestep>
    <timestep time="480.00">
        <vehicle id="0" x="481.35" y="198.35" angle="90.00" type="DEFAULT_VEHTYPE" speed="13.24" pos="76.60" lane="2/1to3/1_0" slope="0.00"/>
        <vehicle id="1" x="483.56" y="401.65" angle="-90.00" type="DEFAULT_VEHTYPE" speed="12.74" pos="111.69" lane="3/2to2/2_0" slope="0.00"/>
        <vehicle id="10" x="198.35" y="226.20" angle="0.00" type="DEFAULT_VEHTYPE" speed="13.65" pos="169.05" lane="1/2to1/1_0" slope="0.00"/>
        <vehicle id="11" x="198.35" y="283.55" angle="0.00" type="DEFAULT_VEHTYPE" speed="13.23" pos="111.70" lane="1/2to1/1_0" slope="0.00"/>
        <vehicle id="12" x="354.99" y="198.35" angle="90.00" type="DEFAULT_VEHTYPE" speed="13.61" pos="150.24" lane="1/1to2/1_0" slope="0.00"/>
        <vehicle id="13" x="198.35" y="378.41" angle="0.00" type="DEFAULT_VEHTYPE" speed="11.16" pos="16.84" lane="1/2to1/1_0" slope="0.00"/>
        <vehicle id="14" x="398.35" y="302.71" angle="0.00" type="DEFAULT_VEHTYPE" speed="13.13" pos="92.54" lane="2/2to2/1_0" slope="0.00"/>
        <vehicle id="4" x="313.92" y="198.35" angle="90.00" type="DEFAULT_VEHTYPE" speed="12.85" pos="109.17" lane="1/1to2/1_0" slope="0.00"/>
        <vehicle id="5" x="790.56" y="198.35" angle="90.00" type="DEFAULT_VEHTYPE" speed="13.03" pos="185.81" lane="3/1to4/1_0" slope="0.00"/>
        <vehicle id="7" x="573.91" y="401.65" angle="-90.00" type="DEFAULT_VEHTYPE" speed="11.84" pos="21.34" lane="3/2to2/2_0" slope="0.00"/>
        <vehicle id="8" x="601.65" y="208.47" angle="-177.96" type="DEFAULT_VEHTYPE" speed="8.43" pos="3.72" lane="3/1to3/2_0" slope="0.00"/>
        <vehicle id="9" x="401.65" y="624.17" angle="180.00" type="DEFAULT_VEHTYPE" speed="11.96" pos="19.42" lane="2/3to2/4_0" slope="0.00"/>
    </timestep>
    <timestep time="481.00">
        <vehicle id="0" x="494.52" y="198.35" angle="90.00" type="DEFAULT_VEHTYPE" speed="13.18" pos="89.77" lane="2/1to3/1_0" slope="0.00"/>
        <vehicle id="1" x="470.41" y="401.65" angle="-90.00" type="DEFAULT_VEHTYPE" speed="13.15" pos="124.84" lane="3/2to2/2_0" slope="0.00"/>
        <vehicle id="10" x="198.35" y="212.77" angle="0.00" type="DEFAULT_VEHTYPE" speed="13.43" pos="182.48" lane="1/2to1/1_0" slope="0.00"/>
        <vehicle id="11" x="198.35" y="270.75" angle="0.00" type="DEFAULT_VEHTYPE" speed="12.81" pos="124.50" lane="1/2to1/1_0" slope="0.00"/>
        <vehicle id="12" x="368.39" y="198.35" angle="90.00" type="DEFAULT_VEHTYPE" speed="13.39" pos="163.64" lane="1/1to2/1_0" slope="0.00"/>
        <vehicle id="13" x="198.35" y="365.60" angle="0.00" type="DEFAULT_VEHTYPE" speed="12.81" pos="29.65" lane="1/2to1/1_0" slope="0.00"/>
        <vehicle id="14" x="398.35" y="289.67" angle="0.00" type="DEFAULT_VEHTYPE" speed="13.04" pos="105.58" lane="2/2to2/1_0" slope="0.00"/>
        <vehicle id="4" x="326.55" y="198.35" angle="90.00" type="DEFAULT_VEHTYPE" speed="12.63" pos="121.80" lane="1/1to2/1_0" slope="0.00"/>
        <vehicle id="5" x="800.73" y="201.16" angle="147.52" type="DEFAULT_VEHTYPE" speed="13.38" pos="3.94" lane=":4/1_0_0" slope="0.00"/>
        <vehicle id="7" x="561.09" y="401.65" angle="-90.00" type="DEFAULT_VEHTYPE" speed="12.82" pos="34.16" lane="3/2to2/2_0" slope="0.00"/>
        <vehicle id="8" x="601.65" y="218.97" angle="180.00" type="DEFAULT_VEHTYPE" speed="10.50" pos="14.22" lane="3/1to3/2_0" slope="0.00"/>
        <vehicle id="9" x="401.65" y="637.96" angle="180.00" type="DEFAULT_VEHTYPE" speed="13.79" pos="33.21" lane="2/3to2/4_0" slope="0.00"/>
    </timestep>
    <timestep time="482.00">
        <vehicle id="0" x="507.52" y="198.35" angle="90.00" type="DEFAULT_VEHTYPE" speed="12.99" pos="102.77" lane="2/1to3/1_0" slope="0.00"/>
        <vehicle id="1" x="456.58" y="401.65" angle="-90.00" type="DEFAULT_VEHTYPE" speed="13.83" pos="138.67" lane="3/2to2/2_0" slope="0.00"/>
        <vehicle id="10" x="195.60" y="201.70" angle="-38.89" type="DEFAULT_VEHTYPE" speed="12.66" pos="4.65" lane=":1/1_0_0" slope="0.00"/>
        <vehicle id="11" x="198.35" y="257.32" angle="0.00" type="DEFAULT_VEHTYPE" speed="13.42" pos="137.93" lane="1/2to1/1_0" slope="0.00"/>
        <vehicle id="12" x="378.14" y="198.35" angle="90.00" type="DEFAULT_VEHTYPE" speed="9.75" pos="173.39" lane="1/1to2/1_0" slope="0.00"/>
        <vehicle id="13" x="198.35" y="352.97" angle="0.00" type="DEFAULT_VEHTYPE" speed="12.63" pos="42.28" lane="1/2to1/1_0" slope="0.00"/>
        <vehicle id="14" x="398.35" y="277.01" angle="0.00" type="DEFAULT_VEHTYPE" speed="12.66" pos="118.24" lane="2/2to2/1_0" slope="0.00"/>
        <vehicle id="4" x="340.36" y="198.35" angle="90.00" type="DEFAULT_VEHTYPE" speed="13.81" pos="135.61" lane="1/1to2/1_0" slope="0.00"/>
        <vehicle id="5" x="787.86" y="201.65" angle="-90.00" type="DEFAULT_VEHTYPE" speed="13.02" pos="12.14" lane="4/1to3/1_0" slope="0.00"/>
        <vehicle id="7" x="547.36" y="401.65" angle="-90.00" type="DEFAULT_VEHTYPE" speed="13.73" pos="47.89" lane="3/2to2/2_0" slope="0.00"/>
        <vehicle id="8" x="601.65" y="231.11" angle="180.00" type="DEFAULT_VEHTYPE" speed="12.14" pos="26.36" lane="3/1to3/2_0" slope="0.00"/>
        <vehicle id="9" x="401.65" y="651.42" angle="180.00" type="DEFAULT_VEHTYPE" speed="13.45" pos="46.67" lane="2/3to2/4_0" slope="0.00"/>
    </timestep>
    <timestep time="483.00">
        <vehicle id="0" x="520.64" y="198.35" angle="90.00" type="DEFAULT_VEHTYPE" speed="13.13" pos="115.89" lane="2/1to3/1_0" slope="0.00"/>
        <vehicle id="1" x="442.81" y="401.65" angle="-90.00" type="DEFAULT_VEHTYPE" speed="13.77" pos="152.44" lane="3/2to2/2_0" slope="0.00"/>
        <vehicle id="10" x="182.49" y="201.65" angle="-90.00" type="DEFAULT_VEHTYPE" speed="13.11" pos="12.76" lane="1/1to0/1_0" slope="0.00"/>
        <vehicle id="11" x="198.35" y="243.71" angle="0.00" type="DEFAULT_VEHTYPE" speed="13.62" pos="151.54" lane="1/2to1/1_0" slope="0.00"/>
        <vehicle id="12" x="385.25" y="198.35" angle="90.00" type="DEFAULT_VEHTYPE" speed="7.11" pos="180.50" lane="1/1to2/1_0" slope="0.00"/>
        <vehicle id="13" x="198.35" y="340.11" angle="0.00" type="DEFAULT_VEHTYPE" speed="12.86" pos="55.14" lane="1/2to1/1_0" slope="0.00"/>
        <vehicle id="14" x="398.35" y="263.78" angle="0.00" type="DEFAULT_VEHTYPE" speed="13.23" pos="131.47" lane="2/2to2/1_0" slope="0.00"/>
        <vehicle id="4" x="354.02" y="198.35" angle="90.00" type="DEFAULT_VEHTYPE" speed="13.66" pos="149.27" lane="1/1to2/1_0" slope="0.00"/>
        <vehicle id="5" x="775.21" y="201.65" angle="-90.00" type="DEFAULT_VEHTYPE" speed="12.65" pos="24.79" lane="4/1to3/1_0" slope="0.00"/>
        <vehicle id="7" x="533.59" y="401.65" angle="-90.00" type="DEFAULT_VEHTYPE" speed="13.78" pos="61.66" lane="3/2to2/2_0" slope="0.00"/>
        <vehicle id="8" x="601.65" y="244.91" angle="180.00" type="DEFAULT_VEHTYPE" speed="13.80" pos="40.16" lane="3/1to3/2_0" slope="0.00"/>
        <vehicle id="9" x="401.65" y="664.55" angle="180.00" type="DEFAULT_VEHTYPE" speed="13.13" pos="59.80" lane="2/3to2/4_0" slope="0.00"/>
    </timestep>
    <timestep time="484.00">
        <vehicle id="0" x="533.36" y="198.35" angle="90.00" type="DEFAULT_VEHTYPE" speed="12.72" pos="128.61" lane="2/1to3/1_0" slope="0.00"/>
        <vehicle id="1" x="430.11" y="401.65" angle="-90.00" type="DEFAULT_VEHTYPE" speed="12.70" pos="165.14" lane="3/2to2/2_0" slope="0.00"/>
        <vehicle id="10" x="169.50" y="201.65" angle="-90.00" type="DEFAULT_VEHTYPE" speed="12.99" pos="25.75" lane="1/1to0/1_0" slope="0.00"/>
        <vehicle id="11" x="198.35" y="230.24" angle="0.00" type="DEFAULT_VEHTYPE" speed="13.47" pos="165.01" lane="1/2to1/1_0" slope="0.00"/>
        <vehicle id="12" x="389.08" y="198.35" angle="90.00" type="DEFAULT_VEHTYPE" speed="3.83" pos="184.33" lane="1/1to2/1_0" slope="0.00"/>
        <vehicle id="13" x="198.35" y="327.23" angle="0.00" type="DEFAULT_VEHTYPE" speed="12.88" pos="68.02" lane="1/2to1/1_0" slope="0.00"/>
        <vehicle id="14" x="398.35" y="250.11" angle="0.00" type="DEFAULT_VEHTYPE" speed="13.66" pos="145.14" lane="2/2to2/1_0" slope="0.00"/>
        <vehicle id="4" x="366.34" y="198.35" angle="90.00" type="DEFAULT_VEHTYPE" speed="12.32" pos="161.59" lane="1/1to2/1_0" slope="0.00"/>
        <vehicle id="5" x="762.03" y="201.65" angle="-90.00" type="DEFAULT_VEHTYPE" speed="13.18" pos="37.97" lane="4/1to3/1_0" slope="0.00"/>
        <vehicle id="7" x="520.08" y="401.65" angle="-90.00" type="DEFAULT_VEHTYPE" speed="13.50" pos="75.17" lane="3/2to2/2_0" slope="0.00"/>
        <vehicle id="8" x="601.65" y="257.82" angle="180.00" type="DEFAULT_VEHTYPE" speed="12.91" pos="53.07" lane="3/1to3/2_0" slope="0.00"/>
        <vehicle id="9" x="401.65" y="678.09" angle="180.00" type="DEFAULT_VEHTYPE" speed="13.55" pos="73.34" lane="2/3to2/4_0" slope="0.00"/>
    </timestep>
    <timestep time="485.00">
        <vehicle id="0" x="546.57" y="198.35" angle="90.00" type="DEFAULT_VEHTYPE" speed="13.21" pos="141.82" lane="2/1to3/1_0" slope="0.00"/>
        <vehicle id="1" x="420.72" y="401.65" angle="-90.00" type="DEFAULT_VEHTYPE" speed="9.39" pos="174.53" lane="3/2to2/2_0" slope="0.00"/>
        <vehicle id="10" x="156.00" y="201.65" angle="-90.00" type="DEFAULT_VEHTYPE" speed="13.50" pos="39.25" lane="1/1to0/1_0" slope="0.00"/>
        <vehicle id="11" x="198.35" y="216.37" angle="0.00" type="DEFAULT_VEHTYPE" speed="13.87" pos="178.88" lane="1/2to1/1_0" slope="0.00"/>
        <vehicle id="12" x="394.50" y="198.35" angle="90.00" type="DEFAULT_VEHTYPE" speed="5.42" pos="189.75" lane="1/1to2/1_0" slope="0.00"/>
        <vehicle id="13" x="198.35" y="313.94" angle="0.00" type="DEFAULT_VEHTYPE" speed="13.29" pos="81.31" lane="1/2to1/1_0" slope="0.00"/>
        <vehicle id="14" x="398.35" y="237.17" angle="0.00" type="DEFAULT_VEHTYPE" speed="12.95" pos="158.08" lane="2/2to2/1_0" slope="0.00"/>
        <vehicle id="4" x="374.17" y="198.35" angle="90.00" type="DEFAULT_VEHTYPE" speed="7.82" pos="169.42" lane="1/1to2/1_0" slope="0.00"/>
        <vehicle id="5" x="749.10" y="201.65" angle="-90.00" type="DEFAULT_VEHTYPE" speed="12.93" pos="50.90" lane="4/1to3/1_0" slope="0.00"/>
        <vehicle id="7" x="506.94" y="401.65" angle="-90.00" type="DEFAULT_VEHTYPE" speed="13.14" pos="88.31" lane="3/2to2/2_0" slope="0.00"/>
        <vehicle id="8" x="601.65" y="271.69" angle="180.00" type="DEFAULT_VEHTYPE" speed="13.86" pos="66.94" lane="3/1to3/2_0" slope="0.00"/>
        <vehicle id="9" x="401.65" y="690.77" angle="180.00" type="DEFAULT_VEHTYPE" speed="12.68" pos="86.02" lane="2/3to2/4_0" slope="0.00"/>
    </timestep>
    <timestep time="486.00">
        <vehicle id="0" x="559.79" y="198.35" angle="90.00" type="DEFAULT_VEHTYPE" speed="13.22" pos="155.04" lane="2/1to3/1_0" slope="0.00"/>
        <vehicle id="1" x="414.26" y="401.65" angle="-90.00" type="DEFAULT_VEHTYPE" speed="6.47" pos="180.99" lane="3/2to2/2_0" slope="0.00"/>
        <vehicle id="10" x="142.13" y="201.65" angle="-90.00" type="DEFAULT_VEHTYPE" speed="13.86" pos="53.12" lane="1/1to0/1_0" slope="0.00"/>
        <vehicle id="11" x="197.73" y="202.68" angle="-7.26" type="DEFAULT_VEHTYPE" speed="13.82" pos="2.20" lane=":1/1_0_0" slope="0.00"/>
        <vehicle id="12" x="402.20" y="198.35" angle="90.00" type="DEFAULT_VEHTYPE" speed="7.70" pos="6.95" lane=":2/1_13_0" slope="0.00"/>
        <vehicle id="13" x="198.35" y="301.06" angle="0.00" type="DEFAULT_VEHTYPE" speed="12.88" pos="94.19" lane="1/2to1/1_0" slope="0.00"/>
        <vehicle id="14" x="398.35" y="223.46" angle="0.00" type="DEFAULT_VEHTYPE" speed="13.71" pos="171.79" lane="2/2to2/1_0" slope="0.00"/>
        <vehicle id="4" x="382.09" y="198.35" angle="90.00" type="DEFAULT_VEHTYPE" speed="7.92" pos="177.34" lane="1/1to2/1_0" slope="0.00"/>
        <vehicle id="5" x="735.21" y="201.65" angle="-90.00" type="DEFAULT_VEHTYPE" speed="13.90" pos="64.79" lane="4/1to3/1_0" slope="0.00"/>
        <vehicle id="7" x="493.24" y="401.65" angle="-90.00" type="DEFAULT_VEHTYPE" speed="13.69" pos="102.01" lane="3/2to2/2_0" slope="0.00"/>
        <vehicle id="8" x="601.65" y="285.17" angle="180.00" type="DEFAULT_VEHTYPE" speed="13.48" pos="80.42" lane="3/1to3/2_0" slope="0.00"/>
        <vehicle id="9" x="401.65" y="704.33" angle="180.00" type="DEFAULT_VEHTYPE" speed="13.55" pos="99.58" lane="2/3to2/4_0" slope="0.00"/>
    </timestep>
    <timestep time="487.00">
        <vehicle id="0" x="572.14" y="198.35" angle="90.00" type="DEFAULT_VEHTYPE" speed="12.36" pos="167.39" lane="2/1to3/1_0" slope="0.00"/>
        <vehicle id="1" x="410.49" y="401.65" angle="-90.00" type="DEFAULT_VEHTYPE" speed="3.76" pos="184.76" lane="3/2to2/2_0" slope="0.00"/>
        <vehicle id="10" x="129.03" y="201.65" angle="-90.00" type="DEFAULT_VEHTYPE" speed="13.10" pos="66.22" lane="1/1to0/1_0" slope="0.00"/>
        <vehicle id="11" x="185.20" y="201.65" angle="-90.00" type="DEFAULT_VEHTYPE" speed="12.85" pos="10.05" lane="1/1to0/1_0" slope="0.00"/>
        <vehicle id="12" x="412.32" y="198.35" angle="90.00" type="DEFAULT_VEHTYPE" speed="10.12" pos="7.57" lane="2/1to3/1_0" slope="0.00"/>
        <vehicle id="13" x="198.35" y="287.56" angle="0.00" type="DEFAULT_VEHTYPE" speed="13.51" pos="107.69" lane="1/2to1/1_0" slope="0.00"/>
        <vehicle id="14" x="398.35" y="213.07" angle="0.00" type="DEFAULT_VEHTYPE" speed="10.39" pos="182.18" lane="2/2to2/1_0" slope="0.00"/>
        <vehicle id="4" x="388.17" y="198.35" angle="90.00" type="DEFAULT_VEHTYPE" speed="6.08" pos="183.42" lane="1/1to2/1_0" slope="0.00"/>
        <vehicle id="5" x="722.42" y="201.65" angle="-90.00" type="DEFAULT_VEHTYPE" speed="12.79" pos="77.58" lane="4/1to3/1_0" slope="0.00"/>
        <vehicle id="7" x="479.93" y="401.65" angle="-90.00" type="DEFAULT_VEHTYPE" speed="13.32" pos="115.32" lane="3/2to2/2_0" slope="0.00"/>
        <vehicle id="8" x="601.65" y="298.73" angle="180.00" type="DEFAULT_VEHTYPE" speed="13.56" pos="93.98" lane="3/1to3/2_0" slope="0.00"/>
        <vehicle id="9" x="401.65" y="718.06" angle="180.00" type="DEFAULT_VEHTYPE" speed="13.73" pos="113.31" lane="2/3to2/4_0" slope="0.00"/>
    </timestep>
    <timestep time="488.00">
        <vehicle id="0" x="581.23" y="198.35" angle="90.00" type="DEFAULT_VEHTYPE" speed="9.09" pos="176.48" lane="2/1to3/1_0" slope="0.00"/>
        <vehicle id="1" x="405.20" y="401.65" angle="-90.00" type="DEFAULT_VEHTYPE" speed="5.29" pos="190.05" lane="3/2to2/2_0" slope="0.00"/>
        <vehicle id="10" x="115.65" y="201.65" angle="-90.00" type="DEFAULT_VEHTYPE" speed="13.38" pos="79.60" lane="1/1to0/1_0" slope="0.00"/>
        <vehicle id="11" x="171.92" y="201.65" angle="-90.00" type="DEFAULT_VEHTYPE" speed="13.28" pos="23.33" lane="1/1to0/1_0" slope="0.00"/>
        <vehicle id="12" x="424.39" y="198.35" angle="90.00" type="DEFAULT_VEHTYPE" speed="12.08" pos="19.64" lane="2/1to3/1_0" slope="0.00"/>
        <vehicle id="13" x="198.35" y="273.97" angle="0.00" type="DEFAULT_VEHTYPE" speed="13.58" pos="121.28" lane="1/2to1/1_0" slope="0.00"/>
        <vehicle id="14" x="398.35" y="200.33" angle="0.00" type="DEFAULT_VEHTYPE" speed="12.75" pos="4.42" lane=":2/1_1_0" slope="0.00"/>
        <vehicle id="4" x="390.46" y="198.35" angle="90.00" type="DEFAULT_VEHTYPE" speed="2.29" pos="185.71" lane="1/1to2/1_0" slope="0.00"/>
        <vehicle id="5" x="708.94" y="201.65" angle="-90.00" type="DEFAULT_VEHTYPE" speed="13.47" pos="91.06" lane="4/1to3/1_0" slope="0.00"/>
        <vehicle id="7" x="466.65" y="401.65" angle="-90.00" type="DEFAULT_VEHTYPE" speed="13.28" pos="128.60" lane="3/2to2/2_0" slope="0.00"/>
        <vehicle id="8" x="601.65" y="312.13" angle="180.00" type="DEFAULT_VEHTYPE" speed="13.40" pos="107.38" lane="3/1to3/2_0" slope="0.00"/>
        <vehicle id="9" x="401.65" y="730.99" angle="180.00" type="DEFAULT_VEHTYPE" speed="12.93" pos="126.24" lane="2/3to2/4_0" slope="0.00"/>
    </timestep>
    <timestep time="489.00">
        <vehicle id="0" x="586.59" y="198.35" angle="90.00" type="DEFAULT_VEHTYPE" speed="5.36" pos="181.84" lane="2/1to3/1_0" slope="0.00"/>
        <vehicle id="1" x="399.42" y="399.16" angle="-60.80" type="DEFAULT_VEHTYPE" speed="6.65" pos="6.20" lane=":2/2_6_0" slope="0.00"/>
        <vehicle id="10" x="102.07" y="201.65" angle="-90.00" type="DEFAULT_VEHTYPE" speed="13.58" pos="93.18" lane="1/1to0/1_0" slope="0.00"/>
        <vehicle id="11" x="158.92" y="201.65" angle="-90.00" type="DEFAULT_VEHTYPE" speed="13.00" pos="36.33" lane="1/1to0/1_0" slope="0.00"/>
        <vehicle id="12" x="437.21" y="198.35" angle="90.00" type="DEFAULT_VEHTYPE" speed="12.82" pos="32.46" lane="2/1to3/1_0" slope="0.00"/>
        <vehicle id="13" x="198.35" y="261.12" angle="0.00" type="DEFAULT_VEHTYPE" speed="12.85" pos="134.13" lane="1/2to1/1_0" slope="0.00"/>
        <vehicle id="14" x="398.35" y="186.81" angle="0.00" type="DEFAULT_VEHTYPE" speed="13.51" pos="8.44" lane="2/1to2/0_0" slope="0.00"/>
        <vehicle id="4" x="392.06" y="198.35" angle="90.00" type="DEFAULT_VEHTYPE" speed="1.60" pos="187.31" lane="1/1to2/1_0" slope="0.00"/>
        <vehicle id="5" x="696.29" y="201.65" angle="-90.00" type="DEFAULT_VEHTYPE" speed="12.66" pos="103.71" lane="4/1to3/1_0" slope="0.00"/>
        <vehicle id="7" x="453.94" y="401.65" angle="-90.00" type="DEFAULT_VEHTYPE" speed="12.71" pos="141.31" lane="3/2to2/2_0" slope="0.00"/>
        <vehicle id="8" x="601.65" y="326.00" angle="180.00" type="DEFAULT_VEHTYPE" speed="13.87" pos="121.25" lane="3/1to3/2_0" slope="0.00"/>
        <vehicle id="9" x="401.65" y="743.91" angle="180.00" type="DEFAULT_VEHTYPE" speed="12.92" pos="139.16" lane="2/3to2/4_0" slope="0.00"/>
    </timestep>
    <timestep time="490.00">
        <vehicle id="0" x="589.65" y="198.35" angle="90.00" type="DEFAULT_VEHTYPE" speed="3.06" pos="184.90" lane="2/1to3/1_0" slope="0.00"/>
        <vehicle id="1" x="398.35" y="390.64" angle="-0.64" type="DEFAULT_VEHTYPE" speed="8.73" pos="4.61" lane="2/2to2/1_0" slope="0.00"/>
        <vehicle id="10" x="88.75" y="201.65" angle="-90.00" type="DEFAULT_VEHTYPE" speed="13.32" pos="106.50" lane="1/1to0/1_0" slope="0.00"/>
        <vehicle id="11" x="145.22" y="201.65" angle="-90.00" type="DEFAULT_VEHTYPE" speed="13.70" pos="50.03" lane="1/1to0/1_0" slope="0.00"/>
        <vehicle id="12" x="449.99" y="198.35" angle="90.00" type="DEFAULT_VEHTYPE" speed="12.78" pos="45.24" lane="2/1to3/1_0" slope="0.00"/>
        <vehicle id="13" x="198.35" y="247.52" angle="0.00" type="DEFAULT_VEHTYPE" speed="13.60" pos="147.73" lane="1/2to1/1_0" slope="0.00"/>
        <vehicle id="14" x="398.35" y="173.56" angle="0.00" type="DEFAULT_VEHTYPE" speed="13.26" pos="21.69" lane="2/1to2/0_0" slope="0.00"/>
        <vehicle id="4" x="395.12" y="198.35" angle="90.00" type="DEFAULT_VEHTYPE" speed="3.07" pos="190.37" lane="1/1to2/1_0" slope="0.00"/>
        <vehicle id="5" x="683.21" y="201.65" angle="-90.00" type="DEFAULT_VEHTYPE" speed="13.08" pos="116.79" lane="4/1to3/1_0" slope="0.00"/>
        <vehicle id="7" x="440.06" y="401.65" angle="-90.00" type="DEFAULT_VEHTYPE" speed="13.88" pos="155.19" lane="3/2to2/2_0" slope="0.00"/>
        <vehicle id="8" x="601.65" y="339.32" angle="180.00" type="DEFAULT_VEHTYPE" speed="13.32" pos="134.57" lane="3/1to3/2_0" slope="0.00"/>
        <vehicle id="9" x="401.65" y="757.18" angle="180.00" type="DEFAULT_VEHTYPE" speed="13.27" pos="152.43" lane="2/3to2/4_0" slope="0.00"/>
    </timestep>
    <timestep time="491.00">
        <vehicle id="0" x="594.73" y="198.35" angle="90.00" type="DEFAULT_VEHTYPE" speed="5.09" pos="189.98" lane="2/1to3/1_0" slope="0.00"/>
        <vehicle id="1" x="398.35" y="380.29" angle="0.00" type="DEFAULT_VEHTYPE" speed="10.36" pos="14.96" lane="2/2to2/1_0" slope="0.00"/>
        <vehicle id="10" x="75.30" y="201.65" angle="-90.00" type="DEFAULT_VEHTYPE" speed="13.46" pos="119.95" lane="1/1to0/1_0" slope="0.00"/>
        <vehicle id="11" x="132.22" y="201.65" angle="-90.00" type="DEFAULT_VEHTYPE" speed="13.00" pos="63.03" lane="1/1to0/1_0" slope="0.00"/>
        <vehicle id="12" x="463.20" y="198.35" angle="90.00" type="DEFAULT_VEHTYPE" speed="13.21" pos="58.45" lane="2/1to3/1_0" slope="0.00"/>
        <vehicle id="13" x="198.35" y="233.89" angle="0.00" type="DEFAULT_VEHTYPE" speed="13.64" pos="161.36" lane="1/2to1/1_0" slope="0.00"/>
        <vehicle id="14" x="398.35" y="160.68" angle="0.00" type="DEFAULT_VEHTYPE" speed="12.87" pos="34.57" lane="2/1to2/0_0" slope="0.00"/>
        <vehicle id="4" x="400.73" y="198.35" angle="90.00" type="DEFAULT_VEHTYPE" speed="5.61" pos="5.48" lane=":2/1_13_0" slope="0.00"/>
        <vehicle id="5" x="669.77" y="201.65" angle="-90.00" type="DEFAULT_VEHTYPE" speed="13.44" pos="130.23" lane="4/1to3/1_0" slope="0.00"/>
        <vehicle id="7" x="426.96" y="401.65" angle="-90.00" type="DEFAULT_VEHTYPE" speed="13.10" pos="168.29" lane="3/2to2/2_0" slope="0.00"/>
        <vehicle id="8" x="601.65" y="353.05" angle="180.00" type="DEFAULT_VEHTYPE" speed="13.73" pos="148.30" lane="3/1to3/2_0" slope="0.00"/>
        <vehicle id="9" x="401.65" y="769.87" angle="180.00" type="DEFAULT_VEHTYPE" speed="12.69" pos="165.12" lane="2/3to2/4_0" slope="0.00"/>
    </timestep>
    <timestep time="492.00">
        <vehicle id="0" x="601.89" y="198.35" angle="90.00" type="DEFAULT_VEHTYPE" speed="7.16" pos="6.64" lane=":3/1_13_0" slope="0.00"/>
        <vehicle id="1" x="398.35" y="368.38" angle="0.00" type="DEFAULT_VEHTYPE" speed="11.91" pos="26.87" lane="2/2to2/1_0" slope="0.00"/>
        <vehicle id="10" x="62.12" y="201.65" angle="-90.00" type="DEFAULT_VEHTYPE" speed="13.18" pos="133.13" lane="1/1to0/1_0" slope="0.00"/>
        <vehicle id="11" x="119.12" y="201.65" angle="-90.00" type="DEFAULT_VEHTYPE" speed="13.10" pos="76.13" lane="1/1to0/1_0" slope="0.00"/>
        <vehicle id="12" x="476.95" y="198.35" angle="90.00" type="DEFAULT_VEHTYPE" speed="13.76" pos="72.20" lane="2/1to3/1_0" slope="0.00"/>
        <vehicle id="13" x="198.35" y="221.08" angle="0.00" type="DEFAULT_VEHTYPE" speed="12.81" pos="174.17" lane="1/2to1/1_0" slope="0.00"/>
        <vehicle id="14" x="398.35" y="147.69" angle="0.00" type="DEFAULT_VEHTYPE" speed="12.99" pos="47.56" lane="2/1to2/0_0" slope="0.00"/>
        <vehicle id="4" x="408.38" y="198.35" angle="90.00" type="DEFAULT_VEHTYPE" speed="7.65" pos="3.63" lane="2/1to3/1_0" slope="0.00"/>
        <vehicle id="5" x="656.52" y="201.65" angle="-90.00" type="DEFAULT_VEHTYPE" speed="13.25" pos="143.48" lane="4/1to3/1_0" slope="0.00"/>
        <vehicle id="7" x="418.36" y="401.65" angle="-90.00" type="DEFAULT_VEHTYPE" speed="8.60" pos="176.89" lane="3/2to2/2_0" slope="0.00"/>
        <vehicle id="8" x="601.65" y="366.76" angle="180.00" type="DEFAULT_VEHTYPE" speed="13.70" pos="162.01" lane="3/1to3/2_0" slope="0.00"/>
        <vehicle id="9" x="401.65" y="782.71" angle="180.00" type="DEFAULT_VEHTYPE" speed="12.84" pos="177.96" lane="2/3to2/4_0" slope="0.00"/>
    </timestep>
    <timestep time="493.00">
        <vehicle id="0" x="611.14" y="198.35" angle="90.00" type="DEFAULT_VEHTYPE" speed="9.25" pos="6.39" lane="3/1to4/1_0" slope="0.00"/>
        <vehicle id="1" x="398.35" y="355.68" angle="0.00" type="DEFAULT_VEHTYPE" speed="12.69" pos="39.57" lane="2/2to2/1_0" slope="0.00"/>
        <vehicle id="10" x="49.19" y="201.65" angle="-90.00" type="DEFAULT_VEHTYPE" speed="12.92" pos="146.06" lane="1/1to0/1_0" slope="0.00"/>
        <vehicle id="11" x="105.27" y="201.65" angle="-90.00" type="DEFAULT_VEHTYPE" speed="13.85" pos="89.98" lane="1/1to0/1_0" slope="0.00"/>
        <vehicle id="12" x="489.73" y="198.35" angle="90.00" type="DEFAULT_VEHTYPE" speed="12.78" pos="84.98" lane="2/1to3/1_0" slope="0.00"/>
        <vehicle id="13" x="198.35" y="208.02" angle="0.00" type="DEFAULT_VEHTYPE" speed="13.06" pos="187.23" lane="1/2to1/1_0" slope="0.00"/>
        <vehicle id="14" x="398.35" y="134.18" angle="0.00" type="DEFAULT_VEHTYPE" speed="13.51" pos="61.07" lane="2/1to2/0_0" slope="0.00"/>
        <vehicle id="4" x="417.98" y="198.35" angle="90.00" type="DEFAULT_VEHTYPE" speed="9.60" pos="13.23" lane="2/1to3/1_0" slope="0.00"/>
        <vehicle id="5" x="642.84" y="201.65" angle="-90.00" type="DEFAULT_VEHTYPE" speed="13.68" pos="157.16" lane="4/1to3/1_0" slope="0.00"/>
        <vehicle id="7" x="412.83" y="401.65" angle="-90.00" type="DEFAULT_VEHTYPE" speed="5.53" pos="182.42" lane="3/2to2/2_0" slope="0.00"/>
        <vehicle id="8" x="601.65" y="377.65" angle="180.00" type="DEFAULT_VEHTYPE" speed="10.89" pos="172.90" lane="3/1to3/2_0" slope="0.00"/>
        <vehicle id="9" x="401.65" y="796.28" angle="180.00" type="DEFAULT_VEHTYPE" speed="13.56" pos="191.53" lane="2/3to2/4_0" slope="0.00"/>
    </timestep>
    <timestep time="494.00">
        <vehicle id="0" x="621.96" y="198.35" angle="90.00" type="DEFAULT_VEHTYPE" speed="10.82" pos="17.21" lane="3/1to4/1_0" slope="0.00"/>
        <vehicle id="1" x="398.35" y="342.69" angle="0.00" type="DEFAULT_VEHTYPE" speed="12.99" pos="52.56" lane="2/2to2/1_0" slope="0.00"/>
        <vehicle id="10" x="35.84" y="201.65" angle="-90.00" type="DEFAULT_VEHTYPE" speed="13.36" pos="159.41" lane="1/1to0/1_0" slope="0.00"/>
        <vehicle id="11" x="91.92" y="201.65" angle="-90.00" type="DEFAULT_VEHTYPE" speed="13.35" pos="103.33" lane="1/1to0/1_0" slope="0.00"/>
        <vehicle id="12" x="502.92" y="198.35" angle="90.00" type="DEFAULT_VEHTYPE" speed="13.19" pos="98.17" lane="2/1to3/1_0" slope="0.00"/>
        <vehicle id="13" x="190.47" y="201.65" angle="-89.64" type="DEFAULT_VEHTYPE" speed="13.05" pos="4.78" lane="1/1to0/1_0" slope="0.00"/>
        <vehicle id="14" x="398.35" y="120.78" angle="0.00" type="DEFAULT_VEHTYPE" speed="13.40" pos="74.47" lane="2/1to2/0_0" slope="0.00"/>
        <vehicle id="4" x="430.00" y="198.35" angle="90.00" type="DEFAULT_VEHTYPE" speed="12.01" pos="25.25" lane="2/1to3/1_0" slope="0.00"/>
        <vehicle id="5" x="629.38" y="201.65" angle="-90.00" type="DEFAULT_VEHTYPE" speed="13.45" pos="170.62" lane="4/1to3/1_0" slope="0.00"/>
        <vehicle id="7" x="409.99" y="401.65" angle="-90.00" type="DEFAULT_VEHTYPE" speed="2.84" pos="185.26" lane="3/2to2/2_0" slope="0.00"/>
        <vehicle id="8" x="601.65" y="384.39" angle="180.00" type="DEFAULT_VEHTYPE" speed="6.74" pos="179.64" lane="3/1to3/2_0" slope="0.00"/>
        <vehicle id="9" x="398.35" y="795.25" angle="-1.64" type="DEFAULT_VEHTYPE" speed="13.29" pos="4.75" lane="2/4to2/3_0" slope="0.00"/>
    </timestep>
    <timestep time="495.00">
        <vehicle id="0" x="635.27" y="198.35" angle="90.00" type="DEFAULT_VEHTYPE" speed="13.31" pos="30.52" lane="3/1to4/1_0" slope="0.00"/>
        <vehicle id="1" x="398.35" y="329.57" angle="0.00" type="DEFAULT_VEHTYPE" speed="13.12" pos="65.68" lane="2/2to2/1_0" slope="0.00"/>
        <vehicle id="10" x="22.20" y="201.65" angle="-90.00" type="DEFAULT_VEHTYPE" speed="13.63" pos="173.05" lane="1/1to0/1_0" slope="0.00"/>
        <vehicle id="11" x="78.88" y="201.65" angle="-90.00" type="DEFAULT_VEHTYPE" speed="13.04" pos="116.37" lane="1/1to0/1_0" slope="0.00"/>
        <vehicle id="12" x="515.95" y="198.35" angle="90.00" type="DEFAULT_VEHTYPE" speed="13.03" pos="111.20" lane="2/1to3/1_0" slope="0.00"/>
        <vehicle id="13" x="176.59" y="201.65" angle="-90.00" type="DEFAULT_VEHTYPE" speed="13.88" pos="18.66" lane="1/1to0/1_0" slope="0.00"/>
        <vehicle id="14" x="398.35" y="107.73" angle="0.00" type="DEFAULT_VEHTYPE" speed="13.04" pos="87.52" lane="2/1to2/0_0" slope="0.00"/>
        <vehicle id="4" x="443.14" y="198.35" angle="90.00" type="DEFAULT_VEHTYPE" speed="13.14" pos="38.39" lane="2/1to3/1_0" slope="0.00"/>
        <vehicle id="5" x="619.18" y="201.65" angle="-90.00" type="DEFAULT_VEHTYPE" speed="10.20" pos="180.82" lane="4/1to3/1_0" slope="0.00"/>
        <vehicle id="7" x="405.55" y="401.65" angle="-90.00" type="DEFAULT_VEHTYPE" speed="4.44" pos="189.70" lane="3/2to2/2_0" slope="0.00"/>
        <vehicle id="8" x="601.65" y="389.48" angle="180.00" type="DEFAULT_VEHTYPE" speed="5.10" pos="184.73" lane="3/1to3/2_0" slope="0.00"/>
        <vehicle id="9" x="398.35" y="781.52" angle="0.00" type="DEFAULT_VEHTYPE" speed="13.74" pos="18.48" lane="2/4to2/3_0" slope="0.00"/>
    </timestep>
    <timestep time="496.00">
        <vehicle id="0" x="648.14" y="198.35" angle="90.00" type="DEFAULT_VEHTYPE" speed="12.86" pos="43.39" lane="3/1to4/1_0" slope="0.00"/>
        <vehicle id="1" x="398.35" y="316.55" angle="0.00" type="DEFAULT_VEHTYPE" speed="13.02" pos="78.70" lane="2/2to2/1_0" slope="0.00"/>
        <vehicle id="10" x="9.50" y="201.65" angle="-90.00" type="DEFAULT_VEHTYPE" speed="12.70" pos="185.75" lane="1/1to0/1_0" slope="0.00"/>
        <vehicle id="11" x="65.52" y="201.65" angle="-90.00" type="DEFAULT_VEHTYPE" speed="13.37" pos="129.73" lane="1/1to0/1_0" slope="0.00"/>
        <vehicle id="12" x="529.82" y="198.35" angle="90.00" type="DEFAULT_VEHTYPE" speed="13.87" pos="125.07" lane="2/1to3/1_0" slope="0.00"/>
        <vehicle id="13" x="163.08" y="201.65" angle="-90.00" type="DEFAULT_VEHTYPE" speed="13.51" pos="32.17" lane="1/1to0/1_0" slope="0.00"/>
        <vehicle id="14" x="398.35" y="94.09" angle="0.00" type="DEFAULT_VEHTYPE" speed="13.65" pos="101.16" lane="2/1to2/0_0" slope="0.00"/>
        <vehicle id="4" x="455.97" y="198.35" angle="90.00" type="DEFAULT_VEHTYPE" speed="12.83" pos="51.22" lane="2/1to3/1_0" slope="0.00"/>
        <vehicle id="5" x="612.74" y="201.65" angle="-90.00" type="DEFAULT_VEHTYPE" speed="6.44" pos="187.26" lane="4/1to3/1_0" slope="0.00"/>
        <vehicle id="7" x="399.95" y="400.05" angle="-71.25" type="DEFAULT_VEHTYPE" speed="5.95" pos="5.16" lane=":2/2_6_0" slope="0.00"/>
        <vehicle id="8" x="601.50" y="396.31" angle="-178.27" type="DEFAULT_VEHTYPE" speed="6.84" pos="1.07" lane=":3/2_10_0" slope="0.00"/>
        <vehicle id="9" x="398.35" y="768.48" angle="0.00" type="DEFAULT_VEHTYPE" speed="13.04" pos="31.52" lane="2/4to2/3_0" slope="0.00"/>
    </timestep>
    <timestep time="497.00">
        <vehicle id="0" x="661.87" y="198.35" angle="90.00" type="DEFAULT_VEHTYPE" speed="13.73" pos="57.12" lane="3/1to4/1_0" slope="0.00"/>
        <vehicle id="1" x="398.35" y="303.15" angle="0.00" type="DEFAULT_VEHTYPE" speed="13.40" pos="92.10" lane="2/2to2/1_0" slope="0.00"/>
        <vehicle id="10" x="-1.16" y="199.13" angle="-47.39" type="DEFAULT_VEHTYPE" speed="12.92" pos="3.42" lane=":0/1_0_0" slope="0.00"/>
        <vehicle id="11" x="52.64" y="201.65" angle="-90.00" type="DEFAULT_VEHTYPE" speed="12.88" pos="142.61" lane="1/1to0/1_0" slope="0.00"/>
        <vehicle id="12" x="543.39" y="198.35" angle="90.00" type="DEFAULT_VEHTYPE" speed="13.57" pos="138.64" lane="2/1to3/1_0" slope="0.00"/>
        <vehicle id="13" x="150.32" y="201.65" angle="-90.00" type="DEFAULT_VEHTYPE" speed="12.76" pos="44.93" lane="1/1to0/1_0" slope="0.00"/>
        <vehicle id="14" x="398.35" y="80.26" angle="0.00" type="DEFAULT_VEHTYPE" speed="13.83" pos="114.99" lane="2/1to2/0_0" slope="0.00"/>
        <vehicle id="4" x="469.04" y="198.35" angle="90.00" type="DEFAULT_VEHTYPE" speed="13.07" pos="64.29" lane="2/1to3/1_0" slope="0.00"/>
        <vehicle id="5" x="609.66" y="201.65" angle="-90.00" type="DEFAULT_VEHTYPE" speed="3.08" pos="190.34" lane="4/1to3/1_0" slope="0.00"/>
        <vehicle id="7" x="398.35" y="392.85" angle="-4.23" type="DEFAULT_VEHTYPE" speed="7.57" pos="2.40" lane="2/2to2/1_0" slope="0.00"/>
        <vehicle id="8" x="595.56" y="401.61" angle="-110.31" type="DEFAULT_VEHTYPE" speed="8.93" pos="2.86" lane=":3/2_18_0" slope="0.00"/>
        <vehicle id="9" x="398.35" y="754.87" angle="0.00" type="DEFAULT_VEHTYPE" speed="13.61" pos="45.13" lane="2/4to2/3_0" slope="0.00"/>
    </timestep>
    <timestep time="498.00">
        <vehicle id="0" x="674.49" y="198.35" angle="90.00" type="DEFAULT_VEHTYPE" speed="12.62" pos="69.74" lane="3/1to4/1_0" slope="0.00"/>
        <vehicle id="1" x="398.35" y="290.43" angle="0.00" type="DEFAULT_VEHTYPE" speed="12.72" pos="104.82" lane="2/2to2/1_0" slope="0.00"/>
        <vehicle id="10" x="12.30" y="198.35" angle="90.00" type="DEFAULT_VEHTYPE" speed="13.70" pos="12.30" lane="0/1to1/1_0" slope="0.00"/>
        <vehicle id="11" x="38.97" y="201.65" angle="-90.00" type="DEFAULT_VEHTYPE" speed="13.66" pos="156.28" lane="1/1to0/1_0" slope="0.00"/>
        <vehicle id="12" x="557.02" y="198.35" angle="90.00" type="DEFAULT_VEHTYPE" speed="13.63" pos="152.27" lane="2/1to3/1_0" slope="0.00"/>
        <vehicle id="13" x="136.52" y="201.65" angle="-90.00" type="DEFAULT_VEHTYPE" speed="13.80" pos="58.73" lane="1/1to0/1_0" slope="0.00"/>
        <vehicle id="14" x="398.35" y="67.36" angle="0.00" type="DEFAULT_VEHTYPE" speed="12.90" pos="127.89" lane="2/1to2/0_0" slope="0.00"/>
        <vehicle id="4" x="481.95" y="198.35" angle="90.00" type="DEFAULT_VEHTYPE" speed="12.91" pos="77.20" lane="2/1to3/1_0" slope="0.00"/>
        <vehicle id="5" x="605.26" y="201.65" angle="-90.00" type="DEFAULT_VEHTYPE" speed="4.40" pos="194.74" lane="4/1to3/1_0" slope="0.00"/>
        <vehicle id="7" x="398.35" y="383.74" angle="0.00" type="DEFAULT_VEHTYPE" speed="9.11" pos="11.51" lane="2/2to2/1_0" slope="0.00"/>
        <vehicle id="8" x="584.17" y="401.65" angle="-90.00" type="DEFAULT_VEHTYPE" speed="11.40" pos="11.08" lane="3/2to2/2_0" slope="0.00"/>
        <vehicle id="9" x="398.35" y="741.62" angle="0.00" type="DEFAULT_VEHTYPE" speed="13.25" pos="58.38" lane="2/4to2/3_0" slope="0.00"/>
    </timestep>
    <timestep time="499.00">
        <vehicle id="0" x="687.35" y="198.35" angle="90.00" type="DEFAULT_VEHTYPE" speed="12.86" pos="82.60" lane="3/1to4/1_0" slope="0.00"/>
        <vehicle id="1" x="398.35" y="276.93" angle="0.00" type="DEFAULT_VEHTYPE" speed="13.50" pos="118.32" lane="2/2to2/1_0" slope="0.00"/>
        <vehicle id="10" x="26.05" y="198.35" angle="90.00" type="DEFAULT_VEHTYPE" speed="13.75" pos="26.05" lane="0/1to1/1_0" slope="0.00"/>
        <vehicle id="11" x="25.17" y="201.65" angle="-90.00" type="DEFAULT_VEHTYPE" speed="13.80" pos="170.08" lane="1/1to0/1_0" slope="0.00"/>
        <vehicle id="12" x="570.55" y="198.35" angle="90.00" type="DEFAULT_VEHTYPE" speed="13.54" pos="165.80" lane="2/1to3/1_0" slope="0.00"/>
        <vehicle id="13" x="123.82" y="201.65" angle="-90.00" type="DEFAULT_VEHTYPE" speed="12.70" pos="71.43" lane="1/1to0/1_0" slope="0.00"/>
        <vehicle id="14" x="398.35" y="53.49" angle="0.00" type="DEFAULT_VEHTYPE" speed="13.87" pos="141.76" lane="2/1to2/0_0" slope="0.00"/>
        <vehicle id="4" x="494.63" y="198.35" angle="90.00" type="DEFAULT_VEHTYPE" speed="12.67" pos="89.88" lane="2/1to3/1_0" slope="0.00"/>
        <vehicle id="5" x="601.65" y="205.82" angle="-153.05" type="DEFAULT_VEHTYPE" speed="6.58" pos="1.07" lane="3/1to3/2_0" slope="0.00"/>
        <vehicle id="7" x="398.35" y="372.84" angle="0.00" type="DEFAULT_VEHTYPE" speed="10.90" pos="22.41" lane="2/2to2/1_0" slope="0.00"/>
        <vehicle id="8" x="570.43" y="401.65" angle="-90.00" type="DEFAULT_VEHTYPE" speed="13.74" pos="24.82" lane="3/2to2/2_0" slope="0.00"/>
        <vehicle id="9" x="398.35" y="728.56" angle="0.00" type="DEFAULT_VEHTYPE" speed="13.06" pos="71.44" lane="2/4to2/3_0" slope="0.00"/>
    </timestep>
    <timestep time="500.00">
        <vehicle id="0" x="700.24" y="198.35" angle="90.00" type="DEFAULT_VEHTYPE" speed="12.90" pos="95.49" lane="3/1to4/1_0" slope="0.00"/>
        <vehicle id="1" x="398.35" y="264.15" angle="0.00" type="DEFAULT_VEHTYPE" speed="12.78" pos="131.10" lane="2/2to2/1_0" slope="0.00"/>
        <vehicle id="10" x="38.72" y="198.35" angle="90.00" type="DEFAULT_VEHTYPE" speed="12.66" pos="38.72" lane="0/1to1/1_0" slope="0.00"/>
        <vehicle id="11" x="12.14" y="201.65" angle="-90.00" type="DEFAULT_VEHTYPE" speed="13.03" pos="183.11" lane="1/1to0/1_0" slope="0.00"/>
        <vehicle id="12" x="580.08" y="198.35" angle="90.00" type="DEFAULT_VEHTYPE" speed="9.53" pos="175.33" lane="2/1to3/1_0" slope="0.00"/>
        <vehicle id="13" x="110.90" y="201.65" angle="-90.00" type="DEFAULT_VEHTYPE" speed="12.92" pos="84.35" lane="1/1to0/1_0" slope="0.00"/>
        <vehicle id="14" x="398.35" y="40.46" angle="0.00" type="DEFAULT_VEHTYPE" speed="13.03" pos="154.79" lane="2/1to2/0_0" slope="0.00"/>
        <vehicle id="4" x="507.31" y="198.35" angle="90.00" type="DEFAULT_VEHTYPE" speed="12.68" pos="102.56" lane="2/1to3/1_0" slope="0.00"/>
        <vehicle id="5" x="601.65" y="214.79" angle="180.00" type="DEFAULT_VEHTYPE" speed="8.97" pos="10.04" lane="3/1to3/2_0" slope="0.00"/>
        <vehicle id="7" x="398.35" y="360.40" angle="0.00" type="DEFAULT_VEHTYPE" speed="12.44" pos="34.85" lane="2/2to2/1_0" slope="0.00"/>
        <vehicle id="8" x="557.77" y="401.65" angle="-90.00" type="DEFAULT_VEHTYPE" speed="12.65" pos="37.48" lane="3/2to2/2_0" slope="0.00"/>
        <vehicle id="9" x="398.35" y="715.95" angle="0.00" type="DEFAULT_VEHTYPE" speed="12.61" pos="84.05" lane="2/4to2/3_0" slope="0.00"/>
    </timestep>
    <timestep time="501.00">
        <vehicle id="0" x="713.66" y="198.35" angle="90.00" type="DEFAULT_VEHTYPE" speed="13.42" pos="108.91" lane="3/1to4/1_0" slope="0.00"/>
        <vehicle id="1" x="398.35" y="251.40" angle="0.00" type="DEFAULT_VEHTYPE" speed="12.75" pos="143.85" lane="2/2to2/1_0" slope="0.00"/>
        <vehicle id="10" x="51.99" y="198.35" angle="90.00" type="DEFAULT_VEHTYPE" speed="13.27" pos="51.99" lane="0/1to1/1_0" slope="0.00"/>
        <vehicle id="11" x="-0.51" y="201.31" angle="-86.04" type="DEFAULT_VEHTYPE" speed="12.76" pos="0.61" lane=":0/1_0_0" slope="0.00"/>
        <vehicle id="12" x="586.29" y="198.35" angle="90.00" type="DEFAULT_VEHTYPE" speed="6.21" pos="181.54" lane="2/1to3/1_0" slope="0.00"/>
        <vehicle id="13" x="97.20" y="201.65" angle="-90.00" type="DEFAULT_VEHTYPE" speed="13.70" pos="98.05" lane="1/1to0/1_0" slope="0.00"/>
        <vehicle id="14" x="398.35" y="27.43" angle="0.00" type="DEFAULT_VEHTYPE" speed="13.03" pos="167.82" lane="2/1to2/0_0" slope="0.00"/>
        <vehicle id="4" x="520.47" y="198.35" angle="90.00" type="DEFAULT_VEHTYPE" speed="13.16" pos="115.72" lane="2/1to3/1_0" slope="0.00"/>
        <vehicle id="5" x="601.65" y="225.21" angle="180.00" type="DEFAULT_VEHTYPE" speed="10.42" pos="20.46" lane="3/1to3/2_0" slope="0.00"/>
        <vehicle id="7" x="398.35" y="347.15" angle="0.00" type="DEFAULT_VEHTYPE" speed="13.25" pos="48.10" lane="2/2to2/1_0" slope="0.00"/>
        <vehicle id="8" x="545.10" y="401.65" angle="-90.00" type="DEFAULT_VEHTYPE" speed="12.67" pos="50.15" lane="3/2to2/2_0" slope="0.00"/>
        <vehicle id="9" x="398.35" y="702.93" angle="0.00" type="DEFAULT_VEHTYPE" speed="13.02" pos="97.07" lane="2/4to2/3_0" slope="0.00"/>
    </timestep>
    <timestep time="502.00">
        <vehicle id="0" x="727.08" y="198.35" angle="90.00" type="DEFAULT_VEHTYPE" speed="13.42" pos="122.33" lane="3/1to4/1_0" slope="0.00"/>
        <vehicle id="1" x="398.35" y="237.51" angle="0.00" type="DEFAULT_VEHTYPE" speed="13.89" pos="157.74" lane="2/2to2/1_0" slope="0.00"/>
        <vehicle id="10" x="65.22" y="198.35" angle="90.00" type="DEFAULT_VEHTYPE" speed="13.23" pos="65.22" lane="0/1to1/1_0" slope="0.00"/>
        <vehicle id="11" x="8.65" y="198.35" angle="90.00" type="DEFAULT_VEHTYPE" speed="12.86" pos="8.65" lane="0/1to1/1_0" slope="0.00"/>
        <vehicle id="12" x="589.54" y="198.35" angle="90.00" type="DEFAULT_VEHTYPE" speed="3.25" pos="184.79" lane="2/1to3/1_0" slope="0.00"/>
        <vehicle id="13" x="84.20" y="201.65" angle="-90.00" type="DEFAULT_VEHTYPE" speed="13.01" pos="111.05" lane="1/1to0/1_0" slope="0.00"/>
        <vehicle id="14" x="398.35" y="14.22" angle="0.00" type="DEFAULT_VEHTYPE" speed="13.21" pos="181.03" lane="2/1to2/0_0" slope="0.00"/>
        <vehicle id="4" x="533.83" y="198.35" angle="90.00" type="DEFAULT_VEHTYPE" speed="13.37" pos="129.08" lane="2/1to3/1_0" slope="0.00"/>
        <vehicle id="5" x="601.65" y="238.07" angle="180.00" type="DEFAULT_VEHTYPE" speed="12.86" pos="33.32" lane="3/1to3/2_0" slope="0.00"/>
        <vehicle id="7" x="398.35" y="334.10" angle="0.00" type="DEFAULT_VEHTYPE" speed="13.05" pos="61.15" lane="2/2to2/1_0" slope="0.00"/>
        <vehicle id="8" x="531.76" y="401.65" angle="-90.00" type="DEFAULT_VEHTYPE" speed="13.34" pos="63.49" lane="3/2to2/2_0" slope="0.00"/>
        <vehicle id="9" x="398.35" y="690.20" angle="0.00" type="DEFAULT_VEHTYPE" speed="12.73" pos="109.80" lane="2/4to2/3_0" slope="0.00"/>
    </timestep>
    <timestep time="503.00">
        <vehicle id="0" x="739.69" y="198.35" angle="90.00" type="DEFAULT_VEHTYPE" speed="12.61" pos="134.94" lane="3/1to4/1_0" slope="0.00"/>
        <vehicle id="1" x="398.35" y="223.79" angle="0.00" type="DEFAULT_VEHTYPE" speed="13.72" pos="171.46" lane="2/2to2/1_0" slope="0.00"/>
        <vehicle id="10" x="78.54" y="198.35" angle="90.00" type="DEFAULT_VEHTYPE" speed="13.33" pos="78.54" lane="0/1to1/1_0" slope="0.00"/>
        <vehicle id="11" x="21.62" y="198.35" angle="90.00" type="DEFAULT_VEHTYPE" speed="12.97" pos="21.62" lane="0/1to1/1_0" slope="0.00"/>
        <vehicle id="12" x="594.75" y="198.35" angle="90.00" type="DEFAULT_VEHTYPE" speed="5.21" pos="190.00" lane="2/1to3/1_0" slope="0.00"/>
        <vehicle id="13" x="70.85" y="201.65" angle="-90.00" type="DEFAULT_VEHTYPE" speed="13.35" pos="124.40" lane="1/1to0/1_0" slope="0.00"/>
        <vehicle id="14" x="398.35" y="0.90" angle="0.00" type="DEFAULT_VEHTYPE" speed="13.32" pos="194.35" lane="2/1to2/0_0" slope="0.00"/>
        <vehicle id="4" x="547.51" y="198.35" angle="90.00" type="DEFAULT_VEHTYPE" speed="13.68" pos="142.76" lane="2/1to3/1_0" slope="0.00"/>
        <vehicle id="5" x="601.65" y="251.13" angle="180.00" type="DEFAULT_VEHTYPE" speed="13.06" pos="46.38" lane="3/1to3/2_0" slope="0.00"/>
        <vehicle id="7" x="398.35" y="320.49" angle="0.00" type="DEFAULT_VEHTYPE" speed="13.61" pos="74.76" lane="2/2to2/1_0" slope="0.00"/>
        <vehicle id="8" x="518.61" y="401.65" angle="-90.00" type="DEFAULT_VEHTYPE" speed="13.16" pos="76.64" lane="3/2to2/2_0" slope="0.00"/>
        <vehicle id="9" x="398.35" y="676.68" angle="0.00" type="DEFAULT_VEHTYPE" speed="13.53" pos="123.32" lane="2/4to2/3_0" slope="0.00"/>
    </timestep>
    <timestep time="504.00">
        <vehicle id="0" x="753.55" y="198.35" angle="90.00" type="DEFAULT_VEHTYPE" speed="13.86" pos="148.80" lane="3/1to4/1_0" slope="0.00"/>
        <vehicle id="1" x="398.35" y="210.89" angle="0.00" type="DEFAULT_VEHTYPE" speed="12.90" pos="184.36" lane="2/2to2/1_0" slope="0.00"/>
        <vehicle id="10" x="91.17" y="198.35" angle="90.00" type="DEFAULT_VEHTYPE" speed="12.63" pos="91.17" lane="0/1to1/1_0" slope="0.00"/>
        <vehicle id="11" x="34.69" y="198.35" angle="90.00" type="DEFAULT_VEHTYPE" speed="13.07" pos="34.69" lane="0/1to1/1_0" slope="0.00"/>
        <vehicle id="12" x="600.75" y="201.11" angle="122.54" type="DEFAULT_VEHTYPE" speed="7.02" pos="6.52" lane=":3/1_14_0" slope="0.00"/>
        <vehicle id="13" x="57.85" y="201.65" angle="-90.00" type="DEFAULT_VEHTYPE" speed="12.99" pos="137.40" lane="1/1to0/1_0" slope="0.00"/>
        <vehicle id="14" x="401.65" y="7.76" angle="180.00" type="DEFAULT_VEHTYPE" speed="13.48" pos="7.76" lane="2/0to2/1_0" slope="0.00"/>
        <vehicle id="4" x="560.77" y="198.35" angle="90.00" type="DEFAULT_VEHTYPE" speed="13.26" pos="156.02" lane="2/1to3/1_0" slope="0.00"/>
        <vehicle id="5" x="601.65" y="264.46" angle="180.00" type="DEFAULT_VEHTYPE" speed="13.34" pos="59.71" lane="3/1to3/2_0" slope="0.00"/>
        <vehicle id="7" x="398.35" y="307.09" angle="0.00" type="DEFAULT_VEHTYPE" speed="13.40" pos="88.16" lane="2/2to2/1_0" slope="0.00"/>
        <vehicle id="8" x="504.74" y="401.65" angle="-90.00" type="DEFAULT_VEHTYPE" speed="13.87" pos="90.51" lane="3/2to2/2_0" slope="0.00"/>
        <vehicle id="9" x="398.35" y="662.78" angle="0.00" type="DEFAULT_VEHTYPE" speed="13.89" pos="137.22" lane="2/4to2/3_0" slope="0.00"/>
    </timestep>
    <timestep time="505.00">
        <vehicle id="0" x="767.24" y="198.35" angle="90.00" type="DEFAULT_VEHTYPE" speed="13.69" pos="162.49" lane="3/1to4/1_0" slope="0.00"/>
        <vehicle id="1" x="398.35" y="197.03" angle="0.00" type="DEFAULT_VEHTYPE" speed="13.86" pos="7.72" lane=":2/1_1_0" slope="0.00"/>
        <vehicle id="10" x="104.61" y="198.35" angle="90.00" type="DEFAULT_VEHTYPE" speed="13.43" pos="104.61" lane="0/1to1/1_0" slope="0.00"/>
        <vehicle id="11" x="47.68" y="198.35" angle="90.00" type="DEFAULT_VEHTYPE" speed="12.99" pos="47.68" lane="0/1to1/1_0" slope="0.00"/>
        <vehicle id="12" x="601.65" y="209.63" angle="179.79" type="DEFAULT_VEHTYPE" speed="8.68" pos="4.88" lane="3/1to3/2_0" slope="0.00"/>
        <vehicle id="13" x="44.89" y="201.65" angle="-90.00" type="DEFAULT_VEHTYPE" speed="12.96" pos="150.36" lane="1/1to0/1_0" slope="0.00"/>
        <vehicle id="14" x="401.65" y="21.58" angle="180.00" type="DEFAULT_VEHTYPE" speed="13.82" pos="21.58" lane="2/0to2/1_0" slope="0.00"/>
        <vehicle id="4" x="573.51" y="198.35" angle="90.00" type="DEFAULT_VEHTYPE" speed="12.74" pos="168.76" lane="2/1to3/1_0" slope="0.00"/>
        <vehicle id="5" x="601.65" y="278.33" angle="180.00" type="DEFAULT_VEHTYPE" speed="13.86" pos="73.58" lane="3/1to3/2_0" slope="0.00"/>
        <vehicle id="7" x="398.35" y="294.18" angle="0.00" type="DEFAULT_VEHTYPE" speed="12.90" pos="101.07" lane="2/2to2/1_0" slope="0.00"/>
        <vehicle id="8" x="491.04" y="401.65" angle="-90.00" type="DEFAULT_VEHTYPE" speed="13.70" pos="104.21" lane="3/2to2/2_0" slope="0.00"/>
        <vehicle id="9" x="398.35" y="649.63" angle="0.00" type="DEFAULT_VEHTYPE" speed="13.15" pos="150.37" lane="2/4to2/3_0" slope="0.00"/>
    </timestep>
    <timestep time="506.00">
        <vehicle id="0" x="780.83" y="198.35" angle="90.00" type="DEFAULT_VEHTYPE" speed="13.59" pos="176.08" lane="3/1to4/1_0" slope="0.00"/>
        <vehicle id="1" x="398.35" y="183.69" angle="0.00" type="DEFAULT_VEHTYPE" speed="13.34" pos="11.56" lane="2/1to2/0_0" slope="0.00"/>
        <vehicle id="10" x="117.24" y="198.35" angle="90.00" type="DEFAULT_VEHTYPE" speed="12.63" pos="117.24" lane="0/1to1/1_0" slope="0.00"/>
        <vehicle id="11" x="61.33" y="198.35" angle="90.00" type="DEFAULT_VEHTYPE" speed="13.64" pos="61.33" lane="0/1to1/1_0" slope="0.00"/>
        <vehicle id="12" x="601.65" y="220.85" angle="180.00" type="DEFAULT_VEHTYPE" speed="11.23" pos="16.10" lane="3/1to3/2_0" slope="0.00"/>
        <vehicle id="13" x="31.00" y="201.65" angle="-90.00" type="DEFAULT_VEHTYPE" speed="13.89" pos="164.25" lane="1/1to0/1_0" slope="0.00"/>
        <vehicle id="14" x="401.65" y="34.90" angle="180.00" type="DEFAULT_VEHTYPE" speed="13.33" pos="34.90" lane="2/0to2/1_0" slope="0.00"/>
        <vehicle id="4" x="581.98" y="198.35" angle="90.00" type="DEFAULT_VEHTYPE" speed="8.47" pos="177.23" lane="2/1to3/1_0" slope="0.00"/>
        <vehicle id="5" x="601.65" y="291.02" angle="180.00" type="DEFAULT_VEHTYPE" speed="12.70" pos="86.27" lane="3/1to3/2_0" slope="0.00"/>
        <vehicle id="7" x="398.35" y="281.12" angle="0.00" type="DEFAULT_VEHTYPE" speed="13.06" pos="114.13" lane="2/2to2/1_0" slope="0.00"/>
        <vehicle id="8" x="478.23" y="401.65" angle="-90.00" type="DEFAULT_VEHTYPE" speed="12.81" pos="117.02" lane="3/2to2/2_0" slope="0.00"/>
        <vehicle id="9" x="398.35" y="635.98" angle="0.00" type="DEFAULT_VEHTYPE" speed="13.65" pos="164.02" lane="2/4to2/3_0" slope="0.00"/>
    </timestep>
    <timestep time="507.00">
        <vehicle id="0" x="794.24" y="198.35" angle="90.00" type="DEFAULT_VEHTYPE" speed="13.42" pos="189.49" lane="3/1to4/1_0" slope="0.00"/>
        <vehicle id="1" x="398.35" y="169.96" angle="0.00" type="DEFAULT_VEHTYPE" speed="13.73" pos="25.29" lane="2/1to2/0_0" slope="0.00"/>
        <vehicle id="10" x="129.92" y="198.35" angle="90.00" type="DEFAULT_VEHTYPE" speed="12.68" pos="129.92" lane="0/1to1/1_0" slope="0.00"/>
        <vehicle id="11" x="75.22" y="198.35" angle="90.00" type="DEFAULT_VEHTYPE" speed="13.90" pos="75.22" lane="0/1to1/1_0" slope="0.00"/>
        <vehicle id="12" x="601.65" y="234.49" angle="180.00" type="DEFAULT_VEHTYPE" speed="13.63" pos="29.74" lane="3/1to3/2_0" slope="0.00"/>
        <vehicle id="13" x="17.16" y="201.65" angle="-90.00" type="DEFAULT_VEHTYPE" speed="13.85" pos="178.09" lane="1/1to0/1_0" slope="0.00"/>
        <vehicle id="14" x="401.65" y="47.58" angle="180.00" type="DEFAULT_VEHTYPE" speed="12.68" pos="47.58" lane="2/0to2/1_0" slope="0.00"/>
        <vehicle id="4" x="587.97" y="198.35" angle="90.00" type="DEFAULT_VEHTYPE" speed="6.00" pos="183.22" lane="2/1to3/1_0" slope="0.00"/>
        <vehicle id="5" x="601.65" y="304.79" angle="180.00" type="DEFAULT_VEHTYPE" speed="13.77" pos="100.04" lane="3/1to3/2_0" slope="0.00"/>
        <vehicle id="7" x="398.35" y="268.50" angle="0.00" type="DEFAULT_VEHTYPE" speed="12.62" pos="126.75" lane="2/2to2/1_0" slope="0.00"/>
        <vehicle id="8" x="464.54" y="401.65" angle="-90.00" type="DEFAULT_VEHTYPE" speed="13.69" pos="130.71" lane="3/2to2/2_0" slope="0.00"/>
        <vehicle id="9" x="398.35" y="623.27" angle="0.00" type="DEFAULT_VEHTYPE" speed="12.71" pos="176.73" lane="2/4to2/3_0" slope="0.00"/>
    </timestep>
    <timestep time="508.00">
        <vehicle id="0" x="797.97" y="201.65" angle="-122.19" type="DEFAULT_VEHTYPE" speed="12.60" pos="2.03" lane="4/1to3/1_0" slope="0.00"/>
        <vehicle id="1" x="398.35" y="156.67" angle="0.00" type="DEFAULT_VEHTYPE" speed="13.29" pos="38.58" lane="2/1to2/0_0" slope="0.00"/>
        <vehicle id="10" x="143.74" y="198.35" angle="90.00" type="DEFAULT_VEHTYPE" speed="13.82" pos="143.74" lane="0/1to1/1_0" slope="0.00"/>
        <vehicle id="11" x="88.92" y="198.35" angle="90.00" type="DEFAULT_VEHTYPE" speed="13.70" pos="88.92" lane="0/1to1/1_0" slope="0.00"/>
        <vehicle id="12" x="601.65" y="247.78" angle="180.00" type="DEFAULT_VEHTYPE" speed="13.29" pos="43.03" lane="3/1to3/2_0" slope="0.00"/>
        <vehicle id="13" x="3.40" y="201.65" angle="-90.00" type="DEFAULT_VEHTYPE" speed="13.76" pos="191.85" lane="1/1to0/1_0" slope="0.00"/>
        <vehicle id="14" x="401.65" y="60.57" angle="180.00" type="DEFAULT_VEHTYPE" speed="12.98" pos="60.57" lane="2/0to2/1_0" slope="0.00"/>
        <vehicle id="4" x="590.78" y="198.35" angle="90.00" type="DEFAULT_VEHTYPE" speed="2.80" pos="186.03" lane="2/1to3/1_0" slope="0.00"/>
        <vehicle id="5" x="601.65" y="318.36" angle="180.00" type="DEFAULT_VEHTYPE" speed="13.57" pos="113.61" lane="3/1to3/2_0" slope="0.00"/>
        <vehicle id="7" x="398.35" y="254.62" angle="0.00" type="DEFAULT_VEHTYPE" speed="13.87" pos="140.63" lane="2/2to2/1_0" slope="0.00"/>
        <vehicle id="8" x="451.07" y="401.65" angle="-90.00" type="DEFAULT_VEHTYPE" speed="13.47" pos="144.18" lane="3/2to2/2_0" slope="0.00"/>
        <vehicle id="9" x="398.35" y="609.50" angle="0.00" type="DEFAULT_VEHTYPE" speed="13.77" pos="190.50" lane="2/4to2/3_0" slope="0.00"/>
    </timestep>
    <timestep time="509.00">
        <vehicle id="0" x="784.55" y="201.65" angle="-90.00" type="DEFAULT_VEHTYPE" speed="13.42" pos="15.45" lane="4/1to3/1_0" slope="0.00"/>
        <vehicle id="1" x="398.35" y="143.25" angle="0.00" type="DEFAULT_VEHTYPE" speed="13.43" pos="52.00" lane="2/1to2/0_0" slope="0.00"/>
        <vehicle id="10" x="157.37" y="198.35" angle="90.00" type="DEFAULT_VEHTYPE" speed="13.63" pos="157.37" lane="0/1to1/1_0" slope="0.00"/>
        <vehicle id="11" x="102.26" y="198.35" angle="90.00" type="DEFAULT_VEHTYPE" speed="13.34" pos="102.26" lane="0/1to1/1_0" slope="0.00"/>
        <vehicle id="12" x="601.65" y="261.32" angle="180.00" type="DEFAULT_VEHTYPE" speed="13.55" pos="56.57" lane="3/1to3/2_0" slope="0.00"/>
        <vehicle id="13" x="4.61" y="198.35" angle="87.45" type="DEFAULT_VEHTYPE" speed="12.82" pos="4.61" lane="0/1to1/1_0" slope="0.00"/>
        <vehicle id="14" x="401.65" y="74.39" angle="180.00" type="DEFAULT_VEHTYPE" speed="13.82" pos="74.39" lane="2/0to2/1_0" slope="0.00"/>
        <vehicle id="4" x="595.30" y="198.36" angle="90.08" type="DEFAULT_VEHTYPE" speed="4.52" pos="0.05" lane=":3/1_14_0" slope="0.00"/>
        <vehicle id="5" x="601.65" y="331.00" angle="180.00" type="DEFAULT_VEHTYPE" speed="12.64" pos="126.25" lane="3/1to3/2_0" slope="0.00"/>
        <vehicle id="7" x="398.35" y="241.27" angle="0.00" type="DEFAULT_VEHTYPE" speed="13.36" pos="153.98" lane="2/2to2/1_0" slope="0.00"/>
        <vehicle id="8" x="438.14" y="401.65" angle="-90.00" type="DEFAULT_VEHTYPE" speed="12.93" pos="157.11" lane="3/2to2/2_0" slope="0.00"/>
        <vehicle id="9" x="398.35" y="596.46" angle="0.00" type="DEFAULT_VEHTYPE" speed="13.04" pos="8.29" lane=":2/3_1_0" slope="0.00"/>
    </timestep>
    <timestep time="510.00">
        <vehicle id="0" x="771.66" y="201.65" angle="-90.00" type="DEFAULT_VEHTYPE" speed="12.89" pos="28.34" lane="4/1to3/1_0" slope="0.00"/>
        <vehicle id="1" x="398.35" y="129.41" angle="0.00" type="DEFAULT_VEHTYPE" speed="13.84" pos="65.84" lane="2/1to2/0_0" slope="0.00"/>
        <vehicle id="10" x="170.29" y="198.35" angle="90.00" type="DEFAULT_VEHTYPE" speed="12.93" pos="170.29" lane="0/1to1/1_0" slope="0.00"/>
        <vehicle id="11" x="115.97" y="198.35" angle="90.00" type="DEFAULT_VEHTYPE" speed="13.70" pos="115.97" lane="0/1to1/1_0" slope="0.00"/>
        <vehicle id="12" x="601.65" y="275.09" angle="180.00" type="DEFAULT_VEHTYPE" speed="13.77" pos="70.34" lane="3/1to3/2_0" slope="0.00"/>
        <vehicle id="13" x="17.77" y="198.35" angle="90.00" type="DEFAULT_VEHTYPE" speed="13.16" pos="17.77" lane="0/1to1/1_0" slope="0.00"/>
        <vehicle id="14" x="401.65" y="87.10" angle="180.00" type="DEFAULT_VEHTYPE" speed="12.71" pos="87.10" lane="2/0to2/1_0" slope="0.00"/>
        <vehicle id="4" x="600.97" y="201.49" angle="127.06" type="DEFAULT_VEHTYPE" speed="6.91" pos="6.95" lane=":3/1_14_0" slope="0.00"/>
        <vehicle id="5" x="601.65" y="344.56" angle="180.00" type="DEFAULT_VEHTYPE" speed="13.56" pos="139.81" lane="3/1to3/2_0" slope="0.00"/>
        <vehicle id="7" x="398.35" y="228.35" angle="0.00" type="DEFAULT_VEHTYPE" speed="12.92" pos="166.90" lane="2/2to2/1_0" slope="0.00"/>
        <vehicle id="8" x="425.65" y="401.65" angle="-90.00" type="DEFAULT_VEHTYPE" speed="12.48" pos="169.60" lane="3/2to2/2_0" slope="0.00"/>
        <vehicle id="9" x="398.35" y="583.65" angle="0.00" type="DEFAULT_VEHTYPE" speed="12.81" pos="11.60" lane="2/3to2/2_0" slope="0.00"/>
    </timestep>
    <timestep time="511.00">
        <vehicle id="0" x="758.56" y="201.65" angle="-90.00" type="DEFAULT_VEHTYPE" speed="13.10" pos="41.44" lane="4/1to3/1_0" slope="0.00"/>
        <vehicle id="1" x="398.35" y="115.62" angle="0.00" type="DEFAULT_VEHTYPE" speed="13.78" pos="79.63" lane="2/1to2/0_0" slope="0.00"/>
        <vehicle id="10" x="179.77" y="198.35" angle="90.00" type="DEFAULT_VEHTYPE" speed="9.47" pos="179.77" lane="0/1to1/1_0" slope="0.00"/>
        <vehicle id="11" x="129.03" y="198.35" angle="90.00" type="DEFAULT_VEHTYPE" speed="13.06" pos="129.03" lane="0/1to1/1_0" slope="0.00"/>
        <vehicle id="12" x="601.65" y="288.49" angle="180.00" type="DEFAULT_VEHTYPE" speed="13.40" pos="83.74" lane="3/1to3/2_0" slope="0.00"/>
        <vehicle id="13" x="31.62" y="198.35" angle="90.00" type="DEFAULT_VEHTYPE" speed="13.85" pos="31.62" lane="0/1to1/1_0" slope="0.00"/>
        <vehicle id="14" x="401.65" y="100.63" angle="180.00" type="DEFAULT_VEHTYPE" speed="13.52" pos="100.63" lane="2/0to2/1_0" slope="0.00"/>
        <vehicle id="4" x="601.65" y="210.68" angle="180.00" type="DEFAULT_VEHTYPE" speed="9.29" pos="5.93" lane="3/1to3/2_0" slope="0.00"/>
        <vehicle id="5" x="601.65" y="358.41" angle="180.00" type="DEFAULT_VEHTYPE" speed="13.85" pos="153.66" lane="3/1to3/2_0" slope="0.00"/>
        <vehicle id="7" x="398.35" y="215.74" angle="0.00" type="DEFAULT_VEHTYPE" speed="12.60" pos="179.51" lane="2/2to2/1_0" slope="0.00"/>
        <vehicle id="8" x="417.08" y="401.65" angle="-90.00" type="DEFAULT_VEHTYPE" speed="8.57" pos="178.17" lane="3/2to2/2_0" slope="0.00"/>
        <vehicle id="9" x="398.35" y="570.04" angle="0.00" type="DEFAULT_VEHTYPE" speed="13.60" pos="25.21" lane="2/3to2/2_0" slope="0.00"/>
    </timestep>
    <timestep time="512.00">
        <vehicle id="0" x="745.47" y="201.65" angle="-90.00" type="DEFAULT_VEHTYPE" speed="13.09" pos="54.53" lane="4/1to3/1_0" slope="0.00"/>
        <vehicle id="1" x="398.35" y="101.80" angle="0.00" type="DEFAULT_VEHTYPE" speed="13.83" pos="93.45" lane="2/1to2/0_0" slope="0.00"/>
        <vehicle id="10" x="186.28" y="198.35" angle="90.00" type="DEFAULT_VEHTYPE" speed="6.51" pos="186.28" lane="0/1to1/1_0" slope="0.00"/>
        <vehicle id="11" x="142.22" y="198.35" angle="90.00" type="DEFAULT_VEHTYPE" speed="13.19" pos="142.22" lane="0/1to1/1_0" slope="0.00"/>
        <vehicle id="12" x="601.65" y="301.81" angle="180.00" type="DEFAULT_VEHTYPE" speed="13.32" pos="97.06" lane="3/1to3/2_0" slope="0.00"/>
        <vehicle id="13" x="44.88" y="198.35" angle="90.00" type="DEFAULT_VEHTYPE" speed="13.26" pos="44.88" lane="0/1to1/1_0" slope="0.00"/>
        <vehicle id="14" x="401.65" y="114.52" angle="180.00" type="DEFAULT_VEHTYPE" speed="13.90" pos="114.52" lane="2/0to2/1_0" slope="0.00"/>
        <vehicle id="4" x="601.65" y="221.66" angle="180.00" type="DEFAULT_VEHTYPE" speed="10.98" pos="16.91" lane="3/1to3/2_0" slope="0.00"/>
        <vehicle id="5" x="601.65" y="372.05" angle="180.00" type="DEFAULT_VEHTYPE" speed="13.65" pos="167.30" lane="3/1to3/2_0" slope="0.00"/>
        <vehicle id="7" x="398.35" y="202.59" angle="0.00" type="DEFAULT_VEHTYPE" speed="13.15" pos="2.16" lane=":2/1_1_0" slope="0.00"/>
        <vehicle id="8" x="411.62" y="401.65" angle="-90.00" type="DEFAULT_VEHTYPE" speed="5.46" pos="183.63" lane="3/2to2/2_0" slope="0.00"/>
        <vehicle id="9" x="398.35" y="557.16" angle="0.00" type="DEFAULT_VEHTYPE" speed="12.88" pos="38.09" lane="2/3to2/2_0" slope="0.00"/>
    </timestep>
    <timestep time="513.00">
        <vehicle id="0" x="732.77" y="201.65" angle="-90.00" type="DEFAULT_VEHTYPE" speed="12.71" pos="67.23" lane="4/1to3/1_0" slope="0.00"/>
        <vehicle id="1" x="398.35" y="88.56" angle="0.00" type="DEFAULT_VEHTYPE" speed="13.23" pos="106.69" lane="2/1to2/0_0" slope="0.00"/>
        <vehicle id="10" x="189.88" y="198.35" angle="90.00" type="DEFAULT_VEHTYPE" speed="3.61" pos="189.88" lane="0/1to1/1_0" slope="0.00"/>
        <vehicle id="11" x="155.39" y="198.35" angle="90.00" type="DEFAULT_VEHTYPE" speed="13.17" pos="155.39" lane="0/1to1/1_0" slope="0.00"/>
        <vehicle id="12" x="601.65" y="314.74" angle="180.00" type="DEFAULT_VEHTYPE" speed="12.93" pos="109.99" lane="3/1to3/2_0" slope="0.00"/>
        <vehicle id="13" x="58.03" y="198.35" angle="90.00" type="DEFAULT_VEHTYPE" speed="13.15" pos="58.03" lane="0/1to1/1_0" slope="0.00"/>
        <vehicle id="14" x="401.65" y="127.76" angle="180.00" type="DEFAULT_VEHTYPE" speed="13.23" pos="127.76" lane="2/0to2/1_0" slope="0.00"/>
        <vehicle id="4" x="601.65" y="234.43" angle="180.00" type="DEFAULT_VEHTYPE" speed="12.77" pos="29.68" lane="3/1to3/2_0" slope="0.00"/>
        <vehicle id="5" x="601.65" y="381.53" angle="180.00" type="DEFAULT_VEHTYPE" speed="9.47" pos="176.78" lane="3/1to3/2_0" slope="0.00"/>
        <vehicle id="7" x="398.35" y="189.33" angle="0.00" type="DEFAULT_VEHTYPE" speed="13.26" pos="5.92" lane="2/1to2/0_0" slope="0.00"/>
        <vehicle id="8" x="404.22" y="401.57" angle="-89.13" type="DEFAULT_VEHTYPE" speed="7.40" pos="0.54" lane=":2/2_6_0" slope="0.00"/>
        <vehicle id="9" x="398.35" y="544.06" angle="0.00" type="DEFAULT_VEHTYPE" speed="13.10" pos="51.19" lane="2/3to2/2_0" slope="0.00"/>
    </timestep>
    <timestep time="514.00">
        <vehicle id="0" x="720.07" y="201.65" angle="-90.00" type="DEFAULT_VEHTYPE" speed="12.69" pos="79.93" lane="4/1to3/1_0" slope="0.00"/>
        <vehicle id="1" x="398.35" y="74.90" angle="0.00" type="DEFAULT_VEHTYPE" speed="13.67" pos="120.35" lane="2/1to2/0_0" slope="0.00"/>
        <vehicle id="10" x="195.32" y="198.34" angle="89.88" type="DEFAULT_VEHTYPE" speed="5.44" pos="0.08" lane=":1/1_12_0" slope="0.00"/>
        <vehicle id="11" x="166.51" y="198.35" angle="90.00" type="DEFAULT_VEHTYPE" speed="11.12" pos="166.51" lane="0/1to1/1_0" slope="0.00"/>
        <vehicle id="12" x="601.65" y="327.46" angle="180.00" type="DEFAULT_VEHTYPE" speed="12.72" pos="122.71" lane="3/1to3/2_0" slope="0.00"/>
        <vehicle id="13" x="70.91" y="198.35" angle="90.00" type="DEFAULT_VEHTYPE" speed="12.88" pos="70.91" lane="0/1to1/1_0" slope="0.00"/>
        <vehicle id="14" x="401.65" y="140.65" angle="180.00" type="DEFAULT_VEHTYPE" speed="12.89" pos="140.65" lane="2/0to2/1_0" slope="0.00"/>
        <vehicle id="4" x="601.65" y="247.86" angle="180.00" type="DEFAULT_VEHTYPE" speed="13.44" pos="43.11" lane="3/1to3/2_0" slope="0.00"/>
        <vehicle id="5" x="601.65" y="387.37" angle="180.00" type="DEFAULT_VEHTYPE" speed="5.85" pos="182.62" lane="3/1to3/2_0" slope="0.00"/>
        <vehicle id="7" x="398.35" y="175.76" angle="0.00" type="DEFAULT_VEHTYPE" speed="13.57" pos="19.49" lane="2/1to2/0_0" slope="0.00"/>
        <vehicle id="8" x="398.35" y="395.05" angle="-16.80" type="DEFAULT_VEHTYPE" speed="9.98" pos="0.20" lane="2/2to2/1_0" slope="0.00"/>
        <vehicle id="9" x="398.35" y="530.54" angle="0.00" type="DEFAULT_VEHTYPE" speed="13.52" pos="64.71" lane="2/3to2/2_0" slope="0.00"/>
    </timestep>
    <timestep time="515.00">
        <vehicle id="0" x="706.87" y="201.65" angle="-90.00" type="DEFAULT_VEHTYPE" speed="13.21" pos="93.13" lane="4/1to3/1_0" slope="0.00"/>
        <vehicle id="1" x="398.35" y="62.23" angle="0.00" type="DEFAULT_VEHTYPE" speed="12.67" pos="133.02" lane="2/1to2/0_0" slope="0.00"/>
        <vehicle id="10" x="198.35" y="193.28" angle="15.01" type="DEFAULT_VEHTYPE" speed="6.90" pos="1.97" lane="1/1to1/0_0" slope="0.00"/>
        <vehicle id="11" x="177.62" y="198.35" angle="90.00" type="DEFAULT_VEHTYPE" speed="11.11" pos="177.62" lane="0/1to1/1_0" slope="0.00"/>
        <vehicle id="12" x="601.65" y="340.89" angle="180.00" type="DEFAULT_VEHTYPE" speed="13.43" pos="136.14" lane="3/1to3/2_0" slope="0.00"/>
        <vehicle id="13" x="84.02" y="198.35" angle="90.00" type="DEFAULT_VEHTYPE" speed="13.11" pos="84.02" lane="0/1to1/1_0" slope="0.00"/>
        <vehicle id="14" x="401.65" y="153.56" angle="180.00" type="DEFAULT_VEHTYPE" speed="12.91" pos="153.56" lane="2/0to2/1_0" slope="0.00"/>
        <vehicle id="4" x="601.65" y="260.49" angle="180.00" type="DEFAULT_VEHTYPE" speed="12.63" pos="55.74" lane="3/1to3/2_0" slope="0.00"/>
        <vehicle id="5" x="601.65" y="390.48" angle="180.00" type="DEFAULT_VEHTYPE" speed="3.10" pos="185.73" lane="3/1to3/2_0" slope="0.00"/>
        <vehicle id="7" x="398.35" y="162.23" angle="0.00" type="DEFAULT_VEHTYPE" speed="13.52" pos="33.02" lane="2/1to2/0_0" slope="0.00"/>
        <vehicle id="8" x="398.35" y="382.71" angle="0.00" type="DEFAULT_VEHTYPE" speed="12.34" pos="12.54" lane="2/2to2/1_0" slope="0.00"/>
        <vehicle id="9" x="398.35" y="517.39" angle="0.00" type="DEFAULT_VEHTYPE" speed="13.15" pos="77.86" lane="2/3to2/2_0" slope="0.00"/>
    </timestep>
    <timestep time="516.00">
        <vehicle id="0" x="693.48" y="201.65" angle="-90.00" type="DEFAULT_VEHTYPE" speed="13.38" pos="106.52" lane="4/1to3/1_0" slope="0.00"/>
        <vehicle id="1" x="398.35" y="49.50" angle="0.00" type="DEFAULT_VEHTYPE" speed="12.73" pos="145.75" lane="2/1to2/0_0" slope="0.00"/>
        <vehicle id="10" x="198.35" y="184.10" angle="0.00" type="DEFAULT_VEHTYPE" speed="9.17" pos="11.15" lane="1/1to1/0_0" slope="0.00"/>
        <vehicle id="11" x="184.34" y="198.35" angle="90.00" type="DEFAULT_VEHTYPE" speed="6.72" pos="184.34" lane="0/1to1/1_0" slope="0.00"/>
        <vehicle id="12" x="601.65" y="353.51" angle="180.00" type="DEFAULT_VEHTYPE" speed="12.63" pos="148.76" lane="3/1to3/2_0" slope="0.00"/>
        <vehicle id="13" x="97.16" y="198.35" angle="90.00" type="DEFAULT_VEHTYPE" speed="13.14" pos="97.16" lane="0/1to1/1_0" slope="0.00"/>
        <vehicle id="14" x="401.65" y="166.40" angle="180.00" type="DEFAULT_VEHTYPE" speed="12.84" pos="166.40" lane="2/0to2/1_0" slope="0.00"/>
        <vehicle id="4" x="601.65" y="273.89" angle="180.00" type="DEFAULT_VEHTYPE" speed="13.39" pos="69.14" lane="3/1to3/2_0" slope="0.00"/>
        <vehicle id="5" x="601.56" y="395.89" angle="-178.96" type="DEFAULT_VEHTYPE" speed="5.42" pos="0.64" lane=":3/2_10_0" slope="0.00"/>
        <vehicle id="7" x="398.35" y="149.51" angle="0.00" type="DEFAULT_VEHTYPE" speed="12.72" pos="45.74" lane="2/1to2/0_0" slope="0.00"/>
        <vehicle id="8" x="398.35" y="369.48" angle="0.00" type="DEFAULT_VEHTYPE" speed="13.23" pos="25.77" lane="2/2to2/1_0" slope="0.00"/>
        <vehicle id="9" x="398.35" y="503.89" angle="0.00" type="DEFAULT_VEHTYPE" speed="13.50" pos="91.36" lane="2/3to2/2_0" slope="0.00"/>
    </timestep>
    <timestep time="517.00">
        <vehicle id="0" x="679.95" y="201.65" angle="-90.00" type="DEFAULT_VEHTYPE" speed="13.53" pos="120.05" lane="4/1to3/1_0" slope="0.00"/>
        <vehicle id="1" x="398.35" y="36.20" angle="0.00" type="DEFAULT_VEHTYPE" speed="13.30" pos="159.05" lane="2/1to2/0_0" slope="0.00"/>
        <vehicle id="10" x="198.35" y="173.22" angle="0.00" type="DEFAULT_VEHTYPE" speed="10.89" pos="22.03" lane="1/1to1/0_0" slope="0.00"/>
        <vehicle id="11" x="189.17" y="198.35" angle="90.00" type="DEFAULT_VEHTYPE" speed="4.83" pos="189.17" lane="0/1to1/1_0" slope="0.00"/>
        <vehicle id="12" x="601.65" y="367.32" angle="180.00" type="DEFAULT_VEHTYPE" speed="13.81" pos="162.57" lane="3/1to3/2_0" slope="0.00"/>
        <vehicle id="13" x="110.58" y="198.35" angle="90.00" type="DEFAULT_VEHTYPE" speed="13.41" pos="110.58" lane="0/1to1/1_0" slope="0.00"/>
        <vehicle id="14" x="401.65" y="179.49" angle="180.00" type="DEFAULT_VEHTYPE" speed="13.08" pos="179.49" lane="2/0to2/1_0" slope="0.00"/>
        <vehicle id="4" x="601.65" y="286.96" angle="180.00" type="DEFAULT_VEHTYPE" speed="13.07" pos="82.21" lane="3/1to3/2_0" slope="0.00"/>
        <vehicle id="5" x="597.80" y="401.29" angle="-133.81" type="DEFAULT_VEHTYPE" speed="7.10" pos="0.60" lane=":3/2_18_0" slope="0.00"/>
        <vehicle id="7" x="398.35" y="136.07" angle="0.00" type="DEFAULT_VEHTYPE" speed="13.44" pos="59.18" lane="2/1to2/0_0" slope="0.00"/>
        <vehicle id="8" x="398.35" y="356.76" angle="0.00" type="DEFAULT_VEHTYPE" speed="12.72" pos="38.49" lane="2/2to2/1_0" slope="0.00"/>
        <vehicle id="9" x="398.35" y="490.38" angle="0.00" type="DEFAULT_VEHTYPE" speed="13.51" pos="104.87" lane="2/3to2/2_0" slope="0.00"/>
    </timestep>
    <timestep time="518.00">
        <vehicle id="0" x="666.68" y="201.65" angle="-90.00" type="DEFAULT_VEHTYPE" speed="13.27" pos="133.32" lane="4/1to3/1_0" slope="0.00"/>
        <vehicle id="1" x="398.35" y="22.47" angle="0.00" type="DEFAULT_VEHTYPE" speed="13.73" pos="172.78" lane="2/1to2/0_0" slope="0.00"/>
        <vehicle id="10" x="198.35" y="160.62" angle="0.00" type="DEFAULT_VEHTYPE" speed="12.60" pos="34.63" lane="1/1to1/0_0" slope="0.00"/>
        <vehicle id="11" x="196.13" y="198.23" angle="88.59" type="DEFAULT_VEHTYPE" speed="6.97" pos="0.89" lane=":1/1_12_0" slope="0.00"/>
        <vehicle id="12" x="601.65" y="377.74" angle="180.00" type="DEFAULT_VEHTYPE" speed="10.41" pos="172.99" lane="3/1to3/2_0" slope="0.00"/>
        <vehicle id="13" x="123.70" y="198.35" angle="90.00" type="DEFAULT_VEHTYPE" speed="13.12" pos="123.70" lane="0/1to1/1_0" slope="0.00"/>
        <vehicle id="14" x="401.65" y="192.31" angle="180.00" type="DEFAULT_VEHTYPE" speed="12.83" pos="192.31" lane="2/0to2/1_0" slope="0.00"/>
        <vehicle id="4" x="601.65" y="300.36" angle="180.00" type="DEFAULT_VEHTYPE" speed="13.41" pos="95.61" lane="3/1to3/2_0" slope="0.00"/>
        <vehicle id="5" x="588.64" y="401.65" angle="-90.00" type="DEFAULT_VEHTYPE" speed="9.19" pos="6.61" lane="3/2to2/2_0" slope="0.00"/>
        <vehicle id="7" x="398.35" y="122.25" angle="0.00" type="DEFAULT_VEHTYPE" speed="13.82" pos="73.00" lane="2/1to2/0_0" slope="0.00"/>
        <vehicle id="8" x="398.35" y="343.60" angle="0.00" type="DEFAULT_VEHTYPE" speed="13.16" pos="51.65" lane="2/2to2/1_0" slope="0.00"/>
        <vehicle id="9" x="398.35" y="477.62" angle="0.00" type="DEFAULT_VEHTYPE" speed="12.76" pos="117.63" lane="2/3to2/2_0" slope="0.00"/>
    </timestep>
    <timestep time="519.00">
        <vehicle id="0" x="653.26" y="201.65" angle="-90.00" type="DEFAULT_VEHTYPE" speed="13.43" pos="146.74" lane="4/1to3/1_0" slope="0.00"/>
        <vehicle id="1" x="398.35" y="9.42" angle="0.00" type="DEFAULT_VEHTYPE" speed="13.05" pos="185.83" lane="2/1to2/0_0" slope="0.00"/>
        <vehicle id="10" x="198.35" y="147.06" angle="0.00" type="DEFAULT_VEHTYPE" speed="13.55" pos="48.19" lane="1/1to1/0_0" slope="0.00"/>
        <vehicle id="11" x="198.35" y="190.46" angle="0.34" type="DEFAULT_VEHTYPE" speed="8.90" pos="4.79" lane="1/1to1/0_0" slope="0.00"/>
        <vehicle id="12" x="601.65" y="385.19" angle="180.00" type="DEFAULT_VEHTYPE" speed="7.45" pos="180.44" lane="3/1to3/2_0" slope="0.00"/>
        <vehicle id="13" x="136.77" y="198.35" angle="90.00" type="DEFAULT_VEHTYPE" speed="13.07" pos="136.77" lane="0/1to1/1_0" slope="0.00"/>
        <vehicle id="14" x="409.49" y="198.35" angle="90.42" type="DEFAULT_VEHTYPE" speed="12.67" pos="4.74" lane="2/1to3/1_0" slope="0.00"/>
        <vehicle id="4" x="601.65" y="313.16" angle="180.00" type="DEFAULT_VEHTYPE" speed="12.80" pos="108.41" lane="3/1to3/2_0" slope="0.00"/>
        <vehicle id="5" x="577.42" y="401.65" angle="-90.00" type="DEFAULT_VEHTYPE" speed="11.22" pos="17.83" lane="3/2to2/2_0" slope="0.00"/>
        <vehicle id="7" x="398.35" y="108.89" angle="0.00" type="DEFAULT_VEHTYPE" speed="13.37" pos="86.36" lane="2/1to2/0_0" slope="0.00"/>
        <vehicle id="8" x="398.35" y="330.22" angle="0.00" type="DEFAULT_VEHTYPE" speed="13.38" pos="65.03" lane="2/2to2/1_0" slope="0.00"/>
        <vehicle id="9" x="398.35" y="463.84" angle="0.00" type="DEFAULT_VEHTYPE" speed="13.77" pos="131.41" lane="2/3to2/2_0" slope="0.00"/>
    </timestep>
    <timestep time="520.00">
        <vehicle id="0" x="640.59" y="201.65" angle="-90.00" type="DEFAULT_VEHTYPE" speed="12.67" pos="159.41" lane="4/1to3/1_0" slope="0.00"/>
        <vehicle id="1" x="401.27" y="-0.57" angle="63.62" type="DEFAULT_VEHTYPE" speed="13.55" pos="4.13" lane=":2/0_0_0" slope="0.00"/>
        <vehicle id="10" x="198.35" y="133.75" angle="0.00" type="DEFAULT_VEHTYPE" speed="13.32" pos="61.50" lane="1/1to1/0_0" slope="0.00"/>
        <vehicle id="11" x="198.35" y="179.50" angle="0.00" type="DEFAULT_VEHTYPE" speed="10.96" pos="15.75" lane="1/1to1/0_0" slope="0.00"/>
        <vehicle id="12" x="601.65" y="390.02" angle="180.00" type="DEFAULT_VEHTYPE" speed="4.83" pos="185.27" lane="3/1to3/2_0" slope="0.00"/>
        <vehicle id="13" x="149.76" y="198.35" angle="90.00" type="DEFAULT_VEHTYPE" speed="13.00" pos="149.76" lane="0/1to1/1_0" slope="0.00"/>
        <vehicle id="14" x="422.92" y="198.35" angle="90.00" type="DEFAULT_VEHTYPE" speed="13.44" pos="18.17" lane="2/1to3/1_0" slope="0.00"/>
        <vehicle id="4" x="601.65" y="326.26" angle="180.00" type="DEFAULT_VEHTYPE" speed="13.10" pos="121.51" lane="3/1to3/2_0" slope="0.00"/>
        <vehicle id="5" x="563.63" y="401.65" angle="-90.00" type="DEFAULT_VEHTYPE" speed="13.79" pos="31.62" lane="3/2to2/2_0" slope="0.00"/>
        <vehicle id="7" x="398.35" y="95.46" angle="0.00" type="DEFAULT_VEHTYPE" speed="13.42" pos="99.79" lane="2/1to2/0_0" slope="0.00"/>
        <vehicle id="8" x="398.35" y="317.51" angle="0.00" type="DEFAULT_VEHTYPE" speed="12.71" pos="77.74" lane="2/2to2/1_0" slope="0.00"/>
        <vehicle id="9" x="398.35" y="450.69" angle="0.00" type="DEFAULT_VEHTYPE" speed="13.16" pos="144.56" lane="2/3to2/2_0" slope="0.00"/>
    </timestep>
    <timestep time="521.00">
        <vehicle id="0" x="628.46" y="201.65" angle="-90.00" type="DEFAULT_VEHTYPE" speed="12.13" pos="171.54" lane="4/1to3/1_0" slope="0.00"/>
        <vehicle id="1" x="401.65" y="12.03" angle="180.00" type="DEFAULT_VEHTYPE" speed="12.72" pos="12.03" lane="2/0to2/1_0" slope="0.00"/>
        <vehicle id="10" x="198.35" y="120.88" angle="0.00" type="DEFAULT_VEHTYPE" speed="12.87" pos="74.37" lane="1/1to1/0_0" slope="0.00"/>
        <vehicle id="11" x="198.35" y="166.30" angle="0.00" type="DEFAULT_VEHTYPE" speed="13.20" pos="28.95" lane="1/1to1/0_0" slope="0.00"/>
        <vehicle id="12" x="601.45" y="396.65" angle="-177.71" type="DEFAULT_VEHTYPE" speed="6.64" pos="1.41" lane=":3/2_10_0" slope="0.00"/>
        <vehicle id="13" x="162.84" y="198.35" angle="90.00" type="DEFAULT_VEHTYPE" speed="13.08" pos="162.84" lane="0/1to1/1_0" slope="0.00"/>
        <vehicle id="14" x="436.02" y="198.35" angle="90.00" type="DEFAULT_VEHTYPE" speed="13.10" pos="31.27" lane="2/1to3/1_0" slope="0.00"/>
        <vehicle id="4" x="601.65" y="339.32" angle="180.00" type="DEFAULT_VEHTYPE" speed="13.06" pos="134.57" lane="3/1to3/2_0" slope="0.00"/>
        <vehicle id="5" x="550.05" y="401.65" angle="-90.00" type="DEFAULT_VEHTYPE" speed="13.58" pos="45.20" lane="3/2to2/2_0" slope="0.00"/>
        <vehicle id="7" x="398.35" y="82.47" angle="0.00" type="DEFAULT_VEHTYPE" speed="13.00" pos="112.78" lane="2/1to2/0_0" slope="0.00"/>
        <vehicle id="8" x="398.35" y="304.85" angle="0.00" type="DEFAULT_VEHTYPE" speed="12.66" pos="90.40" lane="2/2to2/1_0" slope="0.00"/>
        <vehicle id="9" x="398.35" y="436.92" angle="0.00" type="DEFAULT_VEHTYPE" speed="13.77" pos="158.33" lane="2/3to2/2_0" slope="0.00"/>
    </timestep>
    <timestep time="522.00">
        <vehicle id="0" x="618.56" y="201.65" angle="-90.00" type="DEFAULT_VEHTYPE" speed="9.89" pos="181.44" lane="4/1to3/1_0" slope="0.00"/>
        <vehicle id="1" x="401.65" y="24.74" angle="180.00" type="DEFAULT_VEHTYPE" speed="12.71" pos="24.74" lane="2/0to2/1_0" slope="0.00"/>
        <vehicle id="10" x="198.35" y="108.20" angle="0.00" type="DEFAULT_VEHTYPE" speed="12.68" pos="87.05" lane="1/1to1/0_0" slope="0.00"/>
        <vehicle id="11" x="198.35" y="153.05" angle="0.00" type="DEFAULT_VEHTYPE" speed="13.25" pos="42.20" lane="1/1to1/0_0" slope="0.00"/>
        <vehicle id="12" x="595.44" y="401.62" angle="-109.06" type="DEFAULT_VEHTYPE" speed="8.72" pos="2.99" lane=":3/2_18_0" slope="0.00"/>
        <vehicle id="13" x="175.28" y="198.35" angle="90.00" type="DEFAULT_VEHTYPE" speed="12.44" pos="175.28" lane="0/1to1/1_0" slope="0.00"/>
        <vehicle id="14" x="448.66" y="198.35" angle="90.00" type="DEFAULT_VEHTYPE" speed="12.64" pos="43.91" lane="2/1to3/1_0" slope="0.00"/>
        <vehicle id="4" x="601.65" y="351.95" angle="180.00" type="DEFAULT_VEHTYPE" speed="12.63" pos="147.20" lane="3/1to3/2_0" slope="0.00"/>
        <vehicle id="5" x="536.70" y="401.65" angle="-90.00" type="DEFAULT_VEHTYPE" speed="13.35" pos="58.55" lane="3/2to2/2_0" slope="0.00"/>
        <vehicle id="7" x="398.35" y="69.82" angle="0.00" type="DEFAULT_VEHTYPE" speed="12.65" pos="125.43" lane="2/1to2/0_0" slope="0.00"/>
        <vehicle id="8" x="398.35" y="291.66" angle="0.00" type="DEFAULT_VEHTYPE" speed="13.18" pos="103.59" lane="2/2to2/1_0" slope="0.00"/>
        <vehicle id="9" x="398.35" y="423.02" angle="0.00" type="DEFAULT_VEHTYPE" speed="13.89" pos="172.23" lane="2/3to2/2_0" slope="0.00"/>
    </timestep>
    <timestep time="523.00">
        <vehicle id="0" x="613.04" y="201.65" angle="-90.00" type="DEFAULT_VEHTYPE" speed="5.53" pos="186.96" lane="4/1to3/1_0" slope="0.00"/>
        <vehicle id="1" x="401.65" y="38.40" angle="180.00" type="DEFAULT_VEHTYPE" speed="13.66" pos="38.40" lane="2/0to2/1_0" slope="0.00"/>
        <vehicle id="10" x="198.35" y="94.50" angle="0.00" type="DEFAULT_VEHTYPE" speed="13.70" pos="100.75" lane="1/1to1/0_0" slope="0.00"/>
        <vehicle id="11" x="198.35" y="139.79" angle="0.00" type="DEFAULT_VEHTYPE" speed="13.26" pos="55.46" lane="1/1to1/0_0" slope="0.00"/>
        <vehicle id="12" x="585.06" y="401.65" angle="-90.00" type="DEFAULT_VEHTYPE" speed="10.38" pos="10.19" lane="3/2to2/2_0" slope="0.00"/>
        <vehicle id="13" x="183.22" y="198.35" angle="90.00" type="DEFAULT_VEHTYPE" speed="7.94" pos="183.22" lane="0/1to1/1_0" slope="0.00"/>
        <vehicle id="14" x="461.39" y="198.35" angle="90.00" type="DEFAULT_VEHTYPE" speed="12.74" pos="56.64" lane="2/1to3/1_0" slope="0.00"/>
        <vehicle id="4" x="601.65" y="365.37" angle="180.00" type="DEFAULT_VEHTYPE" speed="13.41" pos="160.62" lane="3/1to3/2_0" slope="0.00"/>
        <vehicle id="5" x="524.01" y="401.65" angle="-90.00" type="DEFAULT_VEHTYPE" speed="12.69" pos="71.24" lane="3/2to2/2_0" slope="0.00"/>
        <vehicle id="7" x="398.35" y="57.18" angle="0.00" type="DEFAULT_VEHTYPE" speed="12.64" pos="138.07" lane="2/1to2/0_0" slope="0.00"/>
        <vehicle id="8" x="398.35" y="279.06" angle="0.00" type="DEFAULT_VEHTYPE" speed="12.61" pos="116.19" lane="2/2to2/1_0" slope="0.00"/>
        <vehicle id="9" x="398.35" y="409.32" angle="0.00" type="DEFAULT_VEHTYPE" speed="13.70" pos="185.93" lane="2/3to2/2_0" slope="0.00"/>
    </timestep>
    <timestep time="524.00">
        <vehicle id="0" x="610.16" y="201.65" angle="-90.00" type="DEFAULT_VEHTYPE" speed="2.88" pos="189.84" lane="4/1to3/1_0" slope="0.00"/>
        <vehicle id="1" x="401.65" y="51.51" angle="180.00" type="DEFAULT_VEHTYPE" speed="13.11" pos="51.51" lane="2/0to2/1_0" slope="0.00"/>
        <vehicle id="10" x="198.35" y="80.93" angle="0.00" type="DEFAULT_VEHTYPE" speed="13.57" pos="114.32" lane="1/1to1/0_0" slope="0.00"/>
        <vehicle id="11" x="198.35" y="126.99" angle="0.00" type="DEFAULT_VEHTYPE" speed="12.80" pos="68.26" lane="1/1to1/0_0" slope="0.00"/>
        <vehicle id="12" x="572.74" y="401.65" angle="-90.00" type="DEFAULT_VEHTYPE" speed="12.32" pos="22.51" lane="3/2to2/2_0" slope="0.00"/>
        <vehicle id="13" x="187.90" y="198.35" angle="90.00" type="DEFAULT_VEHTYPE" speed="4.69" pos="187.90" lane="0/1to1/1_0" slope="0.00"/>
        <vehicle id="14" x="475.20" y="198.35" angle="90.00" type="DEFAULT_VEHTYPE" speed="13.81" pos="70.45" lane="2/1to3/1_0" slope="0.00"/>
        <vehicle id="4" x="601.65" y="376.62" angle="180.00" type="DEFAULT_VEHTYPE" speed="11.25" pos="171.87" lane="3/1to3/2_0" slope="0.00"/>
        <vehicle id="5" x="511.33" y="401.65" angle="-90.00" type="DEFAULT_VEHTYPE" speed="12.67" pos="83.92" lane="3/2to2/2_0" slope="0.00"/>
        <vehicle id="7" x="398.35" y="44.29" angle="0.00" type="DEFAULT_VEHTYPE" speed="12.89" pos="150.96" lane="2/1to2/0_0" slope="0.00"/>
        <vehicle id="8" x="398.35" y="266.09" angle="0.00" type="DEFAULT_VEHTYPE" speed="12.97" pos="129.16" lane="2/2to2/1_0" slope="0.00"/>
        <vehicle id="9" x="391.24" y="401.65" angle="-88.42" type="DEFAULT_VEHTYPE" speed="13.58" pos="4.01" lane="2/2to1/2_0" slope="0.00"/>
    </timestep>
    <timestep time="525.00">
        <vehicle id="0" x="604.96" y="201.65" angle="-90.00" type="DEFAULT_VEHTYPE" speed="5.20" pos="195.04" lane="4/1to3/1_0" slope="0.00"/>
        <vehicle id="1" x="401.65" y="65.33" angle="180.00" type="DEFAULT_VEHTYPE" speed="13.82" pos="65.33" lane="2/0to2/1_0" slope="0.00"/>
        <vehicle id="10" x="198.35" y="68.23" angle="0.00" type="DEFAULT_VEHTYPE" speed="12.70" pos="127.02" lane="1/1to1/0_0" slope="0.00"/>
        <vehicle id="11" x="198.35" y="113.23" angle="0.00" type="DEFAULT_VEHTYPE" speed="13.76" pos="82.02" lane="1/1to1/0_0" slope="0.00"/>
        <vehicle id="12" x="560.00" y="401.65" angle="-90.00" type="DEFAULT_VEHTYPE" speed="12.74" pos="35.25" lane="3/2to2/2_0" slope="0.00"/>
        <vehicle id="13" x="191.00" y="198.35" angle="90.00" type="DEFAULT_VEHTYPE" speed="3.10" pos="191.00" lane="0/1to1/1_0" slope="0.00"/>
        <vehicle id="14" x="488.37" y="198.35" angle="90.00" type="DEFAULT_VEHTYPE" speed="13.16" pos="83.62" lane="2/1to3/1_0" slope="0.00"/>
        <vehicle id="4" x="601.65" y="384.40" angle="180.00" type="DEFAULT_VEHTYPE" speed="7.78" pos="179.65" lane="3/1to3/2_0" slope="0.00"/>
        <vehicle id="5" x="498.40" y="401.65" angle="-90.00" type="DEFAULT_VEHTYPE" speed="12.93" pos="96.85" lane="3/2to2/2_0" slope="0.00"/>
        <vehicle id="7" x="398.35" y="31.47" angle="0.00" type="DEFAULT_VEHTYPE" speed="12.82" pos="163.78" lane="2/1to2/0_0" slope="0.00"/>
        <vehicle id="8" x="398.35" y="252.24" angle="0.00" type="DEFAULT_VEHTYPE" speed="13.85" pos="143.01" lane="2/2to2/1_0" slope="0.00"/>
        <vehicle id="9" x="378.58" y="401.65" angle="-90.00" type="DEFAULT_VEHTYPE" speed="12.66" pos="16.67" lane="2/2to1/2_0" slope="0.00"/>
    </timestep>
    <timestep time="526.00">
        <vehicle id="0" x="601.65" y="206.21" angle="-158.94" type="DEFAULT_VEHTYPE" speed="6.67" pos="1.46" lane="3/1to3/2_0" slope="0.00"/>
        <vehicle id="1" x="401.65" y="78.63" angle="180.00" type="DEFAULT_VEHTYPE" speed="13.30" pos="78.63" lane="2/0to2/1_0" slope="0.00"/>
        <vehicle id="10" x="198.35" y="54.53" angle="0.00" type="DEFAULT_VEHTYPE" speed="13.70" pos="140.72" lane="1/1to1/0_0" slope="0.00"/>
        <vehicle id="11" x="198.35" y="99.73" angle="0.00" type="DEFAULT_VEHTYPE" speed="13.50" pos="95.52" lane="1/1to1/0_0" slope="0.00"/>
        <vehicle id="12" x="547.00" y="401.65" angle="-90.00" type="DEFAULT_VEHTYPE" speed="13.00" pos="48.25" lane="3/2to2/2_0" slope="0.00"/>
        <vehicle id="13" x="195.86" y="198.27" angle="89.03" type="DEFAULT_VEHTYPE" speed="4.86" pos="0.61" lane=":1/1_12_0" slope="0.00"/>
        <vehicle id="14" x="501.46" y="198.35" angle="90.00" type="DEFAULT_VEHTYPE" speed="13.09" pos="96.71" lane="2/1to3/1_0" slope="0.00"/>
        <vehicle id="4" x="601.65" y="389.02" angle="180.00" type="DEFAULT_VEHTYPE" speed="4.62" pos="184.27" lane="3/1to3/2_0" slope="0.00"/>
        <vehicle id="5" x="485.58" y="401.65" angle="-90.00" type="DEFAULT_VEHTYPE" speed="12.83" pos="109.67" lane="3/2to2/2_0" slope="0.00"/>
        <vehicle id="7" x="398.35" y="18.15" angle="0.00" type="DEFAULT_VEHTYPE" speed="13.32" pos="177.10" lane="2/1to2/0_0" slope="0.00"/>
        <vehicle id="8" x="398.35" y="239.30" angle="0.00" type="DEFAULT_VEHTYPE" speed="12.94" pos="155.95" lane="2/2to2/1_0" slope="0.00"/>
        <vehicle id="9" x="365.11" y="401.65" angle="-90.00" type="DEFAULT_VEHTYPE" speed="13.47" pos="30.14" lane="2/2to1/2_0" slope="0.00"/>
    </timestep>
    <timestep time="527.00">
        <vehicle id="0" x="601.65" y="215.06" angle="180.00" type="DEFAULT_VEHTYPE" speed="8.85" pos="10.31" lane="3/1to3/2_0" slope="0.00"/>
        <vehicle id="1" x="401.65" y="91.67" angle="180.00" type="DEFAULT_VEHTYPE" speed="13.04" pos="91.67" lane="2/0to2/1_0" slope="0.00"/>
        <vehicle id="10" x="198.35" y="41.32" angle="0.00" type="DEFAULT_VEHTYPE" speed="13.21" pos="153.93" lane="1/1to1/0_0" slope="0.00"/>
        <vehicle id="11" x="198.35" y="86.22" angle="0.00" type="DEFAULT_VEHTYPE" speed="13.50" pos="109.03" lane="1/1to1/0_0" slope="0.00"/>
        <vehicle id="12" x="534.00" y="401.65" angle="-90.00" type="DEFAULT_VEHTYPE" speed="13.00" pos="61.25" lane="3/2to2/2_0" slope="0.00"/>
        <vehicle id="13" x="198.35" y="193.48" angle="17.33" type="DEFAULT_VEHTYPE" speed="6.16" pos="1.77" lane="1/1to1/0_0" slope="0.00"/>
        <vehicle id="14" x="514.65" y="198.35" angle="90.00" type="DEFAULT_VEHTYPE" speed="13.19" pos="109.90" lane="2/1to3/1_0" slope="0.00"/>
        <vehicle id="4" x="601.65" y="395.00" angle="180.00" type="DEFAULT_VEHTYPE" speed="5.98" pos="190.25" lane="3/1to3/2_0" slope="0.00"/>
        <vehicle id="5" x="472.71" y="401.65" angle="-90.00" type="DEFAULT_VEHTYPE" speed="12.87" pos="122.54" lane="3/2to2/2_0" slope="0.00"/>
        <vehicle id="7" x="398.35" y="4.95" angle="0.00" type="DEFAULT_VEHTYPE" speed="13.20" pos="190.30" lane="2/1to2/0_0" slope="0.00"/>
        <vehicle id="8" x="398.35" y="225.52" angle="0.00" type="DEFAULT_VEHTYPE" speed="13.78" pos="169.73" lane="2/2to2/1_0" slope="0.00"/>
        <vehicle id="9" x="351.22" y="401.65" angle="-90.00" type="DEFAULT_VEHTYPE" speed="13.89" pos="44.03" lane="2/2to1/2_0" slope="0.00"/>
    </timestep>
    <timestep time="528.00">
        <vehicle id="0" x="601.65" y="226.09" angle="180.00" type="DEFAULT_VEHTYPE" speed="11.03" pos="21.34" lane="3/1to3/2_0" slope="0.00"/>
        <vehicle id="1" x="401.65" y="104.32" angle="180.00" type="DEFAULT_VEHTYPE" speed="12.65" pos="104.32" lane="2/0to2/1_0" slope="0.00"/>
        <vehicle id="10" x="198.35" y="27.91" angle="0.00" type="DEFAULT_VEHTYPE" speed="13.41" pos="167.34" lane="1/1to1/0_0" slope="0.00"/>
        <vehicle id="11" x="198.35" y="72.52" angle="0.00" type="DEFAULT_VEHTYPE" speed="13.71" pos="122.73" lane="1/1to1/0_0" slope="0.00"/>
        <vehicle id="12" x="521.28" y="401.65" angle="-90.00" type="DEFAULT_VEHTYPE" speed="12.72" pos="73.97" lane="3/2to2/2_0" slope="0.00"/>
        <vehicle id="13" x="198.35" y="184.84" angle="0.00" type="DEFAULT_VEHTYPE" speed="8.64" pos="10.41" lane="1/1to1/0_0" slope="0.00"/>
        <vehicle id="14" x="528.49" y="198.35" angle="90.00" type="DEFAULT_VEHTYPE" speed="13.85" pos="123.74" lane="2/1to3/1_0" slope="0.00"/>
        <vehicle id="4" x="597.79" y="401.29" angle="-133.68" type="DEFAULT_VEHTYPE" speed="8.00" pos="0.61" lane=":3/2_18_0" slope="0.00"/>
        <vehicle id="5" x="459.04" y="401.65" angle="-90.00" type="DEFAULT_VEHTYPE" speed="13.66" pos="136.21" lane="3/2to2/2_0" slope="0.00"/>
        <vehicle id="7" x="401.65" y="3.35" angle="168.23" type="DEFAULT_VEHTYPE" speed="13.12" pos="3.35" lane="2/0to2/1_0" slope="0.00"/>
        <vehicle id="8" x="398.35" y="212.83" angle="0.00" type="DEFAULT_VEHTYPE" speed="12.69" pos="182.42" lane="2/2to2/1_0" slope="0.00"/>
        <vehicle id="9" x="337.89" y="401.65" angle="-90.00" type="DEFAULT_VEHTYPE" speed="13.33" pos="57.36" lane="2/2to1/2_0" slope="0.00"/>
    </timestep>
    <timestep time="529.00">
        <vehicle id="0" x="601.65" y="238.70" angle="180.00" type="DEFAULT_VEHTYPE" speed="12.61" pos="33.95" lane="3/1to3/2_0" slope="0.00"/>
        <vehicle id="1" x="401.65" y="117.64" angle="180.00" type="DEFAULT_VEHTYPE" speed="13.32" pos="117.64" lane="2/0to2/1_0" slope="0.00"/>
        <vehicle id="10" x="198.35" y="14.78" angle="0.00" type="DEFAULT_VEHTYPE" speed="13.13" pos="180.47" lane="1/1to1/0_0" slope="0.00"/>
        <vehicle id="11" x="198.35" y="59.12" angle="0.00" type="DEFAULT_VEHTYPE" speed="13.40" pos="136.13" lane="1/1to1/0_0" slope="0.00"/>
        <vehicle id="12" x="508.39" y="401.65" angle="-90.00" type="DEFAULT_VEHTYPE" speed="12.90" pos="86.86" lane="3/2to2/2_0" slope="0.00"/>
        <vehicle id="13" x="198.35" y="173.61" angle="0.00" type="DEFAULT_VEHTYPE" speed="11.23" pos="21.64" lane="1/1to1/0_0" slope="0.00"/>
        <vehicle id="14" x="542.27" y="198.35" angle="90.00" type="DEFAULT_VEHTYPE" speed="13.78" pos="137.52" lane="2/1to3/1_0" slope="0.00"/>
        <vehicle id="4" x="587.81" y="401.65" angle="-90.00" type="DEFAULT_VEHTYPE" speed="10.01" pos="7.44" lane="3/2to2/2_0" slope="0.00"/>
        <vehicle id="5" x="445.94" y="401.65" angle="-90.00" type="DEFAULT_VEHTYPE" speed="13.10" pos="149.31" lane="3/2to2/2_0" slope="0.00"/>
        <vehicle id="7" x="401.65" y="16.58" angle="180.00" type="DEFAULT_VEHTYPE" speed="13.23" pos="16.58" lane="2/0to2/1_0" slope="0.00"/>
        <vehicle id="8" x="398.35" y="199.08" angle="0.00" type="DEFAULT_VEHTYPE" speed="13.75" pos="5.67" lane=":2/1_1_0" slope="0.00"/>
        <vehicle id="9" x="325.08" y="401.65" angle="-90.00" type="DEFAULT_VEHTYPE" speed="12.81" pos="70.17" lane="2/2to1/2_0" slope="0.00"/>
    </timestep>
    <timestep time="530.00">
        <vehicle id="0" x="601.65" y="252.41" angle="180.00" type="DEFAULT_VEHTYPE" speed="13.70" pos="47.66" lane="3/1to3/2_0" slope="0.00"/>
        <vehicle id="1" x="401.65" y="130.36" angle="180.00" type="DEFAULT_VEHTYPE" speed="12.72" pos="130.36" lane="2/0to2/1_0" slope="0.00"/>
        <vehicle id="10" x="198.35" y="1.42" angle="0.00" type="DEFAULT_VEHTYPE" speed="13.36" pos="193.83" lane="1/1to1/0_0" slope="0.00"/>
        <vehicle id="11" x="198.35" y="45.88" angle="0.00" type="DEFAULT_VEHTYPE" speed="13.24" pos="149.37" lane="1/1to1/0_0" slope="0.00"/>
        <vehicle id="12" x="494.85" y="401.65" angle="-90.00" type="DEFAULT_VEHTYPE" speed="13.53" pos="100.40" lane="3/2to2/2_0" slope="0.00"/>
        <vehicle id="13" x="198.35" y="160.24" angle="0.00" type="DEFAULT_VEHTYPE" speed="13.37" pos="35.01" lane="1/1to1/0_0" slope="0.00"/>
        <vehicle id="14" x="555.38" y="198.35" angle="90.00" type="DEFAULT_VEHTYPE" speed="13.11" pos="150.63" lane="2/1to3/1_0" slope="0.00"/>
        <vehicle id="4" x="576.17" y="401.65" angle="-90.00" type="DEFAULT_VEHTYPE" speed="11.63" pos="19.08" lane="3/2to2/2_0" slope="0.00"/>
        <vehicle id="5" x="433.01" y="401.65" angle="-90.00" type="DEFAULT_VEHTYPE" speed="12.93" pos="162.24" lane="3/2to2/2_0" slope="0.00"/>
        <vehicle id="7" x="401.65" y="29.68" angle="180.00" type="DEFAULT_VEHTYPE" speed="13.10" pos="29.68" lane="2/0to2/1_0" slope="0.00"/>
        <vehicle id="8" x="398.35" y="185.86" angle="0.00" type="DEFAULT_VEHTYPE" speed="13.22" pos="9.39" lane="2/1to2/0_0" slope="0.00"/>
        <vehicle id="9" x="312.02" y="401.65" angle="-90.00" type="DEFAULT_VEHTYPE" speed="13.06" pos="83.23" lane="2/2to1/2_0" slope="0.00"/>
    </timestep>
    <timestep time="531.00">
        <vehicle id="0" x="601.65" y="265.87" angle="180.00" type="DEFAULT_VEHTYPE" speed="13.46" pos="61.12" lane="3/1to3/2_0" slope="0.00"/>
        <vehicle id="1" x="401.65" y="143.88" angle="180.00" type="DEFAULT_VEHTYPE" speed="13.52" pos="143.88" lane="2/0to2/1_0" slope="0.00"/>
        <vehicle id="10" x="201.65" y="6.88" angle="180.00" type="DEFAULT_VEHTYPE" speed="13.13" pos="6.88" lane="1/0to1/1_0" slope="0.00"/>
        <vehicle id="11" x="198.35" y="32.70" angle="0.00" type="DEFAULT_VEHTYPE" speed="13.19" pos="162.55" lane="1/1to1/0_0" slope="0.00"/>
        <vehicle id="12" x="481.95" y="401.65" angle="-90.00" type="DEFAULT_VEHTYPE" speed="12.90" pos="113.30" lane="3/2to2/2_0" slope="0.00"/>
        <vehicle id="13" x="198.35" y="146.90" angle="0.00" type="DEFAULT_VEHTYPE" speed="13.34" pos="48.35" lane="1/1to1/0_0" slope="0.00"/>
        <vehicle id="14" x="568.06" y="198.35" angle="90.00" type="DEFAULT_VEHTYPE" speed="12.68" pos="163.31" lane="2/1to3/1_0" slope="0.00"/>
        <vehicle id="4" x="563.28" y="401.65" angle="-90.00" type="DEFAULT_VEHTYPE" speed="12.89" pos="31.97" lane="3/2to2/2_0" slope="0.00"/>
        <vehicle id="5" x="421.76" y="401.65" angle="-90.00" type="DEFAULT_VEHTYPE" speed="11.25" pos="173.49" lane="3/2to2/2_0" slope="0.00"/>
        <vehicle id="7" x="401.65" y="43.05" angle="180.00" type="DEFAULT_VEHTYPE" speed="13.37" pos="43.05" lane="2/0to2/1_0" slope="0.00"/>
        <vehicle id="8" x="398.35" y="172.20" angle="0.00" type="DEFAULT_VEHTYPE" speed="13.66" pos="23.05" lane="2/1to2/0_0" slope="0.00"/>
        <vehicle id="9" x="298.35" y="401.65" angle="-90.00" type="DEFAULT_VEHTYPE" speed="13.66" pos="96.90" lane="2/2to1/2_0" slope="0.00"/>
    </timestep>
    <timestep time="532.00">
        <vehicle id="0" x="601.65" y="278.67" angle="180.00" type="DEFAULT_VEHTYPE" speed="12.80" pos="73.92" lane="3/1to3/2_0" slope="0.00"/>
        <vehicle id="1" x="401.65" y="157.02" angle="180.00" type="DEFAULT_VEHTYPE" speed="13.13" pos="157.02" lane="2/0to2/1_0" slope="0.00"/>
        <vehicle id="10" x="201.65" y="20.02" angle="180.00" type="DEFAULT_VEHTYPE" speed="13.14" pos="20.02" lane="1/0to1/1_0" slope="0.00"/>
        <vehicle id="11" x="198.35" y="20.01" angle="0.00" type="DEFAULT_VEHTYPE" speed="12.68" pos="175.24" lane="1/1to1/0_0" slope="0.00"/>
        <vehicle id="12" x="468.30" y="401.65" angle="-90.00" type="DEFAULT_VEHTYPE" speed="13.65" pos="126.95" lane="3/2to2/2_0" slope="0.00"/>
        <vehicle id="13" x="198.35" y="133.25" angle="0.00" type="DEFAULT_VEHTYPE" speed="13.65" pos="62.00" lane="1/1to1/0_0" slope="0.00"/>
        <vehicle id="14" x="578.27" y="198.35" angle="90.00" type="DEFAULT_VEHTYPE" speed="10.21" pos="173.52" lane="2/1to3/1_0" slope="0.00"/>
        <vehicle id="4" x="549.71" y="401.65" angle="-90.00" type="DEFAULT_VEHTYPE" speed="13.57" pos="45.54" lane="3/2to2/2_0" slope="0.00"/>
        <vehicle id="5" x="414.31" y="401.65" angle="-90.00" type="DEFAULT_VEHTYPE" speed="7.46" pos="180.94" lane="3/2to2/2_0" slope="0.00"/>
        <vehicle id="7" x="401.65" y="56.17" angle="180.00" type="DEFAULT_VEHTYPE" speed="13.12" pos="56.17" lane="2/0to2/1_0" slope="0.00"/>
        <vehicle id="8" x="398.35" y="159.39" angle="0.00" type="DEFAULT_VEHTYPE" speed="12.81" pos="35.86" lane="2/1to2/0_0" slope="0.00"/>
        <vehicle id="9" x="285.51" y="401.65" angle="-90.00" type="DEFAULT_VEHTYPE" speed="12.84" pos="109.74" lane="2/2to1/2_0" slope="0.00"/>
    </timestep>
    <timestep time="533.00">
        <vehicle id="0" x="601.65" y="291.70" angle="180.00" type="DEFAULT_VEHTYPE" speed="13.03" pos="86.95" lane="3/1to3/2_0" slope="0.00"/>
        <vehicle id="1" x="401.65" y="169.93" angle="180.00" type="DEFAULT_VEHTYPE" speed="12.92" pos="169.93" lane="2/0to2/1_0" slope="0.00"/>
        <vehicle id="10" x="201.65" y="33.55" angle="180.00" type="DEFAULT_VEHTYPE" speed="13.53" pos="33.55" lane="1/0to1/1_0" slope="0.00"/>
        <vehicle id="11" x="198.35" y="7.31" angle="0.00" type="DEFAULT_VEHTYPE" speed="12.71" pos="187.94" lane="1/1to1/0_0" slope="0.00"/>
        <vehicle id="12" x="454.51" y="401.65" angle="-90.00" type="DEFAULT_VEHTYPE" speed="13.79" pos="140.74" lane="3/2to2/2_0" slope="0.00"/>
        <vehicle id="13" x="198.35" y="119.99" angle="0.00" type="DEFAULT_VEHTYPE" speed="13.26" pos="75.26" lane="1/1to1/0_0" slope="0.00"/>
        <vehicle id="14" x="584.81" y="198.35" angle="90.00" type="DEFAULT_VEHTYPE" speed="6.54" pos="180.06" lane="2/1to3/1_0" slope="0.00"/>
        <vehicle id="4" x="536.66" y="401.65" angle="-90.00" type="DEFAULT_VEHTYPE" speed="13.05" pos="58.59" lane="3/2to2/2_0" slope="0.00"/>
        <vehicle id="5" x="410.51" y="401.65" angle="-90.00" type="DEFAULT_VEHTYPE" speed="3.79" pos="184.74" lane="3/2to2/2_0" slope="0.00"/>
        <vehicle id="7" x="401.65" y="69.13" angle="180.00" type="DEFAULT_VEHTYPE" speed="12.96" pos="69.13" lane="2/0to2/1_0" slope="0.00"/>
        <vehicle id="8" x="398.35" y="145.54" angle="0.00" type="DEFAULT_VEHTYPE" speed="13.84" pos="49.71" lane="2/1to2/0_0" slope="0.00"/>
        <vehicle id="9" x="272.10" y="401.65" angle="-90.00" type="DEFAULT_VEHTYPE" speed="13.41" pos="123.15" lane="2/2to1/2_0" slope="0.00"/>
    </timestep>
    <timestep time="534.00">
        <vehicle id="0" x="601.65" y="304.93" angle="180.00" type="DEFAULT_VEHTYPE" speed="13.23" pos="100.18" lane="3/1to3/2_0" slope="0.00"/>
        <vehicle id="1" x="401.65" y="183.30" angle="180.00" type="DEFAULT_VEHTYPE" speed="13.36" pos="183.30" lane="2/0to2/1_0" slope="0.00"/>
        <vehicle id="10" x="201.65" y="46.93" angle="180.00" type="DEFAULT_VEHTYPE" speed="13.38" pos="46.93" lane="1/0to1/1_0" slope="0.00"/>
        <vehicle id="11" x="201.65" y="1.24" angle="128.13" type="DEFAULT_VEHTYPE" speed="13.37" pos="1.24" lane="1/0to1/1_0" slope="0.00"/>
        <vehicle id="12" x="441.58" y="401.65" angle="-90.00" type="DEFAULT_VEHTYPE" speed="12.94" pos="153.67" lane="3/2to2/2_0" slope="0.00"/>
        <vehicle id="13" x="198.35" y="106.17" angle="0.00" type="DEFAULT_VEHTYPE" speed="13.82" pos="89.08" lane="1/1to1/0_0" slope="0.00"/>
        <vehicle id="14" x="588.70" y="198.35" angle="90.00" type="DEFAULT_VEHTYPE" speed="3.89" pos="183.95" lane="2/1to3/1_0" slope="0.00"/>
        <vehicle id="4" x="523.01" y="401.65" angle="-90.00" type="DEFAULT_VEHTYPE" speed="13.65" pos="72.24" lane="3/2to2/2_0" slope="0.00"/>
        <vehicle id="5" x="405.31" y="401.65" angle="-90.00" type="DEFAULT_VEHTYPE" speed="5.21" pos="189.94" lane="3/2to2/2_0" slope="0.00"/>
        <vehicle id="7" x="401.65" y="81.74" angle="180.00" type="DEFAULT_VEHTYPE" speed="12.61" pos="81.74" lane="2/0to2/1_0" slope="0.00"/>
        <vehicle id="8" x="398.35" y="131.98" angle="0.00" type="DEFAULT_VEHTYPE" speed="13.57" pos="63.27" lane="2/1to2/0_0" slope="0.00"/>
        <vehicle id="9" x="258.98" y="401.65" angle="-90.00" type="DEFAULT_VEHTYPE" speed="13.11" pos="136.27" lane="2/2to1/2_0" slope="0.00"/>
    </timestep>
    <timestep time="535.00">
        <vehicle id="0" x="601.65" y="317.57" angle="180.00" type="DEFAULT_VEHTYPE" speed="12.63" pos="112.82" lane="3/1to3/2_0" slope="0.00"/>
        <vehicle id="1" x="401.99" y="196.85" angle="176.14" type="DEFAULT_VEHTYPE" speed="13.61" pos="1.65" lane=":2/1_8_0" slope="0.00"/>
        <vehicle id="10" x="201.65" y="60.49" angle="180.00" type="DEFAULT_VEHTYPE" speed="13.56" pos="60.49" lane="1/0to1/1_0" slope="0.00"/>
        <vehicle id="11" x="201.65" y="14.46" angle="180.00" type="DEFAULT_VEHTYPE" speed="13.22" pos="14.46" lane="1/0to1/1_0" slope="0.00"/>
        <vehicle id="12" x="428.79" y="401.65" angle="-90.00" type="DEFAULT_VEHTYPE" speed="12.79" pos="166.46" lane="3/2to2/2_0" slope="0.00"/>
        <vehicle id="13" x="198.35" y="92.92" angle="0.00" type="DEFAULT_VEHTYPE" speed="13.25" pos="102.33" lane="1/1to1/0_0" slope="0.00"/>
        <vehicle id="14" x="594.56" y="198.35" angle="90.00" type="DEFAULT_VEHTYPE" speed="5.86" pos="189.81" lane="2/1to3/1_0" slope="0.00"/>
        <vehicle id="4" x="509.18" y="401.65" angle="-90.00" type="DEFAULT_VEHTYPE" speed="13.83" pos="86.07" lane="3/2to2/2_0" slope="0.00"/>
        <vehicle id="5" x="399.16" y="398.73" angle="-55.62" type="DEFAULT_VEHTYPE" speed="7.25" pos="6.70" lane=":2/2_6_0" slope="0.00"/>
        <vehicle id="7" x="401.65" y="95.02" angle="180.00" type="DEFAULT_VEHTYPE" speed="13.28" pos="95.02" lane="2/0to2/1_0" slope="0.00"/>
        <vehicle id="8" x="398.35" y="118.18" angle="0.00" type="DEFAULT_VEHTYPE" speed="13.80" pos="77.07" lane="2/1to2/0_0" slope="0.00"/>
        <vehicle id="9" x="246.21" y="401.65" angle="-90.00" type="DEFAULT_VEHTYPE" speed="12.77" pos="149.04" lane="2/2to1/2_0" slope="0.00"/>
    </timestep>
    <timestep time="536.00">
        <vehicle id="0" x="601.65" y="331.09" angle="180.00" type="DEFAULT_VEHTYPE" speed="13.53" pos="126.34" lane="3/1to3/2_0" slope="0.00"/>
        <vehicle id="1" x="414.45" y="198.35" angle="90.00" type="DEFAULT_VEHTYPE" speed="13.04" pos="9.70" lane="2/1to3/1_0" slope="0.00"/>
        <vehicle id="10" x="201.65" y="74.18" angle="180.00" type="DEFAULT_VEHTYPE" speed="13.69" pos="74.18" lane="1/0to1/1_0" slope="0.00"/>
        <vehicle id="11" x="201.65" y="28.36" angle="180.00" type="DEFAULT_VEHTYPE" speed="13.90" pos="28.36" lane="1/0to1/1_0" slope="0.00"/>
        <vehicle id="12" x="418.71" y="401.65" angle="-90.00" type="DEFAULT_VEHTYPE" speed="10.08" pos="176.54" lane="3/2to2/2_0" slope="0.00"/>
        <vehicle id="13" x="198.35" y="79.95" angle="0.00" type="DEFAULT_VEHTYPE" speed="12.96" pos="115.30" lane="1/1to1/0_0" slope="0.00"/>
        <vehicle id="14" x="602.35" y="198.35" angle="90.00" type="DEFAULT_VEHTYPE" speed="7.79" pos="7.10" lane=":3/1_13_0" slope="0.00"/>
        <vehicle id="4" x="496.47" y="401.65" angle="-90.00" type="DEFAULT_VEHTYPE" speed="12.71" pos="98.78" lane="3/2to2/2_0" slope="0.00"/>
        <vehicle id="5" x="398.35" y="389.70" angle="0.00" type="DEFAULT_VEHTYPE" speed="9.17" pos="5.55" lane="2/2to2/1_0" slope="0.00"/>
        <vehicle id="7" x="401.65" y="108.79" angle="180.00" type="DEFAULT_VEHTYPE" speed="13.77" pos="108.79" lane="2/0to2/1_0" slope="0.00"/>
        <vehicle id="8" x="398.35" y="104.33" angle="0.00" type="DEFAULT_VEHTYPE" speed="13.85" pos="90.92" lane="2/1to2/0_0" slope="0.00"/>
        <vehicle id="9" x="232.81" y="401.65" angle="-90.00" type="DEFAULT_VEHTYPE" speed="13.40" pos="162.44" lane="2/2to1/2_0" slope="0.00"/>
    </timestep>
    <timestep time="537.00">
        <vehicle id="0" x="601.65" y="344.75" angle="180.00" type="DEFAULT_VEHTYPE" speed="13.66" pos="140.00" lane="3/1to3/2_0" slope="0.00"/>
        <vehicle id="1" x="428.09" y="198.35" angle="90.00" type="DEFAULT_VEHTYPE" speed="13.64" pos="23.34" lane="2/1to3/1_0" slope="0.00"/>
        <vehicle id="10" x="201.65" y="87.17" angle="180.00" type="DEFAULT_VEHTYPE" speed="12.99" pos="87.17" lane="1/0to1/1_0" slope="0.00"/>
        <vehicle id="11" x="201.65" y="41.82" angle="180.00" type="DEFAULT_VEHTYPE" speed="13.46" pos="41.82" lane="1/0to1/1_0" slope="0.00"/>
        <vehicle id="12" x="412.27" y="401.65" angle="-90.00" type="DEFAULT_VEHTYPE" speed="6.44" pos="182.98" lane="3/2to2/2_0" slope="0.00"/>
        <vehicle id="13" x="198.35" y="66.20" angle="0.00" type="DEFAULT_VEHTYPE" speed="13.75" pos="129.05" lane="1/1to1/0_0" slope="0.00"/>
        <vehicle id="14" x="612.69" y="198.35" angle="90.00" type="DEFAULT_VEHTYPE" speed="10.33" pos="7.94" lane="3/1to4/1_0" slope="0.00"/>
        <vehicle id="4" x="483.56" y="401.65" angle="-90.00" type="DEFAULT_VEHTYPE" speed="12.91" pos="111.69" lane="3/2to2/2_0" slope="0.00"/>
        <vehicle id="5" x="398.35" y="378.04" angle="0.00" type="DEFAULT_VEHTYPE" speed="11.66" pos="17.21" lane="2/2to2/1_0" slope="0.00"/>
        <vehicle id="7" x="401.65" y="121.70" angle="180.00" type="DEFAULT_VEHTYPE" speed="12.91" pos="121.70" lane="2/0to2/1_0" slope="0.00"/>
        <vehicle id="8" x="398.35" y="91.67" angle="0.00" type="DEFAULT_VEHTYPE" speed="12.66" pos="103.58" lane="2/1to2/0_0" slope="0.00"/>
        <vehicle id="9" x="221.73" y="401.65" angle="-90.00" type="DEFAULT_VEHTYPE" speed="11.08" pos="173.52" lane="2/2to1/2_0" slope="0.00"/>
    </timestep>
    <timestep time="538.00">
        <vehicle id="0" x="601.65" y="358.23" angle="180.00" type="DEFAULT_VEHTYPE" speed="13.48" pos="153.48" lane="3/1to3/2_0" slope="0.00"/>
        <vehicle id="1" x="441.91" y="198.35" angle="90.00" type="DEFAULT_VEHTYPE" speed="13.83" pos="37.16" lane="2/1to3/1_0" slope="0.00"/>
        <vehicle id="10" x="201.65" y="100.31" angle="180.00" type="DEFAULT_VEHTYPE" speed="13.14" pos="100.31" lane="1/0to1/1_0" slope="0.00"/>
        <vehicle id="11" x="201.65" y="55.09" angle="180.00" type="DEFAULT_VEHTYPE" speed="13.27" pos="55.09" lane="1/0to1/1_0" slope="0.00"/>
        <vehicle id="12" x="409.71" y="401.65" angle="-90.00" type="DEFAULT_VEHTYPE" speed="2.55" pos="185.54" lane="3/2to2/2_0" slope="0.00"/>
        <vehicle id="13" x="198.35" y="53.29" angle="0.00" type="DEFAULT_VEHTYPE" speed="12.90" pos="141.96" lane="1/1to1/0_0" slope="0.00"/>
        <vehicle id="14" x="624.76" y="198.35" angle="90.00" type="DEFAULT_VEHTYPE" speed="12.08" pos="20.01" lane="3/1to4/1_0" slope="0.00"/>
        <vehicle id="4" x="470.76" y="401.65" angle="-90.00" type="DEFAULT_VEHTYPE" speed="12.80" pos="124.49" lane="3/2to2/2_0" slope="0.00"/>
        <vehicle id="5" x="398.35" y="364.91" angle="0.00" type="DEFAULT_VEHTYPE" speed="13.12" pos="30.34" lane="2/2to2/1_0" slope="0.00"/>
        <vehicle id="7" x="401.65" y="134.89" angle="180.00" type="DEFAULT_VEHTYPE" speed="13.19" pos="134.89" lane="2/0to2/1_0" slope="0.00"/>
        <vehicle id="8" x="398.35" y="78.82" angle="0.00" type="DEFAULT_VEHTYPE" speed="12.85" pos="116.43" lane="2/1to2/0_0" slope="0.00"/>
        <vehicle id="9" x="214.27" y="401.65" angle="-90.00" type="DEFAULT_VEHTYPE" speed="7.46" pos="180.98" lane="2/2to1/2_0" slope="0.00"/>
    </timestep>
    <timestep time="539.00">
        <vehicle id="0" x="601.65" y="370.63" angle="180.00" type="DEFAULT_VEHTYPE" speed="12.40" pos="165.88" lane="3/1to3/2_0" slope="0.00"/>
        <vehicle id="1" x="454.99" y="198.35" angle="90.00" type="DEFAULT_VEHTYPE" speed="13.08" pos="50.24" lane="2/1to3/1_0" slope="0.00"/>
        <vehicle id="10" x="201.65" y="113.63" angle="180.00" type="DEFAULT_VEHTYPE" speed="13.31" pos="113.63" lane="1/0to1/1_0" slope="0.00"/>
        <vehicle id="11" x="201.65" y="68.05" angle="180.00" type="DEFAULT_VEHTYPE" speed="12.96" pos="68.05" lane="1/0to1/1_0" slope="0.00"/>
        <vehicle id="12" x="405.27" y="401.65" angle="-90.00" type="DEFAULT_VEHTYPE" speed="4.44" pos="189.98" lane="3/2to2/2_0" slope="0.00"/>
        <vehicle id="13" x="198.35" y="40.61" angle="0.00" type="DEFAULT_VEHTYPE" speed="12.68" pos="154.64" lane="1/1to1/0_0" slope="0.00"/>
        <vehicle id="14" x="638.39" y="198.35" angle="90.00" type="DEFAULT_VEHTYPE" speed="13.63" pos="33.64" lane="3/1to4/1_0" slope="0.00"/>
        <vehicle id="4" x="458.13" y="401.65" angle="-90.00" type="DEFAULT_VEHTYPE" speed="12.63" pos="137.12" lane="3/2to2/2_0" slope="0.00"/>
        <vehicle id="5" x="398.35" y="351.96" angle="0.00" type="DEFAULT_VEHTYPE" speed="12.96" pos="43.29" lane="2/2to2/1_0" slope="0.00"/>
        <vehicle id="7" x="401.65" y="148.07" angle="180.00" type="DEFAULT_VEHTYPE" speed="13.17" pos="148.07" lane="2/0to2/1_0" slope="0.00"/>
        <vehicle id="8" x="398.35" y="66.14" angle="0.00" type="DEFAULT_VEHTYPE" speed="12.68" pos="129.11" lane="2/1to2/0_0" slope="0.00"/>
        <vehicle id="9" x="210.64" y="401.65" angle="-90.00" type="DEFAULT_VEHTYPE" speed="3.63" pos="184.61" lane="2/2to1/2_0" slope="0.00"/>
    </timestep>
    <timestep time="540.00">
        <vehicle id="0" x="601.65" y="380.28" angle="180.00" type="DEFAULT_VEHTYPE" speed="9.65" pos="175.53" lane="3/1to3/2_0" slope="0.00"/>
        <vehicle id="1" x="468.52" y="198.35" angle="90.00" type="DEFAULT_VEHTYPE" speed="13.52" pos="63.77" lane="2/1to3/1_0" slope="0.00"/>
        <vehicle id="10" x="201.65" y="126.78" angle="180.00" type="DEFAULT_VEHTYPE" speed="13.16" pos="126.78" lane="1/0to1/1_0" slope="0.00"/>
        <vehicle id="11" x="201.65" y="81.23" angle="180.00" type="DEFAULT_VEHTYPE" speed="13.18" pos="81.23" lane="1/0to1/1_0" slope="0.00"/>
        <vehicle id="12" x="399.90" y="399.97" angle="-70.31" type="DEFAULT_VEHTYPE" speed="5.77" pos="5.26" lane=":2/2_6_0" slope="0.00"/>
        <vehicle id="13" x="198.35" y="27.70" angle="0.00" type="DEFAULT_VEHTYPE" speed="12.91" pos="167.55" lane="1/1to1/0_0" slope="0.00"/>
        <vehicle id="14" x="651.56" y="198.35" angle="90.00" type="DEFAULT_VEHTYPE" speed="13.17" pos="46.81" lane="3/1to4/1_0" slope="0.00"/>
        <vehicle id="4" x="445.29" y="401.65" angle="-90.00" type="DEFAULT_VEHTYPE" speed="12.84" pos="149.96" lane="3/2to2/2_0" slope="0.00"/>
        <vehicle id="5" x="398.35" y="338.09" angle="0.00" type="DEFAULT_VEHTYPE" speed="13.87" pos="57.16" lane="2/2to2/1_0" slope="0.00"/>
        <vehicle id="7" x="401.65" y="161.55" angle="180.00" type="DEFAULT_VEHTYPE" speed="13.49" pos="161.55" lane="2/0to2/1_0" slope="0.00"/>
        <vehicle id="8" x="398.35" y="52.99" angle="0.00" type="DEFAULT_VEHTYPE" speed="13.16" pos="142.26" lane="2/1to2/0_0" slope="0.00"/>
        <vehicle id="9" x="204.65" y="401.65" angle="-90.00" type="DEFAULT_VEHTYPE" speed="5.99" pos="0.10" lane=":1/2_5_0" slope="0.00"/>
    </timestep>
    <timestep time="541.00">
        <vehicle id="0" x="601.65" y="387.02" angle="180.00" type="DEFAULT_VEHTYPE" speed="6.75" pos="182.27" lane="3/1to3/2_0" slope="0.00"/>
        <vehicle id="1" x="481.50" y="198.35" angle="90.00" type="DEFAULT_VEHTYPE" speed="12.98" pos="76.75" lane="2/1to3/1_0" slope="0.00"/>
        <vehicle id="10" x="201.65" y="139.81" angle="180.00" type="DEFAULT_VEHTYPE" speed="13.03" pos="139.81" lane="1/0to1/1_0" slope="0.00"/>
        <vehicle id="11" x="201.65" y="94.22" angle="180.00" type="DEFAULT_VEHTYPE" speed="12.99" pos="94.22" lane="1/0to1/1_0" slope="0.00"/>
        <vehicle id="12" x="398.35" y="392.93" angle="-4.36" type="DEFAULT_VEHTYPE" speed="7.38" pos="2.32" lane="2/2to2/1_0" slope="0.00"/>
        <vehicle id="13" x="198.35" y="14.54" angle="0.00" type="DEFAULT_VEHTYPE" speed="13.17" pos="180.71" lane="1/1to1/0_0" slope="0.00"/>
        <vehicle id="14" x="664.20" y="198.35" angle="90.00" type="DEFAULT_VEHTYPE" speed="12.64" pos="59.45" lane="3/1to4/1_0" slope="0.00"/>
        <vehicle id="4" x="431.47" y="401.65" angle="-90.00" type="DEFAULT_VEHTYPE" speed="13.82" pos="163.78" lane="3/2to2/2_0" slope="0.00"/>
        <vehicle id="5" x="398.35" y="325.07" angle="0.00" type="DEFAULT_VEHTYPE" speed="13.02" pos="70.18" lane="2/2to2/1_0" slope="0.00"/>
        <vehicle id="7" x="401.65" y="175.13" angle="180.00" type="DEFAULT_VEHTYPE" speed="13.58" pos="175.13" lane="2/0to2/1_0" slope="0.00"/>
        <vehicle id="8" x="398.35" y="40.20" angle="0.00" type="DEFAULT_VEHTYPE" speed="12.78" pos="155.05" lane="2/1to2/0_0" slope="0.00"/>
        <vehicle id="9" x="196.59" y="401.65" angle="-90.00" type="DEFAULT_VEHTYPE" speed="8.05" pos="8.16" lane=":1/2_5_0" slope="0.00"/>
    </timestep>
    <timestep time="542.00">
        <vehicle id="0" x="601.65" y="390.64" angle="180.00" type="DEFAULT_VEHTYPE" speed="3.61" pos="185.89" lane="3/1to3/2_0" slope="0.00"/>
        <vehicle id="1" x="495.28" y="198.35" angle="90.00" type="DEFAULT_VEHTYPE" speed="13.78" pos="90.53" lane="2/1to3/1_0" slope="0.00"/>
        <vehicle id="10" x="201.65" y="153.65" angle="180.00" type="DEFAULT_VEHTYPE" speed="13.84" pos="153.65" lane="1/0to1/1_0" slope="0.00"/>
        <vehicle id="11" x="201.65" y="107.57" angle="180.00" type="DEFAULT_VEHTYPE" speed="13.35" pos="107.57" lane="1/0to1/1_0" slope="0.00"/>
        <vehicle id="12" x="398.35" y="383.05" angle="0.00" type="DEFAULT_VEHTYPE" speed="9.88" pos="12.20" lane="2/2to2/1_0" slope="0.00"/>
        <vehicle id="13" x="198.35" y="1.81" angle="0.00" type="DEFAULT_VEHTYPE" speed="12.73" pos="193.44" lane="1/1to1/0_0" slope="0.00"/>
        <vehicle id="14" x="676.96" y="198.35" angle="90.00" type="DEFAULT_VEHTYPE" speed="12.76" pos="72.21" lane="3/1to4/1_0" slope="0.00"/>
        <vehicle id="4" x="420.80" y="401.65" angle="-90.00" type="DEFAULT_VEHTYPE" speed="10.67" pos="174.45" lane="3/2to2/2_0" slope="0.00"/>
        <vehicle id="5" x="398.35" y="311.51" angle="0.00" type="DEFAULT_VEHTYPE" speed="13.56" pos="83.74" lane="2/2to2/1_0" slope="0.00"/>
        <vehicle id="7" x="401.65" y="188.29" angle="180.00" type="DEFAULT_VEHTYPE" speed="13.16" pos="188.29" lane="2/0to2/1_0" slope="0.00"/>
        <vehicle id="8" x="398.35" y="26.61" angle="0.00" type="DEFAULT_VEHTYPE" speed="13.60" pos="168.64" lane="2/1to2/0_0" slope="0.00"/>
        <vehicle id="9" x="186.24" y="401.65" angle="-90.00" type="DEFAULT_VEHTYPE" speed="10.35" pos="9.01" lane="1/2to0/2_0" slope="0.00"/>
    </timestep>
    <timestep time="543.00">
        <vehicle id="0" x="601.54" y="396.04" angle="-178.71" type="DEFAULT_VEHTYPE" speed="5.41" pos="0.80" lane=":3/2_10_0" slope="0.00"/>
        <vehicle id="1" x="507.98" y="198.35" angle="90.00" type="DEFAULT_VEHTYPE" speed="12.70" pos="103.23" lane="2/1to3/1_0" slope="0.00"/>
        <vehicle id="10" x="201.65" y="167.47" angle="180.00" type="DEFAULT_VEHTYPE" speed="13.82" pos="167.47" lane="1/0to1/1_0" slope="0.00"/>
        <vehicle id="11" x="201.65" y="121.19" angle="180.00" type="DEFAULT_VEHTYPE" speed="13.62" pos="121.19" lane="1/0to1/1_0" slope="0.00"/>
        <vehicle id="12" x="398.35" y="371.83" angle="0.00" type="DEFAULT_VEHTYPE" speed="11.23" pos="23.42" lane="2/2to2/1_0" slope="0.00"/>
        <vehicle id="13" x="201.65" y="7.05" angle="180.00" type="DEFAULT_VEHTYPE" speed="13.68" pos="7.05" lane="1/0to1/1_0" slope="0.00"/>
        <vehicle id="14" x="689.86" y="198.35" angle="90.00" type="DEFAULT_VEHTYPE" speed="12.90" pos="85.11" lane="3/1to4/1_0" slope="0.00"/>
        <vehicle id="4" x="413.76" y="401.65" angle="-90.00" type="DEFAULT_VEHTYPE" speed="7.04" pos="181.49" lane="3/2to2/2_0" slope="0.00"/>
        <vehicle id="5" x="398.35" y="298.38" angle="0.00" type="DEFAULT_VEHTYPE" speed="13.13" pos="96.87" lane="2/2to2/1_0" slope="0.00"/>
        <vehicle id="7" x="405.67" y="198.35" angle="119.28" type="DEFAULT_VEHTYPE" speed="12.89" pos="0.92" lane="2/1to3/1_0" slope="0.00"/>
        <vehicle id="8" x="398.35" y="13.14" angle="0.00" type="DEFAULT_VEHTYPE" speed="13.47" pos="182.11" lane="2/1to2/0_0" slope="0.00"/>
        <vehicle id="9" x="174.16" y="401.65" angle="-90.00" type="DEFAULT_VEHTYPE" speed="12.08" pos="21.09" lane="1/2to0/2_0" slope="0.00"/>
    </timestep>
    <timestep time="544.00">
        <vehicle id="0" x="597.16" y="401.38" angle="-126.82" type="DEFAULT_VEHTYPE" speed="7.59" pos="1.25" lane=":3/2_18_0" slope="0.00"/>
        <vehicle id="1" x="521.14" y="198.35" angle="90.00" type="DEFAULT_VEHTYPE" speed="13.16" pos="116.39" lane="2/1to3/1_0" slope="0.00"/>
        <vehicle id="10" x="201.65" y="181.34" angle="180.00" type="DEFAULT_VEHTYPE" speed="13.86" pos="181.34" lane="1/0to1/1_0" slope="0.00"/>
        <vehicle id="11" x="201.65" y="134.66" angle="180.00" type="DEFAULT_VEHTYPE" speed="13.46" pos="134.66" lane="1/0to1/1_0" slope="0.00"/>
        <vehicle id="12" x="398.35" y="358.27" angle="0.00" type="DEFAULT_VEHTYPE" speed="13.56" pos="36.98" lane="2/2to2/1_0" slope="0.00"/>
        <vehicle id="13" x="201.65" y="20.12" angle="180.00" type="DEFAULT_VEHTYPE" speed="13.07" pos="20.12" lane="1/0to1/1_0" slope="0.00"/>
        <vehicle id="14" x="702.61" y="198.35" angle="90.00" type="DEFAULT_VEHTYPE" speed="12.75" pos="97.86" lane="3/1to4/1_0" slope="0.00"/>
        <vehicle id="4" x="409.50" y="401.65" angle="-90.00" type="DEFAULT_VEHTYPE" speed="4.26" pos="185.75" lane="3/2to2/2_0" slope="0.00"/>
        <vehicle id="5" x="398.35" y="284.78" angle="0.00" type="DEFAULT_VEHTYPE" speed="13.60" pos="110.47" lane="2/2to2/1_0" slope="0.00"/>
        <vehicle id="7" x="418.83" y="198.35" angle="90.00" type="DEFAULT_VEHTYPE" speed="13.15" pos="14.08" lane="2/1to3/1_0" slope="0.00"/>
        <vehicle id="8" x="398.35" y="0.13" angle="0.00" type="DEFAULT_VEHTYPE" speed="13.00" pos="195.12" lane="2/1to2/0_0" slope="0.00"/>
        <vehicle id="9" x="160.40" y="401.65" angle="-90.00" type="DEFAULT_VEHTYPE" speed="13.76" pos="34.85" lane="1/2to0/2_0" slope="0.00"/>
    </timestep>
    <timestep time="545.00">
        <vehicle id="0" x="587.98" y="401.65" angle="-90.00" type="DEFAULT_VEHTYPE" speed="9.20" pos="7.27" lane="3/2to2/2_0" slope="0.00"/>
        <vehicle id="1" x="534.28" y="198.35" angle="90.00" type="DEFAULT_VEHTYPE" speed="13.15" pos="129.53" lane="2/1to3/1_0" slope="0.00"/>
        <vehicle id="10" x="201.65" y="194.46" angle="180.00" type="DEFAULT_VEHTYPE" speed="13.12" pos="194.46" lane="1/0to1/1_0" slope="0.00"/>
        <vehicle id="11" x="201.65" y="147.50" angle="180.00" type="DEFAULT_VEHTYPE" speed="12.85" pos="147.50" lane="1/0to1/1_0" slope="0.00"/>
        <vehicle id="12" x="398.35" y="344.91" angle="0.00" type="DEFAULT_VEHTYPE" speed="13.36" pos="50.34" lane="2/2to2/1_0" slope="0.00"/>
        <vehicle id="13" x="201.65" y="33.17" angle="180.00" type="DEFAULT_VEHTYPE" speed="13.05" pos="33.17" lane="1/0to1/1_0" slope="0.00"/>
        <vehicle id="14" x="715.40" y="198.35" angle="90.00" type="DEFAULT_VEHTYPE" speed="12.78" pos="110.65" lane="3/1to4/1_0" slope="0.00"/>
        <vehicle id="4" x="403.81" y="401.52" angle="-88.45" type="DEFAULT_VEHTYPE" speed="5.70" pos="0.95" lane=":2/2_6_0" slope="0.00"/>
        <vehicle id="5" x="398.35" y="271.15" angle="0.00" type="DEFAULT_VEHTYPE" speed="13.63" pos="124.10" lane="2/2to2/1_0" slope="0.00"/>
        <vehicle id="7" x="432.57" y="198.35" angle="90.00" type="DEFAULT_VEHTYPE" speed="13.75" pos="27.82" lane="2/1to3/1_0" slope="0.00"/>
        <vehicle id="8" x="401.65" y="7.99" angle="180.00" type="DEFAULT_VEHTYPE" speed="12.95" pos="7.99" lane="2/0to2/1_0" slope="0.00"/>
        <vehicle id="9" x="147.69" y="401.65" angle="-90.00" type="DEFAULT_VEHTYPE" speed="12.71" pos="47.56" lane="1/2to0/2_0" slope="0.00"/>
    </timestep>
    <timestep time="546.00">
        <vehicle id="0" x="577.27" y="401.65" angle="-90.00" type="DEFAULT_VEHTYPE" speed="10.71" pos="17.98" lane="3/2to2/2_0" slope="0.00"/>
        <vehicle id="1" x="547.90" y="198.35" angle="90.00" type="DEFAULT_VEHTYPE" speed="13.62" pos="143.15" lane="2/1to3/1_0" slope="0.00"/>
        <vehicle id="10" x="212.07" y="198.35" angle="90.00" type="DEFAULT_VEHTYPE" speed="13.11" pos="7.32" lane="1/1to2/1_0" slope="0.00"/>
        <vehicle id="11" x="201.65" y="161.10" angle="180.00" type="DEFAULT_VEHTYPE" speed="13.59" pos="161.10" lane="1/0to1/1_0" slope="0.00"/>
        <vehicle id="12" x="398.35" y="331.45" angle="0.00" type="DEFAULT_VEHTYPE" speed="13.46" pos="63.80" lane="2/2to2/1_0" slope="0.00"/>
        <vehicle id="13" x="201.65" y="46.56" angle="180.00" type="DEFAULT_VEHTYPE" speed="13.40" pos="46.56" lane="1/0to1/1_0" slope="0.00"/>
        <vehicle id="14" x="729.14" y="198.35" angle="90.00" type="DEFAULT_VEHTYPE" speed="13.75" pos="124.39" lane="3/1to4/1_0" slope="0.00"/>
        <vehicle id="4" x="398.63" y="397.20" angle="-37.29" type="DEFAULT_VEHTYPE" speed="7.39" pos="8.35" lane=":2/2_6_0" slope="0.00"/>
        <vehicle id="5" x="398.35" y="257.80" angle="0.00" type="DEFAULT_VEHTYPE" speed="13.35" pos="137.45" lane="2/2to2/1_0" slope="0.00"/>
        <vehicle id="7" x="445.72" y="198.35" angle="90.00" type="DEFAULT_VEHTYPE" speed="13.15" pos="40.97" lane="2/1to3/1_0" slope="0.00"/>
        <vehicle id="8" x="401.65" y="21.17" angle="180.00" type="DEFAULT_VEHTYPE" speed="13.17" pos="21.17" lane="2/0to2/1_0" slope="0.00"/>
        <vehicle id="9" x="134.48" y="401.65" angle="-90.00" type="DEFAULT_VEHTYPE" speed="13.21" pos="60.77" lane="1/2to0/2_0" slope="0.00"/>
    </timestep>
    <timestep time="547.00">
        <vehicle id="0" x="565.16" y="401.65" angle="-90.00" type="DEFAULT_VEHTYPE" speed="12.11" pos="30.09" lane="3/2to2/2_0" slope="0.00"/>
        <vehicle id="1" x="560.60" y="198.35" angle="90.00" type="DEFAULT_VEHTYPE" speed="12.70" pos="155.85" lane="2/1to3/1_0" slope="0.00"/>
        <vehicle id="10" x="224.80" y="198.35" angle="90.00" type="DEFAULT_VEHTYPE" speed="12.74" pos="20.05" lane="1/1to2/1_0" slope="0.00"/>
        <vehicle id="11" x="201.65" y="174.52" angle="180.00" type="DEFAULT_VEHTYPE" speed="13.43" pos="174.52" lane="1/0to1/1_0" slope="0.00"/>
        <vehicle id="12" x="398.35" y="317.86" angle="0.00" type="DEFAULT_VEHTYPE" speed="13.59" pos="77.39" lane="2/2to2/1_0" slope="0.00"/>
        <vehicle id="13" x="201.65" y="60.34" angle="180.00" type="DEFAULT_VEHTYPE" speed="13.78" pos="60.34" lane="1/0to1/1_0" slope="0.00"/>
        <vehicle id="14" x="741.93" y="198.35" angle="90.00" type="DEFAULT_VEHTYPE" speed="12.79" pos="137.18" lane="3/1to4/1_0" slope="0.00"/>
        <vehicle id="4" x="398.35" y="387.37" angle="0.00" type="DEFAULT_VEHTYPE" speed="9.85" pos="7.88" lane="2/2to2/1_0" slope="0.00"/>
        <vehicle id="5" x="398.35" y="244.70" angle="0.00" type="DEFAULT_VEHTYPE" speed="13.10" pos="150.55" lane="2/2to2/1_0" slope="0.00"/>
        <vehicle id="7" x="459.07" y="198.35" angle="90.00" type="DEFAULT_VEHTYPE" speed="13.34" pos="54.32" lane="2/1to3/1_0" slope="0.00"/>
        <vehicle id="8" x="401.65" y="35.04" angle="180.00" type="DEFAULT_VEHTYPE" speed="13.88" pos="35.04" lane="2/0to2/1_0" slope="0.00"/>
        <vehicle id="9" x="121.54" y="401.65" angle="-90.00" type="DEFAULT_VEHTYPE" speed="12.94" pos="73.71" lane="1/2to0/2_0" slope="0.00"/>
    </timestep>
    <timestep time="548.00">
        <vehicle id="0" x="551.32" y="401.65" angle="-90.00" type="DEFAULT_VEHTYPE" speed="13.83" pos="43.93" lane="3/2to2/2_0" slope="0.00"/>
        <vehicle id="1" x="573.21" y="198.35" angle="90.00" type="DEFAULT_VEHTYPE" speed="12.61" pos="168.46" lane="2/1to3/1_0" slope="0.00"/>
        <vehicle id="10" x="237.56" y="198.35" angle="90.00" type="DEFAULT_VEHTYPE" speed="12.76" pos="32.81" lane="1/1to2/1_0" slope="0.00"/>
        <vehicle id="11" x="201.65" y="187.54" angle="180.00" type="DEFAULT_VEHTYPE" speed="13.02" pos="187.54" lane="1/0to1/1_0" slope="0.00"/>
        <vehicle id="12" x="398.35" y="304.36" angle="0.00" type="DEFAULT_VEHTYPE" speed="13.50" pos="90.89" lane="2/2to2/1_0" slope="0.00"/>
        <vehicle id="13" x="201.65" y="73.11" angle="180.00" type="DEFAULT_VEHTYPE" speed="12.77" pos="73.11" lane="1/0to1/1_0" slope="0.00"/>
        <vehicle id="14" x="754.71" y="198.35" angle="90.00" type="DEFAULT_VEHTYPE" speed="12.78" pos="149.96" lane="3/1to4/1_0" slope="0.00"/>
        <vehicle id="4" x="398.35" y="375.41" angle="0.00" type="DEFAULT_VEHTYPE" speed="11.96" pos="19.84" lane="2/2to2/1_0" slope="0.00"/>
        <vehicle id="5" x="398.35" y="230.83" angle="0.00" type="DEFAULT_VEHTYPE" speed="13.87" pos="164.42" lane="2/2to2/1_0" slope="0.00"/>
        <vehicle id="7" x="472.91" y="198.35" angle="90.00" type="DEFAULT_VEHTYPE" speed="13.84" pos="68.16" lane="2/1to3/1_0" slope="0.00"/>
        <vehicle id="8" x="401.65" y="48.13" angle="180.00" type="DEFAULT_VEHTYPE" speed="13.09" pos="48.13" lane="2/0to2/1_0" slope="0.00"/>
        <vehicle id="9" x="107.66" y="401.65" angle="-90.00" type="DEFAULT_VEHTYPE" speed="13.88" pos="87.59" lane="1/2to0/2_0" slope="0.00"/>
    </timestep>
    <timestep time="549.00">
        <vehicle id="0" x="538.67" y="401.65" angle="-90.00" type="DEFAULT_VEHTYPE" speed="12.65" pos="56.58" lane="3/2to2/2_0" slope="0.00"/>
        <vehicle id="1" x="582.63" y="198.35" angle="90.00" type="DEFAULT_VEHTYPE" speed="9.41" pos="177.88" lane="2/1to3/1_0" slope="0.00"/>
        <vehicle id="10" x="250.38" y="198.35" angle="90.00" type="DEFAULT_VEHTYPE" speed="12.81" pos="45.63" lane="1/1to2/1_0" slope="0.00"/>
        <vehicle id="11" x="205.91" y="198.35" angle="115.49" type="DEFAULT_VEHTYPE" speed="13.87" pos="1.16" lane="1/1to2/1_0" slope="0.00"/>
        <vehicle id="12" x="398.35" y="290.72" angle="0.00" type="DEFAULT_VEHTYPE" speed="13.64" pos="104.53" lane="2/2to2/1_0" slope="0.00"/>
        <vehicle id="13" x="201.65" y="86.97" angle="180.00" type="DEFAULT_VEHTYPE" speed="13.86" pos="86.97" lane="1/0to1/1_0" slope="0.00"/>
        <vehicle id="14" x="768.26" y="198.35" angle="90.00" type="DEFAULT_VEHTYPE" speed="13.55" pos="163.51" lane="3/1to4/1_0" slope="0.00"/>
        <vehicle id="4" x="398.35" y="361.63" angle="0.00" type="DEFAULT_VEHTYPE" speed="13.78" pos="33.62" lane="2/2to2/1_0" slope="0.00"/>
        <vehicle id="5" x="398.35" y="217.57" angle="0.00" type="DEFAULT_VEHTYPE" speed="13.25" pos="177.68" lane="2/2to2/1_0" slope="0.00"/>
        <vehicle id="7" x="486.49" y="198.35" angle="90.00" type="DEFAULT_VEHTYPE" speed="13.58" pos="81.74" lane="2/1to3/1_0" slope="0.00"/>
        <vehicle id="8" x="401.65" y="61.85" angle="180.00" type="DEFAULT_VEHTYPE" speed="13.72" pos="61.85" lane="2/0to2/1_0" slope="0.00"/>
        <vehicle id="9" x="95.03" y="401.65" angle="-90.00" type="DEFAULT_VEHTYPE" speed="12.63" pos="100.22" lane="1/2to0/2_0" slope="0.00"/>
    </timestep>
    <timestep time="550.00">
        <vehicle id="0" x="525.51" y="401.65" angle="-90.00" type="DEFAULT_VEHTYPE" speed="13.16" pos="69.74" lane="3/2to2/2_0" slope="0.00"/>
        <vehicle id="1" x="588.26" y="198.35" angle="90.00" type="DEFAULT_VEHTYPE" speed="5.63" pos="183.51" lane="2/1to3/1_0" slope="0.00"/>
        <vehicle id="10" x="263.16" y="198.35" angle="90.00" type="DEFAULT_VEHTYPE" speed="12.78" pos="58.41" lane="1/1to2/1_0" slope="0.00"/>
        <vehicle id="11" x="219.58" y="198.35" angle="90.00" type="DEFAULT_VEHTYPE" speed="13.67" pos="14.83" lane="1/1to2/1_0" slope="0.00"/>
        <vehicle id="12" x="398.35" y="277.74" angle="0.00" type="DEFAULT_VEHTYPE" speed="12.98" pos="117.51" lane="2/2to2/1_0" slope="0.00"/>
        <vehicle id="13" x="201.65" y="99.63" angle="180.00" type="DEFAULT_VEHTYPE" speed="12.66" pos="99.63" lane="1/0to1/1_0" slope="0.00"/>
        <vehicle id="14" x="781.70" y="198.35" angle="90.00" type="DEFAULT_VEHTYPE" speed="13.44" pos="176.95" lane="3/1to4/1_0" slope="0.00"/>
        <vehicle id="4" x="398.35" y="347.88" angle="0.00" type="DEFAULT_VEHTYPE" speed="13.76" pos="47.37" lane="2/2to2/1_0" slope="0.00"/>
        <vehicle id="5" x="398.35" y="204.15" angle="0.00" type="DEFAULT_VEHTYPE" speed="13.42" pos="0.60" lane=":2/1_1_0" slope="0.00"/>
        <vehicle id="7" x="499.61" y="198.35" angle="90.00" type="DEFAULT_VEHTYPE" speed="13.11" pos="94.86" lane="2/1to3/1_0" slope="0.00"/>
        <vehicle id="8" x="401.65" y="75.14" angle="180.00" type="DEFAULT_VEHTYPE" speed="13.29" pos="75.14" lane="2/0to2/1_0" slope="0.00"/>
        <vehicle id="9" x="81.22" y="401.65" angle="-90.00" type="DEFAULT_VEHTYPE" speed="13.81" pos="114.03" lane="1/2to0/2_0" slope="0.00"/>
    </timestep>
    <timestep time="551.00">
        <vehicle id="0" x="511.67" y="401.65" angle="-90.00" type="DEFAULT_VEHTYPE" speed="13.84" pos="83.58" lane="3/2to2/2_0" slope="0.00"/>
        <vehicle id="1" x="595.75" y="198.42" angle="90.81" type="DEFAULT_VEHTYPE" speed="7.49" pos="0.50" lane=":3/1_14_0" slope="0.00"/>
        <vehicle id="10" x="276.02" y="198.35" angle="90.00" type="DEFAULT_VEHTYPE" speed="12.86" pos="71.27" lane="1/1to2/1_0" slope="0.00"/>
        <vehicle id="11" x="232.80" y="198.35" angle="90.00" type="DEFAULT_VEHTYPE" speed="13.23" pos="28.05" lane="1/1to2/1_0" slope="0.00"/>
        <vehicle id="12" x="398.35" y="264.97" angle="0.00" type="DEFAULT_VEHTYPE" speed="12.77" pos="130.28" lane="2/2to2/1_0" slope="0.00"/>
        <vehicle id="13" x="201.65" y="112.94" angle="180.00" type="DEFAULT_VEHTYPE" speed="13.31" pos="112.94" lane="1/0to1/1_0" slope="0.00"/>
        <vehicle id="14" x="795.13" y="198.35" angle="90.00" type="DEFAULT_VEHTYPE" speed="13.43" pos="190.38" lane="3/1to4/1_0" slope="0.00"/>
        <vehicle id="4" x="398.35" y="335.18" angle="0.00" type="DEFAULT_VEHTYPE" speed="12.69" pos="60.07" lane="2/2to2/1_0" slope="0.00"/>
        <vehicle id="5" x="398.35" y="190.40" angle="0.00" type="DEFAULT_VEHTYPE" speed="13.75" pos="4.85" lane="2/1to2/0_0" slope="0.00"/>
        <vehicle id="7" x="512.61" y="198.35" angle="90.00" type="DEFAULT_VEHTYPE" speed="13.00" pos="107.86" lane="2/1to3/1_0" slope="0.00"/>
        <vehicle id="8" x="401.65" y="88.28" angle="180.00" type="DEFAULT_VEHTYPE" speed="13.15" pos="88.28" lane="2/0to2/1_0" slope="0.00"/>
        <vehicle id="9" x="67.48" y="401.65" angle="-90.00" type="DEFAULT_VEHTYPE" speed="13.74" pos="127.77" lane="1/2to0/2_0" slope="0.00"/>
    </timestep>
    <timestep time="552.00">
        <vehicle id="0" x="498.50" y="401.65" angle="-90.00" type="DEFAULT_VEHTYPE" speed="13.17" pos="96.75" lane="3/2to2/2_0" slope="0.00"/>
        <vehicle id="1" x="601.65" y="204.76" angle="162.05" type="DEFAULT_VEHTYPE" speed="9.83" pos="0.01" lane="3/1to3/2_0" slope="0.00"/>
        <vehicle id="10" x="289.12" y="198.35" angle="90.00" type="DEFAULT_VEHTYPE" speed="13.10" pos="84.37" lane="1/1to2/1_0" slope="0.00"/>
        <vehicle id="11" x="245.69" y="198.35" angle="90.00" type="DEFAULT_VEHTYPE" speed="12.89" pos="40.94" lane="1/1to2/1_0" slope="0.00"/>
        <vehicle id="12" x="398.35" y="251.91" angle="0.00" type="DEFAULT_VEHTYPE" speed="13.06" pos="143.34" lane="2/2to2/1_0" slope="0.00"/>
        <vehicle id="13" x="201.65" y="125.82" angle="180.00" type="DEFAULT_VEHTYPE" speed="12.87" pos="125.82" lane="1/0to1/1_0" slope="0.00"/>
        <vehicle id="14" x="796.11" y="201.65" angle="-97.31" type="DEFAULT_VEHTYPE" speed="13.58" pos="3.89" lane="4/1to3/1_0" slope="0.00"/>
        <vehicle id="4" x="398.35" y="321.91" angle="0.00" type="DEFAULT_VEHTYPE" speed="13.27" pos="73.34" lane="2/2to2/1_0" slope="0.00"/>
        <vehicle id="5" x="398.35" y="177.61" angle="0.00" type="DEFAULT_VEHTYPE" speed="12.79" pos="17.64" lane="2/1to2/0_0" slope="0.00"/>
        <vehicle id="7" x="525.81" y="198.35" angle="90.00" type="DEFAULT_VEHTYPE" speed="13.21" pos="121.06" lane="2/1to3/1_0" slope="0.00"/>
        <vehicle id="8" x="401.65" y="102.05" angle="180.00" type="DEFAULT_VEHTYPE" speed="13.77" pos="102.05" lane="2/0to2/1_0" slope="0.00"/>
        <vehicle id="9" x="54.46" y="401.65" angle="-90.00" type="DEFAULT_VEHTYPE" speed="13.02" pos="140.79" lane="1/2to0/2_0" slope="0.00"/>
    </timestep>
    <timestep time="553.00">
        <vehicle id="0" x="485.54" y="401.65" angle="-90.00" type="DEFAULT_VEHTYPE" speed="12.97" pos="109.71" lane="3/2to2/2_0" slope="0.00"/>
        <vehicle id="1" x="601.65" y="215.95" angle="180.00" type="DEFAULT_VEHTYPE" speed="11.19" pos="11.20" lane="3/1to3/2_0" slope="0.00"/>
        <vehicle id="10" x="302.16" y="198.35" angle="90.00" type="DEFAULT_VEHTYPE" speed="13.04" pos="97.41" lane="1/1to2/1_0" slope="0.00"/>
        <vehicle id="11" x="259.29" y="198.35" angle="90.00" type="DEFAULT_VEHTYPE" speed="13.60" pos="54.54" lane="1/1to2/1_0" slope="0.00"/>
        <vehicle id="12" x="398.35" y="238.32" angle="0.00" type="DEFAULT_VEHTYPE" speed="13.59" pos="156.93" lane="2/2to2/1_0" slope="0.00"/>
        <vehicle id="13" x="201.65" y="138.54" angle="180.00" type="DEFAULT_VEHTYPE" speed="12.72" pos="138.54" lane="1/0to1/1_0" slope="0.00"/>
        <vehicle id="14" x="783.01" y="201.65" angle="-90.00" type="DEFAULT_VEHTYPE" speed="13.10" pos="16.99" lane="4/1to3/1_0" slope="0.00"/>
        <vehicle id="4" x="398.35" y="309.01" angle="0.00" type="DEFAULT_VEHTYPE" speed="12.90" pos="86.24" lane="2/2to2/1_0" slope="0.00"/>
        <vehicle id="5" x="398.35" y="163.74" angle="0.00" type="DEFAULT_VEHTYPE" speed="13.87" pos="31.51" lane="2/1to2/0_0" slope="0.00"/>
        <vehicle id="7" x="539.42" y="198.35" angle="90.00" type="DEFAULT_VEHTYPE" speed="13.61" pos="134.67" lane="2/1to3/1_0" slope="0.00"/>
        <vehicle id="8" x="401.65" y="114.89" angle="180.00" type="DEFAULT_VEHTYPE" speed="12.84" pos="114.89" lane="2/0to2/1_0" slope="0.00"/>
        <vehicle id="9" x="41.05" y="401.65" angle="-90.00" type="DEFAULT_VEHTYPE" speed="13.41" pos="154.20" lane="1/2to0/2_0" slope="0.00"/>
    </timestep>
    <timestep time="554.00">
        <vehicle id="0" x="472.27" y="401.65" angle="-90.00" type="DEFAULT_VEHTYPE" speed="13.27" pos="122.98" lane="3/2to2/2_0" slope="0.00"/>
        <vehicle id="1" x="601.65" y="228.72" angle="180.00" type="DEFAULT_VEHTYPE" speed="12.77" pos="23.97" lane="3/1to3/2_0" slope="0.00"/>
        <vehicle id="10" x="314.94" y="198.35" angle="90.00" type="DEFAULT_VEHTYPE" speed="12.78" pos="110.19" lane="1/1to2/1_0" slope="0.00"/>
        <vehicle id="11" x="272.51" y="198.35" angle="90.00" type="DEFAULT_VEHTYPE" speed="13.22" pos="67.76" lane="1/1to2/1_0" slope="0.00"/>
        <vehicle id="12" x="398.35" y="225.35" angle="0.00" type="DEFAULT_VEHTYPE" speed="12.97" pos="169.90" lane="2/2to2/1_0" slope="0.00"/>
        <vehicle id="13" x="201.65" y="152.30" angle="180.00" type="DEFAULT_VEHTYPE" speed="13.77" pos="152.30" lane="1/0to1/1_0" slope="0.00"/>
        <vehicle id="14" x="769.23" y="201.65" angle="-90.00" type="DEFAULT_VEHTYPE" speed="13.79" pos="30.77" lane="4/1to3/1_0" slope="0.00"/>
        <vehicle id="4" x="398.35" y="296.24" angle="0.00" type="DEFAULT_VEHTYPE" speed="12.77" pos="99.01" lane="2/2to2/1_0" slope="0.00"/>
        <vehicle id="5" x="398.35" y="150.64" angle="0.00" type="DEFAULT_VEHTYPE" speed="13.10" pos="44.61" lane="2/1to2/0_0" slope="0.00"/>
        <vehicle id="7" x="552.72" y="198.35" angle="90.00" type="DEFAULT_VEHTYPE" speed="13.30" pos="147.97" lane="2/1to3/1_0" slope="0.00"/>
        <vehicle id="8" x="401.65" y="127.97" angle="180.00" type="DEFAULT_VEHTYPE" speed="13.08" pos="127.97" lane="2/0to2/1_0" slope="0.00"/>
        <vehicle id="9" x="27.25" y="401.65" angle="-90.00" type="DEFAULT_VEHTYPE" speed="13.80" pos="168.00" lane="1/2to0/2_0" slope="0.00"/>
    </timestep>
    <timestep time="555.00">
        <vehicle id="0" x="458.63" y="401.65" angle="-90.00" type="DEFAULT_VEHTYPE" speed="13.64" pos="136.62" lane="3/2to2/2_0" slope="0.00"/>
        <vehicle id="1" x="601.65" y="241.35" angle="180.00" type="DEFAULT_VEHTYPE" speed="12.63" pos="36.60" lane="3/1to3/2_0" slope="0.00"/>
        <vehicle id="10" x="328.23" y="198.35" angle="90.00" type="DEFAULT_VEHTYPE" speed="13.29" pos="123.48" lane="1/1to2/1_0" slope="0.00"/>
        <vehicle id="11" x="285.86" y="198.35" angle="90.00" type="DEFAULT_VEHTYPE" speed="13.34" pos="81.11" lane="1/1to2/1_0" slope="0.00"/>
        <vehicle id="12" x="398.35" y="212.26" angle="0.00" type="DEFAULT_VEHTYPE" speed="13.09" pos="182.99" lane="2/2to2/1_0" slope="0.00"/>
        <vehicle id="13" x="201.65" y="165.96" angle="180.00" type="DEFAULT_VEHTYPE" speed="13.66" pos="165.96" lane="1/0to1/1_0" slope="0.00"/>
        <vehicle id="14" x="755.73" y="201.65" angle="-90.00" type="DEFAULT_VEHTYPE" speed="13.50" pos="44.27" lane="4/1to3/1_0" slope="0.00"/>
        <vehicle id="4" x="398.35" y="283.60" angle="0.00" type="DEFAULT_VEHTYPE" speed="12.64" pos="111.65" lane="2/2to2/1_0" slope="0.00"/>
        <vehicle id="5" x="398.35" y="137.12" angle="0.00" type="DEFAULT_VEHTYPE" speed="13.52" pos="58.13" lane="2/1to2/0_0" slope="0.00"/>
        <vehicle id="7" x="566.05" y="198.35" angle="90.00" type="DEFAULT_VEHTYPE" speed="13.33" pos="161.30" lane="2/1to3/1_0" slope="0.00"/>
        <vehicle id="8" x="401.65" y="141.58" angle="180.00" type="DEFAULT_VEHTYPE" speed="13.62" pos="141.58" lane="2/0to2/1_0" slope="0.00"/>
        <vehicle id="9" x="14.02" y="401.65" angle="-90.00" type="DEFAULT_VEHTYPE" speed="13.23" pos="181.23" lane="1/2to0/2_0" slope="0.00"/>
    </timestep>
    <timestep time="556.00">
        <vehicle id="0" x="445.34" y="401.65" angle="-90.00" type="DEFAULT_VEHTYPE" speed="13.30" pos="149.91" lane="3/2to2/2_0" slope="0.00"/>
        <vehicle id="1" x="601.65" y="254.38" angle="180.00" type="DEFAULT_VEHTYPE" speed="13.03" pos="49.63" lane="3/1to3/2_0" slope="0.00"/>
        <vehicle id="10" x="341.76" y="198.35" angle="90.00" type="DEFAULT_VEHTYPE" speed="13.53" pos="137.01" lane="1/1to2/1_0" slope="0.00"/>
        <vehicle id="11" x="298.92" y="198.35" angle="90.00" type="DEFAULT_VEHTYPE" speed="13.06" pos="94.17" lane="1/1to2/1_0" slope="0.00"/>
        <vehicle id="12" x="398.35" y="198.41" angle="0.00" type="DEFAULT_VEHTYPE" speed="13.85" pos="6.34" lane=":2/1_1_0" slope="0.00"/>
        <vehicle id="13" x="201.65" y="179.69" angle="180.00" type="DEFAULT_VEHTYPE" speed="13.72" pos="179.69" lane="1/0to1/1_0" slope="0.00"/>
        <vehicle id="14" x="742.76" y="201.65" angle="-90.00" type="DEFAULT_VEHTYPE" speed="12.97" pos="57.24" lane="4/1to3/1_0" slope="0.00"/>
        <vehicle id="4" x="398.35" y="270.68" angle="0.00" type="DEFAULT_VEHTYPE" speed="12.92" pos="124.57" lane="2/2to2/1_0" slope="0.00"/>
        <vehicle id="5" x="398.35" y="123.87" angle="0.00" type="DEFAULT_VEHTYPE" speed="13.26" pos="71.38" lane="2/1to2/0_0" slope="0.00"/>
        <vehicle id="7" x="577.48" y="198.35" angle="90.00" type="DEFAULT_VEHTYPE" speed="11.44" pos="172.73" lane="2/1to3/1_0" slope="0.00"/>
        <vehicle id="8" x="401.65" y="154.69" angle="180.00" type="DEFAULT_VEHTYPE" speed="13.11" pos="154.69" lane="2/0to2/1_0" slope="0.00"/>
        <vehicle id="9" x="1.03" y="401.65" angle="-90.00" type="DEFAULT_VEHTYPE" speed="12.99" pos="194.22" lane="1/2to0/2_0" slope="0.00"/>
    </timestep>
    <timestep time="557.00">
        <vehicle id="0" x="432.64" y="401.65" angle="-90.00" type="DEFAULT_VEHTYPE" speed="12.70" pos="162.61" lane="3/2to2/2_0" slope="0.00"/>
        <vehicle id="1" x="601.65" y="267.52" angle="180.00" type="DEFAULT_VEHTYPE" speed="13.15" pos="62.77" lane="3/1to3/2_0" slope="0.00"/>
        <vehicle id="10" x="355.58" y="198.35" angle="90.00" type="DEFAULT_VEHTYPE" speed="13.83" pos="150.83" lane="1/1to2/1_0" slope="0.00"/>
        <vehicle id="11" x="312.73" y="198.35" angle="90.00" type="DEFAULT_VEHTYPE" speed="13.81" pos="107.98" lane="1/1to2/1_0" slope="0.00"/>
        <vehicle id="12" x="398.35" y="185.49" angle="0.00" type="DEFAULT_VEHTYPE" speed="12.92" pos="9.76" lane="2/1to2/0_0" slope="0.00"/>
        <vehicle id="13" x="201.65" y="193.34" angle="180.00" type="DEFAULT_VEHTYPE" speed="13.66" pos="193.34" lane="1/0to1/1_0" slope="0.00"/>
        <vehicle id="14" x="729.96" y="201.65" angle="-90.00" type="DEFAULT_VEHTYPE" speed="12.80" pos="70.04" lane="4/1to3/1_0" slope="0.00"/>
        <vehicle id="4" x="398.35" y="258.03" angle="0.00" type="DEFAULT_VEHTYPE" speed="12.65" pos="137.22" lane="2/2to2/1_0" slope="0.00"/>
        <vehicle id="5" x="398.35" y="110.92" angle="0.00" type="DEFAULT_VEHTYPE" speed="12.94" pos="84.33" lane="2/1to2/0_0" slope="0.00"/>
        <vehicle id="7" x="584.42" y="198.35" angle="90.00" type="DEFAULT_VEHTYPE" speed="6.94" pos="179.67" lane="2/1to3/1_0" slope="0.00"/>
        <vehicle id="8" x="401.65" y="168.41" angle="180.00" type="DEFAULT_VEHTYPE" speed="13.72" pos="168.41" lane="2/0to2/1_0" slope="0.00"/>
        <vehicle id="9" x="6.99" y="398.35" angle="90.00" type="DEFAULT_VEHTYPE" speed="12.84" pos="6.99" lane="0/2to1/2_0" slope="0.00"/>
    </timestep>
    <timestep time="558.00">
        <vehicle id="0" x="422.45" y="401.65" angle="-90.00" type="DEFAULT_VEHTYPE" speed="10.19" pos="172.80" lane="3/2to2/2_0" slope="0.00"/>
        <vehicle id="1" x="601.65" y="280.80" angle="180.00" type="DEFAULT_VEHTYPE" speed="13.28" pos="76.05" lane="3/1to3/2_0" slope="0.00"/>
        <vehicle id="10" x="369.28" y="198.35" angle="90.00" type="DEFAULT_VEHTYPE" speed="13.69" pos="164.53" lane="1/1to2/1_0" slope="0.00"/>
        <vehicle id="11" x="326.23" y="198.35" angle="90.00" type="DEFAULT_VEHTYPE" speed="13.50" pos="121.48" lane="1/1to2/1_0" slope="0.00"/>
        <vehicle id="12" x="398.35" y="172.74" angle="0.00" type="DEFAULT_VEHTYPE" speed="12.76" pos="22.51" lane="2/1to2/0_0" slope="0.00"/>
        <vehicle id="13" x="211.08" y="198.35" angle="90.00" type="DEFAULT_VEHTYPE" speed="13.23" pos="6.33" lane="1/1to2/1_0" slope="0.00"/>
        <vehicle id="14" x="717.18" y="201.65" angle="-90.00" type="DEFAULT_VEHTYPE" speed="12.78" pos="82.82" lane="4/1to3/1_0" slope="0.00"/>
        <vehicle id="4" x="398.35" y="244.26" angle="0.00" type="DEFAULT_VEHTYPE" speed="13.77" pos="150.99" lane="2/2to2/1_0" slope="0.00"/>
        <vehicle id="5" x="398.35" y="97.41" angle="0.00" type="DEFAULT_VEHTYPE" speed="13.52" pos="97.84" lane="2/1to2/0_0" slope="0.00"/>
        <vehicle id="7" x="588.99" y="198.35" angle="90.00" type="DEFAULT_VEHTYPE" speed="4.57" pos="184.24" lane="2/1to3/1_0" slope="0.00"/>
        <vehicle id="8" x="401.65" y="182.11" angle="180.00" type="DEFAULT_VEHTYPE" speed="13.70" pos="182.11" lane="2/0to2/1_0" slope="0.00"/>
        <vehicle id="9" x="19.59" y="398.35" angle="90.00" type="DEFAULT_VEHTYPE" speed="12.60" pos="19.59" lane="0/2to1/2_0" slope="0.00"/>
    </timestep>
    <timestep time="559.00">
        <vehicle id="0" x="415.06" y="401.65" angle="-90.00" type="DEFAULT_VEHTYPE" speed="7.39" pos="180.19" lane="3/2to2/2_0" slope="0.00"/>
        <vehicle id="1" x="601.65" y="293.50" angle="180.00" type="DEFAULT_VEHTYPE" speed="12.70" pos="88.75" lane="3/1to3/2_0" slope="0.00"/>
        <vehicle id="10" x="378.79" y="198.35" angle="90.00" type="DEFAULT_VEHTYPE" speed="9.51" pos="174.04" lane="1/1to2/1_0" slope="0.00"/>
        <vehicle id="11" x="339.43" y="198.35" angle="90.00" type="DEFAULT_VEHTYPE" speed="13.20" pos="134.68" lane="1/1to2/1_0" slope="0.00"/>
        <vehicle id="12" x="398.35" y="159.86" angle="0.00" type="DEFAULT_VEHTYPE" speed="12.87" pos="35.39" lane="2/1to2/0_0" slope="0.00"/>
        <vehicle id="13" x="224.45" y="198.35" angle="90.00" type="DEFAULT_VEHTYPE" speed="13.37" pos="19.70" lane="1/1to2/1_0" slope="0.00"/>
        <vehicle id="14" x="703.67" y="201.65" angle="-90.00" type="DEFAULT_VEHTYPE" speed="13.51" pos="96.33" lane="4/1to3/1_0" slope="0.00"/>
        <vehicle id="4" x="398.35" y="230.39" angle="0.00" type="DEFAULT_VEHTYPE" speed="13.87" pos="164.86" lane="2/2to2/1_0" slope="0.00"/>
        <vehicle id="5" x="398.35" y="84.39" angle="0.00" type="DEFAULT_VEHTYPE" speed="13.02" pos="110.86" lane="2/1to2/0_0" slope="0.00"/>
        <vehicle id="7" x="595.03" y="198.35" angle="90.00" type="DEFAULT_VEHTYPE" speed="6.04" pos="190.28" lane="2/1to3/1_0" slope="0.00"/>
        <vehicle id="8" x="401.74" y="195.89" angle="178.98" type="DEFAULT_VEHTYPE" speed="13.78" pos="0.64" lane=":2/1_8_0" slope="0.00"/>
        <vehicle id="9" x="32.68" y="398.35" angle="90.00" type="DEFAULT_VEHTYPE" speed="13.08" pos="32.68" lane="0/2to1/2_0" slope="0.00"/>
    </timestep>
    <timestep time="560.00">
        <vehicle id="0" x="411.24" y="401.65" angle="-90.00" type="DEFAULT_VEHTYPE" speed="3.82" pos="184.01" lane="3/2to2/2_0" slope="0.00"/>
        <vehicle id="1" x="601.65" y="306.73" angle="180.00" type="DEFAULT_VEHTYPE" speed="13.23" pos="101.98" lane="3/1to3/2_0" slope="0.00"/>
        <vehicle id="10" x="386.20" y="198.35" angle="90.00" type="DEFAULT_VEHTYPE" speed="7.41" pos="181.45" lane="1/1to2/1_0" slope="0.00"/>
        <vehicle id="11" x="353.28" y="198.35" angle="90.00" type="DEFAULT_VEHTYPE" speed="13.85" pos="148.53" lane="1/1to2/1_0" slope="0.00"/>
        <vehicle id="12" x="398.35" y="147.20" angle="0.00" type="DEFAULT_VEHTYPE" speed="12.66" pos="48.05" lane="2/1to2/0_0" slope="0.00"/>
        <vehicle id="13" x="237.89" y="198.35" angle="90.00" type="DEFAULT_VEHTYPE" speed="13.44" pos="33.14" lane="1/1to2/1_0" slope="0.00"/>
        <vehicle id="14" x="690.73" y="201.65" angle="-90.00" type="DEFAULT_VEHTYPE" speed="12.94" pos="109.27" lane="4/1to3/1_0" slope="0.00"/>
        <vehicle id="4" x="398.35" y="217.68" angle="0.00" type="DEFAULT_VEHTYPE" speed="12.70" pos="177.57" lane="2/2to2/1_0" slope="0.00"/>
        <vehicle id="5" x="398.35" y="70.60" angle="0.00" type="DEFAULT_VEHTYPE" speed="13.79" pos="124.65" lane="2/1to2/0_0" slope="0.00"/>
        <vehicle id="7" x="603.33" y="198.35" angle="90.00" type="DEFAULT_VEHTYPE" speed="8.30" pos="8.08" lane=":3/1_13_0" slope="0.00"/>
        <vehicle id="8" x="413.70" y="198.35" angle="90.00" type="DEFAULT_VEHTYPE" speed="13.30" pos="8.95" lane="2/1to3/1_0" slope="0.00"/>
        <vehicle id="9" x="45.41" y="398.35" angle="90.00" type="DEFAULT_VEHTYPE" speed="12.73" pos="45.41" lane="0/2to1/2_0" slope="0.00"/>
    </timestep>
    <timestep time="561.00">
        <vehicle id="0" x="405.05" y="401.65" angle="-90.00" type="DEFAULT_VEHTYPE" speed="6.19" pos="190.20" lane="3/2to2/2_0" slope="0.00"/>
        <vehicle id="1" x="601.65" y="319.85" angle="180.00" type="DEFAULT_VEHTYPE" speed="13.12" pos="115.10" lane="3/1to3/2_0" slope="0.00"/>
        <vehicle id="10" x="389.32" y="198.35" angle="90.00" type="DEFAULT_VEHTYPE" speed="3.13" pos="184.57" lane="1/1to2/1_0" slope="0.00"/>
        <vehicle id="11" x="366.27" y="198.35" angle="90.00" type="DEFAULT_VEHTYPE" speed="12.99" pos="161.52" lane="1/1to2/1_0" slope="0.00"/>
        <vehicle id="12" x="398.35" y="133.76" angle="0.00" type="DEFAULT_VEHTYPE" speed="13.44" pos="61.49" lane="2/1to2/0_0" slope="0.00"/>
        <vehicle id="13" x="250.79" y="198.35" angle="90.00" type="DEFAULT_VEHTYPE" speed="12.90" pos="46.04" lane="1/1to2/1_0" slope="0.00"/>
        <vehicle id="14" x="677.56" y="201.65" angle="-90.00" type="DEFAULT_VEHTYPE" speed="13.17" pos="122.44" lane="4/1to3/1_0" slope="0.00"/>
        <vehicle id="4" x="398.35" y="203.99" angle="0.00" type="DEFAULT_VEHTYPE" speed="13.69" pos="0.76" lane=":2/1_1_0" slope="0.00"/>
        <vehicle id="5" x="398.35" y="57.36" angle="0.00" type="DEFAULT_VEHTYPE" speed="13.23" pos="137.89" lane="2/1to2/0_0" slope="0.00"/>
        <vehicle id="7" x="613.19" y="198.35" angle="90.00" type="DEFAULT_VEHTYPE" speed="9.86" pos="8.44" lane="3/1to4/1_0" slope="0.00"/>
        <vehicle id="8" x="427.13" y="198.35" angle="90.00" type="DEFAULT_VEHTYPE" speed="13.44" pos="22.38" lane="2/1to3/1_0" slope="0.00"/>
        <vehicle id="9" x="58.66" y="398.35" angle="90.00" type="DEFAULT_VEHTYPE" speed="13.25" pos="58.66" lane="0/2to1/2_0" slope="0.00"/>
    </timestep>
    <timestep time="562.00">
        <vehicle id="0" x="396.69" y="401.65" angle="-90.00" type="DEFAULT_VEHTYPE" speed="8.36" pos="8.06" lane=":2/2_5_0" slope="0.00"/>
        <vehicle id="1" x="601.65" y="332.53" angle="180.00" type="DEFAULT_VEHTYPE" speed="12.68" pos="127.78" lane="3/1to3/2_0" slope="0.00"/>
        <vehicle id="10" x="390.85" y="198.35" angle="90.00" type="DEFAULT_VEHTYPE" speed="1.53" pos="186.10" lane="1/1to2/1_0" slope="0.00"/>
        <vehicle id="11" x="374.76" y="198.35" angle="90.00" type="DEFAULT_VEHTYPE" speed="8.49" pos="170.01" lane="1/1to2/1_0" slope="0.00"/>
        <vehicle id="12" x="398.35" y="120.18" angle="0.00" type="DEFAULT_VEHTYPE" speed="13.59" pos="75.07" lane="2/1to2/0_0" slope="0.00"/>
        <vehicle id="13" x="263.47" y="198.35" angle="90.00" type="DEFAULT_VEHTYPE" speed="12.68" pos="58.72" lane="1/1to2/1_0" slope="0.00"/>
        <vehicle id="14" x="664.52" y="201.65" angle="-90.00" type="DEFAULT_VEHTYPE" speed="13.05" pos="135.48" lane="4/1to3/1_0" slope="0.00"/>
        <vehicle id="4" x="398.35" y="190.47" angle="0.00" type="DEFAULT_VEHTYPE" speed="13.53" pos="4.78" lane="2/1to2/0_0" slope="0.00"/>
        <vehicle id="5" x="398.35" y="43.88" angle="0.00" type="DEFAULT_VEHTYPE" speed="13.49" pos="151.37" lane="2/1to2/0_0" slope="0.00"/>
        <vehicle id="7" x="624.67" y="198.35" angle="90.00" type="DEFAULT_VEHTYPE" speed="11.48" pos="19.92" lane="3/1to4/1_0" slope="0.00"/>
        <vehicle id="8" x="440.32" y="198.35" angle="90.00" type="DEFAULT_VEHTYPE" speed="13.18" pos="35.57" lane="2/1to3/1_0" slope="0.00"/>
        <vehicle id="9" x="71.50" y="398.35" angle="90.00" type="DEFAULT_VEHTYPE" speed="12.84" pos="71.50" lane="0/2to1/2_0" slope="0.00"/>
    </timestep>
    <timestep time="563.00">
        <vehicle id="0" x="385.99" y="401.65" angle="-90.00" type="DEFAULT_VEHTYPE" speed="10.70" pos="9.26" lane="2/2to1/2_0" slope="0.00"/>
        <vehicle id="1" x="601.65" y="345.35" angle="180.00" type="DEFAULT_VEHTYPE" speed="12.82" pos="140.60" lane="3/1to3/2_0" slope="0.00"/>
        <vehicle id="10" x="394.38" y="198.35" angle="90.00" type="DEFAULT_VEHTYPE" speed="3.52" pos="189.63" lane="1/1to2/1_0" slope="0.00"/>
        <vehicle id="11" x="379.16" y="198.35" angle="90.00" type="DEFAULT_VEHTYPE" speed="4.40" pos="174.41" lane="1/1to2/1_0" slope="0.00"/>
        <vehicle id="12" x="398.35" y="106.91" angle="0.00" type="DEFAULT_VEHTYPE" speed="13.27" pos="88.34" lane="2/1to2/0_0" slope="0.00"/>
        <vehicle id="13" x="276.98" y="198.35" angle="90.00" type="DEFAULT_VEHTYPE" speed="13.51" pos="72.23" lane="1/1to2/1_0" slope="0.00"/>
        <vehicle id="14" x="650.83" y="201.65" angle="-90.00" type="DEFAULT_VEHTYPE" speed="13.69" pos="149.17" lane="4/1to3/1_0" slope="0.00"/>
        <vehicle id="4" x="398.35" y="177.28" angle="0.00" type="DEFAULT_VEHTYPE" speed="13.19" pos="17.97" lane="2/1to2/0_0" slope="0.00"/>
        <vehicle id="5" x="398.35" y="30.72" angle="0.00" type="DEFAULT_VEHTYPE" speed="13.16" pos="164.53" lane="2/1to2/0_0" slope="0.00"/>
        <vehicle id="7" x="637.32" y="198.35" angle="90.00" type="DEFAULT_VEHTYPE" speed="12.65" pos="32.57" lane="3/1to4/1_0" slope="0.00"/>
        <vehicle id="8" x="453.47" y="198.35" angle="90.00" type="DEFAULT_VEHTYPE" speed="13.15" pos="48.72" lane="2/1to3/1_0" slope="0.00"/>
        <vehicle id="9" x="84.40" y="398.35" angle="90.00" type="DEFAULT_VEHTYPE" speed="12.90" pos="84.40" lane="0/2to1/2_0" slope="0.00"/>
    </timestep>
    <timestep time="564.00">
        <vehicle id="0" x="373.20" y="401.65" angle="-90.00" type="DEFAULT_VEHTYPE" speed="12.79" pos="22.05" lane="2/2to1/2_0" slope="0.00"/>
        <vehicle id="1" x="601.65" y="358.99" angle="180.00" type="DEFAULT_VEHTYPE" speed="13.64" pos="154.24" lane="3/1to3/2_0" slope="0.00"/>
        <vehicle id="10" x="399.68" y="198.35" angle="90.00" type="DEFAULT_VEHTYPE" speed="5.30" pos="4.43" lane=":2/1_13_0" slope="0.00"/>
        <vehicle id="11" x="383.56" y="198.35" angle="90.00" type="DEFAULT_VEHTYPE" speed="4.39" pos="178.81" lane="1/1to2/1_0" slope="0.00"/>
        <vehicle id="12" x="398.35" y="93.60" angle="0.00" type="DEFAULT_VEHTYPE" speed="13.31" pos="101.65" lane="2/1to2/0_0" slope="0.00"/>
        <vehicle id="13" x="290.55" y="198.35" angle="90.00" type="DEFAULT_VEHTYPE" speed="13.56" pos="85.80" lane="1/1to2/1_0" slope="0.00"/>
        <vehicle id="14" x="638.08" y="201.65" angle="-90.00" type="DEFAULT_VEHTYPE" speed="12.75" pos="161.92" lane="4/1to3/1_0" slope="0.00"/>
        <vehicle id="4" x="398.35" y="164.29" angle="0.00" type="DEFAULT_VEHTYPE" speed="12.99" pos="30.96" lane="2/1to2/0_0" slope="0.00"/>
        <vehicle id="5" x="398.35" y="17.42" angle="0.00" type="DEFAULT_VEHTYPE" speed="13.30" pos="177.83" lane="2/1to2/0_0" slope="0.00"/>
        <vehicle id="7" x="650.09" y="198.35" angle="90.00" type="DEFAULT_VEHTYPE" speed="12.77" pos="45.34" lane="3/1to4/1_0" slope="0.00"/>
        <vehicle id="8" x="466.55" y="198.35" angle="90.00" type="DEFAULT_VEHTYPE" speed="13.08" pos="61.80" lane="2/1to3/1_0" slope="0.00"/>
        <vehicle id="9" x="98.13" y="398.35" angle="90.00" type="DEFAULT_VEHTYPE" speed="13.72" pos="98.13" lane="0/2to1/2_0" slope="0.00"/>
    </timestep>
    <timestep time="565.00">
        <vehicle id="0" x="359.77" y="401.65" angle="-90.00" type="DEFAULT_VEHTYPE" speed="13.43" pos="35.48" lane="2/2to1/2_0" slope="0.00"/>
        <vehicle id="1" x="601.65" y="372.16" angle="180.00" type="DEFAULT_VEHTYPE" speed="13.17" pos="167.41" lane="3/1to3/2_0" slope="0.00"/>
        <vehicle id="10" x="407.37" y="198.35" angle="90.00" type="DEFAULT_VEHTYPE" speed="7.69" pos="2.62" lane="2/1to3/1_0" slope="0.00"/>
        <vehicle id="11" x="388.71" y="198.35" angle="90.00" type="DEFAULT_VEHTYPE" speed="5.16" pos="183.96" lane="1/1to2/1_0" slope="0.00"/>
        <vehicle id="12" x="398.35" y="79.88" angle="0.00" type="DEFAULT_VEHTYPE" speed="13.72" pos="115.37" lane="2/1to2/0_0" slope="0.00"/>
        <vehicle id="13" x="304.27" y="198.35" angle="90.00" type="DEFAULT_VEHTYPE" speed="13.72" pos="99.52" lane="1/1to2/1_0" slope="0.00"/>
        <vehicle id="14" x="625.75" y="201.65" angle="-90.00" type="DEFAULT_VEHTYPE" speed="12.32" pos="174.25" lane="4/1to3/1_0" slope="0.00"/>
        <vehicle id="4" x="398.35" y="151.65" angle="0.00" type="DEFAULT_VEHTYPE" speed="12.64" pos="43.60" lane="2/1to2/0_0" slope="0.00"/>
        <vehicle id="5" x="398.35" y="3.92" angle="0.00" type="DEFAULT_VEHTYPE" speed="13.50" pos="191.33" lane="2/1to2/0_0" slope="0.00"/>
        <vehicle id="7" x="662.83" y="198.35" angle="90.00" type="DEFAULT_VEHTYPE" speed="12.75" pos="58.08" lane="3/1to4/1_0" slope="0.00"/>
        <vehicle id="8" x="479.81" y="198.35" angle="90.00" type="DEFAULT_VEHTYPE" speed="13.26" pos="75.06" lane="2/1to3/1_0" slope="0.00"/>
        <vehicle id="9" x="111.77" y="398.35" angle="90.00" type="DEFAULT_VEHTYPE" speed="13.65" pos="111.77" lane="0/2to1/2_0" slope="0.00"/>
    </timestep>
    <timestep time="566.00">
        <vehicle id="0" x="346.90" y="401.65" angle="-90.00" type="DEFAULT_VEHTYPE" speed="12.87" pos="48.35" lane="2/2to1/2_0" slope="0.00"/>
        <vehicle id="1" x="601.65" y="381.59" angle="180.00" type="DEFAULT_VEHTYPE" speed="9.43" pos="176.84" lane="3/1to3/2_0" slope="0.00"/>
        <vehicle id="10" x="416.66" y="198.35" angle="90.00" type="DEFAULT_VEHTYPE" speed="9.30" pos="11.91" lane="2/1to3/1_0" slope="0.00"/>
        <vehicle id="11" x="395.28" y="198.35" angle="90.00" type="DEFAULT_VEHTYPE" speed="6.56" pos="0.03" lane=":2/1_13_0" slope="0.00"/>
        <vehicle id="12" x="398.35" y="66.66" angle="0.00" type="DEFAULT_VEHTYPE" speed="13.22" pos="128.59" lane="2/1to2/0_0" slope="0.00"/>
        <vehicle id="13" x="317.17" y="198.35" angle="90.00" type="DEFAULT_VEHTYPE" speed="12.90" pos="112.42" lane="1/1to2/1_0" slope="0.00"/>
        <vehicle id="14" x="616.72" y="201.65" angle="-90.00" type="DEFAULT_VEHTYPE" speed="9.03" pos="183.28" lane="4/1to3/1_0" slope="0.00"/>
        <vehicle id="4" x="398.35" y="137.94" angle="0.00" type="DEFAULT_VEHTYPE" speed="13.71" pos="57.31" lane="2/1to2/0_0" slope="0.00"/>
        <vehicle id="5" x="401.65" y="4.56" angle="177.12" type="DEFAULT_VEHTYPE" speed="13.29" pos="4.56" lane="2/0to2/1_0" slope="0.00"/>
        <vehicle id="7" x="676.11" y="198.35" angle="90.00" type="DEFAULT_VEHTYPE" speed="13.28" pos="71.36" lane="3/1to4/1_0" slope="0.00"/>
        <vehicle id="8" x="492.70" y="198.35" angle="90.00" type="DEFAULT_VEHTYPE" speed="12.89" pos="87.95" lane="2/1to3/1_0" slope="0.00"/>
        <vehicle id="9" x="124.69" y="398.35" angle="90.00" type="DEFAULT_VEHTYPE" speed="12.91" pos="124.69" lane="0/2to1/2_0" slope="0.00"/>
    </timestep>
    <timestep time="567.00">
        <vehicle id="0" x="333.92" y="401.65" angle="-90.00" type="DEFAULT_VEHTYPE" speed="12.97" pos="61.33" lane="2/2to1/2_0" slope="0.00"/>
        <vehicle id="1" x="601.65" y="387.86" angle="180.00" type="DEFAULT_VEHTYPE" speed="6.27" pos="183.11" lane="3/1to3/2_0" slope="0.00"/>
        <vehicle id="10" x="428.48" y="198.35" angle="90.00" type="DEFAULT_VEHTYPE" speed="11.82" pos="23.73" lane="2/1to3/1_0" slope="0.00"/>
        <vehicle id="11" x="403.34" y="198.35" angle="90.00" type="DEFAULT_VEHTYPE" speed="8.06" pos="8.09" lane=":2/1_13_0" slope="0.00"/>
        <vehicle id="12" x="398.35" y="53.48" angle="0.00" type="DEFAULT_VEHTYPE" speed="13.18" pos="141.77" lane="2/1to2/0_0" slope="0.00"/>
        <vehicle id="13" x="330.32" y="198.35" angle="90.00" type="DEFAULT_VEHTYPE" speed="13.15" pos="125.57" lane="1/1to2/1_0" slope="0.00"/>
        <vehicle id="14" x="611.27" y="201.65" angle="-90.00" type="DEFAULT_VEHTYPE" speed="5.46" pos="188.73" lane="4/1to3/1_0" slope="0.00"/>
        <vehicle id="4" x="398.35" y="124.66" angle="0.00" type="DEFAULT_VEHTYPE" speed="13.28" pos="70.59" lane="2/1to2/0_0" slope="0.00"/>
        <vehicle id="5" x="401.65" y="18.28" angle="180.00" type="DEFAULT_VEHTYPE" speed="13.73" pos="18.28" lane="2/0to2/1_0" slope="0.00"/>
        <vehicle id="7" x="688.84" y="198.35" angle="90.00" type="DEFAULT_VEHTYPE" speed="12.73" pos="84.09" lane="3/1to4/1_0" slope="0.00"/>
        <vehicle id="8" x="506.23" y="198.35" angle="90.00" type="DEFAULT_VEHTYPE" speed="13.53" pos="101.48" lane="2/1to3/1_0" slope="0.00"/>
        <vehicle id="9" x="138.14" y="398.35" angle="90.00" type="DEFAULT_VEHTYPE" speed="13.45" pos="138.14" lane="0/2to1/2_0" slope="0.00"/>
    </timestep>
    <timestep time="568.00">
        <vehicle id="0" x="321.21" y="401.65" angle="-90.00" type="DEFAULT_VEHTYPE" speed="12.71" pos="74.04" lane="2/2to1/2_0" slope="0.00"/>
        <vehicle id="1" x="601.65" y="390.16" angle="180.00" type="DEFAULT_VEHTYPE" speed="2.30" pos="185.41" lane="3/1to3/2_0" slope="0.00"/>
        <vehicle id="10" x="441.46" y="198.35" angle="90.00" type="DEFAULT_VEHTYPE" speed="12.98" pos="36.71" lane="2/1to3/1_0" slope="0.00"/>
        <vehicle id="11" x="413.72" y="198.35" angle="90.00" type="DEFAULT_VEHTYPE" speed="10.38" pos="8.97" lane="2/1to3/1_0" slope="0.00"/>
        <vehicle id="12" x="398.35" y="39.83" angle="0.00" type="DEFAULT_VEHTYPE" speed="13.64" pos="155.42" lane="2/1to2/0_0" slope="0.00"/>
        <vehicle id="13" x="343.50" y="198.35" angle="90.00" type="DEFAULT_VEHTYPE" speed="13.18" pos="138.75" lane="1/1to2/1_0" slope="0.00"/>
        <vehicle id="14" x="603.59" y="201.81" angle="-91.86" type="DEFAULT_VEHTYPE" speed="7.69" pos="1.17" lane=":3/1_4_0" slope="0.00"/>
        <vehicle id="4" x="398.35" y="111.16" angle="0.00" type="DEFAULT_VEHTYPE" speed="13.50" pos="84.09" lane="2/1to2/0_0" slope="0.00"/>
        <vehicle id="5" x="401.65" y="31.57" angle="180.00" type="DEFAULT_VEHTYPE" speed="13.29" pos="31.57" lane="2/0to2/1_0" slope="0.00"/>
        <vehicle id="7" x="702.15" y="198.35" angle="90.00" type="DEFAULT_VEHTYPE" speed="13.32" pos="97.40" lane="3/1to4/1_0" slope="0.00"/>
        <vehicle id="8" x="519.78" y="198.35" angle="90.00" type="DEFAULT_VEHTYPE" speed="13.55" pos="115.03" lane="2/1to3/1_0" slope="0.00"/>
        <vehicle id="9" x="151.92" y="398.35" angle="90.00" type="DEFAULT_VEHTYPE" speed="13.78" pos="151.92" lane="0/2to1/2_0" slope="0.00"/>
    </timestep>
    <timestep time="569.00">
        <vehicle id="0" x="307.58" y="401.65" angle="-90.00" type="DEFAULT_VEHTYPE" speed="13.64" pos="87.67" lane="2/2to1/2_0" slope="0.00"/>
        <vehicle id="1" x="601.65" y="393.76" angle="180.00" type="DEFAULT_VEHTYPE" speed="3.60" pos="189.01" lane="3/1to3/2_0" slope="0.00"/>
        <vehicle id="10" x="454.57" y="198.35" angle="90.00" type="DEFAULT_VEHTYPE" speed="13.10" pos="49.82" lane="2/1to3/1_0" slope="0.00"/>
        <vehicle id="11" x="425.57" y="198.35" angle="90.00" type="DEFAULT_VEHTYPE" speed="11.85" pos="20.82" lane="2/1to3/1_0" slope="0.00"/>
        <vehicle id="12" x="398.35" y="26.13" angle="0.00" type="DEFAULT_VEHTYPE" speed="13.70" pos="169.12" lane="2/1to2/0_0" slope="0.00"/>
        <vehicle id="13" x="356.34" y="198.35" angle="90.00" type="DEFAULT_VEHTYPE" speed="12.84" pos="151.59" lane="1/1to2/1_0" slope="0.00"/>
        <vehicle id="14" x="601.65" y="209.96" angle="180.00" type="DEFAULT_VEHTYPE" speed="9.04" pos="5.21" lane="3/1to3/2_0" slope="0.00"/>
        <vehicle id="4" x="398.35" y="98.31" angle="0.00" type="DEFAULT_VEHTYPE" speed="12.85" pos="96.94" lane="2/1to2/0_0" slope="0.00"/>
        <vehicle id="5" x="401.65" y="44.71" angle="180.00" type="DEFAULT_VEHTYPE" speed="13.14" pos="44.71" lane="2/0to2/1_0" slope="0.00"/>
        <vehicle id="7" x="715.15" y="198.35" angle="90.00" type="DEFAULT_VEHTYPE" speed="12.99" pos="110.40" lane="3/1to4/1_0" slope="0.00"/>
        <vehicle id="8" x="532.61" y="198.35" angle="90.00" type="DEFAULT_VEHTYPE" speed="12.83" pos="127.86" lane="2/1to3/1_0" slope="0.00"/>
        <vehicle id="9" x="165.62" y="398.35" angle="90.00" type="DEFAULT_VEHTYPE" speed="13.70" pos="165.62" lane="0/2to1/2_0" slope="0.00"/>
    </timestep>
    <timestep time="570.00">
        <vehicle id="0" x="294.45" y="401.65" angle="-90.00" type="DEFAULT_VEHTYPE" speed="13.13" pos="100.80" lane="2/2to1/2_0" slope="0.00"/>
        <vehicle id="1" x="600.52" y="399.26" angle="-166.73" type="DEFAULT_VEHTYPE" speed="5.73" pos="4.24" lane=":3/2_10_0" slope="0.00"/>
        <vehicle id="10" x="468.32" y="198.35" angle="90.00" type="DEFAULT_VEHTYPE" speed="13.75" pos="63.57" lane="2/1to3/1_0" slope="0.00"/>
        <vehicle id="11" x="439.23" y="198.35" angle="90.00" type="DEFAULT_VEHTYPE" speed="13.66" pos="34.48" lane="2/1to3/1_0" slope="0.00"/>
        <vehicle id="12" x="398.35" y="12.95" angle="0.00" type="DEFAULT_VEHTYPE" speed="13.18" pos="182.30" lane="2/1to2/0_0" slope="0.00"/>
        <vehicle id="13" x="369.08" y="198.35" angle="90.00" type="DEFAULT_VEHTYPE" speed="12.74" pos="164.33" lane="1/1to2/1_0" slope="0.00"/>
        <vehicle id="14" x="601.65" y="221.25" angle="180.00" type="DEFAULT_VEHTYPE" speed="11.29" pos="16.50" lane="3/1to3/2_0" slope="0.00"/>
        <vehicle id="4" x="398.35" y="85.69" angle="0.00" type="DEFAULT_VEHTYPE" speed="12.62" pos="109.56" lane="2/1to2/0_0" slope="0.00"/>
        <vehicle id="5" x="401.65" y="57.74" angle="180.00" type="DEFAULT_VEHTYPE" speed="13.02" pos="57.74" lane="2/0to2/1_0" slope="0.00"/>
        <vehicle id="7" x="728.82" y="198.35" angle="90.00" type="DEFAULT_VEHTYPE" speed="13.67" pos="124.07" lane="3/1to4/1_0" slope="0.00"/>
        <vehicle id="8" x="545.79" y="198.35" angle="90.00" type="DEFAULT_VEHTYPE" speed="13.19" pos="141.04" lane="2/1to3/1_0" slope="0.00"/>
        <vehicle id="9" x="176.86" y="398.35" angle="90.00" type="DEFAULT_VEHTYPE" speed="11.24" pos="176.86" lane="0/2to1/2_0" slope="0.00"/>
    </timestep>
    <timestep time="571.00">
        <vehicle id="0" x="281.26" y="401.65" angle="-90.00" type="DEFAULT_VEHTYPE" speed="13.19" pos="113.99" lane="2/2to1/2_0" slope="0.00"/>
        <vehicle id="1" x="593.86" y="401.65" angle="-99.38" type="DEFAULT_VEHTYPE" speed="7.47" pos="1.39" lane="3/2to2/2_0" slope="0.00"/>
        <vehicle id="10" x="481.02" y="198.35" angle="90.00" type="DEFAULT_VEHTYPE" speed="12.70" pos="76.27" lane="2/1to3/1_0" slope="0.00"/>
        <vehicle id="11" x="451.91" y="198.35" angle="90.00" type="DEFAULT_VEHTYPE" speed="12.68" pos="47.16" lane="2/1to3/1_0" slope="0.00"/>
        <vehicle id="12" x="398.35" y="0.18" angle="0.00" type="DEFAULT_VEHTYPE" speed="12.77" pos="195.07" lane="2/1to2/0_0" slope="0.00"/>
        <vehicle id="13" x="379.40" y="198.35" angle="90.00" type="DEFAULT_VEHTYPE" speed="10.32" pos="174.65" lane="1/1to2/1_0" slope="0.00"/>
        <vehicle id="14" x="601.65" y="233.94" angle="180.00" type="DEFAULT_VEHTYPE" speed="12.69" pos="29.19" lane="3/1to3/2_0" slope="0.00"/>
        <vehicle id="4" x="398.35" y="72.94" angle="0.00" type="DEFAULT_VEHTYPE" speed="12.75" pos="122.31" lane="2/1to2/0_0" slope="0.00"/>
        <vehicle id="5" x="401.65" y="71.44" angle="180.00" type="DEFAULT_VEHTYPE" speed="13.70" pos="71.44" lane="2/0to2/1_0" slope="0.00"/>
        <vehicle id="7" x="741.56" y="198.35" angle="90.00" type="DEFAULT_VEHTYPE" speed="12.74" pos="136.81" lane="3/1to4/1_0" slope="0.00"/>
        <vehicle id="8" x="559.62" y="198.35" angle="90.00" type="DEFAULT_VEHTYPE" speed="13.83" pos="154.87" lane="2/1to3/1_0" slope="0.00"/>
        <vehicle id="9" x="185.02" y="398.35" angle="90.00" type="DEFAULT_VEHTYPE" speed="8.16" pos="185.02" lane="0/2to1/2_0" slope="0.00"/>
    </timestep>
    <timestep time="572.00">
        <vehicle id="0" x="268.51" y="401.65" angle="-90.00" type="DEFAULT_VEHTYPE" speed="12.74" pos="126.74" lane="2/2to1/2_0" slope="0.00"/>
        <vehicle id="1" x="584.20" y="401.65" angle="-90.00" type="DEFAULT_VEHTYPE" speed="9.66" pos="11.05" lane="3/2to2/2_0" slope="0.00"/>
        <vehicle id="10" x="493.74" y="198.35" angle="90.00" type="DEFAULT_VEHTYPE" speed="12.72" pos="88.99" lane="2/1to3/1_0" slope="0.00"/>
        <vehicle id="11" x="465.36" y="198.35" angle="90.00" type="DEFAULT_VEHTYPE" speed="13.45" pos="60.61" lane="2/1to3/1_0" slope="0.00"/>
        <vehicle id="12" x="401.65" y="8.42" angle="180.00" type="DEFAULT_VEHTYPE" speed="13.41" pos="8.42" lane="2/0to2/1_0" slope="0.00"/>
        <vehicle id="13" x="386.37" y="198.35" angle="90.00" type="DEFAULT_VEHTYPE" speed="6.97" pos="181.62" lane="1/1to2/1_0" slope="0.00"/>
        <vehicle id="14" x="601.65" y="247.15" angle="180.00" type="DEFAULT_VEHTYPE" speed="13.21" pos="42.40" lane="3/1to3/2_0" slope="0.00"/>
        <vehicle id="4" x="398.35" y="60.11" angle="0.00" type="DEFAULT_VEHTYPE" speed="12.83" pos="135.14" lane="2/1to2/0_0" slope="0.00"/>
        <vehicle id="5" x="401.65" y="84.90" angle="180.00" type="DEFAULT_VEHTYPE" speed="13.46" pos="84.90" lane="2/0to2/1_0" slope="0.00"/>
        <vehicle id="7" x="754.34" y="198.35" angle="90.00" type="DEFAULT_VEHTYPE" speed="12.78" pos="149.59" lane="3/1to4/1_0" slope="0.00"/>
        <vehicle id="8" x="572.05" y="198.35" angle="90.00" type="DEFAULT_VEHTYPE" speed="12.43" pos="167.30" lane="2/1to3/1_0" slope="0.00"/>
        <vehicle id="9" x="189.37" y="398.35" angle="90.00" type="DEFAULT_VEHTYPE" speed="4.35" pos="189.37" lane="0/2to1/2_0" slope="0.00"/>
    </timestep>
    <timestep time="573.00">
        <vehicle id="0" x="255.32" y="401.65" angle="-90.00" type="DEFAULT_VEHTYPE" speed="13.20" pos="139.93" lane="2/2to1/2_0" slope="0.00"/>
        <vehicle id="1" x="572.60" y="401.65" angle="-90.00" type="DEFAULT_VEHTYPE" speed="11.60" pos="22.65" lane="3/2to2/2_0" slope="0.00"/>
        <vehicle id="10" x="507.47" y="198.35" angle="90.00" type="DEFAULT_VEHTYPE" speed="13.73" pos="102.72" lane="2/1to3/1_0" slope="0.00"/>
        <vehicle id="11" x="479.26" y="198.35" angle="90.00" type="DEFAULT_VEHTYPE" speed="13.90" pos="74.51" lane="2/1to3/1_0" slope="0.00"/>
        <vehicle id="12" x="401.65" y="21.04" angle="180.00" type="DEFAULT_VEHTYPE" speed="12.62" pos="21.04" lane="2/0to2/1_0" slope="0.00"/>
        <vehicle id="13" x="390.10" y="198.35" angle="90.00" type="DEFAULT_VEHTYPE" speed="3.73" pos="185.35" lane="1/1to2/1_0" slope="0.00"/>
        <vehicle id="14" x="601.65" y="260.42" angle="180.00" type="DEFAULT_VEHTYPE" speed="13.27" pos="55.67" lane="3/1to3/2_0" slope="0.00"/>
        <vehicle id="4" x="398.35" y="46.98" angle="0.00" type="DEFAULT_VEHTYPE" speed="13.13" pos="148.27" lane="2/1to2/0_0" slope="0.00"/>
        <vehicle id="5" x="401.65" y="98.24" angle="180.00" type="DEFAULT_VEHTYPE" speed="13.34" pos="98.24" lane="2/0to2/1_0" slope="0.00"/>
        <vehicle id="7" x="767.83" y="198.35" angle="90.00" type="DEFAULT_VEHTYPE" speed="13.49" pos="163.08" lane="3/1to4/1_0" slope="0.00"/>
        <vehicle id="8" x="580.66" y="198.35" angle="90.00" type="DEFAULT_VEHTYPE" speed="8.61" pos="175.91" lane="2/1to3/1_0" slope="0.00"/>
        <vehicle id="9" x="195.81" y="398.43" angle="90.92" type="DEFAULT_VEHTYPE" speed="6.45" pos="0.57" lane=":1/2_14_0" slope="0.00"/>
    </timestep>
    <timestep time="574.00">
        <vehicle id="0" x="242.08" y="401.65" angle="-90.00" type="DEFAULT_VEHTYPE" speed="13.24" pos="153.17" lane="2/2to1/2_0" slope="0.00"/>
        <vehicle id="1" x="559.68" y="401.65" angle="-90.00" type="DEFAULT_VEHTYPE" speed="12.92" pos="35.57" lane="3/2to2/2_0" slope="0.00"/>
        <vehicle id="10" x="520.25" y="198.35" angle="90.00" type="DEFAULT_VEHTYPE" speed="12.78" pos="115.50" lane="2/1to3/1_0" slope="0.00"/>
        <vehicle id="11" x="492.98" y="198.35" angle="90.00" type="DEFAULT_VEHTYPE" speed="13.73" pos="88.23" lane="2/1to3/1_0" slope="0.00"/>
        <vehicle id="12" x="401.65" y="33.70" angle="180.00" type="DEFAULT_VEHTYPE" speed="12.66" pos="33.70" lane="2/0to2/1_0" slope="0.00"/>
        <vehicle id="13" x="396.39" y="198.35" angle="90.00" type="DEFAULT_VEHTYPE" speed="6.29" pos="1.14" lane=":2/1_13_0" slope="0.00"/>
        <vehicle id="14" x="601.65" y="273.11" angle="180.00" type="DEFAULT_VEHTYPE" speed="12.68" pos="68.36" lane="3/1to3/2_0" slope="0.00"/>
        <vehicle id="4" x="398.35" y="34.32" angle="0.00" type="DEFAULT_VEHTYPE" speed="12.66" pos="160.93" lane="2/1to2/0_0" slope="0.00"/>
        <vehicle id="5" x="401.65" y="111.06" angle="180.00" type="DEFAULT_VEHTYPE" speed="12.82" pos="111.06" lane="2/0to2/1_0" slope="0.00"/>
        <vehicle id="7" x="781.45" y="198.35" angle="90.00" type="DEFAULT_VEHTYPE" speed="13.62" pos="176.70" lane="3/1to4/1_0" slope="0.00"/>
        <vehicle id="8" x="586.86" y="198.35" angle="90.00" type="DEFAULT_VEHTYPE" speed="6.20" pos="182.11" lane="2/1to3/1_0" slope="0.00"/>
        <vehicle id="9" x="201.46" y="403.43" angle="149.33" type="DEFAULT_VEHTYPE" speed="8.41" pos="8.98" lane=":1/2_14_0" slope="0.00"/>
    </timestep>
    <timestep time="575.00">
        <vehicle id="0" x="229.50" y="401.65" angle="-90.00" type="DEFAULT_VEHTYPE" speed="12.57" pos="165.75" lane="2/2to1/2_0" slope="0.00"/>
        <vehicle id="1" x="546.17" y="401.65" angle="-90.00" type="DEFAULT_VEHTYPE" speed="13.51" pos="49.08" lane="3/2to2/2_0" slope="0.00"/>
        <vehicle id="10" x="533.77" y="198.35" angle="90.00" type="DEFAULT_VEHTYPE" speed="13.52" pos="129.02" lane="2/1to3/1_0" slope="0.00"/>
        <vehicle id="11" x="505.89" y="198.35" angle="90.00" type="DEFAULT_VEHTYPE" speed="12.90" pos="101.14" lane="2/1to3/1_0" slope="0.00"/>
        <vehicle id="12" x="401.65" y="47.13" angle="180.00" type="DEFAULT_VEHTYPE" speed="13.43" pos="47.13" lane="2/0to2/1_0" slope="0.00"/>
        <vehicle id="13" x="404.85" y="198.35" angle="90.00" type="DEFAULT_VEHTYPE" speed="8.47" pos="0.10" lane="2/1to3/1_0" slope="0.00"/>
        <vehicle id="14" x="601.65" y="285.74" angle="180.00" type="DEFAULT_VEHTYPE" speed="12.63" pos="80.99" lane="3/1to3/2_0" slope="0.00"/>
        <vehicle id="4" x="398.35" y="20.60" angle="0.00" type="DEFAULT_VEHTYPE" speed="13.72" pos="174.65" lane="2/1to2/0_0" slope="0.00"/>
        <vehicle id="5" x="401.65" y="124.03" angle="180.00" type="DEFAULT_VEHTYPE" speed="12.97" pos="124.03" lane="2/0to2/1_0" slope="0.00"/>
        <vehicle id="7" x="795.32" y="198.35" angle="90.00" type="DEFAULT_VEHTYPE" speed="13.87" pos="190.57" lane="3/1to4/1_0" slope="0.00"/>
        <vehicle id="8" x="589.95" y="198.35" angle="90.00" type="DEFAULT_VEHTYPE" speed="3.09" pos="185.20" lane="2/1to3/1_0" slope="0.00"/>
        <vehicle id="9" x="201.65" y="413.27" angle="180.00" type="DEFAULT_VEHTYPE" speed="9.86" pos="8.52" lane="1/2to1/3_0" slope="0.00"/>
    </timestep>
    <timestep time="576.00">
        <vehicle id="0" x="220.13" y="401.65" angle="-90.00" type="DEFAULT_VEHTYPE" speed="9.38" pos="175.12" lane="2/2to1/2_0" slope="0.00"/>
        <vehicle id="1" x="533.33" y="401.65" angle="-90.00" type="DEFAULT_VEHTYPE" speed="12.84" pos="61.92" lane="3/2to2/2_0" slope="0.00"/>
        <vehicle id="10" x="546.80" y="198.35" angle="90.00" type="DEFAULT_VEHTYPE" speed="13.04" pos="142.05" lane="2/1to3/1_0" slope="0.00"/>
        <vehicle id="11" x="519.22" y="198.35" angle="90.00" type="DEFAULT_VEHTYPE" speed="13.33" pos="114.47" lane="2/1to3/1_0" slope="0.00"/>
        <vehicle id="12" x="401.65" y="60.21" angle="180.00" type="DEFAULT_VEHTYPE" speed="13.08" pos="60.21" lane="2/0to2/1_0" slope="0.00"/>
        <vehicle id="13" x="414.65" y="198.35" angle="90.00" type="DEFAULT_VEHTYPE" speed="9.80" pos="9.90" lane="2/1to3/1_0" slope="0.00"/>
        <vehicle id="14" x="601.65" y="298.73" angle="180.00" type="DEFAULT_VEHTYPE" speed="12.99" pos="93.98" lane="3/1to3/2_0" slope="0.00"/>
        <vehicle id="4" x="398.35" y="7.50" angle="0.00" type="DEFAULT_VEHTYPE" speed="13.10" pos="187.75" lane="2/1to2/0_0" slope="0.00"/>
        <vehicle id="5" x="401.65" y="137.82" angle="180.00" type="DEFAULT_VEHTYPE" speed="13.78" pos="137.82" lane="2/0to2/1_0" slope="0.00"/>
        <vehicle id="7" x="796.06" y="201.65" angle="-96.97" type="DEFAULT_VEHTYPE" speed="13.44" pos="3.94" lane="4/1to3/1_0" slope="0.00"/>
        <vehicle id="8" x="595.47" y="198.35" angle="90.00" type="DEFAULT_VEHTYPE" speed="5.52" pos="0.22" lane=":3/1_13_0" slope="0.00"/>
        <vehicle id="9" x="201.65" y="424.44" angle="180.00" type="DEFAULT_VEHTYPE" speed="11.17" pos="19.69" lane="1/2to1/3_0" slope="0.00"/>
    </timestep>
    <timestep time="577.00">
        <vehicle id="0" x="213.71" y="401.65" angle="-90.00" type="DEFAULT_VEHTYPE" speed="6.42" pos="181.54" lane="2/2to1/2_0" slope="0.00"/>
        <vehicle id="1" x="519.89" y="401.65" angle="-90.00" type="DEFAULT_VEHTYPE" speed="13.45" pos="75.36" lane="3/2to2/2_0" slope="0.00"/>
        <vehicle id="10" x="560.60" y="198.35" angle="90.00" type="DEFAULT_VEHTYPE" speed="13.80" pos="155.85" lane="2/1to3/1_0" slope="0.00"/>
        <vehicle id="11" x="533.06" y="198.35" angle="90.00" type="DEFAULT_VEHTYPE" speed="13.83" pos="128.31" lane="2/1to3/1_0" slope="0.00"/>
        <vehicle id="12" x="401.65" y="73.79" angle="180.00" type="DEFAULT_VEHTYPE" speed="13.58" pos="73.79" lane="2/0to2/1_0" slope="0.00"/>
        <vehicle id="13" x="426.04" y="198.35" angle="90.00" type="DEFAULT_VEHTYPE" speed="11.39" pos="21.29" lane="2/1to3/1_0" slope="0.00"/>
        <vehicle id="14" x="601.65" y="311.80" angle="180.00" type="DEFAULT_VEHTYPE" speed="13.07" pos="107.05" lane="3/1to3/2_0" slope="0.00"/>
        <vehicle id="4" x="401.65" y="0.85" angle="115.66" type="DEFAULT_VEHTYPE" speed="13.17" pos="0.85" lane="2/0to2/1_0" slope="0.00"/>
        <vehicle id="5" x="401.65" y="150.44" angle="180.00" type="DEFAULT_VEHTYPE" speed="12.62" pos="150.44" lane="2/0to2/1_0" slope="0.00"/>
        <vehicle id="7" x="782.41" y="201.65" angle="-90.00" type="DEFAULT_VEHTYPE" speed="13.65" pos="17.59" lane="4/1to3/1_0" slope="0.00"/>
        <vehicle id="8" x="603.37" y="198.35" angle="90.00" type="DEFAULT_VEHTYPE" speed="7.91" pos="8.12" lane=":3/1_13_0" slope="0.00"/>
        <vehicle id="9" x="201.65" y="437.42" angle="180.00" type="DEFAULT_VEHTYPE" speed="12.98" pos="32.67" lane="1/2to1/3_0" slope="0.00"/>
    </timestep>
    <timestep time="578.00">
        <vehicle id="0" x="210.41" y="401.65" angle="-90.00" type="DEFAULT_VEHTYPE" speed="3.30" pos="184.84" lane="2/2to1/2_0" slope="0.00"/>
        <vehicle id="1" x="506.51" y="401.65" angle="-90.00" type="DEFAULT_VEHTYPE" speed="13.38" pos="88.74" lane="3/2to2/2_0" slope="0.00"/>
        <vehicle id="10" x="572.91" y="198.35" angle="90.00" type="DEFAULT_VEHTYPE" speed="12.30" pos="168.16" lane="2/1to3/1_0" slope="0.00"/>
        <vehicle id="11" x="546.42" y="198.35" angle="90.00" type="DEFAULT_VEHTYPE" speed="13.36" pos="141.67" lane="2/1to3/1_0" slope="0.00"/>
        <vehicle id="12" x="401.65" y="87.35" angle="180.00" type="DEFAULT_VEHTYPE" speed="13.56" pos="87.35" lane="2/0to2/1_0" slope="0.00"/>
        <vehicle id="13" x="439.31" y="198.35" angle="90.00" type="DEFAULT_VEHTYPE" speed="13.27" pos="34.56" lane="2/1to3/1_0" slope="0.00"/>
        <vehicle id="14" x="601.65" y="324.98" angle="180.00" type="DEFAULT_VEHTYPE" speed="13.18" pos="120.23" lane="3/1to3/2_0" slope="0.00"/>
        <vehicle id="4" x="401.65" y="13.76" angle="180.00" type="DEFAULT_VEHTYPE" speed="12.91" pos="13.76" lane="2/0to2/1_0" slope="0.00"/>
        <vehicle id="5" x="401.65" y="163.89" angle="180.00" type="DEFAULT_VEHTYPE" speed="13.45" pos="163.89" lane="2/0to2/1_0" slope="0.00"/>
        <vehicle id="7" x="769.50" y="201.65" angle="-90.00" type="DEFAULT_VEHTYPE" speed="12.91" pos="30.50" lane="4/1to3/1_0" slope="0.00"/>
        <vehicle id="8" x="613.71" y="198.35" angle="90.00" type="DEFAULT_VEHTYPE" speed="10.34" pos="8.96" lane="3/1to4/1_0" slope="0.00"/>
        <vehicle id="9" x="201.65" y="450.65" angle="180.00" type="DEFAULT_VEHTYPE" speed="13.23" pos="45.90" lane="1/2to1/3_0" slope="0.00"/>
    </timestep>
    <timestep time="579.00">
        <vehicle id="0" x="205.20" y="401.65" angle="-90.00" type="DEFAULT_VEHTYPE" speed="5.21" pos="190.05" lane="2/2to1/2_0" slope="0.00"/>
        <vehicle id="1" x="493.02" y="401.65" angle="-90.00" type="DEFAULT_VEHTYPE" speed="13.49" pos="102.23" lane="3/2to2/2_0" slope="0.00"/>
        <vehicle id="10" x="581.29" y="198.35" angle="90.00" type="DEFAULT_VEHTYPE" speed="8.38" pos="176.54" lane="2/1to3/1_0" slope="0.00"/>
        <vehicle id="11" x="559.41" y="198.35" angle="90.00" type="DEFAULT_VEHTYPE" speed="13.00" pos="154.66" lane="2/1to3/1_0" slope="0.00"/>
        <vehicle id="12" x="401.65" y="101.07" angle="180.00" type="DEFAULT_VEHTYPE" speed="13.72" pos="101.07" lane="2/0to2/1_0" slope="0.00"/>
        <vehicle id="13" x="452.85" y="198.35" angle="90.00" type="DEFAULT_VEHTYPE" speed="13.55" pos="48.10" lane="2/1to3/1_0" slope="0.00"/>
        <vehicle id="14" x="601.65" y="338.53" angle="180.00" type="DEFAULT_VEHTYPE" speed="13.55" pos="133.78" lane="3/1to3/2_0" slope="0.00"/>
        <vehicle id="4" x="401.65" y="26.59" angle="180.00" type="DEFAULT_VEHTYPE" speed="12.83" pos="26.59" lane="2/0to2/1_0" slope="0.00"/>
        <vehicle id="5" x="401.65" y="177.32" angle="180.00" type="DEFAULT_VEHTYPE" speed="13.43" pos="177.32" lane="2/0to2/1_0" slope="0.00"/>
        <vehicle id="7" x="755.78" y="201.65" angle="-90.00" type="DEFAULT_VEHTYPE" speed="13.71" pos="44.22" lane="4/1to3/1_0" slope="0.00"/>
        <vehicle id="8" x="626.12" y="198.35" angle="90.00" type="DEFAULT_VEHTYPE" speed="12.41" pos="21.37" lane="3/1to4/1_0" slope="0.00"/>
        <vehicle id="9" x="201.65" y="463.79" angle="180.00" type="DEFAULT_VEHTYPE" speed="13.13" pos="59.04" lane="1/2to1/3_0" slope="0.00"/>
    </timestep>
    <timestep time="580.00">
        <vehicle id="0" x="199.12" y="398.66" angle="-54.79" type="DEFAULT_VEHTYPE" speed="7.23" pos="6.78" lane=":1/2_6_0" slope="0.00"/>
        <vehicle id="1" x="479.29" y="401.65" angle="-90.00" type="DEFAULT_VEHTYPE" speed="13.73" pos="115.96" lane="3/2to2/2_0" slope="0.00"/>
        <vehicle id="10" x="586.72" y="198.35" angle="90.00" type="DEFAULT_VEHTYPE" speed="5.44" pos="181.97" lane="2/1to3/1_0" slope="0.00"/>
        <vehicle id="11" x="568.89" y="198.35" angle="90.00" type="DEFAULT_VEHTYPE" speed="9.48" pos="164.14" lane="2/1to3/1_0" slope="0.00"/>
        <vehicle id="12" x="401.65" y="114.59" angle="180.00" type="DEFAULT_VEHTYPE" speed="13.52" pos="114.59" lane="2/0to2/1_0" slope="0.00"/>
        <vehicle id="13" x="466.30" y="198.35" angle="90.00" type="DEFAULT_VEHTYPE" speed="13.44" pos="61.55" lane="2/1to3/1_0" slope="0.00"/>
        <vehicle id="14" x="601.65" y="351.23" angle="180.00" type="DEFAULT_VEHTYPE" speed="12.70" pos="146.48" lane="3/1to3/2_0" slope="0.00"/>
        <vehicle id="4" x="401.65" y="39.93" angle="180.00" type="DEFAULT_VEHTYPE" speed="13.34" pos="39.93" lane="2/0to2/1_0" slope="0.00"/>
        <vehicle id="5" x="401.65" y="190.70" angle="180.00" type="DEFAULT_VEHTYPE" speed="13.38" pos="190.70" lane="2/0to2/1_0" slope="0.00"/>
        <vehicle id="7" x="743.14" y="201.65" angle="-90.00" type="DEFAULT_VEHTYPE" speed="12.64" pos="56.86" lane="4/1to3/1_0" slope="0.00"/>
        <vehicle id="8" x="638.99" y="198.35" angle="90.00" type="DEFAULT_VEHTYPE" speed="12.87" pos="34.24" lane="3/1to4/1_0" slope="0.00"/>
        <vehicle id="9" x="201.65" y="477.02" angle="180.00" type="DEFAULT_VEHTYPE" speed="13.24" pos="72.27" lane="1/2to1/3_0" slope="0.00"/>
    </timestep>
    <timestep time="581.00">
        <vehicle id="0" x="198.35" y="389.29" angle="0.00" type="DEFAULT_VEHTYPE" speed="9.50" pos="5.96" lane="1/2to1/1_0" slope="0.00"/>
        <vehicle id="1" x="465.76" y="401.65" angle="-90.00" type="DEFAULT_VEHTYPE" speed="13.54" pos="129.49" lane="3/2to2/2_0" slope="0.00"/>
        <vehicle id="10" x="590.21" y="198.35" angle="90.00" type="DEFAULT_VEHTYPE" speed="3.49" pos="185.46" lane="2/1to3/1_0" slope="0.00"/>
        <vehicle id="11" x="576.03" y="198.35" angle="90.00" type="DEFAULT_VEHTYPE" speed="7.14" pos="171.28" lane="2/1to3/1_0" slope="0.00"/>
        <vehicle id="12" x="401.65" y="127.86" angle="180.00" type="DEFAULT_VEHTYPE" speed="13.27" pos="127.86" lane="2/0to2/1_0" slope="0.00"/>
        <vehicle id="13" x="479.20" y="198.35" angle="90.00" type="DEFAULT_VEHTYPE" speed="12.90" pos="74.45" lane="2/1to3/1_0" slope="0.00"/>
        <vehicle id="14" x="601.65" y="363.97" angle="180.00" type="DEFAULT_VEHTYPE" speed="12.75" pos="159.22" lane="3/1to3/2_0" slope="0.00"/>
        <vehicle id="4" x="401.65" y="53.41" angle="180.00" type="DEFAULT_VEHTYPE" speed="13.48" pos="53.41" lane="2/0to2/1_0" slope="0.00"/>
        <vehicle id="5" x="408.06" y="198.35" angle="94.10" type="DEFAULT_VEHTYPE" speed="12.86" pos="3.31" lane="2/1to3/1_0" slope="0.00"/>
        <vehicle id="7" x="729.73" y="201.65" angle="-90.00" type="DEFAULT_VEHTYPE" speed="13.42" pos="70.27" lane="4/1to3/1_0" slope="0.00"/>
        <vehicle id="8" x="652.85" y="198.35" angle="90.00" type="DEFAULT_VEHTYPE" speed="13.86" pos="48.10" lane="3/1to4/1_0" slope="0.00"/>
        <vehicle id="9" x="201.65" y="490.81" angle="180.00" type="DEFAULT_VEHTYPE" speed="13.78" pos="86.06" lane="1/2to1/3_0" slope="0.00"/>
    </timestep>
    <timestep time="582.00">
        <vehicle id="0" x="198.35" y="378.22" angle="0.00" type="DEFAULT_VEHTYPE" speed="11.07" pos="17.03" lane="1/2to1/1_0" slope="0.00"/>
        <vehicle id="1" x="452.83" y="401.65" angle="-90.00" type="DEFAULT_VEHTYPE" speed="12.92" pos="142.42" lane="3/2to2/2_0" slope="0.00"/>
        <vehicle id="10" x="596.01" y="198.46" angle="91.25" type="DEFAULT_VEHTYPE" speed="5.81" pos="0.77" lane=":3/1_14_0" slope="0.00"/>
        <vehicle id="11" x="579.96" y="198.35" angle="90.00" type="DEFAULT_VEHTYPE" speed="3.93" pos="175.21" lane="2/1to3/1_0" slope="0.00"/>
        <vehicle id="12" x="401.65" y="141.27" angle="180.00" type="DEFAULT_VEHTYPE" speed="13.41" pos="141.27" lane="2/0to2/1_0" slope="0.00"/>
        <vehicle id="13" x="491.86" y="198.35" angle="90.00" type="DEFAULT_VEHTYPE" speed="12.66" pos="87.11" lane="2/1to3/1_0" slope="0.00"/>
        <vehicle id="14" x="601.65" y="375.14" angle="180.00" type="DEFAULT_VEHTYPE" speed="11.17" pos="170.39" lane="3/1to3/2_0" slope="0.00"/>
        <vehicle id="4" x="401.65" y="66.58" angle="180.00" type="DEFAULT_VEHTYPE" speed="13.18" pos="66.58" lane="2/0to2/1_0" slope="0.00"/>
        <vehicle id="5" x="420.76" y="198.35" angle="90.00" type="DEFAULT_VEHTYPE" speed="12.69" pos="16.01" lane="2/1to3/1_0" slope="0.00"/>
        <vehicle id="7" x="716.39" y="201.65" angle="-90.00" type="DEFAULT_VEHTYPE" speed="13.34" pos="83.61" lane="4/1to3/1_0" slope="0.00"/>
        <vehicle id="8" x="665.94" y="198.35" angle="90.00" type="DEFAULT_VEHTYPE" speed="13.09" pos="61.19" lane="3/1to4/1_0" slope="0.00"/>
        <vehicle id="9" x="201.65" y="504.28" angle="180.00" type="DEFAULT_VEHTYPE" speed="13.47" pos="99.53" lane="1/2to1/3_0" slope="0.00"/>
    </timestep>
    <timestep time="583.00">
        <vehicle id="0" x="198.35" y="364.78" angle="0.00" type="DEFAULT_VEHTYPE" speed="13.44" pos="30.47" lane="1/2to1/1_0" slope="0.00"/>
        <vehicle id="1" x="439.50" y="401.65" angle="-90.00" type="DEFAULT_VEHTYPE" speed="13.33" pos="155.75" lane="3/2to2/2_0" slope="0.00"/>
        <vehicle id="10" x="601.31" y="202.36" angle="138.23" type="DEFAULT_VEHTYPE" speed="7.14" pos="7.91" lane=":3/1_14_0" slope="0.00"/>
        <vehicle id="11" x="586.39" y="198.35" angle="90.00" type="DEFAULT_VEHTYPE" speed="6.44" pos="181.64" lane="2/1to3/1_0" slope="0.00"/>
        <vehicle id="12" x="401.65" y="155.01" angle="180.00" type="DEFAULT_VEHTYPE" speed="13.73" pos="155.01" lane="2/0to2/1_0" slope="0.00"/>
        <vehicle id="13" x="505.27" y="198.35" angle="90.00" type="DEFAULT_VEHTYPE" speed="13.41" pos="100.52" lane="2/1to3/1_0" slope="0.00"/>
        <vehicle id="14" x="601.65" y="384.01" angle="180.00" type="DEFAULT_VEHTYPE" speed="8.87" pos="179.26" lane="3/1to3/2_0" slope="0.00"/>
        <vehicle id="4" x="401.65" y="79.51" angle="180.00" type="DEFAULT_VEHTYPE" speed="12.93" pos="79.51" lane="2/0to2/1_0" slope="0.00"/>
        <vehicle id="5" x="434.29" y="198.35" angle="90.00" type="DEFAULT_VEHTYPE" speed="13.53" pos="29.54" lane="2/1to3/1_0" slope="0.00"/>
        <vehicle id="7" x="702.95" y="201.65" angle="-90.00" type="DEFAULT_VEHTYPE" speed="13.44" pos="97.05" lane="4/1to3/1_0" slope="0.00"/>
        <vehicle id="8" x="679.36" y="198.35" angle="90.00" type="DEFAULT_VEHTYPE" speed="13.41" pos="74.61" lane="3/1to4/1_0" slope="0.00"/>
        <vehicle id="9" x="201.65" y="516.95" angle="180.00" type="DEFAULT_VEHTYPE" speed="12.67" pos="112.20" lane="1/2to1/3_0" slope="0.00"/>
    </timestep>
    <timestep time="584.00">
        <vehicle id="0" x="198.35" y="351.11" angle="0.00" type="DEFAULT_VEHTYPE" speed="13.67" pos="44.14" lane="1/2to1/1_0" slope="0.00"/>
        <vehicle id="1" x="426.40" y="401.65" angle="-90.00" type="DEFAULT_VEHTYPE" speed="13.10" pos="168.85" lane="3/2to2/2_0" slope="0.00"/>
        <vehicle id="10" x="601.65" y="211.99" angle="180.00" type="DEFAULT_VEHTYPE" speed="9.65" pos="7.24" lane="3/1to3/2_0" slope="0.00"/>
        <vehicle id="11" x="590.14" y="198.35" angle="90.00" type="DEFAULT_VEHTYPE" speed="3.75" pos="185.39" lane="2/1to3/1_0" slope="0.00"/>
        <vehicle id="12" x="401.65" y="168.06" angle="180.00" type="DEFAULT_VEHTYPE" speed="13.05" pos="168.06" lane="2/0to2/1_0" slope="0.00"/>
        <vehicle id="13" x="518.72" y="198.35" angle="90.00" type="DEFAULT_VEHTYPE" speed="13.45" pos="113.97" lane="2/1to3/1_0" slope="0.00"/>
        <vehicle id="14" x="601.65" y="389.33" angle="180.00" type="DEFAULT_VEHTYPE" speed="5.32" pos="184.58" lane="3/1to3/2_0" slope="0.00"/>
        <vehicle id="4" x="401.65" y="92.23" angle="180.00" type="DEFAULT_VEHTYPE" speed="12.72" pos="92.23" lane="2/0to2/1_0" slope="0.00"/>
        <vehicle id="5" x="447.78" y="198.35" angle="90.00" type="DEFAULT_VEHTYPE" speed="13.50" pos="43.03" lane="2/1to3/1_0" slope="0.00"/>
        <vehicle id="7" x="689.73" y="201.65" angle="-90.00" type="DEFAULT_VEHTYPE" speed="13.22" pos="110.27" lane="4/1to3/1_0" slope="0.00"/>
        <vehicle id="8" x="692.61" y="198.35" angle="90.00" type="DEFAULT_VEHTYPE" speed="13.25" pos="87.86" lane="3/1to4/1_0" slope="0.00"/>
        <vehicle id="9" x="201.65" y="530.27" angle="180.00" type="DEFAULT_VEHTYPE" speed="13.31" pos="125.52" lane="1/2to1/3_0" slope="0.00"/>
    </timestep>
    <timestep time="585.00">
        <vehicle id="0" x="198.35" y="338.27" angle="0.00" type="DEFAULT_VEHTYPE" speed="12.84" pos="56.98" lane="1/2to1/1_0" slope="0.00"/>
        <vehicle id="1" x="417.12" y="401.65" angle="-90.00" type="DEFAULT_VEHTYPE" speed="9.28" pos="178.13" lane="3/2to2/2_0" slope="0.00"/>
        <vehicle id="10" x="601.65" y="223.53" angle="180.00" type="DEFAULT_VEHTYPE" speed="11.53" pos="18.78" lane="3/1to3/2_0" slope="0.00"/>
        <vehicle id="11" x="595.96" y="198.35" angle="90.00" type="DEFAULT_VEHTYPE" speed="5.81" pos="0.71" lane=":3/1_13_0" slope="0.00"/>
        <vehicle id="12" x="401.65" y="181.80" angle="180.00" type="DEFAULT_VEHTYPE" speed="13.75" pos="181.80" lane="2/0to2/1_0" slope="0.00"/>
        <vehicle id="13" x="532.36" y="198.35" angle="90.00" type="DEFAULT_VEHTYPE" speed="13.64" pos="127.61" lane="2/1to3/1_0" slope="0.00"/>
        <vehicle id="14" x="601.55" y="395.97" angle="-178.82" type="DEFAULT_VEHTYPE" speed="6.65" pos="0.73" lane=":3/2_10_0" slope="0.00"/>
        <vehicle id="4" x="401.65" y="105.91" angle="180.00" type="DEFAULT_VEHTYPE" speed="13.68" pos="105.91" lane="2/0to2/1_0" slope="0.00"/>
        <vehicle id="5" x="461.11" y="198.35" angle="90.00" type="DEFAULT_VEHTYPE" speed="13.33" pos="56.36" lane="2/1to3/1_0" slope="0.00"/>
        <vehicle id="7" x="675.88" y="201.65" angle="-90.00" type="DEFAULT_VEHTYPE" speed="13.85" pos="124.12" lane="4/1to3/1_0" slope="0.00"/>
        <vehicle id="8" x="706.08" y="198.35" angle="90.00" type="DEFAULT_VEHTYPE" speed="13.47" pos="101.33" lane="3/1to4/1_0" slope="0.00"/>
        <vehicle id="9" x="201.65" y="543.27" angle="180.00" type="DEFAULT_VEHTYPE" speed="13.01" pos="138.52" lane="1/2to1/3_0" slope="0.00"/>
    </timestep>
    <timestep time="586.00">
        <vehicle id="0" x="198.35" y="324.49" angle="0.00" type="DEFAULT_VEHTYPE" speed="13.78" pos="70.76" lane="1/2to1/1_0" slope="0.00"/>
        <vehicle id="1" x="411.28" y="401.65" angle="-90.00" type="DEFAULT_VEHTYPE" speed="5.84" pos="183.97" lane="3/2to2/2_0" slope="0.00"/>
        <vehicle id="10" x="601.65" y="236.43" angle="180.00" type="DEFAULT_VEHTYPE" speed="12.91" pos="31.68" lane="3/1to3/2_0" slope="0.00"/>
        <vehicle id="11" x="603.43" y="198.35" angle="90.00" type="DEFAULT_VEHTYPE" speed="7.48" pos="8.18" lane=":3/1_13_0" slope="0.00"/>
        <vehicle id="12" x="401.65" y="194.45" angle="180.00" type="DEFAULT_VEHTYPE" speed="12.64" pos="194.45" lane="2/0to2/1_0" slope="0.00"/>
        <vehicle id="13" x="545.60" y="198.35" angle="90.00" type="DEFAULT_VEHTYPE" speed="13.25" pos="140.85" lane="2/1to3/1_0" slope="0.00"/>
        <vehicle id="14" x="596.06" y="401.53" angle="-115.34" type="DEFAULT_VEHTYPE" speed="8.78" pos="2.36" lane=":3/2_18_0" slope="0.00"/>
        <vehicle id="4" x="401.65" y="118.53" angle="180.00" type="DEFAULT_VEHTYPE" speed="12.62" pos="118.53" lane="2/0to2/1_0" slope="0.00"/>
        <vehicle id="5" x="474.95" y="198.35" angle="90.00" type="DEFAULT_VEHTYPE" speed="13.84" pos="70.20" lane="2/1to3/1_0" slope="0.00"/>
        <vehicle id="7" x="662.24" y="201.65" angle="-90.00" type="DEFAULT_VEHTYPE" speed="13.65" pos="137.76" lane="4/1to3/1_0" slope="0.00"/>
        <vehicle id="8" x="719.74" y="198.35" angle="90.00" type="DEFAULT_VEHTYPE" speed="13.66" pos="114.99" lane="3/1to4/1_0" slope="0.00"/>
        <vehicle id="9" x="201.65" y="556.64" angle="180.00" type="DEFAULT_VEHTYPE" speed="13.37" pos="151.89" lane="1/2to1/3_0" slope="0.00"/>
    </timestep>
    <timestep time="587.00">
        <vehicle id="0" x="198.35" y="310.64" angle="0.00" type="DEFAULT_VEHTYPE" speed="13.85" pos="84.61" lane="1/2to1/1_0" slope="0.00"/>
        <vehicle id="1" x="403.70" y="401.65" angle="-90.00" type="DEFAULT_VEHTYPE" speed="7.58" pos="1.05" lane=":2/2_5_0" slope="0.00"/>
        <vehicle id="10" x="601.65" y="249.63" angle="180.00" type="DEFAULT_VEHTYPE" speed="13.20" pos="44.88" lane="3/1to3/2_0" slope="0.00"/>
        <vehicle id="11" x="613.15" y="198.35" angle="90.00" type="DEFAULT_VEHTYPE" speed="9.72" pos="8.40" lane="3/1to4/1_0" slope="0.00"/>
        <vehicle id="12" x="412.18" y="198.35" angle="90.00" type="DEFAULT_VEHTYPE" speed="13.23" pos="7.43" lane="2/1to3/1_0" slope="0.00"/>
        <vehicle id="13" x="559.11" y="198.35" angle="90.00" type="DEFAULT_VEHTYPE" speed="13.51" pos="154.36" lane="2/1to3/1_0" slope="0.00"/>
        <vehicle id="14" x="585.79" y="401.65" angle="-90.00" type="DEFAULT_VEHTYPE" speed="10.28" pos="9.46" lane="3/2to2/2_0" slope="0.00"/>
        <vehicle id="4" x="401.65" y="131.84" angle="180.00" type="DEFAULT_VEHTYPE" speed="13.31" pos="131.84" lane="2/0to2/1_0" slope="0.00"/>
        <vehicle id="5" x="488.00" y="198.35" angle="90.00" type="DEFAULT_VEHTYPE" speed="13.05" pos="83.25" lane="2/1to3/1_0" slope="0.00"/>
        <vehicle id="7" x="649.07" y="201.65" angle="-90.00" type="DEFAULT_VEHTYPE" speed="13.17" pos="150.93" lane="4/1to3/1_0" slope="0.00"/>
        <vehicle id="8" x="733.50" y="198.35" angle="90.00" type="DEFAULT_VEHTYPE" speed="13.77" pos="128.75" lane="3/1to4/1_0" slope="0.00"/>
        <vehicle id="9" x="201.65" y="570.15" angle="180.00" type="DEFAULT_VEHTYPE" speed="13.50" pos="165.40" lane="1/2to1/3_0" slope="0.00"/>
    </timestep>
    <timestep time="588.00">
        <vehicle id="0" x="198.35" y="297.33" angle="0.00" type="DEFAULT_VEHTYPE" speed="13.31" pos="97.92" lane="1/2to1/1_0" slope="0.00"/>
        <vehicle id="1" x="393.74" y="401.65" angle="-90.00" type="DEFAULT_VEHTYPE" speed="9.95" pos="1.51" lane="2/2to1/2_0" slope="0.00"/>
        <vehicle id="10" x="601.65" y="263.10" angle="180.00" type="DEFAULT_VEHTYPE" speed="13.46" pos="58.35" lane="3/1to3/2_0" slope="0.00"/>
        <vehicle id="11" x="624.80" y="198.35" angle="90.00" type="DEFAULT_VEHTYPE" speed="11.64" pos="20.05" lane="3/1to4/1_0" slope="0.00"/>
        <vehicle id="12" x="424.92" y="198.35" angle="90.00" type="DEFAULT_VEHTYPE" speed="12.74" pos="20.17" lane="2/1to3/1_0" slope="0.00"/>
        <vehicle id="13" x="572.21" y="198.35" angle="90.00" type="DEFAULT_VEHTYPE" speed="13.10" pos="167.46" lane="2/1to3/1_0" slope="0.00"/>
        <vehicle id="14" x="573.08" y="401.65" angle="-90.00" type="DEFAULT_VEHTYPE" speed="12.71" pos="22.17" lane="3/2to2/2_0" slope="0.00"/>
        <vehicle id="4" x="401.65" y="145.23" angle="180.00" type="DEFAULT_VEHTYPE" speed="13.39" pos="145.23" lane="2/0to2/1_0" slope="0.00"/>
        <vehicle id="5" x="500.69" y="198.35" angle="90.00" type="DEFAULT_VEHTYPE" speed="12.69" pos="95.94" lane="2/1to3/1_0" slope="0.00"/>
        <vehicle id="7" x="635.69" y="201.65" angle="-90.00" type="DEFAULT_VEHTYPE" speed="13.38" pos="164.31" lane="4/1to3/1_0" slope="0.00"/>
        <vehicle id="8" x="746.87" y="198.35" angle="90.00" type="DEFAULT_VEHTYPE" speed="13.36" pos="142.12" lane="3/1to4/1_0" slope="0.00"/>
        <vehicle id="9" x="201.65" y="582.77" angle="180.00" type="DEFAULT_VEHTYPE" speed="12.62" pos="178.02" lane="1/2to1/3_0" slope="0.00"/>
    </timestep>
    <timestep time="589.00">
        <vehicle id="0" x="198.35" y="283.43" angle="0.00" type="DEFAULT_VEHTYPE" speed="13.89" pos="111.82" lane="1/2to1/1_0" slope="0.00"/>
        <vehicle id="1" x="382.36" y="401.65" angle="-90.00" type="DEFAULT_VEHTYPE" speed="11.38" pos="12.89" lane="2/2to1/2_0" slope="0.00"/>
        <vehicle id="10" x="601.65" y="276.18" angle="180.00" type="DEFAULT_VEHTYPE" speed="13.08" pos="71.43" lane="3/1to3/2_0" slope="0.00"/>
        <vehicle id="11" x="637.67" y="198.35" angle="90.00" type="DEFAULT_VEHTYPE" speed="12.87" pos="32.92" lane="3/1to4/1_0" slope="0.00"/>
        <vehicle id="12" x="438.14" y="198.35" angle="90.00" type="DEFAULT_VEHTYPE" speed="13.22" pos="33.39" lane="2/1to3/1_0" slope="0.00"/>
        <vehicle id="13" x="581.13" y="198.35" angle="90.00" type="DEFAULT_VEHTYPE" speed="8.91" pos="176.38" lane="2/1to3/1_0" slope="0.00"/>
        <vehicle id="14" x="559.90" y="401.65" angle="-90.00" type="DEFAULT_VEHTYPE" speed="13.18" pos="35.35" lane="3/2to2/2_0" slope="0.00"/>
        <vehicle id="4" x="401.65" y="158.15" angle="180.00" type="DEFAULT_VEHTYPE" speed="12.92" pos="158.15" lane="2/0to2/1_0" slope="0.00"/>
        <vehicle id="5" x="513.56" y="198.35" angle="90.00" type="DEFAULT_VEHTYPE" speed="12.87" pos="108.81" lane="2/1to3/1_0" slope="0.00"/>
        <vehicle id="7" x="623.96" y="201.65" angle="-90.00" type="DEFAULT_VEHTYPE" speed="11.72" pos="176.04" lane="4/1to3/1_0" slope="0.00"/>
        <vehicle id="8" x="760.57" y="198.35" angle="90.00" type="DEFAULT_VEHTYPE" speed="13.71" pos="155.82" lane="3/1to4/1_0" slope="0.00"/>
        <vehicle id="9" x="201.81" y="596.37" angle="178.20" type="DEFAULT_VEHTYPE" speed="13.61" pos="1.13" lane=":1/3_8_0" slope="0.00"/>
    </timestep>
    <timestep time="590.00">
        <vehicle id="0" x="198.35" y="269.76" angle="0.00" type="DEFAULT_VEHTYPE" speed="13.68" pos="125.49" lane="1/2to1/1_0" slope="0.00"/>
        <vehicle id="1" x="368.50" y="401.65" angle="-90.00" type="DEFAULT_VEHTYPE" speed="13.86" pos="26.75" lane="2/2to1/2_0" slope="0.00"/>
        <vehicle id="10" x="601.65" y="289.47" angle="180.00" type="DEFAULT_VEHTYPE" speed="13.29" pos="84.72" lane="3/1to3/2_0" slope="0.00"/>
        <vehicle id="11" x="650.34" y="198.35" angle="90.00" type="DEFAULT_VEHTYPE" speed="12.67" pos="45.59" lane="3/1to4/1_0" slope="0.00"/>
        <vehicle id="12" x="450.79" y="198.35" angle="90.00" type="DEFAULT_VEHTYPE" speed="12.65" pos="46.04" lane="2/1to3/1_0" slope="0.00"/>
        <vehicle id="13" x="587.24" y="198.35" angle="90.00" type="DEFAULT_VEHTYPE" speed="6.11" pos="182.49" lane="2/1to3/1_0" slope="0.00"/>
        <vehicle id="14" x="546.00" y="401.65" angle="-90.00" type="DEFAULT_VEHTYPE" speed="13.90" pos="49.25" lane="3/2to2/2_0" slope="0.00"/>
        <vehicle id="4" x="401.65" y="171.94" angle="180.00" type="DEFAULT_VEHTYPE" speed="13.79" pos="171.94" lane="2/0to2/1_0" slope="0.00"/>
        <vehicle id="5" x="526.63" y="198.35" angle="90.00" type="DEFAULT_VEHTYPE" speed="13.07" pos="121.88" lane="2/1to3/1_0" slope="0.00"/>
        <vehicle id="7" x="616.32" y="201.65" angle="-90.00" type="DEFAULT_VEHTYPE" speed="7.65" pos="183.68" lane="4/1to3/1_0" slope="0.00"/>
        <vehicle id="8" x="773.62" y="198.35" angle="90.00" type="DEFAULT_VEHTYPE" speed="13.04" pos="168.87" lane="3/1to4/1_0" slope="0.00"/>
        <vehicle id="9" x="214.60" y="598.35" angle="90.00" type="DEFAULT_VEHTYPE" speed="13.72" pos="9.85" lane="1/3to2/3_0" slope="0.00"/>
    </timestep>
    <timestep time="591.00">
        <vehicle id="0" x="198.35" y="256.24" angle="0.00" type="DEFAULT_VEHTYPE" speed="13.52" pos="139.01" lane="1/2to1/1_0" slope="0.00"/>
        <vehicle id="1" x="354.69" y="401.65" angle="-90.00" type="DEFAULT_VEHTYPE" speed="13.81" pos="40.56" lane="2/2to1/2_0" slope="0.00"/>
        <vehicle id="10" x="601.65" y="303.03" angle="180.00" type="DEFAULT_VEHTYPE" speed="13.56" pos="98.28" lane="3/1to3/2_0" slope="0.00"/>
        <vehicle id="11" x="663.72" y="198.35" angle="90.00" type="DEFAULT_VEHTYPE" speed="13.38" pos="58.97" lane="3/1to4/1_0" slope="0.00"/>
        <vehicle id="12" x="464.30" y="198.35" angle="90.00" type="DEFAULT_VEHTYPE" speed="13.52" pos="59.55" lane="2/1to3/1_0" slope="0.00"/>
        <vehicle id="13" x="590.84" y="198.35" angle="90.00" type="DEFAULT_VEHTYPE" speed="3.60" pos="186.09" lane="2/1to3/1_0" slope="0.00"/>
        <vehicle id="14" x="532.98" y="401.65" angle="-90.00" type="DEFAULT_VEHTYPE" speed="13.03" pos="62.27" lane="3/2to2/2_0" slope="0.00"/>
        <vehicle id="4" x="401.65" y="185.82" angle="180.00" type="DEFAULT_VEHTYPE" speed="13.88" pos="185.82" lane="2/0to2/1_0" slope="0.00"/>
        <vehicle id="5" x="539.37" y="198.35" angle="90.00" type="DEFAULT_VEHTYPE" speed="12.74" pos="134.62" lane="2/1to3/1_0" slope="0.00"/>
        <vehicle id="7" x="611.35" y="201.65" angle="-90.00" type="DEFAULT_VEHTYPE" speed="4.97" pos="188.65" lane="4/1to3/1_0" slope="0.00"/>
        <vehicle id="8" x="787.16" y="198.35" angle="90.00" type="DEFAULT_VEHTYPE" speed="13.55" pos="182.41" lane="3/1to4/1_0" slope="0.00"/>
        <vehicle id="9" x="228.09" y="598.35" angle="90.00" type="DEFAULT_VEHTYPE" speed="13.49" pos="23.34" lane="1/3to2/3_0" slope="0.00"/>
    </timestep>
    <timestep time="592.00">
        <vehicle id="0" x="198.35" y="243.52" angle="0.00" type="DEFAULT_VEHTYPE" speed="12.71" pos="151.73" lane="1/2to1/1_0" slope="0.00"/>
        <vehicle id="1" x="341.22" y="401.65" angle="-90.00" type="DEFAULT_VEHTYPE" speed="13.47" pos="54.03" lane="2/2to1/2_0" slope="0.00"/>
        <vehicle id="10" x="601.65" y="316.07" angle="180.00" type="DEFAULT_VEHTYPE" speed="13.04" pos="111.32" lane="3/1to3/2_0" slope="0.00"/>
        <vehicle id="11" x="676.78" y="198.35" angle="90.00" type="DEFAULT_VEHTYPE" speed="13.06" pos="72.03" lane="3/1to4/1_0" slope="0.00"/>
        <vehicle id="12" x="477.35" y="198.35" angle="90.00" type="DEFAULT_VEHTYPE" speed="13.05" pos="72.60" lane="2/1to3/1_0" slope="0.00"/>
        <vehicle id="13" x="592.10" y="198.35" angle="90.00" type="DEFAULT_VEHTYPE" speed="1.26" pos="187.35" lane="2/1to3/1_0" slope="0.00"/>
        <vehicle id="14" x="520.05" y="401.65" angle="-90.00" type="DEFAULT_VEHTYPE" speed="12.93" pos="75.20" lane="3/2to2/2_0" slope="0.00"/>
        <vehicle id="4" x="404.13" y="198.26" angle="145.83" type="DEFAULT_VEHTYPE" speed="13.81" pos="4.37" lane=":2/1_8_0" slope="0.00"/>
        <vehicle id="5" x="553.13" y="198.35" angle="90.00" type="DEFAULT_VEHTYPE" speed="13.76" pos="148.38" lane="2/1to3/1_0" slope="0.00"/>
        <vehicle id="7" x="604.36" y="201.71" angle="-90.63" type="DEFAULT_VEHTYPE" speed="7.00" pos="0.40" lane=":3/1_4_0" slope="0.00"/>
        <vehicle id="8" x="800.49" y="198.67" angle="93.79" type="DEFAULT_VEHTYPE" speed="13.43" pos="0.59" lane=":4/1_0_0" slope="0.00"/>
        <vehicle id="9" x="241.49" y="598.35" angle="90.00" type="DEFAULT_VEHTYPE" speed="13.40" pos="36.74" lane="1/3to2/3_0" slope="0.00"/>
    </timestep>
    <timestep time="593.00">
        <vehicle id="0" x="198.35" y="230.67" angle="0.00" type="DEFAULT_VEHTYPE" speed="12.85" pos="164.58" lane="1/2to1/1_0" slope="0.00"/>
        <vehicle id="1" x="328.49" y="401.65" angle="-90.00" type="DEFAULT_VEHTYPE" speed="12.73" pos="66.76" lane="2/2to1/2_0" slope="0.00"/>
        <vehicle id="10" x="601.65" y="329.49" angle="180.00" type="DEFAULT_VEHTYPE" speed="13.43" pos="124.74" lane="3/1to3/2_0" slope="0.00"/>
        <vehicle id="11" x="689.44" y="198.35" angle="90.00" type="DEFAULT_VEHTYPE" speed="12.66" pos="84.69" lane="3/1to4/1_0" slope="0.00"/>
        <vehicle id="12" x="490.89" y="198.35" angle="90.00" type="DEFAULT_VEHTYPE" speed="13.53" pos="86.14" lane="2/1to3/1_0" slope="0.00"/>
        <vehicle id="13" x="592.58" y="198.35" angle="90.00" type="DEFAULT_VEHTYPE" speed="0.48" pos="187.83" lane="2/1to3/1_0" slope="0.00"/>
        <vehicle id="14" x="507.21" y="401.65" angle="-90.00" type="DEFAULT_VEHTYPE" speed="12.83" pos="88.04" lane="3/2to2/2_0" slope="0.00"/>
        <vehicle id="4" x="417.57" y="198.35" angle="90.00" type="DEFAULT_VEHTYPE" speed="13.45" pos="12.82" lane="2/1to3/1_0" slope="0.00"/>
        <vehicle id="5" x="564.95" y="198.35" angle="90.00" type="DEFAULT_VEHTYPE" speed="11.82" pos="160.20" lane="2/1to3/1_0" slope="0.00"/>
        <vehicle id="7" x="601.65" y="209.19" angle="-179.11" type="DEFAULT_VEHTYPE" speed="9.04" pos="4.44" lane="3/1to3/2_0" slope="0.00"/>
        <vehicle id="8" x="790.97" y="201.65" angle="-90.00" type="DEFAULT_VEHTYPE" speed="13.26" pos="9.03" lane="4/1to3/1_0" slope="0.00"/>
        <vehicle id="9" x="254.46" y="598.35" angle="90.00" type="DEFAULT_VEHTYPE" speed="12.96" pos="49.71" lane="1/3to2/3_0" slope="0.00"/>
    </timestep>
    <timestep time="594.00">
        <vehicle id="0" x="198.35" y="217.85" angle="0.00" type="DEFAULT_VEHTYPE" speed="12.82" pos="177.40" lane="1/2to1/1_0" slope="0.00"/>
        <vehicle id="1" x="315.25" y="401.65" angle="-90.00" type="DEFAULT_VEHTYPE" speed="13.25" pos="80.00" lane="2/2to1/2_0" slope="0.00"/>
        <vehicle id="10" x="601.65" y="343.02" angle="180.00" type="DEFAULT_VEHTYPE" speed="13.52" pos="138.27" lane="3/1to3/2_0" slope="0.00"/>
        <vehicle id="11" x="702.61" y="198.35" angle="90.00" type="DEFAULT_VEHTYPE" speed="13.17" pos="97.86" lane="3/1to4/1_0" slope="0.00"/>
        <vehicle id="12" x="504.50" y="198.35" angle="90.00" type="DEFAULT_VEHTYPE" speed="13.61" pos="99.75" lane="2/1to3/1_0" slope="0.00"/>
        <vehicle id="13" x="594.68" y="198.35" angle="90.00" type="DEFAULT_VEHTYPE" speed="2.11" pos="189.93" lane="2/1to3/1_0" slope="0.00"/>
        <vehicle id="14" x="493.38" y="401.65" angle="-90.00" type="DEFAULT_VEHTYPE" speed="13.83" pos="101.87" lane="3/2to2/2_0" slope="0.00"/>
        <vehicle id="4" x="430.57" y="198.35" angle="90.00" type="DEFAULT_VEHTYPE" speed="13.00" pos="25.82" lane="2/1to3/1_0" slope="0.00"/>
        <vehicle id="5" x="574.24" y="198.35" angle="90.00" type="DEFAULT_VEHTYPE" speed="9.29" pos="169.49" lane="2/1to3/1_0" slope="0.00"/>
        <vehicle id="7" x="601.65" y="219.72" angle="180.00" type="DEFAULT_VEHTYPE" speed="10.52" pos="14.97" lane="3/1to3/2_0" slope="0.00"/>
        <vehicle id="8" x="777.68" y="201.65" angle="-90.00" type="DEFAULT_VEHTYPE" speed="13.29" pos="22.32" lane="4/1to3/1_0" slope="0.00"/>
        <vehicle id="9" x="267.11" y="598.35" angle="90.00" type="DEFAULT_VEHTYPE" speed="12.66" pos="62.36" lane="1/3to2/3_0" slope="0.00"/>
    </timestep>
    <timestep time="595.00">
        <vehicle id="0" x="198.34" y="204.70" angle="-0.08" type="DEFAULT_VEHTYPE" speed="13.15" pos="0.05" lane=":1/1_0_0" slope="0.00"/>
        <vehicle id="1" x="302.31" y="401.65" angle="-90.00" type="DEFAULT_VEHTYPE" speed="12.93" pos="92.94" lane="2/2to1/2_0" slope="0.00"/>
        <vehicle id="10" x="601.65" y="356.29" angle="180.00" type="DEFAULT_VEHTYPE" speed="13.27" pos="151.54" lane="3/1to3/2_0" slope="0.00"/>
        <vehicle id="11" x="715.44" y="198.35" angle="90.00" type="DEFAULT_VEHTYPE" speed="12.83" pos="110.69" lane="3/1to4/1_0" slope="0.00"/>
        <vehicle id="12" x="518.23" y="198.35" angle="90.00" type="DEFAULT_VEHTYPE" speed="13.73" pos="113.48" lane="2/1to3/1_0" slope="0.00"/>
        <vehicle id="13" x="598.31" y="198.90" angle="96.42" type="DEFAULT_VEHTYPE" speed="3.70" pos="3.13" lane=":3/1_14_0" slope="0.00"/>
        <vehicle id="14" x="480.50" y="401.65" angle="-90.00" type="DEFAULT_VEHTYPE" speed="12.88" pos="114.75" lane="3/2to2/2_0" slope="0.00"/>
        <vehicle id="4" x="443.51" y="198.35" angle="90.00" type="DEFAULT_VEHTYPE" speed="12.94" pos="38.76" lane="2/1to3/1_0" slope="0.00"/>
        <vehicle id="5" x="580.33" y="198.35" angle="90.00" type="DEFAULT_VEHTYPE" speed="6.09" pos="175.58" lane="2/1to3/1_0" slope="0.00"/>
        <vehicle id="7" x="601.65" y="232.78" angle="180.00" type="DEFAULT_VEHTYPE" speed="13.07" pos="28.03" lane="3/1to3/2_0" slope="0.00"/>
        <vehicle id="8" x="764.48" y="201.65" angle="-90.00" type="DEFAULT_VEHTYPE" speed="13.20" pos="35.52" lane="4/1to3/1_0" slope="0.00"/>
        <vehicle id="9" x="280.11" y="598.35" angle="90.00" type="DEFAULT_VEHTYPE" speed="13.00" pos="75.36" lane="1/3to2/3_0" slope="0.00"/>
    </timestep>
    <timestep time="596.00">
        <vehicle id="0" x="186.44" y="201.65" angle="-90.00" type="DEFAULT_VEHTYPE" speed="13.76" pos="8.81" lane="1/1to0/1_0" slope="0.00"/>
        <vehicle id="1" x="288.44" y="401.65" angle="-90.00" type="DEFAULT_VEHTYPE" speed="13.87" pos="106.81" lane="2/2to1/2_0" slope="0.00"/>
        <vehicle id="10" x="601.65" y="369.60" angle="180.00" type="DEFAULT_VEHTYPE" speed="13.31" pos="164.85" lane="3/1to3/2_0" slope="0.00"/>
        <vehicle id="11" x="728.36" y="198.35" angle="90.00" type="DEFAULT_VEHTYPE" speed="12.93" pos="123.61" lane="3/1to4/1_0" slope="0.00"/>
        <vehicle id="12" x="531.64" y="198.35" angle="90.00" type="DEFAULT_VEHTYPE" speed="13.41" pos="126.89" lane="2/1to3/1_0" slope="0.00"/>
        <vehicle id="13" x="601.44" y="203.27" angle="147.73" type="DEFAULT_VEHTYPE" speed="5.70" pos="8.83" lane=":3/1_14_0" slope="0.00"/>
        <vehicle id="14" x="467.46" y="401.65" angle="-90.00" type="DEFAULT_VEHTYPE" speed="13.04" pos="127.79" lane="3/2to2/2_0" slope="0.00"/>
        <vehicle id="4" x="456.74" y="198.35" angle="90.00" type="DEFAULT_VEHTYPE" speed="13.23" pos="51.99" lane="2/1to3/1_0" slope="0.00"/>
        <vehicle id="5" x="585.84" y="198.35" angle="90.00" type="DEFAULT_VEHTYPE" speed="5.51" pos="181.09" lane="2/1to3/1_0" slope="0.00"/>
        <vehicle id="7" x="601.65" y="246.42" angle="180.00" type="DEFAULT_VEHTYPE" speed="13.64" pos="41.67" lane="3/1to3/2_0" slope="0.00"/>
        <vehicle id="8" x="750.93" y="201.65" angle="-90.00" type="DEFAULT_VEHTYPE" speed="13.55" pos="49.07" lane="4/1to3/1_0" slope="0.00"/>
        <vehicle id="9" x="293.65" y="598.35" angle="90.00" type="DEFAULT_VEHTYPE" speed="13.54" pos="88.90" lane="1/3to2/3_0" slope="0.00"/>
    </timestep>
    <timestep time="597.00">
        <vehicle id="0" x="173.58" y="201.65" angle="-90.00" type="DEFAULT_VEHTYPE" speed="12.86" pos="21.67" lane="1/1to0/1_0" slope="0.00"/>
        <vehicle id="1" x="275.71" y="401.65" angle="-90.00" type="DEFAULT_VEHTYPE" speed="12.74" pos="119.54" lane="2/2to1/2_0" slope="0.00"/>
        <vehicle id="10" x="601.65" y="379.95" angle="180.00" type="DEFAULT_VEHTYPE" speed="10.35" pos="175.20" lane="3/1to3/2_0" slope="0.00"/>
        <vehicle id="11" x="741.88" y="198.35" angle="90.00" type="DEFAULT_VEHTYPE" speed="13.52" pos="137.13" lane="3/1to4/1_0" slope="0.00"/>
        <vehicle id="12" x="544.58" y="198.35" angle="90.00" type="DEFAULT_VEHTYPE" speed="12.93" pos="139.83" lane="2/1to3/1_0" slope="0.00"/>
        <vehicle id="13" x="601.65" y="211.03" angle="180.00" type="DEFAULT_VEHTYPE" speed="7.77" pos="6.28" lane="3/1to3/2_0" slope="0.00"/>
        <vehicle id="14" x="454.49" y="401.65" angle="-90.00" type="DEFAULT_VEHTYPE" speed="12.98" pos="140.76" lane="3/2to2/2_0" slope="0.00"/>
        <vehicle id="4" x="469.60" y="198.35" angle="90.00" type="DEFAULT_VEHTYPE" speed="12.86" pos="64.85" lane="2/1to3/1_0" slope="0.00"/>
        <vehicle id="5" x="590.27" y="198.35" angle="90.00" type="DEFAULT_VEHTYPE" speed="4.43" pos="185.52" lane="2/1to3/1_0" slope="0.00"/>
        <vehicle id="7" x="601.65" y="260.11" angle="180.00" type="DEFAULT_VEHTYPE" speed="13.69" pos="55.36" lane="3/1to3/2_0" slope="0.00"/>
        <vehicle id="8" x="737.66" y="201.65" angle="-90.00" type="DEFAULT_VEHTYPE" speed="13.27" pos="62.34" lane="4/1to3/1_0" slope="0.00"/>
        <vehicle id="9" x="306.52" y="598.35" angle="90.00" type="DEFAULT_VEHTYPE" speed="12.87" pos="101.77" lane="1/3to2/3_0" slope="0.00"/>
    </timestep>
    <timestep time="598.00">
        <vehicle id="0" x="159.78" y="201.65" angle="-90.00" type="DEFAULT_VEHTYPE" speed="13.81" pos="35.47" lane="1/1to0/1_0" slope="0.00"/>
        <vehicle id="1" x="262.79" y="401.65" angle="-90.00" type="DEFAULT_VEHTYPE" speed="12.92" pos="132.46" lane="2/2to1/2_0" slope="0.00"/>
        <vehicle id="10" x="601.65" y="385.89" angle="180.00" type="DEFAULT_VEHTYPE" speed="5.94" pos="181.14" lane="3/1to3/2_0" slope="0.00"/>
        <vehicle id="11" x="754.66" y="198.35" angle="90.00" type="DEFAULT_VEHTYPE" speed="12.77" pos="149.91" lane="3/1to4/1_0" slope="0.00"/>
        <vehicle id="12" x="558.00" y="198.35" angle="90.00" type="DEFAULT_VEHTYPE" speed="13.42" pos="153.25" lane="2/1to3/1_0" slope="0.00"/>
        <vehicle id="13" x="601.65" y="221.23" angle="180.00" type="DEFAULT_VEHTYPE" speed="10.21" pos="16.48" lane="3/1to3/2_0" slope="0.00"/>
        <vehicle id="14" x="440.62" y="401.65" angle="-90.00" type="DEFAULT_VEHTYPE" speed="13.86" pos="154.63" lane="3/2to2/2_0" slope="0.00"/>
        <vehicle id="4" x="482.42" y="198.35" angle="90.00" type="DEFAULT_VEHTYPE" speed="12.82" pos="77.67" lane="2/1to3/1_0" slope="0.00"/>
        <vehicle id="5" x="596.43" y="198.52" angle="91.93" type="DEFAULT_VEHTYPE" speed="6.16" pos="1.19" lane=":3/1_14_0" slope="0.00"/>
        <vehicle id="7" x="601.65" y="273.04" angle="180.00" type="DEFAULT_VEHTYPE" speed="12.92" pos="68.29" lane="3/1to3/2_0" slope="0.00"/>
        <vehicle id="8" x="724.09" y="201.65" angle="-90.00" type="DEFAULT_VEHTYPE" speed="13.57" pos="75.91" lane="4/1to3/1_0" slope="0.00"/>
        <vehicle id="9" x="319.64" y="598.35" angle="90.00" type="DEFAULT_VEHTYPE" speed="13.12" pos="114.89" lane="1/3to2/3_0" slope="0.00"/>
    </timestep>
    <timestep time="599.00">
        <vehicle id="0" x="146.49" y="201.65" angle="-90.00" type="DEFAULT_VEHTYPE" speed="13.28" pos="48.76" lane="1/1to0/1_0" slope="0.00"/>
        <vehicle id="1" x="249.99" y="401.65" angle="-90.00" type="DEFAULT_VEHTYPE" speed="12.80" pos="145.26" lane="2/2to1/2_0" slope="0.00"/>
        <vehicle id="10" x="601.65" y="390.44" angle="180.00" type="DEFAULT_VEHTYPE" speed="4.55" pos="185.69" lane="3/1to3/2_0" slope="0.00"/>
        <vehicle id="11" x="767.99" y="198.35" angle="90.00" type="DEFAULT_VEHTYPE" speed="13.34" pos="163.24" lane="3/1to4/1_0" slope="0.00"/>
        <vehicle id="12" x="571.55" y="198.35" angle="90.00" type="DEFAULT_VEHTYPE" speed="13.56" pos="166.80" lane="2/1to3/1_0" slope="0.00"/>
        <vehicle id="13" x="601.65" y="233.03" angle="180.00" type="DEFAULT_VEHTYPE" speed="11.79" pos="28.28" lane="3/1to3/2_0" slope="0.00"/>
        <vehicle id="14" x="427.41" y="401.65" angle="-90.00" type="DEFAULT_VEHTYPE" speed="13.22" pos="167.84" lane="3/2to2/2_0" slope="0.00"/>
        <vehicle id="4" x="496.03" y="198.35" angle="90.00" type="DEFAULT_VEHTYPE" speed="13.61" pos="91.28" lane="2/1to3/1_0" slope="0.00"/>
        <vehicle id="5" x="601.54" y="204.00" angle="155.30" type="DEFAULT_VEHTYPE" speed="8.38" pos="9.56" lane=":3/1_14_0" slope="0.00"/>
        <vehicle id="7" x="601.65" y="286.38" angle="180.00" type="DEFAULT_VEHTYPE" speed="13.35" pos="81.63" lane="3/1to3/2_0" slope="0.00"/>
        <vehicle id="8" x="711.04" y="201.65" angle="-90.00" type="DEFAULT_VEHTYPE" speed="13.05" pos="88.96" lane="4/1to3/1_0" slope="0.00"/>
        <vehicle id="9" x="332.68" y="598.35" angle="90.00" type="DEFAULT_VEHTYPE" speed="13.04" pos="127.93" lane="1/3to2/3_0" slope="0.00"/>
    </timestep>
    <timestep time="600.00">
        <vehicle id="0" x="133.87" y="201.65" angle="-90.00" type="DEFAULT_VEHTYPE" speed="12.62" pos="61.38" lane="1/1to0/1_0" slope="0.00"/>
        <vehicle id="1" x="237.16" y="401.65" angle="-90.00" type="DEFAULT_VEHTYPE" speed="12.83" pos="158.09" lane="2/2to1/2_0" slope="0.00"/>
        <vehicle id="10" x="601.44" y="396.70" angle="-177.63" type="DEFAULT_VEHTYPE" speed="6.27" pos="1.46" lane=":3/2_10_0" slope="0.00"/>
        <vehicle id="11" x="780.73" y="198.35" angle="90.00" type="DEFAULT_VEHTYPE" speed="12.73" pos="175.98" lane="3/1to4/1_0" slope="0.00"/>
        <vehicle id="12" x="581.05" y="198.35" angle="90.00" type="DEFAULT_VEHTYPE" speed="9.49" pos="176.30" lane="2/1to3/1_0" slope="0.00"/>
        <vehicle id="13" x="601.65" y="246.72" angle="180.00" type="DEFAULT_VEHTYPE" speed="13.69" pos="41.97" lane="3/1to3/2_0" slope="0.00"/>
        <vehicle id="14" x="418.69" y="401.65" angle="-90.00" type="DEFAULT_VEHTYPE" speed="8.72" pos="176.56" lane="3/2to2/2_0" slope="0.00"/>
        <vehicle id="4" x="509.50" y="198.35" angle="90.00" type="DEFAULT_VEHTYPE" speed="13.47" pos="104.75" lane="2/1to3/1_0" slope="0.00"/>
        <vehicle id="5" x="601.65" y="214.73" angle="180.00" type="DEFAULT_VEHTYPE" speed="10.73" pos="9.98" lane="3/1to3/2_0" slope="0.00"/>
        <vehicle id="7" x="601.65" y="299.09" angle="180.00" type="DEFAULT_VEHTYPE" speed="12.71" pos="94.34" lane="3/1to3/2_0" slope="0.00"/>
        <vehicle id="8" x="698.44" y="201.65" angle="-90.00" type="DEFAULT_VEHTYPE" speed="12.60" pos="101.56" lane="4/1to3/1_0" slope="0.00"/>
        <vehicle id="9" x="345.54" y="598.35" angle="90.00" type="DEFAULT_VEHTYPE" speed="12.86" pos="140.79" lane="1/3to2/3_0" slope="0.00"/>
    </timestep>
    <timestep time="601.00">
        <vehicle id="0" x="120.44" y="201.65" angle="-90.00" type="DEFAULT_VEHTYPE" speed="13.43" pos="74.81" lane="1/1to0/1_0" slope="0.00"/>
        <vehicle id="1" x="225.61" y="401.65" angle="-90.00" type="DEFAULT_VEHTYPE" speed="11.55" pos="169.64" lane="2/2to1/2_0" slope="0.00"/>
        <vehicle id="10" x="596.08" y="401.53" angle="-115.55" type="DEFAULT_VEHTYPE" speed="8.02" pos="2.34" lane=":3/2_18_0" slope="0.00"/>
        <vehicle id="11" x="794.37" y="198.35" angle="90.00" type="DEFAULT_VEHTYPE" speed="13.64" pos="189.62" lane="3/1to4/1_0" slope="0.00"/>
        <vehicle id="12" x="587.35" y="198.35" angle="90.00" type="DEFAULT_VEHTYPE" speed="6.30" pos="182.60" lane="2/1to3/1_0" slope="0.00"/>
        <vehicle id="13" x="601.65" y="260.26" angle="180.00" type="DEFAULT_VEHTYPE" speed="13.54" pos="55.51" lane="3/1to3/2_0" slope="0.00"/>
        <vehicle id="14" x="412.39" y="401.65" angle="-90.00" type="DEFAULT_VEHTYPE" speed="6.31" pos="182.86" lane="3/2to2/2_0" slope="0.00"/>
        <vehicle id="4" x="523.00" y="198.35" angle="90.00" type="DEFAULT_VEHTYPE" speed="13.50" pos="118.25" lane="2/1to3/1_0" slope="0.00"/>
        <vehicle id="5" x="601.65" y="227.94" angle="180.00" type="DEFAULT_VEHTYPE" speed="13.21" pos="23.19" lane="3/1to3/2_0" slope="0.00"/>
        <vehicle id="7" x="601.65" y="312.25" angle="180.00" type="DEFAULT_VEHTYPE" speed="13.16" pos="107.50" lane="3/1to3/2_0" slope="0.00"/>
        <vehicle id="8" x="685.09" y="201.65" angle="-90.00" type="DEFAULT_VEHTYPE" speed="13.34" pos="114.91" lane="4/1to3/1_0" slope="0.00"/>
        <vehicle id="9" x="358.29" y="598.35" angle="90.00" type="DEFAULT_VEHTYPE" speed="12.75" pos="153.54" lane="1/3to2/3_0" slope="0.00"/>
    </timestep>
    <timestep time="602.00">
        <vehicle id="0" x="106.65" y="201.65" angle="-90.00" type="DEFAULT_VEHTYPE" speed="13.79" pos="88.60" lane="1/1to0/1_0" slope="0.00"/>
        <vehicle id="1" x="216.88" y="401.65" angle="-90.00" type="DEFAULT_VEHTYPE" speed="8.73" pos="178.37" lane="2/2to1/2_0" slope="0.00"/>
        <vehicle id="10" x="586.30" y="401.65" angle="-90.00" type="DEFAULT_VEHTYPE" speed="9.79" pos="8.95" lane="3/2to2/2_0" slope="0.00"/>
        <vehicle id="11" x="797.00" y="201.65" angle="-106.03" type="DEFAULT_VEHTYPE" speed="13.45" pos="3.00" lane="4/1to3/1_0" slope="0.00"/>
        <vehicle id="12" x="590.93" y="198.35" angle="90.00" type="DEFAULT_VEHTYPE" speed="3.59" pos="186.18" lane="2/1to3/1_0" slope="0.00"/>
        <vehicle id="13" x="601.65" y="273.34" angle="180.00" type="DEFAULT_VEHTYPE" speed="13.08" pos="68.59" lane="3/1to3/2_0" slope="0.00"/>
        <vehicle id="14" x="408.79" y="401.65" angle="-90.00" type="DEFAULT_VEHTYPE" speed="3.59" pos="186.46" lane="3/2to2/2_0" slope="0.00"/>
        <vehicle id="4" x="536.07" y="198.35" angle="90.00" type="DEFAULT_VEHTYPE" speed="13.07" pos="131.32" lane="2/1to3/1_0" slope="0.00"/>
        <vehicle id="5" x="601.65" y="241.25" angle="180.00" type="DEFAULT_VEHTYPE" speed="13.32" pos="36.50" lane="3/1to3/2_0" slope="0.00"/>
        <vehicle id="7" x="601.65" y="325.08" angle="180.00" type="DEFAULT_VEHTYPE" speed="12.84" pos="120.33" lane="3/1to3/2_0" slope="0.00"/>
        <vehicle id="8" x="671.47" y="201.65" angle="-90.00" type="DEFAULT_VEHTYPE" speed="13.62" pos="128.53" lane="4/1to3/1_0" slope="0.00"/>
        <vehicle id="9" x="370.68" y="598.35" angle="90.00" type="DEFAULT_VEHTYPE" speed="12.39" pos="165.93" lane="1/3to2/3_0" slope="0.00"/>
    </timestep>
    <timestep time="603.00">
        <vehicle id="0" x="93.22" y="201.65" angle="-90.00" type="DEFAULT_VEHTYPE" speed="13.43" pos="102.03" lane="1/1to0/1_0" slope="0.00"/>
        <vehicle id="1" x="212.33" y="401.65" angle="-90.00" type="DEFAULT_VEHTYPE" speed="4.56" pos="182.92" lane="2/2to1/2_0" slope="0.00"/>
        <vehicle id="10" x="574.30" y="401.65" angle="-90.00" type="DEFAULT_VEHTYPE" speed="11.99" pos="20.95" lane="3/2to2/2_0" slope="0.00"/>
        <vehicle id="11" x="783.62" y="201.65" angle="-90.00" type="DEFAULT_VEHTYPE" speed="13.38" pos="16.38" lane="4/1to3/1_0" slope="0.00"/>
        <vehicle id="12" x="595.99" y="198.46" angle="91.22" type="DEFAULT_VEHTYPE" speed="5.07" pos="0.75" lane=":3/1_14_0" slope="0.00"/>
        <vehicle id="13" x="601.65" y="286.06" angle="180.00" type="DEFAULT_VEHTYPE" speed="12.71" pos="81.31" lane="3/1to3/2_0" slope="0.00"/>
        <vehicle id="14" x="403.79" y="401.51" angle="-88.43" type="DEFAULT_VEHTYPE" speed="5.01" pos="0.97" lane=":2/2_6_0" slope="0.00"/>
        <vehicle id="4" x="549.66" y="198.35" angle="90.00" type="DEFAULT_VEHTYPE" speed="13.59" pos="144.91" lane="2/1to3/1_0" slope="0.00"/>
        <vehicle id="5" x="601.65" y="254.67" angle="180.00" type="DEFAULT_VEHTYPE" speed="13.42" pos="49.92" lane="3/1to3/2_0" slope="0.00"/>
        <vehicle id="7" x="601.65" y="338.27" angle="180.00" type="DEFAULT_VEHTYPE" speed="13.18" pos="133.52" lane="3/1to3/2_0" slope="0.00"/>
        <vehicle id="8" x="658.30" y="201.65" angle="-90.00" type="DEFAULT_VEHTYPE" speed="13.17" pos="141.70" lane="4/1to3/1_0" slope="0.00"/>
        <vehicle id="9" x="380.16" y="598.35" angle="90.00" type="DEFAULT_VEHTYPE" speed="9.47" pos="175.41" lane="1/3to2/3_0" slope="0.00"/>
    </timestep>
    <timestep time="604.00">
        <vehicle id="0" x="80.50" y="201.65" angle="-90.00" type="DEFAULT_VEHTYPE" speed="12.72" pos="114.75" lane="1/1to0/1_0" slope="0.00"/>
        <vehicle id="1" x="209.41" y="401.65" angle="-90.00" type="DEFAULT_VEHTYPE" speed="2.92" pos="185.84" lane="2/2to1/2_0" slope="0.00"/>
        <vehicle id="10" x="561.58" y="401.65" angle="-90.00" type="DEFAULT_VEHTYPE" speed="12.72" pos="33.67" lane="3/2to2/2_0" slope="0.00"/>
        <vehicle id="11" x="770.56" y="201.65" angle="-90.00" type="DEFAULT_VEHTYPE" speed="13.05" pos="29.44" lane="4/1to3/1_0" slope="0.00"/>
        <vehicle id="12" x="601.13" y="201.75" angle="130.23" type="DEFAULT_VEHTYPE" speed="6.51" pos="7.26" lane=":3/1_14_0" slope="0.00"/>
        <vehicle id="13" x="601.65" y="299.71" angle="180.00" type="DEFAULT_VEHTYPE" speed="13.65" pos="94.96" lane="3/1to3/2_0" slope="0.00"/>
        <vehicle id="14" x="398.74" y="397.98" angle="-46.36" type="DEFAULT_VEHTYPE" speed="6.60" pos="7.57" lane=":2/2_6_0" slope="0.00"/>
        <vehicle id="4" x="562.81" y="198.35" angle="90.00" type="DEFAULT_VEHTYPE" speed="13.15" pos="158.06" lane="2/1to3/1_0" slope="0.00"/>
        <vehicle id="5" x="601.65" y="267.49" angle="180.00" type="DEFAULT_VEHTYPE" speed="12.82" pos="62.74" lane="3/1to3/2_0" slope="0.00"/>
        <vehicle id="7" x="601.65" y="351.40" angle="180.00" type="DEFAULT_VEHTYPE" speed="13.13" pos="146.65" lane="3/1to3/2_0" slope="0.00"/>
        <vehicle id="8" x="645.57" y="201.65" angle="-90.00" type="DEFAULT_VEHTYPE" speed="12.73" pos="154.43" lane="4/1to3/1_0" slope="0.00"/>
        <vehicle id="9" x="387.11" y="598.35" angle="90.00" type="DEFAULT_VEHTYPE" speed="6.95" pos="182.36" lane="1/3to2/3_0" slope="0.00"/>
    </timestep>
    <timestep time="605.00">
        <vehicle id="0" x="66.66" y="201.65" angle="-90.00" type="DEFAULT_VEHTYPE" speed="13.84" pos="128.59" lane="1/1to0/1_0" slope="0.00"/>
        <vehicle id="1" x="205.15" y="401.65" angle="-90.00" type="DEFAULT_VEHTYPE" speed="4.26" pos="190.10" lane="2/2to1/2_0" slope="0.00"/>
        <vehicle id="10" x="548.68" y="401.65" angle="-90.00" type="DEFAULT_VEHTYPE" speed="12.91" pos="46.57" lane="3/2to2/2_0" slope="0.00"/>
        <vehicle id="11" x="757.95" y="201.65" angle="-90.00" type="DEFAULT_VEHTYPE" speed="12.61" pos="42.05" lane="4/1to3/1_0" slope="0.00"/>
        <vehicle id="12" x="601.65" y="210.24" angle="180.00" type="DEFAULT_VEHTYPE" speed="8.54" pos="5.49" lane="3/1to3/2_0" slope="0.00"/>
        <vehicle id="13" x="601.65" y="312.69" angle="180.00" type="DEFAULT_VEHTYPE" speed="12.98" pos="107.94" lane="3/1to3/2_0" slope="0.00"/>
        <vehicle id="14" x="398.35" y="389.00" angle="0.00" type="DEFAULT_VEHTYPE" speed="9.01" pos="6.25" lane="2/2to2/1_0" slope="0.00"/>
        <vehicle id="4" x="575.01" y="198.35" angle="90.00" type="DEFAULT_VEHTYPE" speed="12.19" pos="170.26" lane="2/1to3/1_0" slope="0.00"/>
        <vehicle id="5" x="601.65" y="281.14" angle="180.00" type="DEFAULT_VEHTYPE" speed="13.66" pos="76.39" lane="3/1to3/2_0" slope="0.00"/>
        <vehicle id="7" x="601.65" y="365.15" angle="180.00" type="DEFAULT_VEHTYPE" speed="13.75" pos="160.40" lane="3/1to3/2_0" slope="0.00"/>
        <vehicle id="8" x="631.87" y="201.65" angle="-90.00" type="DEFAULT_VEHTYPE" speed="13.70" pos="168.13" lane="4/1to3/1_0" slope="0.00"/>
        <vehicle id="9" x="390.62" y="598.35" angle="90.00" type="DEFAULT_VEHTYPE" speed="3.51" pos="185.87" lane="1/3to2/3_0" slope="0.00"/>
    </timestep>
    <timestep time="606.00">
        <vehicle id="0" x="52.97" y="201.65" angle="-90.00" type="DEFAULT_VEHTYPE" speed="13.69" pos="142.28" lane="1/1to0/1_0" slope="0.00"/>
        <vehicle id="1" x="199.35" y="399.05" angle="-59.43" type="DEFAULT_VEHTYPE" speed="6.73" pos="6.33" lane=":1/2_6_0" slope="0.00"/>
        <vehicle id="10" x="536.01" y="401.65" angle="-90.00" type="DEFAULT_VEHTYPE" speed="12.67" pos="59.24" lane="3/2to2/2_0" slope="0.00"/>
        <vehicle id="11" x="744.40" y="201.65" angle="-90.00" type="DEFAULT_VEHTYPE" speed="13.56" pos="55.60" lane="4/1to3/1_0" slope="0.00"/>
        <vehicle id="12" x="601.65" y="221.08" angle="180.00" type="DEFAULT_VEHTYPE" speed="10.85" pos="16.33" lane="3/1to3/2_0" slope="0.00"/>
        <vehicle id="13" x="601.65" y="325.86" angle="180.00" type="DEFAULT_VEHTYPE" speed="13.17" pos="121.11" lane="3/1to3/2_0" slope="0.00"/>
        <vehicle id="14" x="398.35" y="378.62" angle="0.00" type="DEFAULT_VEHTYPE" speed="10.38" pos="16.63" lane="2/2to2/1_0" slope="0.00"/>
        <vehicle id="4" x="583.27" y="198.35" angle="90.00" type="DEFAULT_VEHTYPE" speed="8.26" pos="178.52" lane="2/1to3/1_0" slope="0.00"/>
        <vehicle id="5" x="601.65" y="294.64" angle="180.00" type="DEFAULT_VEHTYPE" speed="13.50" pos="89.89" lane="3/1to3/2_0" slope="0.00"/>
        <vehicle id="7" x="601.65" y="375.84" angle="180.00" type="DEFAULT_VEHTYPE" speed="10.70" pos="171.09" lane="3/1to3/2_0" slope="0.00"/>
        <vehicle id="8" x="622.00" y="201.65" angle="-90.00" type="DEFAULT_VEHTYPE" speed="9.87" pos="178.00" lane="4/1to3/1_0" slope="0.00"/>
        <vehicle id="9" x="396.69" y="598.56" angle="92.37" type="DEFAULT_VEHTYPE" speed="6.09" pos="1.46" lane=":2/3_14_0" slope="0.00"/>
    </timestep>
    <timestep time="607.00">
        <vehicle id="0" x="40.03" y="201.65" angle="-90.00" type="DEFAULT_VEHTYPE" speed="12.94" pos="155.22" lane="1/1to0/1_0" slope="0.00"/>
        <vehicle id="1" x="198.35" y="390.12" angle="0.00" type="DEFAULT_VEHTYPE" speed="9.12" pos="5.13" lane="1/2to1/1_0" slope="0.00"/>
        <vehicle id="10" x="523.25" y="401.65" angle="-90.00" type="DEFAULT_VEHTYPE" speed="12.75" pos="72.00" lane="3/2to2/2_0" slope="0.00"/>
        <vehicle id="11" x="730.74" y="201.65" angle="-90.00" type="DEFAULT_VEHTYPE" speed="13.65" pos="69.26" lane="4/1to3/1_0" slope="0.00"/>
        <vehicle id="12" x="601.65" y="234.06" angle="180.00" type="DEFAULT_VEHTYPE" speed="12.98" pos="29.31" lane="3/1to3/2_0" slope="0.00"/>
        <vehicle id="13" x="601.65" y="338.63" angle="180.00" type="DEFAULT_VEHTYPE" speed="12.78" pos="133.88" lane="3/1to3/2_0" slope="0.00"/>
        <vehicle id="14" x="398.35" y="366.35" angle="0.00" type="DEFAULT_VEHTYPE" speed="12.27" pos="28.90" lane="2/2to2/1_0" slope="0.00"/>
        <vehicle id="4" x="588.62" y="198.35" angle="90.00" type="DEFAULT_VEHTYPE" speed="5.35" pos="183.87" lane="2/1to3/1_0" slope="0.00"/>
        <vehicle id="5" x="601.65" y="308.48" angle="180.00" type="DEFAULT_VEHTYPE" speed="13.84" pos="103.73" lane="3/1to3/2_0" slope="0.00"/>
        <vehicle id="7" x="601.65" y="383.71" angle="180.00" type="DEFAULT_VEHTYPE" speed="7.87" pos="178.96" lane="3/1to3/2_0" slope="0.00"/>
        <vehicle id="8" x="614.14" y="201.65" angle="-90.00" type="DEFAULT_VEHTYPE" speed="7.86" pos="185.86" lane="4/1to3/1_0" slope="0.00"/>
        <vehicle id="9" x="401.51" y="603.79" angle="153.09" type="DEFAULT_VEHTYPE" speed="7.89" pos="9.35" lane=":2/3_14_0" slope="0.00"/>
    </timestep>
    <timestep time="608.00">
        <vehicle id="0" x="26.20" y="201.65" angle="-90.00" type="DEFAULT_VEHTYPE" speed="13.83" pos="169.05" lane="1/1to0/1_0" slope="0.00"/>
        <vehicle id="1" x="198.35" y="378.64" angle="0.00" type="DEFAULT_VEHTYPE" speed="11.47" pos="16.61" lane="1/2to1/1_0" slope="0.00"/>
        <vehicle id="10" x="510.44" y="401.65" angle="-90.00" type="DEFAULT_VEHTYPE" speed="12.82" pos="84.81" lane="3/2to2/2_0" slope="0.00"/>
        <vehicle id="11" x="717.44" y="201.65" angle="-90.00" type="DEFAULT_VEHTYPE" speed="13.30" pos="82.56" lane="4/1to3/1_0" slope="0.00"/>
        <vehicle id="12" x="601.65" y="247.71" angle="180.00" type="DEFAULT_VEHTYPE" speed="13.64" pos="42.96" lane="3/1to3/2_0" slope="0.00"/>
        <vehicle id="13" x="601.65" y="352.18" angle="180.00" type="DEFAULT_VEHTYPE" speed="13.55" pos="147.43" lane="3/1to3/2_0" slope="0.00"/>
        <vehicle id="14" x="398.35" y="353.06" angle="0.00" type="DEFAULT_VEHTYPE" speed="13.28" pos="42.19" lane="2/2to2/1_0" slope="0.00"/>
        <vehicle id="4" x="596.22" y="198.35" angle="90.00" type="DEFAULT_VEHTYPE" speed="7.60" pos="0.97" lane=":3/1_13_0" slope="0.00"/>
        <vehicle id="5" x="601.65" y="321.79" angle="180.00" type="DEFAULT_VEHTYPE" speed="13.31" pos="117.04" lane="3/1to3/2_0" slope="0.00"/>
        <vehicle id="7" x="601.65" y="388.19" angle="180.00" type="DEFAULT_VEHTYPE" speed="4.48" pos="183.44" lane="3/1to3/2_0" slope="0.00"/>
        <vehicle id="8" x="609.81" y="201.65" angle="-90.00" type="DEFAULT_VEHTYPE" speed="4.33" pos="190.19" lane="4/1to3/1_0" slope="0.00"/>
        <vehicle id="9" x="401.65" y="613.19" angle="180.00" type="DEFAULT_VEHTYPE" speed="9.41" pos="8.44" lane="2/3to2/4_0" slope="0.00"/>
    </timestep>
    <timestep time="609.00">
        <vehicle id="0" x="13.41" y="201.65" angle="-90.00" type="DEFAULT_VEHTYPE" speed="12.79" pos="181.84" lane="1/1to0/1_0" slope="0.00"/>
        <vehicle id="1" x="198.35" y="364.99" angle="0.00" type="DEFAULT_VEHTYPE" speed="13.65" pos="30.26" lane="1/2to1/1_0" slope="0.00"/>
        <vehicle id="10" x="496.73" y="401.65" angle="-90.00" type="DEFAULT_VEHTYPE" speed="13.71" pos="98.52" lane="3/2to2/2_0" slope="0.00"/>
        <vehicle id="11" x="703.97" y="201.65" angle="-90.00" type="DEFAULT_VEHTYPE" speed="13.47" pos="96.03" lane="4/1to3/1_0" slope="0.00"/>
        <vehicle id="12" x="601.65" y="260.52" angle="180.00" type="DEFAULT_VEHTYPE" speed="12.81" pos="55.77" lane="3/1to3/2_0" slope="0.00"/>
        <vehicle id="13" x="601.65" y="363.08" angle="180.00" type="DEFAULT_VEHTYPE" speed="10.89" pos="158.33" lane="3/1to3/2_0" slope="0.00"/>
        <vehicle id="14" x="398.35" y="340.28" angle="0.00" type="DEFAULT_VEHTYPE" speed="12.79" pos="54.97" lane="2/2to2/1_0" slope="0.00"/>
        <vehicle id="4" x="605.26" y="198.35" angle="90.00" type="DEFAULT_VEHTYPE" speed="9.04" pos="0.51" lane="3/1to4/1_0" slope="0.00"/>
        <vehicle id="5" x="601.65" y="335.18" angle="180.00" type="DEFAULT_VEHTYPE" speed="13.38" pos="130.43" lane="3/1to3/2_0" slope="0.00"/>
        <vehicle id="7" x="601.65" y="391.00" angle="180.00" type="DEFAULT_VEHTYPE" speed="2.81" pos="186.25" lane="3/1to3/2_0" slope="0.00"/>
        <vehicle id="8" x="603.37" y="201.85" angle="-92.28" type="DEFAULT_VEHTYPE" speed="6.45" pos="1.39" lane=":3/1_4_0" slope="0.00"/>
        <vehicle id="9" x="401.65" y="625.03" angle="180.00" type="DEFAULT_VEHTYPE" speed="11.84" pos="20.28" lane="2/3to2/4_0" slope="0.00"/>
    </timestep>
    <timestep time="610.00">
        <vehicle id="0" x="0.26" y="201.65" angle="-90.00" type="DEFAULT_VEHTYPE" speed="13.15" pos="194.99" lane="1/1to0/1_0" slope="0.00"/>
        <vehicle id="1" x="198.35" y="351.30" angle="0.00" type="DEFAULT_VEHTYPE" speed="13.70" pos="43.95" lane="1/2to1/1_0" slope="0.00"/>
        <vehicle id="10" x="483.97" y="401.65" angle="-90.00" type="DEFAULT_VEHTYPE" speed="12.76" pos="111.28" lane="3/2to2/2_0" slope="0.00"/>
        <vehicle id="11" x="690.86" y="201.65" angle="-90.00" type="DEFAULT_VEHTYPE" speed="13.12" pos="109.14" lane="4/1to3/1_0" slope="0.00"/>
        <vehicle id="12" x="601.65" y="274.09" angle="180.00" type="DEFAULT_VEHTYPE" speed="13.57" pos="69.34" lane="3/1to3/2_0" slope="0.00"/>
        <vehicle id="13" x="601.65" y="372.76" angle="180.00" type="DEFAULT_VEHTYPE" speed="9.68" pos="168.01" lane="3/1to3/2_0" slope="0.00"/>
        <vehicle id="14" x="398.35" y="327.60" angle="0.00" type="DEFAULT_VEHTYPE" speed="12.67" pos="67.65" lane="2/2to2/1_0" slope="0.00"/>
        <vehicle id="4" x="616.59" y="198.35" angle="90.00" type="DEFAULT_VEHTYPE" speed="11.33" pos="11.84" lane="3/1to4/1_0" slope="0.00"/>
        <vehicle id="5" x="601.65" y="348.66" angle="180.00" type="DEFAULT_VEHTYPE" speed="13.48" pos="143.91" lane="3/1to3/2_0" slope="0.00"/>
        <vehicle id="7" x="601.54" y="396.03" angle="-178.73" type="DEFAULT_VEHTYPE" speed="5.03" pos="0.78" lane=":3/2_10_0" slope="0.00"/>
        <vehicle id="8" x="601.65" y="209.77" angle="180.00" type="DEFAULT_VEHTYPE" speed="8.63" pos="5.02" lane="3/1to3/2_0" slope="0.00"/>
        <vehicle id="9" x="401.65" y="638.65" angle="180.00" type="DEFAULT_VEHTYPE" speed="13.62" pos="33.90" lane="2/3to2/4_0" slope="0.00"/>
    </timestep>
    <timestep time="611.00">
        <vehicle id="0" x="8.16" y="198.35" angle="90.00" type="DEFAULT_VEHTYPE" speed="13.24" pos="8.16" lane="0/1to1/1_0" slope="0.00"/>
        <vehicle id="1" x="198.35" y="338.31" angle="0.00" type="DEFAULT_VEHTYPE" speed="12.99" pos="56.94" lane="1/2to1/1_0" slope="0.00"/>
        <vehicle id="10" x="470.15" y="401.65" angle="-90.00" type="DEFAULT_VEHTYPE" speed="13.82" pos="125.10" lane="3/2to2/2_0" slope="0.00"/>
        <vehicle id="11" x="677.44" y="201.65" angle="-90.00" type="DEFAULT_VEHTYPE" speed="13.42" pos="122.56" lane="4/1to3/1_0" slope="0.00"/>
        <vehicle id="12" x="601.65" y="286.70" angle="180.00" type="DEFAULT_VEHTYPE" speed="12.61" pos="81.95" lane="3/1to3/2_0" slope="0.00"/>
        <vehicle id="13" x="601.65" y="382.26" angle="180.00" type="DEFAULT_VEHTYPE" speed="9.50" pos="177.51" lane="3/1to3/2_0" slope="0.00"/>
        <vehicle id="14" x="398.35" y="314.70" angle="0.00" type="DEFAULT_VEHTYPE" speed="12.90" pos="80.55" lane="2/2to2/1_0" slope="0.00"/>
        <vehicle id="4" x="630.48" y="198.35" angle="90.00" type="DEFAULT_VEHTYPE" speed="13.89" pos="25.73" lane="3/1to4/1_0" slope="0.00"/>
        <vehicle id="5" x="601.65" y="360.22" angle="180.00" type="DEFAULT_VEHTYPE" speed="11.56" pos="155.47" lane="3/1to3/2_0" slope="0.00"/>
        <vehicle id="7" x="597.41" y="401.34" angle="-129.41" type="DEFAULT_VEHTYPE" speed="7.35" pos="1.00" lane=":3/2_18_0" slope="0.00"/>
        <vehicle id="8" x="601.65" y="220.76" angle="180.00" type="DEFAULT_VEHTYPE" speed="10.99" pos="16.01" lane="3/1to3/2_0" slope="0.00"/>
        <vehicle id="9" x="401.65" y="652.43" angle="180.00" type="DEFAULT_VEHTYPE" speed="13.78" pos="47.68" lane="2/3to2/4_0" slope="0.00"/>
    </timestep>
    <timestep time="612.00">
        <vehicle id="0" x="21.90" y="198.35" angle="90.00" type="DEFAULT_VEHTYPE" speed="13.74" pos="21.90" lane="0/1to1/1_0" slope="0.00"/>
        <vehicle id="1" x="198.35" y="325.33" angle="0.00" type="DEFAULT_VEHTYPE" speed="12.97" pos="69.92" lane="1/2to1/1_0" slope="0.00"/>
        <vehicle id="10" x="457.45" y="401.65" angle="-90.00" type="DEFAULT_VEHTYPE" speed="12.70" pos="137.80" lane="3/2to2/2_0" slope="0.00"/>
        <vehicle id="11" x="664.01" y="201.65" angle="-90.00" type="DEFAULT_VEHTYPE" speed="13.43" pos="135.99" lane="4/1to3/1_0" slope="0.00"/>
        <vehicle id="12" x="601.65" y="300.47" angle="180.00" type="DEFAULT_VEHTYPE" speed="13.77" pos="95.72" lane="3/1to3/2_0" slope="0.00"/>
        <vehicle id="13" x="601.65" y="388.29" angle="180.00" type="DEFAULT_VEHTYPE" speed="6.03" pos="183.54" lane="3/1to3/2_0" slope="0.00"/>
        <vehicle id="14" x="398.35" y="301.97" angle="0.00" type="DEFAULT_VEHTYPE" speed="12.73" pos="93.28" lane="2/2to2/1_0" slope="0.00"/>
        <vehicle id="4" x="643.51" y="198.35" angle="90.00" type="DEFAULT_VEHTYPE" speed="13.03" pos="38.76" lane="3/1to4/1_0" slope="0.00"/>
        <vehicle id="5" x="601.65" y="370.24" angle="180.00" type="DEFAULT_VEHTYPE" speed="10.02" pos="165.49" lane="3/1to3/2_0" slope="0.00"/>
        <vehicle id="7" x="588.03" y="401.65" angle="-90.00" type="DEFAULT_VEHTYPE" speed="9.40" pos="7.22" lane="3/2to2/2_0" slope="0.00"/>
        <vehicle id="8" x="601.65" y="233.05" angle="180.00" type="DEFAULT_VEHTYPE" speed="12.29" pos="28.30" lane="3/1to3/2_0" slope="0.00"/>
        <vehicle id="9" x="401.65" y="666.18" angle="180.00" type="DEFAULT_VEHTYPE" speed="13.75" pos="61.43" lane="2/3to2/4_0" slope="0.00"/>
    </timestep>
    <timestep time="613.00">
        <vehicle id="0" x="34.55" y="198.35" angle="90.00" type="DEFAULT_VEHTYPE" speed="12.66" pos="34.55" lane="0/1to1/1_0" slope="0.00"/>
        <vehicle id="1" x="198.35" y="311.58" angle="0.00" type="DEFAULT_VEHTYPE" speed="13.75" pos="83.67" lane="1/2to1/1_0" slope="0.00"/>
        <vehicle id="10" x="444.00" y="401.65" angle="-90.00" type="DEFAULT_VEHTYPE" speed="13.45" pos="151.25" lane="3/2to2/2_0" slope="0.00"/>
        <vehicle id="11" x="651.30" y="201.65" angle="-90.00" type="DEFAULT_VEHTYPE" speed="12.71" pos="148.70" lane="4/1to3/1_0" slope="0.00"/>
        <vehicle id="12" x="601.65" y="313.78" angle="180.00" type="DEFAULT_VEHTYPE" speed="13.30" pos="109.03" lane="3/1to3/2_0" slope="0.00"/>
        <vehicle id="13" x="601.55" y="395.92" angle="-178.90" type="DEFAULT_VEHTYPE" speed="7.64" pos="0.68" lane=":3/2_10_0" slope="0.00"/>
        <vehicle id="14" x="398.35" y="288.77" angle="0.00" type="DEFAULT_VEHTYPE" speed="13.20" pos="106.48" lane="2/2to2/1_0" slope="0.00"/>
        <vehicle id="4" x="657.06" y="198.35" angle="90.00" type="DEFAULT_VEHTYPE" speed="13.55" pos="52.31" lane="3/1to4/1_0" slope="0.00"/>
        <vehicle id="5" x="601.65" y="377.57" angle="180.00" type="DEFAULT_VEHTYPE" speed="7.33" pos="172.82" lane="3/1to3/2_0" slope="0.00"/>
        <vehicle id="7" x="576.54" y="401.65" angle="-90.00" type="DEFAULT_VEHTYPE" speed="11.49" pos="18.71" lane="3/2to2/2_0" slope="0.00"/>
        <vehicle id="8" x="601.65" y="246.84" angle="180.00" type="DEFAULT_VEHTYPE" speed="13.79" pos="42.09" lane="3/1to3/2_0" slope="0.00"/>
        <vehicle id="9" x="401.65" y="679.15" angle="180.00" type="DEFAULT_VEHTYPE" speed="12.97" pos="74.40" lane="2/3to2/4_0" slope="0.00"/>
    </timestep>
    <timestep time="614.00">
        <vehicle id="0" x="47.57" y="198.35" angle="90.00" type="DEFAULT_VEHTYPE" speed="13.02" pos="47.57" lane="0/1to1/1_0" slope="0.00"/>
        <vehicle id="1" x="198.35" y="298.46" angle="0.00" type="DEFAULT_VEHTYPE" speed="13.12" pos="96.79" lane="1/2to1/1_0" slope="0.00"/>
        <vehicle id="10" x="430.72" y="401.65" angle="-90.00" type="DEFAULT_VEHTYPE" speed="13.28" pos="164.53" lane="3/2to2/2_0" slope="0.00"/>
        <vehicle id="11" x="637.62" y="201.65" angle="-90.00" type="DEFAULT_VEHTYPE" speed="13.68" pos="162.38" lane="4/1to3/1_0" slope="0.00"/>
        <vehicle id="12" x="601.65" y="326.87" angle="180.00" type="DEFAULT_VEHTYPE" speed="13.09" pos="122.12" lane="3/1to3/2_0" slope="0.00"/>
        <vehicle id="13" x="594.82" y="401.65" angle="-105.34" type="DEFAULT_VEHTYPE" speed="10.07" pos="0.43" lane="3/2to2/2_0" slope="0.00"/>
        <vehicle id="14" x="398.35" y="275.68" angle="0.00" type="DEFAULT_VEHTYPE" speed="13.10" pos="119.57" lane="2/2to2/1_0" slope="0.00"/>
        <vehicle id="4" x="670.07" y="198.35" angle="90.00" type="DEFAULT_VEHTYPE" speed="13.02" pos="65.32" lane="3/1to4/1_0" slope="0.00"/>
        <vehicle id="5" x="601.65" y="384.42" angle="180.00" type="DEFAULT_VEHTYPE" speed="6.85" pos="179.67" lane="3/1to3/2_0" slope="0.00"/>
        <vehicle id="7" x="563.53" y="401.65" angle="-90.00" type="DEFAULT_VEHTYPE" speed="13.01" pos="31.72" lane="3/2to2/2_0" slope="0.00"/>
        <vehicle id="8" x="601.65" y="260.31" angle="180.00" type="DEFAULT_VEHTYPE" speed="13.47" pos="55.56" lane="3/1to3/2_0" slope="0.00"/>
        <vehicle id="9" x="401.65" y="692.20" angle="180.00" type="DEFAULT_VEHTYPE" speed="13.06" pos="87.45" lane="2/3to2/4_0" slope="0.00"/>
    </timestep>
    <timestep time="615.00">
        <vehicle id="0" x="61.12" y="198.35" angle="90.00" type="DEFAULT_VEHTYPE" speed="13.55" pos="61.12" lane="0/1to1/1_0" slope="0.00"/>
        <vehicle id="1" x="198.35" y="285.22" angle="0.00" type="DEFAULT_VEHTYPE" speed="13.24" pos="110.03" lane="1/2to1/1_0" slope="0.00"/>
        <vehicle id="10" x="420.53" y="401.65" angle="-90.00" type="DEFAULT_VEHTYPE" speed="10.20" pos="174.72" lane="3/2to2/2_0" slope="0.00"/>
        <vehicle id="11" x="625.77" y="201.65" angle="-90.00" type="DEFAULT_VEHTYPE" speed="11.85" pos="174.23" lane="4/1to3/1_0" slope="0.00"/>
        <vehicle id="12" x="601.65" y="340.06" angle="180.00" type="DEFAULT_VEHTYPE" speed="13.20" pos="135.31" lane="3/1to3/2_0" slope="0.00"/>
        <vehicle id="13" x="582.70" y="401.65" angle="-90.00" type="DEFAULT_VEHTYPE" speed="12.11" pos="12.55" lane="3/2to2/2_0" slope="0.00"/>
        <vehicle id="14" x="398.35" y="262.59" angle="0.00" type="DEFAULT_VEHTYPE" speed="13.09" pos="132.66" lane="2/2to2/1_0" slope="0.00"/>
        <vehicle id="4" x="683.20" y="198.35" angle="90.00" type="DEFAULT_VEHTYPE" speed="13.12" pos="78.45" lane="3/1to4/1_0" slope="0.00"/>
        <vehicle id="5" x="601.65" y="388.80" angle="180.00" type="DEFAULT_VEHTYPE" speed="4.37" pos="184.05" lane="3/1to3/2_0" slope="0.00"/>
        <vehicle id="7" x="550.14" y="401.65" angle="-90.00" type="DEFAULT_VEHTYPE" speed="13.38" pos="45.11" lane="3/2to2/2_0" slope="0.00"/>
        <vehicle id="8" x="601.65" y="273.30" angle="180.00" type="DEFAULT_VEHTYPE" speed="12.99" pos="68.55" lane="3/1to3/2_0" slope="0.00"/>
        <vehicle id="9" x="401.65" y="704.83" angle="180.00" type="DEFAULT_VEHTYPE" speed="12.63" pos="100.08" lane="2/3to2/4_0" slope="0.00"/>
    </timestep>
    <timestep time="616.00">
        <vehicle id="0" x="74.87" y="198.35" angle="90.00" type="DEFAULT_VEHTYPE" speed="13.75" pos="74.87" lane="0/1to1/1_0" slope="0.00"/>
        <vehicle id="1" x="198.35" y="272.17" angle="0.00" type="DEFAULT_VEHTYPE" speed="13.05" pos="123.08" lane="1/2to1/1_0" slope="0.00"/>
        <vehicle id="10" x="413.43" y="401.65" angle="-90.00" type="DEFAULT_VEHTYPE" speed="7.09" pos="181.82" lane="3/2to2/2_0" slope="0.00"/>
        <vehicle id="11" x="617.59" y="201.65" angle="-90.00" type="DEFAULT_VEHTYPE" speed="8.18" pos="182.41" lane="4/1to3/1_0" slope="0.00"/>
        <vehicle id="12" x="601.65" y="353.77" angle="180.00" type="DEFAULT_VEHTYPE" speed="13.71" pos="149.02" lane="3/1to3/2_0" slope="0.00"/>
        <vehicle id="13" x="569.61" y="401.65" angle="-90.00" type="DEFAULT_VEHTYPE" speed="13.10" pos="25.64" lane="3/2to2/2_0" slope="0.00"/>
        <vehicle id="14" x="398.35" y="249.47" angle="0.00" type="DEFAULT_VEHTYPE" speed="13.12" pos="145.78" lane="2/2to2/1_0" slope="0.00"/>
        <vehicle id="4" x="696.64" y="198.35" angle="90.00" type="DEFAULT_VEHTYPE" speed="13.44" pos="91.89" lane="3/1to4/1_0" slope="0.00"/>
        <vehicle id="5" x="601.65" y="395.23" angle="180.00" type="DEFAULT_VEHTYPE" speed="6.43" pos="190.48" lane="3/1to3/2_0" slope="0.00"/>
        <vehicle id="7" x="536.75" y="401.65" angle="-90.00" type="DEFAULT_VEHTYPE" speed="13.39" pos="58.50" lane="3/2to2/2_0" slope="0.00"/>
        <vehicle id="8" x="601.65" y="286.10" angle="180.00" type="DEFAULT_VEHTYPE" speed="12.80" pos="81.35" lane="3/1to3/2_0" slope="0.00"/>
        <vehicle id="9" x="401.65" y="718.68" angle="180.00" type="DEFAULT_VEHTYPE" speed="13.85" pos="113.93" lane="2/3to2/4_0" slope="0.00"/>
    </timestep>
    <timestep time="617.00">
        <vehicle id="0" x="87.51" y="198.35" angle="90.00" type="DEFAULT_VEHTYPE" speed="12.64" pos="87.51" lane="0/1to1/1_0" slope="0.00"/>
        <vehicle id="1" x="198.35" y="259.15" angle="0.00" type="DEFAULT_VEHTYPE" speed="13.02" pos="136.10" lane="1/2to1/1_0" slope="0.00"/>
        <vehicle id="10" x="410.44" y="401.65" angle="-90.00" type="DEFAULT_VEHTYPE" speed="3.00" pos="184.81" lane="3/2to2/2_0" slope="0.00"/>
        <vehicle id="11" x="612.57" y="201.65" angle="-90.00" type="DEFAULT_VEHTYPE" speed="5.02" pos="187.43" lane="4/1to3/1_0" slope="0.00"/>
        <vehicle id="12" x="601.65" y="366.85" angle="180.00" type="DEFAULT_VEHTYPE" speed="13.08" pos="162.10" lane="3/1to3/2_0" slope="0.00"/>
        <vehicle id="13" x="556.92" y="401.65" angle="-90.00" type="DEFAULT_VEHTYPE" speed="12.69" pos="38.33" lane="3/2to2/2_0" slope="0.00"/>
        <vehicle id="14" x="398.35" y="236.17" angle="0.00" type="DEFAULT_VEHTYPE" speed="13.30" pos="159.08" lane="2/2to2/1_0" slope="0.00"/>
        <vehicle id="4" x="710.26" y="198.35" angle="90.00" type="DEFAULT_VEHTYPE" speed="13.62" pos="105.51" lane="3/1to4/1_0" slope="0.00"/>
        <vehicle id="5" x="597.60" y="401.31" angle="-131.39" type="DEFAULT_VEHTYPE" speed="7.97" pos="0.81" lane=":3/2_18_0" slope="0.00"/>
        <vehicle id="7" x="523.65" y="401.65" angle="-90.00" type="DEFAULT_VEHTYPE" speed="13.10" pos="71.60" lane="3/2to2/2_0" slope="0.00"/>
        <vehicle id="8" x="601.65" y="299.18" angle="180.00" type="DEFAULT_VEHTYPE" speed="13.08" pos="94.43" lane="3/1to3/2_0" slope="0.00"/>
        <vehicle id="9" x="401.65" y="731.86" angle="180.00" type="DEFAULT_VEHTYPE" speed="13.18" pos="127.11" lane="2/3to2/4_0" slope="0.00"/>
    </timestep>
    <timestep time="618.00">
        <vehicle id="0" x="100.94" y="198.35" angle="90.00" type="DEFAULT_VEHTYPE" speed="13.43" pos="100.94" lane="0/1to1/1_0" slope="0.00"/>
        <vehicle id="1" x="198.35" y="245.44" angle="0.00" type="DEFAULT_VEHTYPE" speed="13.71" pos="149.81" lane="1/2to1/1_0" slope="0.00"/>
        <vehicle id="10" x="405.37" y="401.65" angle="-90.00" type="DEFAULT_VEHTYPE" speed="5.07" pos="189.88" lane="3/2to2/2_0" slope="0.00"/>
        <vehicle id="11" x="609.85" y="201.65" angle="-90.00" type="DEFAULT_VEHTYPE" speed="2.72" pos="190.15" lane="4/1to3/1_0" slope="0.00"/>
        <vehicle id="12" x="601.65" y="377.21" angle="180.00" type="DEFAULT_VEHTYPE" speed="10.36" pos="172.46" lane="3/1to3/2_0" slope="0.00"/>
        <vehicle id="13" x="543.40" y="401.65" angle="-90.00" type="DEFAULT_VEHTYPE" speed="13.52" pos="51.85" lane="3/2to2/2_0" slope="0.00"/>
        <vehicle id="14" x="398.35" y="222.42" angle="0.00" type="DEFAULT_VEHTYPE" speed="13.75" pos="172.83" lane="2/2to2/1_0" slope="0.00"/>
        <vehicle id="4" x="723.69" y="198.35" angle="90.00" type="DEFAULT_VEHTYPE" speed="13.43" pos="118.94" lane="3/1to4/1_0" slope="0.00"/>
        <vehicle id="5" x="588.02" y="401.65" angle="-90.00" type="DEFAULT_VEHTYPE" speed="9.61" pos="7.23" lane="3/2to2/2_0" slope="0.00"/>
        <vehicle id="7" x="510.62" y="401.65" angle="-90.00" type="DEFAULT_VEHTYPE" speed="13.04" pos="84.63" lane="3/2to2/2_0" slope="0.00"/>
        <vehicle id="8" x="601.65" y="312.48" angle="180.00" type="DEFAULT_VEHTYPE" speed="13.30" pos="107.73" lane="3/1to3/2_0" slope="0.00"/>
        <vehicle id="9" x="401.65" y="744.78" angle="180.00" type="DEFAULT_VEHTYPE" speed="12.92" pos="140.03" lane="2/3to2/4_0" slope="0.00"/>
    </timestep>
    <timestep time="619.00">
        <vehicle id="0" x="114.41" y="198.35" angle="90.00" type="DEFAULT_VEHTYPE" speed="13.47" pos="114.41" lane="0/1to1/1_0" slope="0.00"/>
        <vehicle id="1" x="198.35" y="232.08" angle="0.00" type="DEFAULT_VEHTYPE" speed="13.35" pos="163.17" lane="1/2to1/1_0" slope="0.00"/>
        <vehicle id="10" x="398.32" y="401.65" angle="-90.00" type="DEFAULT_VEHTYPE" speed="7.05" pos="6.43" lane=":2/2_5_0" slope="0.00"/>
        <vehicle id="11" x="604.96" y="201.65" angle="-90.00" type="DEFAULT_VEHTYPE" speed="4.89" pos="195.04" lane="4/1to3/1_0" slope="0.00"/>
        <vehicle id="12" x="601.65" y="385.05" angle="180.00" type="DEFAULT_VEHTYPE" speed="7.84" pos="180.30" lane="3/1to3/2_0" slope="0.00"/>
        <vehicle id="13" x="530.52" y="401.65" angle="-90.00" type="DEFAULT_VEHTYPE" speed="12.88" pos="64.73" lane="3/2to2/2_0" slope="0.00"/>
        <vehicle id="14" x="398.35" y="208.58" angle="0.00" type="DEFAULT_VEHTYPE" speed="13.84" pos="186.67" lane="2/2to2/1_0" slope="0.00"/>
        <vehicle id="4" x="736.94" y="198.35" angle="90.00" type="DEFAULT_VEHTYPE" speed="13.25" pos="132.19" lane="3/1to4/1_0" slope="0.00"/>
        <vehicle id="5" x="576.37" y="401.65" angle="-90.00" type="DEFAULT_VEHTYPE" speed="11.64" pos="18.88" lane="3/2to2/2_0" slope="0.00"/>
        <vehicle id="7" x="497.42" y="401.65" angle="-90.00" type="DEFAULT_VEHTYPE" speed="13.20" pos="97.83" lane="3/2to2/2_0" slope="0.00"/>
        <vehicle id="8" x="601.65" y="325.40" angle="180.00" type="DEFAULT_VEHTYPE" speed="12.92" pos="120.65" lane="3/1to3/2_0" slope="0.00"/>
        <vehicle id="9" x="401.65" y="758.65" angle="180.00" type="DEFAULT_VEHTYPE" speed="13.87" pos="153.90" lane="2/3to2/4_0" slope="0.00"/>
    </timestep>
    <timestep time="620.00">
        <vehicle id="0" x="128.03" y="198.35" angle="90.00" type="DEFAULT_VEHTYPE" speed="13.63" pos="128.03" lane="0/1to1/1_0" slope="0.00"/>
        <vehicle id="1" x="198.35" y="219.13" angle="0.00" type="DEFAULT_VEHTYPE" speed="12.95" pos="176.12" lane="1/2to1/1_0" slope="0.00"/>
        <vehicle id="10" x="389.96" y="401.65" angle="-90.00" type="DEFAULT_VEHTYPE" speed="8.37" pos="5.29" lane="2/2to1/2_0" slope="0.00"/>
        <vehicle id="11" x="601.65" y="206.99" angle="-168.04" type="DEFAULT_VEHTYPE" speed="7.45" pos="2.24" lane="3/1to3/2_0" slope="0.00"/>
        <vehicle id="12" x="601.65" y="389.86" angle="180.00" type="DEFAULT_VEHTYPE" speed="4.81" pos="185.11" lane="3/1to3/2_0" slope="0.00"/>
        <vehicle id="13" x="516.67" y="401.65" angle="-90.00" type="DEFAULT_VEHTYPE" speed="13.85" pos="78.58" lane="3/2to2/2_0" slope="0.00"/>
        <vehicle id="14" x="398.35" y="195.41" angle="0.00" type="DEFAULT_VEHTYPE" speed="13.17" pos="9.34" lane=":2/1_1_0" slope="0.00"/>
        <vehicle id="4" x="750.51" y="198.35" angle="90.00" type="DEFAULT_VEHTYPE" speed="13.57" pos="145.76" lane="3/1to4/1_0" slope="0.00"/>
        <vehicle id="5" x="563.69" y="401.65" angle="-90.00" type="DEFAULT_VEHTYPE" speed="12.69" pos="31.56" lane="3/2to2/2_0" slope="0.00"/>
        <vehicle id="7" x="484.77" y="401.65" angle="-90.00" type="DEFAULT_VEHTYPE" speed="12.65" pos="110.48" lane="3/2to2/2_0" slope="0.00"/>
        <vehicle id="8" x="601.65" y="338.28" angle="180.00" type="DEFAULT_VEHTYPE" speed="12.88" pos="133.53" lane="3/1to3/2_0" slope="0.00"/>
        <vehicle id="9" x="401.65" y="771.95" angle="180.00" type="DEFAULT_VEHTYPE" speed="13.30" pos="167.20" lane="2/3to2/4_0" slope="0.00"/>
    </timestep>
    <timestep time="621.00">
        <vehicle id="0" x="140.70" y="198.35" angle="90.00" type="DEFAULT_VEHTYPE" speed="12.67" pos="140.70" lane="0/1to1/1_0" slope="0.00"/>
        <vehicle id="1" x="198.35" y="205.95" angle="0.00" type="DEFAULT_VEHTYPE" speed="13.18" pos="189.30" lane="1/2to1/1_0" slope="0.00"/>
        <vehicle id="10" x="379.26" y="401.65" angle="-90.00" type="DEFAULT_VEHTYPE" speed="10.70" pos="15.99" lane="2/2to1/2_0" slope="0.00"/>
        <vehicle id="11" x="601.65" y="216.55" angle="180.00" type="DEFAULT_VEHTYPE" speed="9.56" pos="11.80" lane="3/1to3/2_0" slope="0.00"/>
        <vehicle id="12" x="601.52" y="396.13" angle="-178.56" type="DEFAULT_VEHTYPE" speed="6.28" pos="0.89" lane=":3/2_10_0" slope="0.00"/>
        <vehicle id="13" x="503.79" y="401.65" angle="-90.00" type="DEFAULT_VEHTYPE" speed="12.88" pos="91.46" lane="3/2to2/2_0" slope="0.00"/>
        <vehicle id="14" x="398.35" y="182.11" angle="0.00" type="DEFAULT_VEHTYPE" speed="13.30" pos="13.14" lane="2/1to2/0_0" slope="0.00"/>
        <vehicle id="4" x="763.62" y="198.35" angle="90.00" type="DEFAULT_VEHTYPE" speed="13.11" pos="158.87" lane="3/1to4/1_0" slope="0.00"/>
        <vehicle id="5" x="550.43" y="401.65" angle="-90.00" type="DEFAULT_VEHTYPE" speed="13.26" pos="44.82" lane="3/2to2/2_0" slope="0.00"/>
        <vehicle id="7" x="471.12" y="401.65" angle="-90.00" type="DEFAULT_VEHTYPE" speed="13.65" pos="124.13" lane="3/2to2/2_0" slope="0.00"/>
        <vehicle id="8" x="601.65" y="351.66" angle="180.00" type="DEFAULT_VEHTYPE" speed="13.38" pos="146.91" lane="3/1to3/2_0" slope="0.00"/>
        <vehicle id="9" x="401.65" y="784.72" angle="180.00" type="DEFAULT_VEHTYPE" speed="12.77" pos="179.97" lane="2/3to2/4_0" slope="0.00"/>
    </timestep>
    <timestep time="622.00">
        <vehicle id="0" x="153.96" y="198.35" angle="90.00" type="DEFAULT_VEHTYPE" speed="13.25" pos="153.96" lane="0/1to1/1_0" slope="0.00"/>
        <vehicle id="1" x="188.05" y="201.65" angle="-90.00" type="DEFAULT_VEHTYPE" speed="13.40" pos="7.20" lane="1/1to0/1_0" slope="0.00"/>
        <vehicle id="10" x="366.03" y="401.65" angle="-90.00" type="DEFAULT_VEHTYPE" speed="13.23" pos="29.22" lane="2/2to1/2_0" slope="0.00"/>
        <vehicle id="11" x="601.65" y="228.01" angle="180.00" type="DEFAULT_VEHTYPE" speed="11.46" pos="23.26" lane="3/1to3/2_0" slope="0.00"/>
        <vehicle id="12" x="596.57" y="401.46" angle="-120.68" type="DEFAULT_VEHTYPE" speed="8.09" pos="1.84" lane=":3/2_18_0" slope="0.00"/>
        <vehicle id="13" x="490.20" y="401.65" angle="-90.00" type="DEFAULT_VEHTYPE" speed="13.59" pos="105.05" lane="3/2to2/2_0" slope="0.00"/>
        <vehicle id="14" x="398.35" y="169.34" angle="0.00" type="DEFAULT_VEHTYPE" speed="12.77" pos="25.91" lane="2/1to2/0_0" slope="0.00"/>
        <vehicle id="4" x="776.63" y="198.35" angle="90.00" type="DEFAULT_VEHTYPE" speed="13.00" pos="171.88" lane="3/1to4/1_0" slope="0.00"/>
        <vehicle id="5" x="537.20" y="401.65" angle="-90.00" type="DEFAULT_VEHTYPE" speed="13.22" pos="58.05" lane="3/2to2/2_0" slope="0.00"/>
        <vehicle id="7" x="458.34" y="401.65" angle="-90.00" type="DEFAULT_VEHTYPE" speed="12.77" pos="136.91" lane="3/2to2/2_0" slope="0.00"/>
        <vehicle id="8" x="601.65" y="364.98" angle="180.00" type="DEFAULT_VEHTYPE" speed="13.31" pos="160.23" lane="3/1to3/2_0" slope="0.00"/>
        <vehicle id="9" x="401.65" y="797.67" angle="180.00" type="DEFAULT_VEHTYPE" speed="12.94" pos="192.92" lane="2/3to2/4_0" slope="0.00"/>
    </timestep>
    <timestep time="623.00">
        <vehicle id="0" x="167.61" y="198.35" angle="90.00" type="DEFAULT_VEHTYPE" speed="13.65" pos="167.61" lane="0/1to1/1_0" slope="0.00"/>
        <vehicle id="1" x="175.14" y="201.65" angle="-90.00" type="DEFAULT_VEHTYPE" speed="12.91" pos="20.11" lane="1/1to0/1_0" slope="0.00"/>
        <vehicle id="10" x="352.89" y="401.65" angle="-90.00" type="DEFAULT_VEHTYPE" speed="13.14" pos="42.36" lane="2/2to1/2_0" slope="0.00"/>
        <vehicle id="11" x="601.65" y="241.60" angle="180.00" type="DEFAULT_VEHTYPE" speed="13.59" pos="36.85" lane="3/1to3/2_0" slope="0.00"/>
        <vehicle id="12" x="587.13" y="401.65" angle="-90.00" type="DEFAULT_VEHTYPE" speed="9.46" pos="8.12" lane="3/2to2/2_0" slope="0.00"/>
        <vehicle id="13" x="476.47" y="401.65" angle="-90.00" type="DEFAULT_VEHTYPE" speed="13.73" pos="118.78" lane="3/2to2/2_0" slope="0.00"/>
        <vehicle id="14" x="398.35" y="155.49" angle="0.00" type="DEFAULT_VEHTYPE" speed="13.84" pos="39.76" lane="2/1to2/0_0" slope="0.00"/>
        <vehicle id="4" x="790.20" y="198.35" angle="90.00" type="DEFAULT_VEHTYPE" speed="13.58" pos="185.45" lane="3/1to4/1_0" slope="0.00"/>
        <vehicle id="5" x="523.61" y="401.65" angle="-90.00" type="DEFAULT_VEHTYPE" speed="13.59" pos="71.64" lane="3/2to2/2_0" slope="0.00"/>
        <vehicle id="7" x="444.57" y="401.65" angle="-90.00" type="DEFAULT_VEHTYPE" speed="13.77" pos="150.68" lane="3/2to2/2_0" slope="0.00"/>
        <vehicle id="8" x="601.65" y="375.95" angle="180.00" type="DEFAULT_VEHTYPE" speed="10.97" pos="171.20" lane="3/1to3/2_0" slope="0.00"/>
        <vehicle id="9" x="398.35" y="793.42" angle="0.00" type="DEFAULT_VEHTYPE" speed="13.73" pos="6.58" lane="2/4to2/3_0" slope="0.00"/>
    </timestep>
    <timestep time="624.00">
        <vehicle id="0" x="177.74" y="198.35" angle="90.00" type="DEFAULT_VEHTYPE" speed="10.14" pos="177.74" lane="0/1to1/1_0" slope="0.00"/>
        <vehicle id="1" x="161.60" y="201.65" angle="-90.00" type="DEFAULT_VEHTYPE" speed="13.53" pos="33.65" lane="1/1to0/1_0" slope="0.00"/>
        <vehicle id="10" x="339.30" y="401.65" angle="-90.00" type="DEFAULT_VEHTYPE" speed="13.59" pos="55.95" lane="2/2to1/2_0" slope="0.00"/>
        <vehicle id="11" x="601.65" y="254.36" angle="180.00" type="DEFAULT_VEHTYPE" speed="12.76" pos="49.61" lane="3/1to3/2_0" slope="0.00"/>
        <vehicle id="12" x="575.26" y="401.65" angle="-90.00" type="DEFAULT_VEHTYPE" speed="11.86" pos="19.99" lane="3/2to2/2_0" slope="0.00"/>
        <vehicle id="13" x="463.12" y="401.65" angle="-90.00" type="DEFAULT_VEHTYPE" speed="13.35" pos="132.13" lane="3/2to2/2_0" slope="0.00"/>
        <vehicle id="14" x="398.35" y="142.84" angle="0.00" type="DEFAULT_VEHTYPE" speed="12.65" pos="52.41" lane="2/1to2/0_0" slope="0.00"/>
        <vehicle id="4" x="800.68" y="201.20" angle="149.61" type="DEFAULT_VEHTYPE" speed="13.80" pos="4.01" lane=":4/1_0_0" slope="0.00"/>
        <vehicle id="5" x="509.87" y="401.65" angle="-90.00" type="DEFAULT_VEHTYPE" speed="13.74" pos="85.38" lane="3/2to2/2_0" slope="0.00"/>
        <vehicle id="7" x="430.81" y="401.65" angle="-90.00" type="DEFAULT_VEHTYPE" speed="13.76" pos="164.44" lane="3/2to2/2_0" slope="0.00"/>
        <vehicle id="8" x="601.65" y="384.32" angle="180.00" type="DEFAULT_VEHTYPE" speed="8.38" pos="179.57" lane="3/1to3/2_0" slope="0.00"/>
        <vehicle id="9" x="398.35" y="780.78" angle="0.00" type="DEFAULT_VEHTYPE" speed="12.64" pos="19.22" lane="2/4to2/3_0" slope="0.00"/>
    </timestep>
    <timestep time="625.00">
        <vehicle id="0" x="185.39" y="198.35" angle="90.00" type="DEFAULT_VEHTYPE" speed="7.64" pos="185.39" lane="0/1to1/1_0" slope="0.00"/>
        <vehicle id="1" x="148.84" y="201.65" angle="-90.00" type="DEFAULT_VEHTYPE" speed="12.77" pos="46.41" lane="1/1to0/1_0" slope="0.00"/>
        <vehicle id="10" x="326.33" y="401.65" angle="-90.00" type="DEFAULT_VEHTYPE" speed="12.97" pos="68.92" lane="2/2to1/2_0" slope="0.00"/>
        <vehicle id="11" x="601.65" y="267.58" angle="180.00" type="DEFAULT_VEHTYPE" speed="13.22" pos="62.83" lane="3/1to3/2_0" slope="0.00"/>
        <vehicle id="12" x="562.57" y="401.65" angle="-90.00" type="DEFAULT_VEHTYPE" speed="12.69" pos="32.68" lane="3/2to2/2_0" slope="0.00"/>
        <vehicle id="13" x="449.63" y="401.65" angle="-90.00" type="DEFAULT_VEHTYPE" speed="13.49" pos="145.62" lane="3/2to2/2_0" slope="0.00"/>
        <vehicle id="14" x="398.35" y="130.20" angle="0.00" type="DEFAULT_VEHTYPE" speed="12.64" pos="65.05" lane="2/1to2/0_0" slope="0.00"/>
        <vehicle id="4" x="787.96" y="201.65" angle="-90.00" type="DEFAULT_VEHTYPE" speed="12.86" pos="12.04" lane="4/1to3/1_0" slope="0.00"/>
        <vehicle id="5" x="496.28" y="401.65" angle="-90.00" type="DEFAULT_VEHTYPE" speed="13.59" pos="98.97" lane="3/2to2/2_0" slope="0.00"/>
        <vehicle id="7" x="420.69" y="401.65" angle="-90.00" type="DEFAULT_VEHTYPE" speed="10.11" pos="174.56" lane="3/2to2/2_0" slope="0.00"/>
        <vehicle id="8" x="601.65" y="388.73" angle="180.00" type="DEFAULT_VEHTYPE" speed="4.40" pos="183.98" lane="3/1to3/2_0" slope="0.00"/>
        <vehicle id="9" x="398.35" y="767.43" angle="0.00" type="DEFAULT_VEHTYPE" speed="13.35" pos="32.57" lane="2/4to2/3_0" slope="0.00"/>
    </timestep>
    <timestep time="626.00">
        <vehicle id="0" x="189.67" y="198.35" angle="90.00" type="DEFAULT_VEHTYPE" speed="4.29" pos="189.67" lane="0/1to1/1_0" slope="0.00"/>
        <vehicle id="1" x="135.74" y="201.65" angle="-90.00" type="DEFAULT_VEHTYPE" speed="13.09" pos="59.51" lane="1/1to0/1_0" slope="0.00"/>
        <vehicle id="10" x="313.15" y="401.65" angle="-90.00" type="DEFAULT_VEHTYPE" speed="13.18" pos="82.10" lane="2/2to1/2_0" slope="0.00"/>
        <vehicle id="11" x="601.65" y="281.01" angle="180.00" type="DEFAULT_VEHTYPE" speed="13.43" pos="76.26" lane="3/1to3/2_0" slope="0.00"/>
        <vehicle id="12" x="548.78" y="401.65" angle="-90.00" type="DEFAULT_VEHTYPE" speed="13.79" pos="46.47" lane="3/2to2/2_0" slope="0.00"/>
        <vehicle id="13" x="436.85" y="401.65" angle="-90.00" type="DEFAULT_VEHTYPE" speed="12.78" pos="158.40" lane="3/2to2/2_0" slope="0.00"/>
        <vehicle id="14" x="398.35" y="116.63" angle="0.00" type="DEFAULT_VEHTYPE" speed="13.58" pos="78.62" lane="2/1to2/0_0" slope="0.00"/>
        <vehicle id="4" x="774.15" y="201.65" angle="-90.00" type="DEFAULT_VEHTYPE" speed="13.80" pos="25.85" lane="4/1to3/1_0" slope="0.00"/>
        <vehicle id="5" x="482.80" y="401.65" angle="-90.00" type="DEFAULT_VEHTYPE" speed="13.47" pos="112.45" lane="3/2to2/2_0" slope="0.00"/>
        <vehicle id="7" x="414.07" y="401.65" angle="-90.00" type="DEFAULT_VEHTYPE" speed="6.62" pos="181.18" lane="3/2to2/2_0" slope="0.00"/>
        <vehicle id="8" x="601.65" y="394.92" angle="180.00" type="DEFAULT_VEHTYPE" speed="6.19" pos="190.17" lane="3/1to3/2_0" slope="0.00"/>
        <vehicle id="9" x="398.35" y="754.20" angle="0.00" type="DEFAULT_VEHTYPE" speed="13.23" pos="45.80" lane="2/4to2/3_0" slope="0.00"/>
    </timestep>
    <timestep time="627.00">
        <vehicle id="0" x="196.23" y="198.21" angle="88.43" type="DEFAULT_VEHTYPE" speed="6.57" pos="0.99" lane=":1/1_12_0" slope="0.00"/>
        <vehicle id="1" x="122.15" y="201.65" angle="-90.00" type="DEFAULT_VEHTYPE" speed="13.59" pos="73.10" lane="1/1to0/1_0" slope="0.00"/>
        <vehicle id="10" x="300.46" y="401.65" angle="-90.00" type="DEFAULT_VEHTYPE" speed="12.69" pos="94.79" lane="2/2to1/2_0" slope="0.00"/>
        <vehicle id="11" x="601.65" y="293.66" angle="180.00" type="DEFAULT_VEHTYPE" speed="12.64" pos="88.91" lane="3/1to3/2_0" slope="0.00"/>
        <vehicle id="12" x="535.69" y="401.65" angle="-90.00" type="DEFAULT_VEHTYPE" speed="13.09" pos="59.56" lane="3/2to2/2_0" slope="0.00"/>
        <vehicle id="13" x="427.25" y="401.65" angle="-90.00" type="DEFAULT_VEHTYPE" speed="9.60" pos="168.00" lane="3/2to2/2_0" slope="0.00"/>
        <vehicle id="14" x="398.35" y="103.68" angle="0.00" type="DEFAULT_VEHTYPE" speed="12.94" pos="91.57" lane="2/1to2/0_0" slope="0.00"/>
        <vehicle id="4" x="761.20" y="201.65" angle="-90.00" type="DEFAULT_VEHTYPE" speed="12.95" pos="38.80" lane="4/1to3/1_0" slope="0.00"/>
        <vehicle id="5" x="469.96" y="401.65" angle="-90.00" type="DEFAULT_VEHTYPE" speed="12.85" pos="125.29" lane="3/2to2/2_0" slope="0.00"/>
        <vehicle id="7" x="410.63" y="401.65" angle="-90.00" type="DEFAULT_VEHTYPE" speed="3.45" pos="184.62" lane="3/2to2/2_0" slope="0.00"/>
        <vehicle id="8" x="597.96" y="401.26" angle="-136.08" type="DEFAULT_VEHTYPE" speed="7.92" pos="0.44" lane=":3/2_18_0" slope="0.00"/>
        <vehicle id="9" x="398.35" y="741.00" angle="0.00" type="DEFAULT_VEHTYPE" speed="13.20" pos="59.00" lane="2/4to2/3_0" slope="0.00"/>
    </timestep>
    <timestep time="628.00">
        <vehicle id="0" x="198.35" y="190.25" angle="0.01" type="DEFAULT_VEHTYPE" speed="9.01" pos="5.00" lane="1/1to1/0_0" slope="0.00"/>
        <vehicle id="1" x="108.54" y="201.65" angle="-90.00" type="DEFAULT_VEHTYPE" speed="13.62" pos="86.71" lane="1/1to0/1_0" slope="0.00"/>
        <vehicle id="10" x="286.85" y="401.65" angle="-90.00" type="DEFAULT_VEHTYPE" speed="13.61" pos="108.40" lane="2/2to1/2_0" slope="0.00"/>
        <vehicle id="11" x="601.65" y="307.24" angle="180.00" type="DEFAULT_VEHTYPE" speed="13.59" pos="102.49" lane="3/1to3/2_0" slope="0.00"/>
        <vehicle id="12" x="522.98" y="401.65" angle="-90.00" type="DEFAULT_VEHTYPE" speed="12.72" pos="72.27" lane="3/2to2/2_0" slope="0.00"/>
        <vehicle id="13" x="422.15" y="401.65" angle="-90.00" type="DEFAULT_VEHTYPE" speed="5.10" pos="173.10" lane="3/2to2/2_0" slope="0.00"/>
        <vehicle id="14" x="398.35" y="90.11" angle="0.00" type="DEFAULT_VEHTYPE" speed="13.57" pos="105.14" lane="2/1to2/0_0" slope="0.00"/>
        <vehicle id="4" x="748.57" y="201.65" angle="-90.00" type="DEFAULT_VEHTYPE" speed="12.63" pos="51.43" lane="4/1to3/1_0" slope="0.00"/>
        <vehicle id="5" x="456.84" y="401.65" angle="-90.00" type="DEFAULT_VEHTYPE" speed="13.12" pos="138.41" lane="3/2to2/2_0" slope="0.00"/>
        <vehicle id="7" x="405.88" y="401.65" angle="-90.00" type="DEFAULT_VEHTYPE" speed="4.75" pos="189.37" lane="3/2to2/2_0" slope="0.00"/>
        <vehicle id="8" x="587.55" y="401.65" angle="-90.00" type="DEFAULT_VEHTYPE" speed="10.44" pos="7.70" lane="3/2to2/2_0" slope="0.00"/>
        <vehicle id="9" x="398.35" y="727.81" angle="0.00" type="DEFAULT_VEHTYPE" speed="13.19" pos="72.19" lane="2/4to2/3_0" slope="0.00"/>
    </timestep>
    <timestep time="629.00">
        <vehicle id="0" x="198.35" y="178.68" angle="0.00" type="DEFAULT_VEHTYPE" speed="11.57" pos="16.57" lane="1/1to1/0_0" slope="0.00"/>
        <vehicle id="1" x="95.88" y="201.65" angle="-90.00" type="DEFAULT_VEHTYPE" speed="12.65" pos="99.37" lane="1/1to0/1_0" slope="0.00"/>
        <vehicle id="10" x="273.70" y="401.65" angle="-90.00" type="DEFAULT_VEHTYPE" speed="13.15" pos="121.55" lane="2/2to1/2_0" slope="0.00"/>
        <vehicle id="11" x="601.65" y="320.28" angle="180.00" type="DEFAULT_VEHTYPE" speed="13.03" pos="115.53" lane="3/1to3/2_0" slope="0.00"/>
        <vehicle id="12" x="509.75" y="401.65" angle="-90.00" type="DEFAULT_VEHTYPE" speed="13.22" pos="85.50" lane="3/2to2/2_0" slope="0.00"/>
        <vehicle id="13" x="415.56" y="401.65" angle="-90.00" type="DEFAULT_VEHTYPE" speed="6.59" pos="179.69" lane="3/2to2/2_0" slope="0.00"/>
        <vehicle id="14" x="398.35" y="77.25" angle="0.00" type="DEFAULT_VEHTYPE" speed="12.86" pos="118.00" lane="2/1to2/0_0" slope="0.00"/>
        <vehicle id="4" x="735.23" y="201.65" angle="-90.00" type="DEFAULT_VEHTYPE" speed="13.34" pos="64.77" lane="4/1to3/1_0" slope="0.00"/>
        <vehicle id="5" x="444.52" y="401.65" angle="-90.00" type="DEFAULT_VEHTYPE" speed="12.32" pos="150.73" lane="3/2to2/2_0" slope="0.00"/>
        <vehicle id="7" x="399.66" y="399.57" angle="-65.66" type="DEFAULT_VEHTYPE" speed="6.85" pos="5.72" lane=":2/2_6_0" slope="0.00"/>
        <vehicle id="8" x="574.66" y="401.65" angle="-90.00" type="DEFAULT_VEHTYPE" speed="12.89" pos="20.59" lane="3/2to2/2_0" slope="0.00"/>
        <vehicle id="9" x="398.35" y="714.68" angle="0.00" type="DEFAULT_VEHTYPE" speed="13.13" pos="85.32" lane="2/4to2/3_0" slope="0.00"/>
    </timestep>
    <timestep time="630.00">
        <vehicle id="0" x="198.35" y="165.47" angle="0.00" type="DEFAULT_VEHTYPE" speed="13.21" pos="29.78" lane="1/1to1/0_0" slope="0.00"/>
        <vehicle id="1" x="83.05" y="201.65" angle="-90.00" type="DEFAULT_VEHTYPE" speed="12.83" pos="112.20" lane="1/1to0/1_0" slope="0.00"/>
        <vehicle id="10" x="260.21" y="401.65" angle="-90.00" type="DEFAULT_VEHTYPE" speed="13.49" pos="135.04" lane="2/2to1/2_0" slope="0.00"/>
        <vehicle id="11" x="601.65" y="334.01" angle="180.00" type="DEFAULT_VEHTYPE" speed="13.73" pos="129.26" lane="3/1to3/2_0" slope="0.00"/>
        <vehicle id="12" x="496.96" y="401.65" angle="-90.00" type="DEFAULT_VEHTYPE" speed="12.80" pos="98.29" lane="3/2to2/2_0" slope="0.00"/>
        <vehicle id="13" x="411.30" y="401.65" angle="-90.00" type="DEFAULT_VEHTYPE" speed="4.27" pos="183.95" lane="3/2to2/2_0" slope="0.00"/>
        <vehicle id="14" x="398.35" y="63.47" angle="0.00" type="DEFAULT_VEHTYPE" speed="13.78" pos="131.78" lane="2/1to2/0_0" slope="0.00"/>
        <vehicle id="4" x="721.62" y="201.65" angle="-90.00" type="DEFAULT_VEHTYPE" speed="13.61" pos="78.38" lane="4/1to3/1_0" slope="0.00"/>
        <vehicle id="5" x="432.77" y="401.65" angle="-90.00" type="DEFAULT_VEHTYPE" speed="11.75" pos="162.48" lane="3/2to2/2_0" slope="0.00"/>
        <vehicle id="7" x="398.35" y="391.08" angle="-1.35" type="DEFAULT_VEHTYPE" speed="8.77" pos="4.17" lane="2/2to2/1_0" slope="0.00"/>
        <vehicle id="8" x="561.45" y="401.65" angle="-90.00" type="DEFAULT_VEHTYPE" speed="13.22" pos="33.80" lane="3/2to2/2_0" slope="0.00"/>
        <vehicle id="9" x="398.35" y="701.76" angle="0.00" type="DEFAULT_VEHTYPE" speed="12.92" pos="98.24" lane="2/4to2/3_0" slope="0.00"/>
    </timestep>
    <timestep time="631.00">
        <vehicle id="0" x="198.35" y="152.73" angle="0.00" type="DEFAULT_VEHTYPE" speed="12.74" pos="42.52" lane="1/1to1/0_0" slope="0.00"/>
        <vehicle id="1" x="70.06" y="201.65" angle="-90.00" type="DEFAULT_VEHTYPE" speed="12.99" pos="125.19" lane="1/1to0/1_0" slope="0.00"/>
        <vehicle id="10" x="246.94" y="401.65" angle="-90.00" type="DEFAULT_VEHTYPE" speed="13.27" pos="148.31" lane="2/2to1/2_0" slope="0.00"/>
        <vehicle id="11" x="601.65" y="347.58" angle="180.00" type="DEFAULT_VEHTYPE" speed="13.58" pos="142.83" lane="3/1to3/2_0" slope="0.00"/>
        <vehicle id="12" x="483.62" y="401.65" angle="-90.00" type="DEFAULT_VEHTYPE" speed="13.34" pos="111.63" lane="3/2to2/2_0" slope="0.00"/>
        <vehicle id="13" x="404.78" y="401.65" angle="-90.00" type="DEFAULT_VEHTYPE" speed="6.51" pos="190.47" lane="3/2to2/2_0" slope="0.00"/>
        <vehicle id="14" x="398.35" y="50.71" angle="0.00" type="DEFAULT_VEHTYPE" speed="12.76" pos="144.54" lane="2/1to2/0_0" slope="0.00"/>
        <vehicle id="4" x="708.62" y="201.65" angle="-90.00" type="DEFAULT_VEHTYPE" speed="13.01" pos="91.38" lane="4/1to3/1_0" slope="0.00"/>
        <vehicle id="5" x="425.52" y="401.65" angle="-90.00" type="DEFAULT_VEHTYPE" speed="7.25" pos="169.73" lane="3/2to2/2_0" slope="0.00"/>
        <vehicle id="7" x="398.35" y="380.41" angle="0.00" type="DEFAULT_VEHTYPE" speed="10.67" pos="14.84" lane="2/2to2/1_0" slope="0.00"/>
        <vehicle id="8" x="547.56" y="401.65" angle="-90.00" type="DEFAULT_VEHTYPE" speed="13.89" pos="47.69" lane="3/2to2/2_0" slope="0.00"/>
        <vehicle id="9" x="398.35" y="688.24" angle="0.00" type="DEFAULT_VEHTYPE" speed="13.52" pos="111.76" lane="2/4to2/3_0" slope="0.00"/>
    </timestep>
    <timestep time="632.00">
        <vehicle id="0" x="198.35" y="138.92" angle="0.00" type="DEFAULT_VEHTYPE" speed="13.82" pos="56.33" lane="1/1to1/0_0" slope="0.00"/>
        <vehicle id="1" x="57.39" y="201.65" angle="-90.00" type="DEFAULT_VEHTYPE" speed="12.68" pos="137.86" lane="1/1to0/1_0" slope="0.00"/>
        <vehicle id="10" x="233.60" y="401.65" angle="-90.00" type="DEFAULT_VEHTYPE" speed="13.34" pos="161.65" lane="2/2to1/2_0" slope="0.00"/>
        <vehicle id="11" x="601.65" y="360.20" angle="180.00" type="DEFAULT_VEHTYPE" speed="12.61" pos="155.45" lane="3/1to3/2_0" slope="0.00"/>
        <vehicle id="12" x="470.46" y="401.65" angle="-90.00" type="DEFAULT_VEHTYPE" speed="13.16" pos="124.79" lane="3/2to2/2_0" slope="0.00"/>
        <vehicle id="13" x="396.74" y="401.65" angle="-90.00" type="DEFAULT_VEHTYPE" speed="8.04" pos="8.01" lane=":2/2_5_0" slope="0.00"/>
        <vehicle id="14" x="398.35" y="37.61" angle="0.00" type="DEFAULT_VEHTYPE" speed="13.09" pos="157.64" lane="2/1to2/0_0" slope="0.00"/>
        <vehicle id="4" x="695.49" y="201.65" angle="-90.00" type="DEFAULT_VEHTYPE" speed="13.13" pos="104.51" lane="4/1to3/1_0" slope="0.00"/>
        <vehicle id="5" x="417.70" y="401.65" angle="-90.00" type="DEFAULT_VEHTYPE" speed="7.82" pos="177.55" lane="3/2to2/2_0" slope="0.00"/>
        <vehicle id="7" x="398.35" y="368.16" angle="0.00" type="DEFAULT_VEHTYPE" speed="12.25" pos="27.09" lane="2/2to2/1_0" slope="0.00"/>
        <vehicle id="8" x="534.69" y="401.65" angle="-90.00" type="DEFAULT_VEHTYPE" speed="12.87" pos="60.56" lane="3/2to2/2_0" slope="0.00"/>
        <vehicle id="9" x="398.35" y="674.44" angle="0.00" type="DEFAULT_VEHTYPE" speed="13.80" pos="125.56" lane="2/4to2/3_0" slope="0.00"/>
    </timestep>
    <timestep time="633.00">
        <vehicle id="0" x="198.35" y="125.66" angle="0.00" type="DEFAULT_VEHTYPE" speed="13.25" pos="69.59" lane="1/1to1/0_0" slope="0.00"/>
        <vehicle id="1" x="43.95" y="201.65" angle="-90.00" type="DEFAULT_VEHTYPE" speed="13.44" pos="151.30" lane="1/1to0/1_0" slope="0.00"/>
        <vehicle id="10" x="223.16" y="401.65" angle="-90.00" type="DEFAULT_VEHTYPE" speed="10.43" pos="172.09" lane="2/2to1/2_0" slope="0.00"/>
        <vehicle id="11" x="601.65" y="372.16" angle="180.00" type="DEFAULT_VEHTYPE" speed="11.97" pos="167.41" lane="3/1to3/2_0" slope="0.00"/>
        <vehicle id="12" x="457.80" y="401.65" angle="-90.00" type="DEFAULT_VEHTYPE" speed="12.66" pos="137.45" lane="3/2to2/2_0" slope="0.00"/>
        <vehicle id="13" x="386.82" y="401.65" angle="-90.00" type="DEFAULT_VEHTYPE" speed="9.92" pos="8.43" lane="2/2to1/2_0" slope="0.00"/>
        <vehicle id="14" x="398.35" y="24.12" angle="0.00" type="DEFAULT_VEHTYPE" speed="13.49" pos="171.13" lane="2/1to2/0_0" slope="0.00"/>
        <vehicle id="4" x="682.32" y="201.65" angle="-90.00" type="DEFAULT_VEHTYPE" speed="13.17" pos="117.68" lane="4/1to3/1_0" slope="0.00"/>
        <vehicle id="5" x="412.38" y="401.65" angle="-90.00" type="DEFAULT_VEHTYPE" speed="5.32" pos="182.87" lane="3/2to2/2_0" slope="0.00"/>
        <vehicle id="7" x="398.35" y="354.26" angle="0.00" type="DEFAULT_VEHTYPE" speed="13.90" pos="40.99" lane="2/2to2/1_0" slope="0.00"/>
        <vehicle id="8" x="521.68" y="401.65" angle="-90.00" type="DEFAULT_VEHTYPE" speed="13.01" pos="73.57" lane="3/2to2/2_0" slope="0.00"/>
        <vehicle id="9" x="398.35" y="661.56" angle="0.00" type="DEFAULT_VEHTYPE" speed="12.88" pos="138.44" lane="2/4to2/3_0" slope="0.00"/>
    </timestep>
    <timestep time="634.00">
        <vehicle id="0" x="198.35" y="111.94" angle="0.00" type="DEFAULT_VEHTYPE" speed="13.73" pos="83.31" lane="1/1to1/0_0" slope="0.00"/>
        <vehicle id="1" x="30.94" y="201.65" angle="-90.00" type="DEFAULT_VEHTYPE" speed="13.01" pos="164.31" lane="1/1to0/1_0" slope="0.00"/>
        <vehicle id="10" x="215.97" y="401.65" angle="-90.00" type="DEFAULT_VEHTYPE" speed="7.20" pos="179.28" lane="2/2to1/2_0" slope="0.00"/>
        <vehicle id="11" x="601.65" y="381.92" angle="180.00" type="DEFAULT_VEHTYPE" speed="9.75" pos="177.17" lane="3/1to3/2_0" slope="0.00"/>
        <vehicle id="12" x="444.00" y="401.65" angle="-90.00" type="DEFAULT_VEHTYPE" speed="13.80" pos="151.25" lane="3/2to2/2_0" slope="0.00"/>
        <vehicle id="13" x="375.36" y="401.65" angle="-90.00" type="DEFAULT_VEHTYPE" speed="11.46" pos="19.89" lane="2/2to1/2_0" slope="0.00"/>
        <vehicle id="14" x="398.35" y="10.98" angle="0.00" type="DEFAULT_VEHTYPE" speed="13.15" pos="184.27" lane="2/1to2/0_0" slope="0.00"/>
        <vehicle id="4" x="668.92" y="201.65" angle="-90.00" type="DEFAULT_VEHTYPE" speed="13.39" pos="131.08" lane="4/1to3/1_0" slope="0.00"/>
        <vehicle id="5" x="409.32" y="401.65" angle="-90.00" type="DEFAULT_VEHTYPE" speed="3.06" pos="185.93" lane="3/2to2/2_0" slope="0.00"/>
        <vehicle id="7" x="398.35" y="341.61" angle="0.00" type="DEFAULT_VEHTYPE" speed="12.64" pos="53.64" lane="2/2to2/1_0" slope="0.00"/>
        <vehicle id="8" x="508.91" y="401.65" angle="-90.00" type="DEFAULT_VEHTYPE" speed="12.76" pos="86.34" lane="3/2to2/2_0" slope="0.00"/>
        <vehicle id="9" x="398.35" y="647.87" angle="0.00" type="DEFAULT_VEHTYPE" speed="13.69" pos="152.13" lane="2/4to2/3_0" slope="0.00"/>
    </timestep>
    <timestep time="635.00">
        <vehicle id="0" x="198.35" y="98.48" angle="0.00" type="DEFAULT_VEHTYPE" speed="13.46" pos="96.77" lane="1/1to1/0_0" slope="0.00"/>
        <vehicle id="1" x="17.94" y="201.65" angle="-90.00" type="DEFAULT_VEHTYPE" speed="13.00" pos="177.31" lane="1/1to0/1_0" slope="0.00"/>
        <vehicle id="10" x="211.08" y="401.65" angle="-90.00" type="DEFAULT_VEHTYPE" speed="4.88" pos="184.17" lane="2/2to1/2_0" slope="0.00"/>
        <vehicle id="11" x="601.65" y="387.96" angle="180.00" type="DEFAULT_VEHTYPE" speed="6.05" pos="183.21" lane="3/1to3/2_0" slope="0.00"/>
        <vehicle id="12" x="432.38" y="401.65" angle="-90.00" type="DEFAULT_VEHTYPE" speed="11.62" pos="162.87" lane="3/2to2/2_0" slope="0.00"/>
        <vehicle id="13" x="361.94" y="401.65" angle="-90.00" type="DEFAULT_VEHTYPE" speed="13.42" pos="33.31" lane="2/2to1/2_0" slope="0.00"/>
        <vehicle id="14" x="399.47" y="-1.39" angle="13.80" type="DEFAULT_VEHTYPE" speed="12.80" pos="1.82" lane=":2/0_0_0" slope="0.00"/>
        <vehicle id="4" x="655.29" y="201.65" angle="-90.00" type="DEFAULT_VEHTYPE" speed="13.63" pos="144.71" lane="4/1to3/1_0" slope="0.00"/>
        <vehicle id="5" x="404.28" y="401.58" angle="-89.22" type="DEFAULT_VEHTYPE" speed="5.05" pos="0.48" lane=":2/2_6_0" slope="0.00"/>
        <vehicle id="7" x="398.35" y="328.13" angle="0.00" type="DEFAULT_VEHTYPE" speed="13.48" pos="67.12" lane="2/2to2/1_0" slope="0.00"/>
        <vehicle id="8" x="495.24" y="401.65" angle="-90.00" type="DEFAULT_VEHTYPE" speed="13.67" pos="100.01" lane="3/2to2/2_0" slope="0.00"/>
        <vehicle id="9" x="398.35" y="634.02" angle="0.00" type="DEFAULT_VEHTYPE" speed="13.85" pos="165.98" lane="2/4to2/3_0" slope="0.00"/>
    </timestep>
    <timestep time="636.00">
        <vehicle id="0" x="198.35" y="85.42" angle="0.00" type="DEFAULT_VEHTYPE" speed="13.07" pos="109.83" lane="1/1to1/0_0" slope="0.00"/>
        <vehicle id="1" x="4.36" y="201.65" angle="-90.00" type="DEFAULT_VEHTYPE" speed="13.58" pos="190.89" lane="1/1to0/1_0" slope="0.00"/>
        <vehicle id="10" x="203.64" y="401.49" angle="-88.18" type="DEFAULT_VEHTYPE" speed="7.46" pos="1.12" lane=":1/2_6_0" slope="0.00"/>
        <vehicle id="11" x="601.65" y="390.88" angle="180.00" type="DEFAULT_VEHTYPE" speed="2.92" pos="186.13" lane="3/1to3/2_0" slope="0.00"/>
        <vehicle id="12" x="421.78" y="401.65" angle="-90.00" type="DEFAULT_VEHTYPE" speed="10.60" pos="173.47" lane="3/2to2/2_0" slope="0.00"/>
        <vehicle id="13" x="348.36" y="401.65" angle="-90.00" type="DEFAULT_VEHTYPE" speed="13.58" pos="46.89" lane="2/2to1/2_0" slope="0.00"/>
        <vehicle id="14" x="401.65" y="10.34" angle="180.00" type="DEFAULT_VEHTYPE" speed="13.33" pos="10.34" lane="2/0to2/1_0" slope="0.00"/>
        <vehicle id="4" x="641.88" y="201.65" angle="-90.00" type="DEFAULT_VEHTYPE" speed="13.41" pos="158.12" lane="4/1to3/1_0" slope="0.00"/>
        <vehicle id="5" x="398.70" y="397.69" angle="-42.34" type="DEFAULT_VEHTYPE" speed="7.37" pos="7.85" lane=":2/2_6_0" slope="0.00"/>
        <vehicle id="7" x="398.35" y="314.44" angle="0.00" type="DEFAULT_VEHTYPE" speed="13.69" pos="80.81" lane="2/2to2/1_0" slope="0.00"/>
        <vehicle id="8" x="481.90" y="401.65" angle="-90.00" type="DEFAULT_VEHTYPE" speed="13.34" pos="113.35" lane="3/2to2/2_0" slope="0.00"/>
        <vehicle id="9" x="398.35" y="620.96" angle="0.00" type="DEFAULT_VEHTYPE" speed="13.07" pos="179.04" lane="2/4to2/3_0" slope="0.00"/>
    </timestep>
    <timestep time="637.00">
        <vehicle id="0" x="198.35" y="71.98" angle="0.00" type="DEFAULT_VEHTYPE" speed="13.44" pos="123.27" lane="1/1to1/0_0" slope="0.00"/>
        <vehicle id="1" x="4.51" y="198.35" angle="86.83" type="DEFAULT_VEHTYPE" speed="13.70" pos="4.51" lane="0/1to1/1_0" slope="0.00"/>
        <vehicle id="10" x="198.35" y="394.71" angle="-14.68" type="DEFAULT_VEHTYPE" speed="9.74" pos="0.54" lane="1/2to1/1_0" slope="0.00"/>
        <vehicle id="11" x="601.65" y="395.11" angle="180.00" type="DEFAULT_VEHTYPE" speed="4.23" pos="190.36" lane="3/1to3/2_0" slope="0.00"/>
        <vehicle id="12" x="414.74" y="401.65" angle="-90.00" type="DEFAULT_VEHTYPE" speed="7.04" pos="180.51" lane="3/2to2/2_0" slope="0.00"/>
        <vehicle id="13" x="334.96" y="401.65" angle="-90.00" type="DEFAULT_VEHTYPE" speed="13.40" pos="60.29" lane="2/2to1/2_0" slope="0.00"/>
        <vehicle id="14" x="401.65" y="23.41" angle="180.00" type="DEFAULT_VEHTYPE" speed="13.07" pos="23.41" lane="2/0to2/1_0" slope="0.00"/>
        <vehicle id="4" x="628.45" y="201.65" angle="-90.00" type="DEFAULT_VEHTYPE" speed="13.43" pos="171.55" lane="4/1to3/1_0" slope="0.00"/>
        <vehicle id="5" x="398.35" y="388.23" angle="0.00" type="DEFAULT_VEHTYPE" speed="9.49" pos="7.02" lane="2/2to2/1_0" slope="0.00"/>
        <vehicle id="7" x="398.35" y="301.16" angle="0.00" type="DEFAULT_VEHTYPE" speed="13.29" pos="94.09" lane="2/2to2/1_0" slope="0.00"/>
        <vehicle id="8" x="468.77" y="401.65" angle="-90.00" type="DEFAULT_VEHTYPE" speed="13.13" pos="126.48" lane="3/2to2/2_0" slope="0.00"/>
        <vehicle id="9" x="398.35" y="607.99" angle="0.00" type="DEFAULT_VEHTYPE" speed="12.96" pos="192.01" lane="2/4to2/3_0" slope="0.00"/>
    </timestep>
    <timestep time="638.00">
        <vehicle id="0" x="198.35" y="58.98" angle="0.00" type="DEFAULT_VEHTYPE" speed="12.99" pos="136.27" lane="1/1to1/0_0" slope="0.00"/>
        <vehicle id="1" x="18.22" y="198.35" angle="90.00" type="DEFAULT_VEHTYPE" speed="13.71" pos="18.22" lane="0/1to1/1_0" slope="0.00"/>
        <vehicle id="10" x="198.35" y="383.53" angle="0.00" type="DEFAULT_VEHTYPE" speed="11.19" pos="11.72" lane="1/2to1/1_0" slope="0.00"/>
        <vehicle id="11" x="598.81" y="400.79" angle="-146.60" type="DEFAULT_VEHTYPE" speed="6.74" pos="6.60" lane=":3/2_10_0" slope="0.00"/>
        <vehicle id="12" x="410.27" y="401.65" angle="-90.00" type="DEFAULT_VEHTYPE" speed="4.47" pos="184.98" lane="3/2to2/2_0" slope="0.00"/>
        <vehicle id="13" x="321.32" y="401.65" angle="-90.00" type="DEFAULT_VEHTYPE" speed="13.65" pos="73.93" lane="2/2to1/2_0" slope="0.00"/>
        <vehicle id="14" x="401.65" y="36.46" angle="180.00" type="DEFAULT_VEHTYPE" speed="13.05" pos="36.46" lane="2/0to2/1_0" slope="0.00"/>
        <vehicle id="4" x="619.38" y="201.65" angle="-90.00" type="DEFAULT_VEHTYPE" speed="9.07" pos="180.62" lane="4/1to3/1_0" slope="0.00"/>
        <vehicle id="5" x="398.35" y="376.88" angle="0.00" type="DEFAULT_VEHTYPE" speed="11.34" pos="18.37" lane="2/2to2/1_0" slope="0.00"/>
        <vehicle id="7" x="398.35" y="287.70" angle="0.00" type="DEFAULT_VEHTYPE" speed="13.46" pos="107.55" lane="2/2to2/1_0" slope="0.00"/>
        <vehicle id="8" x="454.92" y="401.65" angle="-90.00" type="DEFAULT_VEHTYPE" speed="13.86" pos="140.33" lane="3/2to2/2_0" slope="0.00"/>
        <vehicle id="9" x="398.35" y="594.68" angle="0.00" type="DEFAULT_VEHTYPE" speed="13.31" pos="0.57" lane="2/3to2/2_0" slope="0.00"/>
    </timestep>
    <timestep time="639.00">
        <vehicle id="0" x="198.35" y="45.62" angle="0.00" type="DEFAULT_VEHTYPE" speed="13.36" pos="149.63" lane="1/1to1/0_0" slope="0.00"/>
        <vehicle id="1" x="32.09" y="198.35" angle="90.00" type="DEFAULT_VEHTYPE" speed="13.86" pos="32.09" lane="0/1to1/1_0" slope="0.00"/>
        <vehicle id="10" x="198.35" y="370.56" angle="0.00" type="DEFAULT_VEHTYPE" speed="12.97" pos="24.69" lane="1/2to1/1_0" slope="0.00"/>
        <vehicle id="11" x="589.92" y="401.65" angle="-90.00" type="DEFAULT_VEHTYPE" speed="9.05" pos="5.33" lane="3/2to2/2_0" slope="0.00"/>
        <vehicle id="12" x="403.31" y="401.44" angle="-87.64" type="DEFAULT_VEHTYPE" speed="6.97" pos="1.46" lane=":2/2_6_0" slope="0.00"/>
        <vehicle id="13" x="308.06" y="401.65" angle="-90.00" type="DEFAULT_VEHTYPE" speed="13.26" pos="87.19" lane="2/2to1/2_0" slope="0.00"/>
        <vehicle id="14" x="401.65" y="49.81" angle="180.00" type="DEFAULT_VEHTYPE" speed="13.35" pos="49.81" lane="2/0to2/1_0" slope="0.00"/>
        <vehicle id="4" x="613.71" y="201.65" angle="-90.00" type="DEFAULT_VEHTYPE" speed="5.67" pos="186.29" lane="4/1to3/1_0" slope="0.00"/>
        <vehicle id="5" x="398.35" y="364.18" angle="0.00" type="DEFAULT_VEHTYPE" speed="12.70" pos="31.07" lane="2/2to2/1_0" slope="0.00"/>
        <vehicle id="7" x="398.35" y="275.09" angle="0.00" type="DEFAULT_VEHTYPE" speed="12.61" pos="120.16" lane="2/2to2/1_0" slope="0.00"/>
        <vehicle id="8" x="441.52" y="401.65" angle="-90.00" type="DEFAULT_VEHTYPE" speed="13.40" pos="153.73" lane="3/2to2/2_0" slope="0.00"/>
        <vehicle id="9" x="398.35" y="581.90" angle="0.00" type="DEFAULT_VEHTYPE" speed="12.78" pos="13.35" lane="2/3to2/2_0" slope="0.00"/>
    </timestep>
    <timestep time="640.00">
        <vehicle id="0" x="198.35" y="31.97" angle="0.00" type="DEFAULT_VEHTYPE" speed="13.65" pos="163.28" lane="1/1to1/0_0" slope="0.00"/>
        <vehicle id="1" x="45.46" y="198.35" angle="90.00" type="DEFAULT_VEHTYPE" speed="13.37" pos="45.46" lane="0/1to1/1_0" slope="0.00"/>
        <vehicle id="10" x="198.35" y="357.44" angle="0.00" type="DEFAULT_VEHTYPE" speed="13.12" pos="37.81" lane="1/2to1/1_0" slope="0.00"/>
        <vehicle id="11" x="579.13" y="401.65" angle="-90.00" type="DEFAULT_VEHTYPE" speed="10.79" pos="16.12" lane="3/2to2/2_0" slope="0.00"/>
        <vehicle id="12" x="398.38" y="395.48" angle="-19.47" type="DEFAULT_VEHTYPE" speed="8.63" pos="10.09" lane=":2/2_6_0" slope="0.00"/>
        <vehicle id="13" x="294.59" y="401.65" angle="-90.00" type="DEFAULT_VEHTYPE" speed="13.47" pos="100.66" lane="2/2to1/2_0" slope="0.00"/>
        <vehicle id="14" x="401.65" y="63.41" angle="180.00" type="DEFAULT_VEHTYPE" speed="13.61" pos="63.41" lane="2/0to2/1_0" slope="0.00"/>
        <vehicle id="4" x="610.29" y="201.65" angle="-90.00" type="DEFAULT_VEHTYPE" speed="3.42" pos="189.71" lane="4/1to3/1_0" slope="0.00"/>
        <vehicle id="5" x="398.35" y="350.46" angle="0.00" type="DEFAULT_VEHTYPE" speed="13.72" pos="44.79" lane="2/2to2/1_0" slope="0.00"/>
        <vehicle id="7" x="398.35" y="262.16" angle="0.00" type="DEFAULT_VEHTYPE" speed="12.92" pos="133.09" lane="2/2to2/1_0" slope="0.00"/>
        <vehicle id="8" x="428.62" y="401.65" angle="-90.00" type="DEFAULT_VEHTYPE" speed="12.90" pos="166.63" lane="3/2to2/2_0" slope="0.00"/>
        <vehicle id="9" x="398.35" y="568.25" angle="0.00" type="DEFAULT_VEHTYPE" speed="13.65" pos="27.00" lane="2/3to2/2_0" slope="0.00"/>
    </timestep>
    <timestep time="641.00">
        <vehicle id="0" x="198.35" y="18.88" angle="0.00" type="DEFAULT_VEHTYPE" speed="13.10" pos="176.37" lane="1/1to1/0_0" slope="0.00"/>
        <vehicle id="1" x="59.26" y="198.35" angle="90.00" type="DEFAULT_VEHTYPE" speed="13.81" pos="59.26" lane="0/1to1/1_0" slope="0.00"/>
        <vehicle id="10" x="198.35" y="343.90" angle="0.00" type="DEFAULT_VEHTYPE" speed="13.54" pos="51.35" lane="1/2to1/1_0" slope="0.00"/>
        <vehicle id="11" x="566.61" y="401.65" angle="-90.00" type="DEFAULT_VEHTYPE" speed="12.52" pos="28.64" lane="3/2to2/2_0" slope="0.00"/>
        <vehicle id="12" x="398.35" y="385.42" angle="0.00" type="DEFAULT_VEHTYPE" speed="10.06" pos="9.83" lane="2/2to2/1_0" slope="0.00"/>
        <vehicle id="13" x="281.55" y="401.65" angle="-90.00" type="DEFAULT_VEHTYPE" speed="13.04" pos="113.70" lane="2/2to1/2_0" slope="0.00"/>
        <vehicle id="14" x="401.65" y="77.11" angle="180.00" type="DEFAULT_VEHTYPE" speed="13.69" pos="77.11" lane="2/0to2/1_0" slope="0.00"/>
        <vehicle id="4" x="604.92" y="201.65" angle="-90.00" type="DEFAULT_VEHTYPE" speed="5.37" pos="195.08" lane="4/1to3/1_0" slope="0.00"/>
        <vehicle id="5" x="398.35" y="337.43" angle="0.00" type="DEFAULT_VEHTYPE" speed="13.03" pos="57.82" lane="2/2to2/1_0" slope="0.00"/>
        <vehicle id="7" x="398.35" y="248.66" angle="0.00" type="DEFAULT_VEHTYPE" speed="13.50" pos="146.59" lane="2/2to2/1_0" slope="0.00"/>
        <vehicle id="8" x="419.04" y="401.65" angle="-90.00" type="DEFAULT_VEHTYPE" speed="9.58" pos="176.21" lane="3/2to2/2_0" slope="0.00"/>
        <vehicle id="9" x="398.35" y="555.45" angle="0.00" type="DEFAULT_VEHTYPE" speed="12.80" pos="39.80" lane="2/3to2/2_0" slope="0.00"/>
    </timestep>
    <timestep time="642.00">
        <vehicle id="0" x="198.35" y="5.43" angle="0.00" type="DEFAULT_VEHTYPE" speed="13.45" pos="189.82" lane="1/1to1/0_0" slope="0.00"/>
        <vehicle id="1" x="72.93" y="198.35" angle="90.00" type="DEFAULT_VEHTYPE" speed="13.67" pos="72.93" lane="0/1to1/1_0" slope="0.00"/>
        <vehicle id="10" x="198.35" y="330.38" angle="0.00" type="DEFAULT_VEHTYPE" speed="13.51" pos="64.87" lane="1/2to1/1_0" slope="0.00"/>
        <vehicle id="11" x="552.81" y="401.65" angle="-90.00" type="DEFAULT_VEHTYPE" speed="13.80" pos="42.44" lane="3/2to2/2_0" slope="0.00"/>
        <vehicle id="12" x="398.35" y="373.32" angle="0.00" type="DEFAULT_VEHTYPE" speed="12.10" pos="21.93" lane="2/2to2/1_0" slope="0.00"/>
        <vehicle id="13" x="268.79" y="401.65" angle="-90.00" type="DEFAULT_VEHTYPE" speed="12.76" pos="126.46" lane="2/2to1/2_0" slope="0.00"/>
        <vehicle id="14" x="401.65" y="89.76" angle="180.00" type="DEFAULT_VEHTYPE" speed="12.65" pos="89.76" lane="2/0to2/1_0" slope="0.00"/>
        <vehicle id="4" x="601.65" y="206.63" angle="-163.92" type="DEFAULT_VEHTYPE" speed="7.05" pos="1.88" lane="3/1to3/2_0" slope="0.00"/>
        <vehicle id="5" x="398.35" y="324.82" angle="0.00" type="DEFAULT_VEHTYPE" speed="12.61" pos="70.43" lane="2/2to2/1_0" slope="0.00"/>
        <vehicle id="7" x="398.35" y="235.99" angle="0.00" type="DEFAULT_VEHTYPE" speed="12.67" pos="159.26" lane="2/2to2/1_0" slope="0.00"/>
        <vehicle id="8" x="412.88" y="401.65" angle="-90.00" type="DEFAULT_VEHTYPE" speed="6.16" pos="182.37" lane="3/2to2/2_0" slope="0.00"/>
        <vehicle id="9" x="398.35" y="541.94" angle="0.00" type="DEFAULT_VEHTYPE" speed="13.51" pos="53.31" lane="2/3to2/2_0" slope="0.00"/>
    </timestep>
    <timestep time="643.00">
        <vehicle id="0" x="201.65" y="3.51" angle="170.10" type="DEFAULT_VEHTYPE" speed="13.76" pos="3.51" lane="1/0to1/1_0" slope="0.00"/>
        <vehicle id="1" x="85.83" y="198.35" angle="90.00" type="DEFAULT_VEHTYPE" speed="12.90" pos="85.83" lane="0/1to1/1_0" slope="0.00"/>
        <vehicle id="10" x="198.35" y="317.15" angle="0.00" type="DEFAULT_VEHTYPE" speed="13.24" pos="78.10" lane="1/2to1/1_0" slope="0.00"/>
        <vehicle id="11" x="539.27" y="401.65" angle="-90.00" type="DEFAULT_VEHTYPE" speed="13.54" pos="55.98" lane="3/2to2/2_0" slope="0.00"/>
        <vehicle id="12" x="398.35" y="360.39" angle="0.00" type="DEFAULT_VEHTYPE" speed="12.92" pos="34.86" lane="2/2to2/1_0" slope="0.00"/>
        <vehicle id="13" x="255.11" y="401.65" angle="-90.00" type="DEFAULT_VEHTYPE" speed="13.68" pos="140.14" lane="2/2to1/2_0" slope="0.00"/>
        <vehicle id="14" x="401.65" y="102.59" angle="180.00" type="DEFAULT_VEHTYPE" speed="12.84" pos="102.59" lane="2/0to2/1_0" slope="0.00"/>
        <vehicle id="4" x="601.65" y="215.75" angle="180.00" type="DEFAULT_VEHTYPE" speed="9.12" pos="11.00" lane="3/1to3/2_0" slope="0.00"/>
        <vehicle id="5" x="398.35" y="311.49" angle="0.00" type="DEFAULT_VEHTYPE" speed="13.33" pos="83.76" lane="2/2to2/1_0" slope="0.00"/>
        <vehicle id="7" x="398.35" y="222.50" angle="0.00" type="DEFAULT_VEHTYPE" speed="13.48" pos="172.75" lane="2/2to2/1_0" slope="0.00"/>
        <vehicle id="8" x="409.96" y="401.65" angle="-90.00" type="DEFAULT_VEHTYPE" speed="2.92" pos="185.29" lane="3/2to2/2_0" slope="0.00"/>
        <vehicle id="9" x="398.35" y="529.22" angle="0.00" type="DEFAULT_VEHTYPE" speed="12.72" pos="66.03" lane="2/3to2/2_0" slope="0.00"/>
    </timestep>
    <timestep time="644.00">
        <vehicle id="0" x="201.65" y="17.03" angle="180.00" type="DEFAULT_VEHTYPE" speed="13.52" pos="17.03" lane="1/0to1/1_0" slope="0.00"/>
        <vehicle id="1" x="98.88" y="198.35" angle="90.00" type="DEFAULT_VEHTYPE" speed="13.04" pos="98.88" lane="0/1to1/1_0" slope="0.00"/>
        <vehicle id="10" x="198.35" y="303.76" angle="0.00" type="DEFAULT_VEHTYPE" speed="13.39" pos="91.49" lane="1/2to1/1_0" slope="0.00"/>
        <vehicle id="11" x="525.82" y="401.65" angle="-90.00" type="DEFAULT_VEHTYPE" speed="13.45" pos="69.43" lane="3/2to2/2_0" slope="0.00"/>
        <vehicle id="12" x="398.35" y="346.86" angle="0.00" type="DEFAULT_VEHTYPE" speed="13.54" pos="48.39" lane="2/2to2/1_0" slope="0.00"/>
        <vehicle id="13" x="242.47" y="401.65" angle="-90.00" type="DEFAULT_VEHTYPE" speed="12.65" pos="152.78" lane="2/2to1/2_0" slope="0.00"/>
        <vehicle id="14" x="401.65" y="116.02" angle="180.00" type="DEFAULT_VEHTYPE" speed="13.43" pos="116.02" lane="2/0to2/1_0" slope="0.00"/>
        <vehicle id="4" x="601.65" y="227.22" angle="180.00" type="DEFAULT_VEHTYPE" speed="11.47" pos="22.47" lane="3/1to3/2_0" slope="0.00"/>
        <vehicle id="5" x="398.35" y="298.50" angle="0.00" type="DEFAULT_VEHTYPE" speed="12.99" pos="96.75" lane="2/2to2/1_0" slope="0.00"/>
        <vehicle id="7" x="398.35" y="209.18" angle="0.00" type="DEFAULT_VEHTYPE" speed="13.32" pos="186.07" lane="2/2to2/1_0" slope="0.00"/>
        <vehicle id="8" x="405.32" y="401.65" angle="-90.00" type="DEFAULT_VEHTYPE" speed="4.63" pos="189.93" lane="3/2to2/2_0" slope="0.00"/>
        <vehicle id="9" x="398.35" y="515.54" angle="0.00" type="DEFAULT_VEHTYPE" speed="13.68" pos="79.71" lane="2/3to2/2_0" slope="0.00"/>
    </timestep>
    <timestep time="645.00">
        <vehicle id="0" x="201.65" y="29.78" angle="180.00" type="DEFAULT_VEHTYPE" speed="12.76" pos="29.78" lane="1/0to1/1_0" slope="0.00"/>
        <vehicle id="1" x="111.78" y="198.35" angle="90.00" type="DEFAULT_VEHTYPE" speed="12.90" pos="111.78" lane="0/1to1/1_0" slope="0.00"/>
        <vehicle id="10" x="198.35" y="291.14" angle="0.00" type="DEFAULT_VEHTYPE" speed="12.62" pos="104.11" lane="1/2to1/1_0" slope="0.00"/>
        <vehicle id="11" x="513.18" y="401.65" angle="-90.00" type="DEFAULT_VEHTYPE" speed="12.64" pos="82.07" lane="3/2to2/2_0" slope="0.00"/>
        <vehicle id="12" x="398.35" y="333.54" angle="0.00" type="DEFAULT_VEHTYPE" speed="13.32" pos="61.71" lane="2/2to2/1_0" slope="0.00"/>
        <vehicle id="13" x="229.08" y="401.65" angle="-90.00" type="DEFAULT_VEHTYPE" speed="13.38" pos="166.17" lane="2/2to1/2_0" slope="0.00"/>
        <vehicle id="14" x="401.65" y="128.75" angle="180.00" type="DEFAULT_VEHTYPE" speed="12.74" pos="128.75" lane="2/0to2/1_0" slope="0.00"/>
        <vehicle id="4" x="601.65" y="240.54" angle="180.00" type="DEFAULT_VEHTYPE" speed="13.33" pos="35.79" lane="3/1to3/2_0" slope="0.00"/>
        <vehicle id="5" x="398.35" y="285.50" angle="0.00" type="DEFAULT_VEHTYPE" speed="13.00" pos="109.75" lane="2/2to2/1_0" slope="0.00"/>
        <vehicle id="7" x="398.35" y="195.29" angle="0.00" type="DEFAULT_VEHTYPE" speed="13.89" pos="9.46" lane=":2/1_1_0" slope="0.00"/>
        <vehicle id="8" x="398.75" y="401.65" angle="-90.00" type="DEFAULT_VEHTYPE" speed="6.58" pos="6.00" lane=":2/2_5_0" slope="0.00"/>
        <vehicle id="9" x="398.35" y="502.49" angle="0.00" type="DEFAULT_VEHTYPE" speed="13.05" pos="92.76" lane="2/3to2/2_0" slope="0.00"/>
    </timestep>
    <timestep time="646.00">
        <vehicle id="0" x="201.65" y="42.98" angle="180.00" type="DEFAULT_VEHTYPE" speed="13.19" pos="42.98" lane="1/0to1/1_0" slope="0.00"/>
        <vehicle id="1" x="124.83" y="198.35" angle="90.00" type="DEFAULT_VEHTYPE" speed="13.05" pos="124.83" lane="0/1to1/1_0" slope="0.00"/>
        <vehicle id="10" x="198.35" y="277.76" angle="0.00" type="DEFAULT_VEHTYPE" speed="13.39" pos="117.49" lane="1/2to1/1_0" slope="0.00"/>
        <vehicle id="11" x="500.20" y="401.65" angle="-90.00" type="DEFAULT_VEHTYPE" speed="12.98" pos="95.05" lane="3/2to2/2_0" slope="0.00"/>
        <vehicle id="12" x="398.35" y="320.84" angle="0.00" type="DEFAULT_VEHTYPE" speed="12.69" pos="74.41" lane="2/2to2/1_0" slope="0.00"/>
        <vehicle id="13" x="219.70" y="401.65" angle="-90.00" type="DEFAULT_VEHTYPE" speed="9.38" pos="175.55" lane="2/2to1/2_0" slope="0.00"/>
        <vehicle id="14" x="401.65" y="141.62" angle="180.00" type="DEFAULT_VEHTYPE" speed="12.87" pos="141.62" lane="2/0to2/1_0" slope="0.00"/>
        <vehicle id="4" x="601.65" y="253.66" angle="180.00" type="DEFAULT_VEHTYPE" speed="13.12" pos="48.91" lane="3/1to3/2_0" slope="0.00"/>
        <vehicle id="5" x="398.35" y="272.49" angle="0.00" type="DEFAULT_VEHTYPE" speed="13.01" pos="122.76" lane="2/2to2/1_0" slope="0.00"/>
        <vehicle id="7" x="398.35" y="182.13" angle="0.00" type="DEFAULT_VEHTYPE" speed="13.16" pos="13.12" lane="2/1to2/0_0" slope="0.00"/>
        <vehicle id="8" x="390.01" y="401.65" angle="-90.00" type="DEFAULT_VEHTYPE" speed="8.74" pos="5.24" lane="2/2to1/2_0" slope="0.00"/>
        <vehicle id="9" x="398.35" y="488.77" angle="0.00" type="DEFAULT_VEHTYPE" speed="13.72" pos="106.48" lane="2/3to2/2_0" slope="0.00"/>
    </timestep>
    <timestep time="647.00">
        <vehicle id="0" x="201.65" y="56.15" angle="180.00" type="DEFAULT_VEHTYPE" speed="13.17" pos="56.15" lane="1/0to1/1_0" slope="0.00"/>
        <vehicle id="1" x="137.85" y="198.35" angle="90.00" type="DEFAULT_VEHTYPE" speed="13.02" pos="137.85" lane="0/1to1/1_0" slope="0.00"/>
        <vehicle id="10" x="198.35" y="264.83" angle="0.00" type="DEFAULT_VEHTYPE" speed="12.93" pos="130.42" lane="1/2to1/1_0" slope="0.00"/>
        <vehicle id="11" x="487.38" y="401.65" angle="-90.00" type="DEFAULT_VEHTYPE" speed="12.82" pos="107.87" lane="3/2to2/2_0" slope="0.00"/>
        <vehicle id="12" x="398.35" y="307.72" angle="0.00" type="DEFAULT_VEHTYPE" speed="13.13" pos="87.53" lane="2/2to2/1_0" slope="0.00"/>
        <vehicle id="13" x="213.99" y="401.65" angle="-90.00" type="DEFAULT_VEHTYPE" speed="5.71" pos="181.26" lane="2/2to1/2_0" slope="0.00"/>
        <vehicle id="14" x="401.65" y="154.58" angle="180.00" type="DEFAULT_VEHTYPE" speed="12.96" pos="154.58" lane="2/0to2/1_0" slope="0.00"/>
        <vehicle id="4" x="601.65" y="267.18" angle="180.00" type="DEFAULT_VEHTYPE" speed="13.52" pos="62.43" lane="3/1to3/2_0" slope="0.00"/>
        <vehicle id="5" x="398.35" y="259.87" angle="0.00" type="DEFAULT_VEHTYPE" speed="12.62" pos="135.38" lane="2/2to2/1_0" slope="0.00"/>
        <vehicle id="7" x="398.35" y="168.42" angle="0.00" type="DEFAULT_VEHTYPE" speed="13.71" pos="26.83" lane="2/1to2/0_0" slope="0.00"/>
        <vehicle id="8" x="379.64" y="401.65" angle="-90.00" type="DEFAULT_VEHTYPE" speed="10.37" pos="15.61" lane="2/2to1/2_0" slope="0.00"/>
        <vehicle id="9" x="398.35" y="474.98" angle="0.00" type="DEFAULT_VEHTYPE" speed="13.80" pos="120.27" lane="2/3to2/2_0" slope="0.00"/>
    </timestep>
    <timestep time="648.00">
        <vehicle id="0" x="201.65" y="69.19" angle="180.00" type="DEFAULT_VEHTYPE" speed="13.04" pos="69.19" lane="1/0to1/1_0" slope="0.00"/>
        <vehicle id="1" x="151.61" y="198.35" angle="90.00" type="DEFAULT_VEHTYPE" speed="13.76" pos="151.61" lane="0/1to1/1_0" slope="0.00"/>
        <vehicle id="10" x="198.35" y="252.15" angle="0.00" type="DEFAULT_VEHTYPE" speed="12.67" pos="143.10" lane="1/2to1/1_0" slope="0.00"/>
        <vehicle id="11" x="474.73" y="401.65" angle="-90.00" type="DEFAULT_VEHTYPE" speed="12.65" pos="120.52" lane="3/2to2/2_0" slope="0.00"/>
        <vehicle id="12" x="398.35" y="294.34" angle="0.00" type="DEFAULT_VEHTYPE" speed="13.38" pos="100.91" lane="2/2to2/1_0" slope="0.00"/>
        <vehicle id="13" x="210.65" y="401.65" angle="-90.00" type="DEFAULT_VEHTYPE" speed="3.34" pos="184.60" lane="2/2to1/2_0" slope="0.00"/>
        <vehicle id="14" x="401.65" y="167.91" angle="180.00" type="DEFAULT_VEHTYPE" speed="13.33" pos="167.91" lane="2/0to2/1_0" slope="0.00"/>
        <vehicle id="4" x="601.65" y="280.19" angle="180.00" type="DEFAULT_VEHTYPE" speed="13.01" pos="75.44" lane="3/1to3/2_0" slope="0.00"/>
        <vehicle id="5" x="398.35" y="246.97" angle="0.00" type="DEFAULT_VEHTYPE" speed="12.90" pos="148.28" lane="2/2to2/1_0" slope="0.00"/>
        <vehicle id="7" x="398.35" y="155.54" angle="0.00" type="DEFAULT_VEHTYPE" speed="12.88" pos="39.71" lane="2/1to2/0_0" slope="0.00"/>
        <vehicle id="8" x="366.86" y="401.65" angle="-90.00" type="DEFAULT_VEHTYPE" speed="12.78" pos="28.39" lane="2/2to1/2_0" slope="0.00"/>
        <vehicle id="9" x="398.35" y="461.16" angle="0.00" type="DEFAULT_VEHTYPE" speed="13.81" pos="134.09" lane="2/3to2/2_0" slope="0.00"/>
    </timestep>
    <timestep time="649.00">
        <vehicle id="0" x="201.65" y="82.72" angle="180.00" type="DEFAULT_VEHTYPE" speed="13.53" pos="82.72" lane="1/0to1/1_0" slope="0.00"/>
        <vehicle id="1" x="164.64" y="198.35" angle="90.00" type="DEFAULT_VEHTYPE" speed="13.03" pos="164.64" lane="0/1to1/1_0" slope="0.00"/>
        <vehicle id="10" x="198.35" y="238.70" angle="0.00" type="DEFAULT_VEHTYPE" speed="13.45" pos="156.55" lane="1/2to1/1_0" slope="0.00"/>
        <vehicle id="11" x="461.43" y="401.65" angle="-90.00" type="DEFAULT_VEHTYPE" speed="13.30" pos="133.82" lane="3/2to2/2_0" slope="0.00"/>
        <vehicle id="12" x="398.35" y="280.47" angle="0.00" type="DEFAULT_VEHTYPE" speed="13.86" pos="114.78" lane="2/2to2/1_0" slope="0.00"/>
        <vehicle id="13" x="205.64" y="401.65" angle="-90.00" type="DEFAULT_VEHTYPE" speed="5.01" pos="189.61" lane="2/2to1/2_0" slope="0.00"/>
        <vehicle id="14" x="401.65" y="180.60" angle="180.00" type="DEFAULT_VEHTYPE" speed="12.70" pos="180.60" lane="2/0to2/1_0" slope="0.00"/>
        <vehicle id="4" x="601.65" y="293.58" angle="180.00" type="DEFAULT_VEHTYPE" speed="13.38" pos="88.83" lane="3/1to3/2_0" slope="0.00"/>
        <vehicle id="5" x="398.35" y="234.10" angle="0.00" type="DEFAULT_VEHTYPE" speed="12.87" pos="161.15" lane="2/2to2/1_0" slope="0.00"/>
        <vehicle id="7" x="398.35" y="142.36" angle="0.00" type="DEFAULT_VEHTYPE" speed="13.19" pos="52.89" lane="2/1to2/0_0" slope="0.00"/>
        <vehicle id="8" x="354.07" y="401.65" angle="-90.00" type="DEFAULT_VEHTYPE" speed="12.79" pos="41.18" lane="2/2to1/2_0" slope="0.00"/>
        <vehicle id="9" x="398.35" y="447.42" angle="0.00" type="DEFAULT_VEHTYPE" speed="13.74" pos="147.83" lane="2/3to2/2_0" slope="0.00"/>
    </timestep>
    <timestep time="650.00">
        <vehicle id="0" x="201.65" y="96.39" angle="180.00" type="DEFAULT_VEHTYPE" speed="13.67" pos="96.39" lane="1/0to1/1_0" slope="0.00"/>
        <vehicle id="1" x="175.68" y="198.35" angle="90.00" type="DEFAULT_VEHTYPE" speed="11.04" pos="175.68" lane="0/1to1/1_0" slope="0.00"/>
        <vehicle id="10" x="198.35" y="225.09" angle="0.00" type="DEFAULT_VEHTYPE" speed="13.61" pos="170.16" lane="1/2to1/1_0" slope="0.00"/>
        <vehicle id="11" x="448.15" y="401.65" angle="-90.00" type="DEFAULT_VEHTYPE" speed="13.28" pos="147.10" lane="3/2to2/2_0" slope="0.00"/>
        <vehicle id="12" x="398.35" y="266.84" angle="0.00" type="DEFAULT_VEHTYPE" speed="13.63" pos="128.41" lane="2/2to2/1_0" slope="0.00"/>
        <vehicle id="13" x="199.32" y="398.99" angle="-58.79" type="DEFAULT_VEHTYPE" speed="7.28" pos="6.39" lane=":1/2_6_0" slope="0.00"/>
        <vehicle id="14" x="401.65" y="194.10" angle="180.00" type="DEFAULT_VEHTYPE" speed="13.49" pos="194.10" lane="2/0to2/1_0" slope="0.00"/>
        <vehicle id="4" x="601.65" y="306.32" angle="180.00" type="DEFAULT_VEHTYPE" speed="12.75" pos="101.57" lane="3/1to3/2_0" slope="0.00"/>
        <vehicle id="5" x="398.35" y="220.84" angle="0.00" type="DEFAULT_VEHTYPE" speed="13.26" pos="174.41" lane="2/2to2/1_0" slope="0.00"/>
        <vehicle id="7" x="398.35" y="128.50" angle="0.00" type="DEFAULT_VEHTYPE" speed="13.85" pos="66.75" lane="2/1to2/0_0" slope="0.00"/>
        <vehicle id="8" x="340.77" y="401.65" angle="-90.00" type="DEFAULT_VEHTYPE" speed="13.30" pos="54.48" lane="2/2to1/2_0" slope="0.00"/>
        <vehicle id="9" x="398.35" y="434.60" angle="0.00" type="DEFAULT_VEHTYPE" speed="12.82" pos="160.65" lane="2/3to2/2_0" slope="0.00"/>
    </timestep>
    <timestep time="651.00">
        <vehicle id="0" x="201.65" y="110.02" angle="180.00" type="DEFAULT_VEHTYPE" speed="13.63" pos="110.02" lane="1/0to1/1_0" slope="0.00"/>
        <vehicle id="1" x="184.32" y="198.35" angle="90.00" type="DEFAULT_VEHTYPE" speed="8.63" pos="184.32" lane="0/1to1/1_0" slope="0.00"/>
        <vehicle id="10" x="198.35" y="211.70" angle="0.00" type="DEFAULT_VEHTYPE" speed="13.39" pos="183.55" lane="1/2to1/1_0" slope="0.00"/>
        <vehicle id="11" x="435.17" y="401.65" angle="-90.00" type="DEFAULT_VEHTYPE" speed="12.98" pos="160.08" lane="3/2to2/2_0" slope="0.00"/>
        <vehicle id="12" x="398.35" y="253.39" angle="0.00" type="DEFAULT_VEHTYPE" speed="13.45" pos="141.86" lane="2/2to2/1_0" slope="0.00"/>
        <vehicle id="13" x="198.35" y="390.52" angle="-0.44" type="DEFAULT_VEHTYPE" speed="8.66" pos="4.73" lane="1/2to1/1_0" slope="0.00"/>
        <vehicle id="14" x="411.39" y="198.35" angle="90.00" type="DEFAULT_VEHTYPE" speed="12.79" pos="6.64" lane="2/1to3/1_0" slope="0.00"/>
        <vehicle id="4" x="601.65" y="319.20" angle="180.00" type="DEFAULT_VEHTYPE" speed="12.87" pos="114.45" lane="3/1to3/2_0" slope="0.00"/>
        <vehicle id="5" x="398.35" y="207.68" angle="0.00" type="DEFAULT_VEHTYPE" speed="13.16" pos="187.57" lane="2/2to2/1_0" slope="0.00"/>
        <vehicle id="7" x="398.35" y="115.36" angle="0.00" type="DEFAULT_VEHTYPE" speed="13.14" pos="79.89" lane="2/1to2/0_0" slope="0.00"/>
        <vehicle id="8" x="326.89" y="401.65" angle="-90.00" type="DEFAULT_VEHTYPE" speed="13.88" pos="68.36" lane="2/2to1/2_0" slope="0.00"/>
        <vehicle id="9" x="398.35" y="421.30" angle="0.00" type="DEFAULT_VEHTYPE" speed="13.30" pos="173.95" lane="2/3to2/2_0" slope="0.00"/>
    </timestep>
    <timestep time="652.00">
        <vehicle id="0" x="201.65" y="123.15" angle="180.00" type="DEFAULT_VEHTYPE" speed="13.13" pos="123.15" lane="1/0to1/1_0" slope="0.00"/>
        <vehicle id="1" x="188.45" y="198.35" angle="90.00" type="DEFAULT_VEHTYPE" speed="4.13" pos="188.45" lane="0/1to1/1_0" slope="0.00"/>
        <vehicle id="10" x="193.62" y="201.65" angle="-70.93" type="DEFAULT_VEHTYPE" speed="13.58" pos="1.63" lane="1/1to0/1_0" slope="0.00"/>
        <vehicle id="11" x="423.84" y="401.65" angle="-90.00" type="DEFAULT_VEHTYPE" speed="11.33" pos="171.41" lane="3/2to2/2_0" slope="0.00"/>
        <vehicle id="12" x="398.35" y="240.60" angle="0.00" type="DEFAULT_VEHTYPE" speed="12.79" pos="154.65" lane="2/2to2/1_0" slope="0.00"/>
        <vehicle id="13" x="198.35" y="380.05" angle="0.00" type="DEFAULT_VEHTYPE" speed="10.47" pos="15.20" lane="1/2to1/1_0" slope="0.00"/>
        <vehicle id="14" x="424.25" y="198.35" angle="90.00" type="DEFAULT_VEHTYPE" speed="12.86" pos="19.50" lane="2/1to3/1_0" slope="0.00"/>
        <vehicle id="4" x="601.65" y="331.95" angle="180.00" type="DEFAULT_VEHTYPE" speed="12.75" pos="127.20" lane="3/1to3/2_0" slope="0.00"/>
        <vehicle id="5" x="398.35" y="194.68" angle="0.00" type="DEFAULT_VEHTYPE" speed="13.00" pos="0.57" lane="2/1to2/0_0" slope="0.00"/>
        <vehicle id="7" x="398.35" y="101.66" angle="0.00" type="DEFAULT_VEHTYPE" speed="13.71" pos="93.59" lane="2/1to2/0_0" slope="0.00"/>
        <vehicle id="8" x="314.06" y="401.65" angle="-90.00" type="DEFAULT_VEHTYPE" speed="12.83" pos="81.19" lane="2/2to1/2_0" slope="0.00"/>
        <vehicle id="9" x="398.35" y="407.61" angle="0.00" type="DEFAULT_VEHTYPE" speed="13.68" pos="187.64" lane="2/3to2/2_0" slope="0.00"/>
    </timestep>
    <timestep time="653.00">
        <vehicle id="0" x="201.65" y="136.32" angle="180.00" type="DEFAULT_VEHTYPE" speed="13.17" pos="136.32" lane="1/0to1/1_0" slope="0.00"/>
        <vehicle id="1" x="194.89" y="198.35" angle="90.00" type="DEFAULT_VEHTYPE" speed="6.44" pos="194.89" lane="0/1to1/1_0" slope="0.00"/>
        <vehicle id="10" x="180.68" y="201.65" angle="-90.00" type="DEFAULT_VEHTYPE" speed="12.94" pos="14.57" lane="1/1to0/1_0" slope="0.00"/>
        <vehicle id="11" x="416.53" y="401.65" angle="-90.00" type="DEFAULT_VEHTYPE" speed="7.32" pos="178.72" lane="3/2to2/2_0" slope="0.00"/>
        <vehicle id="12" x="398.35" y="227.32" angle="0.00" type="DEFAULT_VEHTYPE" speed="13.28" pos="167.93" lane="2/2to2/1_0" slope="0.00"/>
        <vehicle id="13" x="198.35" y="367.38" angle="0.00" type="DEFAULT_VEHTYPE" speed="12.68" pos="27.87" lane="1/2to1/1_0" slope="0.00"/>
        <vehicle id="14" x="437.03" y="198.35" angle="90.00" type="DEFAULT_VEHTYPE" speed="12.78" pos="32.28" lane="2/1to3/1_0" slope="0.00"/>
        <vehicle id="4" x="601.65" y="345.25" angle="180.00" type="DEFAULT_VEHTYPE" speed="13.31" pos="140.50" lane="3/1to3/2_0" slope="0.00"/>
        <vehicle id="5" x="398.35" y="181.25" angle="0.00" type="DEFAULT_VEHTYPE" speed="13.44" pos="14.00" lane="2/1to2/0_0" slope="0.00"/>
        <vehicle id="7" x="398.35" y="88.05" angle="0.00" type="DEFAULT_VEHTYPE" speed="13.61" pos="107.20" lane="2/1to2/0_0" slope="0.00"/>
        <vehicle id="8" x="301.32" y="401.65" angle="-90.00" type="DEFAULT_VEHTYPE" speed="12.75" pos="93.93" lane="2/2to1/2_0" slope="0.00"/>
        <vehicle id="9" x="389.22" y="401.65" angle="-90.00" type="DEFAULT_VEHTYPE" speed="13.89" pos="6.03" lane="2/2to1/2_0" slope="0.00"/>
    </timestep>
    <timestep time="654.00">
        <vehicle id="0" x="201.65" y="149.05" angle="180.00" type="DEFAULT_VEHTYPE" speed="12.72" pos="149.05" lane="1/0to1/1_0" slope="0.00"/>
        <vehicle id="1" x="198.35" y="191.77" angle="3.11" type="DEFAULT_VEHTYPE" speed="8.83" pos="3.48" lane="1/1to1/0_0" slope="0.00"/>
        <vehicle id="10" x="167.88" y="201.65" angle="-90.00" type="DEFAULT_VEHTYPE" speed="12.80" pos="27.37" lane="1/1to0/1_0" slope="0.00"/>
        <vehicle id="11" x="411.42" y="401.65" angle="-90.00" type="DEFAULT_VEHTYPE" speed="5.10" pos="183.83" lane="3/2to2/2_0" slope="0.00"/>
        <vehicle id="12" x="398.35" y="214.01" angle="0.00" type="DEFAULT_VEHTYPE" speed="13.32" pos="181.24" lane="2/2to2/1_0" slope="0.00"/>
        <vehicle id="13" x="198.35" y="353.77" angle="0.00" type="DEFAULT_VEHTYPE" speed="13.61" pos="41.48" lane="1/2to1/1_0" slope="0.00"/>
        <vehicle id="14" x="449.74" y="198.35" angle="90.00" type="DEFAULT_VEHTYPE" speed="12.71" pos="44.99" lane="2/1to3/1_0" slope="0.00"/>
        <vehicle id="4" x="601.65" y="359.00" angle="180.00" type="DEFAULT_VEHTYPE" speed="13.74" pos="154.25" lane="3/1to3/2_0" slope="0.00"/>
        <vehicle id="5" x="398.35" y="167.87" angle="0.00" type="DEFAULT_VEHTYPE" speed="13.38" pos="27.38" lane="2/1to2/0_0" slope="0.00"/>
        <vehicle id="7" x="398.35" y="74.87" angle="0.00" type="DEFAULT_VEHTYPE" speed="13.18" pos="120.38" lane="2/1to2/0_0" slope="0.00"/>
        <vehicle id="8" x="287.48" y="401.65" angle="-90.00" type="DEFAULT_VEHTYPE" speed="13.84" pos="107.77" lane="2/2to1/2_0" slope="0.00"/>
        <vehicle id="9" x="376.61" y="401.65" angle="-90.00" type="DEFAULT_VEHTYPE" speed="12.62" pos="18.64" lane="2/2to1/2_0" slope="0.00"/>
    </timestep>
    <timestep time="655.00">
        <vehicle id="0" x="201.65" y="162.30" angle="180.00" type="DEFAULT_VEHTYPE" speed="13.26" pos="162.30" lane="1/0to1/1_0" slope="0.00"/>
        <vehicle id="1" x="198.35" y="180.72" angle="0.00" type="DEFAULT_VEHTYPE" speed="11.05" pos="14.53" lane="1/1to1/0_0" slope="0.00"/>
        <vehicle id="10" x="154.68" y="201.65" angle="-90.00" type="DEFAULT_VEHTYPE" speed="13.20" pos="40.57" lane="1/1to0/1_0" slope="0.00"/>
        <vehicle id="11" x="404.08" y="401.55" angle="-88.90" type="DEFAULT_VEHTYPE" speed="7.35" pos="0.68" lane=":2/2_6_0" slope="0.00"/>
        <vehicle id="12" x="398.35" y="200.91" angle="0.00" type="DEFAULT_VEHTYPE" speed="13.09" pos="3.84" lane=":2/1_1_0" slope="0.00"/>
        <vehicle id="13" x="198.35" y="339.97" angle="0.00" type="DEFAULT_VEHTYPE" speed="13.81" pos="55.28" lane="1/2to1/1_0" slope="0.00"/>
        <vehicle id="14" x="463.42" y="198.35" angle="90.00" type="DEFAULT_VEHTYPE" speed="13.68" pos="58.67" lane="2/1to3/1_0" slope="0.00"/>
        <vehicle id="4" x="601.65" y="371.48" angle="180.00" type="DEFAULT_VEHTYPE" speed="12.48" pos="166.73" lane="3/1to3/2_0" slope="0.00"/>
        <vehicle id="5" x="398.35" y="154.50" angle="0.00" type="DEFAULT_VEHTYPE" speed="13.37" pos="40.75" lane="2/1to2/0_0" slope="0.00"/>
        <vehicle id="7" x="398.35" y="61.15" angle="0.00" type="DEFAULT_VEHTYPE" speed="13.72" pos="134.10" lane="2/1to2/0_0" slope="0.00"/>
        <vehicle id="8" x="274.27" y="401.65" angle="-90.00" type="DEFAULT_VEHTYPE" speed="13.21" pos="120.98" lane="2/2to1/2_0" slope="0.00"/>
        <vehicle id="9" x="363.17" y="401.65" angle="-90.00" type="DEFAULT_VEHTYPE" speed="13.44" pos="32.08" lane="2/2to1/2_0" slope="0.00"/>
    </timestep>
    <timestep time="656.00">
        <vehicle id="0" x="201.65" y="175.85" angle="180.00" type="DEFAULT_VEHTYPE" speed="13.54" pos="175.85" lane="1/0to1/1_0" slope="0.00"/>
        <vehicle id="1" x="198.35" y="168.31" angle="0.00" type="DEFAULT_VEHTYPE" speed="12.41" pos="26.94" lane="1/1to1/0_0" slope="0.00"/>
        <vehicle id="10" x="141.16" y="201.65" angle="-90.00" type="DEFAULT_VEHTYPE" speed="13.53" pos="54.09" lane="1/1to0/1_0" slope="0.00"/>
        <vehicle id="11" x="398.35" y="395.08" angle="-16.99" type="DEFAULT_VEHTYPE" speed="9.81" pos="0.17" lane="2/2to2/1_0" slope="0.00"/>
        <vehicle id="12" x="398.35" y="187.96" angle="0.00" type="DEFAULT_VEHTYPE" speed="12.95" pos="7.29" lane="2/1to2/0_0" slope="0.00"/>
        <vehicle id="13" x="198.35" y="327.20" angle="0.00" type="DEFAULT_VEHTYPE" speed="12.77" pos="68.05" lane="1/2to1/1_0" slope="0.00"/>
        <vehicle id="14" x="476.14" y="198.35" angle="90.00" type="DEFAULT_VEHTYPE" speed="12.73" pos="71.39" lane="2/1to3/1_0" slope="0.00"/>
        <vehicle id="4" x="601.65" y="380.58" angle="180.00" type="DEFAULT_VEHTYPE" speed="9.10" pos="175.83" lane="3/1to3/2_0" slope="0.00"/>
        <vehicle id="5" x="398.35" y="140.86" angle="0.00" type="DEFAULT_VEHTYPE" speed="13.64" pos="54.39" lane="2/1to2/0_0" slope="0.00"/>
        <vehicle id="7" x="398.35" y="47.32" angle="0.00" type="DEFAULT_VEHTYPE" speed="13.83" pos="147.93" lane="2/1to2/0_0" slope="0.00"/>
        <vehicle id="8" x="260.75" y="401.65" angle="-90.00" type="DEFAULT_VEHTYPE" speed="13.52" pos="134.50" lane="2/2to1/2_0" slope="0.00"/>
        <vehicle id="9" x="350.06" y="401.65" angle="-90.00" type="DEFAULT_VEHTYPE" speed="13.11" pos="45.19" lane="2/2to1/2_0" slope="0.00"/>
    </timestep>
    <timestep time="657.00">
        <vehicle id="0" x="201.65" y="189.71" angle="180.00" type="DEFAULT_VEHTYPE" speed="13.86" pos="189.71" lane="1/0to1/1_0" slope="0.00"/>
        <vehicle id="1" x="198.35" y="154.85" angle="0.00" type="DEFAULT_VEHTYPE" speed="13.46" pos="40.40" lane="1/1to1/0_0" slope="0.00"/>
        <vehicle id="10" x="127.30" y="201.65" angle="-90.00" type="DEFAULT_VEHTYPE" speed="13.86" pos="67.95" lane="1/1to0/1_0" slope="0.00"/>
        <vehicle id="11" x="398.35" y="383.03" angle="0.00" type="DEFAULT_VEHTYPE" speed="12.05" pos="12.22" lane="2/2to2/1_0" slope="0.00"/>
        <vehicle id="12" x="398.35" y="175.07" angle="0.00" type="DEFAULT_VEHTYPE" speed="12.89" pos="20.18" lane="2/1to2/0_0" slope="0.00"/>
        <vehicle id="13" x="198.35" y="313.40" angle="0.00" type="DEFAULT_VEHTYPE" speed="13.79" pos="81.85" lane="1/2to1/1_0" slope="0.00"/>
        <vehicle id="14" x="488.90" y="198.35" angle="90.00" type="DEFAULT_VEHTYPE" speed="12.76" pos="84.15" lane="2/1to3/1_0" slope="0.00"/>
        <vehicle id="4" x="601.65" y="386.95" angle="180.00" type="DEFAULT_VEHTYPE" speed="6.37" pos="182.20" lane="3/1to3/2_0" slope="0.00"/>
        <vehicle id="5" x="398.35" y="128.25" angle="0.00" type="DEFAULT_VEHTYPE" speed="12.62" pos="67.00" lane="2/1to2/0_0" slope="0.00"/>
        <vehicle id="7" x="398.35" y="34.34" angle="0.00" type="DEFAULT_VEHTYPE" speed="12.98" pos="160.91" lane="2/1to2/0_0" slope="0.00"/>
        <vehicle id="8" x="247.06" y="401.65" angle="-90.00" type="DEFAULT_VEHTYPE" speed="13.69" pos="148.19" lane="2/2to1/2_0" slope="0.00"/>
        <vehicle id="9" x="336.48" y="401.65" angle="-90.00" type="DEFAULT_VEHTYPE" speed="13.58" pos="58.77" lane="2/2to1/2_0" slope="0.00"/>
    </timestep>
    <timestep time="658.00">
        <vehicle id="0" x="207.79" y="198.35" angle="95.79" type="DEFAULT_VEHTYPE" speed="13.57" pos="3.04" lane="1/1to2/1_0" slope="0.00"/>
        <vehicle id="1" x="198.35" y="141.91" angle="0.00" type="DEFAULT_VEHTYPE" speed="12.94" pos="53.34" lane="1/1to1/0_0" slope="0.00"/>
        <vehicle id="10" x="113.79" y="201.65" angle="-90.00" type="DEFAULT_VEHTYPE" speed="13.52" pos="81.46" lane="1/1to0/1_0" slope="0.00"/>
        <vehicle id="11" x="398.35" y="369.80" angle="0.00" type="DEFAULT_VEHTYPE" speed="13.23" pos="25.45" lane="2/2to2/1_0" slope="0.00"/>
        <vehicle id="12" x="398.35" y="161.44" angle="0.00" type="DEFAULT_VEHTYPE" speed="13.63" pos="33.81" lane="2/1to2/0_0" slope="0.00"/>
        <vehicle id="13" x="198.35" y="300.63" angle="0.00" type="DEFAULT_VEHTYPE" speed="12.78" pos="94.62" lane="1/2to1/1_0" slope="0.00"/>
        <vehicle id="14" x="502.56" y="198.35" angle="90.00" type="DEFAULT_VEHTYPE" speed="13.65" pos="97.81" lane="2/1to3/1_0" slope="0.00"/>
        <vehicle id="4" x="601.65" y="390.85" angle="180.00" type="DEFAULT_VEHTYPE" speed="3.90" pos="186.10" lane="3/1to3/2_0" slope="0.00"/>
        <vehicle id="5" x="398.35" y="115.12" angle="0.00" type="DEFAULT_VEHTYPE" speed="13.12" pos="80.13" lane="2/1to2/0_0" slope="0.00"/>
        <vehicle id="7" x="398.35" y="21.55" angle="0.00" type="DEFAULT_VEHTYPE" speed="12.80" pos="173.70" lane="2/1to2/0_0" slope="0.00"/>
        <vehicle id="8" x="234.43" y="401.65" angle="-90.00" type="DEFAULT_VEHTYPE" speed="12.62" pos="160.82" lane="2/2to1/2_0" slope="0.00"/>
        <vehicle id="9" x="323.68" y="401.65" angle="-90.00" type="DEFAULT_VEHTYPE" speed="12.79" pos="71.57" lane="2/2to1/2_0" slope="0.00"/>
    </timestep>
    <timestep time="659.00">
        <vehicle id="0" x="220.99" y="198.35" angle="90.00" type="DEFAULT_VEHTYPE" speed="13.20" pos="16.24" lane="1/1to2/1_0" slope="0.00"/>
        <vehicle id="1" x="198.35" y="129.30" angle="0.00" type="DEFAULT_VEHTYPE" speed="12.61" pos="65.95" lane="1/1to1/0_0" slope="0.00"/>
        <vehicle id="10" x="100.04" y="201.65" angle="-90.00" type="DEFAULT_VEHTYPE" speed="13.75" pos="95.21" lane="1/1to0/1_0" slope="0.00"/>
        <vehicle id="11" x="398.35" y="356.34" angle="0.00" type="DEFAULT_VEHTYPE" speed="13.46" pos="38.91" lane="2/2to2/1_0" slope="0.00"/>
        <vehicle id="12" x="398.35" y="148.84" angle="0.00" type="DEFAULT_VEHTYPE" speed="12.61" pos="46.41" lane="2/1to2/0_0" slope="0.00"/>
        <vehicle id="13" x="198.35" y="287.09" angle="0.00" type="DEFAULT_VEHTYPE" speed="13.53" pos="108.16" lane="1/2to1/1_0" slope="0.00"/>
        <vehicle id="14" x="515.31" y="198.35" angle="90.00" type="DEFAULT_VEHTYPE" speed="12.76" pos="110.56" lane="2/1to3/1_0" slope="0.00"/>
        <vehicle id="4" x="601.45" y="396.64" angle="-177.72" type="DEFAULT_VEHTYPE" speed="5.81" pos="1.40" lane=":3/2_10_0" slope="0.00"/>
        <vehicle id="5" x="398.35" y="102.37" angle="0.00" type="DEFAULT_VEHTYPE" speed="12.75" pos="92.88" lane="2/1to2/0_0" slope="0.00"/>
        <vehicle id="7" x="398.35" y="8.21" angle="0.00" type="DEFAULT_VEHTYPE" speed="13.34" pos="187.04" lane="2/1to2/0_0" slope="0.00"/>
        <vehicle id="8" x="223.33" y="401.65" angle="-90.00" type="DEFAULT_VEHTYPE" speed="11.10" pos="171.92" lane="2/2to1/2_0" slope="0.00"/>
        <vehicle id="9" x="310.36" y="401.65" angle="-90.00" type="DEFAULT_VEHTYPE" speed="13.33" pos="84.89" lane="2/2to1/2_0" slope="0.00"/>
    </timestep>
    <timestep time="660.00">
        <vehicle id="0" x="233.82" y="198.35" angle="90.00" type="DEFAULT_VEHTYPE" speed="12.83" pos="29.07" lane="1/1to2/1_0" slope="0.00"/>
        <vehicle id="1" x="198.35" y="116.43" angle="0.00" type="DEFAULT_VEHTYPE" speed="12.87" pos="78.82" lane="1/1to1/0_0" slope="0.00"/>
        <vehicle id="10" x="86.57" y="201.65" angle="-90.00" type="DEFAULT_VEHTYPE" speed="13.47" pos="108.68" lane="1/1to0/1_0" slope="0.00"/>
        <vehicle id="11" x="398.35" y="343.33" angle="0.00" type="DEFAULT_VEHTYPE" speed="13.01" pos="51.92" lane="2/2to2/1_0" slope="0.00"/>
        <vehicle id="12" x="398.35" y="135.63" angle="0.00" type="DEFAULT_VEHTYPE" speed="13.21" pos="59.62" lane="2/1to2/0_0" slope="0.00"/>
        <vehicle id="13" x="198.35" y="273.38" angle="0.00" type="DEFAULT_VEHTYPE" speed="13.71" pos="121.87" lane="1/2to1/1_0" slope="0.00"/>
        <vehicle id="14" x="528.66" y="198.35" angle="90.00" type="DEFAULT_VEHTYPE" speed="13.35" pos="123.91" lane="2/1to3/1_0" slope="0.00"/>
        <vehicle id="4" x="596.57" y="401.46" angle="-120.63" type="DEFAULT_VEHTYPE" speed="7.58" pos="1.85" lane=":3/2_18_0" slope="0.00"/>
        <vehicle id="5" x="398.35" y="89.74" angle="0.00" type="DEFAULT_VEHTYPE" speed="12.63" pos="105.51" lane="2/1to2/0_0" slope="0.00"/>
        <vehicle id="7" x="401.65" y="0.79" angle="113.68" type="DEFAULT_VEHTYPE" speed="13.82" pos="0.79" lane="2/0to2/1_0" slope="0.00"/>
        <vehicle id="8" x="216.01" y="401.65" angle="-90.00" type="DEFAULT_VEHTYPE" speed="7.32" pos="179.24" lane="2/2to1/2_0" slope="0.00"/>
        <vehicle id="9" x="296.72" y="401.65" angle="-90.00" type="DEFAULT_VEHTYPE" speed="13.64" pos="98.53" lane="2/2to1/2_0" slope="0.00"/>
    </timestep>
    <timestep time="661.00">
        <vehicle id="0" x="247.57" y="198.35" angle="90.00" type="DEFAULT_VEHTYPE" speed="13.75" pos="42.82" lane="1/1to2/1_0" slope="0.00"/>
        <vehicle id="1" x="198.35" y="103.73" angle="0.00" type="DEFAULT_VEHTYPE" speed="12.70" pos="91.52" lane="1/1to1/0_0" slope="0.00"/>
        <vehicle id="10" x="73.01" y="201.65" angle="-90.00" type="DEFAULT_VEHTYPE" speed="13.56" pos="122.24" lane="1/1to0/1_0" slope="0.00"/>
        <vehicle id="11" x="398.35" y="329.80" angle="0.00" type="DEFAULT_VEHTYPE" speed="13.54" pos="65.45" lane="2/2to2/1_0" slope="0.00"/>
        <vehicle id="12" x="398.35" y="122.09" angle="0.00" type="DEFAULT_VEHTYPE" speed="13.54" pos="73.16" lane="2/1to2/0_0" slope="0.00"/>
        <vehicle id="13" x="198.35" y="259.50" angle="0.00" type="DEFAULT_VEHTYPE" speed="13.88" pos="135.75" lane="1/2to1/1_0" slope="0.00"/>
        <vehicle id="14" x="542.40" y="198.35" angle="90.00" type="DEFAULT_VEHTYPE" speed="13.74" pos="137.65" lane="2/1to3/1_0" slope="0.00"/>
        <vehicle id="4" x="587.65" y="401.65" angle="-90.00" type="DEFAULT_VEHTYPE" speed="8.93" pos="7.60" lane="3/2to2/2_0" slope="0.00"/>
        <vehicle id="5" x="398.35" y="76.51" angle="0.00" type="DEFAULT_VEHTYPE" speed="13.23" pos="118.74" lane="2/1to2/0_0" slope="0.00"/>
        <vehicle id="7" x="401.65" y="14.49" angle="180.00" type="DEFAULT_VEHTYPE" speed="13.70" pos="14.49" lane="2/0to2/1_0" slope="0.00"/>
        <vehicle id="8" x="211.09" y="401.65" angle="-90.00" type="DEFAULT_VEHTYPE" speed="4.92" pos="184.16" lane="2/2to1/2_0" slope="0.00"/>
        <vehicle id="9" x="282.88" y="401.65" angle="-90.00" type="DEFAULT_VEHTYPE" speed="13.84" pos="112.37" lane="2/2to1/2_0" slope="0.00"/>
    </timestep>
    <timestep time="662.00">
        <vehicle id="0" x="261.11" y="198.35" angle="90.00" type="DEFAULT_VEHTYPE" speed="13.54" pos="56.36" lane="1/1to2/1_0" slope="0.00"/>
        <vehicle id="1" x="198.35" y="90.83" angle="0.00" type="DEFAULT_VEHTYPE" speed="12.90" pos="104.42" lane="1/1to1/0_0" slope="0.00"/>
        <vehicle id="10" x="59.59" y="201.65" angle="-90.00" type="DEFAULT_VEHTYPE" speed="13.42" pos="135.66" lane="1/1to0/1_0" slope="0.00"/>
        <vehicle id="11" x="398.35" y="315.90" angle="0.00" type="DEFAULT_VEHTYPE" speed="13.89" pos="79.35" lane="2/2to2/1_0" slope="0.00"/>
        <vehicle id="12" x="398.35" y="109.44" angle="0.00" type="DEFAULT_VEHTYPE" speed="12.65" pos="85.81" lane="2/1to2/0_0" slope="0.00"/>
        <vehicle id="13" x="198.35" y="246.84" angle="0.00" type="DEFAULT_VEHTYPE" speed="12.66" pos="148.41" lane="1/2to1/1_0" slope="0.00"/>
        <vehicle id="14" x="556.17" y="198.35" angle="90.00" type="DEFAULT_VEHTYPE" speed="13.77" pos="151.42" lane="2/1to3/1_0" slope="0.00"/>
        <vehicle id="4" x="576.47" y="401.65" angle="-90.00" type="DEFAULT_VEHTYPE" speed="11.19" pos="18.78" lane="3/2to2/2_0" slope="0.00"/>
        <vehicle id="5" x="398.35" y="63.35" angle="0.00" type="DEFAULT_VEHTYPE" speed="13.15" pos="131.90" lane="2/1to2/0_0" slope="0.00"/>
        <vehicle id="7" x="401.65" y="27.94" angle="180.00" type="DEFAULT_VEHTYPE" speed="13.45" pos="27.94" lane="2/0to2/1_0" slope="0.00"/>
        <vehicle id="8" x="204.15" y="401.56" angle="-89.01" type="DEFAULT_VEHTYPE" speed="6.95" pos="0.61" lane=":1/2_6_0" slope="0.00"/>
        <vehicle id="9" x="269.46" y="401.65" angle="-90.00" type="DEFAULT_VEHTYPE" speed="13.43" pos="125.79" lane="2/2to1/2_0" slope="0.00"/>
    </timestep>
    <timestep time="663.00">
        <vehicle id="0" x="274.56" y="198.35" angle="90.00" type="DEFAULT_VEHTYPE" speed="13.44" pos="69.81" lane="1/1to2/1_0" slope="0.00"/>
        <vehicle id="1" x="198.35" y="77.48" angle="0.00" type="DEFAULT_VEHTYPE" speed="13.35" pos="117.77" lane="1/1to1/0_0" slope="0.00"/>
        <vehicle id="10" x="46.20" y="201.65" angle="-90.00" type="DEFAULT_VEHTYPE" speed="13.39" pos="149.05" lane="1/1to0/1_0" slope="0.00"/>
        <vehicle id="11" x="398.35" y="303.11" angle="0.00" type="DEFAULT_VEHTYPE" speed="12.79" pos="92.14" lane="2/2to2/1_0" slope="0.00"/>
        <vehicle id="12" x="398.35" y="96.32" angle="0.00" type="DEFAULT_VEHTYPE" speed="13.12" pos="98.93" lane="2/1to2/0_0" slope="0.00"/>
        <vehicle id="13" x="198.35" y="234.04" angle="0.00" type="DEFAULT_VEHTYPE" speed="12.80" pos="161.21" lane="1/2to1/1_0" slope="0.00"/>
        <vehicle id="14" x="569.04" y="198.35" angle="90.00" type="DEFAULT_VEHTYPE" speed="12.87" pos="164.29" lane="2/1to3/1_0" slope="0.00"/>
        <vehicle id="4" x="563.12" y="401.65" angle="-90.00" type="DEFAULT_VEHTYPE" speed="13.35" pos="32.13" lane="3/2to2/2_0" slope="0.00"/>
        <vehicle id="5" x="398.35" y="50.33" angle="0.00" type="DEFAULT_VEHTYPE" speed="13.02" pos="144.92" lane="2/1to2/0_0" slope="0.00"/>
        <vehicle id="7" x="401.65" y="41.37" angle="180.00" type="DEFAULT_VEHTYPE" speed="13.42" pos="41.37" lane="2/0to2/1_0" slope="0.00"/>
        <vehicle id="8" x="198.56" y="396.70" angle="-31.96" type="DEFAULT_VEHTYPE" speed="8.25" pos="8.86" lane=":1/2_6_0" slope="0.00"/>
        <vehicle id="9" x="255.76" y="401.65" angle="-90.00" type="DEFAULT_VEHTYPE" speed="13.70" pos="139.49" lane="2/2to1/2_0" slope="0.00"/>
    </timestep>
    <timestep time="664.00">
        <vehicle id="0" x="288.21" y="198.35" angle="90.00" type="DEFAULT_VEHTYPE" speed="13.66" pos="83.46" lane="1/1to2/1_0" slope="0.00"/>
        <vehicle id="1" x="198.35" y="64.14" angle="0.00" type="DEFAULT_VEHTYPE" speed="13.34" pos="131.11" lane="1/1to1/0_0" slope="0.00"/>
        <vehicle id="10" x="32.44" y="201.65" angle="-90.00" type="DEFAULT_VEHTYPE" speed="13.75" pos="162.81" lane="1/1to0/1_0" slope="0.00"/>
        <vehicle id="11" x="398.35" y="290.24" angle="0.00" type="DEFAULT_VEHTYPE" speed="12.88" pos="105.01" lane="2/2to2/1_0" slope="0.00"/>
        <vehicle id="12" x="398.35" y="82.57" angle="0.00" type="DEFAULT_VEHTYPE" speed="13.75" pos="112.68" lane="2/1to2/0_0" slope="0.00"/>
        <vehicle id="13" x="198.35" y="221.44" angle="0.00" type="DEFAULT_VEHTYPE" speed="12.60" pos="173.81" lane="1/2to1/1_0" slope="0.00"/>
        <vehicle id="14" x="578.78" y="198.35" angle="90.00" type="DEFAULT_VEHTYPE" speed="9.73" pos="174.03" lane="2/1to3/1_0" slope="0.00"/>
        <vehicle id="4" x="549.35" y="401.65" angle="-90.00" type="DEFAULT_VEHTYPE" speed="13.77" pos="45.90" lane="3/2to2/2_0" slope="0.00"/>
        <vehicle id="5" x="398.35" y="37.27" angle="0.00" type="DEFAULT_VEHTYPE" speed="13.06" pos="157.98" lane="2/1to2/0_0" slope="0.00"/>
        <vehicle id="7" x="401.65" y="55.08" angle="180.00" type="DEFAULT_VEHTYPE" speed="13.71" pos="55.08" lane="2/0to2/1_0" slope="0.00"/>
        <vehicle id="8" x="198.35" y="386.22" angle="0.00" type="DEFAULT_VEHTYPE" speed="10.49" pos="9.03" lane="1/2to1/1_0" slope="0.00"/>
        <vehicle id="9" x="241.96" y="401.65" angle="-90.00" type="DEFAULT_VEHTYPE" speed="13.79" pos="153.29" lane="2/2to1/2_0" slope="0.00"/>
    </timestep>
    <timestep time="665.00">
        <vehicle id="0" x="301.67" y="198.35" angle="90.00" type="DEFAULT_VEHTYPE" speed="13.46" pos="96.92" lane="1/1to2/1_0" slope="0.00"/>
        <vehicle id="1" x="198.35" y="50.44" angle="0.00" type="DEFAULT_VEHTYPE" speed="13.70" pos="144.81" lane="1/1to1/0_0" slope="0.00"/>
        <vehicle id="10" x="18.69" y="201.65" angle="-90.00" type="DEFAULT_VEHTYPE" speed="13.75" pos="176.56" lane="1/1to0/1_0" slope="0.00"/>
        <vehicle id="11" x="398.35" y="276.79" angle="0.00" type="DEFAULT_VEHTYPE" speed="13.45" pos="118.46" lane="2/2to2/1_0" slope="0.00"/>
        <vehicle id="12" x="398.35" y="69.57" angle="0.00" type="DEFAULT_VEHTYPE" speed="13.00" pos="125.68" lane="2/1to2/0_0" slope="0.00"/>
        <vehicle id="13" x="198.35" y="208.33" angle="0.00" type="DEFAULT_VEHTYPE" speed="13.11" pos="186.92" lane="1/2to1/1_0" slope="0.00"/>
        <vehicle id="14" x="585.62" y="198.35" angle="90.00" type="DEFAULT_VEHTYPE" speed="6.84" pos="180.87" lane="2/1to3/1_0" slope="0.00"/>
        <vehicle id="4" x="536.33" y="401.65" angle="-90.00" type="DEFAULT_VEHTYPE" speed="13.02" pos="58.92" lane="3/2to2/2_0" slope="0.00"/>
        <vehicle id="5" x="398.35" y="23.58" angle="0.00" type="DEFAULT_VEHTYPE" speed="13.69" pos="171.67" lane="2/1to2/0_0" slope="0.00"/>
        <vehicle id="7" x="401.65" y="68.15" angle="180.00" type="DEFAULT_VEHTYPE" speed="13.07" pos="68.15" lane="2/0to2/1_0" slope="0.00"/>
        <vehicle id="8" x="198.35" y="374.00" angle="0.00" type="DEFAULT_VEHTYPE" speed="12.22" pos="21.25" lane="1/2to1/1_0" slope="0.00"/>
        <vehicle id="9" x="229.28" y="401.65" angle="-90.00" type="DEFAULT_VEHTYPE" speed="12.68" pos="165.97" lane="2/2to1/2_0" slope="0.00"/>
    </timestep>
    <timestep time="666.00">
        <vehicle id="0" x="314.43" y="198.35" angle="90.00" type="DEFAULT_VEHTYPE" speed="12.76" pos="109.68" lane="1/1to2/1_0" slope="0.00"/>
        <vehicle id="1" x="198.35" y="37.53" angle="0.00" type="DEFAULT_VEHTYPE" speed="12.91" pos="157.72" lane="1/1to1/0_0" slope="0.00"/>
        <vehicle id="10" x="5.43" y="201.65" angle="-90.00" type="DEFAULT_VEHTYPE" speed="13.25" pos="189.82" lane="1/1to0/1_0" slope="0.00"/>
        <vehicle id="11" x="398.35" y="263.82" angle="0.00" type="DEFAULT_VEHTYPE" speed="12.96" pos="131.43" lane="2/2to2/1_0" slope="0.00"/>
        <vehicle id="12" x="398.35" y="55.75" angle="0.00" type="DEFAULT_VEHTYPE" speed="13.82" pos="139.50" lane="2/1to2/0_0" slope="0.00"/>
        <vehicle id="13" x="190.32" y="201.65" angle="-89.88" type="DEFAULT_VEHTYPE" speed="13.51" pos="4.93" lane="1/1to0/1_0" slope="0.00"/>
        <vehicle id="14" x="589.74" y="198.35" angle="90.00" type="DEFAULT_VEHTYPE" speed="4.12" pos="184.99" lane="2/1to3/1_0" slope="0.00"/>
        <vehicle id="4" x="522.68" y="401.65" angle="-90.00" type="DEFAULT_VEHTYPE" speed="13.64" pos="72.57" lane="3/2to2/2_0" slope="0.00"/>
        <vehicle id="5" x="398.35" y="10.48" angle="0.00" type="DEFAULT_VEHTYPE" speed="13.10" pos="184.77" lane="2/1to2/0_0" slope="0.00"/>
        <vehicle id="7" x="401.65" y="81.19" angle="180.00" type="DEFAULT_VEHTYPE" speed="13.04" pos="81.19" lane="2/0to2/1_0" slope="0.00"/>
        <vehicle id="8" x="198.35" y="360.24" angle="0.00" type="DEFAULT_VEHTYPE" speed="13.76" pos="35.01" lane="1/2to1/1_0" slope="0.00"/>
        <vehicle id="9" x="219.48" y="401.65" angle="-90.00" type="DEFAULT_VEHTYPE" speed="9.80" pos="175.77" lane="2/2to1/2_0" slope="0.00"/>
    </timestep>
    <timestep time="667.00">
        <vehicle id="0" x="327.21" y="198.35" angle="90.00" type="DEFAULT_VEHTYPE" speed="12.78" pos="122.46" lane="1/1to2/1_0" slope="0.00"/>
        <vehicle id="1" x="198.35" y="24.11" angle="0.00" type="DEFAULT_VEHTYPE" speed="13.42" pos="171.14" lane="1/1to1/0_0" slope="0.00"/>
        <vehicle id="10" x="3.57" y="198.35" angle="80.52" type="DEFAULT_VEHTYPE" speed="13.83" pos="3.57" lane="0/1to1/1_0" slope="0.00"/>
        <vehicle id="11" x="398.35" y="250.29" angle="0.00" type="DEFAULT_VEHTYPE" speed="13.53" pos="144.96" lane="2/2to2/1_0" slope="0.00"/>
        <vehicle id="12" x="398.35" y="43.04" angle="0.00" type="DEFAULT_VEHTYPE" speed="12.71" pos="152.21" lane="2/1to2/0_0" slope="0.00"/>
        <vehicle id="13" x="177.37" y="201.65" angle="-90.00" type="DEFAULT_VEHTYPE" speed="12.95" pos="17.88" lane="1/1to0/1_0" slope="0.00"/>
        <vehicle id="14" x="595.20" y="198.35" angle="90.00" type="DEFAULT_VEHTYPE" speed="5.46" pos="190.45" lane="2/1to3/1_0" slope="0.00"/>
        <vehicle id="4" x="508.80" y="401.65" angle="-90.00" type="DEFAULT_VEHTYPE" speed="13.88" pos="86.45" lane="3/2to2/2_0" slope="0.00"/>
        <vehicle id="5" x="399.94" y="-1.62" angle="20.40" type="DEFAULT_VEHTYPE" speed="12.82" pos="2.35" lane=":2/0_0_0" slope="0.00"/>
        <vehicle id="7" x="401.65" y="94.25" angle="180.00" type="DEFAULT_VEHTYPE" speed="13.06" pos="94.25" lane="2/0to2/1_0" slope="0.00"/>
        <vehicle id="8" x="198.35" y="347.52" angle="0.00" type="DEFAULT_VEHTYPE" speed="12.72" pos="47.73" lane="1/2to1/1_0" slope="0.00"/>
        <vehicle id="9" x="213.71" y="401.65" angle="-90.00" type="DEFAULT_VEHTYPE" speed="5.78" pos="181.54" lane="2/2to1/2_0" slope="0.00"/>
    </timestep>
    <timestep time="668.00">
        <vehicle id="0" x="339.82" y="198.35" angle="90.00" type="DEFAULT_VEHTYPE" speed="12.61" pos="135.07" lane="1/1to2/1_0" slope="0.00"/>
        <vehicle id="1" x="198.35" y="11.23" angle="0.00" type="DEFAULT_VEHTYPE" speed="12.88" pos="184.02" lane="1/1to1/0_0" slope="0.00"/>
        <vehicle id="10" x="16.66" y="198.35" angle="90.00" type="DEFAULT_VEHTYPE" speed="13.08" pos="16.66" lane="0/1to1/1_0" slope="0.00"/>
        <vehicle id="11" x="398.35" y="237.43" angle="0.00" type="DEFAULT_VEHTYPE" speed="12.86" pos="157.82" lane="2/2to2/1_0" slope="0.00"/>
        <vehicle id="12" x="398.35" y="30.39" angle="0.00" type="DEFAULT_VEHTYPE" speed="12.65" pos="164.86" lane="2/1to2/0_0" slope="0.00"/>
        <vehicle id="13" x="163.89" y="201.65" angle="-90.00" type="DEFAULT_VEHTYPE" speed="13.48" pos="31.36" lane="1/1to0/1_0" slope="0.00"/>
        <vehicle id="14" x="602.54" y="198.35" angle="90.00" type="DEFAULT_VEHTYPE" speed="7.34" pos="7.29" lane=":3/1_13_0" slope="0.00"/>
        <vehicle id="4" x="495.30" y="401.65" angle="-90.00" type="DEFAULT_VEHTYPE" speed="13.50" pos="99.95" lane="3/2to2/2_0" slope="0.00"/>
        <vehicle id="5" x="401.65" y="11.00" angle="180.00" type="DEFAULT_VEHTYPE" speed="13.48" pos="11.00" lane="2/0to2/1_0" slope="0.00"/>
        <vehicle id="7" x="401.65" y="107.42" angle="180.00" type="DEFAULT_VEHTYPE" speed="13.17" pos="107.42" lane="2/0to2/1_0" slope="0.00"/>
        <vehicle id="8" x="198.35" y="333.70" angle="0.00" type="DEFAULT_VEHTYPE" speed="13.82" pos="61.55" lane="1/2to1/1_0" slope="0.00"/>
        <vehicle id="9" x="210.05" y="401.65" angle="-90.00" type="DEFAULT_VEHTYPE" speed="3.65" pos="185.20" lane="2/2to1/2_0" slope="0.00"/>
    </timestep>
    <timestep time="669.00">
        <vehicle id="0" x="353.64" y="198.35" angle="90.00" type="DEFAULT_VEHTYPE" speed="13.82" pos="148.89" lane="1/1to2/1_0" slope="0.00"/>
        <vehicle id="1" x="199.78" y="-1.54" angle="18.13" type="DEFAULT_VEHTYPE" speed="13.40" pos="2.17" lane=":1/0_0_0" slope="0.00"/>
        <vehicle id="10" x="29.97" y="198.35" angle="90.00" type="DEFAULT_VEHTYPE" speed="13.32" pos="29.97" lane="0/1to1/1_0" slope="0.00"/>
        <vehicle id="11" x="398.35" y="224.05" angle="0.00" type="DEFAULT_VEHTYPE" speed="13.39" pos="171.20" lane="2/2to2/1_0" slope="0.00"/>
        <vehicle id="12" x="398.35" y="16.96" angle="0.00" type="DEFAULT_VEHTYPE" speed="13.43" pos="178.29" lane="2/1to2/0_0" slope="0.00"/>
        <vehicle id="13" x="150.08" y="201.65" angle="-90.00" type="DEFAULT_VEHTYPE" speed="13.81" pos="45.17" lane="1/1to0/1_0" slope="0.00"/>
        <vehicle id="14" x="611.54" y="198.35" angle="90.00" type="DEFAULT_VEHTYPE" speed="9.00" pos="6.79" lane="3/1to4/1_0" slope="0.00"/>
        <vehicle id="4" x="482.47" y="401.65" angle="-90.00" type="DEFAULT_VEHTYPE" speed="12.83" pos="112.78" lane="3/2to2/2_0" slope="0.00"/>
        <vehicle id="5" x="401.65" y="24.66" angle="180.00" type="DEFAULT_VEHTYPE" speed="13.66" pos="24.66" lane="2/0to2/1_0" slope="0.00"/>
        <vehicle id="7" x="401.65" y="121.24" angle="180.00" type="DEFAULT_VEHTYPE" speed="13.83" pos="121.24" lane="2/0to2/1_0" slope="0.00"/>
        <vehicle id="8" x="198.35" y="320.37" angle="0.00" type="DEFAULT_VEHTYPE" speed="13.32" pos="74.88" lane="1/2to1/1_0" slope="0.00"/>
        <vehicle id="9" x="204.47" y="401.65" angle="-90.00" type="DEFAULT_VEHTYPE" speed="5.59" pos="0.28" lane=":1/2_5_0" slope="0.00"/>
    </timestep>
    <timestep time="670.00">
        <vehicle id="0" x="367.25" y="198.35" angle="90.00" type="DEFAULT_VEHTYPE" speed="13.61" pos="162.50" lane="1/1to2/1_0" slope="0.00"/>
        <vehicle id="1" x="201.65" y="10.92" angle="180.00" type="DEFAULT_VEHTYPE" speed="13.57" pos="10.92" lane="1/0to1/1_0" slope="0.00"/>
        <vehicle id="10" x="43.48" y="198.35" angle="90.00" type="DEFAULT_VEHTYPE" speed="13.51" pos="43.48" lane="0/1to1/1_0" slope="0.00"/>
        <vehicle id="11" x="398.35" y="210.80" angle="0.00" type="DEFAULT_VEHTYPE" speed="13.25" pos="184.45" lane="2/2to2/1_0" slope="0.00"/>
        <vehicle id="12" x="398.35" y="3.33" angle="0.00" type="DEFAULT_VEHTYPE" speed="13.63" pos="191.92" lane="2/1to2/0_0" slope="0.00"/>
        <vehicle id="13" x="137.45" y="201.65" angle="-90.00" type="DEFAULT_VEHTYPE" speed="12.64" pos="57.80" lane="1/1to0/1_0" slope="0.00"/>
        <vehicle id="14" x="622.28" y="198.35" angle="90.00" type="DEFAULT_VEHTYPE" speed="10.74" pos="17.53" lane="3/1to4/1_0" slope="0.00"/>
        <vehicle id="4" x="469.79" y="401.65" angle="-90.00" type="DEFAULT_VEHTYPE" speed="12.68" pos="125.46" lane="3/2to2/2_0" slope="0.00"/>
        <vehicle id="5" x="401.65" y="37.56" angle="180.00" type="DEFAULT_VEHTYPE" speed="12.90" pos="37.56" lane="2/0to2/1_0" slope="0.00"/>
        <vehicle id="7" x="401.65" y="134.49" angle="180.00" type="DEFAULT_VEHTYPE" speed="13.25" pos="134.49" lane="2/0to2/1_0" slope="0.00"/>
        <vehicle id="8" x="198.35" y="307.32" angle="0.00" type="DEFAULT_VEHTYPE" speed="13.06" pos="87.93" lane="1/2to1/1_0" slope="0.00"/>
        <vehicle id="9" x="197.33" y="401.65" angle="-90.00" type="DEFAULT_VEHTYPE" speed="7.14" pos="7.42" lane=":1/2_5_0" slope="0.00"/>
    </timestep>
    <timestep time="671.00">
        <vehicle id="0" x="377.96" y="198.35" angle="90.00" type="DEFAULT_VEHTYPE" speed="10.71" pos="173.21" lane="1/1to2/1_0" slope="0.00"/>
        <vehicle id="1" x="201.65" y="24.55" angle="180.00" type="DEFAULT_VEHTYPE" speed="13.63" pos="24.55" lane="1/0to1/1_0" slope="0.00"/>
        <vehicle id="10" x="56.35" y="198.35" angle="90.00" type="DEFAULT_VEHTYPE" speed="12.87" pos="56.35" lane="0/1to1/1_0" slope="0.00"/>
        <vehicle id="11" x="398.35" y="197.43" angle="0.00" type="DEFAULT_VEHTYPE" speed="13.36" pos="7.32" lane=":2/1_1_0" slope="0.00"/>
        <vehicle id="12" x="401.65" y="4.81" angle="178.77" type="DEFAULT_VEHTYPE" speed="12.96" pos="4.81" lane="2/0to2/1_0" slope="0.00"/>
        <vehicle id="13" x="124.03" y="201.65" angle="-90.00" type="DEFAULT_VEHTYPE" speed="13.42" pos="71.22" lane="1/1to0/1_0" slope="0.00"/>
        <vehicle id="14" x="634.59" y="198.35" angle="90.00" type="DEFAULT_VEHTYPE" speed="12.31" pos="29.84" lane="3/1to4/1_0" slope="0.00"/>
        <vehicle id="4" x="457.00" y="401.65" angle="-90.00" type="DEFAULT_VEHTYPE" speed="12.79" pos="138.25" lane="3/2to2/2_0" slope="0.00"/>
        <vehicle id="5" x="401.65" y="50.27" angle="180.00" type="DEFAULT_VEHTYPE" speed="12.71" pos="50.27" lane="2/0to2/1_0" slope="0.00"/>
        <vehicle id="7" x="401.65" y="147.20" angle="180.00" type="DEFAULT_VEHTYPE" speed="12.71" pos="147.20" lane="2/0to2/1_0" slope="0.00"/>
        <vehicle id="8" x="198.35" y="294.66" angle="0.00" type="DEFAULT_VEHTYPE" speed="12.66" pos="100.59" lane="1/2to1/1_0" slope="0.00"/>
        <vehicle id="9" x="188.51" y="401.65" angle="-90.00" type="DEFAULT_VEHTYPE" speed="8.82" pos="6.74" lane="1/2to0/2_0" slope="0.00"/>
    </timestep>
    <timestep time="672.00">
        <vehicle id="0" x="385.10" y="198.35" angle="90.00" type="DEFAULT_VEHTYPE" speed="7.13" pos="180.35" lane="1/1to2/1_0" slope="0.00"/>
        <vehicle id="1" x="201.65" y="37.55" angle="180.00" type="DEFAULT_VEHTYPE" speed="13.00" pos="37.55" lane="1/0to1/1_0" slope="0.00"/>
        <vehicle id="10" x="69.39" y="198.35" angle="90.00" type="DEFAULT_VEHTYPE" speed="13.04" pos="69.39" lane="0/1to1/1_0" slope="0.00"/>
        <vehicle id="11" x="398.35" y="184.08" angle="0.00" type="DEFAULT_VEHTYPE" speed="13.35" pos="11.17" lane="2/1to2/0_0" slope="0.00"/>
        <vehicle id="12" x="401.65" y="18.53" angle="180.00" type="DEFAULT_VEHTYPE" speed="13.72" pos="18.53" lane="2/0to2/1_0" slope="0.00"/>
        <vehicle id="13" x="111.37" y="201.65" angle="-90.00" type="DEFAULT_VEHTYPE" speed="12.66" pos="83.88" lane="1/1to0/1_0" slope="0.00"/>
        <vehicle id="14" x="647.99" y="198.35" angle="90.00" type="DEFAULT_VEHTYPE" speed="13.40" pos="43.24" lane="3/1to4/1_0" slope="0.00"/>
        <vehicle id="4" x="443.22" y="401.65" angle="-90.00" type="DEFAULT_VEHTYPE" speed="13.79" pos="152.03" lane="3/2to2/2_0" slope="0.00"/>
        <vehicle id="5" x="401.65" y="63.38" angle="180.00" type="DEFAULT_VEHTYPE" speed="13.11" pos="63.38" lane="2/0to2/1_0" slope="0.00"/>
        <vehicle id="7" x="401.65" y="160.23" angle="180.00" type="DEFAULT_VEHTYPE" speed="13.03" pos="160.23" lane="2/0to2/1_0" slope="0.00"/>
        <vehicle id="8" x="198.35" y="281.92" angle="0.00" type="DEFAULT_VEHTYPE" speed="12.74" pos="113.33" lane="1/2to1/1_0" slope="0.00"/>
        <vehicle id="9" x="177.13" y="401.65" angle="-90.00" type="DEFAULT_VEHTYPE" speed="11.39" pos="18.12" lane="1/2to0/2_0" slope="0.00"/>
    </timestep>
    <timestep time="673.00">
        <vehicle id="0" x="389.66" y="198.35" angle="90.00" type="DEFAULT_VEHTYPE" speed="4.56" pos="184.91" lane="1/1to2/1_0" slope="0.00"/>
        <vehicle id="1" x="201.65" y="50.62" angle="180.00" type="DEFAULT_VEHTYPE" speed="13.07" pos="50.62" lane="1/0to1/1_0" slope="0.00"/>
        <vehicle id="10" x="82.39" y="198.35" angle="90.00" type="DEFAULT_VEHTYPE" speed="13.00" pos="82.39" lane="0/1to1/1_0" slope="0.00"/>
        <vehicle id="11" x="398.35" y="171.12" angle="0.00" type="DEFAULT_VEHTYPE" speed="12.96" pos="24.13" lane="2/1to2/0_0" slope="0.00"/>
        <vehicle id="12" x="401.65" y="31.34" angle="180.00" type="DEFAULT_VEHTYPE" speed="12.81" pos="31.34" lane="2/0to2/1_0" slope="0.00"/>
        <vehicle id="13" x="98.47" y="201.65" angle="-90.00" type="DEFAULT_VEHTYPE" speed="12.90" pos="96.78" lane="1/1to0/1_0" slope="0.00"/>
        <vehicle id="14" x="660.99" y="198.35" angle="90.00" type="DEFAULT_VEHTYPE" speed="13.00" pos="56.24" lane="3/1to4/1_0" slope="0.00"/>
        <vehicle id="4" x="430.37" y="401.65" angle="-90.00" type="DEFAULT_VEHTYPE" speed="12.85" pos="164.88" lane="3/2to2/2_0" slope="0.00"/>
        <vehicle id="5" x="401.65" y="76.62" angle="180.00" type="DEFAULT_VEHTYPE" speed="13.24" pos="76.62" lane="2/0to2/1_0" slope="0.00"/>
        <vehicle id="7" x="401.65" y="172.98" angle="180.00" type="DEFAULT_VEHTYPE" speed="12.75" pos="172.98" lane="2/0to2/1_0" slope="0.00"/>
        <vehicle id="8" x="198.35" y="268.36" angle="0.00" type="DEFAULT_VEHTYPE" speed="13.57" pos="126.89" lane="1/2to1/1_0" slope="0.00"/>
        <vehicle id="9" x="164.45" y="401.65" angle="-90.00" type="DEFAULT_VEHTYPE" speed="12.67" pos="30.80" lane="1/2to0/2_0" slope="0.00"/>
    </timestep>
    <timestep time="674.00">
        <vehicle id="0" x="391.45" y="198.35" angle="90.00" type="DEFAULT_VEHTYPE" speed="1.79" pos="186.70" lane="1/1to2/1_0" slope="0.00"/>
        <vehicle id="1" x="201.65" y="63.60" angle="180.00" type="DEFAULT_VEHTYPE" speed="12.98" pos="63.60" lane="1/0to1/1_0" slope="0.00"/>
        <vehicle id="10" x="96.07" y="198.35" angle="90.00" type="DEFAULT_VEHTYPE" speed="13.68" pos="96.07" lane="0/1to1/1_0" slope="0.00"/>
        <vehicle id="11" x="398.35" y="158.14" angle="0.00" type="DEFAULT_VEHTYPE" speed="12.98" pos="37.11" lane="2/1to2/0_0" slope="0.00"/>
        <vehicle id="12" x="401.65" y="44.39" angle="180.00" type="DEFAULT_VEHTYPE" speed="13.04" pos="44.39" lane="2/0to2/1_0" slope="0.00"/>
        <vehicle id="13" x="85.53" y="201.65" angle="-90.00" type="DEFAULT_VEHTYPE" speed="12.94" pos="109.72" lane="1/1to0/1_0" slope="0.00"/>
        <vehicle id="14" x="674.01" y="198.35" angle="90.00" type="DEFAULT_VEHTYPE" speed="13.01" pos="69.26" lane="3/1to4/1_0" slope="0.00"/>
        <vehicle id="4" x="420.44" y="401.65" angle="-90.00" type="DEFAULT_VEHTYPE" speed="9.93" pos="174.81" lane="3/2to2/2_0" slope="0.00"/>
        <vehicle id="5" x="401.65" y="90.49" angle="180.00" type="DEFAULT_VEHTYPE" speed="13.87" pos="90.49" lane="2/0to2/1_0" slope="0.00"/>
        <vehicle id="7" x="401.65" y="185.71" angle="180.00" type="DEFAULT_VEHTYPE" speed="12.73" pos="185.71" lane="2/0to2/1_0" slope="0.00"/>
        <vehicle id="8" x="198.35" y="255.70" angle="0.00" type="DEFAULT_VEHTYPE" speed="12.66" pos="139.55" lane="1/2to1/1_0" slope="0.00"/>
        <vehicle id="9" x="151.72" y="401.65" angle="-90.00" type="DEFAULT_VEHTYPE" speed="12.74" pos="43.53" lane="1/2to0/2_0" slope="0.00"/>
    </timestep>
    <timestep time="675.00">
        <vehicle id="0" x="392.45" y="198.35" angle="90.00" type="DEFAULT_VEHTYPE" speed="1.00" pos="187.70" lane="1/1to2/1_0" slope="0.00"/>
        <vehicle id="1" x="201.65" y="77.40" angle="180.00" type="DEFAULT_VEHTYPE" speed="13.80" pos="77.40" lane="1/0to1/1_0" slope="0.00"/>
        <vehicle id="10" x="108.95" y="198.35" angle="90.00" type="DEFAULT_VEHTYPE" speed="12.88" pos="108.95" lane="0/1to1/1_0" slope="0.00"/>
        <vehicle id="11" x="398.35" y="144.60" angle="0.00" type="DEFAULT_VEHTYPE" speed="13.54" pos="50.65" lane="2/1to2/0_0" slope="0.00"/>
        <vehicle id="12" x="401.65" y="57.63" angle="180.00" type="DEFAULT_VEHTYPE" speed="13.25" pos="57.63" lane="2/0to2/1_0" slope="0.00"/>
        <vehicle id="13" x="72.27" y="201.65" angle="-90.00" type="DEFAULT_VEHTYPE" speed="13.26" pos="122.98" lane="1/1to0/1_0" slope="0.00"/>
        <vehicle id="14" x="686.95" y="198.35" angle="90.00" type="DEFAULT_VEHTYPE" speed="12.95" pos="82.20" lane="3/1to4/1_0" slope="0.00"/>
        <vehicle id="4" x="413.57" y="401.65" angle="-90.00" type="DEFAULT_VEHTYPE" speed="6.87" pos="181.68" lane="3/2to2/2_0" slope="0.00"/>
        <vehicle id="5" x="401.65" y="103.55" angle="180.00" type="DEFAULT_VEHTYPE" speed="13.07" pos="103.55" lane="2/0to2/1_0" slope="0.00"/>
        <vehicle id="7" x="403.04" y="197.95" angle="162.78" type="DEFAULT_VEHTYPE" speed="12.76" pos="3.22" lane=":2/1_8_0" slope="0.00"/>
        <vehicle id="8" x="198.35" y="242.43" angle="0.00" type="DEFAULT_VEHTYPE" speed="13.26" pos="152.82" lane="1/2to1/1_0" slope="0.00"/>
        <vehicle id="9" x="138.04" y="401.65" angle="-90.00" type="DEFAULT_VEHTYPE" speed="13.67" pos="57.21" lane="1/2to0/2_0" slope="0.00"/>
    </timestep>
    <timestep time="676.00">
        <vehicle id="0" x="396.01" y="198.35" angle="90.00" type="DEFAULT_VEHTYPE" speed="3.56" pos="0.76" lane=":2/1_13_0" slope="0.00"/>
        <vehicle id="1" x="201.65" y="90.21" angle="180.00" type="DEFAULT_VEHTYPE" speed="12.80" pos="90.21" lane="1/0to1/1_0" slope="0.00"/>
        <vehicle id="10" x="121.91" y="198.35" angle="90.00" type="DEFAULT_VEHTYPE" speed="12.96" pos="121.91" lane="0/1to1/1_0" slope="0.00"/>
        <vehicle id="11" x="398.35" y="131.26" angle="0.00" type="DEFAULT_VEHTYPE" speed="13.34" pos="63.99" lane="2/1to2/0_0" slope="0.00"/>
        <vehicle id="12" x="401.65" y="70.69" angle="180.00" type="DEFAULT_VEHTYPE" speed="13.05" pos="70.69" lane="2/0to2/1_0" slope="0.00"/>
        <vehicle id="13" x="59.03" y="201.65" angle="-90.00" type="DEFAULT_VEHTYPE" speed="13.23" pos="136.22" lane="1/1to0/1_0" slope="0.00"/>
        <vehicle id="14" x="700.56" y="198.35" angle="90.00" type="DEFAULT_VEHTYPE" speed="13.61" pos="95.81" lane="3/1to4/1_0" slope="0.00"/>
        <vehicle id="4" x="409.79" y="401.65" angle="-90.00" type="DEFAULT_VEHTYPE" speed="3.78" pos="185.46" lane="3/2to2/2_0" slope="0.00"/>
        <vehicle id="5" x="401.65" y="116.26" angle="180.00" type="DEFAULT_VEHTYPE" speed="12.70" pos="116.26" lane="2/0to2/1_0" slope="0.00"/>
        <vehicle id="7" x="416.12" y="198.35" angle="90.00" type="DEFAULT_VEHTYPE" speed="13.15" pos="11.37" lane="2/1to3/1_0" slope="0.00"/>
        <vehicle id="8" x="198.35" y="228.61" angle="0.00" type="DEFAULT_VEHTYPE" speed="13.82" pos="166.64" lane="1/2to1/1_0" slope="0.00"/>
        <vehicle id="9" x="124.89" y="401.65" angle="-90.00" type="DEFAULT_VEHTYPE" speed="13.15" pos="70.36" lane="1/2to0/2_0" slope="0.00"/>
    </timestep>
    <timestep time="677.00">
        <vehicle id="0" x="400.89" y="198.35" angle="90.00" type="DEFAULT_VEHTYPE" speed="4.88" pos="5.64" lane=":2/1_13_0" slope="0.00"/>
        <vehicle id="1" x="201.65" y="103.37" angle="180.00" type="DEFAULT_VEHTYPE" speed="13.16" pos="103.37" lane="1/0to1/1_0" slope="0.00"/>
        <vehicle id="10" x="135.48" y="198.35" angle="90.00" type="DEFAULT_VEHTYPE" speed="13.57" pos="135.48" lane="0/1to1/1_0" slope="0.00"/>
        <vehicle id="11" x="398.35" y="117.41" angle="0.00" type="DEFAULT_VEHTYPE" speed="13.85" pos="77.84" lane="2/1to2/0_0" slope="0.00"/>
        <vehicle id="12" x="401.65" y="84.16" angle="180.00" type="DEFAULT_VEHTYPE" speed="13.48" pos="84.16" lane="2/0to2/1_0" slope="0.00"/>
        <vehicle id="13" x="45.63" y="201.65" angle="-90.00" type="DEFAULT_VEHTYPE" speed="13.40" pos="149.62" lane="1/1to0/1_0" slope="0.00"/>
        <vehicle id="14" x="714.04" y="198.35" angle="90.00" type="DEFAULT_VEHTYPE" speed="13.48" pos="109.29" lane="3/1to4/1_0" slope="0.00"/>
        <vehicle id="4" x="403.56" y="401.48" angle="-88.04" type="DEFAULT_VEHTYPE" speed="6.25" pos="1.21" lane=":2/2_6_0" slope="0.00"/>
        <vehicle id="5" x="401.65" y="129.64" angle="180.00" type="DEFAULT_VEHTYPE" speed="13.38" pos="129.64" lane="2/0to2/1_0" slope="0.00"/>
        <vehicle id="7" x="429.20" y="198.35" angle="90.00" type="DEFAULT_VEHTYPE" speed="13.08" pos="24.45" lane="2/1to3/1_0" slope="0.00"/>
        <vehicle id="8" x="198.35" y="215.28" angle="0.00" type="DEFAULT_VEHTYPE" speed="13.34" pos="179.97" lane="1/2to1/1_0" slope="0.00"/>
        <vehicle id="9" x="111.88" y="401.65" angle="-90.00" type="DEFAULT_VEHTYPE" speed="13.01" pos="83.37" lane="1/2to0/2_0" slope="0.00"/>
    </timestep>
    <timestep time="678.00">
        <vehicle id="0" x="407.29" y="198.35" angle="90.00" type="DEFAULT_VEHTYPE" speed="6.40" pos="2.54" lane="2/1to3/1_0" slope="0.00"/>
        <vehicle id="1" x="201.65" y="116.40" angle="180.00" type="DEFAULT_VEHTYPE" speed="13.04" pos="116.40" lane="1/0to1/1_0" slope="0.00"/>
        <vehicle id="10" x="149.00" y="198.35" angle="90.00" type="DEFAULT_VEHTYPE" speed="13.52" pos="149.00" lane="0/1to1/1_0" slope="0.00"/>
        <vehicle id="11" x="398.35" y="104.00" angle="0.00" type="DEFAULT_VEHTYPE" speed="13.41" pos="91.25" lane="2/1to2/0_0" slope="0.00"/>
        <vehicle id="12" x="401.65" y="97.50" angle="180.00" type="DEFAULT_VEHTYPE" speed="13.34" pos="97.50" lane="2/0to2/1_0" slope="0.00"/>
        <vehicle id="13" x="31.80" y="201.65" angle="-90.00" type="DEFAULT_VEHTYPE" speed="13.83" pos="163.45" lane="1/1to0/1_0" slope="0.00"/>
        <vehicle id="14" x="726.65" y="198.35" angle="90.00" type="DEFAULT_VEHTYPE" speed="12.61" pos="121.90" lane="3/1to4/1_0" slope="0.00"/>
        <vehicle id="4" x="398.41" y="395.69" angle="-21.62" type="DEFAULT_VEHTYPE" speed="8.66" pos="9.87" lane=":2/2_6_0" slope="0.00"/>
        <vehicle id="5" x="401.65" y="143.16" angle="180.00" type="DEFAULT_VEHTYPE" speed="13.53" pos="143.16" lane="2/0to2/1_0" slope="0.00"/>
        <vehicle id="7" x="442.04" y="198.35" angle="90.00" type="DEFAULT_VEHTYPE" speed="12.84" pos="37.29" lane="2/1to3/1_0" slope="0.00"/>
        <vehicle id="8" x="196.95" y="202.04" angle="-17.42" type="DEFAULT_VEHTYPE" speed="13.76" pos="3.24" lane=":1/1_0_0" slope="0.00"/>
        <vehicle id="9" x="98.54" y="401.65" angle="-90.00" type="DEFAULT_VEHTYPE" speed="13.34" pos="96.71" lane="1/2to0/2_0" slope="0.00"/>
    </timestep>
    <timestep time="679.00">
        <vehicle id="0" x="415.49" y="198.35" angle="90.00" type="DEFAULT_VEHTYPE" speed="8.20" pos="10.74" lane="2/1to3/1_0" slope="0.00"/>
        <vehicle id="1" x="201.65" y="129.94" angle="180.00" type="DEFAULT_VEHTYPE" speed="13.54" pos="129.94" lane="1/0to1/1_0" slope="0.00"/>
        <vehicle id="10" x="162.33" y="198.35" angle="90.00" type="DEFAULT_VEHTYPE" speed="13.33" pos="162.33" lane="0/1to1/1_0" slope="0.00"/>
        <vehicle id="11" x="398.35" y="91.34" angle="0.00" type="DEFAULT_VEHTYPE" speed="12.65" pos="103.91" lane="2/1to2/0_0" slope="0.00"/>
        <vehicle id="12" x="401.65" y="111.32" angle="180.00" type="DEFAULT_VEHTYPE" speed="13.82" pos="111.32" lane="2/0to2/1_0" slope="0.00"/>
        <vehicle id="13" x="18.07" y="201.65" angle="-90.00" type="DEFAULT_VEHTYPE" speed="13.72" pos="177.18" lane="1/1to0/1_0" slope="0.00"/>
        <vehicle id="14" x="740.19" y="198.35" angle="90.00" type="DEFAULT_VEHTYPE" speed="13.54" pos="135.44" lane="3/1to4/1_0" slope="0.00"/>
        <vehicle id="4" x="398.35" y="385.59" angle="0.00" type="DEFAULT_VEHTYPE" speed="10.11" pos="9.66" lane="2/2to2/1_0" slope="0.00"/>
        <vehicle id="5" x="401.65" y="156.64" angle="180.00" type="DEFAULT_VEHTYPE" speed="13.47" pos="156.64" lane="2/0to2/1_0" slope="0.00"/>
        <vehicle id="7" x="455.63" y="198.35" angle="90.00" type="DEFAULT_VEHTYPE" speed="13.58" pos="50.88" lane="2/1to3/1_0" slope="0.00"/>
        <vehicle id="8" x="183.84" y="201.65" angle="-90.00" type="DEFAULT_VEHTYPE" speed="13.17" pos="11.41" lane="1/1to0/1_0" slope="0.00"/>
        <vehicle id="9" x="85.89" y="401.65" angle="-90.00" type="DEFAULT_VEHTYPE" speed="12.65" pos="109.36" lane="1/2to0/2_0" slope="0.00"/>
    </timestep>
    <timestep time="680.00">
        <vehicle id="0" x="425.88" y="198.35" angle="90.00" type="DEFAULT_VEHTYPE" speed="10.39" pos="21.13" lane="2/1to3/1_0" slope="0.00"/>
        <vehicle id="1" x="201.65" y="143.60" angle="180.00" type="DEFAULT_VEHTYPE" speed="13.66" pos="143.60" lane="1/0to1/1_0" slope="0.00"/>
        <vehicle id="10" x="174.24" y="198.35" angle="90.00" type="DEFAULT_VEHTYPE" speed="11.91" pos="174.24" lane="0/1to1/1_0" slope="0.00"/>
        <vehicle id="11" x="398.35" y="78.03" angle="0.00" type="DEFAULT_VEHTYPE" speed="13.31" pos="117.22" lane="2/1to2/0_0" slope="0.00"/>
        <vehicle id="12" x="401.65" y="124.94" angle="180.00" type="DEFAULT_VEHTYPE" speed="13.62" pos="124.94" lane="2/0to2/1_0" slope="0.00"/>
        <vehicle id="13" x="4.41" y="201.65" angle="-90.00" type="DEFAULT_VEHTYPE" speed="13.67" pos="190.84" lane="1/1to0/1_0" slope="0.00"/>
        <vehicle id="14" x="753.63" y="198.35" angle="90.00" type="DEFAULT_VEHTYPE" speed="13.44" pos="148.88" lane="3/1to4/1_0" slope="0.00"/>
        <vehicle id="4" x="398.35" y="373.25" angle="0.00" type="DEFAULT_VEHTYPE" speed="12.34" pos="22.00" lane="2/2to2/1_0" slope="0.00"/>
        <vehicle id="5" x="401.65" y="169.51" angle="180.00" type="DEFAULT_VEHTYPE" speed="12.88" pos="169.51" lane="2/0to2/1_0" slope="0.00"/>
        <vehicle id="7" x="469.48" y="198.35" angle="90.00" type="DEFAULT_VEHTYPE" speed="13.85" pos="64.73" lane="2/1to3/1_0" slope="0.00"/>
        <vehicle id="8" x="170.52" y="201.65" angle="-90.00" type="DEFAULT_VEHTYPE" speed="13.33" pos="24.73" lane="1/1to0/1_0" slope="0.00"/>
        <vehicle id="9" x="72.21" y="401.65" angle="-90.00" type="DEFAULT_VEHTYPE" speed="13.68" pos="123.04" lane="1/2to0/2_0" slope="0.00"/>
    </timestep>
    <timestep time="681.00">
        <vehicle id="0" x="438.15" y="198.35" angle="90.00" type="DEFAULT_VEHTYPE" speed="12.27" pos="33.40" lane="2/1to3/1_0" slope="0.00"/>
        <vehicle id="1" x="201.65" y="156.80" angle="180.00" type="DEFAULT_VEHTYPE" speed="13.20" pos="156.80" lane="1/0to1/1_0" slope="0.00"/>
        <vehicle id="10" x="183.11" y="198.35" angle="90.00" type="DEFAULT_VEHTYPE" speed="8.88" pos="183.11" lane="0/1to1/1_0" slope="0.00"/>
        <vehicle id="11" x="398.35" y="64.53" angle="0.00" type="DEFAULT_VEHTYPE" speed="13.50" pos="130.72" lane="2/1to2/0_0" slope="0.00"/>
        <vehicle id="12" x="401.65" y="137.71" angle="180.00" type="DEFAULT_VEHTYPE" speed="12.78" pos="137.71" lane="2/0to2/1_0" slope="0.00"/>
        <vehicle id="13" x="3.49" y="198.35" angle="79.85" type="DEFAULT_VEHTYPE" speed="12.71" pos="3.49" lane="0/1to1/1_0" slope="0.00"/>
        <vehicle id="14" x="766.95" y="198.35" angle="90.00" type="DEFAULT_VEHTYPE" speed="13.32" pos="162.20" lane="3/1to4/1_0" slope="0.00"/>
        <vehicle id="4" x="398.35" y="359.68" angle="0.00" type="DEFAULT_VEHTYPE" speed="13.57" pos="35.57" lane="2/2to2/1_0" slope="0.00"/>
        <vehicle id="5" x="401.65" y="182.66" angle="180.00" type="DEFAULT_VEHTYPE" speed="13.15" pos="182.66" lane="2/0to2/1_0" slope="0.00"/>
        <vehicle id="7" x="482.70" y="198.35" angle="90.00" type="DEFAULT_VEHTYPE" speed="13.22" pos="77.95" lane="2/1to3/1_0" slope="0.00"/>
        <vehicle id="8" x="157.74" y="201.65" angle="-90.00" type="DEFAULT_VEHTYPE" speed="12.78" pos="37.51" lane="1/1to0/1_0" slope="0.00"/>
        <vehicle id="9" x="59.42" y="401.65" angle="-90.00" type="DEFAULT_VEHTYPE" speed="12.79" pos="135.83" lane="1/2to0/2_0" slope="0.00"/>
    </timestep>
    <timestep time="682.00">
        <vehicle id="0" x="451.88" y="198.35" angle="90.00" type="DEFAULT_VEHTYPE" speed="13.73" pos="47.13" lane="2/1to3/1_0" slope="0.00"/>
        <vehicle id="1" x="201.65" y="170.36" angle="180.00" type="DEFAULT_VEHTYPE" speed="13.56" pos="170.36" lane="1/0to1/1_0" slope="0.00"/>
        <vehicle id="10" x="187.69" y="198.35" angle="90.00" type="DEFAULT_VEHTYPE" speed="4.58" pos="187.69" lane="0/1to1/1_0" slope="0.00"/>
        <vehicle id="11" x="398.35" y="50.64" angle="0.00" type="DEFAULT_VEHTYPE" speed="13.89" pos="144.61" lane="2/1to2/0_0" slope="0.00"/>
        <vehicle id="12" x="401.65" y="151.24" angle="180.00" type="DEFAULT_VEHTYPE" speed="13.53" pos="151.24" lane="2/0to2/1_0" slope="0.00"/>
        <vehicle id="13" x="16.55" y="198.35" angle="90.00" type="DEFAULT_VEHTYPE" speed="13.07" pos="16.55" lane="0/1to1/1_0" slope="0.00"/>
        <vehicle id="14" x="780.58" y="198.35" angle="90.00" type="DEFAULT_VEHTYPE" speed="13.63" pos="175.83" lane="3/1to4/1_0" slope="0.00"/>
        <vehicle id="4" x="398.35" y="346.90" angle="0.00" type="DEFAULT_VEHTYPE" speed="12.77" pos="48.35" lane="2/2to2/1_0" slope="0.00"/>
        <vehicle id="5" x="401.72" y="195.77" angle="179.16" type="DEFAULT_VEHTYPE" speed="13.11" pos="0.53" lane=":2/1_8_0" slope="0.00"/>
        <vehicle id="7" x="495.47" y="198.35" angle="90.00" type="DEFAULT_VEHTYPE" speed="12.78" pos="90.72" lane="2/1to3/1_0" slope="0.00"/>
        <vehicle id="8" x="144.77" y="201.65" angle="-90.00" type="DEFAULT_VEHTYPE" speed="12.96" pos="50.48" lane="1/1to0/1_0" slope="0.00"/>
        <vehicle id="9" x="46.13" y="401.65" angle="-90.00" type="DEFAULT_VEHTYPE" speed="13.28" pos="149.12" lane="1/2to0/2_0" slope="0.00"/>
    </timestep>
    <timestep time="683.00">
        <vehicle id="0" x="464.62" y="198.35" angle="90.00" type="DEFAULT_VEHTYPE" speed="12.73" pos="59.87" lane="2/1to3/1_0" slope="0.00"/>
        <vehicle id="1" x="201.65" y="183.70" angle="180.00" type="DEFAULT_VEHTYPE" speed="13.35" pos="183.70" lane="1/0to1/1_0" slope="0.00"/>
        <vehicle id="10" x="190.30" y="198.35" angle="90.00" type="DEFAULT_VEHTYPE" speed="2.62" pos="190.30" lane="0/1to1/1_0" slope="0.00"/>
        <vehicle id="11" x="398.35" y="37.96" angle="0.00" type="DEFAULT_VEHTYPE" speed="12.68" pos="157.29" lane="2/1to2/0_0" slope="0.00"/>
        <vehicle id="12" x="401.65" y="164.15" angle="180.00" type="DEFAULT_VEHTYPE" speed="12.91" pos="164.15" lane="2/0to2/1_0" slope="0.00"/>
        <vehicle id="13" x="30.02" y="198.35" angle="90.00" type="DEFAULT_VEHTYPE" speed="13.46" pos="30.02" lane="0/1to1/1_0" slope="0.00"/>
        <vehicle id="14" x="793.73" y="198.35" angle="90.00" type="DEFAULT_VEHTYPE" speed="13.15" pos="188.98" lane="3/1to4/1_0" slope="0.00"/>
        <vehicle id="4" x="398.35" y="334.19" angle="0.00" type="DEFAULT_VEHTYPE" speed="12.71" pos="61.06" lane="2/2to2/1_0" slope="0.00"/>
        <vehicle id="5" x="413.17" y="198.35" angle="90.00" type="DEFAULT_VEHTYPE" speed="12.89" pos="8.42" lane="2/1to3/1_0" slope="0.00"/>
        <vehicle id="7" x="508.18" y="198.35" angle="90.00" type="DEFAULT_VEHTYPE" speed="12.71" pos="103.43" lane="2/1to3/1_0" slope="0.00"/>
        <vehicle id="8" x="131.98" y="201.65" angle="-90.00" type="DEFAULT_VEHTYPE" speed="12.79" pos="63.27" lane="1/1to0/1_0" slope="0.00"/>
        <vehicle id="9" x="33.32" y="401.65" angle="-90.00" type="DEFAULT_VEHTYPE" speed="12.81" pos="161.93" lane="1/2to0/2_0" slope="0.00"/>
    </timestep>
    <timestep time="684.00">
        <vehicle id="0" x="478.48" y="198.35" angle="90.00" type="DEFAULT_VEHTYPE" speed="13.86" pos="73.73" lane="2/1to3/1_0" slope="0.00"/>
        <vehicle id="1" x="201.83" y="196.54" angle="177.93" type="DEFAULT_VEHTYPE" speed="12.85" pos="1.30" lane=":1/1_8_0" slope="0.00"/>
        <vehicle id="10" x="194.95" y="198.35" angle="90.00" type="DEFAULT_VEHTYPE" speed="4.64" pos="194.95" lane="0/1to1/1_0" slope="0.00"/>
        <vehicle id="11" x="398.35" y="24.57" angle="0.00" type="DEFAULT_VEHTYPE" speed="13.39" pos="170.68" lane="2/1to2/0_0" slope="0.00"/>
        <vehicle id="12" x="401.65" y="177.22" angle="180.00" type="DEFAULT_VEHTYPE" speed="13.07" pos="177.22" lane="2/0to2/1_0" slope="0.00"/>
        <vehicle id="13" x="43.01" y="198.35" angle="90.00" type="DEFAULT_VEHTYPE" speed="13.00" pos="43.01" lane="0/1to1/1_0" slope="0.00"/>
        <vehicle id="14" x="798.24" y="201.65" angle="-128.34" type="DEFAULT_VEHTYPE" speed="12.84" pos="1.76" lane="4/1to3/1_0" slope="0.00"/>
        <vehicle id="4" x="398.35" y="320.33" angle="0.00" type="DEFAULT_VEHTYPE" speed="13.86" pos="74.92" lane="2/2to2/1_0" slope="0.00"/>
        <vehicle id="5" x="426.31" y="198.35" angle="90.00" type="DEFAULT_VEHTYPE" speed="13.14" pos="21.56" lane="2/1to3/1_0" slope="0.00"/>
        <vehicle id="7" x="521.94" y="198.35" angle="90.00" type="DEFAULT_VEHTYPE" speed="13.76" pos="117.19" lane="2/1to3/1_0" slope="0.00"/>
        <vehicle id="8" x="118.47" y="201.65" angle="-90.00" type="DEFAULT_VEHTYPE" speed="13.51" pos="76.78" lane="1/1to0/1_0" slope="0.00"/>
        <vehicle id="9" x="19.66" y="401.65" angle="-90.00" type="DEFAULT_VEHTYPE" speed="13.67" pos="175.59" lane="1/2to0/2_0" slope="0.00"/>
    </timestep>
    <timestep time="685.00">
        <vehicle id="0" x="492.22" y="198.35" angle="90.00" type="DEFAULT_VEHTYPE" speed="13.75" pos="87.47" lane="2/1to3/1_0" slope="0.00"/>
        <vehicle id="1" x="213.66" y="198.35" angle="90.00" type="DEFAULT_VEHTYPE" speed="12.61" pos="8.91" lane="1/1to2/1_0" slope="0.00"/>
        <vehicle id="10" x="198.35" y="194.52" angle="32.58" type="DEFAULT_VEHTYPE" speed="6.03" pos="0.73" lane="1/1to1/0_0" slope="0.00"/>
        <vehicle id="11" x="398.35" y="11.90" angle="0.00" type="DEFAULT_VEHTYPE" speed="12.67" pos="183.35" lane="2/1to2/0_0" slope="0.00"/>
        <vehicle id="12" x="401.65" y="190.32" angle="180.00" type="DEFAULT_VEHTYPE" speed="13.10" pos="190.32" lane="2/0to2/1_0" slope="0.00"/>
        <vehicle id="13" x="56.74" y="198.35" angle="90.00" type="DEFAULT_VEHTYPE" speed="13.73" pos="56.74" lane="0/1to1/1_0" slope="0.00"/>
        <vehicle id="14" x="784.47" y="201.65" angle="-90.00" type="DEFAULT_VEHTYPE" speed="13.78" pos="15.53" lane="4/1to3/1_0" slope="0.00"/>
        <vehicle id="4" x="398.35" y="306.80" angle="0.00" type="DEFAULT_VEHTYPE" speed="13.53" pos="88.45" lane="2/2to2/1_0" slope="0.00"/>
        <vehicle id="5" x="439.31" y="198.35" angle="90.00" type="DEFAULT_VEHTYPE" speed="13.00" pos="34.56" lane="2/1to3/1_0" slope="0.00"/>
        <vehicle id="7" x="535.53" y="198.35" angle="90.00" type="DEFAULT_VEHTYPE" speed="13.59" pos="130.78" lane="2/1to3/1_0" slope="0.00"/>
        <vehicle id="8" x="105.66" y="201.65" angle="-90.00" type="DEFAULT_VEHTYPE" speed="12.81" pos="89.59" lane="1/1to0/1_0" slope="0.00"/>
        <vehicle id="9" x="6.20" y="401.65" angle="-90.00" type="DEFAULT_VEHTYPE" speed="13.45" pos="189.05" lane="1/2to0/2_0" slope="0.00"/>
    </timestep>
    <timestep time="686.00">
        <vehicle id="0" x="505.18" y="198.35" angle="90.00" type="DEFAULT_VEHTYPE" speed="12.96" pos="100.43" lane="2/1to3/1_0" slope="0.00"/>
        <vehicle id="1" x="226.93" y="198.35" angle="90.00" type="DEFAULT_VEHTYPE" speed="13.27" pos="22.18" lane="1/1to2/1_0" slope="0.00"/>
        <vehicle id="10" x="198.35" y="186.95" angle="0.00" type="DEFAULT_VEHTYPE" speed="7.57" pos="8.30" lane="1/1to1/0_0" slope="0.00"/>
        <vehicle id="11" x="399.52" y="-1.41" angle="14.49" type="DEFAULT_VEHTYPE" speed="13.78" pos="1.88" lane=":2/0_0_0" slope="0.00"/>
        <vehicle id="12" x="408.00" y="198.35" angle="94.48" type="DEFAULT_VEHTYPE" speed="13.18" pos="3.25" lane="2/1to3/1_0" slope="0.00"/>
        <vehicle id="13" x="69.63" y="198.35" angle="90.00" type="DEFAULT_VEHTYPE" speed="12.89" pos="69.63" lane="0/1to1/1_0" slope="0.00"/>
        <vehicle id="14" x="770.95" y="201.65" angle="-90.00" type="DEFAULT_VEHTYPE" speed="13.52" pos="29.05" lane="4/1to3/1_0" slope="0.00"/>
        <vehicle id="4" x="398.35" y="293.87" angle="0.00" type="DEFAULT_VEHTYPE" speed="12.93" pos="101.38" lane="2/2to2/1_0" slope="0.00"/>
        <vehicle id="5" x="452.91" y="198.35" angle="90.00" type="DEFAULT_VEHTYPE" speed="13.60" pos="48.16" lane="2/1to3/1_0" slope="0.00"/>
        <vehicle id="7" x="549.11" y="198.35" angle="90.00" type="DEFAULT_VEHTYPE" speed="13.58" pos="144.36" lane="2/1to3/1_0" slope="0.00"/>
        <vehicle id="8" x="92.94" y="201.65" angle="-90.00" type="DEFAULT_VEHTYPE" speed="12.71" pos="102.31" lane="1/1to0/1_0" slope="0.00"/>
        <vehicle id="9" x="2.70" y="398.35" angle="70.13" type="DEFAULT_VEHTYPE" speed="13.72" pos="2.70" lane="0/2to1/2_0" slope="0.00"/>
    </timestep>
    <timestep time="687.00">
        <vehicle id="0" x="517.92" y="198.35" angle="90.00" type="DEFAULT_VEHTYPE" speed="12.73" pos="113.17" lane="2/1to3/1_0" slope="0.00"/>
        <vehicle id="1" x="240.67" y="198.35" angle="90.00" type="DEFAULT_VEHTYPE" speed="13.75" pos="35.92" lane="1/1to2/1_0" slope="0.00"/>
        <vehicle id="10" x="198.35" y="177.07" angle="0.00" type="DEFAULT_VEHTYPE" speed="9.88" pos="18.18" lane="1/1to1/0_0" slope="0.00"/>
        <vehicle id="11" x="401.65" y="10.43" angle="180.00" type="DEFAULT_VEHTYPE" speed="13.37" pos="10.43" lane="2/0to2/1_0" slope="0.00"/>
        <vehicle id="12" x="420.99" y="198.35" angle="90.00" type="DEFAULT_VEHTYPE" speed="12.99" pos="16.24" lane="2/1to3/1_0" slope="0.00"/>
        <vehicle id="13" x="83.17" y="198.35" angle="90.00" type="DEFAULT_VEHTYPE" speed="13.53" pos="83.17" lane="0/1to1/1_0" slope="0.00"/>
        <vehicle id="14" x="757.61" y="201.65" angle="-90.00" type="DEFAULT_VEHTYPE" speed="13.35" pos="42.39" lane="4/1to3/1_0" slope="0.00"/>
        <vehicle id="4" x="398.35" y="280.61" angle="0.00" type="DEFAULT_VEHTYPE" speed="13.26" pos="114.64" lane="2/2to2/1_0" slope="0.00"/>
        <vehicle id="5" x="465.98" y="198.35" angle="90.00" type="DEFAULT_VEHTYPE" speed="13.07" pos="61.23" lane="2/1to3/1_0" slope="0.00"/>
        <vehicle id="7" x="562.36" y="198.35" angle="90.00" type="DEFAULT_VEHTYPE" speed="13.25" pos="157.61" lane="2/1to3/1_0" slope="0.00"/>
        <vehicle id="8" x="79.45" y="201.65" angle="-90.00" type="DEFAULT_VEHTYPE" speed="13.49" pos="115.80" lane="1/1to0/1_0" slope="0.00"/>
        <vehicle id="9" x="15.92" y="398.35" angle="90.00" type="DEFAULT_VEHTYPE" speed="13.22" pos="15.92" lane="0/2to1/2_0" slope="0.00"/>
    </timestep>
    <timestep time="688.00">
        <vehicle id="0" x="530.67" y="198.35" angle="90.00" type="DEFAULT_VEHTYPE" speed="12.75" pos="125.92" lane="2/1to3/1_0" slope="0.00"/>
        <vehicle id="1" x="253.36" y="198.35" angle="90.00" type="DEFAULT_VEHTYPE" speed="12.69" pos="48.61" lane="1/1to2/1_0" slope="0.00"/>
        <vehicle id="10" x="198.35" y="165.41" angle="0.00" type="DEFAULT_VEHTYPE" speed="11.65" pos="29.84" lane="1/1to1/0_0" slope="0.00"/>
        <vehicle id="11" x="401.65" y="23.09" angle="180.00" type="DEFAULT_VEHTYPE" speed="12.66" pos="23.09" lane="2/0to2/1_0" slope="0.00"/>
        <vehicle id="12" x="434.63" y="198.35" angle="90.00" type="DEFAULT_VEHTYPE" speed="13.64" pos="29.88" lane="2/1to3/1_0" slope="0.00"/>
        <vehicle id="13" x="96.64" y="198.35" angle="90.00" type="DEFAULT_VEHTYPE" speed="13.47" pos="96.64" lane="0/1to1/1_0" slope="0.00"/>
        <vehicle id="14" x="744.35" y="201.65" angle="-90.00" type="DEFAULT_VEHTYPE" speed="13.26" pos="55.65" lane="4/1to3/1_0" slope="0.00"/>
        <vehicle id="4" x="398.35" y="267.26" angle="0.00" type="DEFAULT_VEHTYPE" speed="13.35" pos="127.99" lane="2/2to2/1_0" slope="0.00"/>
        <vehicle id="5" x="479.11" y="198.35" angle="90.00" type="DEFAULT_VEHTYPE" speed="13.14" pos="74.36" lane="2/1to3/1_0" slope="0.00"/>
        <vehicle id="7" x="574.11" y="198.35" angle="90.00" type="DEFAULT_VEHTYPE" speed="11.76" pos="169.36" lane="2/1to3/1_0" slope="0.00"/>
        <vehicle id="8" x="66.64" y="201.65" angle="-90.00" type="DEFAULT_VEHTYPE" speed="12.81" pos="128.61" lane="1/1to0/1_0" slope="0.00"/>
        <vehicle id="9" x="29.16" y="398.35" angle="90.00" type="DEFAULT_VEHTYPE" speed="13.24" pos="29.16" lane="0/2to1/2_0" slope="0.00"/>
    </timestep>
    <timestep time="689.00">
        <vehicle id="0" x="543.35" y="198.35" angle="90.00" type="DEFAULT_VEHTYPE" speed="12.69" pos="138.60" lane="2/1to3/1_0" slope="0.00"/>
        <vehicle id="1" x="267.25" y="198.35" angle="90.00" type="DEFAULT_VEHTYPE" speed="13.89" pos="62.50" lane="1/1to2/1_0" slope="0.00"/>
        <vehicle id="10" x="198.35" y="152.48" angle="0.00" type="DEFAULT_VEHTYPE" speed="12.93" pos="42.77" lane="1/1to1/0_0" slope="0.00"/>
        <vehicle id="11" x="401.65" y="36.10" angle="180.00" type="DEFAULT_VEHTYPE" speed="13.01" pos="36.10" lane="2/0to2/1_0" slope="0.00"/>
        <vehicle id="12" x="447.82" y="198.35" angle="90.00" type="DEFAULT_VEHTYPE" speed="13.18" pos="43.07" lane="2/1to3/1_0" slope="0.00"/>
        <vehicle id="13" x="109.38" y="198.35" angle="90.00" type="DEFAULT_VEHTYPE" speed="12.74" pos="109.38" lane="0/1to1/1_0" slope="0.00"/>
        <vehicle id="14" x="731.06" y="201.65" angle="-90.00" type="DEFAULT_VEHTYPE" speed="13.29" pos="68.94" lane="4/1to3/1_0" slope="0.00"/>
        <vehicle id="4" x="398.35" y="253.75" angle="0.00" type="DEFAULT_VEHTYPE" speed="13.51" pos="141.50" lane="2/2to2/1_0" slope="0.00"/>
        <vehicle id="5" x="492.94" y="198.35" angle="90.00" type="DEFAULT_VEHTYPE" speed="13.83" pos="88.19" lane="2/1to3/1_0" slope="0.00"/>
        <vehicle id="7" x="582.75" y="198.35" angle="90.00" type="DEFAULT_VEHTYPE" speed="8.64" pos="178.00" lane="2/1to3/1_0" slope="0.00"/>
        <vehicle id="8" x="53.83" y="201.65" angle="-90.00" type="DEFAULT_VEHTYPE" speed="12.81" pos="141.42" lane="1/1to0/1_0" slope="0.00"/>
        <vehicle id="9" x="41.85" y="398.35" angle="90.00" type="DEFAULT_VEHTYPE" speed="12.69" pos="41.85" lane="0/2to1/2_0" slope="0.00"/>
    </timestep>
    <timestep time="690.00">
        <vehicle id="0" x="557.05" y="198.35" angle="90.00" type="DEFAULT_VEHTYPE" speed="13.70" pos="152.30" lane="2/1to3/1_0" slope="0.00"/>
        <vehicle id="1" x="280.01" y="198.35" angle="90.00" type="DEFAULT_VEHTYPE" speed="12.76" pos="75.26" lane="1/1to2/1_0" slope="0.00"/>
        <vehicle id="10" x="198.35" y="139.04" angle="0.00" type="DEFAULT_VEHTYPE" speed="13.44" pos="56.21" lane="1/1to1/0_0" slope="0.00"/>
        <vehicle id="11" x="401.65" y="49.58" angle="180.00" type="DEFAULT_VEHTYPE" speed="13.48" pos="49.58" lane="2/0to2/1_0" slope="0.00"/>
        <vehicle id="12" x="461.09" y="198.35" angle="90.00" type="DEFAULT_VEHTYPE" speed="13.27" pos="56.34" lane="2/1to3/1_0" slope="0.00"/>
        <vehicle id="13" x="122.64" y="198.35" angle="90.00" type="DEFAULT_VEHTYPE" speed="13.26" pos="122.64" lane="0/1to1/1_0" slope="0.00"/>
        <vehicle id="14" x="718.22" y="201.65" angle="-90.00" type="DEFAULT_VEHTYPE" speed="12.84" pos="81.78" lane="4/1to3/1_0" slope="0.00"/>
        <vehicle id="4" x="398.35" y="241.08" angle="0.00" type="DEFAULT_VEHTYPE" speed="12.67" pos="154.17" lane="2/2to2/1_0" slope="0.00"/>
        <vehicle id="5" x="506.15" y="198.35" angle="90.00" type="DEFAULT_VEHTYPE" speed="13.21" pos="101.40" lane="2/1to3/1_0" slope="0.00"/>
        <vehicle id="7" x="588.16" y="198.35" angle="90.00" type="DEFAULT_VEHTYPE" speed="5.41" pos="183.41" lane="2/1to3/1_0" slope="0.00"/>
        <vehicle id="8" x="40.24" y="201.65" angle="-90.00" type="DEFAULT_VEHTYPE" speed="13.59" pos="155.01" lane="1/1to0/1_0" slope="0.00"/>
        <vehicle id="9" x="55.68" y="398.35" angle="90.00" type="DEFAULT_VEHTYPE" speed="13.83" pos="55.68" lane="0/2to1/2_0" slope="0.00"/>
    </timestep>
    <timestep time="691.00">
        <vehicle id="0" x="568.51" y="198.35" angle="90.00" type="DEFAULT_VEHTYPE" speed="11.46" pos="163.76" lane="2/1to3/1_0" slope="0.00"/>
        <vehicle id="1" x="293.01" y="198.35" angle="90.00" type="DEFAULT_VEHTYPE" speed="13.00" pos="88.26" lane="1/1to2/1_0" slope="0.00"/>
        <vehicle id="10" x="198.35" y="125.37" angle="0.00" type="DEFAULT_VEHTYPE" speed="13.67" pos="69.88" lane="1/1to1/0_0" slope="0.00"/>
        <vehicle id="11" x="401.65" y="62.48" angle="180.00" type="DEFAULT_VEHTYPE" speed="12.90" pos="62.48" lane="2/0to2/1_0" slope="0.00"/>
        <vehicle id="12" x="473.99" y="198.35" angle="90.00" type="DEFAULT_VEHTYPE" speed="12.90" pos="69.24" lane="2/1to3/1_0" slope="0.00"/>
        <vehicle id="13" x="135.68" y="198.35" angle="90.00" type="DEFAULT_VEHTYPE" speed="13.04" pos="135.68" lane="0/1to1/1_0" slope="0.00"/>
        <vehicle id="14" x="704.60" y="201.65" angle="-90.00" type="DEFAULT_VEHTYPE" speed="13.62" pos="95.40" lane="4/1to3/1_0" slope="0.00"/>
        <vehicle id="4" x="398.35" y="228.47" angle="0.00" type="DEFAULT_VEHTYPE" speed="12.61" pos="166.78" lane="2/2to2/1_0" slope="0.00"/>
        <vehicle id="5" x="518.87" y="198.35" angle="90.00" type="DEFAULT_VEHTYPE" speed="12.73" pos="114.12" lane="2/1to3/1_0" slope="0.00"/>
        <vehicle id="7" x="590.81" y="198.35" angle="90.00" type="DEFAULT_VEHTYPE" speed="2.65" pos="186.06" lane="2/1to3/1_0" slope="0.00"/>
        <vehicle id="8" x="26.54" y="201.65" angle="-90.00" type="DEFAULT_VEHTYPE" speed="13.71" pos="168.71" lane="1/1to0/1_0" slope="0.00"/>
        <vehicle id="9" x="69.03" y="398.35" angle="90.00" type="DEFAULT_VEHTYPE" speed="13.35" pos="69.03" lane="0/2to1/2_0" slope="0.00"/>
    </timestep>
    <timestep time="692.00">
        <vehicle id="0" x="576.06" y="198.35" angle="90.00" type="DEFAULT_VEHTYPE" speed="7.55" pos="171.31" lane="2/1to3/1_0" slope="0.00"/>
        <vehicle id="1" x="306.44" y="198.35" angle="90.00" type="DEFAULT_VEHTYPE" speed="13.43" pos="101.69" lane="1/1to2/1_0" slope="0.00"/>
        <vehicle id="10" x="198.35" y="112.24" angle="0.00" type="DEFAULT_VEHTYPE" speed="13.13" pos="83.01" lane="1/1to1/0_0" slope="0.00"/>
        <vehicle id="11" x="401.65" y="75.69" angle="180.00" type="DEFAULT_VEHTYPE" speed="13.21" pos="75.69" lane="2/0to2/1_0" slope="0.00"/>
        <vehicle id="12" x="486.69" y="198.35" angle="90.00" type="DEFAULT_VEHTYPE" speed="12.70" pos="81.94" lane="2/1to3/1_0" slope="0.00"/>
        <vehicle id="13" x="148.41" y="198.35" angle="90.00" type="DEFAULT_VEHTYPE" speed="12.73" pos="148.41" lane="0/1to1/1_0" slope="0.00"/>
        <vehicle id="14" x="691.77" y="201.65" angle="-90.00" type="DEFAULT_VEHTYPE" speed="12.83" pos="108.23" lane="4/1to3/1_0" slope="0.00"/>
        <vehicle id="4" x="398.35" y="215.47" angle="0.00" type="DEFAULT_VEHTYPE" speed="13.00" pos="179.78" lane="2/2to2/1_0" slope="0.00"/>
        <vehicle id="5" x="531.66" y="198.35" angle="90.00" type="DEFAULT_VEHTYPE" speed="12.78" pos="126.91" lane="2/1to3/1_0" slope="0.00"/>
        <vehicle id="7" x="595.18" y="198.35" angle="90.00" type="DEFAULT_VEHTYPE" speed="4.37" pos="190.43" lane="2/1to3/1_0" slope="0.00"/>
        <vehicle id="8" x="13.86" y="201.65" angle="-90.00" type="DEFAULT_VEHTYPE" speed="12.68" pos="181.39" lane="1/1to0/1_0" slope="0.00"/>
        <vehicle id="9" x="81.82" y="398.35" angle="90.00" type="DEFAULT_VEHTYPE" speed="12.79" pos="81.82" lane="0/2to1/2_0" slope="0.00"/>
    </timestep>
    <timestep time="693.00">
        <vehicle id="0" x="581.62" y="198.35" angle="90.00" type="DEFAULT_VEHTYPE" speed="5.55" pos="176.87" lane="2/1to3/1_0" slope="0.00"/>
        <vehicle id="1" x="320.25" y="198.35" angle="90.00" type="DEFAULT_VEHTYPE" speed="13.82" pos="115.50" lane="1/1to2/1_0" slope="0.00"/>
        <vehicle id="10" x="198.35" y="98.78" angle="0.00" type="DEFAULT_VEHTYPE" speed="13.46" pos="96.47" lane="1/1to1/0_0" slope="0.00"/>
        <vehicle id="11" x="401.65" y="88.57" angle="180.00" type="DEFAULT_VEHTYPE" speed="12.89" pos="88.57" lane="2/0to2/1_0" slope="0.00"/>
        <vehicle id="12" x="499.63" y="198.35" angle="90.00" type="DEFAULT_VEHTYPE" speed="12.95" pos="94.88" lane="2/1to3/1_0" slope="0.00"/>
        <vehicle id="13" x="161.13" y="198.35" angle="90.00" type="DEFAULT_VEHTYPE" speed="12.72" pos="161.13" lane="0/1to1/1_0" slope="0.00"/>
        <vehicle id="14" x="678.21" y="201.65" angle="-90.00" type="DEFAULT_VEHTYPE" speed="13.56" pos="121.79" lane="4/1to3/1_0" slope="0.00"/>
        <vehicle id="4" x="398.35" y="202.55" angle="0.00" type="DEFAULT_VEHTYPE" speed="12.92" pos="2.20" lane=":2/1_1_0" slope="0.00"/>
        <vehicle id="5" x="544.53" y="198.35" angle="90.00" type="DEFAULT_VEHTYPE" speed="12.87" pos="139.78" lane="2/1to3/1_0" slope="0.00"/>
        <vehicle id="7" x="600.92" y="201.40" angle="125.94" type="DEFAULT_VEHTYPE" speed="6.92" pos="6.85" lane=":3/1_14_0" slope="0.00"/>
        <vehicle id="8" x="0.68" y="201.65" angle="-90.00" type="DEFAULT_VEHTYPE" speed="13.18" pos="194.57" lane="1/1to0/1_0" slope="0.00"/>
        <vehicle id="9" x="94.58" y="398.35" angle="90.00" type="DEFAULT_VEHTYPE" speed="12.76" pos="94.58" lane="0/2to1/2_0" slope="0.00"/>
    </timestep>
    <timestep time="694.00">
        <vehicle id="0" x="587.92" y="198.35" angle="90.00" type="DEFAULT_VEHTYPE" speed="6.30" pos="183.17" lane="2/1to3/1_0" slope="0.00"/>
        <vehicle id="1" x="333.20" y="198.35" angle="90.00" type="DEFAULT_VEHTYPE" speed="12.94" pos="128.45" lane="1/1to2/1_0" slope="0.00"/>
        <vehicle id="10" x="198.35" y="85.55" angle="0.00" type="DEFAULT_VEHTYPE" speed="13.23" pos="109.70" lane="1/1to1/0_0" slope="0.00"/>
        <vehicle id="11" x="401.65" y="101.20" angle="180.00" type="DEFAULT_VEHTYPE" speed="12.62" pos="101.20" lane="2/0to2/1_0" slope="0.00"/>
        <vehicle id="12" x="513.48" y="198.35" angle="90.00" type="DEFAULT_VEHTYPE" speed="13.85" pos="108.73" lane="2/1to3/1_0" slope="0.00"/>
        <vehicle id="13" x="173.73" y="198.35" angle="90.00" type="DEFAULT_VEHTYPE" speed="12.60" pos="173.73" lane="0/1to1/1_0" slope="0.00"/>
        <vehicle id="14" x="665.10" y="201.65" angle="-90.00" type="DEFAULT_VEHTYPE" speed="13.12" pos="134.90" lane="4/1to3/1_0" slope="0.00"/>
        <vehicle id="4" x="398.35" y="189.25" angle="0.00" type="DEFAULT_VEHTYPE" speed="13.31" pos="6.00" lane="2/1to2/0_0" slope="0.00"/>
        <vehicle id="5" x="558.16" y="198.35" angle="90.00" type="DEFAULT_VEHTYPE" speed="13.63" pos="153.41" lane="2/1to3/1_0" slope="0.00"/>
        <vehicle id="7" x="601.65" y="210.46" angle="180.00" type="DEFAULT_VEHTYPE" speed="9.19" pos="5.71" lane="3/1to3/2_0" slope="0.00"/>
        <vehicle id="8" x="7.34" y="198.35" angle="90.00" type="DEFAULT_VEHTYPE" speed="12.84" pos="7.34" lane="0/1to1/1_0" slope="0.00"/>
        <vehicle id="9" x="107.37" y="398.35" angle="90.00" type="DEFAULT_VEHTYPE" speed="12.78" pos="107.37" lane="0/2to1/2_0" slope="0.00"/>
    </timestep>
    <timestep time="695.00">
        <vehicle id="0" x="591.22" y="198.35" angle="90.00" type="DEFAULT_VEHTYPE" speed="3.30" pos="186.47" lane="2/1to3/1_0" slope="0.00"/>
        <vehicle id="1" x="346.09" y="198.35" angle="90.00" type="DEFAULT_VEHTYPE" speed="12.89" pos="141.34" lane="1/1to2/1_0" slope="0.00"/>
        <vehicle id="10" x="198.35" y="72.64" angle="0.00" type="DEFAULT_VEHTYPE" speed="12.91" pos="122.61" lane="1/1to1/0_0" slope="0.00"/>
        <vehicle id="11" x="401.65" y="114.25" angle="180.00" type="DEFAULT_VEHTYPE" speed="13.06" pos="114.25" lane="2/0to2/1_0" slope="0.00"/>
        <vehicle id="12" x="526.67" y="198.35" angle="90.00" type="DEFAULT_VEHTYPE" speed="13.19" pos="121.92" lane="2/1to3/1_0" slope="0.00"/>
        <vehicle id="13" x="182.16" y="198.35" angle="90.00" type="DEFAULT_VEHTYPE" speed="8.43" pos="182.16" lane="0/1to1/1_0" slope="0.00"/>
        <vehicle id="14" x="651.53" y="201.65" angle="-90.00" type="DEFAULT_VEHTYPE" speed="13.57" pos="148.47" lane="4/1to3/1_0" slope="0.00"/>
        <vehicle id="4" x="398.35" y="175.37" angle="0.00" type="DEFAULT_VEHTYPE" speed="13.88" pos="19.88" lane="2/1to2/0_0" slope="0.00"/>
        <vehicle id="5" x="570.47" y="198.35" angle="90.00" type="DEFAULT_VEHTYPE" speed="12.31" pos="165.72" lane="2/1to3/1_0" slope="0.00"/>
        <vehicle id="7" x="601.65" y="221.20" angle="180.00" type="DEFAULT_VEHTYPE" speed="10.74" pos="16.45" lane="3/1to3/2_0" slope="0.00"/>
        <vehicle id="8" x="20.97" y="198.35" angle="90.00" type="DEFAULT_VEHTYPE" speed="13.63" pos="20.97" lane="0/1to1/1_0" slope="0.00"/>
        <vehicle id="9" x="121.17" y="398.35" angle="90.00" type="DEFAULT_VEHTYPE" speed="13.80" pos="121.17" lane="0/2to1/2_0" slope="0.00"/>
    </timestep>
    <timestep time="696.00">
        <vehicle id="0" x="596.94" y="198.35" angle="90.00" type="DEFAULT_VEHTYPE" speed="5.72" pos="1.69" lane=":3/1_13_0" slope="0.00"/>
        <vehicle id="1" x="359.67" y="198.35" angle="90.00" type="DEFAULT_VEHTYPE" speed="13.59" pos="154.92" lane="1/1to2/1_0" slope="0.00"/>
        <vehicle id="10" x="198.35" y="59.16" angle="0.00" type="DEFAULT_VEHTYPE" speed="13.49" pos="136.09" lane="1/1to1/0_0" slope="0.00"/>
        <vehicle id="11" x="401.65" y="128.09" angle="180.00" type="DEFAULT_VEHTYPE" speed="13.84" pos="128.09" lane="2/0to2/1_0" slope="0.00"/>
        <vehicle id="12" x="539.97" y="198.35" angle="90.00" type="DEFAULT_VEHTYPE" speed="13.31" pos="135.22" lane="2/1to3/1_0" slope="0.00"/>
        <vehicle id="13" x="188.24" y="198.35" angle="90.00" type="DEFAULT_VEHTYPE" speed="6.08" pos="188.24" lane="0/1to1/1_0" slope="0.00"/>
        <vehicle id="14" x="638.55" y="201.65" angle="-90.00" type="DEFAULT_VEHTYPE" speed="12.97" pos="161.45" lane="4/1to3/1_0" slope="0.00"/>
        <vehicle id="4" x="398.35" y="161.48" angle="0.00" type="DEFAULT_VEHTYPE" speed="13.89" pos="33.77" lane="2/1to2/0_0" slope="0.00"/>
        <vehicle id="5" x="578.29" y="198.35" angle="90.00" type="DEFAULT_VEHTYPE" speed="7.81" pos="173.54" lane="2/1to3/1_0" slope="0.00"/>
        <vehicle id="7" x="601.65" y="233.83" angle="180.00" type="DEFAULT_VEHTYPE" speed="12.63" pos="29.08" lane="3/1to3/2_0" slope="0.00"/>
        <vehicle id="8" x="34.70" y="198.35" angle="90.00" type="DEFAULT_VEHTYPE" speed="13.73" pos="34.70" lane="0/1to1/1_0" slope="0.00"/>
        <vehicle id="9" x="134.32" y="398.35" angle="90.00" type="DEFAULT_VEHTYPE" speed="13.15" pos="134.32" lane="0/2to1/2_0" slope="0.00"/>
    </timestep>
    <timestep time="697.00">
        <vehicle id="0" x="605.22" y="198.35" angle="90.00" type="DEFAULT_VEHTYPE" speed="8.28" pos="0.47" lane="3/1to4/1_0" slope="0.00"/>
        <vehicle id="1" x="372.64" y="198.35" angle="90.00" type="DEFAULT_VEHTYPE" speed="12.97" pos="167.89" lane="1/1to2/1_0" slope="0.00"/>
        <vehicle id="10" x="198.35" y="46.48" angle="0.00" type="DEFAULT_VEHTYPE" speed="12.67" pos="148.77" lane="1/1to1/0_0" slope="0.00"/>
        <vehicle id="11" x="401.65" y="141.64" angle="180.00" type="DEFAULT_VEHTYPE" speed="13.54" pos="141.64" lane="2/0to2/1_0" slope="0.00"/>
        <vehicle id="12" x="553.24" y="198.35" angle="90.00" type="DEFAULT_VEHTYPE" speed="13.27" pos="148.49" lane="2/1to3/1_0" slope="0.00"/>
        <vehicle id="13" x="191.52" y="198.35" angle="90.00" type="DEFAULT_VEHTYPE" speed="3.29" pos="191.52" lane="0/1to1/1_0" slope="0.00"/>
        <vehicle id="14" x="625.70" y="201.65" angle="-90.00" type="DEFAULT_VEHTYPE" speed="12.85" pos="174.30" lane="4/1to3/1_0" slope="0.00"/>
        <vehicle id="4" x="398.35" y="148.55" angle="0.00" type="DEFAULT_VEHTYPE" speed="12.93" pos="46.70" lane="2/1to2/0_0" slope="0.00"/>
        <vehicle id="5" x="585.95" y="198.35" angle="90.00" type="DEFAULT_VEHTYPE" speed="7.66" pos="181.20" lane="2/1to3/1_0" slope="0.00"/>
        <vehicle id="7" x="601.65" y="246.97" angle="180.00" type="DEFAULT_VEHTYPE" speed="13.13" pos="42.22" lane="3/1to3/2_0" slope="0.00"/>
        <vehicle id="8" x="47.92" y="198.35" angle="90.00" type="DEFAULT_VEHTYPE" speed="13.21" pos="47.92" lane="0/1to1/1_0" slope="0.00"/>
        <vehicle id="9" x="148.11" y="398.35" angle="90.00" type="DEFAULT_VEHTYPE" speed="13.79" pos="148.11" lane="0/2to1/2_0" slope="0.00"/>
    </timestep>
    <timestep time="698.00">
        <vehicle id="0" x="614.91" y="198.35" angle="90.00" type="DEFAULT_VEHTYPE" speed="9.69" pos="10.16" lane="3/1to4/1_0" slope="0.00"/>
        <vehicle id="1" x="381.84" y="198.35" angle="90.00" type="DEFAULT_VEHTYPE" speed="9.20" pos="177.09" lane="1/1to2/1_0" slope="0.00"/>
        <vehicle id="10" x="198.35" y="33.68" angle="0.00" type="DEFAULT_VEHTYPE" speed="12.80" pos="161.57" lane="1/1to1/0_0" slope="0.00"/>
        <vehicle id="11" x="401.65" y="154.64" angle="180.00" type="DEFAULT_VEHTYPE" speed="13.01" pos="154.64" lane="2/0to2/1_0" slope="0.00"/>
        <vehicle id="12" x="566.80" y="198.35" angle="90.00" type="DEFAULT_VEHTYPE" speed="13.56" pos="162.05" lane="2/1to3/1_0" slope="0.00"/>
        <vehicle id="13" x="196.12" y="198.23" angle="88.60" type="DEFAULT_VEHTYPE" speed="4.60" pos="0.88" lane=":1/1_12_0" slope="0.00"/>
        <vehicle id="14" x="616.58" y="201.65" angle="-90.00" type="DEFAULT_VEHTYPE" speed="9.12" pos="183.42" lane="4/1to3/1_0" slope="0.00"/>
        <vehicle id="4" x="398.35" y="134.74" angle="0.00" type="DEFAULT_VEHTYPE" speed="13.81" pos="60.51" lane="2/1to2/0_0" slope="0.00"/>
        <vehicle id="5" x="590.02" y="198.35" angle="90.00" type="DEFAULT_VEHTYPE" speed="4.07" pos="185.27" lane="2/1to3/1_0" slope="0.00"/>
        <vehicle id="7" x="601.65" y="260.02" angle="180.00" type="DEFAULT_VEHTYPE" speed="13.05" pos="55.27" lane="3/1to3/2_0" slope="0.00"/>
        <vehicle id="8" x="61.52" y="198.35" angle="90.00" type="DEFAULT_VEHTYPE" speed="13.61" pos="61.52" lane="0/1to1/1_0" slope="0.00"/>
        <vehicle id="9" x="161.36" y="398.35" angle="90.00" type="DEFAULT_VEHTYPE" speed="13.25" pos="161.36" lane="0/2to1/2_0" slope="0.00"/>
    </timestep>
    <timestep time="699.00">
        <vehicle id="0" x="626.26" y="198.35" angle="90.00" type="DEFAULT_VEHTYPE" speed="11.35" pos="21.51" lane="3/1to4/1_0" slope="0.00"/>
        <vehicle id="1" x="387.00" y="198.35" angle="90.00" type="DEFAULT_VEHTYPE" speed="5.16" pos="182.25" lane="1/1to2/1_0" slope="0.00"/>
        <vehicle id="10" x="198.35" y="20.00" angle="0.00" type="DEFAULT_VEHTYPE" speed="13.68" pos="175.25" lane="1/1to1/0_0" slope="0.00"/>
        <vehicle id="11" x="401.65" y="168.47" angle="180.00" type="DEFAULT_VEHTYPE" speed="13.82" pos="168.47" lane="2/0to2/1_0" slope="0.00"/>
        <vehicle id="12" x="575.87" y="198.35" angle="90.00" type="DEFAULT_VEHTYPE" speed="9.06" pos="171.12" lane="2/1to3/1_0" slope="0.00"/>
        <vehicle id="13" x="198.35" y="192.37" angle="6.75" type="DEFAULT_VEHTYPE" speed="7.00" pos="2.88" lane="1/1to1/0_0" slope="0.00"/>
        <vehicle id="14" x="611.24" y="201.65" angle="-90.00" type="DEFAULT_VEHTYPE" speed="5.33" pos="188.76" lane="4/1to3/1_0" slope="0.00"/>
        <vehicle id="4" x="398.35" y="122.10" angle="0.00" type="DEFAULT_VEHTYPE" speed="12.64" pos="73.15" lane="2/1to2/0_0" slope="0.00"/>
        <vehicle id="5" x="591.54" y="198.35" angle="90.00" type="DEFAULT_VEHTYPE" speed="1.52" pos="186.79" lane="2/1to3/1_0" slope="0.00"/>
        <vehicle id="7" x="601.65" y="273.43" angle="180.00" type="DEFAULT_VEHTYPE" speed="13.41" pos="68.68" lane="3/1to3/2_0" slope="0.00"/>
        <vehicle id="8" x="74.16" y="198.35" angle="90.00" type="DEFAULT_VEHTYPE" speed="12.64" pos="74.16" lane="0/1to1/1_0" slope="0.00"/>
        <vehicle id="9" x="174.19" y="398.35" angle="90.00" type="DEFAULT_VEHTYPE" speed="12.84" pos="174.19" lane="0/2to1/2_0" slope="0.00"/>
    </timestep>
    <timestep time="700.00">
        <vehicle id="0" x="639.97" y="198.35" angle="90.00" type="DEFAULT_VEHTYPE" speed="13.71" pos="35.22" lane="3/1to4/1_0" slope="0.00"/>
        <vehicle id="1" x="390.63" y="198.35" angle="90.00" type="DEFAULT_VEHTYPE" speed="3.63" pos="185.88" lane="1/1to2/1_0" slope="0.00"/>
        <vehicle id="10" x="198.35" y="6.38" angle="0.00" type="DEFAULT_VEHTYPE" speed="13.62" pos="188.87" lane="1/1to1/0_0" slope="0.00"/>
        <vehicle id="11" x="401.65" y="182.08" angle="180.00" type="DEFAULT_VEHTYPE" speed="13.62" pos="182.08" lane="2/0to2/1_0" slope="0.00"/>
        <vehicle id="12" x="580.43" y="198.35" angle="90.00" type="DEFAULT_VEHTYPE" speed="4.56" pos="175.68" lane="2/1to3/1_0" slope="0.00"/>
        <vehicle id="13" x="198.35" y="183.44" angle="0.00" type="DEFAULT_VEHTYPE" speed="8.93" pos="11.81" lane="1/1to1/0_0" slope="0.00"/>
        <vehicle id="14" x="603.96" y="201.76" angle="-91.27" type="DEFAULT_VEHTYPE" speed="7.29" pos="0.80" lane=":3/1_4_0" slope="0.00"/>
        <vehicle id="4" x="398.35" y="109.09" angle="0.00" type="DEFAULT_VEHTYPE" speed="13.01" pos="86.16" lane="2/1to2/0_0" slope="0.00"/>
        <vehicle id="5" x="592.19" y="198.35" angle="90.00" type="DEFAULT_VEHTYPE" speed="0.66" pos="187.44" lane="2/1to3/1_0" slope="0.00"/>
        <vehicle id="7" x="601.65" y="286.51" angle="180.00" type="DEFAULT_VEHTYPE" speed="13.09" pos="81.76" lane="3/1to3/2_0" slope="0.00"/>
        <vehicle id="8" x="87.25" y="198.35" angle="90.00" type="DEFAULT_VEHTYPE" speed="13.09" pos="87.25" lane="0/1to1/1_0" slope="0.00"/>
        <vehicle id="9" x="182.68" y="398.35" angle="90.00" type="DEFAULT_VEHTYPE" speed="8.49" pos="182.68" lane="0/2to1/2_0" slope="0.00"/>
    </timestep>
    <timestep time="701.00">
        <vehicle id="0" x="652.96" y="198.35" angle="90.00" type="DEFAULT_VEHTYPE" speed="12.99" pos="48.21" lane="3/1to4/1_0" slope="0.00"/>
        <vehicle id="1" x="391.91" y="198.35" angle="90.00" type="DEFAULT_VEHTYPE" speed="1.28" pos="187.16" lane="1/1to2/1_0" slope="0.00"/>
        <vehicle id="10" x="201.65" y="1.63" angle="138.52" type="DEFAULT_VEHTYPE" speed="12.82" pos="1.63" lane="1/0to1/1_0" slope="0.00"/>
        <vehicle id="11" x="401.65" y="195.20" angle="180.00" type="DEFAULT_VEHTYPE" speed="13.11" pos="195.20" lane="2/0to2/1_0" slope="0.00"/>
        <vehicle id="12" x="582.64" y="198.35" angle="90.00" type="DEFAULT_VEHTYPE" speed="2.20" pos="177.89" lane="2/1to3/1_0" slope="0.00"/>
        <vehicle id="13" x="198.35" y="172.53" angle="0.00" type="DEFAULT_VEHTYPE" speed="10.91" pos="22.72" lane="1/1to1/0_0" slope="0.00"/>
        <vehicle id="14" x="601.65" y="210.29" angle="180.00" type="DEFAULT_VEHTYPE" speed="9.74" pos="5.54" lane="3/1to3/2_0" slope="0.00"/>
        <vehicle id="4" x="398.35" y="95.86" angle="0.00" type="DEFAULT_VEHTYPE" speed="13.23" pos="99.39" lane="2/1to2/0_0" slope="0.00"/>
        <vehicle id="5" x="592.61" y="198.35" angle="90.00" type="DEFAULT_VEHTYPE" speed="0.42" pos="187.86" lane="2/1to3/1_0" slope="0.00"/>
        <vehicle id="7" x="601.65" y="299.13" angle="180.00" type="DEFAULT_VEHTYPE" speed="12.62" pos="94.38" lane="3/1to3/2_0" slope="0.00"/>
        <vehicle id="8" x="99.99" y="198.35" angle="90.00" type="DEFAULT_VEHTYPE" speed="12.73" pos="99.99" lane="0/1to1/1_0" slope="0.00"/>
        <vehicle id="9" x="187.80" y="398.35" angle="90.00" type="DEFAULT_VEHTYPE" speed="5.12" pos="187.80" lane="0/2to1/2_0" slope="0.00"/>
    </timestep>
    <timestep time="702.00">
        <vehicle id="0" x="666.05" y="198.35" angle="90.00" type="DEFAULT_VEHTYPE" speed="13.09" pos="61.30" lane="3/1to4/1_0" slope="0.00"/>
        <vehicle id="1" x="392.54" y="198.35" angle="90.00" type="DEFAULT_VEHTYPE" speed="0.63" pos="187.79" lane="1/1to2/1_0" slope="0.00"/>
        <vehicle id="10" x="201.65" y="14.62" angle="180.00" type="DEFAULT_VEHTYPE" speed="13.00" pos="14.62" lane="1/0to1/1_0" slope="0.00"/>
        <vehicle id="11" x="412.48" y="198.35" angle="90.00" type="DEFAULT_VEHTYPE" speed="12.78" pos="7.73" lane="2/1to3/1_0" slope="0.00"/>
        <vehicle id="12" x="584.57" y="198.35" angle="90.00" type="DEFAULT_VEHTYPE" speed="1.94" pos="179.82" lane="2/1to3/1_0" slope="0.00"/>
        <vehicle id="13" x="198.35" y="159.66" angle="0.00" type="DEFAULT_VEHTYPE" speed="12.87" pos="35.59" lane="1/1to1/0_0" slope="0.00"/>
        <vehicle id="14" x="601.65" y="222.47" angle="180.00" type="DEFAULT_VEHTYPE" speed="12.19" pos="17.72" lane="3/1to3/2_0" slope="0.00"/>
        <vehicle id="4" x="398.35" y="82.73" angle="0.00" type="DEFAULT_VEHTYPE" speed="13.13" pos="112.52" lane="2/1to2/0_0" slope="0.00"/>
        <vehicle id="5" x="594.70" y="198.35" angle="90.00" type="DEFAULT_VEHTYPE" speed="2.09" pos="189.95" lane="2/1to3/1_0" slope="0.00"/>
        <vehicle id="7" x="601.65" y="311.97" angle="180.00" type="DEFAULT_VEHTYPE" speed="12.84" pos="107.22" lane="3/1to3/2_0" slope="0.00"/>
        <vehicle id="8" x="112.99" y="198.35" angle="90.00" type="DEFAULT_VEHTYPE" speed="13.01" pos="112.99" lane="0/1to1/1_0" slope="0.00"/>
        <vehicle id="9" x="190.06" y="398.35" angle="90.00" type="DEFAULT_VEHTYPE" speed="2.26" pos="190.06" lane="0/2to1/2_0" slope="0.00"/>
    </timestep>
    <timestep time="703.00">
        <vehicle id="0" x="679.87" y="198.35" angle="90.00" type="DEFAULT_VEHTYPE" speed="13.81" pos="75.12" lane="3/1to4/1_0" slope="0.00"/>
        <vehicle id="1" x="395.77" y="198.35" angle="90.00" type="DEFAULT_VEHTYPE" speed="3.23" pos="0.52" lane=":2/1_13_0" slope="0.00"/>
        <vehicle id="10" x="201.65" y="28.40" angle="180.00" type="DEFAULT_VEHTYPE" speed="13.77" pos="28.40" lane="1/0to1/1_0" slope="0.00"/>
        <vehicle id="11" x="425.79" y="198.35" angle="90.00" type="DEFAULT_VEHTYPE" speed="13.30" pos="21.04" lane="2/1to3/1_0" slope="0.00"/>
        <vehicle id="12" x="585.95" y="198.35" angle="90.00" type="DEFAULT_VEHTYPE" speed="1.38" pos="181.20" lane="2/1to3/1_0" slope="0.00"/>
        <vehicle id="13" x="198.35" y="145.80" angle="0.00" type="DEFAULT_VEHTYPE" speed="13.86" pos="49.45" lane="1/1to1/0_0" slope="0.00"/>
        <vehicle id="14" x="601.65" y="235.27" angle="180.00" type="DEFAULT_VEHTYPE" speed="12.80" pos="30.52" lane="3/1to3/2_0" slope="0.00"/>
        <vehicle id="4" x="398.35" y="69.29" angle="0.00" type="DEFAULT_VEHTYPE" speed="13.44" pos="125.96" lane="2/1to2/0_0" slope="0.00"/>
        <vehicle id="5" x="598.98" y="199.31" angle="101.25" type="DEFAULT_VEHTYPE" speed="4.46" pos="3.91" lane=":3/1_14_0" slope="0.00"/>
        <vehicle id="7" x="601.65" y="325.49" angle="180.00" type="DEFAULT_VEHTYPE" speed="13.52" pos="120.74" lane="3/1to3/2_0" slope="0.00"/>
        <vehicle id="8" x="125.89" y="198.35" angle="90.00" type="DEFAULT_VEHTYPE" speed="12.90" pos="125.89" lane="0/1to1/1_0" slope="0.00"/>
        <vehicle id="9" x="194.88" y="398.35" angle="90.00" type="DEFAULT_VEHTYPE" speed="4.82" pos="194.88" lane="0/2to1/2_0" slope="0.00"/>
    </timestep>
    <timestep time="704.00">
        <vehicle id="0" x="693.32" y="198.35" angle="90.00" type="DEFAULT_VEHTYPE" speed="13.46" pos="88.57" lane="3/1to4/1_0" slope="0.00"/>
        <vehicle id="1" x="401.01" y="198.35" angle="90.00" type="DEFAULT_VEHTYPE" speed="5.24" pos="5.76" lane=":2/1_13_0" slope="0.00"/>
        <vehicle id="10" x="201.65" y="41.46" angle="180.00" type="DEFAULT_VEHTYPE" speed="13.07" pos="41.46" lane="1/0to1/1_0" slope="0.00"/>
        <vehicle id="11" x="439.30" y="198.35" angle="90.00" type="DEFAULT_VEHTYPE" speed="13.52" pos="34.55" lane="2/1to3/1_0" slope="0.00"/>
        <vehicle id="12" x="589.60" y="198.35" angle="90.00" type="DEFAULT_VEHTYPE" speed="3.65" pos="184.85" lane="2/1to3/1_0" slope="0.00"/>
        <vehicle id="13" x="198.35" y="132.09" angle="0.00" type="DEFAULT_VEHTYPE" speed="13.71" pos="63.16" lane="1/1to1/0_0" slope="0.00"/>
        <vehicle id="14" x="601.65" y="248.40" angle="180.00" type="DEFAULT_VEHTYPE" speed="13.12" pos="43.65" lane="3/1to3/2_0" slope="0.00"/>
        <vehicle id="4" x="398.35" y="55.86" angle="0.00" type="DEFAULT_VEHTYPE" speed="13.43" pos="139.39" lane="2/1to2/0_0" slope="0.00"/>
        <vehicle id="5" x="601.65" y="205.14" angle="164.38" type="DEFAULT_VEHTYPE" speed="6.79" pos="0.39" lane="3/1to3/2_0" slope="0.00"/>
        <vehicle id="7" x="601.65" y="338.56" angle="180.00" type="DEFAULT_VEHTYPE" speed="13.07" pos="133.81" lane="3/1to3/2_0" slope="0.00"/>
        <vehicle id="8" x="138.62" y="198.35" angle="90.00" type="DEFAULT_VEHTYPE" speed="12.73" pos="138.62" lane="0/1to1/1_0" slope="0.00"/>
        <vehicle id="9" x="200.66" y="400.97" angle="120.77" type="DEFAULT_VEHTYPE" speed="6.72" pos="6.35" lane=":1/2_14_0" slope="0.00"/>
    </timestep>
    <timestep time="705.00">
        <vehicle id="0" x="706.79" y="198.35" angle="90.00" type="DEFAULT_VEHTYPE" speed="13.47" pos="102.04" lane="3/1to4/1_0" slope="0.00"/>
        <vehicle id="1" x="408.66" y="198.35" angle="90.00" type="DEFAULT_VEHTYPE" speed="7.65" pos="3.91" lane="2/1to3/1_0" slope="0.00"/>
        <vehicle id="10" x="201.65" y="54.62" angle="180.00" type="DEFAULT_VEHTYPE" speed="13.15" pos="54.62" lane="1/0to1/1_0" slope="0.00"/>
        <vehicle id="11" x="453.07" y="198.35" angle="90.00" type="DEFAULT_VEHTYPE" speed="13.77" pos="48.32" lane="2/1to3/1_0" slope="0.00"/>
        <vehicle id="12" x="594.97" y="198.35" angle="90.00" type="DEFAULT_VEHTYPE" speed="5.37" pos="190.22" lane="2/1to3/1_0" slope="0.00"/>
        <vehicle id="13" x="198.35" y="119.27" angle="0.00" type="DEFAULT_VEHTYPE" speed="12.82" pos="75.98" lane="1/1to1/0_0" slope="0.00"/>
        <vehicle id="14" x="601.65" y="261.75" angle="180.00" type="DEFAULT_VEHTYPE" speed="13.35" pos="57.00" lane="3/1to3/2_0" slope="0.00"/>
        <vehicle id="4" x="398.35" y="42.81" angle="0.00" type="DEFAULT_VEHTYPE" speed="13.05" pos="152.44" lane="2/1to2/0_0" slope="0.00"/>
        <vehicle id="5" x="601.65" y="214.52" angle="180.00" type="DEFAULT_VEHTYPE" speed="9.38" pos="9.77" lane="3/1to3/2_0" slope="0.00"/>
        <vehicle id="7" x="601.65" y="352.22" angle="180.00" type="DEFAULT_VEHTYPE" speed="13.65" pos="147.47" lane="3/1to3/2_0" slope="0.00"/>
        <vehicle id="8" x="152.45" y="198.35" angle="90.00" type="DEFAULT_VEHTYPE" speed="13.83" pos="152.45" lane="0/1to1/1_0" slope="0.00"/>
        <vehicle id="9" x="201.65" y="409.40" angle="179.42" type="DEFAULT_VEHTYPE" speed="8.62" pos="4.65" lane="1/2to1/3_0" slope="0.00"/>
    </timestep>
    <timestep time="706.00">
        <vehicle id="0" x="720.52" y="198.35" angle="90.00" type="DEFAULT_VEHTYPE" speed="13.73" pos="115.77" lane="3/1to4/1_0" slope="0.00"/>
        <vehicle id="1" x="417.93" y="198.35" angle="90.00" type="DEFAULT_VEHTYPE" speed="9.28" pos="13.18" lane="2/1to3/1_0" slope="0.00"/>
        <vehicle id="10" x="201.65" y="67.54" angle="180.00" type="DEFAULT_VEHTYPE" speed="12.92" pos="67.54" lane="1/0to1/1_0" slope="0.00"/>
        <vehicle id="11" x="466.13" y="198.35" angle="90.00" type="DEFAULT_VEHTYPE" speed="13.06" pos="61.38" lane="2/1to3/1_0" slope="0.00"/>
        <vehicle id="12" x="601.79" y="198.35" angle="90.00" type="DEFAULT_VEHTYPE" speed="6.82" pos="6.54" lane=":3/1_13_0" slope="0.00"/>
        <vehicle id="13" x="198.35" y="105.92" angle="0.00" type="DEFAULT_VEHTYPE" speed="13.35" pos="89.33" lane="1/1to1/0_0" slope="0.00"/>
        <vehicle id="14" x="601.65" y="275.33" angle="180.00" type="DEFAULT_VEHTYPE" speed="13.58" pos="70.58" lane="3/1to3/2_0" slope="0.00"/>
        <vehicle id="4" x="398.35" y="29.95" angle="0.00" type="DEFAULT_VEHTYPE" speed="12.87" pos="165.30" lane="2/1to2/0_0" slope="0.00"/>
        <vehicle id="5" x="601.65" y="225.22" angle="180.00" type="DEFAULT_VEHTYPE" speed="10.70" pos="20.47" lane="3/1to3/2_0" slope="0.00"/>
        <vehicle id="7" x="601.65" y="365.26" angle="180.00" type="DEFAULT_VEHTYPE" speed="13.04" pos="160.51" lane="3/1to3/2_0" slope="0.00"/>
        <vehicle id="8" x="165.16" y="198.35" angle="90.00" type="DEFAULT_VEHTYPE" speed="12.71" pos="165.16" lane="0/1to1/1_0" slope="0.00"/>
        <vehicle id="9" x="201.65" y="420.52" angle="180.00" type="DEFAULT_VEHTYPE" speed="11.12" pos="15.77" lane="1/2to1/3_0" slope="0.00"/>
    </timestep>
    <timestep time="707.00">
        <vehicle id="0" x="733.20" y="198.35" angle="90.00" type="DEFAULT_VEHTYPE" speed="12.68" pos="128.45" lane="3/1to4/1_0" slope="0.00"/>
        <vehicle id="1" x="428.63" y="198.35" angle="90.00" type="DEFAULT_VEHTYPE" speed="10.69" pos="23.88" lane="2/1to3/1_0" slope="0.00"/>
        <vehicle id="10" x="201.65" y="81.36" angle="180.00" type="DEFAULT_VEHTYPE" speed="13.82" pos="81.36" lane="1/0to1/1_0" slope="0.00"/>
        <vehicle id="11" x="478.90" y="198.35" angle="90.00" type="DEFAULT_VEHTYPE" speed="12.77" pos="74.15" lane="2/1to3/1_0" slope="0.00"/>
        <vehicle id="12" x="610.09" y="198.35" angle="90.00" type="DEFAULT_VEHTYPE" speed="8.30" pos="5.34" lane="3/1to4/1_0" slope="0.00"/>
        <vehicle id="13" x="198.35" y="93.17" angle="0.00" type="DEFAULT_VEHTYPE" speed="12.75" pos="102.08" lane="1/1to1/0_0" slope="0.00"/>
        <vehicle id="14" x="601.65" y="289.17" angle="180.00" type="DEFAULT_VEHTYPE" speed="13.84" pos="84.42" lane="3/1to3/2_0" slope="0.00"/>
        <vehicle id="4" x="398.35" y="16.99" angle="0.00" type="DEFAULT_VEHTYPE" speed="12.95" pos="178.26" lane="2/1to2/0_0" slope="0.00"/>
        <vehicle id="5" x="601.65" y="238.05" angle="180.00" type="DEFAULT_VEHTYPE" speed="12.83" pos="33.30" lane="3/1to3/2_0" slope="0.00"/>
        <vehicle id="7" x="601.65" y="376.40" angle="180.00" type="DEFAULT_VEHTYPE" speed="11.15" pos="171.65" lane="3/1to3/2_0" slope="0.00"/>
        <vehicle id="8" x="176.62" y="198.35" angle="90.00" type="DEFAULT_VEHTYPE" speed="11.46" pos="176.62" lane="0/1to1/1_0" slope="0.00"/>
        <vehicle id="9" x="201.65" y="433.65" angle="180.00" type="DEFAULT_VEHTYPE" speed="13.13" pos="28.90" lane="1/2to1/3_0" slope="0.00"/>
    </timestep>
    <timestep time="708.00">
        <vehicle id="0" x="746.56" y="198.35" angle="90.00" type="DEFAULT_VEHTYPE" speed="13.36" pos="141.81" lane="3/1to4/1_0" slope="0.00"/>
        <vehicle id="1" x="440.99" y="198.35" angle="90.00" type="DEFAULT_VEHTYPE" speed="12.36" pos="36.24" lane="2/1to3/1_0" slope="0.00"/>
        <vehicle id="10" x="201.65" y="94.02" angle="180.00" type="DEFAULT_VEHTYPE" speed="12.66" pos="94.02" lane="1/0to1/1_0" slope="0.00"/>
        <vehicle id="11" x="491.74" y="198.35" angle="90.00" type="DEFAULT_VEHTYPE" speed="12.85" pos="86.99" lane="2/1to3/1_0" slope="0.00"/>
        <vehicle id="12" x="620.93" y="198.35" angle="90.00" type="DEFAULT_VEHTYPE" speed="10.84" pos="16.18" lane="3/1to4/1_0" slope="0.00"/>
        <vehicle id="13" x="198.35" y="79.54" angle="0.00" type="DEFAULT_VEHTYPE" speed="13.64" pos="115.71" lane="1/1to1/0_0" slope="0.00"/>
        <vehicle id="14" x="601.65" y="301.80" angle="180.00" type="DEFAULT_VEHTYPE" speed="12.63" pos="97.05" lane="3/1to3/2_0" slope="0.00"/>
        <vehicle id="4" x="398.35" y="3.78" angle="0.00" type="DEFAULT_VEHTYPE" speed="13.21" pos="191.47" lane="2/1to2/0_0" slope="0.00"/>
        <vehicle id="5" x="601.65" y="251.75" angle="180.00" type="DEFAULT_VEHTYPE" speed="13.70" pos="47.00" lane="3/1to3/2_0" slope="0.00"/>
        <vehicle id="7" x="601.65" y="384.58" angle="180.00" type="DEFAULT_VEHTYPE" speed="8.17" pos="179.83" lane="3/1to3/2_0" slope="0.00"/>
        <vehicle id="8" x="183.85" y="198.35" angle="90.00" type="DEFAULT_VEHTYPE" speed="7.22" pos="183.85" lane="0/1to1/1_0" slope="0.00"/>
        <vehicle id="9" x="201.65" y="446.44" angle="180.00" type="DEFAULT_VEHTYPE" speed="12.79" pos="41.69" lane="1/2to1/3_0" slope="0.00"/>
    </timestep>
    <timestep time="709.00">
        <vehicle id="0" x="760.15" y="198.35" angle="90.00" type="DEFAULT_VEHTYPE" speed="13.59" pos="155.40" lane="3/1to4/1_0" slope="0.00"/>
        <vehicle id="1" x="453.87" y="198.35" angle="90.00" type="DEFAULT_VEHTYPE" speed="12.88" pos="49.12" lane="2/1to3/1_0" slope="0.00"/>
        <vehicle id="10" x="201.65" y="107.27" angle="180.00" type="DEFAULT_VEHTYPE" speed="13.26" pos="107.27" lane="1/0to1/1_0" slope="0.00"/>
        <vehicle id="11" x="505.12" y="198.35" angle="90.00" type="DEFAULT_VEHTYPE" speed="13.37" pos="100.37" lane="2/1to3/1_0" slope="0.00"/>
        <vehicle id="12" x="633.23" y="198.35" angle="90.00" type="DEFAULT_VEHTYPE" speed="12.30" pos="28.48" lane="3/1to4/1_0" slope="0.00"/>
        <vehicle id="13" x="198.35" y="66.21" angle="0.00" type="DEFAULT_VEHTYPE" speed="13.32" pos="129.04" lane="1/1to1/0_0" slope="0.00"/>
        <vehicle id="14" x="601.65" y="314.89" angle="180.00" type="DEFAULT_VEHTYPE" speed="13.09" pos="110.14" lane="3/1to3/2_0" slope="0.00"/>
        <vehicle id="4" x="401.65" y="5.25" angle="180.00" type="DEFAULT_VEHTYPE" speed="13.85" pos="5.25" lane="2/0to2/1_0" slope="0.00"/>
        <vehicle id="5" x="601.65" y="265.57" angle="180.00" type="DEFAULT_VEHTYPE" speed="13.82" pos="60.82" lane="3/1to3/2_0" slope="0.00"/>
        <vehicle id="7" x="601.65" y="389.01" angle="180.00" type="DEFAULT_VEHTYPE" speed="4.43" pos="184.26" lane="3/1to3/2_0" slope="0.00"/>
        <vehicle id="8" x="188.08" y="198.35" angle="90.00" type="DEFAULT_VEHTYPE" speed="4.23" pos="188.08" lane="0/1to1/1_0" slope="0.00"/>
        <vehicle id="9" x="201.65" y="459.82" angle="180.00" type="DEFAULT_VEHTYPE" speed="13.38" pos="55.07" lane="1/2to1/3_0" slope="0.00"/>
    </timestep>
    <timestep time="710.00">
        <vehicle id="0" x="773.16" y="198.35" angle="90.00" type="DEFAULT_VEHTYPE" speed="13.01" pos="168.41" lane="3/1to4/1_0" slope="0.00"/>
        <vehicle id="1" x="467.10" y="198.35" angle="90.00" type="DEFAULT_VEHTYPE" speed="13.23" pos="62.35" lane="2/1to3/1_0" slope="0.00"/>
        <vehicle id="10" x="201.65" y="120.36" angle="180.00" type="DEFAULT_VEHTYPE" speed="13.09" pos="120.36" lane="1/0to1/1_0" slope="0.00"/>
        <vehicle id="11" x="517.77" y="198.35" angle="90.00" type="DEFAULT_VEHTYPE" speed="12.66" pos="113.02" lane="2/1to3/1_0" slope="0.00"/>
        <vehicle id="12" x="646.29" y="198.35" angle="90.00" type="DEFAULT_VEHTYPE" speed="13.06" pos="41.54" lane="3/1to4/1_0" slope="0.00"/>
        <vehicle id="13" x="198.35" y="53.34" angle="0.00" type="DEFAULT_VEHTYPE" speed="12.88" pos="141.91" lane="1/1to1/0_0" slope="0.00"/>
        <vehicle id="14" x="601.65" y="327.61" angle="180.00" type="DEFAULT_VEHTYPE" speed="12.72" pos="122.86" lane="3/1to3/2_0" slope="0.00"/>
        <vehicle id="4" x="401.65" y="18.36" angle="180.00" type="DEFAULT_VEHTYPE" speed="13.11" pos="18.36" lane="2/0to2/1_0" slope="0.00"/>
        <vehicle id="5" x="601.65" y="279.02" angle="180.00" type="DEFAULT_VEHTYPE" speed="13.45" pos="74.27" lane="3/1to3/2_0" slope="0.00"/>
        <vehicle id="7" x="601.65" y="394.94" angle="180.00" type="DEFAULT_VEHTYPE" speed="5.93" pos="190.19" lane="3/1to3/2_0" slope="0.00"/>
        <vehicle id="8" x="190.80" y="198.35" angle="90.00" type="DEFAULT_VEHTYPE" speed="2.72" pos="190.80" lane="0/1to1/1_0" slope="0.00"/>
        <vehicle id="9" x="201.65" y="473.44" angle="180.00" type="DEFAULT_VEHTYPE" speed="13.62" pos="68.69" lane="1/2to1/3_0" slope="0.00"/>
    </timestep>
    <timestep time="711.00">
        <vehicle id="0" x="786.68" y="198.35" angle="90.00" type="DEFAULT_VEHTYPE" speed="13.52" pos="181.93" lane="3/1to4/1_0" slope="0.00"/>
        <vehicle id="1" x="479.98" y="198.35" angle="90.00" type="DEFAULT_VEHTYPE" speed="12.89" pos="75.23" lane="2/1to3/1_0" slope="0.00"/>
        <vehicle id="10" x="201.65" y="133.20" angle="180.00" type="DEFAULT_VEHTYPE" speed="12.84" pos="133.20" lane="1/0to1/1_0" slope="0.00"/>
        <vehicle id="11" x="530.84" y="198.35" angle="90.00" type="DEFAULT_VEHTYPE" speed="13.07" pos="126.09" lane="2/1to3/1_0" slope="0.00"/>
        <vehicle id="12" x="659.06" y="198.35" angle="90.00" type="DEFAULT_VEHTYPE" speed="12.77" pos="54.31" lane="3/1to4/1_0" slope="0.00"/>
        <vehicle id="13" x="198.35" y="40.17" angle="0.00" type="DEFAULT_VEHTYPE" speed="13.17" pos="155.08" lane="1/1to1/0_0" slope="0.00"/>
        <vehicle id="14" x="601.65" y="341.10" angle="180.00" type="DEFAULT_VEHTYPE" speed="13.49" pos="136.35" lane="3/1to3/2_0" slope="0.00"/>
        <vehicle id="4" x="401.65" y="31.48" angle="180.00" type="DEFAULT_VEHTYPE" speed="13.12" pos="31.48" lane="2/0to2/1_0" slope="0.00"/>
        <vehicle id="5" x="601.65" y="291.70" angle="180.00" type="DEFAULT_VEHTYPE" speed="12.68" pos="86.95" lane="3/1to3/2_0" slope="0.00"/>
        <vehicle id="7" x="598.26" y="401.13" angle="-139.87" type="DEFAULT_VEHTYPE" speed="7.56" pos="0.11" lane=":3/2_18_0" slope="0.00"/>
        <vehicle id="8" x="195.14" y="198.35" angle="90.00" type="DEFAULT_VEHTYPE" speed="4.33" pos="195.14" lane="0/1to1/1_0" slope="0.00"/>
        <vehicle id="9" x="201.65" y="486.18" angle="180.00" type="DEFAULT_VEHTYPE" speed="12.75" pos="81.43" lane="1/2to1/3_0" slope="0.00"/>
    </timestep>
    <timestep time="712.00">
        <vehicle id="0" x="799.42" y="198.35" angle="90.00" type="DEFAULT_VEHTYPE" speed="12.74" pos="194.67" lane="3/1to4/1_0" slope="0.00"/>
        <vehicle id="1" x="493.83" y="198.35" angle="90.00" type="DEFAULT_VEHTYPE" speed="13.85" pos="89.08" lane="2/1to3/1_0" slope="0.00"/>
        <vehicle id="10" x="201.65" y="146.88" angle="180.00" type="DEFAULT_VEHTYPE" speed="13.67" pos="146.88" lane="1/0to1/1_0" slope="0.00"/>
        <vehicle id="11" x="543.59" y="198.35" angle="90.00" type="DEFAULT_VEHTYPE" speed="12.75" pos="138.84" lane="2/1to3/1_0" slope="0.00"/>
        <vehicle id="12" x="672.16" y="198.35" angle="90.00" type="DEFAULT_VEHTYPE" speed="13.10" pos="67.41" lane="3/1to4/1_0" slope="0.00"/>
        <vehicle id="13" x="198.35" y="26.36" angle="0.00" type="DEFAULT_VEHTYPE" speed="13.81" pos="168.89" lane="1/1to1/0_0" slope="0.00"/>
        <vehicle id="14" x="601.65" y="353.91" angle="180.00" type="DEFAULT_VEHTYPE" speed="12.81" pos="149.16" lane="3/1to3/2_0" slope="0.00"/>
        <vehicle id="4" x="401.65" y="44.20" angle="180.00" type="DEFAULT_VEHTYPE" speed="12.72" pos="44.20" lane="2/0to2/1_0" slope="0.00"/>
        <vehicle id="5" x="601.65" y="305.16" angle="180.00" type="DEFAULT_VEHTYPE" speed="13.47" pos="100.41" lane="3/1to3/2_0" slope="0.00"/>
        <vehicle id="7" x="588.93" y="401.65" angle="-90.00" type="DEFAULT_VEHTYPE" speed="9.39" pos="6.32" lane="3/2to2/2_0" slope="0.00"/>
        <vehicle id="8" x="198.35" y="194.53" angle="32.64" type="DEFAULT_VEHTYPE" speed="5.84" pos="0.72" lane="1/1to1/0_0" slope="0.00"/>
        <vehicle id="9" x="201.65" y="498.88" angle="180.00" type="DEFAULT_VEHTYPE" speed="12.70" pos="94.13" lane="1/2to1/3_0" slope="0.00"/>
    </timestep>
    <timestep time="713.00">
        <vehicle id="0" x="792.08" y="201.65" angle="-90.00" type="DEFAULT_VEHTYPE" speed="13.31" pos="7.92" lane="4/1to3/1_0" slope="0.00"/>
        <vehicle id="1" x="507.01" y="198.35" angle="90.00" type="DEFAULT_VEHTYPE" speed="13.18" pos="102.26" lane="2/1to3/1_0" slope="0.00"/>
        <vehicle id="10" x="201.65" y="160.67" angle="180.00" type="DEFAULT_VEHTYPE" speed="13.79" pos="160.67" lane="1/0to1/1_0" slope="0.00"/>
        <vehicle id="11" x="557.04" y="198.35" angle="90.00" type="DEFAULT_VEHTYPE" speed="13.45" pos="152.29" lane="2/1to3/1_0" slope="0.00"/>
        <vehicle id="12" x="685.33" y="198.35" angle="90.00" type="DEFAULT_VEHTYPE" speed="13.17" pos="80.58" lane="3/1to4/1_0" slope="0.00"/>
        <vehicle id="13" x="198.35" y="12.46" angle="0.00" type="DEFAULT_VEHTYPE" speed="13.90" pos="182.79" lane="1/1to1/0_0" slope="0.00"/>
        <vehicle id="14" x="601.65" y="366.92" angle="180.00" type="DEFAULT_VEHTYPE" speed="13.01" pos="162.17" lane="3/1to3/2_0" slope="0.00"/>
        <vehicle id="4" x="401.65" y="57.48" angle="180.00" type="DEFAULT_VEHTYPE" speed="13.29" pos="57.48" lane="2/0to2/1_0" slope="0.00"/>
        <vehicle id="5" x="601.65" y="318.89" angle="180.00" type="DEFAULT_VEHTYPE" speed="13.72" pos="114.14" lane="3/1to3/2_0" slope="0.00"/>
        <vehicle id="7" x="577.22" y="401.65" angle="-90.00" type="DEFAULT_VEHTYPE" speed="11.71" pos="18.03" lane="3/2to2/2_0" slope="0.00"/>
        <vehicle id="8" x="198.35" y="186.92" angle="0.00" type="DEFAULT_VEHTYPE" speed="7.61" pos="8.33" lane="1/1to1/0_0" slope="0.00"/>
        <vehicle id="9" x="201.65" y="511.53" angle="180.00" type="DEFAULT_VEHTYPE" speed="12.65" pos="106.78" lane="1/2to1/3_0" slope="0.00"/>
    </timestep>
    <timestep time="714.00">
        <vehicle id="0" x="778.31" y="201.65" angle="-90.00" type="DEFAULT_VEHTYPE" speed="13.77" pos="21.69" lane="4/1to3/1_0" slope="0.00"/>
        <vehicle id="1" x="520.34" y="198.35" angle="90.00" type="DEFAULT_VEHTYPE" speed="13.33" pos="115.59" lane="2/1to3/1_0" slope="0.00"/>
        <vehicle id="10" x="201.65" y="174.42" angle="180.00" type="DEFAULT_VEHTYPE" speed="13.75" pos="174.42" lane="1/0to1/1_0" slope="0.00"/>
        <vehicle id="11" x="570.21" y="198.35" angle="90.00" type="DEFAULT_VEHTYPE" speed="13.18" pos="165.46" lane="2/1to3/1_0" slope="0.00"/>
        <vehicle id="12" x="699.09" y="198.35" angle="90.00" type="DEFAULT_VEHTYPE" speed="13.76" pos="94.34" lane="3/1to4/1_0" slope="0.00"/>
        <vehicle id="13" x="198.55" y="-0.29" angle="2.26" type="DEFAULT_VEHTYPE" speed="12.81" pos="0.35" lane=":1/0_0_0" slope="0.00"/>
        <vehicle id="14" x="601.65" y="377.88" angle="180.00" type="DEFAULT_VEHTYPE" speed="10.96" pos="173.13" lane="3/1to3/2_0" slope="0.00"/>
        <vehicle id="4" x="401.65" y="70.92" angle="180.00" type="DEFAULT_VEHTYPE" speed="13.44" pos="70.92" lane="2/0to2/1_0" slope="0.00"/>
        <vehicle id="5" x="601.65" y="331.99" angle="180.00" type="DEFAULT_VEHTYPE" speed="13.10" pos="127.24" lane="3/1to3/2_0" slope="0.00"/>
        <vehicle id="7" x="563.96" y="401.65" angle="-90.00" type="DEFAULT_VEHTYPE" speed="13.26" pos="31.29" lane="3/2to2/2_0" slope="0.00"/>
        <vehicle id="8" x="198.35" y="177.36" angle="0.00" type="DEFAULT_VEHTYPE" speed="9.56" pos="17.89" lane="1/1to1/0_0" slope="0.00"/>
        <vehicle id="9" x="201.65" y="524.71" angle="180.00" type="DEFAULT_VEHTYPE" speed="13.18" pos="119.96" lane="1/2to1/3_0" slope="0.00"/>
    </timestep>
    <timestep time="715.00">
        <vehicle id="0" x="765.59" y="201.65" angle="-90.00" type="DEFAULT_VEHTYPE" speed="12.72" pos="34.41" lane="4/1to3/1_0" slope="0.00"/>
        <vehicle id="1" x="533.18" y="198.35" angle="90.00" type="DEFAULT_VEHTYPE" speed="12.84" pos="128.43" lane="2/1to3/1_0" slope="0.00"/>
        <vehicle id="10" x="201.65" y="187.47" angle="180.00" type="DEFAULT_VEHTYPE" speed="13.06" pos="187.47" lane="1/0to1/1_0" slope="0.00"/>
        <vehicle id="11" x="580.13" y="198.35" angle="90.00" type="DEFAULT_VEHTYPE" speed="9.92" pos="175.38" lane="2/1to3/1_0" slope="0.00"/>
        <vehicle id="12" x="712.08" y="198.35" angle="90.00" type="DEFAULT_VEHTYPE" speed="12.99" pos="107.33" lane="3/1to4/1_0" slope="0.00"/>
        <vehicle id="13" x="201.65" y="8.78" angle="180.00" type="DEFAULT_VEHTYPE" speed="13.24" pos="8.78" lane="1/0to1/1_0" slope="0.00"/>
        <vehicle id="14" x="601.65" y="385.28" angle="180.00" type="DEFAULT_VEHTYPE" speed="7.40" pos="180.53" lane="3/1to3/2_0" slope="0.00"/>
        <vehicle id="4" x="401.65" y="83.83" angle="180.00" type="DEFAULT_VEHTYPE" speed="12.91" pos="83.83" lane="2/0to2/1_0" slope="0.00"/>
        <vehicle id="5" x="601.65" y="344.62" angle="180.00" type="DEFAULT_VEHTYPE" speed="12.63" pos="139.87" lane="3/1to3/2_0" slope="0.00"/>
        <vehicle id="7" x="550.49" y="401.65" angle="-90.00" type="DEFAULT_VEHTYPE" speed="13.47" pos="44.76" lane="3/2to2/2_0" slope="0.00"/>
        <vehicle id="8" x="198.35" y="166.31" angle="0.00" type="DEFAULT_VEHTYPE" speed="11.05" pos="28.94" lane="1/1to1/0_0" slope="0.00"/>
        <vehicle id="9" x="201.65" y="538.35" angle="180.00" type="DEFAULT_VEHTYPE" speed="13.64" pos="133.60" lane="1/2to1/3_0" slope="0.00"/>
    </timestep>
    <timestep time="716.00">
        <vehicle id="0" x="752.10" y="201.65" angle="-90.00" type="DEFAULT_VEHTYPE" speed="13.49" pos="47.90" lane="4/1to3/1_0" slope="0.00"/>
        <vehicle id="1" x="545.83" y="198.35" angle="90.00" type="DEFAULT_VEHTYPE" speed="12.65" pos="141.08" lane="2/1to3/1_0" slope="0.00"/>
        <vehicle id="10" x="204.70" y="198.34" angle="135.89" type="DEFAULT_VEHTYPE" speed="12.72" pos="4.95" lane=":1/1_8_0" slope="0.00"/>
        <vehicle id="11" x="586.04" y="198.35" angle="90.00" type="DEFAULT_VEHTYPE" speed="5.91" pos="181.29" lane="2/1to3/1_0" slope="0.00"/>
        <vehicle id="12" x="725.37" y="198.35" angle="90.00" type="DEFAULT_VEHTYPE" speed="13.28" pos="120.62" lane="3/1to4/1_0" slope="0.00"/>
        <vehicle id="13" x="201.65" y="21.86" angle="180.00" type="DEFAULT_VEHTYPE" speed="13.09" pos="21.86" lane="1/0to1/1_0" slope="0.00"/>
        <vehicle id="14" x="601.65" y="389.33" angle="180.00" type="DEFAULT_VEHTYPE" speed="4.05" pos="184.58" lane="3/1to3/2_0" slope="0.00"/>
        <vehicle id="4" x="401.65" y="97.00" angle="180.00" type="DEFAULT_VEHTYPE" speed="13.18" pos="97.00" lane="2/0to2/1_0" slope="0.00"/>
        <vehicle id="5" x="601.65" y="358.04" angle="180.00" type="DEFAULT_VEHTYPE" speed="13.42" pos="153.29" lane="3/1to3/2_0" slope="0.00"/>
        <vehicle id="7" x="537.79" y="401.65" angle="-90.00" type="DEFAULT_VEHTYPE" speed="12.70" pos="57.46" lane="3/2to2/2_0" slope="0.00"/>
        <vehicle id="8" x="198.35" y="153.44" angle="0.00" type="DEFAULT_VEHTYPE" speed="12.87" pos="41.81" lane="1/1to1/0_0" slope="0.00"/>
        <vehicle id="9" x="201.65" y="551.94" angle="180.00" type="DEFAULT_VEHTYPE" speed="13.59" pos="147.19" lane="1/2to1/3_0" slope="0.00"/>
    </timestep>
    <timestep time="717.00">
        <vehicle id="0" x="738.64" y="201.65" angle="-90.00" type="DEFAULT_VEHTYPE" speed="13.46" pos="61.36" lane="4/1to3/1_0" slope="0.00"/>
        <vehicle id="1" x="558.92" y="198.35" angle="90.00" type="DEFAULT_VEHTYPE" speed="13.09" pos="154.17" lane="2/1to3/1_0" slope="0.00"/>
        <vehicle id="10" x="217.62" y="198.35" angle="90.00" type="DEFAULT_VEHTYPE" speed="12.92" pos="12.87" lane="1/1to2/1_0" slope="0.00"/>
        <vehicle id="11" x="590.01" y="198.35" angle="90.00" type="DEFAULT_VEHTYPE" speed="3.97" pos="185.26" lane="2/1to3/1_0" slope="0.00"/>
        <vehicle id="12" x="738.30" y="198.35" angle="90.00" type="DEFAULT_VEHTYPE" speed="12.94" pos="133.55" lane="3/1to4/1_0" slope="0.00"/>
        <vehicle id="13" x="201.65" y="35.39" angle="180.00" type="DEFAULT_VEHTYPE" speed="13.53" pos="35.39" lane="1/0to1/1_0" slope="0.00"/>
        <vehicle id="14" x="601.55" y="395.94" angle="-178.87" type="DEFAULT_VEHTYPE" speed="6.62" pos="0.70" lane=":3/2_10_0" slope="0.00"/>
        <vehicle id="4" x="401.65" y="110.73" angle="180.00" type="DEFAULT_VEHTYPE" speed="13.73" pos="110.73" lane="2/0to2/1_0" slope="0.00"/>
        <vehicle id="5" x="601.65" y="368.67" angle="180.00" type="DEFAULT_VEHTYPE" speed="10.63" pos="163.92" lane="3/1to3/2_0" slope="0.00"/>
        <vehicle id="7" x="524.95" y="401.65" angle="-90.00" type="DEFAULT_VEHTYPE" speed="12.84" pos="70.30" lane="3/2to2/2_0" slope="0.00"/>
        <vehicle id="8" x="198.35" y="140.49" angle="0.00" type="DEFAULT_VEHTYPE" speed="12.94" pos="54.76" lane="1/1to1/0_0" slope="0.00"/>
        <vehicle id="9" x="201.65" y="565.63" angle="180.00" type="DEFAULT_VEHTYPE" speed="13.69" pos="160.88" lane="1/2to1/3_0" slope="0.00"/>
    </timestep>
    <timestep time="718.00">
        <vehicle id="0" x="725.61" y="201.65" angle="-90.00" type="DEFAULT_VEHTYPE" speed="13.03" pos="74.39" lane="4/1to3/1_0" slope="0.00"/>
        <vehicle id="1" x="568.69" y="198.35" angle="90.00" type="DEFAULT_VEHTYPE" speed="9.77" pos="163.94" lane="2/1to3/1_0" slope="0.00"/>
        <vehicle id="10" x="230.50" y="198.35" angle="90.00" type="DEFAULT_VEHTYPE" speed="12.89" pos="25.75" lane="1/1to2/1_0" slope="0.00"/>
        <vehicle id="11" x="596.40" y="198.51" angle="91.89" type="DEFAULT_VEHTYPE" speed="6.40" pos="1.16" lane=":3/1_14_0" slope="0.00"/>
        <vehicle id="12" x="751.23" y="198.35" angle="90.00" type="DEFAULT_VEHTYPE" speed="12.93" pos="146.48" lane="3/1to4/1_0" slope="0.00"/>
        <vehicle id="13" x="201.65" y="48.47" angle="180.00" type="DEFAULT_VEHTYPE" speed="13.08" pos="48.47" lane="1/0to1/1_0" slope="0.00"/>
        <vehicle id="14" x="596.89" y="401.42" angle="-123.96" type="DEFAULT_VEHTYPE" speed="7.97" pos="1.53" lane=":3/2_18_0" slope="0.00"/>
        <vehicle id="4" x="401.65" y="123.68" angle="180.00" type="DEFAULT_VEHTYPE" speed="12.95" pos="123.68" lane="2/0to2/1_0" slope="0.00"/>
        <vehicle id="5" x="601.65" y="378.30" angle="180.00" type="DEFAULT_VEHTYPE" speed="9.63" pos="173.55" lane="3/1to3/2_0" slope="0.00"/>
        <vehicle id="7" x="511.36" y="401.65" angle="-90.00" type="DEFAULT_VEHTYPE" speed="13.59" pos="83.89" lane="3/2to2/2_0" slope="0.00"/>
        <vehicle id="8" x="198.35" y="127.67" angle="0.00" type="DEFAULT_VEHTYPE" speed="12.82" pos="67.58" lane="1/1to1/0_0" slope="0.00"/>
        <vehicle id="9" x="201.65" y="579.08" angle="180.00" type="DEFAULT_VEHTYPE" speed="13.44" pos="174.33" lane="1/2to1/3_0" slope="0.00"/>
    </timestep>
    <timestep time="719.00">
        <vehicle id="0" x="711.95" y="201.65" angle="-90.00" type="DEFAULT_VEHTYPE" speed="13.66" pos="88.05" lane="4/1to3/1_0" slope="0.00"/>
        <vehicle id="1" x="578.45" y="198.35" angle="90.00" type="DEFAULT_VEHTYPE" speed="9.76" pos="173.70" lane="2/1to3/1_0" slope="0.00"/>
        <vehicle id="10" x="243.46" y="198.35" angle="90.00" type="DEFAULT_VEHTYPE" speed="12.95" pos="38.71" lane="1/1to2/1_0" slope="0.00"/>
        <vehicle id="11" x="601.54" y="204.00" angle="155.28" type="DEFAULT_VEHTYPE" speed="8.40" pos="9.56" lane=":3/1_14_0" slope="0.00"/>
        <vehicle id="12" x="764.38" y="198.35" angle="90.00" type="DEFAULT_VEHTYPE" speed="13.15" pos="159.63" lane="3/1to4/1_0" slope="0.00"/>
        <vehicle id="13" x="201.65" y="61.97" angle="180.00" type="DEFAULT_VEHTYPE" speed="13.51" pos="61.97" lane="1/0to1/1_0" slope="0.00"/>
        <vehicle id="14" x="586.58" y="401.65" angle="-90.00" type="DEFAULT_VEHTYPE" speed="10.33" pos="8.67" lane="3/2to2/2_0" slope="0.00"/>
        <vehicle id="4" x="401.65" y="136.81" angle="180.00" type="DEFAULT_VEHTYPE" speed="13.14" pos="136.81" lane="2/0to2/1_0" slope="0.00"/>
        <vehicle id="5" x="601.65" y="385.02" angle="180.00" type="DEFAULT_VEHTYPE" speed="6.72" pos="180.27" lane="3/1to3/2_0" slope="0.00"/>
        <vehicle id="7" x="498.49" y="401.65" angle="-90.00" type="DEFAULT_VEHTYPE" speed="12.86" pos="96.76" lane="3/2to2/2_0" slope="0.00"/>
        <vehicle id="8" x="198.35" y="114.61" angle="0.00" type="DEFAULT_VEHTYPE" speed="13.06" pos="80.64" lane="1/1to1/0_0" slope="0.00"/>
        <vehicle id="9" x="201.65" y="592.85" angle="180.00" type="DEFAULT_VEHTYPE" speed="13.77" pos="188.10" lane="1/2to1/3_0" slope="0.00"/>
    </timestep>
    <timestep time="720.00">
        <vehicle id="0" x="698.56" y="201.65" angle="-90.00" type="DEFAULT_VEHTYPE" speed="13.39" pos="101.44" lane="4/1to3/1_0" slope="0.00"/>
        <vehicle id="1" x="585.32" y="198.35" angle="90.00" type="DEFAULT_VEHTYPE" speed="6.87" pos="180.57" lane="2/1to3/1_0" slope="0.00"/>
        <vehicle id="10" x="256.87" y="198.35" angle="90.00" type="DEFAULT_VEHTYPE" speed="13.42" pos="52.12" lane="1/1to2/1_0" slope="0.00"/>
        <vehicle id="11" x="601.65" y="214.59" angle="180.00" type="DEFAULT_VEHTYPE" speed="10.60" pos="9.84" lane="3/1to3/2_0" slope="0.00"/>
        <vehicle id="12" x="777.27" y="198.35" angle="90.00" type="DEFAULT_VEHTYPE" speed="12.88" pos="172.52" lane="3/1to4/1_0" slope="0.00"/>
        <vehicle id="13" x="201.65" y="75.47" angle="180.00" type="DEFAULT_VEHTYPE" speed="13.50" pos="75.47" lane="1/0to1/1_0" slope="0.00"/>
        <vehicle id="14" x="574.16" y="401.65" angle="-90.00" type="DEFAULT_VEHTYPE" speed="12.42" pos="21.09" lane="3/2to2/2_0" slope="0.00"/>
        <vehicle id="4" x="401.65" y="150.59" angle="180.00" type="DEFAULT_VEHTYPE" speed="13.77" pos="150.59" lane="2/0to2/1_0" slope="0.00"/>
        <vehicle id="5" x="601.65" y="389.61" angle="180.00" type="DEFAULT_VEHTYPE" speed="4.59" pos="184.86" lane="3/1to3/2_0" slope="0.00"/>
        <vehicle id="7" x="484.67" y="401.65" angle="-90.00" type="DEFAULT_VEHTYPE" speed="13.83" pos="110.58" lane="3/2to2/2_0" slope="0.00"/>
        <vehicle id="8" x="198.35" y="102.00" angle="0.00" type="DEFAULT_VEHTYPE" speed="12.61" pos="93.25" lane="1/1to1/0_0" slope="0.00"/>
        <vehicle id="9" x="210.85" y="598.35" angle="90.00" type="DEFAULT_VEHTYPE" speed="13.51" pos="6.10" lane="1/3to2/3_0" slope="0.00"/>
    </timestep>
    <timestep time="721.00">
        <vehicle id="0" x="685.15" y="201.65" angle="-90.00" type="DEFAULT_VEHTYPE" speed="13.41" pos="114.85" lane="4/1to3/1_0" slope="0.00"/>
        <vehicle id="1" x="589.73" y="198.35" angle="90.00" type="DEFAULT_VEHTYPE" speed="4.41" pos="184.98" lane="2/1to3/1_0" slope="0.00"/>
        <vehicle id="10" x="270.52" y="198.35" angle="90.00" type="DEFAULT_VEHTYPE" speed="13.65" pos="65.77" lane="1/1to2/1_0" slope="0.00"/>
        <vehicle id="11" x="601.65" y="227.06" angle="180.00" type="DEFAULT_VEHTYPE" speed="12.46" pos="22.31" lane="3/1to3/2_0" slope="0.00"/>
        <vehicle id="12" x="790.29" y="198.35" angle="90.00" type="DEFAULT_VEHTYPE" speed="13.02" pos="185.54" lane="3/1to4/1_0" slope="0.00"/>
        <vehicle id="13" x="201.65" y="88.19" angle="180.00" type="DEFAULT_VEHTYPE" speed="12.72" pos="88.19" lane="1/0to1/1_0" slope="0.00"/>
        <vehicle id="14" x="561.10" y="401.65" angle="-90.00" type="DEFAULT_VEHTYPE" speed="13.06" pos="34.15" lane="3/2to2/2_0" slope="0.00"/>
        <vehicle id="4" x="401.65" y="163.30" angle="180.00" type="DEFAULT_VEHTYPE" speed="12.72" pos="163.30" lane="2/0to2/1_0" slope="0.00"/>
        <vehicle id="5" x="601.46" y="396.58" angle="-177.82" type="DEFAULT_VEHTYPE" speed="6.98" pos="1.34" lane=":3/2_10_0" slope="0.00"/>
        <vehicle id="7" x="471.27" y="401.65" angle="-90.00" type="DEFAULT_VEHTYPE" speed="13.40" pos="123.98" lane="3/2to2/2_0" slope="0.00"/>
        <vehicle id="8" x="198.35" y="88.64" angle="0.00" type="DEFAULT_VEHTYPE" speed="13.36" pos="106.61" lane="1/1to1/0_0" slope="0.00"/>
        <vehicle id="9" x="223.56" y="598.35" angle="90.00" type="DEFAULT_VEHTYPE" speed="12.70" pos="18.81" lane="1/3to2/3_0" slope="0.00"/>
    </timestep>
    <timestep time="722.00">
        <vehicle id="0" x="672.19" y="201.65" angle="-90.00" type="DEFAULT_VEHTYPE" speed="12.96" pos="127.81" lane="4/1to3/1_0" slope="0.00"/>
        <vehicle id="1" x="595.49" y="198.35" angle="90.00" type="DEFAULT_VEHTYPE" speed="5.75" pos="0.24" lane=":3/1_13_0" slope="0.00"/>
        <vehicle id="10" x="284.34" y="198.35" angle="90.00" type="DEFAULT_VEHTYPE" speed="13.81" pos="79.59" lane="1/1to2/1_0" slope="0.00"/>
        <vehicle id="11" x="601.65" y="240.63" angle="180.00" type="DEFAULT_VEHTYPE" speed="13.57" pos="35.88" lane="3/1to3/2_0" slope="0.00"/>
        <vehicle id="12" x="801.29" y="200.73" angle="127.76" type="DEFAULT_VEHTYPE" speed="12.93" pos="3.22" lane=":4/1_0_0" slope="0.00"/>
        <vehicle id="13" x="201.65" y="101.98" angle="180.00" type="DEFAULT_VEHTYPE" speed="13.79" pos="101.98" lane="1/0to1/1_0" slope="0.00"/>
        <vehicle id="14" x="547.79" y="401.65" angle="-90.00" type="DEFAULT_VEHTYPE" speed="13.31" pos="47.46" lane="3/2to2/2_0" slope="0.00"/>
        <vehicle id="4" x="401.65" y="177.02" angle="180.00" type="DEFAULT_VEHTYPE" speed="13.72" pos="177.02" lane="2/0to2/1_0" slope="0.00"/>
        <vehicle id="5" x="595.01" y="401.65" angle="-106.53" type="DEFAULT_VEHTYPE" speed="9.22" pos="0.24" lane="3/2to2/2_0" slope="0.00"/>
        <vehicle id="7" x="458.57" y="401.65" angle="-90.00" type="DEFAULT_VEHTYPE" speed="12.70" pos="136.68" lane="3/2to2/2_0" slope="0.00"/>
        <vehicle id="8" x="198.35" y="75.51" angle="0.00" type="DEFAULT_VEHTYPE" speed="13.14" pos="119.74" lane="1/1to1/0_0" slope="0.00"/>
        <vehicle id="9" x="236.87" y="598.35" angle="90.00" type="DEFAULT_VEHTYPE" speed="13.31" pos="32.12" lane="1/3to2/3_0" slope="0.00"/>
    </timestep>
    <timestep time="723.00">
        <vehicle id="0" x="658.70" y="201.65" angle="-90.00" type="DEFAULT_VEHTYPE" speed="13.49" pos="141.30" lane="4/1to3/1_0" slope="0.00"/>
        <vehicle id="1" x="603.83" y="198.35" angle="90.00" type="DEFAULT_VEHTYPE" speed="8.34" pos="8.58" lane=":3/1_13_0" slope="0.00"/>
        <vehicle id="10" x="297.35" y="198.35" angle="90.00" type="DEFAULT_VEHTYPE" speed="13.02" pos="92.60" lane="1/1to2/1_0" slope="0.00"/>
        <vehicle id="11" x="601.65" y="254.09" angle="180.00" type="DEFAULT_VEHTYPE" speed="13.47" pos="49.34" lane="3/1to3/2_0" slope="0.00"/>
        <vehicle id="12" x="788.30" y="201.65" angle="-90.00" type="DEFAULT_VEHTYPE" speed="13.30" pos="11.70" lane="4/1to3/1_0" slope="0.00"/>
        <vehicle id="13" x="201.65" y="115.15" angle="180.00" type="DEFAULT_VEHTYPE" speed="13.17" pos="115.15" lane="1/0to1/1_0" slope="0.00"/>
        <vehicle id="14" x="534.71" y="401.65" angle="-90.00" type="DEFAULT_VEHTYPE" speed="13.07" pos="60.54" lane="3/2to2/2_0" slope="0.00"/>
        <vehicle id="4" x="401.65" y="190.17" angle="180.00" type="DEFAULT_VEHTYPE" speed="13.14" pos="190.17" lane="2/0to2/1_0" slope="0.00"/>
        <vehicle id="5" x="583.54" y="401.65" angle="-90.00" type="DEFAULT_VEHTYPE" speed="11.47" pos="11.71" lane="3/2to2/2_0" slope="0.00"/>
        <vehicle id="7" x="444.90" y="401.65" angle="-90.00" type="DEFAULT_VEHTYPE" speed="13.67" pos="150.35" lane="3/2to2/2_0" slope="0.00"/>
        <vehicle id="8" x="198.35" y="62.56" angle="0.00" type="DEFAULT_VEHTYPE" speed="12.95" pos="132.69" lane="1/1to1/0_0" slope="0.00"/>
        <vehicle id="9" x="249.55" y="598.35" angle="90.00" type="DEFAULT_VEHTYPE" speed="12.68" pos="44.80" lane="1/3to2/3_0" slope="0.00"/>
    </timestep>
    <timestep time="724.00">
        <vehicle id="0" x="645.35" y="201.65" angle="-90.00" type="DEFAULT_VEHTYPE" speed="13.35" pos="154.65" lane="4/1to3/1_0" slope="0.00"/>
        <vehicle id="1" x="613.67" y="198.35" angle="90.00" type="DEFAULT_VEHTYPE" speed="9.84" pos="8.92" lane="3/1to4/1_0" slope="0.00"/>
        <vehicle id="10" x="311.10" y="198.35" angle="90.00" type="DEFAULT_VEHTYPE" speed="13.75" pos="106.35" lane="1/1to2/1_0" slope="0.00"/>
        <vehicle id="11" x="601.65" y="266.72" angle="180.00" type="DEFAULT_VEHTYPE" speed="12.62" pos="61.97" lane="3/1to3/2_0" slope="0.00"/>
        <vehicle id="12" x="775.63" y="201.65" angle="-90.00" type="DEFAULT_VEHTYPE" speed="12.67" pos="24.37" lane="4/1to3/1_0" slope="0.00"/>
        <vehicle id="13" x="201.65" y="128.69" angle="180.00" type="DEFAULT_VEHTYPE" speed="13.54" pos="128.69" lane="1/0to1/1_0" slope="0.00"/>
        <vehicle id="14" x="521.53" y="401.65" angle="-90.00" type="DEFAULT_VEHTYPE" speed="13.19" pos="73.72" lane="3/2to2/2_0" slope="0.00"/>
        <vehicle id="4" x="408.10" y="198.35" angle="93.90" type="DEFAULT_VEHTYPE" speed="13.43" pos="3.35" lane="2/1to3/1_0" slope="0.00"/>
        <vehicle id="5" x="569.70" y="401.65" angle="-90.00" type="DEFAULT_VEHTYPE" speed="13.84" pos="25.55" lane="3/2to2/2_0" slope="0.00"/>
        <vehicle id="7" x="431.75" y="401.65" angle="-90.00" type="DEFAULT_VEHTYPE" speed="13.15" pos="163.50" lane="3/2to2/2_0" slope="0.00"/>
        <vehicle id="8" x="198.35" y="49.64" angle="0.00" type="DEFAULT_VEHTYPE" speed="12.92" pos="145.61" lane="1/1to1/0_0" slope="0.00"/>
        <vehicle id="9" x="262.47" y="598.35" angle="90.00" type="DEFAULT_VEHTYPE" speed="12.92" pos="57.72" lane="1/3to2/3_0" slope="0.00"/>
    </timestep>
    <timestep time="725.00">
        <vehicle id="0" x="631.94" y="201.65" angle="-90.00" type="DEFAULT_VEHTYPE" speed="13.41" pos="168.06" lane="4/1to3/1_0" slope="0.00"/>
        <vehicle id="1" x="625.69" y="198.35" angle="90.00" type="DEFAULT_VEHTYPE" speed="12.02" pos="20.94" lane="3/1to4/1_0" slope="0.00"/>
        <vehicle id="10" x="323.87" y="198.35" angle="90.00" type="DEFAULT_VEHTYPE" speed="12.77" pos="119.12" lane="1/1to2/1_0" slope="0.00"/>
        <vehicle id="11" x="601.65" y="280.09" angle="180.00" type="DEFAULT_VEHTYPE" speed="13.37" pos="75.34" lane="3/1to3/2_0" slope="0.00"/>
        <vehicle id="12" x="762.99" y="201.65" angle="-90.00" type="DEFAULT_VEHTYPE" speed="12.64" pos="37.01" lane="4/1to3/1_0" slope="0.00"/>
        <vehicle id="13" x="201.65" y="141.57" angle="180.00" type="DEFAULT_VEHTYPE" speed="12.87" pos="141.57" lane="1/0to1/1_0" slope="0.00"/>
        <vehicle id="14" x="508.14" y="401.65" angle="-90.00" type="DEFAULT_VEHTYPE" speed="13.39" pos="87.11" lane="3/2to2/2_0" slope="0.00"/>
        <vehicle id="4" x="420.96" y="198.35" angle="90.00" type="DEFAULT_VEHTYPE" speed="12.87" pos="16.21" lane="2/1to3/1_0" slope="0.00"/>
        <vehicle id="5" x="556.44" y="401.65" angle="-90.00" type="DEFAULT_VEHTYPE" speed="13.26" pos="38.81" lane="3/2to2/2_0" slope="0.00"/>
        <vehicle id="7" x="422.01" y="401.65" angle="-90.00" type="DEFAULT_VEHTYPE" speed="9.74" pos="173.24" lane="3/2to2/2_0" slope="0.00"/>
        <vehicle id="8" x="198.35" y="36.19" angle="0.00" type="DEFAULT_VEHTYPE" speed="13.45" pos="159.06" lane="1/1to1/0_0" slope="0.00"/>
        <vehicle id="9" x="276.11" y="598.35" angle="90.00" type="DEFAULT_VEHTYPE" speed="13.64" pos="71.36" lane="1/3to2/3_0" slope="0.00"/>
    </timestep>
    <timestep time="726.00">
        <vehicle id="0" x="621.59" y="201.65" angle="-90.00" type="DEFAULT_VEHTYPE" speed="10.35" pos="178.41" lane="4/1to3/1_0" slope="0.00"/>
        <vehicle id="1" x="639.50" y="198.35" angle="90.00" type="DEFAULT_VEHTYPE" speed="13.80" pos="34.75" lane="3/1to4/1_0" slope="0.00"/>
        <vehicle id="10" x="337.51" y="198.35" angle="90.00" type="DEFAULT_VEHTYPE" speed="13.64" pos="132.76" lane="1/1to2/1_0" slope="0.00"/>
        <vehicle id="11" x="601.65" y="293.34" angle="180.00" type="DEFAULT_VEHTYPE" speed="13.25" pos="88.59" lane="3/1to3/2_0" slope="0.00"/>
        <vehicle id="12" x="750.16" y="201.65" angle="-90.00" type="DEFAULT_VEHTYPE" speed="12.84" pos="49.84" lane="4/1to3/1_0" slope="0.00"/>
        <vehicle id="13" x="201.65" y="155.01" angle="180.00" type="DEFAULT_VEHTYPE" speed="13.44" pos="155.01" lane="1/0to1/1_0" slope="0.00"/>
        <vehicle id="14" x="495.12" y="401.65" angle="-90.00" type="DEFAULT_VEHTYPE" speed="13.02" pos="100.13" lane="3/2to2/2_0" slope="0.00"/>
        <vehicle id="4" x="433.94" y="198.35" angle="90.00" type="DEFAULT_VEHTYPE" speed="12.97" pos="29.19" lane="2/1to3/1_0" slope="0.00"/>
        <vehicle id="5" x="543.57" y="401.65" angle="-90.00" type="DEFAULT_VEHTYPE" speed="12.87" pos="51.68" lane="3/2to2/2_0" slope="0.00"/>
        <vehicle id="7" x="414.60" y="401.65" angle="-90.00" type="DEFAULT_VEHTYPE" speed="7.41" pos="180.65" lane="3/2to2/2_0" slope="0.00"/>
        <vehicle id="8" x="198.35" y="23.02" angle="0.00" type="DEFAULT_VEHTYPE" speed="13.17" pos="172.23" lane="1/1to1/0_0" slope="0.00"/>
        <vehicle id="9" x="289.87" y="598.35" angle="90.00" type="DEFAULT_VEHTYPE" speed="13.76" pos="85.12" lane="1/3to2/3_0" slope="0.00"/>
    </timestep>
    <timestep time="727.00">
        <vehicle id="0" x="615.00" y="201.65" angle="-90.00" type="DEFAULT_VEHTYPE" speed="6.59" pos="185.00" lane="4/1to3/1_0" slope="0.00"/>
        <vehicle id="1" x="652.47" y="198.35" angle="90.00" type="DEFAULT_VEHTYPE" speed="12.97" pos="47.72" lane="3/1to4/1_0" slope="0.00"/>
        <vehicle id="10" x="350.57" y="198.35" angle="90.00" type="DEFAULT_VEHTYPE" speed="13.06" pos="145.82" lane="1/1to2/1_0" slope="0.00"/>
        <vehicle id="11" x="601.65" y="306.81" angle="180.00" type="DEFAULT_VEHTYPE" speed="13.47" pos="102.06" lane="3/1to3/2_0" slope="0.00"/>
        <vehicle id="12" x="736.54" y="201.65" angle="-90.00" type="DEFAULT_VEHTYPE" speed="13.62" pos="63.46" lane="4/1to3/1_0" slope="0.00"/>
        <vehicle id="13" x="201.65" y="168.72" angle="180.00" type="DEFAULT_VEHTYPE" speed="13.72" pos="168.72" lane="1/0to1/1_0" slope="0.00"/>
        <vehicle id="14" x="482.43" y="401.65" angle="-90.00" type="DEFAULT_VEHTYPE" speed="12.69" pos="112.82" lane="3/2to2/2_0" slope="0.00"/>
        <vehicle id="4" x="447.42" y="198.35" angle="90.00" type="DEFAULT_VEHTYPE" speed="13.48" pos="42.67" lane="2/1to3/1_0" slope="0.00"/>
        <vehicle id="5" x="530.38" y="401.65" angle="-90.00" type="DEFAULT_VEHTYPE" speed="13.19" pos="64.87" lane="3/2to2/2_0" slope="0.00"/>
        <vehicle id="7" x="410.18" y="401.65" angle="-90.00" type="DEFAULT_VEHTYPE" speed="4.42" pos="185.07" lane="3/2to2/2_0" slope="0.00"/>
        <vehicle id="8" x="198.35" y="9.20" angle="0.00" type="DEFAULT_VEHTYPE" speed="13.82" pos="186.05" lane="1/1to1/0_0" slope="0.00"/>
        <vehicle id="9" x="303.53" y="598.35" angle="90.00" type="DEFAULT_VEHTYPE" speed="13.67" pos="98.78" lane="1/3to2/3_0" slope="0.00"/>
    </timestep>
    <timestep time="728.00">
        <vehicle id="0" x="610.35" y="201.65" angle="-90.00" type="DEFAULT_VEHTYPE" speed="4.66" pos="189.65" lane="4/1to3/1_0" slope="0.00"/>
        <vehicle id="1" x="665.36" y="198.35" angle="90.00" type="DEFAULT_VEHTYPE" speed="12.89" pos="60.61" lane="3/1to4/1_0" slope="0.00"/>
        <vehicle id="10" x="363.40" y="198.35" angle="90.00" type="DEFAULT_VEHTYPE" speed="12.83" pos="158.65" lane="1/1to2/1_0" slope="0.00"/>
        <vehicle id="11" x="601.65" y="319.71" angle="180.00" type="DEFAULT_VEHTYPE" speed="12.90" pos="114.96" lane="3/1to3/2_0" slope="0.00"/>
        <vehicle id="12" x="723.76" y="201.65" angle="-90.00" type="DEFAULT_VEHTYPE" speed="12.77" pos="76.24" lane="4/1to3/1_0" slope="0.00"/>
        <vehicle id="13" x="201.65" y="181.71" angle="180.00" type="DEFAULT_VEHTYPE" speed="12.99" pos="181.71" lane="1/0to1/1_0" slope="0.00"/>
        <vehicle id="14" x="469.03" y="401.65" angle="-90.00" type="DEFAULT_VEHTYPE" speed="13.41" pos="126.22" lane="3/2to2/2_0" slope="0.00"/>
        <vehicle id="4" x="461.10" y="198.35" angle="90.00" type="DEFAULT_VEHTYPE" speed="13.68" pos="56.35" lane="2/1to3/1_0" slope="0.00"/>
        <vehicle id="5" x="516.69" y="401.65" angle="-90.00" type="DEFAULT_VEHTYPE" speed="13.69" pos="78.56" lane="3/2to2/2_0" slope="0.00"/>
        <vehicle id="7" x="404.40" y="401.60" angle="-89.42" type="DEFAULT_VEHTYPE" speed="5.79" pos="0.36" lane=":2/2_6_0" slope="0.00"/>
        <vehicle id="8" x="201.05" y="-0.90" angle="51.25" type="DEFAULT_VEHTYPE" speed="12.94" pos="3.74" lane=":1/0_0_0" slope="0.00"/>
        <vehicle id="9" x="317.39" y="598.35" angle="90.00" type="DEFAULT_VEHTYPE" speed="13.86" pos="112.64" lane="1/3to2/3_0" slope="0.00"/>
    </timestep>
    <timestep time="729.00">
        <vehicle id="0" x="603.25" y="201.92" angle="-93.16" type="DEFAULT_VEHTYPE" speed="7.13" pos="1.54" lane=":3/1_4_0" slope="0.00"/>
        <vehicle id="1" x="679.15" y="198.35" angle="90.00" type="DEFAULT_VEHTYPE" speed="13.79" pos="74.40" lane="3/1to4/1_0" slope="0.00"/>
        <vehicle id="10" x="375.17" y="198.35" angle="90.00" type="DEFAULT_VEHTYPE" speed="11.77" pos="170.42" lane="1/1to2/1_0" slope="0.00"/>
        <vehicle id="11" x="601.65" y="332.91" angle="180.00" type="DEFAULT_VEHTYPE" speed="13.20" pos="128.16" lane="3/1to3/2_0" slope="0.00"/>
        <vehicle id="12" x="711.12" y="201.65" angle="-90.00" type="DEFAULT_VEHTYPE" speed="12.64" pos="88.88" lane="4/1to3/1_0" slope="0.00"/>
        <vehicle id="13" x="201.65" y="194.47" angle="180.00" type="DEFAULT_VEHTYPE" speed="12.76" pos="194.47" lane="1/0to1/1_0" slope="0.00"/>
        <vehicle id="14" x="456.28" y="401.65" angle="-90.00" type="DEFAULT_VEHTYPE" speed="12.75" pos="138.97" lane="3/2to2/2_0" slope="0.00"/>
        <vehicle id="4" x="474.78" y="198.35" angle="90.00" type="DEFAULT_VEHTYPE" speed="13.68" pos="70.03" lane="2/1to3/1_0" slope="0.00"/>
        <vehicle id="5" x="502.93" y="401.65" angle="-90.00" type="DEFAULT_VEHTYPE" speed="13.76" pos="92.32" lane="3/2to2/2_0" slope="0.00"/>
        <vehicle id="7" x="398.58" y="396.83" angle="-33.33" type="DEFAULT_VEHTYPE" speed="8.37" pos="8.73" lane=":2/2_6_0" slope="0.00"/>
        <vehicle id="8" x="201.65" y="11.63" angle="180.00" type="DEFAULT_VEHTYPE" speed="12.71" pos="11.63" lane="1/0to1/1_0" slope="0.00"/>
        <vehicle id="9" x="330.22" y="598.35" angle="90.00" type="DEFAULT_VEHTYPE" speed="12.83" pos="125.47" lane="1/3to2/3_0" slope="0.00"/>
    </timestep>
    <timestep time="730.00">
        <vehicle id="0" x="601.65" y="210.50" angle="180.00" type="DEFAULT_VEHTYPE" speed="9.21" pos="5.75" lane="3/1to3/2_0" slope="0.00"/>
        <vehicle id="1" x="692.12" y="198.35" angle="90.00" type="DEFAULT_VEHTYPE" speed="12.97" pos="87.37" lane="3/1to4/1_0" slope="0.00"/>
        <vehicle id="10" x="383.76" y="198.35" angle="90.00" type="DEFAULT_VEHTYPE" speed="8.59" pos="179.01" lane="1/1to2/1_0" slope="0.00"/>
        <vehicle id="11" x="601.65" y="346.14" angle="180.00" type="DEFAULT_VEHTYPE" speed="13.22" pos="141.39" lane="3/1to3/2_0" slope="0.00"/>
        <vehicle id="12" x="697.28" y="201.65" angle="-90.00" type="DEFAULT_VEHTYPE" speed="13.85" pos="102.72" lane="4/1to3/1_0" slope="0.00"/>
        <vehicle id="13" x="212.17" y="198.35" angle="90.00" type="DEFAULT_VEHTYPE" speed="13.19" pos="7.42" lane="1/1to2/1_0" slope="0.00"/>
        <vehicle id="14" x="442.90" y="401.65" angle="-90.00" type="DEFAULT_VEHTYPE" speed="13.37" pos="152.35" lane="3/2to2/2_0" slope="0.00"/>
        <vehicle id="4" x="487.85" y="198.35" angle="90.00" type="DEFAULT_VEHTYPE" speed="13.07" pos="83.10" lane="2/1to3/1_0" slope="0.00"/>
        <vehicle id="5" x="489.27" y="401.65" angle="-90.00" type="DEFAULT_VEHTYPE" speed="13.66" pos="105.98" lane="3/2to2/2_0" slope="0.00"/>
        <vehicle id="7" x="398.35" y="386.39" angle="0.00" type="DEFAULT_VEHTYPE" speed="10.45" pos="8.86" lane="2/2to2/1_0" slope="0.00"/>
        <vehicle id="8" x="201.65" y="24.75" angle="180.00" type="DEFAULT_VEHTYPE" speed="13.12" pos="24.75" lane="1/0to1/1_0" slope="0.00"/>
        <vehicle id="9" x="343.36" y="598.35" angle="90.00" type="DEFAULT_VEHTYPE" speed="13.14" pos="138.61" lane="1/3to2/3_0" slope="0.00"/>
    </timestep>
    <timestep time="731.00">
        <vehicle id="0" x="601.65" y="221.17" angle="180.00" type="DEFAULT_VEHTYPE" speed="10.67" pos="16.42" lane="3/1to3/2_0" slope="0.00"/>
        <vehicle id="1" x="704.92" y="198.35" angle="90.00" type="DEFAULT_VEHTYPE" speed="12.80" pos="100.17" lane="3/1to4/1_0" slope="0.00"/>
        <vehicle id="10" x="388.67" y="198.35" angle="90.00" type="DEFAULT_VEHTYPE" speed="4.91" pos="183.92" lane="1/1to2/1_0" slope="0.00"/>
        <vehicle id="11" x="601.65" y="359.80" angle="180.00" type="DEFAULT_VEHTYPE" speed="13.66" pos="155.05" lane="3/1to3/2_0" slope="0.00"/>
        <vehicle id="12" x="684.13" y="201.65" angle="-90.00" type="DEFAULT_VEHTYPE" speed="13.14" pos="115.87" lane="4/1to3/1_0" slope="0.00"/>
        <vehicle id="13" x="225.64" y="198.35" angle="90.00" type="DEFAULT_VEHTYPE" speed="13.47" pos="20.89" lane="1/1to2/1_0" slope="0.00"/>
        <vehicle id="14" x="429.96" y="401.65" angle="-90.00" type="DEFAULT_VEHTYPE" speed="12.94" pos="165.29" lane="3/2to2/2_0" slope="0.00"/>
        <vehicle id="4" x="501.65" y="198.35" angle="90.00" type="DEFAULT_VEHTYPE" speed="13.80" pos="96.90" lane="2/1to3/1_0" slope="0.00"/>
        <vehicle id="5" x="476.01" y="401.65" angle="-90.00" type="DEFAULT_VEHTYPE" speed="13.26" pos="119.24" lane="3/2to2/2_0" slope="0.00"/>
        <vehicle id="7" x="398.35" y="373.35" angle="0.00" type="DEFAULT_VEHTYPE" speed="13.04" pos="21.90" lane="2/2to2/1_0" slope="0.00"/>
        <vehicle id="8" x="201.65" y="37.88" angle="180.00" type="DEFAULT_VEHTYPE" speed="13.13" pos="37.88" lane="1/0to1/1_0" slope="0.00"/>
        <vehicle id="9" x="356.01" y="598.35" angle="90.00" type="DEFAULT_VEHTYPE" speed="12.64" pos="151.26" lane="1/3to2/3_0" slope="0.00"/>
    </timestep>
    <timestep time="732.00">
        <vehicle id="0" x="601.65" y="234.11" angle="180.00" type="DEFAULT_VEHTYPE" speed="12.94" pos="29.36" lane="3/1to3/2_0" slope="0.00"/>
        <vehicle id="1" x="718.16" y="198.35" angle="90.00" type="DEFAULT_VEHTYPE" speed="13.24" pos="113.41" lane="3/1to4/1_0" slope="0.00"/>
        <vehicle id="10" x="395.83" y="198.35" angle="90.00" type="DEFAULT_VEHTYPE" speed="7.15" pos="0.58" lane=":2/1_13_0" slope="0.00"/>
        <vehicle id="11" x="601.65" y="372.46" angle="180.00" type="DEFAULT_VEHTYPE" speed="12.66" pos="167.71" lane="3/1to3/2_0" slope="0.00"/>
        <vehicle id="12" x="671.30" y="201.65" angle="-90.00" type="DEFAULT_VEHTYPE" speed="12.84" pos="128.70" lane="4/1to3/1_0" slope="0.00"/>
        <vehicle id="13" x="239.50" y="198.35" angle="90.00" type="DEFAULT_VEHTYPE" speed="13.86" pos="34.75" lane="1/1to2/1_0" slope="0.00"/>
        <vehicle id="14" x="419.71" y="401.65" angle="-90.00" type="DEFAULT_VEHTYPE" speed="10.25" pos="175.54" lane="3/2to2/2_0" slope="0.00"/>
        <vehicle id="4" x="515.37" y="198.35" angle="90.00" type="DEFAULT_VEHTYPE" speed="13.72" pos="110.62" lane="2/1to3/1_0" slope="0.00"/>
        <vehicle id="5" x="462.32" y="401.65" angle="-90.00" type="DEFAULT_VEHTYPE" speed="13.69" pos="132.93" lane="3/2to2/2_0" slope="0.00"/>
        <vehicle id="7" x="398.35" y="359.67" angle="0.00" type="DEFAULT_VEHTYPE" speed="13.68" pos="35.58" lane="2/2to2/1_0" slope="0.00"/>
        <vehicle id="8" x="201.65" y="51.31" angle="180.00" type="DEFAULT_VEHTYPE" speed="13.44" pos="51.31" lane="1/0to1/1_0" slope="0.00"/>
        <vehicle id="9" x="368.91" y="598.35" angle="90.00" type="DEFAULT_VEHTYPE" speed="12.90" pos="164.16" lane="1/3to2/3_0" slope="0.00"/>
    </timestep>
    <timestep time="733.00">
        <vehicle id="0" x="601.65" y="247.77" angle="180.00" type="DEFAULT_VEHTYPE" speed="13.65" pos="43.02" lane="3/1to3/2_0" slope="0.00"/>
        <vehicle id="1" x="731.08" y="198.35" angle="90.00" type="DEFAULT_VEHTYPE" speed="12.92" pos="126.33" lane="3/1to4/1_0" slope="0.00"/>
        <vehicle id="10" x="405.26" y="198.35" angle="90.00" type="DEFAULT_VEHTYPE" speed="9.43" pos="0.51" lane="2/1to3/1_0" slope="0.00"/>
        <vehicle id="11" x="601.65" y="381.97" angle="180.00" type="DEFAULT_VEHTYPE" speed="9.52" pos="177.22" lane="3/1to3/2_0" slope="0.00"/>
        <vehicle id="12" x="658.55" y="201.65" angle="-90.00" type="DEFAULT_VEHTYPE" speed="12.75" pos="141.45" lane="4/1to3/1_0" slope="0.00"/>
        <vehicle id="13" x="252.98" y="198.35" angle="90.00" type="DEFAULT_VEHTYPE" speed="13.49" pos="48.23" lane="1/1to2/1_0" slope="0.00"/>
        <vehicle id="14" x="413.75" y="401.65" angle="-90.00" type="DEFAULT_VEHTYPE" speed="5.96" pos="181.50" lane="3/2to2/2_0" slope="0.00"/>
        <vehicle id="4" x="528.31" y="198.35" angle="90.00" type="DEFAULT_VEHTYPE" speed="12.95" pos="123.56" lane="2/1to3/1_0" slope="0.00"/>
        <vehicle id="5" x="449.15" y="401.65" angle="-90.00" type="DEFAULT_VEHTYPE" speed="13.17" pos="146.10" lane="3/2to2/2_0" slope="0.00"/>
        <vehicle id="7" x="398.35" y="346.42" angle="0.00" type="DEFAULT_VEHTYPE" speed="13.25" pos="48.83" lane="2/2to2/1_0" slope="0.00"/>
        <vehicle id="8" x="201.65" y="64.60" angle="180.00" type="DEFAULT_VEHTYPE" speed="13.28" pos="64.60" lane="1/0to1/1_0" slope="0.00"/>
        <vehicle id="9" x="379.12" y="598.35" angle="90.00" type="DEFAULT_VEHTYPE" speed="10.22" pos="174.37" lane="1/3to2/3_0" slope="0.00"/>
    </timestep>
    <timestep time="734.00">
        <vehicle id="0" x="601.65" y="260.55" angle="180.00" type="DEFAULT_VEHTYPE" speed="12.79" pos="55.80" lane="3/1to3/2_0" slope="0.00"/>
        <vehicle id="1" x="744.62" y="198.35" angle="90.00" type="DEFAULT_VEHTYPE" speed="13.54" pos="139.87" lane="3/1to4/1_0" slope="0.00"/>
        <vehicle id="10" x="416.54" y="198.35" angle="90.00" type="DEFAULT_VEHTYPE" speed="11.28" pos="11.79" lane="2/1to3/1_0" slope="0.00"/>
        <vehicle id="11" x="601.65" y="387.98" angle="180.00" type="DEFAULT_VEHTYPE" speed="6.01" pos="183.23" lane="3/1to3/2_0" slope="0.00"/>
        <vehicle id="12" x="645.27" y="201.65" angle="-90.00" type="DEFAULT_VEHTYPE" speed="13.27" pos="154.73" lane="4/1to3/1_0" slope="0.00"/>
        <vehicle id="13" x="266.00" y="198.35" angle="90.00" type="DEFAULT_VEHTYPE" speed="13.02" pos="61.25" lane="1/1to2/1_0" slope="0.00"/>
        <vehicle id="14" x="409.52" y="401.65" angle="-90.00" type="DEFAULT_VEHTYPE" speed="4.24" pos="185.73" lane="3/2to2/2_0" slope="0.00"/>
        <vehicle id="4" x="540.97" y="198.35" angle="90.00" type="DEFAULT_VEHTYPE" speed="12.66" pos="136.22" lane="2/1to3/1_0" slope="0.00"/>
        <vehicle id="5" x="435.56" y="401.65" angle="-90.00" type="DEFAULT_VEHTYPE" speed="13.58" pos="159.69" lane="3/2to2/2_0" slope="0.00"/>
        <vehicle id="7" x="398.35" y="332.64" angle="0.00" type="DEFAULT_VEHTYPE" speed="13.79" pos="62.61" lane="2/2to2/1_0" slope="0.00"/>
        <vehicle id="8" x="201.65" y="77.22" angle="180.00" type="DEFAULT_VEHTYPE" speed="12.63" pos="77.22" lane="1/0to1/1_0" slope="0.00"/>
        <vehicle id="9" x="386.51" y="598.35" angle="90.00" type="DEFAULT_VEHTYPE" speed="7.39" pos="181.76" lane="1/3to2/3_0" slope="0.00"/>
    </timestep>
    <timestep time="735.00">
        <vehicle id="0" x="601.65" y="273.77" angle="180.00" type="DEFAULT_VEHTYPE" speed="13.22" pos="69.02" lane="3/1to3/2_0" slope="0.00"/>
        <vehicle id="1" x="757.84" y="198.35" angle="90.00" type="DEFAULT_VEHTYPE" speed="13.22" pos="153.09" lane="3/1to4/1_0" slope="0.00"/>
        <vehicle id="10" x="429.65" y="198.35" angle="90.00" type="DEFAULT_VEHTYPE" speed="13.11" pos="24.90" lane="2/1to3/1_0" slope="0.00"/>
        <vehicle id="11" x="601.65" y="391.17" angle="180.00" type="DEFAULT_VEHTYPE" speed="3.19" pos="186.42" lane="3/1to3/2_0" slope="0.00"/>
        <vehicle id="12" x="632.47" y="201.65" angle="-90.00" type="DEFAULT_VEHTYPE" speed="12.81" pos="167.53" lane="4/1to3/1_0" slope="0.00"/>
        <vehicle id="13" x="279.06" y="198.35" angle="90.00" type="DEFAULT_VEHTYPE" speed="13.06" pos="74.31" lane="1/1to2/1_0" slope="0.00"/>
        <vehicle id="14" x="403.05" y="401.41" angle="-87.22" type="DEFAULT_VEHTYPE" speed="6.48" pos="1.71" lane=":2/2_6_0" slope="0.00"/>
        <vehicle id="4" x="554.05" y="198.35" angle="90.00" type="DEFAULT_VEHTYPE" speed="13.07" pos="149.30" lane="2/1to3/1_0" slope="0.00"/>
        <vehicle id="5" x="426.48" y="401.65" angle="-90.00" type="DEFAULT_VEHTYPE" speed="9.08" pos="168.77" lane="3/2to2/2_0" slope="0.00"/>
        <vehicle id="7" x="398.35" y="319.62" angle="0.00" type="DEFAULT_VEHTYPE" speed="13.01" pos="75.63" lane="2/2to2/1_0" slope="0.00"/>
        <vehicle id="8" x="201.65" y="90.77" angle="180.00" type="DEFAULT_VEHTYPE" speed="13.55" pos="90.77" lane="1/0to1/1_0" slope="0.00"/>
        <vehicle id="9" x="389.55" y="598.35" angle="90.00" type="DEFAULT_VEHTYPE" speed="3.03" pos="184.80" lane="1/3to2/3_0" slope="0.00"/>
    </timestep>
    <timestep time="736.00">
        <vehicle id="0" x="601.65" y="286.62" angle="180.00" type="DEFAULT_VEHTYPE" speed="12.85" pos="81.87" lane="3/1to3/2_0" slope="0.00"/>
        <vehicle id="1" x="770.51" y="198.35" angle="90.00" type="DEFAULT_VEHTYPE" speed="12.67" pos="165.76" lane="3/1to4/1_0" slope="0.00"/>
        <vehicle id="10" x="442.83" y="198.35" angle="90.00" type="DEFAULT_VEHTYPE" speed="13.17" pos="38.08" lane="2/1to3/1_0" slope="0.00"/>
        <vehicle id="11" x="601.55" y="395.94" angle="-178.86" type="DEFAULT_VEHTYPE" speed="4.78" pos="0.70" lane=":3/2_10_0" slope="0.00"/>
        <vehicle id="12" x="621.75" y="201.65" angle="-90.00" type="DEFAULT_VEHTYPE" speed="10.71" pos="178.25" lane="4/1to3/1_0" slope="0.00"/>
        <vehicle id="13" x="292.11" y="198.35" angle="90.00" type="DEFAULT_VEHTYPE" speed="13.05" pos="87.36" lane="1/1to2/1_0" slope="0.00"/>
        <vehicle id="14" x="398.44" y="395.90" angle="-23.70" type="DEFAULT_VEHTYPE" speed="7.95" pos="9.66" lane=":2/2_6_0" slope="0.00"/>
        <vehicle id="4" x="566.67" y="198.35" angle="90.00" type="DEFAULT_VEHTYPE" speed="12.63" pos="161.92" lane="2/1to3/1_0" slope="0.00"/>
        <vehicle id="5" x="417.43" y="401.65" angle="-90.00" type="DEFAULT_VEHTYPE" speed="9.05" pos="177.82" lane="3/2to2/2_0" slope="0.00"/>
        <vehicle id="7" x="398.35" y="306.62" angle="0.00" type="DEFAULT_VEHTYPE" speed="13.00" pos="88.63" lane="2/2to2/1_0" slope="0.00"/>
        <vehicle id="8" x="201.65" y="103.93" angle="180.00" type="DEFAULT_VEHTYPE" speed="13.16" pos="103.93" lane="1/0to1/1_0" slope="0.00"/>
        <vehicle id="9" x="394.63" y="598.35" angle="90.00" type="DEFAULT_VEHTYPE" speed="5.08" pos="189.88" lane="1/3to2/3_0" slope="0.00"/>
    </timestep>
    <timestep time="737.00">
        <vehicle id="0" x="601.65" y="300.19" angle="180.00" type="DEFAULT_VEHTYPE" speed="13.57" pos="95.44" lane="3/1to3/2_0" slope="0.00"/>
        <vehicle id="1" x="783.11" y="198.35" angle="90.00" type="DEFAULT_VEHTYPE" speed="12.60" pos="178.36" lane="3/1to4/1_0" slope="0.00"/>
        <vehicle id="10" x="455.47" y="198.35" angle="90.00" type="DEFAULT_VEHTYPE" speed="12.64" pos="50.72" lane="2/1to3/1_0" slope="0.00"/>
        <vehicle id="11" x="598.03" y="401.25" angle="-137.10" type="DEFAULT_VEHTYPE" speed="6.81" pos="0.37" lane=":3/2_18_0" slope="0.00"/>
        <vehicle id="12" x="614.67" y="201.65" angle="-90.00" type="DEFAULT_VEHTYPE" speed="7.08" pos="185.33" lane="4/1to3/1_0" slope="0.00"/>
        <vehicle id="13" x="304.90" y="198.35" angle="90.00" type="DEFAULT_VEHTYPE" speed="12.79" pos="100.15" lane="1/1to2/1_0" slope="0.00"/>
        <vehicle id="14" x="398.35" y="386.47" angle="0.00" type="DEFAULT_VEHTYPE" speed="9.43" pos="8.78" lane="2/2to2/1_0" slope="0.00"/>
        <vehicle id="4" x="577.76" y="198.35" angle="90.00" type="DEFAULT_VEHTYPE" speed="11.09" pos="173.01" lane="2/1to3/1_0" slope="0.00"/>
        <vehicle id="5" x="412.17" y="401.65" angle="-90.00" type="DEFAULT_VEHTYPE" speed="5.26" pos="183.08" lane="3/2to2/2_0" slope="0.00"/>
        <vehicle id="7" x="398.35" y="293.66" angle="0.00" type="DEFAULT_VEHTYPE" speed="12.96" pos="101.59" lane="2/2to2/1_0" slope="0.00"/>
        <vehicle id="8" x="201.65" y="117.81" angle="180.00" type="DEFAULT_VEHTYPE" speed="13.88" pos="117.81" lane="1/0to1/1_0" slope="0.00"/>
        <vehicle id="9" x="400.77" y="601.15" angle="122.97" type="DEFAULT_VEHTYPE" speed="7.18" pos="6.56" lane=":2/3_14_0" slope="0.00"/>
    </timestep>
    <timestep time="738.00">
        <vehicle id="0" x="601.65" y="313.80" angle="180.00" type="DEFAULT_VEHTYPE" speed="13.62" pos="109.05" lane="3/1to3/2_0" slope="0.00"/>
        <vehicle id="1" x="796.78" y="198.35" angle="90.00" type="DEFAULT_VEHTYPE" speed="13.66" pos="192.03" lane="3/1to4/1_0" slope="0.00"/>
        <vehicle id="10" x="468.59" y="198.35" angle="90.00" type="DEFAULT_VEHTYPE" speed="13.12" pos="63.84" lane="2/1to3/1_0" slope="0.00"/>
        <vehicle id="11" x="589.70" y="401.65" angle="-90.00" type="DEFAULT_VEHTYPE" speed="8.36" pos="5.55" lane="3/2to2/2_0" slope="0.00"/>
        <vehicle id="12" x="610.64" y="201.65" angle="-90.00" type="DEFAULT_VEHTYPE" speed="4.04" pos="189.36" lane="4/1to3/1_0" slope="0.00"/>
        <vehicle id="13" x="318.23" y="198.35" angle="90.00" type="DEFAULT_VEHTYPE" speed="13.33" pos="113.48" lane="1/1to2/1_0" slope="0.00"/>
        <vehicle id="14" x="398.35" y="375.04" angle="0.00" type="DEFAULT_VEHTYPE" speed="11.43" pos="20.21" lane="2/2to2/1_0" slope="0.00"/>
        <vehicle id="4" x="584.69" y="198.35" angle="90.00" type="DEFAULT_VEHTYPE" speed="6.93" pos="179.94" lane="2/1to3/1_0" slope="0.00"/>
        <vehicle id="5" x="409.15" y="401.65" angle="-90.00" type="DEFAULT_VEHTYPE" speed="3.02" pos="186.10" lane="3/2to2/2_0" slope="0.00"/>
        <vehicle id="7" x="398.35" y="281.04" angle="0.00" type="DEFAULT_VEHTYPE" speed="12.62" pos="114.21" lane="2/2to2/1_0" slope="0.00"/>
        <vehicle id="8" x="201.65" y="131.32" angle="180.00" type="DEFAULT_VEHTYPE" speed="13.51" pos="131.32" lane="1/0to1/1_0" slope="0.00"/>
        <vehicle id="9" x="401.65" y="609.72" angle="179.96" type="DEFAULT_VEHTYPE" speed="8.74" pos="4.97" lane="2/3to2/4_0" slope="0.00"/>
    </timestep>
    <timestep time="739.00">
        <vehicle id="0" x="601.65" y="326.70" angle="180.00" type="DEFAULT_VEHTYPE" speed="12.90" pos="121.95" lane="3/1to3/2_0" slope="0.00"/>
        <vehicle id="1" x="795.03" y="201.65" angle="-90.21" type="DEFAULT_VEHTYPE" speed="13.01" pos="4.97" lane="4/1to3/1_0" slope="0.00"/>
        <vehicle id="10" x="481.34" y="198.35" angle="90.00" type="DEFAULT_VEHTYPE" speed="12.75" pos="76.59" lane="2/1to3/1_0" slope="0.00"/>
        <vehicle id="11" x="579.17" y="401.65" angle="-90.00" type="DEFAULT_VEHTYPE" speed="10.53" pos="16.08" lane="3/2to2/2_0" slope="0.00"/>
        <vehicle id="12" x="604.10" y="201.74" angle="-91.04" type="DEFAULT_VEHTYPE" speed="6.54" pos="0.66" lane=":3/1_4_0" slope="0.00"/>
        <vehicle id="13" x="331.06" y="198.35" angle="90.00" type="DEFAULT_VEHTYPE" speed="12.83" pos="126.31" lane="1/1to2/1_0" slope="0.00"/>
        <vehicle id="14" x="398.35" y="361.78" angle="0.00" type="DEFAULT_VEHTYPE" speed="13.26" pos="33.47" lane="2/2to2/1_0" slope="0.00"/>
        <vehicle id="4" x="589.66" y="198.35" angle="90.00" type="DEFAULT_VEHTYPE" speed="4.97" pos="184.91" lane="2/1to3/1_0" slope="0.00"/>
        <vehicle id="5" x="404.41" y="401.60" angle="-89.45" type="DEFAULT_VEHTYPE" speed="4.74" pos="0.34" lane=":2/2_6_0" slope="0.00"/>
        <vehicle id="7" x="398.35" y="268.41" angle="0.00" type="DEFAULT_VEHTYPE" speed="12.64" pos="126.84" lane="2/2to2/1_0" slope="0.00"/>
        <vehicle id="8" x="201.65" y="144.07" angle="180.00" type="DEFAULT_VEHTYPE" speed="12.75" pos="144.07" lane="1/0to1/1_0" slope="0.00"/>
        <vehicle id="9" x="401.65" y="620.74" angle="180.00" type="DEFAULT_VEHTYPE" speed="11.01" pos="15.99" lane="2/3to2/4_0" slope="0.00"/>
    </timestep>
    <timestep time="740.00">
        <vehicle id="0" x="601.65" y="339.34" angle="180.00" type="DEFAULT_VEHTYPE" speed="12.64" pos="134.59" lane="3/1to3/2_0" slope="0.00"/>
        <vehicle id="1" x="782.42" y="201.65" angle="-90.00" type="DEFAULT_VEHTYPE" speed="12.61" pos="17.58" lane="4/1to3/1_0" slope="0.00"/>
        <vehicle id="10" x="494.73" y="198.35" angle="90.00" type="DEFAULT_VEHTYPE" speed="13.39" pos="89.98" lane="2/1to3/1_0" slope="0.00"/>
        <vehicle id="11" x="566.87" y="401.65" angle="-90.00" type="DEFAULT_VEHTYPE" speed="12.30" pos="28.38" lane="3/2to2/2_0" slope="0.00"/>
        <vehicle id="12" x="601.65" y="208.81" angle="-178.51" type="DEFAULT_VEHTYPE" speed="8.41" pos="4.06" lane="3/1to3/2_0" slope="0.00"/>
        <vehicle id="13" x="344.82" y="198.35" angle="90.00" type="DEFAULT_VEHTYPE" speed="13.76" pos="140.07" lane="1/1to2/1_0" slope="0.00"/>
        <vehicle id="14" x="398.35" y="349.14" angle="0.00" type="DEFAULT_VEHTYPE" speed="12.64" pos="46.11" lane="2/2to2/1_0" slope="0.00"/>
        <vehicle id="4" x="591.21" y="198.35" angle="90.00" type="DEFAULT_VEHTYPE" speed="1.54" pos="186.46" lane="2/1to3/1_0" slope="0.00"/>
        <vehicle id="5" x="399.04" y="398.53" angle="-53.12" type="DEFAULT_VEHTYPE" speed="6.59" pos="6.94" lane=":2/2_6_0" slope="0.00"/>
        <vehicle id="7" x="398.35" y="254.99" angle="0.00" type="DEFAULT_VEHTYPE" speed="13.42" pos="140.26" lane="2/2to2/1_0" slope="0.00"/>
        <vehicle id="8" x="201.65" y="157.26" angle="180.00" type="DEFAULT_VEHTYPE" speed="13.18" pos="157.26" lane="1/0to1/1_0" slope="0.00"/>
        <vehicle id="9" x="401.65" y="633.73" angle="180.00" type="DEFAULT_VEHTYPE" speed="12.99" pos="28.98" lane="2/3to2/4_0" slope="0.00"/>
    </timestep>
    <timestep time="741.00">
        <vehicle id="0" x="601.65" y="352.64" angle="180.00" type="DEFAULT_VEHTYPE" speed="13.29" pos="147.89" lane="3/1to3/2_0" slope="0.00"/>
        <vehicle id="1" x="768.77" y="201.65" angle="-90.00" type="DEFAULT_VEHTYPE" speed="13.65" pos="31.23" lane="4/1to3/1_0" slope="0.00"/>
        <vehicle id="10" x="507.83" y="198.35" angle="90.00" type="DEFAULT_VEHTYPE" speed="13.10" pos="103.08" lane="2/1to3/1_0" slope="0.00"/>
        <vehicle id="11" x="553.34" y="401.65" angle="-90.00" type="DEFAULT_VEHTYPE" speed="13.53" pos="41.91" lane="3/2to2/2_0" slope="0.00"/>
        <vehicle id="12" x="601.65" y="219.51" angle="180.00" type="DEFAULT_VEHTYPE" speed="10.69" pos="14.76" lane="3/1to3/2_0" slope="0.00"/>
        <vehicle id="13" x="358.31" y="198.35" angle="90.00" type="DEFAULT_VEHTYPE" speed="13.49" pos="153.56" lane="1/1to2/1_0" slope="0.00"/>
        <vehicle id="14" x="398.35" y="336.31" angle="0.00" type="DEFAULT_VEHTYPE" speed="12.83" pos="58.94" lane="2/2to2/1_0" slope="0.00"/>
        <vehicle id="4" x="595.22" y="198.35" angle="90.00" type="DEFAULT_VEHTYPE" speed="4.01" pos="190.47" lane="2/1to3/1_0" slope="0.00"/>
        <vehicle id="5" x="398.35" y="389.86" angle="0.00" type="DEFAULT_VEHTYPE" speed="8.77" pos="5.39" lane="2/2to2/1_0" slope="0.00"/>
        <vehicle id="7" x="398.35" y="242.01" angle="0.00" type="DEFAULT_VEHTYPE" speed="12.99" pos="153.24" lane="2/2to2/1_0" slope="0.00"/>
        <vehicle id="8" x="201.65" y="171.01" angle="180.00" type="DEFAULT_VEHTYPE" speed="13.76" pos="171.01" lane="1/0to1/1_0" slope="0.00"/>
        <vehicle id="9" x="401.65" y="647.36" angle="180.00" type="DEFAULT_VEHTYPE" speed="13.62" pos="42.61" lane="2/3to2/4_0" slope="0.00"/>
    </timestep>
    <timestep time="742.00">
        <vehicle id="0" x="601.65" y="366.36" angle="180.00" type="DEFAULT_VEHTYPE" speed="13.72" pos="161.61" lane="3/1to3/2_0" slope="0.00"/>
        <vehicle id="1" x="755.04" y="201.65" angle="-90.00" type="DEFAULT_VEHTYPE" speed="13.73" pos="44.96" lane="4/1to3/1_0" slope="0.00"/>
        <vehicle id="10" x="520.51" y="198.35" angle="90.00" type="DEFAULT_VEHTYPE" speed="12.68" pos="115.76" lane="2/1to3/1_0" slope="0.00"/>
        <vehicle id="11" x="540.19" y="401.65" angle="-90.00" type="DEFAULT_VEHTYPE" speed="13.15" pos="55.06" lane="3/2to2/2_0" slope="0.00"/>
        <vehicle id="12" x="601.65" y="231.76" angle="180.00" type="DEFAULT_VEHTYPE" speed="12.26" pos="27.01" lane="3/1to3/2_0" slope="0.00"/>
        <vehicle id="13" x="371.57" y="198.35" angle="90.00" type="DEFAULT_VEHTYPE" speed="13.26" pos="166.82" lane="1/1to2/1_0" slope="0.00"/>
        <vehicle id="14" x="398.35" y="323.30" angle="0.00" type="DEFAULT_VEHTYPE" speed="13.01" pos="71.95" lane="2/2to2/1_0" slope="0.00"/>
        <vehicle id="4" x="600.40" y="200.53" angle="115.51" type="DEFAULT_VEHTYPE" speed="5.87" pos="5.84" lane=":3/1_14_0" slope="0.00"/>
        <vehicle id="5" x="398.35" y="379.09" angle="0.00" type="DEFAULT_VEHTYPE" speed="10.77" pos="16.16" lane="2/2to2/1_0" slope="0.00"/>
        <vehicle id="7" x="398.35" y="228.86" angle="0.00" type="DEFAULT_VEHTYPE" speed="13.15" pos="166.39" lane="2/2to2/1_0" slope="0.00"/>
        <vehicle id="8" x="201.65" y="184.32" angle="180.00" type="DEFAULT_VEHTYPE" speed="13.31" pos="184.32" lane="1/0to1/1_0" slope="0.00"/>
        <vehicle id="9" x="401.65" y="660.19" angle="180.00" type="DEFAULT_VEHTYPE" speed="12.83" pos="55.44" lane="2/3to2/4_0" slope="0.00"/>
    </timestep>
    <timestep time="743.00">
        <vehicle id="0" x="601.65" y="377.62" angle="180.00" type="DEFAULT_VEHTYPE" speed="11.26" pos="172.87" lane="3/1to3/2_0" slope="0.00"/>
        <vehicle id="1" x="742.13" y="201.65" angle="-90.00" type="DEFAULT_VEHTYPE" speed="12.90" pos="57.87" lane="4/1to3/1_0" slope="0.00"/>
        <vehicle id="10" x="533.84" y="198.35" angle="90.00" type="DEFAULT_VEHTYPE" speed="13.33" pos="129.09" lane="2/1to3/1_0" slope="0.00"/>
        <vehicle id="11" x="527.15" y="401.65" angle="-90.00" type="DEFAULT_VEHTYPE" speed="13.05" pos="68.10" lane="3/2to2/2_0" slope="0.00"/>
        <vehicle id="12" x="601.65" y="245.39" angle="180.00" type="DEFAULT_VEHTYPE" speed="13.62" pos="40.64" lane="3/1to3/2_0" slope="0.00"/>
        <vehicle id="13" x="381.44" y="198.35" angle="90.00" type="DEFAULT_VEHTYPE" speed="9.87" pos="176.69" lane="1/1to2/1_0" slope="0.00"/>
        <vehicle id="14" x="398.35" y="309.98" angle="0.00" type="DEFAULT_VEHTYPE" speed="13.32" pos="85.27" lane="2/2to2/1_0" slope="0.00"/>
        <vehicle id="4" x="601.65" y="208.19" angle="177.47" type="DEFAULT_VEHTYPE" speed="7.93" pos="3.44" lane="3/1to3/2_0" slope="0.00"/>
        <vehicle id="5" x="398.35" y="366.29" angle="0.00" type="DEFAULT_VEHTYPE" speed="12.79" pos="28.96" lane="2/2to2/1_0" slope="0.00"/>
        <vehicle id="7" x="398.35" y="215.88" angle="0.00" type="DEFAULT_VEHTYPE" speed="12.98" pos="179.37" lane="2/2to2/1_0" slope="0.00"/>
        <vehicle id="8" x="202.64" y="197.71" angle="168.11" type="DEFAULT_VEHTYPE" speed="13.68" pos="2.75" lane=":1/1_8_0" slope="0.00"/>
        <vehicle id="9" x="401.65" y="674.00" angle="180.00" type="DEFAULT_VEHTYPE" speed="13.81" pos="69.25" lane="2/3to2/4_0" slope="0.00"/>
    </timestep>
    <timestep time="744.00">
        <vehicle id="0" x="601.65" y="384.46" angle="180.00" type="DEFAULT_VEHTYPE" speed="6.84" pos="179.71" lane="3/1to3/2_0" slope="0.00"/>
        <vehicle id="1" x="729.39" y="201.65" angle="-90.00" type="DEFAULT_VEHTYPE" speed="12.74" pos="70.61" lane="4/1to3/1_0" slope="0.00"/>
        <vehicle id="10" x="547.54" y="198.35" angle="90.00" type="DEFAULT_VEHTYPE" speed="13.70" pos="142.79" lane="2/1to3/1_0" slope="0.00"/>
        <vehicle id="11" x="513.51" y="401.65" angle="-90.00" type="DEFAULT_VEHTYPE" speed="13.64" pos="81.74" lane="3/2to2/2_0" slope="0.00"/>
        <vehicle id="12" x="601.65" y="259.09" angle="180.00" type="DEFAULT_VEHTYPE" speed="13.70" pos="54.34" lane="3/1to3/2_0" slope="0.00"/>
        <vehicle id="13" x="387.72" y="198.35" angle="90.00" type="DEFAULT_VEHTYPE" speed="6.28" pos="182.97" lane="1/1to2/1_0" slope="0.00"/>
        <vehicle id="14" x="398.35" y="296.27" angle="0.00" type="DEFAULT_VEHTYPE" speed="13.71" pos="98.98" lane="2/2to2/1_0" slope="0.00"/>
        <vehicle id="4" x="601.65" y="217.79" angle="180.00" type="DEFAULT_VEHTYPE" speed="9.60" pos="13.04" lane="3/1to3/2_0" slope="0.00"/>
        <vehicle id="5" x="398.35" y="353.02" angle="0.00" type="DEFAULT_VEHTYPE" speed="13.28" pos="42.23" lane="2/2to2/1_0" slope="0.00"/>
        <vehicle id="7" x="398.35" y="203.18" angle="0.00" type="DEFAULT_VEHTYPE" speed="12.70" pos="1.57" lane=":2/1_1_0" slope="0.00"/>
        <vehicle id="8" x="215.21" y="198.35" angle="90.00" type="DEFAULT_VEHTYPE" speed="12.70" pos="10.46" lane="1/1to2/1_0" slope="0.00"/>
        <vehicle id="9" x="401.65" y="687.67" angle="180.00" type="DEFAULT_VEHTYPE" speed="13.67" pos="82.92" lane="2/3to2/4_0" slope="0.00"/>
    </timestep>
    <timestep time="745.00">
        <vehicle id="0" x="601.65" y="388.97" angle="180.00" type="DEFAULT_VEHTYPE" speed="4.51" pos="184.22" lane="3/1to3/2_0" slope="0.00"/>
        <vehicle id="1" x="716.15" y="201.65" angle="-90.00" type="DEFAULT_VEHTYPE" speed="13.24" pos="83.85" lane="4/1to3/1_0" slope="0.00"/>
        <vehicle id="10" x="560.65" y="198.35" angle="90.00" type="DEFAULT_VEHTYPE" speed="13.11" pos="155.90" lane="2/1to3/1_0" slope="0.00"/>
        <vehicle id="11" x="500.48" y="401.65" angle="-90.00" type="DEFAULT_VEHTYPE" speed="13.02" pos="94.77" lane="3/2to2/2_0" slope="0.00"/>
        <vehicle id="12" x="601.65" y="272.10" angle="180.00" type="DEFAULT_VEHTYPE" speed="13.01" pos="67.35" lane="3/1to3/2_0" slope="0.00"/>
        <vehicle id="13" x="390.11" y="198.35" angle="90.00" type="DEFAULT_VEHTYPE" speed="2.39" pos="185.36" lane="1/1to2/1_0" slope="0.00"/>
        <vehicle id="14" x="398.35" y="282.61" angle="0.00" type="DEFAULT_VEHTYPE" speed="13.66" pos="112.64" lane="2/2to2/1_0" slope="0.00"/>
        <vehicle id="4" x="601.65" y="229.16" angle="180.00" type="DEFAULT_VEHTYPE" speed="11.38" pos="24.41" lane="3/1to3/2_0" slope="0.00"/>
        <vehicle id="5" x="398.35" y="339.31" angle="0.00" type="DEFAULT_VEHTYPE" speed="13.71" pos="55.94" lane="2/2to2/1_0" slope="0.00"/>
        <vehicle id="7" x="398.35" y="189.38" angle="0.00" type="DEFAULT_VEHTYPE" speed="13.80" pos="5.87" lane="2/1to2/0_0" slope="0.00"/>
        <vehicle id="8" x="228.79" y="198.35" angle="90.00" type="DEFAULT_VEHTYPE" speed="13.58" pos="24.04" lane="1/1to2/1_0" slope="0.00"/>
        <vehicle id="9" x="401.65" y="701.27" angle="180.00" type="DEFAULT_VEHTYPE" speed="13.60" pos="96.52" lane="2/3to2/4_0" slope="0.00"/>
    </timestep>
    <timestep time="746.00">
        <vehicle id="0" x="601.64" y="395.33" angle="-179.87" type="DEFAULT_VEHTYPE" speed="6.36" pos="0.08" lane=":3/2_10_0" slope="0.00"/>
        <vehicle id="1" x="702.87" y="201.65" angle="-90.00" type="DEFAULT_VEHTYPE" speed="13.28" pos="97.13" lane="4/1to3/1_0" slope="0.00"/>
        <vehicle id="10" x="572.82" y="198.35" angle="90.00" type="DEFAULT_VEHTYPE" speed="12.17" pos="168.07" lane="2/1to3/1_0" slope="0.00"/>
        <vehicle id="11" x="486.80" y="401.65" angle="-90.00" type="DEFAULT_VEHTYPE" speed="13.68" pos="108.45" lane="3/2to2/2_0" slope="0.00"/>
        <vehicle id="12" x="601.65" y="285.86" angle="180.00" type="DEFAULT_VEHTYPE" speed="13.76" pos="81.11" lane="3/1to3/2_0" slope="0.00"/>
        <vehicle id="13" x="394.01" y="198.35" angle="90.00" type="DEFAULT_VEHTYPE" speed="3.90" pos="189.26" lane="1/1to2/1_0" slope="0.00"/>
        <vehicle id="14" x="398.35" y="269.59" angle="0.00" type="DEFAULT_VEHTYPE" speed="13.01" pos="125.66" lane="2/2to2/1_0" slope="0.00"/>
        <vehicle id="4" x="601.65" y="242.07" angle="180.00" type="DEFAULT_VEHTYPE" speed="12.91" pos="37.32" lane="3/1to3/2_0" slope="0.00"/>
        <vehicle id="5" x="398.35" y="326.54" angle="0.00" type="DEFAULT_VEHTYPE" speed="12.77" pos="68.71" lane="2/2to2/1_0" slope="0.00"/>
        <vehicle id="7" x="398.35" y="176.26" angle="0.00" type="DEFAULT_VEHTYPE" speed="13.12" pos="18.99" lane="2/1to2/0_0" slope="0.00"/>
        <vehicle id="8" x="242.33" y="198.35" angle="90.00" type="DEFAULT_VEHTYPE" speed="13.55" pos="37.58" lane="1/1to2/1_0" slope="0.00"/>
        <vehicle id="9" x="401.65" y="714.51" angle="180.00" type="DEFAULT_VEHTYPE" speed="13.24" pos="109.76" lane="2/3to2/4_0" slope="0.00"/>
    </timestep>
    <timestep time="747.00">
        <vehicle id="0" x="596.85" y="401.42" angle="-123.57" type="DEFAULT_VEHTYPE" speed="8.62" pos="1.56" lane=":3/2_18_0" slope="0.00"/>
        <vehicle id="1" x="689.85" y="201.65" angle="-90.00" type="DEFAULT_VEHTYPE" speed="13.02" pos="110.15" lane="4/1to3/1_0" slope="0.00"/>
        <vehicle id="10" x="581.88" y="198.35" angle="90.00" type="DEFAULT_VEHTYPE" speed="9.06" pos="177.13" lane="2/1to3/1_0" slope="0.00"/>
        <vehicle id="11" x="473.13" y="401.65" angle="-90.00" type="DEFAULT_VEHTYPE" speed="13.67" pos="122.12" lane="3/2to2/2_0" slope="0.00"/>
        <vehicle id="12" x="601.65" y="299.68" angle="180.00" type="DEFAULT_VEHTYPE" speed="13.82" pos="94.93" lane="3/1to3/2_0" slope="0.00"/>
        <vehicle id="13" x="400.17" y="198.35" angle="90.00" type="DEFAULT_VEHTYPE" speed="6.16" pos="4.92" lane=":2/1_13_0" slope="0.00"/>
        <vehicle id="14" x="398.35" y="255.72" angle="0.00" type="DEFAULT_VEHTYPE" speed="13.87" pos="139.53" lane="2/2to2/1_0" slope="0.00"/>
        <vehicle id="4" x="601.65" y="254.69" angle="180.00" type="DEFAULT_VEHTYPE" speed="12.63" pos="49.94" lane="3/1to3/2_0" slope="0.00"/>
        <vehicle id="5" x="398.35" y="312.69" angle="0.00" type="DEFAULT_VEHTYPE" speed="13.85" pos="82.56" lane="2/2to2/1_0" slope="0.00"/>
        <vehicle id="7" x="398.35" y="163.65" angle="0.00" type="DEFAULT_VEHTYPE" speed="12.60" pos="31.60" lane="2/1to2/0_0" slope="0.00"/>
        <vehicle id="8" x="255.03" y="198.35" angle="90.00" type="DEFAULT_VEHTYPE" speed="12.69" pos="50.28" lane="1/1to2/1_0" slope="0.00"/>
        <vehicle id="9" x="401.65" y="728.12" angle="180.00" type="DEFAULT_VEHTYPE" speed="13.61" pos="123.37" lane="2/3to2/4_0" slope="0.00"/>
    </timestep>
    <timestep time="748.00">
        <vehicle id="0" x="586.88" y="401.65" angle="-90.00" type="DEFAULT_VEHTYPE" speed="9.98" pos="8.37" lane="3/2to2/2_0" slope="0.00"/>
        <vehicle id="1" x="676.36" y="201.65" angle="-90.00" type="DEFAULT_VEHTYPE" speed="13.49" pos="123.64" lane="4/1to3/1_0" slope="0.00"/>
        <vehicle id="10" x="587.16" y="198.35" angle="90.00" type="DEFAULT_VEHTYPE" speed="5.28" pos="182.41" lane="2/1to3/1_0" slope="0.00"/>
        <vehicle id="11" x="460.45" y="401.65" angle="-90.00" type="DEFAULT_VEHTYPE" speed="12.68" pos="134.80" lane="3/2to2/2_0" slope="0.00"/>
        <vehicle id="12" x="601.65" y="313.34" angle="180.00" type="DEFAULT_VEHTYPE" speed="13.66" pos="108.59" lane="3/1to3/2_0" slope="0.00"/>
        <vehicle id="13" x="408.77" y="198.35" angle="90.00" type="DEFAULT_VEHTYPE" speed="8.60" pos="4.02" lane="2/1to3/1_0" slope="0.00"/>
        <vehicle id="14" x="398.35" y="241.97" angle="0.00" type="DEFAULT_VEHTYPE" speed="13.76" pos="153.28" lane="2/2to2/1_0" slope="0.00"/>
        <vehicle id="4" x="601.65" y="267.94" angle="180.00" type="DEFAULT_VEHTYPE" speed="13.25" pos="63.19" lane="3/1to3/2_0" slope="0.00"/>
        <vehicle id="5" x="398.35" y="299.96" angle="0.00" type="DEFAULT_VEHTYPE" speed="12.74" pos="95.29" lane="2/2to2/1_0" slope="0.00"/>
        <vehicle id="7" x="398.35" y="150.75" angle="0.00" type="DEFAULT_VEHTYPE" speed="12.90" pos="44.50" lane="2/1to2/0_0" slope="0.00"/>
        <vehicle id="8" x="268.47" y="198.35" angle="90.00" type="DEFAULT_VEHTYPE" speed="13.44" pos="63.72" lane="1/1to2/1_0" slope="0.00"/>
        <vehicle id="9" x="401.65" y="742.00" angle="180.00" type="DEFAULT_VEHTYPE" speed="13.88" pos="137.25" lane="2/3to2/4_0" slope="0.00"/>
    </timestep>
    <timestep time="749.00">
        <vehicle id="0" x="575.56" y="401.65" angle="-90.00" type="DEFAULT_VEHTYPE" speed="11.33" pos="19.69" lane="3/2to2/2_0" slope="0.00"/>
        <vehicle id="1" x="663.73" y="201.65" angle="-90.00" type="DEFAULT_VEHTYPE" speed="12.62" pos="136.27" lane="4/1to3/1_0" slope="0.00"/>
        <vehicle id="10" x="590.10" y="198.35" angle="90.00" type="DEFAULT_VEHTYPE" speed="2.94" pos="185.35" lane="2/1to3/1_0" slope="0.00"/>
        <vehicle id="11" x="447.27" y="401.65" angle="-90.00" type="DEFAULT_VEHTYPE" speed="13.18" pos="147.98" lane="3/2to2/2_0" slope="0.00"/>
        <vehicle id="12" x="601.65" y="326.82" angle="180.00" type="DEFAULT_VEHTYPE" speed="13.48" pos="122.07" lane="3/1to3/2_0" slope="0.00"/>
        <vehicle id="13" x="419.76" y="198.35" angle="90.00" type="DEFAULT_VEHTYPE" speed="10.99" pos="15.01" lane="2/1to3/1_0" slope="0.00"/>
        <vehicle id="14" x="398.35" y="229.09" angle="0.00" type="DEFAULT_VEHTYPE" speed="12.88" pos="166.16" lane="2/2to2/1_0" slope="0.00"/>
        <vehicle id="4" x="601.65" y="281.61" angle="180.00" type="DEFAULT_VEHTYPE" speed="13.66" pos="76.86" lane="3/1to3/2_0" slope="0.00"/>
        <vehicle id="5" x="398.35" y="286.27" angle="0.00" type="DEFAULT_VEHTYPE" speed="13.68" pos="108.98" lane="2/2to2/1_0" slope="0.00"/>
        <vehicle id="7" x="398.35" y="138.09" angle="0.00" type="DEFAULT_VEHTYPE" speed="12.66" pos="57.16" lane="2/1to2/0_0" slope="0.00"/>
        <vehicle id="8" x="282.14" y="198.35" angle="90.00" type="DEFAULT_VEHTYPE" speed="13.67" pos="77.39" lane="1/1to2/1_0" slope="0.00"/>
        <vehicle id="9" x="401.65" y="755.74" angle="180.00" type="DEFAULT_VEHTYPE" speed="13.74" pos="150.99" lane="2/3to2/4_0" slope="0.00"/>
    </timestep>
    <timestep time="750.00">
        <vehicle id="0" x="562.76" y="401.65" angle="-90.00" type="DEFAULT_VEHTYPE" speed="12.80" pos="32.49" lane="3/2to2/2_0" slope="0.00"/>
        <vehicle id="1" x="650.21" y="201.65" angle="-90.00" type="DEFAULT_VEHTYPE" speed="13.52" pos="149.79" lane="4/1to3/1_0" slope="0.00"/>
        <vehicle id="10" x="595.57" y="198.40" angle="90.52" type="DEFAULT_VEHTYPE" speed="5.47" pos="0.32" lane=":3/1_14_0" slope="0.00"/>
        <vehicle id="11" x="433.44" y="401.65" angle="-90.00" type="DEFAULT_VEHTYPE" speed="13.83" pos="161.81" lane="3/2to2/2_0" slope="0.00"/>
        <vehicle id="12" x="601.65" y="339.84" angle="180.00" type="DEFAULT_VEHTYPE" speed="13.02" pos="135.09" lane="3/1to3/2_0" slope="0.00"/>
        <vehicle id="13" x="432.76" y="198.35" angle="90.00" type="DEFAULT_VEHTYPE" speed="13.00" pos="28.01" lane="2/1to3/1_0" slope="0.00"/>
        <vehicle id="14" x="398.35" y="216.46" angle="0.00" type="DEFAULT_VEHTYPE" speed="12.63" pos="178.79" lane="2/2to2/1_0" slope="0.00"/>
        <vehicle id="4" x="601.65" y="294.66" angle="180.00" type="DEFAULT_VEHTYPE" speed="13.05" pos="89.91" lane="3/1to3/2_0" slope="0.00"/>
        <vehicle id="5" x="398.35" y="272.96" angle="0.00" type="DEFAULT_VEHTYPE" speed="13.31" pos="122.29" lane="2/2to2/1_0" slope="0.00"/>
        <vehicle id="7" x="398.35" y="124.62" angle="0.00" type="DEFAULT_VEHTYPE" speed="13.47" pos="70.63" lane="2/1to2/0_0" slope="0.00"/>
        <vehicle id="8" x="295.33" y="198.35" angle="90.00" type="DEFAULT_VEHTYPE" speed="13.19" pos="90.58" lane="1/1to2/1_0" slope="0.00"/>
        <vehicle id="9" x="401.65" y="769.08" angle="180.00" type="DEFAULT_VEHTYPE" speed="13.34" pos="164.33" lane="2/3to2/4_0" slope="0.00"/>
    </timestep>
    <timestep time="751.00">
        <vehicle id="0" x="549.71" y="401.65" angle="-90.00" type="DEFAULT_VEHTYPE" speed="13.05" pos="45.54" lane="3/2to2/2_0" slope="0.00"/>
        <vehicle id="1" x="637.42" y="201.65" angle="-90.00" type="DEFAULT_VEHTYPE" speed="12.80" pos="162.58" lane="4/1to3/1_0" slope="0.00"/>
        <vehicle id="10" x="601.28" y="202.17" angle="135.71" type="DEFAULT_VEHTYPE" speed="7.39" pos="7.71" lane=":3/1_14_0" slope="0.00"/>
        <vehicle id="11" x="422.70" y="401.65" angle="-90.00" type="DEFAULT_VEHTYPE" speed="10.74" pos="172.55" lane="3/2to2/2_0" slope="0.00"/>
        <vehicle id="12" x="601.65" y="352.92" angle="180.00" type="DEFAULT_VEHTYPE" speed="13.08" pos="148.17" lane="3/1to3/2_0" slope="0.00"/>
        <vehicle id="13" x="446.40" y="198.35" angle="90.00" type="DEFAULT_VEHTYPE" speed="13.63" pos="41.65" lane="2/1to3/1_0" slope="0.00"/>
        <vehicle id="14" x="398.35" y="202.93" angle="0.00" type="DEFAULT_VEHTYPE" speed="13.53" pos="1.82" lane=":2/1_1_0" slope="0.00"/>
        <vehicle id="4" x="601.65" y="308.28" angle="180.00" type="DEFAULT_VEHTYPE" speed="13.61" pos="103.53" lane="3/1to3/2_0" slope="0.00"/>
        <vehicle id="5" x="398.35" y="259.77" angle="0.00" type="DEFAULT_VEHTYPE" speed="13.19" pos="135.48" lane="2/2to2/1_0" slope="0.00"/>
        <vehicle id="7" x="398.35" y="111.95" angle="0.00" type="DEFAULT_VEHTYPE" speed="12.67" pos="83.30" lane="2/1to2/0_0" slope="0.00"/>
        <vehicle id="8" x="309.05" y="198.35" angle="90.00" type="DEFAULT_VEHTYPE" speed="13.72" pos="104.30" lane="1/1to2/1_0" slope="0.00"/>
        <vehicle id="9" x="401.65" y="782.88" angle="180.00" type="DEFAULT_VEHTYPE" speed="13.80" pos="178.13" lane="2/3to2/4_0" slope="0.00"/>
    </timestep>
    <timestep time="752.00">
        <vehicle id="0" x="536.80" y="401.65" angle="-90.00" type="DEFAULT_VEHTYPE" speed="12.90" pos="58.45" lane="3/2to2/2_0" slope="0.00"/>
        <vehicle id="1" x="625.74" y="201.65" angle="-90.00" type="DEFAULT_VEHTYPE" speed="11.68" pos="174.26" lane="4/1to3/1_0" slope="0.00"/>
        <vehicle id="10" x="601.65" y="210.95" angle="180.00" type="DEFAULT_VEHTYPE" speed="8.81" pos="6.20" lane="3/1to3/2_0" slope="0.00"/>
        <vehicle id="11" x="415.24" y="401.65" angle="-90.00" type="DEFAULT_VEHTYPE" speed="7.46" pos="180.01" lane="3/2to2/2_0" slope="0.00"/>
        <vehicle id="12" x="601.65" y="366.27" angle="180.00" type="DEFAULT_VEHTYPE" speed="13.35" pos="161.52" lane="3/1to3/2_0" slope="0.00"/>
        <vehicle id="13" x="460.27" y="198.35" angle="90.00" type="DEFAULT_VEHTYPE" speed="13.87" pos="55.52" lane="2/1to3/1_0" slope="0.00"/>
        <vehicle id="14" x="398.35" y="189.10" angle="0.00" type="DEFAULT_VEHTYPE" speed="13.83" pos="6.15" lane="2/1to2/0_0" slope="0.00"/>
        <vehicle id="4" x="601.65" y="321.44" angle="180.00" type="DEFAULT_VEHTYPE" speed="13.16" pos="116.69" lane="3/1to3/2_0" slope="0.00"/>
        <vehicle id="5" x="398.35" y="246.58" angle="0.00" type="DEFAULT_VEHTYPE" speed="13.20" pos="148.67" lane="2/2to2/1_0" slope="0.00"/>
        <vehicle id="7" x="398.35" y="99.27" angle="0.00" type="DEFAULT_VEHTYPE" speed="12.68" pos="95.98" lane="2/1to2/0_0" slope="0.00"/>
        <vehicle id="8" x="322.78" y="198.35" angle="90.00" type="DEFAULT_VEHTYPE" speed="13.74" pos="118.03" lane="1/1to2/1_0" slope="0.00"/>
        <vehicle id="9" x="401.65" y="796.54" angle="180.00" type="DEFAULT_VEHTYPE" speed="13.66" pos="191.79" lane="2/3to2/4_0" slope="0.00"/>
    </timestep>
    <timestep time="753.00">
        <vehicle id="0" x="523.68" y="401.65" angle="-90.00" type="DEFAULT_VEHTYPE" speed="13.13" pos="71.57" lane="3/2to2/2_0" slope="0.00"/>
        <vehicle id="1" x="617.54" y="201.65" angle="-90.00" type="DEFAULT_VEHTYPE" speed="8.20" pos="182.46" lane="4/1to3/1_0" slope="0.00"/>
        <vehicle id="10" x="601.65" y="221.18" angle="180.00" type="DEFAULT_VEHTYPE" speed="10.23" pos="16.43" lane="3/1to3/2_0" slope="0.00"/>
        <vehicle id="11" x="411.08" y="401.65" angle="-90.00" type="DEFAULT_VEHTYPE" speed="4.16" pos="184.17" lane="3/2to2/2_0" slope="0.00"/>
        <vehicle id="12" x="601.65" y="377.47" angle="180.00" type="DEFAULT_VEHTYPE" speed="11.21" pos="172.72" lane="3/1to3/2_0" slope="0.00"/>
        <vehicle id="13" x="473.70" y="198.35" angle="90.00" type="DEFAULT_VEHTYPE" speed="13.43" pos="68.95" lane="2/1to3/1_0" slope="0.00"/>
        <vehicle id="14" x="398.35" y="176.44" angle="0.00" type="DEFAULT_VEHTYPE" speed="12.66" pos="18.81" lane="2/1to2/0_0" slope="0.00"/>
        <vehicle id="4" x="601.65" y="334.69" angle="180.00" type="DEFAULT_VEHTYPE" speed="13.26" pos="129.94" lane="3/1to3/2_0" slope="0.00"/>
        <vehicle id="5" x="398.35" y="233.23" angle="0.00" type="DEFAULT_VEHTYPE" speed="13.35" pos="162.02" lane="2/2to2/1_0" slope="0.00"/>
        <vehicle id="7" x="398.35" y="86.06" angle="0.00" type="DEFAULT_VEHTYPE" speed="13.21" pos="109.19" lane="2/1to2/0_0" slope="0.00"/>
        <vehicle id="8" x="336.01" y="198.35" angle="90.00" type="DEFAULT_VEHTYPE" speed="13.23" pos="131.26" lane="1/1to2/1_0" slope="0.00"/>
        <vehicle id="9" x="398.35" y="795.12" angle="-0.77" type="DEFAULT_VEHTYPE" speed="13.16" pos="4.88" lane="2/4to2/3_0" slope="0.00"/>
    </timestep>
    <timestep time="754.00">
        <vehicle id="0" x="510.99" y="401.65" angle="-90.00" type="DEFAULT_VEHTYPE" speed="12.68" pos="84.26" lane="3/2to2/2_0" slope="0.00"/>
        <vehicle id="1" x="611.77" y="201.65" angle="-90.00" type="DEFAULT_VEHTYPE" speed="5.77" pos="188.23" lane="4/1to3/1_0" slope="0.00"/>
        <vehicle id="10" x="601.65" y="233.82" angle="180.00" type="DEFAULT_VEHTYPE" speed="12.64" pos="29.07" lane="3/1to3/2_0" slope="0.00"/>
        <vehicle id="11" x="405.14" y="401.65" angle="-90.00" type="DEFAULT_VEHTYPE" speed="5.94" pos="190.11" lane="3/2to2/2_0" slope="0.00"/>
        <vehicle id="12" x="601.65" y="384.71" angle="180.00" type="DEFAULT_VEHTYPE" speed="7.24" pos="179.96" lane="3/1to3/2_0" slope="0.00"/>
        <vehicle id="13" x="486.71" y="198.35" angle="90.00" type="DEFAULT_VEHTYPE" speed="13.01" pos="81.96" lane="2/1to3/1_0" slope="0.00"/>
        <vehicle id="14" x="398.35" y="163.00" angle="0.00" type="DEFAULT_VEHTYPE" speed="13.44" pos="32.25" lane="2/1to2/0_0" slope="0.00"/>
        <vehicle id="4" x="601.65" y="347.39" angle="180.00" type="DEFAULT_VEHTYPE" speed="12.69" pos="142.64" lane="3/1to3/2_0" slope="0.00"/>
        <vehicle id="5" x="398.35" y="219.64" angle="0.00" type="DEFAULT_VEHTYPE" speed="13.59" pos="175.61" lane="2/2to2/1_0" slope="0.00"/>
        <vehicle id="7" x="398.35" y="73.32" angle="0.00" type="DEFAULT_VEHTYPE" speed="12.74" pos="121.93" lane="2/1to2/0_0" slope="0.00"/>
        <vehicle id="8" x="349.21" y="198.35" angle="90.00" type="DEFAULT_VEHTYPE" speed="13.20" pos="144.46" lane="1/1to2/1_0" slope="0.00"/>
        <vehicle id="9" x="398.35" y="781.59" angle="0.00" type="DEFAULT_VEHTYPE" speed="13.53" pos="18.41" lane="2/4to2/3_0" slope="0.00"/>
    </timestep>
    <timestep time="755.00">
        <vehicle id="0" x="498.34" y="401.65" angle="-90.00" type="DEFAULT_VEHTYPE" speed="12.65" pos="96.91" lane="3/2to2/2_0" slope="0.00"/>
        <vehicle id="1" x="608.66" y="201.65" angle="-90.00" type="DEFAULT_VEHTYPE" speed="3.11" pos="191.34" lane="4/1to3/1_0" slope="0.00"/>
        <vehicle id="10" x="601.65" y="247.41" angle="180.00" type="DEFAULT_VEHTYPE" speed="13.59" pos="42.66" lane="3/1to3/2_0" slope="0.00"/>
        <vehicle id="11" x="399.07" y="398.58" angle="-53.82" type="DEFAULT_VEHTYPE" speed="7.26" pos="6.87" lane=":2/2_6_0" slope="0.00"/>
        <vehicle id="12" x="601.65" y="389.23" angle="180.00" type="DEFAULT_VEHTYPE" speed="4.52" pos="184.48" lane="3/1to3/2_0" slope="0.00"/>
        <vehicle id="13" x="500.01" y="198.35" angle="90.00" type="DEFAULT_VEHTYPE" speed="13.30" pos="95.26" lane="2/1to3/1_0" slope="0.00"/>
        <vehicle id="14" x="398.35" y="149.94" angle="0.00" type="DEFAULT_VEHTYPE" speed="13.06" pos="45.31" lane="2/1to2/0_0" slope="0.00"/>
        <vehicle id="4" x="601.65" y="360.64" angle="180.00" type="DEFAULT_VEHTYPE" speed="13.26" pos="155.89" lane="3/1to3/2_0" slope="0.00"/>
        <vehicle id="5" x="398.35" y="206.86" angle="0.00" type="DEFAULT_VEHTYPE" speed="12.78" pos="188.39" lane="2/2to2/1_0" slope="0.00"/>
        <vehicle id="7" x="398.35" y="60.44" angle="0.00" type="DEFAULT_VEHTYPE" speed="12.88" pos="134.81" lane="2/1to2/0_0" slope="0.00"/>
        <vehicle id="8" x="361.97" y="198.35" angle="90.00" type="DEFAULT_VEHTYPE" speed="12.76" pos="157.22" lane="1/1to2/1_0" slope="0.00"/>
        <vehicle id="9" x="398.35" y="768.84" angle="0.00" type="DEFAULT_VEHTYPE" speed="12.75" pos="31.16" lane="2/4to2/3_0" slope="0.00"/>
    </timestep>
    <timestep time="756.00">
        <vehicle id="0" x="485.33" y="401.65" angle="-90.00" type="DEFAULT_VEHTYPE" speed="13.02" pos="109.92" lane="3/2to2/2_0" slope="0.00"/>
        <vehicle id="1" x="603.55" y="201.82" angle="-91.92" type="DEFAULT_VEHTYPE" speed="5.12" pos="1.21" lane=":3/1_4_0" slope="0.00"/>
        <vehicle id="10" x="601.65" y="261.02" angle="180.00" type="DEFAULT_VEHTYPE" speed="13.62" pos="56.27" lane="3/1to3/2_0" slope="0.00"/>
        <vehicle id="11" x="398.35" y="389.50" angle="0.00" type="DEFAULT_VEHTYPE" speed="9.20" pos="5.75" lane="2/2to2/1_0" slope="0.00"/>
        <vehicle id="12" x="601.63" y="395.42" angle="-179.72" type="DEFAULT_VEHTYPE" speed="6.19" pos="0.18" lane=":3/2_10_0" slope="0.00"/>
        <vehicle id="13" x="513.11" y="198.35" angle="90.00" type="DEFAULT_VEHTYPE" speed="13.10" pos="108.36" lane="2/1to3/1_0" slope="0.00"/>
        <vehicle id="14" x="398.35" y="136.56" angle="0.00" type="DEFAULT_VEHTYPE" speed="13.38" pos="58.69" lane="2/1to2/0_0" slope="0.00"/>
        <vehicle id="4" x="601.65" y="372.00" angle="180.00" type="DEFAULT_VEHTYPE" speed="11.36" pos="167.25" lane="3/1to3/2_0" slope="0.00"/>
        <vehicle id="5" x="398.35" y="193.56" angle="0.00" type="DEFAULT_VEHTYPE" speed="13.30" pos="1.69" lane="2/1to2/0_0" slope="0.00"/>
        <vehicle id="7" x="398.35" y="47.16" angle="0.00" type="DEFAULT_VEHTYPE" speed="13.29" pos="148.09" lane="2/1to2/0_0" slope="0.00"/>
        <vehicle id="8" x="374.63" y="198.35" angle="90.00" type="DEFAULT_VEHTYPE" speed="12.66" pos="169.88" lane="1/1to2/1_0" slope="0.00"/>
        <vehicle id="9" x="398.35" y="755.41" angle="0.00" type="DEFAULT_VEHTYPE" speed="13.43" pos="44.59" lane="2/4to2/3_0" slope="0.00"/>
    </timestep>
    <timestep time="757.00">
        <vehicle id="0" x="472.08" y="401.65" angle="-90.00" type="DEFAULT_VEHTYPE" speed="13.24" pos="123.17" lane="3/2to2/2_0" slope="0.00"/>
        <vehicle id="1" x="601.65" y="207.93" angle="-175.07" type="DEFAULT_VEHTYPE" speed="6.97" pos="3.18" lane="3/1to3/2_0" slope="0.00"/>
        <vehicle id="10" x="601.65" y="274.59" angle="180.00" type="DEFAULT_VEHTYPE" speed="13.56" pos="69.84" lane="3/1to3/2_0" slope="0.00"/>
        <vehicle id="11" x="398.35" y="378.18" angle="0.00" type="DEFAULT_VEHTYPE" speed="11.33" pos="17.07" lane="2/2to2/1_0" slope="0.00"/>
        <vehicle id="12" x="596.85" y="401.42" angle="-123.53" type="DEFAULT_VEHTYPE" speed="8.53" pos="1.57" lane=":3/2_18_0" slope="0.00"/>
        <vehicle id="13" x="525.72" y="198.35" angle="90.00" type="DEFAULT_VEHTYPE" speed="12.61" pos="120.97" lane="2/1to3/1_0" slope="0.00"/>
        <vehicle id="14" x="398.35" y="123.51" angle="0.00" type="DEFAULT_VEHTYPE" speed="13.06" pos="71.74" lane="2/1to2/0_0" slope="0.00"/>
        <vehicle id="4" x="601.65" y="380.61" angle="180.00" type="DEFAULT_VEHTYPE" speed="8.61" pos="175.86" lane="3/1to3/2_0" slope="0.00"/>
        <vehicle id="5" x="398.35" y="180.50" angle="0.00" type="DEFAULT_VEHTYPE" speed="13.06" pos="14.75" lane="2/1to2/0_0" slope="0.00"/>
        <vehicle id="7" x="398.35" y="33.36" angle="0.00" type="DEFAULT_VEHTYPE" speed="13.79" pos="161.89" lane="2/1to2/0_0" slope="0.00"/>
        <vehicle id="8" x="382.80" y="198.35" angle="90.00" type="DEFAULT_VEHTYPE" speed="8.16" pos="178.05" lane="1/1to2/1_0" slope="0.00"/>
        <vehicle id="9" x="398.35" y="742.66" angle="0.00" type="DEFAULT_VEHTYPE" speed="12.75" pos="57.34" lane="2/4to2/3_0" slope="0.00"/>
    </timestep>
    <timestep time="758.00">
        <vehicle id="0" x="459.28" y="401.65" angle="-90.00" type="DEFAULT_VEHTYPE" speed="12.80" pos="135.97" lane="3/2to2/2_0" slope="0.00"/>
        <vehicle id="1" x="601.65" y="216.23" angle="180.00" type="DEFAULT_VEHTYPE" speed="8.30" pos="11.48" lane="3/1to3/2_0" slope="0.00"/>
        <vehicle id="10" x="601.65" y="287.74" angle="180.00" type="DEFAULT_VEHTYPE" speed="13.15" pos="82.99" lane="3/1to3/2_0" slope="0.00"/>
        <vehicle id="11" x="398.35" y="364.83" angle="0.00" type="DEFAULT_VEHTYPE" speed="13.35" pos="30.42" lane="2/2to2/1_0" slope="0.00"/>
        <vehicle id="12" x="585.79" y="401.65" angle="-90.00" type="DEFAULT_VEHTYPE" speed="11.07" pos="9.46" lane="3/2to2/2_0" slope="0.00"/>
        <vehicle id="13" x="539.18" y="198.35" angle="90.00" type="DEFAULT_VEHTYPE" speed="13.46" pos="134.43" lane="2/1to3/1_0" slope="0.00"/>
        <vehicle id="14" x="398.35" y="110.40" angle="0.00" type="DEFAULT_VEHTYPE" speed="13.11" pos="84.85" lane="2/1to2/0_0" slope="0.00"/>
        <vehicle id="4" x="601.65" y="386.43" angle="180.00" type="DEFAULT_VEHTYPE" speed="5.82" pos="181.68" lane="3/1to3/2_0" slope="0.00"/>
        <vehicle id="5" x="398.35" y="166.84" angle="0.00" type="DEFAULT_VEHTYPE" speed="13.66" pos="28.41" lane="2/1to2/0_0" slope="0.00"/>
        <vehicle id="7" x="398.35" y="19.93" angle="0.00" type="DEFAULT_VEHTYPE" speed="13.43" pos="175.32" lane="2/1to2/0_0" slope="0.00"/>
        <vehicle id="8" x="388.17" y="198.35" angle="90.00" type="DEFAULT_VEHTYPE" speed="5.38" pos="183.42" lane="1/1to2/1_0" slope="0.00"/>
        <vehicle id="9" x="398.35" y="729.73" angle="0.00" type="DEFAULT_VEHTYPE" speed="12.93" pos="70.27" lane="2/4to2/3_0" slope="0.00"/>
    </timestep>
    <timestep time="759.00">
        <vehicle id="0" x="445.86" y="401.65" angle="-90.00" type="DEFAULT_VEHTYPE" speed="13.42" pos="149.39" lane="3/2to2/2_0" slope="0.00"/>
        <vehicle id="1" x="601.65" y="227.11" angle="180.00" type="DEFAULT_VEHTYPE" speed="10.88" pos="22.36" lane="3/1to3/2_0" slope="0.00"/>
        <vehicle id="10" x="601.65" y="300.35" angle="180.00" type="DEFAULT_VEHTYPE" speed="12.61" pos="95.60" lane="3/1to3/2_0" slope="0.00"/>
        <vehicle id="11" x="398.35" y="351.89" angle="0.00" type="DEFAULT_VEHTYPE" speed="12.94" pos="43.36" lane="2/2to2/1_0" slope="0.00"/>
        <vehicle id="12" x="573.33" y="401.65" angle="-90.00" type="DEFAULT_VEHTYPE" speed="12.46" pos="21.92" lane="3/2to2/2_0" slope="0.00"/>
        <vehicle id="13" x="552.43" y="198.35" angle="90.00" type="DEFAULT_VEHTYPE" speed="13.25" pos="147.68" lane="2/1to3/1_0" slope="0.00"/>
        <vehicle id="14" x="398.35" y="96.54" angle="0.00" type="DEFAULT_VEHTYPE" speed="13.86" pos="98.71" lane="2/1to2/0_0" slope="0.00"/>
        <vehicle id="4" x="601.65" y="390.65" angle="180.00" type="DEFAULT_VEHTYPE" speed="4.21" pos="185.90" lane="3/1to3/2_0" slope="0.00"/>
        <vehicle id="5" x="398.35" y="153.86" angle="0.00" type="DEFAULT_VEHTYPE" speed="12.97" pos="41.39" lane="2/1to2/0_0" slope="0.00"/>
        <vehicle id="7" x="398.35" y="6.95" angle="0.00" type="DEFAULT_VEHTYPE" speed="12.99" pos="188.30" lane="2/1to2/0_0" slope="0.00"/>
        <vehicle id="8" x="390.28" y="198.35" angle="90.00" type="DEFAULT_VEHTYPE" speed="2.11" pos="185.53" lane="1/1to2/1_0" slope="0.00"/>
        <vehicle id="9" x="398.35" y="716.95" angle="0.00" type="DEFAULT_VEHTYPE" speed="12.78" pos="83.05" lane="2/4to2/3_0" slope="0.00"/>
    </timestep>
    <timestep time="760.00">
        <vehicle id="0" x="432.36" y="401.65" angle="-90.00" type="DEFAULT_VEHTYPE" speed="13.50" pos="162.89" lane="3/2to2/2_0" slope="0.00"/>
        <vehicle id="1" x="601.65" y="240.29" angle="180.00" type="DEFAULT_VEHTYPE" speed="13.18" pos="35.54" lane="3/1to3/2_0" slope="0.00"/>
        <vehicle id="10" x="601.65" y="313.98" angle="180.00" type="DEFAULT_VEHTYPE" speed="13.63" pos="109.23" lane="3/1to3/2_0" slope="0.00"/>
        <vehicle id="11" x="398.35" y="338.60" angle="0.00" type="DEFAULT_VEHTYPE" speed="13.29" pos="56.65" lane="2/2to2/1_0" slope="0.00"/>
        <vehicle id="12" x="559.75" y="401.65" angle="-90.00" type="DEFAULT_VEHTYPE" speed="13.58" pos="35.50" lane="3/2to2/2_0" slope="0.00"/>
        <vehicle id="13" x="565.54" y="198.35" angle="90.00" type="DEFAULT_VEHTYPE" speed="13.11" pos="160.79" lane="2/1to3/1_0" slope="0.00"/>
        <vehicle id="14" x="398.35" y="82.97" angle="0.00" type="DEFAULT_VEHTYPE" speed="13.57" pos="112.28" lane="2/1to2/0_0" slope="0.00"/>
        <vehicle id="4" x="601.44" y="396.71" angle="-177.61" type="DEFAULT_VEHTYPE" speed="6.07" pos="1.47" lane=":3/2_10_0" slope="0.00"/>
        <vehicle id="5" x="398.35" y="140.30" angle="0.00" type="DEFAULT_VEHTYPE" speed="13.56" pos="54.95" lane="2/1to2/0_0" slope="0.00"/>
        <vehicle id="7" x="401.65" y="1.23" angle="127.80" type="DEFAULT_VEHTYPE" speed="13.00" pos="1.23" lane="2/0to2/1_0" slope="0.00"/>
        <vehicle id="8" x="394.72" y="198.35" angle="90.00" type="DEFAULT_VEHTYPE" speed="4.44" pos="189.97" lane="1/1to2/1_0" slope="0.00"/>
        <vehicle id="9" x="398.35" y="703.56" angle="0.00" type="DEFAULT_VEHTYPE" speed="13.39" pos="96.44" lane="2/4to2/3_0" slope="0.00"/>
    </timestep>
    <timestep time="761.00">
        <vehicle id="0" x="421.47" y="401.65" angle="-90.00" type="DEFAULT_VEHTYPE" speed="10.88" pos="173.78" lane="3/2to2/2_0" slope="0.00"/>
        <vehicle id="1" x="601.65" y="254.05" angle="180.00" type="DEFAULT_VEHTYPE" speed="13.77" pos="49.30" lane="3/1to3/2_0" slope="0.00"/>
        <vehicle id="10" x="601.65" y="327.80" angle="180.00" type="DEFAULT_VEHTYPE" speed="13.82" pos="123.05" lane="3/1to3/2_0" slope="0.00"/>
        <vehicle id="11" x="398.35" y="325.95" angle="0.00" type="DEFAULT_VEHTYPE" speed="12.65" pos="69.30" lane="2/2to2/1_0" slope="0.00"/>
        <vehicle id="12" x="545.93" y="401.65" angle="-90.00" type="DEFAULT_VEHTYPE" speed="13.82" pos="49.32" lane="3/2to2/2_0" slope="0.00"/>
        <vehicle id="13" x="576.14" y="198.35" angle="90.00" type="DEFAULT_VEHTYPE" speed="10.59" pos="171.39" lane="2/1to3/1_0" slope="0.00"/>
        <vehicle id="14" x="398.35" y="70.35" angle="0.00" type="DEFAULT_VEHTYPE" speed="12.62" pos="124.90" lane="2/1to2/0_0" slope="0.00"/>
        <vehicle id="4" x="596.22" y="401.51" angle="-116.95" type="DEFAULT_VEHTYPE" speed="7.87" pos="2.20" lane=":3/2_18_0" slope="0.00"/>
        <vehicle id="5" x="398.35" y="127.30" angle="0.00" type="DEFAULT_VEHTYPE" speed="13.00" pos="67.95" lane="2/1to2/0_0" slope="0.00"/>
        <vehicle id="7" x="401.65" y="14.83" angle="180.00" type="DEFAULT_VEHTYPE" speed="13.60" pos="14.83" lane="2/0to2/1_0" slope="0.00"/>
        <vehicle id="8" x="400.67" y="198.35" angle="90.00" type="DEFAULT_VEHTYPE" speed="5.95" pos="5.42" lane=":2/1_13_0" slope="0.00"/>
        <vehicle id="9" x="398.35" y="690.86" angle="0.00" type="DEFAULT_VEHTYPE" speed="12.70" pos="109.14" lane="2/4to2/3_0" slope="0.00"/>
    </timestep>
    <timestep time="762.00">
        <vehicle id="0" x="414.82" y="401.65" angle="-90.00" type="DEFAULT_VEHTYPE" speed="6.66" pos="180.43" lane="3/2to2/2_0" slope="0.00"/>
        <vehicle id="1" x="601.65" y="266.67" angle="180.00" type="DEFAULT_VEHTYPE" speed="12.61" pos="61.92" lane="3/1to3/2_0" slope="0.00"/>
        <vehicle id="10" x="601.65" y="340.99" angle="180.00" type="DEFAULT_VEHTYPE" speed="13.19" pos="136.24" lane="3/1to3/2_0" slope="0.00"/>
        <vehicle id="11" x="398.35" y="313.34" angle="0.00" type="DEFAULT_VEHTYPE" speed="12.61" pos="81.91" lane="2/2to2/1_0" slope="0.00"/>
        <vehicle id="12" x="533.15" y="401.65" angle="-90.00" type="DEFAULT_VEHTYPE" speed="12.78" pos="62.10" lane="3/2to2/2_0" slope="0.00"/>
        <vehicle id="13" x="583.88" y="198.35" angle="90.00" type="DEFAULT_VEHTYPE" speed="7.74" pos="179.13" lane="2/1to3/1_0" slope="0.00"/>
        <vehicle id="14" x="398.35" y="56.73" angle="0.00" type="DEFAULT_VEHTYPE" speed="13.62" pos="138.52" lane="2/1to2/0_0" slope="0.00"/>
        <vehicle id="4" x="586.43" y="401.65" angle="-90.00" type="DEFAULT_VEHTYPE" speed="9.79" pos="8.82" lane="3/2to2/2_0" slope="0.00"/>
        <vehicle id="5" x="398.35" y="114.44" angle="0.00" type="DEFAULT_VEHTYPE" speed="12.86" pos="80.81" lane="2/1to2/0_0" slope="0.00"/>
        <vehicle id="7" x="401.65" y="28.29" angle="180.00" type="DEFAULT_VEHTYPE" speed="13.46" pos="28.29" lane="2/0to2/1_0" slope="0.00"/>
        <vehicle id="8" x="408.32" y="198.35" angle="90.00" type="DEFAULT_VEHTYPE" speed="7.64" pos="3.57" lane="2/1to3/1_0" slope="0.00"/>
        <vehicle id="9" x="398.35" y="677.98" angle="0.00" type="DEFAULT_VEHTYPE" speed="12.88" pos="122.02" lane="2/4to2/3_0" slope="0.00"/>
    </timestep>
    <timestep time="763.00">
        <vehicle id="0" x="410.74" y="401.65" angle="-90.00" type="DEFAULT_VEHTYPE" speed="4.08" pos="184.51" lane="3/2to2/2_0" slope="0.00"/>
        <vehicle id="1" x="601.65" y="279.39" angle="180.00" type="DEFAULT_VEHTYPE" speed="12.73" pos="74.64" lane="3/1to3/2_0" slope="0.00"/>
        <vehicle id="10" x="601.65" y="354.62" angle="180.00" type="DEFAULT_VEHTYPE" speed="13.63" pos="149.87" lane="3/1to3/2_0" slope="0.00"/>
        <vehicle id="11" x="398.35" y="300.42" angle="0.00" type="DEFAULT_VEHTYPE" speed="12.93" pos="94.83" lane="2/2to2/1_0" slope="0.00"/>
        <vehicle id="12" x="519.89" y="401.65" angle="-90.00" type="DEFAULT_VEHTYPE" speed="13.26" pos="75.36" lane="3/2to2/2_0" slope="0.00"/>
        <vehicle id="13" x="588.30" y="198.35" angle="90.00" type="DEFAULT_VEHTYPE" speed="4.42" pos="183.55" lane="2/1to3/1_0" slope="0.00"/>
        <vehicle id="14" x="398.35" y="43.83" angle="0.00" type="DEFAULT_VEHTYPE" speed="12.90" pos="151.42" lane="2/1to2/0_0" slope="0.00"/>
        <vehicle id="4" x="574.27" y="401.65" angle="-90.00" type="DEFAULT_VEHTYPE" speed="12.16" pos="20.98" lane="3/2to2/2_0" slope="0.00"/>
        <vehicle id="5" x="398.35" y="101.68" angle="0.00" type="DEFAULT_VEHTYPE" speed="12.76" pos="93.57" lane="2/1to2/0_0" slope="0.00"/>
        <vehicle id="7" x="401.65" y="41.67" angle="180.00" type="DEFAULT_VEHTYPE" speed="13.37" pos="41.67" lane="2/0to2/1_0" slope="0.00"/>
        <vehicle id="8" x="417.75" y="198.35" angle="90.00" type="DEFAULT_VEHTYPE" speed="9.44" pos="13.00" lane="2/1to3/1_0" slope="0.00"/>
        <vehicle id="9" x="398.35" y="665.05" angle="0.00" type="DEFAULT_VEHTYPE" speed="12.92" pos="134.95" lane="2/4to2/3_0" slope="0.00"/>
    </timestep>
    <timestep time="764.00">
        <vehicle id="0" x="405.08" y="401.65" angle="-90.00" type="DEFAULT_VEHTYPE" speed="5.66" pos="190.17" lane="3/2to2/2_0" slope="0.00"/>
        <vehicle id="1" x="601.65" y="293.20" angle="180.00" type="DEFAULT_VEHTYPE" speed="13.81" pos="88.45" lane="3/1to3/2_0" slope="0.00"/>
        <vehicle id="10" x="601.65" y="367.83" angle="180.00" type="DEFAULT_VEHTYPE" speed="13.22" pos="163.08" lane="3/1to3/2_0" slope="0.00"/>
        <vehicle id="11" x="398.35" y="287.74" angle="0.00" type="DEFAULT_VEHTYPE" speed="12.68" pos="107.51" lane="2/2to2/1_0" slope="0.00"/>
        <vehicle id="12" x="506.47" y="401.65" angle="-90.00" type="DEFAULT_VEHTYPE" speed="13.42" pos="88.78" lane="3/2to2/2_0" slope="0.00"/>
        <vehicle id="13" x="594.90" y="198.35" angle="90.00" type="DEFAULT_VEHTYPE" speed="6.60" pos="190.15" lane="2/1to3/1_0" slope="0.00"/>
        <vehicle id="14" x="398.35" y="30.98" angle="0.00" type="DEFAULT_VEHTYPE" speed="12.85" pos="164.27" lane="2/1to2/0_0" slope="0.00"/>
        <vehicle id="4" x="560.66" y="401.65" angle="-90.00" type="DEFAULT_VEHTYPE" speed="13.62" pos="34.59" lane="3/2to2/2_0" slope="0.00"/>
        <vehicle id="5" x="398.35" y="88.78" angle="0.00" type="DEFAULT_VEHTYPE" speed="12.90" pos="106.47" lane="2/1to2/0_0" slope="0.00"/>
        <vehicle id="7" x="401.65" y="55.03" angle="180.00" type="DEFAULT_VEHTYPE" speed="13.37" pos="55.03" lane="2/0to2/1_0" slope="0.00"/>
        <vehicle id="8" x="429.75" y="198.35" angle="90.00" type="DEFAULT_VEHTYPE" speed="11.99" pos="25.00" lane="2/1to3/1_0" slope="0.00"/>
        <vehicle id="9" x="398.35" y="652.07" angle="0.00" type="DEFAULT_VEHTYPE" speed="12.98" pos="147.93" lane="2/4to2/3_0" slope="0.00"/>
    </timestep>
    <timestep time="765.00">
        <vehicle id="0" x="397.59" y="401.65" angle="-90.00" type="DEFAULT_VEHTYPE" speed="7.49" pos="7.16" lane=":2/2_5_0" slope="0.00"/>
        <vehicle id="1" x="601.65" y="305.88" angle="180.00" type="DEFAULT_VEHTYPE" speed="12.68" pos="101.13" lane="3/1to3/2_0" slope="0.00"/>
        <vehicle id="10" x="601.65" y="378.26" angle="180.00" type="DEFAULT_VEHTYPE" speed="10.43" pos="173.51" lane="3/1to3/2_0" slope="0.00"/>
        <vehicle id="11" x="398.35" y="274.84" angle="0.00" type="DEFAULT_VEHTYPE" speed="12.90" pos="120.41" lane="2/2to2/1_0" slope="0.00"/>
        <vehicle id="12" x="493.01" y="401.65" angle="-90.00" type="DEFAULT_VEHTYPE" speed="13.46" pos="102.24" lane="3/2to2/2_0" slope="0.00"/>
        <vehicle id="13" x="601.33" y="202.49" angle="139.49" type="DEFAULT_VEHTYPE" speed="8.38" pos="8.03" lane=":3/1_14_0" slope="0.00"/>
        <vehicle id="14" x="398.35" y="18.08" angle="0.00" type="DEFAULT_VEHTYPE" speed="12.91" pos="177.17" lane="2/1to2/0_0" slope="0.00"/>
        <vehicle id="4" x="547.68" y="401.65" angle="-90.00" type="DEFAULT_VEHTYPE" speed="12.98" pos="47.57" lane="3/2to2/2_0" slope="0.00"/>
        <vehicle id="5" x="398.35" y="76.17" angle="0.00" type="DEFAULT_VEHTYPE" speed="12.61" pos="119.08" lane="2/1to2/0_0" slope="0.00"/>
        <vehicle id="7" x="401.65" y="68.88" angle="180.00" type="DEFAULT_VEHTYPE" speed="13.84" pos="68.88" lane="2/0to2/1_0" slope="0.00"/>
        <vehicle id="8" x="442.49" y="198.35" angle="90.00" type="DEFAULT_VEHTYPE" speed="12.74" pos="37.74" lane="2/1to3/1_0" slope="0.00"/>
        <vehicle id="9" x="398.35" y="639.11" angle="0.00" type="DEFAULT_VEHTYPE" speed="12.96" pos="160.89" lane="2/4to2/3_0" slope="0.00"/>
    </timestep>
    <timestep time="766.00">
        <vehicle id="0" x="387.51" y="401.65" angle="-90.00" type="DEFAULT_VEHTYPE" speed="10.08" pos="7.74" lane="2/2to1/2_0" slope="0.00"/>
        <vehicle id="1" x="601.65" y="318.53" angle="180.00" type="DEFAULT_VEHTYPE" speed="12.65" pos="113.78" lane="3/1to3/2_0" slope="0.00"/>
        <vehicle id="10" x="601.65" y="385.94" angle="180.00" type="DEFAULT_VEHTYPE" speed="7.68" pos="181.19" lane="3/1to3/2_0" slope="0.00"/>
        <vehicle id="11" x="398.35" y="261.87" angle="0.00" type="DEFAULT_VEHTYPE" speed="12.97" pos="133.38" lane="2/2to2/1_0" slope="0.00"/>
        <vehicle id="12" x="479.24" y="401.65" angle="-90.00" type="DEFAULT_VEHTYPE" speed="13.77" pos="116.01" lane="3/2to2/2_0" slope="0.00"/>
        <vehicle id="13" x="601.65" y="212.25" angle="180.00" type="DEFAULT_VEHTYPE" speed="9.79" pos="7.50" lane="3/1to3/2_0" slope="0.00"/>
        <vehicle id="14" x="398.35" y="4.19" angle="0.00" type="DEFAULT_VEHTYPE" speed="13.89" pos="191.06" lane="2/1to2/0_0" slope="0.00"/>
        <vehicle id="4" x="534.46" y="401.65" angle="-90.00" type="DEFAULT_VEHTYPE" speed="13.22" pos="60.79" lane="3/2to2/2_0" slope="0.00"/>
        <vehicle id="5" x="398.35" y="62.91" angle="0.00" type="DEFAULT_VEHTYPE" speed="13.26" pos="132.34" lane="2/1to2/0_0" slope="0.00"/>
        <vehicle id="7" x="401.65" y="82.21" angle="180.00" type="DEFAULT_VEHTYPE" speed="13.34" pos="82.21" lane="2/0to2/1_0" slope="0.00"/>
        <vehicle id="8" x="455.11" y="198.35" angle="90.00" type="DEFAULT_VEHTYPE" speed="12.62" pos="50.36" lane="2/1to3/1_0" slope="0.00"/>
        <vehicle id="9" x="398.35" y="626.46" angle="0.00" type="DEFAULT_VEHTYPE" speed="12.65" pos="173.54" lane="2/4to2/3_0" slope="0.00"/>
    </timestep>
    <timestep time="767.00">
        <vehicle id="0" x="375.02" y="401.65" angle="-90.00" type="DEFAULT_VEHTYPE" speed="12.49" pos="20.23" lane="2/2to1/2_0" slope="0.00"/>
        <vehicle id="1" x="601.65" y="331.25" angle="180.00" type="DEFAULT_VEHTYPE" speed="12.72" pos="126.50" lane="3/1to3/2_0" slope="0.00"/>
        <vehicle id="10" x="601.65" y="389.87" angle="180.00" type="DEFAULT_VEHTYPE" speed="3.93" pos="185.12" lane="3/1to3/2_0" slope="0.00"/>
        <vehicle id="11" x="398.35" y="247.98" angle="0.00" type="DEFAULT_VEHTYPE" speed="13.89" pos="147.27" lane="2/2to2/1_0" slope="0.00"/>
        <vehicle id="12" x="466.12" y="401.65" angle="-90.00" type="DEFAULT_VEHTYPE" speed="13.12" pos="129.13" lane="3/2to2/2_0" slope="0.00"/>
        <vehicle id="13" x="601.65" y="223.85" angle="180.00" type="DEFAULT_VEHTYPE" speed="11.60" pos="19.10" lane="3/1to3/2_0" slope="0.00"/>
        <vehicle id="14" x="401.65" y="3.72" angle="171.52" type="DEFAULT_VEHTYPE" speed="12.73" pos="3.72" lane="2/0to2/1_0" slope="0.00"/>
        <vehicle id="4" x="521.28" y="401.65" angle="-90.00" type="DEFAULT_VEHTYPE" speed="13.18" pos="73.97" lane="3/2to2/2_0" slope="0.00"/>
        <vehicle id="5" x="398.35" y="49.30" angle="0.00" type="DEFAULT_VEHTYPE" speed="13.61" pos="145.95" lane="2/1to2/0_0" slope="0.00"/>
        <vehicle id="7" x="401.65" y="95.69" angle="180.00" type="DEFAULT_VEHTYPE" speed="13.47" pos="95.69" lane="2/0to2/1_0" slope="0.00"/>
        <vehicle id="8" x="468.71" y="198.35" angle="90.00" type="DEFAULT_VEHTYPE" speed="13.61" pos="63.96" lane="2/1to3/1_0" slope="0.00"/>
        <vehicle id="9" x="398.35" y="613.71" angle="0.00" type="DEFAULT_VEHTYPE" speed="12.75" pos="186.29" lane="2/4to2/3_0" slope="0.00"/>
    </timestep>
    <timestep time="768.00">
        <vehicle id="0" x="361.39" y="401.65" angle="-90.00" type="DEFAULT_VEHTYPE" speed="13.63" pos="33.86" lane="2/2to1/2_0" slope="0.00"/>
        <vehicle id="1" x="601.65" y="344.87" angle="180.00" type="DEFAULT_VEHTYPE" speed="13.62" pos="140.12" lane="3/1to3/2_0" slope="0.00"/>
        <vehicle id="10" x="601.63" y="395.36" angle="-179.83" type="DEFAULT_VEHTYPE" speed="5.48" pos="0.11" lane=":3/2_10_0" slope="0.00"/>
        <vehicle id="11" x="398.35" y="234.21" angle="0.00" type="DEFAULT_VEHTYPE" speed="13.77" pos="161.04" lane="2/2to2/1_0" slope="0.00"/>
        <vehicle id="12" x="453.36" y="401.65" angle="-90.00" type="DEFAULT_VEHTYPE" speed="12.76" pos="141.89" lane="3/2to2/2_0" slope="0.00"/>
        <vehicle id="13" x="601.65" y="237.24" angle="180.00" type="DEFAULT_VEHTYPE" speed="13.39" pos="32.49" lane="3/1to3/2_0" slope="0.00"/>
        <vehicle id="14" x="401.65" y="16.64" angle="180.00" type="DEFAULT_VEHTYPE" speed="12.92" pos="16.64" lane="2/0to2/1_0" slope="0.00"/>
        <vehicle id="4" x="508.07" y="401.65" angle="-90.00" type="DEFAULT_VEHTYPE" speed="13.22" pos="87.18" lane="3/2to2/2_0" slope="0.00"/>
        <vehicle id="5" x="398.35" y="36.10" angle="0.00" type="DEFAULT_VEHTYPE" speed="13.21" pos="159.15" lane="2/1to2/0_0" slope="0.00"/>
        <vehicle id="7" x="401.65" y="108.81" angle="180.00" type="DEFAULT_VEHTYPE" speed="13.12" pos="108.81" lane="2/0to2/1_0" slope="0.00"/>
        <vehicle id="8" x="481.82" y="198.35" angle="90.00" type="DEFAULT_VEHTYPE" speed="13.10" pos="77.07" lane="2/1to3/1_0" slope="0.00"/>
        <vehicle id="9" x="398.35" y="600.22" angle="0.00" type="DEFAULT_VEHTYPE" speed="13.49" pos="4.53" lane=":2/3_1_0" slope="0.00"/>
    </timestep>
    <timestep time="769.00">
        <vehicle id="0" x="348.39" y="401.65" angle="-90.00" type="DEFAULT_VEHTYPE" speed="13.00" pos="46.86" lane="2/2to1/2_0" slope="0.00"/>
        <vehicle id="1" x="601.65" y="358.03" angle="180.00" type="DEFAULT_VEHTYPE" speed="13.16" pos="153.28" lane="3/1to3/2_0" slope="0.00"/>
        <vehicle id="10" x="598.06" y="401.24" angle="-137.54" type="DEFAULT_VEHTYPE" speed="7.37" pos="0.34" lane=":3/2_18_0" slope="0.00"/>
        <vehicle id="11" x="398.35" y="220.69" angle="0.00" type="DEFAULT_VEHTYPE" speed="13.52" pos="174.56" lane="2/2to2/1_0" slope="0.00"/>
        <vehicle id="12" x="440.52" y="401.65" angle="-90.00" type="DEFAULT_VEHTYPE" speed="12.84" pos="154.73" lane="3/2to2/2_0" slope="0.00"/>
        <vehicle id="13" x="601.65" y="250.52" angle="180.00" type="DEFAULT_VEHTYPE" speed="13.27" pos="45.77" lane="3/1to3/2_0" slope="0.00"/>
        <vehicle id="14" x="401.65" y="29.83" angle="180.00" type="DEFAULT_VEHTYPE" speed="13.19" pos="29.83" lane="2/0to2/1_0" slope="0.00"/>
        <vehicle id="4" x="494.70" y="401.65" angle="-90.00" type="DEFAULT_VEHTYPE" speed="13.37" pos="100.55" lane="3/2to2/2_0" slope="0.00"/>
        <vehicle id="5" x="398.35" y="23.22" angle="0.00" type="DEFAULT_VEHTYPE" speed="12.87" pos="172.03" lane="2/1to2/0_0" slope="0.00"/>
        <vehicle id="7" x="401.65" y="122.60" angle="180.00" type="DEFAULT_VEHTYPE" speed="13.79" pos="122.60" lane="2/0to2/1_0" slope="0.00"/>
        <vehicle id="8" x="495.56" y="198.35" angle="90.00" type="DEFAULT_VEHTYPE" speed="13.74" pos="90.81" lane="2/1to3/1_0" slope="0.00"/>
        <vehicle id="9" x="398.35" y="587.25" angle="0.00" type="DEFAULT_VEHTYPE" speed="12.97" pos="8.00" lane="2/3to2/2_0" slope="0.00"/>
    </timestep>
    <timestep time="770.00">
        <vehicle id="0" x="335.10" y="401.65" angle="-90.00" type="DEFAULT_VEHTYPE" speed="13.29" pos="60.15" lane="2/2to1/2_0" slope="0.00"/>
        <vehicle id="1" x="601.65" y="370.66" angle="180.00" type="DEFAULT_VEHTYPE" speed="12.63" pos="165.91" lane="3/1to3/2_0" slope="0.00"/>
        <vehicle id="10" x="588.66" y="401.65" angle="-90.00" type="DEFAULT_VEHTYPE" speed="9.43" pos="6.59" lane="3/2to2/2_0" slope="0.00"/>
        <vehicle id="11" x="398.35" y="207.69" angle="0.00" type="DEFAULT_VEHTYPE" speed="12.99" pos="187.56" lane="2/2to2/1_0" slope="0.00"/>
        <vehicle id="12" x="428.34" y="401.65" angle="-90.00" type="DEFAULT_VEHTYPE" speed="12.18" pos="166.91" lane="3/2to2/2_0" slope="0.00"/>
        <vehicle id="13" x="601.65" y="263.35" angle="180.00" type="DEFAULT_VEHTYPE" speed="12.84" pos="58.60" lane="3/1to3/2_0" slope="0.00"/>
        <vehicle id="14" x="401.65" y="42.79" angle="180.00" type="DEFAULT_VEHTYPE" speed="12.96" pos="42.79" lane="2/0to2/1_0" slope="0.00"/>
        <vehicle id="4" x="481.02" y="401.65" angle="-90.00" type="DEFAULT_VEHTYPE" speed="13.68" pos="114.23" lane="3/2to2/2_0" slope="0.00"/>
        <vehicle id="5" x="398.35" y="9.37" angle="0.00" type="DEFAULT_VEHTYPE" speed="13.85" pos="185.88" lane="2/1to2/0_0" slope="0.00"/>
        <vehicle id="7" x="401.65" y="135.23" angle="180.00" type="DEFAULT_VEHTYPE" speed="12.63" pos="135.23" lane="2/0to2/1_0" slope="0.00"/>
        <vehicle id="8" x="508.17" y="198.35" angle="90.00" type="DEFAULT_VEHTYPE" speed="12.61" pos="103.42" lane="2/1to3/1_0" slope="0.00"/>
        <vehicle id="9" x="398.35" y="573.57" angle="0.00" type="DEFAULT_VEHTYPE" speed="13.68" pos="21.68" lane="2/3to2/2_0" slope="0.00"/>
    </timestep>
    <timestep time="771.00">
        <vehicle id="0" x="321.30" y="401.65" angle="-90.00" type="DEFAULT_VEHTYPE" speed="13.79" pos="73.95" lane="2/2to1/2_0" slope="0.00"/>
        <vehicle id="1" x="601.65" y="379.98" angle="180.00" type="DEFAULT_VEHTYPE" speed="9.32" pos="175.23" lane="3/1to3/2_0" slope="0.00"/>
        <vehicle id="10" x="576.92" y="401.65" angle="-90.00" type="DEFAULT_VEHTYPE" speed="11.73" pos="18.33" lane="3/2to2/2_0" slope="0.00"/>
        <vehicle id="11" x="398.35" y="195.04" angle="0.00" type="DEFAULT_VEHTYPE" speed="12.65" pos="0.21" lane="2/1to2/0_0" slope="0.00"/>
        <vehicle id="12" x="419.15" y="401.65" angle="-90.00" type="DEFAULT_VEHTYPE" speed="9.18" pos="176.10" lane="3/2to2/2_0" slope="0.00"/>
        <vehicle id="13" x="601.65" y="276.55" angle="180.00" type="DEFAULT_VEHTYPE" speed="13.19" pos="71.80" lane="3/1to3/2_0" slope="0.00"/>
        <vehicle id="14" x="401.65" y="56.21" angle="180.00" type="DEFAULT_VEHTYPE" speed="13.42" pos="56.21" lane="2/0to2/1_0" slope="0.00"/>
        <vehicle id="4" x="467.67" y="401.65" angle="-90.00" type="DEFAULT_VEHTYPE" speed="13.35" pos="127.58" lane="3/2to2/2_0" slope="0.00"/>
        <vehicle id="5" x="400.84" y="-1.21" angle="41.27" type="DEFAULT_VEHTYPE" speed="12.74" pos="3.37" lane=":2/0_0_0" slope="0.00"/>
        <vehicle id="7" x="401.65" y="148.43" angle="180.00" type="DEFAULT_VEHTYPE" speed="13.21" pos="148.43" lane="2/0to2/1_0" slope="0.00"/>
        <vehicle id="8" x="521.73" y="198.35" angle="90.00" type="DEFAULT_VEHTYPE" speed="13.56" pos="116.98" lane="2/1to3/1_0" slope="0.00"/>
        <vehicle id="9" x="398.35" y="560.21" angle="0.00" type="DEFAULT_VEHTYPE" speed="13.37" pos="35.04" lane="2/3to2/2_0" slope="0.00"/>
    </timestep>
    <timestep time="772.00">
        <vehicle id="0" x="308.14" y="401.65" angle="-90.00" type="DEFAULT_VEHTYPE" speed="13.16" pos="87.11" lane="2/2to1/2_0" slope="0.00"/>
        <vehicle id="1" x="601.65" y="386.03" angle="180.00" type="DEFAULT_VEHTYPE" speed="6.06" pos="181.28" lane="3/1to3/2_0" slope="0.00"/>
        <vehicle id="10" x="564.19" y="401.65" angle="-90.00" type="DEFAULT_VEHTYPE" speed="12.73" pos="31.06" lane="3/2to2/2_0" slope="0.00"/>
        <vehicle id="11" x="398.35" y="182.03" angle="0.00" type="DEFAULT_VEHTYPE" speed="13.00" pos="13.22" lane="2/1to2/0_0" slope="0.00"/>
        <vehicle id="12" x="412.87" y="401.65" angle="-90.00" type="DEFAULT_VEHTYPE" speed="6.28" pos="182.38" lane="3/2to2/2_0" slope="0.00"/>
        <vehicle id="13" x="601.65" y="289.60" angle="180.00" type="DEFAULT_VEHTYPE" speed="13.06" pos="84.85" lane="3/1to3/2_0" slope="0.00"/>
        <vehicle id="14" x="401.65" y="69.76" angle="180.00" type="DEFAULT_VEHTYPE" speed="13.55" pos="69.76" lane="2/0to2/1_0" slope="0.00"/>
        <vehicle id="4" x="454.97" y="401.65" angle="-90.00" type="DEFAULT_VEHTYPE" speed="12.70" pos="140.28" lane="3/2to2/2_0" slope="0.00"/>
        <vehicle id="5" x="401.65" y="11.91" angle="180.00" type="DEFAULT_VEHTYPE" speed="13.36" pos="11.91" lane="2/0to2/1_0" slope="0.00"/>
        <vehicle id="7" x="401.65" y="161.31" angle="180.00" type="DEFAULT_VEHTYPE" speed="12.87" pos="161.31" lane="2/0to2/1_0" slope="0.00"/>
        <vehicle id="8" x="534.74" y="198.35" angle="90.00" type="DEFAULT_VEHTYPE" speed="13.00" pos="129.99" lane="2/1to3/1_0" slope="0.00"/>
        <vehicle id="9" x="398.35" y="547.23" angle="0.00" type="DEFAULT_VEHTYPE" speed="12.97" pos="48.02" lane="2/3to2/2_0" slope="0.00"/>
    </timestep>
    <timestep time="773.00">
        <vehicle id="0" x="294.60" y="401.65" angle="-90.00" type="DEFAULT_VEHTYPE" speed="13.54" pos="100.65" lane="2/2to1/2_0" slope="0.00"/>
        <vehicle id="1" x="601.65" y="389.23" angle="180.00" type="DEFAULT_VEHTYPE" speed="3.19" pos="184.48" lane="3/1to3/2_0" slope="0.00"/>
        <vehicle id="10" x="550.94" y="401.65" angle="-90.00" type="DEFAULT_VEHTYPE" speed="13.25" pos="44.31" lane="3/2to2/2_0" slope="0.00"/>
        <vehicle id="11" x="398.35" y="168.62" angle="0.00" type="DEFAULT_VEHTYPE" speed="13.41" pos="26.63" lane="2/1to2/0_0" slope="0.00"/>
        <vehicle id="12" x="409.96" y="401.65" angle="-90.00" type="DEFAULT_VEHTYPE" speed="2.91" pos="185.29" lane="3/2to2/2_0" slope="0.00"/>
        <vehicle id="13" x="601.65" y="302.23" angle="180.00" type="DEFAULT_VEHTYPE" speed="12.63" pos="97.48" lane="3/1to3/2_0" slope="0.00"/>
        <vehicle id="14" x="401.65" y="82.98" angle="180.00" type="DEFAULT_VEHTYPE" speed="13.22" pos="82.98" lane="2/0to2/1_0" slope="0.00"/>
        <vehicle id="4" x="441.82" y="401.65" angle="-90.00" type="DEFAULT_VEHTYPE" speed="13.15" pos="153.43" lane="3/2to2/2_0" slope="0.00"/>
        <vehicle id="5" x="401.65" y="25.68" angle="180.00" type="DEFAULT_VEHTYPE" speed="13.78" pos="25.68" lane="2/0to2/1_0" slope="0.00"/>
        <vehicle id="7" x="401.65" y="173.99" angle="180.00" type="DEFAULT_VEHTYPE" speed="12.69" pos="173.99" lane="2/0to2/1_0" slope="0.00"/>
        <vehicle id="8" x="547.85" y="198.35" angle="90.00" type="DEFAULT_VEHTYPE" speed="13.11" pos="143.10" lane="2/1to3/1_0" slope="0.00"/>
        <vehicle id="9" x="398.35" y="534.46" angle="0.00" type="DEFAULT_VEHTYPE" speed="12.77" pos="60.79" lane="2/3to2/2_0" slope="0.00"/>
    </timestep>
    <timestep time="774.00">
        <vehicle id="0" x="281.96" y="401.65" angle="-90.00" type="DEFAULT_VEHTYPE" speed="12.65" pos="113.29" lane="2/2to1/2_0" slope="0.00"/>
        <vehicle id="1" x="601.65" y="393.98" angle="180.00" type="DEFAULT_VEHTYPE" speed="4.75" pos="189.23" lane="3/1to3/2_0" slope="0.00"/>
        <vehicle id="10" x="538.27" y="401.65" angle="-90.00" type="DEFAULT_VEHTYPE" speed="12.68" pos="56.98" lane="3/2to2/2_0" slope="0.00"/>
        <vehicle id="11" x="398.35" y="155.30" angle="0.00" type="DEFAULT_VEHTYPE" speed="13.32" pos="39.95" lane="2/1to2/0_0" slope="0.00"/>
        <vehicle id="12" x="404.63" y="401.65" angle="-90.00" type="DEFAULT_VEHTYPE" speed="5.33" pos="0.12" lane=":2/2_5_0" slope="0.00"/>
        <vehicle id="13" x="601.65" y="315.36" angle="180.00" type="DEFAULT_VEHTYPE" speed="13.13" pos="110.61" lane="3/1to3/2_0" slope="0.00"/>
        <vehicle id="14" x="401.65" y="95.82" angle="180.00" type="DEFAULT_VEHTYPE" speed="12.84" pos="95.82" lane="2/0to2/1_0" slope="0.00"/>
        <vehicle id="4" x="431.76" y="401.65" angle="-90.00" type="DEFAULT_VEHTYPE" speed="10.06" pos="163.49" lane="3/2to2/2_0" slope="0.00"/>
        <vehicle id="5" x="401.65" y="39.25" angle="180.00" type="DEFAULT_VEHTYPE" speed="13.56" pos="39.25" lane="2/0to2/1_0" slope="0.00"/>
        <vehicle id="7" x="401.65" y="186.59" angle="180.00" type="DEFAULT_VEHTYPE" speed="12.60" pos="186.59" lane="2/0to2/1_0" slope="0.00"/>
        <vehicle id="8" x="561.68" y="198.35" angle="90.00" type="DEFAULT_VEHTYPE" speed="13.83" pos="156.93" lane="2/1to3/1_0" slope="0.00"/>
        <vehicle id="9" x="398.35" y="520.56" angle="0.00" type="DEFAULT_VEHTYPE" speed="13.90" pos="74.69" lane="2/3to2/2_0" slope="0.00"/>
    </timestep>
    <timestep time="775.00">
        <vehicle id="0" x="268.86" y="401.65" angle="-90.00" type="DEFAULT_VEHTYPE" speed="13.10" pos="126.39" lane="2/2to1/2_0" slope="0.00"/>
        <vehicle id="1" x="599.26" y="400.52" angle="-152.03" type="DEFAULT_VEHTYPE" speed="7.35" pos="6.08" lane=":3/2_10_0" slope="0.00"/>
        <vehicle id="10" x="525.43" y="401.65" angle="-90.00" type="DEFAULT_VEHTYPE" speed="12.83" pos="69.82" lane="3/2to2/2_0" slope="0.00"/>
        <vehicle id="11" x="398.35" y="141.65" angle="0.00" type="DEFAULT_VEHTYPE" speed="13.66" pos="53.60" lane="2/1to2/0_0" slope="0.00"/>
        <vehicle id="12" x="396.97" y="401.65" angle="-90.00" type="DEFAULT_VEHTYPE" speed="7.67" pos="7.78" lane=":2/2_5_0" slope="0.00"/>
        <vehicle id="13" x="601.65" y="328.61" angle="180.00" type="DEFAULT_VEHTYPE" speed="13.25" pos="123.86" lane="3/1to3/2_0" slope="0.00"/>
        <vehicle id="14" x="401.65" y="108.73" angle="180.00" type="DEFAULT_VEHTYPE" speed="12.91" pos="108.73" lane="2/0to2/1_0" slope="0.00"/>
        <vehicle id="4" x="421.74" y="401.65" angle="-90.00" type="DEFAULT_VEHTYPE" speed="10.02" pos="173.51" lane="3/2to2/2_0" slope="0.00"/>
        <vehicle id="5" x="401.65" y="52.27" angle="180.00" type="DEFAULT_VEHTYPE" speed="13.02" pos="52.27" lane="2/0to2/1_0" slope="0.00"/>
        <vehicle id="7" x="403.73" y="198.21" angle="152.57" type="DEFAULT_VEHTYPE" speed="12.62" pos="3.97" lane=":2/1_8_0" slope="0.00"/>
        <vehicle id="8" x="574.40" y="198.35" angle="90.00" type="DEFAULT_VEHTYPE" speed="12.71" pos="169.65" lane="2/1to3/1_0" slope="0.00"/>
        <vehicle id="9" x="398.35" y="507.23" angle="0.00" type="DEFAULT_VEHTYPE" speed="13.33" pos="88.02" lane="2/3to2/2_0" slope="0.00"/>
    </timestep>
    <timestep time="776.00">
        <vehicle id="0" x="256.12" y="401.65" angle="-90.00" type="DEFAULT_VEHTYPE" speed="12.75" pos="139.13" lane="2/2to1/2_0" slope="0.00"/>
        <vehicle id="1" x="589.89" y="401.65" angle="-90.00" type="DEFAULT_VEHTYPE" speed="9.60" pos="5.36" lane="3/2to2/2_0" slope="0.00"/>
        <vehicle id="10" x="511.82" y="401.65" angle="-90.00" type="DEFAULT_VEHTYPE" speed="13.62" pos="83.43" lane="3/2to2/2_0" slope="0.00"/>
        <vehicle id="11" x="398.35" y="128.50" angle="0.00" type="DEFAULT_VEHTYPE" speed="13.14" pos="66.75" lane="2/1to2/0_0" slope="0.00"/>
        <vehicle id="12" x="387.68" y="401.65" angle="-90.00" type="DEFAULT_VEHTYPE" speed="9.29" pos="7.57" lane="2/2to1/2_0" slope="0.00"/>
        <vehicle id="13" x="601.65" y="341.65" angle="180.00" type="DEFAULT_VEHTYPE" speed="13.04" pos="136.90" lane="3/1to3/2_0" slope="0.00"/>
        <vehicle id="14" x="401.65" y="121.75" angle="180.00" type="DEFAULT_VEHTYPE" speed="13.02" pos="121.75" lane="2/0to2/1_0" slope="0.00"/>
        <vehicle id="4" x="414.76" y="401.65" angle="-90.00" type="DEFAULT_VEHTYPE" speed="6.99" pos="180.49" lane="3/2to2/2_0" slope="0.00"/>
        <vehicle id="5" x="401.65" y="65.47" angle="180.00" type="DEFAULT_VEHTYPE" speed="13.20" pos="65.47" lane="2/0to2/1_0" slope="0.00"/>
        <vehicle id="7" x="417.37" y="198.35" angle="90.00" type="DEFAULT_VEHTYPE" speed="13.65" pos="12.62" lane="2/1to3/1_0" slope="0.00"/>
        <vehicle id="8" x="582.99" y="198.35" angle="90.00" type="DEFAULT_VEHTYPE" speed="8.59" pos="178.24" lane="2/1to3/1_0" slope="0.00"/>
        <vehicle id="9" x="398.35" y="494.04" angle="0.00" type="DEFAULT_VEHTYPE" speed="13.18" pos="101.21" lane="2/3to2/2_0" slope="0.00"/>
    </timestep>
    <timestep time="777.00">
        <vehicle id="0" x="243.12" y="401.65" angle="-90.00" type="DEFAULT_VEHTYPE" speed="13.00" pos="152.13" lane="2/2to1/2_0" slope="0.00"/>
        <vehicle id="1" x="578.67" y="401.65" angle="-90.00" type="DEFAULT_VEHTYPE" speed="11.22" pos="16.58" lane="3/2to2/2_0" slope="0.00"/>
        <vehicle id="10" x="498.16" y="401.65" angle="-90.00" type="DEFAULT_VEHTYPE" speed="13.66" pos="97.09" lane="3/2to2/2_0" slope="0.00"/>
        <vehicle id="11" x="398.35" y="114.80" angle="0.00" type="DEFAULT_VEHTYPE" speed="13.70" pos="80.45" lane="2/1to2/0_0" slope="0.00"/>
        <vehicle id="12" x="376.51" y="401.65" angle="-90.00" type="DEFAULT_VEHTYPE" speed="11.17" pos="18.74" lane="2/2to1/2_0" slope="0.00"/>
        <vehicle id="13" x="601.65" y="355.19" angle="180.00" type="DEFAULT_VEHTYPE" speed="13.53" pos="150.44" lane="3/1to3/2_0" slope="0.00"/>
        <vehicle id="14" x="401.65" y="134.99" angle="180.00" type="DEFAULT_VEHTYPE" speed="13.24" pos="134.99" lane="2/0to2/1_0" slope="0.00"/>
        <vehicle id="4" x="410.16" y="401.65" angle="-90.00" type="DEFAULT_VEHTYPE" speed="4.60" pos="185.09" lane="3/2to2/2_0" slope="0.00"/>
        <vehicle id="5" x="401.65" y="78.48" angle="180.00" type="DEFAULT_VEHTYPE" speed="13.01" pos="78.48" lane="2/0to2/1_0" slope="0.00"/>
        <vehicle id="7" x="430.02" y="198.35" angle="90.00" type="DEFAULT_VEHTYPE" speed="12.65" pos="25.27" lane="2/1to3/1_0" slope="0.00"/>
        <vehicle id="8" x="588.00" y="198.35" angle="90.00" type="DEFAULT_VEHTYPE" speed="5.01" pos="183.25" lane="2/1to3/1_0" slope="0.00"/>
        <vehicle id="9" x="398.35" y="480.70" angle="0.00" type="DEFAULT_VEHTYPE" speed="13.35" pos="114.55" lane="2/3to2/2_0" slope="0.00"/>
    </timestep>
    <timestep time="778.00">
        <vehicle id="0" x="229.43" y="401.65" angle="-90.00" type="DEFAULT_VEHTYPE" speed="13.69" pos="165.82" lane="2/2to1/2_0" slope="0.00"/>
        <vehicle id="1" x="565.01" y="401.65" angle="-90.00" type="DEFAULT_VEHTYPE" speed="13.65" pos="30.24" lane="3/2to2/2_0" slope="0.00"/>
        <vehicle id="10" x="484.56" y="401.65" angle="-90.00" type="DEFAULT_VEHTYPE" speed="13.60" pos="110.69" lane="3/2to2/2_0" slope="0.00"/>
        <vehicle id="11" x="398.35" y="101.11" angle="0.00" type="DEFAULT_VEHTYPE" speed="13.69" pos="94.14" lane="2/1to2/0_0" slope="0.00"/>
        <vehicle id="12" x="363.77" y="401.65" angle="-90.00" type="DEFAULT_VEHTYPE" speed="12.74" pos="31.48" lane="2/2to1/2_0" slope="0.00"/>
        <vehicle id="13" x="601.65" y="368.45" angle="180.00" type="DEFAULT_VEHTYPE" speed="13.26" pos="163.70" lane="3/1to3/2_0" slope="0.00"/>
        <vehicle id="14" x="401.65" y="147.68" angle="180.00" type="DEFAULT_VEHTYPE" speed="12.68" pos="147.68" lane="2/0to2/1_0" slope="0.00"/>
        <vehicle id="4" x="403.51" y="401.47" angle="-87.96" type="DEFAULT_VEHTYPE" speed="6.66" pos="1.25" lane=":2/2_6_0" slope="0.00"/>
        <vehicle id="5" x="401.65" y="91.09" angle="180.00" type="DEFAULT_VEHTYPE" speed="12.61" pos="91.09" lane="2/0to2/1_0" slope="0.00"/>
        <vehicle id="7" x="443.79" y="198.35" angle="90.00" type="DEFAULT_VEHTYPE" speed="13.76" pos="39.04" lane="2/1to3/1_0" slope="0.00"/>
        <vehicle id="8" x="590.71" y="198.35" angle="90.00" type="DEFAULT_VEHTYPE" speed="2.71" pos="185.96" lane="2/1to3/1_0" slope="0.00"/>
        <vehicle id="9" x="398.35" y="467.30" angle="0.00" type="DEFAULT_VEHTYPE" speed="13.39" pos="127.95" lane="2/3to2/2_0" slope="0.00"/>
    </timestep>
    <timestep time="779.00">
        <vehicle id="0" x="220.17" y="401.65" angle="-90.00" type="DEFAULT_VEHTYPE" speed="9.25" pos="175.08" lane="2/2to1/2_0" slope="0.00"/>
        <vehicle id="1" x="552.05" y="401.65" angle="-90.00" type="DEFAULT_VEHTYPE" speed="12.96" pos="43.20" lane="3/2to2/2_0" slope="0.00"/>
        <vehicle id="10" x="471.41" y="401.65" angle="-90.00" type="DEFAULT_VEHTYPE" speed="13.15" pos="123.84" lane="3/2to2/2_0" slope="0.00"/>
        <vehicle id="11" x="398.35" y="87.73" angle="0.00" type="DEFAULT_VEHTYPE" speed="13.38" pos="107.52" lane="2/1to2/0_0" slope="0.00"/>
        <vehicle id="12" x="350.29" y="401.65" angle="-90.00" type="DEFAULT_VEHTYPE" speed="13.48" pos="44.96" lane="2/2to1/2_0" slope="0.00"/>
        <vehicle id="13" x="601.65" y="378.52" angle="180.00" type="DEFAULT_VEHTYPE" speed="10.07" pos="173.77" lane="3/1to3/2_0" slope="0.00"/>
        <vehicle id="14" x="401.65" y="161.22" angle="180.00" type="DEFAULT_VEHTYPE" speed="13.55" pos="161.22" lane="2/0to2/1_0" slope="0.00"/>
        <vehicle id="4" x="398.37" y="395.39" angle="-18.69" type="DEFAULT_VEHTYPE" speed="8.92" pos="10.18" lane=":2/2_6_0" slope="0.00"/>
        <vehicle id="5" x="401.65" y="104.62" angle="180.00" type="DEFAULT_VEHTYPE" speed="13.53" pos="104.62" lane="2/0to2/1_0" slope="0.00"/>
        <vehicle id="7" x="456.73" y="198.35" angle="90.00" type="DEFAULT_VEHTYPE" speed="12.95" pos="51.98" lane="2/1to3/1_0" slope="0.00"/>
        <vehicle id="8" x="595.37" y="198.37" angle="90.20" type="DEFAULT_VEHTYPE" speed="4.66" pos="0.12" lane=":3/1_14_0" slope="0.00"/>
        <vehicle id="9" x="398.35" y="454.61" angle="0.00" type="DEFAULT_VEHTYPE" speed="12.70" pos="140.64" lane="2/3to2/2_0" slope="0.00"/>
    </timestep>
    <timestep time="780.00">
        <vehicle id="0" x="213.22" y="401.65" angle="-90.00" type="DEFAULT_VEHTYPE" speed="6.95" pos="182.03" lane="2/2to1/2_0" slope="0.00"/>
        <vehicle id="1" x="539.16" y="401.65" angle="-90.00" type="DEFAULT_VEHTYPE" speed="12.90" pos="56.09" lane="3/2to2/2_0" slope="0.00"/>
        <vehicle id="10" x="458.39" y="401.65" angle="-90.00" type="DEFAULT_VEHTYPE" speed="13.02" pos="136.86" lane="3/2to2/2_0" slope="0.00"/>
        <vehicle id="11" x="398.35" y="74.75" angle="0.00" type="DEFAULT_VEHTYPE" speed="12.98" pos="120.50" lane="2/1to2/0_0" slope="0.00"/>
        <vehicle id="12" x="337.48" y="401.65" angle="-90.00" type="DEFAULT_VEHTYPE" speed="12.81" pos="57.77" lane="2/2to1/2_0" slope="0.00"/>
        <vehicle id="13" x="601.65" y="385.34" angle="180.00" type="DEFAULT_VEHTYPE" speed="6.82" pos="180.59" lane="3/1to3/2_0" slope="0.00"/>
        <vehicle id="14" x="401.65" y="174.86" angle="180.00" type="DEFAULT_VEHTYPE" speed="13.64" pos="174.86" lane="2/0to2/1_0" slope="0.00"/>
        <vehicle id="4" x="398.35" y="384.83" angle="0.00" type="DEFAULT_VEHTYPE" speed="10.56" pos="10.42" lane="2/2to2/1_0" slope="0.00"/>
        <vehicle id="5" x="401.65" y="118.14" angle="180.00" type="DEFAULT_VEHTYPE" speed="13.52" pos="118.14" lane="2/0to2/1_0" slope="0.00"/>
        <vehicle id="7" x="469.62" y="198.35" angle="90.00" type="DEFAULT_VEHTYPE" speed="12.88" pos="64.87" lane="2/1to3/1_0" slope="0.00"/>
        <vehicle id="8" x="601.13" y="201.74" angle="130.13" type="DEFAULT_VEHTYPE" speed="7.13" pos="7.25" lane=":3/1_14_0" slope="0.00"/>
        <vehicle id="9" x="398.35" y="441.00" angle="0.00" type="DEFAULT_VEHTYPE" speed="13.61" pos="154.25" lane="2/3to2/2_0" slope="0.00"/>
    </timestep>
    <timestep time="781.00">
        <vehicle id="0" x="209.56" y="401.65" angle="-90.00" type="DEFAULT_VEHTYPE" speed="3.66" pos="185.69" lane="2/2to1/2_0" slope="0.00"/>
        <vehicle id="1" x="525.50" y="401.65" angle="-90.00" type="DEFAULT_VEHTYPE" speed="13.66" pos="69.75" lane="3/2to2/2_0" slope="0.00"/>
        <vehicle id="10" x="445.02" y="401.65" angle="-90.00" type="DEFAULT_VEHTYPE" speed="13.37" pos="150.23" lane="3/2to2/2_0" slope="0.00"/>
        <vehicle id="11" x="398.35" y="62.00" angle="0.00" type="DEFAULT_VEHTYPE" speed="12.76" pos="133.25" lane="2/1to2/0_0" slope="0.00"/>
        <vehicle id="12" x="324.19" y="401.65" angle="-90.00" type="DEFAULT_VEHTYPE" speed="13.28" pos="71.06" lane="2/2to1/2_0" slope="0.00"/>
        <vehicle id="13" x="601.65" y="388.95" angle="180.00" type="DEFAULT_VEHTYPE" speed="3.61" pos="184.20" lane="3/1to3/2_0" slope="0.00"/>
        <vehicle id="14" x="401.65" y="187.91" angle="180.00" type="DEFAULT_VEHTYPE" speed="13.05" pos="187.91" lane="2/0to2/1_0" slope="0.00"/>
        <vehicle id="4" x="398.35" y="372.27" angle="0.00" type="DEFAULT_VEHTYPE" speed="12.56" pos="22.98" lane="2/2to2/1_0" slope="0.00"/>
        <vehicle id="5" x="401.65" y="131.66" angle="180.00" type="DEFAULT_VEHTYPE" speed="13.52" pos="131.66" lane="2/0to2/1_0" slope="0.00"/>
        <vehicle id="7" x="483.34" y="198.35" angle="90.00" type="DEFAULT_VEHTYPE" speed="13.72" pos="78.59" lane="2/1to3/1_0" slope="0.00"/>
        <vehicle id="8" x="601.65" y="210.24" angle="180.00" type="DEFAULT_VEHTYPE" speed="8.56" pos="5.49" lane="3/1to3/2_0" slope="0.00"/>
        <vehicle id="9" x="398.35" y="427.49" angle="0.00" type="DEFAULT_VEHTYPE" speed="13.52" pos="167.76" lane="2/3to2/2_0" slope="0.00"/>
    </timestep>
    <timestep time="782.00">
        <vehicle id="0" x="204.46" y="401.61" angle="-89.53" type="DEFAULT_VEHTYPE" speed="5.10" pos="0.29" lane=":1/2_6_0" slope="0.00"/>
        <vehicle id="1" x="512.03" y="401.65" angle="-90.00" type="DEFAULT_VEHTYPE" speed="13.48" pos="83.22" lane="3/2to2/2_0" slope="0.00"/>
        <vehicle id="10" x="431.28" y="401.65" angle="-90.00" type="DEFAULT_VEHTYPE" speed="13.73" pos="163.97" lane="3/2to2/2_0" slope="0.00"/>
        <vehicle id="11" x="398.35" y="48.66" angle="0.00" type="DEFAULT_VEHTYPE" speed="13.33" pos="146.59" lane="2/1to2/0_0" slope="0.00"/>
        <vehicle id="12" x="311.44" y="401.65" angle="-90.00" type="DEFAULT_VEHTYPE" speed="12.76" pos="83.81" lane="2/2to1/2_0" slope="0.00"/>
        <vehicle id="13" x="601.65" y="393.87" angle="180.00" type="DEFAULT_VEHTYPE" speed="4.92" pos="189.12" lane="3/1to3/2_0" slope="0.00"/>
        <vehicle id="14" x="406.20" y="198.35" angle="111.15" type="DEFAULT_VEHTYPE" speed="13.79" pos="1.45" lane="2/1to3/1_0" slope="0.00"/>
        <vehicle id="4" x="398.35" y="359.53" angle="0.00" type="DEFAULT_VEHTYPE" speed="12.74" pos="35.72" lane="2/2to2/1_0" slope="0.00"/>
        <vehicle id="5" x="401.65" y="144.30" angle="180.00" type="DEFAULT_VEHTYPE" speed="12.64" pos="144.30" lane="2/0to2/1_0" slope="0.00"/>
        <vehicle id="7" x="496.22" y="198.35" angle="90.00" type="DEFAULT_VEHTYPE" speed="12.88" pos="91.47" lane="2/1to3/1_0" slope="0.00"/>
        <vehicle id="8" x="601.65" y="220.39" angle="180.00" type="DEFAULT_VEHTYPE" speed="10.16" pos="15.64" lane="3/1to3/2_0" slope="0.00"/>
        <vehicle id="9" x="398.35" y="413.83" angle="0.00" type="DEFAULT_VEHTYPE" speed="13.66" pos="181.42" lane="2/3to2/2_0" slope="0.00"/>
    </timestep>
    <timestep time="783.00">
        <vehicle id="0" x="198.75" y="398.05" angle="-47.45" type="DEFAULT_VEHTYPE" speed="7.20" pos="7.49" lane=":1/2_6_0" slope="0.00"/>
        <vehicle id="1" x="498.59" y="401.65" angle="-90.00" type="DEFAULT_VEHTYPE" speed="13.44" pos="96.66" lane="3/2to2/2_0" slope="0.00"/>
        <vehicle id="10" x="421.15" y="401.65" angle="-90.00" type="DEFAULT_VEHTYPE" speed="10.13" pos="174.10" lane="3/2to2/2_0" slope="0.00"/>
        <vehicle id="11" x="398.35" y="35.75" angle="0.00" type="DEFAULT_VEHTYPE" speed="12.92" pos="159.50" lane="2/1to2/0_0" slope="0.00"/>
        <vehicle id="12" x="298.00" y="401.65" angle="-90.00" type="DEFAULT_VEHTYPE" speed="13.44" pos="97.25" lane="2/2to1/2_0" slope="0.00"/>
        <vehicle id="13" x="599.64" y="400.30" angle="-156.53" type="DEFAULT_VEHTYPE" speed="7.01" pos="5.64" lane=":3/2_10_0" slope="0.00"/>
        <vehicle id="14" x="419.38" y="198.35" angle="90.00" type="DEFAULT_VEHTYPE" speed="13.18" pos="14.63" lane="2/1to3/1_0" slope="0.00"/>
        <vehicle id="4" x="398.35" y="346.12" angle="0.00" type="DEFAULT_VEHTYPE" speed="13.41" pos="49.13" lane="2/2to2/1_0" slope="0.00"/>
        <vehicle id="5" x="401.65" y="156.91" angle="180.00" type="DEFAULT_VEHTYPE" speed="12.61" pos="156.91" lane="2/0to2/1_0" slope="0.00"/>
        <vehicle id="7" x="510.03" y="198.35" angle="90.00" type="DEFAULT_VEHTYPE" speed="13.82" pos="105.28" lane="2/1to3/1_0" slope="0.00"/>
        <vehicle id="8" x="601.65" y="232.56" angle="180.00" type="DEFAULT_VEHTYPE" speed="12.16" pos="27.81" lane="3/1to3/2_0" slope="0.00"/>
        <vehicle id="9" x="398.35" y="400.89" angle="0.00" type="DEFAULT_VEHTYPE" speed="12.93" pos="3.86" lane=":2/2_1_0" slope="0.00"/>
    </timestep>
    <timestep time="784.00">
        <vehicle id="0" x="198.35" y="388.62" angle="0.00" type="DEFAULT_VEHTYPE" speed="9.46" pos="6.63" lane="1/2to1/1_0" slope="0.00"/>
        <vehicle id="1" x="485.42" y="401.65" angle="-90.00" type="DEFAULT_VEHTYPE" speed="13.17" pos="109.83" lane="3/2to2/2_0" slope="0.00"/>
        <vehicle id="10" x="413.75" y="401.65" angle="-90.00" type="DEFAULT_VEHTYPE" speed="7.40" pos="181.50" lane="3/2to2/2_0" slope="0.00"/>
        <vehicle id="11" x="398.35" y="23.04" angle="0.00" type="DEFAULT_VEHTYPE" speed="12.71" pos="172.21" lane="2/1to2/0_0" slope="0.00"/>
        <vehicle id="12" x="284.64" y="401.65" angle="-90.00" type="DEFAULT_VEHTYPE" speed="13.36" pos="110.61" lane="2/2to1/2_0" slope="0.00"/>
        <vehicle id="13" x="590.68" y="401.65" angle="-90.69" type="DEFAULT_VEHTYPE" speed="9.26" pos="4.57" lane="3/2to2/2_0" slope="0.00"/>
        <vehicle id="14" x="432.78" y="198.35" angle="90.00" type="DEFAULT_VEHTYPE" speed="13.40" pos="28.03" lane="2/1to3/1_0" slope="0.00"/>
        <vehicle id="4" x="398.35" y="333.29" angle="0.00" type="DEFAULT_VEHTYPE" speed="12.82" pos="61.96" lane="2/2to2/1_0" slope="0.00"/>
        <vehicle id="5" x="401.65" y="170.07" angle="180.00" type="DEFAULT_VEHTYPE" speed="13.17" pos="170.07" lane="2/0to2/1_0" slope="0.00"/>
        <vehicle id="7" x="523.33" y="198.35" angle="90.00" type="DEFAULT_VEHTYPE" speed="13.30" pos="118.58" lane="2/1to3/1_0" slope="0.00"/>
        <vehicle id="8" x="601.65" y="246.18" angle="180.00" type="DEFAULT_VEHTYPE" speed="13.63" pos="41.43" lane="3/1to3/2_0" slope="0.00"/>
        <vehicle id="9" x="398.35" y="388.17" angle="0.00" type="DEFAULT_VEHTYPE" speed="12.72" pos="7.08" lane="2/2to2/1_0" slope="0.00"/>
    </timestep>
    <timestep time="785.00">
        <vehicle id="0" x="198.35" y="376.77" angle="0.00" type="DEFAULT_VEHTYPE" speed="11.85" pos="18.48" lane="1/2to1/1_0" slope="0.00"/>
        <vehicle id="1" x="471.90" y="401.65" angle="-90.00" type="DEFAULT_VEHTYPE" speed="13.52" pos="123.35" lane="3/2to2/2_0" slope="0.00"/>
        <vehicle id="10" x="410.26" y="401.65" angle="-90.00" type="DEFAULT_VEHTYPE" speed="3.49" pos="184.99" lane="3/2to2/2_0" slope="0.00"/>
        <vehicle id="11" x="398.35" y="10.07" angle="0.00" type="DEFAULT_VEHTYPE" speed="12.97" pos="185.18" lane="2/1to2/0_0" slope="0.00"/>
        <vehicle id="12" x="270.82" y="401.65" angle="-90.00" type="DEFAULT_VEHTYPE" speed="13.82" pos="124.43" lane="2/2to1/2_0" slope="0.00"/>
        <vehicle id="13" x="579.32" y="401.65" angle="-90.00" type="DEFAULT_VEHTYPE" speed="11.36" pos="15.93" lane="3/2to2/2_0" slope="0.00"/>
        <vehicle id="14" x="445.66" y="198.35" angle="90.00" type="DEFAULT_VEHTYPE" speed="12.87" pos="40.91" lane="2/1to3/1_0" slope="0.00"/>
        <vehicle id="4" x="398.35" y="320.67" angle="0.00" type="DEFAULT_VEHTYPE" speed="12.62" pos="74.58" lane="2/2to2/1_0" slope="0.00"/>
        <vehicle id="5" x="401.65" y="183.93" angle="180.00" type="DEFAULT_VEHTYPE" speed="13.86" pos="183.93" lane="2/0to2/1_0" slope="0.00"/>
        <vehicle id="7" x="536.75" y="198.35" angle="90.00" type="DEFAULT_VEHTYPE" speed="13.42" pos="132.00" lane="2/1to3/1_0" slope="0.00"/>
        <vehicle id="8" x="601.65" y="259.38" angle="180.00" type="DEFAULT_VEHTYPE" speed="13.20" pos="54.63" lane="3/1to3/2_0" slope="0.00"/>
        <vehicle id="9" x="398.35" y="374.91" angle="0.00" type="DEFAULT_VEHTYPE" speed="13.25" pos="20.34" lane="2/2to2/1_0" slope="0.00"/>
    </timestep>
    <timestep time="786.00">
        <vehicle id="0" x="198.35" y="364.02" angle="0.00" type="DEFAULT_VEHTYPE" speed="12.75" pos="31.23" lane="1/2to1/1_0" slope="0.00"/>
        <vehicle id="1" x="459.27" y="401.65" angle="-90.00" type="DEFAULT_VEHTYPE" speed="12.62" pos="135.98" lane="3/2to2/2_0" slope="0.00"/>
        <vehicle id="10" x="404.94" y="401.65" angle="-90.00" type="DEFAULT_VEHTYPE" speed="5.32" pos="190.31" lane="3/2to2/2_0" slope="0.00"/>
        <vehicle id="11" x="400.22" y="-1.54" angle="25.77" type="DEFAULT_VEHTYPE" speed="12.73" pos="2.66" lane=":2/0_0_0" slope="0.00"/>
        <vehicle id="12" x="257.43" y="401.65" angle="-90.00" type="DEFAULT_VEHTYPE" speed="13.39" pos="137.82" lane="2/2to1/2_0" slope="0.00"/>
        <vehicle id="13" x="565.80" y="401.65" angle="-90.00" type="DEFAULT_VEHTYPE" speed="13.52" pos="29.45" lane="3/2to2/2_0" slope="0.00"/>
        <vehicle id="14" x="459.10" y="198.35" angle="90.00" type="DEFAULT_VEHTYPE" speed="13.44" pos="54.35" lane="2/1to3/1_0" slope="0.00"/>
        <vehicle id="4" x="398.35" y="307.51" angle="0.00" type="DEFAULT_VEHTYPE" speed="13.16" pos="87.74" lane="2/2to2/1_0" slope="0.00"/>
        <vehicle id="5" x="402.35" y="197.47" angle="171.78" type="DEFAULT_VEHTYPE" speed="13.68" pos="2.37" lane=":2/1_8_0" slope="0.00"/>
        <vehicle id="7" x="549.59" y="198.35" angle="90.00" type="DEFAULT_VEHTYPE" speed="12.84" pos="144.84" lane="2/1to3/1_0" slope="0.00"/>
        <vehicle id="8" x="601.65" y="273.23" angle="180.00" type="DEFAULT_VEHTYPE" speed="13.85" pos="68.48" lane="3/1to3/2_0" slope="0.00"/>
        <vehicle id="9" x="398.35" y="361.19" angle="0.00" type="DEFAULT_VEHTYPE" speed="13.73" pos="34.06" lane="2/2to2/1_0" slope="0.00"/>
    </timestep>
    <timestep time="787.00">
        <vehicle id="0" x="198.35" y="351.25" angle="0.00" type="DEFAULT_VEHTYPE" speed="12.77" pos="44.00" lane="1/2to1/1_0" slope="0.00"/>
        <vehicle id="1" x="446.06" y="401.65" angle="-90.00" type="DEFAULT_VEHTYPE" speed="13.21" pos="149.19" lane="3/2to2/2_0" slope="0.00"/>
        <vehicle id="10" x="397.48" y="401.65" angle="-90.00" type="DEFAULT_VEHTYPE" speed="7.46" pos="7.27" lane=":2/2_5_0" slope="0.00"/>
        <vehicle id="11" x="401.65" y="11.41" angle="180.00" type="DEFAULT_VEHTYPE" speed="13.57" pos="11.41" lane="2/0to2/1_0" slope="0.00"/>
        <vehicle id="12" x="244.07" y="401.65" angle="-90.00" type="DEFAULT_VEHTYPE" speed="13.36" pos="151.18" lane="2/2to1/2_0" slope="0.00"/>
        <vehicle id="13" x="552.04" y="401.65" angle="-90.00" type="DEFAULT_VEHTYPE" speed="13.76" pos="43.21" lane="3/2to2/2_0" slope="0.00"/>
        <vehicle id="14" x="472.34" y="198.35" angle="90.00" type="DEFAULT_VEHTYPE" speed="13.25" pos="67.59" lane="2/1to3/1_0" slope="0.00"/>
        <vehicle id="4" x="398.35" y="294.13" angle="0.00" type="DEFAULT_VEHTYPE" speed="13.38" pos="101.12" lane="2/2to2/1_0" slope="0.00"/>
        <vehicle id="5" x="414.96" y="198.35" angle="90.00" type="DEFAULT_VEHTYPE" speed="12.84" pos="10.21" lane="2/1to3/1_0" slope="0.00"/>
        <vehicle id="7" x="563.46" y="198.35" angle="90.00" type="DEFAULT_VEHTYPE" speed="13.87" pos="158.71" lane="2/1to3/1_0" slope="0.00"/>
        <vehicle id="8" x="601.65" y="286.99" angle="180.00" type="DEFAULT_VEHTYPE" speed="13.76" pos="82.24" lane="3/1to3/2_0" slope="0.00"/>
        <vehicle id="9" x="398.35" y="347.35" angle="0.00" type="DEFAULT_VEHTYPE" speed="13.83" pos="47.90" lane="2/2to2/1_0" slope="0.00"/>
    </timestep>
    <timestep time="788.00">
        <vehicle id="0" x="198.35" y="338.41" angle="0.00" type="DEFAULT_VEHTYPE" speed="12.84" pos="56.84" lane="1/2to1/1_0" slope="0.00"/>
        <vehicle id="1" x="432.44" y="401.65" angle="-90.00" type="DEFAULT_VEHTYPE" speed="13.62" pos="162.81" lane="3/2to2/2_0" slope="0.00"/>
        <vehicle id="10" x="387.91" y="401.65" angle="-90.00" type="DEFAULT_VEHTYPE" speed="9.57" pos="7.34" lane="2/2to1/2_0" slope="0.00"/>
        <vehicle id="11" x="401.65" y="24.06" angle="180.00" type="DEFAULT_VEHTYPE" speed="12.65" pos="24.06" lane="2/0to2/1_0" slope="0.00"/>
        <vehicle id="12" x="231.23" y="401.65" angle="-90.00" type="DEFAULT_VEHTYPE" speed="12.83" pos="164.02" lane="2/2to1/2_0" slope="0.00"/>
        <vehicle id="13" x="538.59" y="401.65" angle="-90.00" type="DEFAULT_VEHTYPE" speed="13.45" pos="56.66" lane="3/2to2/2_0" slope="0.00"/>
        <vehicle id="14" x="485.26" y="198.35" angle="90.00" type="DEFAULT_VEHTYPE" speed="12.91" pos="80.51" lane="2/1to3/1_0" slope="0.00"/>
        <vehicle id="4" x="398.35" y="281.23" angle="0.00" type="DEFAULT_VEHTYPE" speed="12.90" pos="114.02" lane="2/2to2/1_0" slope="0.00"/>
        <vehicle id="5" x="428.36" y="198.35" angle="90.00" type="DEFAULT_VEHTYPE" speed="13.40" pos="23.61" lane="2/1to3/1_0" slope="0.00"/>
        <vehicle id="7" x="575.52" y="198.35" angle="90.00" type="DEFAULT_VEHTYPE" speed="12.06" pos="170.77" lane="2/1to3/1_0" slope="0.00"/>
        <vehicle id="8" x="601.65" y="299.97" angle="180.00" type="DEFAULT_VEHTYPE" speed="12.98" pos="95.22" lane="3/1to3/2_0" slope="0.00"/>
        <vehicle id="9" x="398.35" y="334.67" angle="0.00" type="DEFAULT_VEHTYPE" speed="12.68" pos="60.58" lane="2/2to2/1_0" slope="0.00"/>
    </timestep>
    <timestep time="789.00">
        <vehicle id="0" x="198.35" y="325.44" angle="0.00" type="DEFAULT_VEHTYPE" speed="12.97" pos="69.81" lane="1/2to1/1_0" slope="0.00"/>
        <vehicle id="1" x="421.33" y="401.65" angle="-90.00" type="DEFAULT_VEHTYPE" speed="11.11" pos="173.92" lane="3/2to2/2_0" slope="0.00"/>
        <vehicle id="10" x="376.64" y="401.65" angle="-90.00" type="DEFAULT_VEHTYPE" speed="11.27" pos="18.61" lane="2/2to1/2_0" slope="0.00"/>
        <vehicle id="11" x="401.65" y="36.93" angle="180.00" type="DEFAULT_VEHTYPE" speed="12.87" pos="36.93" lane="2/0to2/1_0" slope="0.00"/>
        <vehicle id="12" x="220.48" y="401.65" angle="-90.00" type="DEFAULT_VEHTYPE" speed="10.76" pos="174.77" lane="2/2to1/2_0" slope="0.00"/>
        <vehicle id="13" x="525.51" y="401.65" angle="-90.00" type="DEFAULT_VEHTYPE" speed="13.08" pos="69.74" lane="3/2to2/2_0" slope="0.00"/>
        <vehicle id="14" x="498.27" y="198.35" angle="90.00" type="DEFAULT_VEHTYPE" speed="13.02" pos="93.52" lane="2/1to3/1_0" slope="0.00"/>
        <vehicle id="4" x="398.35" y="267.57" angle="0.00" type="DEFAULT_VEHTYPE" speed="13.66" pos="127.68" lane="2/2to2/1_0" slope="0.00"/>
        <vehicle id="5" x="441.31" y="198.35" angle="90.00" type="DEFAULT_VEHTYPE" speed="12.95" pos="36.56" lane="2/1to3/1_0" slope="0.00"/>
        <vehicle id="7" x="584.21" y="198.35" angle="90.00" type="DEFAULT_VEHTYPE" speed="8.69" pos="179.46" lane="2/1to3/1_0" slope="0.00"/>
        <vehicle id="8" x="601.65" y="313.13" angle="180.00" type="DEFAULT_VEHTYPE" speed="13.16" pos="108.38" lane="3/1to3/2_0" slope="0.00"/>
        <vehicle id="9" x="398.35" y="321.93" angle="0.00" type="DEFAULT_VEHTYPE" speed="12.74" pos="73.32" lane="2/2to2/1_0" slope="0.00"/>
    </timestep>
    <timestep time="790.00">
        <vehicle id="0" x="198.35" y="312.74" angle="0.00" type="DEFAULT_VEHTYPE" speed="12.70" pos="82.51" lane="1/2to1/1_0" slope="0.00"/>
        <vehicle id="1" x="414.07" y="401.65" angle="-90.00" type="DEFAULT_VEHTYPE" speed="7.26" pos="181.18" lane="3/2to2/2_0" slope="0.00"/>
        <vehicle id="10" x="363.81" y="401.65" angle="-90.00" type="DEFAULT_VEHTYPE" speed="12.83" pos="31.44" lane="2/2to1/2_0" slope="0.00"/>
        <vehicle id="11" x="401.65" y="50.73" angle="180.00" type="DEFAULT_VEHTYPE" speed="13.80" pos="50.73" lane="2/0to2/1_0" slope="0.00"/>
        <vehicle id="12" x="214.03" y="401.65" angle="-90.00" type="DEFAULT_VEHTYPE" speed="6.44" pos="181.22" lane="2/2to1/2_0" slope="0.00"/>
        <vehicle id="13" x="511.93" y="401.65" angle="-90.00" type="DEFAULT_VEHTYPE" speed="13.58" pos="83.32" lane="3/2to2/2_0" slope="0.00"/>
        <vehicle id="14" x="511.38" y="198.35" angle="90.00" type="DEFAULT_VEHTYPE" speed="13.11" pos="106.63" lane="2/1to3/1_0" slope="0.00"/>
        <vehicle id="4" x="398.35" y="254.36" angle="0.00" type="DEFAULT_VEHTYPE" speed="13.21" pos="140.89" lane="2/2to2/1_0" slope="0.00"/>
        <vehicle id="5" x="454.56" y="198.35" angle="90.00" type="DEFAULT_VEHTYPE" speed="13.25" pos="49.81" lane="2/1to3/1_0" slope="0.00"/>
        <vehicle id="7" x="588.58" y="198.35" angle="90.00" type="DEFAULT_VEHTYPE" speed="4.37" pos="183.83" lane="2/1to3/1_0" slope="0.00"/>
        <vehicle id="8" x="601.65" y="326.04" angle="180.00" type="DEFAULT_VEHTYPE" speed="12.91" pos="121.29" lane="3/1to3/2_0" slope="0.00"/>
        <vehicle id="9" x="398.35" y="308.21" angle="0.00" type="DEFAULT_VEHTYPE" speed="13.73" pos="87.04" lane="2/2to2/1_0" slope="0.00"/>
    </timestep>
    <timestep time="791.00">
        <vehicle id="0" x="198.35" y="299.32" angle="0.00" type="DEFAULT_VEHTYPE" speed="13.41" pos="95.93" lane="1/2to1/1_0" slope="0.00"/>
        <vehicle id="1" x="410.52" y="401.65" angle="-90.00" type="DEFAULT_VEHTYPE" speed="3.55" pos="184.73" lane="3/2to2/2_0" slope="0.00"/>
        <vehicle id="10" x="350.51" y="401.65" angle="-90.00" type="DEFAULT_VEHTYPE" speed="13.30" pos="44.74" lane="2/2to1/2_0" slope="0.00"/>
        <vehicle id="11" x="401.65" y="64.34" angle="180.00" type="DEFAULT_VEHTYPE" speed="13.61" pos="64.34" lane="2/0to2/1_0" slope="0.00"/>
        <vehicle id="12" x="209.65" y="401.65" angle="-90.00" type="DEFAULT_VEHTYPE" speed="4.39" pos="185.60" lane="2/2to1/2_0" slope="0.00"/>
        <vehicle id="13" x="498.33" y="401.65" angle="-90.00" type="DEFAULT_VEHTYPE" speed="13.60" pos="96.92" lane="3/2to2/2_0" slope="0.00"/>
        <vehicle id="14" x="524.32" y="198.35" angle="90.00" type="DEFAULT_VEHTYPE" speed="12.94" pos="119.57" lane="2/1to3/1_0" slope="0.00"/>
        <vehicle id="4" x="398.35" y="240.78" angle="0.00" type="DEFAULT_VEHTYPE" speed="13.57" pos="154.47" lane="2/2to2/1_0" slope="0.00"/>
        <vehicle id="5" x="467.24" y="198.35" angle="90.00" type="DEFAULT_VEHTYPE" speed="12.68" pos="62.49" lane="2/1to3/1_0" slope="0.00"/>
        <vehicle id="7" x="594.89" y="198.35" angle="90.00" type="DEFAULT_VEHTYPE" speed="6.31" pos="190.14" lane="2/1to3/1_0" slope="0.00"/>
        <vehicle id="8" x="601.65" y="339.29" angle="180.00" type="DEFAULT_VEHTYPE" speed="13.24" pos="134.54" lane="3/1to3/2_0" slope="0.00"/>
        <vehicle id="9" x="398.35" y="294.78" angle="0.00" type="DEFAULT_VEHTYPE" speed="13.43" pos="100.47" lane="2/2to2/1_0" slope="0.00"/>
    </timestep>
    <timestep time="792.00">
        <vehicle id="0" x="198.35" y="285.66" angle="0.00" type="DEFAULT_VEHTYPE" speed="13.66" pos="109.59" lane="1/2to1/1_0" slope="0.00"/>
        <vehicle id="1" x="404.48" y="401.61" angle="-89.56" type="DEFAULT_VEHTYPE" speed="6.04" pos="0.27" lane=":2/2_6_0" slope="0.00"/>
        <vehicle id="10" x="337.20" y="401.65" angle="-90.00" type="DEFAULT_VEHTYPE" speed="13.31" pos="58.05" lane="2/2to1/2_0" slope="0.00"/>
        <vehicle id="11" x="401.65" y="78.19" angle="180.00" type="DEFAULT_VEHTYPE" speed="13.85" pos="78.19" lane="2/0to2/1_0" slope="0.00"/>
        <vehicle id="12" x="203.41" y="401.46" angle="-87.80" type="DEFAULT_VEHTYPE" speed="6.25" pos="1.36" lane=":1/2_6_0" slope="0.00"/>
        <vehicle id="13" x="484.48" y="401.65" angle="-90.00" type="DEFAULT_VEHTYPE" speed="13.85" pos="110.77" lane="3/2to2/2_0" slope="0.00"/>
        <vehicle id="14" x="538.22" y="198.35" angle="90.00" type="DEFAULT_VEHTYPE" speed="13.90" pos="133.47" lane="2/1to3/1_0" slope="0.00"/>
        <vehicle id="4" x="398.35" y="227.17" angle="0.00" type="DEFAULT_VEHTYPE" speed="13.61" pos="168.08" lane="2/2to2/1_0" slope="0.00"/>
        <vehicle id="5" x="479.85" y="198.35" angle="90.00" type="DEFAULT_VEHTYPE" speed="12.61" pos="75.10" lane="2/1to3/1_0" slope="0.00"/>
        <vehicle id="7" x="601.18" y="201.84" angle="131.28" type="DEFAULT_VEHTYPE" speed="7.73" pos="7.36" lane=":3/1_14_0" slope="0.00"/>
        <vehicle id="8" x="601.65" y="352.54" angle="180.00" type="DEFAULT_VEHTYPE" speed="13.25" pos="147.79" lane="3/1to3/2_0" slope="0.00"/>
        <vehicle id="9" x="398.35" y="281.02" angle="0.00" type="DEFAULT_VEHTYPE" speed="13.76" pos="114.23" lane="2/2to2/1_0" slope="0.00"/>
    </timestep>
    <timestep time="793.00">
        <vehicle id="0" x="198.35" y="272.68" angle="0.00" type="DEFAULT_VEHTYPE" speed="12.98" pos="122.57" lane="1/2to1/1_0" slope="0.00"/>
        <vehicle id="1" x="398.62" y="397.16" angle="-36.83" type="DEFAULT_VEHTYPE" speed="8.12" pos="8.39" lane=":2/2_6_0" slope="0.00"/>
        <vehicle id="10" x="324.53" y="401.65" angle="-90.00" type="DEFAULT_VEHTYPE" speed="12.67" pos="70.72" lane="2/2to1/2_0" slope="0.00"/>
        <vehicle id="11" x="401.65" y="92.06" angle="180.00" type="DEFAULT_VEHTYPE" speed="13.87" pos="92.06" lane="2/0to2/1_0" slope="0.00"/>
        <vehicle id="12" x="198.41" y="395.70" angle="-21.70" type="DEFAULT_VEHTYPE" speed="8.51" pos="9.86" lane=":1/2_6_0" slope="0.00"/>
        <vehicle id="13" x="470.82" y="401.65" angle="-90.00" type="DEFAULT_VEHTYPE" speed="13.67" pos="124.43" lane="3/2to2/2_0" slope="0.00"/>
        <vehicle id="14" x="551.00" y="198.35" angle="90.00" type="DEFAULT_VEHTYPE" speed="12.78" pos="146.25" lane="2/1to3/1_0" slope="0.00"/>
        <vehicle id="4" x="398.35" y="214.49" angle="0.00" type="DEFAULT_VEHTYPE" speed="12.68" pos="180.76" lane="2/2to2/1_0" slope="0.00"/>
        <vehicle id="5" x="493.15" y="198.35" angle="90.00" type="DEFAULT_VEHTYPE" speed="13.29" pos="88.40" lane="2/1to3/1_0" slope="0.00"/>
        <vehicle id="7" x="601.65" y="211.72" angle="180.00" type="DEFAULT_VEHTYPE" speed="9.92" pos="6.97" lane="3/1to3/2_0" slope="0.00"/>
        <vehicle id="8" x="601.65" y="366.31" angle="180.00" type="DEFAULT_VEHTYPE" speed="13.78" pos="161.56" lane="3/1to3/2_0" slope="0.00"/>
        <vehicle id="9" x="398.35" y="267.66" angle="0.00" type="DEFAULT_VEHTYPE" speed="13.37" pos="127.59" lane="2/2to2/1_0" slope="0.00"/>
    </timestep>
    <timestep time="794.00">
        <vehicle id="0" x="198.35" y="259.24" angle="0.00" type="DEFAULT_VEHTYPE" speed="13.44" pos="136.01" lane="1/2to1/1_0" slope="0.00"/>
        <vehicle id="1" x="398.35" y="386.59" angle="0.00" type="DEFAULT_VEHTYPE" speed="10.59" pos="8.66" lane="2/2to2/1_0" slope="0.00"/>
        <vehicle id="10" x="310.73" y="401.65" angle="-90.00" type="DEFAULT_VEHTYPE" speed="13.81" pos="84.52" lane="2/2to1/2_0" slope="0.00"/>
        <vehicle id="11" x="401.65" y="104.94" angle="180.00" type="DEFAULT_VEHTYPE" speed="12.87" pos="104.94" lane="2/0to2/1_0" slope="0.00"/>
        <vehicle id="12" x="198.35" y="385.56" angle="0.00" type="DEFAULT_VEHTYPE" speed="10.15" pos="9.69" lane="1/2to1/1_0" slope="0.00"/>
        <vehicle id="13" x="457.34" y="401.65" angle="-90.00" type="DEFAULT_VEHTYPE" speed="13.48" pos="137.91" lane="3/2to2/2_0" slope="0.00"/>
        <vehicle id="14" x="564.73" y="198.35" angle="90.00" type="DEFAULT_VEHTYPE" speed="13.73" pos="159.98" lane="2/1to3/1_0" slope="0.00"/>
        <vehicle id="4" x="398.35" y="201.45" angle="0.00" type="DEFAULT_VEHTYPE" speed="13.04" pos="3.30" lane=":2/1_1_0" slope="0.00"/>
        <vehicle id="5" x="506.21" y="198.35" angle="90.00" type="DEFAULT_VEHTYPE" speed="13.06" pos="101.46" lane="2/1to3/1_0" slope="0.00"/>
        <vehicle id="7" x="601.65" y="224.22" angle="180.00" type="DEFAULT_VEHTYPE" speed="12.51" pos="19.47" lane="3/1to3/2_0" slope="0.00"/>
        <vehicle id="8" x="601.65" y="376.65" angle="180.00" type="DEFAULT_VEHTYPE" speed="10.34" pos="171.90" lane="3/1to3/2_0" slope="0.00"/>
        <vehicle id="9" x="398.35" y="253.92" angle="0.00" type="DEFAULT_VEHTYPE" speed="13.74" pos="141.33" lane="2/2to2/1_0" slope="0.00"/>
    </timestep>
    <timestep time="795.00">
        <vehicle id="0" x="198.35" y="245.67" angle="0.00" type="DEFAULT_VEHTYPE" speed="13.57" pos="149.58" lane="1/2to1/1_0" slope="0.00"/>
        <vehicle id="1" x="398.35" y="373.89" angle="0.00" type="DEFAULT_VEHTYPE" speed="12.69" pos="21.36" lane="2/2to2/1_0" slope="0.00"/>
        <vehicle id="10" x="297.64" y="401.65" angle="-90.00" type="DEFAULT_VEHTYPE" speed="13.09" pos="97.61" lane="2/2to1/2_0" slope="0.00"/>
        <vehicle id="11" x="401.65" y="118.50" angle="180.00" type="DEFAULT_VEHTYPE" speed="13.57" pos="118.50" lane="2/0to2/1_0" slope="0.00"/>
        <vehicle id="12" x="198.35" y="373.11" angle="0.00" type="DEFAULT_VEHTYPE" speed="12.44" pos="22.14" lane="1/2to1/1_0" slope="0.00"/>
        <vehicle id="13" x="444.03" y="401.65" angle="-90.00" type="DEFAULT_VEHTYPE" speed="13.30" pos="151.22" lane="3/2to2/2_0" slope="0.00"/>
        <vehicle id="14" x="576.04" y="198.35" angle="90.00" type="DEFAULT_VEHTYPE" speed="11.31" pos="171.29" lane="2/1to3/1_0" slope="0.00"/>
        <vehicle id="4" x="398.35" y="187.69" angle="0.00" type="DEFAULT_VEHTYPE" speed="13.76" pos="7.56" lane="2/1to2/0_0" slope="0.00"/>
        <vehicle id="5" x="519.65" y="198.35" angle="90.00" type="DEFAULT_VEHTYPE" speed="13.45" pos="114.90" lane="2/1to3/1_0" slope="0.00"/>
        <vehicle id="7" x="601.65" y="237.61" angle="180.00" type="DEFAULT_VEHTYPE" speed="13.39" pos="32.86" lane="3/1to3/2_0" slope="0.00"/>
        <vehicle id="8" x="601.65" y="383.93" angle="180.00" type="DEFAULT_VEHTYPE" speed="7.28" pos="179.18" lane="3/1to3/2_0" slope="0.00"/>
        <vehicle id="9" x="398.35" y="241.06" angle="0.00" type="DEFAULT_VEHTYPE" speed="12.86" pos="154.19" lane="2/2to2/1_0" slope="0.00"/>
    </timestep>
    <timestep time="796.00">
        <vehicle id="0" x="198.35" y="231.99" angle="0.00" type="DEFAULT_VEHTYPE" speed="13.68" pos="163.26" lane="1/2to1/1_0" slope="0.00"/>
        <vehicle id="1" x="398.35" y="360.18" angle="0.00" type="DEFAULT_VEHTYPE" speed="13.72" pos="35.07" lane="2/2to2/1_0" slope="0.00"/>
        <vehicle id="10" x="283.76" y="401.65" angle="-90.00" type="DEFAULT_VEHTYPE" speed="13.87" pos="111.49" lane="2/2to1/2_0" slope="0.00"/>
        <vehicle id="11" x="401.65" y="131.91" angle="180.00" type="DEFAULT_VEHTYPE" speed="13.41" pos="131.91" lane="2/0to2/1_0" slope="0.00"/>
        <vehicle id="12" x="198.35" y="359.80" angle="0.00" type="DEFAULT_VEHTYPE" speed="13.32" pos="35.45" lane="1/2to1/1_0" slope="0.00"/>
        <vehicle id="13" x="431.42" y="401.65" angle="-90.00" type="DEFAULT_VEHTYPE" speed="12.62" pos="163.83" lane="3/2to2/2_0" slope="0.00"/>
        <vehicle id="14" x="584.11" y="198.35" angle="90.00" type="DEFAULT_VEHTYPE" speed="8.07" pos="179.36" lane="2/1to3/1_0" slope="0.00"/>
        <vehicle id="4" x="398.35" y="174.20" angle="0.00" type="DEFAULT_VEHTYPE" speed="13.49" pos="21.05" lane="2/1to2/0_0" slope="0.00"/>
        <vehicle id="5" x="532.47" y="198.35" angle="90.00" type="DEFAULT_VEHTYPE" speed="12.81" pos="127.72" lane="2/1to3/1_0" slope="0.00"/>
        <vehicle id="7" x="601.65" y="251.09" angle="180.00" type="DEFAULT_VEHTYPE" speed="13.48" pos="46.34" lane="3/1to3/2_0" slope="0.00"/>
        <vehicle id="8" x="601.65" y="389.16" angle="180.00" type="DEFAULT_VEHTYPE" speed="5.23" pos="184.41" lane="3/1to3/2_0" slope="0.00"/>
        <vehicle id="9" x="398.35" y="227.54" angle="0.00" type="DEFAULT_VEHTYPE" speed="13.52" pos="167.71" lane="2/2to2/1_0" slope="0.00"/>
    </timestep>
    <timestep time="797.00">
        <vehicle id="0" x="198.35" y="218.73" angle="0.00" type="DEFAULT_VEHTYPE" speed="13.26" pos="176.52" lane="1/2to1/1_0" slope="0.00"/>
        <vehicle id="1" x="398.35" y="347.37" angle="0.00" type="DEFAULT_VEHTYPE" speed="12.81" pos="47.88" lane="2/2to2/1_0" slope="0.00"/>
        <vehicle id="10" x="270.45" y="401.65" angle="-90.00" type="DEFAULT_VEHTYPE" speed="13.31" pos="124.80" lane="2/2to1/2_0" slope="0.00"/>
        <vehicle id="11" x="401.65" y="145.65" angle="180.00" type="DEFAULT_VEHTYPE" speed="13.74" pos="145.65" lane="2/0to2/1_0" slope="0.00"/>
        <vehicle id="12" x="198.35" y="347.05" angle="0.00" type="DEFAULT_VEHTYPE" speed="12.75" pos="48.20" lane="1/2to1/1_0" slope="0.00"/>
        <vehicle id="13" x="421.28" y="401.65" angle="-90.00" type="DEFAULT_VEHTYPE" speed="10.14" pos="173.97" lane="3/2to2/2_0" slope="0.00"/>
        <vehicle id="14" x="589.09" y="198.35" angle="90.00" type="DEFAULT_VEHTYPE" speed="4.98" pos="184.34" lane="2/1to3/1_0" slope="0.00"/>
        <vehicle id="4" x="398.35" y="160.59" angle="0.00" type="DEFAULT_VEHTYPE" speed="13.61" pos="34.66" lane="2/1to2/0_0" slope="0.00"/>
        <vehicle id="5" x="545.76" y="198.35" angle="90.00" type="DEFAULT_VEHTYPE" speed="13.29" pos="141.01" lane="2/1to3/1_0" slope="0.00"/>
        <vehicle id="7" x="601.65" y="264.15" angle="180.00" type="DEFAULT_VEHTYPE" speed="13.06" pos="59.40" lane="3/1to3/2_0" slope="0.00"/>
        <vehicle id="8" x="601.57" y="395.78" angle="-179.13" type="DEFAULT_VEHTYPE" speed="6.63" pos="0.54" lane=":3/2_10_0" slope="0.00"/>
        <vehicle id="9" x="398.35" y="213.94" angle="0.00" type="DEFAULT_VEHTYPE" speed="13.60" pos="181.31" lane="2/2to2/1_0" slope="0.00"/>
    </timestep>
    <timestep time="798.00">
        <vehicle id="0" x="198.35" y="205.08" angle="0.00" type="DEFAULT_VEHTYPE" speed="13.65" pos="190.17" lane="1/2to1/1_0" slope="0.00"/>
        <vehicle id="1" x="398.35" y="334.67" angle="0.00" type="DEFAULT_VEHTYPE" speed="12.69" pos="60.58" lane="2/2to2/1_0" slope="0.00"/>
        <vehicle id="10" x="257.77" y="401.65" angle="-90.00" type="DEFAULT_VEHTYPE" speed="12.68" pos="137.48" lane="2/2to1/2_0" slope="0.00"/>
        <vehicle id="11" x="401.65" y="159.06" angle="180.00" type="DEFAULT_VEHTYPE" speed="13.41" pos="159.06" lane="2/0to2/1_0" slope="0.00"/>
        <vehicle id="12" x="198.35" y="334.12" angle="0.00" type="DEFAULT_VEHTYPE" speed="12.93" pos="61.13" lane="1/2to1/1_0" slope="0.00"/>
        <vehicle id="13" x="414.55" y="401.65" angle="-90.00" type="DEFAULT_VEHTYPE" speed="6.73" pos="180.70" lane="3/2to2/2_0" slope="0.00"/>
        <vehicle id="14" x="595.50" y="198.35" angle="90.00" type="DEFAULT_VEHTYPE" speed="6.41" pos="0.25" lane=":3/1_13_0" slope="0.00"/>
        <vehicle id="4" x="398.35" y="147.24" angle="0.00" type="DEFAULT_VEHTYPE" speed="13.35" pos="48.01" lane="2/1to2/0_0" slope="0.00"/>
        <vehicle id="5" x="558.60" y="198.35" angle="90.00" type="DEFAULT_VEHTYPE" speed="12.84" pos="153.85" lane="2/1to3/1_0" slope="0.00"/>
        <vehicle id="7" x="601.65" y="277.89" angle="180.00" type="DEFAULT_VEHTYPE" speed="13.74" pos="73.14" lane="3/1to3/2_0" slope="0.00"/>
        <vehicle id="8" x="596.36" y="401.49" angle="-118.39" type="DEFAULT_VEHTYPE" speed="8.66" pos="2.06" lane=":3/2_18_0" slope="0.00"/>
        <vehicle id="9" x="396.64" y="201.86" angle="-21.65" type="DEFAULT_VEHTYPE" speed="12.78" pos="3.59" lane=":2/1_0_0" slope="0.00"/>
    </timestep>
    <timestep time="799.00">
        <vehicle id="0" x="186.85" y="201.65" angle="-90.00" type="DEFAULT_VEHTYPE" speed="13.73" pos="8.40" lane="1/1to0/1_0" slope="0.00"/>
        <vehicle id="1" x="398.35" y="321.24" angle="0.00" type="DEFAULT_VEHTYPE" speed="13.43" pos="74.01" lane="2/2to2/1_0" slope="0.00"/>
        <vehicle id="10" x="244.60" y="401.65" angle="-90.00" type="DEFAULT_VEHTYPE" speed="13.17" pos="150.65" lane="2/2to1/2_0" slope="0.00"/>
        <vehicle id="11" x="401.65" y="171.70" angle="180.00" type="DEFAULT_VEHTYPE" speed="12.63" pos="171.70" lane="2/0to2/1_0" slope="0.00"/>
        <vehicle id="12" x="198.35" y="321.06" angle="0.00" type="DEFAULT_VEHTYPE" speed="13.06" pos="74.19" lane="1/2to1/1_0" slope="0.00"/>
        <vehicle id="13" x="409.87" y="401.65" angle="-90.00" type="DEFAULT_VEHTYPE" speed="4.68" pos="185.38" lane="3/2to2/2_0" slope="0.00"/>
        <vehicle id="14" x="604.39" y="198.35" angle="90.00" type="DEFAULT_VEHTYPE" speed="8.89" pos="9.14" lane=":3/1_13_0" slope="0.00"/>
        <vehicle id="4" x="398.35" y="134.56" angle="0.00" type="DEFAULT_VEHTYPE" speed="12.68" pos="60.69" lane="2/1to2/0_0" slope="0.00"/>
        <vehicle id="5" x="570.91" y="198.35" angle="90.00" type="DEFAULT_VEHTYPE" speed="12.31" pos="166.16" lane="2/1to3/1_0" slope="0.00"/>
        <vehicle id="7" x="601.65" y="290.60" angle="180.00" type="DEFAULT_VEHTYPE" speed="12.70" pos="85.85" lane="3/1to3/2_0" slope="0.00"/>
        <vehicle id="8" x="585.12" y="401.65" angle="-90.00" type="DEFAULT_VEHTYPE" speed="11.25" pos="10.13" lane="3/2to2/2_0" slope="0.00"/>
        <vehicle id="9" x="383.00" y="201.65" angle="-90.00" type="DEFAULT_VEHTYPE" speed="13.66" pos="12.25" lane="2/1to1/1_0" slope="0.00"/>
    </timestep>
</fcd-export>
