<?xml version="1.0" encoding="UTF-8"?>

<!-- generated on Thu Oct 31 13:26:35 2013 by SUMO sumo Version 0.18.0
<?xml version="1.0" encoding="UTF-8"?>

<configuration xmlns:xsi="http://www.w3.org/2001/XMLSchema-instance" xsi:noNamespaceSchemaLocation="http://sumo.sf.net/xsd/sumoConfiguration.xsd">

    <input>
        <net-file value="test.net.xml"/>
        <route-files value="test.rou.xml"/>
        <additional-files value="test.rerouter.xml"/>
    </input>

    <output>
        <fcd-output value="test-25.fcd.xml"/>
        <save-state.prefix value="state"/>
    </output>

    <time>
        <begin value="0"/>
        <end value="800"/>
    </time>

    <gui_only>
        <gui-settings-file value="test.settings.xml"/>
    </gui_only>

</configuration>
-->

<fcd-export>
    <timestep time="0.00">
        <vehicle id="0" x="794.90" y="601.65" angle="-90.00" type="DEFAULT_VEHTYPE" speed="0.00" pos="5.10" lane="4/3to3/3_0" slope="0.00"/>
    </timestep>
    <timestep time="1.00">
        <vehicle id="0" x="793.46" y="601.65" angle="-90.00" type="DEFAULT_VEHTYPE" speed="1.44" pos="6.54" lane="4/3to3/3_0" slope="0.00"/>
        <vehicle id="1" x="390.15" y="601.65" angle="-90.00" type="DEFAULT_VEHTYPE" speed="0.00" pos="5.10" lane="2/3to1/3_0" slope="0.00"/>
    </timestep>
    <timestep time="2.00">
        <vehicle id="0" x="790.34" y="601.65" angle="-90.00" type="DEFAULT_VEHTYPE" speed="3.12" pos="9.66" lane="4/3to3/3_0" slope="0.00"/>
        <vehicle id="1" x="387.61" y="601.65" angle="-90.00" type="DEFAULT_VEHTYPE" speed="2.54" pos="7.64" lane="2/3to1/3_0" slope="0.00"/>
        <vehicle id="2" x="190.15" y="201.65" angle="-90.00" type="DEFAULT_VEHTYPE" speed="0.00" pos="5.10" lane="1/1to0/1_0" slope="0.00"/>
    </timestep>
    <timestep time="3.00">
        <vehicle id="0" x="785.27" y="601.65" angle="-90.00" type="DEFAULT_VEHTYPE" speed="5.08" pos="14.73" lane="4/3to3/3_0" slope="0.00"/>
        <vehicle id="1" x="383.24" y="601.65" angle="-90.00" type="DEFAULT_VEHTYPE" speed="4.37" pos="12.01" lane="2/3to1/3_0" slope="0.00"/>
        <vehicle id="2" x="187.61" y="201.65" angle="-90.00" type="DEFAULT_VEHTYPE" speed="2.54" pos="7.64" lane="1/1to0/1_0" slope="0.00"/>
        <vehicle id="3" x="398.35" y="390.15" angle="0.00" type="DEFAULT_VEHTYPE" speed="0.00" pos="5.10" lane="2/2to2/1_0" slope="0.00"/>
    </timestep>
    <timestep time="4.00">
        <vehicle id="0" x="778.56" y="601.65" angle="-90.00" type="DEFAULT_VEHTYPE" speed="6.71" pos="21.44" lane="4/3to3/3_0" slope="0.00"/>
        <vehicle id="1" x="376.58" y="601.65" angle="-90.00" type="DEFAULT_VEHTYPE" speed="6.65" pos="18.67" lane="2/3to1/3_0" slope="0.00"/>
        <vehicle id="2" x="183.17" y="201.65" angle="-90.00" type="DEFAULT_VEHTYPE" speed="4.43" pos="12.08" lane="1/1to0/1_0" slope="0.00"/>
        <vehicle id="3" x="398.35" y="388.52" angle="0.00" type="DEFAULT_VEHTYPE" speed="1.63" pos="6.73" lane="2/2to2/1_0" slope="0.00"/>
        <vehicle id="4" x="390.15" y="601.65" angle="-90.00" type="DEFAULT_VEHTYPE" speed="0.00" pos="5.10" lane="2/3to1/3_0" slope="0.00"/>
    </timestep>
    <timestep time="5.00">
        <vehicle id="0" x="769.25" y="601.65" angle="-90.00" type="DEFAULT_VEHTYPE" speed="9.30" pos="30.75" lane="4/3to3/3_0" slope="0.00"/>
        <vehicle id="1" x="367.94" y="601.65" angle="-90.00" type="DEFAULT_VEHTYPE" speed="8.65" pos="27.31" lane="2/3to1/3_0" slope="0.00"/>
        <vehicle id="2" x="176.73" y="201.65" angle="-90.00" type="DEFAULT_VEHTYPE" speed="6.45" pos="18.52" lane="1/1to0/1_0" slope="0.00"/>
        <vehicle id="3" x="398.35" y="385.02" angle="0.00" type="DEFAULT_VEHTYPE" speed="3.50" pos="10.23" lane="2/2to2/1_0" slope="0.00"/>
        <vehicle id="4" x="388.42" y="601.65" angle="-90.00" type="DEFAULT_VEHTYPE" speed="1.73" pos="6.83" lane="2/3to1/3_0" slope="0.00"/>
        <vehicle id="5" x="401.65" y="609.85" angle="180.00" type="DEFAULT_VEHTYPE" speed="0.00" pos="5.10" lane="2/3to2/4_0" slope="0.00"/>
    </timestep>
    <timestep time="6.00">
        <vehicle id="0" x="757.69" y="601.65" angle="-90.00" type="DEFAULT_VEHTYPE" speed="11.56" pos="42.31" lane="4/3to3/3_0" slope="0.00"/>
        <vehicle id="1" x="357.83" y="601.65" angle="-90.00" type="DEFAULT_VEHTYPE" speed="10.11" pos="37.42" lane="2/3to1/3_0" slope="0.00"/>
        <vehicle id="2" x="168.10" y="201.65" angle="-90.00" type="DEFAULT_VEHTYPE" speed="8.63" pos="27.15" lane="1/1to0/1_0" slope="0.00"/>
        <vehicle id="3" x="398.35" y="379.82" angle="0.00" type="DEFAULT_VEHTYPE" speed="5.21" pos="15.43" lane="2/2to2/1_0" slope="0.00"/>
        <vehicle id="4" x="384.18" y="601.65" angle="-90.00" type="DEFAULT_VEHTYPE" speed="4.25" pos="11.07" lane="2/3to1/3_0" slope="0.00"/>
        <vehicle id="5" x="401.65" y="612.39" angle="180.00" type="DEFAULT_VEHTYPE" speed="2.54" pos="7.64" lane="2/3to2/4_0" slope="0.00"/>
        <vehicle id="6" x="209.85" y="398.35" angle="90.00" type="DEFAULT_VEHTYPE" speed="0.00" pos="5.10" lane="1/2to2/2_0" slope="0.00"/>
    </timestep>
    <timestep time="7.00">
        <vehicle id="0" x="744.46" y="601.65" angle="-90.00" type="DEFAULT_VEHTYPE" speed="13.23" pos="55.54" lane="4/3to3/3_0" slope="0.00"/>
        <vehicle id="1" x="345.94" y="601.65" angle="-90.00" type="DEFAULT_VEHTYPE" speed="11.88" pos="49.31" lane="2/3to1/3_0" slope="0.00"/>
        <vehicle id="2" x="158.09" y="201.65" angle="-90.00" type="DEFAULT_VEHTYPE" speed="10.01" pos="37.16" lane="1/1to0/1_0" slope="0.00"/>
        <vehicle id="3" x="398.35" y="373.08" angle="0.00" type="DEFAULT_VEHTYPE" speed="6.73" pos="22.17" lane="2/2to2/1_0" slope="0.00"/>
        <vehicle id="4" x="377.73" y="601.65" angle="-90.00" type="DEFAULT_VEHTYPE" speed="6.45" pos="17.52" lane="2/3to1/3_0" slope="0.00"/>
        <vehicle id="5" x="401.65" y="616.38" angle="180.00" type="DEFAULT_VEHTYPE" speed="3.99" pos="11.63" lane="2/3to2/4_0" slope="0.00"/>
        <vehicle id="6" x="211.93" y="398.35" angle="90.00" type="DEFAULT_VEHTYPE" speed="2.08" pos="7.18" lane="1/2to2/2_0" slope="0.00"/>
        <vehicle id="7" x="401.65" y="5.10" angle="180.00" type="DEFAULT_VEHTYPE" speed="0.00" pos="5.10" lane="2/0to2/1_0" slope="0.00"/>
    </timestep>
    <timestep time="8.00">
        <vehicle id="0" x="731.27" y="601.65" angle="-90.00" type="DEFAULT_VEHTYPE" speed="13.19" pos="68.73" lane="4/3to3/3_0" slope="0.00"/>
        <vehicle id="1" x="332.09" y="601.65" angle="-90.00" type="DEFAULT_VEHTYPE" speed="13.86" pos="63.16" lane="2/3to1/3_0" slope="0.00"/>
        <vehicle id="2" x="145.87" y="201.65" angle="-90.00" type="DEFAULT_VEHTYPE" speed="12.22" pos="49.38" lane="1/1to0/1_0" slope="0.00"/>
        <vehicle id="3" x="398.35" y="364.74" angle="0.00" type="DEFAULT_VEHTYPE" speed="8.34" pos="30.51" lane="2/2to2/1_0" slope="0.00"/>
        <vehicle id="4" x="368.99" y="601.65" angle="-90.00" type="DEFAULT_VEHTYPE" speed="8.74" pos="26.26" lane="2/3to1/3_0" slope="0.00"/>
        <vehicle id="5" x="401.65" y="622.76" angle="180.00" type="DEFAULT_VEHTYPE" speed="6.38" pos="18.01" lane="2/3to2/4_0" slope="0.00"/>
        <vehicle id="6" x="215.38" y="398.35" angle="90.00" type="DEFAULT_VEHTYPE" speed="3.44" pos="10.63" lane="1/2to2/2_0" slope="0.00"/>
        <vehicle id="7" x="401.65" y="7.66" angle="180.00" type="DEFAULT_VEHTYPE" speed="2.56" pos="7.66" lane="2/0to2/1_0" slope="0.00"/>
        <vehicle id="8" x="398.35" y="190.15" angle="0.00" type="DEFAULT_VEHTYPE" speed="0.00" pos="5.10" lane="2/1to2/0_0" slope="0.00"/>
    </timestep>
    <timestep time="9.00">
        <vehicle id="0" x="718.26" y="601.65" angle="-90.00" type="DEFAULT_VEHTYPE" speed="13.01" pos="81.74" lane="4/3to3/3_0" slope="0.00"/>
        <vehicle id="1" x="318.35" y="601.65" angle="-90.00" type="DEFAULT_VEHTYPE" speed="13.73" pos="76.90" lane="2/3to1/3_0" slope="0.00"/>
        <vehicle id="2" x="132.14" y="201.65" angle="-90.00" type="DEFAULT_VEHTYPE" speed="13.74" pos="63.11" lane="1/1to0/1_0" slope="0.00"/>
        <vehicle id="3" x="398.35" y="354.33" angle="0.00" type="DEFAULT_VEHTYPE" speed="10.41" pos="40.92" lane="2/2to2/1_0" slope="0.00"/>
        <vehicle id="4" x="358.08" y="601.65" angle="-90.00" type="DEFAULT_VEHTYPE" speed="10.91" pos="37.17" lane="2/3to1/3_0" slope="0.00"/>
        <vehicle id="5" x="401.65" y="630.48" angle="180.00" type="DEFAULT_VEHTYPE" speed="7.73" pos="25.73" lane="2/3to2/4_0" slope="0.00"/>
        <vehicle id="6" x="221.07" y="398.35" angle="90.00" type="DEFAULT_VEHTYPE" speed="5.70" pos="16.32" lane="1/2to2/2_0" slope="0.00"/>
        <vehicle id="7" x="401.65" y="12.53" angle="180.00" type="DEFAULT_VEHTYPE" speed="4.87" pos="12.53" lane="2/0to2/1_0" slope="0.00"/>
        <vehicle id="8" x="398.35" y="187.77" angle="0.00" type="DEFAULT_VEHTYPE" speed="2.38" pos="7.48" lane="2/1to2/0_0" slope="0.00"/>
        <vehicle id="9" x="201.65" y="409.85" angle="180.00" type="DEFAULT_VEHTYPE" speed="0.00" pos="5.10" lane="1/2to1/3_0" slope="0.00"/>
    </timestep>
    <timestep time="10.00">
        <vehicle id="0" x="705.42" y="601.65" angle="-90.00" type="DEFAULT_VEHTYPE" speed="12.84" pos="94.58" lane="4/3to3/3_0" slope="0.00"/>
        <vehicle id="1" x="305.32" y="601.65" angle="-90.00" type="DEFAULT_VEHTYPE" speed="13.03" pos="89.93" lane="2/3to1/3_0" slope="0.00"/>
        <vehicle id="2" x="119.17" y="201.65" angle="-90.00" type="DEFAULT_VEHTYPE" speed="12.97" pos="76.08" lane="1/1to0/1_0" slope="0.00"/>
        <vehicle id="3" x="398.35" y="342.10" angle="0.00" type="DEFAULT_VEHTYPE" speed="12.23" pos="53.15" lane="2/2to2/1_0" slope="0.00"/>
        <vehicle id="4" x="344.69" y="601.65" angle="-90.00" type="DEFAULT_VEHTYPE" speed="13.39" pos="50.56" lane="2/3to1/3_0" slope="0.00"/>
        <vehicle id="5" x="401.65" y="639.91" angle="180.00" type="DEFAULT_VEHTYPE" speed="9.43" pos="35.16" lane="2/3to2/4_0" slope="0.00"/>
        <vehicle id="6" x="228.15" y="398.35" angle="90.00" type="DEFAULT_VEHTYPE" speed="7.08" pos="23.40" lane="1/2to2/2_0" slope="0.00"/>
        <vehicle id="7" x="401.65" y="18.76" angle="180.00" type="DEFAULT_VEHTYPE" speed="6.22" pos="18.76" lane="2/0to2/1_0" slope="0.00"/>
        <vehicle id="8" x="398.35" y="183.19" angle="0.00" type="DEFAULT_VEHTYPE" speed="4.58" pos="12.06" lane="2/1to2/0_0" slope="0.00"/>
        <vehicle id="9" x="201.65" y="411.81" angle="180.00" type="DEFAULT_VEHTYPE" speed="1.96" pos="7.06" lane="1/2to1/3_0" slope="0.00"/>
    </timestep>
    <timestep time="11.00">
        <vehicle id="0" x="692.27" y="601.65" angle="-90.00" type="DEFAULT_VEHTYPE" speed="13.15" pos="107.73" lane="4/3to3/3_0" slope="0.00"/>
        <vehicle id="1" x="292.66" y="601.65" angle="-90.00" type="DEFAULT_VEHTYPE" speed="12.66" pos="102.59" lane="2/3to1/3_0" slope="0.00"/>
        <vehicle id="10" x="398.35" y="190.15" angle="0.00" type="DEFAULT_VEHTYPE" speed="0.00" pos="5.10" lane="2/1to2/0_0" slope="0.00"/>
        <vehicle id="11" x="598.35" y="794.90" angle="0.00" type="DEFAULT_VEHTYPE" speed="0.00" pos="5.10" lane="3/4to3/3_0" slope="0.00"/>
        <vehicle id="2" x="105.51" y="201.65" angle="-90.00" type="DEFAULT_VEHTYPE" speed="13.66" pos="89.74" lane="1/1to0/1_0" slope="0.00"/>
        <vehicle id="3" x="398.35" y="329.04" angle="0.00" type="DEFAULT_VEHTYPE" speed="13.07" pos="66.21" lane="2/2to2/1_0" slope="0.00"/>
        <vehicle id="4" x="331.01" y="601.65" angle="-90.00" type="DEFAULT_VEHTYPE" speed="13.68" pos="64.24" lane="2/3to1/3_0" slope="0.00"/>
        <vehicle id="5" x="401.65" y="651.74" angle="180.00" type="DEFAULT_VEHTYPE" speed="11.83" pos="46.99" lane="2/3to2/4_0" slope="0.00"/>
        <vehicle id="6" x="237.80" y="398.35" angle="90.00" type="DEFAULT_VEHTYPE" speed="9.65" pos="33.05" lane="1/2to2/2_0" slope="0.00"/>
        <vehicle id="7" x="401.65" y="27.22" angle="180.00" type="DEFAULT_VEHTYPE" speed="8.46" pos="27.22" lane="2/0to2/1_0" slope="0.00"/>
        <vehicle id="8" x="398.35" y="176.72" angle="0.00" type="DEFAULT_VEHTYPE" speed="6.47" pos="18.53" lane="2/1to2/0_0" slope="0.00"/>
        <vehicle id="9" x="201.65" y="415.16" angle="180.00" type="DEFAULT_VEHTYPE" speed="3.35" pos="10.41" lane="1/2to1/3_0" slope="0.00"/>
    </timestep>
    <timestep time="12.00">
        <vehicle id="0" x="678.46" y="601.65" angle="-90.00" type="DEFAULT_VEHTYPE" speed="13.81" pos="121.54" lane="4/3to3/3_0" slope="0.00"/>
        <vehicle id="1" x="280.05" y="601.65" angle="-90.00" type="DEFAULT_VEHTYPE" speed="12.61" pos="115.20" lane="2/3to1/3_0" slope="0.00"/>
        <vehicle id="10" x="398.35" y="187.78" angle="0.00" type="DEFAULT_VEHTYPE" speed="2.37" pos="7.47" lane="2/1to2/0_0" slope="0.00"/>
        <vehicle id="11" x="598.35" y="793.24" angle="0.00" type="DEFAULT_VEHTYPE" speed="1.66" pos="6.76" lane="3/4to3/3_0" slope="0.00"/>
        <vehicle id="12" x="398.35" y="590.15" angle="0.00" type="DEFAULT_VEHTYPE" speed="0.00" pos="5.10" lane="2/3to2/2_0" slope="0.00"/>
        <vehicle id="2" x="92.01" y="201.65" angle="-90.00" type="DEFAULT_VEHTYPE" speed="13.49" pos="103.24" lane="1/1to0/1_0" slope="0.00"/>
        <vehicle id="3" x="398.35" y="315.58" angle="0.00" type="DEFAULT_VEHTYPE" speed="13.46" pos="79.67" lane="2/2to2/1_0" slope="0.00"/>
        <vehicle id="4" x="317.34" y="601.65" angle="-90.00" type="DEFAULT_VEHTYPE" speed="13.67" pos="77.91" lane="2/3to1/3_0" slope="0.00"/>
        <vehicle id="5" x="401.65" y="665.52" angle="180.00" type="DEFAULT_VEHTYPE" speed="13.79" pos="60.77" lane="2/3to2/4_0" slope="0.00"/>
        <vehicle id="6" x="249.31" y="398.35" angle="90.00" type="DEFAULT_VEHTYPE" speed="11.51" pos="44.56" lane="1/2to2/2_0" slope="0.00"/>
        <vehicle id="7" x="401.65" y="38.01" angle="180.00" type="DEFAULT_VEHTYPE" speed="10.79" pos="38.01" lane="2/0to2/1_0" slope="0.00"/>
        <vehicle id="8" x="398.35" y="167.71" angle="0.00" type="DEFAULT_VEHTYPE" speed="9.01" pos="27.54" lane="2/1to2/0_0" slope="0.00"/>
        <vehicle id="9" x="201.65" y="421.01" angle="180.00" type="DEFAULT_VEHTYPE" speed="5.85" pos="16.26" lane="1/2to1/3_0" slope="0.00"/>
    </timestep>
    <timestep time="13.00">
        <vehicle id="0" x="664.83" y="601.65" angle="-90.00" type="DEFAULT_VEHTYPE" speed="13.62" pos="135.17" lane="4/3to3/3_0" slope="0.00"/>
        <vehicle id="1" x="266.70" y="601.65" angle="-90.00" type="DEFAULT_VEHTYPE" speed="13.35" pos="128.55" lane="2/3to1/3_0" slope="0.00"/>
        <vehicle id="10" x="398.35" y="183.36" angle="0.00" type="DEFAULT_VEHTYPE" speed="4.42" pos="11.89" lane="2/1to2/0_0" slope="0.00"/>
        <vehicle id="11" x="598.35" y="789.01" angle="0.00" type="DEFAULT_VEHTYPE" speed="4.23" pos="10.99" lane="3/4to3/3_0" slope="0.00"/>
        <vehicle id="12" x="398.35" y="587.94" angle="0.00" type="DEFAULT_VEHTYPE" speed="2.21" pos="7.31" lane="2/3to2/2_0" slope="0.00"/>
        <vehicle id="13" x="590.15" y="601.65" angle="-90.00" type="DEFAULT_VEHTYPE" speed="0.00" pos="5.10" lane="3/3to2/3_0" slope="0.00"/>
        <vehicle id="2" x="78.91" y="201.65" angle="-90.00" type="DEFAULT_VEHTYPE" speed="13.10" pos="116.34" lane="1/1to0/1_0" slope="0.00"/>
        <vehicle id="3" x="398.35" y="302.19" angle="0.00" type="DEFAULT_VEHTYPE" speed="13.39" pos="93.06" lane="2/2to2/1_0" slope="0.00"/>
        <vehicle id="4" x="304.32" y="601.65" angle="-90.00" type="DEFAULT_VEHTYPE" speed="13.02" pos="90.93" lane="2/3to1/3_0" slope="0.00"/>
        <vehicle id="5" x="401.65" y="678.76" angle="180.00" type="DEFAULT_VEHTYPE" speed="13.23" pos="74.01" lane="2/3to2/4_0" slope="0.00"/>
        <vehicle id="6" x="262.14" y="398.35" angle="90.00" type="DEFAULT_VEHTYPE" speed="12.83" pos="57.39" lane="1/2to2/2_0" slope="0.00"/>
        <vehicle id="7" x="401.65" y="50.64" angle="180.00" type="DEFAULT_VEHTYPE" speed="12.63" pos="50.64" lane="2/0to2/1_0" slope="0.00"/>
        <vehicle id="8" x="398.35" y="156.57" angle="0.00" type="DEFAULT_VEHTYPE" speed="11.14" pos="38.68" lane="2/1to2/0_0" slope="0.00"/>
        <vehicle id="9" x="201.65" y="428.19" angle="180.00" type="DEFAULT_VEHTYPE" speed="7.18" pos="23.44" lane="1/2to1/3_0" slope="0.00"/>
    </timestep>
    <timestep time="14.00">
        <vehicle id="0" x="651.07" y="601.65" angle="-90.00" type="DEFAULT_VEHTYPE" speed="13.76" pos="148.93" lane="4/3to3/3_0" slope="0.00"/>
        <vehicle id="1" x="253.62" y="601.65" angle="-90.00" type="DEFAULT_VEHTYPE" speed="13.09" pos="141.63" lane="2/3to1/3_0" slope="0.00"/>
        <vehicle id="10" x="398.35" y="177.48" angle="0.00" type="DEFAULT_VEHTYPE" speed="5.89" pos="17.77" lane="2/1to2/0_0" slope="0.00"/>
        <vehicle id="11" x="598.35" y="782.56" angle="0.00" type="DEFAULT_VEHTYPE" speed="6.45" pos="17.44" lane="3/4to3/3_0" slope="0.00"/>
        <vehicle id="12" x="398.35" y="583.67" angle="0.00" type="DEFAULT_VEHTYPE" speed="4.27" pos="11.58" lane="2/3to2/2_0" slope="0.00"/>
        <vehicle id="13" x="588.00" y="601.65" angle="-90.00" type="DEFAULT_VEHTYPE" speed="2.15" pos="7.25" lane="3/3to2/3_0" slope="0.00"/>
        <vehicle id="14" x="198.35" y="590.15" angle="0.00" type="DEFAULT_VEHTYPE" speed="0.00" pos="5.10" lane="1/3to1/2_0" slope="0.00"/>
        <vehicle id="2" x="66.22" y="201.65" angle="-90.00" type="DEFAULT_VEHTYPE" speed="12.70" pos="129.03" lane="1/1to0/1_0" slope="0.00"/>
        <vehicle id="3" x="398.35" y="288.93" angle="0.00" type="DEFAULT_VEHTYPE" speed="13.26" pos="106.32" lane="2/2to2/1_0" slope="0.00"/>
        <vehicle id="4" x="291.56" y="601.65" angle="-90.00" type="DEFAULT_VEHTYPE" speed="12.76" pos="103.69" lane="2/3to1/3_0" slope="0.00"/>
        <vehicle id="5" x="401.65" y="692.10" angle="180.00" type="DEFAULT_VEHTYPE" speed="13.35" pos="87.35" lane="2/3to2/4_0" slope="0.00"/>
        <vehicle id="6" x="275.11" y="398.35" angle="90.00" type="DEFAULT_VEHTYPE" speed="12.98" pos="70.36" lane="1/2to2/2_0" slope="0.00"/>
        <vehicle id="7" x="401.65" y="63.95" angle="180.00" type="DEFAULT_VEHTYPE" speed="13.31" pos="63.95" lane="2/0to2/1_0" slope="0.00"/>
        <vehicle id="8" x="398.35" y="143.58" angle="0.00" type="DEFAULT_VEHTYPE" speed="12.99" pos="51.67" lane="2/1to2/0_0" slope="0.00"/>
        <vehicle id="9" x="201.65" y="436.71" angle="180.00" type="DEFAULT_VEHTYPE" speed="8.52" pos="31.96" lane="1/2to1/3_0" slope="0.00"/>
    </timestep>
    <timestep time="15.00">
        <vehicle id="0" x="638.08" y="601.65" angle="-90.00" type="DEFAULT_VEHTYPE" speed="12.99" pos="161.92" lane="4/3to3/3_0" slope="0.00"/>
        <vehicle id="1" x="240.32" y="601.65" angle="-90.00" type="DEFAULT_VEHTYPE" speed="13.29" pos="154.93" lane="2/3to1/3_0" slope="0.00"/>
        <vehicle id="10" x="398.35" y="169.92" angle="0.00" type="DEFAULT_VEHTYPE" speed="7.56" pos="25.33" lane="2/1to2/0_0" slope="0.00"/>
        <vehicle id="11" x="598.35" y="774.00" angle="0.00" type="DEFAULT_VEHTYPE" speed="8.56" pos="26.00" lane="3/4to3/3_0" slope="0.00"/>
        <vehicle id="12" x="398.35" y="577.42" angle="0.00" type="DEFAULT_VEHTYPE" speed="6.25" pos="17.83" lane="2/3to2/2_0" slope="0.00"/>
        <vehicle id="13" x="583.30" y="601.65" angle="-90.00" type="DEFAULT_VEHTYPE" speed="4.70" pos="11.95" lane="3/3to2/3_0" slope="0.00"/>
        <vehicle id="14" x="198.35" y="588.06" angle="0.00" type="DEFAULT_VEHTYPE" speed="2.09" pos="7.19" lane="1/3to1/2_0" slope="0.00"/>
        <vehicle id="15" x="398.35" y="190.15" angle="0.00" type="DEFAULT_VEHTYPE" speed="0.00" pos="5.10" lane="2/1to2/0_0" slope="0.00"/>
        <vehicle id="2" x="53.18" y="201.65" angle="-90.00" type="DEFAULT_VEHTYPE" speed="13.04" pos="142.07" lane="1/1to0/1_0" slope="0.00"/>
        <vehicle id="3" x="398.35" y="276.04" angle="0.00" type="DEFAULT_VEHTYPE" speed="12.88" pos="119.21" lane="2/2to2/1_0" slope="0.00"/>
        <vehicle id="4" x="277.79" y="601.65" angle="-90.00" type="DEFAULT_VEHTYPE" speed="13.77" pos="117.46" lane="2/3to1/3_0" slope="0.00"/>
        <vehicle id="5" x="401.65" y="705.64" angle="180.00" type="DEFAULT_VEHTYPE" speed="13.53" pos="100.89" lane="2/3to2/4_0" slope="0.00"/>
        <vehicle id="6" x="288.09" y="398.35" angle="90.00" type="DEFAULT_VEHTYPE" speed="12.97" pos="83.34" lane="1/2to2/2_0" slope="0.00"/>
        <vehicle id="7" x="401.65" y="77.68" angle="180.00" type="DEFAULT_VEHTYPE" speed="13.74" pos="77.68" lane="2/0to2/1_0" slope="0.00"/>
        <vehicle id="8" x="398.35" y="129.87" angle="0.00" type="DEFAULT_VEHTYPE" speed="13.72" pos="65.38" lane="2/1to2/0_0" slope="0.00"/>
        <vehicle id="9" x="201.65" y="446.68" angle="180.00" type="DEFAULT_VEHTYPE" speed="9.97" pos="41.93" lane="1/2to1/3_0" slope="0.00"/>
    </timestep>
    <timestep time="16.00">
        <vehicle id="0" x="626.20" y="601.65" angle="-90.00" type="DEFAULT_VEHTYPE" speed="11.88" pos="173.80" lane="4/3to3/3_0" slope="0.00"/>
        <vehicle id="1" x="228.09" y="601.65" angle="-90.00" type="DEFAULT_VEHTYPE" speed="12.23" pos="167.16" lane="2/3to1/3_0" slope="0.00"/>
        <vehicle id="10" x="398.35" y="160.12" angle="0.00" type="DEFAULT_VEHTYPE" speed="9.80" pos="35.13" lane="2/1to2/0_0" slope="0.00"/>
        <vehicle id="11" x="598.35" y="763.61" angle="0.00" type="DEFAULT_VEHTYPE" speed="10.39" pos="36.39" lane="3/4to3/3_0" slope="0.00"/>
        <vehicle id="12" x="398.35" y="569.32" angle="0.00" type="DEFAULT_VEHTYPE" speed="8.10" pos="25.93" lane="2/3to2/2_0" slope="0.00"/>
        <vehicle id="13" x="576.13" y="601.65" angle="-90.00" type="DEFAULT_VEHTYPE" speed="7.17" pos="19.12" lane="3/3to2/3_0" slope="0.00"/>
        <vehicle id="14" x="198.35" y="584.48" angle="0.00" type="DEFAULT_VEHTYPE" speed="3.58" pos="10.77" lane="1/3to1/2_0" slope="0.00"/>
        <vehicle id="15" x="398.35" y="188.32" angle="0.00" type="DEFAULT_VEHTYPE" speed="1.83" pos="6.93" lane="2/1to2/0_0" slope="0.00"/>
        <vehicle id="16" x="598.35" y="390.15" angle="0.00" type="DEFAULT_VEHTYPE" speed="0.00" pos="5.10" lane="3/2to3/1_0" slope="0.00"/>
        <vehicle id="2" x="39.48" y="201.65" angle="-90.00" type="DEFAULT_VEHTYPE" speed="13.70" pos="155.77" lane="1/1to0/1_0" slope="0.00"/>
        <vehicle id="3" x="398.35" y="263.32" angle="0.00" type="DEFAULT_VEHTYPE" speed="12.72" pos="131.93" lane="2/2to2/1_0" slope="0.00"/>
        <vehicle id="4" x="265.16" y="601.65" angle="-90.00" type="DEFAULT_VEHTYPE" speed="12.63" pos="130.09" lane="2/3to1/3_0" slope="0.00"/>
        <vehicle id="5" x="401.65" y="719.09" angle="180.00" type="DEFAULT_VEHTYPE" speed="13.45" pos="114.34" lane="2/3to2/4_0" slope="0.00"/>
        <vehicle id="6" x="301.12" y="398.35" angle="90.00" type="DEFAULT_VEHTYPE" speed="13.04" pos="96.37" lane="1/2to2/2_0" slope="0.00"/>
        <vehicle id="7" x="401.65" y="91.02" angle="180.00" type="DEFAULT_VEHTYPE" speed="13.34" pos="91.02" lane="2/0to2/1_0" slope="0.00"/>
        <vehicle id="8" x="398.35" y="116.46" angle="0.00" type="DEFAULT_VEHTYPE" speed="13.41" pos="78.79" lane="2/1to2/0_0" slope="0.00"/>
        <vehicle id="9" x="201.65" y="458.36" angle="180.00" type="DEFAULT_VEHTYPE" speed="11.68" pos="53.61" lane="1/2to1/3_0" slope="0.00"/>
    </timestep>
    <timestep time="17.00">
        <vehicle id="0" x="617.72" y="601.65" angle="-90.00" type="DEFAULT_VEHTYPE" speed="8.48" pos="182.28" lane="4/3to3/3_0" slope="0.00"/>
        <vehicle id="1" x="219.40" y="601.65" angle="-90.00" type="DEFAULT_VEHTYPE" speed="8.69" pos="175.85" lane="2/3to1/3_0" slope="0.00"/>
        <vehicle id="10" x="398.35" y="147.94" angle="0.00" type="DEFAULT_VEHTYPE" speed="12.18" pos="47.31" lane="2/1to2/0_0" slope="0.00"/>
        <vehicle id="11" x="598.35" y="751.23" angle="0.00" type="DEFAULT_VEHTYPE" speed="12.38" pos="48.77" lane="3/4to3/3_0" slope="0.00"/>
        <vehicle id="12" x="398.35" y="559.06" angle="0.00" type="DEFAULT_VEHTYPE" speed="10.26" pos="36.19" lane="2/3to2/2_0" slope="0.00"/>
        <vehicle id="13" x="566.37" y="601.65" angle="-90.00" type="DEFAULT_VEHTYPE" speed="9.76" pos="28.88" lane="3/3to2/3_0" slope="0.00"/>
        <vehicle id="14" x="198.35" y="579.16" angle="0.00" type="DEFAULT_VEHTYPE" speed="5.32" pos="16.09" lane="1/3to1/2_0" slope="0.00"/>
        <vehicle id="15" x="398.35" y="185.06" angle="0.00" type="DEFAULT_VEHTYPE" speed="3.26" pos="10.19" lane="2/1to2/0_0" slope="0.00"/>
        <vehicle id="16" x="598.35" y="388.74" angle="0.00" type="DEFAULT_VEHTYPE" speed="1.41" pos="6.51" lane="3/2to3/1_0" slope="0.00"/>
        <vehicle id="17" x="398.35" y="390.15" angle="0.00" type="DEFAULT_VEHTYPE" speed="0.00" pos="5.10" lane="2/2to2/1_0" slope="0.00"/>
        <vehicle id="2" x="26.29" y="201.65" angle="-90.00" type="DEFAULT_VEHTYPE" speed="13.19" pos="168.96" lane="1/1to0/1_0" slope="0.00"/>
        <vehicle id="3" x="398.35" y="249.44" angle="0.00" type="DEFAULT_VEHTYPE" speed="13.88" pos="145.81" lane="2/2to2/1_0" slope="0.00"/>
        <vehicle id="4" x="252.33" y="601.65" angle="-90.00" type="DEFAULT_VEHTYPE" speed="12.83" pos="142.92" lane="2/3to1/3_0" slope="0.00"/>
        <vehicle id="5" x="401.65" y="731.72" angle="180.00" type="DEFAULT_VEHTYPE" speed="12.62" pos="126.97" lane="2/3to2/4_0" slope="0.00"/>
        <vehicle id="6" x="313.87" y="398.35" angle="90.00" type="DEFAULT_VEHTYPE" speed="12.75" pos="109.12" lane="1/2to2/2_0" slope="0.00"/>
        <vehicle id="7" x="401.65" y="104.30" angle="180.00" type="DEFAULT_VEHTYPE" speed="13.27" pos="104.30" lane="2/0to2/1_0" slope="0.00"/>
        <vehicle id="8" x="398.35" y="103.01" angle="0.00" type="DEFAULT_VEHTYPE" speed="13.45" pos="92.24" lane="2/1to2/0_0" slope="0.00"/>
        <vehicle id="9" x="201.65" y="471.22" angle="180.00" type="DEFAULT_VEHTYPE" speed="12.86" pos="66.47" lane="1/2to1/3_0" slope="0.00"/>
    </timestep>
    <timestep time="18.00">
        <vehicle id="0" x="611.54" y="601.65" angle="-90.00" type="DEFAULT_VEHTYPE" speed="6.19" pos="188.46" lane="4/3to3/3_0" slope="0.00"/>
        <vehicle id="1" x="213.70" y="601.65" angle="-90.00" type="DEFAULT_VEHTYPE" speed="5.70" pos="181.55" lane="2/3to1/3_0" slope="0.00"/>
        <vehicle id="10" x="398.35" y="135.25" angle="0.00" type="DEFAULT_VEHTYPE" speed="12.68" pos="60.00" lane="2/1to2/0_0" slope="0.00"/>
        <vehicle id="11" x="598.35" y="738.42" angle="0.00" type="DEFAULT_VEHTYPE" speed="12.80" pos="61.58" lane="3/4to3/3_0" slope="0.00"/>
        <vehicle id="12" x="398.35" y="546.63" angle="0.00" type="DEFAULT_VEHTYPE" speed="12.43" pos="48.62" lane="2/3to2/2_0" slope="0.00"/>
        <vehicle id="13" x="554.27" y="601.65" angle="-90.00" type="DEFAULT_VEHTYPE" speed="12.09" pos="40.98" lane="3/3to2/3_0" slope="0.00"/>
        <vehicle id="14" x="198.35" y="571.43" angle="0.00" type="DEFAULT_VEHTYPE" speed="7.72" pos="23.82" lane="1/3to1/2_0" slope="0.00"/>
        <vehicle id="15" x="398.35" y="179.83" angle="0.00" type="DEFAULT_VEHTYPE" speed="5.23" pos="15.42" lane="2/1to2/0_0" slope="0.00"/>
        <vehicle id="16" x="598.35" y="385.32" angle="0.00" type="DEFAULT_VEHTYPE" speed="3.43" pos="9.93" lane="3/2to3/1_0" slope="0.00"/>
        <vehicle id="17" x="398.35" y="387.70" angle="0.00" type="DEFAULT_VEHTYPE" speed="2.45" pos="7.55" lane="2/2to2/1_0" slope="0.00"/>
        <vehicle id="18" x="209.85" y="398.35" angle="90.00" type="DEFAULT_VEHTYPE" speed="0.00" pos="5.10" lane="1/2to2/2_0" slope="0.00"/>
        <vehicle id="2" x="12.93" y="201.65" angle="-90.00" type="DEFAULT_VEHTYPE" speed="13.36" pos="182.32" lane="1/1to0/1_0" slope="0.00"/>
        <vehicle id="3" x="398.35" y="236.64" angle="0.00" type="DEFAULT_VEHTYPE" speed="12.79" pos="158.61" lane="2/2to2/1_0" slope="0.00"/>
        <vehicle id="4" x="239.06" y="601.65" angle="-90.00" type="DEFAULT_VEHTYPE" speed="13.27" pos="156.19" lane="2/3to1/3_0" slope="0.00"/>
        <vehicle id="5" x="401.65" y="744.55" angle="180.00" type="DEFAULT_VEHTYPE" speed="12.83" pos="139.80" lane="2/3to2/4_0" slope="0.00"/>
        <vehicle id="6" x="327.26" y="398.35" angle="90.00" type="DEFAULT_VEHTYPE" speed="13.39" pos="122.51" lane="1/2to2/2_0" slope="0.00"/>
        <vehicle id="7" x="401.65" y="116.90" angle="180.00" type="DEFAULT_VEHTYPE" speed="12.60" pos="116.90" lane="2/0to2/1_0" slope="0.00"/>
        <vehicle id="8" x="398.35" y="90.13" angle="0.00" type="DEFAULT_VEHTYPE" speed="12.88" pos="105.12" lane="2/1to2/0_0" slope="0.00"/>
        <vehicle id="9" x="201.65" y="484.52" angle="180.00" type="DEFAULT_VEHTYPE" speed="13.30" pos="79.77" lane="1/2to1/3_0" slope="0.00"/>
    </timestep>
    <timestep time="19.00">
        <vehicle id="0" x="603.19" y="601.43" angle="-87.44" type="DEFAULT_VEHTYPE" speed="8.36" pos="1.58" lane=":3/3_6_0" slope="0.00"/>
        <vehicle id="1" x="209.93" y="601.65" angle="-90.00" type="DEFAULT_VEHTYPE" speed="3.77" pos="185.32" lane="2/3to1/3_0" slope="0.00"/>
        <vehicle id="10" x="398.35" y="121.65" angle="0.00" type="DEFAULT_VEHTYPE" speed="13.61" pos="73.60" lane="2/1to2/0_0" slope="0.00"/>
        <vehicle id="11" x="598.35" y="725.72" angle="0.00" type="DEFAULT_VEHTYPE" speed="12.70" pos="74.28" lane="3/4to3/3_0" slope="0.00"/>
        <vehicle id="12" x="398.35" y="533.15" angle="0.00" type="DEFAULT_VEHTYPE" speed="13.48" pos="62.10" lane="2/3to2/2_0" slope="0.00"/>
        <vehicle id="13" x="540.70" y="601.65" angle="-90.00" type="DEFAULT_VEHTYPE" speed="13.57" pos="54.55" lane="3/3to2/3_0" slope="0.00"/>
        <vehicle id="14" x="198.35" y="562.22" angle="0.00" type="DEFAULT_VEHTYPE" speed="9.22" pos="33.03" lane="1/3to1/2_0" slope="0.00"/>
        <vehicle id="15" x="398.35" y="172.13" angle="0.00" type="DEFAULT_VEHTYPE" speed="7.70" pos="23.12" lane="2/1to2/0_0" slope="0.00"/>
        <vehicle id="16" x="598.35" y="379.90" angle="0.00" type="DEFAULT_VEHTYPE" speed="5.42" pos="15.35" lane="3/2to3/1_0" slope="0.00"/>
        <vehicle id="17" x="398.35" y="383.69" angle="0.00" type="DEFAULT_VEHTYPE" speed="4.01" pos="11.56" lane="2/2to2/1_0" slope="0.00"/>
        <vehicle id="18" x="212.28" y="398.35" angle="90.00" type="DEFAULT_VEHTYPE" speed="2.43" pos="7.53" lane="1/2to2/2_0" slope="0.00"/>
        <vehicle id="19" x="209.85" y="198.35" angle="90.00" type="DEFAULT_VEHTYPE" speed="0.00" pos="5.10" lane="1/1to2/1_0" slope="0.00"/>
        <vehicle id="2" x="-0.42" y="201.38" angle="-86.81" type="DEFAULT_VEHTYPE" speed="13.42" pos="0.50" lane=":0/1_0_0" slope="0.00"/>
        <vehicle id="3" x="398.35" y="224.47" angle="0.00" type="DEFAULT_VEHTYPE" speed="12.17" pos="170.78" lane="2/2to2/1_0" slope="0.00"/>
        <vehicle id="4" x="229.28" y="601.65" angle="-90.00" type="DEFAULT_VEHTYPE" speed="9.78" pos="165.97" lane="2/3to1/3_0" slope="0.00"/>
        <vehicle id="5" x="401.65" y="757.70" angle="180.00" type="DEFAULT_VEHTYPE" speed="13.15" pos="152.95" lane="2/3to2/4_0" slope="0.00"/>
        <vehicle id="6" x="340.13" y="398.35" angle="90.00" type="DEFAULT_VEHTYPE" speed="12.87" pos="135.38" lane="1/2to2/2_0" slope="0.00"/>
        <vehicle id="7" x="401.65" y="130.65" angle="180.00" type="DEFAULT_VEHTYPE" speed="13.75" pos="130.65" lane="2/0to2/1_0" slope="0.00"/>
        <vehicle id="8" x="398.35" y="76.52" angle="0.00" type="DEFAULT_VEHTYPE" speed="13.60" pos="118.73" lane="2/1to2/0_0" slope="0.00"/>
        <vehicle id="9" x="201.65" y="498.17" angle="180.00" type="DEFAULT_VEHTYPE" speed="13.65" pos="93.42" lane="1/2to1/3_0" slope="0.00"/>
    </timestep>
    <timestep time="20.00">
        <vehicle id="0" x="598.35" y="593.79" angle="-8.96" type="DEFAULT_VEHTYPE" speed="10.20" pos="1.46" lane="3/3to3/2_0" slope="0.00"/>
        <vehicle id="1" x="203.88" y="601.53" angle="-88.57" type="DEFAULT_VEHTYPE" speed="6.06" pos="0.88" lane=":1/3_6_0" slope="0.00"/>
        <vehicle id="10" x="398.35" y="108.49" angle="0.00" type="DEFAULT_VEHTYPE" speed="13.16" pos="86.76" lane="2/1to2/0_0" slope="0.00"/>
        <vehicle id="11" x="598.35" y="712.78" angle="0.00" type="DEFAULT_VEHTYPE" speed="12.94" pos="87.22" lane="3/4to3/3_0" slope="0.00"/>
        <vehicle id="12" x="398.35" y="520.11" angle="0.00" type="DEFAULT_VEHTYPE" speed="13.03" pos="75.14" lane="2/3to2/2_0" slope="0.00"/>
        <vehicle id="13" x="526.95" y="601.65" angle="-90.00" type="DEFAULT_VEHTYPE" speed="13.74" pos="68.30" lane="3/3to2/3_0" slope="0.00"/>
        <vehicle id="14" x="198.35" y="550.99" angle="0.00" type="DEFAULT_VEHTYPE" speed="11.22" pos="44.26" lane="1/3to1/2_0" slope="0.00"/>
        <vehicle id="15" x="398.35" y="161.94" angle="0.00" type="DEFAULT_VEHTYPE" speed="10.19" pos="33.31" lane="2/1to2/0_0" slope="0.00"/>
        <vehicle id="16" x="598.35" y="371.89" angle="0.00" type="DEFAULT_VEHTYPE" speed="8.01" pos="23.36" lane="3/2to3/1_0" slope="0.00"/>
        <vehicle id="17" x="398.35" y="378.30" angle="0.00" type="DEFAULT_VEHTYPE" speed="5.39" pos="16.95" lane="2/2to2/1_0" slope="0.00"/>
        <vehicle id="18" x="216.57" y="398.35" angle="90.00" type="DEFAULT_VEHTYPE" speed="4.29" pos="11.82" lane="1/2to2/2_0" slope="0.00"/>
        <vehicle id="19" x="211.89" y="198.35" angle="90.00" type="DEFAULT_VEHTYPE" speed="2.04" pos="7.14" lane="1/1to2/1_0" slope="0.00"/>
        <vehicle id="2" x="9.47" y="198.35" angle="90.00" type="DEFAULT_VEHTYPE" speed="13.79" pos="9.47" lane="0/1to1/1_0" slope="0.00"/>
        <vehicle id="20" x="198.35" y="190.15" angle="0.00" type="DEFAULT_VEHTYPE" speed="0.00" pos="5.10" lane="1/1to1/0_0" slope="0.00"/>
        <vehicle id="3" x="398.35" y="216.02" angle="0.00" type="DEFAULT_VEHTYPE" speed="8.45" pos="179.23" lane="2/2to2/1_0" slope="0.00"/>
        <vehicle id="4" x="222.77" y="601.65" angle="-90.00" type="DEFAULT_VEHTYPE" speed="6.52" pos="172.48" lane="2/3to1/3_0" slope="0.00"/>
        <vehicle id="5" x="401.65" y="770.40" angle="180.00" type="DEFAULT_VEHTYPE" speed="12.71" pos="165.65" lane="2/3to2/4_0" slope="0.00"/>
        <vehicle id="6" x="353.00" y="398.35" angle="90.00" type="DEFAULT_VEHTYPE" speed="12.87" pos="148.25" lane="1/2to2/2_0" slope="0.00"/>
        <vehicle id="7" x="401.65" y="144.03" angle="180.00" type="DEFAULT_VEHTYPE" speed="13.38" pos="144.03" lane="2/0to2/1_0" slope="0.00"/>
        <vehicle id="8" x="398.35" y="62.67" angle="0.00" type="DEFAULT_VEHTYPE" speed="13.85" pos="132.58" lane="2/1to2/0_0" slope="0.00"/>
        <vehicle id="9" x="201.65" y="511.09" angle="180.00" type="DEFAULT_VEHTYPE" speed="12.93" pos="106.34" lane="1/2to1/3_0" slope="0.00"/>
    </timestep>
    <timestep time="21.00">
        <vehicle id="0" x="598.35" y="581.44" angle="0.00" type="DEFAULT_VEHTYPE" speed="12.35" pos="13.81" lane="3/3to3/2_0" slope="0.00"/>
        <vehicle id="1" x="198.49" y="596.26" angle="-27.42" type="DEFAULT_VEHTYPE" speed="8.42" pos="9.30" lane=":1/3_6_0" slope="0.00"/>
        <vehicle id="10" x="398.35" y="94.60" angle="0.00" type="DEFAULT_VEHTYPE" speed="13.88" pos="100.65" lane="2/1to2/0_0" slope="0.00"/>
        <vehicle id="11" x="598.35" y="699.59" angle="0.00" type="DEFAULT_VEHTYPE" speed="13.19" pos="100.41" lane="3/4to3/3_0" slope="0.00"/>
        <vehicle id="12" x="398.35" y="507.44" angle="0.00" type="DEFAULT_VEHTYPE" speed="12.68" pos="87.81" lane="2/3to2/2_0" slope="0.00"/>
        <vehicle id="13" x="514.23" y="601.65" angle="-90.00" type="DEFAULT_VEHTYPE" speed="12.72" pos="81.02" lane="3/3to2/3_0" slope="0.00"/>
        <vehicle id="14" x="198.35" y="537.46" angle="0.00" type="DEFAULT_VEHTYPE" speed="13.54" pos="57.79" lane="1/3to1/2_0" slope="0.00"/>
        <vehicle id="15" x="398.35" y="149.84" angle="0.00" type="DEFAULT_VEHTYPE" speed="12.10" pos="45.41" lane="2/1to2/0_0" slope="0.00"/>
        <vehicle id="16" x="598.35" y="362.47" angle="0.00" type="DEFAULT_VEHTYPE" speed="9.42" pos="32.78" lane="3/2to3/1_0" slope="0.00"/>
        <vehicle id="17" x="398.35" y="371.28" angle="0.00" type="DEFAULT_VEHTYPE" speed="7.03" pos="23.97" lane="2/2to2/1_0" slope="0.00"/>
        <vehicle id="18" x="222.19" y="398.35" angle="90.00" type="DEFAULT_VEHTYPE" speed="5.62" pos="17.44" lane="1/2to2/2_0" slope="0.00"/>
        <vehicle id="19" x="216.23" y="198.35" angle="90.00" type="DEFAULT_VEHTYPE" speed="4.34" pos="11.48" lane="1/1to2/1_0" slope="0.00"/>
        <vehicle id="2" x="23.02" y="198.35" angle="90.00" type="DEFAULT_VEHTYPE" speed="13.56" pos="23.02" lane="0/1to1/1_0" slope="0.00"/>
        <vehicle id="20" x="198.35" y="188.13" angle="0.00" type="DEFAULT_VEHTYPE" speed="2.02" pos="7.12" lane="1/1to1/0_0" slope="0.00"/>
        <vehicle id="21" x="390.15" y="601.65" angle="-90.00" type="DEFAULT_VEHTYPE" speed="0.00" pos="5.10" lane="2/3to1/3_0" slope="0.00"/>
        <vehicle id="3" x="398.35" y="211.35" angle="0.00" type="DEFAULT_VEHTYPE" speed="4.67" pos="183.90" lane="2/2to2/1_0" slope="0.00"/>
        <vehicle id="4" x="215.65" y="601.65" angle="-90.00" type="DEFAULT_VEHTYPE" speed="7.11" pos="179.60" lane="2/3to1/3_0" slope="0.00"/>
        <vehicle id="5" x="401.65" y="784.06" angle="180.00" type="DEFAULT_VEHTYPE" speed="13.65" pos="179.31" lane="2/3to2/4_0" slope="0.00"/>
        <vehicle id="6" x="366.39" y="398.35" angle="90.00" type="DEFAULT_VEHTYPE" speed="13.39" pos="161.64" lane="1/2to2/2_0" slope="0.00"/>
        <vehicle id="7" x="401.65" y="157.79" angle="180.00" type="DEFAULT_VEHTYPE" speed="13.76" pos="157.79" lane="2/0to2/1_0" slope="0.00"/>
        <vehicle id="8" x="398.35" y="49.52" angle="0.00" type="DEFAULT_VEHTYPE" speed="13.15" pos="145.73" lane="2/1to2/0_0" slope="0.00"/>
        <vehicle id="9" x="201.65" y="524.69" angle="180.00" type="DEFAULT_VEHTYPE" speed="13.60" pos="119.94" lane="1/2to1/3_0" slope="0.00"/>
    </timestep>
    <timestep time="22.00">
        <vehicle id="0" x="598.35" y="568.30" angle="0.00" type="DEFAULT_VEHTYPE" speed="13.14" pos="26.95" lane="3/3to3/2_0" slope="0.00"/>
        <vehicle id="1" x="198.35" y="585.96" angle="0.00" type="DEFAULT_VEHTYPE" speed="10.31" pos="9.29" lane="1/3to1/2_0" slope="0.00"/>
        <vehicle id="10" x="398.35" y="80.77" angle="0.00" type="DEFAULT_VEHTYPE" speed="13.84" pos="114.48" lane="2/1to2/0_0" slope="0.00"/>
        <vehicle id="11" x="598.35" y="686.89" angle="0.00" type="DEFAULT_VEHTYPE" speed="12.71" pos="113.11" lane="3/4to3/3_0" slope="0.00"/>
        <vehicle id="12" x="398.35" y="493.80" angle="0.00" type="DEFAULT_VEHTYPE" speed="13.64" pos="101.45" lane="2/3to2/2_0" slope="0.00"/>
        <vehicle id="13" x="500.78" y="601.65" angle="-90.00" type="DEFAULT_VEHTYPE" speed="13.45" pos="94.47" lane="3/3to2/3_0" slope="0.00"/>
        <vehicle id="14" x="198.35" y="523.93" angle="0.00" type="DEFAULT_VEHTYPE" speed="13.53" pos="71.32" lane="1/3to1/2_0" slope="0.00"/>
        <vehicle id="15" x="398.35" y="136.69" angle="0.00" type="DEFAULT_VEHTYPE" speed="13.15" pos="58.56" lane="2/1to2/0_0" slope="0.00"/>
        <vehicle id="16" x="598.35" y="350.50" angle="0.00" type="DEFAULT_VEHTYPE" speed="11.97" pos="44.75" lane="3/2to3/1_0" slope="0.00"/>
        <vehicle id="17" x="398.35" y="362.73" angle="0.00" type="DEFAULT_VEHTYPE" speed="8.55" pos="32.52" lane="2/2to2/1_0" slope="0.00"/>
        <vehicle id="18" x="229.93" y="398.35" angle="90.00" type="DEFAULT_VEHTYPE" speed="7.74" pos="25.18" lane="1/2to2/2_0" slope="0.00"/>
        <vehicle id="19" x="222.14" y="198.35" angle="90.00" type="DEFAULT_VEHTYPE" speed="5.91" pos="17.39" lane="1/1to2/1_0" slope="0.00"/>
        <vehicle id="2" x="36.26" y="198.35" angle="90.00" type="DEFAULT_VEHTYPE" speed="13.24" pos="36.26" lane="0/1to1/1_0" slope="0.00"/>
        <vehicle id="20" x="198.35" y="184.13" angle="0.00" type="DEFAULT_VEHTYPE" speed="4.00" pos="11.12" lane="1/1to1/0_0" slope="0.00"/>
        <vehicle id="21" x="387.94" y="601.65" angle="-90.00" type="DEFAULT_VEHTYPE" speed="2.21" pos="7.31" lane="2/3to1/3_0" slope="0.00"/>
        <vehicle id="22" x="598.35" y="590.15" angle="0.00" type="DEFAULT_VEHTYPE" speed="0.00" pos="5.10" lane="3/3to3/2_0" slope="0.00"/>
        <vehicle id="3" x="398.50" y="204.52" angle="1.74" type="DEFAULT_VEHTYPE" speed="6.87" pos="0.27" lane=":2/1_3_0" slope="0.00"/>
        <vehicle id="4" x="211.35" y="601.65" angle="-90.00" type="DEFAULT_VEHTYPE" speed="4.30" pos="183.90" lane="2/3to1/3_0" slope="0.00"/>
        <vehicle id="5" x="401.65" y="796.74" angle="180.00" type="DEFAULT_VEHTYPE" speed="12.68" pos="191.99" lane="2/3to2/4_0" slope="0.00"/>
        <vehicle id="6" x="377.92" y="398.35" angle="90.00" type="DEFAULT_VEHTYPE" speed="11.53" pos="173.17" lane="1/2to2/2_0" slope="0.00"/>
        <vehicle id="7" x="401.65" y="171.41" angle="180.00" type="DEFAULT_VEHTYPE" speed="13.62" pos="171.41" lane="2/0to2/1_0" slope="0.00"/>
        <vehicle id="8" x="398.35" y="35.66" angle="0.00" type="DEFAULT_VEHTYPE" speed="13.86" pos="159.59" lane="2/1to2/0_0" slope="0.00"/>
        <vehicle id="9" x="201.65" y="538.55" angle="180.00" type="DEFAULT_VEHTYPE" speed="13.86" pos="133.80" lane="1/2to1/3_0" slope="0.00"/>
    </timestep>
    <timestep time="23.00">
        <vehicle id="0" x="598.35" y="554.87" angle="0.00" type="DEFAULT_VEHTYPE" speed="13.44" pos="40.38" lane="3/3to3/2_0" slope="0.00"/>
        <vehicle id="1" x="198.35" y="573.91" angle="0.00" type="DEFAULT_VEHTYPE" speed="12.06" pos="21.34" lane="1/3to1/2_0" slope="0.00"/>
        <vehicle id="10" x="398.35" y="67.15" angle="0.00" type="DEFAULT_VEHTYPE" speed="13.62" pos="128.10" lane="2/1to2/0_0" slope="0.00"/>
        <vehicle id="11" x="598.35" y="673.30" angle="0.00" type="DEFAULT_VEHTYPE" speed="13.59" pos="126.70" lane="3/4to3/3_0" slope="0.00"/>
        <vehicle id="12" x="398.35" y="481.19" angle="0.00" type="DEFAULT_VEHTYPE" speed="12.61" pos="114.06" lane="2/3to2/2_0" slope="0.00"/>
        <vehicle id="13" x="488.04" y="601.65" angle="-90.00" type="DEFAULT_VEHTYPE" speed="12.74" pos="107.21" lane="3/3to2/3_0" slope="0.00"/>
        <vehicle id="14" x="198.35" y="510.09" angle="0.00" type="DEFAULT_VEHTYPE" speed="13.84" pos="85.16" lane="1/3to1/2_0" slope="0.00"/>
        <vehicle id="15" x="398.35" y="122.99" angle="0.00" type="DEFAULT_VEHTYPE" speed="13.70" pos="72.26" lane="2/1to2/0_0" slope="0.00"/>
        <vehicle id="16" x="598.35" y="337.79" angle="0.00" type="DEFAULT_VEHTYPE" speed="12.71" pos="57.46" lane="3/2to3/1_0" slope="0.00"/>
        <vehicle id="17" x="398.35" y="352.20" angle="0.00" type="DEFAULT_VEHTYPE" speed="10.53" pos="43.05" lane="2/2to2/1_0" slope="0.00"/>
        <vehicle id="18" x="239.83" y="398.35" angle="90.00" type="DEFAULT_VEHTYPE" speed="9.90" pos="35.08" lane="1/2to2/2_0" slope="0.00"/>
        <vehicle id="19" x="229.68" y="198.35" angle="90.00" type="DEFAULT_VEHTYPE" speed="7.55" pos="24.93" lane="1/1to2/1_0" slope="0.00"/>
        <vehicle id="2" x="48.97" y="198.35" angle="90.00" type="DEFAULT_VEHTYPE" speed="12.71" pos="48.97" lane="0/1to1/1_0" slope="0.00"/>
        <vehicle id="20" x="198.35" y="178.54" angle="0.00" type="DEFAULT_VEHTYPE" speed="5.59" pos="16.71" lane="1/1to1/0_0" slope="0.00"/>
        <vehicle id="21" x="384.05" y="601.65" angle="-90.00" type="DEFAULT_VEHTYPE" speed="3.89" pos="11.20" lane="2/3to1/3_0" slope="0.00"/>
        <vehicle id="22" x="598.35" y="587.56" angle="0.00" type="DEFAULT_VEHTYPE" speed="2.59" pos="7.69" lane="3/3to3/2_0" slope="0.00"/>
        <vehicle id="3" x="401.65" y="208.71" angle="173.18" type="DEFAULT_VEHTYPE" speed="8.51" pos="3.96" lane="2/1to2/2_0" slope="0.00"/>
        <vehicle id="4" x="205.48" y="601.65" angle="-90.00" type="DEFAULT_VEHTYPE" speed="5.87" pos="189.77" lane="2/3to1/3_0" slope="0.00"/>
        <vehicle id="5" x="398.35" y="794.68" angle="0.00" type="DEFAULT_VEHTYPE" speed="13.40" pos="5.32" lane="2/4to2/3_0" slope="0.00"/>
        <vehicle id="6" x="384.95" y="398.35" angle="90.00" type="DEFAULT_VEHTYPE" speed="7.03" pos="180.20" lane="1/2to2/2_0" slope="0.00"/>
        <vehicle id="7" x="401.65" y="184.93" angle="180.00" type="DEFAULT_VEHTYPE" speed="13.52" pos="184.93" lane="2/0to2/1_0" slope="0.00"/>
        <vehicle id="8" x="398.35" y="22.18" angle="0.00" type="DEFAULT_VEHTYPE" speed="13.49" pos="173.07" lane="2/1to2/0_0" slope="0.00"/>
        <vehicle id="9" x="201.65" y="551.60" angle="180.00" type="DEFAULT_VEHTYPE" speed="13.05" pos="146.85" lane="1/2to1/3_0" slope="0.00"/>
    </timestep>
    <timestep time="24.00">
        <vehicle id="0" x="598.35" y="541.71" angle="0.00" type="DEFAULT_VEHTYPE" speed="13.16" pos="53.54" lane="3/3to3/2_0" slope="0.00"/>
        <vehicle id="1" x="198.35" y="560.54" angle="0.00" type="DEFAULT_VEHTYPE" speed="13.37" pos="34.71" lane="1/3to1/2_0" slope="0.00"/>
        <vehicle id="10" x="398.35" y="54.34" angle="0.00" type="DEFAULT_VEHTYPE" speed="12.80" pos="140.91" lane="2/1to2/0_0" slope="0.00"/>
        <vehicle id="11" x="598.35" y="659.71" angle="0.00" type="DEFAULT_VEHTYPE" speed="13.59" pos="140.29" lane="3/4to3/3_0" slope="0.00"/>
        <vehicle id="12" x="398.35" y="468.46" angle="0.00" type="DEFAULT_VEHTYPE" speed="12.73" pos="126.79" lane="2/3to2/2_0" slope="0.00"/>
        <vehicle id="13" x="474.80" y="601.65" angle="-90.00" type="DEFAULT_VEHTYPE" speed="13.24" pos="120.45" lane="3/3to2/3_0" slope="0.00"/>
        <vehicle id="14" x="198.35" y="496.58" angle="0.00" type="DEFAULT_VEHTYPE" speed="13.51" pos="98.67" lane="1/3to1/2_0" slope="0.00"/>
        <vehicle id="15" x="398.35" y="109.78" angle="0.00" type="DEFAULT_VEHTYPE" speed="13.21" pos="85.47" lane="2/1to2/0_0" slope="0.00"/>
        <vehicle id="16" x="598.35" y="325.06" angle="0.00" type="DEFAULT_VEHTYPE" speed="12.73" pos="70.19" lane="3/2to3/1_0" slope="0.00"/>
        <vehicle id="17" x="398.35" y="339.83" angle="0.00" type="DEFAULT_VEHTYPE" speed="12.38" pos="55.42" lane="2/2to2/1_0" slope="0.00"/>
        <vehicle id="18" x="251.71" y="398.35" angle="90.00" type="DEFAULT_VEHTYPE" speed="11.89" pos="46.96" lane="1/2to2/2_0" slope="0.00"/>
        <vehicle id="19" x="238.59" y="198.35" angle="90.00" type="DEFAULT_VEHTYPE" speed="8.91" pos="33.84" lane="1/1to2/1_0" slope="0.00"/>
        <vehicle id="2" x="62.44" y="198.35" angle="90.00" type="DEFAULT_VEHTYPE" speed="13.47" pos="62.44" lane="0/1to1/1_0" slope="0.00"/>
        <vehicle id="20" x="198.35" y="171.61" angle="0.00" type="DEFAULT_VEHTYPE" speed="6.93" pos="23.64" lane="1/1to1/0_0" slope="0.00"/>
        <vehicle id="21" x="378.60" y="601.65" angle="-90.00" type="DEFAULT_VEHTYPE" speed="5.45" pos="16.65" lane="2/3to1/3_0" slope="0.00"/>
        <vehicle id="22" x="598.35" y="583.28" angle="0.00" type="DEFAULT_VEHTYPE" speed="4.28" pos="11.97" lane="3/3to3/2_0" slope="0.00"/>
        <vehicle id="24" x="209.85" y="398.35" angle="90.00" type="DEFAULT_VEHTYPE" speed="0.00" pos="5.10" lane="1/2to2/2_0" slope="0.00"/>
        <vehicle id="3" x="401.65" y="218.79" angle="180.00" type="DEFAULT_VEHTYPE" speed="10.08" pos="14.04" lane="2/1to2/2_0" slope="0.00"/>
        <vehicle id="4" x="198.72" y="597.85" angle="-44.47" type="DEFAULT_VEHTYPE" speed="8.43" pos="7.70" lane=":1/3_6_0" slope="0.00"/>
        <vehicle id="5" x="398.35" y="781.96" angle="0.00" type="DEFAULT_VEHTYPE" speed="12.72" pos="18.04" lane="2/4to2/3_0" slope="0.00"/>
        <vehicle id="6" x="389.44" y="398.35" angle="90.00" type="DEFAULT_VEHTYPE" speed="4.50" pos="184.69" lane="1/2to2/2_0" slope="0.00"/>
        <vehicle id="7" x="403.14" y="198.01" angle="161.39" type="DEFAULT_VEHTYPE" speed="13.66" pos="3.34" lane=":2/1_8_0" slope="0.00"/>
        <vehicle id="8" x="398.35" y="9.12" angle="0.00" type="DEFAULT_VEHTYPE" speed="13.06" pos="186.13" lane="2/1to2/0_0" slope="0.00"/>
        <vehicle id="9" x="201.65" y="564.30" angle="180.00" type="DEFAULT_VEHTYPE" speed="12.70" pos="159.55" lane="1/2to1/3_0" slope="0.00"/>
    </timestep>
    <timestep time="25.00">
        <vehicle id="0" x="598.35" y="528.51" angle="0.00" type="DEFAULT_VEHTYPE" speed="13.20" pos="66.74" lane="3/3to3/2_0" slope="0.00"/>
        <vehicle id="1" x="198.35" y="546.82" angle="0.00" type="DEFAULT_VEHTYPE" speed="13.71" pos="48.43" lane="1/3to1/2_0" slope="0.00"/>
        <vehicle id="10" x="398.35" y="40.54" angle="0.00" type="DEFAULT_VEHTYPE" speed="13.80" pos="154.71" lane="2/1to2/0_0" slope="0.00"/>
        <vehicle id="11" x="598.35" y="645.82" angle="0.00" type="DEFAULT_VEHTYPE" speed="13.89" pos="154.18" lane="3/4to3/3_0" slope="0.00"/>
        <vehicle id="12" x="398.35" y="455.84" angle="0.00" type="DEFAULT_VEHTYPE" speed="12.61" pos="139.41" lane="2/3to2/2_0" slope="0.00"/>
        <vehicle id="13" x="462.01" y="601.65" angle="-90.00" type="DEFAULT_VEHTYPE" speed="12.79" pos="133.24" lane="3/3to2/3_0" slope="0.00"/>
        <vehicle id="14" x="198.35" y="482.76" angle="0.00" type="DEFAULT_VEHTYPE" speed="13.83" pos="112.49" lane="1/3to1/2_0" slope="0.00"/>
        <vehicle id="15" x="398.35" y="96.29" angle="0.00" type="DEFAULT_VEHTYPE" speed="13.48" pos="98.96" lane="2/1to2/0_0" slope="0.00"/>
        <vehicle id="16" x="598.35" y="311.25" angle="0.00" type="DEFAULT_VEHTYPE" speed="13.82" pos="84.00" lane="3/2to3/1_0" slope="0.00"/>
        <vehicle id="17" x="398.35" y="325.95" angle="0.00" type="DEFAULT_VEHTYPE" speed="13.88" pos="69.30" lane="2/2to2/1_0" slope="0.00"/>
        <vehicle id="18" x="264.37" y="398.35" angle="90.00" type="DEFAULT_VEHTYPE" speed="12.66" pos="59.62" lane="1/2to2/2_0" slope="0.00"/>
        <vehicle id="19" x="249.77" y="198.35" angle="90.00" type="DEFAULT_VEHTYPE" speed="11.18" pos="45.02" lane="1/1to2/1_0" slope="0.00"/>
        <vehicle id="2" x="75.46" y="198.35" angle="90.00" type="DEFAULT_VEHTYPE" speed="13.01" pos="75.46" lane="0/1to1/1_0" slope="0.00"/>
        <vehicle id="20" x="198.35" y="163.00" angle="0.00" type="DEFAULT_VEHTYPE" speed="8.61" pos="32.25" lane="1/1to1/0_0" slope="0.00"/>
        <vehicle id="21" x="371.33" y="601.65" angle="-90.00" type="DEFAULT_VEHTYPE" speed="7.27" pos="23.92" lane="2/3to1/3_0" slope="0.00"/>
        <vehicle id="22" x="598.35" y="576.45" angle="0.00" type="DEFAULT_VEHTYPE" speed="6.83" pos="18.80" lane="3/3to3/2_0" slope="0.00"/>
        <vehicle id="24" x="211.89" y="398.35" angle="90.00" type="DEFAULT_VEHTYPE" speed="2.04" pos="7.14" lane="1/2to2/2_0" slope="0.00"/>
        <vehicle id="3" x="401.65" y="231.19" angle="180.00" type="DEFAULT_VEHTYPE" speed="12.39" pos="26.44" lane="2/1to2/2_0" slope="0.00"/>
        <vehicle id="4" x="198.35" y="587.83" angle="0.00" type="DEFAULT_VEHTYPE" speed="10.04" pos="7.42" lane="1/3to1/2_0" slope="0.00"/>
        <vehicle id="5" x="398.35" y="769.22" angle="0.00" type="DEFAULT_VEHTYPE" speed="12.74" pos="30.78" lane="2/4to2/3_0" slope="0.00"/>
        <vehicle id="6" x="395.38" y="398.37" angle="90.21" type="DEFAULT_VEHTYPE" speed="5.94" pos="0.13" lane=":2/2_14_0" slope="0.00"/>
        <vehicle id="7" x="415.82" y="198.35" angle="90.00" type="DEFAULT_VEHTYPE" speed="12.73" pos="11.07" lane="2/1to3/1_0" slope="0.00"/>
        <vehicle id="8" x="401.01" y="-0.96" angle="49.31" type="DEFAULT_VEHTYPE" speed="12.79" pos="3.67" lane=":2/0_0_0" slope="0.00"/>
        <vehicle id="9" x="201.65" y="577.75" angle="180.00" type="DEFAULT_VEHTYPE" speed="13.45" pos="173.00" lane="1/2to1/3_0" slope="0.00"/>
    </timestep>
    <timestep time="26.00">
        <vehicle id="0" x="598.35" y="515.30" angle="0.00" type="DEFAULT_VEHTYPE" speed="13.21" pos="79.95" lane="3/3to3/2_0" slope="0.00"/>
        <vehicle id="1" x="198.35" y="533.47" angle="0.00" type="DEFAULT_VEHTYPE" speed="13.35" pos="61.78" lane="1/3to1/2_0" slope="0.00"/>
        <vehicle id="10" x="398.35" y="27.31" angle="0.00" type="DEFAULT_VEHTYPE" speed="13.23" pos="167.94" lane="2/1to2/0_0" slope="0.00"/>
        <vehicle id="11" x="598.35" y="632.03" angle="0.00" type="DEFAULT_VEHTYPE" speed="13.79" pos="167.97" lane="3/4to3/3_0" slope="0.00"/>
        <vehicle id="12" x="398.35" y="442.05" angle="0.00" type="DEFAULT_VEHTYPE" speed="13.79" pos="153.20" lane="2/3to2/2_0" slope="0.00"/>
        <vehicle id="13" x="448.37" y="601.65" angle="-90.00" type="DEFAULT_VEHTYPE" speed="13.64" pos="146.88" lane="3/3to2/3_0" slope="0.00"/>
        <vehicle id="14" x="198.35" y="470.03" angle="0.00" type="DEFAULT_VEHTYPE" speed="12.73" pos="125.22" lane="1/3to1/2_0" slope="0.00"/>
        <vehicle id="15" x="398.35" y="82.75" angle="0.00" type="DEFAULT_VEHTYPE" speed="13.54" pos="112.50" lane="2/1to2/0_0" slope="0.00"/>
        <vehicle id="16" x="598.35" y="298.61" angle="0.00" type="DEFAULT_VEHTYPE" speed="12.63" pos="96.64" lane="3/2to3/1_0" slope="0.00"/>
        <vehicle id="17" x="398.35" y="312.54" angle="0.00" type="DEFAULT_VEHTYPE" speed="13.41" pos="82.71" lane="2/2to2/1_0" slope="0.00"/>
        <vehicle id="18" x="278.07" y="398.35" angle="90.00" type="DEFAULT_VEHTYPE" speed="13.71" pos="73.32" lane="1/2to2/2_0" slope="0.00"/>
        <vehicle id="19" x="263.47" y="198.35" angle="90.00" type="DEFAULT_VEHTYPE" speed="13.70" pos="58.72" lane="1/1to2/1_0" slope="0.00"/>
        <vehicle id="2" x="89.20" y="198.35" angle="90.00" type="DEFAULT_VEHTYPE" speed="13.74" pos="89.20" lane="0/1to1/1_0" slope="0.00"/>
        <vehicle id="20" x="198.35" y="152.47" angle="0.00" type="DEFAULT_VEHTYPE" speed="10.53" pos="42.78" lane="1/1to1/0_0" slope="0.00"/>
        <vehicle id="21" x="362.34" y="601.65" angle="-90.00" type="DEFAULT_VEHTYPE" speed="8.99" pos="32.91" lane="2/3to1/3_0" slope="0.00"/>
        <vehicle id="22" x="598.35" y="568.17" angle="0.00" type="DEFAULT_VEHTYPE" speed="8.28" pos="27.08" lane="3/3to3/2_0" slope="0.00"/>
        <vehicle id="24" x="215.48" y="398.35" angle="90.00" type="DEFAULT_VEHTYPE" speed="3.58" pos="10.73" lane="1/2to2/2_0" slope="0.00"/>
        <vehicle id="3" x="401.65" y="243.98" angle="180.00" type="DEFAULT_VEHTYPE" speed="12.79" pos="39.23" lane="2/1to2/2_0" slope="0.00"/>
        <vehicle id="4" x="198.35" y="576.28" angle="0.00" type="DEFAULT_VEHTYPE" speed="11.55" pos="18.97" lane="1/3to1/2_0" slope="0.00"/>
        <vehicle id="5" x="398.35" y="755.79" angle="0.00" type="DEFAULT_VEHTYPE" speed="13.43" pos="44.21" lane="2/4to2/3_0" slope="0.00"/>
        <vehicle id="6" x="401.37" y="402.77" angle="142.45" type="DEFAULT_VEHTYPE" speed="8.19" pos="8.32" lane=":2/2_14_0" slope="0.00"/>
        <vehicle id="7" x="429.41" y="198.35" angle="90.00" type="DEFAULT_VEHTYPE" speed="13.59" pos="24.66" lane="2/1to3/1_0" slope="0.00"/>
        <vehicle id="8" x="401.65" y="12.19" angle="180.00" type="DEFAULT_VEHTYPE" speed="13.34" pos="12.19" lane="2/0to2/1_0" slope="0.00"/>
        <vehicle id="9" x="201.65" y="591.50" angle="180.00" type="DEFAULT_VEHTYPE" speed="13.75" pos="186.75" lane="1/2to1/3_0" slope="0.00"/>
    </timestep>
    <timestep time="27.00">
        <vehicle id="0" x="598.35" y="502.14" angle="0.00" type="DEFAULT_VEHTYPE" speed="13.16" pos="93.11" lane="3/3to3/2_0" slope="0.00"/>
        <vehicle id="1" x="198.35" y="520.70" angle="0.00" type="DEFAULT_VEHTYPE" speed="12.77" pos="74.55" lane="1/3to1/2_0" slope="0.00"/>
        <vehicle id="10" x="398.35" y="14.70" angle="0.00" type="DEFAULT_VEHTYPE" speed="12.61" pos="180.55" lane="2/1to2/0_0" slope="0.00"/>
        <vehicle id="11" x="598.35" y="618.81" angle="0.00" type="DEFAULT_VEHTYPE" speed="13.23" pos="181.19" lane="3/4to3/3_0" slope="0.00"/>
        <vehicle id="12" x="398.35" y="428.95" angle="0.00" type="DEFAULT_VEHTYPE" speed="13.10" pos="166.30" lane="2/3to2/2_0" slope="0.00"/>
        <vehicle id="13" x="434.48" y="601.65" angle="-90.00" type="DEFAULT_VEHTYPE" speed="13.89" pos="160.77" lane="3/3to2/3_0" slope="0.00"/>
        <vehicle id="14" x="198.35" y="457.08" angle="0.00" type="DEFAULT_VEHTYPE" speed="12.95" pos="138.17" lane="1/3to1/2_0" slope="0.00"/>
        <vehicle id="15" x="398.35" y="69.96" angle="0.00" type="DEFAULT_VEHTYPE" speed="12.79" pos="125.29" lane="2/1to2/0_0" slope="0.00"/>
        <vehicle id="16" x="598.35" y="285.14" angle="0.00" type="DEFAULT_VEHTYPE" speed="13.47" pos="110.11" lane="3/2to3/1_0" slope="0.00"/>
        <vehicle id="17" x="398.35" y="299.86" angle="0.00" type="DEFAULT_VEHTYPE" speed="12.68" pos="95.39" lane="2/2to2/1_0" slope="0.00"/>
        <vehicle id="18" x="291.19" y="398.35" angle="90.00" type="DEFAULT_VEHTYPE" speed="13.12" pos="86.44" lane="1/2to2/2_0" slope="0.00"/>
        <vehicle id="19" x="276.27" y="198.35" angle="90.00" type="DEFAULT_VEHTYPE" speed="12.80" pos="71.52" lane="1/1to2/1_0" slope="0.00"/>
        <vehicle id="2" x="103.08" y="198.35" angle="90.00" type="DEFAULT_VEHTYPE" speed="13.88" pos="103.08" lane="0/1to1/1_0" slope="0.00"/>
        <vehicle id="20" x="198.35" y="139.49" angle="0.00" type="DEFAULT_VEHTYPE" speed="12.98" pos="55.76" lane="1/1to1/0_0" slope="0.00"/>
        <vehicle id="21" x="351.05" y="601.65" angle="-90.00" type="DEFAULT_VEHTYPE" speed="11.29" pos="44.20" lane="2/3to1/3_0" slope="0.00"/>
        <vehicle id="22" x="598.35" y="557.48" angle="0.00" type="DEFAULT_VEHTYPE" speed="10.69" pos="37.77" lane="3/3to3/2_0" slope="0.00"/>
        <vehicle id="24" x="220.40" y="398.35" angle="90.00" type="DEFAULT_VEHTYPE" speed="4.92" pos="15.65" lane="1/2to2/2_0" slope="0.00"/>
        <vehicle id="3" x="401.65" y="256.82" angle="180.00" type="DEFAULT_VEHTYPE" speed="12.84" pos="52.07" lane="2/1to2/2_0" slope="0.00"/>
        <vehicle id="4" x="198.35" y="563.08" angle="0.00" type="DEFAULT_VEHTYPE" speed="13.20" pos="32.17" lane="1/3to1/2_0" slope="0.00"/>
        <vehicle id="5" x="398.35" y="742.88" angle="0.00" type="DEFAULT_VEHTYPE" speed="12.91" pos="57.12" lane="2/4to2/3_0" slope="0.00"/>
        <vehicle id="6" x="401.65" y="413.49" angle="180.00" type="DEFAULT_VEHTYPE" speed="10.74" pos="8.74" lane="2/2to2/3_0" slope="0.00"/>
        <vehicle id="7" x="443.13" y="198.35" angle="90.00" type="DEFAULT_VEHTYPE" speed="13.72" pos="38.38" lane="2/1to3/1_0" slope="0.00"/>
        <vehicle id="8" x="401.65" y="26.02" angle="180.00" type="DEFAULT_VEHTYPE" speed="13.83" pos="26.02" lane="2/0to2/1_0" slope="0.00"/>
        <vehicle id="9" x="209.08" y="598.35" angle="91.08" type="DEFAULT_VEHTYPE" speed="13.07" pos="4.33" lane="1/3to2/3_0" slope="0.00"/>
    </timestep>
    <timestep time="28.00">
        <vehicle id="0" x="598.35" y="488.79" angle="0.00" type="DEFAULT_VEHTYPE" speed="13.35" pos="106.46" lane="3/3to3/2_0" slope="0.00"/>
        <vehicle id="1" x="198.35" y="507.36" angle="0.00" type="DEFAULT_VEHTYPE" speed="13.34" pos="87.89" lane="1/3to1/2_0" slope="0.00"/>
        <vehicle id="10" x="398.35" y="1.49" angle="0.00" type="DEFAULT_VEHTYPE" speed="13.21" pos="193.76" lane="2/1to2/0_0" slope="0.00"/>
        <vehicle id="11" x="598.35" y="605.18" angle="0.00" type="DEFAULT_VEHTYPE" speed="13.63" pos="194.82" lane="3/4to3/3_0" slope="0.00"/>
        <vehicle id="12" x="398.35" y="416.08" angle="0.00" type="DEFAULT_VEHTYPE" speed="12.88" pos="179.17" lane="2/3to2/2_0" slope="0.00"/>
        <vehicle id="13" x="421.64" y="601.65" angle="-90.00" type="DEFAULT_VEHTYPE" speed="12.84" pos="173.61" lane="3/3to2/3_0" slope="0.00"/>
        <vehicle id="14" x="198.35" y="443.86" angle="0.00" type="DEFAULT_VEHTYPE" speed="13.23" pos="151.39" lane="1/3to1/2_0" slope="0.00"/>
        <vehicle id="15" x="398.35" y="57.04" angle="0.00" type="DEFAULT_VEHTYPE" speed="12.92" pos="138.21" lane="2/1to2/0_0" slope="0.00"/>
        <vehicle id="16" x="598.35" y="271.92" angle="0.00" type="DEFAULT_VEHTYPE" speed="13.22" pos="123.33" lane="3/2to3/1_0" slope="0.00"/>
        <vehicle id="17" x="398.35" y="287.19" angle="0.00" type="DEFAULT_VEHTYPE" speed="12.66" pos="108.06" lane="2/2to2/1_0" slope="0.00"/>
        <vehicle id="18" x="304.21" y="398.35" angle="90.00" type="DEFAULT_VEHTYPE" speed="13.02" pos="99.46" lane="1/2to2/2_0" slope="0.00"/>
        <vehicle id="19" x="289.47" y="198.35" angle="90.00" type="DEFAULT_VEHTYPE" speed="13.19" pos="84.72" lane="1/1to2/1_0" slope="0.00"/>
        <vehicle id="2" x="116.26" y="198.35" angle="90.00" type="DEFAULT_VEHTYPE" speed="13.18" pos="116.26" lane="0/1to1/1_0" slope="0.00"/>
        <vehicle id="20" x="198.35" y="126.88" angle="0.00" type="DEFAULT_VEHTYPE" speed="12.61" pos="68.37" lane="1/1to1/0_0" slope="0.00"/>
        <vehicle id="21" x="338.43" y="601.65" angle="-90.00" type="DEFAULT_VEHTYPE" speed="12.63" pos="56.82" lane="2/3to1/3_0" slope="0.00"/>
        <vehicle id="22" x="598.35" y="544.38" angle="0.00" type="DEFAULT_VEHTYPE" speed="13.10" pos="50.87" lane="3/3to3/2_0" slope="0.00"/>
        <vehicle id="23" x="209.85" y="598.35" angle="90.00" type="DEFAULT_VEHTYPE" speed="0.00" pos="5.10" lane="1/3to2/3_0" slope="0.00"/>
        <vehicle id="24" x="227.08" y="398.35" angle="90.00" type="DEFAULT_VEHTYPE" speed="6.68" pos="22.33" lane="1/2to2/2_0" slope="0.00"/>
        <vehicle id="3" x="401.65" y="270.38" angle="180.00" type="DEFAULT_VEHTYPE" speed="13.56" pos="65.63" lane="2/1to2/2_0" slope="0.00"/>
        <vehicle id="4" x="198.35" y="549.73" angle="0.00" type="DEFAULT_VEHTYPE" speed="13.35" pos="45.52" lane="1/3to1/2_0" slope="0.00"/>
        <vehicle id="5" x="398.35" y="729.09" angle="0.00" type="DEFAULT_VEHTYPE" speed="13.79" pos="70.91" lane="2/4to2/3_0" slope="0.00"/>
        <vehicle id="6" x="401.65" y="426.66" angle="180.00" type="DEFAULT_VEHTYPE" speed="13.17" pos="21.91" lane="2/2to2/3_0" slope="0.00"/>
        <vehicle id="7" x="456.87" y="198.35" angle="90.00" type="DEFAULT_VEHTYPE" speed="13.74" pos="52.12" lane="2/1to3/1_0" slope="0.00"/>
        <vehicle id="8" x="401.65" y="38.72" angle="180.00" type="DEFAULT_VEHTYPE" speed="12.69" pos="38.72" lane="2/0to2/1_0" slope="0.00"/>
        <vehicle id="9" x="221.76" y="598.35" angle="90.00" type="DEFAULT_VEHTYPE" speed="12.68" pos="17.01" lane="1/3to2/3_0" slope="0.00"/>
    </timestep>
    <timestep time="29.00">
        <vehicle id="0" x="598.35" y="475.33" angle="0.00" type="DEFAULT_VEHTYPE" speed="13.47" pos="119.92" lane="3/3to3/2_0" slope="0.00"/>
        <vehicle id="1" x="198.35" y="494.70" angle="0.00" type="DEFAULT_VEHTYPE" speed="12.66" pos="100.55" lane="1/3to1/2_0" slope="0.00"/>
        <vehicle id="10" x="401.65" y="7.45" angle="180.00" type="DEFAULT_VEHTYPE" speed="13.76" pos="7.45" lane="2/0to2/1_0" slope="0.00"/>
        <vehicle id="11" x="598.35" y="592.40" angle="0.00" type="DEFAULT_VEHTYPE" speed="12.78" pos="2.85" lane="3/3to3/2_0" slope="0.00"/>
        <vehicle id="12" x="397.73" y="402.67" angle="-7.22" type="DEFAULT_VEHTYPE" speed="13.53" pos="2.21" lane=":2/2_0_0" slope="0.00"/>
        <vehicle id="13" x="407.98" y="601.65" angle="-90.00" type="DEFAULT_VEHTYPE" speed="13.65" pos="187.27" lane="3/3to2/3_0" slope="0.00"/>
        <vehicle id="14" x="198.35" y="431.08" angle="0.00" type="DEFAULT_VEHTYPE" speed="12.77" pos="164.17" lane="1/3to1/2_0" slope="0.00"/>
        <vehicle id="15" x="398.35" y="44.19" angle="0.00" type="DEFAULT_VEHTYPE" speed="12.85" pos="151.06" lane="2/1to2/0_0" slope="0.00"/>
        <vehicle id="16" x="598.35" y="259.23" angle="0.00" type="DEFAULT_VEHTYPE" speed="12.69" pos="136.02" lane="3/2to3/1_0" slope="0.00"/>
        <vehicle id="17" x="398.35" y="273.52" angle="0.00" type="DEFAULT_VEHTYPE" speed="13.67" pos="121.73" lane="2/2to2/1_0" slope="0.00"/>
        <vehicle id="18" x="317.73" y="398.35" angle="90.00" type="DEFAULT_VEHTYPE" speed="13.52" pos="112.98" lane="1/2to2/2_0" slope="0.00"/>
        <vehicle id="19" x="302.86" y="198.35" angle="90.00" type="DEFAULT_VEHTYPE" speed="13.39" pos="98.11" lane="1/1to2/1_0" slope="0.00"/>
        <vehicle id="2" x="128.96" y="198.35" angle="90.00" type="DEFAULT_VEHTYPE" speed="12.70" pos="128.96" lane="0/1to1/1_0" slope="0.00"/>
        <vehicle id="20" x="198.35" y="114.11" angle="0.00" type="DEFAULT_VEHTYPE" speed="12.77" pos="81.14" lane="1/1to1/0_0" slope="0.00"/>
        <vehicle id="21" x="325.32" y="601.65" angle="-90.00" type="DEFAULT_VEHTYPE" speed="13.10" pos="69.93" lane="2/3to1/3_0" slope="0.00"/>
        <vehicle id="22" x="598.35" y="531.41" angle="0.00" type="DEFAULT_VEHTYPE" speed="12.97" pos="63.84" lane="3/3to3/2_0" slope="0.00"/>
        <vehicle id="23" x="211.20" y="598.35" angle="90.00" type="DEFAULT_VEHTYPE" speed="1.35" pos="6.45" lane="1/3to2/3_0" slope="0.00"/>
        <vehicle id="24" x="236.28" y="398.35" angle="90.00" type="DEFAULT_VEHTYPE" speed="9.20" pos="31.53" lane="1/2to2/2_0" slope="0.00"/>
        <vehicle id="3" x="401.65" y="283.74" angle="180.00" type="DEFAULT_VEHTYPE" speed="13.36" pos="78.99" lane="2/1to2/2_0" slope="0.00"/>
        <vehicle id="4" x="198.35" y="536.15" angle="0.00" type="DEFAULT_VEHTYPE" speed="13.58" pos="59.10" lane="1/3to1/2_0" slope="0.00"/>
        <vehicle id="5" x="398.35" y="716.06" angle="0.00" type="DEFAULT_VEHTYPE" speed="13.03" pos="83.94" lane="2/4to2/3_0" slope="0.00"/>
        <vehicle id="6" x="401.65" y="440.31" angle="180.00" type="DEFAULT_VEHTYPE" speed="13.65" pos="35.56" lane="2/2to2/3_0" slope="0.00"/>
        <vehicle id="7" x="469.58" y="198.35" angle="90.00" type="DEFAULT_VEHTYPE" speed="12.70" pos="64.83" lane="2/1to3/1_0" slope="0.00"/>
        <vehicle id="8" x="401.65" y="51.89" angle="180.00" type="DEFAULT_VEHTYPE" speed="13.17" pos="51.89" lane="2/0to2/1_0" slope="0.00"/>
        <vehicle id="9" x="235.55" y="598.35" angle="90.00" type="DEFAULT_VEHTYPE" speed="13.79" pos="30.80" lane="1/3to2/3_0" slope="0.00"/>
    </timestep>
    <timestep time="30.00">
        <vehicle id="0" x="598.35" y="462.11" angle="0.00" type="DEFAULT_VEHTYPE" speed="13.22" pos="133.14" lane="3/3to3/2_0" slope="0.00"/>
        <vehicle id="1" x="198.35" y="481.57" angle="0.00" type="DEFAULT_VEHTYPE" speed="13.14" pos="113.68" lane="1/3to1/2_0" slope="0.00"/>
        <vehicle id="10" x="401.65" y="20.69" angle="180.00" type="DEFAULT_VEHTYPE" speed="13.24" pos="20.69" lane="2/0to2/1_0" slope="0.00"/>
        <vehicle id="11" x="598.35" y="579.55" angle="0.00" type="DEFAULT_VEHTYPE" speed="12.85" pos="15.70" lane="3/3to3/2_0" slope="0.00"/>
        <vehicle id="12" x="384.92" y="401.65" angle="-90.00" type="DEFAULT_VEHTYPE" speed="13.13" pos="10.33" lane="2/2to1/2_0" slope="0.00"/>
        <vehicle id="14" x="198.35" y="417.58" angle="0.00" type="DEFAULT_VEHTYPE" speed="13.50" pos="177.67" lane="1/3to1/2_0" slope="0.00"/>
        <vehicle id="15" x="398.35" y="30.60" angle="0.00" type="DEFAULT_VEHTYPE" speed="13.60" pos="164.65" lane="2/1to2/0_0" slope="0.00"/>
        <vehicle id="16" x="598.35" y="245.97" angle="0.00" type="DEFAULT_VEHTYPE" speed="13.27" pos="149.28" lane="3/2to3/1_0" slope="0.00"/>
        <vehicle id="17" x="398.35" y="260.64" angle="0.00" type="DEFAULT_VEHTYPE" speed="12.89" pos="134.61" lane="2/2to2/1_0" slope="0.00"/>
        <vehicle id="18" x="330.35" y="398.35" angle="90.00" type="DEFAULT_VEHTYPE" speed="12.62" pos="125.60" lane="1/2to2/2_0" slope="0.00"/>
        <vehicle id="19" x="316.46" y="198.35" angle="90.00" type="DEFAULT_VEHTYPE" speed="13.60" pos="111.71" lane="1/1to2/1_0" slope="0.00"/>
        <vehicle id="2" x="142.34" y="198.35" angle="90.00" type="DEFAULT_VEHTYPE" speed="13.38" pos="142.34" lane="0/1to1/1_0" slope="0.00"/>
        <vehicle id="20" x="198.35" y="101.34" angle="0.00" type="DEFAULT_VEHTYPE" speed="12.78" pos="93.91" lane="1/1to1/0_0" slope="0.00"/>
        <vehicle id="21" x="311.80" y="601.65" angle="-90.00" type="DEFAULT_VEHTYPE" speed="13.52" pos="83.45" lane="2/3to1/3_0" slope="0.00"/>
        <vehicle id="22" x="598.35" y="518.28" angle="0.00" type="DEFAULT_VEHTYPE" speed="13.13" pos="76.97" lane="3/3to3/2_0" slope="0.00"/>
        <vehicle id="23" x="215.11" y="598.35" angle="90.00" type="DEFAULT_VEHTYPE" speed="3.92" pos="10.36" lane="1/3to2/3_0" slope="0.00"/>
        <vehicle id="24" x="247.53" y="398.35" angle="90.00" type="DEFAULT_VEHTYPE" speed="11.25" pos="42.78" lane="1/2to2/2_0" slope="0.00"/>
        <vehicle id="3" x="401.65" y="297.20" angle="180.00" type="DEFAULT_VEHTYPE" speed="13.46" pos="92.45" lane="2/1to2/2_0" slope="0.00"/>
        <vehicle id="4" x="198.35" y="522.83" angle="0.00" type="DEFAULT_VEHTYPE" speed="13.32" pos="72.42" lane="1/3to1/2_0" slope="0.00"/>
        <vehicle id="5" x="398.35" y="703.28" angle="0.00" type="DEFAULT_VEHTYPE" speed="12.77" pos="96.72" lane="2/4to2/3_0" slope="0.00"/>
        <vehicle id="6" x="401.65" y="453.54" angle="180.00" type="DEFAULT_VEHTYPE" speed="13.24" pos="48.79" lane="2/2to2/3_0" slope="0.00"/>
        <vehicle id="7" x="482.52" y="198.35" angle="90.00" type="DEFAULT_VEHTYPE" speed="12.95" pos="77.77" lane="2/1to3/1_0" slope="0.00"/>
        <vehicle id="8" x="401.65" y="65.53" angle="180.00" type="DEFAULT_VEHTYPE" speed="13.64" pos="65.53" lane="2/0to2/1_0" slope="0.00"/>
        <vehicle id="9" x="248.37" y="598.35" angle="90.00" type="DEFAULT_VEHTYPE" speed="12.82" pos="43.62" lane="1/3to2/3_0" slope="0.00"/>
    </timestep>
    <timestep time="31.00">
        <vehicle id="0" x="598.35" y="448.44" angle="0.00" type="DEFAULT_VEHTYPE" speed="13.67" pos="146.81" lane="3/3to3/2_0" slope="0.00"/>
        <vehicle id="1" x="198.35" y="468.13" angle="0.00" type="DEFAULT_VEHTYPE" speed="13.44" pos="127.12" lane="1/3to1/2_0" slope="0.00"/>
        <vehicle id="10" x="401.65" y="33.40" angle="180.00" type="DEFAULT_VEHTYPE" speed="12.71" pos="33.40" lane="2/0to2/1_0" slope="0.00"/>
        <vehicle id="11" x="598.35" y="566.57" angle="0.00" type="DEFAULT_VEHTYPE" speed="12.98" pos="28.68" lane="3/3to3/2_0" slope="0.00"/>
        <vehicle id="12" x="371.04" y="401.65" angle="-90.00" type="DEFAULT_VEHTYPE" speed="13.88" pos="24.21" lane="2/2to1/2_0" slope="0.00"/>
        <vehicle id="14" x="198.35" y="404.58" angle="0.00" type="DEFAULT_VEHTYPE" speed="13.00" pos="0.17" lane=":1/2_1_0" slope="0.00"/>
        <vehicle id="15" x="398.35" y="17.42" angle="0.00" type="DEFAULT_VEHTYPE" speed="13.17" pos="177.83" lane="2/1to2/0_0" slope="0.00"/>
        <vehicle id="16" x="598.35" y="232.25" angle="0.00" type="DEFAULT_VEHTYPE" speed="13.72" pos="163.00" lane="3/2to3/1_0" slope="0.00"/>
        <vehicle id="17" x="398.35" y="247.83" angle="0.00" type="DEFAULT_VEHTYPE" speed="12.80" pos="147.42" lane="2/2to2/1_0" slope="0.00"/>
        <vehicle id="18" x="344.01" y="398.35" angle="90.00" type="DEFAULT_VEHTYPE" speed="13.66" pos="139.26" lane="1/2to2/2_0" slope="0.00"/>
        <vehicle id="19" x="329.61" y="198.35" angle="90.00" type="DEFAULT_VEHTYPE" speed="13.15" pos="124.86" lane="1/1to2/1_0" slope="0.00"/>
        <vehicle id="2" x="155.17" y="198.35" angle="90.00" type="DEFAULT_VEHTYPE" speed="12.83" pos="155.17" lane="0/1to1/1_0" slope="0.00"/>
        <vehicle id="20" x="198.35" y="88.58" angle="0.00" type="DEFAULT_VEHTYPE" speed="12.76" pos="106.67" lane="1/1to1/0_0" slope="0.00"/>
        <vehicle id="21" x="298.49" y="601.65" angle="-90.00" type="DEFAULT_VEHTYPE" speed="13.31" pos="96.76" lane="2/3to1/3_0" slope="0.00"/>
        <vehicle id="22" x="598.35" y="505.20" angle="0.00" type="DEFAULT_VEHTYPE" speed="13.08" pos="90.05" lane="3/3to3/2_0" slope="0.00"/>
        <vehicle id="23" x="220.56" y="598.35" angle="90.00" type="DEFAULT_VEHTYPE" speed="5.45" pos="15.81" lane="1/3to2/3_0" slope="0.00"/>
        <vehicle id="24" x="261.02" y="398.35" angle="90.00" type="DEFAULT_VEHTYPE" speed="13.49" pos="56.27" lane="1/2to2/2_0" slope="0.00"/>
        <vehicle id="3" x="401.65" y="310.93" angle="180.00" type="DEFAULT_VEHTYPE" speed="13.73" pos="106.18" lane="2/1to2/2_0" slope="0.00"/>
        <vehicle id="4" x="198.35" y="509.76" angle="0.00" type="DEFAULT_VEHTYPE" speed="13.07" pos="85.49" lane="1/3to1/2_0" slope="0.00"/>
        <vehicle id="5" x="398.35" y="689.48" angle="0.00" type="DEFAULT_VEHTYPE" speed="13.81" pos="110.52" lane="2/4to2/3_0" slope="0.00"/>
        <vehicle id="6" x="401.65" y="466.21" angle="180.00" type="DEFAULT_VEHTYPE" speed="12.67" pos="61.46" lane="2/2to2/3_0" slope="0.00"/>
        <vehicle id="7" x="495.55" y="198.35" angle="90.00" type="DEFAULT_VEHTYPE" speed="13.02" pos="90.80" lane="2/1to3/1_0" slope="0.00"/>
        <vehicle id="8" x="401.65" y="78.18" angle="180.00" type="DEFAULT_VEHTYPE" speed="12.65" pos="78.18" lane="2/0to2/1_0" slope="0.00"/>
        <vehicle id="9" x="261.36" y="598.35" angle="90.00" type="DEFAULT_VEHTYPE" speed="12.99" pos="56.61" lane="1/3to2/3_0" slope="0.00"/>
    </timestep>
    <timestep time="32.00">
        <vehicle id="0" x="598.35" y="434.74" angle="0.00" type="DEFAULT_VEHTYPE" speed="13.70" pos="160.51" lane="3/3to3/2_0" slope="0.00"/>
        <vehicle id="1" x="198.35" y="455.41" angle="0.00" type="DEFAULT_VEHTYPE" speed="12.72" pos="139.84" lane="1/3to1/2_0" slope="0.00"/>
        <vehicle id="10" x="401.65" y="46.78" angle="180.00" type="DEFAULT_VEHTYPE" speed="13.38" pos="46.78" lane="2/0to2/1_0" slope="0.00"/>
        <vehicle id="11" x="598.35" y="552.93" angle="0.00" type="DEFAULT_VEHTYPE" speed="13.63" pos="42.32" lane="3/3to3/2_0" slope="0.00"/>
        <vehicle id="12" x="357.31" y="401.65" angle="-90.00" type="DEFAULT_VEHTYPE" speed="13.73" pos="37.94" lane="2/2to1/2_0" slope="0.00"/>
        <vehicle id="14" x="198.35" y="390.85" angle="0.00" type="DEFAULT_VEHTYPE" speed="13.73" pos="4.40" lane="1/2to1/1_0" slope="0.00"/>
        <vehicle id="15" x="398.35" y="4.24" angle="0.00" type="DEFAULT_VEHTYPE" speed="13.19" pos="191.01" lane="2/1to2/0_0" slope="0.00"/>
        <vehicle id="16" x="598.35" y="221.13" angle="0.00" type="DEFAULT_VEHTYPE" speed="11.12" pos="174.12" lane="3/2to3/1_0" slope="0.00"/>
        <vehicle id="17" x="398.35" y="235.06" angle="0.00" type="DEFAULT_VEHTYPE" speed="12.77" pos="160.19" lane="2/2to2/1_0" slope="0.00"/>
        <vehicle id="18" x="356.63" y="398.35" angle="90.00" type="DEFAULT_VEHTYPE" speed="12.62" pos="151.88" lane="1/2to2/2_0" slope="0.00"/>
        <vehicle id="19" x="342.61" y="198.35" angle="90.00" type="DEFAULT_VEHTYPE" speed="13.00" pos="137.86" lane="1/1to2/1_0" slope="0.00"/>
        <vehicle id="2" x="168.00" y="198.35" angle="90.00" type="DEFAULT_VEHTYPE" speed="12.82" pos="168.00" lane="0/1to1/1_0" slope="0.00"/>
        <vehicle id="20" x="198.35" y="75.54" angle="0.00" type="DEFAULT_VEHTYPE" speed="13.04" pos="119.71" lane="1/1to1/0_0" slope="0.00"/>
        <vehicle id="21" x="285.39" y="601.65" angle="-90.00" type="DEFAULT_VEHTYPE" speed="13.10" pos="109.86" lane="2/3to1/3_0" slope="0.00"/>
        <vehicle id="22" x="598.35" y="492.58" angle="0.00" type="DEFAULT_VEHTYPE" speed="12.62" pos="102.67" lane="3/3to3/2_0" slope="0.00"/>
        <vehicle id="23" x="227.46" y="598.35" angle="90.00" type="DEFAULT_VEHTYPE" speed="6.89" pos="22.71" lane="1/3to2/3_0" slope="0.00"/>
        <vehicle id="24" x="273.86" y="398.35" angle="90.00" type="DEFAULT_VEHTYPE" speed="12.84" pos="69.11" lane="1/2to2/2_0" slope="0.00"/>
        <vehicle id="3" x="401.65" y="324.62" angle="180.00" type="DEFAULT_VEHTYPE" speed="13.69" pos="119.87" lane="2/1to2/2_0" slope="0.00"/>
        <vehicle id="4" x="198.35" y="496.35" angle="0.00" type="DEFAULT_VEHTYPE" speed="13.41" pos="98.90" lane="1/3to1/2_0" slope="0.00"/>
        <vehicle id="5" x="398.35" y="676.72" angle="0.00" type="DEFAULT_VEHTYPE" speed="12.76" pos="123.28" lane="2/4to2/3_0" slope="0.00"/>
        <vehicle id="6" x="401.65" y="480.08" angle="180.00" type="DEFAULT_VEHTYPE" speed="13.87" pos="75.33" lane="2/2to2/3_0" slope="0.00"/>
        <vehicle id="7" x="508.78" y="198.35" angle="90.00" type="DEFAULT_VEHTYPE" speed="13.24" pos="104.03" lane="2/1to3/1_0" slope="0.00"/>
        <vehicle id="8" x="401.65" y="91.24" angle="180.00" type="DEFAULT_VEHTYPE" speed="13.06" pos="91.24" lane="2/0to2/1_0" slope="0.00"/>
        <vehicle id="9" x="275.21" y="598.35" angle="90.00" type="DEFAULT_VEHTYPE" speed="13.86" pos="70.46" lane="1/3to2/3_0" slope="0.00"/>
    </timestep>
    <timestep time="33.00">
        <vehicle id="0" x="598.35" y="423.63" angle="0.00" type="DEFAULT_VEHTYPE" speed="11.11" pos="171.62" lane="3/3to3/2_0" slope="0.00"/>
        <vehicle id="1" x="198.35" y="441.65" angle="0.00" type="DEFAULT_VEHTYPE" speed="13.76" pos="153.60" lane="1/3to1/2_0" slope="0.00"/>
        <vehicle id="10" x="401.65" y="60.50" angle="180.00" type="DEFAULT_VEHTYPE" speed="13.71" pos="60.50" lane="2/0to2/1_0" slope="0.00"/>
        <vehicle id="11" x="598.35" y="539.34" angle="0.00" type="DEFAULT_VEHTYPE" speed="13.59" pos="55.91" lane="3/3to3/2_0" slope="0.00"/>
        <vehicle id="12" x="344.36" y="401.65" angle="-90.00" type="DEFAULT_VEHTYPE" speed="12.95" pos="50.89" lane="2/2to1/2_0" slope="0.00"/>
        <vehicle id="14" x="198.35" y="377.89" angle="0.00" type="DEFAULT_VEHTYPE" speed="12.96" pos="17.36" lane="1/2to1/1_0" slope="0.00"/>
        <vehicle id="15" x="401.65" y="4.23" angle="174.97" type="DEFAULT_VEHTYPE" speed="13.29" pos="4.23" lane="2/0to2/1_0" slope="0.00"/>
        <vehicle id="16" x="598.35" y="214.06" angle="0.00" type="DEFAULT_VEHTYPE" speed="7.06" pos="181.19" lane="3/2to3/1_0" slope="0.00"/>
        <vehicle id="17" x="398.35" y="222.14" angle="0.00" type="DEFAULT_VEHTYPE" speed="12.92" pos="173.11" lane="2/2to2/1_0" slope="0.00"/>
        <vehicle id="18" x="369.56" y="398.35" angle="90.00" type="DEFAULT_VEHTYPE" speed="12.93" pos="164.81" lane="1/2to2/2_0" slope="0.00"/>
        <vehicle id="19" x="355.58" y="198.35" angle="90.00" type="DEFAULT_VEHTYPE" speed="12.98" pos="150.83" lane="1/1to2/1_0" slope="0.00"/>
        <vehicle id="2" x="179.07" y="198.35" angle="90.00" type="DEFAULT_VEHTYPE" speed="11.07" pos="179.07" lane="0/1to1/1_0" slope="0.00"/>
        <vehicle id="20" x="198.35" y="62.56" angle="0.00" type="DEFAULT_VEHTYPE" speed="12.98" pos="132.69" lane="1/1to1/0_0" slope="0.00"/>
        <vehicle id="21" x="272.43" y="601.65" angle="-90.00" type="DEFAULT_VEHTYPE" speed="12.97" pos="122.82" lane="2/3to1/3_0" slope="0.00"/>
        <vehicle id="22" x="598.35" y="478.86" angle="0.00" type="DEFAULT_VEHTYPE" speed="13.72" pos="116.39" lane="3/3to3/2_0" slope="0.00"/>
        <vehicle id="23" x="236.16" y="598.35" angle="90.00" type="DEFAULT_VEHTYPE" speed="8.71" pos="31.41" lane="1/3to2/3_0" slope="0.00"/>
        <vehicle id="24" x="286.47" y="398.35" angle="90.00" type="DEFAULT_VEHTYPE" speed="12.61" pos="81.72" lane="1/2to2/2_0" slope="0.00"/>
        <vehicle id="3" x="401.65" y="337.53" angle="180.00" type="DEFAULT_VEHTYPE" speed="12.90" pos="132.78" lane="2/1to2/2_0" slope="0.00"/>
        <vehicle id="4" x="198.35" y="483.25" angle="0.00" type="DEFAULT_VEHTYPE" speed="13.10" pos="112.00" lane="1/3to1/2_0" slope="0.00"/>
        <vehicle id="5" x="398.35" y="663.40" angle="0.00" type="DEFAULT_VEHTYPE" speed="13.31" pos="136.60" lane="2/4to2/3_0" slope="0.00"/>
        <vehicle id="6" x="401.65" y="493.70" angle="180.00" type="DEFAULT_VEHTYPE" speed="13.61" pos="88.95" lane="2/2to2/3_0" slope="0.00"/>
        <vehicle id="7" x="522.16" y="198.35" angle="90.00" type="DEFAULT_VEHTYPE" speed="13.38" pos="117.41" lane="2/1to3/1_0" slope="0.00"/>
        <vehicle id="8" x="401.65" y="104.55" angle="180.00" type="DEFAULT_VEHTYPE" speed="13.31" pos="104.55" lane="2/0to2/1_0" slope="0.00"/>
        <vehicle id="9" x="288.76" y="598.35" angle="90.00" type="DEFAULT_VEHTYPE" speed="13.55" pos="84.01" lane="1/3to2/3_0" slope="0.00"/>
    </timestep>
    <timestep time="34.00">
        <vehicle id="0" x="598.35" y="415.89" angle="0.00" type="DEFAULT_VEHTYPE" speed="7.74" pos="179.36" lane="3/3to3/2_0" slope="0.00"/>
        <vehicle id="1" x="198.35" y="428.03" angle="0.00" type="DEFAULT_VEHTYPE" speed="13.62" pos="167.22" lane="1/3to1/2_0" slope="0.00"/>
        <vehicle id="10" x="401.65" y="74.29" angle="180.00" type="DEFAULT_VEHTYPE" speed="13.80" pos="74.29" lane="2/0to2/1_0" slope="0.00"/>
        <vehicle id="11" x="598.35" y="525.75" angle="0.00" type="DEFAULT_VEHTYPE" speed="13.59" pos="69.50" lane="3/3to3/2_0" slope="0.00"/>
        <vehicle id="12" x="331.07" y="401.65" angle="-90.00" type="DEFAULT_VEHTYPE" speed="13.30" pos="64.18" lane="2/2to1/2_0" slope="0.00"/>
        <vehicle id="14" x="198.35" y="364.74" angle="0.00" type="DEFAULT_VEHTYPE" speed="13.16" pos="30.51" lane="1/2to1/1_0" slope="0.00"/>
        <vehicle id="15" x="401.65" y="17.01" angle="180.00" type="DEFAULT_VEHTYPE" speed="12.78" pos="17.01" lane="2/0to2/1_0" slope="0.00"/>
        <vehicle id="16" x="598.35" y="210.16" angle="0.00" type="DEFAULT_VEHTYPE" speed="3.90" pos="185.09" lane="3/2to3/1_0" slope="0.00"/>
        <vehicle id="17" x="398.35" y="208.43" angle="0.00" type="DEFAULT_VEHTYPE" speed="13.71" pos="186.82" lane="2/2to2/1_0" slope="0.00"/>
        <vehicle id="18" x="379.91" y="398.35" angle="90.00" type="DEFAULT_VEHTYPE" speed="10.35" pos="175.16" lane="1/2to2/2_0" slope="0.00"/>
        <vehicle id="19" x="368.21" y="198.35" angle="90.00" type="DEFAULT_VEHTYPE" speed="12.62" pos="163.46" lane="1/1to2/1_0" slope="0.00"/>
        <vehicle id="2" x="185.64" y="198.35" angle="90.00" type="DEFAULT_VEHTYPE" speed="6.57" pos="185.64" lane="0/1to1/1_0" slope="0.00"/>
        <vehicle id="20" x="198.35" y="48.88" angle="0.00" type="DEFAULT_VEHTYPE" speed="13.67" pos="146.37" lane="1/1to1/0_0" slope="0.00"/>
        <vehicle id="21" x="258.66" y="601.65" angle="-90.00" type="DEFAULT_VEHTYPE" speed="13.77" pos="136.59" lane="2/3to1/3_0" slope="0.00"/>
        <vehicle id="22" x="598.35" y="465.65" angle="0.00" type="DEFAULT_VEHTYPE" speed="13.22" pos="129.60" lane="3/3to3/2_0" slope="0.00"/>
        <vehicle id="23" x="246.72" y="598.35" angle="90.00" type="DEFAULT_VEHTYPE" speed="10.55" pos="41.97" lane="1/3to2/3_0" slope="0.00"/>
        <vehicle id="24" x="299.12" y="398.35" angle="90.00" type="DEFAULT_VEHTYPE" speed="12.65" pos="94.37" lane="1/2to2/2_0" slope="0.00"/>
        <vehicle id="3" x="401.65" y="350.69" angle="180.00" type="DEFAULT_VEHTYPE" speed="13.16" pos="145.94" lane="2/1to2/2_0" slope="0.00"/>
        <vehicle id="4" x="198.35" y="470.26" angle="0.00" type="DEFAULT_VEHTYPE" speed="12.99" pos="124.99" lane="1/3to1/2_0" slope="0.00"/>
        <vehicle id="5" x="398.35" y="650.22" angle="0.00" type="DEFAULT_VEHTYPE" speed="13.18" pos="149.78" lane="2/4to2/3_0" slope="0.00"/>
        <vehicle id="6" x="401.65" y="507.36" angle="180.00" type="DEFAULT_VEHTYPE" speed="13.67" pos="102.61" lane="2/2to2/3_0" slope="0.00"/>
        <vehicle id="7" x="535.17" y="198.35" angle="90.00" type="DEFAULT_VEHTYPE" speed="13.01" pos="130.42" lane="2/1to3/1_0" slope="0.00"/>
        <vehicle id="8" x="401.65" y="117.90" angle="180.00" type="DEFAULT_VEHTYPE" speed="13.35" pos="117.90" lane="2/0to2/1_0" slope="0.00"/>
        <vehicle id="9" x="302.23" y="598.35" angle="90.00" type="DEFAULT_VEHTYPE" speed="13.46" pos="97.48" lane="1/3to2/3_0" slope="0.00"/>
    </timestep>
    <timestep time="35.00">
        <vehicle id="0" x="598.35" y="411.11" angle="0.00" type="DEFAULT_VEHTYPE" speed="4.79" pos="184.14" lane="3/3to3/2_0" slope="0.00"/>
        <vehicle id="1" x="198.35" y="414.65" angle="0.00" type="DEFAULT_VEHTYPE" speed="13.38" pos="180.60" lane="1/3to1/2_0" slope="0.00"/>
        <vehicle id="10" x="401.65" y="86.94" angle="180.00" type="DEFAULT_VEHTYPE" speed="12.65" pos="86.94" lane="2/0to2/1_0" slope="0.00"/>
        <vehicle id="11" x="598.35" y="512.51" angle="0.00" type="DEFAULT_VEHTYPE" speed="13.24" pos="82.74" lane="3/3to3/2_0" slope="0.00"/>
        <vehicle id="12" x="317.20" y="401.65" angle="-90.00" type="DEFAULT_VEHTYPE" speed="13.87" pos="78.05" lane="2/2to1/2_0" slope="0.00"/>
        <vehicle id="14" x="198.35" y="351.80" angle="0.00" type="DEFAULT_VEHTYPE" speed="12.93" pos="43.45" lane="1/2to1/1_0" slope="0.00"/>
        <vehicle id="15" x="401.65" y="29.93" angle="180.00" type="DEFAULT_VEHTYPE" speed="12.91" pos="29.93" lane="2/0to2/1_0" slope="0.00"/>
        <vehicle id="16" x="598.37" y="204.63" angle="0.20" type="DEFAULT_VEHTYPE" speed="5.54" pos="0.12" lane=":3/1_2_0" slope="0.00"/>
        <vehicle id="17" x="390.22" y="201.65" angle="-90.00" type="DEFAULT_VEHTYPE" speed="13.72" pos="5.03" lane="2/1to1/1_0" slope="0.00"/>
        <vehicle id="18" x="386.67" y="398.35" angle="90.00" type="DEFAULT_VEHTYPE" speed="6.75" pos="181.92" lane="1/2to2/2_0" slope="0.00"/>
        <vehicle id="19" x="378.05" y="198.35" angle="90.00" type="DEFAULT_VEHTYPE" speed="9.84" pos="173.30" lane="1/1to2/1_0" slope="0.00"/>
        <vehicle id="2" x="189.91" y="198.35" angle="90.00" type="DEFAULT_VEHTYPE" speed="4.27" pos="189.91" lane="0/1to1/1_0" slope="0.00"/>
        <vehicle id="20" x="198.35" y="35.61" angle="0.00" type="DEFAULT_VEHTYPE" speed="13.28" pos="159.64" lane="1/1to1/0_0" slope="0.00"/>
        <vehicle id="21" x="245.57" y="601.65" angle="-90.00" type="DEFAULT_VEHTYPE" speed="13.08" pos="149.68" lane="2/3to1/3_0" slope="0.00"/>
        <vehicle id="22" x="598.35" y="452.79" angle="0.00" type="DEFAULT_VEHTYPE" speed="12.86" pos="142.46" lane="3/3to3/2_0" slope="0.00"/>
        <vehicle id="23" x="259.38" y="598.35" angle="90.00" type="DEFAULT_VEHTYPE" speed="12.66" pos="54.63" lane="1/3to2/3_0" slope="0.00"/>
        <vehicle id="24" x="312.06" y="398.35" angle="90.00" type="DEFAULT_VEHTYPE" speed="12.94" pos="107.31" lane="1/2to2/2_0" slope="0.00"/>
        <vehicle id="3" x="401.65" y="364.12" angle="180.00" type="DEFAULT_VEHTYPE" speed="13.43" pos="159.37" lane="2/1to2/2_0" slope="0.00"/>
        <vehicle id="4" x="198.35" y="457.57" angle="0.00" type="DEFAULT_VEHTYPE" speed="12.69" pos="137.68" lane="1/3to1/2_0" slope="0.00"/>
        <vehicle id="5" x="398.35" y="636.82" angle="0.00" type="DEFAULT_VEHTYPE" speed="13.41" pos="163.18" lane="2/4to2/3_0" slope="0.00"/>
        <vehicle id="6" x="401.65" y="520.58" angle="180.00" type="DEFAULT_VEHTYPE" speed="13.22" pos="115.83" lane="2/2to2/3_0" slope="0.00"/>
        <vehicle id="7" x="549.00" y="198.35" angle="90.00" type="DEFAULT_VEHTYPE" speed="13.83" pos="144.25" lane="2/1to3/1_0" slope="0.00"/>
        <vehicle id="8" x="401.65" y="131.07" angle="180.00" type="DEFAULT_VEHTYPE" speed="13.17" pos="131.07" lane="2/0to2/1_0" slope="0.00"/>
        <vehicle id="9" x="314.85" y="598.35" angle="90.00" type="DEFAULT_VEHTYPE" speed="12.62" pos="110.10" lane="1/3to2/3_0" slope="0.00"/>
    </timestep>
    <timestep time="36.00">
        <vehicle id="0" x="598.45" y="404.04" angle="1.16" type="DEFAULT_VEHTYPE" speed="7.07" pos="0.71" lane=":3/2_2_0" slope="0.00"/>
        <vehicle id="10" x="401.65" y="99.56" angle="180.00" type="DEFAULT_VEHTYPE" speed="12.61" pos="99.56" lane="2/0to2/1_0" slope="0.00"/>
        <vehicle id="11" x="598.35" y="499.65" angle="0.00" type="DEFAULT_VEHTYPE" speed="12.87" pos="95.60" lane="3/3to3/2_0" slope="0.00"/>
        <vehicle id="12" x="304.53" y="401.65" angle="-90.00" type="DEFAULT_VEHTYPE" speed="12.67" pos="90.72" lane="2/2to1/2_0" slope="0.00"/>
        <vehicle id="14" x="198.35" y="338.55" angle="0.00" type="DEFAULT_VEHTYPE" speed="13.25" pos="56.70" lane="1/2to1/1_0" slope="0.00"/>
        <vehicle id="15" x="401.65" y="42.60" angle="180.00" type="DEFAULT_VEHTYPE" speed="12.67" pos="42.60" lane="2/0to2/1_0" slope="0.00"/>
        <vehicle id="16" x="602.68" y="198.65" angle="51.51" type="DEFAULT_VEHTYPE" speed="8.10" pos="1.09" lane=":3/1_16_0" slope="0.00"/>
        <vehicle id="17" x="377.57" y="201.65" angle="-90.00" type="DEFAULT_VEHTYPE" speed="12.65" pos="17.68" lane="2/1to1/1_0" slope="0.00"/>
        <vehicle id="18" x="389.83" y="398.35" angle="90.00" type="DEFAULT_VEHTYPE" speed="3.16" pos="185.08" lane="1/2to2/2_0" slope="0.00"/>
        <vehicle id="19" x="385.36" y="198.35" angle="90.00" type="DEFAULT_VEHTYPE" speed="7.31" pos="180.61" lane="1/1to2/1_0" slope="0.00"/>
        <vehicle id="2" x="196.62" y="198.55" angle="92.25" type="DEFAULT_VEHTYPE" speed="6.72" pos="1.38" lane=":1/1_14_0" slope="0.00"/>
        <vehicle id="20" x="198.35" y="22.90" angle="0.00" type="DEFAULT_VEHTYPE" speed="12.70" pos="172.35" lane="1/1to1/0_0" slope="0.00"/>
        <vehicle id="21" x="232.34" y="601.65" angle="-90.00" type="DEFAULT_VEHTYPE" speed="13.24" pos="162.91" lane="2/3to1/3_0" slope="0.00"/>
        <vehicle id="22" x="598.35" y="439.25" angle="0.00" type="DEFAULT_VEHTYPE" speed="13.54" pos="156.00" lane="3/3to3/2_0" slope="0.00"/>
        <vehicle id="23" x="272.24" y="598.35" angle="90.00" type="DEFAULT_VEHTYPE" speed="12.86" pos="67.49" lane="1/3to2/3_0" slope="0.00"/>
        <vehicle id="24" x="324.83" y="398.35" angle="90.00" type="DEFAULT_VEHTYPE" speed="12.77" pos="120.08" lane="1/2to2/2_0" slope="0.00"/>
        <vehicle id="3" x="401.65" y="376.73" angle="180.00" type="DEFAULT_VEHTYPE" speed="12.61" pos="171.98" lane="2/1to2/2_0" slope="0.00"/>
        <vehicle id="4" x="198.35" y="444.06" angle="0.00" type="DEFAULT_VEHTYPE" speed="13.51" pos="151.19" lane="1/3to1/2_0" slope="0.00"/>
        <vehicle id="5" x="398.35" y="624.10" angle="0.00" type="DEFAULT_VEHTYPE" speed="12.72" pos="175.90" lane="2/4to2/3_0" slope="0.00"/>
        <vehicle id="6" x="401.65" y="534.04" angle="180.00" type="DEFAULT_VEHTYPE" speed="13.46" pos="129.29" lane="2/2to2/3_0" slope="0.00"/>
        <vehicle id="7" x="561.99" y="198.35" angle="90.00" type="DEFAULT_VEHTYPE" speed="12.99" pos="157.24" lane="2/1to3/1_0" slope="0.00"/>
        <vehicle id="8" x="401.65" y="143.79" angle="180.00" type="DEFAULT_VEHTYPE" speed="12.72" pos="143.79" lane="2/0to2/1_0" slope="0.00"/>
        <vehicle id="9" x="328.02" y="598.35" angle="90.00" type="DEFAULT_VEHTYPE" speed="13.17" pos="123.27" lane="1/3to2/3_0" slope="0.00"/>
    </timestep>
    <timestep time="37.00">
        <vehicle id="0" x="604.50" y="398.39" angle="70.29" type="DEFAULT_VEHTYPE" speed="9.35" pos="2.92" lane=":3/2_16_0" slope="0.00"/>
        <vehicle id="10" x="401.65" y="113.11" angle="180.00" type="DEFAULT_VEHTYPE" speed="13.55" pos="113.11" lane="2/0to2/1_0" slope="0.00"/>
        <vehicle id="11" x="598.35" y="486.03" angle="0.00" type="DEFAULT_VEHTYPE" speed="13.62" pos="109.22" lane="3/3to3/2_0" slope="0.00"/>
        <vehicle id="12" x="290.91" y="401.65" angle="-90.00" type="DEFAULT_VEHTYPE" speed="13.62" pos="104.34" lane="2/2to1/2_0" slope="0.00"/>
        <vehicle id="14" x="198.35" y="325.54" angle="0.00" type="DEFAULT_VEHTYPE" speed="13.01" pos="69.71" lane="1/2to1/1_0" slope="0.00"/>
        <vehicle id="15" x="401.65" y="56.02" angle="180.00" type="DEFAULT_VEHTYPE" speed="13.42" pos="56.02" lane="2/0to2/1_0" slope="0.00"/>
        <vehicle id="16" x="612.58" y="198.35" angle="90.00" type="DEFAULT_VEHTYPE" speed="9.92" pos="7.83" lane="3/1to4/1_0" slope="0.00"/>
        <vehicle id="17" x="363.74" y="201.65" angle="-90.00" type="DEFAULT_VEHTYPE" speed="13.83" pos="31.51" lane="2/1to1/1_0" slope="0.00"/>
        <vehicle id="18" x="395.52" y="398.53" angle="92.03" type="DEFAULT_VEHTYPE" speed="5.74" pos="0.32" lane=":2/2_15_0" slope="0.00"/>
        <vehicle id="19" x="388.95" y="198.35" angle="90.00" type="DEFAULT_VEHTYPE" speed="3.59" pos="184.20" lane="1/1to2/1_0" slope="0.00"/>
        <vehicle id="2" x="201.54" y="203.99" angle="155.17" type="DEFAULT_VEHTYPE" speed="8.17" pos="9.55" lane=":1/1_14_0" slope="0.00"/>
        <vehicle id="20" x="198.35" y="9.75" angle="0.00" type="DEFAULT_VEHTYPE" speed="13.16" pos="185.50" lane="1/1to1/0_0" slope="0.00"/>
        <vehicle id="21" x="222.27" y="601.65" angle="-90.00" type="DEFAULT_VEHTYPE" speed="10.06" pos="172.98" lane="2/3to1/3_0" slope="0.00"/>
        <vehicle id="22" x="598.35" y="426.32" angle="0.00" type="DEFAULT_VEHTYPE" speed="12.93" pos="168.93" lane="3/3to3/2_0" slope="0.00"/>
        <vehicle id="23" x="285.12" y="598.35" angle="90.00" type="DEFAULT_VEHTYPE" speed="12.88" pos="80.37" lane="1/3to2/3_0" slope="0.00"/>
        <vehicle id="24" x="338.65" y="398.35" angle="90.00" type="DEFAULT_VEHTYPE" speed="13.81" pos="133.90" lane="1/2to2/2_0" slope="0.00"/>
        <vehicle id="3" x="401.65" y="390.60" angle="180.00" type="DEFAULT_VEHTYPE" speed="13.87" pos="185.85" lane="2/1to2/2_0" slope="0.00"/>
        <vehicle id="4" x="198.35" y="430.33" angle="0.00" type="DEFAULT_VEHTYPE" speed="13.73" pos="164.92" lane="1/3to1/2_0" slope="0.00"/>
        <vehicle id="5" x="398.35" y="610.66" angle="0.00" type="DEFAULT_VEHTYPE" speed="13.44" pos="189.34" lane="2/4to2/3_0" slope="0.00"/>
        <vehicle id="6" x="401.65" y="546.91" angle="180.00" type="DEFAULT_VEHTYPE" speed="12.87" pos="142.16" lane="2/2to2/3_0" slope="0.00"/>
        <vehicle id="7" x="573.85" y="198.35" angle="90.00" type="DEFAULT_VEHTYPE" speed="11.87" pos="169.10" lane="2/1to3/1_0" slope="0.00"/>
        <vehicle id="8" x="401.65" y="157.13" angle="180.00" type="DEFAULT_VEHTYPE" speed="13.34" pos="157.13" lane="2/0to2/1_0" slope="0.00"/>
        <vehicle id="9" x="340.69" y="598.35" angle="90.00" type="DEFAULT_VEHTYPE" speed="12.67" pos="135.94" lane="1/3to2/3_0" slope="0.00"/>
    </timestep>
    <timestep time="38.00">
        <vehicle id="0" x="615.17" y="398.35" angle="90.00" type="DEFAULT_VEHTYPE" speed="10.68" pos="10.42" lane="3/2to4/2_0" slope="0.00"/>
        <vehicle id="10" x="401.65" y="126.83" angle="180.00" type="DEFAULT_VEHTYPE" speed="13.72" pos="126.83" lane="2/0to2/1_0" slope="0.00"/>
        <vehicle id="11" x="598.35" y="472.53" angle="0.00" type="DEFAULT_VEHTYPE" speed="13.49" pos="122.72" lane="3/3to3/2_0" slope="0.00"/>
        <vehicle id="12" x="278.21" y="401.65" angle="-90.00" type="DEFAULT_VEHTYPE" speed="12.70" pos="117.04" lane="2/2to1/2_0" slope="0.00"/>
        <vehicle id="14" x="198.35" y="311.92" angle="0.00" type="DEFAULT_VEHTYPE" speed="13.61" pos="83.33" lane="1/2to1/1_0" slope="0.00"/>
        <vehicle id="15" x="401.65" y="69.38" angle="180.00" type="DEFAULT_VEHTYPE" speed="13.37" pos="69.38" lane="2/0to2/1_0" slope="0.00"/>
        <vehicle id="16" x="624.41" y="198.35" angle="90.00" type="DEFAULT_VEHTYPE" speed="11.83" pos="19.66" lane="3/1to4/1_0" slope="0.00"/>
        <vehicle id="17" x="350.78" y="201.65" angle="-90.00" type="DEFAULT_VEHTYPE" speed="12.95" pos="44.47" lane="2/1to1/1_0" slope="0.00"/>
        <vehicle id="18" x="391.63" y="401.65" angle="-99.15" type="DEFAULT_VEHTYPE" speed="8.12" pos="3.62" lane="2/2to1/2_0" slope="0.00"/>
        <vehicle id="19" x="390.75" y="198.35" angle="90.00" type="DEFAULT_VEHTYPE" speed="1.81" pos="186.00" lane="1/1to2/1_0" slope="0.00"/>
        <vehicle id="2" x="201.65" y="214.27" angle="180.00" type="DEFAULT_VEHTYPE" speed="10.29" pos="9.52" lane="1/1to1/2_0" slope="0.00"/>
        <vehicle id="20" x="200.42" y="-1.44" angle="30.18" type="DEFAULT_VEHTYPE" speed="12.63" pos="2.88" lane=":1/0_0_0" slope="0.00"/>
        <vehicle id="21" x="214.92" y="601.65" angle="-90.00" type="DEFAULT_VEHTYPE" speed="7.35" pos="180.33" lane="2/3to1/3_0" slope="0.00"/>
        <vehicle id="22" x="598.35" y="417.46" angle="0.00" type="DEFAULT_VEHTYPE" speed="8.86" pos="177.79" lane="3/3to3/2_0" slope="0.00"/>
        <vehicle id="23" x="298.07" y="598.35" angle="90.00" type="DEFAULT_VEHTYPE" speed="12.95" pos="93.32" lane="1/3to2/3_0" slope="0.00"/>
        <vehicle id="24" x="351.49" y="398.35" angle="90.00" type="DEFAULT_VEHTYPE" speed="12.85" pos="146.74" lane="1/2to2/2_0" slope="0.00"/>
        <vehicle id="4" x="198.35" y="417.28" angle="0.00" type="DEFAULT_VEHTYPE" speed="13.05" pos="177.97" lane="1/3to1/2_0" slope="0.00"/>
        <vehicle id="5" x="393.40" y="601.65" angle="-73.62" type="DEFAULT_VEHTYPE" speed="12.76" pos="1.85" lane="2/3to1/3_0" slope="0.00"/>
        <vehicle id="6" x="401.65" y="559.67" angle="180.00" type="DEFAULT_VEHTYPE" speed="12.76" pos="154.92" lane="2/2to2/3_0" slope="0.00"/>
        <vehicle id="7" x="582.14" y="198.35" angle="90.00" type="DEFAULT_VEHTYPE" speed="8.29" pos="177.39" lane="2/1to3/1_0" slope="0.00"/>
        <vehicle id="8" x="401.65" y="169.97" angle="180.00" type="DEFAULT_VEHTYPE" speed="12.84" pos="169.97" lane="2/0to2/1_0" slope="0.00"/>
        <vehicle id="9" x="353.81" y="598.35" angle="90.00" type="DEFAULT_VEHTYPE" speed="13.12" pos="149.06" lane="1/3to2/3_0" slope="0.00"/>
    </timestep>
    <timestep time="39.00">
        <vehicle id="0" x="627.36" y="398.35" angle="90.00" type="DEFAULT_VEHTYPE" speed="12.18" pos="22.61" lane="3/2to4/2_0" slope="0.00"/>
        <vehicle id="10" x="401.65" y="139.65" angle="180.00" type="DEFAULT_VEHTYPE" speed="12.82" pos="139.65" lane="2/0to2/1_0" slope="0.00"/>
        <vehicle id="11" x="598.35" y="458.73" angle="0.00" type="DEFAULT_VEHTYPE" speed="13.80" pos="136.52" lane="3/3to3/2_0" slope="0.00"/>
        <vehicle id="12" x="264.36" y="401.65" angle="-90.00" type="DEFAULT_VEHTYPE" speed="13.85" pos="130.89" lane="2/2to1/2_0" slope="0.00"/>
        <vehicle id="14" x="198.35" y="299.30" angle="0.00" type="DEFAULT_VEHTYPE" speed="12.62" pos="95.95" lane="1/2to1/1_0" slope="0.00"/>
        <vehicle id="15" x="401.65" y="82.83" angle="180.00" type="DEFAULT_VEHTYPE" speed="13.45" pos="82.83" lane="2/0to2/1_0" slope="0.00"/>
        <vehicle id="16" x="637.61" y="198.35" angle="90.00" type="DEFAULT_VEHTYPE" speed="13.20" pos="32.86" lane="3/1to4/1_0" slope="0.00"/>
        <vehicle id="17" x="337.42" y="201.65" angle="-90.00" type="DEFAULT_VEHTYPE" speed="13.37" pos="57.83" lane="2/1to1/1_0" slope="0.00"/>
        <vehicle id="18" x="381.43" y="401.65" angle="-90.00" type="DEFAULT_VEHTYPE" speed="10.20" pos="13.82" lane="2/2to1/2_0" slope="0.00"/>
        <vehicle id="19" x="392.32" y="198.35" angle="90.00" type="DEFAULT_VEHTYPE" speed="1.57" pos="187.57" lane="1/1to2/1_0" slope="0.00"/>
        <vehicle id="2" x="201.65" y="227.08" angle="180.00" type="DEFAULT_VEHTYPE" speed="12.81" pos="22.33" lane="1/1to1/2_0" slope="0.00"/>
        <vehicle id="20" x="201.65" y="10.84" angle="180.00" type="DEFAULT_VEHTYPE" speed="12.77" pos="10.84" lane="1/0to1/1_0" slope="0.00"/>
        <vehicle id="21" x="210.40" y="601.65" angle="-90.00" type="DEFAULT_VEHTYPE" speed="4.52" pos="184.85" lane="2/3to1/3_0" slope="0.00"/>
        <vehicle id="22" x="598.35" y="412.42" angle="0.00" type="DEFAULT_VEHTYPE" speed="5.04" pos="182.83" lane="3/3to3/2_0" slope="0.00"/>
        <vehicle id="23" x="311.76" y="598.35" angle="90.00" type="DEFAULT_VEHTYPE" speed="13.69" pos="107.01" lane="1/3to2/3_0" slope="0.00"/>
        <vehicle id="24" x="364.50" y="398.35" angle="90.00" type="DEFAULT_VEHTYPE" speed="13.00" pos="159.75" lane="1/2to2/2_0" slope="0.00"/>
        <vehicle id="4" x="198.35" y="404.31" angle="0.00" type="DEFAULT_VEHTYPE" speed="12.96" pos="0.44" lane=":1/2_1_0" slope="0.00"/>
        <vehicle id="5" x="379.97" y="601.65" angle="-90.00" type="DEFAULT_VEHTYPE" speed="13.43" pos="15.28" lane="2/3to1/3_0" slope="0.00"/>
        <vehicle id="6" x="401.65" y="573.24" angle="180.00" type="DEFAULT_VEHTYPE" speed="13.57" pos="168.49" lane="2/2to2/3_0" slope="0.00"/>
        <vehicle id="7" x="587.63" y="198.35" angle="90.00" type="DEFAULT_VEHTYPE" speed="5.49" pos="182.88" lane="2/1to3/1_0" slope="0.00"/>
        <vehicle id="8" x="401.65" y="183.17" angle="180.00" type="DEFAULT_VEHTYPE" speed="13.20" pos="183.17" lane="2/0to2/1_0" slope="0.00"/>
        <vehicle id="9" x="367.60" y="598.35" angle="90.00" type="DEFAULT_VEHTYPE" speed="13.79" pos="162.85" lane="1/3to2/3_0" slope="0.00"/>
    </timestep>
    <timestep time="40.00">
        <vehicle id="0" x="640.79" y="398.35" angle="90.00" type="DEFAULT_VEHTYPE" speed="13.43" pos="36.04" lane="3/2to4/2_0" slope="0.00"/>
        <vehicle id="10" x="401.65" y="152.52" angle="180.00" type="DEFAULT_VEHTYPE" speed="12.86" pos="152.52" lane="2/0to2/1_0" slope="0.00"/>
        <vehicle id="11" x="598.35" y="445.72" angle="0.00" type="DEFAULT_VEHTYPE" speed="13.01" pos="149.53" lane="3/3to3/2_0" slope="0.00"/>
        <vehicle id="12" x="251.09" y="401.65" angle="-90.00" type="DEFAULT_VEHTYPE" speed="13.28" pos="144.16" lane="2/2to1/2_0" slope="0.00"/>
        <vehicle id="14" x="198.35" y="285.72" angle="0.00" type="DEFAULT_VEHTYPE" speed="13.58" pos="109.53" lane="1/2to1/1_0" slope="0.00"/>
        <vehicle id="15" x="401.65" y="96.21" angle="180.00" type="DEFAULT_VEHTYPE" speed="13.37" pos="96.21" lane="2/0to2/1_0" slope="0.00"/>
        <vehicle id="16" x="650.55" y="198.35" angle="90.00" type="DEFAULT_VEHTYPE" speed="12.94" pos="45.80" lane="3/1to4/1_0" slope="0.00"/>
        <vehicle id="17" x="323.61" y="201.65" angle="-90.00" type="DEFAULT_VEHTYPE" speed="13.81" pos="71.64" lane="2/1to1/1_0" slope="0.00"/>
        <vehicle id="18" x="369.39" y="401.65" angle="-90.00" type="DEFAULT_VEHTYPE" speed="12.04" pos="25.86" lane="2/2to1/2_0" slope="0.00"/>
        <vehicle id="19" x="392.56" y="198.35" angle="90.00" type="DEFAULT_VEHTYPE" speed="0.23" pos="187.81" lane="1/1to2/1_0" slope="0.00"/>
        <vehicle id="2" x="201.65" y="240.70" angle="180.00" type="DEFAULT_VEHTYPE" speed="13.62" pos="35.95" lane="1/1to1/2_0" slope="0.00"/>
        <vehicle id="20" x="201.65" y="24.07" angle="180.00" type="DEFAULT_VEHTYPE" speed="13.24" pos="24.07" lane="1/0to1/1_0" slope="0.00"/>
        <vehicle id="21" x="204.54" y="601.51" angle="-88.40" type="DEFAULT_VEHTYPE" speed="5.90" pos="0.25" lane=":1/3_7_0" slope="0.00"/>
        <vehicle id="22" x="598.35" y="408.92" angle="0.00" type="DEFAULT_VEHTYPE" speed="3.49" pos="186.33" lane="3/3to3/2_0" slope="0.00"/>
        <vehicle id="23" x="325.56" y="598.35" angle="90.00" type="DEFAULT_VEHTYPE" speed="13.80" pos="120.81" lane="1/3to2/3_0" slope="0.00"/>
        <vehicle id="24" x="376.03" y="398.35" angle="90.00" type="DEFAULT_VEHTYPE" speed="11.54" pos="171.28" lane="1/2to2/2_0" slope="0.00"/>
        <vehicle id="4" x="198.35" y="390.99" angle="0.00" type="DEFAULT_VEHTYPE" speed="13.32" pos="4.26" lane="1/2to1/1_0" slope="0.00"/>
        <vehicle id="5" x="367.19" y="601.65" angle="-90.00" type="DEFAULT_VEHTYPE" speed="12.78" pos="28.06" lane="2/3to1/3_0" slope="0.00"/>
        <vehicle id="6" x="401.65" y="586.91" angle="180.00" type="DEFAULT_VEHTYPE" speed="13.67" pos="182.16" lane="2/2to2/3_0" slope="0.00"/>
        <vehicle id="7" x="590.27" y="198.35" angle="90.00" type="DEFAULT_VEHTYPE" speed="2.64" pos="185.52" lane="2/1to3/1_0" slope="0.00"/>
        <vehicle id="8" x="401.65" y="196.62" angle="180.00" type="DEFAULT_VEHTYPE" speed="13.45" pos="1.37" lane=":2/1_9_0" slope="0.00"/>
        <vehicle id="9" x="378.00" y="598.35" angle="90.00" type="DEFAULT_VEHTYPE" speed="10.40" pos="173.25" lane="1/3to2/3_0" slope="0.00"/>
    </timestep>
    <timestep time="41.00">
        <vehicle id="0" x="654.63" y="398.35" angle="90.00" type="DEFAULT_VEHTYPE" speed="13.84" pos="49.88" lane="3/2to4/2_0" slope="0.00"/>
        <vehicle id="10" x="401.65" y="166.12" angle="180.00" type="DEFAULT_VEHTYPE" speed="13.60" pos="166.12" lane="2/0to2/1_0" slope="0.00"/>
        <vehicle id="11" x="598.35" y="434.60" angle="0.00" type="DEFAULT_VEHTYPE" speed="11.12" pos="160.65" lane="3/3to3/2_0" slope="0.00"/>
        <vehicle id="12" x="238.17" y="401.65" angle="-90.00" type="DEFAULT_VEHTYPE" speed="12.92" pos="157.08" lane="2/2to1/2_0" slope="0.00"/>
        <vehicle id="14" x="198.35" y="272.49" angle="0.00" type="DEFAULT_VEHTYPE" speed="13.23" pos="122.76" lane="1/2to1/1_0" slope="0.00"/>
        <vehicle id="15" x="401.65" y="109.42" angle="180.00" type="DEFAULT_VEHTYPE" speed="13.22" pos="109.42" lane="2/0to2/1_0" slope="0.00"/>
        <vehicle id="16" x="663.17" y="198.35" angle="90.00" type="DEFAULT_VEHTYPE" speed="12.62" pos="58.42" lane="3/1to4/1_0" slope="0.00"/>
        <vehicle id="17" x="310.25" y="201.65" angle="-90.00" type="DEFAULT_VEHTYPE" speed="13.35" pos="85.00" lane="2/1to1/1_0" slope="0.00"/>
        <vehicle id="18" x="356.13" y="401.65" angle="-90.00" type="DEFAULT_VEHTYPE" speed="13.26" pos="39.12" lane="2/2to1/2_0" slope="0.00"/>
        <vehicle id="19" x="392.65" y="198.35" angle="90.00" type="DEFAULT_VEHTYPE" speed="0.10" pos="187.90" lane="1/1to2/1_0" slope="0.00"/>
        <vehicle id="2" x="201.65" y="254.40" angle="180.00" type="DEFAULT_VEHTYPE" speed="13.69" pos="49.65" lane="1/1to1/2_0" slope="0.00"/>
        <vehicle id="20" x="201.65" y="36.96" angle="180.00" type="DEFAULT_VEHTYPE" speed="12.89" pos="36.96" lane="1/0to1/1_0" slope="0.00"/>
        <vehicle id="21" x="208.06" y="598.35" angle="77.80" type="DEFAULT_VEHTYPE" speed="7.88" pos="3.31" lane="1/3to2/3_0" slope="0.00"/>
        <vehicle id="22" x="599.02" y="403.75" angle="7.96" type="DEFAULT_VEHTYPE" speed="5.38" pos="1.20" lane=":3/2_3_0" slope="0.00"/>
        <vehicle id="23" x="339.12" y="598.35" angle="90.00" type="DEFAULT_VEHTYPE" speed="13.56" pos="134.37" lane="1/3to2/3_0" slope="0.00"/>
        <vehicle id="24" x="383.58" y="398.35" angle="90.00" type="DEFAULT_VEHTYPE" speed="7.54" pos="178.83" lane="1/2to2/2_0" slope="0.00"/>
        <vehicle id="4" x="198.35" y="377.92" angle="0.00" type="DEFAULT_VEHTYPE" speed="13.08" pos="17.33" lane="1/2to1/1_0" slope="0.00"/>
        <vehicle id="5" x="353.45" y="601.65" angle="-90.00" type="DEFAULT_VEHTYPE" speed="13.74" pos="41.80" lane="2/3to1/3_0" slope="0.00"/>
        <vehicle id="6" x="404.80" y="598.35" angle="134.08" type="DEFAULT_VEHTYPE" speed="13.39" pos="0.05" lane="2/3to3/3_0" slope="0.00"/>
        <vehicle id="7" x="594.85" y="198.35" angle="90.00" type="DEFAULT_VEHTYPE" speed="4.58" pos="190.10" lane="2/1to3/1_0" slope="0.00"/>
        <vehicle id="8" x="401.65" y="209.72" angle="180.00" type="DEFAULT_VEHTYPE" speed="13.10" pos="4.97" lane="2/1to2/2_0" slope="0.00"/>
        <vehicle id="9" x="385.14" y="598.35" angle="90.00" type="DEFAULT_VEHTYPE" speed="7.14" pos="180.39" lane="1/3to2/3_0" slope="0.00"/>
    </timestep>
    <timestep time="42.00">
        <vehicle id="0" x="667.85" y="398.35" angle="90.00" type="DEFAULT_VEHTYPE" speed="13.22" pos="63.10" lane="3/2to4/2_0" slope="0.00"/>
        <vehicle id="10" x="401.65" y="179.91" angle="180.00" type="DEFAULT_VEHTYPE" speed="13.79" pos="179.91" lane="2/0to2/1_0" slope="0.00"/>
        <vehicle id="11" x="598.35" y="423.19" angle="0.00" type="DEFAULT_VEHTYPE" speed="11.41" pos="172.06" lane="3/3to3/2_0" slope="0.00"/>
        <vehicle id="12" x="226.01" y="401.65" angle="-90.00" type="DEFAULT_VEHTYPE" speed="12.16" pos="169.24" lane="2/2to1/2_0" slope="0.00"/>
        <vehicle id="14" x="198.35" y="258.67" angle="0.00" type="DEFAULT_VEHTYPE" speed="13.81" pos="136.58" lane="1/2to1/1_0" slope="0.00"/>
        <vehicle id="15" x="401.65" y="122.24" angle="180.00" type="DEFAULT_VEHTYPE" speed="12.82" pos="122.24" lane="2/0to2/1_0" slope="0.00"/>
        <vehicle id="16" x="676.06" y="198.35" angle="90.00" type="DEFAULT_VEHTYPE" speed="12.89" pos="71.31" lane="3/1to4/1_0" slope="0.00"/>
        <vehicle id="17" x="296.93" y="201.65" angle="-90.00" type="DEFAULT_VEHTYPE" speed="13.32" pos="98.32" lane="2/1to1/1_0" slope="0.00"/>
        <vehicle id="18" x="342.97" y="401.65" angle="-90.00" type="DEFAULT_VEHTYPE" speed="13.16" pos="52.28" lane="2/2to1/2_0" slope="0.00"/>
        <vehicle id="19" x="392.74" y="198.35" angle="90.00" type="DEFAULT_VEHTYPE" speed="0.09" pos="187.99" lane="1/1to2/1_0" slope="0.00"/>
        <vehicle id="2" x="201.65" y="268.06" angle="180.00" type="DEFAULT_VEHTYPE" speed="13.66" pos="63.31" lane="1/1to1/2_0" slope="0.00"/>
        <vehicle id="20" x="201.65" y="49.65" angle="180.00" type="DEFAULT_VEHTYPE" speed="12.68" pos="49.65" lane="1/0to1/1_0" slope="0.00"/>
        <vehicle id="21" x="217.93" y="598.35" angle="90.00" type="DEFAULT_VEHTYPE" speed="9.87" pos="13.18" lane="1/3to2/3_0" slope="0.00"/>
        <vehicle id="22" x="601.65" y="408.89" angle="174.42" type="DEFAULT_VEHTYPE" speed="7.76" pos="4.14" lane="3/2to3/3_0" slope="0.00"/>
        <vehicle id="23" x="352.52" y="598.35" angle="90.00" type="DEFAULT_VEHTYPE" speed="13.39" pos="147.77" lane="1/3to2/3_0" slope="0.00"/>
        <vehicle id="24" x="388.75" y="398.35" angle="90.00" type="DEFAULT_VEHTYPE" speed="5.17" pos="184.00" lane="1/2to2/2_0" slope="0.00"/>
        <vehicle id="4" x="198.35" y="365.24" angle="0.00" type="DEFAULT_VEHTYPE" speed="12.68" pos="30.01" lane="1/2to1/1_0" slope="0.00"/>
        <vehicle id="5" x="340.36" y="601.65" angle="-90.00" type="DEFAULT_VEHTYPE" speed="13.09" pos="54.89" lane="2/3to1/3_0" slope="0.00"/>
        <vehicle id="6" x="418.60" y="598.35" angle="90.00" type="DEFAULT_VEHTYPE" speed="13.80" pos="13.85" lane="2/3to3/3_0" slope="0.00"/>
        <vehicle id="7" x="601.45" y="198.35" angle="90.00" type="DEFAULT_VEHTYPE" speed="6.60" pos="6.20" lane=":3/1_13_0" slope="0.00"/>
        <vehicle id="8" x="401.65" y="222.55" angle="180.00" type="DEFAULT_VEHTYPE" speed="12.83" pos="17.80" lane="2/1to2/2_0" slope="0.00"/>
        <vehicle id="9" x="388.97" y="598.35" angle="90.00" type="DEFAULT_VEHTYPE" speed="3.83" pos="184.22" lane="1/3to2/3_0" slope="0.00"/>
    </timestep>
    <timestep time="43.00">
        <vehicle id="0" x="681.19" y="398.35" angle="90.00" type="DEFAULT_VEHTYPE" speed="13.34" pos="76.44" lane="3/2to4/2_0" slope="0.00"/>
        <vehicle id="10" x="401.65" y="193.28" angle="180.00" type="DEFAULT_VEHTYPE" speed="13.37" pos="193.28" lane="2/0to2/1_0" slope="0.00"/>
        <vehicle id="11" x="598.35" y="409.38" angle="0.00" type="DEFAULT_VEHTYPE" speed="13.81" pos="185.87" lane="3/3to3/2_0" slope="0.00"/>
        <vehicle id="12" x="217.96" y="401.65" angle="-90.00" type="DEFAULT_VEHTYPE" speed="8.05" pos="177.29" lane="2/2to1/2_0" slope="0.00"/>
        <vehicle id="14" x="198.35" y="245.13" angle="0.00" type="DEFAULT_VEHTYPE" speed="13.54" pos="150.12" lane="1/2to1/1_0" slope="0.00"/>
        <vehicle id="15" x="401.65" y="135.83" angle="180.00" type="DEFAULT_VEHTYPE" speed="13.59" pos="135.83" lane="2/0to2/1_0" slope="0.00"/>
        <vehicle id="16" x="689.09" y="198.35" angle="90.00" type="DEFAULT_VEHTYPE" speed="13.03" pos="84.34" lane="3/1to4/1_0" slope="0.00"/>
        <vehicle id="17" x="283.48" y="201.65" angle="-90.00" type="DEFAULT_VEHTYPE" speed="13.45" pos="111.77" lane="2/1to1/1_0" slope="0.00"/>
        <vehicle id="18" x="329.08" y="401.65" angle="-90.00" type="DEFAULT_VEHTYPE" speed="13.89" pos="66.17" lane="2/2to1/2_0" slope="0.00"/>
        <vehicle id="19" x="392.74" y="198.35" angle="90.00" type="DEFAULT_VEHTYPE" speed="0.00" pos="187.99" lane="1/1to2/1_0" slope="0.00"/>
        <vehicle id="2" x="201.65" y="281.33" angle="180.00" type="DEFAULT_VEHTYPE" speed="13.27" pos="76.58" lane="1/1to1/2_0" slope="0.00"/>
        <vehicle id="20" x="201.65" y="63.48" angle="180.00" type="DEFAULT_VEHTYPE" speed="13.83" pos="63.48" lane="1/0to1/1_0" slope="0.00"/>
        <vehicle id="21" x="229.83" y="598.35" angle="90.00" type="DEFAULT_VEHTYPE" speed="11.91" pos="25.08" lane="1/3to2/3_0" slope="0.00"/>
        <vehicle id="22" x="601.65" y="418.02" angle="180.00" type="DEFAULT_VEHTYPE" speed="9.13" pos="13.27" lane="3/2to3/3_0" slope="0.00"/>
        <vehicle id="23" x="364.55" y="598.35" angle="90.00" type="DEFAULT_VEHTYPE" speed="12.03" pos="159.80" lane="1/3to2/3_0" slope="0.00"/>
        <vehicle id="24" x="395.80" y="398.71" angle="94.24" type="DEFAULT_VEHTYPE" speed="7.16" pos="0.66" lane=":2/2_15_0" slope="0.00"/>
        <vehicle id="4" x="198.35" y="352.35" angle="0.00" type="DEFAULT_VEHTYPE" speed="12.89" pos="42.90" lane="1/2to1/1_0" slope="0.00"/>
        <vehicle id="5" x="327.71" y="601.65" angle="-90.00" type="DEFAULT_VEHTYPE" speed="12.64" pos="67.54" lane="2/3to1/3_0" slope="0.00"/>
        <vehicle id="6" x="432.18" y="598.35" angle="90.00" type="DEFAULT_VEHTYPE" speed="13.58" pos="27.43" lane="2/3to3/3_0" slope="0.00"/>
        <vehicle id="7" x="610.28" y="198.35" angle="90.00" type="DEFAULT_VEHTYPE" speed="8.84" pos="5.53" lane="3/1to4/1_0" slope="0.00"/>
        <vehicle id="8" x="401.65" y="236.31" angle="180.00" type="DEFAULT_VEHTYPE" speed="13.75" pos="31.56" lane="2/1to2/2_0" slope="0.00"/>
        <vehicle id="9" x="394.61" y="598.35" angle="90.00" type="DEFAULT_VEHTYPE" speed="5.64" pos="189.86" lane="1/3to2/3_0" slope="0.00"/>
    </timestep>
    <timestep time="44.00">
        <vehicle id="0" x="694.12" y="398.35" angle="90.00" type="DEFAULT_VEHTYPE" speed="12.93" pos="89.37" lane="3/2to4/2_0" slope="0.00"/>
        <vehicle id="10" x="401.65" y="206.11" angle="180.00" type="DEFAULT_VEHTYPE" speed="12.83" pos="1.36" lane="2/1to2/2_0" slope="0.00"/>
        <vehicle id="11" x="598.35" y="395.72" angle="0.00" type="DEFAULT_VEHTYPE" speed="13.66" pos="9.03" lane=":3/2_1_0" slope="0.00"/>
        <vehicle id="12" x="212.12" y="401.65" angle="-90.00" type="DEFAULT_VEHTYPE" speed="5.84" pos="183.13" lane="2/2to1/2_0" slope="0.00"/>
        <vehicle id="14" x="198.35" y="232.44" angle="0.00" type="DEFAULT_VEHTYPE" speed="12.70" pos="162.81" lane="1/2to1/1_0" slope="0.00"/>
        <vehicle id="15" x="401.65" y="148.69" angle="180.00" type="DEFAULT_VEHTYPE" speed="12.86" pos="148.69" lane="2/0to2/1_0" slope="0.00"/>
        <vehicle id="16" x="702.81" y="198.35" angle="90.00" type="DEFAULT_VEHTYPE" speed="13.71" pos="98.06" lane="3/1to4/1_0" slope="0.00"/>
        <vehicle id="17" x="269.67" y="201.65" angle="-90.00" type="DEFAULT_VEHTYPE" speed="13.82" pos="125.58" lane="2/1to1/1_0" slope="0.00"/>
        <vehicle id="18" x="315.86" y="401.65" angle="-90.00" type="DEFAULT_VEHTYPE" speed="13.22" pos="79.39" lane="2/2to1/2_0" slope="0.00"/>
        <vehicle id="19" x="392.74" y="198.35" angle="90.00" type="DEFAULT_VEHTYPE" speed="0.00" pos="187.99" lane="1/1to2/1_0" slope="0.00"/>
        <vehicle id="2" x="201.65" y="294.67" angle="180.00" type="DEFAULT_VEHTYPE" speed="13.34" pos="89.92" lane="1/1to1/2_0" slope="0.00"/>
        <vehicle id="20" x="201.65" y="76.47" angle="180.00" type="DEFAULT_VEHTYPE" speed="12.99" pos="76.47" lane="1/0to1/1_0" slope="0.00"/>
        <vehicle id="21" x="242.61" y="598.35" angle="90.00" type="DEFAULT_VEHTYPE" speed="12.77" pos="37.86" lane="1/3to2/3_0" slope="0.00"/>
        <vehicle id="22" x="601.65" y="428.85" angle="180.00" type="DEFAULT_VEHTYPE" speed="10.83" pos="24.10" lane="3/2to3/3_0" slope="0.00"/>
        <vehicle id="23" x="376.10" y="598.35" angle="90.00" type="DEFAULT_VEHTYPE" speed="11.55" pos="171.35" lane="1/3to2/3_0" slope="0.00"/>
        <vehicle id="24" x="390.33" y="401.65" angle="-90.53" type="DEFAULT_VEHTYPE" speed="9.08" pos="4.92" lane="2/2to1/2_0" slope="0.00"/>
        <vehicle id="4" x="198.35" y="338.84" angle="0.00" type="DEFAULT_VEHTYPE" speed="13.51" pos="56.41" lane="1/2to1/1_0" slope="0.00"/>
        <vehicle id="5" x="314.97" y="601.65" angle="-90.00" type="DEFAULT_VEHTYPE" speed="12.75" pos="80.28" lane="2/3to1/3_0" slope="0.00"/>
        <vehicle id="6" x="444.89" y="598.35" angle="90.00" type="DEFAULT_VEHTYPE" speed="12.70" pos="40.14" lane="2/3to3/3_0" slope="0.00"/>
        <vehicle id="7" x="620.65" y="198.35" angle="90.00" type="DEFAULT_VEHTYPE" speed="10.36" pos="15.90" lane="3/1to4/1_0" slope="0.00"/>
        <vehicle id="8" x="401.65" y="250.08" angle="180.00" type="DEFAULT_VEHTYPE" speed="13.78" pos="45.33" lane="2/1to2/2_0" slope="0.00"/>
        <vehicle id="9" x="400.97" y="601.48" angle="126.91" type="DEFAULT_VEHTYPE" speed="7.58" pos="6.94" lane=":2/3_14_0" slope="0.00"/>
    </timestep>
    <timestep time="45.00">
        <vehicle id="0" x="707.42" y="398.35" angle="90.00" type="DEFAULT_VEHTYPE" speed="13.30" pos="102.67" lane="3/2to4/2_0" slope="0.00"/>
        <vehicle id="10" x="401.65" y="219.64" angle="180.00" type="DEFAULT_VEHTYPE" speed="13.53" pos="14.89" lane="2/1to2/2_0" slope="0.00"/>
        <vehicle id="11" x="598.35" y="382.82" angle="0.00" type="DEFAULT_VEHTYPE" speed="12.90" pos="12.43" lane="3/2to3/1_0" slope="0.00"/>
        <vehicle id="12" x="209.40" y="401.65" angle="-90.00" type="DEFAULT_VEHTYPE" speed="2.72" pos="185.85" lane="2/2to1/2_0" slope="0.00"/>
        <vehicle id="14" x="198.35" y="221.45" angle="0.00" type="DEFAULT_VEHTYPE" speed="10.99" pos="173.80" lane="1/2to1/1_0" slope="0.00"/>
        <vehicle id="15" x="401.65" y="162.20" angle="180.00" type="DEFAULT_VEHTYPE" speed="13.51" pos="162.20" lane="2/0to2/1_0" slope="0.00"/>
        <vehicle id="16" x="715.95" y="198.35" angle="90.00" type="DEFAULT_VEHTYPE" speed="13.14" pos="111.20" lane="3/1to4/1_0" slope="0.00"/>
        <vehicle id="17" x="256.00" y="201.65" angle="-90.00" type="DEFAULT_VEHTYPE" speed="13.67" pos="139.25" lane="2/1to1/1_0" slope="0.00"/>
        <vehicle id="18" x="302.98" y="401.65" angle="-90.00" type="DEFAULT_VEHTYPE" speed="12.89" pos="92.27" lane="2/2to1/2_0" slope="0.00"/>
        <vehicle id="19" x="392.74" y="198.35" angle="90.00" type="DEFAULT_VEHTYPE" speed="0.00" pos="187.99" lane="1/1to2/1_0" slope="0.00"/>
        <vehicle id="2" x="201.65" y="308.11" angle="180.00" type="DEFAULT_VEHTYPE" speed="13.44" pos="103.36" lane="1/1to1/2_0" slope="0.00"/>
        <vehicle id="20" x="201.65" y="89.31" angle="180.00" type="DEFAULT_VEHTYPE" speed="12.84" pos="89.31" lane="1/0to1/1_0" slope="0.00"/>
        <vehicle id="21" x="255.34" y="598.35" angle="90.00" type="DEFAULT_VEHTYPE" speed="12.74" pos="50.59" lane="1/3to2/3_0" slope="0.00"/>
        <vehicle id="22" x="601.65" y="442.14" angle="180.00" type="DEFAULT_VEHTYPE" speed="13.29" pos="37.39" lane="3/2to3/3_0" slope="0.00"/>
        <vehicle id="23" x="383.61" y="598.35" angle="90.00" type="DEFAULT_VEHTYPE" speed="7.51" pos="178.86" lane="1/3to2/3_0" slope="0.00"/>
        <vehicle id="24" x="379.03" y="401.65" angle="-90.00" type="DEFAULT_VEHTYPE" speed="11.30" pos="16.22" lane="2/2to1/2_0" slope="0.00"/>
        <vehicle id="4" x="198.35" y="325.96" angle="0.00" type="DEFAULT_VEHTYPE" speed="12.89" pos="69.29" lane="1/2to1/1_0" slope="0.00"/>
        <vehicle id="5" x="301.63" y="601.65" angle="-90.00" type="DEFAULT_VEHTYPE" speed="13.33" pos="93.62" lane="2/3to1/3_0" slope="0.00"/>
        <vehicle id="6" x="458.71" y="598.35" angle="90.00" type="DEFAULT_VEHTYPE" speed="13.83" pos="53.96" lane="2/3to3/3_0" slope="0.00"/>
        <vehicle id="7" x="633.40" y="198.35" angle="90.00" type="DEFAULT_VEHTYPE" speed="12.75" pos="28.65" lane="3/1to4/1_0" slope="0.00"/>
        <vehicle id="8" x="401.65" y="263.88" angle="180.00" type="DEFAULT_VEHTYPE" speed="13.79" pos="59.13" lane="2/1to2/2_0" slope="0.00"/>
        <vehicle id="9" x="401.65" y="610.88" angle="180.00" type="DEFAULT_VEHTYPE" speed="9.51" pos="6.13" lane="2/3to2/4_0" slope="0.00"/>
    </timestep>
    <timestep time="46.00">
        <vehicle id="0" x="720.69" y="398.35" angle="90.00" type="DEFAULT_VEHTYPE" speed="13.28" pos="115.94" lane="3/2to4/2_0" slope="0.00"/>
        <vehicle id="10" x="401.65" y="232.57" angle="180.00" type="DEFAULT_VEHTYPE" speed="12.93" pos="27.82" lane="2/1to2/2_0" slope="0.00"/>
        <vehicle id="11" x="598.35" y="369.22" angle="0.00" type="DEFAULT_VEHTYPE" speed="13.60" pos="26.03" lane="3/2to3/1_0" slope="0.00"/>
        <vehicle id="12" x="204.51" y="401.65" angle="-90.00" type="DEFAULT_VEHTYPE" speed="4.89" pos="0.24" lane=":1/2_5_0" slope="0.00"/>
        <vehicle id="14" x="198.35" y="214.39" angle="0.00" type="DEFAULT_VEHTYPE" speed="7.06" pos="180.86" lane="1/2to1/1_0" slope="0.00"/>
        <vehicle id="15" x="401.65" y="174.85" angle="180.00" type="DEFAULT_VEHTYPE" speed="12.65" pos="174.85" lane="2/0to2/1_0" slope="0.00"/>
        <vehicle id="16" x="729.26" y="198.35" angle="90.00" type="DEFAULT_VEHTYPE" speed="13.31" pos="124.51" lane="3/1to4/1_0" slope="0.00"/>
        <vehicle id="17" x="242.99" y="201.65" angle="-90.00" type="DEFAULT_VEHTYPE" speed="13.01" pos="152.26" lane="2/1to1/1_0" slope="0.00"/>
        <vehicle id="18" x="289.65" y="401.65" angle="-90.00" type="DEFAULT_VEHTYPE" speed="13.32" pos="105.60" lane="2/2to1/2_0" slope="0.00"/>
        <vehicle id="19" x="392.74" y="198.35" angle="90.00" type="DEFAULT_VEHTYPE" speed="0.00" pos="187.99" lane="1/1to2/1_0" slope="0.00"/>
        <vehicle id="2" x="201.65" y="321.80" angle="180.00" type="DEFAULT_VEHTYPE" speed="13.68" pos="117.05" lane="1/1to1/2_0" slope="0.00"/>
        <vehicle id="20" x="201.65" y="102.70" angle="180.00" type="DEFAULT_VEHTYPE" speed="13.39" pos="102.70" lane="1/0to1/1_0" slope="0.00"/>
        <vehicle id="21" x="268.23" y="598.35" angle="90.00" type="DEFAULT_VEHTYPE" speed="12.89" pos="63.48" lane="1/3to2/3_0" slope="0.00"/>
        <vehicle id="22" x="601.65" y="454.96" angle="180.00" type="DEFAULT_VEHTYPE" speed="12.82" pos="50.21" lane="3/2to3/3_0" slope="0.00"/>
        <vehicle id="23" x="389.23" y="598.35" angle="90.00" type="DEFAULT_VEHTYPE" speed="5.62" pos="184.48" lane="1/3to2/3_0" slope="0.00"/>
        <vehicle id="24" x="365.37" y="401.65" angle="-90.00" type="DEFAULT_VEHTYPE" speed="13.66" pos="29.88" lane="2/2to1/2_0" slope="0.00"/>
        <vehicle id="4" x="198.35" y="312.06" angle="0.00" type="DEFAULT_VEHTYPE" speed="13.89" pos="83.19" lane="1/2to1/1_0" slope="0.00"/>
        <vehicle id="5" x="288.70" y="601.65" angle="-90.00" type="DEFAULT_VEHTYPE" speed="12.93" pos="106.55" lane="2/3to1/3_0" slope="0.00"/>
        <vehicle id="6" x="471.84" y="598.35" angle="90.00" type="DEFAULT_VEHTYPE" speed="13.13" pos="67.09" lane="2/3to3/3_0" slope="0.00"/>
        <vehicle id="7" x="646.18" y="198.35" angle="90.00" type="DEFAULT_VEHTYPE" speed="12.79" pos="41.43" lane="3/1to4/1_0" slope="0.00"/>
        <vehicle id="8" x="401.65" y="277.61" angle="180.00" type="DEFAULT_VEHTYPE" speed="13.73" pos="72.86" lane="2/1to2/2_0" slope="0.00"/>
        <vehicle id="9" x="401.65" y="622.88" angle="180.00" type="DEFAULT_VEHTYPE" speed="12.00" pos="18.13" lane="2/3to2/4_0" slope="0.00"/>
    </timestep>
    <timestep time="47.00">
        <vehicle id="0" x="734.59" y="398.35" angle="90.00" type="DEFAULT_VEHTYPE" speed="13.90" pos="129.84" lane="3/2to4/2_0" slope="0.00"/>
        <vehicle id="10" x="401.65" y="245.70" angle="180.00" type="DEFAULT_VEHTYPE" speed="13.13" pos="40.95" lane="2/1to2/2_0" slope="0.00"/>
        <vehicle id="11" x="598.35" y="356.13" angle="0.00" type="DEFAULT_VEHTYPE" speed="13.09" pos="39.12" lane="3/2to3/1_0" slope="0.00"/>
        <vehicle id="12" x="197.26" y="401.65" angle="-90.00" type="DEFAULT_VEHTYPE" speed="7.24" pos="7.49" lane=":1/2_5_0" slope="0.00"/>
        <vehicle id="14" x="198.35" y="210.54" angle="0.00" type="DEFAULT_VEHTYPE" speed="3.86" pos="184.71" lane="1/2to1/1_0" slope="0.00"/>
        <vehicle id="15" x="401.65" y="187.98" angle="180.00" type="DEFAULT_VEHTYPE" speed="13.12" pos="187.98" lane="2/0to2/1_0" slope="0.00"/>
        <vehicle id="16" x="742.56" y="198.35" angle="90.00" type="DEFAULT_VEHTYPE" speed="13.30" pos="137.81" lane="3/1to4/1_0" slope="0.00"/>
        <vehicle id="17" x="230.01" y="201.65" angle="-90.00" type="DEFAULT_VEHTYPE" speed="12.98" pos="165.24" lane="2/1to1/1_0" slope="0.00"/>
        <vehicle id="18" x="275.89" y="401.65" angle="-90.00" type="DEFAULT_VEHTYPE" speed="13.76" pos="119.36" lane="2/2to1/2_0" slope="0.00"/>
        <vehicle id="19" x="392.74" y="198.35" angle="90.00" type="DEFAULT_VEHTYPE" speed="0.00" pos="187.99" lane="1/1to2/1_0" slope="0.00"/>
        <vehicle id="2" x="201.65" y="334.51" angle="180.00" type="DEFAULT_VEHTYPE" speed="12.72" pos="129.76" lane="1/1to1/2_0" slope="0.00"/>
        <vehicle id="20" x="201.65" y="115.68" angle="180.00" type="DEFAULT_VEHTYPE" speed="12.98" pos="115.68" lane="1/0to1/1_0" slope="0.00"/>
        <vehicle id="21" x="281.12" y="598.35" angle="90.00" type="DEFAULT_VEHTYPE" speed="12.89" pos="76.37" lane="1/3to2/3_0" slope="0.00"/>
        <vehicle id="22" x="601.65" y="467.99" angle="180.00" type="DEFAULT_VEHTYPE" speed="13.03" pos="63.24" lane="3/2to3/3_0" slope="0.00"/>
        <vehicle id="23" x="397.31" y="597.74" angle="82.88" type="DEFAULT_VEHTYPE" speed="8.21" pos="2.19" lane=":2/3_12_0" slope="0.00"/>
        <vehicle id="24" x="351.71" y="401.65" angle="-90.00" type="DEFAULT_VEHTYPE" speed="13.66" pos="43.54" lane="2/2to1/2_0" slope="0.00"/>
        <vehicle id="4" x="198.35" y="298.83" angle="0.00" type="DEFAULT_VEHTYPE" speed="13.24" pos="96.42" lane="1/2to1/1_0" slope="0.00"/>
        <vehicle id="5" x="276.07" y="601.65" angle="-90.00" type="DEFAULT_VEHTYPE" speed="12.64" pos="119.18" lane="2/3to1/3_0" slope="0.00"/>
        <vehicle id="6" x="484.73" y="598.35" angle="90.00" type="DEFAULT_VEHTYPE" speed="12.89" pos="79.98" lane="2/3to3/3_0" slope="0.00"/>
        <vehicle id="7" x="658.96" y="198.35" angle="90.00" type="DEFAULT_VEHTYPE" speed="12.78" pos="54.21" lane="3/1to4/1_0" slope="0.00"/>
        <vehicle id="8" x="401.65" y="290.78" angle="180.00" type="DEFAULT_VEHTYPE" speed="13.18" pos="86.03" lane="2/1to2/2_0" slope="0.00"/>
        <vehicle id="9" x="401.65" y="636.78" angle="180.00" type="DEFAULT_VEHTYPE" speed="13.89" pos="32.03" lane="2/3to2/4_0" slope="0.00"/>
    </timestep>
    <timestep time="48.00">
        <vehicle id="0" x="748.22" y="398.35" angle="90.00" type="DEFAULT_VEHTYPE" speed="13.64" pos="143.47" lane="3/2to4/2_0" slope="0.00"/>
        <vehicle id="10" x="401.65" y="259.04" angle="180.00" type="DEFAULT_VEHTYPE" speed="13.35" pos="54.29" lane="2/1to2/2_0" slope="0.00"/>
        <vehicle id="11" x="598.35" y="343.01" angle="0.00" type="DEFAULT_VEHTYPE" speed="13.12" pos="52.24" lane="3/2to3/1_0" slope="0.00"/>
        <vehicle id="12" x="187.94" y="401.65" angle="-90.00" type="DEFAULT_VEHTYPE" speed="9.33" pos="7.31" lane="1/2to0/2_0" slope="0.00"/>
        <vehicle id="14" x="198.35" y="204.92" angle="0.00" type="DEFAULT_VEHTYPE" speed="5.62" pos="190.33" lane="1/2to1/1_0" slope="0.00"/>
        <vehicle id="15" x="401.65" y="201.33" angle="180.00" type="DEFAULT_VEHTYPE" speed="13.35" pos="6.08" lane=":2/1_9_0" slope="0.00"/>
        <vehicle id="16" x="756.23" y="198.35" angle="90.00" type="DEFAULT_VEHTYPE" speed="13.66" pos="151.48" lane="3/1to4/1_0" slope="0.00"/>
        <vehicle id="17" x="220.47" y="201.65" angle="-90.00" type="DEFAULT_VEHTYPE" speed="9.54" pos="174.78" lane="2/1to1/1_0" slope="0.00"/>
        <vehicle id="18" x="262.54" y="401.65" angle="-90.00" type="DEFAULT_VEHTYPE" speed="13.35" pos="132.71" lane="2/2to1/2_0" slope="0.00"/>
        <vehicle id="19" x="392.74" y="198.35" angle="90.00" type="DEFAULT_VEHTYPE" speed="0.00" pos="187.99" lane="1/1to2/1_0" slope="0.00"/>
        <vehicle id="2" x="201.65" y="347.66" angle="180.00" type="DEFAULT_VEHTYPE" speed="13.15" pos="142.91" lane="1/1to1/2_0" slope="0.00"/>
        <vehicle id="20" x="201.65" y="128.82" angle="180.00" type="DEFAULT_VEHTYPE" speed="13.14" pos="128.82" lane="1/0to1/1_0" slope="0.00"/>
        <vehicle id="21" x="293.91" y="598.35" angle="90.00" type="DEFAULT_VEHTYPE" speed="12.79" pos="89.16" lane="1/3to2/3_0" slope="0.00"/>
        <vehicle id="22" x="601.65" y="481.51" angle="180.00" type="DEFAULT_VEHTYPE" speed="13.52" pos="76.76" lane="3/2to3/3_0" slope="0.00"/>
        <vehicle id="23" x="398.35" y="587.62" angle="0.00" type="DEFAULT_VEHTYPE" speed="10.44" pos="7.63" lane="2/3to2/2_0" slope="0.00"/>
        <vehicle id="24" x="338.69" y="401.65" angle="-90.00" type="DEFAULT_VEHTYPE" speed="13.01" pos="56.56" lane="2/2to1/2_0" slope="0.00"/>
        <vehicle id="4" x="198.35" y="285.75" angle="0.00" type="DEFAULT_VEHTYPE" speed="13.07" pos="109.50" lane="1/2to1/1_0" slope="0.00"/>
        <vehicle id="5" x="263.07" y="601.65" angle="-90.00" type="DEFAULT_VEHTYPE" speed="12.99" pos="132.18" lane="2/3to1/3_0" slope="0.00"/>
        <vehicle id="6" x="498.23" y="598.35" angle="90.00" type="DEFAULT_VEHTYPE" speed="13.50" pos="93.48" lane="2/3to3/3_0" slope="0.00"/>
        <vehicle id="7" x="672.32" y="198.35" angle="90.00" type="DEFAULT_VEHTYPE" speed="13.35" pos="67.57" lane="3/1to4/1_0" slope="0.00"/>
        <vehicle id="8" x="401.65" y="304.14" angle="180.00" type="DEFAULT_VEHTYPE" speed="13.35" pos="99.39" lane="2/1to2/2_0" slope="0.00"/>
        <vehicle id="9" x="401.65" y="649.41" angle="180.00" type="DEFAULT_VEHTYPE" speed="12.63" pos="44.66" lane="2/3to2/4_0" slope="0.00"/>
    </timestep>
    <timestep time="49.00">
        <vehicle id="0" x="762.08" y="398.35" angle="90.00" type="DEFAULT_VEHTYPE" speed="13.85" pos="157.33" lane="3/2to4/2_0" slope="0.00"/>
        <vehicle id="10" x="401.65" y="271.75" angle="180.00" type="DEFAULT_VEHTYPE" speed="12.71" pos="67.00" lane="2/1to2/2_0" slope="0.00"/>
        <vehicle id="11" x="598.35" y="330.10" angle="0.00" type="DEFAULT_VEHTYPE" speed="12.92" pos="65.15" lane="3/2to3/1_0" slope="0.00"/>
        <vehicle id="12" x="176.18" y="401.65" angle="-90.00" type="DEFAULT_VEHTYPE" speed="11.76" pos="19.07" lane="1/2to0/2_0" slope="0.00"/>
        <vehicle id="14" x="201.94" y="198.75" angle="42.49" type="DEFAULT_VEHTYPE" speed="7.65" pos="0.34" lane=":1/1_16_0" slope="0.00"/>
        <vehicle id="15" x="401.65" y="214.47" angle="180.00" type="DEFAULT_VEHTYPE" speed="13.15" pos="9.72" lane="2/1to2/2_0" slope="0.00"/>
        <vehicle id="16" x="769.92" y="198.35" angle="90.00" type="DEFAULT_VEHTYPE" speed="13.70" pos="165.17" lane="3/1to4/1_0" slope="0.00"/>
        <vehicle id="17" x="214.11" y="201.65" angle="-90.00" type="DEFAULT_VEHTYPE" speed="6.35" pos="181.14" lane="2/1to1/1_0" slope="0.00"/>
        <vehicle id="18" x="249.88" y="401.65" angle="-90.00" type="DEFAULT_VEHTYPE" speed="12.66" pos="145.37" lane="2/2to1/2_0" slope="0.00"/>
        <vehicle id="19" x="392.74" y="198.35" angle="90.00" type="DEFAULT_VEHTYPE" speed="0.00" pos="187.99" lane="1/1to2/1_0" slope="0.00"/>
        <vehicle id="2" x="201.65" y="360.72" angle="180.00" type="DEFAULT_VEHTYPE" speed="13.06" pos="155.97" lane="1/1to1/2_0" slope="0.00"/>
        <vehicle id="20" x="201.65" y="141.45" angle="180.00" type="DEFAULT_VEHTYPE" speed="12.63" pos="141.45" lane="1/0to1/1_0" slope="0.00"/>
        <vehicle id="21" x="307.45" y="598.35" angle="90.00" type="DEFAULT_VEHTYPE" speed="13.54" pos="102.70" lane="1/3to2/3_0" slope="0.00"/>
        <vehicle id="22" x="601.65" y="494.92" angle="180.00" type="DEFAULT_VEHTYPE" speed="13.41" pos="90.17" lane="3/2to3/3_0" slope="0.00"/>
        <vehicle id="23" x="398.35" y="575.22" angle="0.00" type="DEFAULT_VEHTYPE" speed="12.40" pos="20.03" lane="2/3to2/2_0" slope="0.00"/>
        <vehicle id="24" x="325.72" y="401.65" angle="-90.00" type="DEFAULT_VEHTYPE" speed="12.97" pos="69.53" lane="2/2to1/2_0" slope="0.00"/>
        <vehicle id="4" x="198.35" y="272.02" angle="0.00" type="DEFAULT_VEHTYPE" speed="13.73" pos="123.23" lane="1/2to1/1_0" slope="0.00"/>
        <vehicle id="5" x="249.90" y="601.65" angle="-90.00" type="DEFAULT_VEHTYPE" speed="13.17" pos="145.35" lane="2/3to1/3_0" slope="0.00"/>
        <vehicle id="6" x="511.72" y="598.35" angle="90.00" type="DEFAULT_VEHTYPE" speed="13.49" pos="106.97" lane="2/3to3/3_0" slope="0.00"/>
        <vehicle id="7" x="685.48" y="198.35" angle="90.00" type="DEFAULT_VEHTYPE" speed="13.16" pos="80.73" lane="3/1to4/1_0" slope="0.00"/>
        <vehicle id="8" x="401.65" y="317.95" angle="180.00" type="DEFAULT_VEHTYPE" speed="13.82" pos="113.20" lane="2/1to2/2_0" slope="0.00"/>
        <vehicle id="9" x="401.65" y="662.52" angle="180.00" type="DEFAULT_VEHTYPE" speed="13.11" pos="57.77" lane="2/3to2/4_0" slope="0.00"/>
    </timestep>
    <timestep time="50.00">
        <vehicle id="0" x="775.46" y="398.35" angle="90.00" type="DEFAULT_VEHTYPE" speed="13.38" pos="170.71" lane="3/2to4/2_0" slope="0.00"/>
        <vehicle id="10" x="401.65" y="284.52" angle="180.00" type="DEFAULT_VEHTYPE" speed="12.76" pos="79.77" lane="2/1to2/2_0" slope="0.00"/>
        <vehicle id="11" x="598.35" y="316.46" angle="0.00" type="DEFAULT_VEHTYPE" speed="13.63" pos="78.79" lane="3/2to3/1_0" slope="0.00"/>
        <vehicle id="12" x="162.44" y="401.65" angle="-90.00" type="DEFAULT_VEHTYPE" speed="13.74" pos="32.81" lane="1/2to0/2_0" slope="0.00"/>
        <vehicle id="14" x="211.42" y="198.35" angle="90.00" type="DEFAULT_VEHTYPE" speed="9.51" pos="6.67" lane="1/1to2/1_0" slope="0.00"/>
        <vehicle id="15" x="401.65" y="228.22" angle="180.00" type="DEFAULT_VEHTYPE" speed="13.74" pos="23.47" lane="2/1to2/2_0" slope="0.00"/>
        <vehicle id="16" x="782.97" y="198.35" angle="90.00" type="DEFAULT_VEHTYPE" speed="13.05" pos="178.22" lane="3/1to4/1_0" slope="0.00"/>
        <vehicle id="17" x="210.52" y="201.65" angle="-90.00" type="DEFAULT_VEHTYPE" speed="3.59" pos="184.73" lane="2/1to1/1_0" slope="0.00"/>
        <vehicle id="18" x="236.52" y="401.65" angle="-90.00" type="DEFAULT_VEHTYPE" speed="13.36" pos="158.73" lane="2/2to1/2_0" slope="0.00"/>
        <vehicle id="19" x="394.79" y="198.35" angle="90.00" type="DEFAULT_VEHTYPE" speed="2.05" pos="190.04" lane="1/1to2/1_0" slope="0.00"/>
        <vehicle id="2" x="201.65" y="373.72" angle="180.00" type="DEFAULT_VEHTYPE" speed="13.00" pos="168.97" lane="1/1to1/2_0" slope="0.00"/>
        <vehicle id="20" x="201.65" y="154.86" angle="180.00" type="DEFAULT_VEHTYPE" speed="13.41" pos="154.86" lane="1/0to1/1_0" slope="0.00"/>
        <vehicle id="21" x="320.59" y="598.35" angle="90.00" type="DEFAULT_VEHTYPE" speed="13.14" pos="115.84" lane="1/3to2/3_0" slope="0.00"/>
        <vehicle id="22" x="601.65" y="508.32" angle="180.00" type="DEFAULT_VEHTYPE" speed="13.40" pos="103.57" lane="3/2to3/3_0" slope="0.00"/>
        <vehicle id="23" x="398.35" y="561.38" angle="0.00" type="DEFAULT_VEHTYPE" speed="13.84" pos="33.87" lane="2/3to2/2_0" slope="0.00"/>
        <vehicle id="24" x="311.98" y="401.65" angle="-90.00" type="DEFAULT_VEHTYPE" speed="13.74" pos="83.27" lane="2/2to1/2_0" slope="0.00"/>
        <vehicle id="4" x="198.35" y="259.17" angle="0.00" type="DEFAULT_VEHTYPE" speed="12.85" pos="136.08" lane="1/2to1/1_0" slope="0.00"/>
        <vehicle id="5" x="236.95" y="601.65" angle="-90.00" type="DEFAULT_VEHTYPE" speed="12.95" pos="158.30" lane="2/3to1/3_0" slope="0.00"/>
        <vehicle id="6" x="524.97" y="598.35" angle="90.00" type="DEFAULT_VEHTYPE" speed="13.25" pos="120.22" lane="2/3to3/3_0" slope="0.00"/>
        <vehicle id="7" x="698.68" y="198.35" angle="90.00" type="DEFAULT_VEHTYPE" speed="13.20" pos="93.93" lane="3/1to4/1_0" slope="0.00"/>
        <vehicle id="8" x="401.65" y="331.70" angle="180.00" type="DEFAULT_VEHTYPE" speed="13.74" pos="126.95" lane="2/1to2/2_0" slope="0.00"/>
        <vehicle id="9" x="401.65" y="675.86" angle="180.00" type="DEFAULT_VEHTYPE" speed="13.34" pos="71.11" lane="2/3to2/4_0" slope="0.00"/>
    </timestep>
    <timestep time="51.00">
        <vehicle id="0" x="789.29" y="398.35" angle="90.00" type="DEFAULT_VEHTYPE" speed="13.83" pos="184.54" lane="3/2to4/2_0" slope="0.00"/>
        <vehicle id="10" x="401.65" y="298.41" angle="180.00" type="DEFAULT_VEHTYPE" speed="13.89" pos="93.66" lane="2/1to2/2_0" slope="0.00"/>
        <vehicle id="11" x="598.35" y="302.67" angle="0.00" type="DEFAULT_VEHTYPE" speed="13.79" pos="92.58" lane="3/2to3/1_0" slope="0.00"/>
        <vehicle id="12" x="148.70" y="401.65" angle="-90.00" type="DEFAULT_VEHTYPE" speed="13.75" pos="46.55" lane="1/2to0/2_0" slope="0.00"/>
        <vehicle id="14" x="222.80" y="198.35" angle="90.00" type="DEFAULT_VEHTYPE" speed="11.38" pos="18.05" lane="1/1to2/1_0" slope="0.00"/>
        <vehicle id="15" x="401.65" y="240.86" angle="180.00" type="DEFAULT_VEHTYPE" speed="12.64" pos="36.11" lane="2/1to2/2_0" slope="0.00"/>
        <vehicle id="16" x="796.50" y="198.35" angle="90.00" type="DEFAULT_VEHTYPE" speed="13.52" pos="191.75" lane="3/1to4/1_0" slope="0.00"/>
        <vehicle id="17" x="204.89" y="201.65" angle="-90.00" type="DEFAULT_VEHTYPE" speed="5.63" pos="190.36" lane="2/1to1/1_0" slope="0.00"/>
        <vehicle id="18" x="224.72" y="401.65" angle="-90.00" type="DEFAULT_VEHTYPE" speed="11.80" pos="170.53" lane="2/2to1/2_0" slope="0.00"/>
        <vehicle id="19" x="398.12" y="198.79" angle="95.11" type="DEFAULT_VEHTYPE" speed="3.37" pos="2.91" lane=":2/1_14_0" slope="0.00"/>
        <vehicle id="2" x="201.65" y="386.76" angle="180.00" type="DEFAULT_VEHTYPE" speed="13.04" pos="182.01" lane="1/1to1/2_0" slope="0.00"/>
        <vehicle id="20" x="201.65" y="167.60" angle="180.00" type="DEFAULT_VEHTYPE" speed="12.74" pos="167.60" lane="1/0to1/1_0" slope="0.00"/>
        <vehicle id="21" x="334.03" y="598.35" angle="90.00" type="DEFAULT_VEHTYPE" speed="13.44" pos="129.28" lane="1/3to2/3_0" slope="0.00"/>
        <vehicle id="22" x="601.65" y="522.13" angle="180.00" type="DEFAULT_VEHTYPE" speed="13.80" pos="117.38" lane="3/2to3/3_0" slope="0.00"/>
        <vehicle id="23" x="398.35" y="547.67" angle="0.00" type="DEFAULT_VEHTYPE" speed="13.72" pos="47.58" lane="2/3to2/2_0" slope="0.00"/>
        <vehicle id="24" x="298.52" y="401.65" angle="-90.00" type="DEFAULT_VEHTYPE" speed="13.46" pos="96.73" lane="2/2to1/2_0" slope="0.00"/>
        <vehicle id="4" x="198.35" y="246.32" angle="0.00" type="DEFAULT_VEHTYPE" speed="12.85" pos="148.93" lane="1/2to1/1_0" slope="0.00"/>
        <vehicle id="5" x="225.18" y="601.65" angle="-90.00" type="DEFAULT_VEHTYPE" speed="11.77" pos="170.07" lane="2/3to1/3_0" slope="0.00"/>
        <vehicle id="6" x="537.68" y="598.35" angle="90.00" type="DEFAULT_VEHTYPE" speed="12.71" pos="132.93" lane="2/3to3/3_0" slope="0.00"/>
        <vehicle id="7" x="712.22" y="198.35" angle="90.00" type="DEFAULT_VEHTYPE" speed="13.53" pos="107.47" lane="3/1to4/1_0" slope="0.00"/>
        <vehicle id="8" x="401.65" y="345.30" angle="180.00" type="DEFAULT_VEHTYPE" speed="13.61" pos="140.55" lane="2/1to2/2_0" slope="0.00"/>
        <vehicle id="9" x="401.65" y="688.73" angle="180.00" type="DEFAULT_VEHTYPE" speed="12.87" pos="83.98" lane="2/3to2/4_0" slope="0.00"/>
    </timestep>
    <timestep time="52.00">
        <vehicle id="10" x="401.65" y="311.78" angle="180.00" type="DEFAULT_VEHTYPE" speed="13.37" pos="107.03" lane="2/1to2/2_0" slope="0.00"/>
        <vehicle id="11" x="598.35" y="289.86" angle="0.00" type="DEFAULT_VEHTYPE" speed="12.81" pos="105.39" lane="3/2to3/1_0" slope="0.00"/>
        <vehicle id="12" x="135.69" y="401.65" angle="-90.00" type="DEFAULT_VEHTYPE" speed="13.01" pos="59.56" lane="1/2to0/2_0" slope="0.00"/>
        <vehicle id="14" x="235.97" y="198.35" angle="90.00" type="DEFAULT_VEHTYPE" speed="13.17" pos="31.22" lane="1/1to2/1_0" slope="0.00"/>
        <vehicle id="15" x="401.65" y="254.57" angle="180.00" type="DEFAULT_VEHTYPE" speed="13.71" pos="49.82" lane="2/1to2/2_0" slope="0.00"/>
        <vehicle id="16" x="795.13" y="201.65" angle="-90.81" type="DEFAULT_VEHTYPE" speed="13.20" pos="4.87" lane="4/1to3/1_0" slope="0.00"/>
        <vehicle id="17" x="201.65" y="207.33" angle="-171.36" type="DEFAULT_VEHTYPE" speed="7.72" pos="2.58" lane="1/1to1/2_0" slope="0.00"/>
        <vehicle id="18" x="216.99" y="401.65" angle="-90.00" type="DEFAULT_VEHTYPE" speed="7.73" pos="178.26" lane="2/2to1/2_0" slope="0.00"/>
        <vehicle id="19" x="401.36" y="202.74" angle="142.17" type="DEFAULT_VEHTYPE" speed="5.38" pos="8.29" lane=":2/1_14_0" slope="0.00"/>
        <vehicle id="2" x="201.65" y="400.29" angle="180.00" type="DEFAULT_VEHTYPE" speed="13.52" pos="5.04" lane=":1/2_9_0" slope="0.00"/>
        <vehicle id="20" x="201.65" y="180.33" angle="180.00" type="DEFAULT_VEHTYPE" speed="12.73" pos="180.33" lane="1/0to1/1_0" slope="0.00"/>
        <vehicle id="21" x="347.90" y="598.35" angle="90.00" type="DEFAULT_VEHTYPE" speed="13.88" pos="143.15" lane="1/3to2/3_0" slope="0.00"/>
        <vehicle id="22" x="601.65" y="535.72" angle="180.00" type="DEFAULT_VEHTYPE" speed="13.59" pos="130.97" lane="3/2to3/3_0" slope="0.00"/>
        <vehicle id="23" x="398.35" y="534.03" angle="0.00" type="DEFAULT_VEHTYPE" speed="13.64" pos="61.22" lane="2/3to2/2_0" slope="0.00"/>
        <vehicle id="24" x="285.54" y="401.65" angle="-90.00" type="DEFAULT_VEHTYPE" speed="12.98" pos="109.71" lane="2/2to1/2_0" slope="0.00"/>
        <vehicle id="4" x="198.35" y="233.61" angle="0.00" type="DEFAULT_VEHTYPE" speed="12.70" pos="161.64" lane="1/2to1/1_0" slope="0.00"/>
        <vehicle id="5" x="216.62" y="601.65" angle="-90.00" type="DEFAULT_VEHTYPE" speed="8.56" pos="178.63" lane="2/3to1/3_0" slope="0.00"/>
        <vehicle id="6" x="550.54" y="598.35" angle="90.00" type="DEFAULT_VEHTYPE" speed="12.86" pos="145.79" lane="2/3to3/3_0" slope="0.00"/>
        <vehicle id="7" x="724.99" y="198.35" angle="90.00" type="DEFAULT_VEHTYPE" speed="12.77" pos="120.24" lane="3/1to4/1_0" slope="0.00"/>
        <vehicle id="8" x="401.65" y="358.16" angle="180.00" type="DEFAULT_VEHTYPE" speed="12.85" pos="153.41" lane="2/1to2/2_0" slope="0.00"/>
        <vehicle id="9" x="401.65" y="701.52" angle="180.00" type="DEFAULT_VEHTYPE" speed="12.79" pos="96.77" lane="2/3to2/4_0" slope="0.00"/>
    </timestep>
    <timestep time="53.00">
        <vehicle id="10" x="401.65" y="325.13" angle="180.00" type="DEFAULT_VEHTYPE" speed="13.35" pos="120.38" lane="2/1to2/2_0" slope="0.00"/>
        <vehicle id="11" x="598.35" y="276.02" angle="0.00" type="DEFAULT_VEHTYPE" speed="13.84" pos="119.23" lane="3/2to3/1_0" slope="0.00"/>
        <vehicle id="12" x="122.94" y="401.65" angle="-90.00" type="DEFAULT_VEHTYPE" speed="12.75" pos="72.31" lane="1/2to0/2_0" slope="0.00"/>
        <vehicle id="14" x="249.84" y="198.35" angle="90.00" type="DEFAULT_VEHTYPE" speed="13.87" pos="45.09" lane="1/1to2/1_0" slope="0.00"/>
        <vehicle id="15" x="401.65" y="267.84" angle="180.00" type="DEFAULT_VEHTYPE" speed="13.27" pos="63.09" lane="2/1to2/2_0" slope="0.00"/>
        <vehicle id="16" x="781.31" y="201.65" angle="-90.00" type="DEFAULT_VEHTYPE" speed="13.82" pos="18.69" lane="4/1to3/1_0" slope="0.00"/>
        <vehicle id="17" x="201.65" y="216.47" angle="180.00" type="DEFAULT_VEHTYPE" speed="9.14" pos="11.72" lane="1/1to1/2_0" slope="0.00"/>
        <vehicle id="18" x="211.93" y="401.65" angle="-90.00" type="DEFAULT_VEHTYPE" speed="5.07" pos="183.32" lane="2/2to1/2_0" slope="0.00"/>
        <vehicle id="19" x="401.65" y="210.59" angle="180.00" type="DEFAULT_VEHTYPE" speed="7.87" pos="5.84" lane="2/1to2/2_0" slope="0.00"/>
        <vehicle id="2" x="201.65" y="413.27" angle="180.00" type="DEFAULT_VEHTYPE" speed="12.99" pos="8.52" lane="1/2to1/3_0" slope="0.00"/>
        <vehicle id="20" x="201.65" y="193.98" angle="180.00" type="DEFAULT_VEHTYPE" speed="13.65" pos="193.98" lane="1/0to1/1_0" slope="0.00"/>
        <vehicle id="21" x="360.53" y="598.35" angle="90.00" type="DEFAULT_VEHTYPE" speed="12.63" pos="155.78" lane="1/3to2/3_0" slope="0.00"/>
        <vehicle id="22" x="601.65" y="548.60" angle="180.00" type="DEFAULT_VEHTYPE" speed="12.88" pos="143.85" lane="3/2to3/3_0" slope="0.00"/>
        <vehicle id="23" x="398.35" y="520.28" angle="0.00" type="DEFAULT_VEHTYPE" speed="13.75" pos="74.97" lane="2/3to2/2_0" slope="0.00"/>
        <vehicle id="24" x="271.82" y="401.65" angle="-90.00" type="DEFAULT_VEHTYPE" speed="13.73" pos="123.43" lane="2/2to1/2_0" slope="0.00"/>
        <vehicle id="4" x="198.35" y="222.82" angle="0.00" type="DEFAULT_VEHTYPE" speed="10.80" pos="172.43" lane="1/2to1/1_0" slope="0.00"/>
        <vehicle id="5" x="211.85" y="601.65" angle="-90.00" type="DEFAULT_VEHTYPE" speed="4.77" pos="183.40" lane="2/3to1/3_0" slope="0.00"/>
        <vehicle id="6" x="563.78" y="598.35" angle="90.00" type="DEFAULT_VEHTYPE" speed="13.24" pos="159.03" lane="2/3to3/3_0" slope="0.00"/>
        <vehicle id="7" x="738.42" y="198.35" angle="90.00" type="DEFAULT_VEHTYPE" speed="13.43" pos="133.67" lane="3/1to4/1_0" slope="0.00"/>
        <vehicle id="8" x="401.65" y="371.22" angle="180.00" type="DEFAULT_VEHTYPE" speed="13.06" pos="166.47" lane="2/1to2/2_0" slope="0.00"/>
        <vehicle id="9" x="401.65" y="714.80" angle="180.00" type="DEFAULT_VEHTYPE" speed="13.28" pos="110.05" lane="2/3to2/4_0" slope="0.00"/>
    </timestep>
    <timestep time="54.00">
        <vehicle id="10" x="401.65" y="338.05" angle="180.00" type="DEFAULT_VEHTYPE" speed="12.92" pos="133.30" lane="2/1to2/2_0" slope="0.00"/>
        <vehicle id="11" x="598.35" y="263.40" angle="0.00" type="DEFAULT_VEHTYPE" speed="12.62" pos="131.85" lane="3/2to3/1_0" slope="0.00"/>
        <vehicle id="12" x="109.88" y="401.65" angle="-90.00" type="DEFAULT_VEHTYPE" speed="13.05" pos="85.37" lane="1/2to0/2_0" slope="0.00"/>
        <vehicle id="14" x="263.68" y="198.35" angle="90.00" type="DEFAULT_VEHTYPE" speed="13.84" pos="58.93" lane="1/1to2/1_0" slope="0.00"/>
        <vehicle id="15" x="401.65" y="280.93" angle="180.00" type="DEFAULT_VEHTYPE" speed="13.09" pos="76.18" lane="2/1to2/2_0" slope="0.00"/>
        <vehicle id="16" x="768.12" y="201.65" angle="-90.00" type="DEFAULT_VEHTYPE" speed="13.18" pos="31.88" lane="4/1to3/1_0" slope="0.00"/>
        <vehicle id="17" x="201.65" y="227.93" angle="180.00" type="DEFAULT_VEHTYPE" speed="11.46" pos="23.18" lane="1/1to1/2_0" slope="0.00"/>
        <vehicle id="18" x="208.55" y="401.65" angle="-90.00" type="DEFAULT_VEHTYPE" speed="3.37" pos="186.70" lane="2/2to1/2_0" slope="0.00"/>
        <vehicle id="19" x="401.65" y="220.09" angle="180.00" type="DEFAULT_VEHTYPE" speed="9.50" pos="15.34" lane="2/1to2/2_0" slope="0.00"/>
        <vehicle id="2" x="201.65" y="427.02" angle="180.00" type="DEFAULT_VEHTYPE" speed="13.75" pos="22.27" lane="1/2to1/3_0" slope="0.00"/>
        <vehicle id="20" x="211.16" y="198.35" angle="90.00" type="DEFAULT_VEHTYPE" speed="12.68" pos="6.41" lane="1/1to2/1_0" slope="0.00"/>
        <vehicle id="21" x="373.51" y="598.35" angle="90.00" type="DEFAULT_VEHTYPE" speed="12.98" pos="168.76" lane="1/3to2/3_0" slope="0.00"/>
        <vehicle id="22" x="601.65" y="562.28" angle="180.00" type="DEFAULT_VEHTYPE" speed="13.68" pos="157.53" lane="3/2to3/3_0" slope="0.00"/>
        <vehicle id="23" x="398.35" y="506.83" angle="0.00" type="DEFAULT_VEHTYPE" speed="13.46" pos="88.42" lane="2/3to2/2_0" slope="0.00"/>
        <vehicle id="24" x="259.11" y="401.65" angle="-90.00" type="DEFAULT_VEHTYPE" speed="12.70" pos="136.14" lane="2/2to1/2_0" slope="0.00"/>
        <vehicle id="4" x="198.35" y="214.67" angle="0.00" type="DEFAULT_VEHTYPE" speed="8.15" pos="180.58" lane="1/2to1/1_0" slope="0.00"/>
        <vehicle id="5" x="209.28" y="601.65" angle="-90.00" type="DEFAULT_VEHTYPE" speed="2.57" pos="185.97" lane="2/3to1/3_0" slope="0.00"/>
        <vehicle id="6" x="575.97" y="598.35" angle="90.00" type="DEFAULT_VEHTYPE" speed="12.19" pos="171.22" lane="2/3to3/3_0" slope="0.00"/>
        <vehicle id="7" x="751.54" y="198.35" angle="90.00" type="DEFAULT_VEHTYPE" speed="13.12" pos="146.79" lane="3/1to4/1_0" slope="0.00"/>
        <vehicle id="8" x="401.65" y="385.01" angle="180.00" type="DEFAULT_VEHTYPE" speed="13.79" pos="180.26" lane="2/1to2/2_0" slope="0.00"/>
        <vehicle id="9" x="401.65" y="727.67" angle="180.00" type="DEFAULT_VEHTYPE" speed="12.87" pos="122.92" lane="2/3to2/4_0" slope="0.00"/>
    </timestep>
    <timestep time="55.00">
        <vehicle id="10" x="401.65" y="351.27" angle="180.00" type="DEFAULT_VEHTYPE" speed="13.22" pos="146.52" lane="2/1to2/2_0" slope="0.00"/>
        <vehicle id="11" x="598.35" y="249.80" angle="0.00" type="DEFAULT_VEHTYPE" speed="13.60" pos="145.45" lane="3/2to3/1_0" slope="0.00"/>
        <vehicle id="12" x="96.26" y="401.65" angle="-90.00" type="DEFAULT_VEHTYPE" speed="13.62" pos="98.99" lane="1/2to0/2_0" slope="0.00"/>
        <vehicle id="14" x="277.35" y="198.35" angle="90.00" type="DEFAULT_VEHTYPE" speed="13.67" pos="72.60" lane="1/1to2/1_0" slope="0.00"/>
        <vehicle id="15" x="401.65" y="293.63" angle="180.00" type="DEFAULT_VEHTYPE" speed="12.70" pos="88.88" lane="2/1to2/2_0" slope="0.00"/>
        <vehicle id="16" x="754.43" y="201.65" angle="-90.00" type="DEFAULT_VEHTYPE" speed="13.70" pos="45.57" lane="4/1to3/1_0" slope="0.00"/>
        <vehicle id="17" x="201.65" y="241.57" angle="180.00" type="DEFAULT_VEHTYPE" speed="13.64" pos="36.82" lane="1/1to1/2_0" slope="0.00"/>
        <vehicle id="18" x="203.84" y="401.52" angle="-88.51" type="DEFAULT_VEHTYPE" speed="4.72" pos="0.92" lane=":1/2_6_0" slope="0.00"/>
        <vehicle id="19" x="401.65" y="231.83" angle="180.00" type="DEFAULT_VEHTYPE" speed="11.74" pos="27.08" lane="2/1to2/2_0" slope="0.00"/>
        <vehicle id="2" x="201.65" y="440.56" angle="180.00" type="DEFAULT_VEHTYPE" speed="13.54" pos="35.81" lane="1/2to1/3_0" slope="0.00"/>
        <vehicle id="20" x="224.19" y="198.35" angle="90.00" type="DEFAULT_VEHTYPE" speed="13.02" pos="19.44" lane="1/1to2/1_0" slope="0.00"/>
        <vehicle id="21" x="381.98" y="598.35" angle="90.00" type="DEFAULT_VEHTYPE" speed="8.48" pos="177.23" lane="1/3to2/3_0" slope="0.00"/>
        <vehicle id="22" x="601.65" y="575.18" angle="180.00" type="DEFAULT_VEHTYPE" speed="12.90" pos="170.43" lane="3/2to3/3_0" slope="0.00"/>
        <vehicle id="23" x="398.35" y="493.55" angle="0.00" type="DEFAULT_VEHTYPE" speed="13.27" pos="101.70" lane="2/3to2/2_0" slope="0.00"/>
        <vehicle id="24" x="245.45" y="401.65" angle="-90.00" type="DEFAULT_VEHTYPE" speed="13.67" pos="149.80" lane="2/2to1/2_0" slope="0.00"/>
        <vehicle id="4" x="198.35" y="210.27" angle="0.00" type="DEFAULT_VEHTYPE" speed="4.40" pos="184.98" lane="1/2to1/1_0" slope="0.00"/>
        <vehicle id="5" x="204.63" y="601.63" angle="-89.81" type="DEFAULT_VEHTYPE" speed="4.65" pos="0.12" lane=":1/3_6_0" slope="0.00"/>
        <vehicle id="6" x="583.66" y="598.35" angle="90.00" type="DEFAULT_VEHTYPE" speed="7.69" pos="178.91" lane="2/3to3/3_0" slope="0.00"/>
        <vehicle id="7" x="764.87" y="198.35" angle="90.00" type="DEFAULT_VEHTYPE" speed="13.33" pos="160.12" lane="3/1to4/1_0" slope="0.00"/>
        <vehicle id="9" x="401.65" y="740.93" angle="180.00" type="DEFAULT_VEHTYPE" speed="13.26" pos="136.18" lane="2/3to2/4_0" slope="0.00"/>
    </timestep>
    <timestep time="56.00">
        <vehicle id="10" x="401.65" y="364.39" angle="180.00" type="DEFAULT_VEHTYPE" speed="13.12" pos="159.64" lane="2/1to2/2_0" slope="0.00"/>
        <vehicle id="11" x="598.35" y="236.52" angle="0.00" type="DEFAULT_VEHTYPE" speed="13.28" pos="158.73" lane="3/2to3/1_0" slope="0.00"/>
        <vehicle id="12" x="82.78" y="401.65" angle="-90.00" type="DEFAULT_VEHTYPE" speed="13.48" pos="112.47" lane="1/2to0/2_0" slope="0.00"/>
        <vehicle id="14" x="290.24" y="198.35" angle="90.00" type="DEFAULT_VEHTYPE" speed="12.89" pos="85.49" lane="1/1to2/1_0" slope="0.00"/>
        <vehicle id="15" x="401.65" y="307.03" angle="180.00" type="DEFAULT_VEHTYPE" speed="13.40" pos="102.28" lane="2/1to2/2_0" slope="0.00"/>
        <vehicle id="16" x="741.15" y="201.65" angle="-90.00" type="DEFAULT_VEHTYPE" speed="13.28" pos="58.85" lane="4/1to3/1_0" slope="0.00"/>
        <vehicle id="17" x="201.65" y="254.57" angle="180.00" type="DEFAULT_VEHTYPE" speed="13.00" pos="49.82" lane="1/1to1/2_0" slope="0.00"/>
        <vehicle id="18" x="198.68" y="397.58" angle="-41.16" type="DEFAULT_VEHTYPE" speed="7.05" pos="7.97" lane=":1/2_6_0" slope="0.00"/>
        <vehicle id="19" x="401.65" y="245.01" angle="180.00" type="DEFAULT_VEHTYPE" speed="13.17" pos="40.26" lane="2/1to2/2_0" slope="0.00"/>
        <vehicle id="2" x="201.65" y="453.17" angle="180.00" type="DEFAULT_VEHTYPE" speed="12.61" pos="48.42" lane="1/2to1/3_0" slope="0.00"/>
        <vehicle id="20" x="237.30" y="198.35" angle="90.00" type="DEFAULT_VEHTYPE" speed="13.11" pos="32.55" lane="1/1to2/1_0" slope="0.00"/>
        <vehicle id="21" x="387.54" y="598.35" angle="90.00" type="DEFAULT_VEHTYPE" speed="5.56" pos="182.79" lane="1/3to2/3_0" slope="0.00"/>
        <vehicle id="22" x="601.65" y="588.76" angle="180.00" type="DEFAULT_VEHTYPE" speed="13.58" pos="184.01" lane="3/2to3/3_0" slope="0.00"/>
        <vehicle id="23" x="398.35" y="480.04" angle="0.00" type="DEFAULT_VEHTYPE" speed="13.51" pos="115.21" lane="2/3to2/2_0" slope="0.00"/>
        <vehicle id="24" x="232.76" y="401.65" angle="-90.00" type="DEFAULT_VEHTYPE" speed="12.69" pos="162.49" lane="2/2to1/2_0" slope="0.00"/>
        <vehicle id="4" x="198.38" y="204.52" angle="0.37" type="DEFAULT_VEHTYPE" speed="5.75" pos="0.23" lane=":1/1_2_0" slope="0.00"/>
        <vehicle id="5" x="198.86" y="598.23" angle="-49.51" type="DEFAULT_VEHTYPE" speed="7.17" pos="7.29" lane=":1/3_6_0" slope="0.00"/>
        <vehicle id="6" x="589.13" y="598.35" angle="90.00" type="DEFAULT_VEHTYPE" speed="5.47" pos="184.38" lane="2/3to3/3_0" slope="0.00"/>
        <vehicle id="7" x="777.68" y="198.35" angle="90.00" type="DEFAULT_VEHTYPE" speed="12.81" pos="172.93" lane="3/1to4/1_0" slope="0.00"/>
        <vehicle id="9" x="401.65" y="754.68" angle="180.00" type="DEFAULT_VEHTYPE" speed="13.75" pos="149.93" lane="2/3to2/4_0" slope="0.00"/>
    </timestep>
    <timestep time="57.00">
        <vehicle id="10" x="401.65" y="377.46" angle="180.00" type="DEFAULT_VEHTYPE" speed="13.07" pos="172.71" lane="2/1to2/2_0" slope="0.00"/>
        <vehicle id="11" x="598.35" y="224.85" angle="0.00" type="DEFAULT_VEHTYPE" speed="11.67" pos="170.40" lane="3/2to3/1_0" slope="0.00"/>
        <vehicle id="12" x="69.72" y="401.65" angle="-90.00" type="DEFAULT_VEHTYPE" speed="13.07" pos="125.53" lane="1/2to0/2_0" slope="0.00"/>
        <vehicle id="14" x="302.99" y="198.35" angle="90.00" type="DEFAULT_VEHTYPE" speed="12.75" pos="98.24" lane="1/1to2/1_0" slope="0.00"/>
        <vehicle id="15" x="401.65" y="319.89" angle="180.00" type="DEFAULT_VEHTYPE" speed="12.86" pos="115.14" lane="2/1to2/2_0" slope="0.00"/>
        <vehicle id="16" x="728.14" y="201.65" angle="-90.00" type="DEFAULT_VEHTYPE" speed="13.01" pos="71.86" lane="4/1to3/1_0" slope="0.00"/>
        <vehicle id="17" x="201.65" y="267.95" angle="180.00" type="DEFAULT_VEHTYPE" speed="13.38" pos="63.20" lane="1/1to1/2_0" slope="0.00"/>
        <vehicle id="18" x="198.35" y="389.14" angle="0.00" type="DEFAULT_VEHTYPE" speed="8.46" pos="6.11" lane="1/2to1/1_0" slope="0.00"/>
        <vehicle id="19" x="401.65" y="258.19" angle="180.00" type="DEFAULT_VEHTYPE" speed="13.18" pos="53.44" lane="2/1to2/2_0" slope="0.00"/>
        <vehicle id="2" x="201.65" y="466.19" angle="180.00" type="DEFAULT_VEHTYPE" speed="13.02" pos="61.44" lane="1/2to1/3_0" slope="0.00"/>
        <vehicle id="20" x="250.88" y="198.35" angle="90.00" type="DEFAULT_VEHTYPE" speed="13.58" pos="46.13" lane="1/1to2/1_0" slope="0.00"/>
        <vehicle id="21" x="390.34" y="598.35" angle="90.00" type="DEFAULT_VEHTYPE" speed="2.80" pos="185.59" lane="1/3to2/3_0" slope="0.00"/>
        <vehicle id="22" x="606.24" y="598.35" angle="110.65" type="DEFAULT_VEHTYPE" speed="12.98" pos="1.49" lane="3/3to4/3_0" slope="0.00"/>
        <vehicle id="23" x="398.35" y="466.78" angle="0.00" type="DEFAULT_VEHTYPE" speed="13.26" pos="128.47" lane="2/3to2/2_0" slope="0.00"/>
        <vehicle id="24" x="222.34" y="401.65" angle="-90.00" type="DEFAULT_VEHTYPE" speed="10.42" pos="172.91" lane="2/2to1/2_0" slope="0.00"/>
        <vehicle id="4" x="202.90" y="198.61" angle="53.83" type="DEFAULT_VEHTYPE" speed="8.22" pos="1.31" lane=":1/1_16_0" slope="0.00"/>
        <vehicle id="5" x="198.35" y="589.63" angle="0.00" type="DEFAULT_VEHTYPE" speed="8.65" pos="5.62" lane="1/3to1/2_0" slope="0.00"/>
        <vehicle id="6" x="597.17" y="598.62" angle="93.15" type="DEFAULT_VEHTYPE" speed="8.06" pos="1.94" lane=":3/3_14_0" slope="0.00"/>
        <vehicle id="7" x="791.18" y="198.35" angle="90.00" type="DEFAULT_VEHTYPE" speed="13.50" pos="186.43" lane="3/1to4/1_0" slope="0.00"/>
        <vehicle id="9" x="401.65" y="767.71" angle="180.00" type="DEFAULT_VEHTYPE" speed="13.03" pos="162.96" lane="2/3to2/4_0" slope="0.00"/>
    </timestep>
    <timestep time="58.00">
        <vehicle id="10" x="401.65" y="390.65" angle="180.00" type="DEFAULT_VEHTYPE" speed="13.19" pos="185.90" lane="2/1to2/2_0" slope="0.00"/>
        <vehicle id="11" x="598.35" y="216.96" angle="0.00" type="DEFAULT_VEHTYPE" speed="7.89" pos="178.29" lane="3/2to3/1_0" slope="0.00"/>
        <vehicle id="12" x="55.95" y="401.65" angle="-90.00" type="DEFAULT_VEHTYPE" speed="13.77" pos="139.30" lane="1/2to0/2_0" slope="0.00"/>
        <vehicle id="14" x="316.13" y="198.35" angle="90.00" type="DEFAULT_VEHTYPE" speed="13.13" pos="111.38" lane="1/1to2/1_0" slope="0.00"/>
        <vehicle id="15" x="401.65" y="332.60" angle="180.00" type="DEFAULT_VEHTYPE" speed="12.71" pos="127.85" lane="2/1to2/2_0" slope="0.00"/>
        <vehicle id="16" x="715.47" y="201.65" angle="-90.00" type="DEFAULT_VEHTYPE" speed="12.66" pos="84.53" lane="4/1to3/1_0" slope="0.00"/>
        <vehicle id="17" x="201.65" y="280.93" angle="180.00" type="DEFAULT_VEHTYPE" speed="12.98" pos="76.18" lane="1/1to1/2_0" slope="0.00"/>
        <vehicle id="18" x="198.35" y="378.70" angle="0.00" type="DEFAULT_VEHTYPE" speed="10.44" pos="16.55" lane="1/2to1/1_0" slope="0.00"/>
        <vehicle id="19" x="401.65" y="271.62" angle="180.00" type="DEFAULT_VEHTYPE" speed="13.44" pos="66.87" lane="2/1to2/2_0" slope="0.00"/>
        <vehicle id="2" x="201.65" y="480.09" angle="180.00" type="DEFAULT_VEHTYPE" speed="13.90" pos="75.34" lane="1/2to1/3_0" slope="0.00"/>
        <vehicle id="20" x="263.67" y="198.35" angle="90.00" type="DEFAULT_VEHTYPE" speed="12.79" pos="58.92" lane="1/1to2/1_0" slope="0.00"/>
        <vehicle id="21" x="395.08" y="598.35" angle="90.00" type="DEFAULT_VEHTYPE" speed="4.74" pos="190.33" lane="1/3to2/3_0" slope="0.00"/>
        <vehicle id="22" x="619.40" y="598.35" angle="90.00" type="DEFAULT_VEHTYPE" speed="13.16" pos="14.65" lane="3/3to4/3_0" slope="0.00"/>
        <vehicle id="23" x="398.35" y="453.93" angle="0.00" type="DEFAULT_VEHTYPE" speed="12.85" pos="141.32" lane="2/3to2/2_0" slope="0.00"/>
        <vehicle id="24" x="215.27" y="401.65" angle="-90.00" type="DEFAULT_VEHTYPE" speed="7.08" pos="179.98" lane="2/2to1/2_0" slope="0.00"/>
        <vehicle id="4" x="213.66" y="198.35" angle="90.00" type="DEFAULT_VEHTYPE" speed="10.77" pos="8.91" lane="1/1to2/1_0" slope="0.00"/>
        <vehicle id="5" x="198.35" y="578.41" angle="0.00" type="DEFAULT_VEHTYPE" speed="11.22" pos="16.84" lane="1/3to1/2_0" slope="0.00"/>
        <vehicle id="6" x="601.65" y="605.89" angle="169.06" type="DEFAULT_VEHTYPE" speed="9.52" pos="1.14" lane="3/3to3/4_0" slope="0.00"/>
        <vehicle id="7" x="800.00" y="201.65" angle="176.82" type="DEFAULT_VEHTYPE" speed="13.64" pos="4.82" lane=":4/1_0_0" slope="0.00"/>
        <vehicle id="9" x="401.65" y="780.86" angle="180.00" type="DEFAULT_VEHTYPE" speed="13.15" pos="176.11" lane="2/3to2/4_0" slope="0.00"/>
    </timestep>
    <timestep time="59.00">
        <vehicle id="10" x="401.65" y="403.90" angle="180.00" type="DEFAULT_VEHTYPE" speed="13.25" pos="8.65" lane=":2/2_9_0" slope="0.00"/>
        <vehicle id="11" x="598.35" y="211.85" angle="0.00" type="DEFAULT_VEHTYPE" speed="5.10" pos="183.40" lane="3/2to3/1_0" slope="0.00"/>
        <vehicle id="12" x="42.88" y="401.65" angle="-90.00" type="DEFAULT_VEHTYPE" speed="13.07" pos="152.37" lane="1/2to0/2_0" slope="0.00"/>
        <vehicle id="14" x="329.52" y="198.35" angle="90.00" type="DEFAULT_VEHTYPE" speed="13.40" pos="124.77" lane="1/1to2/1_0" slope="0.00"/>
        <vehicle id="15" x="401.65" y="345.26" angle="180.00" type="DEFAULT_VEHTYPE" speed="12.66" pos="140.51" lane="2/1to2/2_0" slope="0.00"/>
        <vehicle id="16" x="702.07" y="201.65" angle="-90.00" type="DEFAULT_VEHTYPE" speed="13.40" pos="97.93" lane="4/1to3/1_0" slope="0.00"/>
        <vehicle id="17" x="201.65" y="294.73" angle="180.00" type="DEFAULT_VEHTYPE" speed="13.80" pos="89.98" lane="1/1to1/2_0" slope="0.00"/>
        <vehicle id="18" x="198.35" y="366.31" angle="0.00" type="DEFAULT_VEHTYPE" speed="12.39" pos="28.94" lane="1/2to1/1_0" slope="0.00"/>
        <vehicle id="19" x="401.65" y="284.31" angle="180.00" type="DEFAULT_VEHTYPE" speed="12.68" pos="79.56" lane="2/1to2/2_0" slope="0.00"/>
        <vehicle id="2" x="201.65" y="492.87" angle="180.00" type="DEFAULT_VEHTYPE" speed="12.78" pos="88.12" lane="1/2to1/3_0" slope="0.00"/>
        <vehicle id="20" x="277.04" y="198.35" angle="90.00" type="DEFAULT_VEHTYPE" speed="13.37" pos="72.29" lane="1/1to2/1_0" slope="0.00"/>
        <vehicle id="21" x="400.68" y="600.99" angle="121.05" type="DEFAULT_VEHTYPE" speed="6.55" pos="6.38" lane=":2/3_14_0" slope="0.00"/>
        <vehicle id="22" x="632.90" y="598.35" angle="90.00" type="DEFAULT_VEHTYPE" speed="13.49" pos="28.15" lane="3/3to4/3_0" slope="0.00"/>
        <vehicle id="23" x="398.35" y="440.45" angle="0.00" type="DEFAULT_VEHTYPE" speed="13.48" pos="154.80" lane="2/3to2/2_0" slope="0.00"/>
        <vehicle id="24" x="210.23" y="401.65" angle="-90.00" type="DEFAULT_VEHTYPE" speed="5.04" pos="185.02" lane="2/2to1/2_0" slope="0.00"/>
        <vehicle id="4" x="226.54" y="198.35" angle="90.00" type="DEFAULT_VEHTYPE" speed="12.88" pos="21.79" lane="1/1to2/1_0" slope="0.00"/>
        <vehicle id="5" x="198.35" y="565.27" angle="0.00" type="DEFAULT_VEHTYPE" speed="13.15" pos="29.98" lane="1/3to1/2_0" slope="0.00"/>
        <vehicle id="6" x="601.65" y="617.47" angle="180.00" type="DEFAULT_VEHTYPE" speed="11.58" pos="12.72" lane="3/3to3/4_0" slope="0.00"/>
        <vehicle id="7" x="787.10" y="201.65" angle="-90.00" type="DEFAULT_VEHTYPE" speed="12.90" pos="12.90" lane="4/1to3/1_0" slope="0.00"/>
        <vehicle id="9" x="401.65" y="793.67" angle="180.00" type="DEFAULT_VEHTYPE" speed="12.81" pos="188.92" lane="2/3to2/4_0" slope="0.00"/>
    </timestep>
    <timestep time="60.00">
        <vehicle id="10" x="401.65" y="417.56" angle="180.00" type="DEFAULT_VEHTYPE" speed="13.66" pos="12.81" lane="2/2to2/3_0" slope="0.00"/>
        <vehicle id="11" x="598.35" y="208.85" angle="0.00" type="DEFAULT_VEHTYPE" speed="3.01" pos="186.40" lane="3/2to3/1_0" slope="0.00"/>
        <vehicle id="12" x="30.09" y="401.65" angle="-90.00" type="DEFAULT_VEHTYPE" speed="12.80" pos="165.16" lane="1/2to0/2_0" slope="0.00"/>
        <vehicle id="14" x="342.30" y="198.35" angle="90.00" type="DEFAULT_VEHTYPE" speed="12.77" pos="137.55" lane="1/1to2/1_0" slope="0.00"/>
        <vehicle id="15" x="401.65" y="359.12" angle="180.00" type="DEFAULT_VEHTYPE" speed="13.86" pos="154.37" lane="2/1to2/2_0" slope="0.00"/>
        <vehicle id="16" x="689.02" y="201.65" angle="-90.00" type="DEFAULT_VEHTYPE" speed="13.05" pos="110.98" lane="4/1to3/1_0" slope="0.00"/>
        <vehicle id="17" x="201.65" y="307.83" angle="180.00" type="DEFAULT_VEHTYPE" speed="13.10" pos="103.08" lane="1/1to1/2_0" slope="0.00"/>
        <vehicle id="18" x="198.35" y="353.66" angle="0.00" type="DEFAULT_VEHTYPE" speed="12.65" pos="41.59" lane="1/2to1/1_0" slope="0.00"/>
        <vehicle id="19" x="401.65" y="297.71" angle="180.00" type="DEFAULT_VEHTYPE" speed="13.40" pos="92.96" lane="2/1to2/2_0" slope="0.00"/>
        <vehicle id="2" x="201.65" y="506.60" angle="180.00" type="DEFAULT_VEHTYPE" speed="13.73" pos="101.85" lane="1/2to1/3_0" slope="0.00"/>
        <vehicle id="20" x="289.65" y="198.35" angle="90.00" type="DEFAULT_VEHTYPE" speed="12.60" pos="84.90" lane="1/1to2/1_0" slope="0.00"/>
        <vehicle id="21" x="401.65" y="609.80" angle="180.00" type="DEFAULT_VEHTYPE" speed="9.00" pos="5.05" lane="2/3to2/4_0" slope="0.00"/>
        <vehicle id="22" x="646.40" y="598.35" angle="90.00" type="DEFAULT_VEHTYPE" speed="13.50" pos="41.65" lane="3/3to4/3_0" slope="0.00"/>
        <vehicle id="23" x="398.35" y="427.59" angle="0.00" type="DEFAULT_VEHTYPE" speed="12.87" pos="167.66" lane="2/3to2/2_0" slope="0.00"/>
        <vehicle id="24" x="203.80" y="401.51" angle="-88.44" type="DEFAULT_VEHTYPE" speed="6.44" pos="0.96" lane=":1/2_6_0" slope="0.00"/>
        <vehicle id="4" x="239.14" y="198.35" angle="90.00" type="DEFAULT_VEHTYPE" speed="12.60" pos="34.39" lane="1/1to2/1_0" slope="0.00"/>
        <vehicle id="5" x="198.35" y="552.57" angle="0.00" type="DEFAULT_VEHTYPE" speed="12.70" pos="42.68" lane="1/3to1/2_0" slope="0.00"/>
        <vehicle id="6" x="601.65" y="630.47" angle="180.00" type="DEFAULT_VEHTYPE" speed="13.00" pos="25.72" lane="3/3to3/4_0" slope="0.00"/>
        <vehicle id="7" x="774.25" y="201.65" angle="-90.00" type="DEFAULT_VEHTYPE" speed="12.85" pos="25.75" lane="4/1to3/1_0" slope="0.00"/>
        <vehicle id="9" x="398.35" y="798.37" angle="-41.32" type="DEFAULT_VEHTYPE" speed="12.78" pos="1.63" lane="2/4to2/3_0" slope="0.00"/>
    </timestep>
    <timestep time="61.00">
        <vehicle id="10" x="401.65" y="431.24" angle="180.00" type="DEFAULT_VEHTYPE" speed="13.68" pos="26.49" lane="2/2to2/3_0" slope="0.00"/>
        <vehicle id="11" x="598.52" y="203.56" angle="1.95" type="DEFAULT_VEHTYPE" speed="5.29" pos="1.20" lane=":3/1_2_0" slope="0.00"/>
        <vehicle id="12" x="16.34" y="401.65" angle="-90.00" type="DEFAULT_VEHTYPE" speed="13.74" pos="178.91" lane="1/2to0/2_0" slope="0.00"/>
        <vehicle id="14" x="355.21" y="198.35" angle="90.00" type="DEFAULT_VEHTYPE" speed="12.92" pos="150.46" lane="1/1to2/1_0" slope="0.00"/>
        <vehicle id="15" x="401.65" y="371.83" angle="180.00" type="DEFAULT_VEHTYPE" speed="12.71" pos="167.08" lane="2/1to2/2_0" slope="0.00"/>
        <vehicle id="16" x="675.40" y="201.65" angle="-90.00" type="DEFAULT_VEHTYPE" speed="13.63" pos="124.60" lane="4/1to3/1_0" slope="0.00"/>
        <vehicle id="17" x="201.65" y="321.60" angle="180.00" type="DEFAULT_VEHTYPE" speed="13.77" pos="116.85" lane="1/1to1/2_0" slope="0.00"/>
        <vehicle id="18" x="198.35" y="340.93" angle="0.00" type="DEFAULT_VEHTYPE" speed="12.73" pos="54.32" lane="1/2to1/1_0" slope="0.00"/>
        <vehicle id="19" x="401.65" y="311.50" angle="180.00" type="DEFAULT_VEHTYPE" speed="13.79" pos="106.75" lane="2/1to2/2_0" slope="0.00"/>
        <vehicle id="2" x="201.65" y="519.30" angle="180.00" type="DEFAULT_VEHTYPE" speed="12.70" pos="114.55" lane="1/2to1/3_0" slope="0.00"/>
        <vehicle id="20" x="302.77" y="198.35" angle="90.00" type="DEFAULT_VEHTYPE" speed="13.13" pos="98.02" lane="1/1to2/1_0" slope="0.00"/>
        <vehicle id="21" x="401.65" y="620.32" angle="180.00" type="DEFAULT_VEHTYPE" speed="10.52" pos="15.57" lane="2/3to2/4_0" slope="0.00"/>
        <vehicle id="22" x="659.21" y="598.35" angle="90.00" type="DEFAULT_VEHTYPE" speed="12.81" pos="54.46" lane="3/3to4/3_0" slope="0.00"/>
        <vehicle id="23" x="398.35" y="414.38" angle="0.00" type="DEFAULT_VEHTYPE" speed="13.21" pos="180.87" lane="2/3to2/2_0" slope="0.00"/>
        <vehicle id="24" x="198.52" y="396.41" angle="-28.98" type="DEFAULT_VEHTYPE" speed="8.19" pos="9.15" lane=":1/2_6_0" slope="0.00"/>
        <vehicle id="4" x="252.76" y="198.35" angle="90.00" type="DEFAULT_VEHTYPE" speed="13.63" pos="48.01" lane="1/1to2/1_0" slope="0.00"/>
        <vehicle id="5" x="198.35" y="539.35" angle="0.00" type="DEFAULT_VEHTYPE" speed="13.22" pos="55.90" lane="1/3to1/2_0" slope="0.00"/>
        <vehicle id="6" x="601.65" y="644.07" angle="180.00" type="DEFAULT_VEHTYPE" speed="13.59" pos="39.32" lane="3/3to3/4_0" slope="0.00"/>
        <vehicle id="7" x="761.61" y="201.65" angle="-90.00" type="DEFAULT_VEHTYPE" speed="12.64" pos="38.39" lane="4/1to3/1_0" slope="0.00"/>
        <vehicle id="9" x="398.35" y="785.39" angle="0.00" type="DEFAULT_VEHTYPE" speed="12.98" pos="14.61" lane="2/4to2/3_0" slope="0.00"/>
    </timestep>
    <timestep time="62.00">
        <vehicle id="10" x="401.65" y="444.54" angle="180.00" type="DEFAULT_VEHTYPE" speed="13.31" pos="39.79" lane="2/2to2/3_0" slope="0.00"/>
        <vehicle id="11" x="602.31" y="198.70" angle="47.71" type="DEFAULT_VEHTYPE" speed="6.66" pos="0.72" lane=":3/1_16_0" slope="0.00"/>
        <vehicle id="12" x="2.66" y="401.65" angle="-90.00" type="DEFAULT_VEHTYPE" speed="13.69" pos="192.59" lane="1/2to0/2_0" slope="0.00"/>
        <vehicle id="14" x="368.03" y="198.35" angle="90.00" type="DEFAULT_VEHTYPE" speed="12.81" pos="163.28" lane="1/1to2/1_0" slope="0.00"/>
        <vehicle id="15" x="401.65" y="385.57" angle="180.00" type="DEFAULT_VEHTYPE" speed="13.74" pos="180.82" lane="2/1to2/2_0" slope="0.00"/>
        <vehicle id="16" x="662.43" y="201.65" angle="-90.00" type="DEFAULT_VEHTYPE" speed="12.97" pos="137.57" lane="4/1to3/1_0" slope="0.00"/>
        <vehicle id="17" x="201.65" y="334.37" angle="180.00" type="DEFAULT_VEHTYPE" speed="12.77" pos="129.62" lane="1/1to1/2_0" slope="0.00"/>
        <vehicle id="18" x="198.35" y="327.84" angle="0.00" type="DEFAULT_VEHTYPE" speed="13.09" pos="67.41" lane="1/2to1/1_0" slope="0.00"/>
        <vehicle id="19" x="401.65" y="324.95" angle="180.00" type="DEFAULT_VEHTYPE" speed="13.45" pos="120.20" lane="2/1to2/2_0" slope="0.00"/>
        <vehicle id="2" x="201.65" y="531.96" angle="180.00" type="DEFAULT_VEHTYPE" speed="12.66" pos="127.21" lane="1/2to1/3_0" slope="0.00"/>
        <vehicle id="20" x="315.66" y="198.35" angle="90.00" type="DEFAULT_VEHTYPE" speed="12.89" pos="110.91" lane="1/1to2/1_0" slope="0.00"/>
        <vehicle id="21" x="401.65" y="633.10" angle="180.00" type="DEFAULT_VEHTYPE" speed="12.78" pos="28.35" lane="2/3to2/4_0" slope="0.00"/>
        <vehicle id="22" x="671.84" y="598.35" angle="90.00" type="DEFAULT_VEHTYPE" speed="12.63" pos="67.09" lane="3/3to4/3_0" slope="0.00"/>
        <vehicle id="23" x="398.35" y="401.67" angle="0.00" type="DEFAULT_VEHTYPE" speed="12.71" pos="3.08" lane=":2/2_1_0" slope="0.00"/>
        <vehicle id="24" x="198.35" y="386.30" angle="0.00" type="DEFAULT_VEHTYPE" speed="10.12" pos="8.95" lane="1/2to1/1_0" slope="0.00"/>
        <vehicle id="4" x="266.56" y="198.35" angle="90.00" type="DEFAULT_VEHTYPE" speed="13.80" pos="61.81" lane="1/1to2/1_0" slope="0.00"/>
        <vehicle id="5" x="198.35" y="525.77" angle="0.00" type="DEFAULT_VEHTYPE" speed="13.58" pos="69.48" lane="1/3to1/2_0" slope="0.00"/>
        <vehicle id="6" x="601.65" y="657.35" angle="180.00" type="DEFAULT_VEHTYPE" speed="13.28" pos="52.60" lane="3/3to3/4_0" slope="0.00"/>
        <vehicle id="7" x="747.74" y="201.65" angle="-90.00" type="DEFAULT_VEHTYPE" speed="13.87" pos="52.26" lane="4/1to3/1_0" slope="0.00"/>
        <vehicle id="9" x="398.35" y="772.15" angle="0.00" type="DEFAULT_VEHTYPE" speed="13.24" pos="27.85" lane="2/4to2/3_0" slope="0.00"/>
    </timestep>
    <timestep time="63.00">
        <vehicle id="10" x="401.65" y="458.20" angle="180.00" type="DEFAULT_VEHTYPE" speed="13.66" pos="53.45" lane="2/2to2/3_0" slope="0.00"/>
        <vehicle id="11" x="610.42" y="198.35" angle="90.00" type="DEFAULT_VEHTYPE" speed="8.13" pos="5.67" lane="3/1to4/1_0" slope="0.00"/>
        <vehicle id="12" x="5.29" y="398.35" angle="90.00" type="DEFAULT_VEHTYPE" speed="12.76" pos="5.29" lane="0/2to1/2_0" slope="0.00"/>
        <vehicle id="14" x="381.61" y="198.35" angle="90.00" type="DEFAULT_VEHTYPE" speed="13.59" pos="176.86" lane="1/1to2/1_0" slope="0.00"/>
        <vehicle id="15" x="403.35" y="398.14" angle="158.43" type="DEFAULT_VEHTYPE" speed="13.27" pos="3.59" lane=":2/2_8_0" slope="0.00"/>
        <vehicle id="16" x="649.20" y="201.65" angle="-90.00" type="DEFAULT_VEHTYPE" speed="13.23" pos="150.80" lane="4/1to3/1_0" slope="0.00"/>
        <vehicle id="17" x="201.65" y="347.34" angle="180.00" type="DEFAULT_VEHTYPE" speed="12.96" pos="142.59" lane="1/1to1/2_0" slope="0.00"/>
        <vehicle id="18" x="198.35" y="314.12" angle="0.00" type="DEFAULT_VEHTYPE" speed="13.73" pos="81.13" lane="1/2to1/1_0" slope="0.00"/>
        <vehicle id="19" x="401.65" y="338.36" angle="180.00" type="DEFAULT_VEHTYPE" speed="13.41" pos="133.61" lane="2/1to2/2_0" slope="0.00"/>
        <vehicle id="2" x="201.65" y="545.11" angle="180.00" type="DEFAULT_VEHTYPE" speed="13.15" pos="140.36" lane="1/2to1/3_0" slope="0.00"/>
        <vehicle id="20" x="328.80" y="198.35" angle="90.00" type="DEFAULT_VEHTYPE" speed="13.14" pos="124.05" lane="1/1to2/1_0" slope="0.00"/>
        <vehicle id="21" x="401.65" y="646.11" angle="180.00" type="DEFAULT_VEHTYPE" speed="13.01" pos="41.36" lane="2/3to2/4_0" slope="0.00"/>
        <vehicle id="22" x="685.45" y="598.35" angle="90.00" type="DEFAULT_VEHTYPE" speed="13.61" pos="80.70" lane="3/3to4/3_0" slope="0.00"/>
        <vehicle id="23" x="398.35" y="388.75" angle="0.00" type="DEFAULT_VEHTYPE" speed="12.92" pos="6.50" lane="2/2to2/1_0" slope="0.00"/>
        <vehicle id="24" x="198.35" y="374.36" angle="0.00" type="DEFAULT_VEHTYPE" speed="11.94" pos="20.89" lane="1/2to1/1_0" slope="0.00"/>
        <vehicle id="4" x="279.95" y="198.35" angle="90.00" type="DEFAULT_VEHTYPE" speed="13.39" pos="75.20" lane="1/1to2/1_0" slope="0.00"/>
        <vehicle id="5" x="198.35" y="512.73" angle="0.00" type="DEFAULT_VEHTYPE" speed="13.04" pos="82.52" lane="1/3to1/2_0" slope="0.00"/>
        <vehicle id="6" x="601.65" y="670.87" angle="180.00" type="DEFAULT_VEHTYPE" speed="13.52" pos="66.12" lane="3/3to3/4_0" slope="0.00"/>
        <vehicle id="7" x="734.03" y="201.65" angle="-90.00" type="DEFAULT_VEHTYPE" speed="13.71" pos="65.97" lane="4/1to3/1_0" slope="0.00"/>
        <vehicle id="9" x="398.35" y="758.71" angle="0.00" type="DEFAULT_VEHTYPE" speed="13.44" pos="41.29" lane="2/4to2/3_0" slope="0.00"/>
    </timestep>
    <timestep time="64.00">
        <vehicle id="10" x="401.65" y="471.04" angle="180.00" type="DEFAULT_VEHTYPE" speed="12.84" pos="66.29" lane="2/2to2/3_0" slope="0.00"/>
        <vehicle id="11" x="621.08" y="198.35" angle="90.00" type="DEFAULT_VEHTYPE" speed="10.66" pos="16.33" lane="3/1to4/1_0" slope="0.00"/>
        <vehicle id="12" x="17.97" y="398.35" angle="90.00" type="DEFAULT_VEHTYPE" speed="12.69" pos="17.97" lane="0/2to1/2_0" slope="0.00"/>
        <vehicle id="14" x="394.82" y="198.35" angle="90.00" type="DEFAULT_VEHTYPE" speed="13.21" pos="190.07" lane="1/1to2/1_0" slope="0.00"/>
        <vehicle id="15" x="416.45" y="398.35" angle="90.00" type="DEFAULT_VEHTYPE" speed="13.11" pos="11.70" lane="2/2to3/2_0" slope="0.00"/>
        <vehicle id="16" x="636.41" y="201.65" angle="-90.00" type="DEFAULT_VEHTYPE" speed="12.79" pos="163.59" lane="4/1to3/1_0" slope="0.00"/>
        <vehicle id="17" x="201.65" y="360.12" angle="180.00" type="DEFAULT_VEHTYPE" speed="12.78" pos="155.37" lane="1/1to1/2_0" slope="0.00"/>
        <vehicle id="18" x="198.35" y="301.25" angle="0.00" type="DEFAULT_VEHTYPE" speed="12.86" pos="94.00" lane="1/2to1/1_0" slope="0.00"/>
        <vehicle id="19" x="401.65" y="351.87" angle="180.00" type="DEFAULT_VEHTYPE" speed="13.51" pos="147.12" lane="2/1to2/2_0" slope="0.00"/>
        <vehicle id="2" x="201.65" y="558.02" angle="180.00" type="DEFAULT_VEHTYPE" speed="12.91" pos="153.27" lane="1/2to1/3_0" slope="0.00"/>
        <vehicle id="20" x="342.00" y="198.35" angle="90.00" type="DEFAULT_VEHTYPE" speed="13.20" pos="137.25" lane="1/1to2/1_0" slope="0.00"/>
        <vehicle id="21" x="401.65" y="659.41" angle="180.00" type="DEFAULT_VEHTYPE" speed="13.29" pos="54.66" lane="2/3to2/4_0" slope="0.00"/>
        <vehicle id="22" x="698.16" y="598.35" angle="90.00" type="DEFAULT_VEHTYPE" speed="12.71" pos="93.41" lane="3/3to4/3_0" slope="0.00"/>
        <vehicle id="23" x="398.35" y="375.37" angle="0.00" type="DEFAULT_VEHTYPE" speed="13.38" pos="19.88" lane="2/2to2/1_0" slope="0.00"/>
        <vehicle id="24" x="198.35" y="361.16" angle="0.00" type="DEFAULT_VEHTYPE" speed="13.21" pos="34.09" lane="1/2to1/1_0" slope="0.00"/>
        <vehicle id="4" x="293.28" y="198.35" angle="90.00" type="DEFAULT_VEHTYPE" speed="13.33" pos="88.53" lane="1/1to2/1_0" slope="0.00"/>
        <vehicle id="5" x="198.35" y="499.71" angle="0.00" type="DEFAULT_VEHTYPE" speed="13.02" pos="95.54" lane="1/3to1/2_0" slope="0.00"/>
        <vehicle id="6" x="601.65" y="684.76" angle="180.00" type="DEFAULT_VEHTYPE" speed="13.89" pos="80.01" lane="3/3to3/4_0" slope="0.00"/>
        <vehicle id="7" x="720.37" y="201.65" angle="-90.00" type="DEFAULT_VEHTYPE" speed="13.66" pos="79.63" lane="4/1to3/1_0" slope="0.00"/>
        <vehicle id="9" x="398.35" y="745.03" angle="0.00" type="DEFAULT_VEHTYPE" speed="13.69" pos="54.97" lane="2/4to2/3_0" slope="0.00"/>
    </timestep>
    <timestep time="65.00">
        <vehicle id="10" x="401.65" y="483.97" angle="180.00" type="DEFAULT_VEHTYPE" speed="12.93" pos="79.22" lane="2/2to2/3_0" slope="0.00"/>
        <vehicle id="11" x="633.91" y="198.35" angle="90.00" type="DEFAULT_VEHTYPE" speed="12.83" pos="29.16" lane="3/1to4/1_0" slope="0.00"/>
        <vehicle id="12" x="31.57" y="398.35" angle="90.00" type="DEFAULT_VEHTYPE" speed="13.59" pos="31.57" lane="0/2to1/2_0" slope="0.00"/>
        <vehicle id="15" x="429.87" y="398.35" angle="90.00" type="DEFAULT_VEHTYPE" speed="13.43" pos="25.12" lane="2/2to3/2_0" slope="0.00"/>
        <vehicle id="16" x="623.36" y="201.65" angle="-90.00" type="DEFAULT_VEHTYPE" speed="13.05" pos="176.64" lane="4/1to3/1_0" slope="0.00"/>
        <vehicle id="17" x="201.65" y="372.95" angle="180.00" type="DEFAULT_VEHTYPE" speed="12.84" pos="168.20" lane="1/1to1/2_0" slope="0.00"/>
        <vehicle id="18" x="198.35" y="287.60" angle="0.00" type="DEFAULT_VEHTYPE" speed="13.66" pos="107.65" lane="1/2to1/1_0" slope="0.00"/>
        <vehicle id="19" x="401.65" y="365.20" angle="180.00" type="DEFAULT_VEHTYPE" speed="13.33" pos="160.45" lane="2/1to2/2_0" slope="0.00"/>
        <vehicle id="2" x="201.65" y="571.64" angle="180.00" type="DEFAULT_VEHTYPE" speed="13.62" pos="166.89" lane="1/2to1/3_0" slope="0.00"/>
        <vehicle id="20" x="355.67" y="198.35" angle="90.00" type="DEFAULT_VEHTYPE" speed="13.67" pos="150.92" lane="1/1to2/1_0" slope="0.00"/>
        <vehicle id="21" x="401.65" y="672.45" angle="180.00" type="DEFAULT_VEHTYPE" speed="13.05" pos="67.70" lane="2/3to2/4_0" slope="0.00"/>
        <vehicle id="22" x="711.29" y="598.35" angle="90.00" type="DEFAULT_VEHTYPE" speed="13.14" pos="106.54" lane="3/3to4/3_0" slope="0.00"/>
        <vehicle id="23" x="398.35" y="362.28" angle="0.00" type="DEFAULT_VEHTYPE" speed="13.09" pos="32.97" lane="2/2to2/1_0" slope="0.00"/>
        <vehicle id="24" x="198.35" y="347.57" angle="0.00" type="DEFAULT_VEHTYPE" speed="13.59" pos="47.68" lane="1/2to1/1_0" slope="0.00"/>
        <vehicle id="4" x="306.08" y="198.35" angle="90.00" type="DEFAULT_VEHTYPE" speed="12.80" pos="101.33" lane="1/1to2/1_0" slope="0.00"/>
        <vehicle id="5" x="198.35" y="485.89" angle="0.00" type="DEFAULT_VEHTYPE" speed="13.83" pos="109.36" lane="1/3to1/2_0" slope="0.00"/>
        <vehicle id="6" x="601.65" y="698.61" angle="180.00" type="DEFAULT_VEHTYPE" speed="13.85" pos="93.86" lane="3/3to3/4_0" slope="0.00"/>
        <vehicle id="7" x="707.11" y="201.65" angle="-90.00" type="DEFAULT_VEHTYPE" speed="13.26" pos="92.89" lane="4/1to3/1_0" slope="0.00"/>
        <vehicle id="9" x="398.35" y="731.63" angle="0.00" type="DEFAULT_VEHTYPE" speed="13.39" pos="68.37" lane="2/4to2/3_0" slope="0.00"/>
    </timestep>
    <timestep time="66.00">
        <vehicle id="10" x="401.65" y="497.35" angle="180.00" type="DEFAULT_VEHTYPE" speed="13.38" pos="92.60" lane="2/2to2/3_0" slope="0.00"/>
        <vehicle id="11" x="646.80" y="198.35" angle="90.00" type="DEFAULT_VEHTYPE" speed="12.90" pos="42.05" lane="3/1to4/1_0" slope="0.00"/>
        <vehicle id="12" x="44.69" y="398.35" angle="90.00" type="DEFAULT_VEHTYPE" speed="13.12" pos="44.69" lane="0/2to1/2_0" slope="0.00"/>
        <vehicle id="15" x="443.53" y="398.35" angle="90.00" type="DEFAULT_VEHTYPE" speed="13.66" pos="38.78" lane="2/2to3/2_0" slope="0.00"/>
        <vehicle id="16" x="610.50" y="201.65" angle="-90.00" type="DEFAULT_VEHTYPE" speed="12.85" pos="189.50" lane="4/1to3/1_0" slope="0.00"/>
        <vehicle id="17" x="201.65" y="386.63" angle="180.00" type="DEFAULT_VEHTYPE" speed="13.68" pos="181.88" lane="1/1to1/2_0" slope="0.00"/>
        <vehicle id="18" x="198.35" y="274.49" angle="0.00" type="DEFAULT_VEHTYPE" speed="13.11" pos="120.76" lane="1/2to1/1_0" slope="0.00"/>
        <vehicle id="19" x="401.65" y="378.46" angle="180.00" type="DEFAULT_VEHTYPE" speed="13.25" pos="173.71" lane="2/1to2/2_0" slope="0.00"/>
        <vehicle id="2" x="201.65" y="585.03" angle="180.00" type="DEFAULT_VEHTYPE" speed="13.39" pos="180.28" lane="1/2to1/3_0" slope="0.00"/>
        <vehicle id="20" x="369.09" y="198.35" angle="90.00" type="DEFAULT_VEHTYPE" speed="13.42" pos="164.34" lane="1/1to2/1_0" slope="0.00"/>
        <vehicle id="21" x="401.65" y="685.44" angle="180.00" type="DEFAULT_VEHTYPE" speed="12.99" pos="80.69" lane="2/3to2/4_0" slope="0.00"/>
        <vehicle id="22" x="724.91" y="598.35" angle="90.00" type="DEFAULT_VEHTYPE" speed="13.62" pos="120.16" lane="3/3to4/3_0" slope="0.00"/>
        <vehicle id="23" x="398.35" y="349.10" angle="0.00" type="DEFAULT_VEHTYPE" speed="13.18" pos="46.15" lane="2/2to2/1_0" slope="0.00"/>
        <vehicle id="24" x="198.35" y="334.96" angle="0.00" type="DEFAULT_VEHTYPE" speed="12.61" pos="60.29" lane="1/2to1/1_0" slope="0.00"/>
        <vehicle id="4" x="319.40" y="198.35" angle="90.00" type="DEFAULT_VEHTYPE" speed="13.32" pos="114.65" lane="1/1to2/1_0" slope="0.00"/>
        <vehicle id="5" x="198.35" y="472.96" angle="0.00" type="DEFAULT_VEHTYPE" speed="12.92" pos="122.29" lane="1/3to1/2_0" slope="0.00"/>
        <vehicle id="6" x="601.65" y="711.79" angle="180.00" type="DEFAULT_VEHTYPE" speed="13.18" pos="107.04" lane="3/3to3/4_0" slope="0.00"/>
        <vehicle id="7" x="693.30" y="201.65" angle="-90.00" type="DEFAULT_VEHTYPE" speed="13.82" pos="106.70" lane="4/1to3/1_0" slope="0.00"/>
        <vehicle id="9" x="398.35" y="717.78" angle="0.00" type="DEFAULT_VEHTYPE" speed="13.86" pos="82.22" lane="2/4to2/3_0" slope="0.00"/>
    </timestep>
    <timestep time="67.00">
        <vehicle id="10" x="401.65" y="510.36" angle="180.00" type="DEFAULT_VEHTYPE" speed="13.01" pos="105.61" lane="2/2to2/3_0" slope="0.00"/>
        <vehicle id="11" x="659.55" y="198.35" angle="90.00" type="DEFAULT_VEHTYPE" speed="12.75" pos="54.80" lane="3/1to4/1_0" slope="0.00"/>
        <vehicle id="12" x="57.45" y="398.35" angle="90.00" type="DEFAULT_VEHTYPE" speed="12.76" pos="57.45" lane="0/2to1/2_0" slope="0.00"/>
        <vehicle id="15" x="456.65" y="398.35" angle="90.00" type="DEFAULT_VEHTYPE" speed="13.12" pos="51.90" lane="2/2to3/2_0" slope="0.00"/>
        <vehicle id="17" x="201.65" y="400.51" angle="180.00" type="DEFAULT_VEHTYPE" speed="13.88" pos="5.26" lane=":1/2_9_0" slope="0.00"/>
        <vehicle id="18" x="198.35" y="261.40" angle="0.00" type="DEFAULT_VEHTYPE" speed="13.08" pos="133.85" lane="1/2to1/1_0" slope="0.00"/>
        <vehicle id="19" x="401.65" y="391.12" angle="180.00" type="DEFAULT_VEHTYPE" speed="12.66" pos="186.37" lane="2/1to2/2_0" slope="0.00"/>
        <vehicle id="2" x="202.66" y="597.72" angle="167.83" type="DEFAULT_VEHTYPE" speed="13.00" pos="2.78" lane=":1/3_8_0" slope="0.00"/>
        <vehicle id="20" x="379.65" y="198.35" angle="90.00" type="DEFAULT_VEHTYPE" speed="10.56" pos="174.90" lane="1/1to2/1_0" slope="0.00"/>
        <vehicle id="21" x="401.65" y="698.85" angle="180.00" type="DEFAULT_VEHTYPE" speed="13.41" pos="94.10" lane="2/3to2/4_0" slope="0.00"/>
        <vehicle id="22" x="738.57" y="598.35" angle="90.00" type="DEFAULT_VEHTYPE" speed="13.66" pos="133.82" lane="3/3to4/3_0" slope="0.00"/>
        <vehicle id="23" x="398.35" y="335.99" angle="0.00" type="DEFAULT_VEHTYPE" speed="13.11" pos="59.26" lane="2/2to2/1_0" slope="0.00"/>
        <vehicle id="24" x="198.35" y="321.91" angle="0.00" type="DEFAULT_VEHTYPE" speed="13.05" pos="73.34" lane="1/2to1/1_0" slope="0.00"/>
        <vehicle id="4" x="332.70" y="198.35" angle="90.00" type="DEFAULT_VEHTYPE" speed="13.30" pos="127.95" lane="1/1to2/1_0" slope="0.00"/>
        <vehicle id="5" x="198.35" y="459.52" angle="0.00" type="DEFAULT_VEHTYPE" speed="13.44" pos="135.73" lane="1/3to1/2_0" slope="0.00"/>
        <vehicle id="6" x="601.65" y="725.48" angle="180.00" type="DEFAULT_VEHTYPE" speed="13.69" pos="120.73" lane="3/3to3/4_0" slope="0.00"/>
        <vehicle id="7" x="679.94" y="201.65" angle="-90.00" type="DEFAULT_VEHTYPE" speed="13.35" pos="120.06" lane="4/1to3/1_0" slope="0.00"/>
        <vehicle id="9" x="398.35" y="704.48" angle="0.00" type="DEFAULT_VEHTYPE" speed="13.29" pos="95.52" lane="2/4to2/3_0" slope="0.00"/>
    </timestep>
    <timestep time="68.00">
        <vehicle id="10" x="401.65" y="524.16" angle="180.00" type="DEFAULT_VEHTYPE" speed="13.80" pos="119.41" lane="2/2to2/3_0" slope="0.00"/>
        <vehicle id="11" x="672.38" y="198.35" angle="90.00" type="DEFAULT_VEHTYPE" speed="12.83" pos="67.63" lane="3/1to4/1_0" slope="0.00"/>
        <vehicle id="12" x="70.91" y="398.35" angle="90.00" type="DEFAULT_VEHTYPE" speed="13.45" pos="70.91" lane="0/2to1/2_0" slope="0.00"/>
        <vehicle id="15" x="469.74" y="398.35" angle="90.00" type="DEFAULT_VEHTYPE" speed="13.09" pos="64.99" lane="2/2to3/2_0" slope="0.00"/>
        <vehicle id="17" x="201.65" y="414.18" angle="180.00" type="DEFAULT_VEHTYPE" speed="13.67" pos="9.43" lane="1/2to1/3_0" slope="0.00"/>
        <vehicle id="18" x="198.35" y="248.02" angle="0.00" type="DEFAULT_VEHTYPE" speed="13.39" pos="147.23" lane="1/2to1/1_0" slope="0.00"/>
        <vehicle id="19" x="401.65" y="403.75" angle="180.00" type="DEFAULT_VEHTYPE" speed="12.63" pos="8.50" lane=":2/2_9_0" slope="0.00"/>
        <vehicle id="2" x="216.41" y="598.35" angle="90.00" type="DEFAULT_VEHTYPE" speed="13.89" pos="11.66" lane="1/3to2/3_0" slope="0.00"/>
        <vehicle id="20" x="385.70" y="198.35" angle="90.00" type="DEFAULT_VEHTYPE" speed="6.06" pos="180.95" lane="1/1to2/1_0" slope="0.00"/>
        <vehicle id="21" x="401.65" y="712.22" angle="180.00" type="DEFAULT_VEHTYPE" speed="13.37" pos="107.47" lane="2/3to2/4_0" slope="0.00"/>
        <vehicle id="22" x="751.51" y="598.35" angle="90.00" type="DEFAULT_VEHTYPE" speed="12.94" pos="146.76" lane="3/3to4/3_0" slope="0.00"/>
        <vehicle id="23" x="398.35" y="322.84" angle="0.00" type="DEFAULT_VEHTYPE" speed="13.15" pos="72.41" lane="2/2to2/1_0" slope="0.00"/>
        <vehicle id="24" x="198.35" y="309.19" angle="0.00" type="DEFAULT_VEHTYPE" speed="12.72" pos="86.06" lane="1/2to1/1_0" slope="0.00"/>
        <vehicle id="4" x="345.55" y="198.35" angle="90.00" type="DEFAULT_VEHTYPE" speed="12.85" pos="140.80" lane="1/1to2/1_0" slope="0.00"/>
        <vehicle id="5" x="198.35" y="445.92" angle="0.00" type="DEFAULT_VEHTYPE" speed="13.60" pos="149.33" lane="1/3to1/2_0" slope="0.00"/>
        <vehicle id="6" x="601.65" y="739.34" angle="180.00" type="DEFAULT_VEHTYPE" speed="13.86" pos="134.59" lane="3/3to3/4_0" slope="0.00"/>
        <vehicle id="7" x="666.17" y="201.65" angle="-90.00" type="DEFAULT_VEHTYPE" speed="13.77" pos="133.83" lane="4/1to3/1_0" slope="0.00"/>
        <vehicle id="9" x="398.35" y="690.81" angle="0.00" type="DEFAULT_VEHTYPE" speed="13.68" pos="109.19" lane="2/4to2/3_0" slope="0.00"/>
    </timestep>
    <timestep time="69.00">
        <vehicle id="10" x="401.65" y="537.72" angle="180.00" type="DEFAULT_VEHTYPE" speed="13.55" pos="132.97" lane="2/2to2/3_0" slope="0.00"/>
        <vehicle id="11" x="685.10" y="198.35" angle="90.00" type="DEFAULT_VEHTYPE" speed="12.72" pos="80.35" lane="3/1to4/1_0" slope="0.00"/>
        <vehicle id="12" x="84.17" y="398.35" angle="90.00" type="DEFAULT_VEHTYPE" speed="13.26" pos="84.17" lane="0/2to1/2_0" slope="0.00"/>
        <vehicle id="15" x="482.88" y="398.35" angle="90.00" type="DEFAULT_VEHTYPE" speed="13.14" pos="78.13" lane="2/2to3/2_0" slope="0.00"/>
        <vehicle id="17" x="201.65" y="427.76" angle="180.00" type="DEFAULT_VEHTYPE" speed="13.58" pos="23.01" lane="1/2to1/3_0" slope="0.00"/>
        <vehicle id="18" x="198.35" y="234.76" angle="0.00" type="DEFAULT_VEHTYPE" speed="13.26" pos="160.49" lane="1/2to1/1_0" slope="0.00"/>
        <vehicle id="19" x="401.65" y="416.49" angle="180.00" type="DEFAULT_VEHTYPE" speed="12.74" pos="11.74" lane="2/2to2/3_0" slope="0.00"/>
        <vehicle id="2" x="230.10" y="598.35" angle="90.00" type="DEFAULT_VEHTYPE" speed="13.69" pos="25.35" lane="1/3to2/3_0" slope="0.00"/>
        <vehicle id="20" x="389.78" y="198.35" angle="90.00" type="DEFAULT_VEHTYPE" speed="4.07" pos="185.03" lane="1/1to2/1_0" slope="0.00"/>
        <vehicle id="21" x="401.65" y="725.25" angle="180.00" type="DEFAULT_VEHTYPE" speed="13.03" pos="120.50" lane="2/3to2/4_0" slope="0.00"/>
        <vehicle id="22" x="764.23" y="598.35" angle="90.00" type="DEFAULT_VEHTYPE" speed="12.71" pos="159.48" lane="3/3to4/3_0" slope="0.00"/>
        <vehicle id="23" x="398.35" y="309.51" angle="0.00" type="DEFAULT_VEHTYPE" speed="13.33" pos="85.74" lane="2/2to2/1_0" slope="0.00"/>
        <vehicle id="24" x="198.35" y="296.10" angle="0.00" type="DEFAULT_VEHTYPE" speed="13.10" pos="99.15" lane="1/2to1/1_0" slope="0.00"/>
        <vehicle id="4" x="358.93" y="198.35" angle="90.00" type="DEFAULT_VEHTYPE" speed="13.38" pos="154.18" lane="1/1to2/1_0" slope="0.00"/>
        <vehicle id="5" x="198.35" y="432.59" angle="0.00" type="DEFAULT_VEHTYPE" speed="13.33" pos="162.66" lane="1/3to1/2_0" slope="0.00"/>
        <vehicle id="6" x="601.65" y="752.01" angle="180.00" type="DEFAULT_VEHTYPE" speed="12.67" pos="147.26" lane="3/3to3/4_0" slope="0.00"/>
        <vehicle id="7" x="653.39" y="201.65" angle="-90.00" type="DEFAULT_VEHTYPE" speed="12.78" pos="146.61" lane="4/1to3/1_0" slope="0.00"/>
        <vehicle id="9" x="398.35" y="677.66" angle="0.00" type="DEFAULT_VEHTYPE" speed="13.15" pos="122.34" lane="2/4to2/3_0" slope="0.00"/>
    </timestep>
    <timestep time="70.00">
        <vehicle id="10" x="401.65" y="551.56" angle="180.00" type="DEFAULT_VEHTYPE" speed="13.84" pos="146.81" lane="2/2to2/3_0" slope="0.00"/>
        <vehicle id="11" x="698.13" y="198.35" angle="90.00" type="DEFAULT_VEHTYPE" speed="13.03" pos="93.38" lane="3/1to4/1_0" slope="0.00"/>
        <vehicle id="12" x="97.90" y="398.35" angle="90.00" type="DEFAULT_VEHTYPE" speed="13.73" pos="97.90" lane="0/2to1/2_0" slope="0.00"/>
        <vehicle id="15" x="496.65" y="398.35" angle="90.00" type="DEFAULT_VEHTYPE" speed="13.77" pos="91.90" lane="2/2to3/2_0" slope="0.00"/>
        <vehicle id="17" x="201.65" y="441.44" angle="180.00" type="DEFAULT_VEHTYPE" speed="13.68" pos="36.69" lane="1/2to1/3_0" slope="0.00"/>
        <vehicle id="18" x="198.35" y="221.62" angle="0.00" type="DEFAULT_VEHTYPE" speed="13.14" pos="173.63" lane="1/2to1/1_0" slope="0.00"/>
        <vehicle id="19" x="401.65" y="429.74" angle="180.00" type="DEFAULT_VEHTYPE" speed="13.26" pos="24.99" lane="2/2to2/3_0" slope="0.00"/>
        <vehicle id="2" x="243.04" y="598.35" angle="90.00" type="DEFAULT_VEHTYPE" speed="12.94" pos="38.29" lane="1/3to2/3_0" slope="0.00"/>
        <vehicle id="20" x="395.56" y="198.35" angle="90.00" type="DEFAULT_VEHTYPE" speed="5.79" pos="0.31" lane=":2/1_13_0" slope="0.00"/>
        <vehicle id="21" x="401.65" y="738.01" angle="180.00" type="DEFAULT_VEHTYPE" speed="12.76" pos="133.26" lane="2/3to2/4_0" slope="0.00"/>
        <vehicle id="22" x="777.23" y="598.35" angle="90.00" type="DEFAULT_VEHTYPE" speed="13.01" pos="172.48" lane="3/3to4/3_0" slope="0.00"/>
        <vehicle id="23" x="398.35" y="295.75" angle="0.00" type="DEFAULT_VEHTYPE" speed="13.76" pos="99.50" lane="2/2to2/1_0" slope="0.00"/>
        <vehicle id="24" x="198.35" y="283.01" angle="0.00" type="DEFAULT_VEHTYPE" speed="13.09" pos="112.24" lane="1/2to1/1_0" slope="0.00"/>
        <vehicle id="4" x="368.35" y="198.35" angle="90.00" type="DEFAULT_VEHTYPE" speed="9.42" pos="163.60" lane="1/1to2/1_0" slope="0.00"/>
        <vehicle id="5" x="198.35" y="421.78" angle="0.00" type="DEFAULT_VEHTYPE" speed="10.81" pos="173.47" lane="1/3to1/2_0" slope="0.00"/>
        <vehicle id="6" x="601.65" y="765.39" angle="180.00" type="DEFAULT_VEHTYPE" speed="13.38" pos="160.64" lane="3/3to3/4_0" slope="0.00"/>
        <vehicle id="7" x="640.00" y="201.65" angle="-90.00" type="DEFAULT_VEHTYPE" speed="13.38" pos="160.00" lane="4/1to3/1_0" slope="0.00"/>
        <vehicle id="9" x="398.35" y="664.27" angle="0.00" type="DEFAULT_VEHTYPE" speed="13.40" pos="135.73" lane="2/4to2/3_0" slope="0.00"/>
    </timestep>
    <timestep time="71.00">
        <vehicle id="10" x="401.65" y="564.66" angle="180.00" type="DEFAULT_VEHTYPE" speed="13.10" pos="159.91" lane="2/2to2/3_0" slope="0.00"/>
        <vehicle id="11" x="711.94" y="198.35" angle="90.00" type="DEFAULT_VEHTYPE" speed="13.80" pos="107.19" lane="3/1to4/1_0" slope="0.00"/>
        <vehicle id="12" x="110.72" y="398.35" angle="90.00" type="DEFAULT_VEHTYPE" speed="12.83" pos="110.72" lane="0/2to1/2_0" slope="0.00"/>
        <vehicle id="15" x="510.51" y="398.35" angle="90.00" type="DEFAULT_VEHTYPE" speed="13.86" pos="105.76" lane="2/2to3/2_0" slope="0.00"/>
        <vehicle id="17" x="201.65" y="455.33" angle="180.00" type="DEFAULT_VEHTYPE" speed="13.89" pos="50.58" lane="1/2to1/3_0" slope="0.00"/>
        <vehicle id="18" x="198.35" y="207.94" angle="0.00" type="DEFAULT_VEHTYPE" speed="13.68" pos="187.31" lane="1/2to1/1_0" slope="0.00"/>
        <vehicle id="19" x="401.65" y="443.02" angle="180.00" type="DEFAULT_VEHTYPE" speed="13.28" pos="38.27" lane="2/2to2/3_0" slope="0.00"/>
        <vehicle id="2" x="256.10" y="598.35" angle="90.00" type="DEFAULT_VEHTYPE" speed="13.06" pos="51.35" lane="1/3to2/3_0" slope="0.00"/>
        <vehicle id="20" x="403.22" y="198.35" angle="90.00" type="DEFAULT_VEHTYPE" speed="7.66" pos="7.97" lane=":2/1_13_0" slope="0.00"/>
        <vehicle id="21" x="401.65" y="750.93" angle="180.00" type="DEFAULT_VEHTYPE" speed="12.93" pos="146.18" lane="2/3to2/4_0" slope="0.00"/>
        <vehicle id="22" x="790.47" y="598.35" angle="90.00" type="DEFAULT_VEHTYPE" speed="13.24" pos="185.72" lane="3/3to4/3_0" slope="0.00"/>
        <vehicle id="23" x="398.35" y="282.33" angle="0.00" type="DEFAULT_VEHTYPE" speed="13.42" pos="112.92" lane="2/2to2/1_0" slope="0.00"/>
        <vehicle id="24" x="198.35" y="269.57" angle="0.00" type="DEFAULT_VEHTYPE" speed="13.44" pos="125.68" lane="1/2to1/1_0" slope="0.00"/>
        <vehicle id="4" x="378.73" y="198.35" angle="90.00" type="DEFAULT_VEHTYPE" speed="10.38" pos="173.98" lane="1/1to2/1_0" slope="0.00"/>
        <vehicle id="5" x="198.35" y="415.19" angle="0.00" type="DEFAULT_VEHTYPE" speed="6.59" pos="180.06" lane="1/3to1/2_0" slope="0.00"/>
        <vehicle id="6" x="601.65" y="778.91" angle="180.00" type="DEFAULT_VEHTYPE" speed="13.53" pos="174.16" lane="3/3to3/4_0" slope="0.00"/>
        <vehicle id="7" x="627.56" y="201.65" angle="-90.00" type="DEFAULT_VEHTYPE" speed="12.44" pos="172.44" lane="4/1to3/1_0" slope="0.00"/>
        <vehicle id="9" x="398.35" y="650.84" angle="0.00" type="DEFAULT_VEHTYPE" speed="13.43" pos="149.16" lane="2/4to2/3_0" slope="0.00"/>
    </timestep>
    <timestep time="72.00">
        <vehicle id="10" x="401.65" y="578.43" angle="180.00" type="DEFAULT_VEHTYPE" speed="13.78" pos="173.68" lane="2/2to2/3_0" slope="0.00"/>
        <vehicle id="11" x="725.18" y="198.35" angle="90.00" type="DEFAULT_VEHTYPE" speed="13.25" pos="120.43" lane="3/1to4/1_0" slope="0.00"/>
        <vehicle id="12" x="123.71" y="398.35" angle="90.00" type="DEFAULT_VEHTYPE" speed="12.98" pos="123.71" lane="0/2to1/2_0" slope="0.00"/>
        <vehicle id="15" x="523.63" y="398.35" angle="90.00" type="DEFAULT_VEHTYPE" speed="13.12" pos="118.88" lane="2/2to3/2_0" slope="0.00"/>
        <vehicle id="17" x="201.65" y="469.14" angle="180.00" type="DEFAULT_VEHTYPE" speed="13.80" pos="64.39" lane="1/2to1/3_0" slope="0.00"/>
        <vehicle id="18" x="198.35" y="195.21" angle="0.00" type="DEFAULT_VEHTYPE" speed="12.74" pos="0.04" lane="1/1to1/0_0" slope="0.00"/>
        <vehicle id="19" x="401.65" y="456.72" angle="180.00" type="DEFAULT_VEHTYPE" speed="13.69" pos="51.97" lane="2/2to2/3_0" slope="0.00"/>
        <vehicle id="2" x="269.84" y="598.35" angle="90.00" type="DEFAULT_VEHTYPE" speed="13.75" pos="65.09" lane="1/3to2/3_0" slope="0.00"/>
        <vehicle id="20" x="413.22" y="198.35" angle="90.00" type="DEFAULT_VEHTYPE" speed="10.00" pos="8.47" lane="2/1to3/1_0" slope="0.00"/>
        <vehicle id="21" x="401.65" y="764.34" angle="180.00" type="DEFAULT_VEHTYPE" speed="13.41" pos="159.59" lane="2/3to2/4_0" slope="0.00"/>
        <vehicle id="22" x="801.23" y="600.84" angle="130.73" type="DEFAULT_VEHTYPE" speed="12.87" pos="3.34" lane=":4/3_0_0" slope="0.00"/>
        <vehicle id="23" x="398.35" y="269.68" angle="0.00" type="DEFAULT_VEHTYPE" speed="12.65" pos="125.57" lane="2/2to2/1_0" slope="0.00"/>
        <vehicle id="24" x="198.35" y="256.32" angle="0.00" type="DEFAULT_VEHTYPE" speed="13.25" pos="138.93" lane="1/2to1/1_0" slope="0.00"/>
        <vehicle id="4" x="385.18" y="198.35" angle="90.00" type="DEFAULT_VEHTYPE" speed="6.45" pos="180.43" lane="1/1to2/1_0" slope="0.00"/>
        <vehicle id="5" x="198.35" y="410.70" angle="0.00" type="DEFAULT_VEHTYPE" speed="4.48" pos="184.55" lane="1/3to1/2_0" slope="0.00"/>
        <vehicle id="6" x="601.65" y="791.85" angle="180.00" type="DEFAULT_VEHTYPE" speed="12.93" pos="187.10" lane="3/3to3/4_0" slope="0.00"/>
        <vehicle id="7" x="618.99" y="201.65" angle="-90.00" type="DEFAULT_VEHTYPE" speed="8.57" pos="181.01" lane="4/1to3/1_0" slope="0.00"/>
        <vehicle id="9" x="398.35" y="637.97" angle="0.00" type="DEFAULT_VEHTYPE" speed="12.87" pos="162.03" lane="2/4to2/3_0" slope="0.00"/>
    </timestep>
    <timestep time="73.00">
        <vehicle id="10" x="401.65" y="591.88" angle="180.00" type="DEFAULT_VEHTYPE" speed="13.45" pos="187.13" lane="2/2to2/3_0" slope="0.00"/>
        <vehicle id="11" x="738.69" y="198.35" angle="90.00" type="DEFAULT_VEHTYPE" speed="13.51" pos="133.94" lane="3/1to4/1_0" slope="0.00"/>
        <vehicle id="12" x="137.13" y="398.35" angle="90.00" type="DEFAULT_VEHTYPE" speed="13.42" pos="137.13" lane="0/2to1/2_0" slope="0.00"/>
        <vehicle id="15" x="537.21" y="398.35" angle="90.00" type="DEFAULT_VEHTYPE" speed="13.58" pos="132.46" lane="2/2to3/2_0" slope="0.00"/>
        <vehicle id="17" x="201.65" y="482.86" angle="180.00" type="DEFAULT_VEHTYPE" speed="13.73" pos="78.11" lane="1/2to1/3_0" slope="0.00"/>
        <vehicle id="18" x="198.35" y="181.67" angle="0.00" type="DEFAULT_VEHTYPE" speed="13.54" pos="13.58" lane="1/1to1/0_0" slope="0.00"/>
        <vehicle id="19" x="401.65" y="470.06" angle="180.00" type="DEFAULT_VEHTYPE" speed="13.34" pos="65.31" lane="2/2to2/3_0" slope="0.00"/>
        <vehicle id="2" x="283.68" y="598.35" angle="90.00" type="DEFAULT_VEHTYPE" speed="13.83" pos="78.93" lane="1/3to2/3_0" slope="0.00"/>
        <vehicle id="20" x="424.91" y="198.35" angle="90.00" type="DEFAULT_VEHTYPE" speed="11.69" pos="20.16" lane="2/1to3/1_0" slope="0.00"/>
        <vehicle id="21" x="401.65" y="777.91" angle="180.00" type="DEFAULT_VEHTYPE" speed="13.58" pos="173.16" lane="2/3to2/4_0" slope="0.00"/>
        <vehicle id="22" x="788.27" y="601.65" angle="-90.00" type="DEFAULT_VEHTYPE" speed="13.20" pos="11.73" lane="4/3to3/3_0" slope="0.00"/>
        <vehicle id="23" x="398.35" y="256.71" angle="0.00" type="DEFAULT_VEHTYPE" speed="12.97" pos="138.54" lane="2/2to2/1_0" slope="0.00"/>
        <vehicle id="24" x="198.35" y="243.13" angle="0.00" type="DEFAULT_VEHTYPE" speed="13.19" pos="152.12" lane="1/2to1/1_0" slope="0.00"/>
        <vehicle id="4" x="389.14" y="198.35" angle="90.00" type="DEFAULT_VEHTYPE" speed="3.96" pos="184.39" lane="1/1to2/1_0" slope="0.00"/>
        <vehicle id="5" x="198.40" y="404.41" angle="0.56" type="DEFAULT_VEHTYPE" speed="6.30" pos="0.35" lane=":1/2_2_0" slope="0.00"/>
        <vehicle id="7" x="612.97" y="201.65" angle="-90.00" type="DEFAULT_VEHTYPE" speed="6.01" pos="187.03" lane="4/1to3/1_0" slope="0.00"/>
        <vehicle id="9" x="398.35" y="624.94" angle="0.00" type="DEFAULT_VEHTYPE" speed="13.03" pos="175.06" lane="2/4to2/3_0" slope="0.00"/>
    </timestep>
    <timestep time="74.00">
        <vehicle id="10" x="409.88" y="598.35" angle="90.00" type="DEFAULT_VEHTYPE" speed="13.50" pos="5.13" lane="2/3to3/3_0" slope="0.00"/>
        <vehicle id="11" x="752.24" y="198.35" angle="90.00" type="DEFAULT_VEHTYPE" speed="13.55" pos="147.49" lane="3/1to4/1_0" slope="0.00"/>
        <vehicle id="12" x="150.78" y="398.35" angle="90.00" type="DEFAULT_VEHTYPE" speed="13.65" pos="150.78" lane="0/2to1/2_0" slope="0.00"/>
        <vehicle id="15" x="550.28" y="398.35" angle="90.00" type="DEFAULT_VEHTYPE" speed="13.07" pos="145.53" lane="2/2to3/2_0" slope="0.00"/>
        <vehicle id="17" x="201.65" y="496.23" angle="180.00" type="DEFAULT_VEHTYPE" speed="13.37" pos="91.48" lane="1/2to1/3_0" slope="0.00"/>
        <vehicle id="18" x="198.35" y="168.03" angle="0.00" type="DEFAULT_VEHTYPE" speed="13.64" pos="27.22" lane="1/1to1/0_0" slope="0.00"/>
        <vehicle id="19" x="401.65" y="483.02" angle="180.00" type="DEFAULT_VEHTYPE" speed="12.96" pos="78.27" lane="2/2to2/3_0" slope="0.00"/>
        <vehicle id="2" x="297.41" y="598.35" angle="90.00" type="DEFAULT_VEHTYPE" speed="13.74" pos="92.66" lane="1/3to2/3_0" slope="0.00"/>
        <vehicle id="20" x="437.68" y="198.35" angle="90.00" type="DEFAULT_VEHTYPE" speed="12.77" pos="32.93" lane="2/1to3/1_0" slope="0.00"/>
        <vehicle id="21" x="401.65" y="791.05" angle="180.00" type="DEFAULT_VEHTYPE" speed="13.13" pos="186.30" lane="2/3to2/4_0" slope="0.00"/>
        <vehicle id="22" x="774.72" y="601.65" angle="-90.00" type="DEFAULT_VEHTYPE" speed="13.56" pos="25.28" lane="4/3to3/3_0" slope="0.00"/>
        <vehicle id="23" x="398.35" y="242.85" angle="0.00" type="DEFAULT_VEHTYPE" speed="13.86" pos="152.40" lane="2/2to2/1_0" slope="0.00"/>
        <vehicle id="24" x="198.35" y="229.30" angle="0.00" type="DEFAULT_VEHTYPE" speed="13.83" pos="165.95" lane="1/2to1/1_0" slope="0.00"/>
        <vehicle id="4" x="394.62" y="198.35" angle="90.00" type="DEFAULT_VEHTYPE" speed="5.48" pos="189.87" lane="1/1to2/1_0" slope="0.00"/>
        <vehicle id="5" x="203.01" y="398.60" angle="54.93" type="DEFAULT_VEHTYPE" speed="8.21" pos="1.42" lane=":1/2_16_0" slope="0.00"/>
        <vehicle id="7" x="609.11" y="201.65" angle="-90.00" type="DEFAULT_VEHTYPE" speed="3.86" pos="190.89" lane="4/1to3/1_0" slope="0.00"/>
        <vehicle id="9" x="398.35" y="611.70" angle="0.00" type="DEFAULT_VEHTYPE" speed="13.24" pos="188.30" lane="2/4to2/3_0" slope="0.00"/>
    </timestep>
    <timestep time="75.00">
        <vehicle id="10" x="423.41" y="598.35" angle="90.00" type="DEFAULT_VEHTYPE" speed="13.53" pos="18.66" lane="2/3to3/3_0" slope="0.00"/>
        <vehicle id="11" x="765.30" y="198.35" angle="90.00" type="DEFAULT_VEHTYPE" speed="13.07" pos="160.55" lane="3/1to4/1_0" slope="0.00"/>
        <vehicle id="12" x="164.12" y="398.35" angle="90.00" type="DEFAULT_VEHTYPE" speed="13.34" pos="164.12" lane="0/2to1/2_0" slope="0.00"/>
        <vehicle id="15" x="563.59" y="398.35" angle="90.00" type="DEFAULT_VEHTYPE" speed="13.31" pos="158.84" lane="2/2to3/2_0" slope="0.00"/>
        <vehicle id="17" x="201.65" y="508.84" angle="180.00" type="DEFAULT_VEHTYPE" speed="12.61" pos="104.09" lane="1/2to1/3_0" slope="0.00"/>
        <vehicle id="18" x="198.35" y="154.41" angle="0.00" type="DEFAULT_VEHTYPE" speed="13.62" pos="40.84" lane="1/1to1/0_0" slope="0.00"/>
        <vehicle id="19" x="401.65" y="496.84" angle="180.00" type="DEFAULT_VEHTYPE" speed="13.82" pos="92.09" lane="2/2to2/3_0" slope="0.00"/>
        <vehicle id="2" x="310.57" y="598.35" angle="90.00" type="DEFAULT_VEHTYPE" speed="13.16" pos="105.82" lane="1/3to2/3_0" slope="0.00"/>
        <vehicle id="20" x="451.55" y="198.35" angle="90.00" type="DEFAULT_VEHTYPE" speed="13.86" pos="46.80" lane="2/1to3/1_0" slope="0.00"/>
        <vehicle id="21" x="398.73" y="800.56" angle="-116.00" type="DEFAULT_VEHTYPE" speed="13.09" pos="4.14" lane=":2/4_0_0" slope="0.00"/>
        <vehicle id="22" x="760.91" y="601.65" angle="-90.00" type="DEFAULT_VEHTYPE" speed="13.81" pos="39.09" lane="4/3to3/3_0" slope="0.00"/>
        <vehicle id="23" x="398.35" y="229.03" angle="0.00" type="DEFAULT_VEHTYPE" speed="13.82" pos="166.22" lane="2/2to2/1_0" slope="0.00"/>
        <vehicle id="24" x="198.35" y="216.60" angle="0.00" type="DEFAULT_VEHTYPE" speed="12.71" pos="178.65" lane="1/2to1/1_0" slope="0.00"/>
        <vehicle id="4" x="398.35" y="193.41" angle="16.63" type="DEFAULT_VEHTYPE" speed="7.47" pos="1.84" lane="2/1to2/0_0" slope="0.00"/>
        <vehicle id="5" x="212.73" y="398.35" angle="90.00" type="DEFAULT_VEHTYPE" speed="9.74" pos="7.98" lane="1/2to2/2_0" slope="0.00"/>
        <vehicle id="7" x="602.85" y="202.17" angle="-96.06" type="DEFAULT_VEHTYPE" speed="6.37" pos="2.01" lane=":3/1_4_0" slope="0.00"/>
        <vehicle id="9" x="398.35" y="598.10" angle="0.00" type="DEFAULT_VEHTYPE" speed="13.60" pos="6.65" lane=":2/3_1_0" slope="0.00"/>
    </timestep>
    <timestep time="76.00">
        <vehicle id="10" x="436.78" y="598.35" angle="90.00" type="DEFAULT_VEHTYPE" speed="13.37" pos="32.03" lane="2/3to3/3_0" slope="0.00"/>
        <vehicle id="11" x="779.05" y="198.35" angle="90.00" type="DEFAULT_VEHTYPE" speed="13.74" pos="174.30" lane="3/1to4/1_0" slope="0.00"/>
        <vehicle id="12" x="175.89" y="398.35" angle="90.00" type="DEFAULT_VEHTYPE" speed="11.77" pos="175.89" lane="0/2to1/2_0" slope="0.00"/>
        <vehicle id="15" x="577.19" y="398.35" angle="90.00" type="DEFAULT_VEHTYPE" speed="13.60" pos="172.44" lane="2/2to3/2_0" slope="0.00"/>
        <vehicle id="17" x="201.65" y="522.72" angle="180.00" type="DEFAULT_VEHTYPE" speed="13.88" pos="117.97" lane="1/2to1/3_0" slope="0.00"/>
        <vehicle id="18" x="198.35" y="141.64" angle="0.00" type="DEFAULT_VEHTYPE" speed="12.77" pos="53.61" lane="1/1to1/0_0" slope="0.00"/>
        <vehicle id="19" x="401.65" y="510.10" angle="180.00" type="DEFAULT_VEHTYPE" speed="13.26" pos="105.35" lane="2/2to2/3_0" slope="0.00"/>
        <vehicle id="2" x="324.31" y="598.35" angle="90.00" type="DEFAULT_VEHTYPE" speed="13.74" pos="119.56" lane="1/3to2/3_0" slope="0.00"/>
        <vehicle id="20" x="465.09" y="198.35" angle="90.00" type="DEFAULT_VEHTYPE" speed="13.54" pos="60.34" lane="2/1to3/1_0" slope="0.00"/>
        <vehicle id="21" x="398.35" y="787.75" angle="0.00" type="DEFAULT_VEHTYPE" speed="12.93" pos="12.25" lane="2/4to2/3_0" slope="0.00"/>
        <vehicle id="22" x="747.83" y="601.65" angle="-90.00" type="DEFAULT_VEHTYPE" speed="13.08" pos="52.17" lane="4/3to3/3_0" slope="0.00"/>
        <vehicle id="23" x="398.35" y="216.10" angle="0.00" type="DEFAULT_VEHTYPE" speed="12.93" pos="179.15" lane="2/2to2/1_0" slope="0.00"/>
        <vehicle id="4" x="398.35" y="183.66" angle="0.00" type="DEFAULT_VEHTYPE" speed="9.75" pos="11.59" lane="2/1to2/0_0" slope="0.00"/>
        <vehicle id="5" x="223.83" y="398.35" angle="90.00" type="DEFAULT_VEHTYPE" speed="11.10" pos="19.08" lane="1/2to2/2_0" slope="0.00"/>
        <vehicle id="7" x="601.65" y="210.17" angle="180.00" type="DEFAULT_VEHTYPE" speed="8.41" pos="5.42" lane="3/1to3/2_0" slope="0.00"/>
        <vehicle id="9" x="398.35" y="584.97" angle="0.00" type="DEFAULT_VEHTYPE" speed="13.13" pos="10.28" lane="2/3to2/2_0" slope="0.00"/>
    </timestep>
    <timestep time="77.00">
        <vehicle id="10" x="450.53" y="598.35" angle="90.00" type="DEFAULT_VEHTYPE" speed="13.74" pos="45.78" lane="2/3to3/3_0" slope="0.00"/>
        <vehicle id="11" x="792.91" y="198.35" angle="90.00" type="DEFAULT_VEHTYPE" speed="13.86" pos="188.16" lane="3/1to4/1_0" slope="0.00"/>
        <vehicle id="12" x="184.50" y="398.35" angle="90.00" type="DEFAULT_VEHTYPE" speed="8.61" pos="184.50" lane="0/2to1/2_0" slope="0.00"/>
        <vehicle id="15" x="590.20" y="398.35" angle="90.00" type="DEFAULT_VEHTYPE" speed="13.01" pos="185.45" lane="2/2to3/2_0" slope="0.00"/>
        <vehicle id="17" x="201.65" y="535.70" angle="180.00" type="DEFAULT_VEHTYPE" speed="12.97" pos="130.95" lane="1/2to1/3_0" slope="0.00"/>
        <vehicle id="18" x="198.35" y="128.45" angle="0.00" type="DEFAULT_VEHTYPE" speed="13.19" pos="66.80" lane="1/1to1/0_0" slope="0.00"/>
        <vehicle id="19" x="401.65" y="522.76" angle="180.00" type="DEFAULT_VEHTYPE" speed="12.66" pos="118.01" lane="2/2to2/3_0" slope="0.00"/>
        <vehicle id="2" x="337.26" y="598.35" angle="90.00" type="DEFAULT_VEHTYPE" speed="12.95" pos="132.51" lane="1/3to2/3_0" slope="0.00"/>
        <vehicle id="20" x="478.21" y="198.35" angle="90.00" type="DEFAULT_VEHTYPE" speed="13.13" pos="73.46" lane="2/1to3/1_0" slope="0.00"/>
        <vehicle id="21" x="398.35" y="775.07" angle="0.00" type="DEFAULT_VEHTYPE" speed="12.68" pos="24.93" lane="2/4to2/3_0" slope="0.00"/>
        <vehicle id="22" x="734.75" y="601.65" angle="-90.00" type="DEFAULT_VEHTYPE" speed="13.07" pos="65.25" lane="4/3to3/3_0" slope="0.00"/>
        <vehicle id="23" x="398.00" y="203.12" angle="-4.03" type="DEFAULT_VEHTYPE" speed="13.03" pos="1.68" lane=":2/1_0_0" slope="0.00"/>
        <vehicle id="4" x="398.35" y="172.48" angle="0.00" type="DEFAULT_VEHTYPE" speed="11.18" pos="22.77" lane="2/1to2/0_0" slope="0.00"/>
        <vehicle id="5" x="236.29" y="398.35" angle="90.00" type="DEFAULT_VEHTYPE" speed="12.46" pos="31.54" lane="1/2to2/2_0" slope="0.00"/>
        <vehicle id="7" x="601.65" y="220.82" angle="180.00" type="DEFAULT_VEHTYPE" speed="10.64" pos="16.07" lane="3/1to3/2_0" slope="0.00"/>
        <vehicle id="9" x="398.35" y="571.86" angle="0.00" type="DEFAULT_VEHTYPE" speed="13.11" pos="23.39" lane="2/3to2/2_0" slope="0.00"/>
    </timestep>
    <timestep time="78.00">
        <vehicle id="10" x="463.30" y="598.35" angle="90.00" type="DEFAULT_VEHTYPE" speed="12.77" pos="58.55" lane="2/3to3/3_0" slope="0.00"/>
        <vehicle id="12" x="188.83" y="398.35" angle="90.00" type="DEFAULT_VEHTYPE" speed="4.33" pos="188.83" lane="0/2to1/2_0" slope="0.00"/>
        <vehicle id="17" x="201.65" y="548.82" angle="180.00" type="DEFAULT_VEHTYPE" speed="13.13" pos="144.07" lane="1/2to1/3_0" slope="0.00"/>
        <vehicle id="18" x="198.35" y="115.15" angle="0.00" type="DEFAULT_VEHTYPE" speed="13.30" pos="80.10" lane="1/1to1/0_0" slope="0.00"/>
        <vehicle id="19" x="401.65" y="536.41" angle="180.00" type="DEFAULT_VEHTYPE" speed="13.65" pos="131.66" lane="2/2to2/3_0" slope="0.00"/>
        <vehicle id="2" x="350.89" y="598.35" angle="90.00" type="DEFAULT_VEHTYPE" speed="13.63" pos="146.14" lane="1/3to2/3_0" slope="0.00"/>
        <vehicle id="20" x="491.83" y="198.35" angle="90.00" type="DEFAULT_VEHTYPE" speed="13.62" pos="87.08" lane="2/1to3/1_0" slope="0.00"/>
        <vehicle id="21" x="398.35" y="761.56" angle="0.00" type="DEFAULT_VEHTYPE" speed="13.52" pos="38.44" lane="2/4to2/3_0" slope="0.00"/>
        <vehicle id="22" x="721.50" y="601.65" angle="-90.00" type="DEFAULT_VEHTYPE" speed="13.25" pos="78.50" lane="4/3to3/3_0" slope="0.00"/>
        <vehicle id="23" x="385.83" y="201.65" angle="-90.00" type="DEFAULT_VEHTYPE" speed="12.74" pos="9.42" lane="2/1to1/1_0" slope="0.00"/>
        <vehicle id="4" x="398.35" y="159.54" angle="0.00" type="DEFAULT_VEHTYPE" speed="12.94" pos="35.71" lane="2/1to2/0_0" slope="0.00"/>
        <vehicle id="5" x="249.67" y="398.35" angle="90.00" type="DEFAULT_VEHTYPE" speed="13.38" pos="44.92" lane="1/2to2/2_0" slope="0.00"/>
        <vehicle id="7" x="601.65" y="233.49" angle="180.00" type="DEFAULT_VEHTYPE" speed="12.67" pos="28.74" lane="3/1to3/2_0" slope="0.00"/>
        <vehicle id="9" x="398.35" y="558.91" angle="0.00" type="DEFAULT_VEHTYPE" speed="12.95" pos="36.34" lane="2/3to2/2_0" slope="0.00"/>
    </timestep>
    <timestep time="79.00">
        <vehicle id="10" x="476.49" y="598.35" angle="90.00" type="DEFAULT_VEHTYPE" speed="13.19" pos="71.74" lane="2/3to3/3_0" slope="0.00"/>
        <vehicle id="12" x="195.34" y="398.36" angle="90.15" type="DEFAULT_VEHTYPE" speed="6.52" pos="0.09" lane=":1/2_14_0" slope="0.00"/>
        <vehicle id="17" x="201.65" y="561.97" angle="180.00" type="DEFAULT_VEHTYPE" speed="13.14" pos="157.22" lane="1/2to1/3_0" slope="0.00"/>
        <vehicle id="18" x="198.35" y="101.46" angle="0.00" type="DEFAULT_VEHTYPE" speed="13.69" pos="93.79" lane="1/1to1/0_0" slope="0.00"/>
        <vehicle id="19" x="401.65" y="549.95" angle="180.00" type="DEFAULT_VEHTYPE" speed="13.54" pos="145.20" lane="2/2to2/3_0" slope="0.00"/>
        <vehicle id="2" x="364.62" y="598.35" angle="90.00" type="DEFAULT_VEHTYPE" speed="13.73" pos="159.87" lane="1/3to2/3_0" slope="0.00"/>
        <vehicle id="20" x="504.52" y="198.35" angle="90.00" type="DEFAULT_VEHTYPE" speed="12.69" pos="99.77" lane="2/1to3/1_0" slope="0.00"/>
        <vehicle id="21" x="398.35" y="748.61" angle="0.00" type="DEFAULT_VEHTYPE" speed="12.95" pos="51.39" lane="2/4to2/3_0" slope="0.00"/>
        <vehicle id="22" x="707.92" y="601.65" angle="-90.00" type="DEFAULT_VEHTYPE" speed="13.58" pos="92.08" lane="4/3to3/3_0" slope="0.00"/>
        <vehicle id="23" x="372.76" y="201.65" angle="-90.00" type="DEFAULT_VEHTYPE" speed="13.07" pos="22.49" lane="2/1to1/1_0" slope="0.00"/>
        <vehicle id="4" x="398.35" y="146.68" angle="0.00" type="DEFAULT_VEHTYPE" speed="12.86" pos="48.57" lane="2/1to2/0_0" slope="0.00"/>
        <vehicle id="5" x="262.34" y="398.35" angle="90.00" type="DEFAULT_VEHTYPE" speed="12.67" pos="57.59" lane="1/2to2/2_0" slope="0.00"/>
        <vehicle id="7" x="601.65" y="247.04" angle="180.00" type="DEFAULT_VEHTYPE" speed="13.55" pos="42.29" lane="3/1to3/2_0" slope="0.00"/>
        <vehicle id="9" x="398.35" y="545.94" angle="0.00" type="DEFAULT_VEHTYPE" speed="12.97" pos="49.31" lane="2/3to2/2_0" slope="0.00"/>
    </timestep>
    <timestep time="80.00">
        <vehicle id="10" x="489.13" y="598.35" angle="90.00" type="DEFAULT_VEHTYPE" speed="12.64" pos="84.38" lane="2/3to3/3_0" slope="0.00"/>
        <vehicle id="12" x="201.39" y="402.91" angle="143.93" type="DEFAULT_VEHTYPE" speed="8.37" pos="8.46" lane=":1/2_14_0" slope="0.00"/>
        <vehicle id="17" x="201.65" y="574.59" angle="180.00" type="DEFAULT_VEHTYPE" speed="12.62" pos="169.84" lane="1/2to1/3_0" slope="0.00"/>
        <vehicle id="18" x="198.35" y="87.73" angle="0.00" type="DEFAULT_VEHTYPE" speed="13.73" pos="107.52" lane="1/1to1/0_0" slope="0.00"/>
        <vehicle id="19" x="401.65" y="563.13" angle="180.00" type="DEFAULT_VEHTYPE" speed="13.18" pos="158.38" lane="2/2to2/3_0" slope="0.00"/>
        <vehicle id="2" x="376.24" y="598.35" angle="90.00" type="DEFAULT_VEHTYPE" speed="11.62" pos="171.49" lane="1/3to2/3_0" slope="0.00"/>
        <vehicle id="20" x="518.17" y="198.35" angle="90.00" type="DEFAULT_VEHTYPE" speed="13.65" pos="113.42" lane="2/1to3/1_0" slope="0.00"/>
        <vehicle id="21" x="398.35" y="735.05" angle="0.00" type="DEFAULT_VEHTYPE" speed="13.56" pos="64.95" lane="2/4to2/3_0" slope="0.00"/>
        <vehicle id="22" x="695.17" y="601.65" angle="-90.00" type="DEFAULT_VEHTYPE" speed="12.75" pos="104.83" lane="4/3to3/3_0" slope="0.00"/>
        <vehicle id="23" x="359.91" y="201.65" angle="-90.00" type="DEFAULT_VEHTYPE" speed="12.85" pos="35.34" lane="2/1to1/1_0" slope="0.00"/>
        <vehicle id="4" x="398.35" y="132.99" angle="0.00" type="DEFAULT_VEHTYPE" speed="13.69" pos="62.26" lane="2/1to2/0_0" slope="0.00"/>
        <vehicle id="5" x="276.19" y="398.35" angle="90.00" type="DEFAULT_VEHTYPE" speed="13.86" pos="71.44" lane="1/2to2/2_0" slope="0.00"/>
        <vehicle id="7" x="601.65" y="260.63" angle="180.00" type="DEFAULT_VEHTYPE" speed="13.59" pos="55.88" lane="3/1to3/2_0" slope="0.00"/>
        <vehicle id="9" x="398.35" y="532.54" angle="0.00" type="DEFAULT_VEHTYPE" speed="13.40" pos="62.71" lane="2/3to2/2_0" slope="0.00"/>
    </timestep>
    <timestep time="81.00">
        <vehicle id="10" x="502.43" y="598.35" angle="90.00" type="DEFAULT_VEHTYPE" speed="13.30" pos="97.68" lane="2/3to3/3_0" slope="0.00"/>
        <vehicle id="12" x="201.65" y="413.15" angle="180.00" type="DEFAULT_VEHTYPE" speed="10.26" pos="8.40" lane="1/2to1/3_0" slope="0.00"/>
        <vehicle id="17" x="201.65" y="587.36" angle="180.00" type="DEFAULT_VEHTYPE" speed="12.77" pos="182.61" lane="1/2to1/3_0" slope="0.00"/>
        <vehicle id="18" x="198.35" y="73.87" angle="0.00" type="DEFAULT_VEHTYPE" speed="13.86" pos="121.38" lane="1/1to1/0_0" slope="0.00"/>
        <vehicle id="19" x="401.65" y="575.79" angle="180.00" type="DEFAULT_VEHTYPE" speed="12.66" pos="171.04" lane="2/2to2/3_0" slope="0.00"/>
        <vehicle id="2" x="384.55" y="598.35" angle="90.00" type="DEFAULT_VEHTYPE" speed="8.30" pos="179.80" lane="1/3to2/3_0" slope="0.00"/>
        <vehicle id="20" x="532.02" y="198.35" angle="90.00" type="DEFAULT_VEHTYPE" speed="13.85" pos="127.27" lane="2/1to3/1_0" slope="0.00"/>
        <vehicle id="21" x="398.35" y="722.30" angle="0.00" type="DEFAULT_VEHTYPE" speed="12.75" pos="77.70" lane="2/4to2/3_0" slope="0.00"/>
        <vehicle id="22" x="681.83" y="601.65" angle="-90.00" type="DEFAULT_VEHTYPE" speed="13.34" pos="118.17" lane="4/3to3/3_0" slope="0.00"/>
        <vehicle id="23" x="346.35" y="201.65" angle="-90.00" type="DEFAULT_VEHTYPE" speed="13.56" pos="48.90" lane="2/1to1/1_0" slope="0.00"/>
        <vehicle id="4" x="398.35" y="119.16" angle="0.00" type="DEFAULT_VEHTYPE" speed="13.82" pos="76.09" lane="2/1to2/0_0" slope="0.00"/>
        <vehicle id="5" x="289.47" y="398.35" angle="90.00" type="DEFAULT_VEHTYPE" speed="13.27" pos="84.72" lane="1/2to2/2_0" slope="0.00"/>
        <vehicle id="7" x="601.65" y="274.43" angle="180.00" type="DEFAULT_VEHTYPE" speed="13.80" pos="69.68" lane="3/1to3/2_0" slope="0.00"/>
        <vehicle id="9" x="398.35" y="518.77" angle="0.00" type="DEFAULT_VEHTYPE" speed="13.78" pos="76.48" lane="2/3to2/2_0" slope="0.00"/>
    </timestep>
    <timestep time="82.00">
        <vehicle id="10" x="515.52" y="598.35" angle="90.00" type="DEFAULT_VEHTYPE" speed="13.09" pos="110.77" lane="2/3to3/3_0" slope="0.00"/>
        <vehicle id="12" x="201.65" y="425.72" angle="180.00" type="DEFAULT_VEHTYPE" speed="12.57" pos="20.97" lane="1/2to1/3_0" slope="0.00"/>
        <vehicle id="17" x="205.64" y="598.35" angle="119.84" type="DEFAULT_VEHTYPE" speed="13.78" pos="0.89" lane="1/3to2/3_0" slope="0.00"/>
        <vehicle id="18" x="198.35" y="60.71" angle="0.00" type="DEFAULT_VEHTYPE" speed="13.16" pos="134.54" lane="1/1to1/0_0" slope="0.00"/>
        <vehicle id="19" x="401.65" y="589.37" angle="180.00" type="DEFAULT_VEHTYPE" speed="13.58" pos="184.62" lane="2/2to2/3_0" slope="0.00"/>
        <vehicle id="2" x="389.60" y="598.35" angle="90.00" type="DEFAULT_VEHTYPE" speed="5.05" pos="184.85" lane="1/3to2/3_0" slope="0.00"/>
        <vehicle id="20" x="545.51" y="198.35" angle="90.00" type="DEFAULT_VEHTYPE" speed="13.49" pos="140.76" lane="2/1to3/1_0" slope="0.00"/>
        <vehicle id="21" x="398.35" y="709.13" angle="0.00" type="DEFAULT_VEHTYPE" speed="13.17" pos="90.87" lane="2/4to2/3_0" slope="0.00"/>
        <vehicle id="22" x="668.30" y="601.65" angle="-90.00" type="DEFAULT_VEHTYPE" speed="13.53" pos="131.70" lane="4/3to3/3_0" slope="0.00"/>
        <vehicle id="23" x="332.72" y="201.65" angle="-90.00" type="DEFAULT_VEHTYPE" speed="13.63" pos="62.53" lane="2/1to1/1_0" slope="0.00"/>
        <vehicle id="4" x="398.35" y="105.64" angle="0.00" type="DEFAULT_VEHTYPE" speed="13.52" pos="89.61" lane="2/1to2/0_0" slope="0.00"/>
        <vehicle id="5" x="302.53" y="398.35" angle="90.00" type="DEFAULT_VEHTYPE" speed="13.06" pos="97.78" lane="1/2to2/2_0" slope="0.00"/>
        <vehicle id="7" x="601.65" y="287.53" angle="180.00" type="DEFAULT_VEHTYPE" speed="13.10" pos="82.78" lane="3/1to3/2_0" slope="0.00"/>
        <vehicle id="9" x="398.35" y="505.51" angle="0.00" type="DEFAULT_VEHTYPE" speed="13.25" pos="89.74" lane="2/3to2/2_0" slope="0.00"/>
    </timestep>
    <timestep time="83.00">
        <vehicle id="10" x="528.61" y="598.35" angle="90.00" type="DEFAULT_VEHTYPE" speed="13.09" pos="123.86" lane="2/3to3/3_0" slope="0.00"/>
        <vehicle id="12" x="201.65" y="439.26" angle="180.00" type="DEFAULT_VEHTYPE" speed="13.54" pos="34.51" lane="1/2to1/3_0" slope="0.00"/>
        <vehicle id="17" x="219.19" y="598.35" angle="90.00" type="DEFAULT_VEHTYPE" speed="13.55" pos="14.44" lane="1/3to2/3_0" slope="0.00"/>
        <vehicle id="18" x="198.35" y="48.05" angle="0.00" type="DEFAULT_VEHTYPE" speed="12.66" pos="147.20" lane="1/1to1/0_0" slope="0.00"/>
        <vehicle id="2" x="396.21" y="598.49" angle="91.58" type="DEFAULT_VEHTYPE" speed="6.62" pos="0.97" lane=":2/3_14_0" slope="0.00"/>
        <vehicle id="20" x="558.34" y="198.35" angle="90.00" type="DEFAULT_VEHTYPE" speed="12.83" pos="153.59" lane="2/1to3/1_0" slope="0.00"/>
        <vehicle id="21" x="398.35" y="696.00" angle="0.00" type="DEFAULT_VEHTYPE" speed="13.13" pos="104.00" lane="2/4to2/3_0" slope="0.00"/>
        <vehicle id="22" x="654.59" y="601.65" angle="-90.00" type="DEFAULT_VEHTYPE" speed="13.71" pos="145.41" lane="4/3to3/3_0" slope="0.00"/>
        <vehicle id="23" x="319.99" y="201.65" angle="-90.00" type="DEFAULT_VEHTYPE" speed="12.73" pos="75.26" lane="2/1to1/1_0" slope="0.00"/>
        <vehicle id="4" x="398.35" y="91.92" angle="0.00" type="DEFAULT_VEHTYPE" speed="13.72" pos="103.33" lane="2/1to2/0_0" slope="0.00"/>
        <vehicle id="5" x="316.20" y="398.35" angle="90.00" type="DEFAULT_VEHTYPE" speed="13.67" pos="111.45" lane="1/2to2/2_0" slope="0.00"/>
        <vehicle id="7" x="601.65" y="300.92" angle="180.00" type="DEFAULT_VEHTYPE" speed="13.39" pos="96.17" lane="3/1to3/2_0" slope="0.00"/>
        <vehicle id="9" x="398.35" y="491.63" angle="0.00" type="DEFAULT_VEHTYPE" speed="13.88" pos="103.62" lane="2/3to2/2_0" slope="0.00"/>
    </timestep>
    <timestep time="84.00">
        <vehicle id="10" x="541.85" y="598.35" angle="90.00" type="DEFAULT_VEHTYPE" speed="13.24" pos="137.10" lane="2/3to3/3_0" slope="0.00"/>
        <vehicle id="12" x="201.65" y="453.13" angle="180.00" type="DEFAULT_VEHTYPE" speed="13.86" pos="48.38" lane="1/2to1/3_0" slope="0.00"/>
        <vehicle id="17" x="232.30" y="598.35" angle="90.00" type="DEFAULT_VEHTYPE" speed="13.11" pos="27.55" lane="1/3to2/3_0" slope="0.00"/>
        <vehicle id="18" x="198.35" y="34.56" angle="0.00" type="DEFAULT_VEHTYPE" speed="13.49" pos="160.69" lane="1/1to1/0_0" slope="0.00"/>
        <vehicle id="2" x="401.45" y="603.34" angle="148.46" type="DEFAULT_VEHTYPE" speed="7.93" pos="8.90" lane=":2/3_14_0" slope="0.00"/>
        <vehicle id="20" x="570.78" y="198.35" angle="90.00" type="DEFAULT_VEHTYPE" speed="12.44" pos="166.03" lane="2/1to3/1_0" slope="0.00"/>
        <vehicle id="21" x="398.35" y="682.59" angle="0.00" type="DEFAULT_VEHTYPE" speed="13.41" pos="117.41" lane="2/4to2/3_0" slope="0.00"/>
        <vehicle id="22" x="640.76" y="601.65" angle="-90.00" type="DEFAULT_VEHTYPE" speed="13.83" pos="159.24" lane="4/3to3/3_0" slope="0.00"/>
        <vehicle id="23" x="307.26" y="201.65" angle="-90.00" type="DEFAULT_VEHTYPE" speed="12.73" pos="87.99" lane="2/1to1/1_0" slope="0.00"/>
        <vehicle id="4" x="398.35" y="78.06" angle="0.00" type="DEFAULT_VEHTYPE" speed="13.86" pos="117.19" lane="2/1to2/0_0" slope="0.00"/>
        <vehicle id="5" x="329.83" y="398.35" angle="90.00" type="DEFAULT_VEHTYPE" speed="13.63" pos="125.08" lane="1/2to2/2_0" slope="0.00"/>
        <vehicle id="7" x="601.65" y="314.58" angle="180.00" type="DEFAULT_VEHTYPE" speed="13.66" pos="109.83" lane="3/1to3/2_0" slope="0.00"/>
        <vehicle id="9" x="398.35" y="477.97" angle="0.00" type="DEFAULT_VEHTYPE" speed="13.66" pos="117.28" lane="2/3to2/2_0" slope="0.00"/>
    </timestep>
    <timestep time="85.00">
        <vehicle id="10" x="555.37" y="598.35" angle="90.00" type="DEFAULT_VEHTYPE" speed="13.51" pos="150.62" lane="2/3to3/3_0" slope="0.00"/>
        <vehicle id="12" x="201.65" y="465.79" angle="180.00" type="DEFAULT_VEHTYPE" speed="12.67" pos="61.04" lane="1/2to1/3_0" slope="0.00"/>
        <vehicle id="17" x="246.08" y="598.35" angle="90.00" type="DEFAULT_VEHTYPE" speed="13.77" pos="41.33" lane="1/3to2/3_0" slope="0.00"/>
        <vehicle id="18" x="198.35" y="21.16" angle="0.00" type="DEFAULT_VEHTYPE" speed="13.40" pos="174.09" lane="1/1to1/0_0" slope="0.00"/>
        <vehicle id="2" x="401.65" y="613.00" angle="180.00" type="DEFAULT_VEHTYPE" speed="9.67" pos="8.25" lane="2/3to2/4_0" slope="0.00"/>
        <vehicle id="20" x="581.02" y="198.35" angle="90.00" type="DEFAULT_VEHTYPE" speed="10.24" pos="176.27" lane="2/1to3/1_0" slope="0.00"/>
        <vehicle id="21" x="398.35" y="669.39" angle="0.00" type="DEFAULT_VEHTYPE" speed="13.20" pos="130.61" lane="2/4to2/3_0" slope="0.00"/>
        <vehicle id="22" x="627.69" y="601.65" angle="-90.00" type="DEFAULT_VEHTYPE" speed="13.07" pos="172.31" lane="4/3to3/3_0" slope="0.00"/>
        <vehicle id="23" x="294.35" y="201.65" angle="-90.00" type="DEFAULT_VEHTYPE" speed="12.91" pos="100.90" lane="2/1to1/1_0" slope="0.00"/>
        <vehicle id="4" x="398.35" y="65.42" angle="0.00" type="DEFAULT_VEHTYPE" speed="12.65" pos="129.83" lane="2/1to2/0_0" slope="0.00"/>
        <vehicle id="5" x="343.67" y="398.35" angle="90.00" type="DEFAULT_VEHTYPE" speed="13.84" pos="138.92" lane="1/2to2/2_0" slope="0.00"/>
        <vehicle id="7" x="601.65" y="328.19" angle="180.00" type="DEFAULT_VEHTYPE" speed="13.61" pos="123.44" lane="3/1to3/2_0" slope="0.00"/>
        <vehicle id="9" x="398.35" y="465.29" angle="0.00" type="DEFAULT_VEHTYPE" speed="12.69" pos="129.96" lane="2/3to2/2_0" slope="0.00"/>
    </timestep>
    <timestep time="86.00">
        <vehicle id="10" x="569.21" y="598.35" angle="90.00" type="DEFAULT_VEHTYPE" speed="13.85" pos="164.46" lane="2/3to3/3_0" slope="0.00"/>
        <vehicle id="12" x="201.65" y="479.05" angle="180.00" type="DEFAULT_VEHTYPE" speed="13.26" pos="74.30" lane="1/2to1/3_0" slope="0.00"/>
        <vehicle id="17" x="259.57" y="598.35" angle="90.00" type="DEFAULT_VEHTYPE" speed="13.49" pos="54.82" lane="1/3to2/3_0" slope="0.00"/>
        <vehicle id="18" x="198.35" y="7.98" angle="0.00" type="DEFAULT_VEHTYPE" speed="13.18" pos="187.27" lane="1/1to1/0_0" slope="0.00"/>
        <vehicle id="2" x="401.65" y="624.03" angle="180.00" type="DEFAULT_VEHTYPE" speed="11.03" pos="19.28" lane="2/3to2/4_0" slope="0.00"/>
        <vehicle id="20" x="587.26" y="198.35" angle="90.00" type="DEFAULT_VEHTYPE" speed="6.23" pos="182.51" lane="2/1to3/1_0" slope="0.00"/>
        <vehicle id="21" x="398.35" y="656.13" angle="0.00" type="DEFAULT_VEHTYPE" speed="13.26" pos="143.87" lane="2/4to2/3_0" slope="0.00"/>
        <vehicle id="22" x="614.61" y="601.65" angle="-90.00" type="DEFAULT_VEHTYPE" speed="13.08" pos="185.39" lane="4/3to3/3_0" slope="0.00"/>
        <vehicle id="23" x="281.15" y="201.65" angle="-90.00" type="DEFAULT_VEHTYPE" speed="13.20" pos="114.10" lane="2/1to1/1_0" slope="0.00"/>
        <vehicle id="4" x="398.35" y="52.00" angle="0.00" type="DEFAULT_VEHTYPE" speed="13.42" pos="143.25" lane="2/1to2/0_0" slope="0.00"/>
        <vehicle id="5" x="356.52" y="398.35" angle="90.00" type="DEFAULT_VEHTYPE" speed="12.85" pos="151.77" lane="1/2to2/2_0" slope="0.00"/>
        <vehicle id="7" x="601.65" y="340.99" angle="180.00" type="DEFAULT_VEHTYPE" speed="12.80" pos="136.24" lane="3/1to3/2_0" slope="0.00"/>
        <vehicle id="9" x="398.35" y="451.45" angle="0.00" type="DEFAULT_VEHTYPE" speed="13.84" pos="143.80" lane="2/3to2/2_0" slope="0.00"/>
    </timestep>
    <timestep time="87.00">
        <vehicle id="10" x="578.78" y="598.35" angle="90.00" type="DEFAULT_VEHTYPE" speed="9.56" pos="174.03" lane="2/3to3/3_0" slope="0.00"/>
        <vehicle id="12" x="201.65" y="492.35" angle="180.00" type="DEFAULT_VEHTYPE" speed="13.30" pos="87.60" lane="1/2to1/3_0" slope="0.00"/>
        <vehicle id="17" x="272.37" y="598.35" angle="90.00" type="DEFAULT_VEHTYPE" speed="12.80" pos="67.62" lane="1/3to2/3_0" slope="0.00"/>
        <vehicle id="18" x="201.65" y="0.09" angle="90.17" type="DEFAULT_VEHTYPE" speed="12.89" pos="0.09" lane="1/0to1/1_0" slope="0.00"/>
        <vehicle id="2" x="401.65" y="637.14" angle="180.00" type="DEFAULT_VEHTYPE" speed="13.12" pos="32.39" lane="2/3to2/4_0" slope="0.00"/>
        <vehicle id="20" x="590.86" y="198.35" angle="90.00" type="DEFAULT_VEHTYPE" speed="3.60" pos="186.11" lane="2/1to3/1_0" slope="0.00"/>
        <vehicle id="21" x="398.35" y="642.49" angle="0.00" type="DEFAULT_VEHTYPE" speed="13.64" pos="157.51" lane="2/4to2/3_0" slope="0.00"/>
        <vehicle id="23" x="267.93" y="201.65" angle="-90.00" type="DEFAULT_VEHTYPE" speed="13.22" pos="127.32" lane="2/1to1/1_0" slope="0.00"/>
        <vehicle id="4" x="398.35" y="38.33" angle="0.00" type="DEFAULT_VEHTYPE" speed="13.67" pos="156.92" lane="2/1to2/0_0" slope="0.00"/>
        <vehicle id="5" x="369.64" y="398.35" angle="90.00" type="DEFAULT_VEHTYPE" speed="13.12" pos="164.89" lane="1/2to2/2_0" slope="0.00"/>
        <vehicle id="7" x="601.65" y="354.25" angle="180.00" type="DEFAULT_VEHTYPE" speed="13.26" pos="149.50" lane="3/1to3/2_0" slope="0.00"/>
        <vehicle id="9" x="398.35" y="438.54" angle="0.00" type="DEFAULT_VEHTYPE" speed="12.91" pos="156.71" lane="2/3to2/2_0" slope="0.00"/>
    </timestep>
    <timestep time="88.00">
        <vehicle id="10" x="585.91" y="598.35" angle="90.00" type="DEFAULT_VEHTYPE" speed="7.13" pos="181.16" lane="2/3to3/3_0" slope="0.00"/>
        <vehicle id="12" x="201.65" y="505.52" angle="180.00" type="DEFAULT_VEHTYPE" speed="13.17" pos="100.77" lane="1/2to1/3_0" slope="0.00"/>
        <vehicle id="17" x="285.77" y="598.35" angle="90.00" type="DEFAULT_VEHTYPE" speed="13.40" pos="81.02" lane="1/3to2/3_0" slope="0.00"/>
        <vehicle id="18" x="201.65" y="12.70" angle="180.00" type="DEFAULT_VEHTYPE" speed="12.61" pos="12.70" lane="1/0to1/1_0" slope="0.00"/>
        <vehicle id="2" x="401.65" y="650.01" angle="180.00" type="DEFAULT_VEHTYPE" speed="12.87" pos="45.26" lane="2/3to2/4_0" slope="0.00"/>
        <vehicle id="20" x="596.42" y="198.52" angle="91.92" type="DEFAULT_VEHTYPE" speed="5.58" pos="1.18" lane=":3/1_14_0" slope="0.00"/>
        <vehicle id="21" x="398.35" y="629.52" angle="0.00" type="DEFAULT_VEHTYPE" speed="12.97" pos="170.48" lane="2/4to2/3_0" slope="0.00"/>
        <vehicle id="23" x="254.93" y="201.65" angle="-90.00" type="DEFAULT_VEHTYPE" speed="13.00" pos="140.32" lane="2/1to1/1_0" slope="0.00"/>
        <vehicle id="4" x="398.35" y="24.53" angle="0.00" type="DEFAULT_VEHTYPE" speed="13.80" pos="170.72" lane="2/1to2/0_0" slope="0.00"/>
        <vehicle id="5" x="383.02" y="398.35" angle="90.00" type="DEFAULT_VEHTYPE" speed="13.38" pos="178.27" lane="1/2to2/2_0" slope="0.00"/>
        <vehicle id="7" x="601.65" y="366.94" angle="180.00" type="DEFAULT_VEHTYPE" speed="12.68" pos="162.19" lane="3/1to3/2_0" slope="0.00"/>
        <vehicle id="9" x="398.35" y="424.79" angle="0.00" type="DEFAULT_VEHTYPE" speed="13.76" pos="170.46" lane="2/3to2/2_0" slope="0.00"/>
    </timestep>
    <timestep time="89.00">
        <vehicle id="10" x="589.81" y="598.35" angle="90.00" type="DEFAULT_VEHTYPE" speed="3.90" pos="185.06" lane="2/3to3/3_0" slope="0.00"/>
        <vehicle id="12" x="201.65" y="519.14" angle="180.00" type="DEFAULT_VEHTYPE" speed="13.62" pos="114.39" lane="1/2to1/3_0" slope="0.00"/>
        <vehicle id="17" x="299.17" y="598.35" angle="90.00" type="DEFAULT_VEHTYPE" speed="13.40" pos="94.42" lane="1/3to2/3_0" slope="0.00"/>
        <vehicle id="18" x="201.65" y="26.32" angle="180.00" type="DEFAULT_VEHTYPE" speed="13.62" pos="26.32" lane="1/0to1/1_0" slope="0.00"/>
        <vehicle id="2" x="401.65" y="663.75" angle="180.00" type="DEFAULT_VEHTYPE" speed="13.74" pos="59.00" lane="2/3to2/4_0" slope="0.00"/>
        <vehicle id="20" x="601.46" y="203.40" angle="149.03" type="DEFAULT_VEHTYPE" speed="7.77" pos="8.95" lane=":3/1_14_0" slope="0.00"/>
        <vehicle id="21" x="398.35" y="615.82" angle="0.00" type="DEFAULT_VEHTYPE" speed="13.69" pos="184.18" lane="2/4to2/3_0" slope="0.00"/>
        <vehicle id="23" x="241.68" y="201.65" angle="-90.00" type="DEFAULT_VEHTYPE" speed="13.25" pos="153.57" lane="2/1to1/1_0" slope="0.00"/>
        <vehicle id="4" x="398.35" y="10.75" angle="0.00" type="DEFAULT_VEHTYPE" speed="13.78" pos="184.50" lane="2/1to2/0_0" slope="0.00"/>
        <vehicle id="7" x="601.65" y="377.18" angle="180.00" type="DEFAULT_VEHTYPE" speed="10.25" pos="172.43" lane="3/1to3/2_0" slope="0.00"/>
        <vehicle id="9" x="398.35" y="411.77" angle="0.00" type="DEFAULT_VEHTYPE" speed="13.02" pos="183.48" lane="2/3to2/2_0" slope="0.00"/>
    </timestep>
    <timestep time="90.00">
        <vehicle id="10" x="596.11" y="598.35" angle="90.00" type="DEFAULT_VEHTYPE" speed="6.30" pos="0.86" lane=":3/3_13_0" slope="0.00"/>
        <vehicle id="12" x="201.65" y="532.49" angle="180.00" type="DEFAULT_VEHTYPE" speed="13.35" pos="127.74" lane="1/2to1/3_0" slope="0.00"/>
        <vehicle id="17" x="312.64" y="598.35" angle="90.00" type="DEFAULT_VEHTYPE" speed="13.47" pos="107.89" lane="1/3to2/3_0" slope="0.00"/>
        <vehicle id="18" x="201.65" y="39.21" angle="180.00" type="DEFAULT_VEHTYPE" speed="12.89" pos="39.21" lane="1/0to1/1_0" slope="0.00"/>
        <vehicle id="2" x="401.65" y="677.33" angle="180.00" type="DEFAULT_VEHTYPE" speed="13.59" pos="72.58" lane="2/3to2/4_0" slope="0.00"/>
        <vehicle id="20" x="601.65" y="212.92" angle="180.00" type="DEFAULT_VEHTYPE" speed="9.53" pos="8.17" lane="3/1to3/2_0" slope="0.00"/>
        <vehicle id="23" x="229.06" y="201.65" angle="-90.00" type="DEFAULT_VEHTYPE" speed="12.62" pos="166.19" lane="2/1to1/1_0" slope="0.00"/>
        <vehicle id="7" x="601.65" y="385.28" angle="180.00" type="DEFAULT_VEHTYPE" speed="8.10" pos="180.53" lane="3/1to3/2_0" slope="0.00"/>
        <vehicle id="9" x="394.09" y="401.65" angle="-64.54" type="DEFAULT_VEHTYPE" speed="13.18" pos="1.16" lane="2/2to1/2_0" slope="0.00"/>
    </timestep>
    <timestep time="91.00">
        <vehicle id="10" x="604.04" y="598.35" angle="90.00" type="DEFAULT_VEHTYPE" speed="7.93" pos="8.79" lane=":3/3_13_0" slope="0.00"/>
        <vehicle id="12" x="201.65" y="546.11" angle="180.00" type="DEFAULT_VEHTYPE" speed="13.62" pos="141.36" lane="1/2to1/3_0" slope="0.00"/>
        <vehicle id="17" x="325.84" y="598.35" angle="90.00" type="DEFAULT_VEHTYPE" speed="13.20" pos="121.09" lane="1/3to2/3_0" slope="0.00"/>
        <vehicle id="18" x="201.65" y="51.84" angle="180.00" type="DEFAULT_VEHTYPE" speed="12.62" pos="51.84" lane="1/0to1/1_0" slope="0.00"/>
        <vehicle id="2" x="401.65" y="690.08" angle="180.00" type="DEFAULT_VEHTYPE" speed="12.74" pos="85.33" lane="2/3to2/4_0" slope="0.00"/>
        <vehicle id="20" x="601.65" y="224.20" angle="180.00" type="DEFAULT_VEHTYPE" speed="11.28" pos="19.45" lane="3/1to3/2_0" slope="0.00"/>
        <vehicle id="23" x="219.40" y="201.65" angle="-90.00" type="DEFAULT_VEHTYPE" speed="9.66" pos="175.85" lane="2/1to1/1_0" slope="0.00"/>
        <vehicle id="7" x="601.65" y="389.08" angle="180.00" type="DEFAULT_VEHTYPE" speed="3.80" pos="184.33" lane="3/1to3/2_0" slope="0.00"/>
        <vehicle id="9" x="380.30" y="401.65" angle="-90.00" type="DEFAULT_VEHTYPE" speed="13.79" pos="14.95" lane="2/2to1/2_0" slope="0.00"/>
    </timestep>
    <timestep time="92.00">
        <vehicle id="10" x="614.25" y="598.35" angle="90.00" type="DEFAULT_VEHTYPE" speed="10.21" pos="9.50" lane="3/3to4/3_0" slope="0.00"/>
        <vehicle id="12" x="201.65" y="559.56" angle="180.00" type="DEFAULT_VEHTYPE" speed="13.44" pos="154.81" lane="1/2to1/3_0" slope="0.00"/>
        <vehicle id="17" x="339.54" y="598.35" angle="90.00" type="DEFAULT_VEHTYPE" speed="13.70" pos="134.79" lane="1/3to2/3_0" slope="0.00"/>
        <vehicle id="18" x="201.65" y="65.07" angle="180.00" type="DEFAULT_VEHTYPE" speed="13.23" pos="65.07" lane="1/0to1/1_0" slope="0.00"/>
        <vehicle id="2" x="401.65" y="702.69" angle="180.00" type="DEFAULT_VEHTYPE" speed="12.62" pos="97.94" lane="2/3to2/4_0" slope="0.00"/>
        <vehicle id="20" x="601.65" y="237.22" angle="180.00" type="DEFAULT_VEHTYPE" speed="13.02" pos="32.47" lane="3/1to3/2_0" slope="0.00"/>
        <vehicle id="23" x="213.03" y="201.65" angle="-90.00" type="DEFAULT_VEHTYPE" speed="6.36" pos="182.22" lane="2/1to1/1_0" slope="0.00"/>
        <vehicle id="7" x="601.65" y="394.64" angle="180.00" type="DEFAULT_VEHTYPE" speed="5.56" pos="189.89" lane="3/1to3/2_0" slope="0.00"/>
        <vehicle id="9" x="367.45" y="401.65" angle="-90.00" type="DEFAULT_VEHTYPE" speed="12.84" pos="27.80" lane="2/2to1/2_0" slope="0.00"/>
    </timestep>
    <timestep time="93.00">
        <vehicle id="10" x="625.77" y="598.35" angle="90.00" type="DEFAULT_VEHTYPE" speed="11.52" pos="21.02" lane="3/3to4/3_0" slope="0.00"/>
        <vehicle id="12" x="201.65" y="572.61" angle="180.00" type="DEFAULT_VEHTYPE" speed="13.05" pos="167.86" lane="1/2to1/3_0" slope="0.00"/>
        <vehicle id="17" x="352.89" y="598.35" angle="90.00" type="DEFAULT_VEHTYPE" speed="13.35" pos="148.14" lane="1/3to2/3_0" slope="0.00"/>
        <vehicle id="18" x="201.65" y="78.21" angle="180.00" type="DEFAULT_VEHTYPE" speed="13.14" pos="78.21" lane="1/0to1/1_0" slope="0.00"/>
        <vehicle id="2" x="401.65" y="715.79" angle="180.00" type="DEFAULT_VEHTYPE" speed="13.10" pos="111.04" lane="2/3to2/4_0" slope="0.00"/>
        <vehicle id="20" x="601.65" y="249.84" angle="180.00" type="DEFAULT_VEHTYPE" speed="12.62" pos="45.09" lane="3/1to3/2_0" slope="0.00"/>
        <vehicle id="23" x="209.49" y="201.65" angle="-90.00" type="DEFAULT_VEHTYPE" speed="3.54" pos="185.76" lane="2/1to1/1_0" slope="0.00"/>
        <vehicle id="7" x="598.47" y="401.00" angle="-142.43" type="DEFAULT_VEHTYPE" speed="7.61" pos="7.00" lane=":3/2_10_0" slope="0.00"/>
        <vehicle id="9" x="354.64" y="401.65" angle="-90.00" type="DEFAULT_VEHTYPE" speed="12.81" pos="40.61" lane="2/2to1/2_0" slope="0.00"/>
    </timestep>
    <timestep time="94.00">
        <vehicle id="10" x="638.49" y="598.35" angle="90.00" type="DEFAULT_VEHTYPE" speed="12.72" pos="33.74" lane="3/3to4/3_0" slope="0.00"/>
        <vehicle id="12" x="201.65" y="585.57" angle="180.00" type="DEFAULT_VEHTYPE" speed="12.97" pos="180.82" lane="1/2to1/3_0" slope="0.00"/>
        <vehicle id="17" x="366.71" y="598.35" angle="90.00" type="DEFAULT_VEHTYPE" speed="13.81" pos="161.96" lane="1/3to2/3_0" slope="0.00"/>
        <vehicle id="18" x="201.65" y="91.31" angle="180.00" type="DEFAULT_VEHTYPE" speed="13.10" pos="91.31" lane="1/0to1/1_0" slope="0.00"/>
        <vehicle id="2" x="401.65" y="728.94" angle="180.00" type="DEFAULT_VEHTYPE" speed="13.15" pos="124.19" lane="2/3to2/4_0" slope="0.00"/>
        <vehicle id="20" x="601.65" y="262.90" angle="180.00" type="DEFAULT_VEHTYPE" speed="13.06" pos="58.15" lane="3/1to3/2_0" slope="0.00"/>
        <vehicle id="23" x="204.57" y="201.68" angle="-90.30" type="DEFAULT_VEHTYPE" speed="4.93" pos="0.19" lane=":1/1_4_0" slope="0.00"/>
        <vehicle id="7" x="589.30" y="401.65" angle="-90.00" type="DEFAULT_VEHTYPE" speed="9.27" pos="5.95" lane="3/2to2/2_0" slope="0.00"/>
        <vehicle id="9" x="340.90" y="401.65" angle="-90.00" type="DEFAULT_VEHTYPE" speed="13.75" pos="54.35" lane="2/2to1/2_0" slope="0.00"/>
    </timestep>
    <timestep time="95.00">
        <vehicle id="10" x="651.45" y="598.35" angle="90.00" type="DEFAULT_VEHTYPE" speed="12.96" pos="46.70" lane="3/3to4/3_0" slope="0.00"/>
        <vehicle id="12" x="203.55" y="598.18" angle="155.40" type="DEFAULT_VEHTYPE" speed="13.47" pos="3.79" lane=":1/3_8_0" slope="0.00"/>
        <vehicle id="17" x="377.41" y="598.35" angle="90.00" type="DEFAULT_VEHTYPE" speed="10.71" pos="172.66" lane="1/3to2/3_0" slope="0.00"/>
        <vehicle id="18" x="201.65" y="104.73" angle="180.00" type="DEFAULT_VEHTYPE" speed="13.41" pos="104.73" lane="1/0to1/1_0" slope="0.00"/>
        <vehicle id="2" x="401.65" y="742.65" angle="180.00" type="DEFAULT_VEHTYPE" speed="13.71" pos="137.90" lane="2/3to2/4_0" slope="0.00"/>
        <vehicle id="20" x="601.65" y="275.85" angle="180.00" type="DEFAULT_VEHTYPE" speed="12.95" pos="71.10" lane="3/1to3/2_0" slope="0.00"/>
        <vehicle id="23" x="201.65" y="207.00" angle="-168.12" type="DEFAULT_VEHTYPE" speed="7.06" pos="2.25" lane="1/1to1/2_0" slope="0.00"/>
        <vehicle id="7" x="578.34" y="401.65" angle="-90.00" type="DEFAULT_VEHTYPE" speed="10.96" pos="16.91" lane="3/2to2/2_0" slope="0.00"/>
        <vehicle id="9" x="327.20" y="401.65" angle="-90.00" type="DEFAULT_VEHTYPE" speed="13.70" pos="68.05" lane="2/2to1/2_0" slope="0.00"/>
    </timestep>
    <timestep time="96.00">
        <vehicle id="10" x="664.65" y="598.35" angle="90.00" type="DEFAULT_VEHTYPE" speed="13.20" pos="59.90" lane="3/3to4/3_0" slope="0.00"/>
        <vehicle id="12" x="217.18" y="598.35" angle="90.00" type="DEFAULT_VEHTYPE" speed="13.64" pos="12.43" lane="1/3to2/3_0" slope="0.00"/>
        <vehicle id="17" x="384.81" y="598.35" angle="90.00" type="DEFAULT_VEHTYPE" speed="7.39" pos="180.06" lane="1/3to2/3_0" slope="0.00"/>
        <vehicle id="18" x="201.65" y="118.11" angle="180.00" type="DEFAULT_VEHTYPE" speed="13.39" pos="118.11" lane="1/0to1/1_0" slope="0.00"/>
        <vehicle id="2" x="401.65" y="755.31" angle="180.00" type="DEFAULT_VEHTYPE" speed="12.66" pos="150.56" lane="2/3to2/4_0" slope="0.00"/>
        <vehicle id="20" x="601.65" y="289.35" angle="180.00" type="DEFAULT_VEHTYPE" speed="13.50" pos="84.60" lane="3/1to3/2_0" slope="0.00"/>
        <vehicle id="23" x="201.65" y="215.50" angle="180.00" type="DEFAULT_VEHTYPE" speed="8.50" pos="10.75" lane="1/1to1/2_0" slope="0.00"/>
        <vehicle id="7" x="565.46" y="401.65" angle="-90.00" type="DEFAULT_VEHTYPE" speed="12.88" pos="29.79" lane="3/2to2/2_0" slope="0.00"/>
        <vehicle id="9" x="314.00" y="401.65" angle="-90.00" type="DEFAULT_VEHTYPE" speed="13.20" pos="81.25" lane="2/2to1/2_0" slope="0.00"/>
    </timestep>
    <timestep time="97.00">
        <vehicle id="10" x="677.41" y="598.35" angle="90.00" type="DEFAULT_VEHTYPE" speed="12.75" pos="72.66" lane="3/3to4/3_0" slope="0.00"/>
        <vehicle id="12" x="230.09" y="598.35" angle="90.00" type="DEFAULT_VEHTYPE" speed="12.91" pos="25.34" lane="1/3to2/3_0" slope="0.00"/>
        <vehicle id="17" x="388.87" y="598.35" angle="90.00" type="DEFAULT_VEHTYPE" speed="4.06" pos="184.12" lane="1/3to2/3_0" slope="0.00"/>
        <vehicle id="18" x="201.65" y="131.71" angle="180.00" type="DEFAULT_VEHTYPE" speed="13.60" pos="131.71" lane="1/0to1/1_0" slope="0.00"/>
        <vehicle id="2" x="401.65" y="768.51" angle="180.00" type="DEFAULT_VEHTYPE" speed="13.20" pos="163.76" lane="2/3to2/4_0" slope="0.00"/>
        <vehicle id="20" x="601.65" y="302.74" angle="180.00" type="DEFAULT_VEHTYPE" speed="13.39" pos="97.99" lane="3/1to3/2_0" slope="0.00"/>
        <vehicle id="23" x="201.65" y="226.28" angle="180.00" type="DEFAULT_VEHTYPE" speed="10.78" pos="21.53" lane="1/1to1/2_0" slope="0.00"/>
        <vehicle id="7" x="551.56" y="401.65" angle="-90.00" type="DEFAULT_VEHTYPE" speed="13.90" pos="43.69" lane="3/2to2/2_0" slope="0.00"/>
        <vehicle id="9" x="300.26" y="401.65" angle="-90.00" type="DEFAULT_VEHTYPE" speed="13.74" pos="94.99" lane="2/2to1/2_0" slope="0.00"/>
    </timestep>
    <timestep time="98.00">
        <vehicle id="10" x="691.22" y="598.35" angle="90.00" type="DEFAULT_VEHTYPE" speed="13.82" pos="86.47" lane="3/3to4/3_0" slope="0.00"/>
        <vehicle id="12" x="243.37" y="598.35" angle="90.00" type="DEFAULT_VEHTYPE" speed="13.28" pos="38.62" lane="1/3to2/3_0" slope="0.00"/>
        <vehicle id="17" x="394.53" y="598.35" angle="90.00" type="DEFAULT_VEHTYPE" speed="5.66" pos="189.78" lane="1/3to2/3_0" slope="0.00"/>
        <vehicle id="18" x="201.65" y="145.37" angle="180.00" type="DEFAULT_VEHTYPE" speed="13.66" pos="145.37" lane="1/0to1/1_0" slope="0.00"/>
        <vehicle id="2" x="401.65" y="781.94" angle="180.00" type="DEFAULT_VEHTYPE" speed="13.42" pos="177.19" lane="2/3to2/4_0" slope="0.00"/>
        <vehicle id="20" x="601.65" y="315.41" angle="180.00" type="DEFAULT_VEHTYPE" speed="12.68" pos="110.66" lane="3/1to3/2_0" slope="0.00"/>
        <vehicle id="23" x="201.65" y="238.43" angle="180.00" type="DEFAULT_VEHTYPE" speed="12.15" pos="33.68" lane="1/1to1/2_0" slope="0.00"/>
        <vehicle id="7" x="538.38" y="401.65" angle="-90.00" type="DEFAULT_VEHTYPE" speed="13.18" pos="56.87" lane="3/2to2/2_0" slope="0.00"/>
        <vehicle id="9" x="286.53" y="401.65" angle="-90.00" type="DEFAULT_VEHTYPE" speed="13.73" pos="108.72" lane="2/2to1/2_0" slope="0.00"/>
    </timestep>
    <timestep time="99.00">
        <vehicle id="10" x="704.01" y="598.35" angle="90.00" type="DEFAULT_VEHTYPE" speed="12.78" pos="99.26" lane="3/3to4/3_0" slope="0.00"/>
        <vehicle id="12" x="256.76" y="598.35" angle="90.00" type="DEFAULT_VEHTYPE" speed="13.39" pos="52.01" lane="1/3to2/3_0" slope="0.00"/>
        <vehicle id="17" x="400.81" y="601.22" angle="123.82" type="DEFAULT_VEHTYPE" speed="7.36" pos="6.64" lane=":2/3_14_0" slope="0.00"/>
        <vehicle id="18" x="201.65" y="158.30" angle="180.00" type="DEFAULT_VEHTYPE" speed="12.94" pos="158.30" lane="1/0to1/1_0" slope="0.00"/>
        <vehicle id="2" x="401.65" y="795.28" angle="180.00" type="DEFAULT_VEHTYPE" speed="13.34" pos="190.53" lane="2/3to2/4_0" slope="0.00"/>
        <vehicle id="20" x="601.65" y="328.95" angle="180.00" type="DEFAULT_VEHTYPE" speed="13.53" pos="124.20" lane="3/1to3/2_0" slope="0.00"/>
        <vehicle id="23" x="201.65" y="251.42" angle="180.00" type="DEFAULT_VEHTYPE" speed="12.98" pos="46.67" lane="1/1to1/2_0" slope="0.00"/>
        <vehicle id="7" x="524.74" y="401.65" angle="-90.00" type="DEFAULT_VEHTYPE" speed="13.64" pos="70.51" lane="3/2to2/2_0" slope="0.00"/>
        <vehicle id="9" x="273.79" y="401.65" angle="-90.00" type="DEFAULT_VEHTYPE" speed="12.73" pos="121.46" lane="2/2to1/2_0" slope="0.00"/>
    </timestep>
    <timestep time="100.00">
        <vehicle id="10" x="716.85" y="598.35" angle="90.00" type="DEFAULT_VEHTYPE" speed="12.84" pos="112.10" lane="3/3to4/3_0" slope="0.00"/>
        <vehicle id="12" x="270.33" y="598.35" angle="90.00" type="DEFAULT_VEHTYPE" speed="13.57" pos="65.58" lane="1/3to2/3_0" slope="0.00"/>
        <vehicle id="17" x="401.65" y="610.57" angle="180.00" type="DEFAULT_VEHTYPE" speed="9.49" pos="5.82" lane="2/3to2/4_0" slope="0.00"/>
        <vehicle id="18" x="201.65" y="171.86" angle="180.00" type="DEFAULT_VEHTYPE" speed="13.55" pos="171.86" lane="1/0to1/1_0" slope="0.00"/>
        <vehicle id="2" x="398.35" y="795.65" angle="-4.26" type="DEFAULT_VEHTYPE" speed="13.89" pos="4.35" lane="2/4to2/3_0" slope="0.00"/>
        <vehicle id="20" x="601.65" y="342.11" angle="180.00" type="DEFAULT_VEHTYPE" speed="13.16" pos="137.36" lane="3/1to3/2_0" slope="0.00"/>
        <vehicle id="23" x="201.65" y="264.10" angle="180.00" type="DEFAULT_VEHTYPE" speed="12.68" pos="59.35" lane="1/1to1/2_0" slope="0.00"/>
        <vehicle id="7" x="510.99" y="401.65" angle="-90.00" type="DEFAULT_VEHTYPE" speed="13.75" pos="84.26" lane="3/2to2/2_0" slope="0.00"/>
        <vehicle id="9" x="260.97" y="401.65" angle="-90.00" type="DEFAULT_VEHTYPE" speed="12.82" pos="134.28" lane="2/2to1/2_0" slope="0.00"/>
    </timestep>
    <timestep time="101.00">
        <vehicle id="10" x="729.48" y="598.35" angle="90.00" type="DEFAULT_VEHTYPE" speed="12.63" pos="124.73" lane="3/3to4/3_0" slope="0.00"/>
        <vehicle id="12" x="284.08" y="598.35" angle="90.00" type="DEFAULT_VEHTYPE" speed="13.75" pos="79.33" lane="1/3to2/3_0" slope="0.00"/>
        <vehicle id="17" x="401.65" y="622.45" angle="180.00" type="DEFAULT_VEHTYPE" speed="11.89" pos="17.70" lane="2/3to2/4_0" slope="0.00"/>
        <vehicle id="18" x="201.65" y="185.49" angle="180.00" type="DEFAULT_VEHTYPE" speed="13.63" pos="185.49" lane="1/0to1/1_0" slope="0.00"/>
        <vehicle id="2" x="398.35" y="782.81" angle="0.00" type="DEFAULT_VEHTYPE" speed="12.84" pos="17.19" lane="2/4to2/3_0" slope="0.00"/>
        <vehicle id="20" x="601.65" y="355.83" angle="180.00" type="DEFAULT_VEHTYPE" speed="13.72" pos="151.08" lane="3/1to3/2_0" slope="0.00"/>
        <vehicle id="23" x="201.65" y="277.45" angle="180.00" type="DEFAULT_VEHTYPE" speed="13.35" pos="72.70" lane="1/1to1/2_0" slope="0.00"/>
        <vehicle id="7" x="497.56" y="401.65" angle="-90.00" type="DEFAULT_VEHTYPE" speed="13.42" pos="97.69" lane="3/2to2/2_0" slope="0.00"/>
        <vehicle id="9" x="247.26" y="401.65" angle="-90.00" type="DEFAULT_VEHTYPE" speed="13.71" pos="147.99" lane="2/2to1/2_0" slope="0.00"/>
    </timestep>
    <timestep time="102.00">
        <vehicle id="10" x="743.32" y="598.35" angle="90.00" type="DEFAULT_VEHTYPE" speed="13.84" pos="138.57" lane="3/3to4/3_0" slope="0.00"/>
        <vehicle id="12" x="297.12" y="598.35" angle="90.00" type="DEFAULT_VEHTYPE" speed="13.04" pos="92.37" lane="1/3to2/3_0" slope="0.00"/>
        <vehicle id="17" x="401.65" y="635.85" angle="180.00" type="DEFAULT_VEHTYPE" speed="13.40" pos="31.10" lane="2/3to2/4_0" slope="0.00"/>
        <vehicle id="2" x="398.35" y="769.73" angle="0.00" type="DEFAULT_VEHTYPE" speed="13.09" pos="30.27" lane="2/4to2/3_0" slope="0.00"/>
        <vehicle id="20" x="601.65" y="369.67" angle="180.00" type="DEFAULT_VEHTYPE" speed="13.85" pos="164.92" lane="3/1to3/2_0" slope="0.00"/>
        <vehicle id="23" x="201.65" y="290.81" angle="180.00" type="DEFAULT_VEHTYPE" speed="13.36" pos="86.06" lane="1/1to1/2_0" slope="0.00"/>
        <vehicle id="7" x="483.79" y="401.65" angle="-90.00" type="DEFAULT_VEHTYPE" speed="13.77" pos="111.46" lane="3/2to2/2_0" slope="0.00"/>
        <vehicle id="9" x="234.29" y="401.65" angle="-90.00" type="DEFAULT_VEHTYPE" speed="12.97" pos="160.96" lane="2/2to1/2_0" slope="0.00"/>
    </timestep>
    <timestep time="103.00">
        <vehicle id="10" x="756.37" y="598.35" angle="90.00" type="DEFAULT_VEHTYPE" speed="13.05" pos="151.62" lane="3/3to4/3_0" slope="0.00"/>
        <vehicle id="12" x="309.74" y="598.35" angle="90.00" type="DEFAULT_VEHTYPE" speed="12.62" pos="104.99" lane="1/3to2/3_0" slope="0.00"/>
        <vehicle id="17" x="401.65" y="649.36" angle="180.00" type="DEFAULT_VEHTYPE" speed="13.51" pos="44.61" lane="2/3to2/4_0" slope="0.00"/>
        <vehicle id="2" x="398.35" y="755.96" angle="0.00" type="DEFAULT_VEHTYPE" speed="13.76" pos="44.04" lane="2/4to2/3_0" slope="0.00"/>
        <vehicle id="20" x="601.65" y="382.94" angle="180.00" type="DEFAULT_VEHTYPE" speed="13.27" pos="178.19" lane="3/1to3/2_0" slope="0.00"/>
        <vehicle id="23" x="201.65" y="303.84" angle="180.00" type="DEFAULT_VEHTYPE" speed="13.03" pos="99.09" lane="1/1to1/2_0" slope="0.00"/>
        <vehicle id="7" x="470.28" y="401.65" angle="-90.00" type="DEFAULT_VEHTYPE" speed="13.51" pos="124.97" lane="3/2to2/2_0" slope="0.00"/>
        <vehicle id="9" x="222.75" y="401.65" angle="-90.00" type="DEFAULT_VEHTYPE" speed="11.54" pos="172.50" lane="2/2to1/2_0" slope="0.00"/>
    </timestep>
    <timestep time="104.00">
        <vehicle id="10" x="769.89" y="598.35" angle="90.00" type="DEFAULT_VEHTYPE" speed="13.52" pos="165.14" lane="3/3to4/3_0" slope="0.00"/>
        <vehicle id="12" x="322.78" y="598.35" angle="90.00" type="DEFAULT_VEHTYPE" speed="13.03" pos="118.03" lane="1/3to2/3_0" slope="0.00"/>
        <vehicle id="17" x="401.65" y="663.22" angle="180.00" type="DEFAULT_VEHTYPE" speed="13.87" pos="58.47" lane="2/3to2/4_0" slope="0.00"/>
        <vehicle id="2" x="398.35" y="742.19" angle="0.00" type="DEFAULT_VEHTYPE" speed="13.77" pos="57.81" lane="2/4to2/3_0" slope="0.00"/>
        <vehicle id="20" x="601.65" y="396.77" angle="180.00" type="DEFAULT_VEHTYPE" speed="13.84" pos="1.52" lane=":3/2_9_0" slope="0.00"/>
        <vehicle id="23" x="201.65" y="317.46" angle="180.00" type="DEFAULT_VEHTYPE" speed="13.62" pos="112.71" lane="1/1to1/2_0" slope="0.00"/>
        <vehicle id="7" x="457.12" y="401.65" angle="-90.00" type="DEFAULT_VEHTYPE" speed="13.16" pos="138.13" lane="3/2to2/2_0" slope="0.00"/>
        <vehicle id="9" x="215.71" y="401.65" angle="-90.00" type="DEFAULT_VEHTYPE" speed="7.04" pos="179.54" lane="2/2to1/2_0" slope="0.00"/>
    </timestep>
    <timestep time="105.00">
        <vehicle id="10" x="782.98" y="598.35" angle="90.00" type="DEFAULT_VEHTYPE" speed="13.10" pos="178.23" lane="3/3to4/3_0" slope="0.00"/>
        <vehicle id="12" x="336.38" y="598.35" angle="90.00" type="DEFAULT_VEHTYPE" speed="13.61" pos="131.63" lane="1/3to2/3_0" slope="0.00"/>
        <vehicle id="17" x="401.65" y="676.57" angle="180.00" type="DEFAULT_VEHTYPE" speed="13.35" pos="71.82" lane="2/3to2/4_0" slope="0.00"/>
        <vehicle id="2" x="398.35" y="729.08" angle="0.00" type="DEFAULT_VEHTYPE" speed="13.11" pos="70.92" lane="2/4to2/3_0" slope="0.00"/>
        <vehicle id="20" x="601.65" y="409.39" angle="180.00" type="DEFAULT_VEHTYPE" speed="12.62" pos="4.64" lane="3/2to3/3_0" slope="0.00"/>
        <vehicle id="23" x="201.65" y="330.65" angle="180.00" type="DEFAULT_VEHTYPE" speed="13.19" pos="125.90" lane="1/1to1/2_0" slope="0.00"/>
        <vehicle id="7" x="443.85" y="401.65" angle="-90.00" type="DEFAULT_VEHTYPE" speed="13.28" pos="151.40" lane="3/2to2/2_0" slope="0.00"/>
        <vehicle id="9" x="211.61" y="401.65" angle="-90.00" type="DEFAULT_VEHTYPE" speed="4.11" pos="183.64" lane="2/2to1/2_0" slope="0.00"/>
    </timestep>
    <timestep time="106.00">
        <vehicle id="10" x="796.55" y="598.35" angle="90.00" type="DEFAULT_VEHTYPE" speed="13.56" pos="191.80" lane="3/3to4/3_0" slope="0.00"/>
        <vehicle id="12" x="350.11" y="598.35" angle="90.00" type="DEFAULT_VEHTYPE" speed="13.72" pos="145.36" lane="1/3to2/3_0" slope="0.00"/>
        <vehicle id="17" x="401.65" y="690.39" angle="180.00" type="DEFAULT_VEHTYPE" speed="13.82" pos="85.64" lane="2/3to2/4_0" slope="0.00"/>
        <vehicle id="2" x="398.35" y="716.44" angle="0.00" type="DEFAULT_VEHTYPE" speed="12.64" pos="83.56" lane="2/4to2/3_0" slope="0.00"/>
        <vehicle id="20" x="601.65" y="422.68" angle="180.00" type="DEFAULT_VEHTYPE" speed="13.28" pos="17.93" lane="3/2to3/3_0" slope="0.00"/>
        <vehicle id="23" x="201.65" y="344.45" angle="180.00" type="DEFAULT_VEHTYPE" speed="13.81" pos="139.70" lane="1/1to1/2_0" slope="0.00"/>
        <vehicle id="7" x="429.99" y="401.65" angle="-90.00" type="DEFAULT_VEHTYPE" speed="13.86" pos="165.26" lane="3/2to2/2_0" slope="0.00"/>
        <vehicle id="9" x="206.06" y="401.65" angle="-90.00" type="DEFAULT_VEHTYPE" speed="5.54" pos="189.19" lane="2/2to1/2_0" slope="0.00"/>
    </timestep>
    <timestep time="107.00">
        <vehicle id="10" x="795.41" y="601.65" angle="-92.63" type="DEFAULT_VEHTYPE" speed="12.86" pos="4.59" lane="4/3to3/3_0" slope="0.00"/>
        <vehicle id="12" x="363.99" y="598.35" angle="90.00" type="DEFAULT_VEHTYPE" speed="13.89" pos="159.24" lane="1/3to2/3_0" slope="0.00"/>
        <vehicle id="17" x="401.65" y="703.82" angle="180.00" type="DEFAULT_VEHTYPE" speed="13.43" pos="99.07" lane="2/3to2/4_0" slope="0.00"/>
        <vehicle id="2" x="398.35" y="702.63" angle="0.00" type="DEFAULT_VEHTYPE" speed="13.81" pos="97.37" lane="2/4to2/3_0" slope="0.00"/>
        <vehicle id="20" x="601.65" y="435.38" angle="180.00" type="DEFAULT_VEHTYPE" speed="12.71" pos="30.63" lane="3/2to3/3_0" slope="0.00"/>
        <vehicle id="23" x="201.65" y="357.37" angle="180.00" type="DEFAULT_VEHTYPE" speed="12.92" pos="152.62" lane="1/1to1/2_0" slope="0.00"/>
        <vehicle id="7" x="420.34" y="401.65" angle="-90.00" type="DEFAULT_VEHTYPE" speed="9.65" pos="174.91" lane="3/2to2/2_0" slope="0.00"/>
        <vehicle id="9" x="198.97" y="401.65" angle="-90.00" type="DEFAULT_VEHTYPE" speed="7.10" pos="5.78" lane=":1/2_5_0" slope="0.00"/>
    </timestep>
    <timestep time="108.00">
        <vehicle id="10" x="782.55" y="601.65" angle="-90.00" type="DEFAULT_VEHTYPE" speed="12.86" pos="17.45" lane="4/3to3/3_0" slope="0.00"/>
        <vehicle id="12" x="376.10" y="598.35" angle="90.00" type="DEFAULT_VEHTYPE" speed="12.11" pos="171.35" lane="1/3to2/3_0" slope="0.00"/>
        <vehicle id="17" x="401.65" y="717.28" angle="180.00" type="DEFAULT_VEHTYPE" speed="13.46" pos="112.53" lane="2/3to2/4_0" slope="0.00"/>
        <vehicle id="2" x="398.35" y="688.74" angle="0.00" type="DEFAULT_VEHTYPE" speed="13.89" pos="111.26" lane="2/4to2/3_0" slope="0.00"/>
        <vehicle id="20" x="601.65" y="448.40" angle="180.00" type="DEFAULT_VEHTYPE" speed="13.02" pos="43.65" lane="3/2to3/3_0" slope="0.00"/>
        <vehicle id="23" x="201.65" y="370.00" angle="180.00" type="DEFAULT_VEHTYPE" speed="12.62" pos="165.25" lane="1/1to1/2_0" slope="0.00"/>
        <vehicle id="7" x="413.82" y="401.65" angle="-90.00" type="DEFAULT_VEHTYPE" speed="6.51" pos="181.43" lane="3/2to2/2_0" slope="0.00"/>
        <vehicle id="9" x="190.26" y="401.65" angle="-90.00" type="DEFAULT_VEHTYPE" speed="8.70" pos="4.99" lane="1/2to0/2_0" slope="0.00"/>
    </timestep>
    <timestep time="109.00">
        <vehicle id="10" x="769.55" y="601.65" angle="-90.00" type="DEFAULT_VEHTYPE" speed="13.01" pos="30.45" lane="4/3to3/3_0" slope="0.00"/>
        <vehicle id="12" x="383.96" y="598.35" angle="90.00" type="DEFAULT_VEHTYPE" speed="7.86" pos="179.21" lane="1/3to2/3_0" slope="0.00"/>
        <vehicle id="17" x="401.65" y="730.98" angle="180.00" type="DEFAULT_VEHTYPE" speed="13.70" pos="126.23" lane="2/3to2/4_0" slope="0.00"/>
        <vehicle id="2" x="398.35" y="675.57" angle="0.00" type="DEFAULT_VEHTYPE" speed="13.18" pos="124.43" lane="2/4to2/3_0" slope="0.00"/>
        <vehicle id="20" x="601.65" y="461.93" angle="180.00" type="DEFAULT_VEHTYPE" speed="13.53" pos="57.18" lane="3/2to3/3_0" slope="0.00"/>
        <vehicle id="23" x="201.65" y="383.01" angle="180.00" type="DEFAULT_VEHTYPE" speed="13.01" pos="178.26" lane="1/1to1/2_0" slope="0.00"/>
        <vehicle id="7" x="409.82" y="401.65" angle="-90.00" type="DEFAULT_VEHTYPE" speed="4.00" pos="185.43" lane="3/2to2/2_0" slope="0.00"/>
        <vehicle id="9" x="179.71" y="401.65" angle="-90.00" type="DEFAULT_VEHTYPE" speed="10.55" pos="15.54" lane="1/2to0/2_0" slope="0.00"/>
    </timestep>
    <timestep time="110.00">
        <vehicle id="10" x="756.77" y="601.65" angle="-90.00" type="DEFAULT_VEHTYPE" speed="12.78" pos="43.23" lane="4/3to3/3_0" slope="0.00"/>
        <vehicle id="12" x="388.68" y="598.35" angle="90.00" type="DEFAULT_VEHTYPE" speed="4.72" pos="183.93" lane="1/3to2/3_0" slope="0.00"/>
        <vehicle id="17" x="401.65" y="744.87" angle="180.00" type="DEFAULT_VEHTYPE" speed="13.88" pos="140.12" lane="2/3to2/4_0" slope="0.00"/>
        <vehicle id="2" x="398.35" y="662.49" angle="0.00" type="DEFAULT_VEHTYPE" speed="13.08" pos="137.51" lane="2/4to2/3_0" slope="0.00"/>
        <vehicle id="20" x="601.65" y="475.71" angle="180.00" type="DEFAULT_VEHTYPE" speed="13.78" pos="70.96" lane="3/2to3/3_0" slope="0.00"/>
        <vehicle id="23" x="201.65" y="396.39" angle="180.00" type="DEFAULT_VEHTYPE" speed="13.38" pos="1.14" lane=":1/2_9_0" slope="0.00"/>
        <vehicle id="7" x="403.96" y="401.54" angle="-88.71" type="DEFAULT_VEHTYPE" speed="5.87" pos="0.79" lane=":2/2_6_0" slope="0.00"/>
        <vehicle id="9" x="167.42" y="401.65" angle="-90.00" type="DEFAULT_VEHTYPE" speed="12.29" pos="27.83" lane="1/2to0/2_0" slope="0.00"/>
    </timestep>
    <timestep time="111.00">
        <vehicle id="10" x="744.07" y="601.65" angle="-90.00" type="DEFAULT_VEHTYPE" speed="12.70" pos="55.93" lane="4/3to3/3_0" slope="0.00"/>
        <vehicle id="12" x="395.89" y="598.44" angle="91.05" type="DEFAULT_VEHTYPE" speed="7.22" pos="0.65" lane=":2/3_14_0" slope="0.00"/>
        <vehicle id="17" x="401.65" y="758.70" angle="180.00" type="DEFAULT_VEHTYPE" speed="13.83" pos="153.95" lane="2/3to2/4_0" slope="0.00"/>
        <vehicle id="2" x="398.35" y="648.96" angle="0.00" type="DEFAULT_VEHTYPE" speed="13.52" pos="151.04" lane="2/4to2/3_0" slope="0.00"/>
        <vehicle id="20" x="601.65" y="489.28" angle="180.00" type="DEFAULT_VEHTYPE" speed="13.57" pos="84.53" lane="3/2to3/3_0" slope="0.00"/>
        <vehicle id="23" x="201.65" y="409.50" angle="180.00" type="DEFAULT_VEHTYPE" speed="13.11" pos="4.75" lane="1/2to1/3_0" slope="0.00"/>
        <vehicle id="7" x="398.53" y="396.49" angle="-29.82" type="DEFAULT_VEHTYPE" speed="8.27" pos="9.07" lane=":2/2_6_0" slope="0.00"/>
        <vehicle id="9" x="154.82" y="401.65" angle="-90.00" type="DEFAULT_VEHTYPE" speed="12.60" pos="40.43" lane="1/2to0/2_0" slope="0.00"/>
    </timestep>
    <timestep time="112.00">
        <vehicle id="10" x="730.69" y="601.65" angle="-90.00" type="DEFAULT_VEHTYPE" speed="13.38" pos="69.31" lane="4/3to3/3_0" slope="0.00"/>
        <vehicle id="12" x="401.62" y="604.56" angle="160.95" type="DEFAULT_VEHTYPE" speed="9.49" pos="10.13" lane=":2/3_14_0" slope="0.00"/>
        <vehicle id="17" x="401.65" y="772.00" angle="180.00" type="DEFAULT_VEHTYPE" speed="13.30" pos="167.25" lane="2/3to2/4_0" slope="0.00"/>
        <vehicle id="2" x="398.35" y="635.79" angle="0.00" type="DEFAULT_VEHTYPE" speed="13.17" pos="164.21" lane="2/4to2/3_0" slope="0.00"/>
        <vehicle id="20" x="601.65" y="502.82" angle="180.00" type="DEFAULT_VEHTYPE" speed="13.54" pos="98.07" lane="3/2to3/3_0" slope="0.00"/>
        <vehicle id="23" x="201.65" y="422.29" angle="180.00" type="DEFAULT_VEHTYPE" speed="12.79" pos="17.54" lane="1/2to1/3_0" slope="0.00"/>
        <vehicle id="7" x="398.35" y="386.04" angle="0.00" type="DEFAULT_VEHTYPE" speed="10.47" pos="9.21" lane="2/2to2/1_0" slope="0.00"/>
        <vehicle id="9" x="141.13" y="401.65" angle="-90.00" type="DEFAULT_VEHTYPE" speed="13.68" pos="54.12" lane="1/2to0/2_0" slope="0.00"/>
    </timestep>
    <timestep time="113.00">
        <vehicle id="10" x="717.71" y="601.65" angle="-90.00" type="DEFAULT_VEHTYPE" speed="12.98" pos="82.29" lane="4/3to3/3_0" slope="0.00"/>
        <vehicle id="12" x="401.65" y="616.15" angle="180.00" type="DEFAULT_VEHTYPE" speed="11.58" pos="11.40" lane="2/3to2/4_0" slope="0.00"/>
        <vehicle id="17" x="401.65" y="785.70" angle="180.00" type="DEFAULT_VEHTYPE" speed="13.70" pos="180.95" lane="2/3to2/4_0" slope="0.00"/>
        <vehicle id="2" x="398.35" y="622.71" angle="0.00" type="DEFAULT_VEHTYPE" speed="13.08" pos="177.29" lane="2/4to2/3_0" slope="0.00"/>
        <vehicle id="20" x="601.65" y="516.21" angle="180.00" type="DEFAULT_VEHTYPE" speed="13.39" pos="111.46" lane="3/2to3/3_0" slope="0.00"/>
        <vehicle id="23" x="201.65" y="435.61" angle="180.00" type="DEFAULT_VEHTYPE" speed="13.32" pos="30.86" lane="1/2to1/3_0" slope="0.00"/>
        <vehicle id="7" x="398.35" y="373.80" angle="0.00" type="DEFAULT_VEHTYPE" speed="12.24" pos="21.45" lane="2/2to2/1_0" slope="0.00"/>
        <vehicle id="9" x="128.13" y="401.65" angle="-90.00" type="DEFAULT_VEHTYPE" speed="13.00" pos="67.12" lane="1/2to0/2_0" slope="0.00"/>
    </timestep>
    <timestep time="114.00">
        <vehicle id="10" x="704.29" y="601.65" angle="-90.00" type="DEFAULT_VEHTYPE" speed="13.42" pos="95.71" lane="4/3to3/3_0" slope="0.00"/>
        <vehicle id="12" x="401.65" y="629.88" angle="180.00" type="DEFAULT_VEHTYPE" speed="13.74" pos="25.13" lane="2/3to2/4_0" slope="0.00"/>
        <vehicle id="17" x="401.65" y="799.02" angle="180.00" type="DEFAULT_VEHTYPE" speed="13.32" pos="194.27" lane="2/3to2/4_0" slope="0.00"/>
        <vehicle id="2" x="398.35" y="609.41" angle="0.00" type="DEFAULT_VEHTYPE" speed="13.30" pos="190.59" lane="2/4to2/3_0" slope="0.00"/>
        <vehicle id="20" x="601.65" y="528.99" angle="180.00" type="DEFAULT_VEHTYPE" speed="12.78" pos="124.24" lane="3/2to3/3_0" slope="0.00"/>
        <vehicle id="23" x="201.65" y="449.34" angle="180.00" type="DEFAULT_VEHTYPE" speed="13.73" pos="44.59" lane="1/2to1/3_0" slope="0.00"/>
        <vehicle id="7" x="398.35" y="360.76" angle="0.00" type="DEFAULT_VEHTYPE" speed="13.04" pos="34.49" lane="2/2to2/1_0" slope="0.00"/>
        <vehicle id="9" x="114.44" y="401.65" angle="-90.00" type="DEFAULT_VEHTYPE" speed="13.69" pos="80.81" lane="1/2to0/2_0" slope="0.00"/>
    </timestep>
    <timestep time="115.00">
        <vehicle id="10" x="690.74" y="601.65" angle="-90.00" type="DEFAULT_VEHTYPE" speed="13.55" pos="109.26" lane="4/3to3/3_0" slope="0.00"/>
        <vehicle id="12" x="401.65" y="643.71" angle="180.00" type="DEFAULT_VEHTYPE" speed="13.82" pos="38.96" lane="2/3to2/4_0" slope="0.00"/>
        <vehicle id="17" x="398.35" y="792.47" angle="0.00" type="DEFAULT_VEHTYPE" speed="13.33" pos="7.53" lane="2/4to2/3_0" slope="0.00"/>
        <vehicle id="2" x="398.35" y="596.46" angle="0.00" type="DEFAULT_VEHTYPE" speed="12.95" pos="8.29" lane=":2/3_1_0" slope="0.00"/>
        <vehicle id="20" x="601.65" y="542.32" angle="180.00" type="DEFAULT_VEHTYPE" speed="13.33" pos="137.57" lane="3/2to3/3_0" slope="0.00"/>
        <vehicle id="23" x="201.65" y="462.20" angle="180.00" type="DEFAULT_VEHTYPE" speed="12.87" pos="57.45" lane="1/2to1/3_0" slope="0.00"/>
        <vehicle id="7" x="398.35" y="347.89" angle="0.00" type="DEFAULT_VEHTYPE" speed="12.87" pos="47.36" lane="2/2to2/1_0" slope="0.00"/>
        <vehicle id="9" x="101.56" y="401.65" angle="-90.00" type="DEFAULT_VEHTYPE" speed="12.88" pos="93.69" lane="1/2to0/2_0" slope="0.00"/>
    </timestep>
    <timestep time="116.00">
        <vehicle id="10" x="677.52" y="601.65" angle="-90.00" type="DEFAULT_VEHTYPE" speed="13.22" pos="122.48" lane="4/3to3/3_0" slope="0.00"/>
        <vehicle id="12" x="401.65" y="656.72" angle="180.00" type="DEFAULT_VEHTYPE" speed="13.01" pos="51.97" lane="2/3to2/4_0" slope="0.00"/>
        <vehicle id="17" x="398.35" y="778.66" angle="0.00" type="DEFAULT_VEHTYPE" speed="13.81" pos="21.34" lane="2/4to2/3_0" slope="0.00"/>
        <vehicle id="2" x="398.35" y="583.50" angle="0.00" type="DEFAULT_VEHTYPE" speed="12.96" pos="11.75" lane="2/3to2/2_0" slope="0.00"/>
        <vehicle id="20" x="601.65" y="556.22" angle="180.00" type="DEFAULT_VEHTYPE" speed="13.89" pos="151.47" lane="3/2to3/3_0" slope="0.00"/>
        <vehicle id="23" x="201.65" y="475.40" angle="180.00" type="DEFAULT_VEHTYPE" speed="13.20" pos="70.65" lane="1/2to1/3_0" slope="0.00"/>
        <vehicle id="7" x="398.35" y="334.90" angle="0.00" type="DEFAULT_VEHTYPE" speed="12.99" pos="60.35" lane="2/2to2/1_0" slope="0.00"/>
        <vehicle id="9" x="88.55" y="401.65" angle="-90.00" type="DEFAULT_VEHTYPE" speed="13.01" pos="106.70" lane="1/2to0/2_0" slope="0.00"/>
    </timestep>
    <timestep time="117.00">
        <vehicle id="10" x="663.69" y="601.65" angle="-90.00" type="DEFAULT_VEHTYPE" speed="13.83" pos="136.31" lane="4/3to3/3_0" slope="0.00"/>
        <vehicle id="12" x="401.65" y="670.03" angle="180.00" type="DEFAULT_VEHTYPE" speed="13.31" pos="65.28" lane="2/3to2/4_0" slope="0.00"/>
        <vehicle id="17" x="398.35" y="764.90" angle="0.00" type="DEFAULT_VEHTYPE" speed="13.76" pos="35.10" lane="2/4to2/3_0" slope="0.00"/>
        <vehicle id="2" x="398.35" y="570.12" angle="0.00" type="DEFAULT_VEHTYPE" speed="13.38" pos="25.13" lane="2/3to2/2_0" slope="0.00"/>
        <vehicle id="20" x="601.65" y="568.83" angle="180.00" type="DEFAULT_VEHTYPE" speed="12.61" pos="164.08" lane="3/2to3/3_0" slope="0.00"/>
        <vehicle id="23" x="201.65" y="488.47" angle="180.00" type="DEFAULT_VEHTYPE" speed="13.06" pos="83.72" lane="1/2to1/3_0" slope="0.00"/>
        <vehicle id="7" x="398.35" y="321.26" angle="0.00" type="DEFAULT_VEHTYPE" speed="13.64" pos="73.99" lane="2/2to2/1_0" slope="0.00"/>
        <vehicle id="9" x="74.76" y="401.65" angle="-90.00" type="DEFAULT_VEHTYPE" speed="13.80" pos="120.49" lane="1/2to0/2_0" slope="0.00"/>
    </timestep>
    <timestep time="118.00">
        <vehicle id="10" x="649.82" y="601.65" angle="-90.00" type="DEFAULT_VEHTYPE" speed="13.87" pos="150.18" lane="4/3to3/3_0" slope="0.00"/>
        <vehicle id="12" x="401.65" y="682.85" angle="180.00" type="DEFAULT_VEHTYPE" speed="12.82" pos="78.10" lane="2/3to2/4_0" slope="0.00"/>
        <vehicle id="17" x="398.35" y="751.11" angle="0.00" type="DEFAULT_VEHTYPE" speed="13.78" pos="48.89" lane="2/4to2/3_0" slope="0.00"/>
        <vehicle id="2" x="398.35" y="556.83" angle="0.00" type="DEFAULT_VEHTYPE" speed="13.28" pos="38.42" lane="2/3to2/2_0" slope="0.00"/>
        <vehicle id="20" x="601.65" y="582.32" angle="180.00" type="DEFAULT_VEHTYPE" speed="13.49" pos="177.57" lane="3/2to3/3_0" slope="0.00"/>
        <vehicle id="23" x="201.65" y="502.37" angle="180.00" type="DEFAULT_VEHTYPE" speed="13.90" pos="97.62" lane="1/2to1/3_0" slope="0.00"/>
        <vehicle id="7" x="398.35" y="308.04" angle="0.00" type="DEFAULT_VEHTYPE" speed="13.22" pos="87.21" lane="2/2to2/1_0" slope="0.00"/>
        <vehicle id="9" x="61.50" y="401.65" angle="-90.00" type="DEFAULT_VEHTYPE" speed="13.26" pos="133.75" lane="1/2to0/2_0" slope="0.00"/>
    </timestep>
    <timestep time="119.00">
        <vehicle id="10" x="636.30" y="601.65" angle="-90.00" type="DEFAULT_VEHTYPE" speed="13.52" pos="163.70" lane="4/3to3/3_0" slope="0.00"/>
        <vehicle id="12" x="401.65" y="695.66" angle="180.00" type="DEFAULT_VEHTYPE" speed="12.81" pos="90.91" lane="2/3to2/4_0" slope="0.00"/>
        <vehicle id="17" x="398.35" y="737.56" angle="0.00" type="DEFAULT_VEHTYPE" speed="13.55" pos="62.44" lane="2/4to2/3_0" slope="0.00"/>
        <vehicle id="2" x="398.35" y="543.99" angle="0.00" type="DEFAULT_VEHTYPE" speed="12.85" pos="51.26" lane="2/3to2/2_0" slope="0.00"/>
        <vehicle id="20" x="601.65" y="595.17" angle="180.00" type="DEFAULT_VEHTYPE" speed="12.85" pos="190.42" lane="3/2to3/3_0" slope="0.00"/>
        <vehicle id="23" x="201.65" y="515.69" angle="180.00" type="DEFAULT_VEHTYPE" speed="13.32" pos="110.94" lane="1/2to1/3_0" slope="0.00"/>
        <vehicle id="7" x="398.35" y="294.88" angle="0.00" type="DEFAULT_VEHTYPE" speed="13.16" pos="100.37" lane="2/2to2/1_0" slope="0.00"/>
        <vehicle id="9" x="48.08" y="401.65" angle="-90.00" type="DEFAULT_VEHTYPE" speed="13.42" pos="147.17" lane="1/2to0/2_0" slope="0.00"/>
    </timestep>
    <timestep time="120.00">
        <vehicle id="10" x="623.32" y="601.65" angle="-90.00" type="DEFAULT_VEHTYPE" speed="12.98" pos="176.68" lane="4/3to3/3_0" slope="0.00"/>
        <vehicle id="12" x="401.65" y="708.89" angle="180.00" type="DEFAULT_VEHTYPE" speed="13.22" pos="104.14" lane="2/3to2/4_0" slope="0.00"/>
        <vehicle id="17" x="398.35" y="724.65" angle="0.00" type="DEFAULT_VEHTYPE" speed="12.92" pos="75.35" lane="2/4to2/3_0" slope="0.00"/>
        <vehicle id="2" x="398.35" y="530.55" angle="0.00" type="DEFAULT_VEHTYPE" speed="13.44" pos="64.70" lane="2/3to2/2_0" slope="0.00"/>
        <vehicle id="20" x="612.27" y="598.35" angle="90.00" type="DEFAULT_VEHTYPE" speed="12.60" pos="7.52" lane="3/3to4/3_0" slope="0.00"/>
        <vehicle id="23" x="201.65" y="528.32" angle="180.00" type="DEFAULT_VEHTYPE" speed="12.63" pos="123.57" lane="1/2to1/3_0" slope="0.00"/>
        <vehicle id="7" x="398.35" y="281.91" angle="0.00" type="DEFAULT_VEHTYPE" speed="12.97" pos="113.34" lane="2/2to2/1_0" slope="0.00"/>
        <vehicle id="9" x="34.97" y="401.65" angle="-90.00" type="DEFAULT_VEHTYPE" speed="13.11" pos="160.28" lane="1/2to0/2_0" slope="0.00"/>
    </timestep>
    <timestep time="121.00">
        <vehicle id="10" x="610.46" y="601.65" angle="-90.00" type="DEFAULT_VEHTYPE" speed="12.86" pos="189.54" lane="4/3to3/3_0" slope="0.00"/>
        <vehicle id="12" x="401.65" y="722.72" angle="180.00" type="DEFAULT_VEHTYPE" speed="13.84" pos="117.97" lane="2/3to2/4_0" slope="0.00"/>
        <vehicle id="17" x="398.35" y="711.68" angle="0.00" type="DEFAULT_VEHTYPE" speed="12.97" pos="88.32" lane="2/4to2/3_0" slope="0.00"/>
        <vehicle id="2" x="398.35" y="517.31" angle="0.00" type="DEFAULT_VEHTYPE" speed="13.24" pos="77.94" lane="2/3to2/2_0" slope="0.00"/>
        <vehicle id="20" x="625.42" y="598.35" angle="90.00" type="DEFAULT_VEHTYPE" speed="13.15" pos="20.67" lane="3/3to4/3_0" slope="0.00"/>
        <vehicle id="23" x="201.65" y="541.91" angle="180.00" type="DEFAULT_VEHTYPE" speed="13.59" pos="137.16" lane="1/2to1/3_0" slope="0.00"/>
        <vehicle id="7" x="398.35" y="268.11" angle="0.00" type="DEFAULT_VEHTYPE" speed="13.80" pos="127.14" lane="2/2to2/1_0" slope="0.00"/>
        <vehicle id="9" x="21.74" y="401.65" angle="-90.00" type="DEFAULT_VEHTYPE" speed="13.23" pos="173.51" lane="1/2to0/2_0" slope="0.00"/>
    </timestep>
    <timestep time="122.00">
        <vehicle id="12" x="401.65" y="735.84" angle="180.00" type="DEFAULT_VEHTYPE" speed="13.11" pos="131.09" lane="2/3to2/4_0" slope="0.00"/>
        <vehicle id="17" x="398.35" y="698.39" angle="0.00" type="DEFAULT_VEHTYPE" speed="13.29" pos="101.61" lane="2/4to2/3_0" slope="0.00"/>
        <vehicle id="2" x="398.35" y="504.18" angle="0.00" type="DEFAULT_VEHTYPE" speed="13.13" pos="91.07" lane="2/3to2/2_0" slope="0.00"/>
        <vehicle id="20" x="638.86" y="598.35" angle="90.00" type="DEFAULT_VEHTYPE" speed="13.45" pos="34.11" lane="3/3to4/3_0" slope="0.00"/>
        <vehicle id="23" x="201.65" y="555.13" angle="180.00" type="DEFAULT_VEHTYPE" speed="13.22" pos="150.38" lane="1/2to1/3_0" slope="0.00"/>
        <vehicle id="7" x="398.35" y="255.34" angle="0.00" type="DEFAULT_VEHTYPE" speed="12.77" pos="139.91" lane="2/2to2/1_0" slope="0.00"/>
        <vehicle id="9" x="8.79" y="401.65" angle="-90.00" type="DEFAULT_VEHTYPE" speed="12.95" pos="186.46" lane="1/2to0/2_0" slope="0.00"/>
    </timestep>
    <timestep time="123.00">
        <vehicle id="12" x="401.65" y="748.89" angle="180.00" type="DEFAULT_VEHTYPE" speed="13.05" pos="144.14" lane="2/3to2/4_0" slope="0.00"/>
        <vehicle id="17" x="398.35" y="685.54" angle="0.00" type="DEFAULT_VEHTYPE" speed="12.84" pos="114.46" lane="2/4to2/3_0" slope="0.00"/>
        <vehicle id="2" x="398.35" y="491.01" angle="0.00" type="DEFAULT_VEHTYPE" speed="13.17" pos="104.24" lane="2/3to2/2_0" slope="0.00"/>
        <vehicle id="20" x="652.35" y="598.35" angle="90.00" type="DEFAULT_VEHTYPE" speed="13.48" pos="47.60" lane="3/3to4/3_0" slope="0.00"/>
        <vehicle id="23" x="201.65" y="567.96" angle="180.00" type="DEFAULT_VEHTYPE" speed="12.83" pos="163.21" lane="1/2to1/3_0" slope="0.00"/>
        <vehicle id="7" x="398.35" y="242.68" angle="0.00" type="DEFAULT_VEHTYPE" speed="12.67" pos="152.57" lane="2/2to2/1_0" slope="0.00"/>
        <vehicle id="9" x="0.19" y="398.35" angle="3.48" type="DEFAULT_VEHTYPE" speed="13.80" pos="0.19" lane="0/2to1/2_0" slope="0.00"/>
    </timestep>
    <timestep time="124.00">
        <vehicle id="12" x="401.65" y="761.86" angle="180.00" type="DEFAULT_VEHTYPE" speed="12.98" pos="157.11" lane="2/3to2/4_0" slope="0.00"/>
        <vehicle id="17" x="398.35" y="672.15" angle="0.00" type="DEFAULT_VEHTYPE" speed="13.40" pos="127.85" lane="2/4to2/3_0" slope="0.00"/>
        <vehicle id="2" x="398.35" y="477.79" angle="0.00" type="DEFAULT_VEHTYPE" speed="13.22" pos="117.46" lane="2/3to2/2_0" slope="0.00"/>
        <vehicle id="20" x="666.20" y="598.35" angle="90.00" type="DEFAULT_VEHTYPE" speed="13.86" pos="61.45" lane="3/3to4/3_0" slope="0.00"/>
        <vehicle id="23" x="201.65" y="580.96" angle="180.00" type="DEFAULT_VEHTYPE" speed="13.00" pos="176.21" lane="1/2to1/3_0" slope="0.00"/>
        <vehicle id="7" x="398.35" y="229.10" angle="0.00" type="DEFAULT_VEHTYPE" speed="13.58" pos="166.15" lane="2/2to2/1_0" slope="0.00"/>
        <vehicle id="9" x="13.66" y="398.35" angle="90.00" type="DEFAULT_VEHTYPE" speed="13.47" pos="13.66" lane="0/2to1/2_0" slope="0.00"/>
    </timestep>
    <timestep time="125.00">
        <vehicle id="12" x="401.65" y="775.01" angle="180.00" type="DEFAULT_VEHTYPE" speed="13.15" pos="170.26" lane="2/3to2/4_0" slope="0.00"/>
        <vehicle id="17" x="398.35" y="659.03" angle="0.00" type="DEFAULT_VEHTYPE" speed="13.11" pos="140.97" lane="2/4to2/3_0" slope="0.00"/>
        <vehicle id="2" x="398.35" y="465.14" angle="0.00" type="DEFAULT_VEHTYPE" speed="12.65" pos="130.11" lane="2/3to2/2_0" slope="0.00"/>
        <vehicle id="20" x="679.37" y="598.35" angle="90.00" type="DEFAULT_VEHTYPE" speed="13.17" pos="74.62" lane="3/3to4/3_0" slope="0.00"/>
        <vehicle id="23" x="201.65" y="594.33" angle="180.00" type="DEFAULT_VEHTYPE" speed="13.37" pos="189.58" lane="1/2to1/3_0" slope="0.00"/>
        <vehicle id="7" x="398.35" y="216.50" angle="0.00" type="DEFAULT_VEHTYPE" speed="12.60" pos="178.75" lane="2/2to2/1_0" slope="0.00"/>
        <vehicle id="9" x="26.73" y="398.35" angle="90.00" type="DEFAULT_VEHTYPE" speed="13.07" pos="26.73" lane="0/2to1/2_0" slope="0.00"/>
    </timestep>
    <timestep time="126.00">
        <vehicle id="12" x="401.65" y="788.75" angle="180.00" type="DEFAULT_VEHTYPE" speed="13.73" pos="184.00" lane="2/3to2/4_0" slope="0.00"/>
        <vehicle id="17" x="398.35" y="645.27" angle="0.00" type="DEFAULT_VEHTYPE" speed="13.76" pos="154.73" lane="2/4to2/3_0" slope="0.00"/>
        <vehicle id="2" x="398.35" y="451.34" angle="0.00" type="DEFAULT_VEHTYPE" speed="13.79" pos="143.91" lane="2/3to2/2_0" slope="0.00"/>
        <vehicle id="20" x="692.15" y="598.35" angle="90.00" type="DEFAULT_VEHTYPE" speed="12.78" pos="87.40" lane="3/3to4/3_0" slope="0.00"/>
        <vehicle id="23" x="212.60" y="598.35" angle="90.00" type="DEFAULT_VEHTYPE" speed="13.77" pos="7.85" lane="1/3to2/3_0" slope="0.00"/>
        <vehicle id="7" x="398.35" y="203.31" angle="0.00" type="DEFAULT_VEHTYPE" speed="13.19" pos="1.44" lane=":2/1_1_0" slope="0.00"/>
        <vehicle id="9" x="40.42" y="398.35" angle="90.00" type="DEFAULT_VEHTYPE" speed="13.69" pos="40.42" lane="0/2to1/2_0" slope="0.00"/>
    </timestep>
    <timestep time="127.00">
        <vehicle id="12" x="400.88" y="801.17" angle="-170.78" type="DEFAULT_VEHTYPE" speed="12.66" pos="1.40" lane=":2/4_0_0" slope="0.00"/>
        <vehicle id="17" x="398.35" y="632.05" angle="0.00" type="DEFAULT_VEHTYPE" speed="13.23" pos="167.95" lane="2/4to2/3_0" slope="0.00"/>
        <vehicle id="2" x="398.35" y="438.11" angle="0.00" type="DEFAULT_VEHTYPE" speed="13.24" pos="157.14" lane="2/3to2/2_0" slope="0.00"/>
        <vehicle id="20" x="705.22" y="598.35" angle="90.00" type="DEFAULT_VEHTYPE" speed="13.06" pos="100.47" lane="3/3to4/3_0" slope="0.00"/>
        <vehicle id="23" x="226.07" y="598.35" angle="90.00" type="DEFAULT_VEHTYPE" speed="13.47" pos="21.32" lane="1/3to2/3_0" slope="0.00"/>
        <vehicle id="7" x="398.35" y="189.64" angle="0.00" type="DEFAULT_VEHTYPE" speed="13.66" pos="5.61" lane="2/1to2/0_0" slope="0.00"/>
        <vehicle id="9" x="53.15" y="398.35" angle="90.00" type="DEFAULT_VEHTYPE" speed="12.73" pos="53.15" lane="0/2to1/2_0" slope="0.00"/>
    </timestep>
    <timestep time="128.00">
        <vehicle id="12" x="398.35" y="789.55" angle="0.00" type="DEFAULT_VEHTYPE" speed="13.86" pos="10.45" lane="2/4to2/3_0" slope="0.00"/>
        <vehicle id="17" x="398.35" y="619.40" angle="0.00" type="DEFAULT_VEHTYPE" speed="12.65" pos="180.60" lane="2/4to2/3_0" slope="0.00"/>
        <vehicle id="2" x="398.35" y="425.16" angle="0.00" type="DEFAULT_VEHTYPE" speed="12.95" pos="170.09" lane="2/3to2/2_0" slope="0.00"/>
        <vehicle id="20" x="718.46" y="598.35" angle="90.00" type="DEFAULT_VEHTYPE" speed="13.24" pos="113.71" lane="3/3to4/3_0" slope="0.00"/>
        <vehicle id="23" x="238.99" y="598.35" angle="90.00" type="DEFAULT_VEHTYPE" speed="12.92" pos="34.24" lane="1/3to2/3_0" slope="0.00"/>
        <vehicle id="7" x="398.35" y="176.27" angle="0.00" type="DEFAULT_VEHTYPE" speed="13.37" pos="18.98" lane="2/1to2/0_0" slope="0.00"/>
        <vehicle id="9" x="66.13" y="398.35" angle="90.00" type="DEFAULT_VEHTYPE" speed="12.97" pos="66.13" lane="0/2to1/2_0" slope="0.00"/>
    </timestep>
    <timestep time="129.00">
        <vehicle id="12" x="398.35" y="775.71" angle="0.00" type="DEFAULT_VEHTYPE" speed="13.85" pos="24.29" lane="2/4to2/3_0" slope="0.00"/>
        <vehicle id="17" x="398.35" y="605.94" angle="0.00" type="DEFAULT_VEHTYPE" speed="13.46" pos="194.06" lane="2/4to2/3_0" slope="0.00"/>
        <vehicle id="2" x="398.35" y="412.29" angle="0.00" type="DEFAULT_VEHTYPE" speed="12.87" pos="182.96" lane="2/3to2/2_0" slope="0.00"/>
        <vehicle id="20" x="731.41" y="598.35" angle="90.00" type="DEFAULT_VEHTYPE" speed="12.96" pos="126.66" lane="3/3to4/3_0" slope="0.00"/>
        <vehicle id="23" x="251.73" y="598.35" angle="90.00" type="DEFAULT_VEHTYPE" speed="12.75" pos="46.98" lane="1/3to2/3_0" slope="0.00"/>
        <vehicle id="7" x="398.35" y="163.53" angle="0.00" type="DEFAULT_VEHTYPE" speed="12.74" pos="31.72" lane="2/1to2/0_0" slope="0.00"/>
        <vehicle id="9" x="79.16" y="398.35" angle="90.00" type="DEFAULT_VEHTYPE" speed="13.03" pos="79.16" lane="0/2to1/2_0" slope="0.00"/>
    </timestep>
    <timestep time="130.00">
        <vehicle id="12" x="398.35" y="763.00" angle="0.00" type="DEFAULT_VEHTYPE" speed="12.71" pos="37.00" lane="2/4to2/3_0" slope="0.00"/>
        <vehicle id="17" x="398.35" y="592.60" angle="0.00" type="DEFAULT_VEHTYPE" speed="13.34" pos="2.65" lane="2/3to2/2_0" slope="0.00"/>
        <vehicle id="2" x="394.46" y="401.65" angle="-58.47" type="DEFAULT_VEHTYPE" speed="13.33" pos="0.79" lane="2/2to1/2_0" slope="0.00"/>
        <vehicle id="20" x="745.18" y="598.35" angle="90.00" type="DEFAULT_VEHTYPE" speed="13.77" pos="140.43" lane="3/3to4/3_0" slope="0.00"/>
        <vehicle id="23" x="265.26" y="598.35" angle="90.00" type="DEFAULT_VEHTYPE" speed="13.53" pos="60.51" lane="1/3to2/3_0" slope="0.00"/>
        <vehicle id="7" x="398.35" y="150.35" angle="0.00" type="DEFAULT_VEHTYPE" speed="13.18" pos="44.90" lane="2/1to2/0_0" slope="0.00"/>
        <vehicle id="9" x="92.06" y="398.35" angle="90.00" type="DEFAULT_VEHTYPE" speed="12.90" pos="92.06" lane="0/2to1/2_0" slope="0.00"/>
    </timestep>
    <timestep time="131.00">
        <vehicle id="12" x="398.35" y="750.03" angle="0.00" type="DEFAULT_VEHTYPE" speed="12.97" pos="49.97" lane="2/4to2/3_0" slope="0.00"/>
        <vehicle id="17" x="398.35" y="579.52" angle="0.00" type="DEFAULT_VEHTYPE" speed="13.09" pos="15.73" lane="2/3to2/2_0" slope="0.00"/>
        <vehicle id="2" x="381.59" y="401.65" angle="-90.00" type="DEFAULT_VEHTYPE" speed="12.87" pos="13.66" lane="2/2to1/2_0" slope="0.00"/>
        <vehicle id="20" x="758.46" y="598.35" angle="90.00" type="DEFAULT_VEHTYPE" speed="13.28" pos="153.71" lane="3/3to4/3_0" slope="0.00"/>
        <vehicle id="23" x="278.78" y="598.35" angle="90.00" type="DEFAULT_VEHTYPE" speed="13.52" pos="74.03" lane="1/3to2/3_0" slope="0.00"/>
        <vehicle id="7" x="398.35" y="136.77" angle="0.00" type="DEFAULT_VEHTYPE" speed="13.58" pos="58.48" lane="2/1to2/0_0" slope="0.00"/>
        <vehicle id="9" x="105.93" y="398.35" angle="90.00" type="DEFAULT_VEHTYPE" speed="13.88" pos="105.93" lane="0/2to1/2_0" slope="0.00"/>
    </timestep>
    <timestep time="132.00">
        <vehicle id="12" x="398.35" y="736.16" angle="0.00" type="DEFAULT_VEHTYPE" speed="13.86" pos="63.84" lane="2/4to2/3_0" slope="0.00"/>
        <vehicle id="17" x="398.35" y="566.47" angle="0.00" type="DEFAULT_VEHTYPE" speed="13.04" pos="28.78" lane="2/3to2/2_0" slope="0.00"/>
        <vehicle id="2" x="368.95" y="401.65" angle="-90.00" type="DEFAULT_VEHTYPE" speed="12.64" pos="26.30" lane="2/2to1/2_0" slope="0.00"/>
        <vehicle id="20" x="771.77" y="598.35" angle="90.00" type="DEFAULT_VEHTYPE" speed="13.31" pos="167.02" lane="3/3to4/3_0" slope="0.00"/>
        <vehicle id="23" x="292.59" y="598.35" angle="90.00" type="DEFAULT_VEHTYPE" speed="13.80" pos="87.84" lane="1/3to2/3_0" slope="0.00"/>
        <vehicle id="7" x="398.35" y="123.87" angle="0.00" type="DEFAULT_VEHTYPE" speed="12.89" pos="71.38" lane="2/1to2/0_0" slope="0.00"/>
        <vehicle id="9" x="119.38" y="398.35" angle="90.00" type="DEFAULT_VEHTYPE" speed="13.45" pos="119.38" lane="0/2to1/2_0" slope="0.00"/>
    </timestep>
    <timestep time="133.00">
        <vehicle id="12" x="398.35" y="722.59" angle="0.00" type="DEFAULT_VEHTYPE" speed="13.57" pos="77.41" lane="2/4to2/3_0" slope="0.00"/>
        <vehicle id="17" x="398.35" y="553.53" angle="0.00" type="DEFAULT_VEHTYPE" speed="12.94" pos="41.72" lane="2/3to2/2_0" slope="0.00"/>
        <vehicle id="2" x="355.28" y="401.65" angle="-90.00" type="DEFAULT_VEHTYPE" speed="13.67" pos="39.97" lane="2/2to1/2_0" slope="0.00"/>
        <vehicle id="20" x="785.50" y="598.35" angle="90.00" type="DEFAULT_VEHTYPE" speed="13.73" pos="180.75" lane="3/3to4/3_0" slope="0.00"/>
        <vehicle id="23" x="305.58" y="598.35" angle="90.00" type="DEFAULT_VEHTYPE" speed="13.00" pos="100.83" lane="1/3to2/3_0" slope="0.00"/>
        <vehicle id="7" x="398.35" y="110.43" angle="0.00" type="DEFAULT_VEHTYPE" speed="13.44" pos="84.82" lane="2/1to2/0_0" slope="0.00"/>
        <vehicle id="9" x="132.99" y="398.35" angle="90.00" type="DEFAULT_VEHTYPE" speed="13.61" pos="132.99" lane="0/2to1/2_0" slope="0.00"/>
    </timestep>
    <timestep time="134.00">
        <vehicle id="12" x="398.35" y="708.88" angle="0.00" type="DEFAULT_VEHTYPE" speed="13.71" pos="91.12" lane="2/4to2/3_0" slope="0.00"/>
        <vehicle id="17" x="398.35" y="540.87" angle="0.00" type="DEFAULT_VEHTYPE" speed="12.66" pos="54.38" lane="2/3to2/2_0" slope="0.00"/>
        <vehicle id="2" x="342.17" y="401.65" angle="-90.00" type="DEFAULT_VEHTYPE" speed="13.11" pos="53.08" lane="2/2to1/2_0" slope="0.00"/>
        <vehicle id="20" x="798.74" y="598.35" angle="90.00" type="DEFAULT_VEHTYPE" speed="13.24" pos="193.99" lane="3/3to4/3_0" slope="0.00"/>
        <vehicle id="23" x="319.35" y="598.35" angle="90.00" type="DEFAULT_VEHTYPE" speed="13.76" pos="114.60" lane="1/3to2/3_0" slope="0.00"/>
        <vehicle id="7" x="398.35" y="96.81" angle="0.00" type="DEFAULT_VEHTYPE" speed="13.63" pos="98.44" lane="2/1to2/0_0" slope="0.00"/>
        <vehicle id="9" x="146.00" y="398.35" angle="90.00" type="DEFAULT_VEHTYPE" speed="13.01" pos="146.00" lane="0/2to1/2_0" slope="0.00"/>
    </timestep>
    <timestep time="135.00">
        <vehicle id="12" x="398.35" y="694.98" angle="0.00" type="DEFAULT_VEHTYPE" speed="13.90" pos="105.02" lane="2/4to2/3_0" slope="0.00"/>
        <vehicle id="17" x="398.35" y="527.54" angle="0.00" type="DEFAULT_VEHTYPE" speed="13.33" pos="67.71" lane="2/3to2/2_0" slope="0.00"/>
        <vehicle id="2" x="329.08" y="401.65" angle="-90.00" type="DEFAULT_VEHTYPE" speed="13.09" pos="66.17" lane="2/2to1/2_0" slope="0.00"/>
        <vehicle id="20" x="792.25" y="601.65" angle="-90.00" type="DEFAULT_VEHTYPE" speed="13.83" pos="7.75" lane="4/3to3/3_0" slope="0.00"/>
        <vehicle id="23" x="332.23" y="598.35" angle="90.00" type="DEFAULT_VEHTYPE" speed="12.89" pos="127.48" lane="1/3to2/3_0" slope="0.00"/>
        <vehicle id="7" x="398.35" y="84.15" angle="0.00" type="DEFAULT_VEHTYPE" speed="12.66" pos="111.10" lane="2/1to2/0_0" slope="0.00"/>
        <vehicle id="9" x="159.51" y="398.35" angle="90.00" type="DEFAULT_VEHTYPE" speed="13.51" pos="159.51" lane="0/2to1/2_0" slope="0.00"/>
    </timestep>
    <timestep time="136.00">
        <vehicle id="12" x="398.35" y="681.31" angle="0.00" type="DEFAULT_VEHTYPE" speed="13.67" pos="118.69" lane="2/4to2/3_0" slope="0.00"/>
        <vehicle id="17" x="398.35" y="514.85" angle="0.00" type="DEFAULT_VEHTYPE" speed="12.69" pos="80.40" lane="2/3to2/2_0" slope="0.00"/>
        <vehicle id="2" x="316.09" y="401.65" angle="-90.00" type="DEFAULT_VEHTYPE" speed="12.99" pos="79.16" lane="2/2to1/2_0" slope="0.00"/>
        <vehicle id="20" x="779.01" y="601.65" angle="-90.00" type="DEFAULT_VEHTYPE" speed="13.24" pos="20.99" lane="4/3to3/3_0" slope="0.00"/>
        <vehicle id="23" x="344.93" y="598.35" angle="90.00" type="DEFAULT_VEHTYPE" speed="12.70" pos="140.18" lane="1/3to2/3_0" slope="0.00"/>
        <vehicle id="7" x="398.35" y="71.32" angle="0.00" type="DEFAULT_VEHTYPE" speed="12.83" pos="123.93" lane="2/1to2/0_0" slope="0.00"/>
        <vehicle id="9" x="172.55" y="398.35" angle="90.00" type="DEFAULT_VEHTYPE" speed="13.04" pos="172.55" lane="0/2to1/2_0" slope="0.00"/>
    </timestep>
    <timestep time="137.00">
        <vehicle id="12" x="398.35" y="668.64" angle="0.00" type="DEFAULT_VEHTYPE" speed="12.67" pos="131.36" lane="2/4to2/3_0" slope="0.00"/>
        <vehicle id="17" x="398.35" y="501.18" angle="0.00" type="DEFAULT_VEHTYPE" speed="13.67" pos="94.07" lane="2/3to2/2_0" slope="0.00"/>
        <vehicle id="2" x="303.12" y="401.65" angle="-90.00" type="DEFAULT_VEHTYPE" speed="12.97" pos="92.13" lane="2/2to1/2_0" slope="0.00"/>
        <vehicle id="20" x="765.97" y="601.65" angle="-90.00" type="DEFAULT_VEHTYPE" speed="13.04" pos="34.03" lane="4/3to3/3_0" slope="0.00"/>
        <vehicle id="23" x="358.01" y="598.35" angle="90.00" type="DEFAULT_VEHTYPE" speed="13.08" pos="153.26" lane="1/3to2/3_0" slope="0.00"/>
        <vehicle id="7" x="398.35" y="58.33" angle="0.00" type="DEFAULT_VEHTYPE" speed="12.99" pos="136.92" lane="2/1to2/0_0" slope="0.00"/>
        <vehicle id="9" x="182.20" y="398.35" angle="90.00" type="DEFAULT_VEHTYPE" speed="9.65" pos="182.20" lane="0/2to1/2_0" slope="0.00"/>
    </timestep>
    <timestep time="138.00">
        <vehicle id="12" x="398.35" y="655.38" angle="0.00" type="DEFAULT_VEHTYPE" speed="13.26" pos="144.62" lane="2/4to2/3_0" slope="0.00"/>
        <vehicle id="17" x="398.35" y="488.52" angle="0.00" type="DEFAULT_VEHTYPE" speed="12.66" pos="106.73" lane="2/3to2/2_0" slope="0.00"/>
        <vehicle id="2" x="289.75" y="401.65" angle="-90.00" type="DEFAULT_VEHTYPE" speed="13.37" pos="105.50" lane="2/2to1/2_0" slope="0.00"/>
        <vehicle id="20" x="752.12" y="601.65" angle="-90.00" type="DEFAULT_VEHTYPE" speed="13.84" pos="47.88" lane="4/3to3/3_0" slope="0.00"/>
        <vehicle id="23" x="370.55" y="598.35" angle="90.00" type="DEFAULT_VEHTYPE" speed="12.54" pos="165.80" lane="1/3to2/3_0" slope="0.00"/>
        <vehicle id="7" x="398.35" y="45.33" angle="0.00" type="DEFAULT_VEHTYPE" speed="13.00" pos="149.92" lane="2/1to2/0_0" slope="0.00"/>
        <vehicle id="9" x="187.54" y="398.35" angle="90.00" type="DEFAULT_VEHTYPE" speed="5.34" pos="187.54" lane="0/2to1/2_0" slope="0.00"/>
    </timestep>
    <timestep time="139.00">
        <vehicle id="12" x="398.35" y="642.03" angle="0.00" type="DEFAULT_VEHTYPE" speed="13.36" pos="157.97" lane="2/4to2/3_0" slope="0.00"/>
        <vehicle id="17" x="398.35" y="475.10" angle="0.00" type="DEFAULT_VEHTYPE" speed="13.42" pos="120.15" lane="2/3to2/2_0" slope="0.00"/>
        <vehicle id="2" x="276.55" y="401.65" angle="-90.00" type="DEFAULT_VEHTYPE" speed="13.20" pos="118.70" lane="2/2to1/2_0" slope="0.00"/>
        <vehicle id="20" x="738.30" y="601.65" angle="-90.00" type="DEFAULT_VEHTYPE" speed="13.82" pos="61.70" lane="4/3to3/3_0" slope="0.00"/>
        <vehicle id="23" x="379.73" y="598.35" angle="90.00" type="DEFAULT_VEHTYPE" speed="9.18" pos="174.98" lane="1/3to2/3_0" slope="0.00"/>
        <vehicle id="7" x="398.35" y="32.39" angle="0.00" type="DEFAULT_VEHTYPE" speed="12.94" pos="162.86" lane="2/1to2/0_0" slope="0.00"/>
        <vehicle id="9" x="190.45" y="398.35" angle="90.00" type="DEFAULT_VEHTYPE" speed="2.90" pos="190.45" lane="0/2to1/2_0" slope="0.00"/>
    </timestep>
    <timestep time="140.00">
        <vehicle id="12" x="398.35" y="628.26" angle="0.00" type="DEFAULT_VEHTYPE" speed="13.77" pos="171.74" lane="2/4to2/3_0" slope="0.00"/>
        <vehicle id="17" x="398.35" y="461.25" angle="0.00" type="DEFAULT_VEHTYPE" speed="13.85" pos="134.00" lane="2/3to2/2_0" slope="0.00"/>
        <vehicle id="2" x="263.49" y="401.65" angle="-90.00" type="DEFAULT_VEHTYPE" speed="13.06" pos="131.76" lane="2/2to1/2_0" slope="0.00"/>
        <vehicle id="20" x="724.48" y="601.65" angle="-90.00" type="DEFAULT_VEHTYPE" speed="13.82" pos="75.52" lane="4/3to3/3_0" slope="0.00"/>
        <vehicle id="23" x="386.56" y="598.35" angle="90.00" type="DEFAULT_VEHTYPE" speed="6.83" pos="181.81" lane="1/3to2/3_0" slope="0.00"/>
        <vehicle id="7" x="398.35" y="19.54" angle="0.00" type="DEFAULT_VEHTYPE" speed="12.85" pos="175.71" lane="2/1to2/0_0" slope="0.00"/>
        <vehicle id="9" x="194.98" y="398.35" angle="90.00" type="DEFAULT_VEHTYPE" speed="4.53" pos="194.98" lane="0/2to1/2_0" slope="0.00"/>
    </timestep>
    <timestep time="141.00">
        <vehicle id="12" x="398.35" y="614.51" angle="0.00" type="DEFAULT_VEHTYPE" speed="13.75" pos="185.49" lane="2/4to2/3_0" slope="0.00"/>
        <vehicle id="17" x="398.35" y="448.10" angle="0.00" type="DEFAULT_VEHTYPE" speed="13.14" pos="147.15" lane="2/3to2/2_0" slope="0.00"/>
        <vehicle id="2" x="249.94" y="401.65" angle="-90.00" type="DEFAULT_VEHTYPE" speed="13.55" pos="145.31" lane="2/2to1/2_0" slope="0.00"/>
        <vehicle id="20" x="711.09" y="601.65" angle="-90.00" type="DEFAULT_VEHTYPE" speed="13.40" pos="88.91" lane="4/3to3/3_0" slope="0.00"/>
        <vehicle id="23" x="389.88" y="598.35" angle="90.00" type="DEFAULT_VEHTYPE" speed="3.32" pos="185.13" lane="1/3to2/3_0" slope="0.00"/>
        <vehicle id="7" x="398.35" y="6.66" angle="0.00" type="DEFAULT_VEHTYPE" speed="12.88" pos="188.59" lane="2/1to2/0_0" slope="0.00"/>
        <vehicle id="9" x="200.74" y="401.11" angle="122.44" type="DEFAULT_VEHTYPE" speed="6.78" pos="6.51" lane=":1/2_14_0" slope="0.00"/>
    </timestep>
    <timestep time="142.00">
        <vehicle id="12" x="398.35" y="601.64" angle="0.00" type="DEFAULT_VEHTYPE" speed="12.87" pos="3.11" lane=":2/3_1_0" slope="0.00"/>
        <vehicle id="17" x="398.35" y="434.24" angle="0.00" type="DEFAULT_VEHTYPE" speed="13.86" pos="161.01" lane="2/3to2/2_0" slope="0.00"/>
        <vehicle id="2" x="237.10" y="401.65" angle="-90.00" type="DEFAULT_VEHTYPE" speed="12.84" pos="158.15" lane="2/2to1/2_0" slope="0.00"/>
        <vehicle id="20" x="697.39" y="601.65" angle="-90.00" type="DEFAULT_VEHTYPE" speed="13.70" pos="102.61" lane="4/3to3/3_0" slope="0.00"/>
        <vehicle id="23" x="391.57" y="598.35" angle="90.00" type="DEFAULT_VEHTYPE" speed="1.69" pos="186.82" lane="1/3to2/3_0" slope="0.00"/>
        <vehicle id="7" x="401.65" y="2.34" angle="154.21" type="DEFAULT_VEHTYPE" speed="13.82" pos="2.34" lane="2/0to2/1_0" slope="0.00"/>
        <vehicle id="9" x="201.65" y="409.23" angle="179.16" type="DEFAULT_VEHTYPE" speed="8.29" pos="4.48" lane="1/2to1/3_0" slope="0.00"/>
    </timestep>
    <timestep time="143.00">
        <vehicle id="12" x="398.35" y="588.13" angle="0.00" type="DEFAULT_VEHTYPE" speed="13.51" pos="7.12" lane="2/3to2/2_0" slope="0.00"/>
        <vehicle id="17" x="398.35" y="420.78" angle="0.00" type="DEFAULT_VEHTYPE" speed="13.47" pos="174.47" lane="2/3to2/2_0" slope="0.00"/>
        <vehicle id="2" x="225.82" y="401.65" angle="-90.00" type="DEFAULT_VEHTYPE" speed="11.28" pos="169.43" lane="2/2to1/2_0" slope="0.00"/>
        <vehicle id="20" x="684.25" y="601.65" angle="-90.00" type="DEFAULT_VEHTYPE" speed="13.14" pos="115.75" lane="4/3to3/3_0" slope="0.00"/>
        <vehicle id="23" x="395.24" y="598.35" angle="90.00" type="DEFAULT_VEHTYPE" speed="3.67" pos="190.49" lane="1/3to2/3_0" slope="0.00"/>
        <vehicle id="7" x="401.65" y="15.72" angle="180.00" type="DEFAULT_VEHTYPE" speed="13.38" pos="15.72" lane="2/0to2/1_0" slope="0.00"/>
        <vehicle id="9" x="201.65" y="419.53" angle="180.00" type="DEFAULT_VEHTYPE" speed="10.30" pos="14.78" lane="1/2to1/3_0" slope="0.00"/>
    </timestep>
    <timestep time="144.00">
        <vehicle id="12" x="398.35" y="575.07" angle="0.00" type="DEFAULT_VEHTYPE" speed="13.06" pos="20.18" lane="2/3to2/2_0" slope="0.00"/>
        <vehicle id="17" x="398.35" y="407.61" angle="0.00" type="DEFAULT_VEHTYPE" speed="13.16" pos="187.64" lane="2/3to2/2_0" slope="0.00"/>
        <vehicle id="2" x="217.63" y="401.65" angle="-90.00" type="DEFAULT_VEHTYPE" speed="8.19" pos="177.62" lane="2/2to1/2_0" slope="0.00"/>
        <vehicle id="20" x="670.91" y="601.65" angle="-90.00" type="DEFAULT_VEHTYPE" speed="13.34" pos="129.09" lane="4/3to3/3_0" slope="0.00"/>
        <vehicle id="23" x="400.48" y="600.66" angle="117.10" type="DEFAULT_VEHTYPE" speed="6.00" pos="5.99" lane=":2/3_14_0" slope="0.00"/>
        <vehicle id="7" x="401.65" y="29.01" angle="180.00" type="DEFAULT_VEHTYPE" speed="13.29" pos="29.01" lane="2/0to2/1_0" slope="0.00"/>
        <vehicle id="9" x="201.65" y="431.47" angle="180.00" type="DEFAULT_VEHTYPE" speed="11.94" pos="26.72" lane="1/2to1/3_0" slope="0.00"/>
    </timestep>
    <timestep time="145.00">
        <vehicle id="12" x="398.35" y="562.33" angle="0.00" type="DEFAULT_VEHTYPE" speed="12.74" pos="32.92" lane="2/3to2/2_0" slope="0.00"/>
        <vehicle id="17" x="398.35" y="393.77" angle="0.00" type="DEFAULT_VEHTYPE" speed="13.84" pos="1.48" lane="2/2to2/1_0" slope="0.00"/>
        <vehicle id="2" x="211.93" y="401.65" angle="-90.00" type="DEFAULT_VEHTYPE" speed="5.70" pos="183.32" lane="2/2to1/2_0" slope="0.00"/>
        <vehicle id="20" x="657.60" y="601.65" angle="-90.00" type="DEFAULT_VEHTYPE" speed="13.31" pos="142.40" lane="4/3to3/3_0" slope="0.00"/>
        <vehicle id="23" x="401.65" y="607.82" angle="176.86" type="DEFAULT_VEHTYPE" speed="7.40" pos="3.07" lane="2/3to2/4_0" slope="0.00"/>
        <vehicle id="7" x="401.65" y="42.69" angle="180.00" type="DEFAULT_VEHTYPE" speed="13.68" pos="42.69" lane="2/0to2/1_0" slope="0.00"/>
        <vehicle id="9" x="201.65" y="444.73" angle="180.00" type="DEFAULT_VEHTYPE" speed="13.26" pos="39.98" lane="1/2to1/3_0" slope="0.00"/>
    </timestep>
    <timestep time="146.00">
        <vehicle id="12" x="398.35" y="548.87" angle="0.00" type="DEFAULT_VEHTYPE" speed="13.46" pos="46.38" lane="2/3to2/2_0" slope="0.00"/>
        <vehicle id="17" x="398.35" y="379.94" angle="0.00" type="DEFAULT_VEHTYPE" speed="13.83" pos="15.31" lane="2/2to2/1_0" slope="0.00"/>
        <vehicle id="2" x="209.71" y="401.65" angle="-90.00" type="DEFAULT_VEHTYPE" speed="2.22" pos="185.54" lane="2/2to1/2_0" slope="0.00"/>
        <vehicle id="20" x="644.72" y="601.65" angle="-90.00" type="DEFAULT_VEHTYPE" speed="12.88" pos="155.28" lane="4/3to3/3_0" slope="0.00"/>
        <vehicle id="23" x="401.65" y="617.70" angle="180.00" type="DEFAULT_VEHTYPE" speed="9.87" pos="12.95" lane="2/3to2/4_0" slope="0.00"/>
        <vehicle id="7" x="401.65" y="56.41" angle="180.00" type="DEFAULT_VEHTYPE" speed="13.72" pos="56.41" lane="2/0to2/1_0" slope="0.00"/>
        <vehicle id="9" x="201.65" y="458.09" angle="180.00" type="DEFAULT_VEHTYPE" speed="13.37" pos="53.34" lane="1/2to1/3_0" slope="0.00"/>
    </timestep>
    <timestep time="147.00">
        <vehicle id="12" x="398.35" y="535.27" angle="0.00" type="DEFAULT_VEHTYPE" speed="13.60" pos="59.98" lane="2/3to2/2_0" slope="0.00"/>
        <vehicle id="17" x="398.35" y="366.35" angle="0.00" type="DEFAULT_VEHTYPE" speed="13.58" pos="28.90" lane="2/2to2/1_0" slope="0.00"/>
        <vehicle id="2" x="205.61" y="401.65" angle="-90.00" type="DEFAULT_VEHTYPE" speed="4.09" pos="189.64" lane="2/2to1/2_0" slope="0.00"/>
        <vehicle id="20" x="632.03" y="601.65" angle="-90.00" type="DEFAULT_VEHTYPE" speed="12.69" pos="167.97" lane="4/3to3/3_0" slope="0.00"/>
        <vehicle id="23" x="401.65" y="629.75" angle="180.00" type="DEFAULT_VEHTYPE" speed="12.05" pos="25.00" lane="2/3to2/4_0" slope="0.00"/>
        <vehicle id="7" x="401.65" y="69.68" angle="180.00" type="DEFAULT_VEHTYPE" speed="13.28" pos="69.68" lane="2/0to2/1_0" slope="0.00"/>
        <vehicle id="9" x="201.65" y="471.49" angle="180.00" type="DEFAULT_VEHTYPE" speed="13.40" pos="66.74" lane="1/2to1/3_0" slope="0.00"/>
    </timestep>
    <timestep time="148.00">
        <vehicle id="12" x="398.35" y="522.35" angle="0.00" type="DEFAULT_VEHTYPE" speed="12.91" pos="72.90" lane="2/3to2/2_0" slope="0.00"/>
        <vehicle id="17" x="398.35" y="353.01" angle="0.00" type="DEFAULT_VEHTYPE" speed="13.35" pos="42.24" lane="2/2to2/1_0" slope="0.00"/>
        <vehicle id="2" x="199.85" y="401.65" angle="-90.00" type="DEFAULT_VEHTYPE" speed="5.77" pos="4.90" lane=":1/2_5_0" slope="0.00"/>
        <vehicle id="20" x="620.98" y="601.65" angle="-90.00" type="DEFAULT_VEHTYPE" speed="11.05" pos="179.02" lane="4/3to3/3_0" slope="0.00"/>
        <vehicle id="23" x="401.65" y="643.61" angle="180.00" type="DEFAULT_VEHTYPE" speed="13.86" pos="38.86" lane="2/3to2/4_0" slope="0.00"/>
        <vehicle id="7" x="401.65" y="82.93" angle="180.00" type="DEFAULT_VEHTYPE" speed="13.25" pos="82.93" lane="2/0to2/1_0" slope="0.00"/>
        <vehicle id="9" x="201.65" y="484.77" angle="180.00" type="DEFAULT_VEHTYPE" speed="13.28" pos="80.02" lane="1/2to1/3_0" slope="0.00"/>
    </timestep>
    <timestep time="149.00">
        <vehicle id="12" x="398.35" y="509.28" angle="0.00" type="DEFAULT_VEHTYPE" speed="13.07" pos="85.97" lane="2/3to2/2_0" slope="0.00"/>
        <vehicle id="17" x="398.35" y="339.32" angle="0.00" type="DEFAULT_VEHTYPE" speed="13.69" pos="55.93" lane="2/2to2/1_0" slope="0.00"/>
        <vehicle id="2" x="192.60" y="401.65" angle="-90.00" type="DEFAULT_VEHTYPE" speed="7.25" pos="2.65" lane="1/2to0/2_0" slope="0.00"/>
        <vehicle id="20" x="613.52" y="601.65" angle="-90.00" type="DEFAULT_VEHTYPE" speed="7.46" pos="186.48" lane="4/3to3/3_0" slope="0.00"/>
        <vehicle id="23" x="401.65" y="656.58" angle="180.00" type="DEFAULT_VEHTYPE" speed="12.97" pos="51.83" lane="2/3to2/4_0" slope="0.00"/>
        <vehicle id="7" x="401.65" y="95.67" angle="180.00" type="DEFAULT_VEHTYPE" speed="12.74" pos="95.67" lane="2/0to2/1_0" slope="0.00"/>
        <vehicle id="9" x="201.65" y="497.47" angle="180.00" type="DEFAULT_VEHTYPE" speed="12.71" pos="92.72" lane="1/2to1/3_0" slope="0.00"/>
    </timestep>
    <timestep time="150.00">
        <vehicle id="12" x="398.35" y="495.57" angle="0.00" type="DEFAULT_VEHTYPE" speed="13.71" pos="99.68" lane="2/3to2/2_0" slope="0.00"/>
        <vehicle id="17" x="398.35" y="325.42" angle="0.00" type="DEFAULT_VEHTYPE" speed="13.89" pos="69.83" lane="2/2to2/1_0" slope="0.00"/>
        <vehicle id="2" x="183.65" y="401.65" angle="-90.00" type="DEFAULT_VEHTYPE" speed="8.95" pos="11.60" lane="1/2to0/2_0" slope="0.00"/>
        <vehicle id="20" x="610.29" y="601.65" angle="-90.00" type="DEFAULT_VEHTYPE" speed="3.23" pos="189.71" lane="4/3to3/3_0" slope="0.00"/>
        <vehicle id="23" x="401.65" y="670.30" angle="180.00" type="DEFAULT_VEHTYPE" speed="13.72" pos="65.55" lane="2/3to2/4_0" slope="0.00"/>
        <vehicle id="7" x="401.65" y="109.26" angle="180.00" type="DEFAULT_VEHTYPE" speed="13.59" pos="109.26" lane="2/0to2/1_0" slope="0.00"/>
        <vehicle id="9" x="201.65" y="510.89" angle="180.00" type="DEFAULT_VEHTYPE" speed="13.42" pos="106.14" lane="1/2to1/3_0" slope="0.00"/>
    </timestep>
    <timestep time="151.00">
        <vehicle id="12" x="398.35" y="481.72" angle="0.00" type="DEFAULT_VEHTYPE" speed="13.85" pos="113.53" lane="2/3to2/2_0" slope="0.00"/>
        <vehicle id="17" x="398.35" y="311.63" angle="0.00" type="DEFAULT_VEHTYPE" speed="13.79" pos="83.62" lane="2/2to2/1_0" slope="0.00"/>
        <vehicle id="2" x="172.68" y="401.65" angle="-90.00" type="DEFAULT_VEHTYPE" speed="10.97" pos="22.57" lane="1/2to0/2_0" slope="0.00"/>
        <vehicle id="20" x="605.22" y="601.65" angle="-90.00" type="DEFAULT_VEHTYPE" speed="5.07" pos="194.78" lane="4/3to3/3_0" slope="0.00"/>
        <vehicle id="23" x="401.65" y="683.23" angle="180.00" type="DEFAULT_VEHTYPE" speed="12.93" pos="78.48" lane="2/3to2/4_0" slope="0.00"/>
        <vehicle id="7" x="401.65" y="122.75" angle="180.00" type="DEFAULT_VEHTYPE" speed="13.49" pos="122.75" lane="2/0to2/1_0" slope="0.00"/>
        <vehicle id="9" x="201.65" y="524.11" angle="180.00" type="DEFAULT_VEHTYPE" speed="13.21" pos="119.36" lane="1/2to1/3_0" slope="0.00"/>
    </timestep>
    <timestep time="152.00">
        <vehicle id="12" x="398.35" y="468.22" angle="0.00" type="DEFAULT_VEHTYPE" speed="13.50" pos="127.03" lane="2/3to2/2_0" slope="0.00"/>
        <vehicle id="17" x="398.35" y="298.58" angle="0.00" type="DEFAULT_VEHTYPE" speed="13.05" pos="96.67" lane="2/2to2/1_0" slope="0.00"/>
        <vehicle id="2" x="159.23" y="401.65" angle="-90.00" type="DEFAULT_VEHTYPE" speed="13.45" pos="36.02" lane="1/2to0/2_0" slope="0.00"/>
        <vehicle id="20" x="598.91" y="598.31" angle="-50.53" type="DEFAULT_VEHTYPE" speed="7.65" pos="7.19" lane=":3/3_6_0" slope="0.00"/>
        <vehicle id="23" x="401.65" y="696.66" angle="180.00" type="DEFAULT_VEHTYPE" speed="13.43" pos="91.91" lane="2/3to2/4_0" slope="0.00"/>
        <vehicle id="7" x="401.65" y="136.27" angle="180.00" type="DEFAULT_VEHTYPE" speed="13.52" pos="136.27" lane="2/0to2/1_0" slope="0.00"/>
        <vehicle id="9" x="201.65" y="536.79" angle="180.00" type="DEFAULT_VEHTYPE" speed="12.68" pos="132.04" lane="1/2to1/3_0" slope="0.00"/>
    </timestep>
    <timestep time="153.00">
        <vehicle id="12" x="398.35" y="455.04" angle="0.00" type="DEFAULT_VEHTYPE" speed="13.18" pos="140.21" lane="2/3to2/2_0" slope="0.00"/>
        <vehicle id="17" x="398.35" y="285.66" angle="0.00" type="DEFAULT_VEHTYPE" speed="12.91" pos="109.59" lane="2/2to2/1_0" slope="0.00"/>
        <vehicle id="2" x="145.85" y="401.65" angle="-90.00" type="DEFAULT_VEHTYPE" speed="13.38" pos="49.40" lane="1/2to0/2_0" slope="0.00"/>
        <vehicle id="20" x="598.35" y="588.61" angle="0.00" type="DEFAULT_VEHTYPE" speed="9.77" pos="6.64" lane="3/3to3/2_0" slope="0.00"/>
        <vehicle id="23" x="401.65" y="710.11" angle="180.00" type="DEFAULT_VEHTYPE" speed="13.45" pos="105.36" lane="2/3to2/4_0" slope="0.00"/>
        <vehicle id="7" x="401.65" y="149.75" angle="180.00" type="DEFAULT_VEHTYPE" speed="13.48" pos="149.75" lane="2/0to2/1_0" slope="0.00"/>
        <vehicle id="9" x="201.65" y="549.89" angle="180.00" type="DEFAULT_VEHTYPE" speed="13.11" pos="145.14" lane="1/2to1/3_0" slope="0.00"/>
    </timestep>
    <timestep time="154.00">
        <vehicle id="12" x="398.35" y="441.44" angle="0.00" type="DEFAULT_VEHTYPE" speed="13.60" pos="153.81" lane="2/3to2/2_0" slope="0.00"/>
        <vehicle id="17" x="398.35" y="272.40" angle="0.00" type="DEFAULT_VEHTYPE" speed="13.27" pos="122.85" lane="2/2to2/1_0" slope="0.00"/>
        <vehicle id="2" x="132.70" y="401.65" angle="-90.00" type="DEFAULT_VEHTYPE" speed="13.15" pos="62.55" lane="1/2to0/2_0" slope="0.00"/>
        <vehicle id="20" x="598.35" y="577.03" angle="0.00" type="DEFAULT_VEHTYPE" speed="11.58" pos="18.22" lane="3/3to3/2_0" slope="0.00"/>
        <vehicle id="23" x="401.65" y="722.99" angle="180.00" type="DEFAULT_VEHTYPE" speed="12.88" pos="118.24" lane="2/3to2/4_0" slope="0.00"/>
        <vehicle id="7" x="401.65" y="163.57" angle="180.00" type="DEFAULT_VEHTYPE" speed="13.83" pos="163.57" lane="2/0to2/1_0" slope="0.00"/>
        <vehicle id="9" x="201.65" y="562.88" angle="180.00" type="DEFAULT_VEHTYPE" speed="12.99" pos="158.13" lane="1/2to1/3_0" slope="0.00"/>
    </timestep>
    <timestep time="155.00">
        <vehicle id="12" x="398.35" y="427.75" angle="0.00" type="DEFAULT_VEHTYPE" speed="13.69" pos="167.50" lane="2/3to2/2_0" slope="0.00"/>
        <vehicle id="17" x="398.35" y="259.38" angle="0.00" type="DEFAULT_VEHTYPE" speed="13.02" pos="135.87" lane="2/2to2/1_0" slope="0.00"/>
        <vehicle id="2" x="119.69" y="401.65" angle="-90.00" type="DEFAULT_VEHTYPE" speed="13.01" pos="75.56" lane="1/2to0/2_0" slope="0.00"/>
        <vehicle id="20" x="598.35" y="563.48" angle="0.00" type="DEFAULT_VEHTYPE" speed="13.56" pos="31.77" lane="3/3to3/2_0" slope="0.00"/>
        <vehicle id="23" x="401.65" y="736.52" angle="180.00" type="DEFAULT_VEHTYPE" speed="13.53" pos="131.77" lane="2/3to2/4_0" slope="0.00"/>
        <vehicle id="7" x="401.65" y="176.38" angle="180.00" type="DEFAULT_VEHTYPE" speed="12.80" pos="176.38" lane="2/0to2/1_0" slope="0.00"/>
        <vehicle id="9" x="201.65" y="576.51" angle="180.00" type="DEFAULT_VEHTYPE" speed="13.63" pos="171.76" lane="1/2to1/3_0" slope="0.00"/>
    </timestep>
    <timestep time="156.00">
        <vehicle id="12" x="398.35" y="414.43" angle="0.00" type="DEFAULT_VEHTYPE" speed="13.32" pos="180.82" lane="2/3to2/2_0" slope="0.00"/>
        <vehicle id="17" x="398.35" y="246.15" angle="0.00" type="DEFAULT_VEHTYPE" speed="13.23" pos="149.10" lane="2/2to2/1_0" slope="0.00"/>
        <vehicle id="2" x="106.96" y="401.65" angle="-90.00" type="DEFAULT_VEHTYPE" speed="12.74" pos="88.29" lane="1/2to0/2_0" slope="0.00"/>
        <vehicle id="20" x="598.35" y="550.10" angle="0.00" type="DEFAULT_VEHTYPE" speed="13.38" pos="45.15" lane="3/3to3/2_0" slope="0.00"/>
        <vehicle id="23" x="401.65" y="749.58" angle="180.00" type="DEFAULT_VEHTYPE" speed="13.06" pos="144.83" lane="2/3to2/4_0" slope="0.00"/>
        <vehicle id="7" x="401.65" y="189.39" angle="180.00" type="DEFAULT_VEHTYPE" speed="13.01" pos="189.39" lane="2/0to2/1_0" slope="0.00"/>
        <vehicle id="9" x="201.65" y="590.30" angle="180.00" type="DEFAULT_VEHTYPE" speed="13.80" pos="185.55" lane="1/2to1/3_0" slope="0.00"/>
    </timestep>
    <timestep time="157.00">
        <vehicle id="12" x="398.35" y="400.82" angle="0.00" type="DEFAULT_VEHTYPE" speed="13.61" pos="3.93" lane=":2/2_1_0" slope="0.00"/>
        <vehicle id="17" x="398.35" y="233.30" angle="0.00" type="DEFAULT_VEHTYPE" speed="12.85" pos="161.95" lane="2/2to2/1_0" slope="0.00"/>
        <vehicle id="2" x="93.09" y="401.65" angle="-90.00" type="DEFAULT_VEHTYPE" speed="13.87" pos="102.16" lane="1/2to0/2_0" slope="0.00"/>
        <vehicle id="20" x="598.35" y="536.52" angle="0.00" type="DEFAULT_VEHTYPE" speed="13.57" pos="58.73" lane="3/3to3/2_0" slope="0.00"/>
        <vehicle id="23" x="401.65" y="763.06" angle="180.00" type="DEFAULT_VEHTYPE" speed="13.47" pos="158.31" lane="2/3to2/4_0" slope="0.00"/>
        <vehicle id="7" x="407.08" y="198.35" angle="100.92" type="DEFAULT_VEHTYPE" speed="13.19" pos="2.33" lane="2/1to3/1_0" slope="0.00"/>
        <vehicle id="9" x="207.82" y="598.35" angle="95.61" type="DEFAULT_VEHTYPE" speed="13.01" pos="3.07" lane="1/3to2/3_0" slope="0.00"/>
    </timestep>
    <timestep time="158.00">
        <vehicle id="12" x="398.35" y="387.43" angle="0.00" type="DEFAULT_VEHTYPE" speed="13.39" pos="7.82" lane="2/2to2/1_0" slope="0.00"/>
        <vehicle id="17" x="398.35" y="220.68" angle="0.00" type="DEFAULT_VEHTYPE" speed="12.61" pos="174.57" lane="2/2to2/1_0" slope="0.00"/>
        <vehicle id="2" x="79.62" y="401.65" angle="-90.00" type="DEFAULT_VEHTYPE" speed="13.47" pos="115.63" lane="1/2to0/2_0" slope="0.00"/>
        <vehicle id="20" x="598.35" y="523.06" angle="0.00" type="DEFAULT_VEHTYPE" speed="13.46" pos="72.19" lane="3/3to3/2_0" slope="0.00"/>
        <vehicle id="23" x="401.65" y="776.00" angle="180.00" type="DEFAULT_VEHTYPE" speed="12.95" pos="171.25" lane="2/3to2/4_0" slope="0.00"/>
        <vehicle id="7" x="420.24" y="198.35" angle="90.00" type="DEFAULT_VEHTYPE" speed="13.16" pos="15.49" lane="2/1to3/1_0" slope="0.00"/>
        <vehicle id="9" x="221.14" y="598.35" angle="90.00" type="DEFAULT_VEHTYPE" speed="13.32" pos="16.39" lane="1/3to2/3_0" slope="0.00"/>
    </timestep>
    <timestep time="159.00">
        <vehicle id="12" x="398.35" y="373.69" angle="0.00" type="DEFAULT_VEHTYPE" speed="13.74" pos="21.56" lane="2/2to2/1_0" slope="0.00"/>
        <vehicle id="17" x="398.35" y="207.98" angle="0.00" type="DEFAULT_VEHTYPE" speed="12.70" pos="187.27" lane="2/2to2/1_0" slope="0.00"/>
        <vehicle id="2" x="66.33" y="401.65" angle="-90.00" type="DEFAULT_VEHTYPE" speed="13.29" pos="128.92" lane="1/2to0/2_0" slope="0.00"/>
        <vehicle id="20" x="598.35" y="510.36" angle="0.00" type="DEFAULT_VEHTYPE" speed="12.71" pos="84.89" lane="3/3to3/2_0" slope="0.00"/>
        <vehicle id="23" x="401.65" y="788.65" angle="180.00" type="DEFAULT_VEHTYPE" speed="12.64" pos="183.90" lane="2/3to2/4_0" slope="0.00"/>
        <vehicle id="7" x="433.48" y="198.35" angle="90.00" type="DEFAULT_VEHTYPE" speed="13.24" pos="28.73" lane="2/1to3/1_0" slope="0.00"/>
        <vehicle id="9" x="233.86" y="598.35" angle="90.00" type="DEFAULT_VEHTYPE" speed="12.72" pos="29.11" lane="1/3to2/3_0" slope="0.00"/>
    </timestep>
    <timestep time="160.00">
        <vehicle id="12" x="398.35" y="360.97" angle="0.00" type="DEFAULT_VEHTYPE" speed="12.71" pos="34.28" lane="2/2to2/1_0" slope="0.00"/>
        <vehicle id="17" x="389.66" y="201.65" angle="-90.00" type="DEFAULT_VEHTYPE" speed="13.83" pos="5.59" lane="2/1to1/1_0" slope="0.00"/>
        <vehicle id="2" x="53.69" y="401.65" angle="-90.00" type="DEFAULT_VEHTYPE" speed="12.64" pos="141.56" lane="1/2to0/2_0" slope="0.00"/>
        <vehicle id="20" x="598.35" y="496.78" angle="0.00" type="DEFAULT_VEHTYPE" speed="13.57" pos="98.47" lane="3/3to3/2_0" slope="0.00"/>
        <vehicle id="23" x="400.39" y="801.46" angle="-164.33" type="DEFAULT_VEHTYPE" speed="13.33" pos="1.97" lane=":2/4_0_0" slope="0.00"/>
        <vehicle id="7" x="446.12" y="198.35" angle="90.00" type="DEFAULT_VEHTYPE" speed="12.64" pos="41.37" lane="2/1to3/1_0" slope="0.00"/>
        <vehicle id="9" x="247.11" y="598.35" angle="90.00" type="DEFAULT_VEHTYPE" speed="13.24" pos="42.36" lane="1/3to2/3_0" slope="0.00"/>
    </timestep>
    <timestep time="161.00">
        <vehicle id="12" x="398.35" y="347.09" angle="0.00" type="DEFAULT_VEHTYPE" speed="13.88" pos="48.16" lane="2/2to2/1_0" slope="0.00"/>
        <vehicle id="17" x="376.30" y="201.65" angle="-90.00" type="DEFAULT_VEHTYPE" speed="13.35" pos="18.95" lane="2/1to1/1_0" slope="0.00"/>
        <vehicle id="2" x="40.93" y="401.65" angle="-90.00" type="DEFAULT_VEHTYPE" speed="12.76" pos="154.32" lane="1/2to0/2_0" slope="0.00"/>
        <vehicle id="20" x="598.35" y="483.12" angle="0.00" type="DEFAULT_VEHTYPE" speed="13.66" pos="112.13" lane="3/3to3/2_0" slope="0.00"/>
        <vehicle id="23" x="398.35" y="789.64" angle="0.00" type="DEFAULT_VEHTYPE" speed="13.20" pos="10.36" lane="2/4to2/3_0" slope="0.00"/>
        <vehicle id="7" x="460.01" y="198.35" angle="90.00" type="DEFAULT_VEHTYPE" speed="13.89" pos="55.26" lane="2/1to3/1_0" slope="0.00"/>
        <vehicle id="9" x="260.11" y="598.35" angle="90.00" type="DEFAULT_VEHTYPE" speed="13.01" pos="55.36" lane="1/3to2/3_0" slope="0.00"/>
    </timestep>
    <timestep time="162.00">
        <vehicle id="12" x="398.35" y="334.31" angle="0.00" type="DEFAULT_VEHTYPE" speed="12.78" pos="60.94" lane="2/2to2/1_0" slope="0.00"/>
        <vehicle id="17" x="363.50" y="201.65" angle="-90.00" type="DEFAULT_VEHTYPE" speed="12.81" pos="31.75" lane="2/1to1/1_0" slope="0.00"/>
        <vehicle id="2" x="28.05" y="401.65" angle="-90.00" type="DEFAULT_VEHTYPE" speed="12.88" pos="167.20" lane="1/2to0/2_0" slope="0.00"/>
        <vehicle id="20" x="598.35" y="469.26" angle="0.00" type="DEFAULT_VEHTYPE" speed="13.86" pos="125.99" lane="3/3to3/2_0" slope="0.00"/>
        <vehicle id="23" x="398.35" y="776.61" angle="0.00" type="DEFAULT_VEHTYPE" speed="13.04" pos="23.39" lane="2/4to2/3_0" slope="0.00"/>
        <vehicle id="7" x="472.83" y="198.35" angle="90.00" type="DEFAULT_VEHTYPE" speed="12.82" pos="68.08" lane="2/1to3/1_0" slope="0.00"/>
        <vehicle id="9" x="272.78" y="598.35" angle="90.00" type="DEFAULT_VEHTYPE" speed="12.67" pos="68.03" lane="1/3to2/3_0" slope="0.00"/>
    </timestep>
    <timestep time="163.00">
        <vehicle id="12" x="398.35" y="321.17" angle="0.00" type="DEFAULT_VEHTYPE" speed="13.14" pos="74.08" lane="2/2to2/1_0" slope="0.00"/>
        <vehicle id="17" x="350.25" y="201.65" angle="-90.00" type="DEFAULT_VEHTYPE" speed="13.25" pos="45.00" lane="2/1to1/1_0" slope="0.00"/>
        <vehicle id="2" x="14.80" y="401.65" angle="-90.00" type="DEFAULT_VEHTYPE" speed="13.25" pos="180.45" lane="1/2to0/2_0" slope="0.00"/>
        <vehicle id="20" x="598.35" y="455.64" angle="0.00" type="DEFAULT_VEHTYPE" speed="13.62" pos="139.61" lane="3/3to3/2_0" slope="0.00"/>
        <vehicle id="23" x="398.35" y="763.63" angle="0.00" type="DEFAULT_VEHTYPE" speed="12.97" pos="36.37" lane="2/4to2/3_0" slope="0.00"/>
        <vehicle id="7" x="485.90" y="198.35" angle="90.00" type="DEFAULT_VEHTYPE" speed="13.06" pos="81.15" lane="2/1to3/1_0" slope="0.00"/>
        <vehicle id="9" x="285.87" y="598.35" angle="90.00" type="DEFAULT_VEHTYPE" speed="13.08" pos="81.12" lane="1/3to2/3_0" slope="0.00"/>
    </timestep>
    <timestep time="164.00">
        <vehicle id="12" x="398.35" y="307.96" angle="0.00" type="DEFAULT_VEHTYPE" speed="13.21" pos="87.29" lane="2/2to2/1_0" slope="0.00"/>
        <vehicle id="17" x="336.67" y="201.65" angle="-90.00" type="DEFAULT_VEHTYPE" speed="13.58" pos="58.58" lane="2/1to1/1_0" slope="0.00"/>
        <vehicle id="2" x="2.04" y="401.65" angle="-90.00" type="DEFAULT_VEHTYPE" speed="12.76" pos="193.21" lane="1/2to0/2_0" slope="0.00"/>
        <vehicle id="20" x="598.35" y="442.18" angle="0.00" type="DEFAULT_VEHTYPE" speed="13.45" pos="153.07" lane="3/3to3/2_0" slope="0.00"/>
        <vehicle id="23" x="398.35" y="749.92" angle="0.00" type="DEFAULT_VEHTYPE" speed="13.71" pos="50.08" lane="2/4to2/3_0" slope="0.00"/>
        <vehicle id="7" x="499.17" y="198.35" angle="90.00" type="DEFAULT_VEHTYPE" speed="13.28" pos="94.42" lane="2/1to3/1_0" slope="0.00"/>
        <vehicle id="9" x="298.86" y="598.35" angle="90.00" type="DEFAULT_VEHTYPE" speed="12.99" pos="94.11" lane="1/3to2/3_0" slope="0.00"/>
    </timestep>
    <timestep time="165.00">
        <vehicle id="12" x="398.35" y="295.26" angle="0.00" type="DEFAULT_VEHTYPE" speed="12.70" pos="99.99" lane="2/2to2/1_0" slope="0.00"/>
        <vehicle id="17" x="323.85" y="201.65" angle="-90.00" type="DEFAULT_VEHTYPE" speed="12.83" pos="71.40" lane="2/1to1/1_0" slope="0.00"/>
        <vehicle id="2" x="5.74" y="398.35" angle="90.00" type="DEFAULT_VEHTYPE" speed="12.60" pos="5.74" lane="0/2to1/2_0" slope="0.00"/>
        <vehicle id="20" x="598.35" y="429.22" angle="0.00" type="DEFAULT_VEHTYPE" speed="12.96" pos="166.03" lane="3/3to3/2_0" slope="0.00"/>
        <vehicle id="23" x="398.35" y="736.41" angle="0.00" type="DEFAULT_VEHTYPE" speed="13.51" pos="63.59" lane="2/4to2/3_0" slope="0.00"/>
        <vehicle id="7" x="513.06" y="198.35" angle="90.00" type="DEFAULT_VEHTYPE" speed="13.88" pos="108.31" lane="2/1to3/1_0" slope="0.00"/>
        <vehicle id="9" x="312.04" y="598.35" angle="90.00" type="DEFAULT_VEHTYPE" speed="13.19" pos="107.29" lane="1/3to2/3_0" slope="0.00"/>
    </timestep>
    <timestep time="166.00">
        <vehicle id="12" x="398.35" y="281.97" angle="0.00" type="DEFAULT_VEHTYPE" speed="13.29" pos="113.28" lane="2/2to2/1_0" slope="0.00"/>
        <vehicle id="17" x="311.15" y="201.65" angle="-90.00" type="DEFAULT_VEHTYPE" speed="12.70" pos="84.10" lane="2/1to1/1_0" slope="0.00"/>
        <vehicle id="2" x="18.50" y="398.35" angle="90.00" type="DEFAULT_VEHTYPE" speed="12.75" pos="18.50" lane="0/2to1/2_0" slope="0.00"/>
        <vehicle id="20" x="598.35" y="415.94" angle="0.00" type="DEFAULT_VEHTYPE" speed="13.28" pos="179.31" lane="3/3to3/2_0" slope="0.00"/>
        <vehicle id="23" x="398.35" y="723.59" angle="0.00" type="DEFAULT_VEHTYPE" speed="12.82" pos="76.41" lane="2/4to2/3_0" slope="0.00"/>
        <vehicle id="7" x="525.91" y="198.35" angle="90.00" type="DEFAULT_VEHTYPE" speed="12.85" pos="121.16" lane="2/1to3/1_0" slope="0.00"/>
        <vehicle id="9" x="324.75" y="598.35" angle="90.00" type="DEFAULT_VEHTYPE" speed="12.71" pos="120.00" lane="1/3to2/3_0" slope="0.00"/>
    </timestep>
    <timestep time="167.00">
        <vehicle id="12" x="398.35" y="269.25" angle="0.00" type="DEFAULT_VEHTYPE" speed="12.72" pos="126.00" lane="2/2to2/1_0" slope="0.00"/>
        <vehicle id="17" x="298.34" y="201.65" angle="-90.00" type="DEFAULT_VEHTYPE" speed="12.81" pos="96.91" lane="2/1to1/1_0" slope="0.00"/>
        <vehicle id="2" x="31.84" y="398.35" angle="90.00" type="DEFAULT_VEHTYPE" speed="13.34" pos="31.84" lane="0/2to1/2_0" slope="0.00"/>
        <vehicle id="20" x="597.66" y="402.55" angle="-8.12" type="DEFAULT_VEHTYPE" speed="13.54" pos="2.35" lane=":3/2_0_0" slope="0.00"/>
        <vehicle id="23" x="398.35" y="709.85" angle="0.00" type="DEFAULT_VEHTYPE" speed="13.74" pos="90.15" lane="2/4to2/3_0" slope="0.00"/>
        <vehicle id="7" x="539.76" y="198.35" angle="90.00" type="DEFAULT_VEHTYPE" speed="13.85" pos="135.01" lane="2/1to3/1_0" slope="0.00"/>
        <vehicle id="9" x="338.62" y="598.35" angle="90.00" type="DEFAULT_VEHTYPE" speed="13.87" pos="133.87" lane="1/3to2/3_0" slope="0.00"/>
    </timestep>
    <timestep time="168.00">
        <vehicle id="12" x="398.35" y="255.55" angle="0.00" type="DEFAULT_VEHTYPE" speed="13.71" pos="139.70" lane="2/2to2/1_0" slope="0.00"/>
        <vehicle id="17" x="285.50" y="201.65" angle="-90.00" type="DEFAULT_VEHTYPE" speed="12.84" pos="109.75" lane="2/1to1/1_0" slope="0.00"/>
        <vehicle id="2" x="45.15" y="398.35" angle="90.00" type="DEFAULT_VEHTYPE" speed="13.31" pos="45.15" lane="0/2to1/2_0" slope="0.00"/>
        <vehicle id="20" x="585.07" y="401.65" angle="-90.00" type="DEFAULT_VEHTYPE" speed="12.83" pos="10.18" lane="3/2to2/2_0" slope="0.00"/>
        <vehicle id="23" x="398.35" y="696.20" angle="0.00" type="DEFAULT_VEHTYPE" speed="13.65" pos="103.80" lane="2/4to2/3_0" slope="0.00"/>
        <vehicle id="7" x="553.43" y="198.35" angle="90.00" type="DEFAULT_VEHTYPE" speed="13.67" pos="148.68" lane="2/1to3/1_0" slope="0.00"/>
        <vehicle id="9" x="351.32" y="598.35" angle="90.00" type="DEFAULT_VEHTYPE" speed="12.70" pos="146.57" lane="1/3to2/3_0" slope="0.00"/>
    </timestep>
    <timestep time="169.00">
        <vehicle id="12" x="398.35" y="242.66" angle="0.00" type="DEFAULT_VEHTYPE" speed="12.89" pos="152.59" lane="2/2to2/1_0" slope="0.00"/>
        <vehicle id="17" x="271.88" y="201.65" angle="-90.00" type="DEFAULT_VEHTYPE" speed="13.62" pos="123.37" lane="2/1to1/1_0" slope="0.00"/>
        <vehicle id="2" x="58.46" y="398.35" angle="90.00" type="DEFAULT_VEHTYPE" speed="13.31" pos="58.46" lane="0/2to1/2_0" slope="0.00"/>
        <vehicle id="20" x="572.08" y="401.65" angle="-90.00" type="DEFAULT_VEHTYPE" speed="12.99" pos="23.17" lane="3/2to2/2_0" slope="0.00"/>
        <vehicle id="23" x="398.35" y="682.41" angle="0.00" type="DEFAULT_VEHTYPE" speed="13.79" pos="117.59" lane="2/4to2/3_0" slope="0.00"/>
        <vehicle id="7" x="567.23" y="198.35" angle="90.00" type="DEFAULT_VEHTYPE" speed="13.81" pos="162.48" lane="2/1to3/1_0" slope="0.00"/>
        <vehicle id="9" x="364.22" y="598.35" angle="90.00" type="DEFAULT_VEHTYPE" speed="12.90" pos="159.47" lane="1/3to2/3_0" slope="0.00"/>
    </timestep>
    <timestep time="170.00">
        <vehicle id="12" x="398.35" y="228.90" angle="0.00" type="DEFAULT_VEHTYPE" speed="13.76" pos="166.35" lane="2/2to2/1_0" slope="0.00"/>
        <vehicle id="17" x="259.20" y="201.65" angle="-90.00" type="DEFAULT_VEHTYPE" speed="12.68" pos="136.05" lane="2/1to1/1_0" slope="0.00"/>
        <vehicle id="2" x="71.95" y="398.35" angle="90.00" type="DEFAULT_VEHTYPE" speed="13.49" pos="71.95" lane="0/2to1/2_0" slope="0.00"/>
        <vehicle id="20" x="558.24" y="401.65" angle="-90.00" type="DEFAULT_VEHTYPE" speed="13.84" pos="37.01" lane="3/2to2/2_0" slope="0.00"/>
        <vehicle id="23" x="398.35" y="668.55" angle="0.00" type="DEFAULT_VEHTYPE" speed="13.86" pos="131.45" lane="2/4to2/3_0" slope="0.00"/>
        <vehicle id="7" x="577.78" y="198.35" angle="90.00" type="DEFAULT_VEHTYPE" speed="10.54" pos="173.03" lane="2/1to3/1_0" slope="0.00"/>
        <vehicle id="9" x="375.33" y="598.35" angle="90.00" type="DEFAULT_VEHTYPE" speed="11.11" pos="170.58" lane="1/3to2/3_0" slope="0.00"/>
    </timestep>
    <timestep time="171.00">
        <vehicle id="12" x="398.35" y="215.38" angle="0.00" type="DEFAULT_VEHTYPE" speed="13.51" pos="179.87" lane="2/2to2/1_0" slope="0.00"/>
        <vehicle id="17" x="246.17" y="201.65" angle="-90.00" type="DEFAULT_VEHTYPE" speed="13.03" pos="149.08" lane="2/1to1/1_0" slope="0.00"/>
        <vehicle id="2" x="84.70" y="398.35" angle="90.00" type="DEFAULT_VEHTYPE" speed="12.75" pos="84.70" lane="0/2to1/2_0" slope="0.00"/>
        <vehicle id="20" x="544.51" y="401.65" angle="-90.00" type="DEFAULT_VEHTYPE" speed="13.73" pos="50.74" lane="3/2to2/2_0" slope="0.00"/>
        <vehicle id="23" x="398.35" y="654.95" angle="0.00" type="DEFAULT_VEHTYPE" speed="13.60" pos="145.05" lane="2/4to2/3_0" slope="0.00"/>
        <vehicle id="7" x="584.94" y="198.35" angle="90.00" type="DEFAULT_VEHTYPE" speed="7.16" pos="180.19" lane="2/1to3/1_0" slope="0.00"/>
        <vehicle id="9" x="383.94" y="598.35" angle="90.00" type="DEFAULT_VEHTYPE" speed="8.61" pos="179.19" lane="1/3to2/3_0" slope="0.00"/>
    </timestep>
    <timestep time="172.00">
        <vehicle id="12" x="397.67" y="202.57" angle="-7.94" type="DEFAULT_VEHTYPE" speed="12.96" pos="2.32" lane=":2/1_0_0" slope="0.00"/>
        <vehicle id="17" x="233.43" y="201.65" angle="-90.00" type="DEFAULT_VEHTYPE" speed="12.74" pos="161.82" lane="2/1to1/1_0" slope="0.00"/>
        <vehicle id="2" x="97.91" y="398.35" angle="90.00" type="DEFAULT_VEHTYPE" speed="13.21" pos="97.91" lane="0/2to1/2_0" slope="0.00"/>
        <vehicle id="20" x="531.13" y="401.65" angle="-90.00" type="DEFAULT_VEHTYPE" speed="13.38" pos="64.12" lane="3/2to2/2_0" slope="0.00"/>
        <vehicle id="23" x="398.35" y="641.35" angle="0.00" type="DEFAULT_VEHTYPE" speed="13.60" pos="158.65" lane="2/4to2/3_0" slope="0.00"/>
        <vehicle id="7" x="589.36" y="198.35" angle="90.00" type="DEFAULT_VEHTYPE" speed="4.42" pos="184.61" lane="2/1to3/1_0" slope="0.00"/>
        <vehicle id="9" x="389.34" y="598.35" angle="90.00" type="DEFAULT_VEHTYPE" speed="5.41" pos="184.59" lane="1/3to2/3_0" slope="0.00"/>
    </timestep>
    <timestep time="173.00">
        <vehicle id="12" x="385.28" y="201.65" angle="-90.00" type="DEFAULT_VEHTYPE" speed="12.65" pos="9.97" lane="2/1to1/1_0" slope="0.00"/>
        <vehicle id="17" x="222.83" y="201.65" angle="-90.00" type="DEFAULT_VEHTYPE" speed="10.61" pos="172.42" lane="2/1to1/1_0" slope="0.00"/>
        <vehicle id="2" x="110.87" y="398.35" angle="90.00" type="DEFAULT_VEHTYPE" speed="12.97" pos="110.87" lane="0/2to1/2_0" slope="0.00"/>
        <vehicle id="20" x="518.37" y="401.65" angle="-90.00" type="DEFAULT_VEHTYPE" speed="12.76" pos="76.88" lane="3/2to2/2_0" slope="0.00"/>
        <vehicle id="23" x="398.35" y="627.54" angle="0.00" type="DEFAULT_VEHTYPE" speed="13.80" pos="172.46" lane="2/4to2/3_0" slope="0.00"/>
        <vehicle id="7" x="595.79" y="198.43" angle="90.88" type="DEFAULT_VEHTYPE" speed="6.44" pos="0.54" lane=":3/1_14_0" slope="0.00"/>
        <vehicle id="9" x="396.81" y="598.57" angle="92.56" type="DEFAULT_VEHTYPE" speed="7.48" pos="1.58" lane=":2/3_14_0" slope="0.00"/>
    </timestep>
    <timestep time="174.00">
        <vehicle id="12" x="372.48" y="201.65" angle="-90.00" type="DEFAULT_VEHTYPE" speed="12.80" pos="22.77" lane="2/1to1/1_0" slope="0.00"/>
        <vehicle id="17" x="215.63" y="201.65" angle="-90.00" type="DEFAULT_VEHTYPE" speed="7.20" pos="179.62" lane="2/1to1/1_0" slope="0.00"/>
        <vehicle id="2" x="123.64" y="398.35" angle="90.00" type="DEFAULT_VEHTYPE" speed="12.77" pos="123.64" lane="0/2to1/2_0" slope="0.00"/>
        <vehicle id="20" x="505.68" y="401.65" angle="-90.00" type="DEFAULT_VEHTYPE" speed="12.68" pos="89.57" lane="3/2to2/2_0" slope="0.00"/>
        <vehicle id="23" x="398.35" y="616.96" angle="0.00" type="DEFAULT_VEHTYPE" speed="10.58" pos="183.04" lane="2/4to2/3_0" slope="0.00"/>
        <vehicle id="7" x="601.39" y="202.94" angle="144.20" type="DEFAULT_VEHTYPE" speed="7.95" pos="8.49" lane=":3/1_14_0" slope="0.00"/>
        <vehicle id="9" x="401.65" y="605.47" angle="166.48" type="DEFAULT_VEHTYPE" speed="9.47" pos="0.72" lane="2/3to2/4_0" slope="0.00"/>
    </timestep>
    <timestep time="175.00">
        <vehicle id="12" x="358.69" y="201.65" angle="-90.00" type="DEFAULT_VEHTYPE" speed="13.79" pos="36.56" lane="2/1to1/1_0" slope="0.00"/>
        <vehicle id="17" x="210.44" y="201.65" angle="-90.00" type="DEFAULT_VEHTYPE" speed="5.19" pos="184.81" lane="2/1to1/1_0" slope="0.00"/>
        <vehicle id="2" x="136.59" y="398.35" angle="90.00" type="DEFAULT_VEHTYPE" speed="12.95" pos="136.59" lane="0/2to1/2_0" slope="0.00"/>
        <vehicle id="20" x="491.84" y="401.65" angle="-90.00" type="DEFAULT_VEHTYPE" speed="13.85" pos="103.41" lane="3/2to2/2_0" slope="0.00"/>
        <vehicle id="23" x="398.35" y="605.76" angle="0.00" type="DEFAULT_VEHTYPE" speed="11.21" pos="194.24" lane="2/4to2/3_0" slope="0.00"/>
        <vehicle id="7" x="601.65" y="212.73" angle="180.00" type="DEFAULT_VEHTYPE" speed="9.81" pos="7.98" lane="3/1to3/2_0" slope="0.00"/>
        <vehicle id="9" x="401.65" y="616.99" angle="180.00" type="DEFAULT_VEHTYPE" speed="11.52" pos="12.24" lane="2/3to2/4_0" slope="0.00"/>
    </timestep>
    <timestep time="176.00">
        <vehicle id="12" x="345.69" y="201.65" angle="-90.00" type="DEFAULT_VEHTYPE" speed="13.00" pos="49.56" lane="2/1to1/1_0" slope="0.00"/>
        <vehicle id="17" x="203.23" y="201.94" angle="-93.31" type="DEFAULT_VEHTYPE" speed="7.25" pos="1.56" lane=":1/1_4_0" slope="0.00"/>
        <vehicle id="2" x="149.88" y="398.35" angle="90.00" type="DEFAULT_VEHTYPE" speed="13.29" pos="149.88" lane="0/2to1/2_0" slope="0.00"/>
        <vehicle id="20" x="478.18" y="401.65" angle="-90.00" type="DEFAULT_VEHTYPE" speed="13.65" pos="117.07" lane="3/2to2/2_0" slope="0.00"/>
        <vehicle id="23" x="398.35" y="592.54" angle="0.00" type="DEFAULT_VEHTYPE" speed="13.22" pos="2.71" lane="2/3to2/2_0" slope="0.00"/>
        <vehicle id="7" x="601.65" y="224.48" angle="180.00" type="DEFAULT_VEHTYPE" speed="11.75" pos="19.73" lane="3/1to3/2_0" slope="0.00"/>
        <vehicle id="9" x="401.65" y="630.39" angle="180.00" type="DEFAULT_VEHTYPE" speed="13.40" pos="25.64" lane="2/3to2/4_0" slope="0.00"/>
    </timestep>
    <timestep time="177.00">
        <vehicle id="12" x="332.60" y="201.65" angle="-90.00" type="DEFAULT_VEHTYPE" speed="13.09" pos="62.65" lane="2/1to1/1_0" slope="0.00"/>
        <vehicle id="17" x="201.65" y="210.68" angle="180.00" type="DEFAULT_VEHTYPE" speed="9.38" pos="5.93" lane="1/1to1/2_0" slope="0.00"/>
        <vehicle id="2" x="163.69" y="398.35" angle="90.00" type="DEFAULT_VEHTYPE" speed="13.81" pos="163.69" lane="0/2to1/2_0" slope="0.00"/>
        <vehicle id="20" x="464.76" y="401.65" angle="-90.00" type="DEFAULT_VEHTYPE" speed="13.42" pos="130.49" lane="3/2to2/2_0" slope="0.00"/>
        <vehicle id="23" x="398.35" y="579.46" angle="0.00" type="DEFAULT_VEHTYPE" speed="13.08" pos="15.79" lane="2/3to2/2_0" slope="0.00"/>
        <vehicle id="7" x="601.65" y="237.13" angle="180.00" type="DEFAULT_VEHTYPE" speed="12.65" pos="32.38" lane="3/1to3/2_0" slope="0.00"/>
        <vehicle id="9" x="401.65" y="643.47" angle="180.00" type="DEFAULT_VEHTYPE" speed="13.08" pos="38.72" lane="2/3to2/4_0" slope="0.00"/>
    </timestep>
    <timestep time="178.00">
        <vehicle id="12" x="319.17" y="201.65" angle="-90.00" type="DEFAULT_VEHTYPE" speed="13.43" pos="76.08" lane="2/1to1/1_0" slope="0.00"/>
        <vehicle id="17" x="201.65" y="221.61" angle="180.00" type="DEFAULT_VEHTYPE" speed="10.93" pos="16.86" lane="1/1to1/2_0" slope="0.00"/>
        <vehicle id="2" x="174.70" y="398.35" angle="90.00" type="DEFAULT_VEHTYPE" speed="11.01" pos="174.70" lane="0/2to1/2_0" slope="0.00"/>
        <vehicle id="20" x="451.89" y="401.65" angle="-90.00" type="DEFAULT_VEHTYPE" speed="12.87" pos="143.36" lane="3/2to2/2_0" slope="0.00"/>
        <vehicle id="23" x="398.35" y="565.92" angle="0.00" type="DEFAULT_VEHTYPE" speed="13.54" pos="29.33" lane="2/3to2/2_0" slope="0.00"/>
        <vehicle id="7" x="601.65" y="249.90" angle="180.00" type="DEFAULT_VEHTYPE" speed="12.77" pos="45.15" lane="3/1to3/2_0" slope="0.00"/>
        <vehicle id="9" x="401.65" y="657.13" angle="180.00" type="DEFAULT_VEHTYPE" speed="13.66" pos="52.38" lane="2/3to2/4_0" slope="0.00"/>
    </timestep>
    <timestep time="179.00">
        <vehicle id="12" x="306.08" y="201.65" angle="-90.00" type="DEFAULT_VEHTYPE" speed="13.09" pos="89.17" lane="2/1to1/1_0" slope="0.00"/>
        <vehicle id="17" x="201.65" y="233.87" angle="180.00" type="DEFAULT_VEHTYPE" speed="12.26" pos="29.12" lane="1/1to1/2_0" slope="0.00"/>
        <vehicle id="2" x="182.74" y="398.35" angle="90.00" type="DEFAULT_VEHTYPE" speed="8.03" pos="182.74" lane="0/2to1/2_0" slope="0.00"/>
        <vehicle id="20" x="438.83" y="401.65" angle="-90.00" type="DEFAULT_VEHTYPE" speed="13.07" pos="156.42" lane="3/2to2/2_0" slope="0.00"/>
        <vehicle id="23" x="398.35" y="552.62" angle="0.00" type="DEFAULT_VEHTYPE" speed="13.30" pos="42.63" lane="2/3to2/2_0" slope="0.00"/>
        <vehicle id="7" x="601.65" y="263.33" angle="180.00" type="DEFAULT_VEHTYPE" speed="13.42" pos="58.58" lane="3/1to3/2_0" slope="0.00"/>
        <vehicle id="9" x="401.65" y="670.85" angle="180.00" type="DEFAULT_VEHTYPE" speed="13.73" pos="66.10" lane="2/3to2/4_0" slope="0.00"/>
    </timestep>
    <timestep time="180.00">
        <vehicle id="12" x="293.43" y="201.65" angle="-90.00" type="DEFAULT_VEHTYPE" speed="12.65" pos="101.82" lane="2/1to1/1_0" slope="0.00"/>
        <vehicle id="17" x="201.65" y="247.07" angle="180.00" type="DEFAULT_VEHTYPE" speed="13.20" pos="42.32" lane="1/1to1/2_0" slope="0.00"/>
        <vehicle id="2" x="188.04" y="398.35" angle="90.00" type="DEFAULT_VEHTYPE" speed="5.30" pos="188.04" lane="0/2to1/2_0" slope="0.00"/>
        <vehicle id="20" x="426.44" y="401.65" angle="-90.00" type="DEFAULT_VEHTYPE" speed="12.39" pos="168.81" lane="3/2to2/2_0" slope="0.00"/>
        <vehicle id="23" x="398.35" y="538.88" angle="0.00" type="DEFAULT_VEHTYPE" speed="13.74" pos="56.37" lane="2/3to2/2_0" slope="0.00"/>
        <vehicle id="7" x="601.65" y="276.84" angle="180.00" type="DEFAULT_VEHTYPE" speed="13.51" pos="72.09" lane="3/1to3/2_0" slope="0.00"/>
        <vehicle id="9" x="401.65" y="684.60" angle="180.00" type="DEFAULT_VEHTYPE" speed="13.74" pos="79.85" lane="2/3to2/4_0" slope="0.00"/>
    </timestep>
    <timestep time="181.00">
        <vehicle id="12" x="280.15" y="201.65" angle="-90.00" type="DEFAULT_VEHTYPE" speed="13.28" pos="115.10" lane="2/1to1/1_0" slope="0.00"/>
        <vehicle id="17" x="201.65" y="260.94" angle="180.00" type="DEFAULT_VEHTYPE" speed="13.87" pos="56.19" lane="1/1to1/2_0" slope="0.00"/>
        <vehicle id="2" x="191.01" y="398.35" angle="90.00" type="DEFAULT_VEHTYPE" speed="2.97" pos="191.01" lane="0/2to1/2_0" slope="0.00"/>
        <vehicle id="20" x="418.13" y="401.65" angle="-90.00" type="DEFAULT_VEHTYPE" speed="8.31" pos="177.12" lane="3/2to2/2_0" slope="0.00"/>
        <vehicle id="23" x="398.35" y="525.35" angle="0.00" type="DEFAULT_VEHTYPE" speed="13.53" pos="69.90" lane="2/3to2/2_0" slope="0.00"/>
        <vehicle id="7" x="601.65" y="289.74" angle="180.00" type="DEFAULT_VEHTYPE" speed="12.90" pos="84.99" lane="3/1to3/2_0" slope="0.00"/>
        <vehicle id="9" x="401.65" y="698.44" angle="180.00" type="DEFAULT_VEHTYPE" speed="13.84" pos="93.69" lane="2/3to2/4_0" slope="0.00"/>
    </timestep>
    <timestep time="182.00">
        <vehicle id="12" x="266.92" y="201.65" angle="-90.00" type="DEFAULT_VEHTYPE" speed="13.23" pos="128.33" lane="2/1to1/1_0" slope="0.00"/>
        <vehicle id="17" x="201.65" y="273.85" angle="180.00" type="DEFAULT_VEHTYPE" speed="12.91" pos="69.10" lane="1/1to1/2_0" slope="0.00"/>
        <vehicle id="2" x="196.27" y="398.50" angle="91.66" type="DEFAULT_VEHTYPE" speed="5.27" pos="1.03" lane=":1/2_14_0" slope="0.00"/>
        <vehicle id="20" x="412.70" y="401.65" angle="-90.00" type="DEFAULT_VEHTYPE" speed="5.42" pos="182.55" lane="3/2to2/2_0" slope="0.00"/>
        <vehicle id="23" x="398.35" y="512.21" angle="0.00" type="DEFAULT_VEHTYPE" speed="13.13" pos="83.04" lane="2/3to2/2_0" slope="0.00"/>
        <vehicle id="7" x="601.65" y="303.53" angle="180.00" type="DEFAULT_VEHTYPE" speed="13.80" pos="98.78" lane="3/1to3/2_0" slope="0.00"/>
        <vehicle id="9" x="401.65" y="711.84" angle="180.00" type="DEFAULT_VEHTYPE" speed="13.41" pos="107.09" lane="2/3to2/4_0" slope="0.00"/>
    </timestep>
    <timestep time="183.00">
        <vehicle id="12" x="254.22" y="201.65" angle="-90.00" type="DEFAULT_VEHTYPE" speed="12.70" pos="141.03" lane="2/1to1/1_0" slope="0.00"/>
        <vehicle id="17" x="201.65" y="286.67" angle="180.00" type="DEFAULT_VEHTYPE" speed="12.82" pos="81.92" lane="1/1to1/2_0" slope="0.00"/>
        <vehicle id="2" x="201.41" y="403.06" angle="145.50" type="DEFAULT_VEHTYPE" speed="7.59" pos="8.61" lane=":1/2_14_0" slope="0.00"/>
        <vehicle id="20" x="409.38" y="401.65" angle="-90.00" type="DEFAULT_VEHTYPE" speed="3.33" pos="185.87" lane="3/2to2/2_0" slope="0.00"/>
        <vehicle id="23" x="398.35" y="499.25" angle="0.00" type="DEFAULT_VEHTYPE" speed="12.96" pos="96.00" lane="2/3to2/2_0" slope="0.00"/>
        <vehicle id="7" x="601.65" y="316.26" angle="180.00" type="DEFAULT_VEHTYPE" speed="12.73" pos="111.51" lane="3/1to3/2_0" slope="0.00"/>
        <vehicle id="9" x="401.65" y="725.06" angle="180.00" type="DEFAULT_VEHTYPE" speed="13.21" pos="120.31" lane="2/3to2/4_0" slope="0.00"/>
    </timestep>
    <timestep time="184.00">
        <vehicle id="12" x="241.29" y="201.65" angle="-90.00" type="DEFAULT_VEHTYPE" speed="12.93" pos="153.96" lane="2/1to1/1_0" slope="0.00"/>
        <vehicle id="17" x="201.65" y="300.37" angle="180.00" type="DEFAULT_VEHTYPE" speed="13.70" pos="95.62" lane="1/1to1/2_0" slope="0.00"/>
        <vehicle id="2" x="201.65" y="412.79" angle="180.00" type="DEFAULT_VEHTYPE" speed="9.75" pos="8.04" lane="1/2to1/3_0" slope="0.00"/>
        <vehicle id="20" x="403.66" y="401.65" angle="-90.00" type="DEFAULT_VEHTYPE" speed="5.72" pos="1.09" lane=":2/2_5_0" slope="0.00"/>
        <vehicle id="23" x="398.35" y="486.10" angle="0.00" type="DEFAULT_VEHTYPE" speed="13.16" pos="109.15" lane="2/3to2/2_0" slope="0.00"/>
        <vehicle id="7" x="601.65" y="329.02" angle="180.00" type="DEFAULT_VEHTYPE" speed="12.76" pos="124.27" lane="3/1to3/2_0" slope="0.00"/>
        <vehicle id="9" x="401.65" y="737.74" angle="180.00" type="DEFAULT_VEHTYPE" speed="12.68" pos="132.99" lane="2/3to2/4_0" slope="0.00"/>
    </timestep>
    <timestep time="185.00">
        <vehicle id="12" x="228.68" y="201.65" angle="-90.00" type="DEFAULT_VEHTYPE" speed="12.61" pos="166.57" lane="2/1to1/1_0" slope="0.00"/>
        <vehicle id="17" x="201.65" y="314.03" angle="180.00" type="DEFAULT_VEHTYPE" speed="13.66" pos="109.28" lane="1/1to1/2_0" slope="0.00"/>
        <vehicle id="2" x="201.65" y="424.29" angle="180.00" type="DEFAULT_VEHTYPE" speed="11.50" pos="19.54" lane="1/2to1/3_0" slope="0.00"/>
        <vehicle id="20" x="395.64" y="401.65" angle="-90.00" type="DEFAULT_VEHTYPE" speed="8.01" pos="9.11" lane=":2/2_5_0" slope="0.00"/>
        <vehicle id="23" x="398.35" y="472.53" angle="0.00" type="DEFAULT_VEHTYPE" speed="13.57" pos="122.72" lane="2/3to2/2_0" slope="0.00"/>
        <vehicle id="7" x="601.65" y="342.77" angle="180.00" type="DEFAULT_VEHTYPE" speed="13.75" pos="138.02" lane="3/1to3/2_0" slope="0.00"/>
        <vehicle id="9" x="401.65" y="750.91" angle="180.00" type="DEFAULT_VEHTYPE" speed="13.17" pos="146.16" lane="2/3to2/4_0" slope="0.00"/>
    </timestep>
    <timestep time="186.00">
        <vehicle id="12" x="218.99" y="201.65" angle="-90.00" type="DEFAULT_VEHTYPE" speed="9.69" pos="176.26" lane="2/1to1/1_0" slope="0.00"/>
        <vehicle id="17" x="201.65" y="327.79" angle="180.00" type="DEFAULT_VEHTYPE" speed="13.76" pos="123.04" lane="1/1to1/2_0" slope="0.00"/>
        <vehicle id="2" x="201.65" y="437.17" angle="180.00" type="DEFAULT_VEHTYPE" speed="12.87" pos="32.42" lane="1/2to1/3_0" slope="0.00"/>
        <vehicle id="20" x="385.06" y="401.65" angle="-90.00" type="DEFAULT_VEHTYPE" speed="10.59" pos="10.19" lane="2/2to1/2_0" slope="0.00"/>
        <vehicle id="23" x="398.35" y="459.50" angle="0.00" type="DEFAULT_VEHTYPE" speed="13.03" pos="135.75" lane="2/3to2/2_0" slope="0.00"/>
        <vehicle id="7" x="601.65" y="356.57" angle="180.00" type="DEFAULT_VEHTYPE" speed="13.80" pos="151.82" lane="3/1to3/2_0" slope="0.00"/>
        <vehicle id="9" x="401.65" y="764.21" angle="180.00" type="DEFAULT_VEHTYPE" speed="13.31" pos="159.46" lane="2/3to2/4_0" slope="0.00"/>
    </timestep>
    <timestep time="187.00">
        <vehicle id="12" x="213.42" y="201.65" angle="-90.00" type="DEFAULT_VEHTYPE" speed="5.57" pos="181.83" lane="2/1to1/1_0" slope="0.00"/>
        <vehicle id="17" x="201.65" y="341.67" angle="180.00" type="DEFAULT_VEHTYPE" speed="13.87" pos="136.92" lane="1/1to1/2_0" slope="0.00"/>
        <vehicle id="2" x="201.65" y="450.07" angle="180.00" type="DEFAULT_VEHTYPE" speed="12.91" pos="45.32" lane="1/2to1/3_0" slope="0.00"/>
        <vehicle id="20" x="372.07" y="401.65" angle="-90.00" type="DEFAULT_VEHTYPE" speed="12.98" pos="23.18" lane="2/2to1/2_0" slope="0.00"/>
        <vehicle id="23" x="398.35" y="445.79" angle="0.00" type="DEFAULT_VEHTYPE" speed="13.71" pos="149.46" lane="2/3to2/2_0" slope="0.00"/>
        <vehicle id="7" x="601.65" y="369.41" angle="180.00" type="DEFAULT_VEHTYPE" speed="12.84" pos="164.66" lane="3/1to3/2_0" slope="0.00"/>
        <vehicle id="9" x="401.65" y="777.54" angle="180.00" type="DEFAULT_VEHTYPE" speed="13.33" pos="172.79" lane="2/3to2/4_0" slope="0.00"/>
    </timestep>
    <timestep time="188.00">
        <vehicle id="12" x="210.36" y="201.65" angle="-90.00" type="DEFAULT_VEHTYPE" speed="3.06" pos="184.89" lane="2/1to1/1_0" slope="0.00"/>
        <vehicle id="17" x="201.65" y="354.86" angle="180.00" type="DEFAULT_VEHTYPE" speed="13.19" pos="150.11" lane="1/1to1/2_0" slope="0.00"/>
        <vehicle id="2" x="201.65" y="463.03" angle="180.00" type="DEFAULT_VEHTYPE" speed="12.96" pos="58.28" lane="1/2to1/3_0" slope="0.00"/>
        <vehicle id="20" x="358.67" y="401.65" angle="-90.00" type="DEFAULT_VEHTYPE" speed="13.40" pos="36.58" lane="2/2to1/2_0" slope="0.00"/>
        <vehicle id="23" x="398.35" y="433.07" angle="0.00" type="DEFAULT_VEHTYPE" speed="12.72" pos="162.18" lane="2/3to2/2_0" slope="0.00"/>
        <vehicle id="7" x="601.65" y="382.11" angle="180.00" type="DEFAULT_VEHTYPE" speed="12.70" pos="177.36" lane="3/1to3/2_0" slope="0.00"/>
        <vehicle id="9" x="401.65" y="791.40" angle="180.00" type="DEFAULT_VEHTYPE" speed="13.85" pos="186.65" lane="2/3to2/4_0" slope="0.00"/>
    </timestep>
    <timestep time="189.00">
        <vehicle id="12" x="205.28" y="201.65" angle="-90.00" type="DEFAULT_VEHTYPE" speed="5.08" pos="189.97" lane="2/1to1/1_0" slope="0.00"/>
        <vehicle id="17" x="201.65" y="368.31" angle="180.00" type="DEFAULT_VEHTYPE" speed="13.45" pos="163.56" lane="1/1to1/2_0" slope="0.00"/>
        <vehicle id="2" x="201.65" y="476.88" angle="180.00" type="DEFAULT_VEHTYPE" speed="13.84" pos="72.13" lane="1/2to1/3_0" slope="0.00"/>
        <vehicle id="20" x="345.93" y="401.65" angle="-90.00" type="DEFAULT_VEHTYPE" speed="12.74" pos="49.32" lane="2/2to1/2_0" slope="0.00"/>
        <vehicle id="23" x="398.35" y="420.40" angle="0.00" type="DEFAULT_VEHTYPE" speed="12.67" pos="174.85" lane="2/3to2/2_0" slope="0.00"/>
        <vehicle id="7" x="601.65" y="394.97" angle="180.00" type="DEFAULT_VEHTYPE" speed="12.86" pos="190.22" lane="3/1to3/2_0" slope="0.00"/>
        <vehicle id="9" x="398.35" y="799.98" angle="-92.55" type="DEFAULT_VEHTYPE" speed="13.44" pos="0.02" lane="2/4to2/3_0" slope="0.00"/>
    </timestep>
    <timestep time="190.00">
        <vehicle id="12" x="201.65" y="206.12" angle="-157.88" type="DEFAULT_VEHTYPE" speed="6.90" pos="1.37" lane="1/1to1/2_0" slope="0.00"/>
        <vehicle id="17" x="201.65" y="380.96" angle="180.00" type="DEFAULT_VEHTYPE" speed="12.66" pos="176.21" lane="1/1to1/2_0" slope="0.00"/>
        <vehicle id="2" x="201.65" y="490.42" angle="180.00" type="DEFAULT_VEHTYPE" speed="13.54" pos="85.67" lane="1/2to1/3_0" slope="0.00"/>
        <vehicle id="20" x="332.37" y="401.65" angle="-90.00" type="DEFAULT_VEHTYPE" speed="13.56" pos="62.88" lane="2/2to1/2_0" slope="0.00"/>
        <vehicle id="23" x="398.35" y="406.80" angle="0.00" type="DEFAULT_VEHTYPE" speed="13.60" pos="188.45" lane="2/3to2/2_0" slope="0.00"/>
        <vehicle id="7" x="601.65" y="408.29" angle="180.00" type="DEFAULT_VEHTYPE" speed="13.32" pos="3.54" lane="3/2to3/3_0" slope="0.00"/>
        <vehicle id="9" x="398.35" y="786.50" angle="0.00" type="DEFAULT_VEHTYPE" speed="13.48" pos="13.50" lane="2/4to2/3_0" slope="0.00"/>
    </timestep>
    <timestep time="191.00">
        <vehicle id="12" x="201.65" y="214.44" angle="180.00" type="DEFAULT_VEHTYPE" speed="8.32" pos="9.69" lane="1/1to1/2_0" slope="0.00"/>
        <vehicle id="17" x="201.65" y="394.26" angle="180.00" type="DEFAULT_VEHTYPE" speed="13.30" pos="189.51" lane="1/1to1/2_0" slope="0.00"/>
        <vehicle id="2" x="201.65" y="504.05" angle="180.00" type="DEFAULT_VEHTYPE" speed="13.63" pos="99.30" lane="1/2to1/3_0" slope="0.00"/>
        <vehicle id="20" x="318.78" y="401.65" angle="-90.00" type="DEFAULT_VEHTYPE" speed="13.59" pos="76.47" lane="2/2to1/2_0" slope="0.00"/>
        <vehicle id="23" x="388.79" y="401.65" angle="-90.00" type="DEFAULT_VEHTYPE" speed="13.51" pos="6.46" lane="2/2to1/2_0" slope="0.00"/>
        <vehicle id="7" x="601.65" y="420.94" angle="180.00" type="DEFAULT_VEHTYPE" speed="12.65" pos="16.19" lane="3/2to3/3_0" slope="0.00"/>
        <vehicle id="9" x="398.35" y="773.37" angle="0.00" type="DEFAULT_VEHTYPE" speed="13.13" pos="26.63" lane="2/4to2/3_0" slope="0.00"/>
    </timestep>
    <timestep time="192.00">
        <vehicle id="12" x="201.65" y="224.13" angle="180.00" type="DEFAULT_VEHTYPE" speed="9.68" pos="19.38" lane="1/1to1/2_0" slope="0.00"/>
        <vehicle id="17" x="201.65" y="407.55" angle="180.00" type="DEFAULT_VEHTYPE" speed="13.29" pos="2.80" lane="1/2to1/3_0" slope="0.00"/>
        <vehicle id="2" x="201.65" y="517.78" angle="180.00" type="DEFAULT_VEHTYPE" speed="13.73" pos="113.03" lane="1/2to1/3_0" slope="0.00"/>
        <vehicle id="20" x="305.41" y="401.65" angle="-90.00" type="DEFAULT_VEHTYPE" speed="13.37" pos="89.84" lane="2/2to1/2_0" slope="0.00"/>
        <vehicle id="23" x="376.07" y="401.65" angle="-90.00" type="DEFAULT_VEHTYPE" speed="12.72" pos="19.18" lane="2/2to1/2_0" slope="0.00"/>
        <vehicle id="7" x="601.65" y="434.44" angle="180.00" type="DEFAULT_VEHTYPE" speed="13.50" pos="29.69" lane="3/2to3/3_0" slope="0.00"/>
        <vehicle id="9" x="398.35" y="759.87" angle="0.00" type="DEFAULT_VEHTYPE" speed="13.50" pos="40.13" lane="2/4to2/3_0" slope="0.00"/>
    </timestep>
    <timestep time="193.00">
        <vehicle id="12" x="201.65" y="235.85" angle="180.00" type="DEFAULT_VEHTYPE" speed="11.72" pos="31.10" lane="1/1to1/2_0" slope="0.00"/>
        <vehicle id="17" x="201.65" y="421.34" angle="180.00" type="DEFAULT_VEHTYPE" speed="13.78" pos="16.59" lane="1/2to1/3_0" slope="0.00"/>
        <vehicle id="2" x="201.65" y="531.00" angle="180.00" type="DEFAULT_VEHTYPE" speed="13.23" pos="126.25" lane="1/2to1/3_0" slope="0.00"/>
        <vehicle id="20" x="291.73" y="401.65" angle="-90.00" type="DEFAULT_VEHTYPE" speed="13.69" pos="103.52" lane="2/2to1/2_0" slope="0.00"/>
        <vehicle id="23" x="362.55" y="401.65" angle="-90.00" type="DEFAULT_VEHTYPE" speed="13.53" pos="32.70" lane="2/2to1/2_0" slope="0.00"/>
        <vehicle id="7" x="601.65" y="447.96" angle="180.00" type="DEFAULT_VEHTYPE" speed="13.51" pos="43.21" lane="3/2to3/3_0" slope="0.00"/>
        <vehicle id="9" x="398.35" y="746.78" angle="0.00" type="DEFAULT_VEHTYPE" speed="13.08" pos="53.22" lane="2/4to2/3_0" slope="0.00"/>
    </timestep>
    <timestep time="194.00">
        <vehicle id="12" x="201.65" y="248.65" angle="180.00" type="DEFAULT_VEHTYPE" speed="12.80" pos="43.90" lane="1/1to1/2_0" slope="0.00"/>
        <vehicle id="17" x="201.65" y="434.09" angle="180.00" type="DEFAULT_VEHTYPE" speed="12.75" pos="29.34" lane="1/2to1/3_0" slope="0.00"/>
        <vehicle id="2" x="201.65" y="544.29" angle="180.00" type="DEFAULT_VEHTYPE" speed="13.28" pos="139.54" lane="1/2to1/3_0" slope="0.00"/>
        <vehicle id="20" x="278.36" y="401.65" angle="-90.00" type="DEFAULT_VEHTYPE" speed="13.37" pos="116.89" lane="2/2to1/2_0" slope="0.00"/>
        <vehicle id="23" x="349.07" y="401.65" angle="-90.00" type="DEFAULT_VEHTYPE" speed="13.47" pos="46.18" lane="2/2to1/2_0" slope="0.00"/>
        <vehicle id="7" x="601.65" y="461.65" angle="180.00" type="DEFAULT_VEHTYPE" speed="13.70" pos="56.90" lane="3/2to3/3_0" slope="0.00"/>
        <vehicle id="9" x="398.35" y="734.09" angle="0.00" type="DEFAULT_VEHTYPE" speed="12.69" pos="65.91" lane="2/4to2/3_0" slope="0.00"/>
    </timestep>
    <timestep time="195.00">
        <vehicle id="12" x="201.65" y="261.68" angle="180.00" type="DEFAULT_VEHTYPE" speed="13.03" pos="56.93" lane="1/1to1/2_0" slope="0.00"/>
        <vehicle id="17" x="201.65" y="447.73" angle="180.00" type="DEFAULT_VEHTYPE" speed="13.64" pos="42.98" lane="1/2to1/3_0" slope="0.00"/>
        <vehicle id="2" x="201.65" y="556.96" angle="180.00" type="DEFAULT_VEHTYPE" speed="12.67" pos="152.21" lane="1/2to1/3_0" slope="0.00"/>
        <vehicle id="20" x="265.32" y="401.65" angle="-90.00" type="DEFAULT_VEHTYPE" speed="13.05" pos="129.93" lane="2/2to1/2_0" slope="0.00"/>
        <vehicle id="23" x="335.44" y="401.65" angle="-90.00" type="DEFAULT_VEHTYPE" speed="13.63" pos="59.81" lane="2/2to1/2_0" slope="0.00"/>
        <vehicle id="7" x="601.65" y="475.13" angle="180.00" type="DEFAULT_VEHTYPE" speed="13.48" pos="70.38" lane="3/2to3/3_0" slope="0.00"/>
        <vehicle id="9" x="398.35" y="721.11" angle="0.00" type="DEFAULT_VEHTYPE" speed="12.98" pos="78.89" lane="2/4to2/3_0" slope="0.00"/>
    </timestep>
    <timestep time="196.00">
        <vehicle id="12" x="201.65" y="275.52" angle="180.00" type="DEFAULT_VEHTYPE" speed="13.84" pos="70.77" lane="1/1to1/2_0" slope="0.00"/>
        <vehicle id="17" x="201.65" y="460.76" angle="180.00" type="DEFAULT_VEHTYPE" speed="13.03" pos="56.01" lane="1/2to1/3_0" slope="0.00"/>
        <vehicle id="2" x="201.65" y="570.66" angle="180.00" type="DEFAULT_VEHTYPE" speed="13.70" pos="165.91" lane="1/2to1/3_0" slope="0.00"/>
        <vehicle id="20" x="251.85" y="401.65" angle="-90.00" type="DEFAULT_VEHTYPE" speed="13.47" pos="143.40" lane="2/2to1/2_0" slope="0.00"/>
        <vehicle id="23" x="322.82" y="401.65" angle="-90.00" type="DEFAULT_VEHTYPE" speed="12.62" pos="72.43" lane="2/2to1/2_0" slope="0.00"/>
        <vehicle id="7" x="601.65" y="488.30" angle="180.00" type="DEFAULT_VEHTYPE" speed="13.17" pos="83.55" lane="3/2to3/3_0" slope="0.00"/>
        <vehicle id="9" x="398.35" y="708.40" angle="0.00" type="DEFAULT_VEHTYPE" speed="12.71" pos="91.60" lane="2/4to2/3_0" slope="0.00"/>
    </timestep>
    <timestep time="197.00">
        <vehicle id="12" x="201.65" y="289.04" angle="180.00" type="DEFAULT_VEHTYPE" speed="13.52" pos="84.29" lane="1/1to1/2_0" slope="0.00"/>
        <vehicle id="17" x="201.65" y="474.18" angle="180.00" type="DEFAULT_VEHTYPE" speed="13.42" pos="69.43" lane="1/2to1/3_0" slope="0.00"/>
        <vehicle id="2" x="201.65" y="583.67" angle="180.00" type="DEFAULT_VEHTYPE" speed="13.01" pos="178.92" lane="1/2to1/3_0" slope="0.00"/>
        <vehicle id="20" x="238.57" y="401.65" angle="-90.00" type="DEFAULT_VEHTYPE" speed="13.28" pos="156.68" lane="2/2to1/2_0" slope="0.00"/>
        <vehicle id="23" x="308.96" y="401.65" angle="-90.00" type="DEFAULT_VEHTYPE" speed="13.86" pos="86.29" lane="2/2to1/2_0" slope="0.00"/>
        <vehicle id="7" x="601.65" y="501.98" angle="180.00" type="DEFAULT_VEHTYPE" speed="13.69" pos="97.23" lane="3/2to3/3_0" slope="0.00"/>
        <vehicle id="9" x="398.35" y="695.79" angle="0.00" type="DEFAULT_VEHTYPE" speed="12.61" pos="104.21" lane="2/4to2/3_0" slope="0.00"/>
    </timestep>
    <timestep time="198.00">
        <vehicle id="12" x="201.65" y="302.51" angle="180.00" type="DEFAULT_VEHTYPE" speed="13.47" pos="97.76" lane="1/1to1/2_0" slope="0.00"/>
        <vehicle id="17" x="201.65" y="487.91" angle="180.00" type="DEFAULT_VEHTYPE" speed="13.73" pos="83.16" lane="1/2to1/3_0" slope="0.00"/>
        <vehicle id="2" x="201.82" y="596.47" angle="178.04" type="DEFAULT_VEHTYPE" speed="12.81" pos="1.23" lane=":1/3_8_0" slope="0.00"/>
        <vehicle id="20" x="226.86" y="401.65" angle="-90.00" type="DEFAULT_VEHTYPE" speed="11.71" pos="168.39" lane="2/2to1/2_0" slope="0.00"/>
        <vehicle id="23" x="295.13" y="401.65" angle="-90.00" type="DEFAULT_VEHTYPE" speed="13.83" pos="100.12" lane="2/2to1/2_0" slope="0.00"/>
        <vehicle id="7" x="601.65" y="515.59" angle="180.00" type="DEFAULT_VEHTYPE" speed="13.61" pos="110.84" lane="3/2to3/3_0" slope="0.00"/>
        <vehicle id="9" x="398.35" y="683.02" angle="0.00" type="DEFAULT_VEHTYPE" speed="12.77" pos="116.98" lane="2/4to2/3_0" slope="0.00"/>
    </timestep>
    <timestep time="199.00">
        <vehicle id="12" x="201.65" y="315.95" angle="180.00" type="DEFAULT_VEHTYPE" speed="13.44" pos="111.20" lane="1/1to1/2_0" slope="0.00"/>
        <vehicle id="17" x="201.65" y="501.14" angle="180.00" type="DEFAULT_VEHTYPE" speed="13.23" pos="96.39" lane="1/2to1/3_0" slope="0.00"/>
        <vehicle id="2" x="213.68" y="598.35" angle="90.00" type="DEFAULT_VEHTYPE" speed="12.70" pos="8.93" lane="1/3to2/3_0" slope="0.00"/>
        <vehicle id="20" x="217.80" y="401.65" angle="-90.00" type="DEFAULT_VEHTYPE" speed="9.06" pos="177.45" lane="2/2to1/2_0" slope="0.00"/>
        <vehicle id="23" x="281.26" y="401.65" angle="-90.00" type="DEFAULT_VEHTYPE" speed="13.87" pos="113.99" lane="2/2to1/2_0" slope="0.00"/>
        <vehicle id="7" x="601.65" y="528.36" angle="180.00" type="DEFAULT_VEHTYPE" speed="12.77" pos="123.61" lane="3/2to3/3_0" slope="0.00"/>
        <vehicle id="9" x="398.35" y="670.08" angle="0.00" type="DEFAULT_VEHTYPE" speed="12.95" pos="129.92" lane="2/4to2/3_0" slope="0.00"/>
    </timestep>
    <timestep time="200.00">
        <vehicle id="12" x="201.65" y="329.48" angle="180.00" type="DEFAULT_VEHTYPE" speed="13.53" pos="124.73" lane="1/1to1/2_0" slope="0.00"/>
        <vehicle id="17" x="201.65" y="514.10" angle="180.00" type="DEFAULT_VEHTYPE" speed="12.96" pos="109.35" lane="1/2to1/3_0" slope="0.00"/>
        <vehicle id="2" x="226.37" y="598.35" angle="90.00" type="DEFAULT_VEHTYPE" speed="12.69" pos="21.62" lane="1/3to2/3_0" slope="0.00"/>
        <vehicle id="20" x="211.87" y="401.65" angle="-90.00" type="DEFAULT_VEHTYPE" speed="5.93" pos="183.38" lane="2/2to1/2_0" slope="0.00"/>
        <vehicle id="23" x="267.37" y="401.65" angle="-90.00" type="DEFAULT_VEHTYPE" speed="13.89" pos="127.88" lane="2/2to1/2_0" slope="0.00"/>
        <vehicle id="7" x="601.65" y="542.17" angle="180.00" type="DEFAULT_VEHTYPE" speed="13.81" pos="137.42" lane="3/2to3/3_0" slope="0.00"/>
        <vehicle id="9" x="398.35" y="657.06" angle="0.00" type="DEFAULT_VEHTYPE" speed="13.01" pos="142.94" lane="2/4to2/3_0" slope="0.00"/>
    </timestep>
    <timestep time="201.00">
        <vehicle id="12" x="201.65" y="342.29" angle="180.00" type="DEFAULT_VEHTYPE" speed="12.81" pos="137.54" lane="1/1to1/2_0" slope="0.00"/>
        <vehicle id="17" x="201.65" y="527.48" angle="180.00" type="DEFAULT_VEHTYPE" speed="13.38" pos="122.73" lane="1/2to1/3_0" slope="0.00"/>
        <vehicle id="2" x="238.99" y="598.35" angle="90.00" type="DEFAULT_VEHTYPE" speed="12.62" pos="34.24" lane="1/3to2/3_0" slope="0.00"/>
        <vehicle id="20" x="209.60" y="401.65" angle="-90.00" type="DEFAULT_VEHTYPE" speed="2.28" pos="185.65" lane="2/2to1/2_0" slope="0.00"/>
        <vehicle id="23" x="254.34" y="401.65" angle="-90.00" type="DEFAULT_VEHTYPE" speed="13.03" pos="140.91" lane="2/2to1/2_0" slope="0.00"/>
        <vehicle id="7" x="601.65" y="555.29" angle="180.00" type="DEFAULT_VEHTYPE" speed="13.12" pos="150.54" lane="3/2to3/3_0" slope="0.00"/>
        <vehicle id="9" x="398.35" y="643.97" angle="0.00" type="DEFAULT_VEHTYPE" speed="13.10" pos="156.03" lane="2/4to2/3_0" slope="0.00"/>
    </timestep>
    <timestep time="202.00">
        <vehicle id="12" x="201.65" y="355.41" angle="180.00" type="DEFAULT_VEHTYPE" speed="13.13" pos="150.66" lane="1/1to1/2_0" slope="0.00"/>
        <vehicle id="17" x="201.65" y="540.09" angle="180.00" type="DEFAULT_VEHTYPE" speed="12.62" pos="135.34" lane="1/2to1/3_0" slope="0.00"/>
        <vehicle id="2" x="252.52" y="598.35" angle="90.00" type="DEFAULT_VEHTYPE" speed="13.53" pos="47.77" lane="1/3to2/3_0" slope="0.00"/>
        <vehicle id="20" x="205.73" y="401.65" angle="-90.00" type="DEFAULT_VEHTYPE" speed="3.86" pos="189.52" lane="2/2to1/2_0" slope="0.00"/>
        <vehicle id="23" x="241.39" y="401.65" angle="-90.00" type="DEFAULT_VEHTYPE" speed="12.95" pos="153.86" lane="2/2to1/2_0" slope="0.00"/>
        <vehicle id="7" x="601.65" y="568.67" angle="180.00" type="DEFAULT_VEHTYPE" speed="13.37" pos="163.92" lane="3/2to3/3_0" slope="0.00"/>
        <vehicle id="9" x="398.35" y="630.66" angle="0.00" type="DEFAULT_VEHTYPE" speed="13.31" pos="169.34" lane="2/4to2/3_0" slope="0.00"/>
    </timestep>
    <timestep time="203.00">
        <vehicle id="12" x="201.65" y="368.08" angle="180.00" type="DEFAULT_VEHTYPE" speed="12.66" pos="163.33" lane="1/1to1/2_0" slope="0.00"/>
        <vehicle id="17" x="201.65" y="553.36" angle="180.00" type="DEFAULT_VEHTYPE" speed="13.27" pos="148.61" lane="1/2to1/3_0" slope="0.00"/>
        <vehicle id="2" x="266.23" y="598.35" angle="90.00" type="DEFAULT_VEHTYPE" speed="13.71" pos="61.48" lane="1/3to2/3_0" slope="0.00"/>
        <vehicle id="20" x="199.97" y="400.06" angle="-71.36" type="DEFAULT_VEHTYPE" speed="6.12" pos="5.13" lane=":1/2_6_0" slope="0.00"/>
        <vehicle id="23" x="229.43" y="401.65" angle="-90.00" type="DEFAULT_VEHTYPE" speed="11.96" pos="165.82" lane="2/2to1/2_0" slope="0.00"/>
        <vehicle id="7" x="601.65" y="581.32" angle="180.00" type="DEFAULT_VEHTYPE" speed="12.65" pos="176.57" lane="3/2to3/3_0" slope="0.00"/>
        <vehicle id="9" x="398.35" y="617.46" angle="0.00" type="DEFAULT_VEHTYPE" speed="13.20" pos="182.54" lane="2/4to2/3_0" slope="0.00"/>
    </timestep>
    <timestep time="204.00">
        <vehicle id="12" x="201.65" y="380.48" angle="180.00" type="DEFAULT_VEHTYPE" speed="12.41" pos="175.73" lane="1/1to1/2_0" slope="0.00"/>
        <vehicle id="17" x="201.65" y="566.95" angle="180.00" type="DEFAULT_VEHTYPE" speed="13.59" pos="162.20" lane="1/2to1/3_0" slope="0.00"/>
        <vehicle id="2" x="279.74" y="598.35" angle="90.00" type="DEFAULT_VEHTYPE" speed="13.51" pos="74.99" lane="1/3to2/3_0" slope="0.00"/>
        <vehicle id="20" x="198.35" y="392.86" angle="-4.25" type="DEFAULT_VEHTYPE" speed="7.57" pos="2.39" lane="1/2to1/1_0" slope="0.00"/>
        <vehicle id="23" x="220.21" y="401.65" angle="-90.00" type="DEFAULT_VEHTYPE" speed="9.22" pos="175.04" lane="2/2to1/2_0" slope="0.00"/>
        <vehicle id="7" x="601.65" y="594.41" angle="180.00" type="DEFAULT_VEHTYPE" speed="13.09" pos="189.66" lane="3/2to3/3_0" slope="0.00"/>
        <vehicle id="9" x="398.35" y="604.10" angle="0.00" type="DEFAULT_VEHTYPE" speed="13.36" pos="0.65" lane=":2/3_1_0" slope="0.00"/>
    </timestep>
    <timestep time="205.00">
        <vehicle id="12" x="201.65" y="391.82" angle="180.00" type="DEFAULT_VEHTYPE" speed="11.34" pos="187.07" lane="1/1to1/2_0" slope="0.00"/>
        <vehicle id="17" x="201.65" y="579.66" angle="180.00" type="DEFAULT_VEHTYPE" speed="12.71" pos="174.91" lane="1/2to1/3_0" slope="0.00"/>
        <vehicle id="2" x="292.91" y="598.35" angle="90.00" type="DEFAULT_VEHTYPE" speed="13.17" pos="88.16" lane="1/3to2/3_0" slope="0.00"/>
        <vehicle id="20" x="198.35" y="383.17" angle="0.00" type="DEFAULT_VEHTYPE" speed="9.69" pos="12.08" lane="1/2to1/1_0" slope="0.00"/>
        <vehicle id="23" x="213.97" y="401.65" angle="-90.00" type="DEFAULT_VEHTYPE" speed="6.24" pos="181.28" lane="2/2to1/2_0" slope="0.00"/>
        <vehicle id="7" x="612.30" y="598.35" angle="90.00" type="DEFAULT_VEHTYPE" speed="13.39" pos="7.55" lane="3/3to4/3_0" slope="0.00"/>
        <vehicle id="9" x="398.35" y="591.36" angle="0.00" type="DEFAULT_VEHTYPE" speed="12.73" pos="3.89" lane="2/3to2/2_0" slope="0.00"/>
    </timestep>
    <timestep time="206.00">
        <vehicle id="12" x="201.65" y="404.64" angle="180.00" type="DEFAULT_VEHTYPE" speed="12.82" pos="9.39" lane=":1/2_9_0" slope="0.00"/>
        <vehicle id="17" x="201.65" y="592.84" angle="180.00" type="DEFAULT_VEHTYPE" speed="13.19" pos="188.09" lane="1/2to1/3_0" slope="0.00"/>
        <vehicle id="2" x="305.99" y="598.35" angle="90.00" type="DEFAULT_VEHTYPE" speed="13.07" pos="101.24" lane="1/3to2/3_0" slope="0.00"/>
        <vehicle id="20" x="198.35" y="371.57" angle="0.00" type="DEFAULT_VEHTYPE" speed="11.60" pos="23.68" lane="1/2to1/1_0" slope="0.00"/>
        <vehicle id="23" x="210.37" y="401.65" angle="-90.00" type="DEFAULT_VEHTYPE" speed="3.60" pos="184.88" lane="2/2to1/2_0" slope="0.00"/>
        <vehicle id="7" x="625.82" y="598.35" angle="90.00" type="DEFAULT_VEHTYPE" speed="13.53" pos="21.07" lane="3/3to4/3_0" slope="0.00"/>
        <vehicle id="9" x="398.35" y="578.04" angle="0.00" type="DEFAULT_VEHTYPE" speed="13.32" pos="17.21" lane="2/3to2/2_0" slope="0.00"/>
    </timestep>
    <timestep time="207.00">
        <vehicle id="12" x="201.65" y="418.08" angle="180.00" type="DEFAULT_VEHTYPE" speed="13.44" pos="13.33" lane="1/2to1/3_0" slope="0.00"/>
        <vehicle id="17" x="210.19" y="598.35" angle="90.00" type="DEFAULT_VEHTYPE" speed="12.85" pos="5.44" lane="1/3to2/3_0" slope="0.00"/>
        <vehicle id="2" x="318.73" y="598.35" angle="90.00" type="DEFAULT_VEHTYPE" speed="12.74" pos="113.98" lane="1/3to2/3_0" slope="0.00"/>
        <vehicle id="20" x="198.35" y="357.75" angle="0.00" type="DEFAULT_VEHTYPE" speed="13.82" pos="37.50" lane="1/2to1/1_0" slope="0.00"/>
        <vehicle id="23" x="204.35" y="401.65" angle="-90.00" type="DEFAULT_VEHTYPE" speed="6.01" pos="0.40" lane=":1/2_5_0" slope="0.00"/>
        <vehicle id="7" x="638.53" y="598.35" angle="90.00" type="DEFAULT_VEHTYPE" speed="12.70" pos="33.78" lane="3/3to4/3_0" slope="0.00"/>
        <vehicle id="9" x="398.35" y="564.30" angle="0.00" type="DEFAULT_VEHTYPE" speed="13.74" pos="30.95" lane="2/3to2/2_0" slope="0.00"/>
    </timestep>
    <timestep time="208.00">
        <vehicle id="12" x="201.65" y="431.03" angle="180.00" type="DEFAULT_VEHTYPE" speed="12.95" pos="26.28" lane="1/2to1/3_0" slope="0.00"/>
        <vehicle id="17" x="222.83" y="598.35" angle="90.00" type="DEFAULT_VEHTYPE" speed="12.65" pos="18.08" lane="1/3to2/3_0" slope="0.00"/>
        <vehicle id="2" x="332.17" y="598.35" angle="90.00" type="DEFAULT_VEHTYPE" speed="13.44" pos="127.42" lane="1/3to2/3_0" slope="0.00"/>
        <vehicle id="20" x="198.35" y="344.67" angle="0.00" type="DEFAULT_VEHTYPE" speed="13.08" pos="50.58" lane="1/2to1/1_0" slope="0.00"/>
        <vehicle id="23" x="196.37" y="401.65" angle="-90.00" type="DEFAULT_VEHTYPE" speed="7.99" pos="8.38" lane=":1/2_5_0" slope="0.00"/>
        <vehicle id="7" x="651.66" y="598.35" angle="90.00" type="DEFAULT_VEHTYPE" speed="13.13" pos="46.91" lane="3/3to4/3_0" slope="0.00"/>
        <vehicle id="9" x="398.35" y="551.53" angle="0.00" type="DEFAULT_VEHTYPE" speed="12.77" pos="43.72" lane="2/3to2/2_0" slope="0.00"/>
    </timestep>
    <timestep time="209.00">
        <vehicle id="12" x="201.65" y="444.72" angle="180.00" type="DEFAULT_VEHTYPE" speed="13.68" pos="39.97" lane="1/2to1/3_0" slope="0.00"/>
        <vehicle id="17" x="236.67" y="598.35" angle="90.00" type="DEFAULT_VEHTYPE" speed="13.84" pos="31.92" lane="1/3to2/3_0" slope="0.00"/>
        <vehicle id="2" x="345.07" y="598.35" angle="90.00" type="DEFAULT_VEHTYPE" speed="12.89" pos="140.32" lane="1/3to2/3_0" slope="0.00"/>
        <vehicle id="20" x="198.35" y="331.70" angle="0.00" type="DEFAULT_VEHTYPE" speed="12.97" pos="63.55" lane="1/2to1/1_0" slope="0.00"/>
        <vehicle id="23" x="185.88" y="401.65" angle="-90.00" type="DEFAULT_VEHTYPE" speed="10.49" pos="9.37" lane="1/2to0/2_0" slope="0.00"/>
        <vehicle id="7" x="664.44" y="598.35" angle="90.00" type="DEFAULT_VEHTYPE" speed="12.78" pos="59.69" lane="3/3to4/3_0" slope="0.00"/>
        <vehicle id="9" x="398.35" y="537.99" angle="0.00" type="DEFAULT_VEHTYPE" speed="13.54" pos="57.26" lane="2/3to2/2_0" slope="0.00"/>
    </timestep>
    <timestep time="210.00">
        <vehicle id="12" x="201.65" y="457.92" angle="180.00" type="DEFAULT_VEHTYPE" speed="13.20" pos="53.17" lane="1/2to1/3_0" slope="0.00"/>
        <vehicle id="17" x="250.10" y="598.35" angle="90.00" type="DEFAULT_VEHTYPE" speed="13.43" pos="45.35" lane="1/3to2/3_0" slope="0.00"/>
        <vehicle id="2" x="358.48" y="598.35" angle="90.00" type="DEFAULT_VEHTYPE" speed="13.41" pos="153.73" lane="1/3to2/3_0" slope="0.00"/>
        <vehicle id="20" x="198.35" y="318.63" angle="0.00" type="DEFAULT_VEHTYPE" speed="13.07" pos="76.62" lane="1/2to1/1_0" slope="0.00"/>
        <vehicle id="23" x="173.65" y="401.65" angle="-90.00" type="DEFAULT_VEHTYPE" speed="12.23" pos="21.60" lane="1/2to0/2_0" slope="0.00"/>
        <vehicle id="7" x="677.69" y="598.35" angle="90.00" type="DEFAULT_VEHTYPE" speed="13.25" pos="72.94" lane="3/3to4/3_0" slope="0.00"/>
        <vehicle id="9" x="398.35" y="525.09" angle="0.00" type="DEFAULT_VEHTYPE" speed="12.90" pos="70.16" lane="2/3to2/2_0" slope="0.00"/>
    </timestep>
    <timestep time="211.00">
        <vehicle id="12" x="201.65" y="470.71" angle="180.00" type="DEFAULT_VEHTYPE" speed="12.79" pos="65.96" lane="1/2to1/3_0" slope="0.00"/>
        <vehicle id="17" x="263.79" y="598.35" angle="90.00" type="DEFAULT_VEHTYPE" speed="13.69" pos="59.04" lane="1/3to2/3_0" slope="0.00"/>
        <vehicle id="2" x="371.35" y="598.35" angle="90.00" type="DEFAULT_VEHTYPE" speed="12.87" pos="166.60" lane="1/3to2/3_0" slope="0.00"/>
        <vehicle id="20" x="198.35" y="305.60" angle="0.00" type="DEFAULT_VEHTYPE" speed="13.03" pos="89.65" lane="1/2to1/1_0" slope="0.00"/>
        <vehicle id="23" x="160.35" y="401.65" angle="-90.00" type="DEFAULT_VEHTYPE" speed="13.30" pos="34.90" lane="1/2to0/2_0" slope="0.00"/>
        <vehicle id="7" x="691.45" y="598.35" angle="90.00" type="DEFAULT_VEHTYPE" speed="13.76" pos="86.70" lane="3/3to4/3_0" slope="0.00"/>
        <vehicle id="9" x="398.35" y="512.33" angle="0.00" type="DEFAULT_VEHTYPE" speed="12.76" pos="82.92" lane="2/3to2/2_0" slope="0.00"/>
    </timestep>
    <timestep time="212.00">
        <vehicle id="12" x="201.65" y="483.34" angle="180.00" type="DEFAULT_VEHTYPE" speed="12.64" pos="78.59" lane="1/2to1/3_0" slope="0.00"/>
        <vehicle id="17" x="277.05" y="598.35" angle="90.00" type="DEFAULT_VEHTYPE" speed="13.25" pos="72.30" lane="1/3to2/3_0" slope="0.00"/>
        <vehicle id="2" x="380.87" y="598.35" angle="90.00" type="DEFAULT_VEHTYPE" speed="9.52" pos="176.12" lane="1/3to2/3_0" slope="0.00"/>
        <vehicle id="20" x="198.35" y="292.85" angle="0.00" type="DEFAULT_VEHTYPE" speed="12.75" pos="102.40" lane="1/2to1/1_0" slope="0.00"/>
        <vehicle id="23" x="147.45" y="401.65" angle="-90.00" type="DEFAULT_VEHTYPE" speed="12.90" pos="47.80" lane="1/2to0/2_0" slope="0.00"/>
        <vehicle id="7" x="704.83" y="598.35" angle="90.00" type="DEFAULT_VEHTYPE" speed="13.38" pos="100.08" lane="3/3to4/3_0" slope="0.00"/>
        <vehicle id="9" x="398.35" y="498.63" angle="0.00" type="DEFAULT_VEHTYPE" speed="13.70" pos="96.62" lane="2/3to2/2_0" slope="0.00"/>
    </timestep>
    <timestep time="213.00">
        <vehicle id="12" x="201.65" y="496.34" angle="180.00" type="DEFAULT_VEHTYPE" speed="13.00" pos="91.59" lane="1/2to1/3_0" slope="0.00"/>
        <vehicle id="17" x="290.64" y="598.35" angle="90.00" type="DEFAULT_VEHTYPE" speed="13.59" pos="85.89" lane="1/3to2/3_0" slope="0.00"/>
        <vehicle id="2" x="387.10" y="598.35" angle="90.00" type="DEFAULT_VEHTYPE" speed="6.24" pos="182.35" lane="1/3to2/3_0" slope="0.00"/>
        <vehicle id="20" x="198.35" y="279.47" angle="0.00" type="DEFAULT_VEHTYPE" speed="13.38" pos="115.78" lane="1/2to1/1_0" slope="0.00"/>
        <vehicle id="23" x="134.04" y="401.65" angle="-90.00" type="DEFAULT_VEHTYPE" speed="13.41" pos="61.21" lane="1/2to0/2_0" slope="0.00"/>
        <vehicle id="7" x="718.54" y="598.35" angle="90.00" type="DEFAULT_VEHTYPE" speed="13.71" pos="113.79" lane="3/3to4/3_0" slope="0.00"/>
        <vehicle id="9" x="398.35" y="484.94" angle="0.00" type="DEFAULT_VEHTYPE" speed="13.69" pos="110.31" lane="2/3to2/2_0" slope="0.00"/>
    </timestep>
    <timestep time="214.00">
        <vehicle id="12" x="201.65" y="509.44" angle="180.00" type="DEFAULT_VEHTYPE" speed="13.10" pos="104.69" lane="1/2to1/3_0" slope="0.00"/>
        <vehicle id="17" x="303.70" y="598.35" angle="90.00" type="DEFAULT_VEHTYPE" speed="13.06" pos="98.95" lane="1/3to2/3_0" slope="0.00"/>
        <vehicle id="2" x="390.49" y="598.35" angle="90.00" type="DEFAULT_VEHTYPE" speed="3.38" pos="185.74" lane="1/3to2/3_0" slope="0.00"/>
        <vehicle id="20" x="198.35" y="265.87" angle="0.00" type="DEFAULT_VEHTYPE" speed="13.60" pos="129.38" lane="1/2to1/1_0" slope="0.00"/>
        <vehicle id="23" x="121.30" y="401.65" angle="-90.00" type="DEFAULT_VEHTYPE" speed="12.74" pos="73.95" lane="1/2to0/2_0" slope="0.00"/>
        <vehicle id="7" x="732.24" y="598.35" angle="90.00" type="DEFAULT_VEHTYPE" speed="13.70" pos="127.49" lane="3/3to4/3_0" slope="0.00"/>
        <vehicle id="9" x="398.35" y="471.41" angle="0.00" type="DEFAULT_VEHTYPE" speed="13.53" pos="123.84" lane="2/3to2/2_0" slope="0.00"/>
    </timestep>
    <timestep time="215.00">
        <vehicle id="12" x="201.65" y="522.73" angle="180.00" type="DEFAULT_VEHTYPE" speed="13.29" pos="117.98" lane="1/2to1/3_0" slope="0.00"/>
        <vehicle id="17" x="316.46" y="598.35" angle="90.00" type="DEFAULT_VEHTYPE" speed="12.77" pos="111.71" lane="1/3to2/3_0" slope="0.00"/>
        <vehicle id="2" x="395.73" y="598.42" angle="90.78" type="DEFAULT_VEHTYPE" speed="5.24" pos="0.48" lane=":2/3_14_0" slope="0.00"/>
        <vehicle id="20" x="198.35" y="252.40" angle="0.00" type="DEFAULT_VEHTYPE" speed="13.48" pos="142.85" lane="1/2to1/1_0" slope="0.00"/>
        <vehicle id="23" x="108.30" y="401.65" angle="-90.00" type="DEFAULT_VEHTYPE" speed="13.00" pos="86.95" lane="1/2to0/2_0" slope="0.00"/>
        <vehicle id="7" x="745.26" y="598.35" angle="90.00" type="DEFAULT_VEHTYPE" speed="13.02" pos="140.51" lane="3/3to4/3_0" slope="0.00"/>
        <vehicle id="9" x="398.35" y="457.55" angle="0.00" type="DEFAULT_VEHTYPE" speed="13.86" pos="137.70" lane="2/3to2/2_0" slope="0.00"/>
    </timestep>
    <timestep time="216.00">
        <vehicle id="12" x="201.65" y="536.45" angle="180.00" type="DEFAULT_VEHTYPE" speed="13.71" pos="131.70" lane="1/2to1/3_0" slope="0.00"/>
        <vehicle id="17" x="330.20" y="598.35" angle="90.00" type="DEFAULT_VEHTYPE" speed="13.73" pos="125.45" lane="1/3to2/3_0" slope="0.00"/>
        <vehicle id="2" x="401.27" y="602.09" angle="134.68" type="DEFAULT_VEHTYPE" speed="7.16" pos="7.64" lane=":2/3_14_0" slope="0.00"/>
        <vehicle id="20" x="198.35" y="238.91" angle="0.00" type="DEFAULT_VEHTYPE" speed="13.49" pos="156.34" lane="1/2to1/1_0" slope="0.00"/>
        <vehicle id="23" x="94.76" y="401.65" angle="-90.00" type="DEFAULT_VEHTYPE" speed="13.54" pos="100.49" lane="1/2to0/2_0" slope="0.00"/>
        <vehicle id="7" x="757.89" y="598.35" angle="90.00" type="DEFAULT_VEHTYPE" speed="12.63" pos="153.14" lane="3/3to4/3_0" slope="0.00"/>
        <vehicle id="9" x="398.35" y="443.79" angle="0.00" type="DEFAULT_VEHTYPE" speed="13.76" pos="151.46" lane="2/3to2/2_0" slope="0.00"/>
    </timestep>
    <timestep time="217.00">
        <vehicle id="12" x="201.65" y="549.68" angle="180.00" type="DEFAULT_VEHTYPE" speed="13.24" pos="144.93" lane="1/2to1/3_0" slope="0.00"/>
        <vehicle id="17" x="343.40" y="598.35" angle="90.00" type="DEFAULT_VEHTYPE" speed="13.20" pos="138.65" lane="1/3to2/3_0" slope="0.00"/>
        <vehicle id="2" x="401.65" y="610.67" angle="180.00" type="DEFAULT_VEHTYPE" speed="8.61" pos="5.92" lane="2/3to2/4_0" slope="0.00"/>
        <vehicle id="20" x="198.35" y="225.30" angle="0.00" type="DEFAULT_VEHTYPE" speed="13.61" pos="169.95" lane="1/2to1/1_0" slope="0.00"/>
        <vehicle id="23" x="81.76" y="401.65" angle="-90.00" type="DEFAULT_VEHTYPE" speed="13.00" pos="113.49" lane="1/2to0/2_0" slope="0.00"/>
        <vehicle id="7" x="770.88" y="598.35" angle="90.00" type="DEFAULT_VEHTYPE" speed="12.99" pos="166.13" lane="3/3to4/3_0" slope="0.00"/>
        <vehicle id="9" x="398.35" y="430.78" angle="0.00" type="DEFAULT_VEHTYPE" speed="13.01" pos="164.47" lane="2/3to2/2_0" slope="0.00"/>
    </timestep>
    <timestep time="218.00">
        <vehicle id="12" x="201.65" y="562.54" angle="180.00" type="DEFAULT_VEHTYPE" speed="12.86" pos="157.79" lane="1/2to1/3_0" slope="0.00"/>
        <vehicle id="17" x="356.34" y="598.35" angle="90.00" type="DEFAULT_VEHTYPE" speed="12.94" pos="151.59" lane="1/3to2/3_0" slope="0.00"/>
        <vehicle id="2" x="401.65" y="621.61" angle="180.00" type="DEFAULT_VEHTYPE" speed="10.93" pos="16.86" lane="2/3to2/4_0" slope="0.00"/>
        <vehicle id="20" x="198.35" y="212.69" angle="0.00" type="DEFAULT_VEHTYPE" speed="12.61" pos="182.56" lane="1/2to1/1_0" slope="0.00"/>
        <vehicle id="23" x="68.31" y="401.65" angle="-90.00" type="DEFAULT_VEHTYPE" speed="13.45" pos="126.94" lane="1/2to0/2_0" slope="0.00"/>
        <vehicle id="7" x="783.74" y="598.35" angle="90.00" type="DEFAULT_VEHTYPE" speed="12.86" pos="178.99" lane="3/3to4/3_0" slope="0.00"/>
        <vehicle id="9" x="398.35" y="418.04" angle="0.00" type="DEFAULT_VEHTYPE" speed="12.74" pos="177.21" lane="2/3to2/2_0" slope="0.00"/>
    </timestep>
    <timestep time="219.00">
        <vehicle id="12" x="201.65" y="576.26" angle="180.00" type="DEFAULT_VEHTYPE" speed="13.71" pos="171.51" lane="1/2to1/3_0" slope="0.00"/>
        <vehicle id="17" x="370.09" y="598.35" angle="90.00" type="DEFAULT_VEHTYPE" speed="13.75" pos="165.34" lane="1/3to2/3_0" slope="0.00"/>
        <vehicle id="2" x="401.65" y="634.79" angle="180.00" type="DEFAULT_VEHTYPE" speed="13.19" pos="30.04" lane="2/3to2/4_0" slope="0.00"/>
        <vehicle id="20" x="195.04" y="201.65" angle="-48.54" type="DEFAULT_VEHTYPE" speed="13.15" pos="0.21" lane="1/1to0/1_0" slope="0.00"/>
        <vehicle id="23" x="55.12" y="401.65" angle="-90.00" type="DEFAULT_VEHTYPE" speed="13.19" pos="140.13" lane="1/2to0/2_0" slope="0.00"/>
        <vehicle id="7" x="796.96" y="598.35" angle="90.00" type="DEFAULT_VEHTYPE" speed="13.22" pos="192.21" lane="3/3to4/3_0" slope="0.00"/>
        <vehicle id="9" x="398.35" y="404.77" angle="0.00" type="DEFAULT_VEHTYPE" speed="13.27" pos="190.48" lane="2/3to2/2_0" slope="0.00"/>
    </timestep>
    <timestep time="220.00">
        <vehicle id="12" x="201.65" y="589.65" angle="180.00" type="DEFAULT_VEHTYPE" speed="13.40" pos="184.90" lane="1/2to1/3_0" slope="0.00"/>
        <vehicle id="17" x="380.27" y="598.35" angle="90.00" type="DEFAULT_VEHTYPE" speed="10.18" pos="175.52" lane="1/3to2/3_0" slope="0.00"/>
        <vehicle id="2" x="401.65" y="648.07" angle="180.00" type="DEFAULT_VEHTYPE" speed="13.28" pos="43.32" lane="2/3to2/4_0" slope="0.00"/>
        <vehicle id="20" x="181.63" y="201.65" angle="-90.00" type="DEFAULT_VEHTYPE" speed="13.42" pos="13.62" lane="1/1to0/1_0" slope="0.00"/>
        <vehicle id="23" x="41.87" y="401.65" angle="-90.00" type="DEFAULT_VEHTYPE" speed="13.24" pos="153.38" lane="1/2to0/2_0" slope="0.00"/>
        <vehicle id="7" x="794.33" y="601.65" angle="-90.00" type="DEFAULT_VEHTYPE" speed="13.53" pos="5.67" lane="4/3to3/3_0" slope="0.00"/>
        <vehicle id="9" x="386.57" y="401.65" angle="-90.00" type="DEFAULT_VEHTYPE" speed="13.70" pos="8.68" lane="2/2to1/2_0" slope="0.00"/>
    </timestep>
    <timestep time="221.00">
        <vehicle id="12" x="207.18" y="598.35" angle="99.94" type="DEFAULT_VEHTYPE" speed="13.02" pos="2.43" lane="1/3to2/3_0" slope="0.00"/>
        <vehicle id="17" x="386.62" y="598.35" angle="90.00" type="DEFAULT_VEHTYPE" speed="6.35" pos="181.87" lane="1/3to2/3_0" slope="0.00"/>
        <vehicle id="2" x="401.65" y="661.17" angle="180.00" type="DEFAULT_VEHTYPE" speed="13.09" pos="56.42" lane="2/3to2/4_0" slope="0.00"/>
        <vehicle id="20" x="168.51" y="201.65" angle="-90.00" type="DEFAULT_VEHTYPE" speed="13.12" pos="26.74" lane="1/1to0/1_0" slope="0.00"/>
        <vehicle id="23" x="28.19" y="401.65" angle="-90.00" type="DEFAULT_VEHTYPE" speed="13.69" pos="167.06" lane="1/2to0/2_0" slope="0.00"/>
        <vehicle id="7" x="781.69" y="601.65" angle="-90.00" type="DEFAULT_VEHTYPE" speed="12.65" pos="18.31" lane="4/3to3/3_0" slope="0.00"/>
        <vehicle id="9" x="373.02" y="401.65" angle="-90.00" type="DEFAULT_VEHTYPE" speed="13.55" pos="22.23" lane="2/2to1/2_0" slope="0.00"/>
    </timestep>
    <timestep time="222.00">
        <vehicle id="12" x="220.46" y="598.35" angle="90.00" type="DEFAULT_VEHTYPE" speed="13.28" pos="15.71" lane="1/3to2/3_0" slope="0.00"/>
        <vehicle id="17" x="390.18" y="598.35" angle="90.00" type="DEFAULT_VEHTYPE" speed="3.56" pos="185.43" lane="1/3to2/3_0" slope="0.00"/>
        <vehicle id="2" x="401.65" y="674.15" angle="180.00" type="DEFAULT_VEHTYPE" speed="12.98" pos="69.40" lane="2/3to2/4_0" slope="0.00"/>
        <vehicle id="20" x="155.66" y="201.65" angle="-90.00" type="DEFAULT_VEHTYPE" speed="12.85" pos="39.59" lane="1/1to0/1_0" slope="0.00"/>
        <vehicle id="23" x="14.82" y="401.65" angle="-90.00" type="DEFAULT_VEHTYPE" speed="13.36" pos="180.43" lane="1/2to0/2_0" slope="0.00"/>
        <vehicle id="7" x="767.91" y="601.65" angle="-90.00" type="DEFAULT_VEHTYPE" speed="13.77" pos="32.09" lane="4/3to3/3_0" slope="0.00"/>
        <vehicle id="9" x="359.97" y="401.65" angle="-90.00" type="DEFAULT_VEHTYPE" speed="13.05" pos="35.28" lane="2/2to1/2_0" slope="0.00"/>
    </timestep>
    <timestep time="223.00">
        <vehicle id="12" x="234.21" y="598.35" angle="90.00" type="DEFAULT_VEHTYPE" speed="13.76" pos="29.46" lane="1/3to2/3_0" slope="0.00"/>
        <vehicle id="17" x="396.13" y="598.48" angle="91.45" type="DEFAULT_VEHTYPE" speed="5.96" pos="0.89" lane=":2/3_14_0" slope="0.00"/>
        <vehicle id="2" x="401.65" y="687.29" angle="180.00" type="DEFAULT_VEHTYPE" speed="13.14" pos="82.54" lane="2/3to2/4_0" slope="0.00"/>
        <vehicle id="20" x="142.78" y="201.65" angle="-90.00" type="DEFAULT_VEHTYPE" speed="12.88" pos="52.47" lane="1/1to0/1_0" slope="0.00"/>
        <vehicle id="23" x="1.24" y="401.65" angle="-90.00" type="DEFAULT_VEHTYPE" speed="13.58" pos="194.01" lane="1/2to0/2_0" slope="0.00"/>
        <vehicle id="7" x="754.46" y="601.65" angle="-90.00" type="DEFAULT_VEHTYPE" speed="13.45" pos="45.54" lane="4/3to3/3_0" slope="0.00"/>
        <vehicle id="9" x="346.11" y="401.65" angle="-90.00" type="DEFAULT_VEHTYPE" speed="13.86" pos="49.14" lane="2/2to1/2_0" slope="0.00"/>
    </timestep>
    <timestep time="224.00">
        <vehicle id="12" x="246.90" y="598.35" angle="90.00" type="DEFAULT_VEHTYPE" speed="12.68" pos="42.15" lane="1/3to2/3_0" slope="0.00"/>
        <vehicle id="17" x="401.50" y="603.70" angle="152.21" type="DEFAULT_VEHTYPE" speed="8.37" pos="9.26" lane=":2/3_14_0" slope="0.00"/>
        <vehicle id="2" x="401.65" y="700.99" angle="180.00" type="DEFAULT_VEHTYPE" speed="13.70" pos="96.24" lane="2/3to2/4_0" slope="0.00"/>
        <vehicle id="20" x="130.04" y="201.65" angle="-90.00" type="DEFAULT_VEHTYPE" speed="12.74" pos="65.21" lane="1/1to0/1_0" slope="0.00"/>
        <vehicle id="23" x="6.59" y="398.35" angle="90.00" type="DEFAULT_VEHTYPE" speed="12.65" pos="6.59" lane="0/2to1/2_0" slope="0.00"/>
        <vehicle id="7" x="741.17" y="601.65" angle="-90.00" type="DEFAULT_VEHTYPE" speed="13.30" pos="58.83" lane="4/3to3/3_0" slope="0.00"/>
        <vehicle id="9" x="332.64" y="401.65" angle="-90.00" type="DEFAULT_VEHTYPE" speed="13.47" pos="62.61" lane="2/2to1/2_0" slope="0.00"/>
    </timestep>
    <timestep time="225.00">
        <vehicle id="12" x="260.34" y="598.35" angle="90.00" type="DEFAULT_VEHTYPE" speed="13.44" pos="55.59" lane="1/3to2/3_0" slope="0.00"/>
        <vehicle id="17" x="401.65" y="613.64" angle="180.00" type="DEFAULT_VEHTYPE" speed="9.95" pos="8.89" lane="2/3to2/4_0" slope="0.00"/>
        <vehicle id="2" x="401.65" y="714.55" angle="180.00" type="DEFAULT_VEHTYPE" speed="13.55" pos="109.80" lane="2/3to2/4_0" slope="0.00"/>
        <vehicle id="20" x="116.52" y="201.65" angle="-90.00" type="DEFAULT_VEHTYPE" speed="13.53" pos="78.73" lane="1/1to0/1_0" slope="0.00"/>
        <vehicle id="23" x="19.56" y="398.35" angle="90.00" type="DEFAULT_VEHTYPE" speed="12.97" pos="19.56" lane="0/2to1/2_0" slope="0.00"/>
        <vehicle id="7" x="727.79" y="601.65" angle="-90.00" type="DEFAULT_VEHTYPE" speed="13.37" pos="72.21" lane="4/3to3/3_0" slope="0.00"/>
        <vehicle id="9" x="319.45" y="401.65" angle="-90.00" type="DEFAULT_VEHTYPE" speed="13.19" pos="75.80" lane="2/2to1/2_0" slope="0.00"/>
    </timestep>
    <timestep time="226.00">
        <vehicle id="12" x="273.55" y="598.35" angle="90.00" type="DEFAULT_VEHTYPE" speed="13.22" pos="68.80" lane="1/3to2/3_0" slope="0.00"/>
        <vehicle id="17" x="401.65" y="625.47" angle="180.00" type="DEFAULT_VEHTYPE" speed="11.83" pos="20.72" lane="2/3to2/4_0" slope="0.00"/>
        <vehicle id="2" x="401.65" y="727.20" angle="180.00" type="DEFAULT_VEHTYPE" speed="12.65" pos="122.45" lane="2/3to2/4_0" slope="0.00"/>
        <vehicle id="20" x="103.06" y="201.65" angle="-90.00" type="DEFAULT_VEHTYPE" speed="13.45" pos="92.19" lane="1/1to0/1_0" slope="0.00"/>
        <vehicle id="23" x="33.36" y="398.35" angle="90.00" type="DEFAULT_VEHTYPE" speed="13.81" pos="33.36" lane="0/2to1/2_0" slope="0.00"/>
        <vehicle id="7" x="714.60" y="601.65" angle="-90.00" type="DEFAULT_VEHTYPE" speed="13.20" pos="85.40" lane="4/3to3/3_0" slope="0.00"/>
        <vehicle id="9" x="305.91" y="401.65" angle="-90.00" type="DEFAULT_VEHTYPE" speed="13.55" pos="89.34" lane="2/2to1/2_0" slope="0.00"/>
    </timestep>
    <timestep time="227.00">
        <vehicle id="12" x="287.42" y="598.35" angle="90.00" type="DEFAULT_VEHTYPE" speed="13.86" pos="82.67" lane="1/3to2/3_0" slope="0.00"/>
        <vehicle id="17" x="401.65" y="638.40" angle="180.00" type="DEFAULT_VEHTYPE" speed="12.93" pos="33.65" lane="2/3to2/4_0" slope="0.00"/>
        <vehicle id="2" x="401.65" y="740.68" angle="180.00" type="DEFAULT_VEHTYPE" speed="13.48" pos="135.93" lane="2/3to2/4_0" slope="0.00"/>
        <vehicle id="20" x="89.39" y="201.65" angle="-90.00" type="DEFAULT_VEHTYPE" speed="13.67" pos="105.86" lane="1/1to0/1_0" slope="0.00"/>
        <vehicle id="23" x="46.32" y="398.35" angle="90.00" type="DEFAULT_VEHTYPE" speed="12.96" pos="46.32" lane="0/2to1/2_0" slope="0.00"/>
        <vehicle id="7" x="701.27" y="601.65" angle="-90.00" type="DEFAULT_VEHTYPE" speed="13.33" pos="98.73" lane="4/3to3/3_0" slope="0.00"/>
        <vehicle id="9" x="292.87" y="401.65" angle="-90.00" type="DEFAULT_VEHTYPE" speed="13.04" pos="102.38" lane="2/2to1/2_0" slope="0.00"/>
    </timestep>
    <timestep time="228.00">
        <vehicle id="12" x="300.25" y="598.35" angle="90.00" type="DEFAULT_VEHTYPE" speed="12.84" pos="95.50" lane="1/3to2/3_0" slope="0.00"/>
        <vehicle id="17" x="401.65" y="651.07" angle="180.00" type="DEFAULT_VEHTYPE" speed="12.67" pos="46.32" lane="2/3to2/4_0" slope="0.00"/>
        <vehicle id="2" x="401.65" y="753.75" angle="180.00" type="DEFAULT_VEHTYPE" speed="13.07" pos="149.00" lane="2/3to2/4_0" slope="0.00"/>
        <vehicle id="20" x="76.16" y="201.65" angle="-90.00" type="DEFAULT_VEHTYPE" speed="13.23" pos="119.09" lane="1/1to0/1_0" slope="0.00"/>
        <vehicle id="23" x="59.26" y="398.35" angle="90.00" type="DEFAULT_VEHTYPE" speed="12.94" pos="59.26" lane="0/2to1/2_0" slope="0.00"/>
        <vehicle id="7" x="688.40" y="601.65" angle="-90.00" type="DEFAULT_VEHTYPE" speed="12.87" pos="111.60" lane="4/3to3/3_0" slope="0.00"/>
        <vehicle id="9" x="280.18" y="401.65" angle="-90.00" type="DEFAULT_VEHTYPE" speed="12.68" pos="115.07" lane="2/2to1/2_0" slope="0.00"/>
    </timestep>
    <timestep time="229.00">
        <vehicle id="12" x="314.14" y="598.35" angle="90.00" type="DEFAULT_VEHTYPE" speed="13.88" pos="109.39" lane="1/3to2/3_0" slope="0.00"/>
        <vehicle id="17" x="401.65" y="664.68" angle="180.00" type="DEFAULT_VEHTYPE" speed="13.61" pos="59.93" lane="2/3to2/4_0" slope="0.00"/>
        <vehicle id="2" x="401.65" y="766.47" angle="180.00" type="DEFAULT_VEHTYPE" speed="12.72" pos="161.72" lane="2/3to2/4_0" slope="0.00"/>
        <vehicle id="20" x="63.23" y="201.65" angle="-90.00" type="DEFAULT_VEHTYPE" speed="12.94" pos="132.02" lane="1/1to0/1_0" slope="0.00"/>
        <vehicle id="23" x="73.13" y="398.35" angle="90.00" type="DEFAULT_VEHTYPE" speed="13.87" pos="73.13" lane="0/2to1/2_0" slope="0.00"/>
        <vehicle id="7" x="675.79" y="601.65" angle="-90.00" type="DEFAULT_VEHTYPE" speed="12.61" pos="124.21" lane="4/3to3/3_0" slope="0.00"/>
        <vehicle id="9" x="266.66" y="401.65" angle="-90.00" type="DEFAULT_VEHTYPE" speed="13.53" pos="128.59" lane="2/2to1/2_0" slope="0.00"/>
    </timestep>
    <timestep time="230.00">
        <vehicle id="12" x="327.00" y="598.35" angle="90.00" type="DEFAULT_VEHTYPE" speed="12.86" pos="122.25" lane="1/3to2/3_0" slope="0.00"/>
        <vehicle id="17" x="401.65" y="677.69" angle="180.00" type="DEFAULT_VEHTYPE" speed="13.01" pos="72.94" lane="2/3to2/4_0" slope="0.00"/>
        <vehicle id="2" x="401.65" y="779.38" angle="180.00" type="DEFAULT_VEHTYPE" speed="12.91" pos="174.63" lane="2/3to2/4_0" slope="0.00"/>
        <vehicle id="20" x="49.33" y="201.65" angle="-90.00" type="DEFAULT_VEHTYPE" speed="13.89" pos="145.92" lane="1/1to0/1_0" slope="0.00"/>
        <vehicle id="23" x="86.13" y="398.35" angle="90.00" type="DEFAULT_VEHTYPE" speed="12.99" pos="86.13" lane="0/2to1/2_0" slope="0.00"/>
        <vehicle id="7" x="662.79" y="601.65" angle="-90.00" type="DEFAULT_VEHTYPE" speed="13.00" pos="137.21" lane="4/3to3/3_0" slope="0.00"/>
        <vehicle id="9" x="253.65" y="401.65" angle="-90.00" type="DEFAULT_VEHTYPE" speed="13.01" pos="141.60" lane="2/2to1/2_0" slope="0.00"/>
    </timestep>
    <timestep time="231.00">
        <vehicle id="12" x="339.93" y="598.35" angle="90.00" type="DEFAULT_VEHTYPE" speed="12.93" pos="135.18" lane="1/3to2/3_0" slope="0.00"/>
        <vehicle id="17" x="401.65" y="691.12" angle="180.00" type="DEFAULT_VEHTYPE" speed="13.42" pos="86.37" lane="2/3to2/4_0" slope="0.00"/>
        <vehicle id="2" x="401.65" y="792.27" angle="180.00" type="DEFAULT_VEHTYPE" speed="12.89" pos="187.52" lane="2/3to2/4_0" slope="0.00"/>
        <vehicle id="20" x="35.80" y="201.65" angle="-90.00" type="DEFAULT_VEHTYPE" speed="13.53" pos="159.45" lane="1/1to0/1_0" slope="0.00"/>
        <vehicle id="23" x="99.31" y="398.35" angle="90.00" type="DEFAULT_VEHTYPE" speed="13.19" pos="99.31" lane="0/2to1/2_0" slope="0.00"/>
        <vehicle id="7" x="650.14" y="601.65" angle="-90.00" type="DEFAULT_VEHTYPE" speed="12.65" pos="149.86" lane="4/3to3/3_0" slope="0.00"/>
        <vehicle id="9" x="240.43" y="401.65" angle="-90.00" type="DEFAULT_VEHTYPE" speed="13.22" pos="154.82" lane="2/2to1/2_0" slope="0.00"/>
    </timestep>
    <timestep time="232.00">
        <vehicle id="12" x="353.79" y="598.35" angle="90.00" type="DEFAULT_VEHTYPE" speed="13.86" pos="149.04" lane="1/3to2/3_0" slope="0.00"/>
        <vehicle id="17" x="401.65" y="704.57" angle="180.00" type="DEFAULT_VEHTYPE" speed="13.45" pos="99.82" lane="2/3to2/4_0" slope="0.00"/>
        <vehicle id="2" x="398.35" y="799.09" angle="-62.35" type="DEFAULT_VEHTYPE" speed="13.46" pos="0.91" lane="2/4to2/3_0" slope="0.00"/>
        <vehicle id="20" x="22.22" y="201.65" angle="-90.00" type="DEFAULT_VEHTYPE" speed="13.58" pos="173.03" lane="1/1to0/1_0" slope="0.00"/>
        <vehicle id="23" x="112.53" y="398.35" angle="90.00" type="DEFAULT_VEHTYPE" speed="13.22" pos="112.53" lane="0/2to1/2_0" slope="0.00"/>
        <vehicle id="7" x="637.41" y="601.65" angle="-90.00" type="DEFAULT_VEHTYPE" speed="12.73" pos="162.59" lane="4/3to3/3_0" slope="0.00"/>
        <vehicle id="9" x="227.40" y="401.65" angle="-90.00" type="DEFAULT_VEHTYPE" speed="13.03" pos="167.85" lane="2/2to1/2_0" slope="0.00"/>
    </timestep>
    <timestep time="233.00">
        <vehicle id="12" x="367.34" y="598.35" angle="90.00" type="DEFAULT_VEHTYPE" speed="13.55" pos="162.59" lane="1/3to2/3_0" slope="0.00"/>
        <vehicle id="17" x="401.65" y="717.35" angle="180.00" type="DEFAULT_VEHTYPE" speed="12.78" pos="112.60" lane="2/3to2/4_0" slope="0.00"/>
        <vehicle id="2" x="398.35" y="785.60" angle="0.00" type="DEFAULT_VEHTYPE" speed="13.49" pos="14.40" lane="2/4to2/3_0" slope="0.00"/>
        <vehicle id="20" x="8.51" y="201.65" angle="-90.00" type="DEFAULT_VEHTYPE" speed="13.71" pos="186.74" lane="1/1to0/1_0" slope="0.00"/>
        <vehicle id="23" x="125.94" y="398.35" angle="90.00" type="DEFAULT_VEHTYPE" speed="13.41" pos="125.94" lane="0/2to1/2_0" slope="0.00"/>
        <vehicle id="7" x="625.91" y="601.65" angle="-90.00" type="DEFAULT_VEHTYPE" speed="11.50" pos="174.09" lane="4/3to3/3_0" slope="0.00"/>
        <vehicle id="9" x="218.49" y="401.65" angle="-90.00" type="DEFAULT_VEHTYPE" speed="8.91" pos="176.76" lane="2/2to1/2_0" slope="0.00"/>
    </timestep>
    <timestep time="234.00">
        <vehicle id="12" x="378.61" y="598.35" angle="90.00" type="DEFAULT_VEHTYPE" speed="11.27" pos="173.86" lane="1/3to2/3_0" slope="0.00"/>
        <vehicle id="17" x="401.65" y="730.56" angle="180.00" type="DEFAULT_VEHTYPE" speed="13.22" pos="125.81" lane="2/3to2/4_0" slope="0.00"/>
        <vehicle id="2" x="398.35" y="771.93" angle="0.00" type="DEFAULT_VEHTYPE" speed="13.67" pos="28.07" lane="2/4to2/3_0" slope="0.00"/>
        <vehicle id="20" x="-0.05" y="198.38" angle="-4.92" type="DEFAULT_VEHTYPE" speed="13.28" pos="4.77" lane=":0/1_0_0" slope="0.00"/>
        <vehicle id="23" x="139.21" y="398.35" angle="90.00" type="DEFAULT_VEHTYPE" speed="13.27" pos="139.21" lane="0/2to1/2_0" slope="0.00"/>
        <vehicle id="7" x="616.95" y="601.65" angle="-90.00" type="DEFAULT_VEHTYPE" speed="8.97" pos="183.05" lane="4/3to3/3_0" slope="0.00"/>
        <vehicle id="9" x="212.91" y="401.65" angle="-90.00" type="DEFAULT_VEHTYPE" speed="5.58" pos="182.34" lane="2/2to1/2_0" slope="0.00"/>
    </timestep>
    <timestep time="235.00">
        <vehicle id="12" x="386.10" y="598.35" angle="90.00" type="DEFAULT_VEHTYPE" speed="7.49" pos="181.35" lane="1/3to2/3_0" slope="0.00"/>
        <vehicle id="17" x="401.65" y="743.49" angle="180.00" type="DEFAULT_VEHTYPE" speed="12.93" pos="138.74" lane="2/3to2/4_0" slope="0.00"/>
        <vehicle id="2" x="398.35" y="758.16" angle="0.00" type="DEFAULT_VEHTYPE" speed="13.77" pos="41.84" lane="2/4to2/3_0" slope="0.00"/>
        <vehicle id="20" x="12.71" y="198.35" angle="90.00" type="DEFAULT_VEHTYPE" speed="12.76" pos="12.71" lane="0/1to1/1_0" slope="0.00"/>
        <vehicle id="23" x="152.62" y="398.35" angle="90.00" type="DEFAULT_VEHTYPE" speed="13.41" pos="152.62" lane="0/2to1/2_0" slope="0.00"/>
        <vehicle id="7" x="612.15" y="601.65" angle="-90.00" type="DEFAULT_VEHTYPE" speed="4.80" pos="187.85" lane="4/3to3/3_0" slope="0.00"/>
        <vehicle id="9" x="209.75" y="401.65" angle="-90.00" type="DEFAULT_VEHTYPE" speed="3.16" pos="185.50" lane="2/2to1/2_0" slope="0.00"/>
    </timestep>
    <timestep time="236.00">
        <vehicle id="12" x="389.29" y="598.35" angle="90.00" type="DEFAULT_VEHTYPE" speed="3.18" pos="184.54" lane="1/3to2/3_0" slope="0.00"/>
        <vehicle id="17" x="401.65" y="757.08" angle="180.00" type="DEFAULT_VEHTYPE" speed="13.59" pos="152.33" lane="2/3to2/4_0" slope="0.00"/>
        <vehicle id="2" x="398.35" y="744.89" angle="0.00" type="DEFAULT_VEHTYPE" speed="13.26" pos="55.11" lane="2/4to2/3_0" slope="0.00"/>
        <vehicle id="20" x="26.24" y="198.35" angle="90.00" type="DEFAULT_VEHTYPE" speed="13.53" pos="26.24" lane="0/1to1/1_0" slope="0.00"/>
        <vehicle id="23" x="165.99" y="398.35" angle="90.00" type="DEFAULT_VEHTYPE" speed="13.37" pos="165.99" lane="0/2to1/2_0" slope="0.00"/>
        <vehicle id="7" x="609.13" y="601.65" angle="-90.00" type="DEFAULT_VEHTYPE" speed="3.02" pos="190.87" lane="4/3to3/3_0" slope="0.00"/>
        <vehicle id="9" x="205.05" y="401.65" angle="-90.00" type="DEFAULT_VEHTYPE" speed="4.70" pos="190.20" lane="2/2to1/2_0" slope="0.00"/>
    </timestep>
    <timestep time="237.00">
        <vehicle id="12" x="394.24" y="598.35" angle="90.00" type="DEFAULT_VEHTYPE" speed="4.95" pos="189.49" lane="1/3to2/3_0" slope="0.00"/>
        <vehicle id="17" x="401.65" y="770.74" angle="180.00" type="DEFAULT_VEHTYPE" speed="13.66" pos="165.99" lane="2/3to2/4_0" slope="0.00"/>
        <vehicle id="2" x="398.35" y="731.29" angle="0.00" type="DEFAULT_VEHTYPE" speed="13.60" pos="68.71" lane="2/4to2/3_0" slope="0.00"/>
        <vehicle id="20" x="39.12" y="198.35" angle="90.00" type="DEFAULT_VEHTYPE" speed="12.88" pos="39.12" lane="0/1to1/1_0" slope="0.00"/>
        <vehicle id="23" x="176.90" y="398.35" angle="90.00" type="DEFAULT_VEHTYPE" speed="10.91" pos="176.90" lane="0/2to1/2_0" slope="0.00"/>
        <vehicle id="7" x="604.06" y="601.55" angle="-88.87" type="DEFAULT_VEHTYPE" speed="5.08" pos="0.70" lane=":3/3_6_0" slope="0.00"/>
        <vehicle id="9" x="198.89" y="401.65" angle="-90.00" type="DEFAULT_VEHTYPE" speed="6.16" pos="5.86" lane=":1/2_5_0" slope="0.00"/>
    </timestep>
    <timestep time="238.00">
        <vehicle id="12" x="400.13" y="600.08" angle="110.28" type="DEFAULT_VEHTYPE" speed="6.33" pos="5.32" lane=":2/3_14_0" slope="0.00"/>
        <vehicle id="17" x="401.65" y="783.48" angle="180.00" type="DEFAULT_VEHTYPE" speed="12.74" pos="178.73" lane="2/3to2/4_0" slope="0.00"/>
        <vehicle id="2" x="398.35" y="717.74" angle="0.00" type="DEFAULT_VEHTYPE" speed="13.55" pos="82.26" lane="2/4to2/3_0" slope="0.00"/>
        <vehicle id="20" x="52.47" y="198.35" angle="90.00" type="DEFAULT_VEHTYPE" speed="13.35" pos="52.47" lane="0/1to1/1_0" slope="0.00"/>
        <vehicle id="23" x="185.04" y="398.35" angle="90.00" type="DEFAULT_VEHTYPE" speed="8.14" pos="185.04" lane="0/2to1/2_0" slope="0.00"/>
        <vehicle id="7" x="598.81" y="598.15" angle="-48.56" type="DEFAULT_VEHTYPE" speed="6.68" pos="7.38" lane=":3/3_6_0" slope="0.00"/>
        <vehicle id="9" x="190.94" y="401.65" angle="-90.00" type="DEFAULT_VEHTYPE" speed="7.95" pos="4.31" lane="1/2to0/2_0" slope="0.00"/>
    </timestep>
    <timestep time="239.00">
        <vehicle id="12" x="401.65" y="607.84" angle="176.89" type="DEFAULT_VEHTYPE" speed="8.09" pos="3.09" lane="2/3to2/4_0" slope="0.00"/>
        <vehicle id="17" x="401.65" y="796.79" angle="180.00" type="DEFAULT_VEHTYPE" speed="13.31" pos="192.04" lane="2/3to2/4_0" slope="0.00"/>
        <vehicle id="2" x="398.35" y="704.03" angle="0.00" type="DEFAULT_VEHTYPE" speed="13.72" pos="95.97" lane="2/4to2/3_0" slope="0.00"/>
        <vehicle id="20" x="65.74" y="198.35" angle="90.00" type="DEFAULT_VEHTYPE" speed="13.27" pos="65.74" lane="0/1to1/1_0" slope="0.00"/>
        <vehicle id="23" x="189.58" y="398.35" angle="90.00" type="DEFAULT_VEHTYPE" speed="4.55" pos="189.58" lane="0/2to1/2_0" slope="0.00"/>
        <vehicle id="7" x="598.35" y="590.01" angle="0.00" type="DEFAULT_VEHTYPE" speed="8.18" pos="5.24" lane="3/3to3/2_0" slope="0.00"/>
        <vehicle id="9" x="181.04" y="401.65" angle="-90.00" type="DEFAULT_VEHTYPE" speed="9.90" pos="14.21" lane="1/2to0/2_0" slope="0.00"/>
    </timestep>
    <timestep time="240.00">
        <vehicle id="12" x="401.65" y="618.49" angle="180.00" type="DEFAULT_VEHTYPE" speed="10.65" pos="13.74" lane="2/3to2/4_0" slope="0.00"/>
        <vehicle id="17" x="398.35" y="795.24" angle="-1.56" type="DEFAULT_VEHTYPE" speed="12.79" pos="4.76" lane="2/4to2/3_0" slope="0.00"/>
        <vehicle id="2" x="398.35" y="690.23" angle="0.00" type="DEFAULT_VEHTYPE" speed="13.80" pos="109.77" lane="2/4to2/3_0" slope="0.00"/>
        <vehicle id="20" x="79.37" y="198.35" angle="90.00" type="DEFAULT_VEHTYPE" speed="13.63" pos="79.37" lane="0/1to1/1_0" slope="0.00"/>
        <vehicle id="23" x="196.21" y="398.49" angle="91.57" type="DEFAULT_VEHTYPE" speed="6.64" pos="0.97" lane=":1/2_14_0" slope="0.00"/>
        <vehicle id="7" x="598.35" y="579.73" angle="0.00" type="DEFAULT_VEHTYPE" speed="10.28" pos="15.52" lane="3/3to3/2_0" slope="0.00"/>
        <vehicle id="9" x="169.25" y="401.65" angle="-90.00" type="DEFAULT_VEHTYPE" speed="11.79" pos="26.00" lane="1/2to0/2_0" slope="0.00"/>
    </timestep>
    <timestep time="241.00">
        <vehicle id="12" x="401.65" y="631.12" angle="180.00" type="DEFAULT_VEHTYPE" speed="12.64" pos="26.37" lane="2/3to2/4_0" slope="0.00"/>
        <vehicle id="17" x="398.35" y="781.52" angle="0.00" type="DEFAULT_VEHTYPE" speed="13.72" pos="18.48" lane="2/4to2/3_0" slope="0.00"/>
        <vehicle id="2" x="398.35" y="676.64" angle="0.00" type="DEFAULT_VEHTYPE" speed="13.60" pos="123.36" lane="2/4to2/3_0" slope="0.00"/>
        <vehicle id="20" x="93.15" y="198.35" angle="90.00" type="DEFAULT_VEHTYPE" speed="13.77" pos="93.15" lane="0/1to1/1_0" slope="0.00"/>
        <vehicle id="23" x="201.52" y="403.83" angle="153.54" type="DEFAULT_VEHTYPE" speed="8.42" pos="9.39" lane=":1/2_14_0" slope="0.00"/>
        <vehicle id="7" x="598.35" y="567.65" angle="0.00" type="DEFAULT_VEHTYPE" speed="12.08" pos="27.60" lane="3/3to3/2_0" slope="0.00"/>
        <vehicle id="9" x="155.94" y="401.65" angle="-90.00" type="DEFAULT_VEHTYPE" speed="13.31" pos="39.31" lane="1/2to0/2_0" slope="0.00"/>
    </timestep>
    <timestep time="242.00">
        <vehicle id="12" x="401.65" y="643.81" angle="180.00" type="DEFAULT_VEHTYPE" speed="12.69" pos="39.06" lane="2/3to2/4_0" slope="0.00"/>
        <vehicle id="17" x="398.35" y="768.05" angle="0.00" type="DEFAULT_VEHTYPE" speed="13.48" pos="31.95" lane="2/4to2/3_0" slope="0.00"/>
        <vehicle id="2" x="398.35" y="663.98" angle="0.00" type="DEFAULT_VEHTYPE" speed="12.65" pos="136.02" lane="2/4to2/3_0" slope="0.00"/>
        <vehicle id="20" x="106.49" y="198.35" angle="90.00" type="DEFAULT_VEHTYPE" speed="13.34" pos="106.49" lane="0/1to1/1_0" slope="0.00"/>
        <vehicle id="23" x="201.65" y="414.28" angle="180.00" type="DEFAULT_VEHTYPE" speed="10.46" pos="9.53" lane="1/2to1/3_0" slope="0.00"/>
        <vehicle id="7" x="598.35" y="554.22" angle="0.00" type="DEFAULT_VEHTYPE" speed="13.43" pos="41.03" lane="3/3to3/2_0" slope="0.00"/>
        <vehicle id="9" x="142.93" y="401.65" angle="-90.00" type="DEFAULT_VEHTYPE" speed="13.01" pos="52.32" lane="1/2to0/2_0" slope="0.00"/>
    </timestep>
    <timestep time="243.00">
        <vehicle id="12" x="401.65" y="657.44" angle="180.00" type="DEFAULT_VEHTYPE" speed="13.63" pos="52.69" lane="2/3to2/4_0" slope="0.00"/>
        <vehicle id="17" x="398.35" y="755.38" angle="0.00" type="DEFAULT_VEHTYPE" speed="12.67" pos="44.62" lane="2/4to2/3_0" slope="0.00"/>
        <vehicle id="2" x="398.35" y="650.98" angle="0.00" type="DEFAULT_VEHTYPE" speed="13.00" pos="149.02" lane="2/4to2/3_0" slope="0.00"/>
        <vehicle id="20" x="119.64" y="198.35" angle="90.00" type="DEFAULT_VEHTYPE" speed="13.15" pos="119.64" lane="0/1to1/1_0" slope="0.00"/>
        <vehicle id="23" x="201.65" y="426.09" angle="180.00" type="DEFAULT_VEHTYPE" speed="11.81" pos="21.34" lane="1/2to1/3_0" slope="0.00"/>
        <vehicle id="7" x="598.35" y="541.09" angle="0.00" type="DEFAULT_VEHTYPE" speed="13.13" pos="54.16" lane="3/3to3/2_0" slope="0.00"/>
        <vehicle id="9" x="129.77" y="401.65" angle="-90.00" type="DEFAULT_VEHTYPE" speed="13.16" pos="65.48" lane="1/2to0/2_0" slope="0.00"/>
    </timestep>
    <timestep time="244.00">
        <vehicle id="12" x="401.65" y="670.89" angle="180.00" type="DEFAULT_VEHTYPE" speed="13.45" pos="66.14" lane="2/3to2/4_0" slope="0.00"/>
        <vehicle id="17" x="398.35" y="742.49" angle="0.00" type="DEFAULT_VEHTYPE" speed="12.89" pos="57.51" lane="2/4to2/3_0" slope="0.00"/>
        <vehicle id="2" x="398.35" y="637.49" angle="0.00" type="DEFAULT_VEHTYPE" speed="13.49" pos="162.51" lane="2/4to2/3_0" slope="0.00"/>
        <vehicle id="20" x="132.40" y="198.35" angle="90.00" type="DEFAULT_VEHTYPE" speed="12.76" pos="132.40" lane="0/1to1/1_0" slope="0.00"/>
        <vehicle id="23" x="201.65" y="439.81" angle="180.00" type="DEFAULT_VEHTYPE" speed="13.72" pos="35.06" lane="1/2to1/3_0" slope="0.00"/>
        <vehicle id="7" x="598.35" y="528.40" angle="0.00" type="DEFAULT_VEHTYPE" speed="12.69" pos="66.85" lane="3/3to3/2_0" slope="0.00"/>
        <vehicle id="9" x="116.62" y="401.65" angle="-90.00" type="DEFAULT_VEHTYPE" speed="13.15" pos="78.63" lane="1/2to0/2_0" slope="0.00"/>
    </timestep>
    <timestep time="245.00">
        <vehicle id="12" x="401.65" y="683.58" angle="180.00" type="DEFAULT_VEHTYPE" speed="12.69" pos="78.83" lane="2/3to2/4_0" slope="0.00"/>
        <vehicle id="17" x="398.35" y="729.27" angle="0.00" type="DEFAULT_VEHTYPE" speed="13.23" pos="70.73" lane="2/4to2/3_0" slope="0.00"/>
        <vehicle id="2" x="398.35" y="624.21" angle="0.00" type="DEFAULT_VEHTYPE" speed="13.28" pos="175.79" lane="2/4to2/3_0" slope="0.00"/>
        <vehicle id="20" x="145.01" y="198.35" angle="90.00" type="DEFAULT_VEHTYPE" speed="12.61" pos="145.01" lane="0/1to1/1_0" slope="0.00"/>
        <vehicle id="23" x="201.65" y="453.47" angle="180.00" type="DEFAULT_VEHTYPE" speed="13.66" pos="48.72" lane="1/2to1/3_0" slope="0.00"/>
        <vehicle id="7" x="598.35" y="515.43" angle="0.00" type="DEFAULT_VEHTYPE" speed="12.97" pos="79.82" lane="3/3to3/2_0" slope="0.00"/>
        <vehicle id="9" x="102.97" y="401.65" angle="-90.00" type="DEFAULT_VEHTYPE" speed="13.66" pos="92.28" lane="1/2to0/2_0" slope="0.00"/>
    </timestep>
    <timestep time="246.00">
        <vehicle id="12" x="401.65" y="696.59" angle="180.00" type="DEFAULT_VEHTYPE" speed="13.01" pos="91.84" lane="2/3to2/4_0" slope="0.00"/>
        <vehicle id="17" x="398.35" y="716.50" angle="0.00" type="DEFAULT_VEHTYPE" speed="12.77" pos="83.50" lane="2/4to2/3_0" slope="0.00"/>
        <vehicle id="2" x="398.35" y="610.76" angle="0.00" type="DEFAULT_VEHTYPE" speed="13.45" pos="189.24" lane="2/4to2/3_0" slope="0.00"/>
        <vehicle id="20" x="158.59" y="198.35" angle="90.00" type="DEFAULT_VEHTYPE" speed="13.58" pos="158.59" lane="0/1to1/1_0" slope="0.00"/>
        <vehicle id="23" x="201.65" y="466.34" angle="180.00" type="DEFAULT_VEHTYPE" speed="12.87" pos="61.59" lane="1/2to1/3_0" slope="0.00"/>
        <vehicle id="7" x="598.35" y="501.75" angle="0.00" type="DEFAULT_VEHTYPE" speed="13.68" pos="93.50" lane="3/3to3/2_0" slope="0.00"/>
        <vehicle id="9" x="89.55" y="401.65" angle="-90.00" type="DEFAULT_VEHTYPE" speed="13.42" pos="105.70" lane="1/2to0/2_0" slope="0.00"/>
    </timestep>
    <timestep time="247.00">
        <vehicle id="12" x="401.65" y="710.42" angle="180.00" type="DEFAULT_VEHTYPE" speed="13.83" pos="105.67" lane="2/3to2/4_0" slope="0.00"/>
        <vehicle id="17" x="398.35" y="703.66" angle="0.00" type="DEFAULT_VEHTYPE" speed="12.84" pos="96.34" lane="2/4to2/3_0" slope="0.00"/>
        <vehicle id="2" x="398.35" y="597.31" angle="0.00" type="DEFAULT_VEHTYPE" speed="13.45" pos="7.44" lane=":2/3_1_0" slope="0.00"/>
        <vehicle id="20" x="171.77" y="198.35" angle="90.00" type="DEFAULT_VEHTYPE" speed="13.18" pos="171.77" lane="0/1to1/1_0" slope="0.00"/>
        <vehicle id="23" x="201.65" y="479.94" angle="180.00" type="DEFAULT_VEHTYPE" speed="13.60" pos="75.19" lane="1/2to1/3_0" slope="0.00"/>
        <vehicle id="7" x="598.35" y="488.32" angle="0.00" type="DEFAULT_VEHTYPE" speed="13.43" pos="106.93" lane="3/3to3/2_0" slope="0.00"/>
        <vehicle id="9" x="76.26" y="401.65" angle="-90.00" type="DEFAULT_VEHTYPE" speed="13.29" pos="118.99" lane="1/2to0/2_0" slope="0.00"/>
    </timestep>
    <timestep time="248.00">
        <vehicle id="12" x="401.65" y="723.03" angle="180.00" type="DEFAULT_VEHTYPE" speed="12.61" pos="118.28" lane="2/3to2/4_0" slope="0.00"/>
        <vehicle id="17" x="398.35" y="690.39" angle="0.00" type="DEFAULT_VEHTYPE" speed="13.27" pos="109.61" lane="2/4to2/3_0" slope="0.00"/>
        <vehicle id="2" x="398.35" y="583.65" angle="0.00" type="DEFAULT_VEHTYPE" speed="13.66" pos="11.60" lane="2/3to2/2_0" slope="0.00"/>
        <vehicle id="20" x="181.04" y="198.35" angle="90.00" type="DEFAULT_VEHTYPE" speed="9.27" pos="181.04" lane="0/1to1/1_0" slope="0.00"/>
        <vehicle id="23" x="201.65" y="493.43" angle="180.00" type="DEFAULT_VEHTYPE" speed="13.49" pos="88.68" lane="1/2to1/3_0" slope="0.00"/>
        <vehicle id="7" x="598.35" y="475.16" angle="0.00" type="DEFAULT_VEHTYPE" speed="13.17" pos="120.09" lane="3/3to3/2_0" slope="0.00"/>
        <vehicle id="9" x="62.97" y="401.65" angle="-90.00" type="DEFAULT_VEHTYPE" speed="13.30" pos="132.28" lane="1/2to0/2_0" slope="0.00"/>
    </timestep>
    <timestep time="249.00">
        <vehicle id="12" x="401.65" y="736.63" angle="180.00" type="DEFAULT_VEHTYPE" speed="13.60" pos="131.88" lane="2/3to2/4_0" slope="0.00"/>
        <vehicle id="17" x="398.35" y="677.10" angle="0.00" type="DEFAULT_VEHTYPE" speed="13.28" pos="122.90" lane="2/4to2/3_0" slope="0.00"/>
        <vehicle id="2" x="398.35" y="570.30" angle="0.00" type="DEFAULT_VEHTYPE" speed="13.35" pos="24.95" lane="2/3to2/2_0" slope="0.00"/>
        <vehicle id="20" x="186.46" y="198.35" angle="90.00" type="DEFAULT_VEHTYPE" speed="5.42" pos="186.46" lane="0/1to1/1_0" slope="0.00"/>
        <vehicle id="23" x="201.65" y="506.59" angle="180.00" type="DEFAULT_VEHTYPE" speed="13.15" pos="101.84" lane="1/2to1/3_0" slope="0.00"/>
        <vehicle id="7" x="598.35" y="461.99" angle="0.00" type="DEFAULT_VEHTYPE" speed="13.17" pos="133.26" lane="3/3to3/2_0" slope="0.00"/>
        <vehicle id="9" x="49.28" y="401.65" angle="-90.00" type="DEFAULT_VEHTYPE" speed="13.69" pos="145.97" lane="1/2to0/2_0" slope="0.00"/>
    </timestep>
    <timestep time="250.00">
        <vehicle id="12" x="401.65" y="749.30" angle="180.00" type="DEFAULT_VEHTYPE" speed="12.68" pos="144.55" lane="2/3to2/4_0" slope="0.00"/>
        <vehicle id="17" x="398.35" y="663.45" angle="0.00" type="DEFAULT_VEHTYPE" speed="13.65" pos="136.55" lane="2/4to2/3_0" slope="0.00"/>
        <vehicle id="2" x="398.35" y="557.31" angle="0.00" type="DEFAULT_VEHTYPE" speed="12.99" pos="37.94" lane="2/3to2/2_0" slope="0.00"/>
        <vehicle id="20" x="190.13" y="198.35" angle="90.00" type="DEFAULT_VEHTYPE" speed="3.67" pos="190.13" lane="0/1to1/1_0" slope="0.00"/>
        <vehicle id="23" x="201.65" y="519.62" angle="180.00" type="DEFAULT_VEHTYPE" speed="13.04" pos="114.87" lane="1/2to1/3_0" slope="0.00"/>
        <vehicle id="7" x="598.35" y="448.93" angle="0.00" type="DEFAULT_VEHTYPE" speed="13.06" pos="146.32" lane="3/3to3/2_0" slope="0.00"/>
        <vehicle id="9" x="36.21" y="401.65" angle="-90.00" type="DEFAULT_VEHTYPE" speed="13.07" pos="159.04" lane="1/2to0/2_0" slope="0.00"/>
    </timestep>
    <timestep time="251.00">
        <vehicle id="12" x="401.65" y="762.05" angle="180.00" type="DEFAULT_VEHTYPE" speed="12.75" pos="157.30" lane="2/3to2/4_0" slope="0.00"/>
        <vehicle id="17" x="398.35" y="649.66" angle="0.00" type="DEFAULT_VEHTYPE" speed="13.79" pos="150.34" lane="2/4to2/3_0" slope="0.00"/>
        <vehicle id="2" x="398.35" y="544.23" angle="0.00" type="DEFAULT_VEHTYPE" speed="13.08" pos="51.02" lane="2/3to2/2_0" slope="0.00"/>
        <vehicle id="20" x="195.54" y="198.31" angle="89.54" type="DEFAULT_VEHTYPE" speed="5.41" pos="0.29" lane=":1/1_12_0" slope="0.00"/>
        <vehicle id="23" x="201.65" y="533.37" angle="180.00" type="DEFAULT_VEHTYPE" speed="13.75" pos="128.62" lane="1/2to1/3_0" slope="0.00"/>
        <vehicle id="7" x="598.35" y="435.85" angle="0.00" type="DEFAULT_VEHTYPE" speed="13.07" pos="159.40" lane="3/3to3/2_0" slope="0.00"/>
        <vehicle id="9" x="23.57" y="401.65" angle="-90.00" type="DEFAULT_VEHTYPE" speed="12.64" pos="171.68" lane="1/2to0/2_0" slope="0.00"/>
    </timestep>
    <timestep time="252.00">
        <vehicle id="12" x="401.65" y="774.97" angle="180.00" type="DEFAULT_VEHTYPE" speed="12.92" pos="170.22" lane="2/3to2/4_0" slope="0.00"/>
        <vehicle id="17" x="398.35" y="636.09" angle="0.00" type="DEFAULT_VEHTYPE" speed="13.56" pos="163.91" lane="2/4to2/3_0" slope="0.00"/>
        <vehicle id="2" x="398.35" y="531.29" angle="0.00" type="DEFAULT_VEHTYPE" speed="12.93" pos="63.96" lane="2/3to2/2_0" slope="0.00"/>
        <vehicle id="20" x="198.35" y="192.67" angle="8.61" type="DEFAULT_VEHTYPE" speed="7.29" pos="2.58" lane="1/1to1/0_0" slope="0.00"/>
        <vehicle id="23" x="201.65" y="547.22" angle="180.00" type="DEFAULT_VEHTYPE" speed="13.84" pos="142.47" lane="1/2to1/3_0" slope="0.00"/>
        <vehicle id="7" x="598.35" y="423.08" angle="0.00" type="DEFAULT_VEHTYPE" speed="12.77" pos="172.17" lane="3/3to3/2_0" slope="0.00"/>
        <vehicle id="9" x="10.44" y="401.65" angle="-90.00" type="DEFAULT_VEHTYPE" speed="13.13" pos="184.81" lane="1/2to0/2_0" slope="0.00"/>
    </timestep>
    <timestep time="253.00">
        <vehicle id="12" x="401.65" y="787.93" angle="180.00" type="DEFAULT_VEHTYPE" speed="12.96" pos="183.18" lane="2/3to2/4_0" slope="0.00"/>
        <vehicle id="17" x="398.35" y="622.82" angle="0.00" type="DEFAULT_VEHTYPE" speed="13.28" pos="177.18" lane="2/4to2/3_0" slope="0.00"/>
        <vehicle id="2" x="398.35" y="518.59" angle="0.00" type="DEFAULT_VEHTYPE" speed="12.71" pos="76.66" lane="2/3to2/2_0" slope="0.00"/>
        <vehicle id="20" x="198.35" y="183.33" angle="0.00" type="DEFAULT_VEHTYPE" speed="9.34" pos="11.92" lane="1/1to1/0_0" slope="0.00"/>
        <vehicle id="23" x="201.65" y="560.33" angle="180.00" type="DEFAULT_VEHTYPE" speed="13.11" pos="155.58" lane="1/2to1/3_0" slope="0.00"/>
        <vehicle id="7" x="598.35" y="409.68" angle="0.00" type="DEFAULT_VEHTYPE" speed="13.40" pos="185.57" lane="3/3to3/2_0" slope="0.00"/>
        <vehicle id="9" x="-1.47" y="399.63" angle="-61.04" type="DEFAULT_VEHTYPE" speed="13.26" pos="2.82" lane=":0/2_0_0" slope="0.00"/>
    </timestep>
    <timestep time="254.00">
        <vehicle id="12" x="400.70" y="801.30" angle="-168.55" type="DEFAULT_VEHTYPE" speed="13.70" pos="1.63" lane=":2/4_0_0" slope="0.00"/>
        <vehicle id="17" x="398.35" y="610.18" angle="0.00" type="DEFAULT_VEHTYPE" speed="12.64" pos="189.82" lane="2/4to2/3_0" slope="0.00"/>
        <vehicle id="2" x="398.35" y="505.29" angle="0.00" type="DEFAULT_VEHTYPE" speed="13.30" pos="89.96" lane="2/3to2/2_0" slope="0.00"/>
        <vehicle id="20" x="198.35" y="172.38" angle="0.00" type="DEFAULT_VEHTYPE" speed="10.95" pos="22.87" lane="1/1to1/0_0" slope="0.00"/>
        <vehicle id="23" x="201.65" y="573.41" angle="180.00" type="DEFAULT_VEHTYPE" speed="13.09" pos="168.66" lane="1/2to1/3_0" slope="0.00"/>
        <vehicle id="7" x="592.07" y="401.65" angle="-85.11" type="DEFAULT_VEHTYPE" speed="13.11" pos="3.18" lane="3/2to2/2_0" slope="0.00"/>
        <vehicle id="9" x="11.73" y="398.35" angle="90.00" type="DEFAULT_VEHTYPE" speed="13.72" pos="11.73" lane="0/2to1/2_0" slope="0.00"/>
    </timestep>
    <timestep time="255.00">
        <vehicle id="12" x="398.35" y="789.41" angle="0.00" type="DEFAULT_VEHTYPE" speed="13.78" pos="10.59" lane="2/4to2/3_0" slope="0.00"/>
        <vehicle id="17" x="398.35" y="596.31" angle="0.00" type="DEFAULT_VEHTYPE" speed="13.87" pos="8.44" lane=":2/3_1_0" slope="0.00"/>
        <vehicle id="2" x="398.35" y="492.00" angle="0.00" type="DEFAULT_VEHTYPE" speed="13.29" pos="103.25" lane="2/3to2/2_0" slope="0.00"/>
        <vehicle id="20" x="198.35" y="159.67" angle="0.00" type="DEFAULT_VEHTYPE" speed="12.71" pos="35.58" lane="1/1to1/0_0" slope="0.00"/>
        <vehicle id="23" x="201.65" y="587.08" angle="180.00" type="DEFAULT_VEHTYPE" speed="13.67" pos="182.33" lane="1/2to1/3_0" slope="0.00"/>
        <vehicle id="7" x="578.40" y="401.65" angle="-90.00" type="DEFAULT_VEHTYPE" speed="13.67" pos="16.85" lane="3/2to2/2_0" slope="0.00"/>
        <vehicle id="9" x="24.96" y="398.35" angle="90.00" type="DEFAULT_VEHTYPE" speed="13.24" pos="24.96" lane="0/2to1/2_0" slope="0.00"/>
    </timestep>
    <timestep time="256.00">
        <vehicle id="12" x="398.35" y="776.75" angle="0.00" type="DEFAULT_VEHTYPE" speed="12.66" pos="23.25" lane="2/4to2/3_0" slope="0.00"/>
        <vehicle id="17" x="398.35" y="583.10" angle="0.00" type="DEFAULT_VEHTYPE" speed="13.21" pos="12.15" lane="2/3to2/2_0" slope="0.00"/>
        <vehicle id="2" x="398.35" y="478.13" angle="0.00" type="DEFAULT_VEHTYPE" speed="13.87" pos="117.12" lane="2/3to2/2_0" slope="0.00"/>
        <vehicle id="20" x="198.35" y="146.21" angle="0.00" type="DEFAULT_VEHTYPE" speed="13.46" pos="49.04" lane="1/1to1/0_0" slope="0.00"/>
        <vehicle id="23" x="204.72" y="598.35" angle="135.48" type="DEFAULT_VEHTYPE" speed="13.14" pos="4.97" lane=":1/3_8_0" slope="0.00"/>
        <vehicle id="7" x="565.42" y="401.65" angle="-90.00" type="DEFAULT_VEHTYPE" speed="12.98" pos="29.83" lane="3/2to2/2_0" slope="0.00"/>
        <vehicle id="9" x="38.27" y="398.35" angle="90.00" type="DEFAULT_VEHTYPE" speed="13.31" pos="38.27" lane="0/2to1/2_0" slope="0.00"/>
    </timestep>
    <timestep time="257.00">
        <vehicle id="12" x="398.35" y="763.57" angle="0.00" type="DEFAULT_VEHTYPE" speed="13.19" pos="36.43" lane="2/4to2/3_0" slope="0.00"/>
        <vehicle id="17" x="398.35" y="570.38" angle="0.00" type="DEFAULT_VEHTYPE" speed="12.72" pos="24.87" lane="2/3to2/2_0" slope="0.00"/>
        <vehicle id="2" x="398.35" y="464.41" angle="0.00" type="DEFAULT_VEHTYPE" speed="13.72" pos="130.84" lane="2/3to2/2_0" slope="0.00"/>
        <vehicle id="20" x="198.35" y="132.74" angle="0.00" type="DEFAULT_VEHTYPE" speed="13.47" pos="62.51" lane="1/1to1/0_0" slope="0.00"/>
        <vehicle id="23" x="217.47" y="598.35" angle="90.00" type="DEFAULT_VEHTYPE" speed="12.74" pos="12.72" lane="1/3to2/3_0" slope="0.00"/>
        <vehicle id="7" x="552.16" y="401.65" angle="-90.00" type="DEFAULT_VEHTYPE" speed="13.26" pos="43.09" lane="3/2to2/2_0" slope="0.00"/>
        <vehicle id="9" x="51.71" y="398.35" angle="90.00" type="DEFAULT_VEHTYPE" speed="13.44" pos="51.71" lane="0/2to1/2_0" slope="0.00"/>
    </timestep>
    <timestep time="258.00">
        <vehicle id="12" x="398.35" y="750.15" angle="0.00" type="DEFAULT_VEHTYPE" speed="13.42" pos="49.85" lane="2/4to2/3_0" slope="0.00"/>
        <vehicle id="17" x="398.35" y="556.75" angle="0.00" type="DEFAULT_VEHTYPE" speed="13.63" pos="38.50" lane="2/3to2/2_0" slope="0.00"/>
        <vehicle id="2" x="398.35" y="450.61" angle="0.00" type="DEFAULT_VEHTYPE" speed="13.80" pos="144.64" lane="2/3to2/2_0" slope="0.00"/>
        <vehicle id="20" x="198.35" y="118.96" angle="0.00" type="DEFAULT_VEHTYPE" speed="13.77" pos="76.29" lane="1/1to1/0_0" slope="0.00"/>
        <vehicle id="23" x="230.54" y="598.35" angle="90.00" type="DEFAULT_VEHTYPE" speed="13.07" pos="25.79" lane="1/3to2/3_0" slope="0.00"/>
        <vehicle id="7" x="539.09" y="401.65" angle="-90.00" type="DEFAULT_VEHTYPE" speed="13.07" pos="56.16" lane="3/2to2/2_0" slope="0.00"/>
        <vehicle id="9" x="65.30" y="398.35" angle="90.00" type="DEFAULT_VEHTYPE" speed="13.59" pos="65.30" lane="0/2to1/2_0" slope="0.00"/>
    </timestep>
    <timestep time="259.00">
        <vehicle id="12" x="398.35" y="737.28" angle="0.00" type="DEFAULT_VEHTYPE" speed="12.86" pos="62.72" lane="2/4to2/3_0" slope="0.00"/>
        <vehicle id="17" x="398.35" y="544.03" angle="0.00" type="DEFAULT_VEHTYPE" speed="12.72" pos="51.22" lane="2/3to2/2_0" slope="0.00"/>
        <vehicle id="2" x="398.35" y="437.30" angle="0.00" type="DEFAULT_VEHTYPE" speed="13.30" pos="157.95" lane="2/3to2/2_0" slope="0.00"/>
        <vehicle id="20" x="198.35" y="105.78" angle="0.00" type="DEFAULT_VEHTYPE" speed="13.19" pos="89.47" lane="1/1to1/0_0" slope="0.00"/>
        <vehicle id="23" x="244.20" y="598.35" angle="90.00" type="DEFAULT_VEHTYPE" speed="13.67" pos="39.45" lane="1/3to2/3_0" slope="0.00"/>
        <vehicle id="7" x="526.05" y="401.65" angle="-90.00" type="DEFAULT_VEHTYPE" speed="13.04" pos="69.20" lane="3/2to2/2_0" slope="0.00"/>
        <vehicle id="9" x="78.03" y="398.35" angle="90.00" type="DEFAULT_VEHTYPE" speed="12.73" pos="78.03" lane="0/2to1/2_0" slope="0.00"/>
    </timestep>
    <timestep time="260.00">
        <vehicle id="12" x="398.35" y="724.66" angle="0.00" type="DEFAULT_VEHTYPE" speed="12.62" pos="75.34" lane="2/4to2/3_0" slope="0.00"/>
        <vehicle id="17" x="398.35" y="530.21" angle="0.00" type="DEFAULT_VEHTYPE" speed="13.82" pos="65.04" lane="2/3to2/2_0" slope="0.00"/>
        <vehicle id="2" x="398.35" y="423.99" angle="0.00" type="DEFAULT_VEHTYPE" speed="13.32" pos="171.26" lane="2/3to2/2_0" slope="0.00"/>
        <vehicle id="20" x="198.35" y="92.85" angle="0.00" type="DEFAULT_VEHTYPE" speed="12.92" pos="102.40" lane="1/1to1/0_0" slope="0.00"/>
        <vehicle id="23" x="257.18" y="598.35" angle="90.00" type="DEFAULT_VEHTYPE" speed="12.98" pos="52.43" lane="1/3to2/3_0" slope="0.00"/>
        <vehicle id="7" x="513.04" y="401.65" angle="-90.00" type="DEFAULT_VEHTYPE" speed="13.01" pos="82.21" lane="3/2to2/2_0" slope="0.00"/>
        <vehicle id="9" x="91.60" y="398.35" angle="90.00" type="DEFAULT_VEHTYPE" speed="13.57" pos="91.60" lane="0/2to1/2_0" slope="0.00"/>
    </timestep>
    <timestep time="261.00">
        <vehicle id="12" x="398.35" y="711.23" angle="0.00" type="DEFAULT_VEHTYPE" speed="13.43" pos="88.77" lane="2/4to2/3_0" slope="0.00"/>
        <vehicle id="17" x="398.35" y="517.23" angle="0.00" type="DEFAULT_VEHTYPE" speed="12.97" pos="78.02" lane="2/3to2/2_0" slope="0.00"/>
        <vehicle id="2" x="398.35" y="410.10" angle="0.00" type="DEFAULT_VEHTYPE" speed="13.88" pos="185.15" lane="2/3to2/2_0" slope="0.00"/>
        <vehicle id="20" x="198.35" y="79.79" angle="0.00" type="DEFAULT_VEHTYPE" speed="13.06" pos="115.46" lane="1/1to1/0_0" slope="0.00"/>
        <vehicle id="23" x="269.97" y="598.35" angle="90.00" type="DEFAULT_VEHTYPE" speed="12.79" pos="65.22" lane="1/3to2/3_0" slope="0.00"/>
        <vehicle id="7" x="499.15" y="401.65" angle="-90.00" type="DEFAULT_VEHTYPE" speed="13.89" pos="96.10" lane="3/2to2/2_0" slope="0.00"/>
        <vehicle id="9" x="105.14" y="398.35" angle="90.00" type="DEFAULT_VEHTYPE" speed="13.54" pos="105.14" lane="0/2to1/2_0" slope="0.00"/>
    </timestep>
    <timestep time="262.00">
        <vehicle id="12" x="398.35" y="697.63" angle="0.00" type="DEFAULT_VEHTYPE" speed="13.60" pos="102.37" lane="2/4to2/3_0" slope="0.00"/>
        <vehicle id="17" x="398.35" y="503.99" angle="0.00" type="DEFAULT_VEHTYPE" speed="13.25" pos="91.26" lane="2/3to2/2_0" slope="0.00"/>
        <vehicle id="2" x="392.02" y="401.65" angle="-85.40" type="DEFAULT_VEHTYPE" speed="13.58" pos="3.23" lane="2/2to1/2_0" slope="0.00"/>
        <vehicle id="20" x="198.35" y="66.49" angle="0.00" type="DEFAULT_VEHTYPE" speed="13.30" pos="128.76" lane="1/1to1/0_0" slope="0.00"/>
        <vehicle id="23" x="283.13" y="598.35" angle="90.00" type="DEFAULT_VEHTYPE" speed="13.15" pos="78.38" lane="1/3to2/3_0" slope="0.00"/>
        <vehicle id="7" x="485.39" y="401.65" angle="-90.00" type="DEFAULT_VEHTYPE" speed="13.76" pos="109.86" lane="3/2to2/2_0" slope="0.00"/>
        <vehicle id="9" x="118.45" y="398.35" angle="90.00" type="DEFAULT_VEHTYPE" speed="13.31" pos="118.45" lane="0/2to1/2_0" slope="0.00"/>
    </timestep>
    <timestep time="263.00">
        <vehicle id="12" x="398.35" y="684.86" angle="0.00" type="DEFAULT_VEHTYPE" speed="12.77" pos="115.14" lane="2/4to2/3_0" slope="0.00"/>
        <vehicle id="17" x="398.35" y="490.50" angle="0.00" type="DEFAULT_VEHTYPE" speed="13.49" pos="104.75" lane="2/3to2/2_0" slope="0.00"/>
        <vehicle id="2" x="379.02" y="401.65" angle="-90.00" type="DEFAULT_VEHTYPE" speed="13.00" pos="16.23" lane="2/2to1/2_0" slope="0.00"/>
        <vehicle id="20" x="198.35" y="52.60" angle="0.00" type="DEFAULT_VEHTYPE" speed="13.89" pos="142.65" lane="1/1to1/0_0" slope="0.00"/>
        <vehicle id="23" x="296.78" y="598.35" angle="90.00" type="DEFAULT_VEHTYPE" speed="13.65" pos="92.03" lane="1/3to2/3_0" slope="0.00"/>
        <vehicle id="7" x="471.66" y="401.65" angle="-90.00" type="DEFAULT_VEHTYPE" speed="13.73" pos="123.59" lane="3/2to2/2_0" slope="0.00"/>
        <vehicle id="9" x="132.31" y="398.35" angle="90.00" type="DEFAULT_VEHTYPE" speed="13.87" pos="132.31" lane="0/2to1/2_0" slope="0.00"/>
    </timestep>
    <timestep time="264.00">
        <vehicle id="12" x="398.35" y="671.00" angle="0.00" type="DEFAULT_VEHTYPE" speed="13.85" pos="129.00" lane="2/4to2/3_0" slope="0.00"/>
        <vehicle id="17" x="398.35" y="476.93" angle="0.00" type="DEFAULT_VEHTYPE" speed="13.57" pos="118.32" lane="2/3to2/2_0" slope="0.00"/>
        <vehicle id="2" x="365.65" y="401.65" angle="-90.00" type="DEFAULT_VEHTYPE" speed="13.37" pos="29.60" lane="2/2to1/2_0" slope="0.00"/>
        <vehicle id="20" x="198.35" y="39.82" angle="0.00" type="DEFAULT_VEHTYPE" speed="12.78" pos="155.43" lane="1/1to1/0_0" slope="0.00"/>
        <vehicle id="23" x="309.73" y="598.35" angle="90.00" type="DEFAULT_VEHTYPE" speed="12.95" pos="104.98" lane="1/3to2/3_0" slope="0.00"/>
        <vehicle id="7" x="458.99" y="401.65" angle="-90.00" type="DEFAULT_VEHTYPE" speed="12.67" pos="136.26" lane="3/2to2/2_0" slope="0.00"/>
        <vehicle id="9" x="146.02" y="398.35" angle="90.00" type="DEFAULT_VEHTYPE" speed="13.71" pos="146.02" lane="0/2to1/2_0" slope="0.00"/>
    </timestep>
    <timestep time="265.00">
        <vehicle id="12" x="398.35" y="658.03" angle="0.00" type="DEFAULT_VEHTYPE" speed="12.97" pos="141.97" lane="2/4to2/3_0" slope="0.00"/>
        <vehicle id="17" x="398.35" y="463.91" angle="0.00" type="DEFAULT_VEHTYPE" speed="13.02" pos="131.34" lane="2/3to2/2_0" slope="0.00"/>
        <vehicle id="2" x="352.16" y="401.65" angle="-90.00" type="DEFAULT_VEHTYPE" speed="13.49" pos="43.09" lane="2/2to1/2_0" slope="0.00"/>
        <vehicle id="20" x="198.35" y="26.37" angle="0.00" type="DEFAULT_VEHTYPE" speed="13.45" pos="168.88" lane="1/1to1/0_0" slope="0.00"/>
        <vehicle id="23" x="323.20" y="598.35" angle="90.00" type="DEFAULT_VEHTYPE" speed="13.48" pos="118.45" lane="1/3to2/3_0" slope="0.00"/>
        <vehicle id="7" x="446.08" y="401.65" angle="-90.00" type="DEFAULT_VEHTYPE" speed="12.91" pos="149.17" lane="3/2to2/2_0" slope="0.00"/>
        <vehicle id="9" x="158.70" y="398.35" angle="90.00" type="DEFAULT_VEHTYPE" speed="12.68" pos="158.70" lane="0/2to1/2_0" slope="0.00"/>
    </timestep>
    <timestep time="266.00">
        <vehicle id="12" x="398.35" y="644.45" angle="0.00" type="DEFAULT_VEHTYPE" speed="13.58" pos="155.55" lane="2/4to2/3_0" slope="0.00"/>
        <vehicle id="17" x="398.35" y="450.81" angle="0.00" type="DEFAULT_VEHTYPE" speed="13.09" pos="144.44" lane="2/3to2/2_0" slope="0.00"/>
        <vehicle id="2" x="338.71" y="401.65" angle="-90.00" type="DEFAULT_VEHTYPE" speed="13.45" pos="56.54" lane="2/2to1/2_0" slope="0.00"/>
        <vehicle id="20" x="198.35" y="13.12" angle="0.00" type="DEFAULT_VEHTYPE" speed="13.25" pos="182.13" lane="1/1to1/0_0" slope="0.00"/>
        <vehicle id="23" x="336.90" y="598.35" angle="90.00" type="DEFAULT_VEHTYPE" speed="13.70" pos="132.15" lane="1/3to2/3_0" slope="0.00"/>
        <vehicle id="7" x="433.06" y="401.65" angle="-90.00" type="DEFAULT_VEHTYPE" speed="13.02" pos="162.19" lane="3/2to2/2_0" slope="0.00"/>
        <vehicle id="9" x="171.08" y="398.35" angle="90.00" type="DEFAULT_VEHTYPE" speed="12.38" pos="171.08" lane="0/2to1/2_0" slope="0.00"/>
    </timestep>
    <timestep time="267.00">
        <vehicle id="12" x="398.35" y="631.05" angle="0.00" type="DEFAULT_VEHTYPE" speed="13.40" pos="168.95" lane="2/4to2/3_0" slope="0.00"/>
        <vehicle id="17" x="398.35" y="437.41" angle="0.00" type="DEFAULT_VEHTYPE" speed="13.40" pos="157.84" lane="2/3to2/2_0" slope="0.00"/>
        <vehicle id="2" x="324.86" y="401.65" angle="-90.00" type="DEFAULT_VEHTYPE" speed="13.85" pos="70.39" lane="2/2to1/2_0" slope="0.00"/>
        <vehicle id="20" x="198.36" y="-0.02" angle="0.17" type="DEFAULT_VEHTYPE" speed="13.15" pos="0.03" lane=":1/0_0_0" slope="0.00"/>
        <vehicle id="23" x="349.87" y="598.35" angle="90.00" type="DEFAULT_VEHTYPE" speed="12.97" pos="145.12" lane="1/3to2/3_0" slope="0.00"/>
        <vehicle id="7" x="422.58" y="401.65" angle="-90.00" type="DEFAULT_VEHTYPE" speed="10.48" pos="172.67" lane="3/2to2/2_0" slope="0.00"/>
        <vehicle id="9" x="180.57" y="398.35" angle="90.00" type="DEFAULT_VEHTYPE" speed="9.49" pos="180.57" lane="0/2to1/2_0" slope="0.00"/>
    </timestep>
    <timestep time="268.00">
        <vehicle id="12" x="398.35" y="617.90" angle="0.00" type="DEFAULT_VEHTYPE" speed="13.15" pos="182.10" lane="2/4to2/3_0" slope="0.00"/>
        <vehicle id="17" x="398.35" y="424.00" angle="0.00" type="DEFAULT_VEHTYPE" speed="13.41" pos="171.25" lane="2/3to2/2_0" slope="0.00"/>
        <vehicle id="2" x="311.05" y="401.65" angle="-90.00" type="DEFAULT_VEHTYPE" speed="13.80" pos="84.20" lane="2/2to1/2_0" slope="0.00"/>
        <vehicle id="20" x="201.65" y="8.54" angle="180.00" type="DEFAULT_VEHTYPE" speed="13.34" pos="8.54" lane="1/0to1/1_0" slope="0.00"/>
        <vehicle id="23" x="363.06" y="598.35" angle="90.00" type="DEFAULT_VEHTYPE" speed="13.19" pos="158.31" lane="1/3to2/3_0" slope="0.00"/>
        <vehicle id="7" x="414.83" y="401.65" angle="-90.00" type="DEFAULT_VEHTYPE" speed="7.75" pos="180.42" lane="3/2to2/2_0" slope="0.00"/>
        <vehicle id="9" x="186.88" y="398.35" angle="90.00" type="DEFAULT_VEHTYPE" speed="6.31" pos="186.88" lane="0/2to1/2_0" slope="0.00"/>
    </timestep>
    <timestep time="269.00">
        <vehicle id="12" x="398.35" y="604.24" angle="0.00" type="DEFAULT_VEHTYPE" speed="13.67" pos="0.51" lane=":2/3_1_0" slope="0.00"/>
        <vehicle id="17" x="398.35" y="410.46" angle="0.00" type="DEFAULT_VEHTYPE" speed="13.54" pos="184.79" lane="2/3to2/2_0" slope="0.00"/>
        <vehicle id="2" x="298.26" y="401.65" angle="-90.00" type="DEFAULT_VEHTYPE" speed="12.79" pos="96.99" lane="2/2to1/2_0" slope="0.00"/>
        <vehicle id="20" x="201.65" y="22.17" angle="180.00" type="DEFAULT_VEHTYPE" speed="13.62" pos="22.17" lane="1/0to1/1_0" slope="0.00"/>
        <vehicle id="23" x="375.50" y="598.35" angle="90.00" type="DEFAULT_VEHTYPE" speed="12.45" pos="170.75" lane="1/3to2/3_0" slope="0.00"/>
        <vehicle id="7" x="411.00" y="401.65" angle="-90.00" type="DEFAULT_VEHTYPE" speed="3.83" pos="184.25" lane="3/2to2/2_0" slope="0.00"/>
        <vehicle id="9" x="190.02" y="398.35" angle="90.00" type="DEFAULT_VEHTYPE" speed="3.15" pos="190.02" lane="0/2to1/2_0" slope="0.00"/>
    </timestep>
    <timestep time="270.00">
        <vehicle id="12" x="398.35" y="591.31" angle="0.00" type="DEFAULT_VEHTYPE" speed="12.93" pos="3.94" lane="2/3to2/2_0" slope="0.00"/>
        <vehicle id="17" x="398.35" y="397.67" angle="0.00" type="DEFAULT_VEHTYPE" speed="12.79" pos="7.08" lane=":2/2_1_0" slope="0.00"/>
        <vehicle id="2" x="284.64" y="401.65" angle="-90.00" type="DEFAULT_VEHTYPE" speed="13.62" pos="110.61" lane="2/2to1/2_0" slope="0.00"/>
        <vehicle id="20" x="201.65" y="35.48" angle="180.00" type="DEFAULT_VEHTYPE" speed="13.31" pos="35.48" lane="1/0to1/1_0" slope="0.00"/>
        <vehicle id="23" x="383.45" y="598.35" angle="90.00" type="DEFAULT_VEHTYPE" speed="7.95" pos="178.70" lane="1/3to2/3_0" slope="0.00"/>
        <vehicle id="7" x="408.46" y="401.65" angle="-90.00" type="DEFAULT_VEHTYPE" speed="2.54" pos="186.79" lane="3/2to2/2_0" slope="0.00"/>
        <vehicle id="9" x="195.26" y="398.35" angle="90.01" type="DEFAULT_VEHTYPE" speed="5.23" pos="0.01" lane=":1/2_14_0" slope="0.00"/>
    </timestep>
    <timestep time="271.00">
        <vehicle id="12" x="398.35" y="577.83" angle="0.00" type="DEFAULT_VEHTYPE" speed="13.48" pos="17.42" lane="2/3to2/2_0" slope="0.00"/>
        <vehicle id="17" x="398.35" y="384.76" angle="0.00" type="DEFAULT_VEHTYPE" speed="12.91" pos="10.49" lane="2/2to2/1_0" slope="0.00"/>
        <vehicle id="2" x="271.55" y="401.65" angle="-90.00" type="DEFAULT_VEHTYPE" speed="13.09" pos="123.70" lane="2/2to1/2_0" slope="0.00"/>
        <vehicle id="20" x="201.65" y="48.98" angle="180.00" type="DEFAULT_VEHTYPE" speed="13.50" pos="48.98" lane="1/0to1/1_0" slope="0.00"/>
        <vehicle id="23" x="389.10" y="598.35" angle="90.00" type="DEFAULT_VEHTYPE" speed="5.65" pos="184.35" lane="1/3to2/3_0" slope="0.00"/>
        <vehicle id="7" x="407.71" y="401.65" angle="-90.00" type="DEFAULT_VEHTYPE" speed="0.75" pos="187.54" lane="3/2to2/2_0" slope="0.00"/>
        <vehicle id="9" x="200.95" y="401.45" angle="126.61" type="DEFAULT_VEHTYPE" speed="6.90" pos="6.91" lane=":1/2_14_0" slope="0.00"/>
    </timestep>
    <timestep time="272.00">
        <vehicle id="12" x="398.35" y="564.61" angle="0.00" type="DEFAULT_VEHTYPE" speed="13.22" pos="30.64" lane="2/3to2/2_0" slope="0.00"/>
        <vehicle id="17" x="398.35" y="371.89" angle="0.00" type="DEFAULT_VEHTYPE" speed="12.86" pos="23.36" lane="2/2to2/1_0" slope="0.00"/>
        <vehicle id="2" x="257.78" y="401.65" angle="-90.00" type="DEFAULT_VEHTYPE" speed="13.77" pos="137.47" lane="2/2to1/2_0" slope="0.00"/>
        <vehicle id="20" x="201.65" y="62.05" angle="180.00" type="DEFAULT_VEHTYPE" speed="13.07" pos="62.05" lane="1/0to1/1_0" slope="0.00"/>
        <vehicle id="23" x="396.40" y="598.51" angle="91.89" type="DEFAULT_VEHTYPE" speed="7.31" pos="1.16" lane=":2/3_14_0" slope="0.00"/>
        <vehicle id="7" x="404.62" y="401.65" angle="-90.00" type="DEFAULT_VEHTYPE" speed="3.09" pos="0.13" lane=":2/2_5_0" slope="0.00"/>
        <vehicle id="9" x="201.65" y="410.26" angle="180.00" type="DEFAULT_VEHTYPE" speed="8.92" pos="5.51" lane="1/2to1/3_0" slope="0.00"/>
    </timestep>
    <timestep time="273.00">
        <vehicle id="12" x="398.35" y="551.07" angle="0.00" type="DEFAULT_VEHTYPE" speed="13.54" pos="44.18" lane="2/3to2/2_0" slope="0.00"/>
        <vehicle id="17" x="398.35" y="358.65" angle="0.00" type="DEFAULT_VEHTYPE" speed="13.24" pos="36.60" lane="2/2to2/1_0" slope="0.00"/>
        <vehicle id="2" x="244.67" y="401.65" angle="-90.00" type="DEFAULT_VEHTYPE" speed="13.12" pos="150.58" lane="2/2to1/2_0" slope="0.00"/>
        <vehicle id="20" x="201.65" y="75.80" angle="180.00" type="DEFAULT_VEHTYPE" speed="13.75" pos="75.80" lane="1/0to1/1_0" slope="0.00"/>
        <vehicle id="23" x="401.65" y="605.38" angle="165.88" type="DEFAULT_VEHTYPE" speed="9.79" pos="0.63" lane="2/3to2/4_0" slope="0.00"/>
        <vehicle id="7" x="399.11" y="401.65" angle="-90.00" type="DEFAULT_VEHTYPE" speed="5.51" pos="5.64" lane=":2/2_5_0" slope="0.00"/>
        <vehicle id="9" x="201.65" y="421.61" angle="180.00" type="DEFAULT_VEHTYPE" speed="11.35" pos="16.86" lane="1/2to1/3_0" slope="0.00"/>
    </timestep>
    <timestep time="274.00">
        <vehicle id="12" x="398.35" y="537.55" angle="0.00" type="DEFAULT_VEHTYPE" speed="13.51" pos="57.70" lane="2/3to2/2_0" slope="0.00"/>
        <vehicle id="17" x="398.35" y="344.91" angle="0.00" type="DEFAULT_VEHTYPE" speed="13.74" pos="50.34" lane="2/2to2/1_0" slope="0.00"/>
        <vehicle id="2" x="230.84" y="401.65" angle="-90.00" type="DEFAULT_VEHTYPE" speed="13.83" pos="164.41" lane="2/2to1/2_0" slope="0.00"/>
        <vehicle id="20" x="201.65" y="89.25" angle="180.00" type="DEFAULT_VEHTYPE" speed="13.45" pos="89.25" lane="1/0to1/1_0" slope="0.00"/>
        <vehicle id="23" x="401.65" y="617.29" angle="180.00" type="DEFAULT_VEHTYPE" speed="11.91" pos="12.54" lane="2/3to2/4_0" slope="0.00"/>
        <vehicle id="7" x="391.79" y="401.65" angle="-90.00" type="DEFAULT_VEHTYPE" speed="7.32" pos="3.46" lane="2/2to1/2_0" slope="0.00"/>
        <vehicle id="9" x="201.65" y="435.11" angle="180.00" type="DEFAULT_VEHTYPE" speed="13.50" pos="30.36" lane="1/2to1/3_0" slope="0.00"/>
    </timestep>
    <timestep time="275.00">
        <vehicle id="12" x="398.35" y="524.67" angle="0.00" type="DEFAULT_VEHTYPE" speed="12.88" pos="70.58" lane="2/3to2/2_0" slope="0.00"/>
        <vehicle id="17" x="398.35" y="331.30" angle="0.00" type="DEFAULT_VEHTYPE" speed="13.61" pos="63.95" lane="2/2to2/1_0" slope="0.00"/>
        <vehicle id="2" x="220.92" y="401.65" angle="-90.00" type="DEFAULT_VEHTYPE" speed="9.91" pos="174.33" lane="2/2to1/2_0" slope="0.00"/>
        <vehicle id="20" x="201.65" y="102.52" angle="180.00" type="DEFAULT_VEHTYPE" speed="13.27" pos="102.52" lane="1/0to1/1_0" slope="0.00"/>
        <vehicle id="23" x="401.65" y="630.16" angle="180.00" type="DEFAULT_VEHTYPE" speed="12.87" pos="25.41" lane="2/3to2/4_0" slope="0.00"/>
        <vehicle id="7" x="382.67" y="401.65" angle="-90.00" type="DEFAULT_VEHTYPE" speed="9.12" pos="12.58" lane="2/2to1/2_0" slope="0.00"/>
        <vehicle id="9" x="201.65" y="448.18" angle="180.00" type="DEFAULT_VEHTYPE" speed="13.07" pos="43.43" lane="1/2to1/3_0" slope="0.00"/>
    </timestep>
    <timestep time="276.00">
        <vehicle id="12" x="398.35" y="511.38" angle="0.00" type="DEFAULT_VEHTYPE" speed="13.29" pos="83.87" lane="2/3to2/2_0" slope="0.00"/>
        <vehicle id="17" x="398.35" y="317.52" angle="0.00" type="DEFAULT_VEHTYPE" speed="13.78" pos="77.73" lane="2/2to2/1_0" slope="0.00"/>
        <vehicle id="2" x="213.76" y="401.65" angle="-90.00" type="DEFAULT_VEHTYPE" speed="7.16" pos="181.49" lane="2/2to1/2_0" slope="0.00"/>
        <vehicle id="20" x="201.65" y="115.17" angle="180.00" type="DEFAULT_VEHTYPE" speed="12.65" pos="115.17" lane="1/0to1/1_0" slope="0.00"/>
        <vehicle id="23" x="401.65" y="643.44" angle="180.00" type="DEFAULT_VEHTYPE" speed="13.28" pos="38.69" lane="2/3to2/4_0" slope="0.00"/>
        <vehicle id="7" x="371.54" y="401.65" angle="-90.00" type="DEFAULT_VEHTYPE" speed="11.12" pos="23.71" lane="2/2to1/2_0" slope="0.00"/>
        <vehicle id="9" x="201.65" y="461.98" angle="180.00" type="DEFAULT_VEHTYPE" speed="13.80" pos="57.23" lane="1/2to1/3_0" slope="0.00"/>
    </timestep>
    <timestep time="277.00">
        <vehicle id="12" x="398.35" y="498.17" angle="0.00" type="DEFAULT_VEHTYPE" speed="13.22" pos="97.08" lane="2/3to2/2_0" slope="0.00"/>
        <vehicle id="17" x="398.35" y="304.67" angle="0.00" type="DEFAULT_VEHTYPE" speed="12.85" pos="90.58" lane="2/2to2/1_0" slope="0.00"/>
        <vehicle id="2" x="209.76" y="401.65" angle="-90.00" type="DEFAULT_VEHTYPE" speed="4.00" pos="185.49" lane="2/2to1/2_0" slope="0.00"/>
        <vehicle id="20" x="201.65" y="128.01" angle="180.00" type="DEFAULT_VEHTYPE" speed="12.83" pos="128.01" lane="1/0to1/1_0" slope="0.00"/>
        <vehicle id="23" x="401.65" y="656.77" angle="180.00" type="DEFAULT_VEHTYPE" speed="13.33" pos="52.02" lane="2/3to2/4_0" slope="0.00"/>
        <vehicle id="7" x="358.05" y="401.65" angle="-90.00" type="DEFAULT_VEHTYPE" speed="13.50" pos="37.20" lane="2/2to1/2_0" slope="0.00"/>
        <vehicle id="9" x="201.65" y="474.90" angle="180.00" type="DEFAULT_VEHTYPE" speed="12.91" pos="70.15" lane="1/2to1/3_0" slope="0.00"/>
    </timestep>
    <timestep time="278.00">
        <vehicle id="12" x="398.35" y="484.48" angle="0.00" type="DEFAULT_VEHTYPE" speed="13.68" pos="110.77" lane="2/3to2/2_0" slope="0.00"/>
        <vehicle id="17" x="398.35" y="291.22" angle="0.00" type="DEFAULT_VEHTYPE" speed="13.45" pos="104.03" lane="2/2to2/1_0" slope="0.00"/>
        <vehicle id="2" x="203.98" y="401.65" angle="-90.00" type="DEFAULT_VEHTYPE" speed="5.78" pos="0.77" lane=":1/2_5_0" slope="0.00"/>
        <vehicle id="20" x="201.65" y="141.79" angle="180.00" type="DEFAULT_VEHTYPE" speed="13.78" pos="141.79" lane="1/0to1/1_0" slope="0.00"/>
        <vehicle id="23" x="401.65" y="670.11" angle="180.00" type="DEFAULT_VEHTYPE" speed="13.34" pos="65.36" lane="2/3to2/4_0" slope="0.00"/>
        <vehicle id="7" x="345.04" y="401.65" angle="-90.00" type="DEFAULT_VEHTYPE" speed="13.01" pos="50.21" lane="2/2to1/2_0" slope="0.00"/>
        <vehicle id="9" x="201.65" y="488.62" angle="180.00" type="DEFAULT_VEHTYPE" speed="13.72" pos="83.87" lane="1/2to1/3_0" slope="0.00"/>
    </timestep>
    <timestep time="279.00">
        <vehicle id="12" x="398.35" y="471.07" angle="0.00" type="DEFAULT_VEHTYPE" speed="13.42" pos="124.18" lane="2/3to2/2_0" slope="0.00"/>
        <vehicle id="17" x="398.35" y="277.44" angle="0.00" type="DEFAULT_VEHTYPE" speed="13.78" pos="117.81" lane="2/2to2/1_0" slope="0.00"/>
        <vehicle id="2" x="196.85" y="401.65" angle="-90.00" type="DEFAULT_VEHTYPE" speed="7.13" pos="7.90" lane=":1/2_5_0" slope="0.00"/>
        <vehicle id="20" x="201.65" y="154.79" angle="180.00" type="DEFAULT_VEHTYPE" speed="13.00" pos="154.79" lane="1/0to1/1_0" slope="0.00"/>
        <vehicle id="23" x="401.65" y="683.10" angle="180.00" type="DEFAULT_VEHTYPE" speed="12.98" pos="78.35" lane="2/3to2/4_0" slope="0.00"/>
        <vehicle id="7" x="331.95" y="401.65" angle="-90.00" type="DEFAULT_VEHTYPE" speed="13.08" pos="63.30" lane="2/2to1/2_0" slope="0.00"/>
        <vehicle id="9" x="201.65" y="502.10" angle="180.00" type="DEFAULT_VEHTYPE" speed="13.48" pos="97.35" lane="1/2to1/3_0" slope="0.00"/>
    </timestep>
    <timestep time="280.00">
        <vehicle id="12" x="398.35" y="457.51" angle="0.00" type="DEFAULT_VEHTYPE" speed="13.55" pos="137.74" lane="2/3to2/2_0" slope="0.00"/>
        <vehicle id="17" x="398.35" y="264.80" angle="0.00" type="DEFAULT_VEHTYPE" speed="12.64" pos="130.45" lane="2/2to2/1_0" slope="0.00"/>
        <vehicle id="2" x="187.53" y="401.65" angle="-90.00" type="DEFAULT_VEHTYPE" speed="9.32" pos="7.72" lane="1/2to0/2_0" slope="0.00"/>
        <vehicle id="20" x="201.65" y="168.22" angle="180.00" type="DEFAULT_VEHTYPE" speed="13.43" pos="168.22" lane="1/0to1/1_0" slope="0.00"/>
        <vehicle id="23" x="401.65" y="696.33" angle="180.00" type="DEFAULT_VEHTYPE" speed="13.24" pos="91.58" lane="2/3to2/4_0" slope="0.00"/>
        <vehicle id="7" x="318.62" y="401.65" angle="-90.00" type="DEFAULT_VEHTYPE" speed="13.33" pos="76.63" lane="2/2to1/2_0" slope="0.00"/>
        <vehicle id="9" x="201.65" y="515.26" angle="180.00" type="DEFAULT_VEHTYPE" speed="13.16" pos="110.51" lane="1/2to1/3_0" slope="0.00"/>
    </timestep>
    <timestep time="281.00">
        <vehicle id="12" x="398.35" y="444.20" angle="0.00" type="DEFAULT_VEHTYPE" speed="13.31" pos="151.05" lane="2/3to2/2_0" slope="0.00"/>
        <vehicle id="17" x="398.35" y="251.88" angle="0.00" type="DEFAULT_VEHTYPE" speed="12.91" pos="143.37" lane="2/2to2/1_0" slope="0.00"/>
        <vehicle id="2" x="176.64" y="401.65" angle="-90.00" type="DEFAULT_VEHTYPE" speed="10.89" pos="18.61" lane="1/2to0/2_0" slope="0.00"/>
        <vehicle id="20" x="201.65" y="182.12" angle="180.00" type="DEFAULT_VEHTYPE" speed="13.90" pos="182.12" lane="1/0to1/1_0" slope="0.00"/>
        <vehicle id="23" x="401.65" y="709.91" angle="180.00" type="DEFAULT_VEHTYPE" speed="13.57" pos="105.16" lane="2/3to2/4_0" slope="0.00"/>
        <vehicle id="7" x="305.49" y="401.65" angle="-90.00" type="DEFAULT_VEHTYPE" speed="13.13" pos="89.76" lane="2/2to1/2_0" slope="0.00"/>
        <vehicle id="9" x="201.65" y="528.09" angle="180.00" type="DEFAULT_VEHTYPE" speed="12.83" pos="123.34" lane="1/2to1/3_0" slope="0.00"/>
    </timestep>
    <timestep time="282.00">
        <vehicle id="12" x="398.35" y="431.03" angle="0.00" type="DEFAULT_VEHTYPE" speed="13.18" pos="164.22" lane="2/3to2/2_0" slope="0.00"/>
        <vehicle id="17" x="398.35" y="238.52" angle="0.00" type="DEFAULT_VEHTYPE" speed="13.36" pos="156.73" lane="2/2to2/1_0" slope="0.00"/>
        <vehicle id="2" x="164.14" y="401.65" angle="-90.00" type="DEFAULT_VEHTYPE" speed="12.50" pos="31.11" lane="1/2to0/2_0" slope="0.00"/>
        <vehicle id="20" x="201.68" y="195.47" angle="179.65" type="DEFAULT_VEHTYPE" speed="13.35" pos="0.22" lane=":1/1_8_0" slope="0.00"/>
        <vehicle id="23" x="401.65" y="723.20" angle="180.00" type="DEFAULT_VEHTYPE" speed="13.30" pos="118.45" lane="2/3to2/4_0" slope="0.00"/>
        <vehicle id="7" x="292.83" y="401.65" angle="-90.00" type="DEFAULT_VEHTYPE" speed="12.66" pos="102.42" lane="2/2to1/2_0" slope="0.00"/>
        <vehicle id="9" x="201.65" y="541.01" angle="180.00" type="DEFAULT_VEHTYPE" speed="12.92" pos="136.26" lane="1/2to1/3_0" slope="0.00"/>
    </timestep>
    <timestep time="283.00">
        <vehicle id="12" x="398.35" y="417.70" angle="0.00" type="DEFAULT_VEHTYPE" speed="13.32" pos="177.55" lane="2/3to2/2_0" slope="0.00"/>
        <vehicle id="17" x="398.35" y="225.43" angle="0.00" type="DEFAULT_VEHTYPE" speed="13.09" pos="169.82" lane="2/2to2/1_0" slope="0.00"/>
        <vehicle id="2" x="151.36" y="401.65" angle="-90.00" type="DEFAULT_VEHTYPE" speed="12.78" pos="43.89" lane="1/2to0/2_0" slope="0.00"/>
        <vehicle id="20" x="213.64" y="198.35" angle="90.00" type="DEFAULT_VEHTYPE" speed="13.67" pos="8.89" lane="1/1to2/1_0" slope="0.00"/>
        <vehicle id="23" x="401.65" y="736.76" angle="180.00" type="DEFAULT_VEHTYPE" speed="13.56" pos="132.01" lane="2/3to2/4_0" slope="0.00"/>
        <vehicle id="7" x="279.32" y="401.65" angle="-90.00" type="DEFAULT_VEHTYPE" speed="13.51" pos="115.93" lane="2/2to1/2_0" slope="0.00"/>
        <vehicle id="9" x="201.65" y="554.56" angle="180.00" type="DEFAULT_VEHTYPE" speed="13.55" pos="149.81" lane="1/2to1/3_0" slope="0.00"/>
    </timestep>
    <timestep time="284.00">
        <vehicle id="12" x="398.35" y="404.56" angle="0.00" type="DEFAULT_VEHTYPE" speed="13.14" pos="0.19" lane=":2/2_1_0" slope="0.00"/>
        <vehicle id="17" x="398.35" y="212.58" angle="0.00" type="DEFAULT_VEHTYPE" speed="12.84" pos="182.67" lane="2/2to2/1_0" slope="0.00"/>
        <vehicle id="2" x="138.61" y="401.65" angle="-90.00" type="DEFAULT_VEHTYPE" speed="12.75" pos="56.64" lane="1/2to0/2_0" slope="0.00"/>
        <vehicle id="20" x="226.77" y="198.35" angle="90.00" type="DEFAULT_VEHTYPE" speed="13.13" pos="22.02" lane="1/1to2/1_0" slope="0.00"/>
        <vehicle id="23" x="401.65" y="749.72" angle="180.00" type="DEFAULT_VEHTYPE" speed="12.96" pos="144.97" lane="2/3to2/4_0" slope="0.00"/>
        <vehicle id="7" x="265.99" y="401.65" angle="-90.00" type="DEFAULT_VEHTYPE" speed="13.33" pos="129.26" lane="2/2to1/2_0" slope="0.00"/>
        <vehicle id="9" x="201.65" y="567.24" angle="180.00" type="DEFAULT_VEHTYPE" speed="12.67" pos="162.49" lane="1/2to1/3_0" slope="0.00"/>
    </timestep>
    <timestep time="285.00">
        <vehicle id="12" x="398.35" y="391.23" angle="0.00" type="DEFAULT_VEHTYPE" speed="13.33" pos="4.02" lane="2/2to2/1_0" slope="0.00"/>
        <vehicle id="17" x="394.28" y="201.65" angle="-61.52" type="DEFAULT_VEHTYPE" speed="13.81" pos="0.97" lane="2/1to1/1_0" slope="0.00"/>
        <vehicle id="2" x="124.86" y="401.65" angle="-90.00" type="DEFAULT_VEHTYPE" speed="13.75" pos="70.39" lane="1/2to0/2_0" slope="0.00"/>
        <vehicle id="20" x="240.55" y="198.35" angle="90.00" type="DEFAULT_VEHTYPE" speed="13.78" pos="35.80" lane="1/1to2/1_0" slope="0.00"/>
        <vehicle id="23" x="401.65" y="763.37" angle="180.00" type="DEFAULT_VEHTYPE" speed="13.65" pos="158.62" lane="2/3to2/4_0" slope="0.00"/>
        <vehicle id="7" x="252.27" y="401.65" angle="-90.00" type="DEFAULT_VEHTYPE" speed="13.72" pos="142.98" lane="2/2to1/2_0" slope="0.00"/>
        <vehicle id="9" x="201.65" y="580.18" angle="180.00" type="DEFAULT_VEHTYPE" speed="12.94" pos="175.43" lane="1/2to1/3_0" slope="0.00"/>
    </timestep>
    <timestep time="286.00">
        <vehicle id="12" x="398.35" y="378.50" angle="0.00" type="DEFAULT_VEHTYPE" speed="12.73" pos="16.75" lane="2/2to2/1_0" slope="0.00"/>
        <vehicle id="17" x="380.54" y="201.65" angle="-90.00" type="DEFAULT_VEHTYPE" speed="13.74" pos="14.71" lane="2/1to1/1_0" slope="0.00"/>
        <vehicle id="2" x="111.55" y="401.65" angle="-90.00" type="DEFAULT_VEHTYPE" speed="13.32" pos="83.70" lane="1/2to0/2_0" slope="0.00"/>
        <vehicle id="20" x="254.29" y="198.35" angle="90.00" type="DEFAULT_VEHTYPE" speed="13.75" pos="49.54" lane="1/1to2/1_0" slope="0.00"/>
        <vehicle id="23" x="401.65" y="777.10" angle="180.00" type="DEFAULT_VEHTYPE" speed="13.72" pos="172.35" lane="2/3to2/4_0" slope="0.00"/>
        <vehicle id="7" x="238.85" y="401.65" angle="-90.00" type="DEFAULT_VEHTYPE" speed="13.42" pos="156.40" lane="2/2to1/2_0" slope="0.00"/>
        <vehicle id="9" x="201.65" y="594.01" angle="180.00" type="DEFAULT_VEHTYPE" speed="13.83" pos="189.26" lane="1/2to1/3_0" slope="0.00"/>
    </timestep>
    <timestep time="287.00">
        <vehicle id="12" x="398.35" y="364.72" angle="0.00" type="DEFAULT_VEHTYPE" speed="13.78" pos="30.53" lane="2/2to2/1_0" slope="0.00"/>
        <vehicle id="17" x="367.12" y="201.65" angle="-90.00" type="DEFAULT_VEHTYPE" speed="13.42" pos="28.13" lane="2/1to1/1_0" slope="0.00"/>
        <vehicle id="2" x="98.47" y="401.65" angle="-90.00" type="DEFAULT_VEHTYPE" speed="13.07" pos="96.78" lane="1/2to0/2_0" slope="0.00"/>
        <vehicle id="20" x="268.13" y="198.35" angle="90.00" type="DEFAULT_VEHTYPE" speed="13.84" pos="63.38" lane="1/1to2/1_0" slope="0.00"/>
        <vehicle id="23" x="401.65" y="790.15" angle="180.00" type="DEFAULT_VEHTYPE" speed="13.06" pos="185.40" lane="2/3to2/4_0" slope="0.00"/>
        <vehicle id="7" x="227.05" y="401.65" angle="-90.00" type="DEFAULT_VEHTYPE" speed="11.81" pos="168.20" lane="2/2to1/2_0" slope="0.00"/>
        <vehicle id="9" x="212.29" y="598.35" angle="90.00" type="DEFAULT_VEHTYPE" speed="13.78" pos="7.54" lane="1/3to2/3_0" slope="0.00"/>
    </timestep>
    <timestep time="288.00">
        <vehicle id="12" x="398.35" y="351.93" angle="0.00" type="DEFAULT_VEHTYPE" speed="12.79" pos="43.32" lane="2/2to2/1_0" slope="0.00"/>
        <vehicle id="17" x="354.04" y="201.65" angle="-90.00" type="DEFAULT_VEHTYPE" speed="13.07" pos="41.21" lane="2/1to1/1_0" slope="0.00"/>
        <vehicle id="2" x="85.40" y="401.65" angle="-90.00" type="DEFAULT_VEHTYPE" speed="13.07" pos="109.85" lane="1/2to0/2_0" slope="0.00"/>
        <vehicle id="20" x="281.49" y="198.35" angle="90.00" type="DEFAULT_VEHTYPE" speed="13.36" pos="76.74" lane="1/1to2/1_0" slope="0.00"/>
        <vehicle id="23" x="399.02" y="801.01" angle="-132.39" type="DEFAULT_VEHTYPE" speed="13.46" pos="3.61" lane=":2/4_0_0" slope="0.00"/>
        <vehicle id="7" x="217.87" y="401.65" angle="-90.00" type="DEFAULT_VEHTYPE" speed="9.18" pos="177.38" lane="2/2to1/2_0" slope="0.00"/>
        <vehicle id="9" x="225.09" y="598.35" angle="90.00" type="DEFAULT_VEHTYPE" speed="12.80" pos="20.34" lane="1/3to2/3_0" slope="0.00"/>
    </timestep>
    <timestep time="289.00">
        <vehicle id="12" x="398.35" y="339.12" angle="0.00" type="DEFAULT_VEHTYPE" speed="12.81" pos="56.13" lane="2/2to2/1_0" slope="0.00"/>
        <vehicle id="17" x="340.24" y="201.65" angle="-90.00" type="DEFAULT_VEHTYPE" speed="13.80" pos="55.01" lane="2/1to1/1_0" slope="0.00"/>
        <vehicle id="2" x="72.54" y="401.65" angle="-90.00" type="DEFAULT_VEHTYPE" speed="12.87" pos="122.71" lane="1/2to0/2_0" slope="0.00"/>
        <vehicle id="20" x="294.14" y="198.35" angle="90.00" type="DEFAULT_VEHTYPE" speed="12.65" pos="89.39" lane="1/1to2/1_0" slope="0.00"/>
        <vehicle id="23" x="398.35" y="787.60" angle="0.00" type="DEFAULT_VEHTYPE" speed="13.61" pos="12.40" lane="2/4to2/3_0" slope="0.00"/>
        <vehicle id="7" x="212.85" y="401.65" angle="-90.00" type="DEFAULT_VEHTYPE" speed="5.02" pos="182.40" lane="2/2to1/2_0" slope="0.00"/>
        <vehicle id="9" x="238.80" y="598.35" angle="90.00" type="DEFAULT_VEHTYPE" speed="13.71" pos="34.05" lane="1/3to2/3_0" slope="0.00"/>
    </timestep>
    <timestep time="290.00">
        <vehicle id="12" x="398.35" y="325.27" angle="0.00" type="DEFAULT_VEHTYPE" speed="13.84" pos="69.98" lane="2/2to2/1_0" slope="0.00"/>
        <vehicle id="17" x="326.89" y="201.65" angle="-90.00" type="DEFAULT_VEHTYPE" speed="13.35" pos="68.36" lane="2/1to1/1_0" slope="0.00"/>
        <vehicle id="2" x="59.55" y="401.65" angle="-90.00" type="DEFAULT_VEHTYPE" speed="12.99" pos="135.70" lane="1/2to0/2_0" slope="0.00"/>
        <vehicle id="20" x="307.43" y="198.35" angle="90.00" type="DEFAULT_VEHTYPE" speed="13.28" pos="102.68" lane="1/1to2/1_0" slope="0.00"/>
        <vehicle id="23" x="398.35" y="773.96" angle="0.00" type="DEFAULT_VEHTYPE" speed="13.64" pos="26.04" lane="2/4to2/3_0" slope="0.00"/>
        <vehicle id="7" x="209.10" y="401.65" angle="-90.00" type="DEFAULT_VEHTYPE" speed="3.75" pos="186.15" lane="2/2to1/2_0" slope="0.00"/>
        <vehicle id="9" x="252.12" y="598.35" angle="90.00" type="DEFAULT_VEHTYPE" speed="13.33" pos="47.37" lane="1/3to2/3_0" slope="0.00"/>
    </timestep>
    <timestep time="291.00">
        <vehicle id="12" x="398.35" y="312.23" angle="0.00" type="DEFAULT_VEHTYPE" speed="13.04" pos="83.02" lane="2/2to2/1_0" slope="0.00"/>
        <vehicle id="17" x="313.18" y="201.65" angle="-90.00" type="DEFAULT_VEHTYPE" speed="13.71" pos="82.07" lane="2/1to1/1_0" slope="0.00"/>
        <vehicle id="2" x="46.29" y="401.65" angle="-90.00" type="DEFAULT_VEHTYPE" speed="13.27" pos="148.96" lane="1/2to0/2_0" slope="0.00"/>
        <vehicle id="20" x="321.08" y="198.35" angle="90.00" type="DEFAULT_VEHTYPE" speed="13.65" pos="116.33" lane="1/1to2/1_0" slope="0.00"/>
        <vehicle id="23" x="398.35" y="760.76" angle="0.00" type="DEFAULT_VEHTYPE" speed="13.20" pos="39.24" lane="2/4to2/3_0" slope="0.00"/>
        <vehicle id="7" x="202.86" y="401.38" angle="-86.89" type="DEFAULT_VEHTYPE" speed="6.26" pos="1.91" lane=":1/2_6_0" slope="0.00"/>
        <vehicle id="9" x="265.32" y="598.35" angle="90.00" type="DEFAULT_VEHTYPE" speed="13.20" pos="60.57" lane="1/3to2/3_0" slope="0.00"/>
    </timestep>
    <timestep time="292.00">
        <vehicle id="12" x="398.35" y="298.84" angle="0.00" type="DEFAULT_VEHTYPE" speed="13.40" pos="96.41" lane="2/2to2/1_0" slope="0.00"/>
        <vehicle id="17" x="300.26" y="201.65" angle="-90.00" type="DEFAULT_VEHTYPE" speed="12.92" pos="94.99" lane="2/1to1/1_0" slope="0.00"/>
        <vehicle id="2" x="33.52" y="401.65" angle="-90.00" type="DEFAULT_VEHTYPE" speed="12.77" pos="161.73" lane="1/2to0/2_0" slope="0.00"/>
        <vehicle id="20" x="333.86" y="198.35" angle="90.00" type="DEFAULT_VEHTYPE" speed="12.78" pos="129.11" lane="1/1to2/1_0" slope="0.00"/>
        <vehicle id="23" x="398.35" y="746.87" angle="0.00" type="DEFAULT_VEHTYPE" speed="13.89" pos="53.13" lane="2/4to2/3_0" slope="0.00"/>
        <vehicle id="7" x="198.36" y="395.31" angle="-18.33" type="DEFAULT_VEHTYPE" speed="8.34" pos="10.26" lane=":1/2_6_0" slope="0.00"/>
        <vehicle id="9" x="278.63" y="598.35" angle="90.00" type="DEFAULT_VEHTYPE" speed="13.31" pos="73.88" lane="1/3to2/3_0" slope="0.00"/>
    </timestep>
    <timestep time="293.00">
        <vehicle id="12" x="398.35" y="285.64" angle="0.00" type="DEFAULT_VEHTYPE" speed="13.20" pos="109.61" lane="2/2to2/1_0" slope="0.00"/>
        <vehicle id="17" x="286.39" y="201.65" angle="-90.00" type="DEFAULT_VEHTYPE" speed="13.87" pos="108.86" lane="2/1to1/1_0" slope="0.00"/>
        <vehicle id="2" x="19.73" y="401.65" angle="-90.00" type="DEFAULT_VEHTYPE" speed="13.79" pos="175.52" lane="1/2to0/2_0" slope="0.00"/>
        <vehicle id="20" x="346.76" y="198.35" angle="90.00" type="DEFAULT_VEHTYPE" speed="12.90" pos="142.01" lane="1/1to2/1_0" slope="0.00"/>
        <vehicle id="23" x="398.35" y="733.39" angle="0.00" type="DEFAULT_VEHTYPE" speed="13.49" pos="66.61" lane="2/4to2/3_0" slope="0.00"/>
        <vehicle id="7" x="198.35" y="385.59" angle="0.00" type="DEFAULT_VEHTYPE" speed="9.72" pos="9.66" lane="1/2to1/1_0" slope="0.00"/>
        <vehicle id="9" x="291.49" y="598.35" angle="90.00" type="DEFAULT_VEHTYPE" speed="12.87" pos="86.74" lane="1/3to2/3_0" slope="0.00"/>
    </timestep>
    <timestep time="294.00">
        <vehicle id="12" x="398.35" y="272.28" angle="0.00" type="DEFAULT_VEHTYPE" speed="13.35" pos="122.97" lane="2/2to2/1_0" slope="0.00"/>
        <vehicle id="17" x="272.88" y="201.65" angle="-90.00" type="DEFAULT_VEHTYPE" speed="13.52" pos="122.37" lane="2/1to1/1_0" slope="0.00"/>
        <vehicle id="2" x="5.89" y="401.65" angle="-90.00" type="DEFAULT_VEHTYPE" speed="13.84" pos="189.36" lane="1/2to0/2_0" slope="0.00"/>
        <vehicle id="20" x="360.54" y="198.35" angle="90.00" type="DEFAULT_VEHTYPE" speed="13.78" pos="155.79" lane="1/1to2/1_0" slope="0.00"/>
        <vehicle id="23" x="398.35" y="720.48" angle="0.00" type="DEFAULT_VEHTYPE" speed="12.91" pos="79.52" lane="2/4to2/3_0" slope="0.00"/>
        <vehicle id="7" x="198.35" y="374.11" angle="0.00" type="DEFAULT_VEHTYPE" speed="11.48" pos="21.14" lane="1/2to1/1_0" slope="0.00"/>
        <vehicle id="9" x="304.14" y="598.35" angle="90.00" type="DEFAULT_VEHTYPE" speed="12.65" pos="99.39" lane="1/3to2/3_0" slope="0.00"/>
    </timestep>
    <timestep time="295.00">
        <vehicle id="12" x="398.35" y="259.27" angle="0.00" type="DEFAULT_VEHTYPE" speed="13.01" pos="135.98" lane="2/2to2/1_0" slope="0.00"/>
        <vehicle id="17" x="259.35" y="201.65" angle="-90.00" type="DEFAULT_VEHTYPE" speed="13.53" pos="135.90" lane="2/1to1/1_0" slope="0.00"/>
        <vehicle id="2" x="2.73" y="398.35" angle="70.55" type="DEFAULT_VEHTYPE" speed="13.44" pos="2.73" lane="0/2to1/2_0" slope="0.00"/>
        <vehicle id="20" x="373.56" y="198.35" angle="90.00" type="DEFAULT_VEHTYPE" speed="13.01" pos="168.81" lane="1/1to2/1_0" slope="0.00"/>
        <vehicle id="23" x="398.35" y="707.54" angle="0.00" type="DEFAULT_VEHTYPE" speed="12.94" pos="92.46" lane="2/4to2/3_0" slope="0.00"/>
        <vehicle id="7" x="198.35" y="361.10" angle="0.00" type="DEFAULT_VEHTYPE" speed="13.02" pos="34.15" lane="1/2to1/1_0" slope="0.00"/>
        <vehicle id="9" x="316.97" y="598.35" angle="90.00" type="DEFAULT_VEHTYPE" speed="12.83" pos="112.22" lane="1/3to2/3_0" slope="0.00"/>
    </timestep>
    <timestep time="296.00">
        <vehicle id="12" x="398.35" y="246.49" angle="0.00" type="DEFAULT_VEHTYPE" speed="12.78" pos="148.76" lane="2/2to2/1_0" slope="0.00"/>
        <vehicle id="17" x="245.55" y="201.65" angle="-90.00" type="DEFAULT_VEHTYPE" speed="13.80" pos="149.70" lane="2/1to1/1_0" slope="0.00"/>
        <vehicle id="2" x="15.41" y="398.35" angle="90.00" type="DEFAULT_VEHTYPE" speed="12.68" pos="15.41" lane="0/2to1/2_0" slope="0.00"/>
        <vehicle id="20" x="382.86" y="198.35" angle="90.00" type="DEFAULT_VEHTYPE" speed="9.30" pos="178.11" lane="1/1to2/1_0" slope="0.00"/>
        <vehicle id="23" x="398.35" y="694.19" angle="0.00" type="DEFAULT_VEHTYPE" speed="13.36" pos="105.81" lane="2/4to2/3_0" slope="0.00"/>
        <vehicle id="7" x="198.35" y="347.22" angle="0.00" type="DEFAULT_VEHTYPE" speed="13.87" pos="48.03" lane="1/2to1/1_0" slope="0.00"/>
        <vehicle id="9" x="330.43" y="598.35" angle="90.00" type="DEFAULT_VEHTYPE" speed="13.46" pos="125.68" lane="1/3to2/3_0" slope="0.00"/>
    </timestep>
    <timestep time="297.00">
        <vehicle id="12" x="398.35" y="233.67" angle="0.00" type="DEFAULT_VEHTYPE" speed="12.81" pos="161.58" lane="2/2to2/1_0" slope="0.00"/>
        <vehicle id="17" x="231.72" y="201.65" angle="-90.00" type="DEFAULT_VEHTYPE" speed="13.83" pos="163.53" lane="2/1to1/1_0" slope="0.00"/>
        <vehicle id="2" x="29.14" y="398.35" angle="90.00" type="DEFAULT_VEHTYPE" speed="13.73" pos="29.14" lane="0/2to1/2_0" slope="0.00"/>
        <vehicle id="20" x="387.66" y="198.35" angle="90.00" type="DEFAULT_VEHTYPE" speed="4.80" pos="182.91" lane="1/1to2/1_0" slope="0.00"/>
        <vehicle id="23" x="398.35" y="681.46" angle="0.00" type="DEFAULT_VEHTYPE" speed="12.72" pos="118.54" lane="2/4to2/3_0" slope="0.00"/>
        <vehicle id="7" x="198.35" y="334.14" angle="0.00" type="DEFAULT_VEHTYPE" speed="13.09" pos="61.11" lane="1/2to1/1_0" slope="0.00"/>
        <vehicle id="9" x="343.47" y="598.35" angle="90.00" type="DEFAULT_VEHTYPE" speed="13.05" pos="138.72" lane="1/3to2/3_0" slope="0.00"/>
    </timestep>
    <timestep time="298.00">
        <vehicle id="12" x="398.35" y="220.91" angle="0.00" type="DEFAULT_VEHTYPE" speed="12.76" pos="174.34" lane="2/2to2/1_0" slope="0.00"/>
        <vehicle id="17" x="221.20" y="201.65" angle="-90.00" type="DEFAULT_VEHTYPE" speed="10.52" pos="174.05" lane="2/1to1/1_0" slope="0.00"/>
        <vehicle id="2" x="42.79" y="398.35" angle="90.00" type="DEFAULT_VEHTYPE" speed="13.65" pos="42.79" lane="0/2to1/2_0" slope="0.00"/>
        <vehicle id="20" x="391.02" y="198.35" angle="90.00" type="DEFAULT_VEHTYPE" speed="3.36" pos="186.27" lane="1/1to2/1_0" slope="0.00"/>
        <vehicle id="23" x="398.35" y="667.93" angle="0.00" type="DEFAULT_VEHTYPE" speed="13.53" pos="132.07" lane="2/4to2/3_0" slope="0.00"/>
        <vehicle id="7" x="198.35" y="321.54" angle="0.00" type="DEFAULT_VEHTYPE" speed="12.60" pos="73.71" lane="1/2to1/1_0" slope="0.00"/>
        <vehicle id="9" x="356.35" y="598.35" angle="90.00" type="DEFAULT_VEHTYPE" speed="12.88" pos="151.60" lane="1/3to2/3_0" slope="0.00"/>
    </timestep>
    <timestep time="299.00">
        <vehicle id="12" x="398.35" y="208.31" angle="0.00" type="DEFAULT_VEHTYPE" speed="12.60" pos="186.94" lane="2/2to2/1_0" slope="0.00"/>
        <vehicle id="17" x="213.74" y="201.65" angle="-90.00" type="DEFAULT_VEHTYPE" speed="7.46" pos="181.51" lane="2/1to1/1_0" slope="0.00"/>
        <vehicle id="2" x="55.60" y="398.35" angle="90.00" type="DEFAULT_VEHTYPE" speed="12.81" pos="55.60" lane="0/2to1/2_0" slope="0.00"/>
        <vehicle id="20" x="396.14" y="198.35" angle="90.00" type="DEFAULT_VEHTYPE" speed="5.12" pos="0.89" lane=":2/1_13_0" slope="0.00"/>
        <vehicle id="23" x="398.35" y="654.91" angle="0.00" type="DEFAULT_VEHTYPE" speed="13.02" pos="145.09" lane="2/4to2/3_0" slope="0.00"/>
        <vehicle id="7" x="198.35" y="308.62" angle="0.00" type="DEFAULT_VEHTYPE" speed="12.92" pos="86.63" lane="1/2to1/1_0" slope="0.00"/>
        <vehicle id="9" x="370.09" y="598.35" angle="90.00" type="DEFAULT_VEHTYPE" speed="13.74" pos="165.34" lane="1/3to2/3_0" slope="0.00"/>
    </timestep>
    <timestep time="300.00">
        <vehicle id="12" x="390.46" y="201.65" angle="-89.66" type="DEFAULT_VEHTYPE" speed="13.35" pos="4.79" lane="2/1to1/1_0" slope="0.00"/>
        <vehicle id="17" x="210.03" y="201.65" angle="-90.00" type="DEFAULT_VEHTYPE" speed="3.72" pos="185.22" lane="2/1to1/1_0" slope="0.00"/>
        <vehicle id="2" x="69.15" y="398.35" angle="90.00" type="DEFAULT_VEHTYPE" speed="13.55" pos="69.15" lane="0/2to1/2_0" slope="0.00"/>
        <vehicle id="20" x="402.91" y="198.35" angle="90.00" type="DEFAULT_VEHTYPE" speed="6.77" pos="7.66" lane=":2/1_13_0" slope="0.00"/>
        <vehicle id="23" x="398.35" y="641.91" angle="0.00" type="DEFAULT_VEHTYPE" speed="12.99" pos="158.09" lane="2/4to2/3_0" slope="0.00"/>
        <vehicle id="7" x="198.35" y="295.31" angle="0.00" type="DEFAULT_VEHTYPE" speed="13.30" pos="99.94" lane="1/2to1/1_0" slope="0.00"/>
        <vehicle id="9" x="380.24" y="598.35" angle="90.00" type="DEFAULT_VEHTYPE" speed="10.15" pos="175.49" lane="1/3to2/3_0" slope="0.00"/>
    </timestep>
    <timestep time="301.00">
        <vehicle id="12" x="377.77" y="201.65" angle="-90.00" type="DEFAULT_VEHTYPE" speed="12.69" pos="17.48" lane="2/1to1/1_0" slope="0.00"/>
        <vehicle id="17" x="204.22" y="201.72" angle="-90.85" type="DEFAULT_VEHTYPE" speed="5.81" pos="0.53" lane=":1/1_4_0" slope="0.00"/>
        <vehicle id="2" x="82.50" y="398.35" angle="90.00" type="DEFAULT_VEHTYPE" speed="13.35" pos="82.50" lane="0/2to1/2_0" slope="0.00"/>
        <vehicle id="20" x="411.96" y="198.35" angle="90.00" type="DEFAULT_VEHTYPE" speed="9.05" pos="7.21" lane="2/1to3/1_0" slope="0.00"/>
        <vehicle id="23" x="398.35" y="628.75" angle="0.00" type="DEFAULT_VEHTYPE" speed="13.17" pos="171.25" lane="2/4to2/3_0" slope="0.00"/>
        <vehicle id="7" x="198.35" y="282.29" angle="0.00" type="DEFAULT_VEHTYPE" speed="13.02" pos="112.96" lane="1/2to1/1_0" slope="0.00"/>
        <vehicle id="9" x="386.28" y="598.35" angle="90.00" type="DEFAULT_VEHTYPE" speed="6.04" pos="181.53" lane="1/3to2/3_0" slope="0.00"/>
    </timestep>
    <timestep time="302.00">
        <vehicle id="12" x="364.27" y="201.65" angle="-90.00" type="DEFAULT_VEHTYPE" speed="13.50" pos="30.98" lane="2/1to1/1_0" slope="0.00"/>
        <vehicle id="17" x="201.65" y="208.67" angle="-178.29" type="DEFAULT_VEHTYPE" speed="8.39" pos="3.92" lane="1/1to1/2_0" slope="0.00"/>
        <vehicle id="2" x="95.29" y="398.35" angle="90.00" type="DEFAULT_VEHTYPE" speed="12.79" pos="95.29" lane="0/2to1/2_0" slope="0.00"/>
        <vehicle id="20" x="422.66" y="198.35" angle="90.00" type="DEFAULT_VEHTYPE" speed="10.69" pos="17.91" lane="2/1to3/1_0" slope="0.00"/>
        <vehicle id="23" x="398.35" y="614.90" angle="0.00" type="DEFAULT_VEHTYPE" speed="13.84" pos="185.10" lane="2/4to2/3_0" slope="0.00"/>
        <vehicle id="7" x="198.35" y="269.02" angle="0.00" type="DEFAULT_VEHTYPE" speed="13.27" pos="126.23" lane="1/2to1/1_0" slope="0.00"/>
        <vehicle id="9" x="389.50" y="598.35" angle="90.00" type="DEFAULT_VEHTYPE" speed="3.22" pos="184.75" lane="1/3to2/3_0" slope="0.00"/>
    </timestep>
    <timestep time="303.00">
        <vehicle id="12" x="351.45" y="201.65" angle="-90.00" type="DEFAULT_VEHTYPE" speed="12.83" pos="43.80" lane="2/1to1/1_0" slope="0.00"/>
        <vehicle id="17" x="201.65" y="218.46" angle="180.00" type="DEFAULT_VEHTYPE" speed="9.79" pos="13.71" lane="1/1to1/2_0" slope="0.00"/>
        <vehicle id="2" x="107.89" y="398.35" angle="90.00" type="DEFAULT_VEHTYPE" speed="12.60" pos="107.89" lane="0/2to1/2_0" slope="0.00"/>
        <vehicle id="20" x="434.97" y="198.35" angle="90.00" type="DEFAULT_VEHTYPE" speed="12.31" pos="30.22" lane="2/1to3/1_0" slope="0.00"/>
        <vehicle id="23" x="398.35" y="601.28" angle="0.00" type="DEFAULT_VEHTYPE" speed="13.62" pos="3.47" lane=":2/3_1_0" slope="0.00"/>
        <vehicle id="7" x="198.35" y="255.72" angle="0.00" type="DEFAULT_VEHTYPE" speed="13.30" pos="139.53" lane="1/2to1/1_0" slope="0.00"/>
        <vehicle id="9" x="391.76" y="598.35" angle="90.00" type="DEFAULT_VEHTYPE" speed="2.26" pos="187.01" lane="1/3to2/3_0" slope="0.00"/>
    </timestep>
    <timestep time="304.00">
        <vehicle id="12" x="338.26" y="201.65" angle="-90.00" type="DEFAULT_VEHTYPE" speed="13.19" pos="56.99" lane="2/1to1/1_0" slope="0.00"/>
        <vehicle id="17" x="201.65" y="229.83" angle="180.00" type="DEFAULT_VEHTYPE" speed="11.37" pos="25.08" lane="1/1to1/2_0" slope="0.00"/>
        <vehicle id="2" x="121.57" y="398.35" angle="90.00" type="DEFAULT_VEHTYPE" speed="13.68" pos="121.57" lane="0/2to1/2_0" slope="0.00"/>
        <vehicle id="20" x="447.96" y="198.35" angle="90.00" type="DEFAULT_VEHTYPE" speed="13.00" pos="43.21" lane="2/1to3/1_0" slope="0.00"/>
        <vehicle id="23" x="398.35" y="587.61" angle="0.00" type="DEFAULT_VEHTYPE" speed="13.68" pos="7.64" lane="2/3to2/2_0" slope="0.00"/>
        <vehicle id="7" x="198.35" y="241.86" angle="0.00" type="DEFAULT_VEHTYPE" speed="13.86" pos="153.39" lane="1/2to1/1_0" slope="0.00"/>
        <vehicle id="9" x="395.32" y="598.36" angle="90.12" type="DEFAULT_VEHTYPE" speed="3.56" pos="0.07" lane=":2/3_14_0" slope="0.00"/>
    </timestep>
    <timestep time="305.00">
        <vehicle id="12" x="324.80" y="201.65" angle="-90.00" type="DEFAULT_VEHTYPE" speed="13.46" pos="70.45" lane="2/1to1/1_0" slope="0.00"/>
        <vehicle id="17" x="201.65" y="243.18" angle="180.00" type="DEFAULT_VEHTYPE" speed="13.35" pos="38.43" lane="1/1to1/2_0" slope="0.00"/>
        <vehicle id="2" x="134.25" y="398.35" angle="90.00" type="DEFAULT_VEHTYPE" speed="12.68" pos="134.25" lane="0/2to1/2_0" slope="0.00"/>
        <vehicle id="20" x="461.32" y="198.35" angle="90.00" type="DEFAULT_VEHTYPE" speed="13.35" pos="56.57" lane="2/1to3/1_0" slope="0.00"/>
        <vehicle id="23" x="398.35" y="574.18" angle="0.00" type="DEFAULT_VEHTYPE" speed="13.43" pos="21.07" lane="2/3to2/2_0" slope="0.00"/>
        <vehicle id="7" x="198.35" y="228.34" angle="0.00" type="DEFAULT_VEHTYPE" speed="13.51" pos="166.91" lane="1/2to1/1_0" slope="0.00"/>
        <vehicle id="9" x="400.60" y="600.86" angle="119.51" type="DEFAULT_VEHTYPE" speed="6.15" pos="6.23" lane=":2/3_14_0" slope="0.00"/>
    </timestep>
    <timestep time="306.00">
        <vehicle id="12" x="311.31" y="201.65" angle="-90.00" type="DEFAULT_VEHTYPE" speed="13.49" pos="83.94" lane="2/1to1/1_0" slope="0.00"/>
        <vehicle id="17" x="201.65" y="256.15" angle="180.00" type="DEFAULT_VEHTYPE" speed="12.96" pos="51.40" lane="1/1to1/2_0" slope="0.00"/>
        <vehicle id="2" x="147.78" y="398.35" angle="90.00" type="DEFAULT_VEHTYPE" speed="13.52" pos="147.78" lane="0/2to1/2_0" slope="0.00"/>
        <vehicle id="20" x="474.59" y="198.35" angle="90.00" type="DEFAULT_VEHTYPE" speed="13.27" pos="69.84" lane="2/1to3/1_0" slope="0.00"/>
        <vehicle id="23" x="398.35" y="560.97" angle="0.00" type="DEFAULT_VEHTYPE" speed="13.21" pos="34.28" lane="2/3to2/2_0" slope="0.00"/>
        <vehicle id="7" x="198.35" y="214.57" angle="0.00" type="DEFAULT_VEHTYPE" speed="13.78" pos="180.68" lane="1/2to1/1_0" slope="0.00"/>
        <vehicle id="9" x="401.65" y="608.57" angle="178.08" type="DEFAULT_VEHTYPE" speed="7.91" pos="3.82" lane="2/3to2/4_0" slope="0.00"/>
    </timestep>
    <timestep time="307.00">
        <vehicle id="12" x="297.94" y="201.65" angle="-90.00" type="DEFAULT_VEHTYPE" speed="13.36" pos="97.31" lane="2/1to1/1_0" slope="0.00"/>
        <vehicle id="17" x="201.65" y="269.75" angle="180.00" type="DEFAULT_VEHTYPE" speed="13.60" pos="65.00" lane="1/1to1/2_0" slope="0.00"/>
        <vehicle id="2" x="160.97" y="398.35" angle="90.00" type="DEFAULT_VEHTYPE" speed="13.20" pos="160.97" lane="0/2to1/2_0" slope="0.00"/>
        <vehicle id="20" x="488.08" y="198.35" angle="90.00" type="DEFAULT_VEHTYPE" speed="13.49" pos="83.33" lane="2/1to3/1_0" slope="0.00"/>
        <vehicle id="23" x="398.35" y="547.34" angle="0.00" type="DEFAULT_VEHTYPE" speed="13.62" pos="47.91" lane="2/3to2/2_0" slope="0.00"/>
        <vehicle id="7" x="196.61" y="201.84" angle="-22.10" type="DEFAULT_VEHTYPE" speed="13.44" pos="3.63" lane=":1/1_0_0" slope="0.00"/>
        <vehicle id="9" x="401.65" y="618.37" angle="180.00" type="DEFAULT_VEHTYPE" speed="9.80" pos="13.62" lane="2/3to2/4_0" slope="0.00"/>
    </timestep>
    <timestep time="308.00">
        <vehicle id="12" x="285.20" y="201.65" angle="-90.00" type="DEFAULT_VEHTYPE" speed="12.74" pos="110.05" lane="2/1to1/1_0" slope="0.00"/>
        <vehicle id="17" x="201.65" y="282.69" angle="180.00" type="DEFAULT_VEHTYPE" speed="12.94" pos="77.94" lane="1/1to1/2_0" slope="0.00"/>
        <vehicle id="2" x="173.40" y="398.35" angle="90.00" type="DEFAULT_VEHTYPE" speed="12.43" pos="173.40" lane="0/2to1/2_0" slope="0.00"/>
        <vehicle id="20" x="501.58" y="198.35" angle="90.00" type="DEFAULT_VEHTYPE" speed="13.50" pos="96.83" lane="2/1to3/1_0" slope="0.00"/>
        <vehicle id="23" x="398.35" y="534.16" angle="0.00" type="DEFAULT_VEHTYPE" speed="13.19" pos="61.09" lane="2/3to2/2_0" slope="0.00"/>
        <vehicle id="7" x="183.62" y="201.65" angle="-90.00" type="DEFAULT_VEHTYPE" speed="13.01" pos="11.63" lane="1/1to0/1_0" slope="0.00"/>
        <vehicle id="9" x="401.65" y="629.79" angle="180.00" type="DEFAULT_VEHTYPE" speed="11.43" pos="25.04" lane="2/3to2/4_0" slope="0.00"/>
    </timestep>
    <timestep time="309.00">
        <vehicle id="12" x="271.44" y="201.65" angle="-90.00" type="DEFAULT_VEHTYPE" speed="13.76" pos="123.81" lane="2/1to1/1_0" slope="0.00"/>
        <vehicle id="17" x="201.65" y="296.24" angle="180.00" type="DEFAULT_VEHTYPE" speed="13.56" pos="91.49" lane="1/1to1/2_0" slope="0.00"/>
        <vehicle id="2" x="182.43" y="398.35" angle="90.00" type="DEFAULT_VEHTYPE" speed="9.03" pos="182.43" lane="0/2to1/2_0" slope="0.00"/>
        <vehicle id="20" x="514.81" y="198.35" angle="90.00" type="DEFAULT_VEHTYPE" speed="13.23" pos="110.06" lane="2/1to3/1_0" slope="0.00"/>
        <vehicle id="23" x="398.35" y="520.40" angle="0.00" type="DEFAULT_VEHTYPE" speed="13.75" pos="74.85" lane="2/3to2/2_0" slope="0.00"/>
        <vehicle id="7" x="170.62" y="201.65" angle="-90.00" type="DEFAULT_VEHTYPE" speed="12.99" pos="24.63" lane="1/1to0/1_0" slope="0.00"/>
        <vehicle id="9" x="401.65" y="643.37" angle="180.00" type="DEFAULT_VEHTYPE" speed="13.58" pos="38.62" lane="2/3to2/4_0" slope="0.00"/>
    </timestep>
    <timestep time="310.00">
        <vehicle id="12" x="258.20" y="201.65" angle="-90.00" type="DEFAULT_VEHTYPE" speed="13.24" pos="137.05" lane="2/1to1/1_0" slope="0.00"/>
        <vehicle id="17" x="201.65" y="309.22" angle="180.00" type="DEFAULT_VEHTYPE" speed="12.97" pos="104.47" lane="1/1to1/2_0" slope="0.00"/>
        <vehicle id="2" x="188.34" y="398.35" angle="90.00" type="DEFAULT_VEHTYPE" speed="5.91" pos="188.34" lane="0/2to1/2_0" slope="0.00"/>
        <vehicle id="20" x="528.43" y="198.35" angle="90.00" type="DEFAULT_VEHTYPE" speed="13.63" pos="123.68" lane="2/1to3/1_0" slope="0.00"/>
        <vehicle id="23" x="398.35" y="507.30" angle="0.00" type="DEFAULT_VEHTYPE" speed="13.10" pos="87.95" lane="2/3to2/2_0" slope="0.00"/>
        <vehicle id="7" x="157.77" y="201.65" angle="-90.00" type="DEFAULT_VEHTYPE" speed="12.85" pos="37.48" lane="1/1to0/1_0" slope="0.00"/>
        <vehicle id="9" x="401.65" y="656.80" angle="180.00" type="DEFAULT_VEHTYPE" speed="13.43" pos="52.05" lane="2/3to2/4_0" slope="0.00"/>
    </timestep>
    <timestep time="311.00">
        <vehicle id="12" x="244.94" y="201.65" angle="-90.00" type="DEFAULT_VEHTYPE" speed="13.27" pos="150.31" lane="2/1to1/1_0" slope="0.00"/>
        <vehicle id="17" x="201.65" y="323.09" angle="180.00" type="DEFAULT_VEHTYPE" speed="13.87" pos="118.34" lane="1/1to1/2_0" slope="0.00"/>
        <vehicle id="2" x="196.70" y="398.56" angle="92.38" type="DEFAULT_VEHTYPE" speed="8.37" pos="1.46" lane=":1/2_14_0" slope="0.00"/>
        <vehicle id="20" x="541.15" y="198.35" angle="90.00" type="DEFAULT_VEHTYPE" speed="12.72" pos="136.40" lane="2/1to3/1_0" slope="0.00"/>
        <vehicle id="23" x="398.35" y="494.07" angle="0.00" type="DEFAULT_VEHTYPE" speed="13.22" pos="101.18" lane="2/3to2/2_0" slope="0.00"/>
        <vehicle id="7" x="144.32" y="201.65" angle="-90.00" type="DEFAULT_VEHTYPE" speed="13.46" pos="50.93" lane="1/1to0/1_0" slope="0.00"/>
        <vehicle id="9" x="401.65" y="670.40" angle="180.00" type="DEFAULT_VEHTYPE" speed="13.60" pos="65.65" lane="2/3to2/4_0" slope="0.00"/>
    </timestep>
    <timestep time="312.00">
        <vehicle id="12" x="231.60" y="201.65" angle="-90.00" type="DEFAULT_VEHTYPE" speed="13.33" pos="163.65" lane="2/1to1/1_0" slope="0.00"/>
        <vehicle id="17" x="201.65" y="336.19" angle="180.00" type="DEFAULT_VEHTYPE" speed="13.10" pos="131.44" lane="1/1to1/2_0" slope="0.00"/>
        <vehicle id="2" x="201.65" y="406.75" angle="174.35" type="DEFAULT_VEHTYPE" speed="10.85" pos="2.00" lane="1/2to1/3_0" slope="0.00"/>
        <vehicle id="20" x="555.03" y="198.35" angle="90.00" type="DEFAULT_VEHTYPE" speed="13.88" pos="150.28" lane="2/1to3/1_0" slope="0.00"/>
        <vehicle id="23" x="398.35" y="480.47" angle="0.00" type="DEFAULT_VEHTYPE" speed="13.60" pos="114.78" lane="2/3to2/2_0" slope="0.00"/>
        <vehicle id="7" x="131.17" y="201.65" angle="-90.00" type="DEFAULT_VEHTYPE" speed="13.15" pos="64.08" lane="1/1to0/1_0" slope="0.00"/>
        <vehicle id="9" x="401.65" y="683.26" angle="180.00" type="DEFAULT_VEHTYPE" speed="12.86" pos="78.51" lane="2/3to2/4_0" slope="0.00"/>
    </timestep>
    <timestep time="313.00">
        <vehicle id="12" x="220.70" y="201.65" angle="-90.00" type="DEFAULT_VEHTYPE" speed="10.90" pos="174.55" lane="2/1to1/1_0" slope="0.00"/>
        <vehicle id="17" x="201.65" y="350.08" angle="180.00" type="DEFAULT_VEHTYPE" speed="13.89" pos="145.33" lane="1/1to1/2_0" slope="0.00"/>
        <vehicle id="2" x="201.65" y="419.37" angle="180.00" type="DEFAULT_VEHTYPE" speed="12.62" pos="14.62" lane="1/2to1/3_0" slope="0.00"/>
        <vehicle id="20" x="568.65" y="198.35" angle="90.00" type="DEFAULT_VEHTYPE" speed="13.62" pos="163.90" lane="2/1to3/1_0" slope="0.00"/>
        <vehicle id="23" x="398.35" y="466.75" angle="0.00" type="DEFAULT_VEHTYPE" speed="13.72" pos="128.50" lane="2/3to2/2_0" slope="0.00"/>
        <vehicle id="7" x="117.88" y="201.65" angle="-90.00" type="DEFAULT_VEHTYPE" speed="13.29" pos="77.37" lane="1/1to0/1_0" slope="0.00"/>
        <vehicle id="9" x="401.65" y="696.93" angle="180.00" type="DEFAULT_VEHTYPE" speed="13.68" pos="92.18" lane="2/3to2/4_0" slope="0.00"/>
    </timestep>
    <timestep time="314.00">
        <vehicle id="12" x="213.38" y="201.65" angle="-90.00" type="DEFAULT_VEHTYPE" speed="7.32" pos="181.87" lane="2/1to1/1_0" slope="0.00"/>
        <vehicle id="17" x="201.65" y="362.72" angle="180.00" type="DEFAULT_VEHTYPE" speed="12.64" pos="157.97" lane="1/1to1/2_0" slope="0.00"/>
        <vehicle id="2" x="201.65" y="432.86" angle="180.00" type="DEFAULT_VEHTYPE" speed="13.50" pos="28.11" lane="1/2to1/3_0" slope="0.00"/>
        <vehicle id="20" x="578.79" y="198.35" angle="90.00" type="DEFAULT_VEHTYPE" speed="10.14" pos="174.04" lane="2/1to3/1_0" slope="0.00"/>
        <vehicle id="23" x="398.35" y="453.07" angle="0.00" type="DEFAULT_VEHTYPE" speed="13.68" pos="142.18" lane="2/3to2/2_0" slope="0.00"/>
        <vehicle id="7" x="104.62" y="201.65" angle="-90.00" type="DEFAULT_VEHTYPE" speed="13.26" pos="90.63" lane="1/1to0/1_0" slope="0.00"/>
        <vehicle id="9" x="401.65" y="710.12" angle="180.00" type="DEFAULT_VEHTYPE" speed="13.18" pos="105.37" lane="2/3to2/4_0" slope="0.00"/>
    </timestep>
    <timestep time="315.00">
        <vehicle id="12" x="209.77" y="201.65" angle="-90.00" type="DEFAULT_VEHTYPE" speed="3.62" pos="185.48" lane="2/1to1/1_0" slope="0.00"/>
        <vehicle id="17" x="201.65" y="375.81" angle="180.00" type="DEFAULT_VEHTYPE" speed="13.09" pos="171.06" lane="1/1to1/2_0" slope="0.00"/>
        <vehicle id="2" x="201.65" y="446.34" angle="180.00" type="DEFAULT_VEHTYPE" speed="13.48" pos="41.59" lane="1/2to1/3_0" slope="0.00"/>
        <vehicle id="20" x="585.07" y="198.35" angle="90.00" type="DEFAULT_VEHTYPE" speed="6.29" pos="180.32" lane="2/1to3/1_0" slope="0.00"/>
        <vehicle id="23" x="398.35" y="440.01" angle="0.00" type="DEFAULT_VEHTYPE" speed="13.07" pos="155.24" lane="2/3to2/2_0" slope="0.00"/>
        <vehicle id="7" x="91.13" y="201.65" angle="-90.00" type="DEFAULT_VEHTYPE" speed="13.49" pos="104.12" lane="1/1to0/1_0" slope="0.00"/>
        <vehicle id="9" x="401.65" y="723.03" angle="180.00" type="DEFAULT_VEHTYPE" speed="12.92" pos="118.28" lane="2/3to2/4_0" slope="0.00"/>
    </timestep>
    <timestep time="316.00">
        <vehicle id="12" x="204.73" y="201.65" angle="-90.02" type="DEFAULT_VEHTYPE" speed="5.03" pos="0.02" lane=":1/1_4_0" slope="0.00"/>
        <vehicle id="17" x="201.65" y="389.70" angle="180.00" type="DEFAULT_VEHTYPE" speed="13.89" pos="184.95" lane="1/1to1/2_0" slope="0.00"/>
        <vehicle id="2" x="201.65" y="459.11" angle="180.00" type="DEFAULT_VEHTYPE" speed="12.77" pos="54.36" lane="1/2to1/3_0" slope="0.00"/>
        <vehicle id="20" x="590.00" y="198.35" angle="90.00" type="DEFAULT_VEHTYPE" speed="4.93" pos="185.25" lane="2/1to3/1_0" slope="0.00"/>
        <vehicle id="23" x="398.35" y="426.11" angle="0.00" type="DEFAULT_VEHTYPE" speed="13.89" pos="169.14" lane="2/3to2/2_0" slope="0.00"/>
        <vehicle id="7" x="78.48" y="201.65" angle="-90.00" type="DEFAULT_VEHTYPE" speed="12.65" pos="116.77" lane="1/1to0/1_0" slope="0.00"/>
        <vehicle id="9" x="401.65" y="735.96" angle="180.00" type="DEFAULT_VEHTYPE" speed="12.92" pos="131.21" lane="2/3to2/4_0" slope="0.00"/>
    </timestep>
    <timestep time="317.00">
        <vehicle id="12" x="201.65" y="206.84" angle="-166.25" type="DEFAULT_VEHTYPE" speed="7.07" pos="2.09" lane="1/1to1/2_0" slope="0.00"/>
        <vehicle id="17" x="201.65" y="402.42" angle="180.00" type="DEFAULT_VEHTYPE" speed="12.72" pos="7.17" lane=":1/2_9_0" slope="0.00"/>
        <vehicle id="2" x="201.65" y="471.99" angle="180.00" type="DEFAULT_VEHTYPE" speed="12.88" pos="67.24" lane="1/2to1/3_0" slope="0.00"/>
        <vehicle id="20" x="597.44" y="198.66" angle="93.59" type="DEFAULT_VEHTYPE" speed="7.46" pos="2.21" lane=":3/1_14_0" slope="0.00"/>
        <vehicle id="23" x="398.35" y="412.58" angle="0.00" type="DEFAULT_VEHTYPE" speed="13.53" pos="182.67" lane="2/3to2/2_0" slope="0.00"/>
        <vehicle id="7" x="65.83" y="201.65" angle="-90.00" type="DEFAULT_VEHTYPE" speed="12.65" pos="129.42" lane="1/1to0/1_0" slope="0.00"/>
        <vehicle id="9" x="401.65" y="748.56" angle="180.00" type="DEFAULT_VEHTYPE" speed="12.61" pos="143.81" lane="2/3to2/4_0" slope="0.00"/>
    </timestep>
    <timestep time="318.00">
        <vehicle id="12" x="201.65" y="216.33" angle="180.00" type="DEFAULT_VEHTYPE" speed="9.49" pos="11.58" lane="1/1to1/2_0" slope="0.00"/>
        <vehicle id="17" x="201.65" y="415.28" angle="180.00" type="DEFAULT_VEHTYPE" speed="12.86" pos="10.53" lane="1/2to1/3_0" slope="0.00"/>
        <vehicle id="2" x="201.65" y="485.30" angle="180.00" type="DEFAULT_VEHTYPE" speed="13.31" pos="80.55" lane="1/2to1/3_0" slope="0.00"/>
        <vehicle id="20" x="601.65" y="205.50" angle="166.66" type="DEFAULT_VEHTYPE" speed="8.86" pos="0.75" lane="3/1to3/2_0" slope="0.00"/>
        <vehicle id="23" x="398.35" y="399.43" angle="0.00" type="DEFAULT_VEHTYPE" speed="13.15" pos="5.32" lane=":2/2_1_0" slope="0.00"/>
        <vehicle id="7" x="51.99" y="201.65" angle="-90.00" type="DEFAULT_VEHTYPE" speed="13.84" pos="143.26" lane="1/1to0/1_0" slope="0.00"/>
        <vehicle id="9" x="401.65" y="762.26" angle="180.00" type="DEFAULT_VEHTYPE" speed="13.70" pos="157.51" lane="2/3to2/4_0" slope="0.00"/>
    </timestep>
    <timestep time="319.00">
        <vehicle id="12" x="201.65" y="228.25" angle="180.00" type="DEFAULT_VEHTYPE" speed="11.92" pos="23.50" lane="1/1to1/2_0" slope="0.00"/>
        <vehicle id="17" x="201.65" y="428.58" angle="180.00" type="DEFAULT_VEHTYPE" speed="13.29" pos="23.83" lane="1/2to1/3_0" slope="0.00"/>
        <vehicle id="2" x="201.65" y="498.04" angle="180.00" type="DEFAULT_VEHTYPE" speed="12.74" pos="93.29" lane="1/2to1/3_0" slope="0.00"/>
        <vehicle id="20" x="601.65" y="215.72" angle="180.00" type="DEFAULT_VEHTYPE" speed="10.22" pos="10.97" lane="3/1to3/2_0" slope="0.00"/>
        <vehicle id="23" x="398.35" y="385.81" angle="0.00" type="DEFAULT_VEHTYPE" speed="13.62" pos="9.44" lane="2/2to2/1_0" slope="0.00"/>
        <vehicle id="7" x="38.48" y="201.65" angle="-90.00" type="DEFAULT_VEHTYPE" speed="13.51" pos="156.77" lane="1/1to0/1_0" slope="0.00"/>
        <vehicle id="9" x="401.65" y="775.62" angle="180.00" type="DEFAULT_VEHTYPE" speed="13.35" pos="170.87" lane="2/3to2/4_0" slope="0.00"/>
    </timestep>
    <timestep time="320.00">
        <vehicle id="12" x="201.65" y="241.33" angle="180.00" type="DEFAULT_VEHTYPE" speed="13.08" pos="36.58" lane="1/1to1/2_0" slope="0.00"/>
        <vehicle id="17" x="201.65" y="442.26" angle="180.00" type="DEFAULT_VEHTYPE" speed="13.68" pos="37.51" lane="1/2to1/3_0" slope="0.00"/>
        <vehicle id="2" x="201.65" y="511.70" angle="180.00" type="DEFAULT_VEHTYPE" speed="13.66" pos="106.95" lane="1/2to1/3_0" slope="0.00"/>
        <vehicle id="20" x="601.65" y="228.20" angle="180.00" type="DEFAULT_VEHTYPE" speed="12.48" pos="23.45" lane="3/1to3/2_0" slope="0.00"/>
        <vehicle id="23" x="398.35" y="372.85" angle="0.00" type="DEFAULT_VEHTYPE" speed="12.96" pos="22.40" lane="2/2to2/1_0" slope="0.00"/>
        <vehicle id="7" x="25.64" y="201.65" angle="-90.00" type="DEFAULT_VEHTYPE" speed="12.84" pos="169.61" lane="1/1to0/1_0" slope="0.00"/>
        <vehicle id="9" x="401.65" y="789.27" angle="180.00" type="DEFAULT_VEHTYPE" speed="13.66" pos="184.52" lane="2/3to2/4_0" slope="0.00"/>
    </timestep>
    <timestep time="321.00">
        <vehicle id="12" x="201.65" y="254.51" angle="180.00" type="DEFAULT_VEHTYPE" speed="13.18" pos="49.76" lane="1/1to1/2_0" slope="0.00"/>
        <vehicle id="17" x="201.65" y="455.17" angle="180.00" type="DEFAULT_VEHTYPE" speed="12.91" pos="50.42" lane="1/2to1/3_0" slope="0.00"/>
        <vehicle id="2" x="201.65" y="525.07" angle="180.00" type="DEFAULT_VEHTYPE" speed="13.37" pos="120.32" lane="1/2to1/3_0" slope="0.00"/>
        <vehicle id="20" x="601.65" y="241.22" angle="180.00" type="DEFAULT_VEHTYPE" speed="13.02" pos="36.47" lane="3/1to3/2_0" slope="0.00"/>
        <vehicle id="23" x="398.35" y="359.01" angle="0.00" type="DEFAULT_VEHTYPE" speed="13.84" pos="36.24" lane="2/2to2/1_0" slope="0.00"/>
        <vehicle id="7" x="12.12" y="201.65" angle="-90.00" type="DEFAULT_VEHTYPE" speed="13.53" pos="183.13" lane="1/1to0/1_0" slope="0.00"/>
        <vehicle id="9" x="399.53" y="801.41" angle="-148.60" type="DEFAULT_VEHTYPE" speed="13.67" pos="2.94" lane=":2/4_0_0" slope="0.00"/>
    </timestep>
    <timestep time="322.00">
        <vehicle id="12" x="201.65" y="267.51" angle="180.00" type="DEFAULT_VEHTYPE" speed="13.00" pos="62.76" lane="1/1to1/2_0" slope="0.00"/>
        <vehicle id="17" x="201.65" y="468.80" angle="180.00" type="DEFAULT_VEHTYPE" speed="13.63" pos="64.05" lane="1/2to1/3_0" slope="0.00"/>
        <vehicle id="2" x="201.65" y="538.54" angle="180.00" type="DEFAULT_VEHTYPE" speed="13.47" pos="133.79" lane="1/2to1/3_0" slope="0.00"/>
        <vehicle id="20" x="601.65" y="254.47" angle="180.00" type="DEFAULT_VEHTYPE" speed="13.25" pos="49.72" lane="3/1to3/2_0" slope="0.00"/>
        <vehicle id="23" x="398.35" y="346.13" angle="0.00" type="DEFAULT_VEHTYPE" speed="12.88" pos="49.12" lane="2/2to2/1_0" slope="0.00"/>
        <vehicle id="7" x="-1.14" y="200.89" angle="-81.01" type="DEFAULT_VEHTYPE" speed="13.48" pos="1.37" lane=":0/1_0_0" slope="0.00"/>
        <vehicle id="9" x="398.35" y="788.89" angle="0.00" type="DEFAULT_VEHTYPE" speed="12.99" pos="11.11" lane="2/4to2/3_0" slope="0.00"/>
    </timestep>
    <timestep time="323.00">
        <vehicle id="12" x="201.65" y="281.20" angle="180.00" type="DEFAULT_VEHTYPE" speed="13.69" pos="76.45" lane="1/1to1/2_0" slope="0.00"/>
        <vehicle id="17" x="201.65" y="481.88" angle="180.00" type="DEFAULT_VEHTYPE" speed="13.08" pos="77.13" lane="1/2to1/3_0" slope="0.00"/>
        <vehicle id="2" x="201.65" y="552.38" angle="180.00" type="DEFAULT_VEHTYPE" speed="13.84" pos="147.63" lane="1/2to1/3_0" slope="0.00"/>
        <vehicle id="20" x="601.65" y="267.51" angle="180.00" type="DEFAULT_VEHTYPE" speed="13.04" pos="62.76" lane="3/1to3/2_0" slope="0.00"/>
        <vehicle id="23" x="398.35" y="332.38" angle="0.00" type="DEFAULT_VEHTYPE" speed="13.75" pos="62.87" lane="2/2to2/1_0" slope="0.00"/>
        <vehicle id="7" x="10.43" y="198.35" angle="90.00" type="DEFAULT_VEHTYPE" speed="13.88" pos="10.43" lane="0/1to1/1_0" slope="0.00"/>
        <vehicle id="9" x="398.35" y="776.08" angle="0.00" type="DEFAULT_VEHTYPE" speed="12.81" pos="23.92" lane="2/4to2/3_0" slope="0.00"/>
    </timestep>
    <timestep time="324.00">
        <vehicle id="12" x="201.65" y="294.87" angle="180.00" type="DEFAULT_VEHTYPE" speed="13.66" pos="90.12" lane="1/1to1/2_0" slope="0.00"/>
        <vehicle id="17" x="201.65" y="494.73" angle="180.00" type="DEFAULT_VEHTYPE" speed="12.84" pos="89.98" lane="1/2to1/3_0" slope="0.00"/>
        <vehicle id="2" x="201.65" y="565.25" angle="180.00" type="DEFAULT_VEHTYPE" speed="12.87" pos="160.50" lane="1/2to1/3_0" slope="0.00"/>
        <vehicle id="20" x="601.65" y="280.63" angle="180.00" type="DEFAULT_VEHTYPE" speed="13.12" pos="75.88" lane="3/1to3/2_0" slope="0.00"/>
        <vehicle id="23" x="398.35" y="319.25" angle="0.00" type="DEFAULT_VEHTYPE" speed="13.13" pos="76.00" lane="2/2to2/1_0" slope="0.00"/>
        <vehicle id="7" x="23.25" y="198.35" angle="90.00" type="DEFAULT_VEHTYPE" speed="12.82" pos="23.25" lane="0/1to1/1_0" slope="0.00"/>
        <vehicle id="9" x="398.35" y="763.47" angle="0.00" type="DEFAULT_VEHTYPE" speed="12.62" pos="36.53" lane="2/4to2/3_0" slope="0.00"/>
    </timestep>
    <timestep time="325.00">
        <vehicle id="12" x="201.65" y="307.59" angle="180.00" type="DEFAULT_VEHTYPE" speed="12.72" pos="102.84" lane="1/1to1/2_0" slope="0.00"/>
        <vehicle id="17" x="201.65" y="507.57" angle="180.00" type="DEFAULT_VEHTYPE" speed="12.85" pos="102.82" lane="1/2to1/3_0" slope="0.00"/>
        <vehicle id="2" x="201.65" y="578.01" angle="180.00" type="DEFAULT_VEHTYPE" speed="12.76" pos="173.26" lane="1/2to1/3_0" slope="0.00"/>
        <vehicle id="20" x="601.65" y="294.30" angle="180.00" type="DEFAULT_VEHTYPE" speed="13.68" pos="89.55" lane="3/1to3/2_0" slope="0.00"/>
        <vehicle id="23" x="398.35" y="306.23" angle="0.00" type="DEFAULT_VEHTYPE" speed="13.02" pos="89.02" lane="2/2to2/1_0" slope="0.00"/>
        <vehicle id="7" x="35.95" y="198.35" angle="90.00" type="DEFAULT_VEHTYPE" speed="12.70" pos="35.95" lane="0/1to1/1_0" slope="0.00"/>
        <vehicle id="9" x="398.35" y="750.06" angle="0.00" type="DEFAULT_VEHTYPE" speed="13.41" pos="49.94" lane="2/4to2/3_0" slope="0.00"/>
    </timestep>
    <timestep time="326.00">
        <vehicle id="12" x="201.65" y="320.72" angle="180.00" type="DEFAULT_VEHTYPE" speed="13.13" pos="115.97" lane="1/1to1/2_0" slope="0.00"/>
        <vehicle id="17" x="201.65" y="520.99" angle="180.00" type="DEFAULT_VEHTYPE" speed="13.42" pos="116.24" lane="1/2to1/3_0" slope="0.00"/>
        <vehicle id="2" x="201.65" y="590.86" angle="180.00" type="DEFAULT_VEHTYPE" speed="12.85" pos="186.11" lane="1/2to1/3_0" slope="0.00"/>
        <vehicle id="20" x="601.65" y="308.18" angle="180.00" type="DEFAULT_VEHTYPE" speed="13.87" pos="103.43" lane="3/1to3/2_0" slope="0.00"/>
        <vehicle id="23" x="398.35" y="293.36" angle="0.00" type="DEFAULT_VEHTYPE" speed="12.86" pos="101.89" lane="2/2to2/1_0" slope="0.00"/>
        <vehicle id="7" x="48.57" y="198.35" angle="90.00" type="DEFAULT_VEHTYPE" speed="12.61" pos="48.57" lane="0/1to1/1_0" slope="0.00"/>
        <vehicle id="9" x="398.35" y="737.44" angle="0.00" type="DEFAULT_VEHTYPE" speed="12.62" pos="62.56" lane="2/4to2/3_0" slope="0.00"/>
    </timestep>
    <timestep time="327.00">
        <vehicle id="12" x="201.65" y="333.75" angle="180.00" type="DEFAULT_VEHTYPE" speed="13.03" pos="129.00" lane="1/1to1/2_0" slope="0.00"/>
        <vehicle id="17" x="201.65" y="534.88" angle="180.00" type="DEFAULT_VEHTYPE" speed="13.89" pos="130.13" lane="1/2to1/3_0" slope="0.00"/>
        <vehicle id="2" x="208.02" y="598.35" angle="94.38" type="DEFAULT_VEHTYPE" speed="12.65" pos="3.27" lane="1/3to2/3_0" slope="0.00"/>
        <vehicle id="20" x="601.65" y="321.37" angle="180.00" type="DEFAULT_VEHTYPE" speed="13.20" pos="116.62" lane="3/1to3/2_0" slope="0.00"/>
        <vehicle id="23" x="398.35" y="280.07" angle="0.00" type="DEFAULT_VEHTYPE" speed="13.29" pos="115.18" lane="2/2to2/1_0" slope="0.00"/>
        <vehicle id="7" x="62.28" y="198.35" angle="90.00" type="DEFAULT_VEHTYPE" speed="13.71" pos="62.28" lane="0/1to1/1_0" slope="0.00"/>
        <vehicle id="9" x="398.35" y="724.68" angle="0.00" type="DEFAULT_VEHTYPE" speed="12.76" pos="75.32" lane="2/4to2/3_0" slope="0.00"/>
    </timestep>
    <timestep time="328.00">
        <vehicle id="12" x="201.65" y="347.31" angle="180.00" type="DEFAULT_VEHTYPE" speed="13.56" pos="142.56" lane="1/1to1/2_0" slope="0.00"/>
        <vehicle id="17" x="201.65" y="548.03" angle="180.00" type="DEFAULT_VEHTYPE" speed="13.15" pos="143.28" lane="1/2to1/3_0" slope="0.00"/>
        <vehicle id="2" x="221.90" y="598.35" angle="90.00" type="DEFAULT_VEHTYPE" speed="13.88" pos="17.15" lane="1/3to2/3_0" slope="0.00"/>
        <vehicle id="20" x="601.65" y="334.62" angle="180.00" type="DEFAULT_VEHTYPE" speed="13.24" pos="129.87" lane="3/1to3/2_0" slope="0.00"/>
        <vehicle id="23" x="398.35" y="267.37" angle="0.00" type="DEFAULT_VEHTYPE" speed="12.70" pos="127.88" lane="2/2to2/1_0" slope="0.00"/>
        <vehicle id="7" x="75.57" y="198.35" angle="90.00" type="DEFAULT_VEHTYPE" speed="13.29" pos="75.57" lane="0/1to1/1_0" slope="0.00"/>
        <vehicle id="9" x="398.35" y="711.18" angle="0.00" type="DEFAULT_VEHTYPE" speed="13.50" pos="88.82" lane="2/4to2/3_0" slope="0.00"/>
    </timestep>
    <timestep time="329.00">
        <vehicle id="12" x="201.65" y="360.99" angle="180.00" type="DEFAULT_VEHTYPE" speed="13.68" pos="156.24" lane="1/1to1/2_0" slope="0.00"/>
        <vehicle id="17" x="201.65" y="561.84" angle="180.00" type="DEFAULT_VEHTYPE" speed="13.81" pos="157.09" lane="1/2to1/3_0" slope="0.00"/>
        <vehicle id="2" x="235.52" y="598.35" angle="90.00" type="DEFAULT_VEHTYPE" speed="13.62" pos="30.77" lane="1/3to2/3_0" slope="0.00"/>
        <vehicle id="20" x="601.65" y="347.29" angle="180.00" type="DEFAULT_VEHTYPE" speed="12.67" pos="142.54" lane="3/1to3/2_0" slope="0.00"/>
        <vehicle id="23" x="398.35" y="253.96" angle="0.00" type="DEFAULT_VEHTYPE" speed="13.41" pos="141.29" lane="2/2to2/1_0" slope="0.00"/>
        <vehicle id="7" x="88.76" y="198.35" angle="90.00" type="DEFAULT_VEHTYPE" speed="13.20" pos="88.76" lane="0/1to1/1_0" slope="0.00"/>
        <vehicle id="9" x="398.35" y="697.89" angle="0.00" type="DEFAULT_VEHTYPE" speed="13.28" pos="102.11" lane="2/4to2/3_0" slope="0.00"/>
    </timestep>
    <timestep time="330.00">
        <vehicle id="12" x="201.65" y="374.13" angle="180.00" type="DEFAULT_VEHTYPE" speed="13.14" pos="169.38" lane="1/1to1/2_0" slope="0.00"/>
        <vehicle id="17" x="201.65" y="575.44" angle="180.00" type="DEFAULT_VEHTYPE" speed="13.59" pos="170.69" lane="1/2to1/3_0" slope="0.00"/>
        <vehicle id="2" x="248.57" y="598.35" angle="90.00" type="DEFAULT_VEHTYPE" speed="13.05" pos="43.82" lane="1/3to2/3_0" slope="0.00"/>
        <vehicle id="20" x="601.65" y="360.98" angle="180.00" type="DEFAULT_VEHTYPE" speed="13.69" pos="156.23" lane="3/1to3/2_0" slope="0.00"/>
        <vehicle id="23" x="398.35" y="240.62" angle="0.00" type="DEFAULT_VEHTYPE" speed="13.34" pos="154.63" lane="2/2to2/1_0" slope="0.00"/>
        <vehicle id="7" x="102.24" y="198.35" angle="90.00" type="DEFAULT_VEHTYPE" speed="13.47" pos="102.24" lane="0/1to1/1_0" slope="0.00"/>
        <vehicle id="9" x="398.35" y="684.65" angle="0.00" type="DEFAULT_VEHTYPE" speed="13.24" pos="115.35" lane="2/4to2/3_0" slope="0.00"/>
    </timestep>
    <timestep time="331.00">
        <vehicle id="12" x="201.65" y="387.52" angle="180.00" type="DEFAULT_VEHTYPE" speed="13.39" pos="182.77" lane="1/1to1/2_0" slope="0.00"/>
        <vehicle id="17" x="201.65" y="588.94" angle="180.00" type="DEFAULT_VEHTYPE" speed="13.50" pos="184.19" lane="1/2to1/3_0" slope="0.00"/>
        <vehicle id="2" x="261.27" y="598.35" angle="90.00" type="DEFAULT_VEHTYPE" speed="12.70" pos="56.52" lane="1/3to2/3_0" slope="0.00"/>
        <vehicle id="20" x="601.65" y="374.03" angle="180.00" type="DEFAULT_VEHTYPE" speed="13.05" pos="169.28" lane="3/1to3/2_0" slope="0.00"/>
        <vehicle id="23" x="398.35" y="227.74" angle="0.00" type="DEFAULT_VEHTYPE" speed="12.88" pos="167.51" lane="2/2to2/1_0" slope="0.00"/>
        <vehicle id="7" x="115.35" y="198.35" angle="90.00" type="DEFAULT_VEHTYPE" speed="13.12" pos="115.35" lane="0/1to1/1_0" slope="0.00"/>
        <vehicle id="9" x="398.35" y="671.58" angle="0.00" type="DEFAULT_VEHTYPE" speed="13.08" pos="128.42" lane="2/4to2/3_0" slope="0.00"/>
    </timestep>
    <timestep time="332.00">
        <vehicle id="12" x="201.65" y="400.51" angle="180.00" type="DEFAULT_VEHTYPE" speed="12.99" pos="5.26" lane=":1/2_9_0" slope="0.00"/>
        <vehicle id="17" x="207.31" y="598.35" angle="98.77" type="DEFAULT_VEHTYPE" speed="13.87" pos="2.56" lane="1/3to2/3_0" slope="0.00"/>
        <vehicle id="2" x="274.17" y="598.35" angle="90.00" type="DEFAULT_VEHTYPE" speed="12.90" pos="69.42" lane="1/3to2/3_0" slope="0.00"/>
        <vehicle id="20" x="601.65" y="386.67" angle="180.00" type="DEFAULT_VEHTYPE" speed="12.65" pos="181.92" lane="3/1to3/2_0" slope="0.00"/>
        <vehicle id="23" x="398.35" y="213.88" angle="0.00" type="DEFAULT_VEHTYPE" speed="13.86" pos="181.37" lane="2/2to2/1_0" slope="0.00"/>
        <vehicle id="7" x="129.23" y="198.35" angle="90.00" type="DEFAULT_VEHTYPE" speed="13.88" pos="129.23" lane="0/1to1/1_0" slope="0.00"/>
        <vehicle id="9" x="398.35" y="658.37" angle="0.00" type="DEFAULT_VEHTYPE" speed="13.20" pos="141.63" lane="2/4to2/3_0" slope="0.00"/>
    </timestep>
    <timestep time="333.00">
        <vehicle id="12" x="201.65" y="413.38" angle="180.00" type="DEFAULT_VEHTYPE" speed="12.87" pos="8.63" lane="1/2to1/3_0" slope="0.00"/>
        <vehicle id="17" x="220.38" y="598.35" angle="90.00" type="DEFAULT_VEHTYPE" speed="13.08" pos="15.63" lane="1/3to2/3_0" slope="0.00"/>
        <vehicle id="2" x="287.42" y="598.35" angle="90.00" type="DEFAULT_VEHTYPE" speed="13.25" pos="82.67" lane="1/3to2/3_0" slope="0.00"/>
        <vehicle id="20" x="601.65" y="400.19" angle="180.00" type="DEFAULT_VEHTYPE" speed="13.52" pos="4.94" lane=":3/2_9_0" slope="0.00"/>
        <vehicle id="23" x="395.53" y="201.69" angle="-40.17" type="DEFAULT_VEHTYPE" speed="13.85" pos="4.72" lane=":2/1_0_0" slope="0.00"/>
        <vehicle id="7" x="142.62" y="198.35" angle="90.00" type="DEFAULT_VEHTYPE" speed="13.39" pos="142.62" lane="0/1to1/1_0" slope="0.00"/>
        <vehicle id="9" x="398.35" y="644.81" angle="0.00" type="DEFAULT_VEHTYPE" speed="13.56" pos="155.19" lane="2/4to2/3_0" slope="0.00"/>
    </timestep>
    <timestep time="334.00">
        <vehicle id="12" x="201.65" y="426.30" angle="180.00" type="DEFAULT_VEHTYPE" speed="12.92" pos="21.55" lane="1/2to1/3_0" slope="0.00"/>
        <vehicle id="17" x="233.50" y="598.35" angle="90.00" type="DEFAULT_VEHTYPE" speed="13.11" pos="28.75" lane="1/3to2/3_0" slope="0.00"/>
        <vehicle id="2" x="300.52" y="598.35" angle="90.00" type="DEFAULT_VEHTYPE" speed="13.11" pos="95.77" lane="1/3to2/3_0" slope="0.00"/>
        <vehicle id="20" x="601.65" y="413.94" angle="180.00" type="DEFAULT_VEHTYPE" speed="13.76" pos="9.19" lane="3/2to3/3_0" slope="0.00"/>
        <vehicle id="23" x="382.11" y="201.65" angle="-90.00" type="DEFAULT_VEHTYPE" speed="13.42" pos="13.14" lane="2/1to1/1_0" slope="0.00"/>
        <vehicle id="7" x="156.11" y="198.35" angle="90.00" type="DEFAULT_VEHTYPE" speed="13.48" pos="156.11" lane="0/1to1/1_0" slope="0.00"/>
        <vehicle id="9" x="398.35" y="631.71" angle="0.00" type="DEFAULT_VEHTYPE" speed="13.10" pos="168.29" lane="2/4to2/3_0" slope="0.00"/>
    </timestep>
    <timestep time="335.00">
        <vehicle id="12" x="201.65" y="439.43" angle="180.00" type="DEFAULT_VEHTYPE" speed="13.13" pos="34.68" lane="1/2to1/3_0" slope="0.00"/>
        <vehicle id="17" x="246.90" y="598.35" angle="90.00" type="DEFAULT_VEHTYPE" speed="13.40" pos="42.15" lane="1/3to2/3_0" slope="0.00"/>
        <vehicle id="2" x="314.26" y="598.35" angle="90.00" type="DEFAULT_VEHTYPE" speed="13.74" pos="109.51" lane="1/3to2/3_0" slope="0.00"/>
        <vehicle id="20" x="601.65" y="426.80" angle="180.00" type="DEFAULT_VEHTYPE" speed="12.86" pos="22.05" lane="3/2to3/3_0" slope="0.00"/>
        <vehicle id="23" x="369.42" y="201.65" angle="-90.00" type="DEFAULT_VEHTYPE" speed="12.70" pos="25.83" lane="2/1to1/1_0" slope="0.00"/>
        <vehicle id="7" x="168.73" y="198.35" angle="90.00" type="DEFAULT_VEHTYPE" speed="12.63" pos="168.73" lane="0/1to1/1_0" slope="0.00"/>
        <vehicle id="9" x="398.35" y="617.86" angle="0.00" type="DEFAULT_VEHTYPE" speed="13.85" pos="182.14" lane="2/4to2/3_0" slope="0.00"/>
    </timestep>
    <timestep time="336.00">
        <vehicle id="12" x="201.65" y="453.16" angle="180.00" type="DEFAULT_VEHTYPE" speed="13.74" pos="48.41" lane="1/2to1/3_0" slope="0.00"/>
        <vehicle id="17" x="260.03" y="598.35" angle="90.00" type="DEFAULT_VEHTYPE" speed="13.13" pos="55.28" lane="1/3to2/3_0" slope="0.00"/>
        <vehicle id="2" x="327.78" y="598.35" angle="90.00" type="DEFAULT_VEHTYPE" speed="13.52" pos="123.03" lane="1/3to2/3_0" slope="0.00"/>
        <vehicle id="20" x="601.65" y="440.24" angle="180.00" type="DEFAULT_VEHTYPE" speed="13.44" pos="35.49" lane="3/2to3/3_0" slope="0.00"/>
        <vehicle id="23" x="356.03" y="201.65" angle="-90.00" type="DEFAULT_VEHTYPE" speed="13.39" pos="39.22" lane="2/1to1/1_0" slope="0.00"/>
        <vehicle id="7" x="178.68" y="198.35" angle="90.00" type="DEFAULT_VEHTYPE" speed="9.94" pos="178.68" lane="0/1to1/1_0" slope="0.00"/>
        <vehicle id="9" x="398.35" y="604.42" angle="0.00" type="DEFAULT_VEHTYPE" speed="13.44" pos="0.33" lane=":2/3_1_0" slope="0.00"/>
    </timestep>
    <timestep time="337.00">
        <vehicle id="12" x="201.65" y="465.96" angle="180.00" type="DEFAULT_VEHTYPE" speed="12.80" pos="61.21" lane="1/2to1/3_0" slope="0.00"/>
        <vehicle id="17" x="273.82" y="598.35" angle="90.00" type="DEFAULT_VEHTYPE" speed="13.79" pos="69.07" lane="1/3to2/3_0" slope="0.00"/>
        <vehicle id="2" x="340.64" y="598.35" angle="90.00" type="DEFAULT_VEHTYPE" speed="12.85" pos="135.89" lane="1/3to2/3_0" slope="0.00"/>
        <vehicle id="20" x="601.65" y="453.53" angle="180.00" type="DEFAULT_VEHTYPE" speed="13.29" pos="48.78" lane="3/2to3/3_0" slope="0.00"/>
        <vehicle id="23" x="342.53" y="201.65" angle="-90.00" type="DEFAULT_VEHTYPE" speed="13.50" pos="52.72" lane="2/1to1/1_0" slope="0.00"/>
        <vehicle id="7" x="186.05" y="198.35" angle="90.00" type="DEFAULT_VEHTYPE" speed="7.37" pos="186.05" lane="0/1to1/1_0" slope="0.00"/>
        <vehicle id="9" x="398.35" y="591.53" angle="0.00" type="DEFAULT_VEHTYPE" speed="12.89" pos="3.72" lane="2/3to2/2_0" slope="0.00"/>
    </timestep>
    <timestep time="338.00">
        <vehicle id="12" x="201.65" y="479.45" angle="180.00" type="DEFAULT_VEHTYPE" speed="13.49" pos="74.70" lane="1/2to1/3_0" slope="0.00"/>
        <vehicle id="17" x="286.45" y="598.35" angle="90.00" type="DEFAULT_VEHTYPE" speed="12.63" pos="81.70" lane="1/3to2/3_0" slope="0.00"/>
        <vehicle id="2" x="354.24" y="598.35" angle="90.00" type="DEFAULT_VEHTYPE" speed="13.61" pos="149.49" lane="1/3to2/3_0" slope="0.00"/>
        <vehicle id="20" x="601.65" y="466.62" angle="180.00" type="DEFAULT_VEHTYPE" speed="13.09" pos="61.87" lane="3/2to3/3_0" slope="0.00"/>
        <vehicle id="23" x="329.15" y="201.65" angle="-90.00" type="DEFAULT_VEHTYPE" speed="13.38" pos="66.10" lane="2/1to1/1_0" slope="0.00"/>
        <vehicle id="7" x="189.79" y="198.35" angle="90.00" type="DEFAULT_VEHTYPE" speed="3.74" pos="189.79" lane="0/1to1/1_0" slope="0.00"/>
        <vehicle id="9" x="398.35" y="578.75" angle="0.00" type="DEFAULT_VEHTYPE" speed="12.78" pos="16.50" lane="2/3to2/2_0" slope="0.00"/>
    </timestep>
    <timestep time="339.00">
        <vehicle id="12" x="201.65" y="492.36" angle="180.00" type="DEFAULT_VEHTYPE" speed="12.91" pos="87.61" lane="1/2to1/3_0" slope="0.00"/>
        <vehicle id="17" x="300.11" y="598.35" angle="90.00" type="DEFAULT_VEHTYPE" speed="13.66" pos="95.36" lane="1/3to2/3_0" slope="0.00"/>
        <vehicle id="2" x="366.87" y="598.35" angle="90.00" type="DEFAULT_VEHTYPE" speed="12.62" pos="162.12" lane="1/3to2/3_0" slope="0.00"/>
        <vehicle id="20" x="601.65" y="479.45" angle="180.00" type="DEFAULT_VEHTYPE" speed="12.83" pos="74.70" lane="3/2to3/3_0" slope="0.00"/>
        <vehicle id="23" x="316.38" y="201.65" angle="-90.00" type="DEFAULT_VEHTYPE" speed="12.78" pos="78.87" lane="2/1to1/1_0" slope="0.00"/>
        <vehicle id="7" x="196.09" y="198.23" angle="88.66" type="DEFAULT_VEHTYPE" speed="6.31" pos="0.85" lane=":1/1_12_0" slope="0.00"/>
        <vehicle id="9" x="398.35" y="565.66" angle="0.00" type="DEFAULT_VEHTYPE" speed="13.09" pos="29.59" lane="2/3to2/2_0" slope="0.00"/>
    </timestep>
    <timestep time="340.00">
        <vehicle id="12" x="201.65" y="505.73" angle="180.00" type="DEFAULT_VEHTYPE" speed="13.37" pos="100.98" lane="1/2to1/3_0" slope="0.00"/>
        <vehicle id="17" x="312.99" y="598.35" angle="90.00" type="DEFAULT_VEHTYPE" speed="12.88" pos="108.24" lane="1/3to2/3_0" slope="0.00"/>
        <vehicle id="2" x="377.11" y="598.35" angle="90.00" type="DEFAULT_VEHTYPE" speed="10.24" pos="172.36" lane="1/3to2/3_0" slope="0.00"/>
        <vehicle id="20" x="601.65" y="492.46" angle="180.00" type="DEFAULT_VEHTYPE" speed="13.01" pos="87.71" lane="3/2to3/3_0" slope="0.00"/>
        <vehicle id="23" x="302.83" y="201.65" angle="-90.00" type="DEFAULT_VEHTYPE" speed="13.55" pos="92.42" lane="2/1to1/1_0" slope="0.00"/>
        <vehicle id="7" x="198.35" y="190.76" angle="0.82" type="DEFAULT_VEHTYPE" speed="8.64" pos="4.49" lane="1/1to1/0_0" slope="0.00"/>
        <vehicle id="9" x="398.35" y="551.78" angle="0.00" type="DEFAULT_VEHTYPE" speed="13.88" pos="43.47" lane="2/3to2/2_0" slope="0.00"/>
    </timestep>
    <timestep time="341.00">
        <vehicle id="12" x="201.65" y="519.59" angle="180.00" type="DEFAULT_VEHTYPE" speed="13.87" pos="114.84" lane="1/2to1/3_0" slope="0.00"/>
        <vehicle id="17" x="326.88" y="598.35" angle="90.00" type="DEFAULT_VEHTYPE" speed="13.88" pos="122.13" lane="1/3to2/3_0" slope="0.00"/>
        <vehicle id="2" x="384.80" y="598.35" angle="90.00" type="DEFAULT_VEHTYPE" speed="7.69" pos="180.05" lane="1/3to2/3_0" slope="0.00"/>
        <vehicle id="20" x="601.65" y="505.82" angle="180.00" type="DEFAULT_VEHTYPE" speed="13.36" pos="101.07" lane="3/2to3/3_0" slope="0.00"/>
        <vehicle id="23" x="289.63" y="201.65" angle="-90.00" type="DEFAULT_VEHTYPE" speed="13.19" pos="105.62" lane="2/1to1/1_0" slope="0.00"/>
        <vehicle id="7" x="198.35" y="180.77" angle="0.00" type="DEFAULT_VEHTYPE" speed="10.00" pos="14.48" lane="1/1to1/0_0" slope="0.00"/>
        <vehicle id="9" x="398.35" y="538.08" angle="0.00" type="DEFAULT_VEHTYPE" speed="13.71" pos="57.17" lane="2/3to2/2_0" slope="0.00"/>
    </timestep>
    <timestep time="342.00">
        <vehicle id="12" x="201.65" y="533.10" angle="180.00" type="DEFAULT_VEHTYPE" speed="13.50" pos="128.35" lane="1/2to1/3_0" slope="0.00"/>
        <vehicle id="17" x="339.69" y="598.35" angle="90.00" type="DEFAULT_VEHTYPE" speed="12.81" pos="134.94" lane="1/3to2/3_0" slope="0.00"/>
        <vehicle id="2" x="388.82" y="598.35" angle="90.00" type="DEFAULT_VEHTYPE" speed="4.02" pos="184.07" lane="1/3to2/3_0" slope="0.00"/>
        <vehicle id="20" x="601.65" y="518.45" angle="180.00" type="DEFAULT_VEHTYPE" speed="12.63" pos="113.70" lane="3/2to3/3_0" slope="0.00"/>
        <vehicle id="23" x="276.53" y="201.65" angle="-90.00" type="DEFAULT_VEHTYPE" speed="13.11" pos="118.72" lane="2/1to1/1_0" slope="0.00"/>
        <vehicle id="7" x="198.35" y="168.33" angle="0.00" type="DEFAULT_VEHTYPE" speed="12.44" pos="26.92" lane="1/1to1/0_0" slope="0.00"/>
        <vehicle id="9" x="398.35" y="524.23" angle="0.00" type="DEFAULT_VEHTYPE" speed="13.85" pos="71.02" lane="2/3to2/2_0" slope="0.00"/>
    </timestep>
    <timestep time="343.00">
        <vehicle id="12" x="201.65" y="545.90" angle="180.00" type="DEFAULT_VEHTYPE" speed="12.81" pos="141.15" lane="1/2to1/3_0" slope="0.00"/>
        <vehicle id="17" x="353.04" y="598.35" angle="90.00" type="DEFAULT_VEHTYPE" speed="13.35" pos="148.29" lane="1/3to2/3_0" slope="0.00"/>
        <vehicle id="2" x="394.75" y="598.35" angle="90.00" type="DEFAULT_VEHTYPE" speed="5.92" pos="190.00" lane="1/3to2/3_0" slope="0.00"/>
        <vehicle id="20" x="601.65" y="531.11" angle="180.00" type="DEFAULT_VEHTYPE" speed="12.65" pos="126.36" lane="3/2to3/3_0" slope="0.00"/>
        <vehicle id="23" x="262.67" y="201.65" angle="-90.00" type="DEFAULT_VEHTYPE" speed="13.85" pos="132.58" lane="2/1to1/1_0" slope="0.00"/>
        <vehicle id="7" x="198.35" y="155.35" angle="0.00" type="DEFAULT_VEHTYPE" speed="12.98" pos="39.90" lane="1/1to1/0_0" slope="0.00"/>
        <vehicle id="9" x="398.35" y="511.02" angle="0.00" type="DEFAULT_VEHTYPE" speed="13.21" pos="84.23" lane="2/3to2/2_0" slope="0.00"/>
    </timestep>
    <timestep time="344.00">
        <vehicle id="12" x="201.65" y="559.25" angle="180.00" type="DEFAULT_VEHTYPE" speed="13.35" pos="154.50" lane="1/2to1/3_0" slope="0.00"/>
        <vehicle id="17" x="366.53" y="598.35" angle="90.00" type="DEFAULT_VEHTYPE" speed="13.49" pos="161.78" lane="1/3to2/3_0" slope="0.00"/>
        <vehicle id="2" x="401.30" y="602.32" angle="137.79" type="DEFAULT_VEHTYPE" speed="8.37" pos="7.87" lane=":2/3_14_0" slope="0.00"/>
        <vehicle id="20" x="601.65" y="544.69" angle="180.00" type="DEFAULT_VEHTYPE" speed="13.59" pos="139.94" lane="3/2to3/3_0" slope="0.00"/>
        <vehicle id="23" x="249.69" y="201.65" angle="-90.00" type="DEFAULT_VEHTYPE" speed="12.98" pos="145.56" lane="2/1to1/1_0" slope="0.00"/>
        <vehicle id="7" x="198.35" y="142.55" angle="0.00" type="DEFAULT_VEHTYPE" speed="12.80" pos="52.70" lane="1/1to1/0_0" slope="0.00"/>
        <vehicle id="9" x="398.35" y="497.99" angle="0.00" type="DEFAULT_VEHTYPE" speed="13.03" pos="97.26" lane="2/3to2/2_0" slope="0.00"/>
    </timestep>
    <timestep time="345.00">
        <vehicle id="12" x="201.65" y="572.34" angle="180.00" type="DEFAULT_VEHTYPE" speed="13.09" pos="167.59" lane="1/2to1/3_0" slope="0.00"/>
        <vehicle id="17" x="377.43" y="598.35" angle="90.00" type="DEFAULT_VEHTYPE" speed="10.90" pos="172.68" lane="1/3to2/3_0" slope="0.00"/>
        <vehicle id="2" x="401.65" y="612.14" angle="180.00" type="DEFAULT_VEHTYPE" speed="9.84" pos="7.39" lane="2/3to2/4_0" slope="0.00"/>
        <vehicle id="20" x="601.65" y="558.33" angle="180.00" type="DEFAULT_VEHTYPE" speed="13.64" pos="153.58" lane="3/2to3/3_0" slope="0.00"/>
        <vehicle id="23" x="236.79" y="201.65" angle="-90.00" type="DEFAULT_VEHTYPE" speed="12.90" pos="158.46" lane="2/1to1/1_0" slope="0.00"/>
        <vehicle id="7" x="198.35" y="129.61" angle="0.00" type="DEFAULT_VEHTYPE" speed="12.94" pos="65.64" lane="1/1to1/0_0" slope="0.00"/>
        <vehicle id="9" x="398.35" y="484.60" angle="0.00" type="DEFAULT_VEHTYPE" speed="13.39" pos="110.65" lane="2/3to2/2_0" slope="0.00"/>
    </timestep>
    <timestep time="346.00">
        <vehicle id="12" x="201.65" y="585.70" angle="180.00" type="DEFAULT_VEHTYPE" speed="13.36" pos="180.95" lane="1/2to1/3_0" slope="0.00"/>
        <vehicle id="17" x="384.70" y="598.35" angle="90.00" type="DEFAULT_VEHTYPE" speed="7.27" pos="179.95" lane="1/3to2/3_0" slope="0.00"/>
        <vehicle id="2" x="401.65" y="623.43" angle="180.00" type="DEFAULT_VEHTYPE" speed="11.29" pos="18.68" lane="2/3to2/4_0" slope="0.00"/>
        <vehicle id="20" x="601.65" y="572.12" angle="180.00" type="DEFAULT_VEHTYPE" speed="13.79" pos="167.37" lane="3/2to3/3_0" slope="0.00"/>
        <vehicle id="23" x="225.57" y="201.65" angle="-90.00" type="DEFAULT_VEHTYPE" speed="11.21" pos="169.68" lane="2/1to1/1_0" slope="0.00"/>
        <vehicle id="7" x="198.35" y="115.78" angle="0.00" type="DEFAULT_VEHTYPE" speed="13.83" pos="79.47" lane="1/1to1/0_0" slope="0.00"/>
        <vehicle id="9" x="398.35" y="471.83" angle="0.00" type="DEFAULT_VEHTYPE" speed="12.77" pos="123.42" lane="2/3to2/2_0" slope="0.00"/>
    </timestep>
    <timestep time="347.00">
        <vehicle id="12" x="203.60" y="598.19" angle="154.54" type="DEFAULT_VEHTYPE" speed="13.39" pos="3.84" lane=":1/3_8_0" slope="0.00"/>
        <vehicle id="17" x="389.44" y="598.35" angle="90.00" type="DEFAULT_VEHTYPE" speed="4.75" pos="184.69" lane="1/3to2/3_0" slope="0.00"/>
        <vehicle id="2" x="401.65" y="636.10" angle="180.00" type="DEFAULT_VEHTYPE" speed="12.67" pos="31.35" lane="2/3to2/4_0" slope="0.00"/>
        <vehicle id="20" x="601.65" y="584.92" angle="180.00" type="DEFAULT_VEHTYPE" speed="12.81" pos="180.17" lane="3/2to3/3_0" slope="0.00"/>
        <vehicle id="23" x="217.04" y="201.65" angle="-90.00" type="DEFAULT_VEHTYPE" speed="8.53" pos="178.21" lane="2/1to1/1_0" slope="0.00"/>
        <vehicle id="7" x="198.35" y="102.56" angle="0.00" type="DEFAULT_VEHTYPE" speed="13.23" pos="92.69" lane="1/1to1/0_0" slope="0.00"/>
        <vehicle id="9" x="398.35" y="458.37" angle="0.00" type="DEFAULT_VEHTYPE" speed="13.46" pos="136.88" lane="2/3to2/2_0" slope="0.00"/>
    </timestep>
    <timestep time="348.00">
        <vehicle id="12" x="216.51" y="598.35" angle="90.00" type="DEFAULT_VEHTYPE" speed="12.92" pos="11.76" lane="1/3to2/3_0" slope="0.00"/>
        <vehicle id="17" x="396.09" y="598.47" angle="91.38" type="DEFAULT_VEHTYPE" speed="6.66" pos="0.85" lane=":2/3_14_0" slope="0.00"/>
        <vehicle id="2" x="401.65" y="649.20" angle="180.00" type="DEFAULT_VEHTYPE" speed="13.10" pos="44.45" lane="2/3to2/4_0" slope="0.00"/>
        <vehicle id="20" x="602.57" y="597.67" angle="169.09" type="DEFAULT_VEHTYPE" speed="13.00" pos="2.67" lane=":3/3_8_0" slope="0.00"/>
        <vehicle id="23" x="211.38" y="201.65" angle="-90.00" type="DEFAULT_VEHTYPE" speed="5.67" pos="183.87" lane="2/1to1/1_0" slope="0.00"/>
        <vehicle id="7" x="198.35" y="89.14" angle="0.00" type="DEFAULT_VEHTYPE" speed="13.42" pos="106.11" lane="1/1to1/0_0" slope="0.00"/>
        <vehicle id="9" x="398.35" y="445.16" angle="0.00" type="DEFAULT_VEHTYPE" speed="13.21" pos="150.09" lane="2/3to2/2_0" slope="0.00"/>
    </timestep>
    <timestep time="349.00">
        <vehicle id="12" x="229.38" y="598.35" angle="90.00" type="DEFAULT_VEHTYPE" speed="12.87" pos="24.63" lane="1/3to2/3_0" slope="0.00"/>
        <vehicle id="17" x="401.52" y="603.81" angle="153.35" type="DEFAULT_VEHTYPE" speed="8.52" pos="9.37" lane=":2/3_14_0" slope="0.00"/>
        <vehicle id="2" x="401.65" y="662.92" angle="180.00" type="DEFAULT_VEHTYPE" speed="13.72" pos="58.17" lane="2/3to2/4_0" slope="0.00"/>
        <vehicle id="20" x="616.11" y="598.35" angle="90.00" type="DEFAULT_VEHTYPE" speed="13.68" pos="11.36" lane="3/3to4/3_0" slope="0.00"/>
        <vehicle id="23" x="204.10" y="201.74" angle="-91.04" type="DEFAULT_VEHTYPE" speed="7.28" pos="0.66" lane=":1/1_4_0" slope="0.00"/>
        <vehicle id="7" x="198.35" y="76.51" angle="0.00" type="DEFAULT_VEHTYPE" speed="12.62" pos="118.74" lane="1/1to1/0_0" slope="0.00"/>
        <vehicle id="9" x="398.35" y="431.34" angle="0.00" type="DEFAULT_VEHTYPE" speed="13.82" pos="163.91" lane="2/3to2/2_0" slope="0.00"/>
    </timestep>
    <timestep time="350.00">
        <vehicle id="12" x="242.65" y="598.35" angle="90.00" type="DEFAULT_VEHTYPE" speed="13.27" pos="37.90" lane="1/3to2/3_0" slope="0.00"/>
        <vehicle id="17" x="401.65" y="614.57" angle="180.00" type="DEFAULT_VEHTYPE" speed="10.76" pos="9.82" lane="2/3to2/4_0" slope="0.00"/>
        <vehicle id="2" x="401.65" y="676.79" angle="180.00" type="DEFAULT_VEHTYPE" speed="13.87" pos="72.04" lane="2/3to2/4_0" slope="0.00"/>
        <vehicle id="20" x="628.72" y="598.35" angle="90.00" type="DEFAULT_VEHTYPE" speed="12.61" pos="23.97" lane="3/3to4/3_0" slope="0.00"/>
        <vehicle id="23" x="201.65" y="209.54" angle="-179.66" type="DEFAULT_VEHTYPE" speed="9.13" pos="4.79" lane="1/1to1/2_0" slope="0.00"/>
        <vehicle id="7" x="198.35" y="62.62" angle="0.00" type="DEFAULT_VEHTYPE" speed="13.89" pos="132.63" lane="1/1to1/0_0" slope="0.00"/>
        <vehicle id="9" x="398.35" y="418.20" angle="0.00" type="DEFAULT_VEHTYPE" speed="13.14" pos="177.05" lane="2/3to2/2_0" slope="0.00"/>
    </timestep>
    <timestep time="351.00">
        <vehicle id="12" x="255.94" y="598.35" angle="90.00" type="DEFAULT_VEHTYPE" speed="13.29" pos="51.19" lane="1/3to2/3_0" slope="0.00"/>
        <vehicle id="17" x="401.65" y="626.79" angle="180.00" type="DEFAULT_VEHTYPE" speed="12.22" pos="22.04" lane="2/3to2/4_0" slope="0.00"/>
        <vehicle id="2" x="401.65" y="690.12" angle="180.00" type="DEFAULT_VEHTYPE" speed="13.33" pos="85.37" lane="2/3to2/4_0" slope="0.00"/>
        <vehicle id="20" x="642.60" y="598.35" angle="90.00" type="DEFAULT_VEHTYPE" speed="13.88" pos="37.85" lane="3/3to4/3_0" slope="0.00"/>
        <vehicle id="23" x="201.65" y="220.07" angle="180.00" type="DEFAULT_VEHTYPE" speed="10.53" pos="15.32" lane="1/1to1/2_0" slope="0.00"/>
        <vehicle id="7" x="198.35" y="49.81" angle="0.00" type="DEFAULT_VEHTYPE" speed="12.81" pos="145.44" lane="1/1to1/0_0" slope="0.00"/>
        <vehicle id="9" x="398.35" y="404.47" angle="0.00" type="DEFAULT_VEHTYPE" speed="13.73" pos="0.28" lane=":2/2_1_0" slope="0.00"/>
    </timestep>
    <timestep time="352.00">
        <vehicle id="12" x="269.14" y="598.35" angle="90.00" type="DEFAULT_VEHTYPE" speed="13.20" pos="64.39" lane="1/3to2/3_0" slope="0.00"/>
        <vehicle id="17" x="401.65" y="640.25" angle="180.00" type="DEFAULT_VEHTYPE" speed="13.47" pos="35.50" lane="2/3to2/4_0" slope="0.00"/>
        <vehicle id="2" x="401.65" y="702.95" angle="180.00" type="DEFAULT_VEHTYPE" speed="12.83" pos="98.20" lane="2/3to2/4_0" slope="0.00"/>
        <vehicle id="20" x="655.90" y="598.35" angle="90.00" type="DEFAULT_VEHTYPE" speed="13.30" pos="51.15" lane="3/3to4/3_0" slope="0.00"/>
        <vehicle id="23" x="201.65" y="232.31" angle="180.00" type="DEFAULT_VEHTYPE" speed="12.24" pos="27.56" lane="1/1to1/2_0" slope="0.00"/>
        <vehicle id="7" x="198.35" y="37.18" angle="0.00" type="DEFAULT_VEHTYPE" speed="12.63" pos="158.07" lane="1/1to1/0_0" slope="0.00"/>
        <vehicle id="9" x="398.35" y="391.35" angle="0.00" type="DEFAULT_VEHTYPE" speed="13.12" pos="3.90" lane="2/2to2/1_0" slope="0.00"/>
    </timestep>
    <timestep time="353.00">
        <vehicle id="12" x="282.92" y="598.35" angle="90.00" type="DEFAULT_VEHTYPE" speed="13.78" pos="78.17" lane="1/3to2/3_0" slope="0.00"/>
        <vehicle id="17" x="401.65" y="653.26" angle="180.00" type="DEFAULT_VEHTYPE" speed="13.01" pos="48.51" lane="2/3to2/4_0" slope="0.00"/>
        <vehicle id="2" x="401.65" y="716.65" angle="180.00" type="DEFAULT_VEHTYPE" speed="13.70" pos="111.90" lane="2/3to2/4_0" slope="0.00"/>
        <vehicle id="20" x="669.29" y="598.35" angle="90.00" type="DEFAULT_VEHTYPE" speed="13.40" pos="64.54" lane="3/3to4/3_0" slope="0.00"/>
        <vehicle id="23" x="201.65" y="245.90" angle="180.00" type="DEFAULT_VEHTYPE" speed="13.59" pos="41.15" lane="1/1to1/2_0" slope="0.00"/>
        <vehicle id="7" x="198.35" y="23.56" angle="0.00" type="DEFAULT_VEHTYPE" speed="13.62" pos="171.69" lane="1/1to1/0_0" slope="0.00"/>
        <vehicle id="9" x="398.35" y="378.42" angle="0.00" type="DEFAULT_VEHTYPE" speed="12.93" pos="16.83" lane="2/2to2/1_0" slope="0.00"/>
    </timestep>
    <timestep time="354.00">
        <vehicle id="12" x="295.54" y="598.35" angle="90.00" type="DEFAULT_VEHTYPE" speed="12.62" pos="90.79" lane="1/3to2/3_0" slope="0.00"/>
        <vehicle id="17" x="401.65" y="667.03" angle="180.00" type="DEFAULT_VEHTYPE" speed="13.77" pos="62.28" lane="2/3to2/4_0" slope="0.00"/>
        <vehicle id="2" x="401.65" y="730.40" angle="180.00" type="DEFAULT_VEHTYPE" speed="13.75" pos="125.65" lane="2/3to2/4_0" slope="0.00"/>
        <vehicle id="20" x="682.34" y="598.35" angle="90.00" type="DEFAULT_VEHTYPE" speed="13.05" pos="77.59" lane="3/3to4/3_0" slope="0.00"/>
        <vehicle id="23" x="201.65" y="258.62" angle="180.00" type="DEFAULT_VEHTYPE" speed="12.73" pos="53.87" lane="1/1to1/2_0" slope="0.00"/>
        <vehicle id="7" x="198.35" y="10.50" angle="0.00" type="DEFAULT_VEHTYPE" speed="13.06" pos="184.75" lane="1/1to1/0_0" slope="0.00"/>
        <vehicle id="9" x="398.35" y="365.31" angle="0.00" type="DEFAULT_VEHTYPE" speed="13.11" pos="29.94" lane="2/2to2/1_0" slope="0.00"/>
    </timestep>
    <timestep time="355.00">
        <vehicle id="12" x="308.49" y="598.35" angle="90.00" type="DEFAULT_VEHTYPE" speed="12.95" pos="103.74" lane="1/3to2/3_0" slope="0.00"/>
        <vehicle id="17" x="401.65" y="680.06" angle="180.00" type="DEFAULT_VEHTYPE" speed="13.04" pos="75.31" lane="2/3to2/4_0" slope="0.00"/>
        <vehicle id="2" x="401.65" y="744.13" angle="180.00" type="DEFAULT_VEHTYPE" speed="13.73" pos="139.38" lane="2/3to2/4_0" slope="0.00"/>
        <vehicle id="20" x="695.62" y="598.35" angle="90.00" type="DEFAULT_VEHTYPE" speed="13.28" pos="90.87" lane="3/3to4/3_0" slope="0.00"/>
        <vehicle id="23" x="201.65" y="271.51" angle="180.00" type="DEFAULT_VEHTYPE" speed="12.88" pos="66.76" lane="1/1to1/2_0" slope="0.00"/>
        <vehicle id="7" x="199.73" y="-1.52" angle="17.40" type="DEFAULT_VEHTYPE" speed="12.62" pos="2.11" lane=":1/0_0_0" slope="0.00"/>
        <vehicle id="9" x="398.35" y="352.05" angle="0.00" type="DEFAULT_VEHTYPE" speed="13.26" pos="43.20" lane="2/2to2/1_0" slope="0.00"/>
    </timestep>
    <timestep time="356.00">
        <vehicle id="12" x="321.59" y="598.35" angle="90.00" type="DEFAULT_VEHTYPE" speed="13.10" pos="116.84" lane="1/3to2/3_0" slope="0.00"/>
        <vehicle id="17" x="401.65" y="693.87" angle="180.00" type="DEFAULT_VEHTYPE" speed="13.81" pos="89.12" lane="2/3to2/4_0" slope="0.00"/>
        <vehicle id="2" x="401.65" y="757.14" angle="180.00" type="DEFAULT_VEHTYPE" speed="13.01" pos="152.39" lane="2/3to2/4_0" slope="0.00"/>
        <vehicle id="20" x="708.69" y="598.35" angle="90.00" type="DEFAULT_VEHTYPE" speed="13.07" pos="103.94" lane="3/3to4/3_0" slope="0.00"/>
        <vehicle id="23" x="201.65" y="284.93" angle="180.00" type="DEFAULT_VEHTYPE" speed="13.43" pos="80.18" lane="1/1to1/2_0" slope="0.00"/>
        <vehicle id="7" x="201.65" y="10.02" angle="180.00" type="DEFAULT_VEHTYPE" speed="12.73" pos="10.02" lane="1/0to1/1_0" slope="0.00"/>
        <vehicle id="9" x="398.35" y="338.57" angle="0.00" type="DEFAULT_VEHTYPE" speed="13.47" pos="56.68" lane="2/2to2/1_0" slope="0.00"/>
    </timestep>
    <timestep time="357.00">
        <vehicle id="12" x="335.17" y="598.35" angle="90.00" type="DEFAULT_VEHTYPE" speed="13.58" pos="130.42" lane="1/3to2/3_0" slope="0.00"/>
        <vehicle id="17" x="401.65" y="707.30" angle="180.00" type="DEFAULT_VEHTYPE" speed="13.43" pos="102.55" lane="2/3to2/4_0" slope="0.00"/>
        <vehicle id="2" x="401.65" y="770.81" angle="180.00" type="DEFAULT_VEHTYPE" speed="13.68" pos="166.06" lane="2/3to2/4_0" slope="0.00"/>
        <vehicle id="20" x="721.81" y="598.35" angle="90.00" type="DEFAULT_VEHTYPE" speed="13.12" pos="117.06" lane="3/3to4/3_0" slope="0.00"/>
        <vehicle id="23" x="201.65" y="297.92" angle="180.00" type="DEFAULT_VEHTYPE" speed="12.98" pos="93.17" lane="1/1to1/2_0" slope="0.00"/>
        <vehicle id="7" x="201.65" y="23.35" angle="180.00" type="DEFAULT_VEHTYPE" speed="13.33" pos="23.35" lane="1/0to1/1_0" slope="0.00"/>
        <vehicle id="9" x="398.35" y="325.90" angle="0.00" type="DEFAULT_VEHTYPE" speed="12.68" pos="69.35" lane="2/2to2/1_0" slope="0.00"/>
    </timestep>
    <timestep time="358.00">
        <vehicle id="12" x="347.90" y="598.35" angle="90.00" type="DEFAULT_VEHTYPE" speed="12.72" pos="143.15" lane="1/3to2/3_0" slope="0.00"/>
        <vehicle id="17" x="401.65" y="720.36" angle="180.00" type="DEFAULT_VEHTYPE" speed="13.06" pos="115.61" lane="2/3to2/4_0" slope="0.00"/>
        <vehicle id="2" x="401.65" y="784.52" angle="180.00" type="DEFAULT_VEHTYPE" speed="13.71" pos="179.77" lane="2/3to2/4_0" slope="0.00"/>
        <vehicle id="20" x="735.57" y="598.35" angle="90.00" type="DEFAULT_VEHTYPE" speed="13.76" pos="130.82" lane="3/3to4/3_0" slope="0.00"/>
        <vehicle id="23" x="201.65" y="310.92" angle="180.00" type="DEFAULT_VEHTYPE" speed="13.00" pos="106.17" lane="1/1to1/2_0" slope="0.00"/>
        <vehicle id="7" x="201.65" y="36.06" angle="180.00" type="DEFAULT_VEHTYPE" speed="12.70" pos="36.06" lane="1/0to1/1_0" slope="0.00"/>
        <vehicle id="9" x="398.35" y="313.22" angle="0.00" type="DEFAULT_VEHTYPE" speed="12.67" pos="82.03" lane="2/2to2/1_0" slope="0.00"/>
    </timestep>
    <timestep time="359.00">
        <vehicle id="12" x="361.13" y="598.35" angle="90.00" type="DEFAULT_VEHTYPE" speed="13.23" pos="156.38" lane="1/3to2/3_0" slope="0.00"/>
        <vehicle id="17" x="401.65" y="734.04" angle="180.00" type="DEFAULT_VEHTYPE" speed="13.68" pos="129.29" lane="2/3to2/4_0" slope="0.00"/>
        <vehicle id="2" x="401.65" y="798.21" angle="180.00" type="DEFAULT_VEHTYPE" speed="13.69" pos="193.46" lane="2/3to2/4_0" slope="0.00"/>
        <vehicle id="20" x="748.32" y="598.35" angle="90.00" type="DEFAULT_VEHTYPE" speed="12.74" pos="143.57" lane="3/3to4/3_0" slope="0.00"/>
        <vehicle id="23" x="201.65" y="323.80" angle="180.00" type="DEFAULT_VEHTYPE" speed="12.89" pos="119.05" lane="1/1to1/2_0" slope="0.00"/>
        <vehicle id="7" x="201.65" y="49.28" angle="180.00" type="DEFAULT_VEHTYPE" speed="13.22" pos="49.28" lane="1/0to1/1_0" slope="0.00"/>
        <vehicle id="9" x="398.35" y="299.41" angle="0.00" type="DEFAULT_VEHTYPE" speed="13.81" pos="95.84" lane="2/2to2/1_0" slope="0.00"/>
    </timestep>
    <timestep time="360.00">
        <vehicle id="12" x="373.30" y="598.35" angle="90.00" type="DEFAULT_VEHTYPE" speed="12.17" pos="168.55" lane="1/3to2/3_0" slope="0.00"/>
        <vehicle id="17" x="401.65" y="747.40" angle="180.00" type="DEFAULT_VEHTYPE" speed="13.36" pos="142.65" lane="2/3to2/4_0" slope="0.00"/>
        <vehicle id="2" x="398.35" y="793.77" angle="0.00" type="DEFAULT_VEHTYPE" speed="12.84" pos="6.23" lane="2/4to2/3_0" slope="0.00"/>
        <vehicle id="20" x="761.15" y="598.35" angle="90.00" type="DEFAULT_VEHTYPE" speed="12.83" pos="156.40" lane="3/3to4/3_0" slope="0.00"/>
        <vehicle id="23" x="201.65" y="337.69" angle="180.00" type="DEFAULT_VEHTYPE" speed="13.88" pos="132.94" lane="1/1to1/2_0" slope="0.00"/>
        <vehicle id="7" x="201.65" y="62.61" angle="180.00" type="DEFAULT_VEHTYPE" speed="13.33" pos="62.61" lane="1/0to1/1_0" slope="0.00"/>
        <vehicle id="9" x="398.35" y="286.30" angle="0.00" type="DEFAULT_VEHTYPE" speed="13.11" pos="108.95" lane="2/2to2/1_0" slope="0.00"/>
    </timestep>
    <timestep time="361.00">
        <vehicle id="12" x="381.65" y="598.35" angle="90.00" type="DEFAULT_VEHTYPE" speed="8.35" pos="176.90" lane="1/3to2/3_0" slope="0.00"/>
        <vehicle id="17" x="401.65" y="761.29" angle="180.00" type="DEFAULT_VEHTYPE" speed="13.89" pos="156.54" lane="2/3to2/4_0" slope="0.00"/>
        <vehicle id="2" x="398.35" y="780.85" angle="0.00" type="DEFAULT_VEHTYPE" speed="12.92" pos="19.15" lane="2/4to2/3_0" slope="0.00"/>
        <vehicle id="20" x="774.29" y="598.35" angle="90.00" type="DEFAULT_VEHTYPE" speed="13.14" pos="169.54" lane="3/3to4/3_0" slope="0.00"/>
        <vehicle id="23" x="201.65" y="350.87" angle="180.00" type="DEFAULT_VEHTYPE" speed="13.19" pos="146.12" lane="1/1to1/2_0" slope="0.00"/>
        <vehicle id="7" x="201.65" y="75.22" angle="180.00" type="DEFAULT_VEHTYPE" speed="12.61" pos="75.22" lane="1/0to1/1_0" slope="0.00"/>
        <vehicle id="9" x="398.35" y="272.90" angle="0.00" type="DEFAULT_VEHTYPE" speed="13.39" pos="122.35" lane="2/2to2/1_0" slope="0.00"/>
    </timestep>
    <timestep time="362.00">
        <vehicle id="12" x="387.59" y="598.35" angle="90.00" type="DEFAULT_VEHTYPE" speed="5.94" pos="182.84" lane="1/3to2/3_0" slope="0.00"/>
        <vehicle id="17" x="401.65" y="774.18" angle="180.00" type="DEFAULT_VEHTYPE" speed="12.90" pos="169.43" lane="2/3to2/4_0" slope="0.00"/>
        <vehicle id="2" x="398.35" y="767.43" angle="0.00" type="DEFAULT_VEHTYPE" speed="13.42" pos="32.57" lane="2/4to2/3_0" slope="0.00"/>
        <vehicle id="20" x="787.23" y="598.35" angle="90.00" type="DEFAULT_VEHTYPE" speed="12.94" pos="182.48" lane="3/3to4/3_0" slope="0.00"/>
        <vehicle id="23" x="201.65" y="364.46" angle="180.00" type="DEFAULT_VEHTYPE" speed="13.59" pos="159.71" lane="1/1to1/2_0" slope="0.00"/>
        <vehicle id="7" x="201.65" y="88.38" angle="180.00" type="DEFAULT_VEHTYPE" speed="13.16" pos="88.38" lane="1/0to1/1_0" slope="0.00"/>
        <vehicle id="9" x="398.35" y="260.25" angle="0.00" type="DEFAULT_VEHTYPE" speed="12.65" pos="135.00" lane="2/2to2/1_0" slope="0.00"/>
    </timestep>
    <timestep time="363.00">
        <vehicle id="12" x="390.14" y="598.35" angle="90.00" type="DEFAULT_VEHTYPE" speed="2.55" pos="185.39" lane="1/3to2/3_0" slope="0.00"/>
        <vehicle id="17" x="401.65" y="787.07" angle="180.00" type="DEFAULT_VEHTYPE" speed="12.88" pos="182.32" lane="2/3to2/4_0" slope="0.00"/>
        <vehicle id="2" x="398.35" y="754.04" angle="0.00" type="DEFAULT_VEHTYPE" speed="13.39" pos="45.96" lane="2/4to2/3_0" slope="0.00"/>
        <vehicle id="20" x="800.46" y="598.66" angle="93.57" type="DEFAULT_VEHTYPE" speed="13.32" pos="0.55" lane=":4/3_0_0" slope="0.00"/>
        <vehicle id="23" x="201.65" y="378.32" angle="180.00" type="DEFAULT_VEHTYPE" speed="13.86" pos="173.57" lane="1/1to1/2_0" slope="0.00"/>
        <vehicle id="7" x="201.65" y="101.88" angle="180.00" type="DEFAULT_VEHTYPE" speed="13.51" pos="101.88" lane="1/0to1/1_0" slope="0.00"/>
        <vehicle id="9" x="398.35" y="246.65" angle="0.00" type="DEFAULT_VEHTYPE" speed="13.60" pos="148.60" lane="2/2to2/1_0" slope="0.00"/>
    </timestep>
    <timestep time="364.00">
        <vehicle id="12" x="394.80" y="598.35" angle="90.00" type="DEFAULT_VEHTYPE" speed="4.66" pos="190.05" lane="1/3to2/3_0" slope="0.00"/>
        <vehicle id="17" x="401.38" y="800.41" angle="-176.82" type="DEFAULT_VEHTYPE" speed="13.43" pos="0.50" lane=":2/4_0_0" slope="0.00"/>
        <vehicle id="2" x="398.35" y="740.29" angle="0.00" type="DEFAULT_VEHTYPE" speed="13.74" pos="59.71" lane="2/4to2/3_0" slope="0.00"/>
        <vehicle id="20" x="790.48" y="601.65" angle="-90.00" type="DEFAULT_VEHTYPE" speed="13.79" pos="9.52" lane="4/3to3/3_0" slope="0.00"/>
        <vehicle id="23" x="201.65" y="391.51" angle="180.00" type="DEFAULT_VEHTYPE" speed="13.19" pos="186.76" lane="1/1to1/2_0" slope="0.00"/>
        <vehicle id="7" x="201.65" y="115.66" angle="180.00" type="DEFAULT_VEHTYPE" speed="13.77" pos="115.66" lane="1/0to1/1_0" slope="0.00"/>
        <vehicle id="9" x="398.35" y="233.64" angle="0.00" type="DEFAULT_VEHTYPE" speed="13.00" pos="161.61" lane="2/2to2/1_0" slope="0.00"/>
    </timestep>
    <timestep time="365.00">
        <vehicle id="12" x="400.87" y="601.32" angle="124.99" type="DEFAULT_VEHTYPE" speed="7.21" pos="6.75" lane=":2/3_14_0" slope="0.00"/>
        <vehicle id="17" x="398.35" y="791.63" angle="0.00" type="DEFAULT_VEHTYPE" speed="12.70" pos="8.37" lane="2/4to2/3_0" slope="0.00"/>
        <vehicle id="2" x="398.35" y="727.16" angle="0.00" type="DEFAULT_VEHTYPE" speed="13.13" pos="72.84" lane="2/4to2/3_0" slope="0.00"/>
        <vehicle id="20" x="777.34" y="601.65" angle="-90.00" type="DEFAULT_VEHTYPE" speed="13.15" pos="22.66" lane="4/3to3/3_0" slope="0.00"/>
        <vehicle id="23" x="201.65" y="404.77" angle="180.00" type="DEFAULT_VEHTYPE" speed="13.26" pos="0.02" lane="1/2to1/3_0" slope="0.00"/>
        <vehicle id="7" x="201.65" y="128.40" angle="180.00" type="DEFAULT_VEHTYPE" speed="12.75" pos="128.40" lane="1/0to1/1_0" slope="0.00"/>
        <vehicle id="9" x="398.35" y="220.99" angle="0.00" type="DEFAULT_VEHTYPE" speed="12.65" pos="174.26" lane="2/2to2/1_0" slope="0.00"/>
    </timestep>
    <timestep time="366.00">
        <vehicle id="12" x="401.65" y="610.52" angle="180.00" type="DEFAULT_VEHTYPE" speed="9.34" pos="5.77" lane="2/3to2/4_0" slope="0.00"/>
        <vehicle id="17" x="398.35" y="778.21" angle="0.00" type="DEFAULT_VEHTYPE" speed="13.42" pos="21.79" lane="2/4to2/3_0" slope="0.00"/>
        <vehicle id="2" x="398.35" y="713.74" angle="0.00" type="DEFAULT_VEHTYPE" speed="13.42" pos="86.26" lane="2/4to2/3_0" slope="0.00"/>
        <vehicle id="20" x="764.27" y="601.65" angle="-90.00" type="DEFAULT_VEHTYPE" speed="13.07" pos="35.73" lane="4/3to3/3_0" slope="0.00"/>
        <vehicle id="23" x="201.65" y="418.07" angle="180.00" type="DEFAULT_VEHTYPE" speed="13.30" pos="13.32" lane="1/2to1/3_0" slope="0.00"/>
        <vehicle id="7" x="201.65" y="141.67" angle="180.00" type="DEFAULT_VEHTYPE" speed="13.27" pos="141.67" lane="1/0to1/1_0" slope="0.00"/>
        <vehicle id="9" x="398.35" y="207.71" angle="0.00" type="DEFAULT_VEHTYPE" speed="13.28" pos="187.54" lane="2/2to2/1_0" slope="0.00"/>
    </timestep>
    <timestep time="367.00">
        <vehicle id="12" x="401.65" y="621.72" angle="180.00" type="DEFAULT_VEHTYPE" speed="11.20" pos="16.97" lane="2/3to2/4_0" slope="0.00"/>
        <vehicle id="17" x="398.35" y="764.51" angle="0.00" type="DEFAULT_VEHTYPE" speed="13.70" pos="35.49" lane="2/4to2/3_0" slope="0.00"/>
        <vehicle id="2" x="398.35" y="700.19" angle="0.00" type="DEFAULT_VEHTYPE" speed="13.54" pos="99.81" lane="2/4to2/3_0" slope="0.00"/>
        <vehicle id="20" x="751.66" y="601.65" angle="-90.00" type="DEFAULT_VEHTYPE" speed="12.61" pos="48.34" lane="4/3to3/3_0" slope="0.00"/>
        <vehicle id="23" x="201.65" y="431.96" angle="180.00" type="DEFAULT_VEHTYPE" speed="13.89" pos="27.21" lane="1/2to1/3_0" slope="0.00"/>
        <vehicle id="7" x="201.65" y="154.39" angle="180.00" type="DEFAULT_VEHTYPE" speed="12.71" pos="154.39" lane="1/0to1/1_0" slope="0.00"/>
        <vehicle id="9" x="390.22" y="201.65" angle="-90.00" type="DEFAULT_VEHTYPE" speed="12.99" pos="5.03" lane="2/1to1/1_0" slope="0.00"/>
    </timestep>
    <timestep time="368.00">
        <vehicle id="12" x="401.65" y="634.89" angle="180.00" type="DEFAULT_VEHTYPE" speed="13.17" pos="30.14" lane="2/3to2/4_0" slope="0.00"/>
        <vehicle id="17" x="398.35" y="751.37" angle="0.00" type="DEFAULT_VEHTYPE" speed="13.14" pos="48.63" lane="2/4to2/3_0" slope="0.00"/>
        <vehicle id="2" x="398.35" y="687.07" angle="0.00" type="DEFAULT_VEHTYPE" speed="13.13" pos="112.93" lane="2/4to2/3_0" slope="0.00"/>
        <vehicle id="20" x="738.91" y="601.65" angle="-90.00" type="DEFAULT_VEHTYPE" speed="12.75" pos="61.09" lane="4/3to3/3_0" slope="0.00"/>
        <vehicle id="23" x="201.65" y="445.06" angle="180.00" type="DEFAULT_VEHTYPE" speed="13.10" pos="40.31" lane="1/2to1/3_0" slope="0.00"/>
        <vehicle id="7" x="201.65" y="168.01" angle="180.00" type="DEFAULT_VEHTYPE" speed="13.62" pos="168.01" lane="1/0to1/1_0" slope="0.00"/>
        <vehicle id="9" x="376.98" y="201.65" angle="-90.00" type="DEFAULT_VEHTYPE" speed="13.23" pos="18.27" lane="2/1to1/1_0" slope="0.00"/>
    </timestep>
    <timestep time="369.00">
        <vehicle id="12" x="401.65" y="648.01" angle="180.00" type="DEFAULT_VEHTYPE" speed="13.11" pos="43.26" lane="2/3to2/4_0" slope="0.00"/>
        <vehicle id="17" x="398.35" y="738.73" angle="0.00" type="DEFAULT_VEHTYPE" speed="12.64" pos="61.27" lane="2/4to2/3_0" slope="0.00"/>
        <vehicle id="2" x="398.35" y="673.30" angle="0.00" type="DEFAULT_VEHTYPE" speed="13.77" pos="126.70" lane="2/4to2/3_0" slope="0.00"/>
        <vehicle id="20" x="726.14" y="601.65" angle="-90.00" type="DEFAULT_VEHTYPE" speed="12.77" pos="73.86" lane="4/3to3/3_0" slope="0.00"/>
        <vehicle id="23" x="201.65" y="457.92" angle="180.00" type="DEFAULT_VEHTYPE" speed="12.86" pos="53.17" lane="1/2to1/3_0" slope="0.00"/>
        <vehicle id="7" x="201.65" y="180.70" angle="180.00" type="DEFAULT_VEHTYPE" speed="12.69" pos="180.70" lane="1/0to1/1_0" slope="0.00"/>
        <vehicle id="9" x="364.19" y="201.65" angle="-90.00" type="DEFAULT_VEHTYPE" speed="12.79" pos="31.06" lane="2/1to1/1_0" slope="0.00"/>
    </timestep>
    <timestep time="370.00">
        <vehicle id="12" x="401.65" y="660.95" angle="180.00" type="DEFAULT_VEHTYPE" speed="12.95" pos="56.20" lane="2/3to2/4_0" slope="0.00"/>
        <vehicle id="17" x="398.35" y="725.04" angle="0.00" type="DEFAULT_VEHTYPE" speed="13.69" pos="74.96" lane="2/4to2/3_0" slope="0.00"/>
        <vehicle id="2" x="398.35" y="659.42" angle="0.00" type="DEFAULT_VEHTYPE" speed="13.88" pos="140.58" lane="2/4to2/3_0" slope="0.00"/>
        <vehicle id="20" x="712.36" y="601.65" angle="-90.00" type="DEFAULT_VEHTYPE" speed="13.78" pos="87.64" lane="4/3to3/3_0" slope="0.00"/>
        <vehicle id="23" x="201.65" y="471.56" angle="180.00" type="DEFAULT_VEHTYPE" speed="13.64" pos="66.81" lane="1/2to1/3_0" slope="0.00"/>
        <vehicle id="7" x="201.65" y="193.67" angle="180.00" type="DEFAULT_VEHTYPE" speed="12.97" pos="193.67" lane="1/0to1/1_0" slope="0.00"/>
        <vehicle id="9" x="350.97" y="201.65" angle="-90.00" type="DEFAULT_VEHTYPE" speed="13.22" pos="44.28" lane="2/1to1/1_0" slope="0.00"/>
    </timestep>
    <timestep time="371.00">
        <vehicle id="12" x="401.65" y="674.52" angle="180.00" type="DEFAULT_VEHTYPE" speed="13.56" pos="69.77" lane="2/3to2/4_0" slope="0.00"/>
        <vehicle id="17" x="398.35" y="711.40" angle="0.00" type="DEFAULT_VEHTYPE" speed="13.64" pos="88.60" lane="2/4to2/3_0" slope="0.00"/>
        <vehicle id="2" x="398.35" y="646.07" angle="0.00" type="DEFAULT_VEHTYPE" speed="13.35" pos="153.93" lane="2/4to2/3_0" slope="0.00"/>
        <vehicle id="20" x="699.10" y="601.65" angle="-90.00" type="DEFAULT_VEHTYPE" speed="13.26" pos="100.90" lane="4/3to3/3_0" slope="0.00"/>
        <vehicle id="23" x="201.65" y="484.80" angle="180.00" type="DEFAULT_VEHTYPE" speed="13.24" pos="80.05" lane="1/2to1/3_0" slope="0.00"/>
        <vehicle id="7" x="211.64" y="198.35" angle="90.00" type="DEFAULT_VEHTYPE" speed="13.47" pos="6.89" lane="1/1to2/1_0" slope="0.00"/>
        <vehicle id="9" x="337.12" y="201.65" angle="-90.00" type="DEFAULT_VEHTYPE" speed="13.84" pos="58.13" lane="2/1to1/1_0" slope="0.00"/>
    </timestep>
    <timestep time="372.00">
        <vehicle id="12" x="401.65" y="687.31" angle="180.00" type="DEFAULT_VEHTYPE" speed="12.79" pos="82.56" lane="2/3to2/4_0" slope="0.00"/>
        <vehicle id="17" x="398.35" y="698.51" angle="0.00" type="DEFAULT_VEHTYPE" speed="12.89" pos="101.49" lane="2/4to2/3_0" slope="0.00"/>
        <vehicle id="2" x="398.35" y="632.25" angle="0.00" type="DEFAULT_VEHTYPE" speed="13.82" pos="167.75" lane="2/4to2/3_0" slope="0.00"/>
        <vehicle id="20" x="685.46" y="601.65" angle="-90.00" type="DEFAULT_VEHTYPE" speed="13.65" pos="114.54" lane="4/3to3/3_0" slope="0.00"/>
        <vehicle id="23" x="201.65" y="498.49" angle="180.00" type="DEFAULT_VEHTYPE" speed="13.69" pos="93.74" lane="1/2to1/3_0" slope="0.00"/>
        <vehicle id="7" x="224.68" y="198.35" angle="90.00" type="DEFAULT_VEHTYPE" speed="13.03" pos="19.93" lane="1/1to2/1_0" slope="0.00"/>
        <vehicle id="9" x="324.27" y="201.65" angle="-90.00" type="DEFAULT_VEHTYPE" speed="12.86" pos="70.98" lane="2/1to1/1_0" slope="0.00"/>
    </timestep>
    <timestep time="373.00">
        <vehicle id="12" x="401.65" y="700.77" angle="180.00" type="DEFAULT_VEHTYPE" speed="13.46" pos="96.02" lane="2/3to2/4_0" slope="0.00"/>
        <vehicle id="17" x="398.35" y="685.01" angle="0.00" type="DEFAULT_VEHTYPE" speed="13.50" pos="114.99" lane="2/4to2/3_0" slope="0.00"/>
        <vehicle id="2" x="398.35" y="619.56" angle="0.00" type="DEFAULT_VEHTYPE" speed="12.69" pos="180.44" lane="2/4to2/3_0" slope="0.00"/>
        <vehicle id="20" x="671.76" y="601.65" angle="-90.00" type="DEFAULT_VEHTYPE" speed="13.69" pos="128.24" lane="4/3to3/3_0" slope="0.00"/>
        <vehicle id="23" x="201.65" y="511.34" angle="180.00" type="DEFAULT_VEHTYPE" speed="12.85" pos="106.59" lane="1/2to1/3_0" slope="0.00"/>
        <vehicle id="7" x="238.50" y="198.35" angle="90.00" type="DEFAULT_VEHTYPE" speed="13.82" pos="33.75" lane="1/1to2/1_0" slope="0.00"/>
        <vehicle id="9" x="311.45" y="201.65" angle="-90.00" type="DEFAULT_VEHTYPE" speed="12.82" pos="83.80" lane="2/1to1/1_0" slope="0.00"/>
    </timestep>
    <timestep time="374.00">
        <vehicle id="12" x="401.65" y="713.76" angle="180.00" type="DEFAULT_VEHTYPE" speed="12.99" pos="109.01" lane="2/3to2/4_0" slope="0.00"/>
        <vehicle id="17" x="398.35" y="671.63" angle="0.00" type="DEFAULT_VEHTYPE" speed="13.38" pos="128.37" lane="2/4to2/3_0" slope="0.00"/>
        <vehicle id="2" x="398.35" y="606.85" angle="0.00" type="DEFAULT_VEHTYPE" speed="12.71" pos="193.15" lane="2/4to2/3_0" slope="0.00"/>
        <vehicle id="20" x="658.11" y="601.65" angle="-90.00" type="DEFAULT_VEHTYPE" speed="13.65" pos="141.89" lane="4/3to3/3_0" slope="0.00"/>
        <vehicle id="23" x="201.65" y="524.15" angle="180.00" type="DEFAULT_VEHTYPE" speed="12.81" pos="119.40" lane="1/2to1/3_0" slope="0.00"/>
        <vehicle id="7" x="251.42" y="198.35" angle="90.00" type="DEFAULT_VEHTYPE" speed="12.92" pos="46.67" lane="1/1to2/1_0" slope="0.00"/>
        <vehicle id="9" x="298.64" y="201.65" angle="-90.00" type="DEFAULT_VEHTYPE" speed="12.81" pos="96.61" lane="2/1to1/1_0" slope="0.00"/>
    </timestep>
    <timestep time="375.00">
        <vehicle id="12" x="401.65" y="727.33" angle="180.00" type="DEFAULT_VEHTYPE" speed="13.58" pos="122.58" lane="2/3to2/4_0" slope="0.00"/>
        <vehicle id="17" x="398.35" y="658.70" angle="0.00" type="DEFAULT_VEHTYPE" speed="12.93" pos="141.30" lane="2/4to2/3_0" slope="0.00"/>
        <vehicle id="2" x="398.35" y="593.80" angle="0.00" type="DEFAULT_VEHTYPE" speed="13.04" pos="1.45" lane="2/3to2/2_0" slope="0.00"/>
        <vehicle id="20" x="644.78" y="601.65" angle="-90.00" type="DEFAULT_VEHTYPE" speed="13.33" pos="155.22" lane="4/3to3/3_0" slope="0.00"/>
        <vehicle id="23" x="201.65" y="537.11" angle="180.00" type="DEFAULT_VEHTYPE" speed="12.96" pos="132.36" lane="1/2to1/3_0" slope="0.00"/>
        <vehicle id="7" x="264.50" y="198.35" angle="90.00" type="DEFAULT_VEHTYPE" speed="13.08" pos="59.75" lane="1/1to2/1_0" slope="0.00"/>
        <vehicle id="9" x="284.98" y="201.65" angle="-90.00" type="DEFAULT_VEHTYPE" speed="13.66" pos="110.27" lane="2/1to1/1_0" slope="0.00"/>
    </timestep>
    <timestep time="376.00">
        <vehicle id="12" x="401.65" y="740.29" angle="180.00" type="DEFAULT_VEHTYPE" speed="12.96" pos="135.54" lane="2/3to2/4_0" slope="0.00"/>
        <vehicle id="17" x="398.35" y="646.00" angle="0.00" type="DEFAULT_VEHTYPE" speed="12.70" pos="154.00" lane="2/4to2/3_0" slope="0.00"/>
        <vehicle id="2" x="398.35" y="580.59" angle="0.00" type="DEFAULT_VEHTYPE" speed="13.22" pos="14.66" lane="2/3to2/2_0" slope="0.00"/>
        <vehicle id="20" x="631.81" y="601.65" angle="-90.00" type="DEFAULT_VEHTYPE" speed="12.97" pos="168.19" lane="4/3to3/3_0" slope="0.00"/>
        <vehicle id="23" x="201.65" y="550.61" angle="180.00" type="DEFAULT_VEHTYPE" speed="13.51" pos="145.86" lane="1/2to1/3_0" slope="0.00"/>
        <vehicle id="7" x="278.30" y="198.35" angle="90.00" type="DEFAULT_VEHTYPE" speed="13.80" pos="73.55" lane="1/1to2/1_0" slope="0.00"/>
        <vehicle id="9" x="271.97" y="201.65" angle="-90.00" type="DEFAULT_VEHTYPE" speed="13.01" pos="123.28" lane="2/1to1/1_0" slope="0.00"/>
    </timestep>
    <timestep time="377.00">
        <vehicle id="12" x="401.65" y="753.68" angle="180.00" type="DEFAULT_VEHTYPE" speed="13.39" pos="148.93" lane="2/3to2/4_0" slope="0.00"/>
        <vehicle id="17" x="398.35" y="632.30" angle="0.00" type="DEFAULT_VEHTYPE" speed="13.71" pos="167.70" lane="2/4to2/3_0" slope="0.00"/>
        <vehicle id="2" x="398.35" y="567.02" angle="0.00" type="DEFAULT_VEHTYPE" speed="13.57" pos="28.23" lane="2/3to2/2_0" slope="0.00"/>
        <vehicle id="20" x="621.87" y="601.65" angle="-90.00" type="DEFAULT_VEHTYPE" speed="9.94" pos="178.13" lane="4/3to3/3_0" slope="0.00"/>
        <vehicle id="23" x="201.65" y="563.26" angle="180.00" type="DEFAULT_VEHTYPE" speed="12.64" pos="158.51" lane="1/2to1/3_0" slope="0.00"/>
        <vehicle id="7" x="292.03" y="198.35" angle="90.00" type="DEFAULT_VEHTYPE" speed="13.73" pos="87.28" lane="1/1to2/1_0" slope="0.00"/>
        <vehicle id="9" x="258.98" y="201.65" angle="-90.00" type="DEFAULT_VEHTYPE" speed="12.99" pos="136.27" lane="2/1to1/1_0" slope="0.00"/>
    </timestep>
    <timestep time="378.00">
        <vehicle id="12" x="401.65" y="766.34" angle="180.00" type="DEFAULT_VEHTYPE" speed="12.66" pos="161.59" lane="2/3to2/4_0" slope="0.00"/>
        <vehicle id="17" x="398.35" y="619.20" angle="0.00" type="DEFAULT_VEHTYPE" speed="13.10" pos="180.80" lane="2/4to2/3_0" slope="0.00"/>
        <vehicle id="2" x="398.35" y="553.12" angle="0.00" type="DEFAULT_VEHTYPE" speed="13.90" pos="42.13" lane="2/3to2/2_0" slope="0.00"/>
        <vehicle id="20" x="615.24" y="601.65" angle="-90.00" type="DEFAULT_VEHTYPE" speed="6.63" pos="184.76" lane="4/3to3/3_0" slope="0.00"/>
        <vehicle id="23" x="201.65" y="575.92" angle="180.00" type="DEFAULT_VEHTYPE" speed="12.66" pos="171.17" lane="1/2to1/3_0" slope="0.00"/>
        <vehicle id="7" x="305.76" y="198.35" angle="90.00" type="DEFAULT_VEHTYPE" speed="13.73" pos="101.01" lane="1/1to2/1_0" slope="0.00"/>
        <vehicle id="9" x="245.66" y="201.65" angle="-90.00" type="DEFAULT_VEHTYPE" speed="13.32" pos="149.59" lane="2/1to1/1_0" slope="0.00"/>
    </timestep>
    <timestep time="379.00">
        <vehicle id="12" x="401.65" y="780.10" angle="180.00" type="DEFAULT_VEHTYPE" speed="13.76" pos="175.35" lane="2/3to2/4_0" slope="0.00"/>
        <vehicle id="17" x="398.35" y="605.75" angle="0.00" type="DEFAULT_VEHTYPE" speed="13.45" pos="194.25" lane="2/4to2/3_0" slope="0.00"/>
        <vehicle id="2" x="398.35" y="540.22" angle="0.00" type="DEFAULT_VEHTYPE" speed="12.90" pos="55.03" lane="2/3to2/2_0" slope="0.00"/>
        <vehicle id="20" x="611.26" y="601.65" angle="-90.00" type="DEFAULT_VEHTYPE" speed="3.98" pos="188.74" lane="4/3to3/3_0" slope="0.00"/>
        <vehicle id="23" x="201.65" y="589.80" angle="180.00" type="DEFAULT_VEHTYPE" speed="13.88" pos="185.05" lane="1/2to1/3_0" slope="0.00"/>
        <vehicle id="7" x="318.77" y="198.35" angle="90.00" type="DEFAULT_VEHTYPE" speed="13.01" pos="114.02" lane="1/1to2/1_0" slope="0.00"/>
        <vehicle id="9" x="232.03" y="201.65" angle="-90.00" type="DEFAULT_VEHTYPE" speed="13.63" pos="163.22" lane="2/1to1/1_0" slope="0.00"/>
    </timestep>
    <timestep time="380.00">
        <vehicle id="12" x="401.65" y="793.30" angle="180.00" type="DEFAULT_VEHTYPE" speed="13.20" pos="188.55" lane="2/3to2/4_0" slope="0.00"/>
        <vehicle id="17" x="398.35" y="592.27" angle="0.00" type="DEFAULT_VEHTYPE" speed="13.48" pos="2.98" lane="2/3to2/2_0" slope="0.00"/>
        <vehicle id="2" x="398.35" y="526.72" angle="0.00" type="DEFAULT_VEHTYPE" speed="13.50" pos="68.53" lane="2/3to2/2_0" slope="0.00"/>
        <vehicle id="20" x="605.53" y="601.65" angle="-90.00" type="DEFAULT_VEHTYPE" speed="5.73" pos="194.47" lane="4/3to3/3_0" slope="0.00"/>
        <vehicle id="23" x="207.23" y="598.35" angle="99.37" type="DEFAULT_VEHTYPE" speed="12.93" pos="2.48" lane="1/3to2/3_0" slope="0.00"/>
        <vehicle id="7" x="332.30" y="198.35" angle="90.00" type="DEFAULT_VEHTYPE" speed="13.52" pos="127.55" lane="1/1to2/1_0" slope="0.00"/>
        <vehicle id="9" x="221.61" y="201.65" angle="-90.00" type="DEFAULT_VEHTYPE" speed="10.42" pos="173.64" lane="2/1to1/1_0" slope="0.00"/>
    </timestep>
    <timestep time="381.00">
        <vehicle id="12" x="398.35" y="798.04" angle="-33.72" type="DEFAULT_VEHTYPE" speed="13.48" pos="1.96" lane="2/4to2/3_0" slope="0.00"/>
        <vehicle id="17" x="398.35" y="579.31" angle="0.00" type="DEFAULT_VEHTYPE" speed="12.96" pos="15.94" lane="2/3to2/2_0" slope="0.00"/>
        <vehicle id="2" x="398.35" y="513.09" angle="0.00" type="DEFAULT_VEHTYPE" speed="13.63" pos="82.16" lane="2/3to2/2_0" slope="0.00"/>
        <vehicle id="20" x="598.83" y="598.18" angle="-48.99" type="DEFAULT_VEHTYPE" speed="8.12" pos="7.34" lane=":3/3_6_0" slope="0.00"/>
        <vehicle id="23" x="221.09" y="598.35" angle="90.00" type="DEFAULT_VEHTYPE" speed="13.86" pos="16.34" lane="1/3to2/3_0" slope="0.00"/>
        <vehicle id="7" x="345.30" y="198.35" angle="90.00" type="DEFAULT_VEHTYPE" speed="13.00" pos="140.55" lane="1/1to2/1_0" slope="0.00"/>
        <vehicle id="9" x="214.10" y="201.65" angle="-90.00" type="DEFAULT_VEHTYPE" speed="7.51" pos="181.15" lane="2/1to1/1_0" slope="0.00"/>
    </timestep>
    <timestep time="382.00">
        <vehicle id="12" x="398.35" y="784.83" angle="0.00" type="DEFAULT_VEHTYPE" speed="13.22" pos="15.17" lane="2/4to2/3_0" slope="0.00"/>
        <vehicle id="17" x="398.35" y="566.63" angle="0.00" type="DEFAULT_VEHTYPE" speed="12.68" pos="28.62" lane="2/3to2/2_0" slope="0.00"/>
        <vehicle id="2" x="398.35" y="499.69" angle="0.00" type="DEFAULT_VEHTYPE" speed="13.40" pos="95.56" lane="2/3to2/2_0" slope="0.00"/>
        <vehicle id="20" x="598.35" y="588.47" angle="0.00" type="DEFAULT_VEHTYPE" speed="9.76" pos="6.78" lane="3/3to3/2_0" slope="0.00"/>
        <vehicle id="23" x="234.74" y="598.35" angle="90.00" type="DEFAULT_VEHTYPE" speed="13.65" pos="29.99" lane="1/3to2/3_0" slope="0.00"/>
        <vehicle id="7" x="358.06" y="198.35" angle="90.00" type="DEFAULT_VEHTYPE" speed="12.76" pos="153.31" lane="1/1to2/1_0" slope="0.00"/>
        <vehicle id="9" x="210.75" y="201.65" angle="-90.00" type="DEFAULT_VEHTYPE" speed="3.35" pos="184.50" lane="2/1to1/1_0" slope="0.00"/>
    </timestep>
    <timestep time="383.00">
        <vehicle id="12" x="398.35" y="772.15" angle="0.00" type="DEFAULT_VEHTYPE" speed="12.68" pos="27.85" lane="2/4to2/3_0" slope="0.00"/>
        <vehicle id="17" x="398.35" y="553.05" angle="0.00" type="DEFAULT_VEHTYPE" speed="13.58" pos="42.20" lane="2/3to2/2_0" slope="0.00"/>
        <vehicle id="2" x="398.35" y="486.76" angle="0.00" type="DEFAULT_VEHTYPE" speed="12.92" pos="108.49" lane="2/3to2/2_0" slope="0.00"/>
        <vehicle id="20" x="598.35" y="576.70" angle="0.00" type="DEFAULT_VEHTYPE" speed="11.77" pos="18.55" lane="3/3to3/2_0" slope="0.00"/>
        <vehicle id="23" x="248.37" y="598.35" angle="90.00" type="DEFAULT_VEHTYPE" speed="13.64" pos="43.62" lane="1/3to2/3_0" slope="0.00"/>
        <vehicle id="7" x="371.12" y="198.35" angle="90.00" type="DEFAULT_VEHTYPE" speed="13.06" pos="166.37" lane="1/1to2/1_0" slope="0.00"/>
        <vehicle id="9" x="206.04" y="201.65" angle="-90.00" type="DEFAULT_VEHTYPE" speed="4.70" pos="189.21" lane="2/1to1/1_0" slope="0.00"/>
    </timestep>
    <timestep time="384.00">
        <vehicle id="12" x="398.35" y="759.15" angle="0.00" type="DEFAULT_VEHTYPE" speed="13.01" pos="40.85" lane="2/4to2/3_0" slope="0.00"/>
        <vehicle id="17" x="398.35" y="539.53" angle="0.00" type="DEFAULT_VEHTYPE" speed="13.52" pos="55.72" lane="2/3to2/2_0" slope="0.00"/>
        <vehicle id="2" x="398.35" y="474.04" angle="0.00" type="DEFAULT_VEHTYPE" speed="12.72" pos="121.21" lane="2/3to2/2_0" slope="0.00"/>
        <vehicle id="20" x="598.35" y="563.55" angle="0.00" type="DEFAULT_VEHTYPE" speed="13.15" pos="31.70" lane="3/3to3/2_0" slope="0.00"/>
        <vehicle id="23" x="261.52" y="598.35" angle="90.00" type="DEFAULT_VEHTYPE" speed="13.14" pos="56.77" lane="1/3to2/3_0" slope="0.00"/>
        <vehicle id="7" x="381.23" y="198.35" angle="90.00" type="DEFAULT_VEHTYPE" speed="10.11" pos="176.48" lane="1/1to2/1_0" slope="0.00"/>
        <vehicle id="9" x="201.65" y="204.72" angle="-134.53" type="DEFAULT_VEHTYPE" speed="6.27" pos="4.97" lane=":1/1_4_0" slope="0.00"/>
    </timestep>
    <timestep time="385.00">
        <vehicle id="12" x="398.35" y="745.42" angle="0.00" type="DEFAULT_VEHTYPE" speed="13.73" pos="54.58" lane="2/4to2/3_0" slope="0.00"/>
        <vehicle id="17" x="398.35" y="526.27" angle="0.00" type="DEFAULT_VEHTYPE" speed="13.26" pos="68.98" lane="2/3to2/2_0" slope="0.00"/>
        <vehicle id="2" x="398.35" y="460.41" angle="0.00" type="DEFAULT_VEHTYPE" speed="13.63" pos="134.84" lane="2/3to2/2_0" slope="0.00"/>
        <vehicle id="20" x="598.35" y="550.95" angle="0.00" type="DEFAULT_VEHTYPE" speed="12.60" pos="44.30" lane="3/3to3/2_0" slope="0.00"/>
        <vehicle id="23" x="275.34" y="598.35" angle="90.00" type="DEFAULT_VEHTYPE" speed="13.82" pos="70.59" lane="1/3to2/3_0" slope="0.00"/>
        <vehicle id="7" x="387.66" y="198.35" angle="90.00" type="DEFAULT_VEHTYPE" speed="6.43" pos="182.91" lane="1/1to2/1_0" slope="0.00"/>
        <vehicle id="9" x="201.65" y="213.46" angle="180.00" type="DEFAULT_VEHTYPE" speed="8.74" pos="8.71" lane="1/1to1/2_0" slope="0.00"/>
    </timestep>
    <timestep time="386.00">
        <vehicle id="12" x="398.35" y="732.65" angle="0.00" type="DEFAULT_VEHTYPE" speed="12.77" pos="67.35" lane="2/4to2/3_0" slope="0.00"/>
        <vehicle id="17" x="398.35" y="512.91" angle="0.00" type="DEFAULT_VEHTYPE" speed="13.37" pos="82.34" lane="2/3to2/2_0" slope="0.00"/>
        <vehicle id="2" x="398.35" y="447.18" angle="0.00" type="DEFAULT_VEHTYPE" speed="13.23" pos="148.07" lane="2/3to2/2_0" slope="0.00"/>
        <vehicle id="20" x="598.35" y="538.16" angle="0.00" type="DEFAULT_VEHTYPE" speed="12.78" pos="57.09" lane="3/3to3/2_0" slope="0.00"/>
        <vehicle id="23" x="288.87" y="598.35" angle="90.00" type="DEFAULT_VEHTYPE" speed="13.54" pos="84.12" lane="1/3to2/3_0" slope="0.00"/>
        <vehicle id="7" x="390.27" y="198.35" angle="90.00" type="DEFAULT_VEHTYPE" speed="2.62" pos="185.52" lane="1/1to2/1_0" slope="0.00"/>
        <vehicle id="9" x="201.65" y="223.76" angle="180.00" type="DEFAULT_VEHTYPE" speed="10.30" pos="19.01" lane="1/1to1/2_0" slope="0.00"/>
    </timestep>
    <timestep time="387.00">
        <vehicle id="12" x="398.35" y="719.99" angle="0.00" type="DEFAULT_VEHTYPE" speed="12.66" pos="80.01" lane="2/4to2/3_0" slope="0.00"/>
        <vehicle id="17" x="398.35" y="499.73" angle="0.00" type="DEFAULT_VEHTYPE" speed="13.18" pos="95.52" lane="2/3to2/2_0" slope="0.00"/>
        <vehicle id="2" x="398.35" y="434.46" angle="0.00" type="DEFAULT_VEHTYPE" speed="12.72" pos="160.79" lane="2/3to2/2_0" slope="0.00"/>
        <vehicle id="20" x="598.35" y="524.37" angle="0.00" type="DEFAULT_VEHTYPE" speed="13.79" pos="70.88" lane="3/3to3/2_0" slope="0.00"/>
        <vehicle id="23" x="302.60" y="598.35" angle="90.00" type="DEFAULT_VEHTYPE" speed="13.73" pos="97.85" lane="1/3to2/3_0" slope="0.00"/>
        <vehicle id="7" x="395.26" y="198.35" angle="90.00" type="DEFAULT_VEHTYPE" speed="4.98" pos="0.01" lane=":2/1_13_0" slope="0.00"/>
        <vehicle id="9" x="201.65" y="236.11" angle="180.00" type="DEFAULT_VEHTYPE" speed="12.35" pos="31.36" lane="1/1to1/2_0" slope="0.00"/>
    </timestep>
    <timestep time="388.00">
        <vehicle id="12" x="398.35" y="707.08" angle="0.00" type="DEFAULT_VEHTYPE" speed="12.91" pos="92.92" lane="2/4to2/3_0" slope="0.00"/>
        <vehicle id="17" x="398.35" y="486.33" angle="0.00" type="DEFAULT_VEHTYPE" speed="13.40" pos="108.92" lane="2/3to2/2_0" slope="0.00"/>
        <vehicle id="2" x="398.35" y="421.06" angle="0.00" type="DEFAULT_VEHTYPE" speed="13.40" pos="174.19" lane="2/3to2/2_0" slope="0.00"/>
        <vehicle id="20" x="598.35" y="511.60" angle="0.00" type="DEFAULT_VEHTYPE" speed="12.78" pos="83.65" lane="3/3to3/2_0" slope="0.00"/>
        <vehicle id="23" x="315.66" y="598.35" angle="90.00" type="DEFAULT_VEHTYPE" speed="13.06" pos="110.91" lane="1/3to2/3_0" slope="0.00"/>
        <vehicle id="7" x="402.71" y="198.35" angle="90.00" type="DEFAULT_VEHTYPE" speed="7.45" pos="7.46" lane=":2/1_13_0" slope="0.00"/>
        <vehicle id="9" x="201.65" y="249.60" angle="180.00" type="DEFAULT_VEHTYPE" speed="13.49" pos="44.85" lane="1/1to1/2_0" slope="0.00"/>
    </timestep>
    <timestep time="389.00">
        <vehicle id="12" x="398.35" y="694.37" angle="0.00" type="DEFAULT_VEHTYPE" speed="12.71" pos="105.63" lane="2/4to2/3_0" slope="0.00"/>
        <vehicle id="17" x="398.35" y="473.50" angle="0.00" type="DEFAULT_VEHTYPE" speed="12.83" pos="121.75" lane="2/3to2/2_0" slope="0.00"/>
        <vehicle id="2" x="398.35" y="408.17" angle="0.00" type="DEFAULT_VEHTYPE" speed="12.89" pos="187.08" lane="2/3to2/2_0" slope="0.00"/>
        <vehicle id="20" x="598.35" y="498.81" angle="0.00" type="DEFAULT_VEHTYPE" speed="12.78" pos="96.44" lane="3/3to3/2_0" slope="0.00"/>
        <vehicle id="23" x="328.65" y="598.35" angle="90.00" type="DEFAULT_VEHTYPE" speed="12.99" pos="123.90" lane="1/3to2/3_0" slope="0.00"/>
        <vehicle id="7" x="412.05" y="198.35" angle="90.00" type="DEFAULT_VEHTYPE" speed="9.35" pos="7.30" lane="2/1to3/1_0" slope="0.00"/>
        <vehicle id="9" x="201.65" y="263.49" angle="180.00" type="DEFAULT_VEHTYPE" speed="13.89" pos="58.74" lane="1/1to1/2_0" slope="0.00"/>
    </timestep>
    <timestep time="390.00">
        <vehicle id="12" x="398.35" y="681.31" angle="0.00" type="DEFAULT_VEHTYPE" speed="13.07" pos="118.69" lane="2/4to2/3_0" slope="0.00"/>
        <vehicle id="17" x="398.35" y="460.85" angle="0.00" type="DEFAULT_VEHTYPE" speed="12.64" pos="134.40" lane="2/3to2/2_0" slope="0.00"/>
        <vehicle id="2" x="390.17" y="401.65" angle="-90.00" type="DEFAULT_VEHTYPE" speed="13.50" pos="5.08" lane="2/2to1/2_0" slope="0.00"/>
        <vehicle id="20" x="598.35" y="486.19" angle="0.00" type="DEFAULT_VEHTYPE" speed="12.62" pos="109.06" lane="3/3to3/2_0" slope="0.00"/>
        <vehicle id="23" x="341.55" y="598.35" angle="90.00" type="DEFAULT_VEHTYPE" speed="12.90" pos="136.80" lane="1/3to2/3_0" slope="0.00"/>
        <vehicle id="7" x="423.00" y="198.35" angle="90.00" type="DEFAULT_VEHTYPE" speed="10.95" pos="18.25" lane="2/1to3/1_0" slope="0.00"/>
        <vehicle id="9" x="201.65" y="277.01" angle="180.00" type="DEFAULT_VEHTYPE" speed="13.53" pos="72.26" lane="1/1to1/2_0" slope="0.00"/>
    </timestep>
    <timestep time="391.00">
        <vehicle id="12" x="398.35" y="667.71" angle="0.00" type="DEFAULT_VEHTYPE" speed="13.59" pos="132.29" lane="2/4to2/3_0" slope="0.00"/>
        <vehicle id="17" x="398.35" y="447.69" angle="0.00" type="DEFAULT_VEHTYPE" speed="13.16" pos="147.56" lane="2/3to2/2_0" slope="0.00"/>
        <vehicle id="2" x="376.29" y="401.65" angle="-90.00" type="DEFAULT_VEHTYPE" speed="13.87" pos="18.96" lane="2/2to1/2_0" slope="0.00"/>
        <vehicle id="20" x="598.35" y="472.65" angle="0.00" type="DEFAULT_VEHTYPE" speed="13.54" pos="122.60" lane="3/3to3/2_0" slope="0.00"/>
        <vehicle id="23" x="355.04" y="598.35" angle="90.00" type="DEFAULT_VEHTYPE" speed="13.49" pos="150.29" lane="1/3to2/3_0" slope="0.00"/>
        <vehicle id="7" x="436.54" y="198.35" angle="90.00" type="DEFAULT_VEHTYPE" speed="13.54" pos="31.79" lane="2/1to3/1_0" slope="0.00"/>
        <vehicle id="9" x="201.65" y="289.77" angle="180.00" type="DEFAULT_VEHTYPE" speed="12.76" pos="85.02" lane="1/1to1/2_0" slope="0.00"/>
    </timestep>
    <timestep time="392.00">
        <vehicle id="12" x="398.35" y="654.51" angle="0.00" type="DEFAULT_VEHTYPE" speed="13.20" pos="145.49" lane="2/4to2/3_0" slope="0.00"/>
        <vehicle id="17" x="398.35" y="434.23" angle="0.00" type="DEFAULT_VEHTYPE" speed="13.47" pos="161.02" lane="2/3to2/2_0" slope="0.00"/>
        <vehicle id="2" x="363.34" y="401.65" angle="-90.00" type="DEFAULT_VEHTYPE" speed="12.96" pos="31.91" lane="2/2to1/2_0" slope="0.00"/>
        <vehicle id="20" x="598.35" y="459.11" angle="0.00" type="DEFAULT_VEHTYPE" speed="13.54" pos="136.14" lane="3/3to3/2_0" slope="0.00"/>
        <vehicle id="23" x="368.05" y="598.35" angle="90.00" type="DEFAULT_VEHTYPE" speed="13.01" pos="163.30" lane="1/3to2/3_0" slope="0.00"/>
        <vehicle id="7" x="449.36" y="198.35" angle="90.00" type="DEFAULT_VEHTYPE" speed="12.82" pos="44.61" lane="2/1to3/1_0" slope="0.00"/>
        <vehicle id="9" x="201.65" y="302.57" angle="180.00" type="DEFAULT_VEHTYPE" speed="12.81" pos="97.82" lane="1/1to1/2_0" slope="0.00"/>
    </timestep>
    <timestep time="393.00">
        <vehicle id="12" x="398.35" y="641.89" angle="0.00" type="DEFAULT_VEHTYPE" speed="12.62" pos="158.11" lane="2/4to2/3_0" slope="0.00"/>
        <vehicle id="17" x="398.35" y="420.83" angle="0.00" type="DEFAULT_VEHTYPE" speed="13.40" pos="174.42" lane="2/3to2/2_0" slope="0.00"/>
        <vehicle id="2" x="350.33" y="401.65" angle="-90.00" type="DEFAULT_VEHTYPE" speed="13.01" pos="44.92" lane="2/2to1/2_0" slope="0.00"/>
        <vehicle id="20" x="598.35" y="446.21" angle="0.00" type="DEFAULT_VEHTYPE" speed="12.90" pos="149.04" lane="3/3to3/2_0" slope="0.00"/>
        <vehicle id="23" x="378.39" y="598.35" angle="90.00" type="DEFAULT_VEHTYPE" speed="10.34" pos="173.64" lane="1/3to2/3_0" slope="0.00"/>
        <vehicle id="7" x="462.61" y="198.35" angle="90.00" type="DEFAULT_VEHTYPE" speed="13.25" pos="57.86" lane="2/1to3/1_0" slope="0.00"/>
        <vehicle id="9" x="201.65" y="315.29" angle="180.00" type="DEFAULT_VEHTYPE" speed="12.71" pos="110.54" lane="1/1to1/2_0" slope="0.00"/>
    </timestep>
    <timestep time="394.00">
        <vehicle id="12" x="398.35" y="629.12" angle="0.00" type="DEFAULT_VEHTYPE" speed="12.78" pos="170.88" lane="2/4to2/3_0" slope="0.00"/>
        <vehicle id="17" x="398.35" y="407.83" angle="0.00" type="DEFAULT_VEHTYPE" speed="13.00" pos="187.42" lane="2/3to2/2_0" slope="0.00"/>
        <vehicle id="2" x="336.88" y="401.65" angle="-90.00" type="DEFAULT_VEHTYPE" speed="13.45" pos="58.37" lane="2/2to1/2_0" slope="0.00"/>
        <vehicle id="20" x="598.35" y="433.25" angle="0.00" type="DEFAULT_VEHTYPE" speed="12.96" pos="162.00" lane="3/3to3/2_0" slope="0.00"/>
        <vehicle id="23" x="385.86" y="598.35" angle="90.00" type="DEFAULT_VEHTYPE" speed="7.47" pos="181.11" lane="1/3to2/3_0" slope="0.00"/>
        <vehicle id="7" x="475.41" y="198.35" angle="90.00" type="DEFAULT_VEHTYPE" speed="12.80" pos="70.66" lane="2/1to3/1_0" slope="0.00"/>
        <vehicle id="9" x="201.65" y="327.98" angle="180.00" type="DEFAULT_VEHTYPE" speed="12.69" pos="123.23" lane="1/1to1/2_0" slope="0.00"/>
    </timestep>
    <timestep time="395.00">
        <vehicle id="12" x="398.35" y="615.77" angle="0.00" type="DEFAULT_VEHTYPE" speed="13.35" pos="184.23" lane="2/4to2/3_0" slope="0.00"/>
        <vehicle id="17" x="390.38" y="401.65" angle="-89.78" type="DEFAULT_VEHTYPE" speed="12.94" pos="4.87" lane="2/2to1/2_0" slope="0.00"/>
        <vehicle id="2" x="324.28" y="401.65" angle="-90.00" type="DEFAULT_VEHTYPE" speed="12.60" pos="70.97" lane="2/2to1/2_0" slope="0.00"/>
        <vehicle id="20" x="598.35" y="419.66" angle="0.00" type="DEFAULT_VEHTYPE" speed="13.59" pos="175.59" lane="3/3to3/2_0" slope="0.00"/>
        <vehicle id="23" x="389.18" y="598.35" angle="90.00" type="DEFAULT_VEHTYPE" speed="3.32" pos="184.43" lane="1/3to2/3_0" slope="0.00"/>
        <vehicle id="7" x="489.18" y="198.35" angle="90.00" type="DEFAULT_VEHTYPE" speed="13.78" pos="84.43" lane="2/1to3/1_0" slope="0.00"/>
        <vehicle id="9" x="201.65" y="341.62" angle="180.00" type="DEFAULT_VEHTYPE" speed="13.65" pos="136.87" lane="1/1to1/2_0" slope="0.00"/>
    </timestep>
    <timestep time="396.00">
        <vehicle id="12" x="398.35" y="602.54" angle="0.00" type="DEFAULT_VEHTYPE" speed="13.23" pos="2.21" lane=":2/3_1_0" slope="0.00"/>
        <vehicle id="17" x="376.87" y="401.65" angle="-90.00" type="DEFAULT_VEHTYPE" speed="13.51" pos="18.38" lane="2/2to1/2_0" slope="0.00"/>
        <vehicle id="2" x="310.41" y="401.65" angle="-90.00" type="DEFAULT_VEHTYPE" speed="13.87" pos="84.84" lane="2/2to1/2_0" slope="0.00"/>
        <vehicle id="20" x="598.35" y="406.72" angle="0.00" type="DEFAULT_VEHTYPE" speed="12.94" pos="188.53" lane="3/3to3/2_0" slope="0.00"/>
        <vehicle id="23" x="391.54" y="598.35" angle="90.00" type="DEFAULT_VEHTYPE" speed="2.37" pos="186.79" lane="1/3to2/3_0" slope="0.00"/>
        <vehicle id="7" x="502.94" y="198.35" angle="90.00" type="DEFAULT_VEHTYPE" speed="13.75" pos="98.19" lane="2/1to3/1_0" slope="0.00"/>
        <vehicle id="9" x="201.65" y="355.09" angle="180.00" type="DEFAULT_VEHTYPE" speed="13.47" pos="150.34" lane="1/1to1/2_0" slope="0.00"/>
    </timestep>
    <timestep time="397.00">
        <vehicle id="12" x="398.35" y="589.65" angle="0.00" type="DEFAULT_VEHTYPE" speed="12.89" pos="5.60" lane="2/3to2/2_0" slope="0.00"/>
        <vehicle id="17" x="363.25" y="401.65" angle="-90.00" type="DEFAULT_VEHTYPE" speed="13.62" pos="32.00" lane="2/2to1/2_0" slope="0.00"/>
        <vehicle id="2" x="296.52" y="401.65" angle="-90.00" type="DEFAULT_VEHTYPE" speed="13.88" pos="98.73" lane="2/2to1/2_0" slope="0.00"/>
        <vehicle id="20" x="589.24" y="401.65" angle="-90.00" type="DEFAULT_VEHTYPE" speed="12.98" pos="6.01" lane="3/2to2/2_0" slope="0.00"/>
        <vehicle id="23" x="394.14" y="598.35" angle="90.00" type="DEFAULT_VEHTYPE" speed="2.60" pos="189.39" lane="1/3to2/3_0" slope="0.00"/>
        <vehicle id="7" x="516.07" y="198.35" angle="90.00" type="DEFAULT_VEHTYPE" speed="13.14" pos="111.32" lane="2/1to3/1_0" slope="0.00"/>
        <vehicle id="9" x="201.65" y="368.93" angle="180.00" type="DEFAULT_VEHTYPE" speed="13.84" pos="164.18" lane="1/1to1/2_0" slope="0.00"/>
    </timestep>
    <timestep time="398.00">
        <vehicle id="12" x="398.35" y="575.84" angle="0.00" type="DEFAULT_VEHTYPE" speed="13.80" pos="19.41" lane="2/3to2/2_0" slope="0.00"/>
        <vehicle id="17" x="349.67" y="401.65" angle="-90.00" type="DEFAULT_VEHTYPE" speed="13.58" pos="45.58" lane="2/2to1/2_0" slope="0.00"/>
        <vehicle id="2" x="283.43" y="401.65" angle="-90.00" type="DEFAULT_VEHTYPE" speed="13.09" pos="111.82" lane="2/2to1/2_0" slope="0.00"/>
        <vehicle id="20" x="576.30" y="401.65" angle="-90.00" type="DEFAULT_VEHTYPE" speed="12.94" pos="18.95" lane="3/2to2/2_0" slope="0.00"/>
        <vehicle id="23" x="398.32" y="598.91" angle="96.47" type="DEFAULT_VEHTYPE" speed="4.25" pos="3.14" lane=":2/3_14_0" slope="0.00"/>
        <vehicle id="7" x="529.09" y="198.35" angle="90.00" type="DEFAULT_VEHTYPE" speed="13.01" pos="124.34" lane="2/1to3/1_0" slope="0.00"/>
        <vehicle id="9" x="201.65" y="381.84" angle="180.00" type="DEFAULT_VEHTYPE" speed="12.91" pos="177.09" lane="1/1to1/2_0" slope="0.00"/>
    </timestep>
    <timestep time="399.00">
        <vehicle id="12" x="398.35" y="563.23" angle="0.00" type="DEFAULT_VEHTYPE" speed="12.62" pos="32.02" lane="2/3to2/2_0" slope="0.00"/>
        <vehicle id="17" x="335.97" y="401.65" angle="-90.00" type="DEFAULT_VEHTYPE" speed="13.70" pos="59.28" lane="2/2to1/2_0" slope="0.00"/>
        <vehicle id="2" x="269.96" y="401.65" angle="-90.00" type="DEFAULT_VEHTYPE" speed="13.47" pos="125.29" lane="2/2to1/2_0" slope="0.00"/>
        <vehicle id="20" x="562.48" y="401.65" angle="-90.00" type="DEFAULT_VEHTYPE" speed="13.82" pos="32.77" lane="3/2to2/2_0" slope="0.00"/>
        <vehicle id="23" x="401.49" y="603.60" angle="151.10" type="DEFAULT_VEHTYPE" speed="6.02" pos="9.15" lane=":2/3_14_0" slope="0.00"/>
        <vehicle id="7" x="542.29" y="198.35" angle="90.00" type="DEFAULT_VEHTYPE" speed="13.21" pos="137.54" lane="2/1to3/1_0" slope="0.00"/>
        <vehicle id="9" x="201.65" y="395.50" angle="180.00" type="DEFAULT_VEHTYPE" speed="13.66" pos="0.25" lane=":1/2_9_0" slope="0.00"/>
    </timestep>
    <timestep time="400.00">
        <vehicle id="12" x="398.35" y="549.86" angle="0.00" type="DEFAULT_VEHTYPE" speed="13.37" pos="45.39" lane="2/3to2/2_0" slope="0.00"/>
        <vehicle id="17" x="322.60" y="401.65" angle="-90.00" type="DEFAULT_VEHTYPE" speed="13.37" pos="72.65" lane="2/2to1/2_0" slope="0.00"/>
        <vehicle id="2" x="257.14" y="401.65" angle="-90.00" type="DEFAULT_VEHTYPE" speed="12.82" pos="138.11" lane="2/2to1/2_0" slope="0.00"/>
        <vehicle id="20" x="548.76" y="401.65" angle="-90.00" type="DEFAULT_VEHTYPE" speed="13.72" pos="46.49" lane="3/2to2/2_0" slope="0.00"/>
        <vehicle id="23" x="401.65" y="611.78" angle="180.00" type="DEFAULT_VEHTYPE" speed="8.19" pos="7.03" lane="2/3to2/4_0" slope="0.00"/>
        <vehicle id="7" x="556.08" y="198.35" angle="90.00" type="DEFAULT_VEHTYPE" speed="13.78" pos="151.33" lane="2/1to3/1_0" slope="0.00"/>
        <vehicle id="9" x="201.65" y="409.29" angle="180.00" type="DEFAULT_VEHTYPE" speed="13.79" pos="4.54" lane="1/2to1/3_0" slope="0.00"/>
    </timestep>
    <timestep time="401.00">
        <vehicle id="12" x="398.35" y="536.16" angle="0.00" type="DEFAULT_VEHTYPE" speed="13.70" pos="59.09" lane="2/3to2/2_0" slope="0.00"/>
        <vehicle id="17" x="309.57" y="401.65" angle="-90.00" type="DEFAULT_VEHTYPE" speed="13.03" pos="85.68" lane="2/2to1/2_0" slope="0.00"/>
        <vehicle id="2" x="243.85" y="401.65" angle="-90.00" type="DEFAULT_VEHTYPE" speed="13.29" pos="151.40" lane="2/2to1/2_0" slope="0.00"/>
        <vehicle id="20" x="536.15" y="401.65" angle="-90.00" type="DEFAULT_VEHTYPE" speed="12.61" pos="59.10" lane="3/2to2/2_0" slope="0.00"/>
        <vehicle id="23" x="401.65" y="622.49" angle="180.00" type="DEFAULT_VEHTYPE" speed="10.71" pos="17.74" lane="2/3to2/4_0" slope="0.00"/>
        <vehicle id="7" x="569.39" y="198.35" angle="90.00" type="DEFAULT_VEHTYPE" speed="13.32" pos="164.64" lane="2/1to3/1_0" slope="0.00"/>
        <vehicle id="9" x="201.65" y="422.00" angle="180.00" type="DEFAULT_VEHTYPE" speed="12.72" pos="17.25" lane="1/2to1/3_0" slope="0.00"/>
    </timestep>
    <timestep time="402.00">
        <vehicle id="12" x="398.35" y="522.70" angle="0.00" type="DEFAULT_VEHTYPE" speed="13.46" pos="72.55" lane="2/3to2/2_0" slope="0.00"/>
        <vehicle id="17" x="296.30" y="401.65" angle="-90.00" type="DEFAULT_VEHTYPE" speed="13.27" pos="98.95" lane="2/2to1/2_0" slope="0.00"/>
        <vehicle id="2" x="230.78" y="401.65" angle="-90.00" type="DEFAULT_VEHTYPE" speed="13.07" pos="164.47" lane="2/2to1/2_0" slope="0.00"/>
        <vehicle id="20" x="523.37" y="401.65" angle="-90.00" type="DEFAULT_VEHTYPE" speed="12.77" pos="71.88" lane="3/2to2/2_0" slope="0.00"/>
        <vehicle id="23" x="401.65" y="634.53" angle="180.00" type="DEFAULT_VEHTYPE" speed="12.04" pos="29.78" lane="2/3to2/4_0" slope="0.00"/>
        <vehicle id="7" x="578.93" y="198.35" angle="90.00" type="DEFAULT_VEHTYPE" speed="9.54" pos="174.18" lane="2/1to3/1_0" slope="0.00"/>
        <vehicle id="9" x="201.65" y="435.86" angle="180.00" type="DEFAULT_VEHTYPE" speed="13.86" pos="31.11" lane="1/2to1/3_0" slope="0.00"/>
    </timestep>
    <timestep time="403.00">
        <vehicle id="12" x="398.35" y="508.86" angle="0.00" type="DEFAULT_VEHTYPE" speed="13.84" pos="86.39" lane="2/3to2/2_0" slope="0.00"/>
        <vehicle id="17" x="283.61" y="401.65" angle="-90.00" type="DEFAULT_VEHTYPE" speed="12.69" pos="111.64" lane="2/2to1/2_0" slope="0.00"/>
        <vehicle id="2" x="220.59" y="401.65" angle="-90.00" type="DEFAULT_VEHTYPE" speed="10.20" pos="174.66" lane="2/2to1/2_0" slope="0.00"/>
        <vehicle id="20" x="510.49" y="401.65" angle="-90.00" type="DEFAULT_VEHTYPE" speed="12.88" pos="84.76" lane="3/2to2/2_0" slope="0.00"/>
        <vehicle id="23" x="401.65" y="648.05" angle="180.00" type="DEFAULT_VEHTYPE" speed="13.53" pos="43.30" lane="2/3to2/4_0" slope="0.00"/>
        <vehicle id="7" x="585.71" y="198.35" angle="90.00" type="DEFAULT_VEHTYPE" speed="6.78" pos="180.96" lane="2/1to3/1_0" slope="0.00"/>
        <vehicle id="9" x="201.65" y="448.75" angle="180.00" type="DEFAULT_VEHTYPE" speed="12.89" pos="44.00" lane="1/2to1/3_0" slope="0.00"/>
    </timestep>
    <timestep time="404.00">
        <vehicle id="12" x="398.35" y="496.04" angle="0.00" type="DEFAULT_VEHTYPE" speed="12.81" pos="99.21" lane="2/3to2/2_0" slope="0.00"/>
        <vehicle id="17" x="270.88" y="401.65" angle="-90.00" type="DEFAULT_VEHTYPE" speed="12.73" pos="124.37" lane="2/2to1/2_0" slope="0.00"/>
        <vehicle id="2" x="213.25" y="401.65" angle="-90.00" type="DEFAULT_VEHTYPE" speed="7.34" pos="182.00" lane="2/2to1/2_0" slope="0.00"/>
        <vehicle id="20" x="496.95" y="401.65" angle="-90.00" type="DEFAULT_VEHTYPE" speed="13.55" pos="98.30" lane="3/2to2/2_0" slope="0.00"/>
        <vehicle id="23" x="401.65" y="661.68" angle="180.00" type="DEFAULT_VEHTYPE" speed="13.62" pos="56.93" lane="2/3to2/4_0" slope="0.00"/>
        <vehicle id="7" x="589.92" y="198.35" angle="90.00" type="DEFAULT_VEHTYPE" speed="4.21" pos="185.17" lane="2/1to3/1_0" slope="0.00"/>
        <vehicle id="9" x="201.65" y="461.91" angle="180.00" type="DEFAULT_VEHTYPE" speed="13.15" pos="57.16" lane="1/2to1/3_0" slope="0.00"/>
    </timestep>
    <timestep time="405.00">
        <vehicle id="12" x="398.35" y="482.80" angle="0.00" type="DEFAULT_VEHTYPE" speed="13.24" pos="112.45" lane="2/3to2/2_0" slope="0.00"/>
        <vehicle id="17" x="257.16" y="401.65" angle="-90.00" type="DEFAULT_VEHTYPE" speed="13.73" pos="138.09" lane="2/2to1/2_0" slope="0.00"/>
        <vehicle id="2" x="209.17" y="401.65" angle="-90.00" type="DEFAULT_VEHTYPE" speed="4.08" pos="186.08" lane="2/2to1/2_0" slope="0.00"/>
        <vehicle id="20" x="483.70" y="401.65" angle="-90.00" type="DEFAULT_VEHTYPE" speed="13.25" pos="111.55" lane="3/2to2/2_0" slope="0.00"/>
        <vehicle id="23" x="401.65" y="674.41" angle="180.00" type="DEFAULT_VEHTYPE" speed="12.73" pos="69.66" lane="2/3to2/4_0" slope="0.00"/>
        <vehicle id="7" x="596.61" y="198.35" angle="90.00" type="DEFAULT_VEHTYPE" speed="6.69" pos="1.36" lane=":3/1_13_0" slope="0.00"/>
        <vehicle id="9" x="201.65" y="475.36" angle="180.00" type="DEFAULT_VEHTYPE" speed="13.45" pos="70.61" lane="1/2to1/3_0" slope="0.00"/>
    </timestep>
    <timestep time="406.00">
        <vehicle id="12" x="398.35" y="468.99" angle="0.00" type="DEFAULT_VEHTYPE" speed="13.82" pos="126.26" lane="2/3to2/2_0" slope="0.00"/>
        <vehicle id="17" x="244.05" y="401.65" angle="-90.00" type="DEFAULT_VEHTYPE" speed="13.11" pos="151.20" lane="2/2to1/2_0" slope="0.00"/>
        <vehicle id="2" x="202.79" y="401.65" angle="-90.00" type="DEFAULT_VEHTYPE" speed="6.38" pos="1.96" lane=":1/2_5_0" slope="0.00"/>
        <vehicle id="20" x="470.94" y="401.65" angle="-90.00" type="DEFAULT_VEHTYPE" speed="12.76" pos="124.31" lane="3/2to2/2_0" slope="0.00"/>
        <vehicle id="23" x="401.65" y="687.27" angle="180.00" type="DEFAULT_VEHTYPE" speed="12.86" pos="82.52" lane="2/3to2/4_0" slope="0.00"/>
        <vehicle id="7" x="604.85" y="198.35" angle="90.00" type="DEFAULT_VEHTYPE" speed="8.24" pos="0.10" lane="3/1to4/1_0" slope="0.00"/>
        <vehicle id="9" x="201.65" y="488.26" angle="180.00" type="DEFAULT_VEHTYPE" speed="12.90" pos="83.51" lane="1/2to1/3_0" slope="0.00"/>
    </timestep>
    <timestep time="407.00">
        <vehicle id="12" x="398.35" y="455.40" angle="0.00" type="DEFAULT_VEHTYPE" speed="13.59" pos="139.85" lane="2/3to2/2_0" slope="0.00"/>
        <vehicle id="17" x="230.76" y="401.65" angle="-90.00" type="DEFAULT_VEHTYPE" speed="13.29" pos="164.49" lane="2/2to1/2_0" slope="0.00"/>
        <vehicle id="2" x="194.25" y="401.65" angle="-90.00" type="DEFAULT_VEHTYPE" speed="8.54" pos="1.00" lane="1/2to0/2_0" slope="0.00"/>
        <vehicle id="20" x="458.29" y="401.65" angle="-90.00" type="DEFAULT_VEHTYPE" speed="12.65" pos="136.96" lane="3/2to2/2_0" slope="0.00"/>
        <vehicle id="23" x="401.65" y="700.86" angle="180.00" type="DEFAULT_VEHTYPE" speed="13.59" pos="96.11" lane="2/3to2/4_0" slope="0.00"/>
        <vehicle id="7" x="615.55" y="198.35" angle="90.00" type="DEFAULT_VEHTYPE" speed="10.70" pos="10.80" lane="3/1to4/1_0" slope="0.00"/>
        <vehicle id="9" x="201.65" y="501.61" angle="180.00" type="DEFAULT_VEHTYPE" speed="13.35" pos="96.86" lane="1/2to1/3_0" slope="0.00"/>
    </timestep>
    <timestep time="408.00">
        <vehicle id="12" x="398.35" y="441.66" angle="0.00" type="DEFAULT_VEHTYPE" speed="13.73" pos="153.59" lane="2/3to2/2_0" slope="0.00"/>
        <vehicle id="17" x="220.10" y="401.65" angle="-90.00" type="DEFAULT_VEHTYPE" speed="10.66" pos="175.15" lane="2/2to1/2_0" slope="0.00"/>
        <vehicle id="2" x="183.22" y="401.65" angle="-90.00" type="DEFAULT_VEHTYPE" speed="11.03" pos="12.03" lane="1/2to0/2_0" slope="0.00"/>
        <vehicle id="20" x="445.46" y="401.65" angle="-90.00" type="DEFAULT_VEHTYPE" speed="12.83" pos="149.79" lane="3/2to2/2_0" slope="0.00"/>
        <vehicle id="23" x="401.65" y="714.62" angle="180.00" type="DEFAULT_VEHTYPE" speed="13.76" pos="109.87" lane="2/3to2/4_0" slope="0.00"/>
        <vehicle id="7" x="627.61" y="198.35" angle="90.00" type="DEFAULT_VEHTYPE" speed="12.06" pos="22.86" lane="3/1to4/1_0" slope="0.00"/>
        <vehicle id="9" x="201.65" y="514.24" angle="180.00" type="DEFAULT_VEHTYPE" speed="12.63" pos="109.49" lane="1/2to1/3_0" slope="0.00"/>
    </timestep>
    <timestep time="409.00">
        <vehicle id="12" x="398.35" y="428.92" angle="0.00" type="DEFAULT_VEHTYPE" speed="12.74" pos="166.33" lane="2/3to2/2_0" slope="0.00"/>
        <vehicle id="17" x="212.99" y="401.65" angle="-90.00" type="DEFAULT_VEHTYPE" speed="7.11" pos="182.26" lane="2/2to1/2_0" slope="0.00"/>
        <vehicle id="2" x="169.87" y="401.65" angle="-90.00" type="DEFAULT_VEHTYPE" speed="13.35" pos="25.38" lane="1/2to0/2_0" slope="0.00"/>
        <vehicle id="20" x="432.04" y="401.65" angle="-90.00" type="DEFAULT_VEHTYPE" speed="13.41" pos="163.21" lane="3/2to2/2_0" slope="0.00"/>
        <vehicle id="23" x="401.65" y="727.98" angle="180.00" type="DEFAULT_VEHTYPE" speed="13.36" pos="123.23" lane="2/3to2/4_0" slope="0.00"/>
        <vehicle id="7" x="640.79" y="198.35" angle="90.00" type="DEFAULT_VEHTYPE" speed="13.18" pos="36.04" lane="3/1to4/1_0" slope="0.00"/>
        <vehicle id="9" x="201.65" y="527.57" angle="180.00" type="DEFAULT_VEHTYPE" speed="13.33" pos="122.82" lane="1/2to1/3_0" slope="0.00"/>
    </timestep>
    <timestep time="410.00">
        <vehicle id="12" x="398.35" y="415.18" angle="0.00" type="DEFAULT_VEHTYPE" speed="13.74" pos="180.07" lane="2/3to2/2_0" slope="0.00"/>
        <vehicle id="17" x="209.14" y="401.65" angle="-90.00" type="DEFAULT_VEHTYPE" speed="3.86" pos="186.11" lane="2/2to1/2_0" slope="0.00"/>
        <vehicle id="2" x="156.95" y="401.65" angle="-90.00" type="DEFAULT_VEHTYPE" speed="12.92" pos="38.30" lane="1/2to0/2_0" slope="0.00"/>
        <vehicle id="20" x="421.94" y="401.65" angle="-90.00" type="DEFAULT_VEHTYPE" speed="10.10" pos="173.31" lane="3/2to2/2_0" slope="0.00"/>
        <vehicle id="23" x="401.65" y="741.40" angle="180.00" type="DEFAULT_VEHTYPE" speed="13.42" pos="136.65" lane="2/3to2/4_0" slope="0.00"/>
        <vehicle id="7" x="654.03" y="198.35" angle="90.00" type="DEFAULT_VEHTYPE" speed="13.24" pos="49.28" lane="3/1to4/1_0" slope="0.00"/>
        <vehicle id="9" x="201.65" y="540.17" angle="180.00" type="DEFAULT_VEHTYPE" speed="12.60" pos="135.42" lane="1/2to1/3_0" slope="0.00"/>
    </timestep>
    <timestep time="411.00">
        <vehicle id="12" x="398.35" y="401.39" angle="0.00" type="DEFAULT_VEHTYPE" speed="13.79" pos="3.36" lane=":2/2_1_0" slope="0.00"/>
        <vehicle id="17" x="203.49" y="401.65" angle="-90.00" type="DEFAULT_VEHTYPE" speed="5.65" pos="1.26" lane=":1/2_5_0" slope="0.00"/>
        <vehicle id="2" x="143.16" y="401.65" angle="-90.00" type="DEFAULT_VEHTYPE" speed="13.79" pos="52.09" lane="1/2to0/2_0" slope="0.00"/>
        <vehicle id="20" x="414.68" y="401.65" angle="-90.00" type="DEFAULT_VEHTYPE" speed="7.26" pos="180.57" lane="3/2to2/2_0" slope="0.00"/>
        <vehicle id="23" x="401.65" y="754.51" angle="180.00" type="DEFAULT_VEHTYPE" speed="13.11" pos="149.76" lane="2/3to2/4_0" slope="0.00"/>
        <vehicle id="7" x="667.82" y="198.35" angle="90.00" type="DEFAULT_VEHTYPE" speed="13.80" pos="63.07" lane="3/1to4/1_0" slope="0.00"/>
        <vehicle id="9" x="201.65" y="552.90" angle="180.00" type="DEFAULT_VEHTYPE" speed="12.73" pos="148.15" lane="1/2to1/3_0" slope="0.00"/>
    </timestep>
    <timestep time="412.00">
        <vehicle id="12" x="398.35" y="388.25" angle="0.00" type="DEFAULT_VEHTYPE" speed="13.14" pos="7.00" lane="2/2to2/1_0" slope="0.00"/>
        <vehicle id="17" x="195.41" y="401.65" angle="-90.00" type="DEFAULT_VEHTYPE" speed="8.08" pos="9.34" lane=":1/2_5_0" slope="0.00"/>
        <vehicle id="2" x="130.39" y="401.65" angle="-90.00" type="DEFAULT_VEHTYPE" speed="12.77" pos="64.86" lane="1/2to0/2_0" slope="0.00"/>
        <vehicle id="20" x="410.57" y="401.65" angle="-90.00" type="DEFAULT_VEHTYPE" speed="4.12" pos="184.68" lane="3/2to2/2_0" slope="0.00"/>
        <vehicle id="23" x="401.65" y="767.12" angle="180.00" type="DEFAULT_VEHTYPE" speed="12.61" pos="162.37" lane="2/3to2/4_0" slope="0.00"/>
        <vehicle id="7" x="680.88" y="198.35" angle="90.00" type="DEFAULT_VEHTYPE" speed="13.05" pos="76.13" lane="3/1to4/1_0" slope="0.00"/>
        <vehicle id="9" x="201.65" y="566.29" angle="180.00" type="DEFAULT_VEHTYPE" speed="13.40" pos="161.54" lane="1/2to1/3_0" slope="0.00"/>
    </timestep>
    <timestep time="413.00">
        <vehicle id="12" x="398.35" y="374.78" angle="0.00" type="DEFAULT_VEHTYPE" speed="13.48" pos="20.47" lane="2/2to2/1_0" slope="0.00"/>
        <vehicle id="17" x="185.27" y="401.65" angle="-90.00" type="DEFAULT_VEHTYPE" speed="10.14" pos="9.98" lane="1/2to0/2_0" slope="0.00"/>
        <vehicle id="2" x="117.53" y="401.65" angle="-90.00" type="DEFAULT_VEHTYPE" speed="12.86" pos="77.72" lane="1/2to0/2_0" slope="0.00"/>
        <vehicle id="20" x="404.67" y="401.64" angle="-89.87" type="DEFAULT_VEHTYPE" speed="5.90" pos="0.08" lane=":2/2_6_0" slope="0.00"/>
        <vehicle id="23" x="401.65" y="780.13" angle="180.00" type="DEFAULT_VEHTYPE" speed="13.02" pos="175.38" lane="2/3to2/4_0" slope="0.00"/>
        <vehicle id="7" x="693.80" y="198.35" angle="90.00" type="DEFAULT_VEHTYPE" speed="12.92" pos="89.05" lane="3/1to4/1_0" slope="0.00"/>
        <vehicle id="9" x="201.65" y="579.61" angle="180.00" type="DEFAULT_VEHTYPE" speed="13.32" pos="174.86" lane="1/2to1/3_0" slope="0.00"/>
    </timestep>
    <timestep time="414.00">
        <vehicle id="12" x="398.35" y="361.08" angle="0.00" type="DEFAULT_VEHTYPE" speed="13.70" pos="34.17" lane="2/2to2/1_0" slope="0.00"/>
        <vehicle id="17" x="173.59" y="401.65" angle="-90.00" type="DEFAULT_VEHTYPE" speed="11.68" pos="21.66" lane="1/2to0/2_0" slope="0.00"/>
        <vehicle id="2" x="104.67" y="401.65" angle="-90.00" type="DEFAULT_VEHTYPE" speed="12.85" pos="90.58" lane="1/2to0/2_0" slope="0.00"/>
        <vehicle id="20" x="398.61" y="397.08" angle="-36.02" type="DEFAULT_VEHTYPE" speed="8.39" pos="8.47" lane=":2/2_6_0" slope="0.00"/>
        <vehicle id="23" x="401.65" y="793.68" angle="180.00" type="DEFAULT_VEHTYPE" speed="13.55" pos="188.93" lane="2/3to2/4_0" slope="0.00"/>
        <vehicle id="7" x="706.92" y="198.35" angle="90.00" type="DEFAULT_VEHTYPE" speed="13.12" pos="102.17" lane="3/1to4/1_0" slope="0.00"/>
        <vehicle id="9" x="201.65" y="592.72" angle="180.00" type="DEFAULT_VEHTYPE" speed="13.11" pos="187.97" lane="1/2to1/3_0" slope="0.00"/>
    </timestep>
    <timestep time="415.00">
        <vehicle id="12" x="398.35" y="347.65" angle="0.00" type="DEFAULT_VEHTYPE" speed="13.43" pos="47.60" lane="2/2to2/1_0" slope="0.00"/>
        <vehicle id="17" x="160.26" y="401.65" angle="-90.00" type="DEFAULT_VEHTYPE" speed="13.33" pos="34.99" lane="1/2to0/2_0" slope="0.00"/>
        <vehicle id="2" x="91.65" y="401.65" angle="-90.00" type="DEFAULT_VEHTYPE" speed="13.03" pos="103.60" lane="1/2to0/2_0" slope="0.00"/>
        <vehicle id="20" x="398.35" y="387.09" angle="0.00" type="DEFAULT_VEHTYPE" speed="10.01" pos="8.16" lane="2/2to2/1_0" slope="0.00"/>
        <vehicle id="23" x="398.35" y="797.41" angle="-21.25" type="DEFAULT_VEHTYPE" speed="13.73" pos="2.59" lane="2/4to2/3_0" slope="0.00"/>
        <vehicle id="7" x="719.86" y="198.35" angle="90.00" type="DEFAULT_VEHTYPE" speed="12.94" pos="115.11" lane="3/1to4/1_0" slope="0.00"/>
        <vehicle id="9" x="210.61" y="598.35" angle="90.00" type="DEFAULT_VEHTYPE" speed="13.38" pos="5.86" lane="1/3to2/3_0" slope="0.00"/>
    </timestep>
    <timestep time="416.00">
        <vehicle id="12" x="398.35" y="334.98" angle="0.00" type="DEFAULT_VEHTYPE" speed="12.66" pos="60.27" lane="2/2to2/1_0" slope="0.00"/>
        <vehicle id="17" x="146.92" y="401.65" angle="-90.00" type="DEFAULT_VEHTYPE" speed="13.34" pos="48.33" lane="1/2to0/2_0" slope="0.00"/>
        <vehicle id="2" x="78.10" y="401.65" angle="-90.00" type="DEFAULT_VEHTYPE" speed="13.55" pos="117.15" lane="1/2to0/2_0" slope="0.00"/>
        <vehicle id="20" x="398.35" y="374.79" angle="0.00" type="DEFAULT_VEHTYPE" speed="12.30" pos="20.46" lane="2/2to2/1_0" slope="0.00"/>
        <vehicle id="23" x="398.35" y="784.09" angle="0.00" type="DEFAULT_VEHTYPE" speed="13.32" pos="15.91" lane="2/4to2/3_0" slope="0.00"/>
        <vehicle id="7" x="732.54" y="198.35" angle="90.00" type="DEFAULT_VEHTYPE" speed="12.68" pos="127.79" lane="3/1to4/1_0" slope="0.00"/>
        <vehicle id="9" x="223.23" y="598.35" angle="90.00" type="DEFAULT_VEHTYPE" speed="12.62" pos="18.48" lane="1/3to2/3_0" slope="0.00"/>
    </timestep>
    <timestep time="417.00">
        <vehicle id="12" x="398.35" y="322.24" angle="0.00" type="DEFAULT_VEHTYPE" speed="12.74" pos="73.01" lane="2/2to2/1_0" slope="0.00"/>
        <vehicle id="17" x="133.72" y="401.65" angle="-90.00" type="DEFAULT_VEHTYPE" speed="13.20" pos="61.53" lane="1/2to0/2_0" slope="0.00"/>
        <vehicle id="2" x="64.81" y="401.65" angle="-90.00" type="DEFAULT_VEHTYPE" speed="13.29" pos="130.44" lane="1/2to0/2_0" slope="0.00"/>
        <vehicle id="20" x="398.35" y="361.46" angle="0.00" type="DEFAULT_VEHTYPE" speed="13.33" pos="33.79" lane="2/2to2/1_0" slope="0.00"/>
        <vehicle id="23" x="398.35" y="771.02" angle="0.00" type="DEFAULT_VEHTYPE" speed="13.07" pos="28.98" lane="2/4to2/3_0" slope="0.00"/>
        <vehicle id="7" x="746.15" y="198.35" angle="90.00" type="DEFAULT_VEHTYPE" speed="13.61" pos="141.40" lane="3/1to4/1_0" slope="0.00"/>
        <vehicle id="9" x="235.89" y="598.35" angle="90.00" type="DEFAULT_VEHTYPE" speed="12.66" pos="31.14" lane="1/3to2/3_0" slope="0.00"/>
    </timestep>
    <timestep time="418.00">
        <vehicle id="12" x="398.35" y="309.51" angle="0.00" type="DEFAULT_VEHTYPE" speed="12.73" pos="85.74" lane="2/2to2/1_0" slope="0.00"/>
        <vehicle id="17" x="120.16" y="401.65" angle="-90.00" type="DEFAULT_VEHTYPE" speed="13.55" pos="75.09" lane="1/2to0/2_0" slope="0.00"/>
        <vehicle id="2" x="51.94" y="401.65" angle="-90.00" type="DEFAULT_VEHTYPE" speed="12.86" pos="143.31" lane="1/2to0/2_0" slope="0.00"/>
        <vehicle id="20" x="398.35" y="348.19" angle="0.00" type="DEFAULT_VEHTYPE" speed="13.28" pos="47.06" lane="2/2to2/1_0" slope="0.00"/>
        <vehicle id="23" x="398.35" y="758.02" angle="0.00" type="DEFAULT_VEHTYPE" speed="13.00" pos="41.98" lane="2/4to2/3_0" slope="0.00"/>
        <vehicle id="7" x="759.07" y="198.35" angle="90.00" type="DEFAULT_VEHTYPE" speed="12.92" pos="154.32" lane="3/1to4/1_0" slope="0.00"/>
        <vehicle id="9" x="249.00" y="598.35" angle="90.00" type="DEFAULT_VEHTYPE" speed="13.11" pos="44.25" lane="1/3to2/3_0" slope="0.00"/>
    </timestep>
    <timestep time="419.00">
        <vehicle id="12" x="398.35" y="296.02" angle="0.00" type="DEFAULT_VEHTYPE" speed="13.49" pos="99.23" lane="2/2to2/1_0" slope="0.00"/>
        <vehicle id="17" x="107.12" y="401.65" angle="-90.00" type="DEFAULT_VEHTYPE" speed="13.04" pos="88.13" lane="1/2to0/2_0" slope="0.00"/>
        <vehicle id="2" x="38.15" y="401.65" angle="-90.00" type="DEFAULT_VEHTYPE" speed="13.79" pos="157.10" lane="1/2to0/2_0" slope="0.00"/>
        <vehicle id="20" x="398.35" y="334.55" angle="0.00" type="DEFAULT_VEHTYPE" speed="13.64" pos="60.70" lane="2/2to2/1_0" slope="0.00"/>
        <vehicle id="23" x="398.35" y="744.99" angle="0.00" type="DEFAULT_VEHTYPE" speed="13.03" pos="55.01" lane="2/4to2/3_0" slope="0.00"/>
        <vehicle id="7" x="772.52" y="198.35" angle="90.00" type="DEFAULT_VEHTYPE" speed="13.45" pos="167.77" lane="3/1to4/1_0" slope="0.00"/>
        <vehicle id="9" x="262.22" y="598.35" angle="90.00" type="DEFAULT_VEHTYPE" speed="13.22" pos="57.47" lane="1/3to2/3_0" slope="0.00"/>
    </timestep>
    <timestep time="420.00">
        <vehicle id="12" x="398.35" y="282.29" angle="0.00" type="DEFAULT_VEHTYPE" speed="13.73" pos="112.96" lane="2/2to2/1_0" slope="0.00"/>
        <vehicle id="17" x="93.34" y="401.65" angle="-90.00" type="DEFAULT_VEHTYPE" speed="13.78" pos="101.91" lane="1/2to0/2_0" slope="0.00"/>
        <vehicle id="2" x="25.34" y="401.65" angle="-90.00" type="DEFAULT_VEHTYPE" speed="12.81" pos="169.91" lane="1/2to0/2_0" slope="0.00"/>
        <vehicle id="20" x="398.35" y="321.48" angle="0.00" type="DEFAULT_VEHTYPE" speed="13.07" pos="73.77" lane="2/2to2/1_0" slope="0.00"/>
        <vehicle id="23" x="398.35" y="731.10" angle="0.00" type="DEFAULT_VEHTYPE" speed="13.89" pos="68.90" lane="2/4to2/3_0" slope="0.00"/>
        <vehicle id="7" x="785.97" y="198.35" angle="90.00" type="DEFAULT_VEHTYPE" speed="13.45" pos="181.22" lane="3/1to4/1_0" slope="0.00"/>
        <vehicle id="9" x="275.22" y="598.35" angle="90.00" type="DEFAULT_VEHTYPE" speed="13.00" pos="70.47" lane="1/3to2/3_0" slope="0.00"/>
    </timestep>
    <timestep time="421.00">
        <vehicle id="12" x="398.35" y="268.73" angle="0.00" type="DEFAULT_VEHTYPE" speed="13.56" pos="126.52" lane="2/2to2/1_0" slope="0.00"/>
        <vehicle id="17" x="80.44" y="401.65" angle="-90.00" type="DEFAULT_VEHTYPE" speed="12.91" pos="114.81" lane="1/2to0/2_0" slope="0.00"/>
        <vehicle id="2" x="12.06" y="401.65" angle="-90.00" type="DEFAULT_VEHTYPE" speed="13.28" pos="183.19" lane="1/2to0/2_0" slope="0.00"/>
        <vehicle id="20" x="398.35" y="308.75" angle="0.00" type="DEFAULT_VEHTYPE" speed="12.73" pos="86.50" lane="2/2to2/1_0" slope="0.00"/>
        <vehicle id="23" x="398.35" y="718.44" angle="0.00" type="DEFAULT_VEHTYPE" speed="12.66" pos="81.56" lane="2/4to2/3_0" slope="0.00"/>
        <vehicle id="7" x="798.60" y="198.35" angle="90.00" type="DEFAULT_VEHTYPE" speed="12.63" pos="193.85" lane="3/1to4/1_0" slope="0.00"/>
        <vehicle id="9" x="288.56" y="598.35" angle="90.00" type="DEFAULT_VEHTYPE" speed="13.34" pos="83.81" lane="1/3to2/3_0" slope="0.00"/>
    </timestep>
    <timestep time="422.00">
        <vehicle id="12" x="398.35" y="254.99" angle="0.00" type="DEFAULT_VEHTYPE" speed="13.74" pos="140.26" lane="2/2to2/1_0" slope="0.00"/>
        <vehicle id="17" x="66.97" y="401.65" angle="-90.00" type="DEFAULT_VEHTYPE" speed="13.46" pos="128.28" lane="1/2to0/2_0" slope="0.00"/>
        <vehicle id="2" x="-1.14" y="400.90" angle="-81.04" type="DEFAULT_VEHTYPE" speed="13.43" pos="1.36" lane=":0/2_0_0" slope="0.00"/>
        <vehicle id="20" x="398.35" y="295.93" angle="0.00" type="DEFAULT_VEHTYPE" speed="12.82" pos="99.32" lane="2/2to2/1_0" slope="0.00"/>
        <vehicle id="23" x="398.35" y="705.79" angle="0.00" type="DEFAULT_VEHTYPE" speed="12.65" pos="94.21" lane="2/4to2/3_0" slope="0.00"/>
        <vehicle id="7" x="793.43" y="201.65" angle="-90.00" type="DEFAULT_VEHTYPE" speed="12.79" pos="6.57" lane="4/1to3/1_0" slope="0.00"/>
        <vehicle id="9" x="302.35" y="598.35" angle="90.00" type="DEFAULT_VEHTYPE" speed="13.79" pos="97.60" lane="1/3to2/3_0" slope="0.00"/>
    </timestep>
    <timestep time="423.00">
        <vehicle id="12" x="398.35" y="241.41" angle="0.00" type="DEFAULT_VEHTYPE" speed="13.58" pos="153.84" lane="2/2to2/1_0" slope="0.00"/>
        <vehicle id="17" x="53.16" y="401.65" angle="-90.00" type="DEFAULT_VEHTYPE" speed="13.81" pos="142.09" lane="1/2to0/2_0" slope="0.00"/>
        <vehicle id="2" x="9.87" y="398.35" angle="90.00" type="DEFAULT_VEHTYPE" speed="13.33" pos="9.87" lane="0/2to1/2_0" slope="0.00"/>
        <vehicle id="20" x="398.35" y="283.22" angle="0.00" type="DEFAULT_VEHTYPE" speed="12.71" pos="112.03" lane="2/2to2/1_0" slope="0.00"/>
        <vehicle id="23" x="398.35" y="692.46" angle="0.00" type="DEFAULT_VEHTYPE" speed="13.33" pos="107.54" lane="2/4to2/3_0" slope="0.00"/>
        <vehicle id="7" x="780.71" y="201.65" angle="-90.00" type="DEFAULT_VEHTYPE" speed="12.72" pos="19.29" lane="4/1to3/1_0" slope="0.00"/>
        <vehicle id="9" x="315.82" y="598.35" angle="90.00" type="DEFAULT_VEHTYPE" speed="13.46" pos="111.07" lane="1/3to2/3_0" slope="0.00"/>
    </timestep>
    <timestep time="424.00">
        <vehicle id="12" x="398.35" y="228.26" angle="0.00" type="DEFAULT_VEHTYPE" speed="13.15" pos="166.99" lane="2/2to2/1_0" slope="0.00"/>
        <vehicle id="17" x="40.19" y="401.65" angle="-90.00" type="DEFAULT_VEHTYPE" speed="12.98" pos="155.06" lane="1/2to0/2_0" slope="0.00"/>
        <vehicle id="2" x="23.57" y="398.35" angle="90.00" type="DEFAULT_VEHTYPE" speed="13.70" pos="23.57" lane="0/2to1/2_0" slope="0.00"/>
        <vehicle id="20" x="398.35" y="269.33" angle="0.00" type="DEFAULT_VEHTYPE" speed="13.89" pos="125.92" lane="2/2to2/1_0" slope="0.00"/>
        <vehicle id="23" x="398.35" y="679.73" angle="0.00" type="DEFAULT_VEHTYPE" speed="12.73" pos="120.27" lane="2/4to2/3_0" slope="0.00"/>
        <vehicle id="7" x="767.02" y="201.65" angle="-90.00" type="DEFAULT_VEHTYPE" speed="13.69" pos="32.98" lane="4/1to3/1_0" slope="0.00"/>
        <vehicle id="9" x="329.44" y="598.35" angle="90.00" type="DEFAULT_VEHTYPE" speed="13.63" pos="124.69" lane="1/3to2/3_0" slope="0.00"/>
    </timestep>
    <timestep time="425.00">
        <vehicle id="12" x="398.35" y="214.96" angle="0.00" type="DEFAULT_VEHTYPE" speed="13.30" pos="180.29" lane="2/2to2/1_0" slope="0.00"/>
        <vehicle id="17" x="27.44" y="401.65" angle="-90.00" type="DEFAULT_VEHTYPE" speed="12.74" pos="167.81" lane="1/2to0/2_0" slope="0.00"/>
        <vehicle id="2" x="36.49" y="398.35" angle="90.00" type="DEFAULT_VEHTYPE" speed="12.91" pos="36.49" lane="0/2to1/2_0" slope="0.00"/>
        <vehicle id="20" x="398.35" y="255.51" angle="0.00" type="DEFAULT_VEHTYPE" speed="13.82" pos="139.74" lane="2/2to2/1_0" slope="0.00"/>
        <vehicle id="23" x="398.35" y="666.23" angle="0.00" type="DEFAULT_VEHTYPE" speed="13.50" pos="133.77" lane="2/4to2/3_0" slope="0.00"/>
        <vehicle id="7" x="753.39" y="201.65" angle="-90.00" type="DEFAULT_VEHTYPE" speed="13.63" pos="46.61" lane="4/1to3/1_0" slope="0.00"/>
        <vehicle id="9" x="342.21" y="598.35" angle="90.00" type="DEFAULT_VEHTYPE" speed="12.77" pos="137.46" lane="1/3to2/3_0" slope="0.00"/>
    </timestep>
    <timestep time="426.00">
        <vehicle id="12" x="397.00" y="202.07" angle="-16.64" type="DEFAULT_VEHTYPE" speed="13.38" pos="3.17" lane=":2/1_0_0" slope="0.00"/>
        <vehicle id="17" x="14.48" y="401.65" angle="-90.00" type="DEFAULT_VEHTYPE" speed="12.96" pos="180.77" lane="1/2to0/2_0" slope="0.00"/>
        <vehicle id="2" x="49.10" y="398.35" angle="90.00" type="DEFAULT_VEHTYPE" speed="12.61" pos="49.10" lane="0/2to1/2_0" slope="0.00"/>
        <vehicle id="20" x="398.35" y="241.69" angle="0.00" type="DEFAULT_VEHTYPE" speed="13.83" pos="153.56" lane="2/2to2/1_0" slope="0.00"/>
        <vehicle id="23" x="398.35" y="652.77" angle="0.00" type="DEFAULT_VEHTYPE" speed="13.46" pos="147.23" lane="2/4to2/3_0" slope="0.00"/>
        <vehicle id="7" x="740.29" y="201.65" angle="-90.00" type="DEFAULT_VEHTYPE" speed="13.10" pos="59.71" lane="4/1to3/1_0" slope="0.00"/>
        <vehicle id="9" x="355.47" y="598.35" angle="90.00" type="DEFAULT_VEHTYPE" speed="13.26" pos="150.72" lane="1/3to2/3_0" slope="0.00"/>
    </timestep>
    <timestep time="427.00">
        <vehicle id="12" x="383.59" y="201.65" angle="-90.00" type="DEFAULT_VEHTYPE" speed="13.49" pos="11.66" lane="2/1to1/1_0" slope="0.00"/>
        <vehicle id="17" x="0.68" y="401.65" angle="-90.00" type="DEFAULT_VEHTYPE" speed="13.80" pos="194.57" lane="1/2to0/2_0" slope="0.00"/>
        <vehicle id="2" x="61.86" y="398.35" angle="90.00" type="DEFAULT_VEHTYPE" speed="12.77" pos="61.86" lane="0/2to1/2_0" slope="0.00"/>
        <vehicle id="20" x="398.35" y="227.88" angle="0.00" type="DEFAULT_VEHTYPE" speed="13.81" pos="167.37" lane="2/2to2/1_0" slope="0.00"/>
        <vehicle id="23" x="398.35" y="639.38" angle="0.00" type="DEFAULT_VEHTYPE" speed="13.38" pos="160.62" lane="2/4to2/3_0" slope="0.00"/>
        <vehicle id="7" x="727.67" y="201.65" angle="-90.00" type="DEFAULT_VEHTYPE" speed="12.62" pos="72.33" lane="4/1to3/1_0" slope="0.00"/>
        <vehicle id="9" x="368.14" y="598.35" angle="90.00" type="DEFAULT_VEHTYPE" speed="12.67" pos="163.39" lane="1/3to2/3_0" slope="0.00"/>
    </timestep>
    <timestep time="428.00">
        <vehicle id="12" x="370.72" y="201.65" angle="-90.00" type="DEFAULT_VEHTYPE" speed="12.86" pos="24.53" lane="2/1to1/1_0" slope="0.00"/>
        <vehicle id="17" x="7.12" y="398.35" angle="90.00" type="DEFAULT_VEHTYPE" speed="12.62" pos="7.12" lane="0/2to1/2_0" slope="0.00"/>
        <vehicle id="2" x="74.93" y="398.35" angle="90.00" type="DEFAULT_VEHTYPE" speed="13.07" pos="74.93" lane="0/2to1/2_0" slope="0.00"/>
        <vehicle id="20" x="398.35" y="214.51" angle="0.00" type="DEFAULT_VEHTYPE" speed="13.36" pos="180.74" lane="2/2to2/1_0" slope="0.00"/>
        <vehicle id="23" x="398.35" y="626.63" angle="0.00" type="DEFAULT_VEHTYPE" speed="12.75" pos="173.37" lane="2/4to2/3_0" slope="0.00"/>
        <vehicle id="7" x="713.92" y="201.65" angle="-90.00" type="DEFAULT_VEHTYPE" speed="13.75" pos="86.08" lane="4/1to3/1_0" slope="0.00"/>
        <vehicle id="9" x="378.62" y="598.35" angle="90.00" type="DEFAULT_VEHTYPE" speed="10.48" pos="173.87" lane="1/3to2/3_0" slope="0.00"/>
    </timestep>
    <timestep time="429.00">
        <vehicle id="12" x="357.92" y="201.65" angle="-90.00" type="DEFAULT_VEHTYPE" speed="12.81" pos="37.33" lane="2/1to1/1_0" slope="0.00"/>
        <vehicle id="17" x="20.09" y="398.35" angle="90.00" type="DEFAULT_VEHTYPE" speed="12.97" pos="20.09" lane="0/2to1/2_0" slope="0.00"/>
        <vehicle id="2" x="88.24" y="398.35" angle="90.00" type="DEFAULT_VEHTYPE" speed="13.30" pos="88.24" lane="0/2to1/2_0" slope="0.00"/>
        <vehicle id="20" x="398.35" y="201.45" angle="0.00" type="DEFAULT_VEHTYPE" speed="13.07" pos="3.30" lane=":2/1_1_0" slope="0.00"/>
        <vehicle id="23" x="398.35" y="613.12" angle="0.00" type="DEFAULT_VEHTYPE" speed="13.51" pos="186.88" lane="2/4to2/3_0" slope="0.00"/>
        <vehicle id="7" x="701.02" y="201.65" angle="-90.00" type="DEFAULT_VEHTYPE" speed="12.90" pos="98.98" lane="4/1to3/1_0" slope="0.00"/>
        <vehicle id="9" x="385.07" y="598.35" angle="90.00" type="DEFAULT_VEHTYPE" speed="6.45" pos="180.32" lane="1/3to2/3_0" slope="0.00"/>
    </timestep>
    <timestep time="430.00">
        <vehicle id="12" x="344.31" y="201.65" angle="-90.00" type="DEFAULT_VEHTYPE" speed="13.60" pos="50.94" lane="2/1to1/1_0" slope="0.00"/>
        <vehicle id="17" x="32.93" y="398.35" angle="90.00" type="DEFAULT_VEHTYPE" speed="12.84" pos="32.93" lane="0/2to1/2_0" slope="0.00"/>
        <vehicle id="2" x="100.95" y="398.35" angle="90.00" type="DEFAULT_VEHTYPE" speed="12.71" pos="100.95" lane="0/2to1/2_0" slope="0.00"/>
        <vehicle id="20" x="398.35" y="188.25" angle="0.00" type="DEFAULT_VEHTYPE" speed="13.19" pos="7.00" lane="2/1to2/0_0" slope="0.00"/>
        <vehicle id="23" x="398.35" y="600.08" angle="0.00" type="DEFAULT_VEHTYPE" speed="13.04" pos="4.67" lane=":2/3_1_0" slope="0.00"/>
        <vehicle id="7" x="687.54" y="201.65" angle="-90.00" type="DEFAULT_VEHTYPE" speed="13.48" pos="112.46" lane="4/1to3/1_0" slope="0.00"/>
        <vehicle id="9" x="389.18" y="598.35" angle="90.00" type="DEFAULT_VEHTYPE" speed="4.12" pos="184.43" lane="1/3to2/3_0" slope="0.00"/>
    </timestep>
    <timestep time="431.00">
        <vehicle id="12" x="331.56" y="201.65" angle="-90.00" type="DEFAULT_VEHTYPE" speed="12.75" pos="63.69" lane="2/1to1/1_0" slope="0.00"/>
        <vehicle id="17" x="46.73" y="398.35" angle="90.00" type="DEFAULT_VEHTYPE" speed="13.80" pos="46.73" lane="0/2to1/2_0" slope="0.00"/>
        <vehicle id="2" x="113.86" y="398.35" angle="90.00" type="DEFAULT_VEHTYPE" speed="12.92" pos="113.86" lane="0/2to1/2_0" slope="0.00"/>
        <vehicle id="20" x="398.35" y="174.52" angle="0.00" type="DEFAULT_VEHTYPE" speed="13.73" pos="20.73" lane="2/1to2/0_0" slope="0.00"/>
        <vehicle id="23" x="398.35" y="587.08" angle="0.00" type="DEFAULT_VEHTYPE" speed="13.01" pos="8.17" lane="2/3to2/2_0" slope="0.00"/>
        <vehicle id="7" x="674.49" y="201.65" angle="-90.00" type="DEFAULT_VEHTYPE" speed="13.05" pos="125.51" lane="4/1to3/1_0" slope="0.00"/>
        <vehicle id="9" x="395.33" y="598.36" angle="90.14" type="DEFAULT_VEHTYPE" speed="6.15" pos="0.09" lane=":2/3_14_0" slope="0.00"/>
    </timestep>
    <timestep time="432.00">
        <vehicle id="12" x="318.52" y="201.65" angle="-90.00" type="DEFAULT_VEHTYPE" speed="13.04" pos="76.73" lane="2/1to1/1_0" slope="0.00"/>
        <vehicle id="17" x="60.53" y="398.35" angle="90.00" type="DEFAULT_VEHTYPE" speed="13.80" pos="60.53" lane="0/2to1/2_0" slope="0.00"/>
        <vehicle id="2" x="127.43" y="398.35" angle="90.00" type="DEFAULT_VEHTYPE" speed="13.57" pos="127.43" lane="0/2to1/2_0" slope="0.00"/>
        <vehicle id="20" x="398.35" y="160.84" angle="0.00" type="DEFAULT_VEHTYPE" speed="13.68" pos="34.41" lane="2/1to2/0_0" slope="0.00"/>
        <vehicle id="23" x="398.35" y="574.33" angle="0.00" type="DEFAULT_VEHTYPE" speed="12.74" pos="20.92" lane="2/3to2/2_0" slope="0.00"/>
        <vehicle id="7" x="661.40" y="201.65" angle="-90.00" type="DEFAULT_VEHTYPE" speed="13.09" pos="138.60" lane="4/1to3/1_0" slope="0.00"/>
        <vehicle id="9" x="401.33" y="602.50" angle="139.61" type="DEFAULT_VEHTYPE" speed="7.96" pos="8.04" lane=":2/3_14_0" slope="0.00"/>
    </timestep>
    <timestep time="433.00">
        <vehicle id="12" x="304.76" y="201.65" angle="-90.00" type="DEFAULT_VEHTYPE" speed="13.75" pos="90.49" lane="2/1to1/1_0" slope="0.00"/>
        <vehicle id="17" x="73.52" y="398.35" angle="90.00" type="DEFAULT_VEHTYPE" speed="12.99" pos="73.52" lane="0/2to1/2_0" slope="0.00"/>
        <vehicle id="2" x="141.28" y="398.35" angle="90.00" type="DEFAULT_VEHTYPE" speed="13.85" pos="141.28" lane="0/2to1/2_0" slope="0.00"/>
        <vehicle id="20" x="398.35" y="147.45" angle="0.00" type="DEFAULT_VEHTYPE" speed="13.39" pos="47.80" lane="2/1to2/0_0" slope="0.00"/>
        <vehicle id="23" x="398.35" y="561.35" angle="0.00" type="DEFAULT_VEHTYPE" speed="12.98" pos="33.90" lane="2/3to2/2_0" slope="0.00"/>
        <vehicle id="7" x="648.50" y="201.65" angle="-90.00" type="DEFAULT_VEHTYPE" speed="12.90" pos="151.50" lane="4/1to3/1_0" slope="0.00"/>
        <vehicle id="9" x="401.65" y="612.28" angle="180.00" type="DEFAULT_VEHTYPE" speed="9.80" pos="7.53" lane="2/3to2/4_0" slope="0.00"/>
    </timestep>
    <timestep time="434.00">
        <vehicle id="12" x="290.90" y="201.65" angle="-90.00" type="DEFAULT_VEHTYPE" speed="13.86" pos="104.35" lane="2/1to1/1_0" slope="0.00"/>
        <vehicle id="17" x="87.27" y="398.35" angle="90.00" type="DEFAULT_VEHTYPE" speed="13.75" pos="87.27" lane="0/2to1/2_0" slope="0.00"/>
        <vehicle id="2" x="154.06" y="398.35" angle="90.00" type="DEFAULT_VEHTYPE" speed="12.78" pos="154.06" lane="0/2to1/2_0" slope="0.00"/>
        <vehicle id="20" x="398.35" y="134.38" angle="0.00" type="DEFAULT_VEHTYPE" speed="13.08" pos="60.87" lane="2/1to2/0_0" slope="0.00"/>
        <vehicle id="23" x="398.35" y="548.13" angle="0.00" type="DEFAULT_VEHTYPE" speed="13.22" pos="47.12" lane="2/3to2/2_0" slope="0.00"/>
        <vehicle id="7" x="634.97" y="201.65" angle="-90.00" type="DEFAULT_VEHTYPE" speed="13.53" pos="165.03" lane="4/1to3/1_0" slope="0.00"/>
        <vehicle id="9" x="401.65" y="624.36" angle="180.00" type="DEFAULT_VEHTYPE" speed="12.08" pos="19.61" lane="2/3to2/4_0" slope="0.00"/>
    </timestep>
    <timestep time="435.00">
        <vehicle id="12" x="277.74" y="201.65" angle="-90.00" type="DEFAULT_VEHTYPE" speed="13.17" pos="117.51" lane="2/1to1/1_0" slope="0.00"/>
        <vehicle id="17" x="100.06" y="398.35" angle="90.00" type="DEFAULT_VEHTYPE" speed="12.79" pos="100.06" lane="0/2to1/2_0" slope="0.00"/>
        <vehicle id="2" x="167.49" y="398.35" angle="90.00" type="DEFAULT_VEHTYPE" speed="13.42" pos="167.49" lane="0/2to1/2_0" slope="0.00"/>
        <vehicle id="20" x="398.35" y="120.69" angle="0.00" type="DEFAULT_VEHTYPE" speed="13.68" pos="74.56" lane="2/1to2/0_0" slope="0.00"/>
        <vehicle id="23" x="398.35" y="534.45" angle="0.00" type="DEFAULT_VEHTYPE" speed="13.68" pos="60.80" lane="2/3to2/2_0" slope="0.00"/>
        <vehicle id="7" x="623.74" y="201.65" angle="-90.00" type="DEFAULT_VEHTYPE" speed="11.24" pos="176.26" lane="4/1to3/1_0" slope="0.00"/>
        <vehicle id="9" x="401.65" y="637.05" angle="180.00" type="DEFAULT_VEHTYPE" speed="12.69" pos="32.30" lane="2/3to2/4_0" slope="0.00"/>
    </timestep>
    <timestep time="436.00">
        <vehicle id="12" x="263.88" y="201.65" angle="-90.00" type="DEFAULT_VEHTYPE" speed="13.85" pos="131.37" lane="2/1to1/1_0" slope="0.00"/>
        <vehicle id="17" x="113.12" y="398.35" angle="90.00" type="DEFAULT_VEHTYPE" speed="13.06" pos="113.12" lane="0/2to1/2_0" slope="0.00"/>
        <vehicle id="2" x="178.62" y="398.35" angle="90.00" type="DEFAULT_VEHTYPE" speed="11.13" pos="178.62" lane="0/2to1/2_0" slope="0.00"/>
        <vehicle id="20" x="398.35" y="108.02" angle="0.00" type="DEFAULT_VEHTYPE" speed="12.68" pos="87.23" lane="2/1to2/0_0" slope="0.00"/>
        <vehicle id="23" x="398.35" y="520.89" angle="0.00" type="DEFAULT_VEHTYPE" speed="13.57" pos="74.36" lane="2/3to2/2_0" slope="0.00"/>
        <vehicle id="7" x="615.26" y="201.65" angle="-90.00" type="DEFAULT_VEHTYPE" speed="8.47" pos="184.74" lane="4/1to3/1_0" slope="0.00"/>
        <vehicle id="9" x="401.65" y="650.90" angle="180.00" type="DEFAULT_VEHTYPE" speed="13.85" pos="46.15" lane="2/3to2/4_0" slope="0.00"/>
    </timestep>
    <timestep time="437.00">
        <vehicle id="12" x="250.94" y="201.65" angle="-90.00" type="DEFAULT_VEHTYPE" speed="12.94" pos="144.31" lane="2/1to1/1_0" slope="0.00"/>
        <vehicle id="17" x="126.45" y="398.35" angle="90.00" type="DEFAULT_VEHTYPE" speed="13.33" pos="126.45" lane="0/2to1/2_0" slope="0.00"/>
        <vehicle id="2" x="185.25" y="398.35" angle="90.00" type="DEFAULT_VEHTYPE" speed="6.63" pos="185.25" lane="0/2to1/2_0" slope="0.00"/>
        <vehicle id="20" x="398.35" y="95.35" angle="0.00" type="DEFAULT_VEHTYPE" speed="12.67" pos="99.90" lane="2/1to2/0_0" slope="0.00"/>
        <vehicle id="23" x="398.35" y="507.50" angle="0.00" type="DEFAULT_VEHTYPE" speed="13.39" pos="87.75" lane="2/3to2/2_0" slope="0.00"/>
        <vehicle id="7" x="610.74" y="201.65" angle="-90.00" type="DEFAULT_VEHTYPE" speed="4.52" pos="189.26" lane="4/1to3/1_0" slope="0.00"/>
        <vehicle id="9" x="401.65" y="663.65" angle="180.00" type="DEFAULT_VEHTYPE" speed="12.76" pos="58.90" lane="2/3to2/4_0" slope="0.00"/>
    </timestep>
    <timestep time="438.00">
        <vehicle id="12" x="237.73" y="201.65" angle="-90.00" type="DEFAULT_VEHTYPE" speed="13.21" pos="157.52" lane="2/1to1/1_0" slope="0.00"/>
        <vehicle id="17" x="139.48" y="398.35" angle="90.00" type="DEFAULT_VEHTYPE" speed="13.03" pos="139.48" lane="0/2to1/2_0" slope="0.00"/>
        <vehicle id="2" x="190.07" y="398.35" angle="90.00" type="DEFAULT_VEHTYPE" speed="4.82" pos="190.07" lane="0/2to1/2_0" slope="0.00"/>
        <vehicle id="20" x="398.35" y="82.73" angle="0.00" type="DEFAULT_VEHTYPE" speed="12.62" pos="112.52" lane="2/1to2/0_0" slope="0.00"/>
        <vehicle id="23" x="398.35" y="494.80" angle="0.00" type="DEFAULT_VEHTYPE" speed="12.70" pos="100.45" lane="2/3to2/2_0" slope="0.00"/>
        <vehicle id="7" x="604.53" y="201.68" angle="-90.36" type="DEFAULT_VEHTYPE" speed="6.21" pos="0.22" lane=":3/1_4_0" slope="0.00"/>
        <vehicle id="9" x="401.65" y="676.48" angle="180.00" type="DEFAULT_VEHTYPE" speed="12.83" pos="71.73" lane="2/3to2/4_0" slope="0.00"/>
    </timestep>
    <timestep time="439.00">
        <vehicle id="12" x="225.60" y="201.65" angle="-90.00" type="DEFAULT_VEHTYPE" speed="12.13" pos="169.65" lane="2/1to1/1_0" slope="0.00"/>
        <vehicle id="17" x="152.56" y="398.35" angle="90.00" type="DEFAULT_VEHTYPE" speed="13.08" pos="152.56" lane="0/2to1/2_0" slope="0.00"/>
        <vehicle id="2" x="196.53" y="398.53" angle="92.09" type="DEFAULT_VEHTYPE" speed="6.47" pos="1.29" lane=":1/2_14_0" slope="0.00"/>
        <vehicle id="20" x="398.35" y="69.35" angle="0.00" type="DEFAULT_VEHTYPE" speed="13.38" pos="125.90" lane="2/1to2/0_0" slope="0.00"/>
        <vehicle id="23" x="398.35" y="481.59" angle="0.00" type="DEFAULT_VEHTYPE" speed="13.21" pos="113.66" lane="2/3to2/2_0" slope="0.00"/>
        <vehicle id="7" x="601.65" y="208.76" angle="-178.42" type="DEFAULT_VEHTYPE" speed="8.78" pos="4.01" lane="3/1to3/2_0" slope="0.00"/>
        <vehicle id="9" x="401.65" y="690.19" angle="180.00" type="DEFAULT_VEHTYPE" speed="13.71" pos="85.44" lane="2/3to2/4_0" slope="0.00"/>
    </timestep>
    <timestep time="440.00">
        <vehicle id="12" x="217.69" y="201.65" angle="-90.00" type="DEFAULT_VEHTYPE" speed="7.91" pos="177.56" lane="2/1to1/1_0" slope="0.00"/>
        <vehicle id="17" x="165.26" y="398.35" angle="90.00" type="DEFAULT_VEHTYPE" speed="12.70" pos="165.26" lane="0/2to1/2_0" slope="0.00"/>
        <vehicle id="2" x="201.65" y="404.75" angle="161.99" type="DEFAULT_VEHTYPE" speed="9.03" pos="0.00" lane="1/2to1/3_0" slope="0.00"/>
        <vehicle id="20" x="398.35" y="55.75" angle="0.00" type="DEFAULT_VEHTYPE" speed="13.60" pos="139.50" lane="2/1to2/0_0" slope="0.00"/>
        <vehicle id="23" x="398.35" y="467.98" angle="0.00" type="DEFAULT_VEHTYPE" speed="13.60" pos="127.27" lane="2/3to2/2_0" slope="0.00"/>
        <vehicle id="7" x="601.65" y="219.10" angle="180.00" type="DEFAULT_VEHTYPE" speed="10.35" pos="14.35" lane="3/1to3/2_0" slope="0.00"/>
        <vehicle id="9" x="401.65" y="704.06" angle="180.00" type="DEFAULT_VEHTYPE" speed="13.87" pos="99.31" lane="2/3to2/4_0" slope="0.00"/>
    </timestep>
    <timestep time="441.00">
        <vehicle id="12" x="212.07" y="201.65" angle="-90.00" type="DEFAULT_VEHTYPE" speed="5.62" pos="183.18" lane="2/1to1/1_0" slope="0.00"/>
        <vehicle id="17" x="176.79" y="398.35" angle="90.00" type="DEFAULT_VEHTYPE" speed="11.53" pos="176.79" lane="0/2to1/2_0" slope="0.00"/>
        <vehicle id="2" x="201.65" y="415.88" angle="180.00" type="DEFAULT_VEHTYPE" speed="11.13" pos="11.13" lane="1/2to1/3_0" slope="0.00"/>
        <vehicle id="20" x="398.35" y="42.12" angle="0.00" type="DEFAULT_VEHTYPE" speed="13.63" pos="153.13" lane="2/1to2/0_0" slope="0.00"/>
        <vehicle id="23" x="398.35" y="455.05" angle="0.00" type="DEFAULT_VEHTYPE" speed="12.93" pos="140.20" lane="2/3to2/2_0" slope="0.00"/>
        <vehicle id="7" x="601.65" y="230.90" angle="180.00" type="DEFAULT_VEHTYPE" speed="11.79" pos="26.15" lane="3/1to3/2_0" slope="0.00"/>
        <vehicle id="9" x="401.65" y="716.70" angle="180.00" type="DEFAULT_VEHTYPE" speed="12.64" pos="111.95" lane="2/3to2/4_0" slope="0.00"/>
    </timestep>
    <timestep time="442.00">
        <vehicle id="12" x="209.35" y="201.65" angle="-90.00" type="DEFAULT_VEHTYPE" speed="2.72" pos="185.90" lane="2/1to1/1_0" slope="0.00"/>
        <vehicle id="17" x="184.88" y="398.35" angle="90.00" type="DEFAULT_VEHTYPE" speed="8.09" pos="184.88" lane="0/2to1/2_0" slope="0.00"/>
        <vehicle id="2" x="201.65" y="429.49" angle="180.00" type="DEFAULT_VEHTYPE" speed="13.61" pos="24.74" lane="1/2to1/3_0" slope="0.00"/>
        <vehicle id="20" x="398.35" y="28.28" angle="0.00" type="DEFAULT_VEHTYPE" speed="13.84" pos="166.97" lane="2/1to2/0_0" slope="0.00"/>
        <vehicle id="23" x="398.35" y="441.87" angle="0.00" type="DEFAULT_VEHTYPE" speed="13.18" pos="153.38" lane="2/3to2/2_0" slope="0.00"/>
        <vehicle id="7" x="601.65" y="243.51" angle="180.00" type="DEFAULT_VEHTYPE" speed="12.61" pos="38.76" lane="3/1to3/2_0" slope="0.00"/>
        <vehicle id="9" x="401.65" y="729.49" angle="180.00" type="DEFAULT_VEHTYPE" speed="12.79" pos="124.74" lane="2/3to2/4_0" slope="0.00"/>
    </timestep>
    <timestep time="443.00">
        <vehicle id="12" x="204.45" y="201.69" angle="-90.47" type="DEFAULT_VEHTYPE" speed="4.90" pos="0.30" lane=":1/1_4_0" slope="0.00"/>
        <vehicle id="17" x="189.58" y="398.35" angle="90.00" type="DEFAULT_VEHTYPE" speed="4.70" pos="189.58" lane="0/2to1/2_0" slope="0.00"/>
        <vehicle id="2" x="201.65" y="442.85" angle="180.00" type="DEFAULT_VEHTYPE" speed="13.36" pos="38.10" lane="1/2to1/3_0" slope="0.00"/>
        <vehicle id="20" x="398.35" y="15.62" angle="0.00" type="DEFAULT_VEHTYPE" speed="12.66" pos="179.63" lane="2/1to2/0_0" slope="0.00"/>
        <vehicle id="23" x="398.35" y="428.61" angle="0.00" type="DEFAULT_VEHTYPE" speed="13.26" pos="166.64" lane="2/3to2/2_0" slope="0.00"/>
        <vehicle id="7" x="601.65" y="256.85" angle="180.00" type="DEFAULT_VEHTYPE" speed="13.34" pos="52.10" lane="3/1to3/2_0" slope="0.00"/>
        <vehicle id="9" x="401.65" y="742.70" angle="180.00" type="DEFAULT_VEHTYPE" speed="13.22" pos="137.95" lane="2/3to2/4_0" slope="0.00"/>
    </timestep>
    <timestep time="444.00">
        <vehicle id="12" x="201.65" y="207.26" angle="-170.98" type="DEFAULT_VEHTYPE" speed="7.22" pos="2.51" lane="1/1to1/2_0" slope="0.00"/>
        <vehicle id="17" x="196.55" y="398.54" angle="92.13" type="DEFAULT_VEHTYPE" speed="6.98" pos="1.31" lane=":1/2_14_0" slope="0.00"/>
        <vehicle id="2" x="201.65" y="456.08" angle="180.00" type="DEFAULT_VEHTYPE" speed="13.23" pos="51.33" lane="1/2to1/3_0" slope="0.00"/>
        <vehicle id="20" x="398.35" y="2.22" angle="0.00" type="DEFAULT_VEHTYPE" speed="13.39" pos="193.03" lane="2/1to2/0_0" slope="0.00"/>
        <vehicle id="23" x="398.35" y="415.59" angle="0.00" type="DEFAULT_VEHTYPE" speed="13.02" pos="179.66" lane="2/3to2/2_0" slope="0.00"/>
        <vehicle id="7" x="601.65" y="270.44" angle="180.00" type="DEFAULT_VEHTYPE" speed="13.59" pos="65.69" lane="3/1to3/2_0" slope="0.00"/>
        <vehicle id="9" x="401.65" y="755.89" angle="180.00" type="DEFAULT_VEHTYPE" speed="13.19" pos="151.14" lane="2/3to2/4_0" slope="0.00"/>
    </timestep>
    <timestep time="445.00">
        <vehicle id="12" x="201.65" y="216.07" angle="180.00" type="DEFAULT_VEHTYPE" speed="8.81" pos="11.32" lane="1/1to1/2_0" slope="0.00"/>
        <vehicle id="17" x="201.59" y="404.33" angle="158.58" type="DEFAULT_VEHTYPE" speed="8.58" pos="9.89" lane=":1/2_14_0" slope="0.00"/>
        <vehicle id="2" x="201.65" y="469.03" angle="180.00" type="DEFAULT_VEHTYPE" speed="12.94" pos="64.28" lane="1/2to1/3_0" slope="0.00"/>
        <vehicle id="20" x="401.65" y="5.76" angle="180.00" type="DEFAULT_VEHTYPE" speed="12.81" pos="5.76" lane="2/0to2/1_0" slope="0.00"/>
        <vehicle id="23" x="397.90" y="402.95" angle="-5.23" type="DEFAULT_VEHTYPE" speed="12.72" pos="1.88" lane=":2/2_0_0" slope="0.00"/>
        <vehicle id="7" x="601.65" y="283.25" angle="180.00" type="DEFAULT_VEHTYPE" speed="12.82" pos="78.50" lane="3/1to3/2_0" slope="0.00"/>
        <vehicle id="9" x="401.65" y="768.98" angle="180.00" type="DEFAULT_VEHTYPE" speed="13.08" pos="164.23" lane="2/3to2/4_0" slope="0.00"/>
    </timestep>
    <timestep time="446.00">
        <vehicle id="12" x="201.65" y="226.62" angle="180.00" type="DEFAULT_VEHTYPE" speed="10.54" pos="21.87" lane="1/1to1/2_0" slope="0.00"/>
        <vehicle id="17" x="201.65" y="414.89" angle="180.00" type="DEFAULT_VEHTYPE" speed="10.57" pos="10.14" lane="1/2to1/3_0" slope="0.00"/>
        <vehicle id="2" x="201.65" y="481.78" angle="180.00" type="DEFAULT_VEHTYPE" speed="12.75" pos="77.03" lane="1/2to1/3_0" slope="0.00"/>
        <vehicle id="20" x="401.65" y="18.71" angle="180.00" type="DEFAULT_VEHTYPE" speed="12.94" pos="18.71" lane="2/0to2/1_0" slope="0.00"/>
        <vehicle id="23" x="385.19" y="401.65" angle="-90.00" type="DEFAULT_VEHTYPE" speed="13.18" pos="10.06" lane="2/2to1/2_0" slope="0.00"/>
        <vehicle id="7" x="601.65" y="297.06" angle="180.00" type="DEFAULT_VEHTYPE" speed="13.81" pos="92.31" lane="3/1to3/2_0" slope="0.00"/>
        <vehicle id="9" x="401.65" y="782.73" angle="180.00" type="DEFAULT_VEHTYPE" speed="13.76" pos="177.98" lane="2/3to2/4_0" slope="0.00"/>
    </timestep>
    <timestep time="447.00">
        <vehicle id="12" x="201.65" y="239.42" angle="180.00" type="DEFAULT_VEHTYPE" speed="12.81" pos="34.67" lane="1/1to1/2_0" slope="0.00"/>
        <vehicle id="17" x="201.65" y="427.44" angle="180.00" type="DEFAULT_VEHTYPE" speed="12.55" pos="22.69" lane="1/2to1/3_0" slope="0.00"/>
        <vehicle id="2" x="201.65" y="494.72" angle="180.00" type="DEFAULT_VEHTYPE" speed="12.95" pos="89.97" lane="1/2to1/3_0" slope="0.00"/>
        <vehicle id="20" x="401.65" y="31.99" angle="180.00" type="DEFAULT_VEHTYPE" speed="13.28" pos="31.99" lane="2/0to2/1_0" slope="0.00"/>
        <vehicle id="23" x="371.66" y="401.65" angle="-90.00" type="DEFAULT_VEHTYPE" speed="13.53" pos="23.59" lane="2/2to1/2_0" slope="0.00"/>
        <vehicle id="7" x="601.65" y="309.88" angle="180.00" type="DEFAULT_VEHTYPE" speed="12.82" pos="105.13" lane="3/1to3/2_0" slope="0.00"/>
        <vehicle id="9" x="401.65" y="796.50" angle="180.00" type="DEFAULT_VEHTYPE" speed="13.77" pos="191.75" lane="2/3to2/4_0" slope="0.00"/>
    </timestep>
    <timestep time="448.00">
        <vehicle id="12" x="201.65" y="253.00" angle="180.00" type="DEFAULT_VEHTYPE" speed="13.58" pos="48.25" lane="1/1to1/2_0" slope="0.00"/>
        <vehicle id="17" x="201.65" y="440.49" angle="180.00" type="DEFAULT_VEHTYPE" speed="13.05" pos="35.74" lane="1/2to1/3_0" slope="0.00"/>
        <vehicle id="2" x="201.65" y="508.48" angle="180.00" type="DEFAULT_VEHTYPE" speed="13.76" pos="103.73" lane="1/2to1/3_0" slope="0.00"/>
        <vehicle id="20" x="401.65" y="45.55" angle="180.00" type="DEFAULT_VEHTYPE" speed="13.56" pos="45.55" lane="2/0to2/1_0" slope="0.00"/>
        <vehicle id="23" x="357.80" y="401.65" angle="-90.00" type="DEFAULT_VEHTYPE" speed="13.86" pos="37.45" lane="2/2to1/2_0" slope="0.00"/>
        <vehicle id="7" x="601.65" y="323.23" angle="180.00" type="DEFAULT_VEHTYPE" speed="13.35" pos="118.48" lane="3/1to3/2_0" slope="0.00"/>
        <vehicle id="9" x="398.35" y="794.79" angle="0.00" type="DEFAULT_VEHTYPE" speed="13.53" pos="5.21" lane="2/4to2/3_0" slope="0.00"/>
    </timestep>
    <timestep time="449.00">
        <vehicle id="12" x="201.65" y="265.65" angle="180.00" type="DEFAULT_VEHTYPE" speed="12.65" pos="60.90" lane="1/1to1/2_0" slope="0.00"/>
        <vehicle id="17" x="201.65" y="453.68" angle="180.00" type="DEFAULT_VEHTYPE" speed="13.19" pos="48.93" lane="1/2to1/3_0" slope="0.00"/>
        <vehicle id="2" x="201.65" y="521.89" angle="180.00" type="DEFAULT_VEHTYPE" speed="13.41" pos="117.14" lane="1/2to1/3_0" slope="0.00"/>
        <vehicle id="20" x="401.65" y="58.79" angle="180.00" type="DEFAULT_VEHTYPE" speed="13.24" pos="58.79" lane="2/0to2/1_0" slope="0.00"/>
        <vehicle id="23" x="344.90" y="401.65" angle="-90.00" type="DEFAULT_VEHTYPE" speed="12.90" pos="50.35" lane="2/2to1/2_0" slope="0.00"/>
        <vehicle id="7" x="601.65" y="336.54" angle="180.00" type="DEFAULT_VEHTYPE" speed="13.31" pos="131.79" lane="3/1to3/2_0" slope="0.00"/>
        <vehicle id="9" x="398.35" y="780.97" angle="0.00" type="DEFAULT_VEHTYPE" speed="13.82" pos="19.03" lane="2/4to2/3_0" slope="0.00"/>
    </timestep>
    <timestep time="450.00">
        <vehicle id="12" x="201.65" y="279.06" angle="180.00" type="DEFAULT_VEHTYPE" speed="13.42" pos="74.31" lane="1/1to1/2_0" slope="0.00"/>
        <vehicle id="17" x="201.65" y="467.23" angle="180.00" type="DEFAULT_VEHTYPE" speed="13.55" pos="62.48" lane="1/2to1/3_0" slope="0.00"/>
        <vehicle id="2" x="201.65" y="535.13" angle="180.00" type="DEFAULT_VEHTYPE" speed="13.24" pos="130.38" lane="1/2to1/3_0" slope="0.00"/>
        <vehicle id="20" x="401.65" y="72.53" angle="180.00" type="DEFAULT_VEHTYPE" speed="13.75" pos="72.53" lane="2/0to2/1_0" slope="0.00"/>
        <vehicle id="23" x="331.08" y="401.65" angle="-90.00" type="DEFAULT_VEHTYPE" speed="13.82" pos="64.17" lane="2/2to1/2_0" slope="0.00"/>
        <vehicle id="7" x="601.65" y="350.19" angle="180.00" type="DEFAULT_VEHTYPE" speed="13.65" pos="145.44" lane="3/1to3/2_0" slope="0.00"/>
        <vehicle id="9" x="398.35" y="767.07" angle="0.00" type="DEFAULT_VEHTYPE" speed="13.90" pos="32.93" lane="2/4to2/3_0" slope="0.00"/>
    </timestep>
    <timestep time="451.00">
        <vehicle id="12" x="201.65" y="291.83" angle="180.00" type="DEFAULT_VEHTYPE" speed="12.76" pos="87.08" lane="1/1to1/2_0" slope="0.00"/>
        <vehicle id="17" x="201.65" y="480.12" angle="180.00" type="DEFAULT_VEHTYPE" speed="12.88" pos="75.37" lane="1/2to1/3_0" slope="0.00"/>
        <vehicle id="2" x="201.65" y="548.10" angle="180.00" type="DEFAULT_VEHTYPE" speed="12.97" pos="143.35" lane="1/2to1/3_0" slope="0.00"/>
        <vehicle id="20" x="401.65" y="85.94" angle="180.00" type="DEFAULT_VEHTYPE" speed="13.41" pos="85.94" lane="2/0to2/1_0" slope="0.00"/>
        <vehicle id="23" x="318.38" y="401.65" angle="-90.00" type="DEFAULT_VEHTYPE" speed="12.71" pos="76.87" lane="2/2to1/2_0" slope="0.00"/>
        <vehicle id="7" x="601.65" y="362.84" angle="180.00" type="DEFAULT_VEHTYPE" speed="12.65" pos="158.09" lane="3/1to3/2_0" slope="0.00"/>
        <vehicle id="9" x="398.35" y="753.50" angle="0.00" type="DEFAULT_VEHTYPE" speed="13.57" pos="46.50" lane="2/4to2/3_0" slope="0.00"/>
    </timestep>
    <timestep time="452.00">
        <vehicle id="12" x="201.65" y="305.64" angle="180.00" type="DEFAULT_VEHTYPE" speed="13.82" pos="100.89" lane="1/1to1/2_0" slope="0.00"/>
        <vehicle id="17" x="201.65" y="492.89" angle="180.00" type="DEFAULT_VEHTYPE" speed="12.77" pos="88.14" lane="1/2to1/3_0" slope="0.00"/>
        <vehicle id="2" x="201.65" y="561.29" angle="180.00" type="DEFAULT_VEHTYPE" speed="13.18" pos="156.54" lane="1/2to1/3_0" slope="0.00"/>
        <vehicle id="20" x="401.65" y="98.90" angle="180.00" type="DEFAULT_VEHTYPE" speed="12.96" pos="98.90" lane="2/0to2/1_0" slope="0.00"/>
        <vehicle id="23" x="305.76" y="401.65" angle="-90.00" type="DEFAULT_VEHTYPE" speed="12.62" pos="89.49" lane="2/2to1/2_0" slope="0.00"/>
        <vehicle id="7" x="601.65" y="374.31" angle="180.00" type="DEFAULT_VEHTYPE" speed="11.47" pos="169.56" lane="3/1to3/2_0" slope="0.00"/>
        <vehicle id="9" x="398.35" y="740.48" angle="0.00" type="DEFAULT_VEHTYPE" speed="13.02" pos="59.52" lane="2/4to2/3_0" slope="0.00"/>
    </timestep>
    <timestep time="453.00">
        <vehicle id="12" x="201.65" y="318.45" angle="180.00" type="DEFAULT_VEHTYPE" speed="12.81" pos="113.70" lane="1/1to1/2_0" slope="0.00"/>
        <vehicle id="17" x="201.65" y="505.91" angle="180.00" type="DEFAULT_VEHTYPE" speed="13.02" pos="101.16" lane="1/2to1/3_0" slope="0.00"/>
        <vehicle id="2" x="201.65" y="574.40" angle="180.00" type="DEFAULT_VEHTYPE" speed="13.12" pos="169.65" lane="1/2to1/3_0" slope="0.00"/>
        <vehicle id="20" x="401.65" y="112.16" angle="180.00" type="DEFAULT_VEHTYPE" speed="13.26" pos="112.16" lane="2/0to2/1_0" slope="0.00"/>
        <vehicle id="23" x="292.15" y="401.65" angle="-90.00" type="DEFAULT_VEHTYPE" speed="13.61" pos="103.10" lane="2/2to1/2_0" slope="0.00"/>
        <vehicle id="7" x="601.65" y="383.00" angle="180.00" type="DEFAULT_VEHTYPE" speed="8.69" pos="178.25" lane="3/1to3/2_0" slope="0.00"/>
        <vehicle id="9" x="398.35" y="726.67" angle="0.00" type="DEFAULT_VEHTYPE" speed="13.81" pos="73.33" lane="2/4to2/3_0" slope="0.00"/>
    </timestep>
    <timestep time="454.00">
        <vehicle id="12" x="201.65" y="331.41" angle="180.00" type="DEFAULT_VEHTYPE" speed="12.96" pos="126.66" lane="1/1to1/2_0" slope="0.00"/>
        <vehicle id="17" x="201.65" y="518.97" angle="180.00" type="DEFAULT_VEHTYPE" speed="13.05" pos="114.22" lane="1/2to1/3_0" slope="0.00"/>
        <vehicle id="2" x="201.65" y="587.87" angle="180.00" type="DEFAULT_VEHTYPE" speed="13.47" pos="183.12" lane="1/2to1/3_0" slope="0.00"/>
        <vehicle id="20" x="401.65" y="125.78" angle="180.00" type="DEFAULT_VEHTYPE" speed="13.61" pos="125.78" lane="2/0to2/1_0" slope="0.00"/>
        <vehicle id="23" x="279.53" y="401.65" angle="-90.00" type="DEFAULT_VEHTYPE" speed="12.62" pos="115.72" lane="2/2to1/2_0" slope="0.00"/>
        <vehicle id="7" x="601.65" y="388.87" angle="180.00" type="DEFAULT_VEHTYPE" speed="5.88" pos="184.12" lane="3/1to3/2_0" slope="0.00"/>
        <vehicle id="9" x="398.35" y="713.14" angle="0.00" type="DEFAULT_VEHTYPE" speed="13.53" pos="86.86" lane="2/4to2/3_0" slope="0.00"/>
    </timestep>
    <timestep time="455.00">
        <vehicle id="12" x="201.65" y="344.42" angle="180.00" type="DEFAULT_VEHTYPE" speed="13.00" pos="139.67" lane="1/1to1/2_0" slope="0.00"/>
        <vehicle id="17" x="201.65" y="532.44" angle="180.00" type="DEFAULT_VEHTYPE" speed="13.47" pos="127.69" lane="1/2to1/3_0" slope="0.00"/>
        <vehicle id="2" x="206.23" y="598.35" angle="110.79" type="DEFAULT_VEHTYPE" speed="13.87" pos="1.48" lane="1/3to2/3_0" slope="0.00"/>
        <vehicle id="20" x="401.65" y="139.49" angle="180.00" type="DEFAULT_VEHTYPE" speed="13.71" pos="139.49" lane="2/0to2/1_0" slope="0.00"/>
        <vehicle id="23" x="265.70" y="401.65" angle="-90.00" type="DEFAULT_VEHTYPE" speed="13.83" pos="129.55" lane="2/2to1/2_0" slope="0.00"/>
        <vehicle id="7" x="601.54" y="396.05" angle="-178.69" type="DEFAULT_VEHTYPE" speed="7.18" pos="0.81" lane=":3/2_10_0" slope="0.00"/>
        <vehicle id="9" x="398.35" y="700.51" angle="0.00" type="DEFAULT_VEHTYPE" speed="12.63" pos="99.49" lane="2/4to2/3_0" slope="0.00"/>
    </timestep>
    <timestep time="456.00">
        <vehicle id="12" x="201.65" y="357.67" angle="180.00" type="DEFAULT_VEHTYPE" speed="13.25" pos="152.92" lane="1/1to1/2_0" slope="0.00"/>
        <vehicle id="17" x="201.65" y="545.99" angle="180.00" type="DEFAULT_VEHTYPE" speed="13.55" pos="141.24" lane="1/2to1/3_0" slope="0.00"/>
        <vehicle id="2" x="219.75" y="598.35" angle="90.00" type="DEFAULT_VEHTYPE" speed="13.52" pos="15.00" lane="1/3to2/3_0" slope="0.00"/>
        <vehicle id="20" x="401.65" y="152.18" angle="180.00" type="DEFAULT_VEHTYPE" speed="12.69" pos="152.18" lane="2/0to2/1_0" slope="0.00"/>
        <vehicle id="23" x="252.80" y="401.65" angle="-90.00" type="DEFAULT_VEHTYPE" speed="12.90" pos="142.45" lane="2/2to1/2_0" slope="0.00"/>
        <vehicle id="7" x="595.78" y="401.57" angle="-112.44" type="DEFAULT_VEHTYPE" speed="8.98" pos="2.65" lane=":3/2_18_0" slope="0.00"/>
        <vehicle id="9" x="398.35" y="687.74" angle="0.00" type="DEFAULT_VEHTYPE" speed="12.78" pos="112.26" lane="2/4to2/3_0" slope="0.00"/>
    </timestep>
    <timestep time="457.00">
        <vehicle id="12" x="201.65" y="371.38" angle="180.00" type="DEFAULT_VEHTYPE" speed="13.71" pos="166.63" lane="1/1to1/2_0" slope="0.00"/>
        <vehicle id="17" x="201.65" y="558.71" angle="180.00" type="DEFAULT_VEHTYPE" speed="12.72" pos="153.96" lane="1/2to1/3_0" slope="0.00"/>
        <vehicle id="2" x="232.84" y="598.35" angle="90.00" type="DEFAULT_VEHTYPE" speed="13.09" pos="28.09" lane="1/3to2/3_0" slope="0.00"/>
        <vehicle id="20" x="401.65" y="165.35" angle="180.00" type="DEFAULT_VEHTYPE" speed="13.17" pos="165.35" lane="2/0to2/1_0" slope="0.00"/>
        <vehicle id="23" x="239.63" y="401.65" angle="-90.00" type="DEFAULT_VEHTYPE" speed="13.17" pos="155.62" lane="2/2to1/2_0" slope="0.00"/>
        <vehicle id="7" x="584.39" y="401.65" angle="-90.00" type="DEFAULT_VEHTYPE" speed="11.39" pos="10.86" lane="3/2to2/2_0" slope="0.00"/>
        <vehicle id="9" x="398.35" y="674.85" angle="0.00" type="DEFAULT_VEHTYPE" speed="12.89" pos="125.15" lane="2/4to2/3_0" slope="0.00"/>
    </timestep>
    <timestep time="458.00">
        <vehicle id="12" x="201.65" y="384.96" angle="180.00" type="DEFAULT_VEHTYPE" speed="13.57" pos="180.21" lane="1/1to1/2_0" slope="0.00"/>
        <vehicle id="17" x="201.65" y="571.94" angle="180.00" type="DEFAULT_VEHTYPE" speed="13.23" pos="167.19" lane="1/2to1/3_0" slope="0.00"/>
        <vehicle id="2" x="246.08" y="598.35" angle="90.00" type="DEFAULT_VEHTYPE" speed="13.24" pos="41.33" lane="1/3to2/3_0" slope="0.00"/>
        <vehicle id="20" x="401.65" y="179.03" angle="180.00" type="DEFAULT_VEHTYPE" speed="13.68" pos="179.03" lane="2/0to2/1_0" slope="0.00"/>
        <vehicle id="23" x="227.19" y="401.65" angle="-90.00" type="DEFAULT_VEHTYPE" speed="12.44" pos="168.06" lane="2/2to1/2_0" slope="0.00"/>
        <vehicle id="7" x="571.49" y="401.65" angle="-90.00" type="DEFAULT_VEHTYPE" speed="12.90" pos="23.76" lane="3/2to2/2_0" slope="0.00"/>
        <vehicle id="9" x="398.35" y="661.01" angle="0.00" type="DEFAULT_VEHTYPE" speed="13.84" pos="138.99" lane="2/4to2/3_0" slope="0.00"/>
    </timestep>
    <timestep time="459.00">
        <vehicle id="12" x="201.65" y="398.28" angle="180.00" type="DEFAULT_VEHTYPE" speed="13.32" pos="3.03" lane=":1/2_9_0" slope="0.00"/>
        <vehicle id="17" x="201.65" y="585.10" angle="180.00" type="DEFAULT_VEHTYPE" speed="13.16" pos="180.35" lane="1/2to1/3_0" slope="0.00"/>
        <vehicle id="2" x="259.57" y="598.35" angle="90.00" type="DEFAULT_VEHTYPE" speed="13.49" pos="54.82" lane="1/3to2/3_0" slope="0.00"/>
        <vehicle id="20" x="401.65" y="191.69" angle="180.00" type="DEFAULT_VEHTYPE" speed="12.66" pos="191.69" lane="2/0to2/1_0" slope="0.00"/>
        <vehicle id="23" x="217.85" y="401.65" angle="-90.00" type="DEFAULT_VEHTYPE" speed="9.34" pos="177.40" lane="2/2to1/2_0" slope="0.00"/>
        <vehicle id="7" x="557.85" y="401.65" angle="-90.00" type="DEFAULT_VEHTYPE" speed="13.63" pos="37.40" lane="3/2to2/2_0" slope="0.00"/>
        <vehicle id="9" x="398.35" y="648.05" angle="0.00" type="DEFAULT_VEHTYPE" speed="12.96" pos="151.95" lane="2/4to2/3_0" slope="0.00"/>
    </timestep>
    <timestep time="460.00">
        <vehicle id="12" x="201.65" y="411.61" angle="180.00" type="DEFAULT_VEHTYPE" speed="13.34" pos="6.86" lane="1/2to1/3_0" slope="0.00"/>
        <vehicle id="17" x="202.95" y="597.89" angle="164.00" type="DEFAULT_VEHTYPE" speed="13.27" pos="3.11" lane=":1/3_8_0" slope="0.00"/>
        <vehicle id="2" x="273.31" y="598.35" angle="90.00" type="DEFAULT_VEHTYPE" speed="13.74" pos="68.56" lane="1/3to2/3_0" slope="0.00"/>
        <vehicle id="20" x="409.94" y="198.35" angle="90.00" type="DEFAULT_VEHTYPE" speed="13.75" pos="5.19" lane="2/1to3/1_0" slope="0.00"/>
        <vehicle id="23" x="212.11" y="401.65" angle="-90.00" type="DEFAULT_VEHTYPE" speed="5.74" pos="183.14" lane="2/2to1/2_0" slope="0.00"/>
        <vehicle id="7" x="544.90" y="401.65" angle="-90.00" type="DEFAULT_VEHTYPE" speed="12.96" pos="50.35" lane="3/2to2/2_0" slope="0.00"/>
        <vehicle id="9" x="398.35" y="634.69" angle="0.00" type="DEFAULT_VEHTYPE" speed="13.36" pos="165.31" lane="2/4to2/3_0" slope="0.00"/>
    </timestep>
    <timestep time="461.00">
        <vehicle id="12" x="201.65" y="425.32" angle="180.00" type="DEFAULT_VEHTYPE" speed="13.70" pos="20.57" lane="1/2to1/3_0" slope="0.00"/>
        <vehicle id="17" x="215.75" y="598.35" angle="90.00" type="DEFAULT_VEHTYPE" speed="12.88" pos="11.00" lane="1/3to2/3_0" slope="0.00"/>
        <vehicle id="2" x="286.10" y="598.35" angle="90.00" type="DEFAULT_VEHTYPE" speed="12.79" pos="81.35" lane="1/3to2/3_0" slope="0.00"/>
        <vehicle id="20" x="423.76" y="198.35" angle="90.00" type="DEFAULT_VEHTYPE" speed="13.82" pos="19.01" lane="2/1to3/1_0" slope="0.00"/>
        <vehicle id="23" x="209.40" y="401.65" angle="-90.00" type="DEFAULT_VEHTYPE" speed="2.71" pos="185.85" lane="2/2to1/2_0" slope="0.00"/>
        <vehicle id="7" x="532.10" y="401.65" angle="-90.00" type="DEFAULT_VEHTYPE" speed="12.80" pos="63.15" lane="3/2to2/2_0" slope="0.00"/>
        <vehicle id="9" x="398.35" y="621.73" angle="0.00" type="DEFAULT_VEHTYPE" speed="12.96" pos="178.27" lane="2/4to2/3_0" slope="0.00"/>
    </timestep>
    <timestep time="462.00">
        <vehicle id="12" x="201.65" y="437.94" angle="180.00" type="DEFAULT_VEHTYPE" speed="12.62" pos="33.19" lane="1/2to1/3_0" slope="0.00"/>
        <vehicle id="17" x="229.25" y="598.35" angle="90.00" type="DEFAULT_VEHTYPE" speed="13.51" pos="24.50" lane="1/3to2/3_0" slope="0.00"/>
        <vehicle id="2" x="299.87" y="598.35" angle="90.00" type="DEFAULT_VEHTYPE" speed="13.77" pos="95.12" lane="1/3to2/3_0" slope="0.00"/>
        <vehicle id="20" x="436.45" y="198.35" angle="90.00" type="DEFAULT_VEHTYPE" speed="12.70" pos="31.70" lane="2/1to3/1_0" slope="0.00"/>
        <vehicle id="23" x="204.77" y="401.65" angle="-90.00" type="DEFAULT_VEHTYPE" speed="4.63" pos="190.48" lane="2/2to1/2_0" slope="0.00"/>
        <vehicle id="7" x="518.29" y="401.65" angle="-90.00" type="DEFAULT_VEHTYPE" speed="13.81" pos="76.96" lane="3/2to2/2_0" slope="0.00"/>
        <vehicle id="9" x="398.35" y="608.34" angle="0.00" type="DEFAULT_VEHTYPE" speed="13.39" pos="191.66" lane="2/4to2/3_0" slope="0.00"/>
    </timestep>
    <timestep time="463.00">
        <vehicle id="12" x="201.65" y="451.05" angle="180.00" type="DEFAULT_VEHTYPE" speed="13.11" pos="46.30" lane="1/2to1/3_0" slope="0.00"/>
        <vehicle id="17" x="241.96" y="598.35" angle="90.00" type="DEFAULT_VEHTYPE" speed="12.71" pos="37.21" lane="1/3to2/3_0" slope="0.00"/>
        <vehicle id="2" x="313.32" y="598.35" angle="90.00" type="DEFAULT_VEHTYPE" speed="13.45" pos="108.57" lane="1/3to2/3_0" slope="0.00"/>
        <vehicle id="20" x="450.08" y="198.35" angle="90.00" type="DEFAULT_VEHTYPE" speed="13.63" pos="45.33" lane="2/1to3/1_0" slope="0.00"/>
        <vehicle id="23" x="198.34" y="401.65" angle="-90.00" type="DEFAULT_VEHTYPE" speed="6.44" pos="6.41" lane=":1/2_5_0" slope="0.00"/>
        <vehicle id="7" x="504.49" y="401.65" angle="-90.00" type="DEFAULT_VEHTYPE" speed="13.80" pos="90.76" lane="3/2to2/2_0" slope="0.00"/>
        <vehicle id="9" x="398.35" y="594.58" angle="0.00" type="DEFAULT_VEHTYPE" speed="13.76" pos="0.67" lane="2/3to2/2_0" slope="0.00"/>
    </timestep>
    <timestep time="464.00">
        <vehicle id="12" x="201.65" y="464.86" angle="180.00" type="DEFAULT_VEHTYPE" speed="13.81" pos="60.11" lane="1/2to1/3_0" slope="0.00"/>
        <vehicle id="17" x="255.57" y="598.35" angle="90.00" type="DEFAULT_VEHTYPE" speed="13.62" pos="50.82" lane="1/3to2/3_0" slope="0.00"/>
        <vehicle id="2" x="326.55" y="598.35" angle="90.00" type="DEFAULT_VEHTYPE" speed="13.22" pos="121.80" lane="1/3to2/3_0" slope="0.00"/>
        <vehicle id="20" x="462.92" y="198.35" angle="90.00" type="DEFAULT_VEHTYPE" speed="12.84" pos="58.17" lane="2/1to3/1_0" slope="0.00"/>
        <vehicle id="23" x="189.40" y="401.65" angle="-90.00" type="DEFAULT_VEHTYPE" speed="8.93" pos="5.85" lane="1/2to0/2_0" slope="0.00"/>
        <vehicle id="7" x="490.84" y="401.65" angle="-90.00" type="DEFAULT_VEHTYPE" speed="13.65" pos="104.41" lane="3/2to2/2_0" slope="0.00"/>
        <vehicle id="9" x="398.35" y="581.01" angle="0.00" type="DEFAULT_VEHTYPE" speed="13.57" pos="14.24" lane="2/3to2/2_0" slope="0.00"/>
    </timestep>
    <timestep time="465.00">
        <vehicle id="12" x="201.65" y="478.13" angle="180.00" type="DEFAULT_VEHTYPE" speed="13.27" pos="73.38" lane="1/2to1/3_0" slope="0.00"/>
        <vehicle id="17" x="268.37" y="598.35" angle="90.00" type="DEFAULT_VEHTYPE" speed="12.80" pos="63.62" lane="1/3to2/3_0" slope="0.00"/>
        <vehicle id="2" x="339.80" y="598.35" angle="90.00" type="DEFAULT_VEHTYPE" speed="13.25" pos="135.05" lane="1/3to2/3_0" slope="0.00"/>
        <vehicle id="20" x="476.74" y="198.35" angle="90.00" type="DEFAULT_VEHTYPE" speed="13.82" pos="71.99" lane="2/1to3/1_0" slope="0.00"/>
        <vehicle id="23" x="178.59" y="401.65" angle="-90.00" type="DEFAULT_VEHTYPE" speed="10.82" pos="16.66" lane="1/2to0/2_0" slope="0.00"/>
        <vehicle id="7" x="477.52" y="401.65" angle="-90.00" type="DEFAULT_VEHTYPE" speed="13.32" pos="117.73" lane="3/2to2/2_0" slope="0.00"/>
        <vehicle id="9" x="398.35" y="567.59" angle="0.00" type="DEFAULT_VEHTYPE" speed="13.42" pos="27.66" lane="2/3to2/2_0" slope="0.00"/>
    </timestep>
    <timestep time="466.00">
        <vehicle id="12" x="201.65" y="491.31" angle="180.00" type="DEFAULT_VEHTYPE" speed="13.18" pos="86.56" lane="1/2to1/3_0" slope="0.00"/>
        <vehicle id="17" x="281.11" y="598.35" angle="90.00" type="DEFAULT_VEHTYPE" speed="12.74" pos="76.36" lane="1/3to2/3_0" slope="0.00"/>
        <vehicle id="2" x="353.54" y="598.35" angle="90.00" type="DEFAULT_VEHTYPE" speed="13.74" pos="148.79" lane="1/3to2/3_0" slope="0.00"/>
        <vehicle id="20" x="490.51" y="198.35" angle="90.00" type="DEFAULT_VEHTYPE" speed="13.77" pos="85.76" lane="2/1to3/1_0" slope="0.00"/>
        <vehicle id="23" x="165.23" y="401.65" angle="-90.00" type="DEFAULT_VEHTYPE" speed="13.35" pos="30.02" lane="1/2to0/2_0" slope="0.00"/>
        <vehicle id="7" x="464.01" y="401.65" angle="-90.00" type="DEFAULT_VEHTYPE" speed="13.51" pos="131.24" lane="3/2to2/2_0" slope="0.00"/>
        <vehicle id="9" x="398.35" y="554.00" angle="0.00" type="DEFAULT_VEHTYPE" speed="13.59" pos="41.25" lane="2/3to2/2_0" slope="0.00"/>
    </timestep>
    <timestep time="467.00">
        <vehicle id="12" x="201.65" y="504.25" angle="180.00" type="DEFAULT_VEHTYPE" speed="12.94" pos="99.50" lane="1/2to1/3_0" slope="0.00"/>
        <vehicle id="17" x="294.93" y="598.35" angle="90.00" type="DEFAULT_VEHTYPE" speed="13.82" pos="90.18" lane="1/3to2/3_0" slope="0.00"/>
        <vehicle id="2" x="367.11" y="598.35" angle="90.00" type="DEFAULT_VEHTYPE" speed="13.57" pos="162.36" lane="1/3to2/3_0" slope="0.00"/>
        <vehicle id="20" x="503.78" y="198.35" angle="90.00" type="DEFAULT_VEHTYPE" speed="13.27" pos="99.03" lane="2/1to3/1_0" slope="0.00"/>
        <vehicle id="23" x="151.65" y="401.65" angle="-90.00" type="DEFAULT_VEHTYPE" speed="13.58" pos="43.60" lane="1/2to0/2_0" slope="0.00"/>
        <vehicle id="7" x="451.33" y="401.65" angle="-90.00" type="DEFAULT_VEHTYPE" speed="12.68" pos="143.92" lane="3/2to2/2_0" slope="0.00"/>
        <vehicle id="9" x="398.35" y="541.03" angle="0.00" type="DEFAULT_VEHTYPE" speed="12.97" pos="54.22" lane="2/3to2/2_0" slope="0.00"/>
    </timestep>
    <timestep time="468.00">
        <vehicle id="12" x="201.65" y="517.05" angle="180.00" type="DEFAULT_VEHTYPE" speed="12.79" pos="112.30" lane="1/2to1/3_0" slope="0.00"/>
        <vehicle id="17" x="308.75" y="598.35" angle="90.00" type="DEFAULT_VEHTYPE" speed="13.82" pos="104.00" lane="1/3to2/3_0" slope="0.00"/>
        <vehicle id="2" x="377.45" y="598.35" angle="90.00" type="DEFAULT_VEHTYPE" speed="10.34" pos="172.70" lane="1/3to2/3_0" slope="0.00"/>
        <vehicle id="20" x="516.43" y="198.35" angle="90.00" type="DEFAULT_VEHTYPE" speed="12.65" pos="111.68" lane="2/1to3/1_0" slope="0.00"/>
        <vehicle id="23" x="138.35" y="401.65" angle="-90.00" type="DEFAULT_VEHTYPE" speed="13.30" pos="56.90" lane="1/2to0/2_0" slope="0.00"/>
        <vehicle id="7" x="438.54" y="401.65" angle="-90.00" type="DEFAULT_VEHTYPE" speed="12.78" pos="156.71" lane="3/2to2/2_0" slope="0.00"/>
        <vehicle id="9" x="398.35" y="527.38" angle="0.00" type="DEFAULT_VEHTYPE" speed="13.65" pos="67.87" lane="2/3to2/2_0" slope="0.00"/>
    </timestep>
    <timestep time="469.00">
        <vehicle id="12" x="201.65" y="530.75" angle="180.00" type="DEFAULT_VEHTYPE" speed="13.70" pos="126.00" lane="1/2to1/3_0" slope="0.00"/>
        <vehicle id="17" x="321.70" y="598.35" angle="90.00" type="DEFAULT_VEHTYPE" speed="12.95" pos="116.95" lane="1/3to2/3_0" slope="0.00"/>
        <vehicle id="2" x="384.22" y="598.35" angle="90.00" type="DEFAULT_VEHTYPE" speed="6.77" pos="179.47" lane="1/3to2/3_0" slope="0.00"/>
        <vehicle id="20" x="530.24" y="198.35" angle="90.00" type="DEFAULT_VEHTYPE" speed="13.81" pos="125.49" lane="2/1to3/1_0" slope="0.00"/>
        <vehicle id="23" x="124.56" y="401.65" angle="-90.00" type="DEFAULT_VEHTYPE" speed="13.79" pos="70.69" lane="1/2to0/2_0" slope="0.00"/>
        <vehicle id="7" x="426.94" y="401.65" angle="-90.00" type="DEFAULT_VEHTYPE" speed="11.61" pos="168.31" lane="3/2to2/2_0" slope="0.00"/>
        <vehicle id="9" x="398.35" y="513.80" angle="0.00" type="DEFAULT_VEHTYPE" speed="13.58" pos="81.45" lane="2/3to2/2_0" slope="0.00"/>
    </timestep>
    <timestep time="470.00">
        <vehicle id="12" x="201.65" y="544.48" angle="180.00" type="DEFAULT_VEHTYPE" speed="13.72" pos="139.73" lane="1/2to1/3_0" slope="0.00"/>
        <vehicle id="17" x="334.47" y="598.35" angle="90.00" type="DEFAULT_VEHTYPE" speed="12.78" pos="129.72" lane="1/3to2/3_0" slope="0.00"/>
        <vehicle id="2" x="388.83" y="598.35" angle="90.00" type="DEFAULT_VEHTYPE" speed="4.61" pos="184.08" lane="1/3to2/3_0" slope="0.00"/>
        <vehicle id="20" x="543.49" y="198.35" angle="90.00" type="DEFAULT_VEHTYPE" speed="13.25" pos="138.74" lane="2/1to3/1_0" slope="0.00"/>
        <vehicle id="23" x="111.64" y="401.65" angle="-90.00" type="DEFAULT_VEHTYPE" speed="12.92" pos="83.61" lane="1/2to0/2_0" slope="0.00"/>
        <vehicle id="7" x="418.25" y="401.65" angle="-90.00" type="DEFAULT_VEHTYPE" speed="8.69" pos="177.00" lane="3/2to2/2_0" slope="0.00"/>
        <vehicle id="9" x="398.35" y="500.44" angle="0.00" type="DEFAULT_VEHTYPE" speed="13.37" pos="94.81" lane="2/3to2/2_0" slope="0.00"/>
    </timestep>
    <timestep time="471.00">
        <vehicle id="12" x="201.65" y="557.19" angle="180.00" type="DEFAULT_VEHTYPE" speed="12.71" pos="152.44" lane="1/2to1/3_0" slope="0.00"/>
        <vehicle id="17" x="347.53" y="598.35" angle="90.00" type="DEFAULT_VEHTYPE" speed="13.06" pos="142.78" lane="1/3to2/3_0" slope="0.00"/>
        <vehicle id="2" x="395.52" y="598.39" angle="90.44" type="DEFAULT_VEHTYPE" speed="6.70" pos="0.27" lane=":2/3_14_0" slope="0.00"/>
        <vehicle id="20" x="556.20" y="198.35" angle="90.00" type="DEFAULT_VEHTYPE" speed="12.72" pos="151.45" lane="2/1to3/1_0" slope="0.00"/>
        <vehicle id="23" x="98.95" y="401.65" angle="-90.00" type="DEFAULT_VEHTYPE" speed="12.69" pos="96.30" lane="1/2to0/2_0" slope="0.00"/>
        <vehicle id="7" x="412.29" y="401.65" angle="-90.00" type="DEFAULT_VEHTYPE" speed="5.96" pos="182.96" lane="3/2to2/2_0" slope="0.00"/>
        <vehicle id="9" x="398.35" y="486.87" angle="0.00" type="DEFAULT_VEHTYPE" speed="13.57" pos="108.38" lane="2/3to2/2_0" slope="0.00"/>
    </timestep>
    <timestep time="472.00">
        <vehicle id="12" x="201.65" y="570.71" angle="180.00" type="DEFAULT_VEHTYPE" speed="13.52" pos="165.96" lane="1/2to1/3_0" slope="0.00"/>
        <vehicle id="17" x="360.94" y="598.35" angle="90.00" type="DEFAULT_VEHTYPE" speed="13.41" pos="156.19" lane="1/3to2/3_0" slope="0.00"/>
        <vehicle id="2" x="401.41" y="603.09" angle="145.85" type="DEFAULT_VEHTYPE" speed="8.37" pos="8.65" lane=":2/3_14_0" slope="0.00"/>
        <vehicle id="20" x="569.06" y="198.35" angle="90.00" type="DEFAULT_VEHTYPE" speed="12.86" pos="164.31" lane="2/1to3/1_0" slope="0.00"/>
        <vehicle id="23" x="85.93" y="401.65" angle="-90.00" type="DEFAULT_VEHTYPE" speed="13.02" pos="109.32" lane="1/2to0/2_0" slope="0.00"/>
        <vehicle id="7" x="408.79" y="401.65" angle="-90.00" type="DEFAULT_VEHTYPE" speed="3.50" pos="186.46" lane="3/2to2/2_0" slope="0.00"/>
        <vehicle id="9" x="398.35" y="474.19" angle="0.00" type="DEFAULT_VEHTYPE" speed="12.68" pos="121.06" lane="2/3to2/2_0" slope="0.00"/>
    </timestep>
    <timestep time="473.00">
        <vehicle id="12" x="201.65" y="584.32" angle="180.00" type="DEFAULT_VEHTYPE" speed="13.62" pos="179.57" lane="1/2to1/3_0" slope="0.00"/>
        <vehicle id="17" x="373.49" y="598.35" angle="90.00" type="DEFAULT_VEHTYPE" speed="12.55" pos="168.74" lane="1/3to2/3_0" slope="0.00"/>
        <vehicle id="2" x="401.65" y="613.87" angle="180.00" type="DEFAULT_VEHTYPE" speed="10.79" pos="9.12" lane="2/3to2/4_0" slope="0.00"/>
        <vehicle id="20" x="579.24" y="198.35" angle="90.00" type="DEFAULT_VEHTYPE" speed="10.18" pos="174.49" lane="2/1to3/1_0" slope="0.00"/>
        <vehicle id="23" x="72.47" y="401.65" angle="-90.00" type="DEFAULT_VEHTYPE" speed="13.46" pos="122.78" lane="1/2to0/2_0" slope="0.00"/>
        <vehicle id="7" x="403.86" y="401.65" angle="-90.00" type="DEFAULT_VEHTYPE" speed="4.93" pos="0.89" lane=":2/2_5_0" slope="0.00"/>
        <vehicle id="9" x="398.35" y="461.13" angle="0.00" type="DEFAULT_VEHTYPE" speed="13.05" pos="134.12" lane="2/3to2/2_0" slope="0.00"/>
    </timestep>
    <timestep time="474.00">
        <vehicle id="12" x="202.27" y="597.32" angle="172.73" type="DEFAULT_VEHTYPE" speed="13.13" pos="2.20" lane=":1/3_8_0" slope="0.00"/>
        <vehicle id="17" x="381.78" y="598.35" angle="90.00" type="DEFAULT_VEHTYPE" speed="8.29" pos="177.03" lane="1/3to2/3_0" slope="0.00"/>
        <vehicle id="2" x="401.65" y="627.07" angle="180.00" type="DEFAULT_VEHTYPE" speed="13.21" pos="22.32" lane="2/3to2/4_0" slope="0.00"/>
        <vehicle id="20" x="585.44" y="198.35" angle="90.00" type="DEFAULT_VEHTYPE" speed="6.19" pos="180.69" lane="2/1to3/1_0" slope="0.00"/>
        <vehicle id="23" x="59.59" y="401.65" angle="-90.00" type="DEFAULT_VEHTYPE" speed="12.88" pos="135.66" lane="1/2to0/2_0" slope="0.00"/>
        <vehicle id="7" x="397.20" y="401.65" angle="-90.00" type="DEFAULT_VEHTYPE" speed="6.66" pos="7.55" lane=":2/2_5_0" slope="0.00"/>
        <vehicle id="9" x="398.35" y="448.23" angle="0.00" type="DEFAULT_VEHTYPE" speed="12.90" pos="147.02" lane="2/3to2/2_0" slope="0.00"/>
    </timestep>
    <timestep time="475.00">
        <vehicle id="12" x="214.59" y="598.35" angle="90.00" type="DEFAULT_VEHTYPE" speed="12.64" pos="9.84" lane="1/3to2/3_0" slope="0.00"/>
        <vehicle id="17" x="387.74" y="598.35" angle="90.00" type="DEFAULT_VEHTYPE" speed="5.97" pos="182.99" lane="1/3to2/3_0" slope="0.00"/>
        <vehicle id="2" x="401.65" y="640.83" angle="180.00" type="DEFAULT_VEHTYPE" speed="13.75" pos="36.08" lane="2/3to2/4_0" slope="0.00"/>
        <vehicle id="20" x="589.89" y="198.35" angle="90.00" type="DEFAULT_VEHTYPE" speed="4.45" pos="185.14" lane="2/1to3/1_0" slope="0.00"/>
        <vehicle id="23" x="46.07" y="401.65" angle="-90.00" type="DEFAULT_VEHTYPE" speed="13.52" pos="149.18" lane="1/2to0/2_0" slope="0.00"/>
        <vehicle id="7" x="388.37" y="401.65" angle="-90.00" type="DEFAULT_VEHTYPE" speed="8.83" pos="6.88" lane="2/2to1/2_0" slope="0.00"/>
        <vehicle id="9" x="398.35" y="435.13" angle="0.00" type="DEFAULT_VEHTYPE" speed="13.11" pos="160.12" lane="2/3to2/2_0" slope="0.00"/>
    </timestep>
    <timestep time="476.00">
        <vehicle id="12" x="228.47" y="598.35" angle="90.00" type="DEFAULT_VEHTYPE" speed="13.88" pos="23.72" lane="1/3to2/3_0" slope="0.00"/>
        <vehicle id="17" x="390.32" y="598.35" angle="90.00" type="DEFAULT_VEHTYPE" speed="2.57" pos="185.57" lane="1/3to2/3_0" slope="0.00"/>
        <vehicle id="2" x="401.65" y="654.08" angle="180.00" type="DEFAULT_VEHTYPE" speed="13.26" pos="49.33" lane="2/3to2/4_0" slope="0.00"/>
        <vehicle id="20" x="596.21" y="198.49" angle="91.58" type="DEFAULT_VEHTYPE" speed="6.34" pos="0.97" lane=":3/1_14_0" slope="0.00"/>
        <vehicle id="23" x="32.28" y="401.65" angle="-90.00" type="DEFAULT_VEHTYPE" speed="13.79" pos="162.97" lane="1/2to0/2_0" slope="0.00"/>
        <vehicle id="7" x="376.99" y="401.65" angle="-90.00" type="DEFAULT_VEHTYPE" speed="11.38" pos="18.26" lane="2/2to1/2_0" slope="0.00"/>
        <vehicle id="9" x="398.35" y="422.35" angle="0.00" type="DEFAULT_VEHTYPE" speed="12.78" pos="172.90" lane="2/3to2/2_0" slope="0.00"/>
    </timestep>
    <timestep time="477.00">
        <vehicle id="12" x="241.92" y="598.35" angle="90.00" type="DEFAULT_VEHTYPE" speed="13.46" pos="37.17" lane="1/3to2/3_0" slope="0.00"/>
        <vehicle id="17" x="394.58" y="598.35" angle="90.00" type="DEFAULT_VEHTYPE" speed="4.26" pos="189.83" lane="1/3to2/3_0" slope="0.00"/>
        <vehicle id="2" x="401.65" y="666.82" angle="180.00" type="DEFAULT_VEHTYPE" speed="12.74" pos="62.07" lane="2/3to2/4_0" slope="0.00"/>
        <vehicle id="20" x="601.47" y="203.49" angle="150.00" type="DEFAULT_VEHTYPE" speed="8.07" pos="9.05" lane=":3/1_14_0" slope="0.00"/>
        <vehicle id="23" x="19.36" y="401.65" angle="-90.00" type="DEFAULT_VEHTYPE" speed="12.92" pos="175.89" lane="1/2to0/2_0" slope="0.00"/>
        <vehicle id="7" x="364.05" y="401.65" angle="-90.00" type="DEFAULT_VEHTYPE" speed="12.93" pos="31.20" lane="2/2to1/2_0" slope="0.00"/>
        <vehicle id="9" x="398.35" y="408.53" angle="0.00" type="DEFAULT_VEHTYPE" speed="13.81" pos="186.72" lane="2/3to2/2_0" slope="0.00"/>
    </timestep>
    <timestep time="478.00">
        <vehicle id="12" x="255.59" y="598.35" angle="90.00" type="DEFAULT_VEHTYPE" speed="13.67" pos="50.84" lane="1/3to2/3_0" slope="0.00"/>
        <vehicle id="17" x="399.96" y="599.89" angle="108.27" type="DEFAULT_VEHTYPE" speed="5.72" pos="5.05" lane=":2/3_14_0" slope="0.00"/>
        <vehicle id="2" x="401.65" y="680.45" angle="180.00" type="DEFAULT_VEHTYPE" speed="13.62" pos="75.70" lane="2/3to2/4_0" slope="0.00"/>
        <vehicle id="20" x="601.65" y="213.34" angle="180.00" type="DEFAULT_VEHTYPE" speed="9.86" pos="8.59" lane="3/1to3/2_0" slope="0.00"/>
        <vehicle id="23" x="5.99" y="401.65" angle="-90.00" type="DEFAULT_VEHTYPE" speed="13.36" pos="189.26" lane="1/2to0/2_0" slope="0.00"/>
        <vehicle id="7" x="350.19" y="401.65" angle="-90.00" type="DEFAULT_VEHTYPE" speed="13.87" pos="45.06" lane="2/2to1/2_0" slope="0.00"/>
        <vehicle id="9" x="391.00" y="401.65" angle="-88.80" type="DEFAULT_VEHTYPE" speed="13.03" pos="4.25" lane="2/2to1/2_0" slope="0.00"/>
    </timestep>
    <timestep time="479.00">
        <vehicle id="12" x="268.22" y="598.35" angle="90.00" type="DEFAULT_VEHTYPE" speed="12.63" pos="63.47" lane="1/3to2/3_0" slope="0.00"/>
        <vehicle id="17" x="401.65" y="607.41" angle="176.19" type="DEFAULT_VEHTYPE" speed="7.93" pos="2.66" lane="2/3to2/4_0" slope="0.00"/>
        <vehicle id="2" x="401.65" y="694.14" angle="180.00" type="DEFAULT_VEHTYPE" speed="13.69" pos="89.39" lane="2/3to2/4_0" slope="0.00"/>
        <vehicle id="20" x="601.65" y="224.83" angle="180.00" type="DEFAULT_VEHTYPE" speed="11.49" pos="20.08" lane="3/1to3/2_0" slope="0.00"/>
        <vehicle id="23" x="2.40" y="398.35" angle="65.31" type="DEFAULT_VEHTYPE" speed="13.21" pos="2.40" lane="0/2to1/2_0" slope="0.00"/>
        <vehicle id="7" x="336.77" y="401.65" angle="-90.00" type="DEFAULT_VEHTYPE" speed="13.42" pos="58.48" lane="2/2to1/2_0" slope="0.00"/>
        <vehicle id="9" x="378.25" y="401.65" angle="-90.00" type="DEFAULT_VEHTYPE" speed="12.75" pos="17.00" lane="2/2to1/2_0" slope="0.00"/>
    </timestep>
    <timestep time="480.00">
        <vehicle id="12" x="282.08" y="598.35" angle="90.00" type="DEFAULT_VEHTYPE" speed="13.86" pos="77.33" lane="1/3to2/3_0" slope="0.00"/>
        <vehicle id="17" x="401.65" y="617.13" angle="180.00" type="DEFAULT_VEHTYPE" speed="9.72" pos="12.38" lane="2/3to2/4_0" slope="0.00"/>
        <vehicle id="2" x="401.65" y="707.12" angle="180.00" type="DEFAULT_VEHTYPE" speed="12.98" pos="102.37" lane="2/3to2/4_0" slope="0.00"/>
        <vehicle id="20" x="601.65" y="237.93" angle="180.00" type="DEFAULT_VEHTYPE" speed="13.10" pos="33.18" lane="3/1to3/2_0" slope="0.00"/>
        <vehicle id="23" x="15.89" y="398.35" angle="90.00" type="DEFAULT_VEHTYPE" speed="13.49" pos="15.89" lane="0/2to1/2_0" slope="0.00"/>
        <vehicle id="7" x="323.95" y="401.65" angle="-90.00" type="DEFAULT_VEHTYPE" speed="12.82" pos="71.30" lane="2/2to1/2_0" slope="0.00"/>
        <vehicle id="9" x="365.30" y="401.65" angle="-90.00" type="DEFAULT_VEHTYPE" speed="12.96" pos="29.95" lane="2/2to1/2_0" slope="0.00"/>
    </timestep>
    <timestep time="481.00">
        <vehicle id="12" x="295.87" y="598.35" angle="90.00" type="DEFAULT_VEHTYPE" speed="13.79" pos="91.12" lane="1/3to2/3_0" slope="0.00"/>
        <vehicle id="17" x="401.65" y="629.25" angle="180.00" type="DEFAULT_VEHTYPE" speed="12.13" pos="24.50" lane="2/3to2/4_0" slope="0.00"/>
        <vehicle id="2" x="401.65" y="719.89" angle="180.00" type="DEFAULT_VEHTYPE" speed="12.76" pos="115.14" lane="2/3to2/4_0" slope="0.00"/>
        <vehicle id="20" x="601.65" y="251.49" angle="180.00" type="DEFAULT_VEHTYPE" speed="13.56" pos="46.74" lane="3/1to3/2_0" slope="0.00"/>
        <vehicle id="23" x="29.18" y="398.35" angle="90.00" type="DEFAULT_VEHTYPE" speed="13.29" pos="29.18" lane="0/2to1/2_0" slope="0.00"/>
        <vehicle id="7" x="310.29" y="401.65" angle="-90.00" type="DEFAULT_VEHTYPE" speed="13.65" pos="84.96" lane="2/2to1/2_0" slope="0.00"/>
        <vehicle id="9" x="351.91" y="401.65" angle="-90.00" type="DEFAULT_VEHTYPE" speed="13.39" pos="43.34" lane="2/2to1/2_0" slope="0.00"/>
    </timestep>
    <timestep time="482.00">
        <vehicle id="12" x="308.56" y="598.35" angle="90.00" type="DEFAULT_VEHTYPE" speed="12.69" pos="103.81" lane="1/3to2/3_0" slope="0.00"/>
        <vehicle id="17" x="401.65" y="643.15" angle="180.00" type="DEFAULT_VEHTYPE" speed="13.89" pos="38.40" lane="2/3to2/4_0" slope="0.00"/>
        <vehicle id="2" x="401.65" y="732.79" angle="180.00" type="DEFAULT_VEHTYPE" speed="12.90" pos="128.04" lane="2/3to2/4_0" slope="0.00"/>
        <vehicle id="20" x="601.65" y="264.66" angle="180.00" type="DEFAULT_VEHTYPE" speed="13.17" pos="59.91" lane="3/1to3/2_0" slope="0.00"/>
        <vehicle id="23" x="42.98" y="398.35" angle="90.00" type="DEFAULT_VEHTYPE" speed="13.79" pos="42.98" lane="0/2to1/2_0" slope="0.00"/>
        <vehicle id="7" x="297.32" y="401.65" angle="-90.00" type="DEFAULT_VEHTYPE" speed="12.97" pos="97.93" lane="2/2to1/2_0" slope="0.00"/>
        <vehicle id="9" x="338.18" y="401.65" angle="-90.00" type="DEFAULT_VEHTYPE" speed="13.72" pos="57.07" lane="2/2to1/2_0" slope="0.00"/>
    </timestep>
    <timestep time="483.00">
        <vehicle id="12" x="322.17" y="598.35" angle="90.00" type="DEFAULT_VEHTYPE" speed="13.61" pos="117.42" lane="1/3to2/3_0" slope="0.00"/>
        <vehicle id="17" x="401.65" y="655.98" angle="180.00" type="DEFAULT_VEHTYPE" speed="12.83" pos="51.23" lane="2/3to2/4_0" slope="0.00"/>
        <vehicle id="2" x="401.65" y="745.71" angle="180.00" type="DEFAULT_VEHTYPE" speed="12.92" pos="140.96" lane="2/3to2/4_0" slope="0.00"/>
        <vehicle id="20" x="601.65" y="277.90" angle="180.00" type="DEFAULT_VEHTYPE" speed="13.24" pos="73.15" lane="3/1to3/2_0" slope="0.00"/>
        <vehicle id="23" x="55.91" y="398.35" angle="90.00" type="DEFAULT_VEHTYPE" speed="12.93" pos="55.91" lane="0/2to1/2_0" slope="0.00"/>
        <vehicle id="7" x="283.75" y="401.65" angle="-90.00" type="DEFAULT_VEHTYPE" speed="13.57" pos="111.50" lane="2/2to1/2_0" slope="0.00"/>
        <vehicle id="9" x="325.30" y="401.65" angle="-90.00" type="DEFAULT_VEHTYPE" speed="12.89" pos="69.95" lane="2/2to1/2_0" slope="0.00"/>
    </timestep>
    <timestep time="484.00">
        <vehicle id="12" x="334.96" y="598.35" angle="90.00" type="DEFAULT_VEHTYPE" speed="12.79" pos="130.21" lane="1/3to2/3_0" slope="0.00"/>
        <vehicle id="17" x="401.65" y="668.74" angle="180.00" type="DEFAULT_VEHTYPE" speed="12.76" pos="63.99" lane="2/3to2/4_0" slope="0.00"/>
        <vehicle id="2" x="401.65" y="758.37" angle="180.00" type="DEFAULT_VEHTYPE" speed="12.66" pos="153.62" lane="2/3to2/4_0" slope="0.00"/>
        <vehicle id="20" x="601.65" y="291.59" angle="180.00" type="DEFAULT_VEHTYPE" speed="13.69" pos="86.84" lane="3/1to3/2_0" slope="0.00"/>
        <vehicle id="23" x="68.91" y="398.35" angle="90.00" type="DEFAULT_VEHTYPE" speed="13.00" pos="68.91" lane="0/2to1/2_0" slope="0.00"/>
        <vehicle id="7" x="269.99" y="401.65" angle="-90.00" type="DEFAULT_VEHTYPE" speed="13.76" pos="125.26" lane="2/2to1/2_0" slope="0.00"/>
        <vehicle id="9" x="311.57" y="401.65" angle="-90.00" type="DEFAULT_VEHTYPE" speed="13.73" pos="83.68" lane="2/2to1/2_0" slope="0.00"/>
    </timestep>
    <timestep time="485.00">
        <vehicle id="12" x="348.07" y="598.35" angle="90.00" type="DEFAULT_VEHTYPE" speed="13.12" pos="143.32" lane="1/3to2/3_0" slope="0.00"/>
        <vehicle id="17" x="401.65" y="681.78" angle="180.00" type="DEFAULT_VEHTYPE" speed="13.03" pos="77.03" lane="2/3to2/4_0" slope="0.00"/>
        <vehicle id="2" x="401.65" y="771.98" angle="180.00" type="DEFAULT_VEHTYPE" speed="13.61" pos="167.23" lane="2/3to2/4_0" slope="0.00"/>
        <vehicle id="20" x="601.65" y="305.15" angle="180.00" type="DEFAULT_VEHTYPE" speed="13.57" pos="100.40" lane="3/1to3/2_0" slope="0.00"/>
        <vehicle id="23" x="81.74" y="398.35" angle="90.00" type="DEFAULT_VEHTYPE" speed="12.83" pos="81.74" lane="0/2to1/2_0" slope="0.00"/>
        <vehicle id="7" x="256.57" y="401.65" angle="-90.00" type="DEFAULT_VEHTYPE" speed="13.42" pos="138.68" lane="2/2to1/2_0" slope="0.00"/>
        <vehicle id="9" x="297.79" y="401.65" angle="-90.00" type="DEFAULT_VEHTYPE" speed="13.78" pos="97.46" lane="2/2to1/2_0" slope="0.00"/>
    </timestep>
    <timestep time="486.00">
        <vehicle id="12" x="361.69" y="598.35" angle="90.00" type="DEFAULT_VEHTYPE" speed="13.61" pos="156.94" lane="1/3to2/3_0" slope="0.00"/>
        <vehicle id="17" x="401.65" y="694.92" angle="180.00" type="DEFAULT_VEHTYPE" speed="13.14" pos="90.17" lane="2/3to2/4_0" slope="0.00"/>
        <vehicle id="2" x="401.65" y="785.79" angle="180.00" type="DEFAULT_VEHTYPE" speed="13.81" pos="181.04" lane="2/3to2/4_0" slope="0.00"/>
        <vehicle id="20" x="601.65" y="318.87" angle="180.00" type="DEFAULT_VEHTYPE" speed="13.72" pos="114.12" lane="3/1to3/2_0" slope="0.00"/>
        <vehicle id="23" x="95.16" y="398.35" angle="90.00" type="DEFAULT_VEHTYPE" speed="13.42" pos="95.16" lane="0/2to1/2_0" slope="0.00"/>
        <vehicle id="7" x="243.74" y="401.65" angle="-90.00" type="DEFAULT_VEHTYPE" speed="12.83" pos="151.51" lane="2/2to1/2_0" slope="0.00"/>
        <vehicle id="9" x="284.37" y="401.65" angle="-90.00" type="DEFAULT_VEHTYPE" speed="13.42" pos="110.88" lane="2/2to1/2_0" slope="0.00"/>
    </timestep>
    <timestep time="487.00">
        <vehicle id="12" x="374.31" y="598.35" angle="90.00" type="DEFAULT_VEHTYPE" speed="12.62" pos="169.56" lane="1/3to2/3_0" slope="0.00"/>
        <vehicle id="17" x="401.65" y="708.71" angle="180.00" type="DEFAULT_VEHTYPE" speed="13.79" pos="103.96" lane="2/3to2/4_0" slope="0.00"/>
        <vehicle id="2" x="401.65" y="798.92" angle="180.00" type="DEFAULT_VEHTYPE" speed="13.13" pos="194.17" lane="2/3to2/4_0" slope="0.00"/>
        <vehicle id="20" x="601.65" y="332.14" angle="180.00" type="DEFAULT_VEHTYPE" speed="13.27" pos="127.39" lane="3/1to3/2_0" slope="0.00"/>
        <vehicle id="23" x="107.91" y="398.35" angle="90.00" type="DEFAULT_VEHTYPE" speed="12.75" pos="107.91" lane="0/2to1/2_0" slope="0.00"/>
        <vehicle id="7" x="230.20" y="401.65" angle="-90.00" type="DEFAULT_VEHTYPE" speed="13.54" pos="165.05" lane="2/2to1/2_0" slope="0.00"/>
        <vehicle id="9" x="271.48" y="401.65" angle="-90.00" type="DEFAULT_VEHTYPE" speed="12.89" pos="123.77" lane="2/2to1/2_0" slope="0.00"/>
    </timestep>
    <timestep time="488.00">
        <vehicle id="12" x="382.65" y="598.35" angle="90.00" type="DEFAULT_VEHTYPE" speed="8.35" pos="177.90" lane="1/3to2/3_0" slope="0.00"/>
        <vehicle id="17" x="401.65" y="721.74" angle="180.00" type="DEFAULT_VEHTYPE" speed="13.03" pos="116.99" lane="2/3to2/4_0" slope="0.00"/>
        <vehicle id="2" x="398.35" y="792.62" angle="0.00" type="DEFAULT_VEHTYPE" speed="13.27" pos="7.38" lane="2/4to2/3_0" slope="0.00"/>
        <vehicle id="20" x="601.65" y="345.99" angle="180.00" type="DEFAULT_VEHTYPE" speed="13.85" pos="141.24" lane="3/1to3/2_0" slope="0.00"/>
        <vehicle id="23" x="121.12" y="398.35" angle="90.00" type="DEFAULT_VEHTYPE" speed="13.21" pos="121.12" lane="0/2to1/2_0" slope="0.00"/>
        <vehicle id="7" x="220.43" y="401.65" angle="-90.00" type="DEFAULT_VEHTYPE" speed="9.77" pos="174.82" lane="2/2to1/2_0" slope="0.00"/>
        <vehicle id="9" x="257.90" y="401.65" angle="-90.00" type="DEFAULT_VEHTYPE" speed="13.58" pos="137.35" lane="2/2to1/2_0" slope="0.00"/>
    </timestep>
    <timestep time="489.00">
        <vehicle id="12" x="388.34" y="598.35" angle="90.00" type="DEFAULT_VEHTYPE" speed="5.68" pos="183.59" lane="1/3to2/3_0" slope="0.00"/>
        <vehicle id="17" x="401.65" y="735.41" angle="180.00" type="DEFAULT_VEHTYPE" speed="13.67" pos="130.66" lane="2/3to2/4_0" slope="0.00"/>
        <vehicle id="2" x="398.35" y="779.68" angle="0.00" type="DEFAULT_VEHTYPE" speed="12.94" pos="20.32" lane="2/4to2/3_0" slope="0.00"/>
        <vehicle id="20" x="601.65" y="359.77" angle="180.00" type="DEFAULT_VEHTYPE" speed="13.78" pos="155.02" lane="3/1to3/2_0" slope="0.00"/>
        <vehicle id="23" x="134.57" y="398.35" angle="90.00" type="DEFAULT_VEHTYPE" speed="13.44" pos="134.57" lane="0/2to1/2_0" slope="0.00"/>
        <vehicle id="7" x="214.44" y="401.65" angle="-90.00" type="DEFAULT_VEHTYPE" speed="5.99" pos="180.81" lane="2/2to1/2_0" slope="0.00"/>
        <vehicle id="9" x="245.07" y="401.65" angle="-90.00" type="DEFAULT_VEHTYPE" speed="12.83" pos="150.18" lane="2/2to1/2_0" slope="0.00"/>
    </timestep>
    <timestep time="490.00">
        <vehicle id="12" x="396.05" y="598.46" angle="91.32" type="DEFAULT_VEHTYPE" speed="7.73" pos="0.81" lane=":2/3_14_0" slope="0.00"/>
        <vehicle id="17" x="401.65" y="748.90" angle="180.00" type="DEFAULT_VEHTYPE" speed="13.49" pos="144.15" lane="2/3to2/4_0" slope="0.00"/>
        <vehicle id="2" x="398.35" y="766.73" angle="0.00" type="DEFAULT_VEHTYPE" speed="12.95" pos="33.27" lane="2/4to2/3_0" slope="0.00"/>
        <vehicle id="20" x="601.65" y="373.19" angle="180.00" type="DEFAULT_VEHTYPE" speed="13.42" pos="168.44" lane="3/1to3/2_0" slope="0.00"/>
        <vehicle id="23" x="147.37" y="398.35" angle="90.00" type="DEFAULT_VEHTYPE" speed="12.81" pos="147.37" lane="0/2to1/2_0" slope="0.00"/>
        <vehicle id="7" x="210.75" y="401.65" angle="-90.00" type="DEFAULT_VEHTYPE" speed="3.69" pos="184.50" lane="2/2to1/2_0" slope="0.00"/>
        <vehicle id="9" x="232.69" y="401.65" angle="-90.00" type="DEFAULT_VEHTYPE" speed="12.38" pos="162.56" lane="2/2to1/2_0" slope="0.00"/>
    </timestep>
    <timestep time="491.00">
        <vehicle id="12" x="401.65" y="604.80" angle="162.28" type="DEFAULT_VEHTYPE" speed="9.56" pos="0.05" lane="2/3to2/4_0" slope="0.00"/>
        <vehicle id="17" x="401.65" y="761.69" angle="180.00" type="DEFAULT_VEHTYPE" speed="12.79" pos="156.94" lane="2/3to2/4_0" slope="0.00"/>
        <vehicle id="2" x="398.35" y="753.32" angle="0.00" type="DEFAULT_VEHTYPE" speed="13.42" pos="46.68" lane="2/4to2/3_0" slope="0.00"/>
        <vehicle id="20" x="601.65" y="386.24" angle="180.00" type="DEFAULT_VEHTYPE" speed="13.05" pos="181.49" lane="3/1to3/2_0" slope="0.00"/>
        <vehicle id="23" x="160.92" y="398.35" angle="90.00" type="DEFAULT_VEHTYPE" speed="13.55" pos="160.92" lane="0/2to1/2_0" slope="0.00"/>
        <vehicle id="7" x="204.68" y="401.64" angle="-89.89" type="DEFAULT_VEHTYPE" speed="6.07" pos="0.07" lane=":1/2_6_0" slope="0.00"/>
        <vehicle id="9" x="224.81" y="401.65" angle="-90.00" type="DEFAULT_VEHTYPE" speed="7.88" pos="170.44" lane="2/2to1/2_0" slope="0.00"/>
    </timestep>
    <timestep time="492.00">
        <vehicle id="12" x="401.65" y="616.20" angle="180.00" type="DEFAULT_VEHTYPE" speed="11.40" pos="11.45" lane="2/3to2/4_0" slope="0.00"/>
        <vehicle id="17" x="401.65" y="774.55" angle="180.00" type="DEFAULT_VEHTYPE" speed="12.86" pos="169.80" lane="2/3to2/4_0" slope="0.00"/>
        <vehicle id="2" x="398.35" y="740.42" angle="0.00" type="DEFAULT_VEHTYPE" speed="12.90" pos="59.58" lane="2/4to2/3_0" slope="0.00"/>
        <vehicle id="20" x="601.65" y="399.59" angle="180.00" type="DEFAULT_VEHTYPE" speed="13.35" pos="4.34" lane=":3/2_9_0" slope="0.00"/>
        <vehicle id="23" x="172.83" y="398.35" angle="90.00" type="DEFAULT_VEHTYPE" speed="11.91" pos="172.83" lane="0/2to1/2_0" slope="0.00"/>
        <vehicle id="7" x="198.73" y="397.92" angle="-45.54" type="DEFAULT_VEHTYPE" speed="7.55" pos="7.62" lane=":1/2_6_0" slope="0.00"/>
        <vehicle id="9" x="216.62" y="401.65" angle="-90.00" type="DEFAULT_VEHTYPE" speed="8.20" pos="178.63" lane="2/2to1/2_0" slope="0.00"/>
    </timestep>
    <timestep time="493.00">
        <vehicle id="12" x="401.65" y="629.91" angle="180.00" type="DEFAULT_VEHTYPE" speed="13.71" pos="25.16" lane="2/3to2/4_0" slope="0.00"/>
        <vehicle id="17" x="401.65" y="788.27" angle="180.00" type="DEFAULT_VEHTYPE" speed="13.72" pos="183.52" lane="2/3to2/4_0" slope="0.00"/>
        <vehicle id="2" x="398.35" y="727.58" angle="0.00" type="DEFAULT_VEHTYPE" speed="12.83" pos="72.42" lane="2/4to2/3_0" slope="0.00"/>
        <vehicle id="20" x="601.65" y="412.49" angle="180.00" type="DEFAULT_VEHTYPE" speed="12.91" pos="7.74" lane="3/2to3/3_0" slope="0.00"/>
        <vehicle id="23" x="181.54" y="398.35" angle="90.00" type="DEFAULT_VEHTYPE" speed="8.71" pos="181.54" lane="0/2to1/2_0" slope="0.00"/>
        <vehicle id="7" x="198.35" y="388.20" angle="0.00" type="DEFAULT_VEHTYPE" speed="9.74" pos="7.05" lane="1/2to1/1_0" slope="0.00"/>
        <vehicle id="9" x="211.13" y="401.65" angle="-90.00" type="DEFAULT_VEHTYPE" speed="5.49" pos="184.12" lane="2/2to1/2_0" slope="0.00"/>
    </timestep>
    <timestep time="494.00">
        <vehicle id="12" x="401.65" y="643.06" angle="180.00" type="DEFAULT_VEHTYPE" speed="13.15" pos="38.31" lane="2/3to2/4_0" slope="0.00"/>
        <vehicle id="17" x="400.30" y="801.50" angle="-163.10" type="DEFAULT_VEHTYPE" speed="13.80" pos="2.07" lane=":2/4_0_0" slope="0.00"/>
        <vehicle id="2" x="398.35" y="714.38" angle="0.00" type="DEFAULT_VEHTYPE" speed="13.21" pos="85.62" lane="2/4to2/3_0" slope="0.00"/>
        <vehicle id="20" x="601.65" y="425.33" angle="180.00" type="DEFAULT_VEHTYPE" speed="12.83" pos="20.58" lane="3/2to3/3_0" slope="0.00"/>
        <vehicle id="23" x="187.90" y="398.35" angle="90.00" type="DEFAULT_VEHTYPE" speed="6.35" pos="187.90" lane="0/2to1/2_0" slope="0.00"/>
        <vehicle id="7" x="198.35" y="376.58" angle="0.00" type="DEFAULT_VEHTYPE" speed="11.62" pos="18.67" lane="1/2to1/1_0" slope="0.00"/>
        <vehicle id="9" x="203.39" y="401.65" angle="-90.00" type="DEFAULT_VEHTYPE" speed="7.74" pos="1.36" lane=":1/2_5_0" slope="0.00"/>
    </timestep>
    <timestep time="495.00">
        <vehicle id="12" x="401.65" y="655.98" angle="180.00" type="DEFAULT_VEHTYPE" speed="12.91" pos="51.23" lane="2/3to2/4_0" slope="0.00"/>
        <vehicle id="17" x="398.35" y="789.86" angle="0.00" type="DEFAULT_VEHTYPE" speed="12.89" pos="10.14" lane="2/4to2/3_0" slope="0.00"/>
        <vehicle id="2" x="398.35" y="701.11" angle="0.00" type="DEFAULT_VEHTYPE" speed="13.27" pos="98.89" lane="2/4to2/3_0" slope="0.00"/>
        <vehicle id="20" x="601.65" y="439.01" angle="180.00" type="DEFAULT_VEHTYPE" speed="13.69" pos="34.26" lane="3/2to3/3_0" slope="0.00"/>
        <vehicle id="23" x="191.14" y="398.35" angle="90.00" type="DEFAULT_VEHTYPE" speed="3.25" pos="191.14" lane="0/2to1/2_0" slope="0.00"/>
        <vehicle id="7" x="198.35" y="363.39" angle="0.00" type="DEFAULT_VEHTYPE" speed="13.19" pos="31.86" lane="1/2to1/1_0" slope="0.00"/>
        <vehicle id="9" x="193.47" y="401.65" angle="-90.00" type="DEFAULT_VEHTYPE" speed="9.91" pos="1.78" lane="1/2to0/2_0" slope="0.00"/>
    </timestep>
    <timestep time="496.00">
        <vehicle id="12" x="401.65" y="669.67" angle="180.00" type="DEFAULT_VEHTYPE" speed="13.69" pos="64.92" lane="2/3to2/4_0" slope="0.00"/>
        <vehicle id="17" x="398.35" y="775.96" angle="0.00" type="DEFAULT_VEHTYPE" speed="13.89" pos="24.04" lane="2/4to2/3_0" slope="0.00"/>
        <vehicle id="2" x="398.35" y="688.14" angle="0.00" type="DEFAULT_VEHTYPE" speed="12.97" pos="111.86" lane="2/4to2/3_0" slope="0.00"/>
        <vehicle id="20" x="601.65" y="452.68" angle="180.00" type="DEFAULT_VEHTYPE" speed="13.66" pos="47.93" lane="3/2to3/3_0" slope="0.00"/>
        <vehicle id="23" x="196.04" y="398.46" angle="91.29" type="DEFAULT_VEHTYPE" speed="4.90" pos="0.80" lane=":1/2_14_0" slope="0.00"/>
        <vehicle id="7" x="198.35" y="350.71" angle="0.00" type="DEFAULT_VEHTYPE" speed="12.68" pos="44.54" lane="1/2to1/1_0" slope="0.00"/>
        <vehicle id="9" x="181.16" y="401.65" angle="-90.00" type="DEFAULT_VEHTYPE" speed="12.31" pos="14.09" lane="1/2to0/2_0" slope="0.00"/>
    </timestep>
    <timestep time="497.00">
        <vehicle id="12" x="401.65" y="682.85" angle="180.00" type="DEFAULT_VEHTYPE" speed="13.18" pos="78.10" lane="2/3to2/4_0" slope="0.00"/>
        <vehicle id="17" x="398.35" y="762.65" angle="0.00" type="DEFAULT_VEHTYPE" speed="13.32" pos="37.35" lane="2/4to2/3_0" slope="0.00"/>
        <vehicle id="2" x="398.35" y="674.54" angle="0.00" type="DEFAULT_VEHTYPE" speed="13.61" pos="125.46" lane="2/4to2/3_0" slope="0.00"/>
        <vehicle id="20" x="601.65" y="465.35" angle="180.00" type="DEFAULT_VEHTYPE" speed="12.67" pos="60.60" lane="3/2to3/3_0" slope="0.00"/>
        <vehicle id="23" x="201.14" y="401.76" angle="130.33" type="DEFAULT_VEHTYPE" speed="6.47" pos="7.27" lane=":1/2_14_0" slope="0.00"/>
        <vehicle id="7" x="198.35" y="337.70" angle="0.00" type="DEFAULT_VEHTYPE" speed="13.01" pos="57.55" lane="1/2to1/1_0" slope="0.00"/>
        <vehicle id="9" x="167.96" y="401.65" angle="-90.00" type="DEFAULT_VEHTYPE" speed="13.20" pos="27.29" lane="1/2to0/2_0" slope="0.00"/>
    </timestep>
    <timestep time="498.00">
        <vehicle id="12" x="401.65" y="696.47" angle="180.00" type="DEFAULT_VEHTYPE" speed="13.63" pos="91.72" lane="2/3to2/4_0" slope="0.00"/>
        <vehicle id="17" x="398.35" y="748.99" angle="0.00" type="DEFAULT_VEHTYPE" speed="13.66" pos="51.01" lane="2/4to2/3_0" slope="0.00"/>
        <vehicle id="2" x="398.35" y="661.04" angle="0.00" type="DEFAULT_VEHTYPE" speed="13.50" pos="138.96" lane="2/4to2/3_0" slope="0.00"/>
        <vehicle id="20" x="601.65" y="478.75" angle="180.00" type="DEFAULT_VEHTYPE" speed="13.41" pos="74.00" lane="3/2to3/3_0" slope="0.00"/>
        <vehicle id="23" x="201.65" y="409.49" angle="179.58" type="DEFAULT_VEHTYPE" speed="7.79" pos="4.74" lane="1/2to1/3_0" slope="0.00"/>
        <vehicle id="7" x="198.35" y="324.54" angle="0.00" type="DEFAULT_VEHTYPE" speed="13.17" pos="70.71" lane="1/2to1/1_0" slope="0.00"/>
        <vehicle id="9" x="154.13" y="401.65" angle="-90.00" type="DEFAULT_VEHTYPE" speed="13.83" pos="41.12" lane="1/2to0/2_0" slope="0.00"/>
    </timestep>
    <timestep time="499.00">
        <vehicle id="12" x="401.65" y="709.24" angle="180.00" type="DEFAULT_VEHTYPE" speed="12.77" pos="104.49" lane="2/3to2/4_0" slope="0.00"/>
        <vehicle id="17" x="398.35" y="735.10" angle="0.00" type="DEFAULT_VEHTYPE" speed="13.89" pos="64.90" lane="2/4to2/3_0" slope="0.00"/>
        <vehicle id="2" x="398.35" y="647.52" angle="0.00" type="DEFAULT_VEHTYPE" speed="13.52" pos="152.48" lane="2/4to2/3_0" slope="0.00"/>
        <vehicle id="20" x="601.65" y="492.11" angle="180.00" type="DEFAULT_VEHTYPE" speed="13.36" pos="87.36" lane="3/2to3/3_0" slope="0.00"/>
        <vehicle id="23" x="201.65" y="419.50" angle="180.00" type="DEFAULT_VEHTYPE" speed="10.01" pos="14.75" lane="1/2to1/3_0" slope="0.00"/>
        <vehicle id="7" x="198.35" y="311.83" angle="0.00" type="DEFAULT_VEHTYPE" speed="12.71" pos="83.42" lane="1/2to1/1_0" slope="0.00"/>
        <vehicle id="9" x="140.83" y="401.65" angle="-90.00" type="DEFAULT_VEHTYPE" speed="13.30" pos="54.42" lane="1/2to0/2_0" slope="0.00"/>
    </timestep>
    <timestep time="500.00">
        <vehicle id="12" x="401.65" y="722.36" angle="180.00" type="DEFAULT_VEHTYPE" speed="13.12" pos="117.61" lane="2/3to2/4_0" slope="0.00"/>
        <vehicle id="17" x="398.35" y="722.31" angle="0.00" type="DEFAULT_VEHTYPE" speed="12.79" pos="77.69" lane="2/4to2/3_0" slope="0.00"/>
        <vehicle id="2" x="398.35" y="633.77" angle="0.00" type="DEFAULT_VEHTYPE" speed="13.74" pos="166.23" lane="2/4to2/3_0" slope="0.00"/>
        <vehicle id="20" x="601.65" y="505.48" angle="180.00" type="DEFAULT_VEHTYPE" speed="13.37" pos="100.73" lane="3/2to3/3_0" slope="0.00"/>
        <vehicle id="23" x="201.65" y="431.56" angle="180.00" type="DEFAULT_VEHTYPE" speed="12.06" pos="26.81" lane="1/2to1/3_0" slope="0.00"/>
        <vehicle id="7" x="198.35" y="298.90" angle="0.00" type="DEFAULT_VEHTYPE" speed="12.92" pos="96.35" lane="1/2to1/1_0" slope="0.00"/>
        <vehicle id="9" x="127.47" y="401.65" angle="-90.00" type="DEFAULT_VEHTYPE" speed="13.35" pos="67.78" lane="1/2to0/2_0" slope="0.00"/>
    </timestep>
    <timestep time="501.00">
        <vehicle id="12" x="401.65" y="735.39" angle="180.00" type="DEFAULT_VEHTYPE" speed="13.02" pos="130.64" lane="2/3to2/4_0" slope="0.00"/>
        <vehicle id="17" x="398.35" y="708.63" angle="0.00" type="DEFAULT_VEHTYPE" speed="13.68" pos="91.37" lane="2/4to2/3_0" slope="0.00"/>
        <vehicle id="2" x="398.35" y="619.93" angle="0.00" type="DEFAULT_VEHTYPE" speed="13.84" pos="180.07" lane="2/4to2/3_0" slope="0.00"/>
        <vehicle id="20" x="601.65" y="518.83" angle="180.00" type="DEFAULT_VEHTYPE" speed="13.35" pos="114.08" lane="3/2to3/3_0" slope="0.00"/>
        <vehicle id="23" x="201.65" y="445.31" angle="180.00" type="DEFAULT_VEHTYPE" speed="13.74" pos="40.56" lane="1/2to1/3_0" slope="0.00"/>
        <vehicle id="7" x="198.35" y="285.08" angle="0.00" type="DEFAULT_VEHTYPE" speed="13.82" pos="110.17" lane="1/2to1/1_0" slope="0.00"/>
        <vehicle id="9" x="114.56" y="401.65" angle="-90.00" type="DEFAULT_VEHTYPE" speed="12.91" pos="80.69" lane="1/2to0/2_0" slope="0.00"/>
    </timestep>
    <timestep time="502.00">
        <vehicle id="12" x="401.65" y="749.06" angle="180.00" type="DEFAULT_VEHTYPE" speed="13.68" pos="144.31" lane="2/3to2/4_0" slope="0.00"/>
        <vehicle id="17" x="398.35" y="695.25" angle="0.00" type="DEFAULT_VEHTYPE" speed="13.38" pos="104.75" lane="2/4to2/3_0" slope="0.00"/>
        <vehicle id="2" x="398.35" y="607.16" angle="0.00" type="DEFAULT_VEHTYPE" speed="12.77" pos="192.84" lane="2/4to2/3_0" slope="0.00"/>
        <vehicle id="20" x="601.65" y="532.43" angle="180.00" type="DEFAULT_VEHTYPE" speed="13.60" pos="127.68" lane="3/2to3/3_0" slope="0.00"/>
        <vehicle id="23" x="201.65" y="458.80" angle="180.00" type="DEFAULT_VEHTYPE" speed="13.49" pos="54.05" lane="1/2to1/3_0" slope="0.00"/>
        <vehicle id="7" x="198.35" y="271.60" angle="0.00" type="DEFAULT_VEHTYPE" speed="13.48" pos="123.65" lane="1/2to1/1_0" slope="0.00"/>
        <vehicle id="9" x="100.73" y="401.65" angle="-90.00" type="DEFAULT_VEHTYPE" speed="13.83" pos="94.52" lane="1/2to0/2_0" slope="0.00"/>
    </timestep>
    <timestep time="503.00">
        <vehicle id="12" x="401.65" y="762.37" angle="180.00" type="DEFAULT_VEHTYPE" speed="13.31" pos="157.62" lane="2/3to2/4_0" slope="0.00"/>
        <vehicle id="17" x="398.35" y="682.04" angle="0.00" type="DEFAULT_VEHTYPE" speed="13.22" pos="117.96" lane="2/4to2/3_0" slope="0.00"/>
        <vehicle id="2" x="398.35" y="593.62" angle="0.00" type="DEFAULT_VEHTYPE" speed="13.54" pos="1.63" lane="2/3to2/2_0" slope="0.00"/>
        <vehicle id="20" x="601.65" y="545.11" angle="180.00" type="DEFAULT_VEHTYPE" speed="12.68" pos="140.36" lane="3/2to3/3_0" slope="0.00"/>
        <vehicle id="23" x="201.65" y="471.45" angle="180.00" type="DEFAULT_VEHTYPE" speed="12.65" pos="66.70" lane="1/2to1/3_0" slope="0.00"/>
        <vehicle id="7" x="198.35" y="258.77" angle="0.00" type="DEFAULT_VEHTYPE" speed="12.83" pos="136.48" lane="1/2to1/1_0" slope="0.00"/>
        <vehicle id="9" x="87.35" y="401.65" angle="-90.00" type="DEFAULT_VEHTYPE" speed="13.38" pos="107.90" lane="1/2to0/2_0" slope="0.00"/>
    </timestep>
    <timestep time="504.00">
        <vehicle id="12" x="401.65" y="775.50" angle="180.00" type="DEFAULT_VEHTYPE" speed="13.13" pos="170.75" lane="2/3to2/4_0" slope="0.00"/>
        <vehicle id="17" x="398.35" y="669.06" angle="0.00" type="DEFAULT_VEHTYPE" speed="12.97" pos="130.94" lane="2/4to2/3_0" slope="0.00"/>
        <vehicle id="2" x="398.35" y="580.24" angle="0.00" type="DEFAULT_VEHTYPE" speed="13.38" pos="15.01" lane="2/3to2/2_0" slope="0.00"/>
        <vehicle id="20" x="601.65" y="558.93" angle="180.00" type="DEFAULT_VEHTYPE" speed="13.83" pos="154.18" lane="3/2to3/3_0" slope="0.00"/>
        <vehicle id="23" x="201.65" y="484.74" angle="180.00" type="DEFAULT_VEHTYPE" speed="13.30" pos="79.99" lane="1/2to1/3_0" slope="0.00"/>
        <vehicle id="7" x="198.35" y="245.68" angle="0.00" type="DEFAULT_VEHTYPE" speed="13.09" pos="149.57" lane="1/2to1/1_0" slope="0.00"/>
        <vehicle id="9" x="73.73" y="401.65" angle="-90.00" type="DEFAULT_VEHTYPE" speed="13.62" pos="121.52" lane="1/2to0/2_0" slope="0.00"/>
    </timestep>
    <timestep time="505.00">
        <vehicle id="12" x="401.65" y="788.23" angle="180.00" type="DEFAULT_VEHTYPE" speed="12.73" pos="183.48" lane="2/3to2/4_0" slope="0.00"/>
        <vehicle id="17" x="398.35" y="656.36" angle="0.00" type="DEFAULT_VEHTYPE" speed="12.71" pos="143.64" lane="2/4to2/3_0" slope="0.00"/>
        <vehicle id="2" x="398.35" y="566.98" angle="0.00" type="DEFAULT_VEHTYPE" speed="13.26" pos="28.27" lane="2/3to2/2_0" slope="0.00"/>
        <vehicle id="20" x="601.65" y="571.92" angle="180.00" type="DEFAULT_VEHTYPE" speed="12.99" pos="167.17" lane="3/2to3/3_0" slope="0.00"/>
        <vehicle id="23" x="201.65" y="497.35" angle="180.00" type="DEFAULT_VEHTYPE" speed="12.60" pos="92.60" lane="1/2to1/3_0" slope="0.00"/>
        <vehicle id="7" x="198.35" y="232.97" angle="0.00" type="DEFAULT_VEHTYPE" speed="12.71" pos="162.28" lane="1/2to1/1_0" slope="0.00"/>
        <vehicle id="9" x="60.58" y="401.65" angle="-90.00" type="DEFAULT_VEHTYPE" speed="13.15" pos="134.67" lane="1/2to0/2_0" slope="0.00"/>
    </timestep>
    <timestep time="506.00">
        <vehicle id="12" x="400.56" y="801.38" angle="-166.57" type="DEFAULT_VEHTYPE" speed="13.56" pos="1.79" lane=":2/4_0_0" slope="0.00"/>
        <vehicle id="17" x="398.35" y="643.55" angle="0.00" type="DEFAULT_VEHTYPE" speed="12.81" pos="156.45" lane="2/4to2/3_0" slope="0.00"/>
        <vehicle id="2" x="398.35" y="554.35" angle="0.00" type="DEFAULT_VEHTYPE" speed="12.63" pos="40.90" lane="2/3to2/2_0" slope="0.00"/>
        <vehicle id="20" x="601.65" y="584.95" angle="180.00" type="DEFAULT_VEHTYPE" speed="13.03" pos="180.20" lane="3/2to3/3_0" slope="0.00"/>
        <vehicle id="23" x="201.65" y="510.07" angle="180.00" type="DEFAULT_VEHTYPE" speed="12.72" pos="105.32" lane="1/2to1/3_0" slope="0.00"/>
        <vehicle id="7" x="198.35" y="219.29" angle="0.00" type="DEFAULT_VEHTYPE" speed="13.68" pos="175.96" lane="1/2to1/1_0" slope="0.00"/>
        <vehicle id="9" x="47.33" y="401.65" angle="-90.00" type="DEFAULT_VEHTYPE" speed="13.25" pos="147.92" lane="1/2to0/2_0" slope="0.00"/>
    </timestep>
    <timestep time="507.00">
        <vehicle id="12" x="398.35" y="789.17" angle="0.00" type="DEFAULT_VEHTYPE" speed="13.86" pos="10.83" lane="2/4to2/3_0" slope="0.00"/>
        <vehicle id="17" x="398.35" y="629.92" angle="0.00" type="DEFAULT_VEHTYPE" speed="13.63" pos="170.08" lane="2/4to2/3_0" slope="0.00"/>
        <vehicle id="2" x="398.35" y="541.11" angle="0.00" type="DEFAULT_VEHTYPE" speed="13.23" pos="54.14" lane="2/3to2/2_0" slope="0.00"/>
        <vehicle id="20" x="602.77" y="597.79" angle="166.45" type="DEFAULT_VEHTYPE" speed="13.21" pos="2.91" lane=":3/3_8_0" slope="0.00"/>
        <vehicle id="23" x="201.65" y="523.86" angle="180.00" type="DEFAULT_VEHTYPE" speed="13.79" pos="119.11" lane="1/2to1/3_0" slope="0.00"/>
        <vehicle id="7" x="198.35" y="206.53" angle="0.00" type="DEFAULT_VEHTYPE" speed="12.76" pos="188.72" lane="1/2to1/1_0" slope="0.00"/>
        <vehicle id="9" x="34.17" y="401.65" angle="-90.00" type="DEFAULT_VEHTYPE" speed="13.16" pos="161.08" lane="1/2to0/2_0" slope="0.00"/>
    </timestep>
    <timestep time="508.00">
        <vehicle id="12" x="398.35" y="776.45" angle="0.00" type="DEFAULT_VEHTYPE" speed="12.72" pos="23.55" lane="2/4to2/3_0" slope="0.00"/>
        <vehicle id="17" x="398.35" y="616.59" angle="0.00" type="DEFAULT_VEHTYPE" speed="13.33" pos="183.41" lane="2/4to2/3_0" slope="0.00"/>
        <vehicle id="2" x="398.35" y="528.16" angle="0.00" type="DEFAULT_VEHTYPE" speed="12.95" pos="67.09" lane="2/3to2/2_0" slope="0.00"/>
        <vehicle id="20" x="616.07" y="598.35" angle="90.00" type="DEFAULT_VEHTYPE" speed="13.41" pos="11.32" lane="3/3to4/3_0" slope="0.00"/>
        <vehicle id="23" x="201.65" y="536.60" angle="180.00" type="DEFAULT_VEHTYPE" speed="12.74" pos="131.85" lane="1/2to1/3_0" slope="0.00"/>
        <vehicle id="7" x="188.22" y="201.65" angle="-90.00" type="DEFAULT_VEHTYPE" speed="13.82" pos="7.03" lane="1/1to0/1_0" slope="0.00"/>
        <vehicle id="9" x="21.48" y="401.65" angle="-90.00" type="DEFAULT_VEHTYPE" speed="12.69" pos="173.77" lane="1/2to0/2_0" slope="0.00"/>
    </timestep>
    <timestep time="509.00">
        <vehicle id="12" x="398.35" y="763.85" angle="0.00" type="DEFAULT_VEHTYPE" speed="12.60" pos="36.15" lane="2/4to2/3_0" slope="0.00"/>
        <vehicle id="17" x="398.35" y="603.11" angle="0.00" type="DEFAULT_VEHTYPE" speed="13.48" pos="1.64" lane=":2/3_1_0" slope="0.00"/>
        <vehicle id="2" x="398.35" y="515.24" angle="0.00" type="DEFAULT_VEHTYPE" speed="12.93" pos="80.01" lane="2/3to2/2_0" slope="0.00"/>
        <vehicle id="20" x="629.64" y="598.35" angle="90.00" type="DEFAULT_VEHTYPE" speed="13.57" pos="24.89" lane="3/3to4/3_0" slope="0.00"/>
        <vehicle id="23" x="201.65" y="550.23" angle="180.00" type="DEFAULT_VEHTYPE" speed="13.63" pos="145.48" lane="1/2to1/3_0" slope="0.00"/>
        <vehicle id="7" x="175.29" y="201.65" angle="-90.00" type="DEFAULT_VEHTYPE" speed="12.93" pos="19.96" lane="1/1to0/1_0" slope="0.00"/>
        <vehicle id="9" x="8.21" y="401.65" angle="-90.00" type="DEFAULT_VEHTYPE" speed="13.27" pos="187.04" lane="1/2to0/2_0" slope="0.00"/>
    </timestep>
    <timestep time="510.00">
        <vehicle id="12" x="398.35" y="750.76" angle="0.00" type="DEFAULT_VEHTYPE" speed="13.09" pos="49.24" lane="2/4to2/3_0" slope="0.00"/>
        <vehicle id="17" x="398.35" y="589.31" angle="0.00" type="DEFAULT_VEHTYPE" speed="13.80" pos="5.94" lane="2/3to2/2_0" slope="0.00"/>
        <vehicle id="2" x="398.35" y="501.86" angle="0.00" type="DEFAULT_VEHTYPE" speed="13.37" pos="93.39" lane="2/3to2/2_0" slope="0.00"/>
        <vehicle id="20" x="643.00" y="598.35" angle="90.00" type="DEFAULT_VEHTYPE" speed="13.36" pos="38.25" lane="3/3to4/3_0" slope="0.00"/>
        <vehicle id="23" x="201.65" y="564.05" angle="180.00" type="DEFAULT_VEHTYPE" speed="13.82" pos="159.30" lane="1/2to1/3_0" slope="0.00"/>
        <vehicle id="7" x="161.61" y="201.65" angle="-90.00" type="DEFAULT_VEHTYPE" speed="13.68" pos="33.64" lane="1/1to0/1_0" slope="0.00"/>
        <vehicle id="9" x="0.33" y="398.35" angle="8.08" type="DEFAULT_VEHTYPE" speed="13.36" pos="0.33" lane="0/2to1/2_0" slope="0.00"/>
    </timestep>
    <timestep time="511.00">
        <vehicle id="12" x="398.35" y="737.00" angle="0.00" type="DEFAULT_VEHTYPE" speed="13.76" pos="63.00" lane="2/4to2/3_0" slope="0.00"/>
        <vehicle id="17" x="398.35" y="575.54" angle="0.00" type="DEFAULT_VEHTYPE" speed="13.77" pos="19.71" lane="2/3to2/2_0" slope="0.00"/>
        <vehicle id="2" x="398.35" y="488.24" angle="0.00" type="DEFAULT_VEHTYPE" speed="13.62" pos="107.01" lane="2/3to2/2_0" slope="0.00"/>
        <vehicle id="20" x="656.17" y="598.35" angle="90.00" type="DEFAULT_VEHTYPE" speed="13.16" pos="51.42" lane="3/3to4/3_0" slope="0.00"/>
        <vehicle id="23" x="201.65" y="576.80" angle="180.00" type="DEFAULT_VEHTYPE" speed="12.74" pos="172.05" lane="1/2to1/3_0" slope="0.00"/>
        <vehicle id="7" x="148.68" y="201.65" angle="-90.00" type="DEFAULT_VEHTYPE" speed="12.94" pos="46.57" lane="1/1to0/1_0" slope="0.00"/>
        <vehicle id="9" x="13.02" y="398.35" angle="90.00" type="DEFAULT_VEHTYPE" speed="12.68" pos="13.02" lane="0/2to1/2_0" slope="0.00"/>
    </timestep>
    <timestep time="512.00">
        <vehicle id="12" x="398.35" y="723.75" angle="0.00" type="DEFAULT_VEHTYPE" speed="13.24" pos="76.25" lane="2/4to2/3_0" slope="0.00"/>
        <vehicle id="17" x="398.35" y="562.03" angle="0.00" type="DEFAULT_VEHTYPE" speed="13.51" pos="33.22" lane="2/3to2/2_0" slope="0.00"/>
        <vehicle id="2" x="398.35" y="474.63" angle="0.00" type="DEFAULT_VEHTYPE" speed="13.62" pos="120.62" lane="2/3to2/2_0" slope="0.00"/>
        <vehicle id="20" x="670.03" y="598.35" angle="90.00" type="DEFAULT_VEHTYPE" speed="13.86" pos="65.28" lane="3/3to4/3_0" slope="0.00"/>
        <vehicle id="23" x="201.65" y="590.51" angle="180.00" type="DEFAULT_VEHTYPE" speed="13.71" pos="185.76" lane="1/2to1/3_0" slope="0.00"/>
        <vehicle id="7" x="135.16" y="201.65" angle="-90.00" type="DEFAULT_VEHTYPE" speed="13.52" pos="60.09" lane="1/1to0/1_0" slope="0.00"/>
        <vehicle id="9" x="26.41" y="398.35" angle="90.00" type="DEFAULT_VEHTYPE" speed="13.39" pos="26.41" lane="0/2to1/2_0" slope="0.00"/>
    </timestep>
    <timestep time="513.00">
        <vehicle id="12" x="398.35" y="709.92" angle="0.00" type="DEFAULT_VEHTYPE" speed="13.84" pos="90.08" lane="2/4to2/3_0" slope="0.00"/>
        <vehicle id="17" x="398.35" y="549.05" angle="0.00" type="DEFAULT_VEHTYPE" speed="12.98" pos="46.20" lane="2/3to2/2_0" slope="0.00"/>
        <vehicle id="2" x="398.35" y="461.96" angle="0.00" type="DEFAULT_VEHTYPE" speed="12.66" pos="133.29" lane="2/3to2/2_0" slope="0.00"/>
        <vehicle id="20" x="683.91" y="598.35" angle="90.00" type="DEFAULT_VEHTYPE" speed="13.88" pos="79.16" lane="3/3to4/3_0" slope="0.00"/>
        <vehicle id="23" x="208.56" y="598.35" angle="91.89" type="DEFAULT_VEHTYPE" speed="13.56" pos="3.81" lane="1/3to2/3_0" slope="0.00"/>
        <vehicle id="7" x="121.73" y="201.65" angle="-90.00" type="DEFAULT_VEHTYPE" speed="13.43" pos="73.52" lane="1/1to0/1_0" slope="0.00"/>
        <vehicle id="9" x="40.00" y="398.35" angle="90.00" type="DEFAULT_VEHTYPE" speed="13.60" pos="40.00" lane="0/2to1/2_0" slope="0.00"/>
    </timestep>
    <timestep time="514.00">
        <vehicle id="12" x="398.35" y="696.60" angle="0.00" type="DEFAULT_VEHTYPE" speed="13.32" pos="103.40" lane="2/4to2/3_0" slope="0.00"/>
        <vehicle id="17" x="398.35" y="535.21" angle="0.00" type="DEFAULT_VEHTYPE" speed="13.83" pos="60.04" lane="2/3to2/2_0" slope="0.00"/>
        <vehicle id="2" x="398.35" y="449.13" angle="0.00" type="DEFAULT_VEHTYPE" speed="12.83" pos="146.12" lane="2/3to2/2_0" slope="0.00"/>
        <vehicle id="20" x="697.81" y="598.35" angle="90.00" type="DEFAULT_VEHTYPE" speed="13.90" pos="93.06" lane="3/3to4/3_0" slope="0.00"/>
        <vehicle id="23" x="221.77" y="598.35" angle="90.00" type="DEFAULT_VEHTYPE" speed="13.21" pos="17.02" lane="1/3to2/3_0" slope="0.00"/>
        <vehicle id="7" x="107.96" y="201.65" angle="-90.00" type="DEFAULT_VEHTYPE" speed="13.77" pos="87.29" lane="1/1to0/1_0" slope="0.00"/>
        <vehicle id="9" x="53.46" y="398.35" angle="90.00" type="DEFAULT_VEHTYPE" speed="13.46" pos="53.46" lane="0/2to1/2_0" slope="0.00"/>
    </timestep>
    <timestep time="515.00">
        <vehicle id="12" x="398.35" y="683.15" angle="0.00" type="DEFAULT_VEHTYPE" speed="13.45" pos="116.85" lane="2/4to2/3_0" slope="0.00"/>
        <vehicle id="17" x="398.35" y="521.33" angle="0.00" type="DEFAULT_VEHTYPE" speed="13.89" pos="73.92" lane="2/3to2/2_0" slope="0.00"/>
        <vehicle id="2" x="398.35" y="435.99" angle="0.00" type="DEFAULT_VEHTYPE" speed="13.14" pos="159.26" lane="2/3to2/2_0" slope="0.00"/>
        <vehicle id="20" x="710.94" y="598.35" angle="90.00" type="DEFAULT_VEHTYPE" speed="13.14" pos="106.19" lane="3/3to4/3_0" slope="0.00"/>
        <vehicle id="23" x="234.39" y="598.35" angle="90.00" type="DEFAULT_VEHTYPE" speed="12.62" pos="29.64" lane="1/3to2/3_0" slope="0.00"/>
        <vehicle id="7" x="95.08" y="201.65" angle="-90.00" type="DEFAULT_VEHTYPE" speed="12.89" pos="100.17" lane="1/1to0/1_0" slope="0.00"/>
        <vehicle id="9" x="66.59" y="398.35" angle="90.00" type="DEFAULT_VEHTYPE" speed="13.14" pos="66.59" lane="0/2to1/2_0" slope="0.00"/>
    </timestep>
    <timestep time="516.00">
        <vehicle id="12" x="398.35" y="669.95" angle="0.00" type="DEFAULT_VEHTYPE" speed="13.20" pos="130.05" lane="2/4to2/3_0" slope="0.00"/>
        <vehicle id="17" x="398.35" y="507.96" angle="0.00" type="DEFAULT_VEHTYPE" speed="13.37" pos="87.29" lane="2/3to2/2_0" slope="0.00"/>
        <vehicle id="2" x="398.35" y="422.59" angle="0.00" type="DEFAULT_VEHTYPE" speed="13.39" pos="172.66" lane="2/3to2/2_0" slope="0.00"/>
        <vehicle id="20" x="723.60" y="598.35" angle="90.00" type="DEFAULT_VEHTYPE" speed="12.65" pos="118.85" lane="3/3to4/3_0" slope="0.00"/>
        <vehicle id="23" x="247.00" y="598.35" angle="90.00" type="DEFAULT_VEHTYPE" speed="12.61" pos="42.25" lane="1/3to2/3_0" slope="0.00"/>
        <vehicle id="7" x="82.25" y="201.65" angle="-90.00" type="DEFAULT_VEHTYPE" speed="12.83" pos="113.00" lane="1/1to0/1_0" slope="0.00"/>
        <vehicle id="9" x="80.29" y="398.35" angle="90.00" type="DEFAULT_VEHTYPE" speed="13.69" pos="80.29" lane="0/2to1/2_0" slope="0.00"/>
    </timestep>
    <timestep time="517.00">
        <vehicle id="12" x="398.35" y="657.00" angle="0.00" type="DEFAULT_VEHTYPE" speed="12.95" pos="143.00" lane="2/4to2/3_0" slope="0.00"/>
        <vehicle id="17" x="398.35" y="494.86" angle="0.00" type="DEFAULT_VEHTYPE" speed="13.10" pos="100.39" lane="2/3to2/2_0" slope="0.00"/>
        <vehicle id="2" x="398.35" y="408.95" angle="0.00" type="DEFAULT_VEHTYPE" speed="13.64" pos="186.30" lane="2/3to2/2_0" slope="0.00"/>
        <vehicle id="20" x="737.44" y="598.35" angle="90.00" type="DEFAULT_VEHTYPE" speed="13.85" pos="132.69" lane="3/3to4/3_0" slope="0.00"/>
        <vehicle id="23" x="260.27" y="598.35" angle="90.00" type="DEFAULT_VEHTYPE" speed="13.27" pos="55.52" lane="1/3to2/3_0" slope="0.00"/>
        <vehicle id="7" x="69.24" y="201.65" angle="-90.00" type="DEFAULT_VEHTYPE" speed="13.01" pos="126.01" lane="1/1to0/1_0" slope="0.00"/>
        <vehicle id="9" x="94.16" y="398.35" angle="90.00" type="DEFAULT_VEHTYPE" speed="13.87" pos="94.16" lane="0/2to1/2_0" slope="0.00"/>
    </timestep>
    <timestep time="518.00">
        <vehicle id="12" x="398.35" y="643.17" angle="0.00" type="DEFAULT_VEHTYPE" speed="13.83" pos="156.83" lane="2/4to2/3_0" slope="0.00"/>
        <vehicle id="17" x="398.35" y="481.21" angle="0.00" type="DEFAULT_VEHTYPE" speed="13.65" pos="114.04" lane="2/3to2/2_0" slope="0.00"/>
        <vehicle id="2" x="398.35" y="395.71" angle="0.00" type="DEFAULT_VEHTYPE" speed="13.24" pos="9.04" lane=":2/2_1_0" slope="0.00"/>
        <vehicle id="20" x="750.82" y="598.35" angle="90.00" type="DEFAULT_VEHTYPE" speed="13.37" pos="146.07" lane="3/3to4/3_0" slope="0.00"/>
        <vehicle id="23" x="273.75" y="598.35" angle="90.00" type="DEFAULT_VEHTYPE" speed="13.48" pos="69.00" lane="1/3to2/3_0" slope="0.00"/>
        <vehicle id="7" x="56.18" y="201.65" angle="-90.00" type="DEFAULT_VEHTYPE" speed="13.06" pos="139.07" lane="1/1to0/1_0" slope="0.00"/>
        <vehicle id="9" x="107.65" y="398.35" angle="90.00" type="DEFAULT_VEHTYPE" speed="13.49" pos="107.65" lane="0/2to1/2_0" slope="0.00"/>
    </timestep>
    <timestep time="519.00">
        <vehicle id="12" x="398.35" y="629.90" angle="0.00" type="DEFAULT_VEHTYPE" speed="13.27" pos="170.10" lane="2/4to2/3_0" slope="0.00"/>
        <vehicle id="17" x="398.35" y="468.56" angle="0.00" type="DEFAULT_VEHTYPE" speed="12.65" pos="126.69" lane="2/3to2/2_0" slope="0.00"/>
        <vehicle id="2" x="398.35" y="382.36" angle="0.00" type="DEFAULT_VEHTYPE" speed="13.35" pos="12.89" lane="2/2to2/1_0" slope="0.00"/>
        <vehicle id="20" x="763.93" y="598.35" angle="90.00" type="DEFAULT_VEHTYPE" speed="13.11" pos="159.18" lane="3/3to4/3_0" slope="0.00"/>
        <vehicle id="23" x="286.52" y="598.35" angle="90.00" type="DEFAULT_VEHTYPE" speed="12.77" pos="81.77" lane="1/3to2/3_0" slope="0.00"/>
        <vehicle id="7" x="43.12" y="201.65" angle="-90.00" type="DEFAULT_VEHTYPE" speed="13.06" pos="152.13" lane="1/1to0/1_0" slope="0.00"/>
        <vehicle id="9" x="120.88" y="398.35" angle="90.00" type="DEFAULT_VEHTYPE" speed="13.23" pos="120.88" lane="0/2to1/2_0" slope="0.00"/>
    </timestep>
    <timestep time="520.00">
        <vehicle id="12" x="398.35" y="616.02" angle="0.00" type="DEFAULT_VEHTYPE" speed="13.89" pos="183.98" lane="2/4to2/3_0" slope="0.00"/>
        <vehicle id="17" x="398.35" y="454.85" angle="0.00" type="DEFAULT_VEHTYPE" speed="13.70" pos="140.40" lane="2/3to2/2_0" slope="0.00"/>
        <vehicle id="2" x="398.35" y="369.17" angle="0.00" type="DEFAULT_VEHTYPE" speed="13.19" pos="26.08" lane="2/2to2/1_0" slope="0.00"/>
        <vehicle id="20" x="776.95" y="598.35" angle="90.00" type="DEFAULT_VEHTYPE" speed="13.02" pos="172.20" lane="3/3to4/3_0" slope="0.00"/>
        <vehicle id="23" x="299.16" y="598.35" angle="90.00" type="DEFAULT_VEHTYPE" speed="12.63" pos="94.41" lane="1/3to2/3_0" slope="0.00"/>
        <vehicle id="7" x="30.16" y="201.65" angle="-90.00" type="DEFAULT_VEHTYPE" speed="12.96" pos="165.09" lane="1/1to0/1_0" slope="0.00"/>
        <vehicle id="9" x="134.32" y="398.35" angle="90.00" type="DEFAULT_VEHTYPE" speed="13.44" pos="134.32" lane="0/2to1/2_0" slope="0.00"/>
    </timestep>
    <timestep time="521.00">
        <vehicle id="12" x="398.35" y="603.42" angle="0.00" type="DEFAULT_VEHTYPE" speed="12.60" pos="1.33" lane=":2/3_1_0" slope="0.00"/>
        <vehicle id="17" x="398.35" y="441.35" angle="0.00" type="DEFAULT_VEHTYPE" speed="13.50" pos="153.90" lane="2/3to2/2_0" slope="0.00"/>
        <vehicle id="2" x="398.35" y="356.37" angle="0.00" type="DEFAULT_VEHTYPE" speed="12.80" pos="38.88" lane="2/2to2/1_0" slope="0.00"/>
        <vehicle id="20" x="789.61" y="598.35" angle="90.00" type="DEFAULT_VEHTYPE" speed="12.67" pos="184.86" lane="3/3to4/3_0" slope="0.00"/>
        <vehicle id="23" x="312.53" y="598.35" angle="90.00" type="DEFAULT_VEHTYPE" speed="13.37" pos="107.78" lane="1/3to2/3_0" slope="0.00"/>
        <vehicle id="7" x="16.58" y="201.65" angle="-90.00" type="DEFAULT_VEHTYPE" speed="13.58" pos="178.67" lane="1/1to0/1_0" slope="0.00"/>
        <vehicle id="9" x="148.08" y="398.35" angle="90.00" type="DEFAULT_VEHTYPE" speed="13.76" pos="148.08" lane="0/2to1/2_0" slope="0.00"/>
    </timestep>
    <timestep time="522.00">
        <vehicle id="12" x="398.35" y="590.15" angle="0.00" type="DEFAULT_VEHTYPE" speed="13.27" pos="5.10" lane="2/3to2/2_0" slope="0.00"/>
        <vehicle id="17" x="398.35" y="428.63" angle="0.00" type="DEFAULT_VEHTYPE" speed="12.72" pos="166.62" lane="2/3to2/2_0" slope="0.00"/>
        <vehicle id="2" x="398.35" y="343.22" angle="0.00" type="DEFAULT_VEHTYPE" speed="13.15" pos="52.03" lane="2/2to2/1_0" slope="0.00"/>
        <vehicle id="20" x="801.35" y="600.61" angle="124.84" type="DEFAULT_VEHTYPE" speed="13.48" pos="3.09" lane=":4/3_0_0" slope="0.00"/>
        <vehicle id="23" x="326.42" y="598.35" angle="90.00" type="DEFAULT_VEHTYPE" speed="13.89" pos="121.67" lane="1/3to2/3_0" slope="0.00"/>
        <vehicle id="7" x="3.26" y="201.65" angle="-90.00" type="DEFAULT_VEHTYPE" speed="13.31" pos="191.99" lane="1/1to0/1_0" slope="0.00"/>
        <vehicle id="9" x="160.94" y="398.35" angle="90.00" type="DEFAULT_VEHTYPE" speed="12.86" pos="160.94" lane="0/2to1/2_0" slope="0.00"/>
    </timestep>
    <timestep time="523.00">
        <vehicle id="12" x="398.35" y="576.42" angle="0.00" type="DEFAULT_VEHTYPE" speed="13.73" pos="18.83" lane="2/3to2/2_0" slope="0.00"/>
        <vehicle id="17" x="398.35" y="415.88" angle="0.00" type="DEFAULT_VEHTYPE" speed="12.75" pos="179.37" lane="2/3to2/2_0" slope="0.00"/>
        <vehicle id="2" x="398.35" y="330.23" angle="0.00" type="DEFAULT_VEHTYPE" speed="12.99" pos="65.02" lane="2/2to2/1_0" slope="0.00"/>
        <vehicle id="20" x="788.31" y="601.65" angle="-90.00" type="DEFAULT_VEHTYPE" speed="13.42" pos="11.69" lane="4/3to3/3_0" slope="0.00"/>
        <vehicle id="23" x="339.45" y="598.35" angle="90.00" type="DEFAULT_VEHTYPE" speed="13.03" pos="134.70" lane="1/3to2/3_0" slope="0.00"/>
        <vehicle id="7" x="5.76" y="198.35" angle="90.00" type="DEFAULT_VEHTYPE" speed="13.85" pos="5.76" lane="0/1to1/1_0" slope="0.00"/>
        <vehicle id="9" x="173.27" y="398.35" angle="90.00" type="DEFAULT_VEHTYPE" speed="12.32" pos="173.27" lane="0/2to1/2_0" slope="0.00"/>
    </timestep>
    <timestep time="524.00">
        <vehicle id="12" x="398.35" y="563.47" angle="0.00" type="DEFAULT_VEHTYPE" speed="12.95" pos="31.78" lane="2/3to2/2_0" slope="0.00"/>
        <vehicle id="17" x="398.35" y="402.30" angle="0.00" type="DEFAULT_VEHTYPE" speed="13.58" pos="2.45" lane=":2/2_1_0" slope="0.00"/>
        <vehicle id="2" x="398.35" y="317.14" angle="0.00" type="DEFAULT_VEHTYPE" speed="13.09" pos="78.11" lane="2/2to2/1_0" slope="0.00"/>
        <vehicle id="20" x="775.65" y="601.65" angle="-90.00" type="DEFAULT_VEHTYPE" speed="12.66" pos="24.35" lane="4/3to3/3_0" slope="0.00"/>
        <vehicle id="23" x="352.37" y="598.35" angle="90.00" type="DEFAULT_VEHTYPE" speed="12.92" pos="147.62" lane="1/3to2/3_0" slope="0.00"/>
        <vehicle id="7" x="19.53" y="198.35" angle="90.00" type="DEFAULT_VEHTYPE" speed="13.77" pos="19.53" lane="0/1to1/1_0" slope="0.00"/>
        <vehicle id="9" x="182.54" y="398.35" angle="90.00" type="DEFAULT_VEHTYPE" speed="9.27" pos="182.54" lane="0/2to1/2_0" slope="0.00"/>
    </timestep>
    <timestep time="525.00">
        <vehicle id="12" x="398.35" y="549.77" angle="0.00" type="DEFAULT_VEHTYPE" speed="13.70" pos="45.48" lane="2/3to2/2_0" slope="0.00"/>
        <vehicle id="17" x="398.35" y="388.87" angle="0.00" type="DEFAULT_VEHTYPE" speed="13.42" pos="6.38" lane="2/2to2/1_0" slope="0.00"/>
        <vehicle id="2" x="398.35" y="303.63" angle="0.00" type="DEFAULT_VEHTYPE" speed="13.51" pos="91.62" lane="2/2to2/1_0" slope="0.00"/>
        <vehicle id="20" x="762.08" y="601.65" angle="-90.00" type="DEFAULT_VEHTYPE" speed="13.57" pos="37.92" lane="4/3to3/3_0" slope="0.00"/>
        <vehicle id="23" x="365.01" y="598.35" angle="90.00" type="DEFAULT_VEHTYPE" speed="12.63" pos="160.26" lane="1/3to2/3_0" slope="0.00"/>
        <vehicle id="7" x="32.94" y="198.35" angle="90.00" type="DEFAULT_VEHTYPE" speed="13.41" pos="32.94" lane="0/1to1/1_0" slope="0.00"/>
        <vehicle id="9" x="188.05" y="398.35" angle="90.00" type="DEFAULT_VEHTYPE" speed="5.51" pos="188.05" lane="0/2to1/2_0" slope="0.00"/>
    </timestep>
    <timestep time="526.00">
        <vehicle id="12" x="398.35" y="537.07" angle="0.00" type="DEFAULT_VEHTYPE" speed="12.70" pos="58.18" lane="2/3to2/2_0" slope="0.00"/>
        <vehicle id="17" x="398.35" y="375.39" angle="0.00" type="DEFAULT_VEHTYPE" speed="13.48" pos="19.86" lane="2/2to2/1_0" slope="0.00"/>
        <vehicle id="2" x="398.35" y="290.21" angle="0.00" type="DEFAULT_VEHTYPE" speed="13.41" pos="105.04" lane="2/2to2/1_0" slope="0.00"/>
        <vehicle id="20" x="749.32" y="601.65" angle="-90.00" type="DEFAULT_VEHTYPE" speed="12.76" pos="50.68" lane="4/3to3/3_0" slope="0.00"/>
        <vehicle id="23" x="376.52" y="598.35" angle="90.00" type="DEFAULT_VEHTYPE" speed="11.51" pos="171.77" lane="1/3to2/3_0" slope="0.00"/>
        <vehicle id="7" x="46.74" y="198.35" angle="90.00" type="DEFAULT_VEHTYPE" speed="13.79" pos="46.74" lane="0/1to1/1_0" slope="0.00"/>
        <vehicle id="9" x="191.45" y="398.35" angle="90.00" type="DEFAULT_VEHTYPE" speed="3.40" pos="191.45" lane="0/2to1/2_0" slope="0.00"/>
    </timestep>
    <timestep time="527.00">
        <vehicle id="12" x="398.35" y="524.13" angle="0.00" type="DEFAULT_VEHTYPE" speed="12.94" pos="71.12" lane="2/3to2/2_0" slope="0.00"/>
        <vehicle id="17" x="398.35" y="361.83" angle="0.00" type="DEFAULT_VEHTYPE" speed="13.56" pos="33.42" lane="2/2to2/1_0" slope="0.00"/>
        <vehicle id="2" x="398.35" y="276.44" angle="0.00" type="DEFAULT_VEHTYPE" speed="13.77" pos="118.81" lane="2/2to2/1_0" slope="0.00"/>
        <vehicle id="20" x="736.36" y="601.65" angle="-90.00" type="DEFAULT_VEHTYPE" speed="12.96" pos="63.64" lane="4/3to3/3_0" slope="0.00"/>
        <vehicle id="23" x="384.07" y="598.35" angle="90.00" type="DEFAULT_VEHTYPE" speed="7.55" pos="179.32" lane="1/3to2/3_0" slope="0.00"/>
        <vehicle id="7" x="60.14" y="198.35" angle="90.00" type="DEFAULT_VEHTYPE" speed="13.40" pos="60.14" lane="0/1to1/1_0" slope="0.00"/>
        <vehicle id="9" x="196.17" y="398.48" angle="91.51" type="DEFAULT_VEHTYPE" speed="4.73" pos="0.93" lane=":1/2_14_0" slope="0.00"/>
    </timestep>
    <timestep time="528.00">
        <vehicle id="12" x="398.35" y="510.63" angle="0.00" type="DEFAULT_VEHTYPE" speed="13.50" pos="84.62" lane="2/3to2/2_0" slope="0.00"/>
        <vehicle id="17" x="398.35" y="348.29" angle="0.00" type="DEFAULT_VEHTYPE" speed="13.54" pos="46.96" lane="2/2to2/1_0" slope="0.00"/>
        <vehicle id="2" x="398.35" y="263.17" angle="0.00" type="DEFAULT_VEHTYPE" speed="13.28" pos="132.08" lane="2/2to2/1_0" slope="0.00"/>
        <vehicle id="20" x="723.35" y="601.65" angle="-90.00" type="DEFAULT_VEHTYPE" speed="13.00" pos="76.65" lane="4/3to3/3_0" slope="0.00"/>
        <vehicle id="23" x="388.61" y="598.35" angle="90.00" type="DEFAULT_VEHTYPE" speed="4.54" pos="183.86" lane="1/3to2/3_0" slope="0.00"/>
        <vehicle id="7" x="73.08" y="198.35" angle="90.00" type="DEFAULT_VEHTYPE" speed="12.94" pos="73.08" lane="0/1to1/1_0" slope="0.00"/>
        <vehicle id="9" x="201.33" y="402.54" angle="140.03" type="DEFAULT_VEHTYPE" speed="7.16" pos="8.09" lane=":1/2_14_0" slope="0.00"/>
    </timestep>
    <timestep time="529.00">
        <vehicle id="12" x="398.35" y="497.81" angle="0.00" type="DEFAULT_VEHTYPE" speed="12.82" pos="97.44" lane="2/3to2/2_0" slope="0.00"/>
        <vehicle id="17" x="398.35" y="334.55" angle="0.00" type="DEFAULT_VEHTYPE" speed="13.74" pos="60.70" lane="2/2to2/1_0" slope="0.00"/>
        <vehicle id="2" x="398.35" y="250.19" angle="0.00" type="DEFAULT_VEHTYPE" speed="12.98" pos="145.06" lane="2/2to2/1_0" slope="0.00"/>
        <vehicle id="20" x="710.33" y="601.65" angle="-90.00" type="DEFAULT_VEHTYPE" speed="13.02" pos="89.67" lane="4/3to3/3_0" slope="0.00"/>
        <vehicle id="23" x="395.33" y="598.36" angle="90.14" type="DEFAULT_VEHTYPE" speed="6.72" pos="0.08" lane=":2/3_14_0" slope="0.00"/>
        <vehicle id="7" x="86.43" y="198.35" angle="90.00" type="DEFAULT_VEHTYPE" speed="13.34" pos="86.43" lane="0/1to1/1_0" slope="0.00"/>
        <vehicle id="9" x="201.65" y="411.25" angle="180.00" type="DEFAULT_VEHTYPE" speed="8.73" pos="6.50" lane="1/2to1/3_0" slope="0.00"/>
    </timestep>
    <timestep time="530.00">
        <vehicle id="12" x="398.35" y="484.67" angle="0.00" type="DEFAULT_VEHTYPE" speed="13.14" pos="110.58" lane="2/3to2/2_0" slope="0.00"/>
        <vehicle id="17" x="398.35" y="320.97" angle="0.00" type="DEFAULT_VEHTYPE" speed="13.58" pos="74.28" lane="2/2to2/1_0" slope="0.00"/>
        <vehicle id="2" x="398.35" y="237.02" angle="0.00" type="DEFAULT_VEHTYPE" speed="13.17" pos="158.23" lane="2/2to2/1_0" slope="0.00"/>
        <vehicle id="20" x="697.15" y="601.65" angle="-90.00" type="DEFAULT_VEHTYPE" speed="13.18" pos="102.85" lane="4/3to3/3_0" slope="0.00"/>
        <vehicle id="23" x="401.46" y="603.45" angle="149.59" type="DEFAULT_VEHTYPE" speed="8.93" pos="9.01" lane=":2/3_14_0" slope="0.00"/>
        <vehicle id="7" x="99.66" y="198.35" angle="90.00" type="DEFAULT_VEHTYPE" speed="13.23" pos="99.66" lane="0/1to1/1_0" slope="0.00"/>
        <vehicle id="9" x="201.65" y="422.19" angle="180.00" type="DEFAULT_VEHTYPE" speed="10.94" pos="17.44" lane="1/2to1/3_0" slope="0.00"/>
    </timestep>
    <timestep time="531.00">
        <vehicle id="12" x="398.35" y="471.05" angle="0.00" type="DEFAULT_VEHTYPE" speed="13.62" pos="124.20" lane="2/3to2/2_0" slope="0.00"/>
        <vehicle id="17" x="398.35" y="308.14" angle="0.00" type="DEFAULT_VEHTYPE" speed="12.83" pos="87.11" lane="2/2to2/1_0" slope="0.00"/>
        <vehicle id="2" x="398.35" y="224.16" angle="0.00" type="DEFAULT_VEHTYPE" speed="12.86" pos="171.09" lane="2/2to2/1_0" slope="0.00"/>
        <vehicle id="20" x="684.33" y="601.65" angle="-90.00" type="DEFAULT_VEHTYPE" speed="12.81" pos="115.67" lane="4/3to3/3_0" slope="0.00"/>
        <vehicle id="23" x="401.65" y="614.39" angle="180.00" type="DEFAULT_VEHTYPE" speed="10.96" pos="9.64" lane="2/3to2/4_0" slope="0.00"/>
        <vehicle id="7" x="112.54" y="198.35" angle="90.00" type="DEFAULT_VEHTYPE" speed="12.88" pos="112.54" lane="0/1to1/1_0" slope="0.00"/>
        <vehicle id="9" x="201.65" y="434.50" angle="180.00" type="DEFAULT_VEHTYPE" speed="12.31" pos="29.75" lane="1/2to1/3_0" slope="0.00"/>
    </timestep>
    <timestep time="532.00">
        <vehicle id="12" x="398.35" y="458.24" angle="0.00" type="DEFAULT_VEHTYPE" speed="12.82" pos="137.01" lane="2/3to2/2_0" slope="0.00"/>
        <vehicle id="17" x="398.35" y="295.54" angle="0.00" type="DEFAULT_VEHTYPE" speed="12.60" pos="99.71" lane="2/2to2/1_0" slope="0.00"/>
        <vehicle id="2" x="398.35" y="210.32" angle="0.00" type="DEFAULT_VEHTYPE" speed="13.84" pos="184.93" lane="2/2to2/1_0" slope="0.00"/>
        <vehicle id="20" x="671.07" y="601.65" angle="-90.00" type="DEFAULT_VEHTYPE" speed="13.26" pos="128.93" lane="4/3to3/3_0" slope="0.00"/>
        <vehicle id="23" x="401.65" y="627.85" angle="180.00" type="DEFAULT_VEHTYPE" speed="13.45" pos="23.10" lane="2/3to2/4_0" slope="0.00"/>
        <vehicle id="7" x="126.34" y="198.35" angle="90.00" type="DEFAULT_VEHTYPE" speed="13.80" pos="126.34" lane="0/1to1/1_0" slope="0.00"/>
        <vehicle id="9" x="201.65" y="448.08" angle="180.00" type="DEFAULT_VEHTYPE" speed="13.58" pos="43.33" lane="1/2to1/3_0" slope="0.00"/>
    </timestep>
    <timestep time="533.00">
        <vehicle id="12" x="398.35" y="444.50" angle="0.00" type="DEFAULT_VEHTYPE" speed="13.74" pos="150.75" lane="2/3to2/2_0" slope="0.00"/>
        <vehicle id="17" x="398.35" y="282.24" angle="0.00" type="DEFAULT_VEHTYPE" speed="13.30" pos="113.01" lane="2/2to2/1_0" slope="0.00"/>
        <vehicle id="2" x="393.19" y="201.65" angle="-76.05" type="DEFAULT_VEHTYPE" speed="12.63" pos="2.06" lane="2/1to1/1_0" slope="0.00"/>
        <vehicle id="20" x="657.71" y="601.65" angle="-90.00" type="DEFAULT_VEHTYPE" speed="13.37" pos="142.29" lane="4/3to3/3_0" slope="0.00"/>
        <vehicle id="23" x="401.65" y="641.02" angle="180.00" type="DEFAULT_VEHTYPE" speed="13.18" pos="36.27" lane="2/3to2/4_0" slope="0.00"/>
        <vehicle id="7" x="139.36" y="198.35" angle="90.00" type="DEFAULT_VEHTYPE" speed="13.02" pos="139.36" lane="0/1to1/1_0" slope="0.00"/>
        <vehicle id="9" x="201.65" y="461.54" angle="180.00" type="DEFAULT_VEHTYPE" speed="13.46" pos="56.79" lane="1/2to1/3_0" slope="0.00"/>
    </timestep>
    <timestep time="534.00">
        <vehicle id="12" x="398.35" y="431.50" angle="0.00" type="DEFAULT_VEHTYPE" speed="12.99" pos="163.75" lane="2/3to2/2_0" slope="0.00"/>
        <vehicle id="17" x="398.35" y="268.34" angle="0.00" type="DEFAULT_VEHTYPE" speed="13.90" pos="126.91" lane="2/2to2/1_0" slope="0.00"/>
        <vehicle id="2" x="380.49" y="201.65" angle="-90.00" type="DEFAULT_VEHTYPE" speed="12.69" pos="14.76" lane="2/1to1/1_0" slope="0.00"/>
        <vehicle id="20" x="644.41" y="601.65" angle="-90.00" type="DEFAULT_VEHTYPE" speed="13.30" pos="155.59" lane="4/3to3/3_0" slope="0.00"/>
        <vehicle id="23" x="401.65" y="654.53" angle="180.00" type="DEFAULT_VEHTYPE" speed="13.51" pos="49.78" lane="2/3to2/4_0" slope="0.00"/>
        <vehicle id="7" x="152.00" y="198.35" angle="90.00" type="DEFAULT_VEHTYPE" speed="12.63" pos="152.00" lane="0/1to1/1_0" slope="0.00"/>
        <vehicle id="9" x="201.65" y="475.22" angle="180.00" type="DEFAULT_VEHTYPE" speed="13.68" pos="70.47" lane="1/2to1/3_0" slope="0.00"/>
    </timestep>
    <timestep time="535.00">
        <vehicle id="12" x="398.35" y="418.65" angle="0.00" type="DEFAULT_VEHTYPE" speed="12.85" pos="176.60" lane="2/3to2/2_0" slope="0.00"/>
        <vehicle id="17" x="398.35" y="255.06" angle="0.00" type="DEFAULT_VEHTYPE" speed="13.28" pos="140.19" lane="2/2to2/1_0" slope="0.00"/>
        <vehicle id="2" x="367.21" y="201.65" angle="-90.00" type="DEFAULT_VEHTYPE" speed="13.28" pos="28.04" lane="2/1to1/1_0" slope="0.00"/>
        <vehicle id="20" x="630.99" y="601.65" angle="-90.00" type="DEFAULT_VEHTYPE" speed="13.42" pos="169.01" lane="4/3to3/3_0" slope="0.00"/>
        <vehicle id="23" x="401.65" y="667.66" angle="180.00" type="DEFAULT_VEHTYPE" speed="13.13" pos="62.91" lane="2/3to2/4_0" slope="0.00"/>
        <vehicle id="7" x="165.68" y="198.35" angle="90.00" type="DEFAULT_VEHTYPE" speed="13.69" pos="165.68" lane="0/1to1/1_0" slope="0.00"/>
        <vehicle id="9" x="201.65" y="488.07" angle="180.00" type="DEFAULT_VEHTYPE" speed="12.85" pos="83.32" lane="1/2to1/3_0" slope="0.00"/>
    </timestep>
    <timestep time="536.00">
        <vehicle id="12" x="398.35" y="405.22" angle="0.00" type="DEFAULT_VEHTYPE" speed="13.43" pos="190.03" lane="2/3to2/2_0" slope="0.00"/>
        <vehicle id="17" x="398.35" y="241.50" angle="0.00" type="DEFAULT_VEHTYPE" speed="13.55" pos="153.75" lane="2/2to2/1_0" slope="0.00"/>
        <vehicle id="2" x="353.70" y="201.65" angle="-90.00" type="DEFAULT_VEHTYPE" speed="13.51" pos="41.55" lane="2/1to1/1_0" slope="0.00"/>
        <vehicle id="20" x="620.93" y="601.65" angle="-90.00" type="DEFAULT_VEHTYPE" speed="10.06" pos="179.07" lane="4/3to3/3_0" slope="0.00"/>
        <vehicle id="23" x="401.65" y="680.43" angle="180.00" type="DEFAULT_VEHTYPE" speed="12.77" pos="75.68" lane="2/3to2/4_0" slope="0.00"/>
        <vehicle id="7" x="176.37" y="198.35" angle="90.00" type="DEFAULT_VEHTYPE" speed="10.68" pos="176.37" lane="0/1to1/1_0" slope="0.00"/>
        <vehicle id="9" x="201.65" y="500.93" angle="180.00" type="DEFAULT_VEHTYPE" speed="12.86" pos="96.18" lane="1/2to1/3_0" slope="0.00"/>
    </timestep>
    <timestep time="537.00">
        <vehicle id="12" x="398.35" y="391.82" angle="0.00" type="DEFAULT_VEHTYPE" speed="13.40" pos="3.43" lane="2/2to2/1_0" slope="0.00"/>
        <vehicle id="17" x="398.35" y="228.60" angle="0.00" type="DEFAULT_VEHTYPE" speed="12.90" pos="166.65" lane="2/2to2/1_0" slope="0.00"/>
        <vehicle id="2" x="340.19" y="201.65" angle="-90.00" type="DEFAULT_VEHTYPE" speed="13.51" pos="55.06" lane="2/1to1/1_0" slope="0.00"/>
        <vehicle id="20" x="613.75" y="601.65" angle="-90.00" type="DEFAULT_VEHTYPE" speed="7.18" pos="186.25" lane="4/3to3/3_0" slope="0.00"/>
        <vehicle id="23" x="401.65" y="693.89" angle="180.00" type="DEFAULT_VEHTYPE" speed="13.45" pos="89.14" lane="2/3to2/4_0" slope="0.00"/>
        <vehicle id="7" x="184.50" y="198.35" angle="90.00" type="DEFAULT_VEHTYPE" speed="8.14" pos="184.50" lane="0/1to1/1_0" slope="0.00"/>
        <vehicle id="9" x="201.65" y="513.78" angle="180.00" type="DEFAULT_VEHTYPE" speed="12.85" pos="109.03" lane="1/2to1/3_0" slope="0.00"/>
    </timestep>
    <timestep time="538.00">
        <vehicle id="12" x="398.35" y="379.01" angle="0.00" type="DEFAULT_VEHTYPE" speed="12.82" pos="16.24" lane="2/2to2/1_0" slope="0.00"/>
        <vehicle id="17" x="398.35" y="215.10" angle="0.00" type="DEFAULT_VEHTYPE" speed="13.50" pos="180.15" lane="2/2to2/1_0" slope="0.00"/>
        <vehicle id="2" x="327.01" y="201.65" angle="-90.00" type="DEFAULT_VEHTYPE" speed="13.18" pos="68.24" lane="2/1to1/1_0" slope="0.00"/>
        <vehicle id="20" x="610.21" y="601.65" angle="-90.00" type="DEFAULT_VEHTYPE" speed="3.54" pos="189.79" lane="4/3to3/3_0" slope="0.00"/>
        <vehicle id="23" x="401.65" y="707.45" angle="180.00" type="DEFAULT_VEHTYPE" speed="13.57" pos="102.70" lane="2/3to2/4_0" slope="0.00"/>
        <vehicle id="7" x="188.55" y="198.35" angle="90.00" type="DEFAULT_VEHTYPE" speed="4.05" pos="188.55" lane="0/1to1/1_0" slope="0.00"/>
        <vehicle id="9" x="201.65" y="527.16" angle="180.00" type="DEFAULT_VEHTYPE" speed="13.38" pos="122.41" lane="1/2to1/3_0" slope="0.00"/>
    </timestep>
    <timestep time="539.00">
        <vehicle id="12" x="398.35" y="366.24" angle="0.00" type="DEFAULT_VEHTYPE" speed="12.77" pos="29.01" lane="2/2to2/1_0" slope="0.00"/>
        <vehicle id="17" x="397.04" y="202.10" angle="-16.08" type="DEFAULT_VEHTYPE" speed="13.48" pos="3.13" lane=":2/1_0_0" slope="0.00"/>
        <vehicle id="2" x="313.43" y="201.65" angle="-90.00" type="DEFAULT_VEHTYPE" speed="13.58" pos="81.82" lane="2/1to1/1_0" slope="0.00"/>
        <vehicle id="20" x="605.21" y="601.65" angle="-90.00" type="DEFAULT_VEHTYPE" speed="5.00" pos="194.79" lane="4/3to3/3_0" slope="0.00"/>
        <vehicle id="23" x="401.65" y="721.08" angle="180.00" type="DEFAULT_VEHTYPE" speed="13.63" pos="116.33" lane="2/3to2/4_0" slope="0.00"/>
        <vehicle id="7" x="194.96" y="198.35" angle="90.00" type="DEFAULT_VEHTYPE" speed="6.41" pos="194.96" lane="0/1to1/1_0" slope="0.00"/>
        <vehicle id="9" x="201.65" y="539.96" angle="180.00" type="DEFAULT_VEHTYPE" speed="12.80" pos="135.21" lane="1/2to1/3_0" slope="0.00"/>
    </timestep>
    <timestep time="540.00">
        <vehicle id="12" x="398.35" y="353.02" angle="0.00" type="DEFAULT_VEHTYPE" speed="13.22" pos="42.23" lane="2/2to2/1_0" slope="0.00"/>
        <vehicle id="17" x="384.41" y="201.65" angle="-90.00" type="DEFAULT_VEHTYPE" speed="12.71" pos="10.84" lane="2/1to1/1_0" slope="0.00"/>
        <vehicle id="2" x="300.47" y="201.65" angle="-90.00" type="DEFAULT_VEHTYPE" speed="12.96" pos="94.78" lane="2/1to1/1_0" slope="0.00"/>
        <vehicle id="20" x="599.07" y="598.58" angle="-53.80" type="DEFAULT_VEHTYPE" speed="7.33" pos="6.87" lane=":3/3_6_0" slope="0.00"/>
        <vehicle id="23" x="401.65" y="734.02" angle="180.00" type="DEFAULT_VEHTYPE" speed="12.94" pos="129.27" lane="2/3to2/4_0" slope="0.00"/>
        <vehicle id="7" x="198.35" y="192.28" angle="6.22" type="DEFAULT_VEHTYPE" speed="8.25" pos="2.97" lane="1/1to1/0_0" slope="0.00"/>
        <vehicle id="9" x="201.65" y="553.63" angle="180.00" type="DEFAULT_VEHTYPE" speed="13.67" pos="148.88" lane="1/2to1/3_0" slope="0.00"/>
    </timestep>
    <timestep time="541.00">
        <vehicle id="12" x="398.35" y="340.00" angle="0.00" type="DEFAULT_VEHTYPE" speed="13.01" pos="55.25" lane="2/2to2/1_0" slope="0.00"/>
        <vehicle id="17" x="371.60" y="201.65" angle="-90.00" type="DEFAULT_VEHTYPE" speed="12.81" pos="23.65" lane="2/1to1/1_0" slope="0.00"/>
        <vehicle id="2" x="286.71" y="201.65" angle="-90.00" type="DEFAULT_VEHTYPE" speed="13.76" pos="108.54" lane="2/1to1/1_0" slope="0.00"/>
        <vehicle id="20" x="598.35" y="589.03" angle="0.00" type="DEFAULT_VEHTYPE" speed="9.66" pos="6.22" lane="3/3to3/2_0" slope="0.00"/>
        <vehicle id="23" x="401.65" y="746.84" angle="180.00" type="DEFAULT_VEHTYPE" speed="12.81" pos="142.09" lane="2/3to2/4_0" slope="0.00"/>
        <vehicle id="7" x="198.35" y="182.51" angle="0.00" type="DEFAULT_VEHTYPE" speed="9.77" pos="12.74" lane="1/1to1/0_0" slope="0.00"/>
        <vehicle id="9" x="201.65" y="567.42" angle="180.00" type="DEFAULT_VEHTYPE" speed="13.79" pos="162.67" lane="1/2to1/3_0" slope="0.00"/>
    </timestep>
    <timestep time="542.00">
        <vehicle id="12" x="398.35" y="327.40" angle="0.00" type="DEFAULT_VEHTYPE" speed="12.61" pos="67.85" lane="2/2to2/1_0" slope="0.00"/>
        <vehicle id="17" x="358.05" y="201.65" angle="-90.00" type="DEFAULT_VEHTYPE" speed="13.55" pos="37.20" lane="2/1to1/1_0" slope="0.00"/>
        <vehicle id="2" x="273.13" y="201.65" angle="-90.00" type="DEFAULT_VEHTYPE" speed="13.58" pos="122.12" lane="2/1to1/1_0" slope="0.00"/>
        <vehicle id="20" x="598.35" y="578.02" angle="0.00" type="DEFAULT_VEHTYPE" speed="11.02" pos="17.23" lane="3/3to3/2_0" slope="0.00"/>
        <vehicle id="23" x="401.65" y="759.55" angle="180.00" type="DEFAULT_VEHTYPE" speed="12.72" pos="154.80" lane="2/3to2/4_0" slope="0.00"/>
        <vehicle id="7" x="198.35" y="170.26" angle="0.00" type="DEFAULT_VEHTYPE" speed="12.25" pos="24.99" lane="1/1to1/0_0" slope="0.00"/>
        <vehicle id="9" x="201.65" y="580.91" angle="180.00" type="DEFAULT_VEHTYPE" speed="13.49" pos="176.16" lane="1/2to1/3_0" slope="0.00"/>
    </timestep>
    <timestep time="543.00">
        <vehicle id="12" x="398.35" y="314.29" angle="0.00" type="DEFAULT_VEHTYPE" speed="13.10" pos="80.96" lane="2/2to2/1_0" slope="0.00"/>
        <vehicle id="17" x="345.44" y="201.65" angle="-90.00" type="DEFAULT_VEHTYPE" speed="12.61" pos="49.81" lane="2/1to1/1_0" slope="0.00"/>
        <vehicle id="2" x="259.41" y="201.65" angle="-90.00" type="DEFAULT_VEHTYPE" speed="13.72" pos="135.84" lane="2/1to1/1_0" slope="0.00"/>
        <vehicle id="20" x="598.35" y="565.08" angle="0.00" type="DEFAULT_VEHTYPE" speed="12.94" pos="30.17" lane="3/3to3/2_0" slope="0.00"/>
        <vehicle id="23" x="401.65" y="773.19" angle="180.00" type="DEFAULT_VEHTYPE" speed="13.64" pos="168.44" lane="2/3to2/4_0" slope="0.00"/>
        <vehicle id="7" x="198.35" y="156.80" angle="0.00" type="DEFAULT_VEHTYPE" speed="13.46" pos="38.45" lane="1/1to1/0_0" slope="0.00"/>
        <vehicle id="9" x="201.65" y="594.24" angle="180.00" type="DEFAULT_VEHTYPE" speed="13.34" pos="189.49" lane="1/2to1/3_0" slope="0.00"/>
    </timestep>
    <timestep time="544.00">
        <vehicle id="12" x="398.35" y="301.61" angle="0.00" type="DEFAULT_VEHTYPE" speed="12.68" pos="93.64" lane="2/2to2/1_0" slope="0.00"/>
        <vehicle id="17" x="332.32" y="201.65" angle="-90.00" type="DEFAULT_VEHTYPE" speed="13.12" pos="62.93" lane="2/1to1/1_0" slope="0.00"/>
        <vehicle id="2" x="246.09" y="201.65" angle="-90.00" type="DEFAULT_VEHTYPE" speed="13.32" pos="149.16" lane="2/1to1/1_0" slope="0.00"/>
        <vehicle id="20" x="598.35" y="551.34" angle="0.00" type="DEFAULT_VEHTYPE" speed="13.74" pos="43.91" lane="3/3to3/2_0" slope="0.00"/>
        <vehicle id="23" x="401.65" y="786.40" angle="180.00" type="DEFAULT_VEHTYPE" speed="13.21" pos="181.65" lane="2/3to2/4_0" slope="0.00"/>
        <vehicle id="7" x="198.35" y="143.86" angle="0.00" type="DEFAULT_VEHTYPE" speed="12.94" pos="51.39" lane="1/1to1/0_0" slope="0.00"/>
        <vehicle id="9" x="211.89" y="598.35" angle="90.00" type="DEFAULT_VEHTYPE" speed="13.14" pos="7.14" lane="1/3to2/3_0" slope="0.00"/>
    </timestep>
    <timestep time="545.00">
        <vehicle id="12" x="398.35" y="288.03" angle="0.00" type="DEFAULT_VEHTYPE" speed="13.58" pos="107.22" lane="2/2to2/1_0" slope="0.00"/>
        <vehicle id="17" x="319.42" y="201.65" angle="-90.00" type="DEFAULT_VEHTYPE" speed="12.90" pos="75.83" lane="2/1to1/1_0" slope="0.00"/>
        <vehicle id="2" x="232.58" y="201.65" angle="-90.00" type="DEFAULT_VEHTYPE" speed="13.51" pos="162.67" lane="2/1to1/1_0" slope="0.00"/>
        <vehicle id="20" x="598.35" y="537.66" angle="0.00" type="DEFAULT_VEHTYPE" speed="13.68" pos="57.59" lane="3/3to3/2_0" slope="0.00"/>
        <vehicle id="23" x="401.65" y="799.24" angle="180.00" type="DEFAULT_VEHTYPE" speed="12.84" pos="194.49" lane="2/3to2/4_0" slope="0.00"/>
        <vehicle id="7" x="198.35" y="130.45" angle="0.00" type="DEFAULT_VEHTYPE" speed="13.41" pos="64.80" lane="1/1to1/0_0" slope="0.00"/>
        <vehicle id="9" x="225.40" y="598.35" angle="90.00" type="DEFAULT_VEHTYPE" speed="13.52" pos="20.65" lane="1/3to2/3_0" slope="0.00"/>
    </timestep>
    <timestep time="546.00">
        <vehicle id="12" x="398.35" y="274.79" angle="0.00" type="DEFAULT_VEHTYPE" speed="13.24" pos="120.46" lane="2/2to2/1_0" slope="0.00"/>
        <vehicle id="17" x="305.60" y="201.65" angle="-90.00" type="DEFAULT_VEHTYPE" speed="13.82" pos="89.65" lane="2/1to1/1_0" slope="0.00"/>
        <vehicle id="2" x="222.04" y="201.65" angle="-90.00" type="DEFAULT_VEHTYPE" speed="10.53" pos="173.21" lane="2/1to1/1_0" slope="0.00"/>
        <vehicle id="20" x="598.35" y="524.12" angle="0.00" type="DEFAULT_VEHTYPE" speed="13.54" pos="71.13" lane="3/3to3/2_0" slope="0.00"/>
        <vehicle id="23" x="398.35" y="792.44" angle="0.00" type="DEFAULT_VEHTYPE" speed="13.13" pos="7.56" lane="2/4to2/3_0" slope="0.00"/>
        <vehicle id="7" x="198.35" y="116.64" angle="0.00" type="DEFAULT_VEHTYPE" speed="13.81" pos="78.61" lane="1/1to1/0_0" slope="0.00"/>
        <vehicle id="9" x="239.02" y="598.35" angle="90.00" type="DEFAULT_VEHTYPE" speed="13.62" pos="34.27" lane="1/3to2/3_0" slope="0.00"/>
    </timestep>
    <timestep time="547.00">
        <vehicle id="12" x="398.35" y="261.10" angle="0.00" type="DEFAULT_VEHTYPE" speed="13.69" pos="134.15" lane="2/2to2/1_0" slope="0.00"/>
        <vehicle id="17" x="292.73" y="201.65" angle="-90.00" type="DEFAULT_VEHTYPE" speed="12.87" pos="102.52" lane="2/1to1/1_0" slope="0.00"/>
        <vehicle id="2" x="215.28" y="201.65" angle="-90.00" type="DEFAULT_VEHTYPE" speed="6.76" pos="179.97" lane="2/1to1/1_0" slope="0.00"/>
        <vehicle id="20" x="598.35" y="510.38" angle="0.00" type="DEFAULT_VEHTYPE" speed="13.74" pos="84.87" lane="3/3to3/2_0" slope="0.00"/>
        <vehicle id="23" x="398.35" y="779.38" angle="0.00" type="DEFAULT_VEHTYPE" speed="13.06" pos="20.62" lane="2/4to2/3_0" slope="0.00"/>
        <vehicle id="7" x="198.35" y="103.85" angle="0.00" type="DEFAULT_VEHTYPE" speed="12.79" pos="91.40" lane="1/1to1/0_0" slope="0.00"/>
        <vehicle id="9" x="252.80" y="598.35" angle="90.00" type="DEFAULT_VEHTYPE" speed="13.79" pos="48.05" lane="1/3to2/3_0" slope="0.00"/>
    </timestep>
    <timestep time="548.00">
        <vehicle id="12" x="398.35" y="247.99" angle="0.00" type="DEFAULT_VEHTYPE" speed="13.10" pos="147.26" lane="2/2to2/1_0" slope="0.00"/>
        <vehicle id="17" x="279.59" y="201.65" angle="-90.00" type="DEFAULT_VEHTYPE" speed="13.14" pos="115.66" lane="2/1to1/1_0" slope="0.00"/>
        <vehicle id="2" x="211.15" y="201.65" angle="-90.00" type="DEFAULT_VEHTYPE" speed="4.13" pos="184.10" lane="2/1to1/1_0" slope="0.00"/>
        <vehicle id="20" x="598.35" y="496.63" angle="0.00" type="DEFAULT_VEHTYPE" speed="13.75" pos="98.62" lane="3/3to3/2_0" slope="0.00"/>
        <vehicle id="23" x="398.35" y="765.68" angle="0.00" type="DEFAULT_VEHTYPE" speed="13.70" pos="34.32" lane="2/4to2/3_0" slope="0.00"/>
        <vehicle id="7" x="198.35" y="90.61" angle="0.00" type="DEFAULT_VEHTYPE" speed="13.24" pos="104.64" lane="1/1to1/0_0" slope="0.00"/>
        <vehicle id="9" x="266.51" y="598.35" angle="90.00" type="DEFAULT_VEHTYPE" speed="13.70" pos="61.76" lane="1/3to2/3_0" slope="0.00"/>
    </timestep>
    <timestep time="549.00">
        <vehicle id="12" x="398.35" y="235.27" angle="0.00" type="DEFAULT_VEHTYPE" speed="12.72" pos="159.98" lane="2/2to2/1_0" slope="0.00"/>
        <vehicle id="17" x="266.40" y="201.65" angle="-90.00" type="DEFAULT_VEHTYPE" speed="13.19" pos="128.85" lane="2/1to1/1_0" slope="0.00"/>
        <vehicle id="2" x="205.63" y="201.65" angle="-90.00" type="DEFAULT_VEHTYPE" speed="5.52" pos="189.62" lane="2/1to1/1_0" slope="0.00"/>
        <vehicle id="20" x="598.35" y="483.19" angle="0.00" type="DEFAULT_VEHTYPE" speed="13.45" pos="112.06" lane="3/3to3/2_0" slope="0.00"/>
        <vehicle id="23" x="398.35" y="752.88" angle="0.00" type="DEFAULT_VEHTYPE" speed="12.80" pos="47.12" lane="2/4to2/3_0" slope="0.00"/>
        <vehicle id="7" x="198.35" y="77.98" angle="0.00" type="DEFAULT_VEHTYPE" speed="12.63" pos="117.27" lane="1/1to1/0_0" slope="0.00"/>
        <vehicle id="9" x="279.40" y="598.35" angle="90.00" type="DEFAULT_VEHTYPE" speed="12.90" pos="74.65" lane="1/3to2/3_0" slope="0.00"/>
    </timestep>
    <timestep time="550.00">
        <vehicle id="12" x="398.35" y="221.95" angle="0.00" type="DEFAULT_VEHTYPE" speed="13.32" pos="173.30" lane="2/2to2/1_0" slope="0.00"/>
        <vehicle id="17" x="253.25" y="201.65" angle="-90.00" type="DEFAULT_VEHTYPE" speed="13.15" pos="142.00" lane="2/1to1/1_0" slope="0.00"/>
        <vehicle id="2" x="201.65" y="206.87" angle="-166.69" type="DEFAULT_VEHTYPE" speed="8.01" pos="2.12" lane="1/1to1/2_0" slope="0.00"/>
        <vehicle id="20" x="598.35" y="469.72" angle="0.00" type="DEFAULT_VEHTYPE" speed="13.47" pos="125.53" lane="3/3to3/2_0" slope="0.00"/>
        <vehicle id="23" x="398.35" y="739.17" angle="0.00" type="DEFAULT_VEHTYPE" speed="13.71" pos="60.83" lane="2/4to2/3_0" slope="0.00"/>
        <vehicle id="7" x="198.35" y="64.28" angle="0.00" type="DEFAULT_VEHTYPE" speed="13.70" pos="130.97" lane="1/1to1/0_0" slope="0.00"/>
        <vehicle id="9" x="293.08" y="598.35" angle="90.00" type="DEFAULT_VEHTYPE" speed="13.68" pos="88.33" lane="1/3to2/3_0" slope="0.00"/>
    </timestep>
    <timestep time="551.00">
        <vehicle id="12" x="398.35" y="208.97" angle="0.00" type="DEFAULT_VEHTYPE" speed="12.98" pos="186.28" lane="2/2to2/1_0" slope="0.00"/>
        <vehicle id="17" x="239.80" y="201.65" angle="-90.00" type="DEFAULT_VEHTYPE" speed="13.45" pos="155.45" lane="2/1to1/1_0" slope="0.00"/>
        <vehicle id="2" x="201.65" y="216.56" angle="180.00" type="DEFAULT_VEHTYPE" speed="9.68" pos="11.81" lane="1/1to1/2_0" slope="0.00"/>
        <vehicle id="20" x="598.35" y="455.95" angle="0.00" type="DEFAULT_VEHTYPE" speed="13.77" pos="139.30" lane="3/3to3/2_0" slope="0.00"/>
        <vehicle id="23" x="398.35" y="725.85" angle="0.00" type="DEFAULT_VEHTYPE" speed="13.32" pos="74.15" lane="2/4to2/3_0" slope="0.00"/>
        <vehicle id="7" x="198.35" y="51.10" angle="0.00" type="DEFAULT_VEHTYPE" speed="13.17" pos="144.15" lane="1/1to1/0_0" slope="0.00"/>
        <vehicle id="9" x="306.79" y="598.35" angle="90.00" type="DEFAULT_VEHTYPE" speed="13.70" pos="102.04" lane="1/3to2/3_0" slope="0.00"/>
    </timestep>
    <timestep time="552.00">
        <vehicle id="12" x="391.75" y="201.65" angle="-87.05" type="DEFAULT_VEHTYPE" speed="12.73" pos="3.50" lane="2/1to1/1_0" slope="0.00"/>
        <vehicle id="17" x="226.60" y="201.65" angle="-90.00" type="DEFAULT_VEHTYPE" speed="13.19" pos="168.65" lane="2/1to1/1_0" slope="0.00"/>
        <vehicle id="2" x="201.65" y="227.75" angle="180.00" type="DEFAULT_VEHTYPE" speed="11.19" pos="23.00" lane="1/1to1/2_0" slope="0.00"/>
        <vehicle id="20" x="598.35" y="443.08" angle="0.00" type="DEFAULT_VEHTYPE" speed="12.87" pos="152.17" lane="3/3to3/2_0" slope="0.00"/>
        <vehicle id="23" x="398.35" y="712.04" angle="0.00" type="DEFAULT_VEHTYPE" speed="13.81" pos="87.96" lane="2/4to2/3_0" slope="0.00"/>
        <vehicle id="7" x="198.35" y="37.64" angle="0.00" type="DEFAULT_VEHTYPE" speed="13.47" pos="157.61" lane="1/1to1/0_0" slope="0.00"/>
        <vehicle id="9" x="320.64" y="598.35" angle="90.00" type="DEFAULT_VEHTYPE" speed="13.86" pos="115.89" lane="1/3to2/3_0" slope="0.00"/>
    </timestep>
    <timestep time="553.00">
        <vehicle id="12" x="378.45" y="201.65" angle="-90.00" type="DEFAULT_VEHTYPE" speed="13.30" pos="16.80" lane="2/1to1/1_0" slope="0.00"/>
        <vehicle id="17" x="217.24" y="201.65" angle="-90.00" type="DEFAULT_VEHTYPE" speed="9.36" pos="178.01" lane="2/1to1/1_0" slope="0.00"/>
        <vehicle id="2" x="201.65" y="240.61" angle="180.00" type="DEFAULT_VEHTYPE" speed="12.86" pos="35.86" lane="1/1to1/2_0" slope="0.00"/>
        <vehicle id="20" x="598.35" y="429.72" angle="0.00" type="DEFAULT_VEHTYPE" speed="13.36" pos="165.53" lane="3/3to3/2_0" slope="0.00"/>
        <vehicle id="23" x="398.35" y="698.26" angle="0.00" type="DEFAULT_VEHTYPE" speed="13.78" pos="101.74" lane="2/4to2/3_0" slope="0.00"/>
        <vehicle id="7" x="198.35" y="24.11" angle="0.00" type="DEFAULT_VEHTYPE" speed="13.53" pos="171.14" lane="1/1to1/0_0" slope="0.00"/>
        <vehicle id="9" x="333.32" y="598.35" angle="90.00" type="DEFAULT_VEHTYPE" speed="12.68" pos="128.57" lane="1/3to2/3_0" slope="0.00"/>
    </timestep>
    <timestep time="554.00">
        <vehicle id="12" x="365.21" y="201.65" angle="-90.00" type="DEFAULT_VEHTYPE" speed="13.24" pos="30.04" lane="2/1to1/1_0" slope="0.00"/>
        <vehicle id="17" x="212.38" y="201.65" angle="-90.00" type="DEFAULT_VEHTYPE" speed="4.86" pos="182.87" lane="2/1to1/1_0" slope="0.00"/>
        <vehicle id="2" x="201.65" y="254.02" angle="180.00" type="DEFAULT_VEHTYPE" speed="13.41" pos="49.27" lane="1/1to1/2_0" slope="0.00"/>
        <vehicle id="20" x="598.35" y="416.13" angle="0.00" type="DEFAULT_VEHTYPE" speed="13.58" pos="179.12" lane="3/3to3/2_0" slope="0.00"/>
        <vehicle id="23" x="398.35" y="685.36" angle="0.00" type="DEFAULT_VEHTYPE" speed="12.90" pos="114.64" lane="2/4to2/3_0" slope="0.00"/>
        <vehicle id="7" x="198.35" y="10.76" angle="0.00" type="DEFAULT_VEHTYPE" speed="13.35" pos="184.49" lane="1/1to1/0_0" slope="0.00"/>
        <vehicle id="9" x="347.03" y="598.35" angle="90.00" type="DEFAULT_VEHTYPE" speed="13.71" pos="142.28" lane="1/3to2/3_0" slope="0.00"/>
    </timestep>
    <timestep time="555.00">
        <vehicle id="12" x="352.30" y="201.65" angle="-90.00" type="DEFAULT_VEHTYPE" speed="12.91" pos="42.95" lane="2/1to1/1_0" slope="0.00"/>
        <vehicle id="17" x="209.75" y="201.65" angle="-90.00" type="DEFAULT_VEHTYPE" speed="2.63" pos="185.50" lane="2/1to1/1_0" slope="0.00"/>
        <vehicle id="2" x="201.65" y="267.64" angle="180.00" type="DEFAULT_VEHTYPE" speed="13.62" pos="62.89" lane="1/1to1/2_0" slope="0.00"/>
        <vehicle id="20" x="597.98" y="403.09" angle="-4.28" type="DEFAULT_VEHTYPE" speed="13.11" pos="1.72" lane=":3/2_0_0" slope="0.00"/>
        <vehicle id="23" x="398.35" y="671.80" angle="0.00" type="DEFAULT_VEHTYPE" speed="13.56" pos="128.20" lane="2/4to2/3_0" slope="0.00"/>
        <vehicle id="7" x="200.04" y="-1.63" angle="22.02" type="DEFAULT_VEHTYPE" speed="13.22" pos="2.46" lane=":1/0_0_0" slope="0.00"/>
        <vehicle id="9" x="360.46" y="598.35" angle="90.00" type="DEFAULT_VEHTYPE" speed="13.43" pos="155.71" lane="1/3to2/3_0" slope="0.00"/>
    </timestep>
    <timestep time="556.00">
        <vehicle id="12" x="339.00" y="201.65" angle="-90.00" type="DEFAULT_VEHTYPE" speed="13.30" pos="56.25" lane="2/1to1/1_0" slope="0.00"/>
        <vehicle id="17" x="204.57" y="201.68" angle="-90.29" type="DEFAULT_VEHTYPE" speed="5.19" pos="0.19" lane=":1/1_4_0" slope="0.00"/>
        <vehicle id="2" x="201.65" y="280.30" angle="180.00" type="DEFAULT_VEHTYPE" speed="12.66" pos="75.55" lane="1/1to1/2_0" slope="0.00"/>
        <vehicle id="20" x="585.13" y="401.65" angle="-90.00" type="DEFAULT_VEHTYPE" speed="13.39" pos="10.12" lane="3/2to2/2_0" slope="0.00"/>
        <vehicle id="23" x="398.35" y="658.49" angle="0.00" type="DEFAULT_VEHTYPE" speed="13.31" pos="141.51" lane="2/4to2/3_0" slope="0.00"/>
        <vehicle id="7" x="201.65" y="11.37" angle="180.00" type="DEFAULT_VEHTYPE" speed="13.74" pos="11.37" lane="1/0to1/1_0" slope="0.00"/>
        <vehicle id="9" x="373.19" y="598.35" angle="90.00" type="DEFAULT_VEHTYPE" speed="12.73" pos="168.44" lane="1/3to2/3_0" slope="0.00"/>
    </timestep>
    <timestep time="557.00">
        <vehicle id="12" x="325.37" y="201.65" angle="-90.00" type="DEFAULT_VEHTYPE" speed="13.63" pos="69.88" lane="2/1to1/1_0" slope="0.00"/>
        <vehicle id="17" x="201.65" y="206.85" angle="-166.38" type="DEFAULT_VEHTYPE" speed="6.91" pos="2.10" lane="1/1to1/2_0" slope="0.00"/>
        <vehicle id="2" x="201.65" y="293.45" angle="180.00" type="DEFAULT_VEHTYPE" speed="13.16" pos="88.70" lane="1/1to1/2_0" slope="0.00"/>
        <vehicle id="20" x="571.52" y="401.65" angle="-90.00" type="DEFAULT_VEHTYPE" speed="13.61" pos="23.73" lane="3/2to2/2_0" slope="0.00"/>
        <vehicle id="23" x="398.35" y="645.42" angle="0.00" type="DEFAULT_VEHTYPE" speed="13.07" pos="154.58" lane="2/4to2/3_0" slope="0.00"/>
        <vehicle id="7" x="201.65" y="24.44" angle="180.00" type="DEFAULT_VEHTYPE" speed="13.07" pos="24.44" lane="1/0to1/1_0" slope="0.00"/>
        <vehicle id="9" x="381.47" y="598.35" angle="90.00" type="DEFAULT_VEHTYPE" speed="8.28" pos="176.72" lane="1/3to2/3_0" slope="0.00"/>
    </timestep>
    <timestep time="558.00">
        <vehicle id="12" x="312.18" y="201.65" angle="-90.00" type="DEFAULT_VEHTYPE" speed="13.20" pos="83.07" lane="2/1to1/1_0" slope="0.00"/>
        <vehicle id="17" x="201.65" y="215.73" angle="180.00" type="DEFAULT_VEHTYPE" speed="8.89" pos="10.98" lane="1/1to1/2_0" slope="0.00"/>
        <vehicle id="2" x="201.65" y="306.51" angle="180.00" type="DEFAULT_VEHTYPE" speed="13.06" pos="101.76" lane="1/1to1/2_0" slope="0.00"/>
        <vehicle id="20" x="557.75" y="401.65" angle="-90.00" type="DEFAULT_VEHTYPE" speed="13.78" pos="37.50" lane="3/2to2/2_0" slope="0.00"/>
        <vehicle id="23" x="398.35" y="631.80" angle="0.00" type="DEFAULT_VEHTYPE" speed="13.62" pos="168.20" lane="2/4to2/3_0" slope="0.00"/>
        <vehicle id="7" x="201.65" y="38.17" angle="180.00" type="DEFAULT_VEHTYPE" speed="13.73" pos="38.17" lane="1/0to1/1_0" slope="0.00"/>
        <vehicle id="9" x="387.92" y="598.35" angle="90.00" type="DEFAULT_VEHTYPE" speed="6.45" pos="183.17" lane="1/3to2/3_0" slope="0.00"/>
    </timestep>
    <timestep time="559.00">
        <vehicle id="12" x="299.31" y="201.65" angle="-90.00" type="DEFAULT_VEHTYPE" speed="12.87" pos="95.94" lane="2/1to1/1_0" slope="0.00"/>
        <vehicle id="17" x="201.65" y="227.00" angle="180.00" type="DEFAULT_VEHTYPE" speed="11.27" pos="22.25" lane="1/1to1/2_0" slope="0.00"/>
        <vehicle id="2" x="201.65" y="319.39" angle="180.00" type="DEFAULT_VEHTYPE" speed="12.88" pos="114.64" lane="1/1to1/2_0" slope="0.00"/>
        <vehicle id="20" x="544.46" y="401.65" angle="-90.00" type="DEFAULT_VEHTYPE" speed="13.29" pos="50.79" lane="3/2to2/2_0" slope="0.00"/>
        <vehicle id="23" x="398.35" y="618.57" angle="0.00" type="DEFAULT_VEHTYPE" speed="13.23" pos="181.43" lane="2/4to2/3_0" slope="0.00"/>
        <vehicle id="7" x="201.65" y="51.52" angle="180.00" type="DEFAULT_VEHTYPE" speed="13.34" pos="51.52" lane="1/0to1/1_0" slope="0.00"/>
        <vehicle id="9" x="390.45" y="598.35" angle="90.00" type="DEFAULT_VEHTYPE" speed="2.53" pos="185.70" lane="1/3to2/3_0" slope="0.00"/>
    </timestep>
    <timestep time="560.00">
        <vehicle id="12" x="286.53" y="201.65" angle="-90.00" type="DEFAULT_VEHTYPE" speed="12.78" pos="108.72" lane="2/1to1/1_0" slope="0.00"/>
        <vehicle id="17" x="201.65" y="240.00" angle="180.00" type="DEFAULT_VEHTYPE" speed="13.00" pos="35.25" lane="1/1to1/2_0" slope="0.00"/>
        <vehicle id="2" x="201.65" y="332.30" angle="180.00" type="DEFAULT_VEHTYPE" speed="12.90" pos="127.55" lane="1/1to1/2_0" slope="0.00"/>
        <vehicle id="20" x="531.52" y="401.65" angle="-90.00" type="DEFAULT_VEHTYPE" speed="12.94" pos="63.73" lane="3/2to2/2_0" slope="0.00"/>
        <vehicle id="23" x="398.35" y="605.50" angle="0.00" type="DEFAULT_VEHTYPE" speed="13.08" pos="194.50" lane="2/4to2/3_0" slope="0.00"/>
        <vehicle id="7" x="201.65" y="64.31" angle="180.00" type="DEFAULT_VEHTYPE" speed="12.79" pos="64.31" lane="1/0to1/1_0" slope="0.00"/>
        <vehicle id="9" x="392.07" y="598.35" angle="90.00" type="DEFAULT_VEHTYPE" speed="1.62" pos="187.32" lane="1/3to2/3_0" slope="0.00"/>
    </timestep>
    <timestep time="561.00">
        <vehicle id="12" x="273.09" y="201.65" angle="-90.00" type="DEFAULT_VEHTYPE" speed="13.44" pos="122.16" lane="2/1to1/1_0" slope="0.00"/>
        <vehicle id="17" x="201.65" y="253.09" angle="180.00" type="DEFAULT_VEHTYPE" speed="13.09" pos="48.34" lane="1/1to1/2_0" slope="0.00"/>
        <vehicle id="2" x="201.65" y="345.70" angle="180.00" type="DEFAULT_VEHTYPE" speed="13.40" pos="140.95" lane="1/1to1/2_0" slope="0.00"/>
        <vehicle id="20" x="518.24" y="401.65" angle="-90.00" type="DEFAULT_VEHTYPE" speed="13.27" pos="77.01" lane="3/2to2/2_0" slope="0.00"/>
        <vehicle id="23" x="398.35" y="592.68" angle="0.00" type="DEFAULT_VEHTYPE" speed="12.82" pos="2.57" lane="2/3to2/2_0" slope="0.00"/>
        <vehicle id="7" x="201.65" y="78.03" angle="180.00" type="DEFAULT_VEHTYPE" speed="13.72" pos="78.03" lane="1/0to1/1_0" slope="0.00"/>
        <vehicle id="9" x="392.56" y="598.35" angle="90.00" type="DEFAULT_VEHTYPE" speed="0.50" pos="187.81" lane="1/3to2/3_0" slope="0.00"/>
    </timestep>
    <timestep time="562.00">
        <vehicle id="12" x="259.98" y="201.65" angle="-90.00" type="DEFAULT_VEHTYPE" speed="13.11" pos="135.27" lane="2/1to1/1_0" slope="0.00"/>
        <vehicle id="17" x="201.65" y="266.39" angle="180.00" type="DEFAULT_VEHTYPE" speed="13.30" pos="61.64" lane="1/1to1/2_0" slope="0.00"/>
        <vehicle id="2" x="201.65" y="358.95" angle="180.00" type="DEFAULT_VEHTYPE" speed="13.25" pos="154.20" lane="1/1to1/2_0" slope="0.00"/>
        <vehicle id="20" x="504.44" y="401.65" angle="-90.00" type="DEFAULT_VEHTYPE" speed="13.80" pos="90.81" lane="3/2to2/2_0" slope="0.00"/>
        <vehicle id="23" x="398.35" y="579.20" angle="0.00" type="DEFAULT_VEHTYPE" speed="13.48" pos="16.05" lane="2/3to2/2_0" slope="0.00"/>
        <vehicle id="7" x="201.65" y="91.24" angle="180.00" type="DEFAULT_VEHTYPE" speed="13.21" pos="91.24" lane="1/0to1/1_0" slope="0.00"/>
        <vehicle id="9" x="395.49" y="598.38" angle="90.40" type="DEFAULT_VEHTYPE" speed="2.93" pos="0.25" lane=":2/3_14_0" slope="0.00"/>
    </timestep>
    <timestep time="563.00">
        <vehicle id="12" x="246.51" y="201.65" angle="-90.00" type="DEFAULT_VEHTYPE" speed="13.46" pos="148.74" lane="2/1to1/1_0" slope="0.00"/>
        <vehicle id="17" x="201.65" y="280.21" angle="180.00" type="DEFAULT_VEHTYPE" speed="13.82" pos="75.46" lane="1/1to1/2_0" slope="0.00"/>
        <vehicle id="2" x="201.65" y="372.23" angle="180.00" type="DEFAULT_VEHTYPE" speed="13.28" pos="167.48" lane="1/1to1/2_0" slope="0.00"/>
        <vehicle id="20" x="491.05" y="401.65" angle="-90.00" type="DEFAULT_VEHTYPE" speed="13.39" pos="104.20" lane="3/2to2/2_0" slope="0.00"/>
        <vehicle id="23" x="398.35" y="565.79" angle="0.00" type="DEFAULT_VEHTYPE" speed="13.40" pos="29.46" lane="2/3to2/2_0" slope="0.00"/>
        <vehicle id="7" x="201.65" y="104.14" angle="180.00" type="DEFAULT_VEHTYPE" speed="12.90" pos="104.14" lane="1/0to1/1_0" slope="0.00"/>
        <vehicle id="9" x="400.32" y="600.40" angle="114.01" type="DEFAULT_VEHTYPE" speed="5.44" pos="5.69" lane=":2/3_14_0" slope="0.00"/>
    </timestep>
    <timestep time="564.00">
        <vehicle id="12" x="233.88" y="201.65" angle="-90.00" type="DEFAULT_VEHTYPE" speed="12.63" pos="161.37" lane="2/1to1/1_0" slope="0.00"/>
        <vehicle id="17" x="201.65" y="293.67" angle="180.00" type="DEFAULT_VEHTYPE" speed="13.46" pos="88.92" lane="1/1to1/2_0" slope="0.00"/>
        <vehicle id="2" x="201.65" y="385.61" angle="180.00" type="DEFAULT_VEHTYPE" speed="13.38" pos="180.86" lane="1/1to1/2_0" slope="0.00"/>
        <vehicle id="20" x="477.53" y="401.65" angle="-90.00" type="DEFAULT_VEHTYPE" speed="13.52" pos="117.72" lane="3/2to2/2_0" slope="0.00"/>
        <vehicle id="23" x="398.35" y="552.65" angle="0.00" type="DEFAULT_VEHTYPE" speed="13.14" pos="42.60" lane="2/3to2/2_0" slope="0.00"/>
        <vehicle id="7" x="201.65" y="117.59" angle="180.00" type="DEFAULT_VEHTYPE" speed="13.45" pos="117.59" lane="1/0to1/1_0" slope="0.00"/>
        <vehicle id="9" x="401.65" y="606.98" angle="175.50" type="DEFAULT_VEHTYPE" speed="6.86" pos="2.23" lane="2/3to2/4_0" slope="0.00"/>
    </timestep>
    <timestep time="565.00">
        <vehicle id="12" x="223.50" y="201.65" angle="-90.00" type="DEFAULT_VEHTYPE" speed="10.38" pos="171.75" lane="2/1to1/1_0" slope="0.00"/>
        <vehicle id="17" x="201.65" y="306.98" angle="180.00" type="DEFAULT_VEHTYPE" speed="13.31" pos="102.23" lane="1/1to1/2_0" slope="0.00"/>
        <vehicle id="2" x="201.65" y="398.68" angle="180.00" type="DEFAULT_VEHTYPE" speed="13.07" pos="3.43" lane=":1/2_9_0" slope="0.00"/>
        <vehicle id="20" x="464.13" y="401.65" angle="-90.00" type="DEFAULT_VEHTYPE" speed="13.40" pos="131.12" lane="3/2to2/2_0" slope="0.00"/>
        <vehicle id="23" x="398.35" y="539.40" angle="0.00" type="DEFAULT_VEHTYPE" speed="13.26" pos="55.85" lane="2/3to2/2_0" slope="0.00"/>
        <vehicle id="7" x="201.65" y="131.46" angle="180.00" type="DEFAULT_VEHTYPE" speed="13.87" pos="131.46" lane="1/0to1/1_0" slope="0.00"/>
        <vehicle id="9" x="401.65" y="615.66" angle="180.00" type="DEFAULT_VEHTYPE" speed="8.67" pos="10.91" lane="2/3to2/4_0" slope="0.00"/>
    </timestep>
    <timestep time="566.00">
        <vehicle id="12" x="216.35" y="201.65" angle="-90.00" type="DEFAULT_VEHTYPE" speed="7.15" pos="178.90" lane="2/1to1/1_0" slope="0.00"/>
        <vehicle id="17" x="201.65" y="319.91" angle="180.00" type="DEFAULT_VEHTYPE" speed="12.93" pos="115.16" lane="1/1to1/2_0" slope="0.00"/>
        <vehicle id="2" x="201.65" y="412.05" angle="180.00" type="DEFAULT_VEHTYPE" speed="13.37" pos="7.30" lane="1/2to1/3_0" slope="0.00"/>
        <vehicle id="20" x="450.55" y="401.65" angle="-90.00" type="DEFAULT_VEHTYPE" speed="13.58" pos="144.70" lane="3/2to2/2_0" slope="0.00"/>
        <vehicle id="23" x="398.35" y="525.97" angle="0.00" type="DEFAULT_VEHTYPE" speed="13.43" pos="69.28" lane="2/3to2/2_0" slope="0.00"/>
        <vehicle id="7" x="201.65" y="144.55" angle="180.00" type="DEFAULT_VEHTYPE" speed="13.09" pos="144.55" lane="1/0to1/1_0" slope="0.00"/>
        <vehicle id="9" x="401.65" y="626.49" angle="180.00" type="DEFAULT_VEHTYPE" speed="10.83" pos="21.74" lane="2/3to2/4_0" slope="0.00"/>
    </timestep>
    <timestep time="567.00">
        <vehicle id="12" x="211.41" y="201.65" angle="-90.00" type="DEFAULT_VEHTYPE" speed="4.94" pos="183.84" lane="2/1to1/1_0" slope="0.00"/>
        <vehicle id="17" x="201.65" y="333.73" angle="180.00" type="DEFAULT_VEHTYPE" speed="13.82" pos="128.98" lane="1/1to1/2_0" slope="0.00"/>
        <vehicle id="2" x="201.65" y="424.83" angle="180.00" type="DEFAULT_VEHTYPE" speed="12.78" pos="20.08" lane="1/2to1/3_0" slope="0.00"/>
        <vehicle id="20" x="437.19" y="401.65" angle="-90.00" type="DEFAULT_VEHTYPE" speed="13.36" pos="158.06" lane="3/2to2/2_0" slope="0.00"/>
        <vehicle id="23" x="398.35" y="512.89" angle="0.00" type="DEFAULT_VEHTYPE" speed="13.08" pos="82.36" lane="2/3to2/2_0" slope="0.00"/>
        <vehicle id="7" x="201.65" y="158.15" angle="180.00" type="DEFAULT_VEHTYPE" speed="13.60" pos="158.15" lane="1/0to1/1_0" slope="0.00"/>
        <vehicle id="9" x="401.65" y="638.85" angle="180.00" type="DEFAULT_VEHTYPE" speed="12.37" pos="34.10" lane="2/3to2/4_0" slope="0.00"/>
    </timestep>
    <timestep time="568.00">
        <vehicle id="12" x="204.44" y="201.69" angle="-90.50" type="DEFAULT_VEHTYPE" speed="6.98" pos="0.32" lane=":1/1_4_0" slope="0.00"/>
        <vehicle id="17" x="201.65" y="347.06" angle="180.00" type="DEFAULT_VEHTYPE" speed="13.33" pos="142.31" lane="1/1to1/2_0" slope="0.00"/>
        <vehicle id="2" x="201.65" y="437.92" angle="180.00" type="DEFAULT_VEHTYPE" speed="13.10" pos="33.17" lane="1/2to1/3_0" slope="0.00"/>
        <vehicle id="20" x="424.97" y="401.65" angle="-90.00" type="DEFAULT_VEHTYPE" speed="12.22" pos="170.28" lane="3/2to2/2_0" slope="0.00"/>
        <vehicle id="23" x="398.35" y="499.20" angle="0.00" type="DEFAULT_VEHTYPE" speed="13.69" pos="96.05" lane="2/3to2/2_0" slope="0.00"/>
        <vehicle id="7" x="201.65" y="171.61" angle="180.00" type="DEFAULT_VEHTYPE" speed="13.46" pos="171.61" lane="1/0to1/1_0" slope="0.00"/>
        <vehicle id="9" x="401.65" y="652.11" angle="180.00" type="DEFAULT_VEHTYPE" speed="13.25" pos="47.36" lane="2/3to2/4_0" slope="0.00"/>
    </timestep>
    <timestep time="569.00">
        <vehicle id="12" x="201.65" y="209.06" angle="-178.90" type="DEFAULT_VEHTYPE" speed="8.99" pos="4.31" lane="1/1to1/2_0" slope="0.00"/>
        <vehicle id="17" x="201.65" y="360.57" angle="180.00" type="DEFAULT_VEHTYPE" speed="13.51" pos="155.82" lane="1/1to1/2_0" slope="0.00"/>
        <vehicle id="2" x="201.65" y="451.58" angle="180.00" type="DEFAULT_VEHTYPE" speed="13.66" pos="46.83" lane="1/2to1/3_0" slope="0.00"/>
        <vehicle id="20" x="416.35" y="401.65" angle="-90.00" type="DEFAULT_VEHTYPE" speed="8.63" pos="178.90" lane="3/2to2/2_0" slope="0.00"/>
        <vehicle id="23" x="398.35" y="485.49" angle="0.00" type="DEFAULT_VEHTYPE" speed="13.71" pos="109.76" lane="2/3to2/2_0" slope="0.00"/>
        <vehicle id="7" x="201.65" y="185.23" angle="180.00" type="DEFAULT_VEHTYPE" speed="13.62" pos="185.23" lane="1/0to1/1_0" slope="0.00"/>
        <vehicle id="9" x="401.65" y="665.85" angle="180.00" type="DEFAULT_VEHTYPE" speed="13.75" pos="61.10" lane="2/3to2/4_0" slope="0.00"/>
    </timestep>
    <timestep time="570.00">
        <vehicle id="12" x="201.65" y="219.50" angle="180.00" type="DEFAULT_VEHTYPE" speed="10.44" pos="14.75" lane="1/1to1/2_0" slope="0.00"/>
        <vehicle id="17" x="201.65" y="374.20" angle="180.00" type="DEFAULT_VEHTYPE" speed="13.63" pos="169.45" lane="1/1to1/2_0" slope="0.00"/>
        <vehicle id="2" x="201.65" y="464.77" angle="180.00" type="DEFAULT_VEHTYPE" speed="13.19" pos="60.02" lane="1/2to1/3_0" slope="0.00"/>
        <vehicle id="20" x="411.45" y="401.65" angle="-90.00" type="DEFAULT_VEHTYPE" speed="4.90" pos="183.80" lane="3/2to2/2_0" slope="0.00"/>
        <vehicle id="23" x="398.35" y="472.37" angle="0.00" type="DEFAULT_VEHTYPE" speed="13.12" pos="122.88" lane="2/3to2/2_0" slope="0.00"/>
        <vehicle id="7" x="202.81" y="197.81" angle="165.85" type="DEFAULT_VEHTYPE" speed="12.97" pos="2.95" lane=":1/1_8_0" slope="0.00"/>
        <vehicle id="9" x="401.65" y="678.70" angle="180.00" type="DEFAULT_VEHTYPE" speed="12.85" pos="73.95" lane="2/3to2/4_0" slope="0.00"/>
    </timestep>
    <timestep time="571.00">
        <vehicle id="12" x="201.65" y="231.66" angle="180.00" type="DEFAULT_VEHTYPE" speed="12.16" pos="26.91" lane="1/1to1/2_0" slope="0.00"/>
        <vehicle id="17" x="201.65" y="387.53" angle="180.00" type="DEFAULT_VEHTYPE" speed="13.33" pos="182.78" lane="1/1to1/2_0" slope="0.00"/>
        <vehicle id="2" x="201.65" y="478.22" angle="180.00" type="DEFAULT_VEHTYPE" speed="13.44" pos="73.47" lane="1/2to1/3_0" slope="0.00"/>
        <vehicle id="20" x="404.65" y="401.65" angle="-90.00" type="DEFAULT_VEHTYPE" speed="6.80" pos="0.10" lane=":2/2_5_0" slope="0.00"/>
        <vehicle id="23" x="398.35" y="459.12" angle="0.00" type="DEFAULT_VEHTYPE" speed="13.25" pos="136.13" lane="2/3to2/2_0" slope="0.00"/>
        <vehicle id="7" x="216.29" y="198.35" angle="90.00" type="DEFAULT_VEHTYPE" speed="13.59" pos="11.54" lane="1/1to2/1_0" slope="0.00"/>
        <vehicle id="9" x="401.65" y="691.69" angle="180.00" type="DEFAULT_VEHTYPE" speed="12.99" pos="86.94" lane="2/3to2/4_0" slope="0.00"/>
    </timestep>
    <timestep time="572.00">
        <vehicle id="12" x="201.65" y="245.55" angle="180.00" type="DEFAULT_VEHTYPE" speed="13.89" pos="40.80" lane="1/1to1/2_0" slope="0.00"/>
        <vehicle id="17" x="201.65" y="400.35" angle="180.00" type="DEFAULT_VEHTYPE" speed="12.83" pos="5.10" lane=":1/2_9_0" slope="0.00"/>
        <vehicle id="2" x="201.65" y="491.53" angle="180.00" type="DEFAULT_VEHTYPE" speed="13.31" pos="86.78" lane="1/2to1/3_0" slope="0.00"/>
        <vehicle id="20" x="395.46" y="401.65" angle="-90.00" type="DEFAULT_VEHTYPE" speed="9.19" pos="9.29" lane=":2/2_5_0" slope="0.00"/>
        <vehicle id="23" x="398.35" y="445.63" angle="0.00" type="DEFAULT_VEHTYPE" speed="13.50" pos="149.62" lane="2/3to2/2_0" slope="0.00"/>
        <vehicle id="7" x="229.96" y="198.35" angle="90.00" type="DEFAULT_VEHTYPE" speed="13.66" pos="25.21" lane="1/1to2/1_0" slope="0.00"/>
        <vehicle id="9" x="401.65" y="704.76" angle="180.00" type="DEFAULT_VEHTYPE" speed="13.08" pos="100.01" lane="2/3to2/4_0" slope="0.00"/>
    </timestep>
    <timestep time="573.00">
        <vehicle id="12" x="201.65" y="258.80" angle="180.00" type="DEFAULT_VEHTYPE" speed="13.24" pos="54.05" lane="1/1to1/2_0" slope="0.00"/>
        <vehicle id="17" x="201.65" y="413.28" angle="180.00" type="DEFAULT_VEHTYPE" speed="12.93" pos="8.53" lane="1/2to1/3_0" slope="0.00"/>
        <vehicle id="2" x="201.65" y="505.43" angle="180.00" type="DEFAULT_VEHTYPE" speed="13.90" pos="100.68" lane="1/2to1/3_0" slope="0.00"/>
        <vehicle id="20" x="383.92" y="401.65" angle="-90.00" type="DEFAULT_VEHTYPE" speed="11.54" pos="11.33" lane="2/2to1/2_0" slope="0.00"/>
        <vehicle id="23" x="398.35" y="432.01" angle="0.00" type="DEFAULT_VEHTYPE" speed="13.62" pos="163.24" lane="2/3to2/2_0" slope="0.00"/>
        <vehicle id="7" x="243.80" y="198.35" angle="90.00" type="DEFAULT_VEHTYPE" speed="13.84" pos="39.05" lane="1/1to2/1_0" slope="0.00"/>
        <vehicle id="9" x="401.65" y="717.93" angle="180.00" type="DEFAULT_VEHTYPE" speed="13.17" pos="113.18" lane="2/3to2/4_0" slope="0.00"/>
    </timestep>
    <timestep time="574.00">
        <vehicle id="12" x="201.65" y="271.95" angle="180.00" type="DEFAULT_VEHTYPE" speed="13.16" pos="67.20" lane="1/1to1/2_0" slope="0.00"/>
        <vehicle id="17" x="201.65" y="426.56" angle="180.00" type="DEFAULT_VEHTYPE" speed="13.28" pos="21.81" lane="1/2to1/3_0" slope="0.00"/>
        <vehicle id="2" x="201.65" y="519.02" angle="180.00" type="DEFAULT_VEHTYPE" speed="13.60" pos="114.27" lane="1/2to1/3_0" slope="0.00"/>
        <vehicle id="20" x="370.84" y="401.65" angle="-90.00" type="DEFAULT_VEHTYPE" speed="13.08" pos="24.41" lane="2/2to1/2_0" slope="0.00"/>
        <vehicle id="23" x="398.35" y="418.89" angle="0.00" type="DEFAULT_VEHTYPE" speed="13.12" pos="176.36" lane="2/3to2/2_0" slope="0.00"/>
        <vehicle id="7" x="257.14" y="198.35" angle="90.00" type="DEFAULT_VEHTYPE" speed="13.34" pos="52.39" lane="1/1to2/1_0" slope="0.00"/>
        <vehicle id="9" x="401.65" y="731.51" angle="180.00" type="DEFAULT_VEHTYPE" speed="13.57" pos="126.76" lane="2/3to2/4_0" slope="0.00"/>
    </timestep>
    <timestep time="575.00">
        <vehicle id="12" x="201.65" y="284.98" angle="180.00" type="DEFAULT_VEHTYPE" speed="13.02" pos="80.23" lane="1/1to1/2_0" slope="0.00"/>
        <vehicle id="17" x="201.65" y="439.37" angle="180.00" type="DEFAULT_VEHTYPE" speed="12.81" pos="34.62" lane="1/2to1/3_0" slope="0.00"/>
        <vehicle id="2" x="201.65" y="532.11" angle="180.00" type="DEFAULT_VEHTYPE" speed="13.09" pos="127.36" lane="1/2to1/3_0" slope="0.00"/>
        <vehicle id="20" x="357.79" y="401.65" angle="-90.00" type="DEFAULT_VEHTYPE" speed="13.05" pos="37.46" lane="2/2to1/2_0" slope="0.00"/>
        <vehicle id="23" x="398.35" y="405.53" angle="0.00" type="DEFAULT_VEHTYPE" speed="13.36" pos="189.72" lane="2/3to2/2_0" slope="0.00"/>
        <vehicle id="7" x="270.71" y="198.35" angle="90.00" type="DEFAULT_VEHTYPE" speed="13.57" pos="65.96" lane="1/1to2/1_0" slope="0.00"/>
        <vehicle id="9" x="401.65" y="745.20" angle="180.00" type="DEFAULT_VEHTYPE" speed="13.70" pos="140.45" lane="2/3to2/4_0" slope="0.00"/>
    </timestep>
    <timestep time="576.00">
        <vehicle id="12" x="201.65" y="298.21" angle="180.00" type="DEFAULT_VEHTYPE" speed="13.23" pos="93.46" lane="1/1to1/2_0" slope="0.00"/>
        <vehicle id="17" x="201.65" y="453.24" angle="180.00" type="DEFAULT_VEHTYPE" speed="13.87" pos="48.49" lane="1/2to1/3_0" slope="0.00"/>
        <vehicle id="2" x="201.65" y="545.79" angle="180.00" type="DEFAULT_VEHTYPE" speed="13.68" pos="141.04" lane="1/2to1/3_0" slope="0.00"/>
        <vehicle id="20" x="345.18" y="401.65" angle="-90.00" type="DEFAULT_VEHTYPE" speed="12.61" pos="50.07" lane="2/2to1/2_0" slope="0.00"/>
        <vehicle id="23" x="398.35" y="392.15" angle="0.00" type="DEFAULT_VEHTYPE" speed="13.38" pos="3.10" lane="2/2to2/1_0" slope="0.00"/>
        <vehicle id="7" x="284.43" y="198.35" angle="90.00" type="DEFAULT_VEHTYPE" speed="13.72" pos="79.68" lane="1/1to2/1_0" slope="0.00"/>
        <vehicle id="9" x="401.65" y="757.99" angle="180.00" type="DEFAULT_VEHTYPE" speed="12.78" pos="153.24" lane="2/3to2/4_0" slope="0.00"/>
    </timestep>
    <timestep time="577.00">
        <vehicle id="12" x="201.65" y="311.78" angle="180.00" type="DEFAULT_VEHTYPE" speed="13.57" pos="107.03" lane="1/1to1/2_0" slope="0.00"/>
        <vehicle id="17" x="201.65" y="466.33" angle="180.00" type="DEFAULT_VEHTYPE" speed="13.09" pos="61.58" lane="1/2to1/3_0" slope="0.00"/>
        <vehicle id="2" x="201.65" y="558.87" angle="180.00" type="DEFAULT_VEHTYPE" speed="13.08" pos="154.12" lane="1/2to1/3_0" slope="0.00"/>
        <vehicle id="20" x="332.14" y="401.65" angle="-90.00" type="DEFAULT_VEHTYPE" speed="13.04" pos="63.11" lane="2/2to1/2_0" slope="0.00"/>
        <vehicle id="23" x="398.35" y="379.47" angle="0.00" type="DEFAULT_VEHTYPE" speed="12.68" pos="15.78" lane="2/2to2/1_0" slope="0.00"/>
        <vehicle id="7" x="297.56" y="198.35" angle="90.00" type="DEFAULT_VEHTYPE" speed="13.13" pos="92.81" lane="1/1to2/1_0" slope="0.00"/>
        <vehicle id="9" x="401.65" y="771.63" angle="180.00" type="DEFAULT_VEHTYPE" speed="13.64" pos="166.88" lane="2/3to2/4_0" slope="0.00"/>
    </timestep>
    <timestep time="578.00">
        <vehicle id="12" x="201.65" y="325.56" angle="180.00" type="DEFAULT_VEHTYPE" speed="13.78" pos="120.81" lane="1/1to1/2_0" slope="0.00"/>
        <vehicle id="17" x="201.65" y="479.96" angle="180.00" type="DEFAULT_VEHTYPE" speed="13.63" pos="75.21" lane="1/2to1/3_0" slope="0.00"/>
        <vehicle id="2" x="201.65" y="572.02" angle="180.00" type="DEFAULT_VEHTYPE" speed="13.15" pos="167.27" lane="1/2to1/3_0" slope="0.00"/>
        <vehicle id="20" x="319.44" y="401.65" angle="-90.00" type="DEFAULT_VEHTYPE" speed="12.70" pos="75.81" lane="2/2to1/2_0" slope="0.00"/>
        <vehicle id="23" x="398.35" y="366.49" angle="0.00" type="DEFAULT_VEHTYPE" speed="12.98" pos="28.76" lane="2/2to2/1_0" slope="0.00"/>
        <vehicle id="7" x="311.28" y="198.35" angle="90.00" type="DEFAULT_VEHTYPE" speed="13.72" pos="106.53" lane="1/1to2/1_0" slope="0.00"/>
        <vehicle id="9" x="401.65" y="784.40" angle="180.00" type="DEFAULT_VEHTYPE" speed="12.78" pos="179.65" lane="2/3to2/4_0" slope="0.00"/>
    </timestep>
    <timestep time="579.00">
        <vehicle id="12" x="201.65" y="339.02" angle="180.00" type="DEFAULT_VEHTYPE" speed="13.46" pos="134.27" lane="1/1to1/2_0" slope="0.00"/>
        <vehicle id="17" x="201.65" y="492.81" angle="180.00" type="DEFAULT_VEHTYPE" speed="12.85" pos="88.06" lane="1/2to1/3_0" slope="0.00"/>
        <vehicle id="2" x="201.65" y="584.64" angle="180.00" type="DEFAULT_VEHTYPE" speed="12.62" pos="179.89" lane="1/2to1/3_0" slope="0.00"/>
        <vehicle id="20" x="306.80" y="401.65" angle="-90.00" type="DEFAULT_VEHTYPE" speed="12.64" pos="88.45" lane="2/2to1/2_0" slope="0.00"/>
        <vehicle id="23" x="398.35" y="353.23" angle="0.00" type="DEFAULT_VEHTYPE" speed="13.26" pos="42.02" lane="2/2to2/1_0" slope="0.00"/>
        <vehicle id="7" x="324.71" y="198.35" angle="90.00" type="DEFAULT_VEHTYPE" speed="13.43" pos="119.96" lane="1/1to2/1_0" slope="0.00"/>
        <vehicle id="9" x="401.65" y="798.18" angle="180.00" type="DEFAULT_VEHTYPE" speed="13.78" pos="193.43" lane="2/3to2/4_0" slope="0.00"/>
    </timestep>
    <timestep time="580.00">
        <vehicle id="12" x="201.65" y="351.66" angle="180.00" type="DEFAULT_VEHTYPE" speed="12.64" pos="146.91" lane="1/1to1/2_0" slope="0.00"/>
        <vehicle id="17" x="201.65" y="506.05" angle="180.00" type="DEFAULT_VEHTYPE" speed="13.24" pos="101.30" lane="1/2to1/3_0" slope="0.00"/>
        <vehicle id="2" x="203.03" y="597.94" angle="162.96" type="DEFAULT_VEHTYPE" speed="13.81" pos="3.20" lane=":1/3_8_0" slope="0.00"/>
        <vehicle id="20" x="293.66" y="401.65" angle="-90.00" type="DEFAULT_VEHTYPE" speed="13.14" pos="101.59" lane="2/2to1/2_0" slope="0.00"/>
        <vehicle id="23" x="398.35" y="339.84" angle="0.00" type="DEFAULT_VEHTYPE" speed="13.40" pos="55.41" lane="2/2to2/1_0" slope="0.00"/>
        <vehicle id="7" x="337.56" y="198.35" angle="90.00" type="DEFAULT_VEHTYPE" speed="12.85" pos="132.81" lane="1/1to2/1_0" slope="0.00"/>
        <vehicle id="9" x="398.35" y="792.98" angle="0.00" type="DEFAULT_VEHTYPE" speed="13.66" pos="7.02" lane="2/4to2/3_0" slope="0.00"/>
    </timestep>
    <timestep time="581.00">
        <vehicle id="12" x="201.65" y="365.38" angle="180.00" type="DEFAULT_VEHTYPE" speed="13.73" pos="160.63" lane="1/1to1/2_0" slope="0.00"/>
        <vehicle id="17" x="201.65" y="519.41" angle="180.00" type="DEFAULT_VEHTYPE" speed="13.36" pos="114.66" lane="1/2to1/3_0" slope="0.00"/>
        <vehicle id="2" x="215.95" y="598.35" angle="90.00" type="DEFAULT_VEHTYPE" speed="13.00" pos="11.20" lane="1/3to2/3_0" slope="0.00"/>
        <vehicle id="20" x="279.99" y="401.65" angle="-90.00" type="DEFAULT_VEHTYPE" speed="13.66" pos="115.26" lane="2/2to1/2_0" slope="0.00"/>
        <vehicle id="23" x="398.35" y="326.53" angle="0.00" type="DEFAULT_VEHTYPE" speed="13.31" pos="68.72" lane="2/2to2/1_0" slope="0.00"/>
        <vehicle id="7" x="350.58" y="198.35" angle="90.00" type="DEFAULT_VEHTYPE" speed="13.03" pos="145.83" lane="1/1to2/1_0" slope="0.00"/>
        <vehicle id="9" x="398.35" y="779.69" angle="0.00" type="DEFAULT_VEHTYPE" speed="13.29" pos="20.31" lane="2/4to2/3_0" slope="0.00"/>
    </timestep>
    <timestep time="582.00">
        <vehicle id="12" x="201.65" y="378.13" angle="180.00" type="DEFAULT_VEHTYPE" speed="12.74" pos="173.38" lane="1/1to1/2_0" slope="0.00"/>
        <vehicle id="17" x="201.65" y="532.01" angle="180.00" type="DEFAULT_VEHTYPE" speed="12.60" pos="127.26" lane="1/2to1/3_0" slope="0.00"/>
        <vehicle id="2" x="228.55" y="598.35" angle="90.00" type="DEFAULT_VEHTYPE" speed="12.60" pos="23.80" lane="1/3to2/3_0" slope="0.00"/>
        <vehicle id="20" x="266.76" y="401.65" angle="-90.00" type="DEFAULT_VEHTYPE" speed="13.24" pos="128.49" lane="2/2to1/2_0" slope="0.00"/>
        <vehicle id="23" x="398.35" y="313.33" angle="0.00" type="DEFAULT_VEHTYPE" speed="13.19" pos="81.92" lane="2/2to2/1_0" slope="0.00"/>
        <vehicle id="7" x="364.26" y="198.35" angle="90.00" type="DEFAULT_VEHTYPE" speed="13.67" pos="159.51" lane="1/1to2/1_0" slope="0.00"/>
        <vehicle id="9" x="398.35" y="766.65" angle="0.00" type="DEFAULT_VEHTYPE" speed="13.04" pos="33.35" lane="2/4to2/3_0" slope="0.00"/>
    </timestep>
    <timestep time="583.00">
        <vehicle id="12" x="201.65" y="390.87" angle="180.00" type="DEFAULT_VEHTYPE" speed="12.75" pos="186.12" lane="1/1to1/2_0" slope="0.00"/>
        <vehicle id="17" x="201.65" y="545.56" angle="180.00" type="DEFAULT_VEHTYPE" speed="13.55" pos="140.81" lane="1/2to1/3_0" slope="0.00"/>
        <vehicle id="2" x="242.26" y="598.35" angle="90.00" type="DEFAULT_VEHTYPE" speed="13.70" pos="37.51" lane="1/3to2/3_0" slope="0.00"/>
        <vehicle id="20" x="254.08" y="401.65" angle="-90.00" type="DEFAULT_VEHTYPE" speed="12.68" pos="141.17" lane="2/2to1/2_0" slope="0.00"/>
        <vehicle id="23" x="398.35" y="300.61" angle="0.00" type="DEFAULT_VEHTYPE" speed="12.73" pos="94.64" lane="2/2to2/1_0" slope="0.00"/>
        <vehicle id="7" x="376.10" y="198.35" angle="90.00" type="DEFAULT_VEHTYPE" speed="11.85" pos="171.35" lane="1/1to2/1_0" slope="0.00"/>
        <vehicle id="9" x="398.35" y="753.77" angle="0.00" type="DEFAULT_VEHTYPE" speed="12.88" pos="46.23" lane="2/4to2/3_0" slope="0.00"/>
    </timestep>
    <timestep time="584.00">
        <vehicle id="12" x="201.65" y="403.59" angle="180.00" type="DEFAULT_VEHTYPE" speed="12.71" pos="8.34" lane=":1/2_9_0" slope="0.00"/>
        <vehicle id="17" x="201.65" y="559.27" angle="180.00" type="DEFAULT_VEHTYPE" speed="13.71" pos="154.52" lane="1/2to1/3_0" slope="0.00"/>
        <vehicle id="2" x="255.41" y="598.35" angle="90.00" type="DEFAULT_VEHTYPE" speed="13.16" pos="50.66" lane="1/3to2/3_0" slope="0.00"/>
        <vehicle id="20" x="240.41" y="401.65" angle="-90.00" type="DEFAULT_VEHTYPE" speed="13.67" pos="154.84" lane="2/2to1/2_0" slope="0.00"/>
        <vehicle id="23" x="398.35" y="287.05" angle="0.00" type="DEFAULT_VEHTYPE" speed="13.56" pos="108.20" lane="2/2to2/1_0" slope="0.00"/>
        <vehicle id="7" x="383.53" y="198.35" angle="90.00" type="DEFAULT_VEHTYPE" speed="7.42" pos="178.78" lane="1/1to2/1_0" slope="0.00"/>
        <vehicle id="9" x="398.35" y="740.01" angle="0.00" type="DEFAULT_VEHTYPE" speed="13.76" pos="59.99" lane="2/4to2/3_0" slope="0.00"/>
    </timestep>
    <timestep time="585.00">
        <vehicle id="12" x="201.65" y="417.34" angle="180.00" type="DEFAULT_VEHTYPE" speed="13.75" pos="12.59" lane="1/2to1/3_0" slope="0.00"/>
        <vehicle id="17" x="201.65" y="572.76" angle="180.00" type="DEFAULT_VEHTYPE" speed="13.49" pos="168.01" lane="1/2to1/3_0" slope="0.00"/>
        <vehicle id="2" x="268.48" y="598.35" angle="90.00" type="DEFAULT_VEHTYPE" speed="13.07" pos="63.73" lane="1/3to2/3_0" slope="0.00"/>
        <vehicle id="20" x="228.24" y="401.65" angle="-90.00" type="DEFAULT_VEHTYPE" speed="12.18" pos="167.01" lane="2/2to1/2_0" slope="0.00"/>
        <vehicle id="23" x="398.35" y="273.56" angle="0.00" type="DEFAULT_VEHTYPE" speed="13.50" pos="121.69" lane="2/2to2/1_0" slope="0.00"/>
        <vehicle id="7" x="389.04" y="198.35" angle="90.00" type="DEFAULT_VEHTYPE" speed="5.51" pos="184.29" lane="1/1to2/1_0" slope="0.00"/>
        <vehicle id="9" x="398.35" y="727.19" angle="0.00" type="DEFAULT_VEHTYPE" speed="12.82" pos="72.81" lane="2/4to2/3_0" slope="0.00"/>
    </timestep>
    <timestep time="586.00">
        <vehicle id="12" x="201.65" y="430.49" angle="180.00" type="DEFAULT_VEHTYPE" speed="13.15" pos="25.74" lane="1/2to1/3_0" slope="0.00"/>
        <vehicle id="17" x="201.65" y="585.83" angle="180.00" type="DEFAULT_VEHTYPE" speed="13.07" pos="181.08" lane="1/2to1/3_0" slope="0.00"/>
        <vehicle id="2" x="281.96" y="598.35" angle="90.00" type="DEFAULT_VEHTYPE" speed="13.48" pos="77.21" lane="1/3to2/3_0" slope="0.00"/>
        <vehicle id="20" x="218.88" y="401.65" angle="-90.00" type="DEFAULT_VEHTYPE" speed="9.35" pos="176.37" lane="2/2to1/2_0" slope="0.00"/>
        <vehicle id="23" x="398.35" y="260.33" angle="0.00" type="DEFAULT_VEHTYPE" speed="13.23" pos="134.92" lane="2/2to2/1_0" slope="0.00"/>
        <vehicle id="7" x="396.65" y="198.35" angle="90.00" type="DEFAULT_VEHTYPE" speed="7.61" pos="1.40" lane=":2/1_13_0" slope="0.00"/>
        <vehicle id="9" x="398.35" y="713.56" angle="0.00" type="DEFAULT_VEHTYPE" speed="13.63" pos="86.44" lane="2/4to2/3_0" slope="0.00"/>
    </timestep>
    <timestep time="587.00">
        <vehicle id="12" x="201.65" y="443.55" angle="180.00" type="DEFAULT_VEHTYPE" speed="13.06" pos="38.80" lane="1/2to1/3_0" slope="0.00"/>
        <vehicle id="17" x="203.11" y="597.99" angle="161.87" type="DEFAULT_VEHTYPE" speed="12.72" pos="3.30" lane=":1/3_8_0" slope="0.00"/>
        <vehicle id="2" x="295.19" y="598.35" angle="90.00" type="DEFAULT_VEHTYPE" speed="13.24" pos="90.44" lane="1/3to2/3_0" slope="0.00"/>
        <vehicle id="20" x="212.62" y="401.65" angle="-90.00" type="DEFAULT_VEHTYPE" speed="6.26" pos="182.63" lane="2/2to1/2_0" slope="0.00"/>
        <vehicle id="23" x="398.35" y="246.63" angle="0.00" type="DEFAULT_VEHTYPE" speed="13.70" pos="148.62" lane="2/2to2/1_0" slope="0.00"/>
        <vehicle id="7" x="406.21" y="198.35" angle="90.00" type="DEFAULT_VEHTYPE" speed="9.56" pos="1.46" lane="2/1to3/1_0" slope="0.00"/>
        <vehicle id="9" x="398.35" y="699.95" angle="0.00" type="DEFAULT_VEHTYPE" speed="13.60" pos="100.05" lane="2/4to2/3_0" slope="0.00"/>
    </timestep>
    <timestep time="588.00">
        <vehicle id="12" x="201.65" y="456.31" angle="180.00" type="DEFAULT_VEHTYPE" speed="12.76" pos="51.56" lane="1/2to1/3_0" slope="0.00"/>
        <vehicle id="17" x="216.77" y="598.35" angle="90.00" type="DEFAULT_VEHTYPE" speed="13.72" pos="12.02" lane="1/3to2/3_0" slope="0.00"/>
        <vehicle id="2" x="308.17" y="598.35" angle="90.00" type="DEFAULT_VEHTYPE" speed="12.97" pos="103.42" lane="1/3to2/3_0" slope="0.00"/>
        <vehicle id="20" x="210.08" y="401.65" angle="-90.00" type="DEFAULT_VEHTYPE" speed="2.54" pos="185.17" lane="2/2to1/2_0" slope="0.00"/>
        <vehicle id="23" x="398.35" y="233.68" angle="0.00" type="DEFAULT_VEHTYPE" speed="12.95" pos="161.57" lane="2/2to2/1_0" slope="0.00"/>
        <vehicle id="7" x="418.13" y="198.35" angle="90.00" type="DEFAULT_VEHTYPE" speed="11.92" pos="13.38" lane="2/1to3/1_0" slope="0.00"/>
        <vehicle id="9" x="398.35" y="687.20" angle="0.00" type="DEFAULT_VEHTYPE" speed="12.75" pos="112.80" lane="2/4to2/3_0" slope="0.00"/>
    </timestep>
    <timestep time="589.00">
        <vehicle id="12" x="201.65" y="469.96" angle="180.00" type="DEFAULT_VEHTYPE" speed="13.65" pos="65.21" lane="1/2to1/3_0" slope="0.00"/>
        <vehicle id="17" x="230.52" y="598.35" angle="90.00" type="DEFAULT_VEHTYPE" speed="13.75" pos="25.77" lane="1/3to2/3_0" slope="0.00"/>
        <vehicle id="2" x="321.19" y="598.35" angle="90.00" type="DEFAULT_VEHTYPE" speed="13.02" pos="116.44" lane="1/3to2/3_0" slope="0.00"/>
        <vehicle id="20" x="205.29" y="401.65" angle="-90.00" type="DEFAULT_VEHTYPE" speed="4.79" pos="189.96" lane="2/2to1/2_0" slope="0.00"/>
        <vehicle id="23" x="398.35" y="221.02" angle="0.00" type="DEFAULT_VEHTYPE" speed="12.66" pos="174.23" lane="2/2to2/1_0" slope="0.00"/>
        <vehicle id="7" x="431.27" y="198.35" angle="90.00" type="DEFAULT_VEHTYPE" speed="13.14" pos="26.52" lane="2/1to3/1_0" slope="0.00"/>
        <vehicle id="9" x="398.35" y="674.36" angle="0.00" type="DEFAULT_VEHTYPE" speed="12.84" pos="125.64" lane="2/4to2/3_0" slope="0.00"/>
    </timestep>
    <timestep time="590.00">
        <vehicle id="12" x="201.65" y="483.81" angle="180.00" type="DEFAULT_VEHTYPE" speed="13.85" pos="79.06" lane="1/2to1/3_0" slope="0.00"/>
        <vehicle id="17" x="244.02" y="598.35" angle="90.00" type="DEFAULT_VEHTYPE" speed="13.50" pos="39.27" lane="1/3to2/3_0" slope="0.00"/>
        <vehicle id="2" x="334.70" y="598.35" angle="90.00" type="DEFAULT_VEHTYPE" speed="13.51" pos="129.95" lane="1/3to2/3_0" slope="0.00"/>
        <vehicle id="20" x="199.10" y="398.63" angle="-54.33" type="DEFAULT_VEHTYPE" speed="7.36" pos="6.82" lane=":1/2_6_0" slope="0.00"/>
        <vehicle id="23" x="398.35" y="207.45" angle="0.00" type="DEFAULT_VEHTYPE" speed="13.58" pos="187.80" lane="2/2to2/1_0" slope="0.00"/>
        <vehicle id="7" x="444.91" y="198.35" angle="90.00" type="DEFAULT_VEHTYPE" speed="13.64" pos="40.16" lane="2/1to3/1_0" slope="0.00"/>
        <vehicle id="9" x="398.35" y="661.62" angle="0.00" type="DEFAULT_VEHTYPE" speed="12.75" pos="138.38" lane="2/4to2/3_0" slope="0.00"/>
    </timestep>
    <timestep time="591.00">
        <vehicle id="12" x="201.65" y="497.64" angle="180.00" type="DEFAULT_VEHTYPE" speed="13.83" pos="92.89" lane="1/2to1/3_0" slope="0.00"/>
        <vehicle id="17" x="256.72" y="598.35" angle="90.00" type="DEFAULT_VEHTYPE" speed="12.70" pos="51.97" lane="1/3to2/3_0" slope="0.00"/>
        <vehicle id="2" x="347.86" y="598.35" angle="90.00" type="DEFAULT_VEHTYPE" speed="13.16" pos="143.11" lane="1/3to2/3_0" slope="0.00"/>
        <vehicle id="20" x="198.35" y="389.88" angle="0.00" type="DEFAULT_VEHTYPE" speed="8.87" pos="5.37" lane="1/2to1/1_0" slope="0.00"/>
        <vehicle id="23" x="390.15" y="201.65" angle="-90.00" type="DEFAULT_VEHTYPE" speed="12.80" pos="5.10" lane="2/1to1/1_0" slope="0.00"/>
        <vehicle id="7" x="458.32" y="198.35" angle="90.00" type="DEFAULT_VEHTYPE" speed="13.42" pos="53.57" lane="2/1to3/1_0" slope="0.00"/>
        <vehicle id="9" x="398.35" y="647.88" angle="0.00" type="DEFAULT_VEHTYPE" speed="13.74" pos="152.12" lane="2/4to2/3_0" slope="0.00"/>
    </timestep>
    <timestep time="592.00">
        <vehicle id="12" x="201.65" y="510.32" angle="180.00" type="DEFAULT_VEHTYPE" speed="12.68" pos="105.57" lane="1/2to1/3_0" slope="0.00"/>
        <vehicle id="17" x="269.44" y="598.35" angle="90.00" type="DEFAULT_VEHTYPE" speed="12.71" pos="64.69" lane="1/3to2/3_0" slope="0.00"/>
        <vehicle id="2" x="361.37" y="598.35" angle="90.00" type="DEFAULT_VEHTYPE" speed="13.51" pos="156.62" lane="1/3to2/3_0" slope="0.00"/>
        <vehicle id="20" x="198.35" y="379.07" angle="0.00" type="DEFAULT_VEHTYPE" speed="10.81" pos="16.18" lane="1/2to1/1_0" slope="0.00"/>
        <vehicle id="23" x="377.42" y="201.65" angle="-90.00" type="DEFAULT_VEHTYPE" speed="12.72" pos="17.83" lane="2/1to1/1_0" slope="0.00"/>
        <vehicle id="7" x="471.82" y="198.35" angle="90.00" type="DEFAULT_VEHTYPE" speed="13.50" pos="67.07" lane="2/1to3/1_0" slope="0.00"/>
        <vehicle id="9" x="398.35" y="635.18" angle="0.00" type="DEFAULT_VEHTYPE" speed="12.70" pos="164.82" lane="2/4to2/3_0" slope="0.00"/>
    </timestep>
    <timestep time="593.00">
        <vehicle id="12" x="201.65" y="523.36" angle="180.00" type="DEFAULT_VEHTYPE" speed="13.04" pos="118.61" lane="1/2to1/3_0" slope="0.00"/>
        <vehicle id="17" x="282.85" y="598.35" angle="90.00" type="DEFAULT_VEHTYPE" speed="13.42" pos="78.10" lane="1/3to2/3_0" slope="0.00"/>
        <vehicle id="2" x="373.47" y="598.35" angle="90.00" type="DEFAULT_VEHTYPE" speed="12.10" pos="168.72" lane="1/3to2/3_0" slope="0.00"/>
        <vehicle id="20" x="198.35" y="366.58" angle="0.00" type="DEFAULT_VEHTYPE" speed="12.49" pos="28.67" lane="1/2to1/1_0" slope="0.00"/>
        <vehicle id="23" x="364.14" y="201.65" angle="-90.00" type="DEFAULT_VEHTYPE" speed="13.29" pos="31.11" lane="2/1to1/1_0" slope="0.00"/>
        <vehicle id="7" x="485.68" y="198.35" angle="90.00" type="DEFAULT_VEHTYPE" speed="13.86" pos="80.93" lane="2/1to3/1_0" slope="0.00"/>
        <vehicle id="9" x="398.35" y="621.99" angle="0.00" type="DEFAULT_VEHTYPE" speed="13.19" pos="178.01" lane="2/4to2/3_0" slope="0.00"/>
    </timestep>
    <timestep time="594.00">
        <vehicle id="12" x="201.65" y="537.15" angle="180.00" type="DEFAULT_VEHTYPE" speed="13.79" pos="132.40" lane="1/2to1/3_0" slope="0.00"/>
        <vehicle id="17" x="295.68" y="598.35" angle="90.00" type="DEFAULT_VEHTYPE" speed="12.82" pos="90.93" lane="1/3to2/3_0" slope="0.00"/>
        <vehicle id="2" x="382.69" y="598.35" angle="90.00" type="DEFAULT_VEHTYPE" speed="9.22" pos="177.94" lane="1/3to2/3_0" slope="0.00"/>
        <vehicle id="20" x="198.35" y="353.24" angle="0.00" type="DEFAULT_VEHTYPE" speed="13.34" pos="42.01" lane="1/2to1/1_0" slope="0.00"/>
        <vehicle id="23" x="351.49" y="201.65" angle="-90.00" type="DEFAULT_VEHTYPE" speed="12.65" pos="43.76" lane="2/1to1/1_0" slope="0.00"/>
        <vehicle id="7" x="499.30" y="198.35" angle="90.00" type="DEFAULT_VEHTYPE" speed="13.61" pos="94.55" lane="2/1to3/1_0" slope="0.00"/>
        <vehicle id="9" x="398.35" y="608.51" angle="0.00" type="DEFAULT_VEHTYPE" speed="13.47" pos="191.49" lane="2/4to2/3_0" slope="0.00"/>
    </timestep>
    <timestep time="595.00">
        <vehicle id="12" x="201.65" y="550.95" angle="180.00" type="DEFAULT_VEHTYPE" speed="13.80" pos="146.20" lane="1/2to1/3_0" slope="0.00"/>
        <vehicle id="17" x="308.81" y="598.35" angle="90.00" type="DEFAULT_VEHTYPE" speed="13.14" pos="104.06" lane="1/3to2/3_0" slope="0.00"/>
        <vehicle id="2" x="388.23" y="598.35" angle="90.00" type="DEFAULT_VEHTYPE" speed="5.54" pos="183.48" lane="1/3to2/3_0" slope="0.00"/>
        <vehicle id="20" x="198.35" y="340.40" angle="0.00" type="DEFAULT_VEHTYPE" speed="12.85" pos="54.85" lane="1/2to1/1_0" slope="0.00"/>
        <vehicle id="23" x="338.03" y="201.65" angle="-90.00" type="DEFAULT_VEHTYPE" speed="13.46" pos="57.22" lane="2/1to1/1_0" slope="0.00"/>
        <vehicle id="7" x="512.78" y="198.35" angle="90.00" type="DEFAULT_VEHTYPE" speed="13.49" pos="108.03" lane="2/1to3/1_0" slope="0.00"/>
        <vehicle id="9" x="398.35" y="595.77" angle="0.00" type="DEFAULT_VEHTYPE" speed="12.74" pos="8.98" lane=":2/3_1_0" slope="0.00"/>
    </timestep>
    <timestep time="596.00">
        <vehicle id="12" x="201.65" y="564.51" angle="180.00" type="DEFAULT_VEHTYPE" speed="13.56" pos="159.76" lane="1/2to1/3_0" slope="0.00"/>
        <vehicle id="17" x="322.27" y="598.35" angle="90.00" type="DEFAULT_VEHTYPE" speed="13.45" pos="117.52" lane="1/3to2/3_0" slope="0.00"/>
        <vehicle id="2" x="391.49" y="598.35" angle="90.00" type="DEFAULT_VEHTYPE" speed="3.26" pos="186.74" lane="1/3to2/3_0" slope="0.00"/>
        <vehicle id="20" x="198.35" y="326.59" angle="0.00" type="DEFAULT_VEHTYPE" speed="13.81" pos="68.66" lane="1/2to1/1_0" slope="0.00"/>
        <vehicle id="23" x="324.19" y="201.65" angle="-90.00" type="DEFAULT_VEHTYPE" speed="13.84" pos="71.06" lane="2/1to1/1_0" slope="0.00"/>
        <vehicle id="7" x="525.73" y="198.35" angle="90.00" type="DEFAULT_VEHTYPE" speed="12.95" pos="120.98" lane="2/1to3/1_0" slope="0.00"/>
        <vehicle id="9" x="398.35" y="583.05" angle="0.00" type="DEFAULT_VEHTYPE" speed="12.72" pos="12.20" lane="2/3to2/2_0" slope="0.00"/>
    </timestep>
    <timestep time="597.00">
        <vehicle id="12" x="201.65" y="577.32" angle="180.00" type="DEFAULT_VEHTYPE" speed="12.81" pos="172.57" lane="1/2to1/3_0" slope="0.00"/>
        <vehicle id="17" x="335.76" y="598.35" angle="90.00" type="DEFAULT_VEHTYPE" speed="13.50" pos="131.01" lane="1/3to2/3_0" slope="0.00"/>
        <vehicle id="2" x="397.21" y="598.63" angle="93.22" type="DEFAULT_VEHTYPE" speed="5.74" pos="1.98" lane=":2/3_14_0" slope="0.00"/>
        <vehicle id="20" x="198.35" y="313.61" angle="0.00" type="DEFAULT_VEHTYPE" speed="12.98" pos="81.64" lane="1/2to1/1_0" slope="0.00"/>
        <vehicle id="23" x="311.14" y="201.65" angle="-90.00" type="DEFAULT_VEHTYPE" speed="13.05" pos="84.11" lane="2/1to1/1_0" slope="0.00"/>
        <vehicle id="7" x="538.80" y="198.35" angle="90.00" type="DEFAULT_VEHTYPE" speed="13.07" pos="134.05" lane="2/1to3/1_0" slope="0.00"/>
        <vehicle id="9" x="398.35" y="569.50" angle="0.00" type="DEFAULT_VEHTYPE" speed="13.55" pos="25.75" lane="2/3to2/2_0" slope="0.00"/>
    </timestep>
    <timestep time="598.00">
        <vehicle id="12" x="201.65" y="590.18" angle="180.00" type="DEFAULT_VEHTYPE" speed="12.86" pos="185.43" lane="1/2to1/3_0" slope="0.00"/>
        <vehicle id="17" x="349.47" y="598.35" angle="90.00" type="DEFAULT_VEHTYPE" speed="13.71" pos="144.72" lane="1/3to2/3_0" slope="0.00"/>
        <vehicle id="2" x="401.63" y="604.59" angle="161.24" type="DEFAULT_VEHTYPE" speed="8.18" pos="10.16" lane=":2/3_14_0" slope="0.00"/>
        <vehicle id="20" x="198.35" y="300.24" angle="0.00" type="DEFAULT_VEHTYPE" speed="13.37" pos="95.01" lane="1/2to1/1_0" slope="0.00"/>
        <vehicle id="23" x="298.29" y="201.65" angle="-90.00" type="DEFAULT_VEHTYPE" speed="12.85" pos="96.96" lane="2/1to1/1_0" slope="0.00"/>
        <vehicle id="7" x="552.69" y="198.35" angle="90.00" type="DEFAULT_VEHTYPE" speed="13.88" pos="147.94" lane="2/1to3/1_0" slope="0.00"/>
        <vehicle id="9" x="398.35" y="555.63" angle="0.00" type="DEFAULT_VEHTYPE" speed="13.87" pos="39.62" lane="2/3to2/2_0" slope="0.00"/>
    </timestep>
    <timestep time="599.00">
        <vehicle id="12" x="208.26" y="598.35" angle="92.88" type="DEFAULT_VEHTYPE" speed="13.59" pos="3.51" lane="1/3to2/3_0" slope="0.00"/>
        <vehicle id="17" x="362.27" y="598.35" angle="90.00" type="DEFAULT_VEHTYPE" speed="12.80" pos="157.52" lane="1/3to2/3_0" slope="0.00"/>
        <vehicle id="2" x="401.65" y="615.06" angle="180.00" type="DEFAULT_VEHTYPE" speed="10.46" pos="10.31" lane="2/3to2/4_0" slope="0.00"/>
        <vehicle id="20" x="198.35" y="286.53" angle="0.00" type="DEFAULT_VEHTYPE" speed="13.71" pos="108.72" lane="1/2to1/1_0" slope="0.00"/>
        <vehicle id="23" x="285.32" y="201.65" angle="-90.00" type="DEFAULT_VEHTYPE" speed="12.96" pos="109.93" lane="2/1to1/1_0" slope="0.00"/>
        <vehicle id="7" x="566.21" y="198.35" angle="90.00" type="DEFAULT_VEHTYPE" speed="13.53" pos="161.46" lane="2/1to3/1_0" slope="0.00"/>
        <vehicle id="9" x="398.35" y="541.92" angle="0.00" type="DEFAULT_VEHTYPE" speed="13.70" pos="53.33" lane="2/3to2/2_0" slope="0.00"/>
    </timestep>
    <timestep time="600.00">
        <vehicle id="12" x="221.82" y="598.35" angle="90.00" type="DEFAULT_VEHTYPE" speed="13.56" pos="17.07" lane="1/3to2/3_0" slope="0.00"/>
        <vehicle id="17" x="374.22" y="598.35" angle="90.00" type="DEFAULT_VEHTYPE" speed="11.95" pos="169.47" lane="1/3to2/3_0" slope="0.00"/>
        <vehicle id="2" x="401.65" y="628.10" angle="180.00" type="DEFAULT_VEHTYPE" speed="13.05" pos="23.35" lane="2/3to2/4_0" slope="0.00"/>
        <vehicle id="20" x="198.35" y="273.49" angle="0.00" type="DEFAULT_VEHTYPE" speed="13.04" pos="121.76" lane="1/2to1/1_0" slope="0.00"/>
        <vehicle id="23" x="272.53" y="201.65" angle="-90.00" type="DEFAULT_VEHTYPE" speed="12.79" pos="122.72" lane="2/1to1/1_0" slope="0.00"/>
        <vehicle id="7" x="577.75" y="198.35" angle="90.00" type="DEFAULT_VEHTYPE" speed="11.54" pos="173.00" lane="2/1to3/1_0" slope="0.00"/>
        <vehicle id="9" x="398.35" y="528.78" angle="0.00" type="DEFAULT_VEHTYPE" speed="13.15" pos="66.47" lane="2/3to2/2_0" slope="0.00"/>
    </timestep>
    <timestep time="601.00">
        <vehicle id="12" x="235.07" y="598.35" angle="90.00" type="DEFAULT_VEHTYPE" speed="13.24" pos="30.32" lane="1/3to2/3_0" slope="0.00"/>
        <vehicle id="17" x="382.89" y="598.35" angle="90.00" type="DEFAULT_VEHTYPE" speed="8.67" pos="178.14" lane="1/3to2/3_0" slope="0.00"/>
        <vehicle id="2" x="401.65" y="641.80" angle="180.00" type="DEFAULT_VEHTYPE" speed="13.70" pos="37.05" lane="2/3to2/4_0" slope="0.00"/>
        <vehicle id="20" x="198.35" y="259.75" angle="0.00" type="DEFAULT_VEHTYPE" speed="13.74" pos="135.50" lane="1/2to1/1_0" slope="0.00"/>
        <vehicle id="23" x="259.27" y="201.65" angle="-90.00" type="DEFAULT_VEHTYPE" speed="13.27" pos="135.98" lane="2/1to1/1_0" slope="0.00"/>
        <vehicle id="7" x="585.34" y="198.35" angle="90.00" type="DEFAULT_VEHTYPE" speed="7.59" pos="180.59" lane="2/1to3/1_0" slope="0.00"/>
        <vehicle id="9" x="398.35" y="515.76" angle="0.00" type="DEFAULT_VEHTYPE" speed="13.01" pos="79.49" lane="2/3to2/2_0" slope="0.00"/>
    </timestep>
    <timestep time="602.00">
        <vehicle id="12" x="248.69" y="598.35" angle="90.00" type="DEFAULT_VEHTYPE" speed="13.62" pos="43.94" lane="1/3to2/3_0" slope="0.00"/>
        <vehicle id="17" x="388.47" y="598.35" angle="90.00" type="DEFAULT_VEHTYPE" speed="5.58" pos="183.72" lane="1/3to2/3_0" slope="0.00"/>
        <vehicle id="2" x="401.65" y="654.46" angle="180.00" type="DEFAULT_VEHTYPE" speed="12.66" pos="49.71" lane="2/3to2/4_0" slope="0.00"/>
        <vehicle id="20" x="198.35" y="246.48" angle="0.00" type="DEFAULT_VEHTYPE" speed="13.27" pos="148.77" lane="1/2to1/1_0" slope="0.00"/>
        <vehicle id="23" x="245.61" y="201.65" angle="-90.00" type="DEFAULT_VEHTYPE" speed="13.65" pos="149.64" lane="2/1to1/1_0" slope="0.00"/>
        <vehicle id="7" x="589.96" y="198.35" angle="90.00" type="DEFAULT_VEHTYPE" speed="4.62" pos="185.21" lane="2/1to3/1_0" slope="0.00"/>
        <vehicle id="9" x="398.35" y="502.46" angle="0.00" type="DEFAULT_VEHTYPE" speed="13.31" pos="92.79" lane="2/3to2/2_0" slope="0.00"/>
    </timestep>
    <timestep time="603.00">
        <vehicle id="12" x="261.78" y="598.35" angle="90.00" type="DEFAULT_VEHTYPE" speed="13.09" pos="57.03" lane="1/3to2/3_0" slope="0.00"/>
        <vehicle id="17" x="396.03" y="598.46" angle="91.28" type="DEFAULT_VEHTYPE" speed="7.56" pos="0.79" lane=":2/3_14_0" slope="0.00"/>
        <vehicle id="2" x="401.65" y="668.18" angle="180.00" type="DEFAULT_VEHTYPE" speed="13.73" pos="63.43" lane="2/3to2/4_0" slope="0.00"/>
        <vehicle id="20" x="198.35" y="233.54" angle="0.00" type="DEFAULT_VEHTYPE" speed="12.95" pos="161.71" lane="1/2to1/1_0" slope="0.00"/>
        <vehicle id="23" x="232.14" y="201.65" angle="-90.00" type="DEFAULT_VEHTYPE" speed="13.47" pos="163.11" lane="2/1to1/1_0" slope="0.00"/>
        <vehicle id="7" x="595.94" y="198.45" angle="91.13" type="DEFAULT_VEHTYPE" speed="5.99" pos="0.70" lane=":3/1_14_0" slope="0.00"/>
        <vehicle id="9" x="398.35" y="489.56" angle="0.00" type="DEFAULT_VEHTYPE" speed="12.90" pos="105.69" lane="2/3to2/2_0" slope="0.00"/>
    </timestep>
    <timestep time="604.00">
        <vehicle id="12" x="275.57" y="598.35" angle="90.00" type="DEFAULT_VEHTYPE" speed="13.79" pos="70.82" lane="1/3to2/3_0" slope="0.00"/>
        <vehicle id="17" x="401.63" y="604.64" angle="161.45" type="DEFAULT_VEHTYPE" speed="9.42" pos="10.21" lane=":2/3_14_0" slope="0.00"/>
        <vehicle id="2" x="401.65" y="680.83" angle="180.00" type="DEFAULT_VEHTYPE" speed="12.64" pos="76.08" lane="2/3to2/4_0" slope="0.00"/>
        <vehicle id="20" x="198.35" y="220.83" angle="0.00" type="DEFAULT_VEHTYPE" speed="12.71" pos="174.42" lane="1/2to1/1_0" slope="0.00"/>
        <vehicle id="23" x="221.58" y="201.65" angle="-90.00" type="DEFAULT_VEHTYPE" speed="10.56" pos="173.67" lane="2/1to1/1_0" slope="0.00"/>
        <vehicle id="7" x="601.34" y="202.58" angle="140.50" type="DEFAULT_VEHTYPE" speed="7.44" pos="8.13" lane=":3/1_14_0" slope="0.00"/>
        <vehicle id="9" x="398.35" y="476.53" angle="0.00" type="DEFAULT_VEHTYPE" speed="13.03" pos="118.72" lane="2/3to2/2_0" slope="0.00"/>
    </timestep>
    <timestep time="605.00">
        <vehicle id="12" x="288.49" y="598.35" angle="90.00" type="DEFAULT_VEHTYPE" speed="12.92" pos="83.74" lane="1/3to2/3_0" slope="0.00"/>
        <vehicle id="17" x="401.65" y="615.73" angle="180.00" type="DEFAULT_VEHTYPE" speed="11.09" pos="10.98" lane="2/3to2/4_0" slope="0.00"/>
        <vehicle id="2" x="401.65" y="693.83" angle="180.00" type="DEFAULT_VEHTYPE" speed="13.01" pos="89.08" lane="2/3to2/4_0" slope="0.00"/>
        <vehicle id="20" x="198.35" y="207.82" angle="0.00" type="DEFAULT_VEHTYPE" speed="13.01" pos="187.43" lane="1/2to1/1_0" slope="0.00"/>
        <vehicle id="23" x="214.34" y="201.65" angle="-90.00" type="DEFAULT_VEHTYPE" speed="7.25" pos="180.91" lane="2/1to1/1_0" slope="0.00"/>
        <vehicle id="7" x="601.65" y="211.44" angle="180.00" type="DEFAULT_VEHTYPE" speed="8.88" pos="6.69" lane="3/1to3/2_0" slope="0.00"/>
        <vehicle id="9" x="398.35" y="463.39" angle="0.00" type="DEFAULT_VEHTYPE" speed="13.14" pos="131.86" lane="2/3to2/2_0" slope="0.00"/>
    </timestep>
    <timestep time="606.00">
        <vehicle id="12" x="302.32" y="598.35" angle="90.00" type="DEFAULT_VEHTYPE" speed="13.83" pos="97.57" lane="1/3to2/3_0" slope="0.00"/>
        <vehicle id="17" x="401.65" y="629.22" angle="180.00" type="DEFAULT_VEHTYPE" speed="13.49" pos="24.47" lane="2/3to2/4_0" slope="0.00"/>
        <vehicle id="2" x="401.65" y="706.75" angle="180.00" type="DEFAULT_VEHTYPE" speed="12.92" pos="102.00" lane="2/3to2/4_0" slope="0.00"/>
        <vehicle id="20" x="189.76" y="201.65" angle="-90.00" type="DEFAULT_VEHTYPE" speed="13.56" pos="5.49" lane="1/1to0/1_0" slope="0.00"/>
        <vehicle id="23" x="209.73" y="201.65" angle="-90.00" type="DEFAULT_VEHTYPE" speed="4.60" pos="185.52" lane="2/1to1/1_0" slope="0.00"/>
        <vehicle id="7" x="601.65" y="222.04" angle="180.00" type="DEFAULT_VEHTYPE" speed="10.60" pos="17.29" lane="3/1to3/2_0" slope="0.00"/>
        <vehicle id="9" x="398.35" y="450.70" angle="0.00" type="DEFAULT_VEHTYPE" speed="12.69" pos="144.55" lane="2/3to2/2_0" slope="0.00"/>
    </timestep>
    <timestep time="607.00">
        <vehicle id="12" x="315.09" y="598.35" angle="90.00" type="DEFAULT_VEHTYPE" speed="12.77" pos="110.34" lane="1/3to2/3_0" slope="0.00"/>
        <vehicle id="17" x="401.65" y="642.19" angle="180.00" type="DEFAULT_VEHTYPE" speed="12.97" pos="37.44" lane="2/3to2/4_0" slope="0.00"/>
        <vehicle id="2" x="401.65" y="719.63" angle="180.00" type="DEFAULT_VEHTYPE" speed="12.88" pos="114.88" lane="2/3to2/4_0" slope="0.00"/>
        <vehicle id="20" x="176.68" y="201.65" angle="-90.00" type="DEFAULT_VEHTYPE" speed="13.08" pos="18.57" lane="1/1to0/1_0" slope="0.00"/>
        <vehicle id="23" x="203.37" y="201.85" angle="-92.32" type="DEFAULT_VEHTYPE" speed="6.38" pos="1.40" lane=":1/1_4_0" slope="0.00"/>
        <vehicle id="7" x="601.65" y="234.75" angle="180.00" type="DEFAULT_VEHTYPE" speed="12.70" pos="30.00" lane="3/1to3/2_0" slope="0.00"/>
        <vehicle id="9" x="398.35" y="437.64" angle="0.00" type="DEFAULT_VEHTYPE" speed="13.05" pos="157.61" lane="2/3to2/2_0" slope="0.00"/>
    </timestep>
    <timestep time="608.00">
        <vehicle id="12" x="328.32" y="598.35" angle="90.00" type="DEFAULT_VEHTYPE" speed="13.23" pos="123.57" lane="1/3to2/3_0" slope="0.00"/>
        <vehicle id="17" x="401.65" y="655.26" angle="180.00" type="DEFAULT_VEHTYPE" speed="13.08" pos="50.51" lane="2/3to2/4_0" slope="0.00"/>
        <vehicle id="2" x="401.65" y="733.52" angle="180.00" type="DEFAULT_VEHTYPE" speed="13.89" pos="128.77" lane="2/3to2/4_0" slope="0.00"/>
        <vehicle id="20" x="162.81" y="201.65" angle="-90.00" type="DEFAULT_VEHTYPE" speed="13.87" pos="32.44" lane="1/1to0/1_0" slope="0.00"/>
        <vehicle id="23" x="201.65" y="209.63" angle="-179.81" type="DEFAULT_VEHTYPE" speed="8.49" pos="4.88" lane="1/1to1/2_0" slope="0.00"/>
        <vehicle id="7" x="601.65" y="247.88" angle="180.00" type="DEFAULT_VEHTYPE" speed="13.14" pos="43.13" lane="3/1to3/2_0" slope="0.00"/>
        <vehicle id="9" x="398.35" y="424.99" angle="0.00" type="DEFAULT_VEHTYPE" speed="12.65" pos="170.26" lane="2/3to2/2_0" slope="0.00"/>
    </timestep>
    <timestep time="609.00">
        <vehicle id="12" x="341.29" y="598.35" angle="90.00" type="DEFAULT_VEHTYPE" speed="12.97" pos="136.54" lane="1/3to2/3_0" slope="0.00"/>
        <vehicle id="17" x="401.65" y="668.78" angle="180.00" type="DEFAULT_VEHTYPE" speed="13.52" pos="64.03" lane="2/3to2/4_0" slope="0.00"/>
        <vehicle id="2" x="401.65" y="747.35" angle="180.00" type="DEFAULT_VEHTYPE" speed="13.83" pos="142.60" lane="2/3to2/4_0" slope="0.00"/>
        <vehicle id="20" x="150.16" y="201.65" angle="-90.00" type="DEFAULT_VEHTYPE" speed="12.66" pos="45.09" lane="1/1to0/1_0" slope="0.00"/>
        <vehicle id="23" x="201.65" y="219.87" angle="180.00" type="DEFAULT_VEHTYPE" speed="10.23" pos="15.12" lane="1/1to1/2_0" slope="0.00"/>
        <vehicle id="7" x="601.65" y="261.56" angle="180.00" type="DEFAULT_VEHTYPE" speed="13.68" pos="56.81" lane="3/1to3/2_0" slope="0.00"/>
        <vehicle id="9" x="398.35" y="411.47" angle="0.00" type="DEFAULT_VEHTYPE" speed="13.52" pos="183.78" lane="2/3to2/2_0" slope="0.00"/>
    </timestep>
    <timestep time="610.00">
        <vehicle id="12" x="354.72" y="598.35" angle="90.00" type="DEFAULT_VEHTYPE" speed="13.43" pos="149.97" lane="1/3to2/3_0" slope="0.00"/>
        <vehicle id="17" x="401.65" y="681.59" angle="180.00" type="DEFAULT_VEHTYPE" speed="12.81" pos="76.84" lane="2/3to2/4_0" slope="0.00"/>
        <vehicle id="2" x="401.65" y="760.59" angle="180.00" type="DEFAULT_VEHTYPE" speed="13.24" pos="155.84" lane="2/3to2/4_0" slope="0.00"/>
        <vehicle id="20" x="136.39" y="201.65" angle="-90.00" type="DEFAULT_VEHTYPE" speed="13.77" pos="58.86" lane="1/1to0/1_0" slope="0.00"/>
        <vehicle id="23" x="201.65" y="232.64" angle="180.00" type="DEFAULT_VEHTYPE" speed="12.78" pos="27.89" lane="1/1to1/2_0" slope="0.00"/>
        <vehicle id="7" x="601.65" y="274.79" angle="180.00" type="DEFAULT_VEHTYPE" speed="13.23" pos="70.04" lane="3/1to3/2_0" slope="0.00"/>
        <vehicle id="9" x="393.61" y="401.65" angle="-71.06" type="DEFAULT_VEHTYPE" speed="13.36" pos="1.64" lane="2/2to1/2_0" slope="0.00"/>
    </timestep>
    <timestep time="611.00">
        <vehicle id="12" x="367.38" y="598.35" angle="90.00" type="DEFAULT_VEHTYPE" speed="12.65" pos="162.63" lane="1/3to2/3_0" slope="0.00"/>
        <vehicle id="17" x="401.65" y="694.65" angle="180.00" type="DEFAULT_VEHTYPE" speed="13.06" pos="89.90" lane="2/3to2/4_0" slope="0.00"/>
        <vehicle id="2" x="401.65" y="773.83" angle="180.00" type="DEFAULT_VEHTYPE" speed="13.25" pos="169.08" lane="2/3to2/4_0" slope="0.00"/>
        <vehicle id="20" x="123.09" y="201.65" angle="-90.00" type="DEFAULT_VEHTYPE" speed="13.30" pos="72.16" lane="1/1to0/1_0" slope="0.00"/>
        <vehicle id="23" x="201.65" y="246.14" angle="180.00" type="DEFAULT_VEHTYPE" speed="13.49" pos="41.39" lane="1/1to1/2_0" slope="0.00"/>
        <vehicle id="7" x="601.65" y="287.74" angle="180.00" type="DEFAULT_VEHTYPE" speed="12.95" pos="82.99" lane="3/1to3/2_0" slope="0.00"/>
        <vehicle id="9" x="380.00" y="401.65" angle="-90.00" type="DEFAULT_VEHTYPE" speed="13.61" pos="15.25" lane="2/2to1/2_0" slope="0.00"/>
    </timestep>
    <timestep time="612.00">
        <vehicle id="12" x="377.35" y="598.35" angle="90.00" type="DEFAULT_VEHTYPE" speed="9.97" pos="172.60" lane="1/3to2/3_0" slope="0.00"/>
        <vehicle id="17" x="401.65" y="707.40" angle="180.00" type="DEFAULT_VEHTYPE" speed="12.75" pos="102.65" lane="2/3to2/4_0" slope="0.00"/>
        <vehicle id="2" x="401.65" y="787.53" angle="180.00" type="DEFAULT_VEHTYPE" speed="13.69" pos="182.78" lane="2/3to2/4_0" slope="0.00"/>
        <vehicle id="20" x="110.25" y="201.65" angle="-90.00" type="DEFAULT_VEHTYPE" speed="12.84" pos="85.00" lane="1/1to0/1_0" slope="0.00"/>
        <vehicle id="23" x="201.65" y="259.50" angle="180.00" type="DEFAULT_VEHTYPE" speed="13.37" pos="54.75" lane="1/1to1/2_0" slope="0.00"/>
        <vehicle id="7" x="601.65" y="300.50" angle="180.00" type="DEFAULT_VEHTYPE" speed="12.76" pos="95.75" lane="3/1to3/2_0" slope="0.00"/>
        <vehicle id="9" x="366.65" y="401.65" angle="-90.00" type="DEFAULT_VEHTYPE" speed="13.35" pos="28.60" lane="2/2to1/2_0" slope="0.00"/>
    </timestep>
    <timestep time="613.00">
        <vehicle id="12" x="385.30" y="598.35" angle="90.00" type="DEFAULT_VEHTYPE" speed="7.96" pos="180.55" lane="1/3to2/3_0" slope="0.00"/>
        <vehicle id="17" x="401.65" y="720.24" angle="180.00" type="DEFAULT_VEHTYPE" speed="12.84" pos="115.49" lane="2/3to2/4_0" slope="0.00"/>
        <vehicle id="2" x="401.36" y="800.44" angle="-176.65" type="DEFAULT_VEHTYPE" speed="12.99" pos="0.52" lane=":2/4_0_0" slope="0.00"/>
        <vehicle id="20" x="97.38" y="201.65" angle="-90.00" type="DEFAULT_VEHTYPE" speed="12.87" pos="97.87" lane="1/1to0/1_0" slope="0.00"/>
        <vehicle id="23" x="201.65" y="272.97" angle="180.00" type="DEFAULT_VEHTYPE" speed="13.47" pos="68.22" lane="1/1to1/2_0" slope="0.00"/>
        <vehicle id="7" x="601.65" y="313.99" angle="180.00" type="DEFAULT_VEHTYPE" speed="13.49" pos="109.24" lane="3/1to3/2_0" slope="0.00"/>
        <vehicle id="9" x="353.87" y="401.65" angle="-90.00" type="DEFAULT_VEHTYPE" speed="12.77" pos="41.38" lane="2/2to1/2_0" slope="0.00"/>
    </timestep>
    <timestep time="614.00">
        <vehicle id="12" x="389.67" y="598.35" angle="90.00" type="DEFAULT_VEHTYPE" speed="4.37" pos="184.92" lane="1/3to2/3_0" slope="0.00"/>
        <vehicle id="17" x="401.65" y="733.39" angle="180.00" type="DEFAULT_VEHTYPE" speed="13.15" pos="128.64" lane="2/3to2/4_0" slope="0.00"/>
        <vehicle id="2" x="398.35" y="791.42" angle="0.00" type="DEFAULT_VEHTYPE" speed="12.87" pos="8.58" lane="2/4to2/3_0" slope="0.00"/>
        <vehicle id="20" x="83.56" y="201.65" angle="-90.00" type="DEFAULT_VEHTYPE" speed="13.82" pos="111.69" lane="1/1to0/1_0" slope="0.00"/>
        <vehicle id="23" x="201.65" y="285.67" angle="180.00" type="DEFAULT_VEHTYPE" speed="12.70" pos="80.92" lane="1/1to1/2_0" slope="0.00"/>
        <vehicle id="7" x="601.65" y="326.66" angle="180.00" type="DEFAULT_VEHTYPE" speed="12.66" pos="121.91" lane="3/1to3/2_0" slope="0.00"/>
        <vehicle id="9" x="340.28" y="401.65" angle="-90.00" type="DEFAULT_VEHTYPE" speed="13.60" pos="54.97" lane="2/2to1/2_0" slope="0.00"/>
    </timestep>
    <timestep time="615.00">
        <vehicle id="12" x="395.61" y="598.40" angle="90.59" type="DEFAULT_VEHTYPE" speed="5.95" pos="0.37" lane=":2/3_14_0" slope="0.00"/>
        <vehicle id="17" x="401.65" y="746.87" angle="180.00" type="DEFAULT_VEHTYPE" speed="13.48" pos="142.12" lane="2/3to2/4_0" slope="0.00"/>
        <vehicle id="2" x="398.35" y="777.67" angle="0.00" type="DEFAULT_VEHTYPE" speed="13.75" pos="22.33" lane="2/4to2/3_0" slope="0.00"/>
        <vehicle id="20" x="70.55" y="201.65" angle="-90.00" type="DEFAULT_VEHTYPE" speed="13.02" pos="124.70" lane="1/1to0/1_0" slope="0.00"/>
        <vehicle id="23" x="201.65" y="298.71" angle="180.00" type="DEFAULT_VEHTYPE" speed="13.04" pos="93.96" lane="1/1to1/2_0" slope="0.00"/>
        <vehicle id="7" x="601.65" y="339.36" angle="180.00" type="DEFAULT_VEHTYPE" speed="12.71" pos="134.61" lane="3/1to3/2_0" slope="0.00"/>
        <vehicle id="9" x="327.28" y="401.65" angle="-90.00" type="DEFAULT_VEHTYPE" speed="13.00" pos="67.97" lane="2/2to1/2_0" slope="0.00"/>
    </timestep>
    <timestep time="616.00">
        <vehicle id="12" x="401.28" y="602.18" angle="135.93" type="DEFAULT_VEHTYPE" speed="7.36" pos="7.73" lane=":2/3_14_0" slope="0.00"/>
        <vehicle id="17" x="401.65" y="760.51" angle="180.00" type="DEFAULT_VEHTYPE" speed="13.64" pos="155.76" lane="2/3to2/4_0" slope="0.00"/>
        <vehicle id="2" x="398.35" y="764.83" angle="0.00" type="DEFAULT_VEHTYPE" speed="12.84" pos="35.17" lane="2/4to2/3_0" slope="0.00"/>
        <vehicle id="20" x="57.56" y="201.65" angle="-90.00" type="DEFAULT_VEHTYPE" speed="12.99" pos="137.69" lane="1/1to0/1_0" slope="0.00"/>
        <vehicle id="23" x="201.65" y="312.39" angle="180.00" type="DEFAULT_VEHTYPE" speed="13.68" pos="107.64" lane="1/1to1/2_0" slope="0.00"/>
        <vehicle id="7" x="601.65" y="352.04" angle="180.00" type="DEFAULT_VEHTYPE" speed="12.68" pos="147.29" lane="3/1to3/2_0" slope="0.00"/>
        <vehicle id="9" x="314.27" y="401.65" angle="-90.00" type="DEFAULT_VEHTYPE" speed="13.01" pos="80.98" lane="2/2to1/2_0" slope="0.00"/>
    </timestep>
    <timestep time="617.00">
        <vehicle id="12" x="401.65" y="612.00" angle="180.00" type="DEFAULT_VEHTYPE" speed="9.84" pos="7.25" lane="2/3to2/4_0" slope="0.00"/>
        <vehicle id="17" x="401.65" y="774.19" angle="180.00" type="DEFAULT_VEHTYPE" speed="13.68" pos="169.44" lane="2/3to2/4_0" slope="0.00"/>
        <vehicle id="2" x="398.35" y="751.20" angle="0.00" type="DEFAULT_VEHTYPE" speed="13.64" pos="48.80" lane="2/4to2/3_0" slope="0.00"/>
        <vehicle id="20" x="44.01" y="201.65" angle="-90.00" type="DEFAULT_VEHTYPE" speed="13.55" pos="151.24" lane="1/1to0/1_0" slope="0.00"/>
        <vehicle id="23" x="201.65" y="325.22" angle="180.00" type="DEFAULT_VEHTYPE" speed="12.83" pos="120.47" lane="1/1to1/2_0" slope="0.00"/>
        <vehicle id="7" x="601.65" y="364.97" angle="180.00" type="DEFAULT_VEHTYPE" speed="12.93" pos="160.22" lane="3/1to3/2_0" slope="0.00"/>
        <vehicle id="9" x="300.84" y="401.65" angle="-90.00" type="DEFAULT_VEHTYPE" speed="13.42" pos="94.41" lane="2/2to1/2_0" slope="0.00"/>
    </timestep>
    <timestep time="618.00">
        <vehicle id="12" x="401.65" y="623.97" angle="180.00" type="DEFAULT_VEHTYPE" speed="11.97" pos="19.22" lane="2/3to2/4_0" slope="0.00"/>
        <vehicle id="17" x="401.65" y="787.75" angle="180.00" type="DEFAULT_VEHTYPE" speed="13.57" pos="183.00" lane="2/3to2/4_0" slope="0.00"/>
        <vehicle id="2" x="398.35" y="737.44" angle="0.00" type="DEFAULT_VEHTYPE" speed="13.76" pos="62.56" lane="2/4to2/3_0" slope="0.00"/>
        <vehicle id="20" x="31.40" y="201.65" angle="-90.00" type="DEFAULT_VEHTYPE" speed="12.62" pos="163.85" lane="1/1to0/1_0" slope="0.00"/>
        <vehicle id="23" x="201.65" y="338.86" angle="180.00" type="DEFAULT_VEHTYPE" speed="13.63" pos="134.11" lane="1/1to1/2_0" slope="0.00"/>
        <vehicle id="7" x="601.65" y="378.34" angle="180.00" type="DEFAULT_VEHTYPE" speed="13.38" pos="173.59" lane="3/1to3/2_0" slope="0.00"/>
        <vehicle id="9" x="287.04" y="401.65" angle="-90.00" type="DEFAULT_VEHTYPE" speed="13.81" pos="108.21" lane="2/2to1/2_0" slope="0.00"/>
    </timestep>
    <timestep time="619.00">
        <vehicle id="12" x="401.65" y="637.37" angle="180.00" type="DEFAULT_VEHTYPE" speed="13.40" pos="32.62" lane="2/3to2/4_0" slope="0.00"/>
        <vehicle id="17" x="401.34" y="800.47" angle="-176.36" type="DEFAULT_VEHTYPE" speed="12.81" pos="0.57" lane=":2/4_0_0" slope="0.00"/>
        <vehicle id="2" x="398.35" y="723.82" angle="0.00" type="DEFAULT_VEHTYPE" speed="13.62" pos="76.18" lane="2/4to2/3_0" slope="0.00"/>
        <vehicle id="20" x="18.67" y="201.65" angle="-90.00" type="DEFAULT_VEHTYPE" speed="12.73" pos="176.58" lane="1/1to0/1_0" slope="0.00"/>
        <vehicle id="23" x="201.65" y="352.19" angle="180.00" type="DEFAULT_VEHTYPE" speed="13.33" pos="147.44" lane="1/1to1/2_0" slope="0.00"/>
        <vehicle id="7" x="601.65" y="391.31" angle="180.00" type="DEFAULT_VEHTYPE" speed="12.97" pos="186.56" lane="3/1to3/2_0" slope="0.00"/>
        <vehicle id="9" x="273.59" y="401.65" angle="-90.00" type="DEFAULT_VEHTYPE" speed="13.45" pos="121.66" lane="2/2to1/2_0" slope="0.00"/>
    </timestep>
    <timestep time="620.00">
        <vehicle id="12" x="401.65" y="651.23" angle="180.00" type="DEFAULT_VEHTYPE" speed="13.85" pos="46.48" lane="2/3to2/4_0" slope="0.00"/>
        <vehicle id="17" x="398.35" y="791.48" angle="0.00" type="DEFAULT_VEHTYPE" speed="12.77" pos="8.52" lane="2/4to2/3_0" slope="0.00"/>
        <vehicle id="2" x="398.35" y="710.40" angle="0.00" type="DEFAULT_VEHTYPE" speed="13.42" pos="89.60" lane="2/4to2/3_0" slope="0.00"/>
        <vehicle id="20" x="5.69" y="201.65" angle="-90.00" type="DEFAULT_VEHTYPE" speed="12.97" pos="189.56" lane="1/1to0/1_0" slope="0.00"/>
        <vehicle id="23" x="201.65" y="365.75" angle="180.00" type="DEFAULT_VEHTYPE" speed="13.56" pos="161.00" lane="1/1to1/2_0" slope="0.00"/>
        <vehicle id="7" x="601.65" y="404.63" angle="180.00" type="DEFAULT_VEHTYPE" speed="13.32" pos="9.38" lane=":3/2_9_0" slope="0.00"/>
        <vehicle id="9" x="260.02" y="401.65" angle="-90.00" type="DEFAULT_VEHTYPE" speed="13.57" pos="135.23" lane="2/2to1/2_0" slope="0.00"/>
    </timestep>
    <timestep time="621.00">
        <vehicle id="12" x="401.65" y="665.07" angle="180.00" type="DEFAULT_VEHTYPE" speed="13.84" pos="60.32" lane="2/3to2/4_0" slope="0.00"/>
        <vehicle id="17" x="398.35" y="777.67" angle="0.00" type="DEFAULT_VEHTYPE" speed="13.81" pos="22.33" lane="2/4to2/3_0" slope="0.00"/>
        <vehicle id="2" x="398.35" y="697.75" angle="0.00" type="DEFAULT_VEHTYPE" speed="12.65" pos="102.25" lane="2/4to2/3_0" slope="0.00"/>
        <vehicle id="20" x="2.55" y="198.35" angle="67.97" type="DEFAULT_VEHTYPE" speed="13.06" pos="2.55" lane="0/1to1/1_0" slope="0.00"/>
        <vehicle id="23" x="201.65" y="379.11" angle="180.00" type="DEFAULT_VEHTYPE" speed="13.36" pos="174.36" lane="1/1to1/2_0" slope="0.00"/>
        <vehicle id="7" x="601.65" y="417.23" angle="180.00" type="DEFAULT_VEHTYPE" speed="12.60" pos="12.48" lane="3/2to3/3_0" slope="0.00"/>
        <vehicle id="9" x="247.11" y="401.65" angle="-90.00" type="DEFAULT_VEHTYPE" speed="12.91" pos="148.14" lane="2/2to1/2_0" slope="0.00"/>
    </timestep>
    <timestep time="622.00">
        <vehicle id="12" x="401.65" y="678.63" angle="180.00" type="DEFAULT_VEHTYPE" speed="13.56" pos="73.88" lane="2/3to2/4_0" slope="0.00"/>
        <vehicle id="17" x="398.35" y="764.30" angle="0.00" type="DEFAULT_VEHTYPE" speed="13.37" pos="35.70" lane="2/4to2/3_0" slope="0.00"/>
        <vehicle id="2" x="398.35" y="685.01" angle="0.00" type="DEFAULT_VEHTYPE" speed="12.73" pos="114.99" lane="2/4to2/3_0" slope="0.00"/>
        <vehicle id="20" x="15.19" y="198.35" angle="90.00" type="DEFAULT_VEHTYPE" speed="12.64" pos="15.19" lane="0/1to1/1_0" slope="0.00"/>
        <vehicle id="23" x="201.65" y="391.91" angle="180.00" type="DEFAULT_VEHTYPE" speed="12.80" pos="187.16" lane="1/1to1/2_0" slope="0.00"/>
        <vehicle id="7" x="601.65" y="430.39" angle="180.00" type="DEFAULT_VEHTYPE" speed="13.16" pos="25.64" lane="3/2to3/3_0" slope="0.00"/>
        <vehicle id="9" x="233.51" y="401.65" angle="-90.00" type="DEFAULT_VEHTYPE" speed="13.60" pos="161.74" lane="2/2to1/2_0" slope="0.00"/>
    </timestep>
    <timestep time="623.00">
        <vehicle id="12" x="401.65" y="692.15" angle="180.00" type="DEFAULT_VEHTYPE" speed="13.52" pos="87.40" lane="2/3to2/4_0" slope="0.00"/>
        <vehicle id="17" x="398.35" y="750.87" angle="0.00" type="DEFAULT_VEHTYPE" speed="13.43" pos="49.13" lane="2/4to2/3_0" slope="0.00"/>
        <vehicle id="2" x="398.35" y="671.34" angle="0.00" type="DEFAULT_VEHTYPE" speed="13.67" pos="128.66" lane="2/4to2/3_0" slope="0.00"/>
        <vehicle id="20" x="28.01" y="198.35" angle="90.00" type="DEFAULT_VEHTYPE" speed="12.82" pos="28.01" lane="0/1to1/1_0" slope="0.00"/>
        <vehicle id="23" x="201.65" y="405.75" angle="180.00" type="DEFAULT_VEHTYPE" speed="13.85" pos="1.00" lane="1/2to1/3_0" slope="0.00"/>
        <vehicle id="7" x="601.65" y="443.75" angle="180.00" type="DEFAULT_VEHTYPE" speed="13.36" pos="39.00" lane="3/2to3/3_0" slope="0.00"/>
        <vehicle id="9" x="223.04" y="401.65" angle="-90.00" type="DEFAULT_VEHTYPE" speed="10.47" pos="172.21" lane="2/2to1/2_0" slope="0.00"/>
    </timestep>
    <timestep time="624.00">
        <vehicle id="12" x="401.65" y="705.65" angle="180.00" type="DEFAULT_VEHTYPE" speed="13.50" pos="100.90" lane="2/3to2/4_0" slope="0.00"/>
        <vehicle id="17" x="398.35" y="737.34" angle="0.00" type="DEFAULT_VEHTYPE" speed="13.53" pos="62.66" lane="2/4to2/3_0" slope="0.00"/>
        <vehicle id="2" x="398.35" y="658.01" angle="0.00" type="DEFAULT_VEHTYPE" speed="13.33" pos="141.99" lane="2/4to2/3_0" slope="0.00"/>
        <vehicle id="20" x="41.16" y="198.35" angle="90.00" type="DEFAULT_VEHTYPE" speed="13.14" pos="41.16" lane="0/1to1/1_0" slope="0.00"/>
        <vehicle id="23" x="201.65" y="419.36" angle="180.00" type="DEFAULT_VEHTYPE" speed="13.61" pos="14.61" lane="1/2to1/3_0" slope="0.00"/>
        <vehicle id="7" x="601.65" y="456.99" angle="180.00" type="DEFAULT_VEHTYPE" speed="13.24" pos="52.24" lane="3/2to3/3_0" slope="0.00"/>
        <vehicle id="9" x="215.90" y="401.65" angle="-90.00" type="DEFAULT_VEHTYPE" speed="7.15" pos="179.35" lane="2/2to1/2_0" slope="0.00"/>
    </timestep>
    <timestep time="625.00">
        <vehicle id="12" x="401.65" y="719.43" angle="180.00" type="DEFAULT_VEHTYPE" speed="13.78" pos="114.68" lane="2/3to2/4_0" slope="0.00"/>
        <vehicle id="17" x="398.35" y="724.56" angle="0.00" type="DEFAULT_VEHTYPE" speed="12.77" pos="75.44" lane="2/4to2/3_0" slope="0.00"/>
        <vehicle id="2" x="398.35" y="644.56" angle="0.00" type="DEFAULT_VEHTYPE" speed="13.45" pos="155.44" lane="2/4to2/3_0" slope="0.00"/>
        <vehicle id="20" x="54.28" y="198.35" angle="90.00" type="DEFAULT_VEHTYPE" speed="13.13" pos="54.28" lane="0/1to1/1_0" slope="0.00"/>
        <vehicle id="23" x="201.65" y="431.97" angle="180.00" type="DEFAULT_VEHTYPE" speed="12.60" pos="27.22" lane="1/2to1/3_0" slope="0.00"/>
        <vehicle id="7" x="601.65" y="470.09" angle="180.00" type="DEFAULT_VEHTYPE" speed="13.10" pos="65.34" lane="3/2to3/3_0" slope="0.00"/>
        <vehicle id="9" x="211.61" y="401.65" angle="-90.00" type="DEFAULT_VEHTYPE" speed="4.28" pos="183.64" lane="2/2to1/2_0" slope="0.00"/>
    </timestep>
    <timestep time="626.00">
        <vehicle id="12" x="401.65" y="732.07" angle="180.00" type="DEFAULT_VEHTYPE" speed="12.64" pos="127.32" lane="2/3to2/4_0" slope="0.00"/>
        <vehicle id="17" x="398.35" y="711.60" angle="0.00" type="DEFAULT_VEHTYPE" speed="12.96" pos="88.40" lane="2/4to2/3_0" slope="0.00"/>
        <vehicle id="2" x="398.35" y="631.84" angle="0.00" type="DEFAULT_VEHTYPE" speed="12.72" pos="168.16" lane="2/4to2/3_0" slope="0.00"/>
        <vehicle id="20" x="67.76" y="198.35" angle="90.00" type="DEFAULT_VEHTYPE" speed="13.47" pos="67.76" lane="0/1to1/1_0" slope="0.00"/>
        <vehicle id="23" x="201.65" y="445.43" angle="180.00" type="DEFAULT_VEHTYPE" speed="13.46" pos="40.68" lane="1/2to1/3_0" slope="0.00"/>
        <vehicle id="7" x="601.65" y="483.74" angle="180.00" type="DEFAULT_VEHTYPE" speed="13.65" pos="78.99" lane="3/2to3/3_0" slope="0.00"/>
        <vehicle id="9" x="205.20" y="401.65" angle="-90.00" type="DEFAULT_VEHTYPE" speed="6.41" pos="190.05" lane="2/2to1/2_0" slope="0.00"/>
    </timestep>
    <timestep time="627.00">
        <vehicle id="12" x="401.65" y="745.31" angle="180.00" type="DEFAULT_VEHTYPE" speed="13.24" pos="140.56" lane="2/3to2/4_0" slope="0.00"/>
        <vehicle id="17" x="398.35" y="698.85" angle="0.00" type="DEFAULT_VEHTYPE" speed="12.76" pos="101.15" lane="2/4to2/3_0" slope="0.00"/>
        <vehicle id="2" x="398.35" y="618.04" angle="0.00" type="DEFAULT_VEHTYPE" speed="13.80" pos="181.96" lane="2/4to2/3_0" slope="0.00"/>
        <vehicle id="20" x="80.89" y="198.35" angle="90.00" type="DEFAULT_VEHTYPE" speed="13.13" pos="80.89" lane="0/1to1/1_0" slope="0.00"/>
        <vehicle id="23" x="201.65" y="458.42" angle="180.00" type="DEFAULT_VEHTYPE" speed="13.00" pos="53.67" lane="1/2to1/3_0" slope="0.00"/>
        <vehicle id="7" x="601.65" y="497.03" angle="180.00" type="DEFAULT_VEHTYPE" speed="13.30" pos="92.28" lane="3/2to3/3_0" slope="0.00"/>
        <vehicle id="9" x="196.33" y="401.65" angle="-90.00" type="DEFAULT_VEHTYPE" speed="8.87" pos="8.42" lane=":1/2_5_0" slope="0.00"/>
    </timestep>
    <timestep time="628.00">
        <vehicle id="12" x="401.65" y="758.08" angle="180.00" type="DEFAULT_VEHTYPE" speed="12.77" pos="153.33" lane="2/3to2/4_0" slope="0.00"/>
        <vehicle id="17" x="398.35" y="685.79" angle="0.00" type="DEFAULT_VEHTYPE" speed="13.06" pos="114.21" lane="2/4to2/3_0" slope="0.00"/>
        <vehicle id="2" x="398.35" y="604.43" angle="0.00" type="DEFAULT_VEHTYPE" speed="13.61" pos="0.32" lane=":2/3_1_0" slope="0.00"/>
        <vehicle id="20" x="93.81" y="198.35" angle="90.00" type="DEFAULT_VEHTYPE" speed="12.93" pos="93.81" lane="0/1to1/1_0" slope="0.00"/>
        <vehicle id="23" x="201.65" y="472.12" angle="180.00" type="DEFAULT_VEHTYPE" speed="13.69" pos="67.37" lane="1/2to1/3_0" slope="0.00"/>
        <vehicle id="7" x="601.65" y="509.80" angle="180.00" type="DEFAULT_VEHTYPE" speed="12.77" pos="105.05" lane="3/2to3/3_0" slope="0.00"/>
        <vehicle id="9" x="185.58" y="401.65" angle="-90.00" type="DEFAULT_VEHTYPE" speed="10.75" pos="9.67" lane="1/2to0/2_0" slope="0.00"/>
    </timestep>
    <timestep time="629.00">
        <vehicle id="12" x="401.65" y="771.66" angle="180.00" type="DEFAULT_VEHTYPE" speed="13.58" pos="166.91" lane="2/3to2/4_0" slope="0.00"/>
        <vehicle id="17" x="398.35" y="672.33" angle="0.00" type="DEFAULT_VEHTYPE" speed="13.45" pos="127.67" lane="2/4to2/3_0" slope="0.00"/>
        <vehicle id="2" x="398.35" y="591.71" angle="0.00" type="DEFAULT_VEHTYPE" speed="12.72" pos="3.54" lane="2/3to2/2_0" slope="0.00"/>
        <vehicle id="20" x="107.39" y="198.35" angle="90.00" type="DEFAULT_VEHTYPE" speed="13.58" pos="107.39" lane="0/1to1/1_0" slope="0.00"/>
        <vehicle id="23" x="201.65" y="485.44" angle="180.00" type="DEFAULT_VEHTYPE" speed="13.32" pos="80.69" lane="1/2to1/3_0" slope="0.00"/>
        <vehicle id="7" x="601.65" y="522.48" angle="180.00" type="DEFAULT_VEHTYPE" speed="12.67" pos="117.73" lane="3/2to3/3_0" slope="0.00"/>
        <vehicle id="9" x="172.59" y="401.65" angle="-90.00" type="DEFAULT_VEHTYPE" speed="12.99" pos="22.66" lane="1/2to0/2_0" slope="0.00"/>
    </timestep>
    <timestep time="630.00">
        <vehicle id="12" x="401.65" y="784.75" angle="180.00" type="DEFAULT_VEHTYPE" speed="13.09" pos="180.00" lane="2/3to2/4_0" slope="0.00"/>
        <vehicle id="17" x="398.35" y="659.03" angle="0.00" type="DEFAULT_VEHTYPE" speed="13.31" pos="140.97" lane="2/4to2/3_0" slope="0.00"/>
        <vehicle id="2" x="398.35" y="578.85" angle="0.00" type="DEFAULT_VEHTYPE" speed="12.86" pos="16.40" lane="2/3to2/2_0" slope="0.00"/>
        <vehicle id="20" x="120.00" y="198.35" angle="90.00" type="DEFAULT_VEHTYPE" speed="12.61" pos="120.00" lane="0/1to1/1_0" slope="0.00"/>
        <vehicle id="23" x="201.65" y="498.39" angle="180.00" type="DEFAULT_VEHTYPE" speed="12.96" pos="93.64" lane="1/2to1/3_0" slope="0.00"/>
        <vehicle id="7" x="601.65" y="536.36" angle="180.00" type="DEFAULT_VEHTYPE" speed="13.89" pos="131.61" lane="3/2to3/3_0" slope="0.00"/>
        <vehicle id="9" x="159.08" y="401.65" angle="-90.00" type="DEFAULT_VEHTYPE" speed="13.50" pos="36.17" lane="1/2to0/2_0" slope="0.00"/>
    </timestep>
    <timestep time="631.00">
        <vehicle id="12" x="401.65" y="798.17" angle="180.00" type="DEFAULT_VEHTYPE" speed="13.41" pos="193.42" lane="2/3to2/4_0" slope="0.00"/>
        <vehicle id="17" x="398.35" y="646.39" angle="0.00" type="DEFAULT_VEHTYPE" speed="12.64" pos="153.61" lane="2/4to2/3_0" slope="0.00"/>
        <vehicle id="2" x="398.35" y="565.49" angle="0.00" type="DEFAULT_VEHTYPE" speed="13.36" pos="29.76" lane="2/3to2/2_0" slope="0.00"/>
        <vehicle id="20" x="133.81" y="198.35" angle="90.00" type="DEFAULT_VEHTYPE" speed="13.81" pos="133.81" lane="0/1to1/1_0" slope="0.00"/>
        <vehicle id="23" x="201.65" y="511.56" angle="180.00" type="DEFAULT_VEHTYPE" speed="13.17" pos="106.81" lane="1/2to1/3_0" slope="0.00"/>
        <vehicle id="7" x="601.65" y="549.90" angle="180.00" type="DEFAULT_VEHTYPE" speed="13.54" pos="145.15" lane="3/2to3/3_0" slope="0.00"/>
        <vehicle id="9" x="146.05" y="401.65" angle="-90.00" type="DEFAULT_VEHTYPE" speed="13.03" pos="49.20" lane="1/2to0/2_0" slope="0.00"/>
    </timestep>
    <timestep time="632.00">
        <vehicle id="12" x="398.35" y="793.77" angle="0.00" type="DEFAULT_VEHTYPE" speed="12.88" pos="6.23" lane="2/4to2/3_0" slope="0.00"/>
        <vehicle id="17" x="398.35" y="632.97" angle="0.00" type="DEFAULT_VEHTYPE" speed="13.42" pos="167.03" lane="2/4to2/3_0" slope="0.00"/>
        <vehicle id="2" x="398.35" y="552.51" angle="0.00" type="DEFAULT_VEHTYPE" speed="12.99" pos="42.74" lane="2/3to2/2_0" slope="0.00"/>
        <vehicle id="20" x="147.56" y="198.35" angle="90.00" type="DEFAULT_VEHTYPE" speed="13.76" pos="147.56" lane="0/1to1/1_0" slope="0.00"/>
        <vehicle id="23" x="201.65" y="525.05" angle="180.00" type="DEFAULT_VEHTYPE" speed="13.49" pos="120.30" lane="1/2to1/3_0" slope="0.00"/>
        <vehicle id="7" x="601.65" y="563.37" angle="180.00" type="DEFAULT_VEHTYPE" speed="13.48" pos="158.62" lane="3/2to3/3_0" slope="0.00"/>
        <vehicle id="9" x="133.21" y="401.65" angle="-90.00" type="DEFAULT_VEHTYPE" speed="12.85" pos="62.04" lane="1/2to0/2_0" slope="0.00"/>
    </timestep>
    <timestep time="633.00">
        <vehicle id="12" x="398.35" y="780.02" angle="0.00" type="DEFAULT_VEHTYPE" speed="13.75" pos="19.98" lane="2/4to2/3_0" slope="0.00"/>
        <vehicle id="17" x="398.35" y="619.41" angle="0.00" type="DEFAULT_VEHTYPE" speed="13.56" pos="180.59" lane="2/4to2/3_0" slope="0.00"/>
        <vehicle id="2" x="398.35" y="539.26" angle="0.00" type="DEFAULT_VEHTYPE" speed="13.24" pos="55.99" lane="2/3to2/2_0" slope="0.00"/>
        <vehicle id="20" x="161.19" y="198.35" angle="90.00" type="DEFAULT_VEHTYPE" speed="13.62" pos="161.19" lane="0/1to1/1_0" slope="0.00"/>
        <vehicle id="23" x="201.65" y="537.81" angle="180.00" type="DEFAULT_VEHTYPE" speed="12.76" pos="133.06" lane="1/2to1/3_0" slope="0.00"/>
        <vehicle id="7" x="601.65" y="576.28" angle="180.00" type="DEFAULT_VEHTYPE" speed="12.91" pos="171.53" lane="3/2to3/3_0" slope="0.00"/>
        <vehicle id="9" x="120.09" y="401.65" angle="-90.00" type="DEFAULT_VEHTYPE" speed="13.12" pos="75.16" lane="1/2to0/2_0" slope="0.00"/>
    </timestep>
    <timestep time="634.00">
        <vehicle id="12" x="398.35" y="767.33" angle="0.00" type="DEFAULT_VEHTYPE" speed="12.69" pos="32.67" lane="2/4to2/3_0" slope="0.00"/>
        <vehicle id="17" x="398.35" y="605.92" angle="0.00" type="DEFAULT_VEHTYPE" speed="13.49" pos="194.08" lane="2/4to2/3_0" slope="0.00"/>
        <vehicle id="2" x="398.35" y="525.68" angle="0.00" type="DEFAULT_VEHTYPE" speed="13.58" pos="69.57" lane="2/3to2/2_0" slope="0.00"/>
        <vehicle id="20" x="173.95" y="198.35" angle="90.00" type="DEFAULT_VEHTYPE" speed="12.76" pos="173.95" lane="0/1to1/1_0" slope="0.00"/>
        <vehicle id="23" x="201.65" y="551.42" angle="180.00" type="DEFAULT_VEHTYPE" speed="13.61" pos="146.67" lane="1/2to1/3_0" slope="0.00"/>
        <vehicle id="7" x="601.65" y="589.68" angle="180.00" type="DEFAULT_VEHTYPE" speed="13.39" pos="184.93" lane="3/2to3/3_0" slope="0.00"/>
        <vehicle id="9" x="106.45" y="401.65" angle="-90.00" type="DEFAULT_VEHTYPE" speed="13.64" pos="88.80" lane="1/2to0/2_0" slope="0.00"/>
    </timestep>
    <timestep time="635.00">
        <vehicle id="12" x="398.35" y="753.80" angle="0.00" type="DEFAULT_VEHTYPE" speed="13.53" pos="46.20" lane="2/4to2/3_0" slope="0.00"/>
        <vehicle id="17" x="398.35" y="593.18" angle="0.00" type="DEFAULT_VEHTYPE" speed="12.74" pos="2.07" lane="2/3to2/2_0" slope="0.00"/>
        <vehicle id="2" x="398.35" y="511.99" angle="0.00" type="DEFAULT_VEHTYPE" speed="13.69" pos="83.26" lane="2/3to2/2_0" slope="0.00"/>
        <vehicle id="20" x="182.22" y="198.35" angle="90.00" type="DEFAULT_VEHTYPE" speed="8.26" pos="182.22" lane="0/1to1/1_0" slope="0.00"/>
        <vehicle id="23" x="201.65" y="564.17" angle="180.00" type="DEFAULT_VEHTYPE" speed="12.75" pos="159.42" lane="1/2to1/3_0" slope="0.00"/>
        <vehicle id="7" x="607.62" y="598.35" angle="96.80" type="DEFAULT_VEHTYPE" speed="13.44" pos="2.87" lane="3/3to4/3_0" slope="0.00"/>
        <vehicle id="9" x="93.24" y="401.65" angle="-90.00" type="DEFAULT_VEHTYPE" speed="13.20" pos="102.01" lane="1/2to0/2_0" slope="0.00"/>
    </timestep>
    <timestep time="636.00">
        <vehicle id="12" x="398.35" y="741.03" angle="0.00" type="DEFAULT_VEHTYPE" speed="12.77" pos="58.97" lane="2/4to2/3_0" slope="0.00"/>
        <vehicle id="17" x="398.35" y="579.60" angle="0.00" type="DEFAULT_VEHTYPE" speed="13.58" pos="15.65" lane="2/3to2/2_0" slope="0.00"/>
        <vehicle id="2" x="398.35" y="499.07" angle="0.00" type="DEFAULT_VEHTYPE" speed="12.92" pos="96.18" lane="2/3to2/2_0" slope="0.00"/>
        <vehicle id="20" x="188.10" y="198.35" angle="90.00" type="DEFAULT_VEHTYPE" speed="5.89" pos="188.10" lane="0/1to1/1_0" slope="0.00"/>
        <vehicle id="23" x="201.65" y="577.40" angle="180.00" type="DEFAULT_VEHTYPE" speed="13.23" pos="172.65" lane="1/2to1/3_0" slope="0.00"/>
        <vehicle id="7" x="621.26" y="598.35" angle="90.00" type="DEFAULT_VEHTYPE" speed="13.64" pos="16.51" lane="3/3to4/3_0" slope="0.00"/>
        <vehicle id="9" x="80.27" y="401.65" angle="-90.00" type="DEFAULT_VEHTYPE" speed="12.97" pos="114.98" lane="1/2to0/2_0" slope="0.00"/>
    </timestep>
    <timestep time="637.00">
        <vehicle id="12" x="398.35" y="727.42" angle="0.00" type="DEFAULT_VEHTYPE" speed="13.61" pos="72.58" lane="2/4to2/3_0" slope="0.00"/>
        <vehicle id="17" x="398.35" y="566.62" angle="0.00" type="DEFAULT_VEHTYPE" speed="12.98" pos="28.63" lane="2/3to2/2_0" slope="0.00"/>
        <vehicle id="2" x="398.35" y="485.47" angle="0.00" type="DEFAULT_VEHTYPE" speed="13.61" pos="109.78" lane="2/3to2/2_0" slope="0.00"/>
        <vehicle id="20" x="190.35" y="198.35" angle="90.00" type="DEFAULT_VEHTYPE" speed="2.25" pos="190.35" lane="0/1to1/1_0" slope="0.00"/>
        <vehicle id="23" x="201.65" y="590.39" angle="180.00" type="DEFAULT_VEHTYPE" speed="13.00" pos="185.64" lane="1/2to1/3_0" slope="0.00"/>
        <vehicle id="7" x="634.02" y="598.35" angle="90.00" type="DEFAULT_VEHTYPE" speed="12.76" pos="29.27" lane="3/3to4/3_0" slope="0.00"/>
        <vehicle id="9" x="67.00" y="401.65" angle="-90.00" type="DEFAULT_VEHTYPE" speed="13.27" pos="128.25" lane="1/2to0/2_0" slope="0.00"/>
    </timestep>
    <timestep time="638.00">
        <vehicle id="12" x="398.35" y="714.71" angle="0.00" type="DEFAULT_VEHTYPE" speed="12.71" pos="85.29" lane="2/4to2/3_0" slope="0.00"/>
        <vehicle id="17" x="398.35" y="553.41" angle="0.00" type="DEFAULT_VEHTYPE" speed="13.21" pos="41.84" lane="2/3to2/2_0" slope="0.00"/>
        <vehicle id="2" x="398.35" y="471.63" angle="0.00" type="DEFAULT_VEHTYPE" speed="13.84" pos="123.62" lane="2/3to2/2_0" slope="0.00"/>
        <vehicle id="20" x="193.91" y="198.35" angle="90.00" type="DEFAULT_VEHTYPE" speed="3.56" pos="193.91" lane="0/1to1/1_0" slope="0.00"/>
        <vehicle id="23" x="208.27" y="598.35" angle="92.86" type="DEFAULT_VEHTYPE" speed="13.37" pos="3.52" lane="1/3to2/3_0" slope="0.00"/>
        <vehicle id="7" x="646.90" y="598.35" angle="90.00" type="DEFAULT_VEHTYPE" speed="12.88" pos="42.15" lane="3/3to4/3_0" slope="0.00"/>
        <vehicle id="9" x="53.11" y="401.65" angle="-90.00" type="DEFAULT_VEHTYPE" speed="13.89" pos="142.14" lane="1/2to0/2_0" slope="0.00"/>
    </timestep>
    <timestep time="639.00">
        <vehicle id="12" x="398.35" y="701.23" angle="0.00" type="DEFAULT_VEHTYPE" speed="13.48" pos="98.77" lane="2/4to2/3_0" slope="0.00"/>
        <vehicle id="17" x="398.35" y="539.96" angle="0.00" type="DEFAULT_VEHTYPE" speed="13.45" pos="55.29" lane="2/3to2/2_0" slope="0.00"/>
        <vehicle id="2" x="398.35" y="458.37" angle="0.00" type="DEFAULT_VEHTYPE" speed="13.26" pos="136.88" lane="2/3to2/2_0" slope="0.00"/>
        <vehicle id="20" x="198.23" y="196.11" angle="59.83" type="DEFAULT_VEHTYPE" speed="5.47" pos="4.13" lane=":1/1_12_0" slope="0.00"/>
        <vehicle id="23" x="221.87" y="598.35" angle="90.00" type="DEFAULT_VEHTYPE" speed="13.60" pos="17.12" lane="1/3to2/3_0" slope="0.00"/>
        <vehicle id="7" x="660.20" y="598.35" angle="90.00" type="DEFAULT_VEHTYPE" speed="13.31" pos="55.45" lane="3/3to4/3_0" slope="0.00"/>
        <vehicle id="9" x="39.60" y="401.65" angle="-90.00" type="DEFAULT_VEHTYPE" speed="13.50" pos="155.65" lane="1/2to0/2_0" slope="0.00"/>
    </timestep>
    <timestep time="640.00">
        <vehicle id="12" x="398.35" y="688.20" angle="0.00" type="DEFAULT_VEHTYPE" speed="13.04" pos="111.80" lane="2/4to2/3_0" slope="0.00"/>
        <vehicle id="17" x="398.35" y="527.19" angle="0.00" type="DEFAULT_VEHTYPE" speed="12.77" pos="68.06" lane="2/3to2/2_0" slope="0.00"/>
        <vehicle id="2" x="398.35" y="444.78" angle="0.00" type="DEFAULT_VEHTYPE" speed="13.59" pos="150.47" lane="2/3to2/2_0" slope="0.00"/>
        <vehicle id="20" x="198.35" y="188.24" angle="0.00" type="DEFAULT_VEHTYPE" speed="7.88" pos="7.01" lane="1/1to1/0_0" slope="0.00"/>
        <vehicle id="23" x="234.88" y="598.35" angle="90.00" type="DEFAULT_VEHTYPE" speed="13.01" pos="30.13" lane="1/3to2/3_0" slope="0.00"/>
        <vehicle id="7" x="672.85" y="598.35" angle="90.00" type="DEFAULT_VEHTYPE" speed="12.65" pos="68.10" lane="3/3to4/3_0" slope="0.00"/>
        <vehicle id="9" x="26.04" y="401.65" angle="-90.00" type="DEFAULT_VEHTYPE" speed="13.57" pos="169.21" lane="1/2to0/2_0" slope="0.00"/>
    </timestep>
    <timestep time="641.00">
        <vehicle id="12" x="398.35" y="675.06" angle="0.00" type="DEFAULT_VEHTYPE" speed="13.14" pos="124.94" lane="2/4to2/3_0" slope="0.00"/>
        <vehicle id="17" x="398.35" y="513.66" angle="0.00" type="DEFAULT_VEHTYPE" speed="13.54" pos="81.59" lane="2/3to2/2_0" slope="0.00"/>
        <vehicle id="2" x="398.35" y="431.21" angle="0.00" type="DEFAULT_VEHTYPE" speed="13.56" pos="164.04" lane="2/3to2/2_0" slope="0.00"/>
        <vehicle id="20" x="198.35" y="178.95" angle="0.00" type="DEFAULT_VEHTYPE" speed="9.28" pos="16.30" lane="1/1to1/0_0" slope="0.00"/>
        <vehicle id="23" x="247.52" y="598.35" angle="90.00" type="DEFAULT_VEHTYPE" speed="12.64" pos="42.77" lane="1/3to2/3_0" slope="0.00"/>
        <vehicle id="7" x="686.06" y="598.35" angle="90.00" type="DEFAULT_VEHTYPE" speed="13.21" pos="81.31" lane="3/3to4/3_0" slope="0.00"/>
        <vehicle id="9" x="12.91" y="401.65" angle="-90.00" type="DEFAULT_VEHTYPE" speed="13.12" pos="182.34" lane="1/2to0/2_0" slope="0.00"/>
    </timestep>
    <timestep time="642.00">
        <vehicle id="12" x="398.35" y="662.21" angle="0.00" type="DEFAULT_VEHTYPE" speed="12.85" pos="137.79" lane="2/4to2/3_0" slope="0.00"/>
        <vehicle id="17" x="398.35" y="500.57" angle="0.00" type="DEFAULT_VEHTYPE" speed="13.09" pos="94.68" lane="2/3to2/2_0" slope="0.00"/>
        <vehicle id="2" x="398.35" y="417.77" angle="0.00" type="DEFAULT_VEHTYPE" speed="13.45" pos="177.48" lane="2/3to2/2_0" slope="0.00"/>
        <vehicle id="20" x="198.35" y="167.75" angle="0.00" type="DEFAULT_VEHTYPE" speed="11.20" pos="27.50" lane="1/1to1/0_0" slope="0.00"/>
        <vehicle id="23" x="260.67" y="598.35" angle="90.00" type="DEFAULT_VEHTYPE" speed="13.15" pos="55.92" lane="1/3to2/3_0" slope="0.00"/>
        <vehicle id="7" x="698.71" y="598.35" angle="90.00" type="DEFAULT_VEHTYPE" speed="12.65" pos="93.96" lane="3/3to4/3_0" slope="0.00"/>
        <vehicle id="9" x="-0.58" y="401.27" angle="-85.52" type="DEFAULT_VEHTYPE" speed="13.61" pos="0.69" lane=":0/2_0_0" slope="0.00"/>
    </timestep>
    <timestep time="643.00">
        <vehicle id="12" x="398.35" y="649.58" angle="0.00" type="DEFAULT_VEHTYPE" speed="12.62" pos="150.42" lane="2/4to2/3_0" slope="0.00"/>
        <vehicle id="17" x="398.35" y="487.22" angle="0.00" type="DEFAULT_VEHTYPE" speed="13.35" pos="108.03" lane="2/3to2/2_0" slope="0.00"/>
        <vehicle id="2" x="398.25" y="404.01" angle="-1.18" type="DEFAULT_VEHTYPE" speed="13.76" pos="0.74" lane=":2/2_0_0" slope="0.00"/>
        <vehicle id="20" x="198.35" y="154.20" angle="0.00" type="DEFAULT_VEHTYPE" speed="13.55" pos="41.05" lane="1/1to1/0_0" slope="0.00"/>
        <vehicle id="23" x="273.37" y="598.35" angle="90.00" type="DEFAULT_VEHTYPE" speed="12.70" pos="68.62" lane="1/3to2/3_0" slope="0.00"/>
        <vehicle id="7" x="712.49" y="598.35" angle="90.00" type="DEFAULT_VEHTYPE" speed="13.78" pos="107.74" lane="3/3to4/3_0" slope="0.00"/>
        <vehicle id="9" x="9.42" y="398.35" angle="90.00" type="DEFAULT_VEHTYPE" speed="13.55" pos="9.42" lane="0/2to1/2_0" slope="0.00"/>
    </timestep>
    <timestep time="644.00">
        <vehicle id="12" x="398.35" y="636.64" angle="0.00" type="DEFAULT_VEHTYPE" speed="12.94" pos="163.36" lane="2/4to2/3_0" slope="0.00"/>
        <vehicle id="17" x="398.35" y="473.92" angle="0.00" type="DEFAULT_VEHTYPE" speed="13.30" pos="121.33" lane="2/3to2/2_0" slope="0.00"/>
        <vehicle id="2" x="386.30" y="401.65" angle="-90.00" type="DEFAULT_VEHTYPE" speed="13.21" pos="8.95" lane="2/2to1/2_0" slope="0.00"/>
        <vehicle id="20" x="198.35" y="140.97" angle="0.00" type="DEFAULT_VEHTYPE" speed="13.23" pos="54.28" lane="1/1to1/0_0" slope="0.00"/>
        <vehicle id="23" x="286.15" y="598.35" angle="90.00" type="DEFAULT_VEHTYPE" speed="12.78" pos="81.40" lane="1/3to2/3_0" slope="0.00"/>
        <vehicle id="7" x="725.68" y="598.35" angle="90.00" type="DEFAULT_VEHTYPE" speed="13.19" pos="120.93" lane="3/3to4/3_0" slope="0.00"/>
        <vehicle id="9" x="22.68" y="398.35" angle="90.00" type="DEFAULT_VEHTYPE" speed="13.25" pos="22.68" lane="0/2to1/2_0" slope="0.00"/>
    </timestep>
    <timestep time="645.00">
        <vehicle id="12" x="398.35" y="623.61" angle="0.00" type="DEFAULT_VEHTYPE" speed="13.03" pos="176.39" lane="2/4to2/3_0" slope="0.00"/>
        <vehicle id="17" x="398.35" y="460.89" angle="0.00" type="DEFAULT_VEHTYPE" speed="13.03" pos="134.36" lane="2/3to2/2_0" slope="0.00"/>
        <vehicle id="2" x="372.93" y="401.65" angle="-90.00" type="DEFAULT_VEHTYPE" speed="13.37" pos="22.32" lane="2/2to1/2_0" slope="0.00"/>
        <vehicle id="20" x="198.35" y="128.03" angle="0.00" type="DEFAULT_VEHTYPE" speed="12.94" pos="67.22" lane="1/1to1/0_0" slope="0.00"/>
        <vehicle id="23" x="299.58" y="598.35" angle="90.00" type="DEFAULT_VEHTYPE" speed="13.43" pos="94.83" lane="1/3to2/3_0" slope="0.00"/>
        <vehicle id="7" x="738.69" y="598.35" angle="90.00" type="DEFAULT_VEHTYPE" speed="13.01" pos="133.94" lane="3/3to4/3_0" slope="0.00"/>
        <vehicle id="9" x="35.81" y="398.35" angle="90.00" type="DEFAULT_VEHTYPE" speed="13.14" pos="35.81" lane="0/2to1/2_0" slope="0.00"/>
    </timestep>
    <timestep time="646.00">
        <vehicle id="12" x="398.35" y="610.65" angle="0.00" type="DEFAULT_VEHTYPE" speed="12.96" pos="189.35" lane="2/4to2/3_0" slope="0.00"/>
        <vehicle id="17" x="398.35" y="447.99" angle="0.00" type="DEFAULT_VEHTYPE" speed="12.90" pos="147.26" lane="2/3to2/2_0" slope="0.00"/>
        <vehicle id="2" x="360.19" y="401.65" angle="-90.00" type="DEFAULT_VEHTYPE" speed="12.74" pos="35.06" lane="2/2to1/2_0" slope="0.00"/>
        <vehicle id="20" x="198.35" y="114.98" angle="0.00" type="DEFAULT_VEHTYPE" speed="13.04" pos="80.27" lane="1/1to1/0_0" slope="0.00"/>
        <vehicle id="23" x="313.33" y="598.35" angle="90.00" type="DEFAULT_VEHTYPE" speed="13.74" pos="108.58" lane="1/3to2/3_0" slope="0.00"/>
        <vehicle id="7" x="752.43" y="598.35" angle="90.00" type="DEFAULT_VEHTYPE" speed="13.74" pos="147.68" lane="3/3to4/3_0" slope="0.00"/>
        <vehicle id="9" x="49.00" y="398.35" angle="90.00" type="DEFAULT_VEHTYPE" speed="13.19" pos="49.00" lane="0/2to1/2_0" slope="0.00"/>
    </timestep>
    <timestep time="647.00">
        <vehicle id="12" x="398.35" y="597.19" angle="0.00" type="DEFAULT_VEHTYPE" speed="13.45" pos="7.56" lane=":2/3_1_0" slope="0.00"/>
        <vehicle id="17" x="398.35" y="434.61" angle="0.00" type="DEFAULT_VEHTYPE" speed="13.38" pos="160.64" lane="2/3to2/2_0" slope="0.00"/>
        <vehicle id="2" x="346.80" y="401.65" angle="-90.00" type="DEFAULT_VEHTYPE" speed="13.39" pos="48.45" lane="2/2to1/2_0" slope="0.00"/>
        <vehicle id="20" x="198.35" y="101.67" angle="0.00" type="DEFAULT_VEHTYPE" speed="13.31" pos="93.58" lane="1/1to1/0_0" slope="0.00"/>
        <vehicle id="23" x="326.01" y="598.35" angle="90.00" type="DEFAULT_VEHTYPE" speed="12.68" pos="121.26" lane="1/3to2/3_0" slope="0.00"/>
        <vehicle id="7" x="765.16" y="598.35" angle="90.00" type="DEFAULT_VEHTYPE" speed="12.73" pos="160.41" lane="3/3to4/3_0" slope="0.00"/>
        <vehicle id="9" x="61.67" y="398.35" angle="90.00" type="DEFAULT_VEHTYPE" speed="12.67" pos="61.67" lane="0/2to1/2_0" slope="0.00"/>
    </timestep>
    <timestep time="648.00">
        <vehicle id="12" x="398.35" y="584.13" angle="0.00" type="DEFAULT_VEHTYPE" speed="13.06" pos="11.12" lane="2/3to2/2_0" slope="0.00"/>
        <vehicle id="17" x="398.35" y="421.50" angle="0.00" type="DEFAULT_VEHTYPE" speed="13.11" pos="173.75" lane="2/3to2/2_0" slope="0.00"/>
        <vehicle id="2" x="333.16" y="401.65" angle="-90.00" type="DEFAULT_VEHTYPE" speed="13.64" pos="62.09" lane="2/2to1/2_0" slope="0.00"/>
        <vehicle id="20" x="198.35" y="89.06" angle="0.00" type="DEFAULT_VEHTYPE" speed="12.61" pos="106.19" lane="1/1to1/0_0" slope="0.00"/>
        <vehicle id="23" x="339.02" y="598.35" angle="90.00" type="DEFAULT_VEHTYPE" speed="13.01" pos="134.27" lane="1/3to2/3_0" slope="0.00"/>
        <vehicle id="7" x="778.67" y="598.35" angle="90.00" type="DEFAULT_VEHTYPE" speed="13.51" pos="173.92" lane="3/3to4/3_0" slope="0.00"/>
        <vehicle id="9" x="75.41" y="398.35" angle="90.00" type="DEFAULT_VEHTYPE" speed="13.74" pos="75.41" lane="0/2to1/2_0" slope="0.00"/>
    </timestep>
    <timestep time="649.00">
        <vehicle id="12" x="398.35" y="570.96" angle="0.00" type="DEFAULT_VEHTYPE" speed="13.17" pos="24.29" lane="2/3to2/2_0" slope="0.00"/>
        <vehicle id="17" x="398.35" y="408.29" angle="0.00" type="DEFAULT_VEHTYPE" speed="13.20" pos="186.96" lane="2/3to2/2_0" slope="0.00"/>
        <vehicle id="2" x="319.98" y="401.65" angle="-90.00" type="DEFAULT_VEHTYPE" speed="13.18" pos="75.27" lane="2/2to1/2_0" slope="0.00"/>
        <vehicle id="20" x="198.35" y="75.79" angle="0.00" type="DEFAULT_VEHTYPE" speed="13.27" pos="119.46" lane="1/1to1/0_0" slope="0.00"/>
        <vehicle id="23" x="352.92" y="598.35" angle="90.00" type="DEFAULT_VEHTYPE" speed="13.90" pos="148.17" lane="1/3to2/3_0" slope="0.00"/>
        <vehicle id="7" x="792.20" y="598.35" angle="90.00" type="DEFAULT_VEHTYPE" speed="13.53" pos="187.45" lane="3/3to4/3_0" slope="0.00"/>
        <vehicle id="9" x="88.33" y="398.35" angle="90.00" type="DEFAULT_VEHTYPE" speed="12.91" pos="88.33" lane="0/2to1/2_0" slope="0.00"/>
    </timestep>
    <timestep time="650.00">
        <vehicle id="12" x="398.35" y="557.47" angle="0.00" type="DEFAULT_VEHTYPE" speed="13.49" pos="37.78" lane="2/3to2/2_0" slope="0.00"/>
        <vehicle id="17" x="390.37" y="401.65" angle="-89.80" type="DEFAULT_VEHTYPE" speed="13.42" pos="4.88" lane="2/2to1/2_0" slope="0.00"/>
        <vehicle id="2" x="306.66" y="401.65" angle="-90.00" type="DEFAULT_VEHTYPE" speed="13.32" pos="88.59" lane="2/2to1/2_0" slope="0.00"/>
        <vehicle id="20" x="198.35" y="62.96" angle="0.00" type="DEFAULT_VEHTYPE" speed="12.84" pos="132.29" lane="1/1to1/0_0" slope="0.00"/>
        <vehicle id="23" x="366.35" y="598.35" angle="90.00" type="DEFAULT_VEHTYPE" speed="13.43" pos="161.60" lane="1/3to2/3_0" slope="0.00"/>
        <vehicle id="7" x="799.00" y="601.65" angle="-149.39" type="DEFAULT_VEHTYPE" speed="13.62" pos="1.00" lane="4/3to3/3_0" slope="0.00"/>
        <vehicle id="9" x="101.42" y="398.35" angle="90.00" type="DEFAULT_VEHTYPE" speed="13.09" pos="101.42" lane="0/2to1/2_0" slope="0.00"/>
    </timestep>
    <timestep time="651.00">
        <vehicle id="12" x="398.35" y="544.25" angle="0.00" type="DEFAULT_VEHTYPE" speed="13.23" pos="51.00" lane="2/3to2/2_0" slope="0.00"/>
        <vehicle id="17" x="377.04" y="401.65" angle="-90.00" type="DEFAULT_VEHTYPE" speed="13.34" pos="18.21" lane="2/2to1/2_0" slope="0.00"/>
        <vehicle id="2" x="292.92" y="401.65" angle="-90.00" type="DEFAULT_VEHTYPE" speed="13.74" pos="102.33" lane="2/2to1/2_0" slope="0.00"/>
        <vehicle id="20" x="198.35" y="49.24" angle="0.00" type="DEFAULT_VEHTYPE" speed="13.72" pos="146.01" lane="1/1to1/0_0" slope="0.00"/>
        <vehicle id="23" x="377.37" y="598.35" angle="90.00" type="DEFAULT_VEHTYPE" speed="11.02" pos="172.62" lane="1/3to2/3_0" slope="0.00"/>
        <vehicle id="7" x="785.57" y="601.65" angle="-90.00" type="DEFAULT_VEHTYPE" speed="13.43" pos="14.43" lane="4/3to3/3_0" slope="0.00"/>
        <vehicle id="9" x="114.75" y="398.35" angle="90.00" type="DEFAULT_VEHTYPE" speed="13.33" pos="114.75" lane="0/2to1/2_0" slope="0.00"/>
    </timestep>
    <timestep time="652.00">
        <vehicle id="12" x="398.35" y="530.60" angle="0.00" type="DEFAULT_VEHTYPE" speed="13.65" pos="64.65" lane="2/3to2/2_0" slope="0.00"/>
        <vehicle id="17" x="364.03" y="401.65" angle="-90.00" type="DEFAULT_VEHTYPE" speed="13.01" pos="31.22" lane="2/2to1/2_0" slope="0.00"/>
        <vehicle id="2" x="279.28" y="401.65" angle="-90.00" type="DEFAULT_VEHTYPE" speed="13.64" pos="115.97" lane="2/2to1/2_0" slope="0.00"/>
        <vehicle id="20" x="198.35" y="35.99" angle="0.00" type="DEFAULT_VEHTYPE" speed="13.25" pos="159.26" lane="1/1to1/0_0" slope="0.00"/>
        <vehicle id="23" x="384.91" y="598.35" angle="90.00" type="DEFAULT_VEHTYPE" speed="7.54" pos="180.16" lane="1/3to2/3_0" slope="0.00"/>
        <vehicle id="7" x="772.30" y="601.65" angle="-90.00" type="DEFAULT_VEHTYPE" speed="13.27" pos="27.70" lane="4/3to3/3_0" slope="0.00"/>
        <vehicle id="9" x="128.06" y="398.35" angle="90.00" type="DEFAULT_VEHTYPE" speed="13.31" pos="128.06" lane="0/2to1/2_0" slope="0.00"/>
    </timestep>
    <timestep time="653.00">
        <vehicle id="12" x="398.35" y="517.80" angle="0.00" type="DEFAULT_VEHTYPE" speed="12.80" pos="77.45" lane="2/3to2/2_0" slope="0.00"/>
        <vehicle id="17" x="351.17" y="401.65" angle="-90.00" type="DEFAULT_VEHTYPE" speed="12.86" pos="44.08" lane="2/2to1/2_0" slope="0.00"/>
        <vehicle id="2" x="266.03" y="401.65" angle="-90.00" type="DEFAULT_VEHTYPE" speed="13.25" pos="129.22" lane="2/2to1/2_0" slope="0.00"/>
        <vehicle id="20" x="198.35" y="22.15" angle="0.00" type="DEFAULT_VEHTYPE" speed="13.84" pos="173.10" lane="1/1to1/0_0" slope="0.00"/>
        <vehicle id="23" x="389.41" y="598.35" angle="90.00" type="DEFAULT_VEHTYPE" speed="4.50" pos="184.66" lane="1/3to2/3_0" slope="0.00"/>
        <vehicle id="7" x="758.74" y="601.65" angle="-90.00" type="DEFAULT_VEHTYPE" speed="13.56" pos="41.26" lane="4/3to3/3_0" slope="0.00"/>
        <vehicle id="9" x="141.93" y="398.35" angle="90.00" type="DEFAULT_VEHTYPE" speed="13.86" pos="141.93" lane="0/2to1/2_0" slope="0.00"/>
    </timestep>
    <timestep time="654.00">
        <vehicle id="12" x="398.35" y="505.13" angle="0.00" type="DEFAULT_VEHTYPE" speed="12.67" pos="90.12" lane="2/3to2/2_0" slope="0.00"/>
        <vehicle id="17" x="337.64" y="401.65" angle="-90.00" type="DEFAULT_VEHTYPE" speed="13.53" pos="57.61" lane="2/2to1/2_0" slope="0.00"/>
        <vehicle id="2" x="252.62" y="401.65" angle="-90.00" type="DEFAULT_VEHTYPE" speed="13.41" pos="142.63" lane="2/2to1/2_0" slope="0.00"/>
        <vehicle id="20" x="198.35" y="8.66" angle="0.00" type="DEFAULT_VEHTYPE" speed="13.49" pos="186.59" lane="1/1to1/0_0" slope="0.00"/>
        <vehicle id="23" x="395.55" y="598.39" angle="90.50" type="DEFAULT_VEHTYPE" speed="6.15" pos="0.31" lane=":2/3_14_0" slope="0.00"/>
        <vehicle id="7" x="745.88" y="601.65" angle="-90.00" type="DEFAULT_VEHTYPE" speed="12.86" pos="54.12" lane="4/3to3/3_0" slope="0.00"/>
        <vehicle id="9" x="155.38" y="398.35" angle="90.00" type="DEFAULT_VEHTYPE" speed="13.45" pos="155.38" lane="0/2to1/2_0" slope="0.00"/>
    </timestep>
    <timestep time="655.00">
        <vehicle id="12" x="398.35" y="491.61" angle="0.00" type="DEFAULT_VEHTYPE" speed="13.52" pos="103.64" lane="2/3to2/2_0" slope="0.00"/>
        <vehicle id="17" x="324.32" y="401.65" angle="-90.00" type="DEFAULT_VEHTYPE" speed="13.32" pos="70.93" lane="2/2to1/2_0" slope="0.00"/>
        <vehicle id="2" x="239.98" y="401.65" angle="-90.00" type="DEFAULT_VEHTYPE" speed="12.64" pos="155.27" lane="2/2to1/2_0" slope="0.00"/>
        <vehicle id="20" x="201.65" y="0.23" angle="94.74" type="DEFAULT_VEHTYPE" speed="13.71" pos="0.23" lane="1/0to1/1_0" slope="0.00"/>
        <vehicle id="23" x="401.36" y="602.70" angle="141.76" type="DEFAULT_VEHTYPE" speed="7.95" pos="8.25" lane=":2/3_14_0" slope="0.00"/>
        <vehicle id="7" x="732.04" y="601.65" angle="-90.00" type="DEFAULT_VEHTYPE" speed="13.84" pos="67.96" lane="4/3to3/3_0" slope="0.00"/>
        <vehicle id="9" x="169.10" y="398.35" angle="90.00" type="DEFAULT_VEHTYPE" speed="13.72" pos="169.10" lane="0/2to1/2_0" slope="0.00"/>
    </timestep>
    <timestep time="656.00">
        <vehicle id="12" x="398.35" y="478.60" angle="0.00" type="DEFAULT_VEHTYPE" speed="13.01" pos="116.65" lane="2/3to2/2_0" slope="0.00"/>
        <vehicle id="17" x="311.04" y="401.65" angle="-90.00" type="DEFAULT_VEHTYPE" speed="13.28" pos="84.21" lane="2/2to1/2_0" slope="0.00"/>
        <vehicle id="2" x="227.32" y="401.65" angle="-90.00" type="DEFAULT_VEHTYPE" speed="12.66" pos="167.93" lane="2/2to1/2_0" slope="0.00"/>
        <vehicle id="20" x="201.65" y="13.12" angle="180.00" type="DEFAULT_VEHTYPE" speed="12.89" pos="13.12" lane="1/0to1/1_0" slope="0.00"/>
        <vehicle id="23" x="401.65" y="612.24" angle="180.00" type="DEFAULT_VEHTYPE" speed="9.56" pos="7.49" lane="2/3to2/4_0" slope="0.00"/>
        <vehicle id="7" x="719.33" y="601.65" angle="-90.00" type="DEFAULT_VEHTYPE" speed="12.71" pos="80.67" lane="4/3to3/3_0" slope="0.00"/>
        <vehicle id="9" x="179.74" y="398.35" angle="90.00" type="DEFAULT_VEHTYPE" speed="10.64" pos="179.74" lane="0/2to1/2_0" slope="0.00"/>
    </timestep>
    <timestep time="657.00">
        <vehicle id="12" x="398.35" y="465.61" angle="0.00" type="DEFAULT_VEHTYPE" speed="12.99" pos="129.64" lane="2/3to2/2_0" slope="0.00"/>
        <vehicle id="17" x="298.27" y="401.65" angle="-90.00" type="DEFAULT_VEHTYPE" speed="12.77" pos="96.98" lane="2/2to1/2_0" slope="0.00"/>
        <vehicle id="2" x="218.49" y="401.65" angle="-90.00" type="DEFAULT_VEHTYPE" speed="8.83" pos="176.76" lane="2/2to1/2_0" slope="0.00"/>
        <vehicle id="20" x="201.65" y="26.14" angle="180.00" type="DEFAULT_VEHTYPE" speed="13.02" pos="26.14" lane="1/0to1/1_0" slope="0.00"/>
        <vehicle id="23" x="401.65" y="623.90" angle="180.00" type="DEFAULT_VEHTYPE" speed="11.66" pos="19.15" lane="2/3to2/4_0" slope="0.00"/>
        <vehicle id="7" x="705.72" y="601.65" angle="-90.00" type="DEFAULT_VEHTYPE" speed="13.61" pos="94.28" lane="4/3to3/3_0" slope="0.00"/>
        <vehicle id="9" x="186.84" y="398.35" angle="90.00" type="DEFAULT_VEHTYPE" speed="7.10" pos="186.84" lane="0/2to1/2_0" slope="0.00"/>
    </timestep>
    <timestep time="658.00">
        <vehicle id="12" x="398.35" y="452.55" angle="0.00" type="DEFAULT_VEHTYPE" speed="13.06" pos="142.70" lane="2/3to2/2_0" slope="0.00"/>
        <vehicle id="17" x="285.57" y="401.65" angle="-90.00" type="DEFAULT_VEHTYPE" speed="12.70" pos="109.68" lane="2/2to1/2_0" slope="0.00"/>
        <vehicle id="2" x="212.28" y="401.65" angle="-90.00" type="DEFAULT_VEHTYPE" speed="6.21" pos="182.97" lane="2/2to1/2_0" slope="0.00"/>
        <vehicle id="20" x="201.65" y="39.02" angle="180.00" type="DEFAULT_VEHTYPE" speed="12.88" pos="39.02" lane="1/0to1/1_0" slope="0.00"/>
        <vehicle id="23" x="401.65" y="636.56" angle="180.00" type="DEFAULT_VEHTYPE" speed="12.66" pos="31.81" lane="2/3to2/4_0" slope="0.00"/>
        <vehicle id="7" x="692.62" y="601.65" angle="-90.00" type="DEFAULT_VEHTYPE" speed="13.10" pos="107.38" lane="4/3to3/3_0" slope="0.00"/>
        <vehicle id="9" x="189.96" y="398.35" angle="90.00" type="DEFAULT_VEHTYPE" speed="3.11" pos="189.96" lane="0/2to1/2_0" slope="0.00"/>
    </timestep>
    <timestep time="659.00">
        <vehicle id="12" x="398.35" y="439.61" angle="0.00" type="DEFAULT_VEHTYPE" speed="12.94" pos="155.64" lane="2/3to2/2_0" slope="0.00"/>
        <vehicle id="17" x="272.82" y="401.65" angle="-90.00" type="DEFAULT_VEHTYPE" speed="12.75" pos="122.43" lane="2/2to1/2_0" slope="0.00"/>
        <vehicle id="2" x="208.94" y="401.65" angle="-90.00" type="DEFAULT_VEHTYPE" speed="3.33" pos="186.31" lane="2/2to1/2_0" slope="0.00"/>
        <vehicle id="20" x="201.65" y="52.73" angle="180.00" type="DEFAULT_VEHTYPE" speed="13.71" pos="52.73" lane="1/0to1/1_0" slope="0.00"/>
        <vehicle id="23" x="401.65" y="649.73" angle="180.00" type="DEFAULT_VEHTYPE" speed="13.17" pos="44.98" lane="2/3to2/4_0" slope="0.00"/>
        <vehicle id="7" x="678.73" y="601.65" angle="-90.00" type="DEFAULT_VEHTYPE" speed="13.88" pos="121.27" lane="4/3to3/3_0" slope="0.00"/>
        <vehicle id="9" x="191.17" y="398.35" angle="90.00" type="DEFAULT_VEHTYPE" speed="1.21" pos="191.17" lane="0/2to1/2_0" slope="0.00"/>
    </timestep>
    <timestep time="660.00">
        <vehicle id="12" x="398.35" y="426.77" angle="0.00" type="DEFAULT_VEHTYPE" speed="12.84" pos="168.48" lane="2/3to2/2_0" slope="0.00"/>
        <vehicle id="17" x="259.13" y="401.65" angle="-90.00" type="DEFAULT_VEHTYPE" speed="13.68" pos="136.12" lane="2/2to1/2_0" slope="0.00"/>
        <vehicle id="2" x="203.76" y="401.65" angle="-90.00" type="DEFAULT_VEHTYPE" speed="5.18" pos="0.99" lane=":1/2_5_0" slope="0.00"/>
        <vehicle id="20" x="201.65" y="66.46" angle="180.00" type="DEFAULT_VEHTYPE" speed="13.74" pos="66.46" lane="1/0to1/1_0" slope="0.00"/>
        <vehicle id="23" x="401.65" y="662.46" angle="180.00" type="DEFAULT_VEHTYPE" speed="12.72" pos="57.71" lane="2/3to2/4_0" slope="0.00"/>
        <vehicle id="7" x="665.93" y="601.65" angle="-90.00" type="DEFAULT_VEHTYPE" speed="12.80" pos="134.07" lane="4/3to3/3_0" slope="0.00"/>
        <vehicle id="9" x="192.40" y="398.35" angle="90.00" type="DEFAULT_VEHTYPE" speed="1.23" pos="192.40" lane="0/2to1/2_0" slope="0.00"/>
    </timestep>
    <timestep time="661.00">
        <vehicle id="12" x="398.35" y="413.21" angle="0.00" type="DEFAULT_VEHTYPE" speed="13.56" pos="182.04" lane="2/3to2/2_0" slope="0.00"/>
        <vehicle id="17" x="246.22" y="401.65" angle="-90.00" type="DEFAULT_VEHTYPE" speed="12.91" pos="149.03" lane="2/2to1/2_0" slope="0.00"/>
        <vehicle id="2" x="196.18" y="401.65" angle="-90.00" type="DEFAULT_VEHTYPE" speed="7.58" pos="8.57" lane=":1/2_5_0" slope="0.00"/>
        <vehicle id="20" x="201.65" y="80.36" angle="180.00" type="DEFAULT_VEHTYPE" speed="13.90" pos="80.36" lane="1/0to1/1_0" slope="0.00"/>
        <vehicle id="23" x="401.65" y="675.24" angle="180.00" type="DEFAULT_VEHTYPE" speed="12.78" pos="70.49" lane="2/3to2/4_0" slope="0.00"/>
        <vehicle id="7" x="652.34" y="601.65" angle="-90.00" type="DEFAULT_VEHTYPE" speed="13.59" pos="147.66" lane="4/3to3/3_0" slope="0.00"/>
        <vehicle id="9" x="192.69" y="398.35" angle="90.00" type="DEFAULT_VEHTYPE" speed="0.29" pos="192.69" lane="0/2to1/2_0" slope="0.00"/>
    </timestep>
    <timestep time="662.00">
        <vehicle id="12" x="395.95" y="401.75" angle="-32.79" type="DEFAULT_VEHTYPE" speed="12.75" pos="4.29" lane=":2/2_0_0" slope="0.00"/>
        <vehicle id="17" x="233.41" y="401.65" angle="-90.00" type="DEFAULT_VEHTYPE" speed="12.81" pos="161.84" lane="2/2to1/2_0" slope="0.00"/>
        <vehicle id="2" x="186.52" y="401.65" angle="-90.00" type="DEFAULT_VEHTYPE" speed="9.65" pos="8.73" lane="1/2to0/2_0" slope="0.00"/>
        <vehicle id="20" x="201.65" y="93.63" angle="180.00" type="DEFAULT_VEHTYPE" speed="13.27" pos="93.63" lane="1/0to1/1_0" slope="0.00"/>
        <vehicle id="23" x="401.65" y="687.99" angle="180.00" type="DEFAULT_VEHTYPE" speed="12.75" pos="83.24" lane="2/3to2/4_0" slope="0.00"/>
        <vehicle id="7" x="639.02" y="601.65" angle="-90.00" type="DEFAULT_VEHTYPE" speed="13.32" pos="160.98" lane="4/3to3/3_0" slope="0.00"/>
        <vehicle id="9" x="192.73" y="398.35" angle="90.00" type="DEFAULT_VEHTYPE" speed="0.04" pos="192.73" lane="0/2to1/2_0" slope="0.00"/>
    </timestep>
    <timestep time="663.00">
        <vehicle id="12" x="383.10" y="401.65" angle="-90.00" type="DEFAULT_VEHTYPE" speed="12.86" pos="12.15" lane="2/2to1/2_0" slope="0.00"/>
        <vehicle id="17" x="222.35" y="401.65" angle="-90.00" type="DEFAULT_VEHTYPE" speed="11.06" pos="172.90" lane="2/2to1/2_0" slope="0.00"/>
        <vehicle id="2" x="174.28" y="401.65" angle="-90.00" type="DEFAULT_VEHTYPE" speed="12.25" pos="20.97" lane="1/2to0/2_0" slope="0.00"/>
        <vehicle id="20" x="201.65" y="106.81" angle="180.00" type="DEFAULT_VEHTYPE" speed="13.18" pos="106.81" lane="1/0to1/1_0" slope="0.00"/>
        <vehicle id="23" x="401.65" y="700.87" angle="180.00" type="DEFAULT_VEHTYPE" speed="12.88" pos="96.12" lane="2/3to2/4_0" slope="0.00"/>
        <vehicle id="7" x="626.83" y="601.65" angle="-90.00" type="DEFAULT_VEHTYPE" speed="12.19" pos="173.17" lane="4/3to3/3_0" slope="0.00"/>
        <vehicle id="9" x="192.75" y="398.35" angle="90.00" type="DEFAULT_VEHTYPE" speed="0.01" pos="192.75" lane="0/2to1/2_0" slope="0.00"/>
    </timestep>
    <timestep time="664.00">
        <vehicle id="12" x="370.20" y="401.65" angle="-90.00" type="DEFAULT_VEHTYPE" speed="12.90" pos="25.05" lane="2/2to1/2_0" slope="0.00"/>
        <vehicle id="17" x="214.77" y="401.65" angle="-90.00" type="DEFAULT_VEHTYPE" speed="7.59" pos="180.48" lane="2/2to1/2_0" slope="0.00"/>
        <vehicle id="2" x="161.09" y="401.65" angle="-90.00" type="DEFAULT_VEHTYPE" speed="13.19" pos="34.16" lane="1/2to0/2_0" slope="0.00"/>
        <vehicle id="20" x="201.65" y="120.42" angle="180.00" type="DEFAULT_VEHTYPE" speed="13.61" pos="120.42" lane="1/0to1/1_0" slope="0.00"/>
        <vehicle id="23" x="401.65" y="714.11" angle="180.00" type="DEFAULT_VEHTYPE" speed="13.24" pos="109.36" lane="2/3to2/4_0" slope="0.00"/>
        <vehicle id="7" x="618.33" y="601.65" angle="-90.00" type="DEFAULT_VEHTYPE" speed="8.50" pos="181.67" lane="4/3to3/3_0" slope="0.00"/>
        <vehicle id="9" x="192.75" y="398.35" angle="90.00" type="DEFAULT_VEHTYPE" speed="0.00" pos="192.75" lane="0/2to1/2_0" slope="0.00"/>
    </timestep>
    <timestep time="665.00">
        <vehicle id="12" x="356.90" y="401.65" angle="-90.00" type="DEFAULT_VEHTYPE" speed="13.30" pos="38.35" lane="2/2to1/2_0" slope="0.00"/>
        <vehicle id="17" x="210.21" y="401.65" angle="-90.00" type="DEFAULT_VEHTYPE" speed="4.56" pos="185.04" lane="2/2to1/2_0" slope="0.00"/>
        <vehicle id="2" x="147.39" y="401.65" angle="-90.00" type="DEFAULT_VEHTYPE" speed="13.70" pos="47.86" lane="1/2to0/2_0" slope="0.00"/>
        <vehicle id="20" x="201.65" y="133.93" angle="180.00" type="DEFAULT_VEHTYPE" speed="13.51" pos="133.93" lane="1/0to1/1_0" slope="0.00"/>
        <vehicle id="23" x="401.65" y="727.63" angle="180.00" type="DEFAULT_VEHTYPE" speed="13.51" pos="122.88" lane="2/3to2/4_0" slope="0.00"/>
        <vehicle id="7" x="612.69" y="601.65" angle="-90.00" type="DEFAULT_VEHTYPE" speed="5.64" pos="187.31" lane="4/3to3/3_0" slope="0.00"/>
        <vehicle id="9" x="192.75" y="398.35" angle="90.00" type="DEFAULT_VEHTYPE" speed="0.00" pos="192.75" lane="0/2to1/2_0" slope="0.00"/>
    </timestep>
    <timestep time="666.00">
        <vehicle id="12" x="343.11" y="401.65" angle="-90.00" type="DEFAULT_VEHTYPE" speed="13.78" pos="52.14" lane="2/2to1/2_0" slope="0.00"/>
        <vehicle id="17" x="203.50" y="401.65" angle="-90.00" type="DEFAULT_VEHTYPE" speed="6.71" pos="1.25" lane=":1/2_5_0" slope="0.00"/>
        <vehicle id="2" x="134.42" y="401.65" angle="-90.00" type="DEFAULT_VEHTYPE" speed="12.97" pos="60.83" lane="1/2to0/2_0" slope="0.00"/>
        <vehicle id="20" x="201.65" y="147.45" angle="180.00" type="DEFAULT_VEHTYPE" speed="13.52" pos="147.45" lane="1/0to1/1_0" slope="0.00"/>
        <vehicle id="23" x="401.65" y="741.07" angle="180.00" type="DEFAULT_VEHTYPE" speed="13.44" pos="136.32" lane="2/3to2/4_0" slope="0.00"/>
        <vehicle id="7" x="609.06" y="601.65" angle="-90.00" type="DEFAULT_VEHTYPE" speed="3.63" pos="190.94" lane="4/3to3/3_0" slope="0.00"/>
        <vehicle id="9" x="192.75" y="398.35" angle="90.00" type="DEFAULT_VEHTYPE" speed="0.00" pos="192.75" lane="0/2to1/2_0" slope="0.00"/>
    </timestep>
    <timestep time="667.00">
        <vehicle id="12" x="330.37" y="401.65" angle="-90.00" type="DEFAULT_VEHTYPE" speed="12.75" pos="64.88" lane="2/2to1/2_0" slope="0.00"/>
        <vehicle id="17" x="194.96" y="401.65" angle="-90.00" type="DEFAULT_VEHTYPE" speed="8.54" pos="0.29" lane="1/2to0/2_0" slope="0.00"/>
        <vehicle id="2" x="120.79" y="401.65" angle="-90.00" type="DEFAULT_VEHTYPE" speed="13.63" pos="74.46" lane="1/2to0/2_0" slope="0.00"/>
        <vehicle id="20" x="201.65" y="160.30" angle="180.00" type="DEFAULT_VEHTYPE" speed="12.85" pos="160.30" lane="1/0to1/1_0" slope="0.00"/>
        <vehicle id="23" x="401.65" y="754.67" angle="180.00" type="DEFAULT_VEHTYPE" speed="13.60" pos="149.92" lane="2/3to2/4_0" slope="0.00"/>
        <vehicle id="7" x="603.13" y="601.42" angle="-87.34" type="DEFAULT_VEHTYPE" speed="5.94" pos="1.63" lane=":3/3_6_0" slope="0.00"/>
        <vehicle id="9" x="194.70" y="398.35" angle="90.00" type="DEFAULT_VEHTYPE" speed="1.95" pos="194.70" lane="0/2to1/2_0" slope="0.00"/>
    </timestep>
    <timestep time="668.00">
        <vehicle id="12" x="316.54" y="401.65" angle="-90.00" type="DEFAULT_VEHTYPE" speed="13.82" pos="78.71" lane="2/2to1/2_0" slope="0.00"/>
        <vehicle id="17" x="184.88" y="401.65" angle="-90.00" type="DEFAULT_VEHTYPE" speed="10.09" pos="10.37" lane="1/2to0/2_0" slope="0.00"/>
        <vehicle id="2" x="108.08" y="401.65" angle="-90.00" type="DEFAULT_VEHTYPE" speed="12.72" pos="87.17" lane="1/2to0/2_0" slope="0.00"/>
        <vehicle id="20" x="201.65" y="174.04" angle="180.00" type="DEFAULT_VEHTYPE" speed="13.74" pos="174.04" lane="1/0to1/1_0" slope="0.00"/>
        <vehicle id="23" x="401.65" y="768.55" angle="180.00" type="DEFAULT_VEHTYPE" speed="13.88" pos="163.80" lane="2/3to2/4_0" slope="0.00"/>
        <vehicle id="7" x="598.55" y="596.67" angle="-31.68" type="DEFAULT_VEHTYPE" speed="7.25" pos="8.89" lane=":3/3_6_0" slope="0.00"/>
        <vehicle id="9" x="198.27" y="398.88" angle="96.16" type="DEFAULT_VEHTYPE" speed="3.64" pos="3.09" lane=":1/2_14_0" slope="0.00"/>
    </timestep>
    <timestep time="669.00">
        <vehicle id="12" x="302.64" y="401.65" angle="-90.00" type="DEFAULT_VEHTYPE" speed="13.90" pos="92.61" lane="2/2to1/2_0" slope="0.00"/>
        <vehicle id="17" x="172.48" y="401.65" angle="-90.00" type="DEFAULT_VEHTYPE" speed="12.40" pos="22.77" lane="1/2to0/2_0" slope="0.00"/>
        <vehicle id="2" x="95.36" y="401.65" angle="-90.00" type="DEFAULT_VEHTYPE" speed="12.72" pos="99.89" lane="1/2to0/2_0" slope="0.00"/>
        <vehicle id="20" x="201.65" y="187.83" angle="180.00" type="DEFAULT_VEHTYPE" speed="13.79" pos="187.83" lane="1/0to1/1_0" slope="0.00"/>
        <vehicle id="23" x="401.65" y="781.24" angle="180.00" type="DEFAULT_VEHTYPE" speed="12.70" pos="176.49" lane="2/3to2/4_0" slope="0.00"/>
        <vehicle id="7" x="598.35" y="587.39" angle="0.00" type="DEFAULT_VEHTYPE" speed="9.29" pos="7.86" lane="3/3to3/2_0" slope="0.00"/>
        <vehicle id="9" x="201.43" y="403.18" angle="146.78" type="DEFAULT_VEHTYPE" speed="5.65" pos="8.74" lane=":1/2_14_0" slope="0.00"/>
    </timestep>
    <timestep time="670.00">
        <vehicle id="12" x="289.14" y="401.65" angle="-90.00" type="DEFAULT_VEHTYPE" speed="13.51" pos="106.11" lane="2/2to1/2_0" slope="0.00"/>
        <vehicle id="17" x="159.24" y="401.65" angle="-90.00" type="DEFAULT_VEHTYPE" speed="13.24" pos="36.01" lane="1/2to0/2_0" slope="0.00"/>
        <vehicle id="2" x="82.40" y="401.65" angle="-90.00" type="DEFAULT_VEHTYPE" speed="12.96" pos="112.85" lane="1/2to0/2_0" slope="0.00"/>
        <vehicle id="20" x="205.38" y="198.35" angle="124.16" type="DEFAULT_VEHTYPE" speed="13.05" pos="0.63" lane="1/1to2/1_0" slope="0.00"/>
        <vehicle id="23" x="401.65" y="794.43" angle="180.00" type="DEFAULT_VEHTYPE" speed="13.18" pos="189.68" lane="2/3to2/4_0" slope="0.00"/>
        <vehicle id="7" x="598.35" y="575.87" angle="0.00" type="DEFAULT_VEHTYPE" speed="11.52" pos="19.38" lane="3/3to3/2_0" slope="0.00"/>
        <vehicle id="9" x="201.65" y="411.28" angle="180.00" type="DEFAULT_VEHTYPE" speed="8.11" pos="6.53" lane="1/2to1/3_0" slope="0.00"/>
    </timestep>
    <timestep time="671.00">
        <vehicle id="12" x="275.72" y="401.65" angle="-90.00" type="DEFAULT_VEHTYPE" speed="13.42" pos="119.53" lane="2/2to1/2_0" slope="0.00"/>
        <vehicle id="17" x="146.60" y="401.65" angle="-90.00" type="DEFAULT_VEHTYPE" speed="12.65" pos="48.65" lane="1/2to0/2_0" slope="0.00"/>
        <vehicle id="2" x="68.75" y="401.65" angle="-90.00" type="DEFAULT_VEHTYPE" speed="13.65" pos="126.50" lane="1/2to0/2_0" slope="0.00"/>
        <vehicle id="20" x="218.35" y="198.35" angle="90.00" type="DEFAULT_VEHTYPE" speed="12.97" pos="13.60" lane="1/1to2/1_0" slope="0.00"/>
        <vehicle id="23" x="398.35" y="796.89" angle="-14.69" type="DEFAULT_VEHTYPE" speed="13.50" pos="3.11" lane="2/4to2/3_0" slope="0.00"/>
        <vehicle id="7" x="598.35" y="562.70" angle="0.00" type="DEFAULT_VEHTYPE" speed="13.17" pos="32.55" lane="3/3to3/2_0" slope="0.00"/>
        <vehicle id="9" x="201.65" y="421.44" angle="180.00" type="DEFAULT_VEHTYPE" speed="10.17" pos="16.69" lane="1/2to1/3_0" slope="0.00"/>
    </timestep>
    <timestep time="672.00">
        <vehicle id="12" x="261.89" y="401.65" angle="-90.00" type="DEFAULT_VEHTYPE" speed="13.83" pos="133.36" lane="2/2to1/2_0" slope="0.00"/>
        <vehicle id="17" x="133.02" y="401.65" angle="-90.00" type="DEFAULT_VEHTYPE" speed="13.58" pos="62.23" lane="1/2to0/2_0" slope="0.00"/>
        <vehicle id="2" x="56.14" y="401.65" angle="-90.00" type="DEFAULT_VEHTYPE" speed="12.61" pos="139.11" lane="1/2to0/2_0" slope="0.00"/>
        <vehicle id="20" x="231.79" y="198.35" angle="90.00" type="DEFAULT_VEHTYPE" speed="13.44" pos="27.04" lane="1/1to2/1_0" slope="0.00"/>
        <vehicle id="23" x="398.35" y="783.40" angle="0.00" type="DEFAULT_VEHTYPE" speed="13.49" pos="16.60" lane="2/4to2/3_0" slope="0.00"/>
        <vehicle id="7" x="598.35" y="549.24" angle="0.00" type="DEFAULT_VEHTYPE" speed="13.46" pos="46.01" lane="3/3to3/2_0" slope="0.00"/>
        <vehicle id="9" x="201.65" y="433.03" angle="180.00" type="DEFAULT_VEHTYPE" speed="11.59" pos="28.28" lane="1/2to1/3_0" slope="0.00"/>
    </timestep>
    <timestep time="673.00">
        <vehicle id="12" x="248.79" y="401.65" angle="-90.00" type="DEFAULT_VEHTYPE" speed="13.10" pos="146.46" lane="2/2to1/2_0" slope="0.00"/>
        <vehicle id="17" x="119.59" y="401.65" angle="-90.00" type="DEFAULT_VEHTYPE" speed="13.43" pos="75.66" lane="1/2to0/2_0" slope="0.00"/>
        <vehicle id="2" x="42.60" y="401.65" angle="-90.00" type="DEFAULT_VEHTYPE" speed="13.54" pos="152.65" lane="1/2to0/2_0" slope="0.00"/>
        <vehicle id="20" x="244.43" y="198.35" angle="90.00" type="DEFAULT_VEHTYPE" speed="12.64" pos="39.68" lane="1/1to2/1_0" slope="0.00"/>
        <vehicle id="23" x="398.35" y="769.65" angle="0.00" type="DEFAULT_VEHTYPE" speed="13.75" pos="30.35" lane="2/4to2/3_0" slope="0.00"/>
        <vehicle id="7" x="598.35" y="536.62" angle="0.00" type="DEFAULT_VEHTYPE" speed="12.62" pos="58.63" lane="3/3to3/2_0" slope="0.00"/>
        <vehicle id="9" x="201.65" y="446.54" angle="180.00" type="DEFAULT_VEHTYPE" speed="13.50" pos="41.79" lane="1/2to1/3_0" slope="0.00"/>
    </timestep>
    <timestep time="674.00">
        <vehicle id="12" x="236.16" y="401.65" angle="-90.00" type="DEFAULT_VEHTYPE" speed="12.63" pos="159.09" lane="2/2to1/2_0" slope="0.00"/>
        <vehicle id="17" x="106.61" y="401.65" angle="-90.00" type="DEFAULT_VEHTYPE" speed="12.98" pos="88.64" lane="1/2to0/2_0" slope="0.00"/>
        <vehicle id="2" x="29.49" y="401.65" angle="-90.00" type="DEFAULT_VEHTYPE" speed="13.12" pos="165.76" lane="1/2to0/2_0" slope="0.00"/>
        <vehicle id="20" x="257.48" y="198.35" angle="90.00" type="DEFAULT_VEHTYPE" speed="13.04" pos="52.73" lane="1/1to2/1_0" slope="0.00"/>
        <vehicle id="23" x="398.35" y="756.68" angle="0.00" type="DEFAULT_VEHTYPE" speed="12.97" pos="43.32" lane="2/4to2/3_0" slope="0.00"/>
        <vehicle id="7" x="598.35" y="523.83" angle="0.00" type="DEFAULT_VEHTYPE" speed="12.79" pos="71.42" lane="3/3to3/2_0" slope="0.00"/>
        <vehicle id="9" x="201.65" y="459.24" angle="180.00" type="DEFAULT_VEHTYPE" speed="12.70" pos="54.49" lane="1/2to1/3_0" slope="0.00"/>
    </timestep>
    <timestep time="675.00">
        <vehicle id="12" x="224.90" y="401.65" angle="-90.00" type="DEFAULT_VEHTYPE" speed="11.26" pos="170.35" lane="2/2to1/2_0" slope="0.00"/>
        <vehicle id="17" x="93.80" y="401.65" angle="-90.00" type="DEFAULT_VEHTYPE" speed="12.82" pos="101.45" lane="1/2to0/2_0" slope="0.00"/>
        <vehicle id="2" x="15.79" y="401.65" angle="-90.00" type="DEFAULT_VEHTYPE" speed="13.70" pos="179.46" lane="1/2to0/2_0" slope="0.00"/>
        <vehicle id="20" x="270.36" y="198.35" angle="90.00" type="DEFAULT_VEHTYPE" speed="12.89" pos="65.61" lane="1/1to2/1_0" slope="0.00"/>
        <vehicle id="23" x="398.35" y="743.80" angle="0.00" type="DEFAULT_VEHTYPE" speed="12.88" pos="56.20" lane="2/4to2/3_0" slope="0.00"/>
        <vehicle id="7" x="598.35" y="511.01" angle="0.00" type="DEFAULT_VEHTYPE" speed="12.82" pos="84.24" lane="3/3to3/2_0" slope="0.00"/>
        <vehicle id="9" x="201.65" y="472.06" angle="180.00" type="DEFAULT_VEHTYPE" speed="12.82" pos="67.31" lane="1/2to1/3_0" slope="0.00"/>
    </timestep>
    <timestep time="676.00">
        <vehicle id="12" x="217.26" y="401.65" angle="-90.00" type="DEFAULT_VEHTYPE" speed="7.64" pos="177.99" lane="2/2to1/2_0" slope="0.00"/>
        <vehicle id="17" x="80.17" y="401.65" angle="-90.00" type="DEFAULT_VEHTYPE" speed="13.62" pos="115.08" lane="1/2to0/2_0" slope="0.00"/>
        <vehicle id="2" x="2.33" y="401.65" angle="-90.00" type="DEFAULT_VEHTYPE" speed="13.45" pos="192.92" lane="1/2to0/2_0" slope="0.00"/>
        <vehicle id="20" x="283.31" y="198.35" angle="90.00" type="DEFAULT_VEHTYPE" speed="12.94" pos="78.56" lane="1/1to2/1_0" slope="0.00"/>
        <vehicle id="23" x="398.35" y="730.21" angle="0.00" type="DEFAULT_VEHTYPE" speed="13.59" pos="69.79" lane="2/4to2/3_0" slope="0.00"/>
        <vehicle id="7" x="598.35" y="498.14" angle="0.00" type="DEFAULT_VEHTYPE" speed="12.87" pos="97.11" lane="3/3to3/2_0" slope="0.00"/>
        <vehicle id="9" x="201.65" y="485.23" angle="180.00" type="DEFAULT_VEHTYPE" speed="13.18" pos="80.48" lane="1/2to1/3_0" slope="0.00"/>
    </timestep>
    <timestep time="677.00">
        <vehicle id="12" x="211.34" y="401.65" angle="-90.00" type="DEFAULT_VEHTYPE" speed="5.92" pos="183.91" lane="2/2to1/2_0" slope="0.00"/>
        <vehicle id="17" x="67.32" y="401.65" angle="-90.00" type="DEFAULT_VEHTYPE" speed="12.85" pos="127.93" lane="1/2to0/2_0" slope="0.00"/>
        <vehicle id="2" x="6.09" y="398.35" angle="90.00" type="DEFAULT_VEHTYPE" speed="13.24" pos="6.09" lane="0/2to1/2_0" slope="0.00"/>
        <vehicle id="20" x="296.20" y="198.35" angle="90.00" type="DEFAULT_VEHTYPE" speed="12.89" pos="91.45" lane="1/1to2/1_0" slope="0.00"/>
        <vehicle id="23" x="398.35" y="716.32" angle="0.00" type="DEFAULT_VEHTYPE" speed="13.89" pos="83.68" lane="2/4to2/3_0" slope="0.00"/>
        <vehicle id="7" x="598.35" y="484.62" angle="0.00" type="DEFAULT_VEHTYPE" speed="13.53" pos="110.63" lane="3/3to3/2_0" slope="0.00"/>
        <vehicle id="9" x="201.65" y="498.83" angle="180.00" type="DEFAULT_VEHTYPE" speed="13.60" pos="94.08" lane="1/2to1/3_0" slope="0.00"/>
    </timestep>
    <timestep time="678.00">
        <vehicle id="12" x="203.52" y="401.65" angle="-90.00" type="DEFAULT_VEHTYPE" speed="7.82" pos="1.23" lane=":1/2_5_0" slope="0.00"/>
        <vehicle id="17" x="54.23" y="401.65" angle="-90.00" type="DEFAULT_VEHTYPE" speed="13.09" pos="141.02" lane="1/2to0/2_0" slope="0.00"/>
        <vehicle id="2" x="19.56" y="398.35" angle="90.00" type="DEFAULT_VEHTYPE" speed="13.48" pos="19.56" lane="0/2to1/2_0" slope="0.00"/>
        <vehicle id="20" x="309.46" y="198.35" angle="90.00" type="DEFAULT_VEHTYPE" speed="13.26" pos="104.71" lane="1/1to2/1_0" slope="0.00"/>
        <vehicle id="23" x="398.35" y="703.18" angle="0.00" type="DEFAULT_VEHTYPE" speed="13.15" pos="96.82" lane="2/4to2/3_0" slope="0.00"/>
        <vehicle id="7" x="598.35" y="471.02" angle="0.00" type="DEFAULT_VEHTYPE" speed="13.60" pos="124.23" lane="3/3to3/2_0" slope="0.00"/>
        <vehicle id="9" x="201.65" y="511.81" angle="180.00" type="DEFAULT_VEHTYPE" speed="12.98" pos="107.06" lane="1/2to1/3_0" slope="0.00"/>
    </timestep>
    <timestep time="679.00">
        <vehicle id="12" x="193.41" y="401.65" angle="-90.00" type="DEFAULT_VEHTYPE" speed="10.11" pos="1.84" lane="1/2to0/2_0" slope="0.00"/>
        <vehicle id="17" x="40.51" y="401.65" angle="-90.00" type="DEFAULT_VEHTYPE" speed="13.72" pos="154.74" lane="1/2to0/2_0" slope="0.00"/>
        <vehicle id="2" x="32.55" y="398.35" angle="90.00" type="DEFAULT_VEHTYPE" speed="12.99" pos="32.55" lane="0/2to1/2_0" slope="0.00"/>
        <vehicle id="20" x="323.13" y="198.35" angle="90.00" type="DEFAULT_VEHTYPE" speed="13.67" pos="118.38" lane="1/1to2/1_0" slope="0.00"/>
        <vehicle id="23" x="398.35" y="689.94" angle="0.00" type="DEFAULT_VEHTYPE" speed="13.24" pos="110.06" lane="2/4to2/3_0" slope="0.00"/>
        <vehicle id="7" x="598.35" y="457.96" angle="0.00" type="DEFAULT_VEHTYPE" speed="13.06" pos="137.29" lane="3/3to3/2_0" slope="0.00"/>
        <vehicle id="9" x="201.65" y="525.19" angle="180.00" type="DEFAULT_VEHTYPE" speed="13.39" pos="120.44" lane="1/2to1/3_0" slope="0.00"/>
    </timestep>
    <timestep time="680.00">
        <vehicle id="12" x="181.56" y="401.65" angle="-90.00" type="DEFAULT_VEHTYPE" speed="11.85" pos="13.69" lane="1/2to0/2_0" slope="0.00"/>
        <vehicle id="17" x="27.70" y="401.65" angle="-90.00" type="DEFAULT_VEHTYPE" speed="12.81" pos="167.55" lane="1/2to0/2_0" slope="0.00"/>
        <vehicle id="2" x="45.30" y="398.35" angle="90.00" type="DEFAULT_VEHTYPE" speed="12.75" pos="45.30" lane="0/2to1/2_0" slope="0.00"/>
        <vehicle id="20" x="336.10" y="198.35" angle="90.00" type="DEFAULT_VEHTYPE" speed="12.96" pos="131.35" lane="1/1to2/1_0" slope="0.00"/>
        <vehicle id="23" x="398.35" y="676.21" angle="0.00" type="DEFAULT_VEHTYPE" speed="13.73" pos="123.79" lane="2/4to2/3_0" slope="0.00"/>
        <vehicle id="7" x="598.35" y="444.55" angle="0.00" type="DEFAULT_VEHTYPE" speed="13.41" pos="150.70" lane="3/3to3/2_0" slope="0.00"/>
        <vehicle id="9" x="201.65" y="538.15" angle="180.00" type="DEFAULT_VEHTYPE" speed="12.96" pos="133.40" lane="1/2to1/3_0" slope="0.00"/>
    </timestep>
    <timestep time="681.00">
        <vehicle id="12" x="167.97" y="401.65" angle="-90.00" type="DEFAULT_VEHTYPE" speed="13.59" pos="27.28" lane="1/2to0/2_0" slope="0.00"/>
        <vehicle id="17" x="14.67" y="401.65" angle="-90.00" type="DEFAULT_VEHTYPE" speed="13.03" pos="180.58" lane="1/2to0/2_0" slope="0.00"/>
        <vehicle id="2" x="58.87" y="398.35" angle="90.00" type="DEFAULT_VEHTYPE" speed="13.57" pos="58.87" lane="0/2to1/2_0" slope="0.00"/>
        <vehicle id="20" x="349.09" y="198.35" angle="90.00" type="DEFAULT_VEHTYPE" speed="12.99" pos="144.34" lane="1/1to2/1_0" slope="0.00"/>
        <vehicle id="23" x="398.35" y="662.71" angle="0.00" type="DEFAULT_VEHTYPE" speed="13.50" pos="137.29" lane="2/4to2/3_0" slope="0.00"/>
        <vehicle id="7" x="598.35" y="430.87" angle="0.00" type="DEFAULT_VEHTYPE" speed="13.68" pos="164.38" lane="3/3to3/2_0" slope="0.00"/>
        <vehicle id="9" x="201.65" y="551.68" angle="180.00" type="DEFAULT_VEHTYPE" speed="13.53" pos="146.93" lane="1/2to1/3_0" slope="0.00"/>
    </timestep>
    <timestep time="682.00">
        <vehicle id="12" x="154.93" y="401.65" angle="-90.00" type="DEFAULT_VEHTYPE" speed="13.04" pos="40.32" lane="1/2to0/2_0" slope="0.00"/>
        <vehicle id="17" x="0.98" y="401.65" angle="-90.00" type="DEFAULT_VEHTYPE" speed="13.69" pos="194.27" lane="1/2to0/2_0" slope="0.00"/>
        <vehicle id="2" x="71.94" y="398.35" angle="90.00" type="DEFAULT_VEHTYPE" speed="13.08" pos="71.94" lane="0/2to1/2_0" slope="0.00"/>
        <vehicle id="20" x="362.44" y="198.35" angle="90.00" type="DEFAULT_VEHTYPE" speed="13.35" pos="157.69" lane="1/1to2/1_0" slope="0.00"/>
        <vehicle id="23" x="398.35" y="649.35" angle="0.00" type="DEFAULT_VEHTYPE" speed="13.36" pos="150.65" lane="2/4to2/3_0" slope="0.00"/>
        <vehicle id="7" x="598.35" y="417.20" angle="0.00" type="DEFAULT_VEHTYPE" speed="13.67" pos="178.05" lane="3/3to3/2_0" slope="0.00"/>
        <vehicle id="9" x="201.65" y="564.36" angle="180.00" type="DEFAULT_VEHTYPE" speed="12.68" pos="159.61" lane="1/2to1/3_0" slope="0.00"/>
    </timestep>
    <timestep time="683.00">
        <vehicle id="12" x="142.06" y="401.65" angle="-90.00" type="DEFAULT_VEHTYPE" speed="12.87" pos="53.19" lane="1/2to0/2_0" slope="0.00"/>
        <vehicle id="17" x="7.25" y="398.35" angle="90.00" type="DEFAULT_VEHTYPE" speed="13.05" pos="7.25" lane="0/2to1/2_0" slope="0.00"/>
        <vehicle id="2" x="85.45" y="398.35" angle="90.00" type="DEFAULT_VEHTYPE" speed="13.50" pos="85.45" lane="0/2to1/2_0" slope="0.00"/>
        <vehicle id="20" x="374.78" y="198.35" angle="90.00" type="DEFAULT_VEHTYPE" speed="12.34" pos="170.03" lane="1/1to2/1_0" slope="0.00"/>
        <vehicle id="23" x="398.35" y="635.50" angle="0.00" type="DEFAULT_VEHTYPE" speed="13.85" pos="164.50" lane="2/4to2/3_0" slope="0.00"/>
        <vehicle id="7" x="598.32" y="404.51" angle="-0.38" type="DEFAULT_VEHTYPE" speed="12.69" pos="0.24" lane=":3/2_0_0" slope="0.00"/>
        <vehicle id="9" x="201.65" y="577.42" angle="180.00" type="DEFAULT_VEHTYPE" speed="13.06" pos="172.67" lane="1/2to1/3_0" slope="0.00"/>
    </timestep>
    <timestep time="684.00">
        <vehicle id="12" x="128.27" y="401.65" angle="-90.00" type="DEFAULT_VEHTYPE" speed="13.80" pos="66.98" lane="1/2to0/2_0" slope="0.00"/>
        <vehicle id="17" x="20.74" y="398.35" angle="90.00" type="DEFAULT_VEHTYPE" speed="13.49" pos="20.74" lane="0/2to1/2_0" slope="0.00"/>
        <vehicle id="2" x="98.48" y="398.35" angle="90.00" type="DEFAULT_VEHTYPE" speed="13.04" pos="98.48" lane="0/2to1/2_0" slope="0.00"/>
        <vehicle id="20" x="383.23" y="198.35" angle="90.00" type="DEFAULT_VEHTYPE" speed="8.45" pos="178.48" lane="1/1to2/1_0" slope="0.00"/>
        <vehicle id="23" x="398.35" y="621.91" angle="0.00" type="DEFAULT_VEHTYPE" speed="13.59" pos="178.09" lane="2/4to2/3_0" slope="0.00"/>
        <vehicle id="7" x="586.13" y="401.65" angle="-90.00" type="DEFAULT_VEHTYPE" speed="13.88" pos="9.12" lane="3/2to2/2_0" slope="0.00"/>
        <vehicle id="9" x="201.65" y="590.77" angle="180.00" type="DEFAULT_VEHTYPE" speed="13.34" pos="186.02" lane="1/2to1/3_0" slope="0.00"/>
    </timestep>
    <timestep time="685.00">
        <vehicle id="12" x="114.83" y="401.65" angle="-90.00" type="DEFAULT_VEHTYPE" speed="13.44" pos="80.42" lane="1/2to0/2_0" slope="0.00"/>
        <vehicle id="17" x="33.35" y="398.35" angle="90.00" type="DEFAULT_VEHTYPE" speed="12.61" pos="33.35" lane="0/2to1/2_0" slope="0.00"/>
        <vehicle id="2" x="111.58" y="398.35" angle="90.00" type="DEFAULT_VEHTYPE" speed="13.09" pos="111.58" lane="0/2to1/2_0" slope="0.00"/>
        <vehicle id="20" x="388.80" y="198.35" angle="90.00" type="DEFAULT_VEHTYPE" speed="5.57" pos="184.05" lane="1/1to2/1_0" slope="0.00"/>
        <vehicle id="23" x="398.35" y="609.02" angle="0.00" type="DEFAULT_VEHTYPE" speed="12.89" pos="190.98" lane="2/4to2/3_0" slope="0.00"/>
        <vehicle id="7" x="573.45" y="401.65" angle="-90.00" type="DEFAULT_VEHTYPE" speed="12.69" pos="21.80" lane="3/2to2/2_0" slope="0.00"/>
        <vehicle id="9" x="208.77" y="598.35" angle="91.57" type="DEFAULT_VEHTYPE" speed="13.50" pos="4.02" lane="1/3to2/3_0" slope="0.00"/>
    </timestep>
    <timestep time="686.00">
        <vehicle id="12" x="102.10" y="401.65" angle="-90.00" type="DEFAULT_VEHTYPE" speed="12.73" pos="93.15" lane="1/2to0/2_0" slope="0.00"/>
        <vehicle id="17" x="47.02" y="398.35" angle="90.00" type="DEFAULT_VEHTYPE" speed="13.67" pos="47.02" lane="0/2to1/2_0" slope="0.00"/>
        <vehicle id="2" x="124.99" y="398.35" angle="90.00" type="DEFAULT_VEHTYPE" speed="13.41" pos="124.99" lane="0/2to1/2_0" slope="0.00"/>
        <vehicle id="20" x="396.77" y="198.35" angle="90.00" type="DEFAULT_VEHTYPE" speed="7.97" pos="1.52" lane=":2/1_13_0" slope="0.00"/>
        <vehicle id="23" x="398.35" y="595.26" angle="0.00" type="DEFAULT_VEHTYPE" speed="13.76" pos="9.49" lane=":2/3_1_0" slope="0.00"/>
        <vehicle id="7" x="559.76" y="401.65" angle="-90.00" type="DEFAULT_VEHTYPE" speed="13.69" pos="35.49" lane="3/2to2/2_0" slope="0.00"/>
        <vehicle id="9" x="221.77" y="598.35" angle="90.00" type="DEFAULT_VEHTYPE" speed="13.01" pos="17.02" lane="1/3to2/3_0" slope="0.00"/>
    </timestep>
    <timestep time="687.00">
        <vehicle id="12" x="88.70" y="401.65" angle="-90.00" type="DEFAULT_VEHTYPE" speed="13.41" pos="106.55" lane="1/2to0/2_0" slope="0.00"/>
        <vehicle id="17" x="60.78" y="398.35" angle="90.00" type="DEFAULT_VEHTYPE" speed="13.77" pos="60.78" lane="0/2to1/2_0" slope="0.00"/>
        <vehicle id="2" x="138.23" y="398.35" angle="90.00" type="DEFAULT_VEHTYPE" speed="13.24" pos="138.23" lane="0/2to1/2_0" slope="0.00"/>
        <vehicle id="20" x="407.05" y="198.35" angle="90.00" type="DEFAULT_VEHTYPE" speed="10.28" pos="2.30" lane="2/1to3/1_0" slope="0.00"/>
        <vehicle id="23" x="398.35" y="581.71" angle="0.00" type="DEFAULT_VEHTYPE" speed="13.56" pos="13.54" lane="2/3to2/2_0" slope="0.00"/>
        <vehicle id="7" x="545.89" y="401.65" angle="-90.00" type="DEFAULT_VEHTYPE" speed="13.87" pos="49.36" lane="3/2to2/2_0" slope="0.00"/>
        <vehicle id="9" x="234.47" y="598.35" angle="90.00" type="DEFAULT_VEHTYPE" speed="12.69" pos="29.72" lane="1/3to2/3_0" slope="0.00"/>
    </timestep>
    <timestep time="688.00">
        <vehicle id="12" x="75.89" y="401.65" angle="-90.00" type="DEFAULT_VEHTYPE" speed="12.80" pos="119.36" lane="1/2to0/2_0" slope="0.00"/>
        <vehicle id="17" x="73.60" y="398.35" angle="90.00" type="DEFAULT_VEHTYPE" speed="12.82" pos="73.60" lane="0/2to1/2_0" slope="0.00"/>
        <vehicle id="2" x="151.91" y="398.35" angle="90.00" type="DEFAULT_VEHTYPE" speed="13.68" pos="151.91" lane="0/2to1/2_0" slope="0.00"/>
        <vehicle id="20" x="419.14" y="198.35" angle="90.00" type="DEFAULT_VEHTYPE" speed="12.09" pos="14.39" lane="2/1to3/1_0" slope="0.00"/>
        <vehicle id="23" x="398.35" y="568.26" angle="0.00" type="DEFAULT_VEHTYPE" speed="13.45" pos="26.99" lane="2/3to2/2_0" slope="0.00"/>
        <vehicle id="7" x="532.63" y="401.65" angle="-90.00" type="DEFAULT_VEHTYPE" speed="13.26" pos="62.62" lane="3/2to2/2_0" slope="0.00"/>
        <vehicle id="9" x="248.30" y="598.35" angle="90.00" type="DEFAULT_VEHTYPE" speed="13.84" pos="43.55" lane="1/3to2/3_0" slope="0.00"/>
    </timestep>
    <timestep time="689.00">
        <vehicle id="12" x="62.32" y="401.65" angle="-90.00" type="DEFAULT_VEHTYPE" speed="13.57" pos="132.93" lane="1/2to0/2_0" slope="0.00"/>
        <vehicle id="17" x="86.35" y="398.35" angle="90.00" type="DEFAULT_VEHTYPE" speed="12.75" pos="86.35" lane="0/2to1/2_0" slope="0.00"/>
        <vehicle id="2" x="165.13" y="398.35" angle="90.00" type="DEFAULT_VEHTYPE" speed="13.22" pos="165.13" lane="0/2to1/2_0" slope="0.00"/>
        <vehicle id="20" x="432.74" y="198.35" angle="90.00" type="DEFAULT_VEHTYPE" speed="13.60" pos="27.99" lane="2/1to3/1_0" slope="0.00"/>
        <vehicle id="23" x="398.35" y="554.88" angle="0.00" type="DEFAULT_VEHTYPE" speed="13.38" pos="40.37" lane="2/3to2/2_0" slope="0.00"/>
        <vehicle id="7" x="518.90" y="401.65" angle="-90.00" type="DEFAULT_VEHTYPE" speed="13.73" pos="76.35" lane="3/2to2/2_0" slope="0.00"/>
        <vehicle id="9" x="261.98" y="598.35" angle="90.00" type="DEFAULT_VEHTYPE" speed="13.68" pos="57.23" lane="1/3to2/3_0" slope="0.00"/>
    </timestep>
    <timestep time="690.00">
        <vehicle id="12" x="49.17" y="401.65" angle="-90.00" type="DEFAULT_VEHTYPE" speed="13.14" pos="146.08" lane="1/2to0/2_0" slope="0.00"/>
        <vehicle id="17" x="100.22" y="398.35" angle="90.00" type="DEFAULT_VEHTYPE" speed="13.87" pos="100.22" lane="0/2to1/2_0" slope="0.00"/>
        <vehicle id="2" x="176.69" y="398.35" angle="90.00" type="DEFAULT_VEHTYPE" speed="11.56" pos="176.69" lane="0/2to1/2_0" slope="0.00"/>
        <vehicle id="20" x="446.09" y="198.35" angle="90.00" type="DEFAULT_VEHTYPE" speed="13.35" pos="41.34" lane="2/1to3/1_0" slope="0.00"/>
        <vehicle id="23" x="398.35" y="542.08" angle="0.00" type="DEFAULT_VEHTYPE" speed="12.80" pos="53.17" lane="2/3to2/2_0" slope="0.00"/>
        <vehicle id="7" x="506.16" y="401.65" angle="-90.00" type="DEFAULT_VEHTYPE" speed="12.74" pos="89.09" lane="3/2to2/2_0" slope="0.00"/>
        <vehicle id="9" x="275.63" y="598.35" angle="90.00" type="DEFAULT_VEHTYPE" speed="13.65" pos="70.88" lane="1/3to2/3_0" slope="0.00"/>
    </timestep>
    <timestep time="691.00">
        <vehicle id="12" x="36.45" y="401.65" angle="-90.00" type="DEFAULT_VEHTYPE" speed="12.72" pos="158.80" lane="1/2to0/2_0" slope="0.00"/>
        <vehicle id="17" x="113.05" y="398.35" angle="90.00" type="DEFAULT_VEHTYPE" speed="12.83" pos="113.05" lane="0/2to1/2_0" slope="0.00"/>
        <vehicle id="2" x="184.06" y="398.35" angle="90.00" type="DEFAULT_VEHTYPE" speed="7.37" pos="184.06" lane="0/2to1/2_0" slope="0.00"/>
        <vehicle id="20" x="459.43" y="198.35" angle="90.00" type="DEFAULT_VEHTYPE" speed="13.34" pos="54.68" lane="2/1to3/1_0" slope="0.00"/>
        <vehicle id="23" x="398.35" y="529.18" angle="0.00" type="DEFAULT_VEHTYPE" speed="12.90" pos="66.07" lane="2/3to2/2_0" slope="0.00"/>
        <vehicle id="7" x="493.27" y="401.65" angle="-90.00" type="DEFAULT_VEHTYPE" speed="12.90" pos="101.98" lane="3/2to2/2_0" slope="0.00"/>
        <vehicle id="9" x="288.44" y="598.35" angle="90.00" type="DEFAULT_VEHTYPE" speed="12.81" pos="83.69" lane="1/3to2/3_0" slope="0.00"/>
    </timestep>
    <timestep time="692.00">
        <vehicle id="12" x="23.83" y="401.65" angle="-90.00" type="DEFAULT_VEHTYPE" speed="12.62" pos="171.42" lane="1/2to0/2_0" slope="0.00"/>
        <vehicle id="17" x="125.87" y="398.35" angle="90.00" type="DEFAULT_VEHTYPE" speed="12.81" pos="125.87" lane="0/2to1/2_0" slope="0.00"/>
        <vehicle id="2" x="188.80" y="398.35" angle="90.00" type="DEFAULT_VEHTYPE" speed="4.75" pos="188.80" lane="0/2to1/2_0" slope="0.00"/>
        <vehicle id="20" x="472.22" y="198.35" angle="90.00" type="DEFAULT_VEHTYPE" speed="12.79" pos="67.47" lane="2/1to3/1_0" slope="0.00"/>
        <vehicle id="23" x="398.35" y="516.13" angle="0.00" type="DEFAULT_VEHTYPE" speed="13.05" pos="79.12" lane="2/3to2/2_0" slope="0.00"/>
        <vehicle id="7" x="480.31" y="401.65" angle="-90.00" type="DEFAULT_VEHTYPE" speed="12.96" pos="114.94" lane="3/2to2/2_0" slope="0.00"/>
        <vehicle id="9" x="302.10" y="598.35" angle="90.00" type="DEFAULT_VEHTYPE" speed="13.66" pos="97.35" lane="1/3to2/3_0" slope="0.00"/>
    </timestep>
    <timestep time="693.00">
        <vehicle id="12" x="10.68" y="401.65" angle="-90.00" type="DEFAULT_VEHTYPE" speed="13.15" pos="184.57" lane="1/2to0/2_0" slope="0.00"/>
        <vehicle id="17" x="138.82" y="398.35" angle="90.00" type="DEFAULT_VEHTYPE" speed="12.95" pos="138.82" lane="0/2to1/2_0" slope="0.00"/>
        <vehicle id="2" x="196.12" y="398.47" angle="91.43" type="DEFAULT_VEHTYPE" speed="7.33" pos="0.88" lane=":1/2_14_0" slope="0.00"/>
        <vehicle id="20" x="485.12" y="198.35" angle="90.00" type="DEFAULT_VEHTYPE" speed="12.90" pos="80.37" lane="2/1to3/1_0" slope="0.00"/>
        <vehicle id="23" x="398.35" y="502.69" angle="0.00" type="DEFAULT_VEHTYPE" speed="13.44" pos="92.56" lane="2/3to2/2_0" slope="0.00"/>
        <vehicle id="7" x="466.45" y="401.65" angle="-90.00" type="DEFAULT_VEHTYPE" speed="13.86" pos="128.80" lane="3/2to2/2_0" slope="0.00"/>
        <vehicle id="9" x="315.46" y="598.35" angle="90.00" type="DEFAULT_VEHTYPE" speed="13.36" pos="110.71" lane="1/3to2/3_0" slope="0.00"/>
    </timestep>
    <timestep time="694.00">
        <vehicle id="12" x="-1.48" y="399.67" angle="-61.78" type="DEFAULT_VEHTYPE" speed="13.47" pos="2.79" lane=":0/2_0_0" slope="0.00"/>
        <vehicle id="17" x="152.64" y="398.35" angle="90.00" type="DEFAULT_VEHTYPE" speed="13.83" pos="152.64" lane="0/2to1/2_0" slope="0.00"/>
        <vehicle id="2" x="201.65" y="405.04" angle="163.76" type="DEFAULT_VEHTYPE" speed="9.73" pos="0.29" lane="1/2to1/3_0" slope="0.00"/>
        <vehicle id="20" x="498.88" y="198.35" angle="90.00" type="DEFAULT_VEHTYPE" speed="13.76" pos="94.13" lane="2/1to3/1_0" slope="0.00"/>
        <vehicle id="23" x="398.35" y="489.01" angle="0.00" type="DEFAULT_VEHTYPE" speed="13.68" pos="106.24" lane="2/3to2/2_0" slope="0.00"/>
        <vehicle id="7" x="453.16" y="401.65" angle="-90.00" type="DEFAULT_VEHTYPE" speed="13.29" pos="142.09" lane="3/2to2/2_0" slope="0.00"/>
        <vehicle id="9" x="329.14" y="598.35" angle="90.00" type="DEFAULT_VEHTYPE" speed="13.68" pos="124.39" lane="1/3to2/3_0" slope="0.00"/>
    </timestep>
    <timestep time="695.00">
        <vehicle id="12" x="11.42" y="398.35" angle="90.00" type="DEFAULT_VEHTYPE" speed="13.46" pos="11.42" lane="0/2to1/2_0" slope="0.00"/>
        <vehicle id="17" x="166.04" y="398.35" angle="90.00" type="DEFAULT_VEHTYPE" speed="13.39" pos="166.04" lane="0/2to1/2_0" slope="0.00"/>
        <vehicle id="2" x="201.65" y="416.20" angle="180.00" type="DEFAULT_VEHTYPE" speed="11.16" pos="11.45" lane="1/2to1/3_0" slope="0.00"/>
        <vehicle id="20" x="511.60" y="198.35" angle="90.00" type="DEFAULT_VEHTYPE" speed="12.72" pos="106.85" lane="2/1to3/1_0" slope="0.00"/>
        <vehicle id="23" x="398.35" y="475.84" angle="0.00" type="DEFAULT_VEHTYPE" speed="13.18" pos="119.41" lane="2/3to2/2_0" slope="0.00"/>
        <vehicle id="7" x="440.42" y="401.65" angle="-90.00" type="DEFAULT_VEHTYPE" speed="12.74" pos="154.83" lane="3/2to2/2_0" slope="0.00"/>
        <vehicle id="9" x="342.84" y="598.35" angle="90.00" type="DEFAULT_VEHTYPE" speed="13.71" pos="138.09" lane="1/3to2/3_0" slope="0.00"/>
    </timestep>
    <timestep time="696.00">
        <vehicle id="12" x="24.29" y="398.35" angle="90.00" type="DEFAULT_VEHTYPE" speed="12.87" pos="24.29" lane="0/2to1/2_0" slope="0.00"/>
        <vehicle id="17" x="177.28" y="398.35" angle="90.00" type="DEFAULT_VEHTYPE" speed="11.25" pos="177.28" lane="0/2to1/2_0" slope="0.00"/>
        <vehicle id="2" x="201.65" y="429.79" angle="180.00" type="DEFAULT_VEHTYPE" speed="13.59" pos="25.04" lane="1/2to1/3_0" slope="0.00"/>
        <vehicle id="20" x="524.96" y="198.35" angle="90.00" type="DEFAULT_VEHTYPE" speed="13.37" pos="120.21" lane="2/1to3/1_0" slope="0.00"/>
        <vehicle id="23" x="398.35" y="463.20" angle="0.00" type="DEFAULT_VEHTYPE" speed="12.64" pos="132.05" lane="2/3to2/2_0" slope="0.00"/>
        <vehicle id="7" x="427.58" y="401.65" angle="-90.00" type="DEFAULT_VEHTYPE" speed="12.84" pos="167.67" lane="3/2to2/2_0" slope="0.00"/>
        <vehicle id="9" x="355.46" y="598.35" angle="90.00" type="DEFAULT_VEHTYPE" speed="12.62" pos="150.71" lane="1/3to2/3_0" slope="0.00"/>
    </timestep>
    <timestep time="697.00">
        <vehicle id="12" x="37.75" y="398.35" angle="90.00" type="DEFAULT_VEHTYPE" speed="13.46" pos="37.75" lane="0/2to1/2_0" slope="0.00"/>
        <vehicle id="17" x="184.76" y="398.35" angle="90.00" type="DEFAULT_VEHTYPE" speed="7.48" pos="184.76" lane="0/2to1/2_0" slope="0.00"/>
        <vehicle id="2" x="201.65" y="443.42" angle="180.00" type="DEFAULT_VEHTYPE" speed="13.63" pos="38.67" lane="1/2to1/3_0" slope="0.00"/>
        <vehicle id="20" x="538.27" y="198.35" angle="90.00" type="DEFAULT_VEHTYPE" speed="13.31" pos="133.52" lane="2/1to3/1_0" slope="0.00"/>
        <vehicle id="23" x="398.35" y="450.17" angle="0.00" type="DEFAULT_VEHTYPE" speed="13.03" pos="145.08" lane="2/3to2/2_0" slope="0.00"/>
        <vehicle id="7" x="419.04" y="401.65" angle="-90.00" type="DEFAULT_VEHTYPE" speed="8.54" pos="176.21" lane="3/2to2/2_0" slope="0.00"/>
        <vehicle id="9" x="368.66" y="598.35" angle="90.00" type="DEFAULT_VEHTYPE" speed="13.19" pos="163.91" lane="1/3to2/3_0" slope="0.00"/>
    </timestep>
    <timestep time="698.00">
        <vehicle id="12" x="50.71" y="398.35" angle="90.00" type="DEFAULT_VEHTYPE" speed="12.96" pos="50.71" lane="0/2to1/2_0" slope="0.00"/>
        <vehicle id="17" x="189.68" y="398.35" angle="90.00" type="DEFAULT_VEHTYPE" speed="4.92" pos="189.68" lane="0/2to1/2_0" slope="0.00"/>
        <vehicle id="2" x="201.65" y="457.04" angle="180.00" type="DEFAULT_VEHTYPE" speed="13.62" pos="52.29" lane="1/2to1/3_0" slope="0.00"/>
        <vehicle id="20" x="551.65" y="198.35" angle="90.00" type="DEFAULT_VEHTYPE" speed="13.38" pos="146.90" lane="2/1to3/1_0" slope="0.00"/>
        <vehicle id="23" x="398.35" y="436.27" angle="0.00" type="DEFAULT_VEHTYPE" speed="13.90" pos="158.98" lane="2/3to2/2_0" slope="0.00"/>
        <vehicle id="7" x="413.57" y="401.65" angle="-90.00" type="DEFAULT_VEHTYPE" speed="5.48" pos="181.68" lane="3/2to2/2_0" slope="0.00"/>
        <vehicle id="9" x="378.56" y="598.35" angle="90.00" type="DEFAULT_VEHTYPE" speed="9.90" pos="173.81" lane="1/3to2/3_0" slope="0.00"/>
    </timestep>
    <timestep time="699.00">
        <vehicle id="12" x="63.82" y="398.35" angle="90.00" type="DEFAULT_VEHTYPE" speed="13.11" pos="63.82" lane="0/2to1/2_0" slope="0.00"/>
        <vehicle id="17" x="197.11" y="398.62" angle="93.05" type="DEFAULT_VEHTYPE" speed="7.45" pos="1.88" lane=":1/2_14_0" slope="0.00"/>
        <vehicle id="2" x="201.65" y="470.19" angle="180.00" type="DEFAULT_VEHTYPE" speed="13.15" pos="65.44" lane="1/2to1/3_0" slope="0.00"/>
        <vehicle id="20" x="564.86" y="198.35" angle="90.00" type="DEFAULT_VEHTYPE" speed="13.21" pos="160.11" lane="2/1to3/1_0" slope="0.00"/>
        <vehicle id="23" x="398.35" y="423.10" angle="0.00" type="DEFAULT_VEHTYPE" speed="13.17" pos="172.15" lane="2/3to2/2_0" slope="0.00"/>
        <vehicle id="7" x="409.60" y="401.65" angle="-90.00" type="DEFAULT_VEHTYPE" speed="3.96" pos="185.65" lane="3/2to2/2_0" slope="0.00"/>
        <vehicle id="9" x="385.83" y="598.35" angle="90.00" type="DEFAULT_VEHTYPE" speed="7.26" pos="181.08" lane="1/3to2/3_0" slope="0.00"/>
    </timestep>
    <timestep time="700.00">
        <vehicle id="12" x="77.11" y="398.35" angle="90.00" type="DEFAULT_VEHTYPE" speed="13.29" pos="77.11" lane="0/2to1/2_0" slope="0.00"/>
        <vehicle id="17" x="201.65" y="406.13" angle="170.55" type="DEFAULT_VEHTYPE" speed="9.82" pos="1.38" lane="1/2to1/3_0" slope="0.00"/>
        <vehicle id="2" x="201.65" y="483.50" angle="180.00" type="DEFAULT_VEHTYPE" speed="13.31" pos="78.75" lane="1/2to1/3_0" slope="0.00"/>
        <vehicle id="20" x="576.07" y="198.35" angle="90.00" type="DEFAULT_VEHTYPE" speed="11.21" pos="171.32" lane="2/1to3/1_0" slope="0.00"/>
        <vehicle id="23" x="398.35" y="410.22" angle="0.00" type="DEFAULT_VEHTYPE" speed="12.89" pos="185.03" lane="2/3to2/2_0" slope="0.00"/>
        <vehicle id="7" x="403.81" y="401.52" angle="-88.46" type="DEFAULT_VEHTYPE" speed="5.81" pos="0.95" lane=":2/2_6_0" slope="0.00"/>
        <vehicle id="9" x="389.28" y="598.35" angle="90.00" type="DEFAULT_VEHTYPE" speed="3.45" pos="184.53" lane="1/3to2/3_0" slope="0.00"/>
    </timestep>
    <timestep time="701.00">
        <vehicle id="12" x="89.79" y="398.35" angle="90.00" type="DEFAULT_VEHTYPE" speed="12.67" pos="89.79" lane="0/2to1/2_0" slope="0.00"/>
        <vehicle id="17" x="201.65" y="418.46" angle="180.00" type="DEFAULT_VEHTYPE" speed="12.33" pos="13.71" lane="1/2to1/3_0" slope="0.00"/>
        <vehicle id="2" x="201.65" y="496.49" angle="180.00" type="DEFAULT_VEHTYPE" speed="12.98" pos="91.74" lane="1/2to1/3_0" slope="0.00"/>
        <vehicle id="20" x="584.30" y="198.35" angle="90.00" type="DEFAULT_VEHTYPE" speed="8.24" pos="179.55" lane="2/1to3/1_0" slope="0.00"/>
        <vehicle id="23" x="392.51" y="401.65" angle="-82.40" type="DEFAULT_VEHTYPE" speed="13.20" pos="2.74" lane="2/2to1/2_0" slope="0.00"/>
        <vehicle id="7" x="398.62" y="397.17" angle="-36.92" type="DEFAULT_VEHTYPE" speed="7.43" pos="8.38" lane=":2/2_6_0" slope="0.00"/>
        <vehicle id="9" x="394.09" y="598.35" angle="90.00" type="DEFAULT_VEHTYPE" speed="4.82" pos="189.34" lane="1/3to2/3_0" slope="0.00"/>
    </timestep>
    <timestep time="702.00">
        <vehicle id="12" x="102.81" y="398.35" angle="90.00" type="DEFAULT_VEHTYPE" speed="13.02" pos="102.81" lane="0/2to1/2_0" slope="0.00"/>
        <vehicle id="17" x="201.65" y="431.53" angle="180.00" type="DEFAULT_VEHTYPE" speed="13.07" pos="26.78" lane="1/2to1/3_0" slope="0.00"/>
        <vehicle id="2" x="201.65" y="509.14" angle="180.00" type="DEFAULT_VEHTYPE" speed="12.66" pos="104.39" lane="1/2to1/3_0" slope="0.00"/>
        <vehicle id="20" x="588.85" y="198.35" angle="90.00" type="DEFAULT_VEHTYPE" speed="4.54" pos="184.10" lane="2/1to3/1_0" slope="0.00"/>
        <vehicle id="23" x="379.86" y="401.65" angle="-90.00" type="DEFAULT_VEHTYPE" speed="12.65" pos="15.39" lane="2/2to1/2_0" slope="0.00"/>
        <vehicle id="7" x="398.35" y="388.29" angle="0.00" type="DEFAULT_VEHTYPE" speed="8.89" pos="6.96" lane="2/2to2/1_0" slope="0.00"/>
        <vehicle id="9" x="400.18" y="600.16" angle="111.19" type="DEFAULT_VEHTYPE" speed="6.56" pos="5.41" lane=":2/3_14_0" slope="0.00"/>
    </timestep>
    <timestep time="703.00">
        <vehicle id="12" x="115.54" y="398.35" angle="90.00" type="DEFAULT_VEHTYPE" speed="12.72" pos="115.54" lane="0/2to1/2_0" slope="0.00"/>
        <vehicle id="17" x="201.65" y="444.27" angle="180.00" type="DEFAULT_VEHTYPE" speed="12.74" pos="39.52" lane="1/2to1/3_0" slope="0.00"/>
        <vehicle id="2" x="201.65" y="521.84" angle="180.00" type="DEFAULT_VEHTYPE" speed="12.69" pos="117.09" lane="1/2to1/3_0" slope="0.00"/>
        <vehicle id="20" x="595.84" y="198.35" angle="90.00" type="DEFAULT_VEHTYPE" speed="6.99" pos="0.59" lane=":3/1_13_0" slope="0.00"/>
        <vehicle id="23" x="367.16" y="401.65" angle="-90.00" type="DEFAULT_VEHTYPE" speed="12.71" pos="28.09" lane="2/2to1/2_0" slope="0.00"/>
        <vehicle id="7" x="398.35" y="377.65" angle="0.00" type="DEFAULT_VEHTYPE" speed="10.64" pos="17.60" lane="2/2to2/1_0" slope="0.00"/>
        <vehicle id="9" x="401.65" y="608.39" angle="177.79" type="DEFAULT_VEHTYPE" speed="8.56" pos="3.64" lane="2/3to2/4_0" slope="0.00"/>
    </timestep>
    <timestep time="704.00">
        <vehicle id="12" x="128.51" y="398.35" angle="90.00" type="DEFAULT_VEHTYPE" speed="12.97" pos="128.51" lane="0/2to1/2_0" slope="0.00"/>
        <vehicle id="17" x="201.65" y="456.90" angle="180.00" type="DEFAULT_VEHTYPE" speed="12.63" pos="52.15" lane="1/2to1/3_0" slope="0.00"/>
        <vehicle id="2" x="201.65" y="535.07" angle="180.00" type="DEFAULT_VEHTYPE" speed="13.24" pos="130.32" lane="1/2to1/3_0" slope="0.00"/>
        <vehicle id="20" x="605.33" y="198.35" angle="90.00" type="DEFAULT_VEHTYPE" speed="9.50" pos="0.58" lane="3/1to4/1_0" slope="0.00"/>
        <vehicle id="23" x="354.45" y="401.65" angle="-90.00" type="DEFAULT_VEHTYPE" speed="12.71" pos="40.80" lane="2/2to1/2_0" slope="0.00"/>
        <vehicle id="7" x="398.35" y="365.08" angle="0.00" type="DEFAULT_VEHTYPE" speed="12.58" pos="30.17" lane="2/2to2/1_0" slope="0.00"/>
        <vehicle id="9" x="401.65" y="618.28" angle="180.00" type="DEFAULT_VEHTYPE" speed="9.89" pos="13.53" lane="2/3to2/4_0" slope="0.00"/>
    </timestep>
    <timestep time="705.00">
        <vehicle id="12" x="142.02" y="398.35" angle="90.00" type="DEFAULT_VEHTYPE" speed="13.51" pos="142.02" lane="0/2to1/2_0" slope="0.00"/>
        <vehicle id="17" x="201.65" y="470.43" angle="180.00" type="DEFAULT_VEHTYPE" speed="13.53" pos="65.68" lane="1/2to1/3_0" slope="0.00"/>
        <vehicle id="2" x="201.65" y="548.64" angle="180.00" type="DEFAULT_VEHTYPE" speed="13.57" pos="143.89" lane="1/2to1/3_0" slope="0.00"/>
        <vehicle id="20" x="617.17" y="198.35" angle="90.00" type="DEFAULT_VEHTYPE" speed="11.84" pos="12.42" lane="3/1to4/1_0" slope="0.00"/>
        <vehicle id="23" x="341.08" y="401.65" angle="-90.00" type="DEFAULT_VEHTYPE" speed="13.37" pos="54.17" lane="2/2to1/2_0" slope="0.00"/>
        <vehicle id="7" x="398.35" y="351.67" angle="0.00" type="DEFAULT_VEHTYPE" speed="13.41" pos="43.58" lane="2/2to2/1_0" slope="0.00"/>
        <vehicle id="9" x="401.65" y="630.71" angle="180.00" type="DEFAULT_VEHTYPE" speed="12.43" pos="25.96" lane="2/3to2/4_0" slope="0.00"/>
    </timestep>
    <timestep time="706.00">
        <vehicle id="12" x="155.03" y="398.35" angle="90.00" type="DEFAULT_VEHTYPE" speed="13.01" pos="155.03" lane="0/2to1/2_0" slope="0.00"/>
        <vehicle id="17" x="201.65" y="483.84" angle="180.00" type="DEFAULT_VEHTYPE" speed="13.41" pos="79.09" lane="1/2to1/3_0" slope="0.00"/>
        <vehicle id="2" x="201.65" y="561.25" angle="180.00" type="DEFAULT_VEHTYPE" speed="12.61" pos="156.50" lane="1/2to1/3_0" slope="0.00"/>
        <vehicle id="20" x="630.80" y="198.35" angle="90.00" type="DEFAULT_VEHTYPE" speed="13.63" pos="26.05" lane="3/1to4/1_0" slope="0.00"/>
        <vehicle id="23" x="328.06" y="401.65" angle="-90.00" type="DEFAULT_VEHTYPE" speed="13.02" pos="67.19" lane="2/2to1/2_0" slope="0.00"/>
        <vehicle id="7" x="398.35" y="337.97" angle="0.00" type="DEFAULT_VEHTYPE" speed="13.70" pos="57.28" lane="2/2to2/1_0" slope="0.00"/>
        <vehicle id="9" x="401.65" y="643.72" angle="180.00" type="DEFAULT_VEHTYPE" speed="13.02" pos="38.97" lane="2/3to2/4_0" slope="0.00"/>
    </timestep>
    <timestep time="707.00">
        <vehicle id="12" x="167.87" y="398.35" angle="90.00" type="DEFAULT_VEHTYPE" speed="12.84" pos="167.87" lane="0/2to1/2_0" slope="0.00"/>
        <vehicle id="17" x="201.65" y="496.87" angle="180.00" type="DEFAULT_VEHTYPE" speed="13.03" pos="92.12" lane="1/2to1/3_0" slope="0.00"/>
        <vehicle id="2" x="201.65" y="574.36" angle="180.00" type="DEFAULT_VEHTYPE" speed="13.11" pos="169.61" lane="1/2to1/3_0" slope="0.00"/>
        <vehicle id="20" x="644.08" y="198.35" angle="90.00" type="DEFAULT_VEHTYPE" speed="13.28" pos="39.33" lane="3/1to4/1_0" slope="0.00"/>
        <vehicle id="23" x="314.17" y="401.65" angle="-90.00" type="DEFAULT_VEHTYPE" speed="13.88" pos="81.08" lane="2/2to1/2_0" slope="0.00"/>
        <vehicle id="7" x="398.35" y="324.25" angle="0.00" type="DEFAULT_VEHTYPE" speed="13.72" pos="71.00" lane="2/2to2/1_0" slope="0.00"/>
        <vehicle id="9" x="401.65" y="656.34" angle="180.00" type="DEFAULT_VEHTYPE" speed="12.61" pos="51.59" lane="2/3to2/4_0" slope="0.00"/>
    </timestep>
    <timestep time="708.00">
        <vehicle id="12" x="178.05" y="398.35" angle="90.00" type="DEFAULT_VEHTYPE" speed="10.18" pos="178.05" lane="0/2to1/2_0" slope="0.00"/>
        <vehicle id="17" x="201.65" y="510.21" angle="180.00" type="DEFAULT_VEHTYPE" speed="13.34" pos="105.46" lane="1/2to1/3_0" slope="0.00"/>
        <vehicle id="2" x="201.65" y="587.45" angle="180.00" type="DEFAULT_VEHTYPE" speed="13.09" pos="182.70" lane="1/2to1/3_0" slope="0.00"/>
        <vehicle id="20" x="656.86" y="198.35" angle="90.00" type="DEFAULT_VEHTYPE" speed="12.77" pos="52.11" lane="3/1to4/1_0" slope="0.00"/>
        <vehicle id="23" x="300.86" y="401.65" angle="-90.00" type="DEFAULT_VEHTYPE" speed="13.32" pos="94.39" lane="2/2to1/2_0" slope="0.00"/>
        <vehicle id="7" x="398.35" y="311.06" angle="0.00" type="DEFAULT_VEHTYPE" speed="13.20" pos="84.19" lane="2/2to2/1_0" slope="0.00"/>
        <vehicle id="9" x="401.65" y="669.12" angle="180.00" type="DEFAULT_VEHTYPE" speed="12.78" pos="64.37" lane="2/3to2/4_0" slope="0.00"/>
    </timestep>
    <timestep time="709.00">
        <vehicle id="12" x="185.79" y="398.35" angle="90.00" type="DEFAULT_VEHTYPE" speed="7.74" pos="185.79" lane="0/2to1/2_0" slope="0.00"/>
        <vehicle id="17" x="201.65" y="523.09" angle="180.00" type="DEFAULT_VEHTYPE" speed="12.88" pos="118.34" lane="1/2to1/3_0" slope="0.00"/>
        <vehicle id="2" x="205.23" y="598.35" angle="126.68" type="DEFAULT_VEHTYPE" speed="13.29" pos="0.48" lane="1/3to2/3_0" slope="0.00"/>
        <vehicle id="20" x="670.53" y="198.35" angle="90.00" type="DEFAULT_VEHTYPE" speed="13.67" pos="65.78" lane="3/1to4/1_0" slope="0.00"/>
        <vehicle id="23" x="287.64" y="401.65" angle="-90.00" type="DEFAULT_VEHTYPE" speed="13.21" pos="107.61" lane="2/2to1/2_0" slope="0.00"/>
        <vehicle id="7" x="398.35" y="297.88" angle="0.00" type="DEFAULT_VEHTYPE" speed="13.18" pos="97.37" lane="2/2to2/1_0" slope="0.00"/>
        <vehicle id="9" x="401.65" y="682.06" angle="180.00" type="DEFAULT_VEHTYPE" speed="12.94" pos="77.31" lane="2/3to2/4_0" slope="0.00"/>
    </timestep>
    <timestep time="710.00">
        <vehicle id="12" x="189.70" y="398.35" angle="90.00" type="DEFAULT_VEHTYPE" speed="3.91" pos="189.70" lane="0/2to1/2_0" slope="0.00"/>
        <vehicle id="17" x="201.65" y="536.06" angle="180.00" type="DEFAULT_VEHTYPE" speed="12.97" pos="131.31" lane="1/2to1/3_0" slope="0.00"/>
        <vehicle id="2" x="218.82" y="598.35" angle="90.00" type="DEFAULT_VEHTYPE" speed="13.59" pos="14.07" lane="1/3to2/3_0" slope="0.00"/>
        <vehicle id="20" x="683.23" y="198.35" angle="90.00" type="DEFAULT_VEHTYPE" speed="12.70" pos="78.48" lane="3/1to4/1_0" slope="0.00"/>
        <vehicle id="23" x="274.90" y="401.65" angle="-90.00" type="DEFAULT_VEHTYPE" speed="12.74" pos="120.35" lane="2/2to1/2_0" slope="0.00"/>
        <vehicle id="7" x="398.35" y="285.27" angle="0.00" type="DEFAULT_VEHTYPE" speed="12.60" pos="109.98" lane="2/2to2/1_0" slope="0.00"/>
        <vehicle id="9" x="401.65" y="695.25" angle="180.00" type="DEFAULT_VEHTYPE" speed="13.19" pos="90.50" lane="2/3to2/4_0" slope="0.00"/>
    </timestep>
    <timestep time="711.00">
        <vehicle id="12" x="195.87" y="398.44" angle="91.02" type="DEFAULT_VEHTYPE" speed="6.18" pos="0.63" lane=":1/2_14_0" slope="0.00"/>
        <vehicle id="17" x="201.65" y="548.70" angle="180.00" type="DEFAULT_VEHTYPE" speed="12.65" pos="143.95" lane="1/2to1/3_0" slope="0.00"/>
        <vehicle id="2" x="232.12" y="598.35" angle="90.00" type="DEFAULT_VEHTYPE" speed="13.29" pos="27.37" lane="1/3to2/3_0" slope="0.00"/>
        <vehicle id="20" x="695.88" y="198.35" angle="90.00" type="DEFAULT_VEHTYPE" speed="12.65" pos="91.13" lane="3/1to4/1_0" slope="0.00"/>
        <vehicle id="23" x="261.16" y="401.65" angle="-90.00" type="DEFAULT_VEHTYPE" speed="13.74" pos="134.09" lane="2/2to1/2_0" slope="0.00"/>
        <vehicle id="7" x="398.35" y="271.90" angle="0.00" type="DEFAULT_VEHTYPE" speed="13.37" pos="123.35" lane="2/2to2/1_0" slope="0.00"/>
        <vehicle id="9" x="401.65" y="708.84" angle="180.00" type="DEFAULT_VEHTYPE" speed="13.59" pos="104.09" lane="2/3to2/4_0" slope="0.00"/>
    </timestep>
    <timestep time="712.00">
        <vehicle id="12" x="201.45" y="403.37" angle="148.76" type="DEFAULT_VEHTYPE" speed="8.30" pos="8.93" lane=":1/2_14_0" slope="0.00"/>
        <vehicle id="17" x="201.65" y="561.94" angle="180.00" type="DEFAULT_VEHTYPE" speed="13.24" pos="157.19" lane="1/2to1/3_0" slope="0.00"/>
        <vehicle id="2" x="245.03" y="598.35" angle="90.00" type="DEFAULT_VEHTYPE" speed="12.91" pos="40.28" lane="1/3to2/3_0" slope="0.00"/>
        <vehicle id="20" x="709.09" y="198.35" angle="90.00" type="DEFAULT_VEHTYPE" speed="13.21" pos="104.34" lane="3/1to4/1_0" slope="0.00"/>
        <vehicle id="23" x="247.84" y="401.65" angle="-90.00" type="DEFAULT_VEHTYPE" speed="13.32" pos="147.41" lane="2/2to1/2_0" slope="0.00"/>
        <vehicle id="7" x="398.35" y="258.97" angle="0.00" type="DEFAULT_VEHTYPE" speed="12.92" pos="136.28" lane="2/2to2/1_0" slope="0.00"/>
        <vehicle id="9" x="401.65" y="721.96" angle="180.00" type="DEFAULT_VEHTYPE" speed="13.13" pos="117.21" lane="2/3to2/4_0" slope="0.00"/>
    </timestep>
    <timestep time="713.00">
        <vehicle id="12" x="201.65" y="414.16" angle="180.00" type="DEFAULT_VEHTYPE" speed="10.80" pos="9.41" lane="1/2to1/3_0" slope="0.00"/>
        <vehicle id="17" x="201.65" y="574.56" angle="180.00" type="DEFAULT_VEHTYPE" speed="12.62" pos="169.81" lane="1/2to1/3_0" slope="0.00"/>
        <vehicle id="2" x="257.73" y="598.35" angle="90.00" type="DEFAULT_VEHTYPE" speed="12.70" pos="52.98" lane="1/3to2/3_0" slope="0.00"/>
        <vehicle id="20" x="722.22" y="198.35" angle="90.00" type="DEFAULT_VEHTYPE" speed="13.13" pos="117.47" lane="3/1to4/1_0" slope="0.00"/>
        <vehicle id="23" x="234.34" y="401.65" angle="-90.00" type="DEFAULT_VEHTYPE" speed="13.50" pos="160.91" lane="2/2to1/2_0" slope="0.00"/>
        <vehicle id="7" x="398.35" y="245.29" angle="0.00" type="DEFAULT_VEHTYPE" speed="13.68" pos="149.96" lane="2/2to2/1_0" slope="0.00"/>
        <vehicle id="9" x="401.65" y="735.70" angle="180.00" type="DEFAULT_VEHTYPE" speed="13.74" pos="130.95" lane="2/3to2/4_0" slope="0.00"/>
    </timestep>
    <timestep time="714.00">
        <vehicle id="12" x="201.65" y="426.54" angle="180.00" type="DEFAULT_VEHTYPE" speed="12.38" pos="21.79" lane="1/2to1/3_0" slope="0.00"/>
        <vehicle id="17" x="201.65" y="588.06" angle="180.00" type="DEFAULT_VEHTYPE" speed="13.50" pos="183.31" lane="1/2to1/3_0" slope="0.00"/>
        <vehicle id="2" x="270.41" y="598.35" angle="90.00" type="DEFAULT_VEHTYPE" speed="12.68" pos="65.66" lane="1/3to2/3_0" slope="0.00"/>
        <vehicle id="20" x="735.93" y="198.35" angle="90.00" type="DEFAULT_VEHTYPE" speed="13.71" pos="131.18" lane="3/1to4/1_0" slope="0.00"/>
        <vehicle id="23" x="223.73" y="401.65" angle="-90.00" type="DEFAULT_VEHTYPE" speed="10.61" pos="171.52" lane="2/2to1/2_0" slope="0.00"/>
        <vehicle id="7" x="398.35" y="231.43" angle="0.00" type="DEFAULT_VEHTYPE" speed="13.86" pos="163.82" lane="2/2to2/1_0" slope="0.00"/>
        <vehicle id="9" x="401.65" y="749.40" angle="180.00" type="DEFAULT_VEHTYPE" speed="13.70" pos="144.65" lane="2/3to2/4_0" slope="0.00"/>
    </timestep>
    <timestep time="715.00">
        <vehicle id="12" x="201.65" y="439.85" angle="180.00" type="DEFAULT_VEHTYPE" speed="13.31" pos="35.10" lane="1/2to1/3_0" slope="0.00"/>
        <vehicle id="17" x="205.99" y="598.35" angle="114.15" type="DEFAULT_VEHTYPE" speed="13.43" pos="1.24" lane="1/3to2/3_0" slope="0.00"/>
        <vehicle id="2" x="283.14" y="598.35" angle="90.00" type="DEFAULT_VEHTYPE" speed="12.73" pos="78.39" lane="1/3to2/3_0" slope="0.00"/>
        <vehicle id="20" x="748.68" y="198.35" angle="90.00" type="DEFAULT_VEHTYPE" speed="12.75" pos="143.93" lane="3/1to4/1_0" slope="0.00"/>
        <vehicle id="23" x="216.20" y="401.65" angle="-90.00" type="DEFAULT_VEHTYPE" speed="7.54" pos="179.05" lane="2/2to1/2_0" slope="0.00"/>
        <vehicle id="7" x="398.35" y="217.86" angle="0.00" type="DEFAULT_VEHTYPE" speed="13.57" pos="177.39" lane="2/2to2/1_0" slope="0.00"/>
        <vehicle id="9" x="401.65" y="762.15" angle="180.00" type="DEFAULT_VEHTYPE" speed="12.75" pos="157.40" lane="2/3to2/4_0" slope="0.00"/>
    </timestep>
    <timestep time="716.00">
        <vehicle id="12" x="201.65" y="452.88" angle="180.00" type="DEFAULT_VEHTYPE" speed="13.03" pos="48.13" lane="1/2to1/3_0" slope="0.00"/>
        <vehicle id="17" x="219.60" y="598.35" angle="90.00" type="DEFAULT_VEHTYPE" speed="13.61" pos="14.85" lane="1/3to2/3_0" slope="0.00"/>
        <vehicle id="2" x="295.97" y="598.35" angle="90.00" type="DEFAULT_VEHTYPE" speed="12.84" pos="91.22" lane="1/3to2/3_0" slope="0.00"/>
        <vehicle id="20" x="761.53" y="198.35" angle="90.00" type="DEFAULT_VEHTYPE" speed="12.85" pos="156.78" lane="3/1to4/1_0" slope="0.00"/>
        <vehicle id="23" x="210.94" y="401.65" angle="-90.00" type="DEFAULT_VEHTYPE" speed="5.26" pos="184.31" lane="2/2to1/2_0" slope="0.00"/>
        <vehicle id="7" x="398.35" y="204.62" angle="0.00" type="DEFAULT_VEHTYPE" speed="13.23" pos="0.13" lane=":2/1_1_0" slope="0.00"/>
        <vehicle id="9" x="401.65" y="775.80" angle="180.00" type="DEFAULT_VEHTYPE" speed="13.65" pos="171.05" lane="2/3to2/4_0" slope="0.00"/>
    </timestep>
    <timestep time="717.00">
        <vehicle id="12" x="201.65" y="465.61" angle="180.00" type="DEFAULT_VEHTYPE" speed="12.74" pos="60.86" lane="1/2to1/3_0" slope="0.00"/>
        <vehicle id="17" x="232.69" y="598.35" angle="90.00" type="DEFAULT_VEHTYPE" speed="13.09" pos="27.94" lane="1/3to2/3_0" slope="0.00"/>
        <vehicle id="2" x="309.64" y="598.35" angle="90.00" type="DEFAULT_VEHTYPE" speed="13.67" pos="104.89" lane="1/3to2/3_0" slope="0.00"/>
        <vehicle id="20" x="774.85" y="198.35" angle="90.00" type="DEFAULT_VEHTYPE" speed="13.32" pos="170.10" lane="3/1to4/1_0" slope="0.00"/>
        <vehicle id="23" x="203.85" y="401.65" angle="-90.00" type="DEFAULT_VEHTYPE" speed="7.09" pos="0.90" lane=":1/2_5_0" slope="0.00"/>
        <vehicle id="7" x="398.35" y="191.60" angle="0.00" type="DEFAULT_VEHTYPE" speed="13.02" pos="3.65" lane="2/1to2/0_0" slope="0.00"/>
        <vehicle id="9" x="401.65" y="789.03" angle="180.00" type="DEFAULT_VEHTYPE" speed="13.24" pos="184.28" lane="2/3to2/4_0" slope="0.00"/>
    </timestep>
    <timestep time="718.00">
        <vehicle id="12" x="201.65" y="479.00" angle="180.00" type="DEFAULT_VEHTYPE" speed="13.38" pos="74.25" lane="1/2to1/3_0" slope="0.00"/>
        <vehicle id="17" x="246.12" y="598.35" angle="90.00" type="DEFAULT_VEHTYPE" speed="13.43" pos="41.37" lane="1/3to2/3_0" slope="0.00"/>
        <vehicle id="2" x="322.28" y="598.35" angle="90.00" type="DEFAULT_VEHTYPE" speed="12.63" pos="117.53" lane="1/3to2/3_0" slope="0.00"/>
        <vehicle id="20" x="787.65" y="198.35" angle="90.00" type="DEFAULT_VEHTYPE" speed="12.81" pos="182.90" lane="3/1to4/1_0" slope="0.00"/>
        <vehicle id="23" x="194.67" y="401.65" angle="-90.00" type="DEFAULT_VEHTYPE" speed="9.18" pos="0.58" lane="1/2to0/2_0" slope="0.00"/>
        <vehicle id="7" x="398.35" y="178.78" angle="0.00" type="DEFAULT_VEHTYPE" speed="12.82" pos="16.47" lane="2/1to2/0_0" slope="0.00"/>
        <vehicle id="9" x="400.39" y="801.46" angle="-164.28" type="DEFAULT_VEHTYPE" speed="12.94" pos="1.98" lane=":2/4_0_0" slope="0.00"/>
    </timestep>
    <timestep time="719.00">
        <vehicle id="12" x="201.65" y="492.15" angle="180.00" type="DEFAULT_VEHTYPE" speed="13.15" pos="87.40" lane="1/2to1/3_0" slope="0.00"/>
        <vehicle id="17" x="259.30" y="598.35" angle="90.00" type="DEFAULT_VEHTYPE" speed="13.18" pos="54.55" lane="1/3to2/3_0" slope="0.00"/>
        <vehicle id="2" x="336.07" y="598.35" angle="90.00" type="DEFAULT_VEHTYPE" speed="13.79" pos="131.32" lane="1/3to2/3_0" slope="0.00"/>
        <vehicle id="20" x="800.57" y="198.73" angle="94.45" type="DEFAULT_VEHTYPE" speed="13.04" pos="0.69" lane=":4/1_0_0" slope="0.00"/>
        <vehicle id="23" x="183.38" y="401.65" angle="-90.00" type="DEFAULT_VEHTYPE" speed="11.30" pos="11.87" lane="1/2to0/2_0" slope="0.00"/>
        <vehicle id="7" x="398.35" y="165.40" angle="0.00" type="DEFAULT_VEHTYPE" speed="13.38" pos="29.85" lane="2/1to2/0_0" slope="0.00"/>
        <vehicle id="9" x="398.35" y="790.21" angle="0.00" type="DEFAULT_VEHTYPE" speed="12.63" pos="9.79" lane="2/4to2/3_0" slope="0.00"/>
    </timestep>
    <timestep time="720.00">
        <vehicle id="12" x="201.65" y="504.81" angle="180.00" type="DEFAULT_VEHTYPE" speed="12.66" pos="100.06" lane="1/2to1/3_0" slope="0.00"/>
        <vehicle id="17" x="273.11" y="598.35" angle="90.00" type="DEFAULT_VEHTYPE" speed="13.81" pos="68.36" lane="1/3to2/3_0" slope="0.00"/>
        <vehicle id="2" x="348.75" y="598.35" angle="90.00" type="DEFAULT_VEHTYPE" speed="12.68" pos="144.00" lane="1/3to2/3_0" slope="0.00"/>
        <vehicle id="20" x="791.47" y="201.65" angle="-90.00" type="DEFAULT_VEHTYPE" speed="12.66" pos="8.53" lane="4/1to3/1_0" slope="0.00"/>
        <vehicle id="23" x="169.55" y="401.65" angle="-90.00" type="DEFAULT_VEHTYPE" speed="13.83" pos="25.70" lane="1/2to0/2_0" slope="0.00"/>
        <vehicle id="7" x="398.35" y="151.67" angle="0.00" type="DEFAULT_VEHTYPE" speed="13.73" pos="43.58" lane="2/1to2/0_0" slope="0.00"/>
        <vehicle id="9" x="398.35" y="777.22" angle="0.00" type="DEFAULT_VEHTYPE" speed="12.99" pos="22.78" lane="2/4to2/3_0" slope="0.00"/>
    </timestep>
    <timestep time="721.00">
        <vehicle id="12" x="201.65" y="518.26" angle="180.00" type="DEFAULT_VEHTYPE" speed="13.45" pos="113.51" lane="1/2to1/3_0" slope="0.00"/>
        <vehicle id="17" x="286.05" y="598.35" angle="90.00" type="DEFAULT_VEHTYPE" speed="12.94" pos="81.30" lane="1/3to2/3_0" slope="0.00"/>
        <vehicle id="2" x="361.77" y="598.35" angle="90.00" type="DEFAULT_VEHTYPE" speed="13.02" pos="157.02" lane="1/3to2/3_0" slope="0.00"/>
        <vehicle id="20" x="778.28" y="201.65" angle="-90.00" type="DEFAULT_VEHTYPE" speed="13.19" pos="21.72" lane="4/1to3/1_0" slope="0.00"/>
        <vehicle id="23" x="155.93" y="401.65" angle="-90.00" type="DEFAULT_VEHTYPE" speed="13.62" pos="39.32" lane="1/2to0/2_0" slope="0.00"/>
        <vehicle id="7" x="398.35" y="138.81" angle="0.00" type="DEFAULT_VEHTYPE" speed="12.86" pos="56.44" lane="2/1to2/0_0" slope="0.00"/>
        <vehicle id="9" x="398.35" y="763.55" angle="0.00" type="DEFAULT_VEHTYPE" speed="13.66" pos="36.45" lane="2/4to2/3_0" slope="0.00"/>
    </timestep>
    <timestep time="722.00">
        <vehicle id="12" x="201.65" y="532.04" angle="180.00" type="DEFAULT_VEHTYPE" speed="13.78" pos="127.29" lane="1/2to1/3_0" slope="0.00"/>
        <vehicle id="17" x="299.81" y="598.35" angle="90.00" type="DEFAULT_VEHTYPE" speed="13.77" pos="95.06" lane="1/3to2/3_0" slope="0.00"/>
        <vehicle id="2" x="373.89" y="598.35" angle="90.00" type="DEFAULT_VEHTYPE" speed="12.12" pos="169.14" lane="1/3to2/3_0" slope="0.00"/>
        <vehicle id="20" x="765.16" y="201.65" angle="-90.00" type="DEFAULT_VEHTYPE" speed="13.11" pos="34.84" lane="4/1to3/1_0" slope="0.00"/>
        <vehicle id="23" x="142.80" y="401.65" angle="-90.00" type="DEFAULT_VEHTYPE" speed="13.13" pos="52.45" lane="1/2to0/2_0" slope="0.00"/>
        <vehicle id="7" x="398.35" y="125.69" angle="0.00" type="DEFAULT_VEHTYPE" speed="13.13" pos="69.56" lane="2/1to2/0_0" slope="0.00"/>
        <vehicle id="9" x="398.35" y="749.76" angle="0.00" type="DEFAULT_VEHTYPE" speed="13.80" pos="50.24" lane="2/4to2/3_0" slope="0.00"/>
    </timestep>
    <timestep time="723.00">
        <vehicle id="12" x="201.65" y="544.69" angle="180.00" type="DEFAULT_VEHTYPE" speed="12.65" pos="139.94" lane="1/2to1/3_0" slope="0.00"/>
        <vehicle id="17" x="312.69" y="598.35" angle="90.00" type="DEFAULT_VEHTYPE" speed="12.88" pos="107.94" lane="1/3to2/3_0" slope="0.00"/>
        <vehicle id="2" x="382.74" y="598.35" angle="90.00" type="DEFAULT_VEHTYPE" speed="8.85" pos="177.99" lane="1/3to2/3_0" slope="0.00"/>
        <vehicle id="20" x="752.46" y="201.65" angle="-90.00" type="DEFAULT_VEHTYPE" speed="12.70" pos="47.54" lane="4/1to3/1_0" slope="0.00"/>
        <vehicle id="23" x="129.94" y="401.65" angle="-90.00" type="DEFAULT_VEHTYPE" speed="12.87" pos="65.31" lane="1/2to0/2_0" slope="0.00"/>
        <vehicle id="7" x="398.35" y="112.47" angle="0.00" type="DEFAULT_VEHTYPE" speed="13.22" pos="82.78" lane="2/1to2/0_0" slope="0.00"/>
        <vehicle id="9" x="398.35" y="736.25" angle="0.00" type="DEFAULT_VEHTYPE" speed="13.50" pos="63.75" lane="2/4to2/3_0" slope="0.00"/>
    </timestep>
    <timestep time="724.00">
        <vehicle id="12" x="201.65" y="558.36" angle="180.00" type="DEFAULT_VEHTYPE" speed="13.66" pos="153.61" lane="1/2to1/3_0" slope="0.00"/>
        <vehicle id="17" x="325.41" y="598.35" angle="90.00" type="DEFAULT_VEHTYPE" speed="12.72" pos="120.66" lane="1/3to2/3_0" slope="0.00"/>
        <vehicle id="2" x="388.39" y="598.35" angle="90.00" type="DEFAULT_VEHTYPE" speed="5.65" pos="183.64" lane="1/3to2/3_0" slope="0.00"/>
        <vehicle id="20" x="739.18" y="201.65" angle="-90.00" type="DEFAULT_VEHTYPE" speed="13.29" pos="60.82" lane="4/1to3/1_0" slope="0.00"/>
        <vehicle id="23" x="116.76" y="401.65" angle="-90.00" type="DEFAULT_VEHTYPE" speed="13.18" pos="78.49" lane="1/2to0/2_0" slope="0.00"/>
        <vehicle id="7" x="398.35" y="99.55" angle="0.00" type="DEFAULT_VEHTYPE" speed="12.91" pos="95.70" lane="2/1to2/0_0" slope="0.00"/>
        <vehicle id="9" x="398.35" y="723.26" angle="0.00" type="DEFAULT_VEHTYPE" speed="12.99" pos="76.74" lane="2/4to2/3_0" slope="0.00"/>
    </timestep>
    <timestep time="725.00">
        <vehicle id="12" x="201.65" y="572.23" angle="180.00" type="DEFAULT_VEHTYPE" speed="13.87" pos="167.48" lane="1/2to1/3_0" slope="0.00"/>
        <vehicle id="17" x="338.69" y="598.35" angle="90.00" type="DEFAULT_VEHTYPE" speed="13.28" pos="133.94" lane="1/3to2/3_0" slope="0.00"/>
        <vehicle id="2" x="395.62" y="598.40" angle="90.60" type="DEFAULT_VEHTYPE" speed="7.23" pos="0.37" lane=":2/3_14_0" slope="0.00"/>
        <vehicle id="20" x="725.97" y="201.65" angle="-90.00" type="DEFAULT_VEHTYPE" speed="13.21" pos="74.03" lane="4/1to3/1_0" slope="0.00"/>
        <vehicle id="23" x="104.00" y="401.65" angle="-90.00" type="DEFAULT_VEHTYPE" speed="12.76" pos="91.25" lane="1/2to0/2_0" slope="0.00"/>
        <vehicle id="7" x="398.35" y="86.41" angle="0.00" type="DEFAULT_VEHTYPE" speed="13.14" pos="108.84" lane="2/1to2/0_0" slope="0.00"/>
        <vehicle id="9" x="398.35" y="710.32" angle="0.00" type="DEFAULT_VEHTYPE" speed="12.95" pos="89.68" lane="2/4to2/3_0" slope="0.00"/>
    </timestep>
    <timestep time="726.00">
        <vehicle id="12" x="201.65" y="584.91" angle="180.00" type="DEFAULT_VEHTYPE" speed="12.68" pos="180.16" lane="1/2to1/3_0" slope="0.00"/>
        <vehicle id="17" x="352.55" y="598.35" angle="90.00" type="DEFAULT_VEHTYPE" speed="13.86" pos="147.80" lane="1/3to2/3_0" slope="0.00"/>
        <vehicle id="2" x="401.52" y="603.81" angle="153.35" type="DEFAULT_VEHTYPE" speed="9.00" pos="9.37" lane=":2/3_14_0" slope="0.00"/>
        <vehicle id="20" x="712.15" y="201.65" angle="-90.00" type="DEFAULT_VEHTYPE" speed="13.82" pos="87.85" lane="4/1to3/1_0" slope="0.00"/>
        <vehicle id="23" x="90.50" y="401.65" angle="-90.00" type="DEFAULT_VEHTYPE" speed="13.50" pos="104.75" lane="1/2to0/2_0" slope="0.00"/>
        <vehicle id="7" x="398.35" y="73.48" angle="0.00" type="DEFAULT_VEHTYPE" speed="12.93" pos="121.77" lane="2/1to2/0_0" slope="0.00"/>
        <vehicle id="9" x="398.35" y="697.44" angle="0.00" type="DEFAULT_VEHTYPE" speed="12.88" pos="102.56" lane="2/4to2/3_0" slope="0.00"/>
    </timestep>
    <timestep time="727.00">
        <vehicle id="12" x="203.06" y="597.96" angle="162.52" type="DEFAULT_VEHTYPE" speed="13.58" pos="3.24" lane=":1/3_8_0" slope="0.00"/>
        <vehicle id="17" x="366.25" y="598.35" angle="90.00" type="DEFAULT_VEHTYPE" speed="13.69" pos="161.50" lane="1/3to2/3_0" slope="0.00"/>
        <vehicle id="2" x="401.65" y="614.99" angle="180.00" type="DEFAULT_VEHTYPE" speed="11.18" pos="10.24" lane="2/3to2/4_0" slope="0.00"/>
        <vehicle id="20" x="698.59" y="201.65" angle="-90.00" type="DEFAULT_VEHTYPE" speed="13.55" pos="101.41" lane="4/1to3/1_0" slope="0.00"/>
        <vehicle id="23" x="76.79" y="401.65" angle="-90.00" type="DEFAULT_VEHTYPE" speed="13.71" pos="118.46" lane="1/2to0/2_0" slope="0.00"/>
        <vehicle id="7" x="398.35" y="60.51" angle="0.00" type="DEFAULT_VEHTYPE" speed="12.97" pos="134.74" lane="2/1to2/0_0" slope="0.00"/>
        <vehicle id="9" x="398.35" y="684.22" angle="0.00" type="DEFAULT_VEHTYPE" speed="13.22" pos="115.78" lane="2/4to2/3_0" slope="0.00"/>
    </timestep>
    <timestep time="728.00">
        <vehicle id="12" x="216.03" y="598.35" angle="90.00" type="DEFAULT_VEHTYPE" speed="13.04" pos="11.28" lane="1/3to2/3_0" slope="0.00"/>
        <vehicle id="17" x="377.83" y="598.35" angle="90.00" type="DEFAULT_VEHTYPE" speed="11.58" pos="173.08" lane="1/3to2/3_0" slope="0.00"/>
        <vehicle id="2" x="401.65" y="627.67" angle="180.00" type="DEFAULT_VEHTYPE" speed="12.69" pos="22.92" lane="2/3to2/4_0" slope="0.00"/>
        <vehicle id="20" x="685.28" y="201.65" angle="-90.00" type="DEFAULT_VEHTYPE" speed="13.32" pos="114.72" lane="4/1to3/1_0" slope="0.00"/>
        <vehicle id="23" x="63.28" y="401.65" angle="-90.00" type="DEFAULT_VEHTYPE" speed="13.51" pos="131.97" lane="1/2to0/2_0" slope="0.00"/>
        <vehicle id="7" x="398.35" y="46.64" angle="0.00" type="DEFAULT_VEHTYPE" speed="13.86" pos="148.61" lane="2/1to2/0_0" slope="0.00"/>
        <vehicle id="9" x="398.35" y="670.52" angle="0.00" type="DEFAULT_VEHTYPE" speed="13.70" pos="129.48" lane="2/4to2/3_0" slope="0.00"/>
    </timestep>
    <timestep time="729.00">
        <vehicle id="12" x="228.98" y="598.35" angle="90.00" type="DEFAULT_VEHTYPE" speed="12.95" pos="24.23" lane="1/3to2/3_0" slope="0.00"/>
        <vehicle id="17" x="385.59" y="598.35" angle="90.00" type="DEFAULT_VEHTYPE" speed="7.76" pos="180.84" lane="1/3to2/3_0" slope="0.00"/>
        <vehicle id="2" x="401.65" y="641.39" angle="180.00" type="DEFAULT_VEHTYPE" speed="13.72" pos="36.64" lane="2/3to2/4_0" slope="0.00"/>
        <vehicle id="20" x="672.43" y="201.65" angle="-90.00" type="DEFAULT_VEHTYPE" speed="12.85" pos="127.57" lane="4/1to3/1_0" slope="0.00"/>
        <vehicle id="23" x="50.49" y="401.65" angle="-90.00" type="DEFAULT_VEHTYPE" speed="12.79" pos="144.76" lane="1/2to0/2_0" slope="0.00"/>
        <vehicle id="7" x="398.35" y="33.08" angle="0.00" type="DEFAULT_VEHTYPE" speed="13.56" pos="162.17" lane="2/1to2/0_0" slope="0.00"/>
        <vehicle id="9" x="398.35" y="657.41" angle="0.00" type="DEFAULT_VEHTYPE" speed="13.10" pos="142.59" lane="2/4to2/3_0" slope="0.00"/>
    </timestep>
    <timestep time="730.00">
        <vehicle id="12" x="242.21" y="598.35" angle="90.00" type="DEFAULT_VEHTYPE" speed="13.23" pos="37.46" lane="1/3to2/3_0" slope="0.00"/>
        <vehicle id="17" x="389.31" y="598.35" angle="90.00" type="DEFAULT_VEHTYPE" speed="3.72" pos="184.56" lane="1/3to2/3_0" slope="0.00"/>
        <vehicle id="2" x="401.65" y="655.05" angle="180.00" type="DEFAULT_VEHTYPE" speed="13.66" pos="50.30" lane="2/3to2/4_0" slope="0.00"/>
        <vehicle id="20" x="659.61" y="201.65" angle="-90.00" type="DEFAULT_VEHTYPE" speed="12.82" pos="140.39" lane="4/1to3/1_0" slope="0.00"/>
        <vehicle id="23" x="37.64" y="401.65" angle="-90.00" type="DEFAULT_VEHTYPE" speed="12.85" pos="157.61" lane="1/2to0/2_0" slope="0.00"/>
        <vehicle id="7" x="398.35" y="19.50" angle="0.00" type="DEFAULT_VEHTYPE" speed="13.58" pos="175.75" lane="2/1to2/0_0" slope="0.00"/>
        <vehicle id="9" x="398.35" y="644.14" angle="0.00" type="DEFAULT_VEHTYPE" speed="13.28" pos="155.86" lane="2/4to2/3_0" slope="0.00"/>
    </timestep>
    <timestep time="731.00">
        <vehicle id="12" x="255.47" y="598.35" angle="90.00" type="DEFAULT_VEHTYPE" speed="13.26" pos="50.72" lane="1/3to2/3_0" slope="0.00"/>
        <vehicle id="17" x="394.87" y="598.35" angle="90.00" type="DEFAULT_VEHTYPE" speed="5.56" pos="190.12" lane="1/3to2/3_0" slope="0.00"/>
        <vehicle id="2" x="401.65" y="668.43" angle="180.00" type="DEFAULT_VEHTYPE" speed="13.38" pos="63.68" lane="2/3to2/4_0" slope="0.00"/>
        <vehicle id="20" x="646.33" y="201.65" angle="-90.00" type="DEFAULT_VEHTYPE" speed="13.28" pos="153.67" lane="4/1to3/1_0" slope="0.00"/>
        <vehicle id="23" x="24.24" y="401.65" angle="-90.00" type="DEFAULT_VEHTYPE" speed="13.40" pos="171.01" lane="1/2to0/2_0" slope="0.00"/>
        <vehicle id="7" x="398.35" y="6.57" angle="0.00" type="DEFAULT_VEHTYPE" speed="12.93" pos="188.68" lane="2/1to2/0_0" slope="0.00"/>
        <vehicle id="9" x="398.35" y="630.67" angle="0.00" type="DEFAULT_VEHTYPE" speed="13.47" pos="169.33" lane="2/4to2/3_0" slope="0.00"/>
    </timestep>
    <timestep time="732.00">
        <vehicle id="12" x="268.32" y="598.35" angle="90.00" type="DEFAULT_VEHTYPE" speed="12.85" pos="63.57" lane="1/3to2/3_0" slope="0.00"/>
        <vehicle id="17" x="395.93" y="598.45" angle="91.12" type="DEFAULT_VEHTYPE" speed="1.06" pos="0.69" lane=":2/3_14_0" slope="0.00"/>
        <vehicle id="2" x="401.65" y="681.35" angle="180.00" type="DEFAULT_VEHTYPE" speed="12.92" pos="76.60" lane="2/3to2/4_0" slope="0.00"/>
        <vehicle id="20" x="633.70" y="201.65" angle="-90.00" type="DEFAULT_VEHTYPE" speed="12.63" pos="166.30" lane="4/1to3/1_0" slope="0.00"/>
        <vehicle id="23" x="11.58" y="401.65" angle="-90.00" type="DEFAULT_VEHTYPE" speed="12.66" pos="183.67" lane="1/2to0/2_0" slope="0.00"/>
        <vehicle id="7" x="401.65" y="1.32" angle="130.34" type="DEFAULT_VEHTYPE" speed="12.71" pos="1.32" lane="2/0to2/1_0" slope="0.00"/>
        <vehicle id="9" x="398.35" y="617.85" angle="0.00" type="DEFAULT_VEHTYPE" speed="12.82" pos="182.15" lane="2/4to2/3_0" slope="0.00"/>
    </timestep>
    <timestep time="733.00">
        <vehicle id="12" x="282.19" y="598.35" angle="90.00" type="DEFAULT_VEHTYPE" speed="13.87" pos="77.44" lane="1/3to2/3_0" slope="0.00"/>
        <vehicle id="17" x="399.10" y="599.38" angle="102.11" type="DEFAULT_VEHTYPE" speed="3.36" pos="4.05" lane=":2/3_14_0" slope="0.00"/>
        <vehicle id="2" x="401.65" y="694.86" angle="180.00" type="DEFAULT_VEHTYPE" speed="13.51" pos="90.11" lane="2/3to2/4_0" slope="0.00"/>
        <vehicle id="20" x="622.45" y="201.65" angle="-90.00" type="DEFAULT_VEHTYPE" speed="11.25" pos="177.55" lane="4/1to3/1_0" slope="0.00"/>
        <vehicle id="23" x="-0.90" y="401.06" angle="-83.00" type="DEFAULT_VEHTYPE" speed="12.66" pos="1.07" lane=":0/2_0_0" slope="0.00"/>
        <vehicle id="7" x="401.65" y="14.09" angle="180.00" type="DEFAULT_VEHTYPE" speed="12.77" pos="14.09" lane="2/0to2/1_0" slope="0.00"/>
        <vehicle id="9" x="398.35" y="609.53" angle="0.00" type="DEFAULT_VEHTYPE" speed="8.32" pos="190.47" lane="2/4to2/3_0" slope="0.00"/>
    </timestep>
    <timestep time="734.00">
        <vehicle id="12" x="296.07" y="598.35" angle="90.00" type="DEFAULT_VEHTYPE" speed="13.88" pos="91.32" lane="1/3to2/3_0" slope="0.00"/>
        <vehicle id="17" x="401.52" y="603.87" angle="153.96" type="DEFAULT_VEHTYPE" speed="5.38" pos="9.43" lane=":2/3_14_0" slope="0.00"/>
        <vehicle id="2" x="401.65" y="708.13" angle="180.00" type="DEFAULT_VEHTYPE" speed="13.27" pos="103.38" lane="2/3to2/4_0" slope="0.00"/>
        <vehicle id="20" x="615.56" y="201.65" angle="-90.00" type="DEFAULT_VEHTYPE" speed="6.89" pos="184.44" lane="4/1to3/1_0" slope="0.00"/>
        <vehicle id="23" x="9.95" y="398.35" angle="90.00" type="DEFAULT_VEHTYPE" speed="13.70" pos="9.95" lane="0/2to1/2_0" slope="0.00"/>
        <vehicle id="7" x="401.65" y="27.16" angle="180.00" type="DEFAULT_VEHTYPE" speed="13.08" pos="27.16" lane="2/0to2/1_0" slope="0.00"/>
        <vehicle id="9" x="398.35" y="605.71" angle="0.00" type="DEFAULT_VEHTYPE" speed="3.82" pos="194.29" lane="2/4to2/3_0" slope="0.00"/>
    </timestep>
    <timestep time="735.00">
        <vehicle id="12" x="309.39" y="598.35" angle="90.00" type="DEFAULT_VEHTYPE" speed="13.32" pos="104.64" lane="1/3to2/3_0" slope="0.00"/>
        <vehicle id="17" x="401.65" y="611.79" angle="180.00" type="DEFAULT_VEHTYPE" speed="7.92" pos="7.04" lane="2/3to2/4_0" slope="0.00"/>
        <vehicle id="2" x="401.65" y="721.77" angle="180.00" type="DEFAULT_VEHTYPE" speed="13.64" pos="117.02" lane="2/3to2/4_0" slope="0.00"/>
        <vehicle id="20" x="610.95" y="201.65" angle="-90.00" type="DEFAULT_VEHTYPE" speed="4.61" pos="189.05" lane="4/1to3/1_0" slope="0.00"/>
        <vehicle id="23" x="23.16" y="398.35" angle="90.00" type="DEFAULT_VEHTYPE" speed="13.21" pos="23.16" lane="0/2to1/2_0" slope="0.00"/>
        <vehicle id="7" x="401.65" y="40.90" angle="180.00" type="DEFAULT_VEHTYPE" speed="13.74" pos="40.90" lane="2/0to2/1_0" slope="0.00"/>
        <vehicle id="9" x="398.35" y="603.58" angle="0.00" type="DEFAULT_VEHTYPE" speed="2.13" pos="1.17" lane=":2/3_1_0" slope="0.00"/>
    </timestep>
    <timestep time="736.00">
        <vehicle id="12" x="322.72" y="598.35" angle="90.00" type="DEFAULT_VEHTYPE" speed="13.33" pos="117.97" lane="1/3to2/3_0" slope="0.00"/>
        <vehicle id="17" x="401.65" y="622.14" angle="180.00" type="DEFAULT_VEHTYPE" speed="10.36" pos="17.39" lane="2/3to2/4_0" slope="0.00"/>
        <vehicle id="2" x="401.65" y="735.21" angle="180.00" type="DEFAULT_VEHTYPE" speed="13.44" pos="130.46" lane="2/3to2/4_0" slope="0.00"/>
        <vehicle id="20" x="604.95" y="201.65" angle="-90.00" type="DEFAULT_VEHTYPE" speed="6.00" pos="195.05" lane="4/1to3/1_0" slope="0.00"/>
        <vehicle id="23" x="36.62" y="398.35" angle="90.00" type="DEFAULT_VEHTYPE" speed="13.46" pos="36.62" lane="0/2to1/2_0" slope="0.00"/>
        <vehicle id="7" x="401.65" y="53.90" angle="180.00" type="DEFAULT_VEHTYPE" speed="13.00" pos="53.90" lane="2/0to2/1_0" slope="0.00"/>
        <vehicle id="9" x="398.35" y="599.88" angle="0.00" type="DEFAULT_VEHTYPE" speed="3.70" pos="4.87" lane=":2/3_1_0" slope="0.00"/>
    </timestep>
    <timestep time="737.00">
        <vehicle id="12" x="335.65" y="598.35" angle="90.00" type="DEFAULT_VEHTYPE" speed="12.93" pos="130.90" lane="1/3to2/3_0" slope="0.00"/>
        <vehicle id="17" x="401.65" y="633.91" angle="180.00" type="DEFAULT_VEHTYPE" speed="11.77" pos="29.16" lane="2/3to2/4_0" slope="0.00"/>
        <vehicle id="2" x="401.65" y="748.97" angle="180.00" type="DEFAULT_VEHTYPE" speed="13.76" pos="144.22" lane="2/3to2/4_0" slope="0.00"/>
        <vehicle id="20" x="601.65" y="207.05" angle="-168.70" type="DEFAULT_VEHTYPE" speed="7.51" pos="2.30" lane="3/1to3/2_0" slope="0.00"/>
        <vehicle id="23" x="49.46" y="398.35" angle="90.00" type="DEFAULT_VEHTYPE" speed="12.84" pos="49.46" lane="0/2to1/2_0" slope="0.00"/>
        <vehicle id="7" x="401.65" y="67.27" angle="180.00" type="DEFAULT_VEHTYPE" speed="13.37" pos="67.27" lane="2/0to2/1_0" slope="0.00"/>
        <vehicle id="9" x="398.35" y="593.78" angle="0.00" type="DEFAULT_VEHTYPE" speed="6.10" pos="1.47" lane="2/3to2/2_0" slope="0.00"/>
    </timestep>
    <timestep time="738.00">
        <vehicle id="12" x="348.83" y="598.35" angle="90.00" type="DEFAULT_VEHTYPE" speed="13.18" pos="144.08" lane="1/3to2/3_0" slope="0.00"/>
        <vehicle id="17" x="401.65" y="646.91" angle="180.00" type="DEFAULT_VEHTYPE" speed="12.99" pos="42.16" lane="2/3to2/4_0" slope="0.00"/>
        <vehicle id="2" x="401.65" y="761.82" angle="180.00" type="DEFAULT_VEHTYPE" speed="12.85" pos="157.07" lane="2/3to2/4_0" slope="0.00"/>
        <vehicle id="20" x="601.65" y="216.41" angle="180.00" type="DEFAULT_VEHTYPE" speed="9.36" pos="11.66" lane="3/1to3/2_0" slope="0.00"/>
        <vehicle id="23" x="62.74" y="398.35" angle="90.00" type="DEFAULT_VEHTYPE" speed="13.28" pos="62.74" lane="0/2to1/2_0" slope="0.00"/>
        <vehicle id="7" x="401.65" y="80.61" angle="180.00" type="DEFAULT_VEHTYPE" speed="13.34" pos="80.61" lane="2/0to2/1_0" slope="0.00"/>
        <vehicle id="9" x="398.35" y="585.92" angle="0.00" type="DEFAULT_VEHTYPE" speed="7.86" pos="9.33" lane="2/3to2/2_0" slope="0.00"/>
    </timestep>
    <timestep time="739.00">
        <vehicle id="12" x="361.79" y="598.35" angle="90.00" type="DEFAULT_VEHTYPE" speed="12.96" pos="157.04" lane="1/3to2/3_0" slope="0.00"/>
        <vehicle id="17" x="401.65" y="660.16" angle="180.00" type="DEFAULT_VEHTYPE" speed="13.26" pos="55.41" lane="2/3to2/4_0" slope="0.00"/>
        <vehicle id="2" x="401.65" y="774.60" angle="180.00" type="DEFAULT_VEHTYPE" speed="12.78" pos="169.85" lane="2/3to2/4_0" slope="0.00"/>
        <vehicle id="20" x="601.65" y="228.15" angle="180.00" type="DEFAULT_VEHTYPE" speed="11.74" pos="23.40" lane="3/1to3/2_0" slope="0.00"/>
        <vehicle id="23" x="76.08" y="398.35" angle="90.00" type="DEFAULT_VEHTYPE" speed="13.35" pos="76.08" lane="0/2to1/2_0" slope="0.00"/>
        <vehicle id="7" x="401.65" y="94.18" angle="180.00" type="DEFAULT_VEHTYPE" speed="13.56" pos="94.18" lane="2/0to2/1_0" slope="0.00"/>
        <vehicle id="9" x="398.35" y="575.51" angle="0.00" type="DEFAULT_VEHTYPE" speed="10.41" pos="19.74" lane="2/3to2/2_0" slope="0.00"/>
    </timestep>
    <timestep time="740.00">
        <vehicle id="12" x="373.60" y="598.35" angle="90.00" type="DEFAULT_VEHTYPE" speed="11.81" pos="168.85" lane="1/3to2/3_0" slope="0.00"/>
        <vehicle id="17" x="401.65" y="673.68" angle="180.00" type="DEFAULT_VEHTYPE" speed="13.51" pos="68.93" lane="2/3to2/4_0" slope="0.00"/>
        <vehicle id="2" x="401.65" y="787.29" angle="180.00" type="DEFAULT_VEHTYPE" speed="12.69" pos="182.54" lane="2/3to2/4_0" slope="0.00"/>
        <vehicle id="20" x="601.65" y="241.00" angle="180.00" type="DEFAULT_VEHTYPE" speed="12.85" pos="36.25" lane="3/1to3/2_0" slope="0.00"/>
        <vehicle id="23" x="89.13" y="398.35" angle="90.00" type="DEFAULT_VEHTYPE" speed="13.05" pos="89.13" lane="0/2to1/2_0" slope="0.00"/>
        <vehicle id="7" x="401.65" y="107.56" angle="180.00" type="DEFAULT_VEHTYPE" speed="13.39" pos="107.56" lane="2/0to2/1_0" slope="0.00"/>
        <vehicle id="9" x="398.35" y="562.69" angle="0.00" type="DEFAULT_VEHTYPE" speed="12.82" pos="32.56" lane="2/3to2/2_0" slope="0.00"/>
    </timestep>
    <timestep time="741.00">
        <vehicle id="12" x="382.27" y="598.35" angle="90.00" type="DEFAULT_VEHTYPE" speed="8.66" pos="177.52" lane="1/3to2/3_0" slope="0.00"/>
        <vehicle id="17" x="401.65" y="686.97" angle="180.00" type="DEFAULT_VEHTYPE" speed="13.29" pos="82.22" lane="2/3to2/4_0" slope="0.00"/>
        <vehicle id="2" x="401.65" y="799.94" angle="180.00" type="DEFAULT_VEHTYPE" speed="12.64" pos="195.19" lane="2/3to2/4_0" slope="0.00"/>
        <vehicle id="20" x="601.65" y="254.35" angle="180.00" type="DEFAULT_VEHTYPE" speed="13.36" pos="49.60" lane="3/1to3/2_0" slope="0.00"/>
        <vehicle id="23" x="102.48" y="398.35" angle="90.00" type="DEFAULT_VEHTYPE" speed="13.35" pos="102.48" lane="0/2to1/2_0" slope="0.00"/>
        <vehicle id="7" x="401.65" y="121.02" angle="180.00" type="DEFAULT_VEHTYPE" speed="13.45" pos="121.02" lane="2/0to2/1_0" slope="0.00"/>
        <vehicle id="9" x="398.35" y="549.29" angle="0.00" type="DEFAULT_VEHTYPE" speed="13.40" pos="45.96" lane="2/3to2/2_0" slope="0.00"/>
    </timestep>
    <timestep time="742.00">
        <vehicle id="12" x="387.56" y="598.35" angle="90.00" type="DEFAULT_VEHTYPE" speed="5.30" pos="182.81" lane="1/3to2/3_0" slope="0.00"/>
        <vehicle id="17" x="401.65" y="699.84" angle="180.00" type="DEFAULT_VEHTYPE" speed="12.88" pos="95.09" lane="2/3to2/4_0" slope="0.00"/>
        <vehicle id="2" x="398.35" y="791.98" angle="0.00" type="DEFAULT_VEHTYPE" speed="12.90" pos="8.02" lane="2/4to2/3_0" slope="0.00"/>
        <vehicle id="20" x="601.65" y="268.08" angle="180.00" type="DEFAULT_VEHTYPE" speed="13.72" pos="63.33" lane="3/1to3/2_0" slope="0.00"/>
        <vehicle id="23" x="115.51" y="398.35" angle="90.00" type="DEFAULT_VEHTYPE" speed="13.03" pos="115.51" lane="0/2to1/2_0" slope="0.00"/>
        <vehicle id="7" x="401.65" y="134.16" angle="180.00" type="DEFAULT_VEHTYPE" speed="13.14" pos="134.16" lane="2/0to2/1_0" slope="0.00"/>
        <vehicle id="9" x="398.35" y="535.50" angle="0.00" type="DEFAULT_VEHTYPE" speed="13.79" pos="59.75" lane="2/3to2/2_0" slope="0.00"/>
    </timestep>
    <timestep time="743.00">
        <vehicle id="12" x="391.23" y="598.35" angle="90.00" type="DEFAULT_VEHTYPE" speed="3.66" pos="186.48" lane="1/3to2/3_0" slope="0.00"/>
        <vehicle id="17" x="401.65" y="712.88" angle="180.00" type="DEFAULT_VEHTYPE" speed="13.04" pos="108.13" lane="2/3to2/4_0" slope="0.00"/>
        <vehicle id="2" x="398.35" y="778.24" angle="0.00" type="DEFAULT_VEHTYPE" speed="13.74" pos="21.76" lane="2/4to2/3_0" slope="0.00"/>
        <vehicle id="20" x="601.65" y="281.20" angle="180.00" type="DEFAULT_VEHTYPE" speed="13.12" pos="76.45" lane="3/1to3/2_0" slope="0.00"/>
        <vehicle id="23" x="128.55" y="398.35" angle="90.00" type="DEFAULT_VEHTYPE" speed="13.04" pos="128.55" lane="0/2to1/2_0" slope="0.00"/>
        <vehicle id="7" x="401.65" y="147.80" angle="180.00" type="DEFAULT_VEHTYPE" speed="13.63" pos="147.80" lane="2/0to2/1_0" slope="0.00"/>
        <vehicle id="9" x="398.35" y="521.71" angle="0.00" type="DEFAULT_VEHTYPE" speed="13.79" pos="73.54" lane="2/3to2/2_0" slope="0.00"/>
    </timestep>
    <timestep time="744.00">
        <vehicle id="12" x="396.39" y="598.51" angle="91.87" type="DEFAULT_VEHTYPE" speed="5.17" pos="1.15" lane=":2/3_14_0" slope="0.00"/>
        <vehicle id="17" x="401.65" y="725.71" angle="180.00" type="DEFAULT_VEHTYPE" speed="12.83" pos="120.96" lane="2/3to2/4_0" slope="0.00"/>
        <vehicle id="2" x="398.35" y="764.88" angle="0.00" type="DEFAULT_VEHTYPE" speed="13.37" pos="35.12" lane="2/4to2/3_0" slope="0.00"/>
        <vehicle id="20" x="601.65" y="294.74" angle="180.00" type="DEFAULT_VEHTYPE" speed="13.54" pos="89.99" lane="3/1to3/2_0" slope="0.00"/>
        <vehicle id="23" x="141.59" y="398.35" angle="90.00" type="DEFAULT_VEHTYPE" speed="13.04" pos="141.59" lane="0/2to1/2_0" slope="0.00"/>
        <vehicle id="7" x="401.65" y="161.67" angle="180.00" type="DEFAULT_VEHTYPE" speed="13.87" pos="161.67" lane="2/0to2/1_0" slope="0.00"/>
        <vehicle id="9" x="398.35" y="508.20" angle="0.00" type="DEFAULT_VEHTYPE" speed="13.51" pos="87.05" lane="2/3to2/2_0" slope="0.00"/>
    </timestep>
    <timestep time="745.00">
        <vehicle id="12" x="401.41" y="603.04" angle="145.31" type="DEFAULT_VEHTYPE" speed="7.44" pos="8.60" lane=":2/3_14_0" slope="0.00"/>
        <vehicle id="17" x="401.65" y="738.41" angle="180.00" type="DEFAULT_VEHTYPE" speed="12.70" pos="133.66" lane="2/3to2/4_0" slope="0.00"/>
        <vehicle id="2" x="398.35" y="751.81" angle="0.00" type="DEFAULT_VEHTYPE" speed="13.07" pos="48.19" lane="2/4to2/3_0" slope="0.00"/>
        <vehicle id="20" x="601.65" y="307.60" angle="180.00" type="DEFAULT_VEHTYPE" speed="12.86" pos="102.85" lane="3/1to3/2_0" slope="0.00"/>
        <vehicle id="23" x="154.61" y="398.35" angle="90.00" type="DEFAULT_VEHTYPE" speed="13.02" pos="154.61" lane="0/2to1/2_0" slope="0.00"/>
        <vehicle id="7" x="401.65" y="175.32" angle="180.00" type="DEFAULT_VEHTYPE" speed="13.65" pos="175.32" lane="2/0to2/1_0" slope="0.00"/>
        <vehicle id="9" x="398.35" y="495.16" angle="0.00" type="DEFAULT_VEHTYPE" speed="13.04" pos="100.09" lane="2/3to2/2_0" slope="0.00"/>
    </timestep>
    <timestep time="746.00">
        <vehicle id="12" x="401.65" y="612.90" angle="180.00" type="DEFAULT_VEHTYPE" speed="9.87" pos="8.15" lane="2/3to2/4_0" slope="0.00"/>
        <vehicle id="17" x="401.65" y="751.55" angle="180.00" type="DEFAULT_VEHTYPE" speed="13.13" pos="146.80" lane="2/3to2/4_0" slope="0.00"/>
        <vehicle id="2" x="398.35" y="738.41" angle="0.00" type="DEFAULT_VEHTYPE" speed="13.40" pos="61.59" lane="2/4to2/3_0" slope="0.00"/>
        <vehicle id="20" x="601.65" y="320.53" angle="180.00" type="DEFAULT_VEHTYPE" speed="12.92" pos="115.78" lane="3/1to3/2_0" slope="0.00"/>
        <vehicle id="23" x="167.49" y="398.35" angle="90.00" type="DEFAULT_VEHTYPE" speed="12.88" pos="167.49" lane="0/2to1/2_0" slope="0.00"/>
        <vehicle id="7" x="401.65" y="188.07" angle="180.00" type="DEFAULT_VEHTYPE" speed="12.76" pos="188.07" lane="2/0to2/1_0" slope="0.00"/>
        <vehicle id="9" x="398.35" y="481.34" angle="0.00" type="DEFAULT_VEHTYPE" speed="13.83" pos="113.91" lane="2/3to2/2_0" slope="0.00"/>
    </timestep>
    <timestep time="747.00">
        <vehicle id="12" x="401.65" y="625.08" angle="180.00" type="DEFAULT_VEHTYPE" speed="12.19" pos="20.33" lane="2/3to2/4_0" slope="0.00"/>
        <vehicle id="17" x="401.65" y="764.46" angle="180.00" type="DEFAULT_VEHTYPE" speed="12.91" pos="159.71" lane="2/3to2/4_0" slope="0.00"/>
        <vehicle id="2" x="398.35" y="725.52" angle="0.00" type="DEFAULT_VEHTYPE" speed="12.90" pos="74.48" lane="2/4to2/3_0" slope="0.00"/>
        <vehicle id="20" x="601.65" y="334.33" angle="180.00" type="DEFAULT_VEHTYPE" speed="13.80" pos="129.58" lane="3/1to3/2_0" slope="0.00"/>
        <vehicle id="23" x="177.45" y="398.35" angle="90.00" type="DEFAULT_VEHTYPE" speed="9.96" pos="177.45" lane="0/2to1/2_0" slope="0.00"/>
        <vehicle id="7" x="405.97" y="198.35" angle="114.50" type="DEFAULT_VEHTYPE" speed="13.40" pos="1.22" lane="2/1to3/1_0" slope="0.00"/>
        <vehicle id="9" x="398.35" y="467.67" angle="0.00" type="DEFAULT_VEHTYPE" speed="13.66" pos="127.58" lane="2/3to2/2_0" slope="0.00"/>
    </timestep>
    <timestep time="748.00">
        <vehicle id="12" x="401.65" y="637.93" angle="180.00" type="DEFAULT_VEHTYPE" speed="12.84" pos="33.18" lane="2/3to2/4_0" slope="0.00"/>
        <vehicle id="17" x="401.65" y="777.17" angle="180.00" type="DEFAULT_VEHTYPE" speed="12.72" pos="172.42" lane="2/3to2/4_0" slope="0.00"/>
        <vehicle id="2" x="398.35" y="711.75" angle="0.00" type="DEFAULT_VEHTYPE" speed="13.76" pos="88.25" lane="2/4to2/3_0" slope="0.00"/>
        <vehicle id="20" x="601.65" y="347.58" angle="180.00" type="DEFAULT_VEHTYPE" speed="13.25" pos="142.83" lane="3/1to3/2_0" slope="0.00"/>
        <vehicle id="23" x="184.24" y="398.35" angle="90.00" type="DEFAULT_VEHTYPE" speed="6.79" pos="184.24" lane="0/2to1/2_0" slope="0.00"/>
        <vehicle id="7" x="419.41" y="198.35" angle="90.00" type="DEFAULT_VEHTYPE" speed="13.44" pos="14.66" lane="2/1to3/1_0" slope="0.00"/>
        <vehicle id="9" x="398.35" y="453.97" angle="0.00" type="DEFAULT_VEHTYPE" speed="13.70" pos="141.28" lane="2/3to2/2_0" slope="0.00"/>
    </timestep>
    <timestep time="749.00">
        <vehicle id="12" x="401.65" y="650.92" angle="180.00" type="DEFAULT_VEHTYPE" speed="12.99" pos="46.17" lane="2/3to2/4_0" slope="0.00"/>
        <vehicle id="17" x="401.65" y="789.85" angle="180.00" type="DEFAULT_VEHTYPE" speed="12.67" pos="185.10" lane="2/3to2/4_0" slope="0.00"/>
        <vehicle id="2" x="398.35" y="698.14" angle="0.00" type="DEFAULT_VEHTYPE" speed="13.61" pos="101.86" lane="2/4to2/3_0" slope="0.00"/>
        <vehicle id="20" x="601.65" y="361.05" angle="180.00" type="DEFAULT_VEHTYPE" speed="13.47" pos="156.30" lane="3/1to3/2_0" slope="0.00"/>
        <vehicle id="23" x="189.22" y="398.35" angle="90.00" type="DEFAULT_VEHTYPE" speed="4.98" pos="189.22" lane="0/2to1/2_0" slope="0.00"/>
        <vehicle id="7" x="432.11" y="198.35" angle="90.00" type="DEFAULT_VEHTYPE" speed="12.70" pos="27.36" lane="2/1to3/1_0" slope="0.00"/>
        <vehicle id="9" x="398.35" y="440.14" angle="0.00" type="DEFAULT_VEHTYPE" speed="13.84" pos="155.11" lane="2/3to2/2_0" slope="0.00"/>
    </timestep>
    <timestep time="750.00">
        <vehicle id="12" x="401.65" y="664.72" angle="180.00" type="DEFAULT_VEHTYPE" speed="13.80" pos="59.97" lane="2/3to2/4_0" slope="0.00"/>
        <vehicle id="17" x="398.96" y="800.91" angle="-129.22" type="DEFAULT_VEHTYPE" speed="13.87" pos="3.72" lane=":2/4_0_0" slope="0.00"/>
        <vehicle id="2" x="398.35" y="685.08" angle="0.00" type="DEFAULT_VEHTYPE" speed="13.06" pos="114.92" lane="2/4to2/3_0" slope="0.00"/>
        <vehicle id="20" x="601.65" y="373.64" angle="180.00" type="DEFAULT_VEHTYPE" speed="12.58" pos="168.89" lane="3/1to3/2_0" slope="0.00"/>
        <vehicle id="23" x="195.98" y="398.45" angle="91.19" type="DEFAULT_VEHTYPE" speed="6.76" pos="0.73" lane=":1/2_14_0" slope="0.00"/>
        <vehicle id="7" x="445.86" y="198.35" angle="90.00" type="DEFAULT_VEHTYPE" speed="13.75" pos="41.11" lane="2/1to3/1_0" slope="0.00"/>
        <vehicle id="9" x="398.35" y="427.28" angle="0.00" type="DEFAULT_VEHTYPE" speed="12.86" pos="167.97" lane="2/3to2/2_0" slope="0.00"/>
    </timestep>
    <timestep time="751.00">
        <vehicle id="12" x="401.65" y="678.46" angle="180.00" type="DEFAULT_VEHTYPE" speed="13.74" pos="73.71" lane="2/3to2/4_0" slope="0.00"/>
        <vehicle id="17" x="398.35" y="788.07" angle="0.00" type="DEFAULT_VEHTYPE" speed="13.03" pos="11.93" lane="2/4to2/3_0" slope="0.00"/>
        <vehicle id="2" x="398.35" y="672.16" angle="0.00" type="DEFAULT_VEHTYPE" speed="12.92" pos="127.84" lane="2/4to2/3_0" slope="0.00"/>
        <vehicle id="20" x="601.65" y="381.78" angle="180.00" type="DEFAULT_VEHTYPE" speed="8.15" pos="177.03" lane="3/1to3/2_0" slope="0.00"/>
        <vehicle id="23" x="201.47" y="403.49" angle="149.95" type="DEFAULT_VEHTYPE" speed="8.31" pos="9.04" lane=":1/2_14_0" slope="0.00"/>
        <vehicle id="7" x="458.89" y="198.35" angle="90.00" type="DEFAULT_VEHTYPE" speed="13.03" pos="54.14" lane="2/1to3/1_0" slope="0.00"/>
        <vehicle id="9" x="398.35" y="414.18" angle="0.00" type="DEFAULT_VEHTYPE" speed="13.10" pos="181.07" lane="2/3to2/2_0" slope="0.00"/>
    </timestep>
    <timestep time="752.00">
        <vehicle id="12" x="401.65" y="691.24" angle="180.00" type="DEFAULT_VEHTYPE" speed="12.78" pos="86.49" lane="2/3to2/4_0" slope="0.00"/>
        <vehicle id="17" x="398.35" y="775.41" angle="0.00" type="DEFAULT_VEHTYPE" speed="12.66" pos="24.59" lane="2/4to2/3_0" slope="0.00"/>
        <vehicle id="2" x="398.35" y="659.51" angle="0.00" type="DEFAULT_VEHTYPE" speed="12.65" pos="140.49" lane="2/4to2/3_0" slope="0.00"/>
        <vehicle id="20" x="601.65" y="387.19" angle="180.00" type="DEFAULT_VEHTYPE" speed="5.40" pos="182.44" lane="3/1to3/2_0" slope="0.00"/>
        <vehicle id="23" x="201.65" y="413.64" angle="180.00" type="DEFAULT_VEHTYPE" speed="10.17" pos="8.89" lane="1/2to1/3_0" slope="0.00"/>
        <vehicle id="7" x="472.59" y="198.35" angle="90.00" type="DEFAULT_VEHTYPE" speed="13.69" pos="67.84" lane="2/1to3/1_0" slope="0.00"/>
        <vehicle id="9" x="398.35" y="401.58" angle="0.00" type="DEFAULT_VEHTYPE" speed="12.61" pos="3.17" lane=":2/2_1_0" slope="0.00"/>
    </timestep>
    <timestep time="753.00">
        <vehicle id="12" x="401.65" y="704.00" angle="180.00" type="DEFAULT_VEHTYPE" speed="12.76" pos="99.25" lane="2/3to2/4_0" slope="0.00"/>
        <vehicle id="17" x="398.35" y="762.16" angle="0.00" type="DEFAULT_VEHTYPE" speed="13.25" pos="37.84" lane="2/4to2/3_0" slope="0.00"/>
        <vehicle id="2" x="398.35" y="646.76" angle="0.00" type="DEFAULT_VEHTYPE" speed="12.75" pos="153.24" lane="2/4to2/3_0" slope="0.00"/>
        <vehicle id="20" x="601.65" y="390.20" angle="180.00" type="DEFAULT_VEHTYPE" speed="3.02" pos="185.45" lane="3/1to3/2_0" slope="0.00"/>
        <vehicle id="23" x="201.65" y="425.79" angle="180.00" type="DEFAULT_VEHTYPE" speed="12.14" pos="21.04" lane="1/2to1/3_0" slope="0.00"/>
        <vehicle id="7" x="486.01" y="198.35" angle="90.00" type="DEFAULT_VEHTYPE" speed="13.42" pos="81.26" lane="2/1to3/1_0" slope="0.00"/>
        <vehicle id="9" x="398.35" y="388.56" angle="0.00" type="DEFAULT_VEHTYPE" speed="13.02" pos="6.69" lane="2/2to2/1_0" slope="0.00"/>
    </timestep>
    <timestep time="754.00">
        <vehicle id="12" x="401.65" y="716.67" angle="180.00" type="DEFAULT_VEHTYPE" speed="12.67" pos="111.92" lane="2/3to2/4_0" slope="0.00"/>
        <vehicle id="17" x="398.35" y="748.79" angle="0.00" type="DEFAULT_VEHTYPE" speed="13.37" pos="51.21" lane="2/4to2/3_0" slope="0.00"/>
        <vehicle id="2" x="398.35" y="633.97" angle="0.00" type="DEFAULT_VEHTYPE" speed="12.79" pos="166.03" lane="2/4to2/3_0" slope="0.00"/>
        <vehicle id="20" x="601.65" y="394.68" angle="180.00" type="DEFAULT_VEHTYPE" speed="4.47" pos="189.93" lane="3/1to3/2_0" slope="0.00"/>
        <vehicle id="23" x="201.65" y="438.99" angle="180.00" type="DEFAULT_VEHTYPE" speed="13.21" pos="34.24" lane="1/2to1/3_0" slope="0.00"/>
        <vehicle id="7" x="499.01" y="198.35" angle="90.00" type="DEFAULT_VEHTYPE" speed="13.01" pos="94.26" lane="2/1to3/1_0" slope="0.00"/>
        <vehicle id="9" x="398.35" y="375.51" angle="0.00" type="DEFAULT_VEHTYPE" speed="13.05" pos="19.74" lane="2/2to2/1_0" slope="0.00"/>
    </timestep>
    <timestep time="755.00">
        <vehicle id="12" x="401.65" y="730.56" angle="180.00" type="DEFAULT_VEHTYPE" speed="13.89" pos="125.81" lane="2/3to2/4_0" slope="0.00"/>
        <vehicle id="17" x="398.35" y="736.07" angle="0.00" type="DEFAULT_VEHTYPE" speed="12.73" pos="63.93" lane="2/4to2/3_0" slope="0.00"/>
        <vehicle id="2" x="398.35" y="620.74" angle="0.00" type="DEFAULT_VEHTYPE" speed="13.23" pos="179.26" lane="2/4to2/3_0" slope="0.00"/>
        <vehicle id="20" x="599.32" y="400.49" angle="-152.70" type="DEFAULT_VEHTYPE" speed="6.59" pos="6.01" lane=":3/2_10_0" slope="0.00"/>
        <vehicle id="23" x="201.65" y="452.73" angle="180.00" type="DEFAULT_VEHTYPE" speed="13.73" pos="47.98" lane="1/2to1/3_0" slope="0.00"/>
        <vehicle id="7" x="512.36" y="198.35" angle="90.00" type="DEFAULT_VEHTYPE" speed="13.34" pos="107.61" lane="2/1to3/1_0" slope="0.00"/>
        <vehicle id="9" x="398.35" y="362.65" angle="0.00" type="DEFAULT_VEHTYPE" speed="12.86" pos="32.60" lane="2/2to2/1_0" slope="0.00"/>
    </timestep>
    <timestep time="756.00">
        <vehicle id="12" x="401.65" y="744.24" angle="180.00" type="DEFAULT_VEHTYPE" speed="13.68" pos="139.49" lane="2/3to2/4_0" slope="0.00"/>
        <vehicle id="17" x="398.35" y="722.80" angle="0.00" type="DEFAULT_VEHTYPE" speed="13.26" pos="77.20" lane="2/4to2/3_0" slope="0.00"/>
        <vehicle id="2" x="398.35" y="607.39" angle="0.00" type="DEFAULT_VEHTYPE" speed="13.35" pos="192.61" lane="2/4to2/3_0" slope="0.00"/>
        <vehicle id="20" x="591.66" y="401.65" angle="-92.29" type="DEFAULT_VEHTYPE" speed="7.90" pos="3.59" lane="3/2to2/2_0" slope="0.00"/>
        <vehicle id="23" x="201.65" y="466.34" angle="180.00" type="DEFAULT_VEHTYPE" speed="13.61" pos="61.59" lane="1/2to1/3_0" slope="0.00"/>
        <vehicle id="7" x="525.68" y="198.35" angle="90.00" type="DEFAULT_VEHTYPE" speed="13.32" pos="120.93" lane="2/1to3/1_0" slope="0.00"/>
        <vehicle id="9" x="398.35" y="348.93" angle="0.00" type="DEFAULT_VEHTYPE" speed="13.72" pos="46.32" lane="2/2to2/1_0" slope="0.00"/>
    </timestep>
    <timestep time="757.00">
        <vehicle id="12" x="401.65" y="757.57" angle="180.00" type="DEFAULT_VEHTYPE" speed="13.33" pos="152.82" lane="2/3to2/4_0" slope="0.00"/>
        <vehicle id="17" x="398.35" y="709.65" angle="0.00" type="DEFAULT_VEHTYPE" speed="13.16" pos="90.35" lane="2/4to2/3_0" slope="0.00"/>
        <vehicle id="2" x="398.35" y="594.33" angle="0.00" type="DEFAULT_VEHTYPE" speed="13.06" pos="0.92" lane="2/3to2/2_0" slope="0.00"/>
        <vehicle id="20" x="582.16" y="401.65" angle="-90.00" type="DEFAULT_VEHTYPE" speed="9.50" pos="13.09" lane="3/2to2/2_0" slope="0.00"/>
        <vehicle id="23" x="201.65" y="479.82" angle="180.00" type="DEFAULT_VEHTYPE" speed="13.48" pos="75.07" lane="1/2to1/3_0" slope="0.00"/>
        <vehicle id="7" x="538.67" y="198.35" angle="90.00" type="DEFAULT_VEHTYPE" speed="12.99" pos="133.92" lane="2/1to3/1_0" slope="0.00"/>
        <vehicle id="9" x="398.35" y="335.53" angle="0.00" type="DEFAULT_VEHTYPE" speed="13.40" pos="59.72" lane="2/2to2/1_0" slope="0.00"/>
    </timestep>
    <timestep time="758.00">
        <vehicle id="12" x="401.65" y="771.43" angle="180.00" type="DEFAULT_VEHTYPE" speed="13.86" pos="166.68" lane="2/3to2/4_0" slope="0.00"/>
        <vehicle id="17" x="398.35" y="695.76" angle="0.00" type="DEFAULT_VEHTYPE" speed="13.89" pos="104.24" lane="2/4to2/3_0" slope="0.00"/>
        <vehicle id="2" x="398.35" y="580.74" angle="0.00" type="DEFAULT_VEHTYPE" speed="13.59" pos="14.51" lane="2/3to2/2_0" slope="0.00"/>
        <vehicle id="20" x="570.63" y="401.65" angle="-90.00" type="DEFAULT_VEHTYPE" speed="11.54" pos="24.62" lane="3/2to2/2_0" slope="0.00"/>
        <vehicle id="23" x="201.65" y="492.45" angle="180.00" type="DEFAULT_VEHTYPE" speed="12.63" pos="87.70" lane="1/2to1/3_0" slope="0.00"/>
        <vehicle id="7" x="551.74" y="198.35" angle="90.00" type="DEFAULT_VEHTYPE" speed="13.07" pos="146.99" lane="2/1to3/1_0" slope="0.00"/>
        <vehicle id="9" x="398.35" y="321.66" angle="0.00" type="DEFAULT_VEHTYPE" speed="13.87" pos="73.59" lane="2/2to2/1_0" slope="0.00"/>
    </timestep>
    <timestep time="759.00">
        <vehicle id="12" x="401.65" y="784.39" angle="180.00" type="DEFAULT_VEHTYPE" speed="12.96" pos="179.64" lane="2/3to2/4_0" slope="0.00"/>
        <vehicle id="17" x="398.35" y="682.85" angle="0.00" type="DEFAULT_VEHTYPE" speed="12.90" pos="117.15" lane="2/4to2/3_0" slope="0.00"/>
        <vehicle id="2" x="398.35" y="567.31" angle="0.00" type="DEFAULT_VEHTYPE" speed="13.43" pos="27.94" lane="2/3to2/2_0" slope="0.00"/>
        <vehicle id="20" x="557.64" y="401.65" angle="-90.00" type="DEFAULT_VEHTYPE" speed="12.99" pos="37.61" lane="3/2to2/2_0" slope="0.00"/>
        <vehicle id="23" x="201.65" y="506.13" angle="180.00" type="DEFAULT_VEHTYPE" speed="13.69" pos="101.38" lane="1/2to1/3_0" slope="0.00"/>
        <vehicle id="7" x="565.60" y="198.35" angle="90.00" type="DEFAULT_VEHTYPE" speed="13.86" pos="160.85" lane="2/1to3/1_0" slope="0.00"/>
        <vehicle id="9" x="398.35" y="308.51" angle="0.00" type="DEFAULT_VEHTYPE" speed="13.15" pos="86.74" lane="2/2to2/1_0" slope="0.00"/>
    </timestep>
    <timestep time="760.00">
        <vehicle id="12" x="401.65" y="798.09" angle="180.00" type="DEFAULT_VEHTYPE" speed="13.70" pos="193.34" lane="2/3to2/4_0" slope="0.00"/>
        <vehicle id="17" x="398.35" y="668.99" angle="0.00" type="DEFAULT_VEHTYPE" speed="13.86" pos="131.01" lane="2/4to2/3_0" slope="0.00"/>
        <vehicle id="2" x="398.35" y="554.35" angle="0.00" type="DEFAULT_VEHTYPE" speed="12.96" pos="40.90" lane="2/3to2/2_0" slope="0.00"/>
        <vehicle id="20" x="543.82" y="401.65" angle="-90.00" type="DEFAULT_VEHTYPE" speed="13.82" pos="51.43" lane="3/2to2/2_0" slope="0.00"/>
        <vehicle id="23" x="201.65" y="519.80" angle="180.00" type="DEFAULT_VEHTYPE" speed="13.67" pos="115.05" lane="1/2to1/3_0" slope="0.00"/>
        <vehicle id="7" x="576.42" y="198.35" angle="90.00" type="DEFAULT_VEHTYPE" speed="10.82" pos="171.67" lane="2/1to3/1_0" slope="0.00"/>
        <vehicle id="9" x="398.35" y="295.66" angle="0.00" type="DEFAULT_VEHTYPE" speed="12.85" pos="99.59" lane="2/2to2/1_0" slope="0.00"/>
    </timestep>
    <timestep time="761.00">
        <vehicle id="12" x="398.35" y="792.84" angle="0.00" type="DEFAULT_VEHTYPE" speed="13.89" pos="7.16" lane="2/4to2/3_0" slope="0.00"/>
        <vehicle id="17" x="398.35" y="655.93" angle="0.00" type="DEFAULT_VEHTYPE" speed="13.06" pos="144.07" lane="2/4to2/3_0" slope="0.00"/>
        <vehicle id="2" x="398.35" y="541.54" angle="0.00" type="DEFAULT_VEHTYPE" speed="12.81" pos="53.71" lane="2/3to2/2_0" slope="0.00"/>
        <vehicle id="20" x="531.19" y="401.65" angle="-90.00" type="DEFAULT_VEHTYPE" speed="12.63" pos="64.06" lane="3/2to2/2_0" slope="0.00"/>
        <vehicle id="23" x="201.65" y="533.45" angle="180.00" type="DEFAULT_VEHTYPE" speed="13.65" pos="128.70" lane="1/2to1/3_0" slope="0.00"/>
        <vehicle id="7" x="584.54" y="198.35" angle="90.00" type="DEFAULT_VEHTYPE" speed="8.12" pos="179.79" lane="2/1to3/1_0" slope="0.00"/>
        <vehicle id="9" x="398.35" y="282.02" angle="0.00" type="DEFAULT_VEHTYPE" speed="13.64" pos="113.23" lane="2/2to2/1_0" slope="0.00"/>
    </timestep>
    <timestep time="762.00">
        <vehicle id="12" x="398.35" y="778.99" angle="0.00" type="DEFAULT_VEHTYPE" speed="13.85" pos="21.01" lane="2/4to2/3_0" slope="0.00"/>
        <vehicle id="17" x="398.35" y="643.23" angle="0.00" type="DEFAULT_VEHTYPE" speed="12.70" pos="156.77" lane="2/4to2/3_0" slope="0.00"/>
        <vehicle id="2" x="398.35" y="528.92" angle="0.00" type="DEFAULT_VEHTYPE" speed="12.62" pos="66.33" lane="2/3to2/2_0" slope="0.00"/>
        <vehicle id="20" x="517.34" y="401.65" angle="-90.00" type="DEFAULT_VEHTYPE" speed="13.85" pos="77.91" lane="3/2to2/2_0" slope="0.00"/>
        <vehicle id="23" x="201.65" y="546.79" angle="180.00" type="DEFAULT_VEHTYPE" speed="13.34" pos="142.04" lane="1/2to1/3_0" slope="0.00"/>
        <vehicle id="7" x="589.17" y="198.35" angle="90.00" type="DEFAULT_VEHTYPE" speed="4.63" pos="184.42" lane="2/1to3/1_0" slope="0.00"/>
        <vehicle id="9" x="398.35" y="268.44" angle="0.00" type="DEFAULT_VEHTYPE" speed="13.57" pos="126.81" lane="2/2to2/1_0" slope="0.00"/>
    </timestep>
    <timestep time="763.00">
        <vehicle id="12" x="398.35" y="765.57" angle="0.00" type="DEFAULT_VEHTYPE" speed="13.42" pos="34.43" lane="2/4to2/3_0" slope="0.00"/>
        <vehicle id="17" x="398.35" y="630.52" angle="0.00" type="DEFAULT_VEHTYPE" speed="12.71" pos="169.48" lane="2/4to2/3_0" slope="0.00"/>
        <vehicle id="2" x="398.35" y="515.14" angle="0.00" type="DEFAULT_VEHTYPE" speed="13.77" pos="80.11" lane="2/3to2/2_0" slope="0.00"/>
        <vehicle id="20" x="503.63" y="401.65" angle="-90.00" type="DEFAULT_VEHTYPE" speed="13.71" pos="91.62" lane="3/2to2/2_0" slope="0.00"/>
        <vehicle id="23" x="201.65" y="559.48" angle="180.00" type="DEFAULT_VEHTYPE" speed="12.68" pos="154.73" lane="1/2to1/3_0" slope="0.00"/>
        <vehicle id="7" x="596.39" y="198.35" angle="90.00" type="DEFAULT_VEHTYPE" speed="7.22" pos="1.14" lane=":3/1_13_0" slope="0.00"/>
        <vehicle id="9" x="398.35" y="254.76" angle="0.00" type="DEFAULT_VEHTYPE" speed="13.69" pos="140.49" lane="2/2to2/1_0" slope="0.00"/>
    </timestep>
    <timestep time="764.00">
        <vehicle id="12" x="398.35" y="752.89" angle="0.00" type="DEFAULT_VEHTYPE" speed="12.68" pos="47.11" lane="2/4to2/3_0" slope="0.00"/>
        <vehicle id="17" x="398.35" y="616.80" angle="0.00" type="DEFAULT_VEHTYPE" speed="13.73" pos="183.20" lane="2/4to2/3_0" slope="0.00"/>
        <vehicle id="2" x="398.35" y="502.54" angle="0.00" type="DEFAULT_VEHTYPE" speed="12.60" pos="92.71" lane="2/3to2/2_0" slope="0.00"/>
        <vehicle id="20" x="489.76" y="401.65" angle="-90.00" type="DEFAULT_VEHTYPE" speed="13.87" pos="105.49" lane="3/2to2/2_0" slope="0.00"/>
        <vehicle id="23" x="201.65" y="572.73" angle="180.00" type="DEFAULT_VEHTYPE" speed="13.25" pos="167.98" lane="1/2to1/3_0" slope="0.00"/>
        <vehicle id="7" x="606.09" y="198.35" angle="90.00" type="DEFAULT_VEHTYPE" speed="9.70" pos="1.34" lane="3/1to4/1_0" slope="0.00"/>
        <vehicle id="9" x="398.35" y="241.00" angle="0.00" type="DEFAULT_VEHTYPE" speed="13.76" pos="154.25" lane="2/2to2/1_0" slope="0.00"/>
    </timestep>
    <timestep time="765.00">
        <vehicle id="12" x="398.35" y="739.19" angle="0.00" type="DEFAULT_VEHTYPE" speed="13.70" pos="60.81" lane="2/4to2/3_0" slope="0.00"/>
        <vehicle id="17" x="398.35" y="602.98" angle="0.00" type="DEFAULT_VEHTYPE" speed="13.82" pos="1.77" lane=":2/3_1_0" slope="0.00"/>
        <vehicle id="2" x="398.35" y="489.56" angle="0.00" type="DEFAULT_VEHTYPE" speed="12.98" pos="105.69" lane="2/3to2/2_0" slope="0.00"/>
        <vehicle id="20" x="476.19" y="401.65" angle="-90.00" type="DEFAULT_VEHTYPE" speed="13.57" pos="119.06" lane="3/2to2/2_0" slope="0.00"/>
        <vehicle id="23" x="201.65" y="586.20" angle="180.00" type="DEFAULT_VEHTYPE" speed="13.47" pos="181.45" lane="1/2to1/3_0" slope="0.00"/>
        <vehicle id="7" x="617.78" y="198.35" angle="90.00" type="DEFAULT_VEHTYPE" speed="11.69" pos="13.03" lane="3/1to4/1_0" slope="0.00"/>
        <vehicle id="9" x="398.35" y="227.71" angle="0.00" type="DEFAULT_VEHTYPE" speed="13.29" pos="167.54" lane="2/2to2/1_0" slope="0.00"/>
    </timestep>
    <timestep time="766.00">
        <vehicle id="12" x="398.35" y="726.18" angle="0.00" type="DEFAULT_VEHTYPE" speed="13.01" pos="73.82" lane="2/4to2/3_0" slope="0.00"/>
        <vehicle id="17" x="398.35" y="590.05" angle="0.00" type="DEFAULT_VEHTYPE" speed="12.93" pos="5.20" lane="2/3to2/2_0" slope="0.00"/>
        <vehicle id="2" x="398.35" y="476.22" angle="0.00" type="DEFAULT_VEHTYPE" speed="13.34" pos="119.03" lane="2/3to2/2_0" slope="0.00"/>
        <vehicle id="20" x="463.15" y="401.65" angle="-90.00" type="DEFAULT_VEHTYPE" speed="13.04" pos="132.10" lane="3/2to2/2_0" slope="0.00"/>
        <vehicle id="23" x="203.53" y="598.18" angle="155.65" type="DEFAULT_VEHTYPE" speed="12.82" pos="3.77" lane=":1/3_8_0" slope="0.00"/>
        <vehicle id="7" x="631.41" y="198.35" angle="90.00" type="DEFAULT_VEHTYPE" speed="13.63" pos="26.66" lane="3/1to4/1_0" slope="0.00"/>
        <vehicle id="9" x="398.35" y="214.35" angle="0.00" type="DEFAULT_VEHTYPE" speed="13.36" pos="180.90" lane="2/2to2/1_0" slope="0.00"/>
    </timestep>
    <timestep time="767.00">
        <vehicle id="12" x="398.35" y="712.35" angle="0.00" type="DEFAULT_VEHTYPE" speed="13.82" pos="87.65" lane="2/4to2/3_0" slope="0.00"/>
        <vehicle id="17" x="398.35" y="577.12" angle="0.00" type="DEFAULT_VEHTYPE" speed="12.92" pos="18.13" lane="2/3to2/2_0" slope="0.00"/>
        <vehicle id="2" x="398.35" y="463.05" angle="0.00" type="DEFAULT_VEHTYPE" speed="13.16" pos="132.20" lane="2/3to2/2_0" slope="0.00"/>
        <vehicle id="20" x="449.72" y="401.65" angle="-90.00" type="DEFAULT_VEHTYPE" speed="13.42" pos="145.53" lane="3/2to2/2_0" slope="0.00"/>
        <vehicle id="23" x="216.45" y="598.35" angle="90.00" type="DEFAULT_VEHTYPE" speed="12.93" pos="11.70" lane="1/3to2/3_0" slope="0.00"/>
        <vehicle id="7" x="645.11" y="198.35" angle="90.00" type="DEFAULT_VEHTYPE" speed="13.70" pos="40.36" lane="3/1to4/1_0" slope="0.00"/>
        <vehicle id="9" x="396.42" y="201.81" angle="-25.12" type="DEFAULT_VEHTYPE" speed="13.43" pos="3.82" lane=":2/1_0_0" slope="0.00"/>
    </timestep>
    <timestep time="768.00">
        <vehicle id="12" x="398.35" y="698.74" angle="0.00" type="DEFAULT_VEHTYPE" speed="13.62" pos="101.26" lane="2/4to2/3_0" slope="0.00"/>
        <vehicle id="17" x="398.35" y="563.57" angle="0.00" type="DEFAULT_VEHTYPE" speed="13.56" pos="31.68" lane="2/3to2/2_0" slope="0.00"/>
        <vehicle id="2" x="398.35" y="450.34" angle="0.00" type="DEFAULT_VEHTYPE" speed="12.71" pos="144.91" lane="2/3to2/2_0" slope="0.00"/>
        <vehicle id="20" x="435.95" y="401.65" angle="-90.00" type="DEFAULT_VEHTYPE" speed="13.77" pos="159.30" lane="3/2to2/2_0" slope="0.00"/>
        <vehicle id="23" x="230.14" y="598.35" angle="90.00" type="DEFAULT_VEHTYPE" speed="13.69" pos="25.39" lane="1/3to2/3_0" slope="0.00"/>
        <vehicle id="7" x="658.95" y="198.35" angle="90.00" type="DEFAULT_VEHTYPE" speed="13.84" pos="54.20" lane="3/1to4/1_0" slope="0.00"/>
        <vehicle id="9" x="383.54" y="201.65" angle="-90.00" type="DEFAULT_VEHTYPE" speed="12.89" pos="11.71" lane="2/1to1/1_0" slope="0.00"/>
    </timestep>
    <timestep time="769.00">
        <vehicle id="12" x="398.35" y="685.93" angle="0.00" type="DEFAULT_VEHTYPE" speed="12.81" pos="114.07" lane="2/4to2/3_0" slope="0.00"/>
        <vehicle id="17" x="398.35" y="550.11" angle="0.00" type="DEFAULT_VEHTYPE" speed="13.45" pos="45.14" lane="2/3to2/2_0" slope="0.00"/>
        <vehicle id="2" x="398.35" y="437.74" angle="0.00" type="DEFAULT_VEHTYPE" speed="12.60" pos="157.51" lane="2/3to2/2_0" slope="0.00"/>
        <vehicle id="20" x="424.50" y="401.65" angle="-90.00" type="DEFAULT_VEHTYPE" speed="11.45" pos="170.75" lane="3/2to2/2_0" slope="0.00"/>
        <vehicle id="23" x="243.20" y="598.35" angle="90.00" type="DEFAULT_VEHTYPE" speed="13.06" pos="38.45" lane="1/3to2/3_0" slope="0.00"/>
        <vehicle id="7" x="672.81" y="198.35" angle="90.00" type="DEFAULT_VEHTYPE" speed="13.85" pos="68.06" lane="3/1to4/1_0" slope="0.00"/>
        <vehicle id="9" x="370.58" y="201.65" angle="-90.00" type="DEFAULT_VEHTYPE" speed="12.96" pos="24.67" lane="2/1to1/1_0" slope="0.00"/>
    </timestep>
    <timestep time="770.00">
        <vehicle id="12" x="398.35" y="672.58" angle="0.00" type="DEFAULT_VEHTYPE" speed="13.34" pos="127.42" lane="2/4to2/3_0" slope="0.00"/>
        <vehicle id="17" x="398.35" y="536.27" angle="0.00" type="DEFAULT_VEHTYPE" speed="13.85" pos="58.98" lane="2/3to2/2_0" slope="0.00"/>
        <vehicle id="2" x="398.35" y="424.21" angle="0.00" type="DEFAULT_VEHTYPE" speed="13.52" pos="171.04" lane="2/3to2/2_0" slope="0.00"/>
        <vehicle id="20" x="416.26" y="401.65" angle="-90.00" type="DEFAULT_VEHTYPE" speed="8.24" pos="178.99" lane="3/2to2/2_0" slope="0.00"/>
        <vehicle id="23" x="256.30" y="598.35" angle="90.00" type="DEFAULT_VEHTYPE" speed="13.10" pos="51.55" lane="1/3to2/3_0" slope="0.00"/>
        <vehicle id="7" x="686.59" y="198.35" angle="90.00" type="DEFAULT_VEHTYPE" speed="13.78" pos="81.84" lane="3/1to4/1_0" slope="0.00"/>
        <vehicle id="9" x="356.89" y="201.65" angle="-90.00" type="DEFAULT_VEHTYPE" speed="13.69" pos="38.36" lane="2/1to1/1_0" slope="0.00"/>
    </timestep>
    <timestep time="771.00">
        <vehicle id="12" x="398.35" y="659.75" angle="0.00" type="DEFAULT_VEHTYPE" speed="12.84" pos="140.25" lane="2/4to2/3_0" slope="0.00"/>
        <vehicle id="17" x="398.35" y="522.67" angle="0.00" type="DEFAULT_VEHTYPE" speed="13.60" pos="72.58" lane="2/3to2/2_0" slope="0.00"/>
        <vehicle id="2" x="398.35" y="411.06" angle="0.00" type="DEFAULT_VEHTYPE" speed="13.15" pos="184.19" lane="2/3to2/2_0" slope="0.00"/>
        <vehicle id="20" x="410.81" y="401.65" angle="-90.00" type="DEFAULT_VEHTYPE" speed="5.45" pos="184.44" lane="3/2to2/2_0" slope="0.00"/>
        <vehicle id="23" x="269.49" y="598.35" angle="90.00" type="DEFAULT_VEHTYPE" speed="13.19" pos="64.74" lane="1/3to2/3_0" slope="0.00"/>
        <vehicle id="7" x="699.85" y="198.35" angle="90.00" type="DEFAULT_VEHTYPE" speed="13.26" pos="95.10" lane="3/1to4/1_0" slope="0.00"/>
        <vehicle id="9" x="343.69" y="201.65" angle="-90.00" type="DEFAULT_VEHTYPE" speed="13.20" pos="51.56" lane="2/1to1/1_0" slope="0.00"/>
    </timestep>
    <timestep time="772.00">
        <vehicle id="12" x="398.35" y="646.31" angle="0.00" type="DEFAULT_VEHTYPE" speed="13.43" pos="153.69" lane="2/4to2/3_0" slope="0.00"/>
        <vehicle id="17" x="398.35" y="509.35" angle="0.00" type="DEFAULT_VEHTYPE" speed="13.32" pos="85.90" lane="2/3to2/2_0" slope="0.00"/>
        <vehicle id="2" x="398.35" y="397.16" angle="0.00" type="DEFAULT_VEHTYPE" speed="13.90" pos="7.59" lane=":2/2_1_0" slope="0.00"/>
        <vehicle id="20" x="409.00" y="401.65" angle="-90.00" type="DEFAULT_VEHTYPE" speed="1.81" pos="186.25" lane="3/2to2/2_0" slope="0.00"/>
        <vehicle id="23" x="283.32" y="598.35" angle="90.00" type="DEFAULT_VEHTYPE" speed="13.83" pos="78.57" lane="1/3to2/3_0" slope="0.00"/>
        <vehicle id="7" x="713.74" y="198.35" angle="90.00" type="DEFAULT_VEHTYPE" speed="13.90" pos="108.99" lane="3/1to4/1_0" slope="0.00"/>
        <vehicle id="9" x="330.60" y="201.65" angle="-90.00" type="DEFAULT_VEHTYPE" speed="13.09" pos="64.65" lane="2/1to1/1_0" slope="0.00"/>
    </timestep>
    <timestep time="773.00">
        <vehicle id="12" x="398.35" y="633.43" angle="0.00" type="DEFAULT_VEHTYPE" speed="12.88" pos="166.57" lane="2/4to2/3_0" slope="0.00"/>
        <vehicle id="17" x="398.35" y="496.17" angle="0.00" type="DEFAULT_VEHTYPE" speed="13.17" pos="99.08" lane="2/3to2/2_0" slope="0.00"/>
        <vehicle id="2" x="398.35" y="384.23" angle="0.00" type="DEFAULT_VEHTYPE" speed="12.93" pos="11.02" lane="2/2to2/1_0" slope="0.00"/>
        <vehicle id="20" x="405.33" y="401.65" angle="-90.00" type="DEFAULT_VEHTYPE" speed="3.66" pos="189.92" lane="3/2to2/2_0" slope="0.00"/>
        <vehicle id="23" x="296.57" y="598.35" angle="90.00" type="DEFAULT_VEHTYPE" speed="13.25" pos="91.82" lane="1/3to2/3_0" slope="0.00"/>
        <vehicle id="7" x="726.89" y="198.35" angle="90.00" type="DEFAULT_VEHTYPE" speed="13.15" pos="122.14" lane="3/1to4/1_0" slope="0.00"/>
        <vehicle id="9" x="317.51" y="201.65" angle="-90.00" type="DEFAULT_VEHTYPE" speed="13.09" pos="77.74" lane="2/1to1/1_0" slope="0.00"/>
    </timestep>
    <timestep time="774.00">
        <vehicle id="12" x="398.35" y="619.93" angle="0.00" type="DEFAULT_VEHTYPE" speed="13.50" pos="180.07" lane="2/4to2/3_0" slope="0.00"/>
        <vehicle id="17" x="398.35" y="482.94" angle="0.00" type="DEFAULT_VEHTYPE" speed="13.23" pos="112.31" lane="2/3to2/2_0" slope="0.00"/>
        <vehicle id="2" x="398.35" y="371.35" angle="0.00" type="DEFAULT_VEHTYPE" speed="12.88" pos="23.90" lane="2/2to2/1_0" slope="0.00"/>
        <vehicle id="20" x="400.08" y="400.13" angle="-71.92" type="DEFAULT_VEHTYPE" speed="5.60" pos="5.01" lane=":2/2_6_0" slope="0.00"/>
        <vehicle id="23" x="309.67" y="598.35" angle="90.00" type="DEFAULT_VEHTYPE" speed="13.10" pos="104.92" lane="1/3to2/3_0" slope="0.00"/>
        <vehicle id="7" x="739.59" y="198.35" angle="90.00" type="DEFAULT_VEHTYPE" speed="12.71" pos="134.84" lane="3/1to4/1_0" slope="0.00"/>
        <vehicle id="9" x="304.25" y="201.65" angle="-90.00" type="DEFAULT_VEHTYPE" speed="13.26" pos="91.00" lane="2/1to1/1_0" slope="0.00"/>
    </timestep>
    <timestep time="775.00">
        <vehicle id="12" x="398.35" y="606.63" angle="0.00" type="DEFAULT_VEHTYPE" speed="13.29" pos="193.37" lane="2/4to2/3_0" slope="0.00"/>
        <vehicle id="17" x="398.35" y="469.80" angle="0.00" type="DEFAULT_VEHTYPE" speed="13.14" pos="125.45" lane="2/3to2/2_0" slope="0.00"/>
        <vehicle id="2" x="398.35" y="358.46" angle="0.00" type="DEFAULT_VEHTYPE" speed="12.89" pos="36.79" lane="2/2to2/1_0" slope="0.00"/>
        <vehicle id="20" x="398.35" y="392.69" angle="-3.97" type="DEFAULT_VEHTYPE" speed="7.87" pos="2.56" lane="2/2to2/1_0" slope="0.00"/>
        <vehicle id="23" x="322.38" y="598.35" angle="90.00" type="DEFAULT_VEHTYPE" speed="12.72" pos="117.63" lane="1/3to2/3_0" slope="0.00"/>
        <vehicle id="7" x="753.03" y="198.35" angle="90.00" type="DEFAULT_VEHTYPE" speed="13.44" pos="148.28" lane="3/1to4/1_0" slope="0.00"/>
        <vehicle id="9" x="291.01" y="201.65" angle="-90.00" type="DEFAULT_VEHTYPE" speed="13.24" pos="104.24" lane="2/1to1/1_0" slope="0.00"/>
    </timestep>
    <timestep time="776.00">
        <vehicle id="12" x="398.35" y="592.97" angle="0.00" type="DEFAULT_VEHTYPE" speed="13.67" pos="2.28" lane="2/3to2/2_0" slope="0.00"/>
        <vehicle id="17" x="398.35" y="455.93" angle="0.00" type="DEFAULT_VEHTYPE" speed="13.88" pos="139.32" lane="2/3to2/2_0" slope="0.00"/>
        <vehicle id="2" x="398.35" y="345.24" angle="0.00" type="DEFAULT_VEHTYPE" speed="13.22" pos="50.01" lane="2/2to2/1_0" slope="0.00"/>
        <vehicle id="20" x="398.35" y="382.70" angle="0.00" type="DEFAULT_VEHTYPE" speed="10.00" pos="12.55" lane="2/2to2/1_0" slope="0.00"/>
        <vehicle id="23" x="335.88" y="598.35" angle="90.00" type="DEFAULT_VEHTYPE" speed="13.50" pos="131.13" lane="1/3to2/3_0" slope="0.00"/>
        <vehicle id="7" x="766.14" y="198.35" angle="90.00" type="DEFAULT_VEHTYPE" speed="13.11" pos="161.39" lane="3/1to4/1_0" slope="0.00"/>
        <vehicle id="9" x="278.38" y="201.65" angle="-90.00" type="DEFAULT_VEHTYPE" speed="12.63" pos="116.87" lane="2/1to1/1_0" slope="0.00"/>
    </timestep>
    <timestep time="777.00">
        <vehicle id="12" x="398.35" y="580.06" angle="0.00" type="DEFAULT_VEHTYPE" speed="12.91" pos="15.19" lane="2/3to2/2_0" slope="0.00"/>
        <vehicle id="17" x="398.35" y="442.41" angle="0.00" type="DEFAULT_VEHTYPE" speed="13.52" pos="152.84" lane="2/3to2/2_0" slope="0.00"/>
        <vehicle id="2" x="398.35" y="331.58" angle="0.00" type="DEFAULT_VEHTYPE" speed="13.66" pos="63.67" lane="2/2to2/1_0" slope="0.00"/>
        <vehicle id="20" x="398.35" y="371.24" angle="0.00" type="DEFAULT_VEHTYPE" speed="11.45" pos="24.01" lane="2/2to2/1_0" slope="0.00"/>
        <vehicle id="23" x="349.09" y="598.35" angle="90.00" type="DEFAULT_VEHTYPE" speed="13.21" pos="144.34" lane="1/3to2/3_0" slope="0.00"/>
        <vehicle id="7" x="778.81" y="198.35" angle="90.00" type="DEFAULT_VEHTYPE" speed="12.67" pos="174.06" lane="3/1to4/1_0" slope="0.00"/>
        <vehicle id="9" x="265.23" y="201.65" angle="-90.00" type="DEFAULT_VEHTYPE" speed="13.15" pos="130.02" lane="2/1to1/1_0" slope="0.00"/>
    </timestep>
    <timestep time="778.00">
        <vehicle id="12" x="398.35" y="566.92" angle="0.00" type="DEFAULT_VEHTYPE" speed="13.14" pos="28.33" lane="2/3to2/2_0" slope="0.00"/>
        <vehicle id="17" x="398.35" y="429.79" angle="0.00" type="DEFAULT_VEHTYPE" speed="12.61" pos="165.46" lane="2/3to2/2_0" slope="0.00"/>
        <vehicle id="2" x="398.35" y="318.85" angle="0.00" type="DEFAULT_VEHTYPE" speed="12.72" pos="76.40" lane="2/2to2/1_0" slope="0.00"/>
        <vehicle id="20" x="398.35" y="358.40" angle="0.00" type="DEFAULT_VEHTYPE" speed="12.84" pos="36.85" lane="2/2to2/1_0" slope="0.00"/>
        <vehicle id="23" x="361.72" y="598.35" angle="90.00" type="DEFAULT_VEHTYPE" speed="12.63" pos="156.97" lane="1/3to2/3_0" slope="0.00"/>
        <vehicle id="7" x="792.20" y="198.35" angle="90.00" type="DEFAULT_VEHTYPE" speed="13.39" pos="187.45" lane="3/1to4/1_0" slope="0.00"/>
        <vehicle id="9" x="251.62" y="201.65" angle="-90.00" type="DEFAULT_VEHTYPE" speed="13.61" pos="143.63" lane="2/1to1/1_0" slope="0.00"/>
    </timestep>
    <timestep time="779.00">
        <vehicle id="12" x="398.35" y="554.19" angle="0.00" type="DEFAULT_VEHTYPE" speed="12.73" pos="41.06" lane="2/3to2/2_0" slope="0.00"/>
        <vehicle id="17" x="398.35" y="416.41" angle="0.00" type="DEFAULT_VEHTYPE" speed="13.38" pos="178.84" lane="2/3to2/2_0" slope="0.00"/>
        <vehicle id="2" x="398.35" y="305.42" angle="0.00" type="DEFAULT_VEHTYPE" speed="13.43" pos="89.83" lane="2/2to2/1_0" slope="0.00"/>
        <vehicle id="20" x="398.35" y="344.99" angle="0.00" type="DEFAULT_VEHTYPE" speed="13.41" pos="50.26" lane="2/2to2/1_0" slope="0.00"/>
        <vehicle id="23" x="373.86" y="598.35" angle="90.00" type="DEFAULT_VEHTYPE" speed="12.14" pos="169.11" lane="1/3to2/3_0" slope="0.00"/>
        <vehicle id="7" x="799.11" y="201.65" angle="-153.15" type="DEFAULT_VEHTYPE" speed="13.50" pos="0.89" lane="4/1to3/1_0" slope="0.00"/>
        <vehicle id="9" x="238.05" y="201.65" angle="-90.00" type="DEFAULT_VEHTYPE" speed="13.57" pos="157.20" lane="2/1to1/1_0" slope="0.00"/>
    </timestep>
    <timestep time="780.00">
        <vehicle id="12" x="398.35" y="541.11" angle="0.00" type="DEFAULT_VEHTYPE" speed="13.07" pos="54.14" lane="2/3to2/2_0" slope="0.00"/>
        <vehicle id="17" x="398.35" y="402.60" angle="0.00" type="DEFAULT_VEHTYPE" speed="13.81" pos="2.15" lane=":2/2_1_0" slope="0.00"/>
        <vehicle id="2" x="398.35" y="291.89" angle="0.00" type="DEFAULT_VEHTYPE" speed="13.53" pos="103.36" lane="2/2to2/1_0" slope="0.00"/>
        <vehicle id="20" x="398.35" y="331.69" angle="0.00" type="DEFAULT_VEHTYPE" speed="13.30" pos="63.56" lane="2/2to2/1_0" slope="0.00"/>
        <vehicle id="23" x="382.34" y="598.35" angle="90.00" type="DEFAULT_VEHTYPE" speed="8.48" pos="177.59" lane="1/3to2/3_0" slope="0.00"/>
        <vehicle id="7" x="785.60" y="201.65" angle="-90.00" type="DEFAULT_VEHTYPE" speed="13.51" pos="14.40" lane="4/1to3/1_0" slope="0.00"/>
        <vehicle id="9" x="225.76" y="201.65" angle="-90.00" type="DEFAULT_VEHTYPE" speed="12.29" pos="169.49" lane="2/1to1/1_0" slope="0.00"/>
    </timestep>
    <timestep time="781.00">
        <vehicle id="12" x="398.35" y="528.39" angle="0.00" type="DEFAULT_VEHTYPE" speed="12.72" pos="66.86" lane="2/3to2/2_0" slope="0.00"/>
        <vehicle id="17" x="398.35" y="389.57" angle="0.00" type="DEFAULT_VEHTYPE" speed="13.03" pos="5.68" lane="2/2to2/1_0" slope="0.00"/>
        <vehicle id="2" x="398.35" y="278.45" angle="0.00" type="DEFAULT_VEHTYPE" speed="13.44" pos="116.80" lane="2/2to2/1_0" slope="0.00"/>
        <vehicle id="20" x="398.35" y="318.57" angle="0.00" type="DEFAULT_VEHTYPE" speed="13.12" pos="76.68" lane="2/2to2/1_0" slope="0.00"/>
        <vehicle id="23" x="387.63" y="598.35" angle="90.00" type="DEFAULT_VEHTYPE" speed="5.29" pos="182.88" lane="1/3to2/3_0" slope="0.00"/>
        <vehicle id="7" x="772.19" y="201.65" angle="-90.00" type="DEFAULT_VEHTYPE" speed="13.41" pos="27.81" lane="4/1to3/1_0" slope="0.00"/>
        <vehicle id="9" x="217.51" y="201.65" angle="-90.00" type="DEFAULT_VEHTYPE" speed="8.25" pos="177.74" lane="2/1to1/1_0" slope="0.00"/>
    </timestep>
    <timestep time="782.00">
        <vehicle id="12" x="398.35" y="515.57" angle="0.00" type="DEFAULT_VEHTYPE" speed="12.83" pos="79.68" lane="2/3to2/2_0" slope="0.00"/>
        <vehicle id="17" x="398.35" y="376.30" angle="0.00" type="DEFAULT_VEHTYPE" speed="13.27" pos="18.95" lane="2/2to2/1_0" slope="0.00"/>
        <vehicle id="2" x="398.35" y="265.29" angle="0.00" type="DEFAULT_VEHTYPE" speed="13.16" pos="129.96" lane="2/2to2/1_0" slope="0.00"/>
        <vehicle id="20" x="398.35" y="305.81" angle="0.00" type="DEFAULT_VEHTYPE" speed="12.76" pos="89.44" lane="2/2to2/1_0" slope="0.00"/>
        <vehicle id="23" x="391.19" y="598.35" angle="90.00" type="DEFAULT_VEHTYPE" speed="3.56" pos="186.44" lane="1/3to2/3_0" slope="0.00"/>
        <vehicle id="7" x="759.19" y="201.65" angle="-90.00" type="DEFAULT_VEHTYPE" speed="13.01" pos="40.81" lane="4/1to3/1_0" slope="0.00"/>
        <vehicle id="9" x="211.56" y="201.65" angle="-90.00" type="DEFAULT_VEHTYPE" speed="5.94" pos="183.69" lane="2/1to1/1_0" slope="0.00"/>
    </timestep>
    <timestep time="783.00">
        <vehicle id="12" x="398.35" y="502.17" angle="0.00" type="DEFAULT_VEHTYPE" speed="13.39" pos="93.08" lane="2/3to2/2_0" slope="0.00"/>
        <vehicle id="17" x="398.35" y="363.23" angle="0.00" type="DEFAULT_VEHTYPE" speed="13.07" pos="32.02" lane="2/2to2/1_0" slope="0.00"/>
        <vehicle id="2" x="398.35" y="251.90" angle="0.00" type="DEFAULT_VEHTYPE" speed="13.39" pos="143.35" lane="2/2to2/1_0" slope="0.00"/>
        <vehicle id="20" x="398.35" y="293.01" angle="0.00" type="DEFAULT_VEHTYPE" speed="12.80" pos="102.24" lane="2/2to2/1_0" slope="0.00"/>
        <vehicle id="23" x="396.47" y="598.52" angle="91.99" type="DEFAULT_VEHTYPE" speed="5.29" pos="1.23" lane=":2/3_14_0" slope="0.00"/>
        <vehicle id="7" x="746.51" y="201.65" angle="-90.00" type="DEFAULT_VEHTYPE" speed="12.67" pos="53.49" lane="4/1to3/1_0" slope="0.00"/>
        <vehicle id="9" x="203.94" y="201.76" angle="-91.30" type="DEFAULT_VEHTYPE" speed="7.64" pos="0.82" lane=":1/1_4_0" slope="0.00"/>
    </timestep>
    <timestep time="784.00">
        <vehicle id="12" x="398.35" y="489.06" angle="0.00" type="DEFAULT_VEHTYPE" speed="13.11" pos="106.19" lane="2/3to2/2_0" slope="0.00"/>
        <vehicle id="17" x="398.35" y="349.71" angle="0.00" type="DEFAULT_VEHTYPE" speed="13.52" pos="45.54" lane="2/2to2/1_0" slope="0.00"/>
        <vehicle id="2" x="398.35" y="238.86" angle="0.00" type="DEFAULT_VEHTYPE" speed="13.05" pos="156.39" lane="2/2to2/1_0" slope="0.00"/>
        <vehicle id="20" x="398.35" y="279.65" angle="0.00" type="DEFAULT_VEHTYPE" speed="13.37" pos="115.60" lane="2/2to2/1_0" slope="0.00"/>
        <vehicle id="23" x="401.46" y="603.43" angle="149.36" type="DEFAULT_VEHTYPE" speed="7.76" pos="8.99" lane=":2/3_14_0" slope="0.00"/>
        <vehicle id="7" x="733.08" y="201.65" angle="-90.00" type="DEFAULT_VEHTYPE" speed="13.43" pos="66.92" lane="4/1to3/1_0" slope="0.00"/>
        <vehicle id="9" x="201.65" y="210.28" angle="180.00" type="DEFAULT_VEHTYPE" speed="9.71" pos="5.53" lane="1/1to1/2_0" slope="0.00"/>
    </timestep>
    <timestep time="785.00">
        <vehicle id="12" x="398.35" y="475.51" angle="0.00" type="DEFAULT_VEHTYPE" speed="13.55" pos="119.74" lane="2/3to2/2_0" slope="0.00"/>
        <vehicle id="17" x="398.35" y="336.48" angle="0.00" type="DEFAULT_VEHTYPE" speed="13.23" pos="58.77" lane="2/2to2/1_0" slope="0.00"/>
        <vehicle id="2" x="398.35" y="225.86" angle="0.00" type="DEFAULT_VEHTYPE" speed="13.00" pos="169.39" lane="2/2to2/1_0" slope="0.00"/>
        <vehicle id="20" x="398.35" y="266.32" angle="0.00" type="DEFAULT_VEHTYPE" speed="13.33" pos="128.93" lane="2/2to2/1_0" slope="0.00"/>
        <vehicle id="23" x="401.65" y="613.71" angle="180.00" type="DEFAULT_VEHTYPE" speed="10.30" pos="8.96" lane="2/3to2/4_0" slope="0.00"/>
        <vehicle id="7" x="719.99" y="201.65" angle="-90.00" type="DEFAULT_VEHTYPE" speed="13.10" pos="80.01" lane="4/1to3/1_0" slope="0.00"/>
        <vehicle id="9" x="201.65" y="222.12" angle="180.00" type="DEFAULT_VEHTYPE" speed="11.84" pos="17.37" lane="1/1to1/2_0" slope="0.00"/>
    </timestep>
    <timestep time="786.00">
        <vehicle id="12" x="398.35" y="461.96" angle="0.00" type="DEFAULT_VEHTYPE" speed="13.55" pos="133.29" lane="2/3to2/2_0" slope="0.00"/>
        <vehicle id="17" x="398.35" y="323.81" angle="0.00" type="DEFAULT_VEHTYPE" speed="12.67" pos="71.44" lane="2/2to2/1_0" slope="0.00"/>
        <vehicle id="2" x="398.35" y="213.15" angle="0.00" type="DEFAULT_VEHTYPE" speed="12.71" pos="182.10" lane="2/2to2/1_0" slope="0.00"/>
        <vehicle id="20" x="398.35" y="253.16" angle="0.00" type="DEFAULT_VEHTYPE" speed="13.16" pos="142.09" lane="2/2to2/1_0" slope="0.00"/>
        <vehicle id="23" x="401.65" y="626.58" angle="180.00" type="DEFAULT_VEHTYPE" speed="12.86" pos="21.83" lane="2/3to2/4_0" slope="0.00"/>
        <vehicle id="7" x="706.63" y="201.65" angle="-90.00" type="DEFAULT_VEHTYPE" speed="13.35" pos="93.37" lane="4/1to3/1_0" slope="0.00"/>
        <vehicle id="9" x="201.65" y="235.44" angle="180.00" type="DEFAULT_VEHTYPE" speed="13.32" pos="30.69" lane="1/1to1/2_0" slope="0.00"/>
    </timestep>
    <timestep time="787.00">
        <vehicle id="12" x="398.35" y="448.52" angle="0.00" type="DEFAULT_VEHTYPE" speed="13.44" pos="146.73" lane="2/3to2/2_0" slope="0.00"/>
        <vehicle id="17" x="398.35" y="310.73" angle="0.00" type="DEFAULT_VEHTYPE" speed="13.08" pos="84.52" lane="2/2to2/1_0" slope="0.00"/>
        <vehicle id="2" x="395.54" y="201.69" angle="-39.87" type="DEFAULT_VEHTYPE" speed="13.10" pos="4.70" lane=":2/1_0_0" slope="0.00"/>
        <vehicle id="20" x="398.35" y="240.10" angle="0.00" type="DEFAULT_VEHTYPE" speed="13.06" pos="155.15" lane="2/2to2/1_0" slope="0.00"/>
        <vehicle id="23" x="401.65" y="640.35" angle="180.00" type="DEFAULT_VEHTYPE" speed="13.77" pos="35.60" lane="2/3to2/4_0" slope="0.00"/>
        <vehicle id="7" x="693.64" y="201.65" angle="-90.00" type="DEFAULT_VEHTYPE" speed="13.00" pos="106.36" lane="4/1to3/1_0" slope="0.00"/>
        <vehicle id="9" x="201.65" y="248.07" angle="180.00" type="DEFAULT_VEHTYPE" speed="12.64" pos="43.32" lane="1/1to1/2_0" slope="0.00"/>
    </timestep>
    <timestep time="788.00">
        <vehicle id="12" x="398.35" y="435.86" angle="0.00" type="DEFAULT_VEHTYPE" speed="12.66" pos="159.39" lane="2/3to2/2_0" slope="0.00"/>
        <vehicle id="17" x="398.35" y="297.19" angle="0.00" type="DEFAULT_VEHTYPE" speed="13.54" pos="98.06" lane="2/2to2/1_0" slope="0.00"/>
        <vehicle id="2" x="381.72" y="201.65" angle="-90.00" type="DEFAULT_VEHTYPE" speed="13.82" pos="13.53" lane="2/1to1/1_0" slope="0.00"/>
        <vehicle id="20" x="398.35" y="227.23" angle="0.00" type="DEFAULT_VEHTYPE" speed="12.87" pos="168.02" lane="2/2to2/1_0" slope="0.00"/>
        <vehicle id="23" x="401.65" y="653.07" angle="180.00" type="DEFAULT_VEHTYPE" speed="12.72" pos="48.32" lane="2/3to2/4_0" slope="0.00"/>
        <vehicle id="7" x="680.06" y="201.65" angle="-90.00" type="DEFAULT_VEHTYPE" speed="13.58" pos="119.94" lane="4/1to3/1_0" slope="0.00"/>
        <vehicle id="9" x="201.65" y="261.17" angle="180.00" type="DEFAULT_VEHTYPE" speed="13.10" pos="56.42" lane="1/1to1/2_0" slope="0.00"/>
    </timestep>
    <timestep time="789.00">
        <vehicle id="12" x="398.35" y="423.22" angle="0.00" type="DEFAULT_VEHTYPE" speed="12.63" pos="172.03" lane="2/3to2/2_0" slope="0.00"/>
        <vehicle id="17" x="398.35" y="284.54" angle="0.00" type="DEFAULT_VEHTYPE" speed="12.65" pos="110.71" lane="2/2to2/1_0" slope="0.00"/>
        <vehicle id="2" x="369.04" y="201.65" angle="-90.00" type="DEFAULT_VEHTYPE" speed="12.68" pos="26.21" lane="2/1to1/1_0" slope="0.00"/>
        <vehicle id="20" x="398.35" y="213.46" angle="0.00" type="DEFAULT_VEHTYPE" speed="13.76" pos="181.79" lane="2/2to2/1_0" slope="0.00"/>
        <vehicle id="23" x="401.65" y="666.32" angle="180.00" type="DEFAULT_VEHTYPE" speed="13.25" pos="61.57" lane="2/3to2/4_0" slope="0.00"/>
        <vehicle id="7" x="666.17" y="201.65" angle="-90.00" type="DEFAULT_VEHTYPE" speed="13.89" pos="133.83" lane="4/1to3/1_0" slope="0.00"/>
        <vehicle id="9" x="201.65" y="274.35" angle="180.00" type="DEFAULT_VEHTYPE" speed="13.18" pos="69.60" lane="1/1to1/2_0" slope="0.00"/>
    </timestep>
    <timestep time="790.00">
        <vehicle id="12" x="398.35" y="409.87" angle="0.00" type="DEFAULT_VEHTYPE" speed="13.35" pos="185.38" lane="2/3to2/2_0" slope="0.00"/>
        <vehicle id="17" x="398.35" y="271.91" angle="0.00" type="DEFAULT_VEHTYPE" speed="12.64" pos="123.34" lane="2/2to2/1_0" slope="0.00"/>
        <vehicle id="2" x="356.40" y="201.65" angle="-90.00" type="DEFAULT_VEHTYPE" speed="12.64" pos="38.85" lane="2/1to1/1_0" slope="0.00"/>
        <vehicle id="20" x="398.35" y="200.08" angle="0.00" type="DEFAULT_VEHTYPE" speed="13.38" pos="4.67" lane=":2/1_1_0" slope="0.00"/>
        <vehicle id="23" x="401.65" y="679.74" angle="180.00" type="DEFAULT_VEHTYPE" speed="13.41" pos="74.99" lane="2/3to2/4_0" slope="0.00"/>
        <vehicle id="7" x="653.46" y="201.65" angle="-90.00" type="DEFAULT_VEHTYPE" speed="12.71" pos="146.54" lane="4/1to3/1_0" slope="0.00"/>
        <vehicle id="9" x="201.65" y="287.37" angle="180.00" type="DEFAULT_VEHTYPE" speed="13.01" pos="82.62" lane="1/1to1/2_0" slope="0.00"/>
    </timestep>
    <timestep time="791.00">
        <vehicle id="12" x="392.50" y="401.65" angle="-82.49" type="DEFAULT_VEHTYPE" speed="12.88" pos="2.75" lane="2/2to1/2_0" slope="0.00"/>
        <vehicle id="17" x="398.35" y="258.20" angle="0.00" type="DEFAULT_VEHTYPE" speed="13.70" pos="137.05" lane="2/2to2/1_0" slope="0.00"/>
        <vehicle id="2" x="343.71" y="201.65" angle="-90.00" type="DEFAULT_VEHTYPE" speed="12.69" pos="51.54" lane="2/1to1/1_0" slope="0.00"/>
        <vehicle id="20" x="398.35" y="187.35" angle="0.00" type="DEFAULT_VEHTYPE" speed="12.74" pos="7.90" lane="2/1to2/0_0" slope="0.00"/>
        <vehicle id="23" x="401.65" y="693.43" angle="180.00" type="DEFAULT_VEHTYPE" speed="13.70" pos="88.68" lane="2/3to2/4_0" slope="0.00"/>
        <vehicle id="7" x="640.85" y="201.65" angle="-90.00" type="DEFAULT_VEHTYPE" speed="12.61" pos="159.15" lane="4/1to3/1_0" slope="0.00"/>
        <vehicle id="9" x="201.65" y="300.63" angle="180.00" type="DEFAULT_VEHTYPE" speed="13.26" pos="95.88" lane="1/1to1/2_0" slope="0.00"/>
    </timestep>
    <timestep time="792.00">
        <vehicle id="12" x="379.17" y="401.65" angle="-90.00" type="DEFAULT_VEHTYPE" speed="13.32" pos="16.08" lane="2/2to1/2_0" slope="0.00"/>
        <vehicle id="17" x="398.35" y="244.54" angle="0.00" type="DEFAULT_VEHTYPE" speed="13.66" pos="150.71" lane="2/2to2/1_0" slope="0.00"/>
        <vehicle id="2" x="330.92" y="201.65" angle="-90.00" type="DEFAULT_VEHTYPE" speed="12.79" pos="64.33" lane="2/1to1/1_0" slope="0.00"/>
        <vehicle id="20" x="398.35" y="174.46" angle="0.00" type="DEFAULT_VEHTYPE" speed="12.89" pos="20.79" lane="2/1to2/0_0" slope="0.00"/>
        <vehicle id="23" x="401.65" y="706.31" angle="180.00" type="DEFAULT_VEHTYPE" speed="12.88" pos="101.56" lane="2/3to2/4_0" slope="0.00"/>
        <vehicle id="7" x="628.32" y="201.65" angle="-90.00" type="DEFAULT_VEHTYPE" speed="12.53" pos="171.68" lane="4/1to3/1_0" slope="0.00"/>
        <vehicle id="9" x="201.65" y="314.06" angle="180.00" type="DEFAULT_VEHTYPE" speed="13.43" pos="109.31" lane="1/1to1/2_0" slope="0.00"/>
    </timestep>
    <timestep time="793.00">
        <vehicle id="12" x="365.94" y="401.65" angle="-90.00" type="DEFAULT_VEHTYPE" speed="13.23" pos="29.31" lane="2/2to1/2_0" slope="0.00"/>
        <vehicle id="17" x="398.35" y="231.76" angle="0.00" type="DEFAULT_VEHTYPE" speed="12.78" pos="163.49" lane="2/2to2/1_0" slope="0.00"/>
        <vehicle id="2" x="317.35" y="201.65" angle="-90.00" type="DEFAULT_VEHTYPE" speed="13.57" pos="77.90" lane="2/1to1/1_0" slope="0.00"/>
        <vehicle id="20" x="398.35" y="161.79" angle="0.00" type="DEFAULT_VEHTYPE" speed="12.67" pos="33.46" lane="2/1to2/0_0" slope="0.00"/>
        <vehicle id="23" x="401.65" y="719.12" angle="180.00" type="DEFAULT_VEHTYPE" speed="12.80" pos="114.37" lane="2/3to2/4_0" slope="0.00"/>
        <vehicle id="7" x="618.65" y="201.65" angle="-90.00" type="DEFAULT_VEHTYPE" speed="9.67" pos="181.35" lane="4/1to3/1_0" slope="0.00"/>
        <vehicle id="9" x="201.65" y="327.03" angle="180.00" type="DEFAULT_VEHTYPE" speed="12.97" pos="122.28" lane="1/1to1/2_0" slope="0.00"/>
    </timestep>
    <timestep time="794.00">
        <vehicle id="12" x="352.33" y="401.65" angle="-90.00" type="DEFAULT_VEHTYPE" speed="13.62" pos="42.92" lane="2/2to1/2_0" slope="0.00"/>
        <vehicle id="17" x="398.35" y="217.95" angle="0.00" type="DEFAULT_VEHTYPE" speed="13.81" pos="177.30" lane="2/2to2/1_0" slope="0.00"/>
        <vehicle id="2" x="304.53" y="201.65" angle="-90.00" type="DEFAULT_VEHTYPE" speed="12.82" pos="90.72" lane="2/1to1/1_0" slope="0.00"/>
        <vehicle id="20" x="398.35" y="147.94" angle="0.00" type="DEFAULT_VEHTYPE" speed="13.85" pos="47.31" lane="2/1to2/0_0" slope="0.00"/>
        <vehicle id="23" x="401.65" y="732.43" angle="180.00" type="DEFAULT_VEHTYPE" speed="13.32" pos="127.68" lane="2/3to2/4_0" slope="0.00"/>
        <vehicle id="7" x="612.86" y="201.65" angle="-90.00" type="DEFAULT_VEHTYPE" speed="5.79" pos="187.14" lane="4/1to3/1_0" slope="0.00"/>
        <vehicle id="9" x="201.65" y="340.54" angle="180.00" type="DEFAULT_VEHTYPE" speed="13.51" pos="135.79" lane="1/1to1/2_0" slope="0.00"/>
    </timestep>
    <timestep time="795.00">
        <vehicle id="12" x="338.50" y="401.65" angle="-90.00" type="DEFAULT_VEHTYPE" speed="13.82" pos="56.75" lane="2/2to1/2_0" slope="0.00"/>
        <vehicle id="17" x="398.27" y="204.19" angle="-0.89" type="DEFAULT_VEHTYPE" speed="13.76" pos="0.56" lane=":2/1_0_0" slope="0.00"/>
        <vehicle id="2" x="291.37" y="201.65" angle="-90.00" type="DEFAULT_VEHTYPE" speed="13.16" pos="103.88" lane="2/1to1/1_0" slope="0.00"/>
        <vehicle id="20" x="398.35" y="135.28" angle="0.00" type="DEFAULT_VEHTYPE" speed="12.66" pos="59.97" lane="2/1to2/0_0" slope="0.00"/>
        <vehicle id="23" x="401.65" y="745.36" angle="180.00" type="DEFAULT_VEHTYPE" speed="12.93" pos="140.61" lane="2/3to2/4_0" slope="0.00"/>
        <vehicle id="7" x="610.15" y="201.65" angle="-90.00" type="DEFAULT_VEHTYPE" speed="2.71" pos="189.85" lane="4/1to3/1_0" slope="0.00"/>
        <vehicle id="9" x="201.65" y="353.27" angle="180.00" type="DEFAULT_VEHTYPE" speed="12.74" pos="148.52" lane="1/1to1/2_0" slope="0.00"/>
    </timestep>
    <timestep time="796.00">
        <vehicle id="12" x="325.20" y="401.65" angle="-90.00" type="DEFAULT_VEHTYPE" speed="13.30" pos="70.05" lane="2/2to1/2_0" slope="0.00"/>
        <vehicle id="17" x="386.75" y="201.65" angle="-90.00" type="DEFAULT_VEHTYPE" speed="12.94" pos="8.50" lane="2/1to1/1_0" slope="0.00"/>
        <vehicle id="2" x="278.59" y="201.65" angle="-90.00" type="DEFAULT_VEHTYPE" speed="12.77" pos="116.66" lane="2/1to1/1_0" slope="0.00"/>
        <vehicle id="20" x="398.35" y="121.54" angle="0.00" type="DEFAULT_VEHTYPE" speed="13.74" pos="73.71" lane="2/1to2/0_0" slope="0.00"/>
        <vehicle id="23" x="401.65" y="758.68" angle="180.00" type="DEFAULT_VEHTYPE" speed="13.32" pos="153.93" lane="2/3to2/4_0" slope="0.00"/>
        <vehicle id="7" x="605.68" y="201.65" angle="-90.00" type="DEFAULT_VEHTYPE" speed="4.47" pos="194.32" lane="4/1to3/1_0" slope="0.00"/>
        <vehicle id="9" x="201.65" y="366.53" angle="180.00" type="DEFAULT_VEHTYPE" speed="13.26" pos="161.78" lane="1/1to1/2_0" slope="0.00"/>
    </timestep>
    <timestep time="797.00">
        <vehicle id="12" x="311.90" y="401.65" angle="-90.00" type="DEFAULT_VEHTYPE" speed="13.30" pos="83.35" lane="2/2to1/2_0" slope="0.00"/>
        <vehicle id="17" x="373.92" y="201.65" angle="-90.00" type="DEFAULT_VEHTYPE" speed="12.83" pos="21.33" lane="2/1to1/1_0" slope="0.00"/>
        <vehicle id="2" x="265.50" y="201.65" angle="-90.00" type="DEFAULT_VEHTYPE" speed="13.09" pos="129.75" lane="2/1to1/1_0" slope="0.00"/>
        <vehicle id="20" x="398.35" y="108.07" angle="0.00" type="DEFAULT_VEHTYPE" speed="13.47" pos="87.18" lane="2/1to2/0_0" slope="0.00"/>
        <vehicle id="23" x="401.65" y="771.68" angle="180.00" type="DEFAULT_VEHTYPE" speed="13.00" pos="166.93" lane="2/3to2/4_0" slope="0.00"/>
        <vehicle id="7" x="601.65" y="205.48" angle="-147.54" type="DEFAULT_VEHTYPE" speed="6.67" pos="0.73" lane="3/1to3/2_0" slope="0.00"/>
        <vehicle id="9" x="201.65" y="380.23" angle="180.00" type="DEFAULT_VEHTYPE" speed="13.70" pos="175.48" lane="1/1to1/2_0" slope="0.00"/>
    </timestep>
    <timestep time="798.00">
        <vehicle id="12" x="298.39" y="401.65" angle="-90.00" type="DEFAULT_VEHTYPE" speed="13.50" pos="96.86" lane="2/2to1/2_0" slope="0.00"/>
        <vehicle id="17" x="360.73" y="201.65" angle="-90.00" type="DEFAULT_VEHTYPE" speed="13.20" pos="34.52" lane="2/1to1/1_0" slope="0.00"/>
        <vehicle id="2" x="251.72" y="201.65" angle="-90.00" type="DEFAULT_VEHTYPE" speed="13.78" pos="143.53" lane="2/1to1/1_0" slope="0.00"/>
        <vehicle id="20" x="398.35" y="94.86" angle="0.00" type="DEFAULT_VEHTYPE" speed="13.21" pos="100.39" lane="2/1to2/0_0" slope="0.00"/>
        <vehicle id="23" x="401.65" y="784.34" angle="180.00" type="DEFAULT_VEHTYPE" speed="12.66" pos="179.59" lane="2/3to2/4_0" slope="0.00"/>
        <vehicle id="7" x="601.65" y="213.85" angle="180.00" type="DEFAULT_VEHTYPE" speed="8.37" pos="9.10" lane="3/1to3/2_0" slope="0.00"/>
        <vehicle id="9" x="201.65" y="393.72" angle="180.00" type="DEFAULT_VEHTYPE" speed="13.48" pos="188.97" lane="1/1to1/2_0" slope="0.00"/>
    </timestep>
    <timestep time="799.00">
        <vehicle id="12" x="285.08" y="401.65" angle="-90.00" type="DEFAULT_VEHTYPE" speed="13.32" pos="110.17" lane="2/2to1/2_0" slope="0.00"/>
        <vehicle id="17" x="348.12" y="201.65" angle="-90.00" type="DEFAULT_VEHTYPE" speed="12.60" pos="47.13" lane="2/1to1/1_0" slope="0.00"/>
        <vehicle id="2" x="238.25" y="201.65" angle="-90.00" type="DEFAULT_VEHTYPE" speed="13.48" pos="157.00" lane="2/1to1/1_0" slope="0.00"/>
        <vehicle id="20" x="398.35" y="81.74" angle="0.00" type="DEFAULT_VEHTYPE" speed="13.12" pos="113.51" lane="2/1to2/0_0" slope="0.00"/>
        <vehicle id="23" x="401.65" y="798.24" angle="180.00" type="DEFAULT_VEHTYPE" speed="13.89" pos="193.49" lane="2/3to2/4_0" slope="0.00"/>
        <vehicle id="7" x="601.65" y="223.60" angle="180.00" type="DEFAULT_VEHTYPE" speed="9.75" pos="18.85" lane="3/1to3/2_0" slope="0.00"/>
        <vehicle id="9" x="201.65" y="406.59" angle="180.00" type="DEFAULT_VEHTYPE" speed="12.87" pos="1.84" lane="1/2to1/3_0" slope="0.00"/>
    </timestep>
</fcd-export>
